2026-04-21 18:14:58,833 - DEBUG - No workflow config provided - using default initialization
2026-04-21 18:14:58,833 - INFO - GUI disabled - skipping status review, proceeding directly to hardware initialization
2026-04-21 18:14:59,259 - INFO - Initializing North Robot...
2026-04-21 18:14:59,260 - DEBUG - Loading robot configuration files...
2026-04-21 18:14:59,276 - DEBUG - Loaded vial positions configuration from robot_state/vial_positions.yaml
2026-04-21 18:14:59,278 - DEBUG - Loaded pipet tips configuration from robot_state/pipet_tips.yaml
2026-04-21 18:14:59,283 - DEBUG - Loaded pipet racks configuration from robot_state/pipet_racks.yaml
2026-04-21 18:14:59,285 - DEBUG - Loaded pump configuration from robot_state/syringe_pumps.yaml
2026-04-21 18:14:59,290 - DEBUG - Loaded robot hardware configuration from robot_state/robot_hardware.yaml
2026-04-21 18:14:59,293 - DEBUG - Loaded wellplate properties configuration from robot_state/wellplates.yaml
2026-04-21 18:14:59,294 - DEBUG - Loading robot state files...
2026-04-21 18:14:59,305 - DEBUG - Loaded vial data from status/calibration_vials_short.csv
2026-04-21 18:14:59,312 - DEBUG - Loaded robot status from robot_state/robot_status.yaml
2026-04-21 18:14:59,315 - DEBUG - Loaded wellplate positions from robot_state/wellplates.yaml
2026-04-21 18:14:59,315 - DEBUG - Robot status loaded successfully
2026-04-21 18:14:59,316 - INFO - Physical initialization of North Robot...
2026-04-21 18:15:02,787 - DEBUG - Loading pumps from YAML configuration...
2026-04-21 18:15:02,883 - DEBUG - Loaded pump 0: volume=1.0mL, speed=11, liquid=None
2026-04-21 18:15:02,992 - DEBUG - Loaded pump 1: volume=2.5mL, speed=15, liquid=water
2026-04-21 18:15:02,992 - INFO - Moving robot to home position
2026-04-21 18:15:04,842 - DEBUG - Initializing centrifuge controller...
2026-04-21 18:15:04,842 - INFO - Initializing North Track...
2026-04-21 18:15:04,842 - DEBUG - Loading track status from file: robot_state/track_status.yaml
2026-04-21 18:15:04,842 - DEBUG - Getting track status from file: robot_state/track_status.yaml
2026-04-21 18:15:04,844 - DEBUG - Loaded track status from robot_state/track_status.yaml
2026-04-21 18:15:04,844 - DEBUG - Loading track positions from: robot_state/track_positions.yaml
2026-04-21 18:15:04,852 - DEBUG - Loaded track positions configuration from robot_state/track_positions.yaml
2026-04-21 18:15:04,852 - DEBUG - Loading robot hardware configuration from: robot_state/robot_hardware.yaml
2026-04-21 18:15:04,855 - DEBUG - Loaded robot hardware configuration from robot_state/robot_hardware.yaml
2026-04-21 18:15:04,858 - DEBUG - Loaded wellplate properties configuration from robot_state/wellplates.yaml
2026-04-21 18:15:04,928 - DEBUG - Moving North Track to home position
2026-04-21 18:15:04,928 - DEBUG - Detected origin position (0,0) - setting location to 'origin'
2026-04-21 18:15:04,929 - DEBUG - Updated gripper location to: origin at position {'x': 0, 'z': 0}
2026-04-21 18:15:04,932 - INFO - Vial PVA_DMSO already at clamp index 0, no move needed
2026-04-21 18:15:14,388 - INFO - Vial PVA_DMSO already at clamp index 0, no move needed
2026-04-21 18:15:14,538 - DEBUG - Applied dict param aspirate_speed=22
2026-04-21 18:15:14,538 - DEBUG - Applied dict param dispense_speed=9
2026-04-21 18:15:14,538 - DEBUG - Applied dict param aspirate_wait_time=1.6
2026-04-21 18:15:14,538 - DEBUG - Applied dict param dispense_wait_time=3.6
2026-04-21 18:15:14,538 - DEBUG - Applied dict param pre_asp_air_vol=0.0
2026-04-21 18:15:14,538 - DEBUG - Applied dict param retract_speed=5.0
2026-04-21 18:15:14,538 - DEBUG - Applied dict param blowout_vol=0.179
2026-04-21 18:15:14,539 - DEBUG - Applied dict param post_asp_air_vol=0.0
2026-04-21 18:15:14,539 - DEBUG - Applied dict param post_retract_wait_time=0.0
2026-04-21 18:15:14,539 - DEBUG - Applied dict param overaspirate_vol=0.0046
2026-04-21 18:15:14,539 - DEBUG - Applied dict param asp_disp_cycles=0
2026-04-21 18:15:14,540 - DEBUG - Selected small_tip for volume 0.050 mL
2026-04-21 18:15:14,541 - INFO - Getting small_tip (pipet number 27) from rack: small_tip_rack_2
2026-04-21 18:15:18,210 - INFO - Pipetting from vial PVA_DMSO, amount: 0.050 mL
2026-04-21 18:15:18,211 - INFO - Additional volume from calibration, amount: 0.005 mL
2026-04-21 18:15:18,212 - DEBUG - Adjusting pump 0 speed to 10
2026-04-21 18:15:20,223 - DEBUG - Adjusting pump 0 speed to 22
2026-04-21 18:15:21,258 - DEBUG - Aspirating 0.055 mL then waiting 1.6 s
2026-04-21 18:15:26,189 - DEBUG - Applied dict param aspirate_speed=22
2026-04-21 18:15:26,189 - DEBUG - Applied dict param dispense_speed=9
2026-04-21 18:15:26,189 - DEBUG - Applied dict param aspirate_wait_time=1.6
2026-04-21 18:15:26,189 - DEBUG - Applied dict param dispense_wait_time=3.6
2026-04-21 18:15:26,189 - DEBUG - Applied dict param pre_asp_air_vol=0.0
2026-04-21 18:15:26,189 - DEBUG - Applied dict param retract_speed=5.0
2026-04-21 18:15:26,189 - DEBUG - Applied dict param blowout_vol=0.179
2026-04-21 18:15:26,190 - DEBUG - Applied dict param post_asp_air_vol=0.0
2026-04-21 18:15:26,190 - DEBUG - Applied dict param post_retract_wait_time=0.0
2026-04-21 18:15:26,190 - DEBUG - Applied dict param overaspirate_vol=0.0046
2026-04-21 18:15:26,190 - DEBUG - Applied dict param asp_disp_cycles=0
2026-04-21 18:15:26,192 - INFO - Pipetting into vial PVA_DMSO, amount: 0.050 mL
2026-04-21 18:15:26,192 - DEBUG - Adjusting pump 0 speed to 9
2026-04-21 18:15:28,063 - INFO - Short wait time (1.0s), allowing scale to settle after robot positioning...
2026-04-21 18:15:29,073 - INFO - Started continuous mass monitoring with pre-dispense baseline
2026-04-21 18:15:29,338 - DEBUG - Mass: -0.0469g at 0.000s (baseline_pre) steady=False
2026-04-21 18:15:29,740 - DEBUG - Mass: -0.0468g at 0.470s (baseline_pre) steady=True
2026-04-21 18:15:30,140 - DEBUG - Mass: -0.0468g at 0.879s (baseline_pre) steady=True
2026-04-21 18:15:30,540 - DEBUG - Mass: -0.0468g at 1.271s (baseline_pre) steady=True
2026-04-21 18:15:30,940 - DEBUG - Mass: -0.0468g at 1.679s (baseline_pre) steady=True
2026-04-21 18:15:31,083 - DEBUG - Dispensing 0.055 mL then waiting 3.6 s
2026-04-21 18:15:31,340 - DEBUG - Mass: -0.0468g at 2.072s (dispensing) steady=True
2026-04-21 18:15:31,489 - DEBUG - Blowing out 0.179 mL
2026-04-21 18:15:31,489 - DEBUG - Adjusting pump 0 speed to 5
2026-04-21 18:15:31,738 - DEBUG - Mass: -0.0115g at 2.479s (dispensing) steady=False
2026-04-21 18:15:32,138 - DEBUG - Mass: 0.0144g at 2.874s (dispensing) steady=False
2026-04-21 18:15:32,538 - DEBUG - Mass: 0.0091g at 3.280s (dispensing) steady=False
2026-04-21 18:15:32,938 - DEBUG - Mass: 0.0090g at 3.671s (dispensing) steady=False
2026-04-21 18:15:33,010 - DEBUG - Adjusting pump 0 speed to 9
2026-04-21 18:15:33,338 - DEBUG - Mass: 0.0068g at 4.080s (dispensing) steady=False
2026-04-21 18:15:33,737 - DEBUG - Mass: 0.0118g at 4.472s (dispensing) steady=False
2026-04-21 18:15:34,138 - DEBUG - Mass: 0.0139g at 4.878s (dispensing) steady=False
2026-04-21 18:15:34,537 - DEBUG - Mass: 0.0098g at 5.270s (dispensing) steady=False
2026-04-21 18:15:34,937 - DEBUG - Mass: 0.0082g at 5.678s (dispensing) steady=False
2026-04-21 18:15:35,338 - DEBUG - Mass: 0.0077g at 6.070s (dispensing) steady=False
2026-04-21 18:15:35,738 - DEBUG - Mass: 0.0078g at 6.477s (dispensing) steady=False
2026-04-21 18:15:36,139 - DEBUG - Mass: 0.0080g at 6.869s (dispensing) steady=True
2026-04-21 18:15:36,539 - DEBUG - Mass: 0.0080g at 7.278s (dispensing) steady=True
2026-04-21 18:15:36,939 - DEBUG - Mass: 0.0080g at 7.669s (dispensing) steady=True
2026-04-21 18:15:37,340 - DEBUG - Mass: 0.0080g at 8.079s (dispensing) steady=True
2026-04-21 18:15:37,738 - DEBUG - Mass: 0.0080g at 8.470s (dispensing) steady=True
2026-04-21 18:15:37,889 - INFO - Dispensing took 6.807s, collecting post-dispense baseline
2026-04-21 18:15:38,139 - DEBUG - Mass: 0.0080g at 8.878s (baseline_post) steady=True
2026-04-21 18:15:38,539 - DEBUG - Mass: 0.0080g at 9.271s (baseline_post) steady=True
2026-04-21 18:15:38,939 - DEBUG - Mass: 0.0080g at 9.679s (baseline_post) steady=True
2026-04-21 18:15:39,339 - DEBUG - Mass: 0.0080g at 10.072s (baseline_post) steady=True
2026-04-21 18:15:39,739 - DEBUG - Mass: 0.0080g at 10.481s (baseline_post) steady=True
2026-04-21 18:15:39,948 - INFO - Stopped continuous mass monitoring. Collected 27 data points
2026-04-21 18:15:39,952 - INFO - Pre-baseline: 4 stable readings, avg=-0.046800g
2026-04-21 18:15:39,952 - INFO - Post-baseline: 5 stable readings, avg=0.008000g
2026-04-21 18:15:39,952 - INFO - INDEPENDENT BASELINE calculation:
2026-04-21 18:15:39,952 - INFO - Pre: STABLE, Post: STABLE, Mass difference: 0.054800g
2026-04-21 18:15:39,954 - INFO - Reading summary: 5 pre-readings (4 stable), 5 post-readings (5 stable)
2026-04-21 18:15:39,954 - INFO - Baseline variability: pre_std=0.000045g, post_std=0.000000g
2026-04-21 18:15:39,954 - INFO - Target: 0.050 mL = ~0.050000 g for water
2026-04-21 18:15:39,956 - INFO - Saved 27 mass measurements to output\mass_measurements\experiment_log2026-04-21_18-14-58\mass_data_PVA_DMSO_20260421_181539.csv
2026-04-21 18:15:40,679 - INFO - Saved dispense mass vs time plot to output\mass_measurements\experiment_log2026-04-21_18-14-58\mass_plot_PVA_DMSO_20260421_181539.png
2026-04-21 18:15:40,679 - INFO - Removing pipet
2026-04-21 18:15:44,019 - INFO - Vial PVA_DMSO already at clamp index 0, no move needed
2026-04-21 18:15:45,938 - DEBUG - Applied dict param aspirate_speed=22
2026-04-21 18:15:45,938 - DEBUG - Applied dict param dispense_speed=9
2026-04-21 18:15:45,938 - DEBUG - Applied dict param aspirate_wait_time=1.6
2026-04-21 18:15:45,939 - DEBUG - Applied dict param dispense_wait_time=3.6
2026-04-21 18:15:45,939 - DEBUG - Applied dict param pre_asp_air_vol=0.0
2026-04-21 18:15:45,939 - DEBUG - Applied dict param retract_speed=5.0
2026-04-21 18:15:45,939 - DEBUG - Applied dict param blowout_vol=0.179
2026-04-21 18:15:45,939 - DEBUG - Applied dict param post_asp_air_vol=0.0
2026-04-21 18:15:45,939 - DEBUG - Applied dict param post_retract_wait_time=0.0
2026-04-21 18:15:45,939 - DEBUG - Applied dict param overaspirate_vol=0.0046
2026-04-21 18:15:45,939 - DEBUG - Applied dict param asp_disp_cycles=0
2026-04-21 18:15:45,940 - DEBUG - Selected small_tip for volume 0.050 mL
2026-04-21 18:15:45,941 - INFO - Getting small_tip (pipet number 28) from rack: small_tip_rack_2
2026-04-21 18:15:48,583 - INFO - Pipetting from vial PVA_DMSO, amount: 0.050 mL
2026-04-21 18:15:48,583 - INFO - Additional volume from calibration, amount: 0.005 mL
2026-04-21 18:15:48,584 - DEBUG - Adjusting pump 0 speed to 10
2026-04-21 18:15:50,637 - DEBUG - Adjusting pump 0 speed to 22
2026-04-21 18:15:51,677 - DEBUG - Aspirating 0.055 mL then waiting 1.6 s
2026-04-21 18:15:56,641 - DEBUG - Applied dict param aspirate_speed=22
2026-04-21 18:15:56,641 - DEBUG - Applied dict param dispense_speed=9
2026-04-21 18:15:56,641 - DEBUG - Applied dict param aspirate_wait_time=1.6
2026-04-21 18:15:56,641 - DEBUG - Applied dict param dispense_wait_time=3.6
2026-04-21 18:15:56,641 - DEBUG - Applied dict param pre_asp_air_vol=0.0
2026-04-21 18:15:56,641 - DEBUG - Applied dict param retract_speed=5.0
2026-04-21 18:15:56,641 - DEBUG - Applied dict param blowout_vol=0.179
2026-04-21 18:15:56,641 - DEBUG - Applied dict param post_asp_air_vol=0.0
2026-04-21 18:15:56,641 - DEBUG - Applied dict param post_retract_wait_time=0.0
2026-04-21 18:15:56,641 - DEBUG - Applied dict param overaspirate_vol=0.0046
2026-04-21 18:15:56,641 - DEBUG - Applied dict param asp_disp_cycles=0
2026-04-21 18:15:56,643 - INFO - Pipetting into vial PVA_DMSO, amount: 0.050 mL
2026-04-21 18:15:56,644 - DEBUG - Adjusting pump 0 speed to 9
2026-04-21 18:15:58,496 - INFO - Short wait time (1.0s), allowing scale to settle after robot positioning...
2026-04-21 18:15:59,503 - INFO - Started continuous mass monitoring with pre-dispense baseline
2026-04-21 18:15:59,738 - DEBUG - Mass: -0.0416g at 0.000s (baseline_pre) steady=False
2026-04-21 18:16:00,140 - DEBUG - Mass: -0.0418g at 0.439s (baseline_pre) steady=True
2026-04-21 18:16:00,540 - DEBUG - Mass: -0.0418g at 0.848s (baseline_pre) steady=True
2026-04-21 18:16:00,940 - DEBUG - Mass: -0.0418g at 1.240s (baseline_pre) steady=True
2026-04-21 18:16:01,340 - DEBUG - Mass: -0.0418g at 1.649s (baseline_pre) steady=True
2026-04-21 18:16:01,511 - DEBUG - Dispensing 0.055 mL then waiting 3.6 s
2026-04-21 18:16:01,740 - DEBUG - Mass: -0.0418g at 2.040s (dispensing) steady=True
2026-04-21 18:16:01,873 - DEBUG - Blowing out 0.179 mL
2026-04-21 18:16:01,873 - DEBUG - Adjusting pump 0 speed to 5
2026-04-21 18:16:02,138 - DEBUG - Mass: -0.0087g at 2.449s (dispensing) steady=False
2026-04-21 18:16:02,538 - DEBUG - Mass: 0.0183g at 2.840s (dispensing) steady=False
2026-04-21 18:16:02,938 - DEBUG - Mass: 0.0133g at 3.246s (dispensing) steady=False
2026-04-21 18:16:03,207 - DEBUG - Adjusting pump 0 speed to 9
2026-04-21 18:16:03,338 - DEBUG - Mass: 0.0128g at 3.642s (dispensing) steady=False
2026-04-21 18:16:03,738 - DEBUG - Mass: 0.0158g at 4.040s (dispensing) steady=False
2026-04-21 18:16:04,137 - DEBUG - Mass: 0.0146g at 4.448s (dispensing) steady=False
2026-04-21 18:16:04,538 - DEBUG - Mass: 0.0186g at 4.839s (dispensing) steady=False
2026-04-21 18:16:04,938 - DEBUG - Mass: 0.0144g at 5.246s (dispensing) steady=False
2026-04-21 18:16:05,338 - DEBUG - Mass: 0.0134g at 5.636s (dispensing) steady=False
2026-04-21 18:16:05,737 - DEBUG - Mass: 0.0133g at 6.046s (dispensing) steady=False
2026-04-21 18:16:06,138 - DEBUG - Mass: 0.0128g at 6.440s (dispensing) steady=False
2026-04-21 18:16:06,540 - DEBUG - Mass: 0.0131g at 6.845s (dispensing) steady=True
2026-04-21 18:16:06,939 - DEBUG - Mass: 0.0131g at 7.251s (dispensing) steady=True
2026-04-21 18:16:07,338 - DEBUG - Mass: 0.0131g at 7.647s (dispensing) steady=True
2026-04-21 18:16:07,739 - DEBUG - Mass: 0.0131g at 8.038s (dispensing) steady=True
2026-04-21 18:16:08,140 - DEBUG - Mass: 0.0131g at 8.446s (dispensing) steady=True
2026-04-21 18:16:08,221 - INFO - Dispensing took 6.710s, collecting post-dispense baseline
2026-04-21 18:16:08,538 - DEBUG - Mass: 0.0131g at 8.846s (baseline_post) steady=True
2026-04-21 18:16:08,940 - DEBUG - Mass: 0.0131g at 9.238s (baseline_post) steady=True
2026-04-21 18:16:09,340 - DEBUG - Mass: 0.0131g at 9.647s (baseline_post) steady=True
2026-04-21 18:16:09,739 - DEBUG - Mass: 0.0131g at 10.038s (baseline_post) steady=True
2026-04-21 18:16:10,140 - DEBUG - Mass: 0.0131g at 10.447s (baseline_post) steady=True
2026-04-21 18:16:10,344 - INFO - Stopped continuous mass monitoring. Collected 27 data points
2026-04-21 18:16:10,347 - INFO - Pre-baseline: 4 stable readings, avg=-0.041800g
2026-04-21 18:16:10,348 - INFO - Post-baseline: 5 stable readings, avg=0.013100g
2026-04-21 18:16:10,348 - INFO - INDEPENDENT BASELINE calculation:
2026-04-21 18:16:10,348 - INFO - Pre: STABLE, Post: STABLE, Mass difference: 0.054900g
2026-04-21 18:16:10,349 - INFO - Reading summary: 5 pre-readings (4 stable), 5 post-readings (5 stable)
2026-04-21 18:16:10,349 - INFO - Baseline variability: pre_std=0.000089g, post_std=0.000000g
2026-04-21 18:16:10,349 - INFO - Target: 0.050 mL = ~0.050000 g for water
2026-04-21 18:16:10,351 - INFO - Saved 27 mass measurements to output\mass_measurements\experiment_log2026-04-21_18-14-58\mass_data_PVA_DMSO_20260421_181610.csv
2026-04-21 18:16:10,800 - INFO - Saved dispense mass vs time plot to output\mass_measurements\experiment_log2026-04-21_18-14-58\mass_plot_PVA_DMSO_20260421_181610.png
2026-04-21 18:16:10,800 - INFO - Removing pipet
2026-04-21 18:16:23,780 - INFO - Vial PVA_DMSO already at clamp index 0, no move needed
2026-04-21 18:16:23,939 - DEBUG - Applied dict param aspirate_speed=22
2026-04-21 18:16:23,939 - DEBUG - Applied dict param dispense_speed=19
2026-04-21 18:16:23,940 - DEBUG - Applied dict param aspirate_wait_time=2.8000000000000003
2026-04-21 18:16:23,940 - DEBUG - Applied dict param dispense_wait_time=1.7000000000000002
2026-04-21 18:16:23,940 - DEBUG - Applied dict param pre_asp_air_vol=0.0
2026-04-21 18:16:23,940 - DEBUG - Applied dict param retract_speed=5.0
2026-04-21 18:16:23,940 - DEBUG - Applied dict param blowout_vol=0.195
2026-04-21 18:16:23,940 - DEBUG - Applied dict param post_asp_air_vol=0.0
2026-04-21 18:16:23,940 - DEBUG - Applied dict param post_retract_wait_time=0.0
2026-04-21 18:16:23,940 - DEBUG - Applied dict param overaspirate_vol=0.0
2026-04-21 18:16:23,940 - DEBUG - Applied dict param asp_disp_cycles=0
2026-04-21 18:16:23,942 - DEBUG - Selected small_tip for volume 0.050 mL
2026-04-21 18:16:23,943 - INFO - Getting small_tip (pipet number 29) from rack: small_tip_rack_2
2026-04-21 18:16:26,557 - INFO - Pipetting from vial PVA_DMSO, amount: 0.050 mL
2026-04-21 18:16:26,558 - INFO - Additional volume from calibration, amount: 0.000 mL
2026-04-21 18:16:26,559 - DEBUG - Adjusting pump 0 speed to 10
2026-04-21 18:16:28,648 - DEBUG - Adjusting pump 0 speed to 22
2026-04-21 18:16:29,670 - DEBUG - Aspirating 0.050 mL then waiting 2.8000000000000003 s
2026-04-21 18:16:35,684 - DEBUG - Applied dict param aspirate_speed=22
2026-04-21 18:16:35,684 - DEBUG - Applied dict param dispense_speed=19
2026-04-21 18:16:35,684 - DEBUG - Applied dict param aspirate_wait_time=2.8000000000000003
2026-04-21 18:16:35,684 - DEBUG - Applied dict param dispense_wait_time=1.7000000000000002
2026-04-21 18:16:35,684 - DEBUG - Applied dict param pre_asp_air_vol=0.0
2026-04-21 18:16:35,686 - DEBUG - Applied dict param retract_speed=5.0
2026-04-21 18:16:35,686 - DEBUG - Applied dict param blowout_vol=0.195
2026-04-21 18:16:35,686 - DEBUG - Applied dict param post_asp_air_vol=0.0
2026-04-21 18:16:35,686 - DEBUG - Applied dict param post_retract_wait_time=0.0
2026-04-21 18:16:35,686 - DEBUG - Applied dict param overaspirate_vol=0.0
2026-04-21 18:16:35,686 - DEBUG - Applied dict param asp_disp_cycles=0
2026-04-21 18:16:35,688 - INFO - Pipetting into vial PVA_DMSO, amount: 0.050 mL
2026-04-21 18:16:35,689 - DEBUG - Adjusting pump 0 speed to 19
2026-04-21 18:16:37,552 - INFO - Short wait time (1.0s), allowing scale to settle after robot positioning...
2026-04-21 18:16:38,560 - INFO - Started continuous mass monitoring with pre-dispense baseline
2026-04-21 18:16:38,738 - DEBUG - Mass: -0.0372g at 0.000s (baseline_pre) steady=False
2026-04-21 18:16:39,139 - DEBUG - Mass: -0.0371g at 0.391s (baseline_pre) steady=False
2026-04-21 18:16:39,540 - DEBUG - Mass: -0.0373g at 0.784s (baseline_pre) steady=True
2026-04-21 18:16:39,940 - DEBUG - Mass: -0.0373g at 1.191s (baseline_pre) steady=True
2026-04-21 18:16:40,340 - DEBUG - Mass: -0.0373g at 1.583s (baseline_pre) steady=True
2026-04-21 18:16:40,567 - DEBUG - Dispensing 0.050 mL then waiting 1.7000000000000002 s
2026-04-21 18:16:40,740 - DEBUG - Mass: -0.0373g at 1.992s (baseline_pre) steady=True
2026-04-21 18:16:41,140 - DEBUG - Mass: -0.0373g at 2.383s (dispensing) steady=True
2026-04-21 18:16:41,538 - DEBUG - Mass: -0.0284g at 2.791s (dispensing) steady=False
2026-04-21 18:16:41,938 - DEBUG - Mass: -0.0181g at 3.182s (dispensing) steady=False
2026-04-21 18:16:42,339 - DEBUG - Mass: -0.0046g at 3.589s (dispensing) steady=False
2026-04-21 18:16:42,570 - DEBUG - Blowing out 0.195 mL
2026-04-21 18:16:42,570 - DEBUG - Adjusting pump 0 speed to 5
2026-04-21 18:16:42,738 - DEBUG - Mass: 0.0037g at 3.994s (dispensing) steady=False
2026-04-21 18:16:43,138 - DEBUG - Mass: 0.0179g at 4.386s (dispensing) steady=False
2026-04-21 18:16:43,538 - DEBUG - Mass: 0.0167g at 4.780s (dispensing) steady=False
2026-04-21 18:16:43,938 - DEBUG - Mass: 0.0154g at 5.190s (dispensing) steady=False
2026-04-21 18:16:44,016 - DEBUG - Adjusting pump 0 speed to 19
2026-04-21 18:16:44,338 - DEBUG - Mass: 0.0142g at 5.582s (dispensing) steady=False
2026-04-21 18:16:44,738 - DEBUG - Mass: 0.0177g at 5.990s (dispensing) steady=False
2026-04-21 18:16:45,139 - DEBUG - Mass: 0.0184g at 6.382s (dispensing) steady=False
2026-04-21 18:16:45,537 - DEBUG - Mass: 0.0186g at 6.790s (dispensing) steady=False
2026-04-21 18:16:45,938 - DEBUG - Mass: 0.0189g at 7.182s (dispensing) steady=False
2026-04-21 18:16:46,339 - DEBUG - Mass: 0.0191g at 7.590s (dispensing) steady=True
2026-04-21 18:16:46,739 - DEBUG - Mass: 0.0191g at 7.983s (dispensing) steady=True
2026-04-21 18:16:47,140 - DEBUG - Mass: 0.0191g at 8.391s (dispensing) steady=True
2026-04-21 18:16:47,540 - DEBUG - Mass: 0.0191g at 8.782s (dispensing) steady=True
2026-04-21 18:16:47,938 - DEBUG - Mass: 0.0191g at 9.191s (dispensing) steady=True
2026-04-21 18:16:48,340 - DEBUG - Mass: 0.0191g at 9.583s (dispensing) steady=True
2026-04-21 18:16:48,740 - DEBUG - Mass: 0.0191g at 9.990s (dispensing) steady=True
2026-04-21 18:16:49,139 - DEBUG - Mass: 0.0191g at 10.384s (dispensing) steady=True
2026-04-21 18:16:49,540 - DEBUG - Mass: 0.0191g at 10.791s (dispensing) steady=True
2026-04-21 18:16:49,940 - DEBUG - Mass: 0.0191g at 11.196s (dispensing) steady=True
2026-04-21 18:16:50,339 - DEBUG - Mass: 0.0191g at 11.588s (dispensing) steady=True
2026-04-21 18:16:50,740 - DEBUG - Mass: 0.0191g at 11.980s (dispensing) steady=True
2026-04-21 18:16:51,140 - DEBUG - Mass: 0.0191g at 12.389s (dispensing) steady=True
2026-04-21 18:16:51,538 - DEBUG - Mass: 0.0152g at 12.781s (dispensing) steady=False
2026-04-21 18:16:51,938 - DEBUG - Mass: 0.0143g at 13.192s (dispensing) steady=False
2026-04-21 18:16:52,338 - DEBUG - Mass: 0.0145g at 13.586s (dispensing) steady=False
2026-04-21 18:16:52,739 - DEBUG - Mass: 0.0144g at 13.992s (dispensing) steady=True
2026-04-21 18:16:52,928 - INFO - Dispensing took 12.361s, collecting post-dispense baseline
2026-04-21 18:16:53,139 - DEBUG - Mass: 0.0144g at 14.384s (baseline_post) steady=True
2026-04-21 18:16:53,540 - DEBUG - Mass: 0.0144g at 14.792s (baseline_post) steady=True
2026-04-21 18:16:53,939 - DEBUG - Mass: 0.0144g at 15.183s (baseline_post) steady=True
2026-04-21 18:16:54,339 - DEBUG - Mass: 0.0143g at 15.592s (baseline_post) steady=True
2026-04-21 18:16:54,740 - DEBUG - Mass: 0.0143g at 15.984s (baseline_post) steady=True
2026-04-21 18:16:54,950 - INFO - Stopped continuous mass monitoring. Collected 41 data points
2026-04-21 18:16:54,953 - INFO - Pre-baseline: 4 stable readings, avg=-0.037300g
2026-04-21 18:16:54,954 - INFO - Post-baseline: 5 stable readings, avg=0.014360g
2026-04-21 18:16:54,954 - INFO - INDEPENDENT BASELINE calculation:
2026-04-21 18:16:54,954 - INFO - Pre: STABLE, Post: STABLE, Mass difference: 0.051660g
2026-04-21 18:16:54,955 - INFO - Reading summary: 6 pre-readings (4 stable), 5 post-readings (5 stable)
2026-04-21 18:16:54,955 - INFO - Baseline variability: pre_std=0.000084g, post_std=0.000055g
2026-04-21 18:16:54,955 - INFO - Target: 0.050 mL = ~0.050000 g for water
2026-04-21 18:16:54,958 - INFO - Saved 41 mass measurements to output\mass_measurements\experiment_log2026-04-21_18-14-58\mass_data_PVA_DMSO_20260421_181654.csv
2026-04-21 18:16:55,435 - INFO - Saved dispense mass vs time plot to output\mass_measurements\experiment_log2026-04-21_18-14-58\mass_plot_PVA_DMSO_20260421_181654.png
2026-04-21 18:16:55,436 - INFO - Removing pipet
2026-04-21 18:16:58,755 - INFO - Vial PVA_DMSO already at clamp index 0, no move needed
2026-04-21 18:17:01,145 - INFO - Vial PVA_DMSO already at clamp index 0, no move needed
2026-04-21 18:17:01,340 - DEBUG - Applied dict param aspirate_speed=22
2026-04-21 18:17:01,340 - DEBUG - Applied dict param dispense_speed=19
2026-04-21 18:17:01,340 - DEBUG - Applied dict param aspirate_wait_time=2.8000000000000003
2026-04-21 18:17:01,340 - DEBUG - Applied dict param dispense_wait_time=1.7000000000000002
2026-04-21 18:17:01,340 - DEBUG - Applied dict param pre_asp_air_vol=0.0
2026-04-21 18:17:01,340 - DEBUG - Applied dict param retract_speed=5.0
2026-04-21 18:17:01,340 - DEBUG - Applied dict param blowout_vol=0.195
2026-04-21 18:17:01,340 - DEBUG - Applied dict param post_asp_air_vol=0.0
2026-04-21 18:17:01,340 - DEBUG - Applied dict param post_retract_wait_time=0.0
2026-04-21 18:17:01,340 - DEBUG - Applied dict param overaspirate_vol=0.0
2026-04-21 18:17:01,340 - DEBUG - Applied dict param asp_disp_cycles=0
2026-04-21 18:17:01,341 - DEBUG - Selected small_tip for volume 0.050 mL
2026-04-21 18:17:01,342 - INFO - Getting small_tip (pipet number 30) from rack: small_tip_rack_2
2026-04-21 18:17:03,928 - INFO - Pipetting from vial PVA_DMSO, amount: 0.050 mL
2026-04-21 18:17:03,928 - INFO - Additional volume from calibration, amount: 0.000 mL
2026-04-21 18:17:03,930 - DEBUG - Adjusting pump 0 speed to 10
2026-04-21 18:17:06,055 - DEBUG - Adjusting pump 0 speed to 22
2026-04-21 18:17:07,089 - DEBUG - Aspirating 0.050 mL then waiting 2.8000000000000003 s
2026-04-21 18:17:13,052 - DEBUG - Applied dict param aspirate_speed=22
2026-04-21 18:17:13,052 - DEBUG - Applied dict param dispense_speed=19
2026-04-21 18:17:13,052 - DEBUG - Applied dict param aspirate_wait_time=2.8000000000000003
2026-04-21 18:17:13,052 - DEBUG - Applied dict param dispense_wait_time=1.7000000000000002
2026-04-21 18:17:13,052 - DEBUG - Applied dict param pre_asp_air_vol=0.0
2026-04-21 18:17:13,052 - DEBUG - Applied dict param retract_speed=5.0
2026-04-21 18:17:13,052 - DEBUG - Applied dict param blowout_vol=0.195
2026-04-21 18:17:13,052 - DEBUG - Applied dict param post_asp_air_vol=0.0
2026-04-21 18:17:13,052 - DEBUG - Applied dict param post_retract_wait_time=0.0
2026-04-21 18:17:13,052 - DEBUG - Applied dict param overaspirate_vol=0.0
2026-04-21 18:17:13,053 - DEBUG - Applied dict param asp_disp_cycles=0
2026-04-21 18:17:13,054 - INFO - Pipetting into vial PVA_DMSO, amount: 0.050 mL
2026-04-21 18:17:13,055 - DEBUG - Adjusting pump 0 speed to 19
2026-04-21 18:17:14,906 - INFO - Short wait time (1.0s), allowing scale to settle after robot positioning...
2026-04-21 18:17:15,910 - INFO - Started continuous mass monitoring with pre-dispense baseline
2026-04-21 18:17:16,140 - DEBUG - Mass: -0.0371g at 0.000s (baseline_pre) steady=True
2026-04-21 18:17:16,541 - DEBUG - Mass: -0.0371g at 0.440s (baseline_pre) steady=True
2026-04-21 18:17:16,941 - DEBUG - Mass: -0.0371g at 0.831s (baseline_pre) steady=True
2026-04-21 18:17:17,340 - DEBUG - Mass: -0.0371g at 1.238s (baseline_pre) steady=True
2026-04-21 18:17:17,740 - DEBUG - Mass: -0.0371g at 1.644s (baseline_pre) steady=True
2026-04-21 18:17:17,914 - DEBUG - Dispensing 0.050 mL then waiting 1.7000000000000002 s
2026-04-21 18:17:18,141 - DEBUG - Mass: -0.0371g at 2.034s (dispensing) steady=True
2026-04-21 18:17:18,538 - DEBUG - Mass: -0.0339g at 2.445s (dispensing) steady=False
2026-04-21 18:17:18,938 - DEBUG - Mass: -0.0226g at 2.836s (dispensing) steady=False
2026-04-21 18:17:19,339 - DEBUG - Mass: -0.0104g at 3.229s (dispensing) steady=False
2026-04-21 18:17:19,738 - DEBUG - Mass: 0.0004g at 3.640s (dispensing) steady=False
2026-04-21 18:17:19,815 - DEBUG - Blowing out 0.195 mL
2026-04-21 18:17:19,815 - DEBUG - Adjusting pump 0 speed to 5
2026-04-21 18:17:20,138 - DEBUG - Mass: 0.0076g at 4.030s (dispensing) steady=False
2026-04-21 18:17:20,538 - DEBUG - Mass: 0.0134g at 4.437s (dispensing) steady=False
2026-04-21 18:17:20,938 - DEBUG - Mass: 0.0128g at 4.832s (dispensing) steady=False
2026-04-21 18:17:21,006 - DEBUG - Adjusting pump 0 speed to 19
2026-04-21 18:17:21,338 - DEBUG - Mass: 0.0112g at 5.239s (dispensing) steady=False
2026-04-21 18:17:21,739 - DEBUG - Mass: 0.0114g at 5.629s (dispensing) steady=False
2026-04-21 18:17:22,138 - DEBUG - Mass: 0.0160g at 6.035s (dispensing) steady=False
2026-04-21 18:17:22,538 - DEBUG - Mass: 0.0179g at 6.443s (dispensing) steady=False
2026-04-21 18:17:22,938 - DEBUG - Mass: 0.0184g at 6.834s (dispensing) steady=False
2026-04-21 18:17:23,340 - DEBUG - Mass: 0.0183g at 7.243s (dispensing) steady=True
2026-04-21 18:17:23,740 - DEBUG - Mass: 0.0183g at 7.632s (dispensing) steady=True
2026-04-21 18:17:24,139 - DEBUG - Mass: 0.0183g at 8.042s (dispensing) steady=True
2026-04-21 18:17:24,539 - DEBUG - Mass: 0.0183g at 8.434s (dispensing) steady=True
2026-04-21 18:17:24,940 - DEBUG - Mass: 0.0183g at 8.842s (dispensing) steady=True
2026-04-21 18:17:25,339 - DEBUG - Mass: 0.0183g at 9.234s (dispensing) steady=True
2026-04-21 18:17:25,740 - DEBUG - Mass: 0.0183g at 9.643s (dispensing) steady=True
2026-04-21 18:17:26,140 - DEBUG - Mass: 0.0183g at 10.035s (dispensing) steady=True
2026-04-21 18:17:26,540 - DEBUG - Mass: 0.0183g at 10.444s (dispensing) steady=True
2026-04-21 18:17:26,939 - DEBUG - Mass: 0.0183g at 10.836s (dispensing) steady=True
2026-04-21 18:17:27,340 - DEBUG - Mass: 0.0183g at 11.243s (dispensing) steady=True
2026-04-21 18:17:27,740 - DEBUG - Mass: 0.0183g at 11.633s (dispensing) steady=True
2026-04-21 18:17:28,139 - DEBUG - Mass: 0.0183g at 12.043s (dispensing) steady=True
2026-04-21 18:17:28,538 - DEBUG - Mass: 0.0139g at 12.433s (dispensing) steady=False
2026-04-21 18:17:28,938 - DEBUG - Mass: 0.0135g at 12.839s (dispensing) steady=False
2026-04-21 18:17:29,339 - DEBUG - Mass: 0.0133g at 13.229s (dispensing) steady=False
2026-04-21 18:17:29,738 - DEBUG - Mass: 0.0128g at 13.635s (dispensing) steady=False
2026-04-21 18:17:29,920 - INFO - Dispensing took 12.006s, collecting post-dispense baseline
2026-04-21 18:17:30,140 - DEBUG - Mass: 0.0130g at 14.041s (baseline_post) steady=True
2026-04-21 18:17:30,540 - DEBUG - Mass: 0.0130g at 14.432s (baseline_post) steady=True
2026-04-21 18:17:30,940 - DEBUG - Mass: 0.0130g at 14.843s (baseline_post) steady=True
2026-04-21 18:17:31,340 - DEBUG - Mass: 0.0130g at 15.236s (baseline_post) steady=True
2026-04-21 18:17:31,740 - DEBUG - Mass: 0.0130g at 15.632s (baseline_post) steady=True
2026-04-21 18:17:31,952 - INFO - Stopped continuous mass monitoring. Collected 40 data points
2026-04-21 18:17:31,956 - INFO - Pre-baseline: 5 stable readings, avg=-0.037100g
2026-04-21 18:17:31,957 - INFO - Post-baseline: 5 stable readings, avg=0.013000g
2026-04-21 18:17:31,957 - INFO - INDEPENDENT BASELINE calculation:
2026-04-21 18:17:31,957 - INFO - Pre: STABLE, Post: STABLE, Mass difference: 0.050100g
2026-04-21 18:17:31,958 - INFO - Reading summary: 5 pre-readings (5 stable), 5 post-readings (5 stable)
2026-04-21 18:17:31,959 - INFO - Baseline variability: pre_std=0.000000g, post_std=0.000000g
2026-04-21 18:17:31,959 - INFO - Target: 0.050 mL = ~0.050000 g for water
2026-04-21 18:17:31,961 - INFO - Saved 40 mass measurements to output\mass_measurements\experiment_log2026-04-21_18-14-58\mass_data_PVA_DMSO_20260421_181731.csv
2026-04-21 18:17:32,417 - INFO - Saved dispense mass vs time plot to output\mass_measurements\experiment_log2026-04-21_18-14-58\mass_plot_PVA_DMSO_20260421_181731.png
2026-04-21 18:17:32,417 - INFO - Removing pipet
2026-04-21 18:17:35,730 - INFO - Vial PVA_DMSO already at clamp index 0, no move needed
2026-04-21 18:17:47,299 - INFO - Vial PVA_DMSO already at clamp index 0, no move needed
2026-04-21 18:17:47,539 - DEBUG - Applied dict param aspirate_speed=21
2026-04-21 18:17:47,539 - DEBUG - Applied dict param dispense_speed=4
2026-04-21 18:17:47,539 - DEBUG - Applied dict param aspirate_wait_time=1.8
2026-04-21 18:17:47,539 - DEBUG - Applied dict param dispense_wait_time=6.6000000000000005
2026-04-21 18:17:47,539 - DEBUG - Applied dict param pre_asp_air_vol=0.0
2026-04-21 18:17:47,539 - DEBUG - Applied dict param retract_speed=5.0
2026-04-21 18:17:47,539 - DEBUG - Applied dict param blowout_vol=0.176
2026-04-21 18:17:47,539 - DEBUG - Applied dict param post_asp_air_vol=0.0
2026-04-21 18:17:47,539 - DEBUG - Applied dict param post_retract_wait_time=0.0
2026-04-21 18:17:47,539 - DEBUG - Applied dict param overaspirate_vol=0.0002
2026-04-21 18:17:47,539 - DEBUG - Applied dict param asp_disp_cycles=0
2026-04-21 18:17:47,540 - DEBUG - Selected small_tip for volume 0.050 mL
2026-04-21 18:17:47,541 - INFO - Getting small_tip (pipet number 31) from rack: small_tip_rack_2
2026-04-21 18:17:50,087 - INFO - Pipetting from vial PVA_DMSO, amount: 0.050 mL
2026-04-21 18:17:50,087 - INFO - Additional volume from calibration, amount: 0.000 mL
2026-04-21 18:17:50,088 - DEBUG - Adjusting pump 0 speed to 10
2026-04-21 18:17:52,251 - DEBUG - Adjusting pump 0 speed to 21
2026-04-21 18:17:53,292 - DEBUG - Aspirating 0.050 mL then waiting 1.8 s
2026-04-21 18:17:58,170 - DEBUG - Applied dict param aspirate_speed=21
2026-04-21 18:17:58,170 - DEBUG - Applied dict param dispense_speed=4
2026-04-21 18:17:58,170 - DEBUG - Applied dict param aspirate_wait_time=1.8
2026-04-21 18:17:58,170 - DEBUG - Applied dict param dispense_wait_time=6.6000000000000005
2026-04-21 18:17:58,170 - DEBUG - Applied dict param pre_asp_air_vol=0.0
2026-04-21 18:17:58,170 - DEBUG - Applied dict param retract_speed=5.0
2026-04-21 18:17:58,170 - DEBUG - Applied dict param blowout_vol=0.176
2026-04-21 18:17:58,170 - DEBUG - Applied dict param post_asp_air_vol=0.0
2026-04-21 18:17:58,170 - DEBUG - Applied dict param post_retract_wait_time=0.0
2026-04-21 18:17:58,170 - DEBUG - Applied dict param overaspirate_vol=0.0002
2026-04-21 18:17:58,170 - DEBUG - Applied dict param asp_disp_cycles=0
2026-04-21 18:17:58,172 - INFO - Pipetting into vial PVA_DMSO, amount: 0.050 mL
2026-04-21 18:17:58,173 - DEBUG - Adjusting pump 0 speed to 4
2026-04-21 18:18:00,028 - INFO - Short wait time (1.0s), allowing scale to settle after robot positioning...
2026-04-21 18:18:01,042 - INFO - Started continuous mass monitoring with pre-dispense baseline
2026-04-21 18:18:01,139 - DEBUG - Mass: -0.0238g at 0.000s (baseline_pre) steady=False
2026-04-21 18:18:01,539 - DEBUG - Mass: -0.0239g at 0.299s (baseline_pre) steady=False
2026-04-21 18:18:01,939 - DEBUG - Mass: -0.0243g at 0.706s (baseline_pre) steady=False
2026-04-21 18:18:02,339 - DEBUG - Mass: -0.0241g at 1.112s (baseline_pre) steady=False
2026-04-21 18:18:02,739 - DEBUG - Mass: -0.0244g at 1.505s (baseline_pre) steady=False
2026-04-21 18:18:03,047 - DEBUG - Dispensing 0.050 mL then waiting 6.6000000000000005 s
2026-04-21 18:18:03,141 - DEBUG - Mass: -0.0243g at 1.912s (baseline_pre) steady=True
2026-04-21 18:18:03,538 - DEBUG - Mass: -0.0113g at 2.303s (dispensing) steady=False
2026-04-21 18:18:03,613 - DEBUG - Blowing out 0.176 mL
2026-04-21 18:18:03,613 - DEBUG - Adjusting pump 0 speed to 5
2026-04-21 18:18:03,938 - DEBUG - Mass: 0.0144g at 2.712s (dispensing) steady=False
2026-04-21 18:18:04,339 - DEBUG - Mass: 0.0284g at 3.103s (dispensing) steady=False
2026-04-21 18:18:04,738 - DEBUG - Mass: 0.0271g at 3.509s (dispensing) steady=False
2026-04-21 18:18:04,802 - DEBUG - Adjusting pump 0 speed to 4
2026-04-21 18:18:05,138 - DEBUG - Mass: 0.0268g at 3.902s (dispensing) steady=False
2026-04-21 18:18:05,538 - DEBUG - Mass: 0.0278g at 4.313s (dispensing) steady=False
2026-04-21 18:18:05,939 - DEBUG - Mass: 0.0291g at 4.705s (dispensing) steady=False
2026-04-21 18:18:06,338 - DEBUG - Mass: 0.0256g at 5.099s (dispensing) steady=False
2026-04-21 18:18:06,738 - DEBUG - Mass: 0.0249g at 5.508s (dispensing) steady=False
2026-04-21 18:18:07,138 - DEBUG - Mass: 0.0249g at 5.900s (dispensing) steady=False
2026-04-21 18:18:07,538 - DEBUG - Mass: 0.0246g at 6.305s (dispensing) steady=False
2026-04-21 18:18:07,939 - DEBUG - Mass: 0.0245g at 6.701s (dispensing) steady=False
2026-04-21 18:18:08,338 - DEBUG - Mass: 0.0242g at 7.107s (dispensing) steady=False
2026-04-21 18:18:08,740 - DEBUG - Mass: 0.0243g at 7.499s (dispensing) steady=True
2026-04-21 18:18:09,140 - DEBUG - Mass: 0.0243g at 7.905s (dispensing) steady=True
2026-04-21 18:18:09,540 - DEBUG - Mass: 0.0243g at 8.299s (dispensing) steady=True
2026-04-21 18:18:09,941 - DEBUG - Mass: 0.0243g at 8.707s (dispensing) steady=True
2026-04-21 18:18:10,340 - DEBUG - Mass: 0.0243g at 9.100s (dispensing) steady=True
2026-04-21 18:18:10,740 - DEBUG - Mass: 0.0243g at 9.506s (dispensing) steady=True
2026-04-21 18:18:11,140 - DEBUG - Mass: 0.0243g at 9.914s (dispensing) steady=True
2026-04-21 18:18:11,540 - DEBUG - Mass: 0.0243g at 10.305s (dispensing) steady=True
2026-04-21 18:18:11,940 - DEBUG - Mass: 0.0242g at 10.712s (dispensing) steady=True
2026-04-21 18:18:12,339 - DEBUG - Mass: 0.0229g at 11.105s (dispensing) steady=False
2026-04-21 18:18:12,412 - INFO - Dispensing took 9.366s, collecting post-dispense baseline
2026-04-21 18:18:12,740 - DEBUG - Mass: 0.0230g at 11.512s (baseline_post) steady=True
2026-04-21 18:18:13,140 - DEBUG - Mass: 0.0230g at 11.902s (baseline_post) steady=True
2026-04-21 18:18:13,540 - DEBUG - Mass: 0.0230g at 12.309s (baseline_post) steady=True
2026-04-21 18:18:13,940 - DEBUG - Mass: 0.0230g at 12.703s (baseline_post) steady=True
2026-04-21 18:18:14,340 - DEBUG - Mass: 0.0230g at 13.110s (baseline_post) steady=True
2026-04-21 18:18:14,545 - INFO - Stopped continuous mass monitoring. Collected 34 data points
2026-04-21 18:18:14,548 - INFO - Pre-baseline: 1 stable readings, avg=-0.024300g
2026-04-21 18:18:14,550 - INFO - Post-baseline: 5 stable readings, avg=0.023000g
2026-04-21 18:18:14,550 - INFO - INDEPENDENT BASELINE calculation:
2026-04-21 18:18:14,550 - INFO - Pre: STABLE, Post: STABLE, Mass difference: 0.047300g
2026-04-21 18:18:14,551 - INFO - Reading summary: 6 pre-readings (1 stable), 5 post-readings (5 stable)
2026-04-21 18:18:14,551 - INFO - Baseline variability: pre_std=0.000242g, post_std=0.000000g
2026-04-21 18:18:14,551 - INFO - Target: 0.050 mL = ~0.050000 g for water
2026-04-21 18:18:14,554 - INFO - Saved 34 mass measurements to output\mass_measurements\experiment_log2026-04-21_18-14-58\mass_data_PVA_DMSO_20260421_181814.csv
2026-04-21 18:18:15,128 - INFO - Saved dispense mass vs time plot to output\mass_measurements\experiment_log2026-04-21_18-14-58\mass_plot_PVA_DMSO_20260421_181814.png
2026-04-21 18:18:15,128 - INFO - Removing pipet
2026-04-21 18:18:18,456 - INFO - Vial PVA_DMSO already at clamp index 0, no move needed
2026-04-21 18:18:20,147 - INFO - Vial PVA_DMSO already at clamp index 0, no move needed
2026-04-21 18:18:20,341 - DEBUG - Applied dict param aspirate_speed=21
2026-04-21 18:18:20,341 - DEBUG - Applied dict param dispense_speed=4
2026-04-21 18:18:20,341 - DEBUG - Applied dict param aspirate_wait_time=1.8
2026-04-21 18:18:20,341 - DEBUG - Applied dict param dispense_wait_time=6.6000000000000005
2026-04-21 18:18:20,341 - DEBUG - Applied dict param pre_asp_air_vol=0.0
2026-04-21 18:18:20,341 - DEBUG - Applied dict param retract_speed=5.0
2026-04-21 18:18:20,341 - DEBUG - Applied dict param blowout_vol=0.176
2026-04-21 18:18:20,341 - DEBUG - Applied dict param post_asp_air_vol=0.0
2026-04-21 18:18:20,341 - DEBUG - Applied dict param post_retract_wait_time=0.0
2026-04-21 18:18:20,341 - DEBUG - Applied dict param overaspirate_vol=0.0002
2026-04-21 18:18:20,341 - DEBUG - Applied dict param asp_disp_cycles=0
2026-04-21 18:18:20,342 - DEBUG - Selected small_tip for volume 0.050 mL
2026-04-21 18:18:20,343 - INFO - Getting small_tip (pipet number 32) from rack: small_tip_rack_2
2026-04-21 18:18:23,112 - INFO - Pipetting from vial PVA_DMSO, amount: 0.050 mL
2026-04-21 18:18:23,112 - INFO - Additional volume from calibration, amount: 0.000 mL
2026-04-21 18:18:23,115 - DEBUG - Adjusting pump 0 speed to 10
2026-04-21 18:18:24,980 - DEBUG - Adjusting pump 0 speed to 21
2026-04-21 18:18:26,012 - DEBUG - Aspirating 0.050 mL then waiting 1.8 s
2026-04-21 18:18:30,835 - DEBUG - Applied dict param aspirate_speed=21
2026-04-21 18:18:30,835 - DEBUG - Applied dict param dispense_speed=4
2026-04-21 18:18:30,835 - DEBUG - Applied dict param aspirate_wait_time=1.8
2026-04-21 18:18:30,835 - DEBUG - Applied dict param dispense_wait_time=6.6000000000000005
2026-04-21 18:18:30,835 - DEBUG - Applied dict param pre_asp_air_vol=0.0
2026-04-21 18:18:30,835 - DEBUG - Applied dict param retract_speed=5.0
2026-04-21 18:18:30,835 - DEBUG - Applied dict param blowout_vol=0.176
2026-04-21 18:18:30,835 - DEBUG - Applied dict param post_asp_air_vol=0.0
2026-04-21 18:18:30,835 - DEBUG - Applied dict param post_retract_wait_time=0.0
2026-04-21 18:18:30,837 - DEBUG - Applied dict param overaspirate_vol=0.0002
2026-04-21 18:18:30,837 - DEBUG - Applied dict param asp_disp_cycles=0
2026-04-21 18:18:30,838 - INFO - Pipetting into vial PVA_DMSO, amount: 0.050 mL
2026-04-21 18:18:30,839 - DEBUG - Adjusting pump 0 speed to 4
2026-04-21 18:18:32,704 - INFO - Short wait time (1.0s), allowing scale to settle after robot positioning...
2026-04-21 18:18:33,712 - INFO - Started continuous mass monitoring with pre-dispense baseline
2026-04-21 18:18:33,941 - DEBUG - Mass: -0.0269g at 0.000s (baseline_pre) steady=True
2026-04-21 18:18:34,340 - DEBUG - Mass: -0.0269g at 0.435s (baseline_pre) steady=True
2026-04-21 18:18:34,741 - DEBUG - Mass: -0.0269g at 0.842s (baseline_pre) steady=True
2026-04-21 18:18:35,141 - DEBUG - Mass: -0.0269g at 1.235s (baseline_pre) steady=True
2026-04-21 18:18:35,540 - DEBUG - Mass: -0.0269g at 1.640s (baseline_pre) steady=True
2026-04-21 18:18:35,714 - DEBUG - Dispensing 0.050 mL then waiting 6.6000000000000005 s
2026-04-21 18:18:35,940 - DEBUG - Mass: -0.0269g at 2.034s (dispensing) steady=True
2026-04-21 18:18:36,012 - DEBUG - Blowing out 0.176 mL
2026-04-21 18:18:36,012 - DEBUG - Adjusting pump 0 speed to 5
2026-04-21 18:18:36,338 - DEBUG - Mass: 0.0074g at 2.440s (dispensing) steady=False
2026-04-21 18:18:36,738 - DEBUG - Mass: 0.0234g at 2.830s (dispensing) steady=False
2026-04-21 18:18:37,138 - DEBUG - Mass: 0.0252g at 3.240s (dispensing) steady=False
2026-04-21 18:18:37,202 - DEBUG - Adjusting pump 0 speed to 4
2026-04-21 18:18:37,538 - DEBUG - Mass: 0.0221g at 3.629s (dispensing) steady=False
2026-04-21 18:18:37,938 - DEBUG - Mass: 0.0245g at 4.037s (dispensing) steady=False
2026-04-21 18:18:38,338 - DEBUG - Mass: 0.0253g at 4.427s (dispensing) steady=False
2026-04-21 18:18:38,739 - DEBUG - Mass: 0.0211g at 4.836s (dispensing) steady=False
2026-04-21 18:18:39,138 - DEBUG - Mass: 0.0208g at 5.242s (dispensing) steady=False
2026-04-21 18:18:39,538 - DEBUG - Mass: 0.0207g at 5.636s (dispensing) steady=False
2026-04-21 18:18:39,940 - DEBUG - Mass: 0.0206g at 6.027s (dispensing) steady=True
2026-04-21 18:18:40,340 - DEBUG - Mass: 0.0206g at 6.435s (dispensing) steady=True
2026-04-21 18:18:40,740 - DEBUG - Mass: 0.0206g at 6.843s (dispensing) steady=True
2026-04-21 18:18:41,140 - DEBUG - Mass: 0.0206g at 7.234s (dispensing) steady=True
2026-04-21 18:18:41,541 - DEBUG - Mass: 0.0206g at 7.644s (dispensing) steady=True
2026-04-21 18:18:41,940 - DEBUG - Mass: 0.0206g at 8.037s (dispensing) steady=True
2026-04-21 18:18:42,340 - DEBUG - Mass: 0.0206g at 8.429s (dispensing) steady=True
2026-04-21 18:18:42,740 - DEBUG - Mass: 0.0206g at 8.837s (dispensing) steady=True
2026-04-21 18:18:43,140 - DEBUG - Mass: 0.0206g at 9.229s (dispensing) steady=True
2026-04-21 18:18:43,540 - DEBUG - Mass: 0.0205g at 9.637s (dispensing) steady=True
2026-04-21 18:18:43,941 - DEBUG - Mass: 0.0205g at 10.029s (dispensing) steady=True
2026-04-21 18:18:44,338 - DEBUG - Mass: 0.0194g at 10.437s (dispensing) steady=False
2026-04-21 18:18:44,739 - DEBUG - Mass: 0.0191g at 10.828s (dispensing) steady=False
2026-04-21 18:18:45,024 - INFO - Dispensing took 9.309s, collecting post-dispense baseline
2026-04-21 18:18:45,139 - DEBUG - Mass: 0.0192g at 11.233s (dispensing) steady=False
2026-04-21 18:18:45,540 - DEBUG - Mass: 0.0191g at 11.641s (baseline_post) steady=True
2026-04-21 18:18:45,940 - DEBUG - Mass: 0.0191g at 12.032s (baseline_post) steady=True
2026-04-21 18:18:46,340 - DEBUG - Mass: 0.0191g at 12.440s (baseline_post) steady=True
2026-04-21 18:18:46,740 - DEBUG - Mass: 0.0191g at 12.833s (baseline_post) steady=True
2026-04-21 18:18:47,140 - DEBUG - Mass: 0.0191g at 13.240s (baseline_post) steady=True
2026-04-21 18:18:47,344 - INFO - Stopped continuous mass monitoring. Collected 34 data points
2026-04-21 18:18:47,348 - INFO - Pre-baseline: 5 stable readings, avg=-0.026900g
2026-04-21 18:18:47,348 - INFO - Post-baseline: 5 stable readings, avg=0.019100g
2026-04-21 18:18:47,349 - INFO - INDEPENDENT BASELINE calculation:
2026-04-21 18:18:47,349 - INFO - Pre: STABLE, Post: STABLE, Mass difference: 0.046000g
2026-04-21 18:18:47,350 - INFO - Reading summary: 5 pre-readings (5 stable), 5 post-readings (5 stable)
2026-04-21 18:18:47,350 - INFO - Baseline variability: pre_std=0.000000g, post_std=0.000000g
2026-04-21 18:18:47,350 - INFO - Target: 0.050 mL = ~0.050000 g for water
2026-04-21 18:18:47,353 - INFO - Saved 34 mass measurements to output\mass_measurements\experiment_log2026-04-21_18-14-58\mass_data_PVA_DMSO_20260421_181847.csv
2026-04-21 18:18:47,793 - INFO - Saved dispense mass vs time plot to output\mass_measurements\experiment_log2026-04-21_18-14-58\mass_plot_PVA_DMSO_20260421_181847.png
2026-04-21 18:18:47,793 - INFO - Removing pipet
2026-04-21 18:18:51,108 - INFO - Vial PVA_DMSO already at clamp index 0, no move needed
2026-04-21 18:19:05,525 - INFO - Vial PVA_DMSO already at clamp index 0, no move needed
2026-04-21 18:19:05,740 - DEBUG - Applied dict param aspirate_speed=24
2026-04-21 18:19:05,740 - DEBUG - Applied dict param dispense_speed=10
2026-04-21 18:19:05,740 - DEBUG - Applied dict param aspirate_wait_time=2.1
2026-04-21 18:19:05,740 - DEBUG - Applied dict param dispense_wait_time=3.1
2026-04-21 18:19:05,740 - DEBUG - Applied dict param pre_asp_air_vol=0.0
2026-04-21 18:19:05,740 - DEBUG - Applied dict param retract_speed=5.0
2026-04-21 18:19:05,740 - DEBUG - Applied dict param blowout_vol=0.158
2026-04-21 18:19:05,740 - DEBUG - Applied dict param post_asp_air_vol=0.0
2026-04-21 18:19:05,740 - DEBUG - Applied dict param post_retract_wait_time=0.0
2026-04-21 18:19:05,740 - DEBUG - Applied dict param overaspirate_vol=0.0142
2026-04-21 18:19:05,740 - DEBUG - Applied dict param asp_disp_cycles=0
2026-04-21 18:19:05,741 - DEBUG - Selected small_tip for volume 0.050 mL
2026-04-21 18:19:05,743 - INFO - Getting small_tip (pipet number 33) from rack: small_tip_rack_2
2026-04-21 18:19:08,510 - INFO - Pipetting from vial PVA_DMSO, amount: 0.050 mL
2026-04-21 18:19:08,510 - INFO - Additional volume from calibration, amount: 0.014 mL
2026-04-21 18:19:08,512 - DEBUG - Adjusting pump 0 speed to 10
2026-04-21 18:19:10,394 - DEBUG - Adjusting pump 0 speed to 24
2026-04-21 18:19:11,429 - DEBUG - Aspirating 0.064 mL then waiting 2.1 s
2026-04-21 18:19:17,707 - DEBUG - Applied dict param aspirate_speed=24
2026-04-21 18:19:17,707 - DEBUG - Applied dict param dispense_speed=10
2026-04-21 18:19:17,707 - DEBUG - Applied dict param aspirate_wait_time=2.1
2026-04-21 18:19:17,708 - DEBUG - Applied dict param dispense_wait_time=3.1
2026-04-21 18:19:17,708 - DEBUG - Applied dict param pre_asp_air_vol=0.0
2026-04-21 18:19:17,708 - DEBUG - Applied dict param retract_speed=5.0
2026-04-21 18:19:17,708 - DEBUG - Applied dict param blowout_vol=0.158
2026-04-21 18:19:17,708 - DEBUG - Applied dict param post_asp_air_vol=0.0
2026-04-21 18:19:17,708 - DEBUG - Applied dict param post_retract_wait_time=0.0
2026-04-21 18:19:17,708 - DEBUG - Applied dict param overaspirate_vol=0.0142
2026-04-21 18:19:17,708 - DEBUG - Applied dict param asp_disp_cycles=0
2026-04-21 18:19:17,709 - INFO - Pipetting into vial PVA_DMSO, amount: 0.050 mL
2026-04-21 18:19:17,711 - DEBUG - Adjusting pump 0 speed to 10
2026-04-21 18:19:19,561 - INFO - Short wait time (1.0s), allowing scale to settle after robot positioning...
2026-04-21 18:19:20,562 - INFO - Started continuous mass monitoring with pre-dispense baseline
2026-04-21 18:19:20,739 - DEBUG - Mass: -0.0452g at 0.000s (baseline_pre) steady=False
2026-04-21 18:19:21,141 - DEBUG - Mass: -0.0451g at 0.391s (baseline_pre) steady=True
2026-04-21 18:19:21,541 - DEBUG - Mass: -0.0451g at 0.782s (baseline_pre) steady=True
2026-04-21 18:19:21,941 - DEBUG - Mass: -0.0451g at 1.190s (baseline_pre) steady=True
2026-04-21 18:19:22,341 - DEBUG - Mass: -0.0451g at 1.583s (baseline_pre) steady=True
2026-04-21 18:19:22,566 - DEBUG - Dispensing 0.064 mL then waiting 3.1 s
2026-04-21 18:19:22,741 - DEBUG - Mass: -0.0451g at 1.988s (baseline_pre) steady=True
2026-04-21 18:19:23,138 - DEBUG - Mass: -0.0381g at 2.381s (dispensing) steady=False
2026-04-21 18:19:23,211 - DEBUG - Blowing out 0.158 mL
2026-04-21 18:19:23,211 - DEBUG - Adjusting pump 0 speed to 5
2026-04-21 18:19:23,538 - DEBUG - Mass: 0.0087g at 2.788s (dispensing) steady=False
2026-04-21 18:19:23,938 - DEBUG - Mass: 0.0190g at 3.179s (dispensing) steady=False
2026-04-21 18:19:24,339 - DEBUG - Mass: 0.0194g at 3.577s (dispensing) steady=False
2026-04-21 18:19:24,405 - DEBUG - Adjusting pump 0 speed to 10
2026-04-21 18:19:24,738 - DEBUG - Mass: 0.0184g at 3.983s (dispensing) steady=False
2026-04-21 18:19:25,138 - DEBUG - Mass: 0.0211g at 4.388s (dispensing) steady=False
2026-04-21 18:19:25,539 - DEBUG - Mass: 0.0237g at 4.780s (dispensing) steady=False
2026-04-21 18:19:25,938 - DEBUG - Mass: 0.0212g at 5.188s (dispensing) steady=False
2026-04-21 18:19:26,338 - DEBUG - Mass: 0.0198g at 5.593s (dispensing) steady=False
2026-04-21 18:19:26,739 - DEBUG - Mass: 0.0197g at 5.986s (dispensing) steady=False
2026-04-21 18:19:27,139 - DEBUG - Mass: 0.0197g at 6.392s (dispensing) steady=False
2026-04-21 18:19:27,540 - DEBUG - Mass: 0.0196g at 6.783s (dispensing) steady=True
2026-04-21 18:19:27,940 - DEBUG - Mass: 0.0196g at 7.192s (dispensing) steady=True
2026-04-21 18:19:28,340 - DEBUG - Mass: 0.0196g at 7.584s (dispensing) steady=True
2026-04-21 18:19:28,740 - DEBUG - Mass: 0.0196g at 7.991s (dispensing) steady=True
2026-04-21 18:19:28,773 - INFO - Dispensing took 6.206s, collecting post-dispense baseline
2026-04-21 18:19:29,140 - DEBUG - Mass: 0.0196g at 8.383s (baseline_post) steady=True
2026-04-21 18:19:29,541 - DEBUG - Mass: 0.0196g at 8.791s (baseline_post) steady=True
2026-04-21 18:19:29,940 - DEBUG - Mass: 0.0195g at 9.181s (baseline_post) steady=True
2026-04-21 18:19:30,340 - DEBUG - Mass: 0.0195g at 9.589s (baseline_post) steady=True
2026-04-21 18:19:30,741 - DEBUG - Mass: 0.0195g at 9.981s (baseline_post) steady=True
2026-04-21 18:19:30,951 - INFO - Stopped continuous mass monitoring. Collected 26 data points
2026-04-21 18:19:30,955 - INFO - Pre-baseline: 5 stable readings, avg=-0.045100g
2026-04-21 18:19:30,955 - INFO - Post-baseline: 5 stable readings, avg=0.019540g
2026-04-21 18:19:30,955 - INFO - INDEPENDENT BASELINE calculation:
2026-04-21 18:19:30,955 - INFO - Pre: STABLE, Post: STABLE, Mass difference: 0.064640g
2026-04-21 18:19:30,957 - INFO - Reading summary: 6 pre-readings (5 stable), 5 post-readings (5 stable)
2026-04-21 18:19:30,957 - INFO - Baseline variability: pre_std=0.000041g, post_std=0.000055g
2026-04-21 18:19:30,957 - INFO - Target: 0.050 mL = ~0.050000 g for water
2026-04-21 18:19:30,959 - INFO - Saved 26 mass measurements to output\mass_measurements\experiment_log2026-04-21_18-14-58\mass_data_PVA_DMSO_20260421_181930.csv
2026-04-21 18:19:31,401 - INFO - Saved dispense mass vs time plot to output\mass_measurements\experiment_log2026-04-21_18-14-58\mass_plot_PVA_DMSO_20260421_181930.png
2026-04-21 18:19:31,402 - INFO - Removing pipet
2026-04-21 18:19:34,720 - INFO - Vial PVA_DMSO already at clamp index 0, no move needed
2026-04-21 18:19:37,346 - INFO - Vial PVA_DMSO already at clamp index 0, no move needed
2026-04-21 18:19:37,540 - DEBUG - Applied dict param aspirate_speed=24
2026-04-21 18:19:37,540 - DEBUG - Applied dict param dispense_speed=10
2026-04-21 18:19:37,540 - DEBUG - Applied dict param aspirate_wait_time=2.1
2026-04-21 18:19:37,540 - DEBUG - Applied dict param dispense_wait_time=3.1
2026-04-21 18:19:37,540 - DEBUG - Applied dict param pre_asp_air_vol=0.0
2026-04-21 18:19:37,540 - DEBUG - Applied dict param retract_speed=5.0
2026-04-21 18:19:37,540 - DEBUG - Applied dict param blowout_vol=0.158
2026-04-21 18:19:37,540 - DEBUG - Applied dict param post_asp_air_vol=0.0
2026-04-21 18:19:37,540 - DEBUG - Applied dict param post_retract_wait_time=0.0
2026-04-21 18:19:37,540 - DEBUG - Applied dict param overaspirate_vol=0.0142
2026-04-21 18:19:37,540 - DEBUG - Applied dict param asp_disp_cycles=0
2026-04-21 18:19:37,541 - DEBUG - Selected small_tip for volume 0.050 mL
2026-04-21 18:19:37,542 - INFO - Getting small_tip (pipet number 34) from rack: small_tip_rack_2
2026-04-21 18:19:40,319 - INFO - Pipetting from vial PVA_DMSO, amount: 0.050 mL
2026-04-21 18:19:40,319 - INFO - Additional volume from calibration, amount: 0.014 mL
2026-04-21 18:19:40,322 - DEBUG - Adjusting pump 0 speed to 10
2026-04-21 18:19:42,084 - DEBUG - Adjusting pump 0 speed to 24
2026-04-21 18:19:43,121 - DEBUG - Aspirating 0.064 mL then waiting 2.1 s
2026-04-21 18:19:49,411 - DEBUG - Applied dict param aspirate_speed=24
2026-04-21 18:19:49,412 - DEBUG - Applied dict param dispense_speed=10
2026-04-21 18:19:49,412 - DEBUG - Applied dict param aspirate_wait_time=2.1
2026-04-21 18:19:49,412 - DEBUG - Applied dict param dispense_wait_time=3.1
2026-04-21 18:19:49,412 - DEBUG - Applied dict param pre_asp_air_vol=0.0
2026-04-21 18:19:49,412 - DEBUG - Applied dict param retract_speed=5.0
2026-04-21 18:19:49,412 - DEBUG - Applied dict param blowout_vol=0.158
2026-04-21 18:19:49,412 - DEBUG - Applied dict param post_asp_air_vol=0.0
2026-04-21 18:19:49,412 - DEBUG - Applied dict param post_retract_wait_time=0.0
2026-04-21 18:19:49,412 - DEBUG - Applied dict param overaspirate_vol=0.0142
2026-04-21 18:19:49,412 - DEBUG - Applied dict param asp_disp_cycles=0
2026-04-21 18:19:49,414 - INFO - Pipetting into vial PVA_DMSO, amount: 0.050 mL
2026-04-21 18:19:49,414 - DEBUG - Adjusting pump 0 speed to 10
2026-04-21 18:19:51,276 - INFO - Short wait time (1.0s), allowing scale to settle after robot positioning...
2026-04-21 18:19:52,291 - INFO - Started continuous mass monitoring with pre-dispense baseline
2026-04-21 18:19:52,539 - DEBUG - Mass: -0.0333g at 0.000s (baseline_pre) steady=False
2026-04-21 18:19:52,939 - DEBUG - Mass: -0.0337g at 0.458s (baseline_pre) steady=False
2026-04-21 18:19:53,340 - DEBUG - Mass: -0.0335g at 0.855s (baseline_pre) steady=True
2026-04-21 18:19:53,740 - DEBUG - Mass: -0.0335g at 1.253s (baseline_pre) steady=True
2026-04-21 18:19:54,137 - DEBUG - Mass: -0.0335g at 1.661s (baseline_pre) steady=True
2026-04-21 18:19:54,295 - DEBUG - Dispensing 0.064 mL then waiting 3.1 s
2026-04-21 18:19:54,540 - DEBUG - Mass: -0.0335g at 2.061s (dispensing) steady=True
2026-04-21 18:19:54,736 - DEBUG - Blowing out 0.158 mL
2026-04-21 18:19:54,736 - DEBUG - Adjusting pump 0 speed to 5
2026-04-21 18:19:54,938 - DEBUG - Mass: 0.0036g at 2.461s (dispensing) steady=False
2026-04-21 18:19:55,338 - DEBUG - Mass: 0.0320g at 2.860s (dispensing) steady=False
2026-04-21 18:19:55,737 - DEBUG - Mass: 0.0311g at 3.263s (dispensing) steady=False
2026-04-21 18:19:56,138 - DEBUG - Mass: 0.0279g at 3.662s (dispensing) steady=False
2026-04-21 18:19:56,221 - DEBUG - Adjusting pump 0 speed to 10
2026-04-21 18:19:56,533 - DEBUG - Mass: 0.0283g at 4.058s (dispensing) steady=False
2026-04-21 18:19:56,939 - DEBUG - Mass: 0.0309g at 4.464s (dispensing) steady=False
2026-04-21 18:19:57,334 - DEBUG - Mass: 0.0335g at 4.849s (dispensing) steady=False
2026-04-21 18:19:57,739 - DEBUG - Mass: 0.0311g at 5.249s (dispensing) steady=False
2026-04-21 18:19:58,139 - DEBUG - Mass: 0.0295g at 5.662s (dispensing) steady=False
2026-04-21 18:19:58,539 - DEBUG - Mass: 0.0293g at 6.053s (dispensing) steady=False
2026-04-21 18:19:58,931 - DEBUG - Mass: 0.0294g at 6.466s (dispensing) steady=False
2026-04-21 18:19:59,339 - DEBUG - Mass: 0.0290g at 6.848s (dispensing) steady=False
2026-04-21 18:19:59,739 - DEBUG - Mass: 0.0288g at 7.264s (dispensing) steady=False
2026-04-21 18:20:00,140 - DEBUG - Mass: 0.0291g at 7.649s (dispensing) steady=True
2026-04-21 18:20:00,540 - DEBUG - Mass: 0.0291g at 8.060s (dispensing) steady=True
2026-04-21 18:20:00,557 - INFO - Dispensing took 6.261s, collecting post-dispense baseline
2026-04-21 18:20:00,939 - DEBUG - Mass: 0.0291g at 8.464s (baseline_post) steady=True
2026-04-21 18:20:01,340 - DEBUG - Mass: 0.0290g at 8.850s (baseline_post) steady=True
2026-04-21 18:20:01,740 - DEBUG - Mass: 0.0290g at 9.261s (baseline_post) steady=True
2026-04-21 18:20:02,128 - DEBUG - Mass: 0.0290g at 9.661s (baseline_post) steady=True
2026-04-21 18:20:02,530 - DEBUG - Mass: 0.0290g at 10.063s (baseline_post) steady=True
2026-04-21 18:20:02,756 - INFO - Stopped continuous mass monitoring. Collected 26 data points
2026-04-21 18:20:02,760 - INFO - Pre-baseline: 3 stable readings, avg=-0.033500g
2026-04-21 18:20:02,760 - INFO - Post-baseline: 5 stable readings, avg=0.029020g
2026-04-21 18:20:02,760 - INFO - INDEPENDENT BASELINE calculation:
2026-04-21 18:20:02,760 - INFO - Pre: STABLE, Post: STABLE, Mass difference: 0.062520g
2026-04-21 18:20:02,762 - INFO - Reading summary: 5 pre-readings (3 stable), 5 post-readings (5 stable)
2026-04-21 18:20:02,762 - INFO - Baseline variability: pre_std=0.000141g, post_std=0.000045g
2026-04-21 18:20:02,762 - INFO - Target: 0.050 mL = ~0.050000 g for water
2026-04-21 18:20:02,763 - INFO - Saved 26 mass measurements to output\mass_measurements\experiment_log2026-04-21_18-14-58\mass_data_PVA_DMSO_20260421_182002.csv
2026-04-21 18:20:03,206 - INFO - Saved dispense mass vs time plot to output\mass_measurements\experiment_log2026-04-21_18-14-58\mass_plot_PVA_DMSO_20260421_182002.png
2026-04-21 18:20:03,206 - INFO - Removing pipet
2026-04-21 18:20:06,519 - INFO - Vial PVA_DMSO already at clamp index 0, no move needed
2026-04-21 18:20:18,540 - INFO - Vial PVA_DMSO already at clamp index 0, no move needed
2026-04-21 18:20:18,737 - DEBUG - Applied dict param aspirate_speed=21
2026-04-21 18:20:18,737 - DEBUG - Applied dict param dispense_speed=3
2026-04-21 18:20:18,737 - DEBUG - Applied dict param aspirate_wait_time=0.0
2026-04-21 18:20:18,737 - DEBUG - Applied dict param dispense_wait_time=2.8000000000000003
2026-04-21 18:20:18,737 - DEBUG - Applied dict param pre_asp_air_vol=0.0
2026-04-21 18:20:18,737 - DEBUG - Applied dict param retract_speed=5.0
2026-04-21 18:20:18,737 - DEBUG - Applied dict param blowout_vol=0.213
2026-04-21 18:20:18,737 - DEBUG - Applied dict param post_asp_air_vol=0.0
2026-04-21 18:20:18,737 - DEBUG - Applied dict param post_retract_wait_time=0.0
2026-04-21 18:20:18,737 - DEBUG - Applied dict param overaspirate_vol=0.0037
2026-04-21 18:20:18,737 - DEBUG - Applied dict param asp_disp_cycles=0
2026-04-21 18:20:18,737 - DEBUG - Selected small_tip for volume 0.050 mL
2026-04-21 18:20:18,737 - INFO - Getting small_tip (pipet number 35) from rack: small_tip_rack_2
2026-04-21 18:20:21,499 - INFO - Pipetting from vial PVA_DMSO, amount: 0.050 mL
2026-04-21 18:20:21,499 - INFO - Additional volume from calibration, amount: 0.004 mL
2026-04-21 18:20:21,499 - DEBUG - Adjusting pump 0 speed to 10
2026-04-21 18:20:23,269 - DEBUG - Adjusting pump 0 speed to 21
2026-04-21 18:20:24,283 - DEBUG - Aspirating 0.054 mL then waiting 0.0 s
2026-04-21 18:20:27,453 - DEBUG - Applied dict param aspirate_speed=21
2026-04-21 18:20:27,453 - DEBUG - Applied dict param dispense_speed=3
2026-04-21 18:20:27,453 - DEBUG - Applied dict param aspirate_wait_time=0.0
2026-04-21 18:20:27,453 - DEBUG - Applied dict param dispense_wait_time=2.8000000000000003
2026-04-21 18:20:27,453 - DEBUG - Applied dict param pre_asp_air_vol=0.0
2026-04-21 18:20:27,453 - DEBUG - Applied dict param retract_speed=5.0
2026-04-21 18:20:27,453 - DEBUG - Applied dict param blowout_vol=0.213
2026-04-21 18:20:27,453 - DEBUG - Applied dict param post_asp_air_vol=0.0
2026-04-21 18:20:27,453 - DEBUG - Applied dict param post_retract_wait_time=0.0
2026-04-21 18:20:27,453 - DEBUG - Applied dict param overaspirate_vol=0.0037
2026-04-21 18:20:27,453 - DEBUG - Applied dict param asp_disp_cycles=0
2026-04-21 18:20:27,460 - INFO - Pipetting into vial PVA_DMSO, amount: 0.050 mL
2026-04-21 18:20:27,460 - DEBUG - Adjusting pump 0 speed to 3
2026-04-21 18:20:29,289 - INFO - Short wait time (1.0s), allowing scale to settle after robot positioning...
2026-04-21 18:20:30,302 - INFO - Started continuous mass monitoring with pre-dispense baseline
2026-04-21 18:20:30,539 - DEBUG - Mass: -0.0365g at 0.000s (baseline_pre) steady=True
2026-04-21 18:20:30,941 - DEBUG - Mass: -0.0365g at 0.454s (baseline_pre) steady=True
2026-04-21 18:20:31,341 - DEBUG - Mass: -0.0365g at 0.842s (baseline_pre) steady=True
2026-04-21 18:20:31,741 - DEBUG - Mass: -0.0365g at 1.248s (baseline_pre) steady=True
2026-04-21 18:20:32,141 - DEBUG - Mass: -0.0365g at 1.654s (baseline_pre) steady=True
2026-04-21 18:20:32,303 - DEBUG - Dispensing 0.054 mL then waiting 2.8000000000000003 s
2026-04-21 18:20:32,539 - DEBUG - Mass: -0.0365g at 2.051s (dispensing) steady=True
2026-04-21 18:20:32,615 - DEBUG - Blowing out 0.213 mL
2026-04-21 18:20:32,615 - DEBUG - Adjusting pump 0 speed to 5
2026-04-21 18:20:32,932 - DEBUG - Mass: -0.0014g at 2.455s (dispensing) steady=False
2026-04-21 18:20:33,339 - DEBUG - Mass: 0.0188g at 2.849s (dispensing) steady=False
2026-04-21 18:20:33,727 - DEBUG - Mass: 0.0191g at 3.239s (dispensing) steady=False
2026-04-21 18:20:33,804 - DEBUG - Adjusting pump 0 speed to 3
2026-04-21 18:20:34,139 - DEBUG - Mass: 0.0182g at 3.647s (dispensing) steady=False
2026-04-21 18:20:34,539 - DEBUG - Mass: 0.0199g at 4.051s (dispensing) steady=False
2026-04-21 18:20:34,932 - DEBUG - Mass: 0.0216g at 4.440s (dispensing) steady=False
2026-04-21 18:20:35,339 - DEBUG - Mass: 0.0170g at 4.839s (dispensing) steady=False
2026-04-21 18:20:35,727 - DEBUG - Mass: 0.0166g at 5.243s (dispensing) steady=False
2026-04-21 18:20:36,140 - DEBUG - Mass: 0.0163g at 5.647s (dispensing) steady=False
2026-04-21 18:20:36,531 - DEBUG - Mass: 0.0166g at 6.053s (dispensing) steady=True
2026-04-21 18:20:36,934 - DEBUG - Mass: 0.0166g at 6.456s (dispensing) steady=True
2026-04-21 18:20:37,340 - DEBUG - Mass: 0.0166g at 6.854s (dispensing) steady=True
2026-04-21 18:20:37,594 - INFO - Dispensing took 5.290s, collecting post-dispense baseline
2026-04-21 18:20:37,741 - DEBUG - Mass: 0.0166g at 7.245s (dispensing) steady=True
2026-04-21 18:20:38,128 - DEBUG - Mass: 0.0165g at 7.650s (baseline_post) steady=True
2026-04-21 18:20:38,532 - DEBUG - Mass: 0.0165g at 8.055s (baseline_post) steady=True
2026-04-21 18:20:38,941 - DEBUG - Mass: 0.0165g at 8.442s (baseline_post) steady=True
2026-04-21 18:20:39,328 - DEBUG - Mass: 0.0165g at 8.845s (baseline_post) steady=True
2026-04-21 18:20:39,727 - DEBUG - Mass: 0.0165g at 9.250s (baseline_post) steady=True
2026-04-21 18:20:39,941 - INFO - Stopped continuous mass monitoring. Collected 24 data points
2026-04-21 18:20:39,946 - INFO - Pre-baseline: 5 stable readings, avg=-0.036500g
2026-04-21 18:20:39,946 - INFO - Post-baseline: 5 stable readings, avg=0.016500g
2026-04-21 18:20:39,946 - INFO - INDEPENDENT BASELINE calculation:
2026-04-21 18:20:39,946 - INFO - Pre: STABLE, Post: STABLE, Mass difference: 0.053000g
2026-04-21 18:20:39,946 - INFO - Reading summary: 5 pre-readings (5 stable), 5 post-readings (5 stable)
2026-04-21 18:20:39,946 - INFO - Baseline variability: pre_std=0.000000g, post_std=0.000000g
2026-04-21 18:20:39,946 - INFO - Target: 0.050 mL = ~0.050000 g for water
2026-04-21 18:20:39,950 - INFO - Saved 24 mass measurements to output\mass_measurements\experiment_log2026-04-21_18-14-58\mass_data_PVA_DMSO_20260421_182039.csv
2026-04-21 18:20:40,385 - INFO - Saved dispense mass vs time plot to output\mass_measurements\experiment_log2026-04-21_18-14-58\mass_plot_PVA_DMSO_20260421_182039.png
2026-04-21 18:20:40,386 - INFO - Removing pipet
2026-04-21 18:20:43,702 - INFO - Vial PVA_DMSO already at clamp index 0, no move needed
2026-04-21 18:20:44,940 - INFO - Vial PVA_DMSO already at clamp index 0, no move needed
2026-04-21 18:20:45,141 - DEBUG - Applied dict param aspirate_speed=21
2026-04-21 18:20:45,141 - DEBUG - Applied dict param dispense_speed=3
2026-04-21 18:20:45,141 - DEBUG - Applied dict param aspirate_wait_time=0.0
2026-04-21 18:20:45,141 - DEBUG - Applied dict param dispense_wait_time=2.8000000000000003
2026-04-21 18:20:45,141 - DEBUG - Applied dict param pre_asp_air_vol=0.0
2026-04-21 18:20:45,141 - DEBUG - Applied dict param retract_speed=5.0
2026-04-21 18:20:45,141 - DEBUG - Applied dict param blowout_vol=0.213
2026-04-21 18:20:45,141 - DEBUG - Applied dict param post_asp_air_vol=0.0
2026-04-21 18:20:45,141 - DEBUG - Applied dict param post_retract_wait_time=0.0
2026-04-21 18:20:45,141 - DEBUG - Applied dict param overaspirate_vol=0.0037
2026-04-21 18:20:45,141 - DEBUG - Applied dict param asp_disp_cycles=0
2026-04-21 18:20:45,142 - DEBUG - Selected small_tip for volume 0.050 mL
2026-04-21 18:20:45,143 - INFO - Getting small_tip (pipet number 36) from rack: small_tip_rack_2
2026-04-21 18:20:47,863 - INFO - Pipetting from vial PVA_DMSO, amount: 0.050 mL
2026-04-21 18:20:47,863 - INFO - Additional volume from calibration, amount: 0.004 mL
2026-04-21 18:20:47,863 - DEBUG - Adjusting pump 0 speed to 10
2026-04-21 18:20:49,769 - DEBUG - Adjusting pump 0 speed to 21
2026-04-21 18:20:50,795 - DEBUG - Aspirating 0.054 mL then waiting 0.0 s
2026-04-21 18:20:53,950 - DEBUG - Applied dict param aspirate_speed=21
2026-04-21 18:20:53,950 - DEBUG - Applied dict param dispense_speed=3
2026-04-21 18:20:53,950 - DEBUG - Applied dict param aspirate_wait_time=0.0
2026-04-21 18:20:53,950 - DEBUG - Applied dict param dispense_wait_time=2.8000000000000003
2026-04-21 18:20:53,950 - DEBUG - Applied dict param pre_asp_air_vol=0.0
2026-04-21 18:20:53,950 - DEBUG - Applied dict param retract_speed=5.0
2026-04-21 18:20:53,950 - DEBUG - Applied dict param blowout_vol=0.213
2026-04-21 18:20:53,950 - DEBUG - Applied dict param post_asp_air_vol=0.0
2026-04-21 18:20:53,950 - DEBUG - Applied dict param post_retract_wait_time=0.0
2026-04-21 18:20:53,950 - DEBUG - Applied dict param overaspirate_vol=0.0037
2026-04-21 18:20:53,950 - DEBUG - Applied dict param asp_disp_cycles=0
2026-04-21 18:20:53,950 - INFO - Pipetting into vial PVA_DMSO, amount: 0.050 mL
2026-04-21 18:20:53,950 - DEBUG - Adjusting pump 0 speed to 3
2026-04-21 18:20:55,787 - INFO - Short wait time (1.0s), allowing scale to settle after robot positioning...
2026-04-21 18:20:56,798 - INFO - Started continuous mass monitoring with pre-dispense baseline
2026-04-21 18:20:56,932 - DEBUG - Mass: -0.0332g at 0.000s (baseline_pre) steady=False
2026-04-21 18:20:57,342 - DEBUG - Mass: -0.0332g at 0.351s (baseline_pre) steady=True
2026-04-21 18:20:57,736 - DEBUG - Mass: -0.0332g at 0.755s (baseline_pre) steady=True
2026-04-21 18:20:58,126 - DEBUG - Mass: -0.0332g at 1.152s (baseline_pre) steady=True
2026-04-21 18:20:58,538 - DEBUG - Mass: -0.0332g at 1.549s (baseline_pre) steady=True
2026-04-21 18:20:58,799 - DEBUG - Dispensing 0.054 mL then waiting 2.8000000000000003 s
2026-04-21 18:20:58,937 - DEBUG - Mass: -0.0332g at 1.954s (baseline_pre) steady=True
2026-04-21 18:20:59,333 - DEBUG - Mass: -0.0172g at 2.347s (dispensing) steady=False
2026-04-21 18:20:59,413 - DEBUG - Blowing out 0.213 mL
2026-04-21 18:20:59,413 - DEBUG - Adjusting pump 0 speed to 5
2026-04-21 18:20:59,739 - DEBUG - Mass: 0.0130g at 2.753s (dispensing) steady=False
2026-04-21 18:21:00,137 - DEBUG - Mass: 0.0215g at 3.146s (dispensing) steady=False
2026-04-21 18:21:00,539 - DEBUG - Mass: 0.0225g at 3.551s (dispensing) steady=False
2026-04-21 18:21:00,618 - DEBUG - Adjusting pump 0 speed to 3
2026-04-21 18:21:00,933 - DEBUG - Mass: 0.0188g at 3.956s (dispensing) steady=False
2026-04-21 18:21:01,336 - DEBUG - Mass: 0.0229g at 4.353s (dispensing) steady=False
2026-04-21 18:21:01,739 - DEBUG - Mass: 0.0254g at 4.742s (dispensing) steady=False
2026-04-21 18:21:02,139 - DEBUG - Mass: 0.0202g at 5.147s (dispensing) steady=False
2026-04-21 18:21:02,526 - DEBUG - Mass: 0.0195g at 5.551s (dispensing) steady=False
2026-04-21 18:21:02,935 - DEBUG - Mass: 0.0192g at 5.955s (dispensing) steady=False
2026-04-21 18:21:03,336 - DEBUG - Mass: 0.0195g at 6.354s (dispensing) steady=False
2026-04-21 18:21:03,738 - DEBUG - Mass: 0.0193g at 6.742s (dispensing) steady=False
2026-04-21 18:21:04,136 - DEBUG - Mass: 0.0197g at 7.148s (dispensing) steady=False
2026-04-21 18:21:04,538 - DEBUG - Mass: 0.0192g at 7.555s (dispensing) steady=True
2026-04-21 18:21:04,609 - INFO - Dispensing took 5.809s, collecting post-dispense baseline
2026-04-21 18:21:04,934 - DEBUG - Mass: 0.0192g at 7.957s (baseline_post) steady=True
2026-04-21 18:21:05,340 - DEBUG - Mass: 0.0192g at 8.358s (baseline_post) steady=True
2026-04-21 18:21:05,740 - DEBUG - Mass: 0.0192g at 8.748s (baseline_post) steady=True
2026-04-21 18:21:06,127 - DEBUG - Mass: 0.0192g at 9.154s (baseline_post) steady=True
2026-04-21 18:21:06,538 - DEBUG - Mass: 0.0192g at 9.557s (baseline_post) steady=True
2026-04-21 18:21:06,755 - INFO - Stopped continuous mass monitoring. Collected 25 data points
2026-04-21 18:21:06,759 - INFO - Pre-baseline: 5 stable readings, avg=-0.033200g
2026-04-21 18:21:06,759 - INFO - Post-baseline: 5 stable readings, avg=0.019200g
2026-04-21 18:21:06,759 - INFO - INDEPENDENT BASELINE calculation:
2026-04-21 18:21:06,759 - INFO - Pre: STABLE, Post: STABLE, Mass difference: 0.052400g
2026-04-21 18:21:06,759 - INFO - Reading summary: 6 pre-readings (5 stable), 5 post-readings (5 stable)
2026-04-21 18:21:06,759 - INFO - Baseline variability: pre_std=0.000000g, post_std=0.000000g
2026-04-21 18:21:06,759 - INFO - Target: 0.050 mL = ~0.050000 g for water
2026-04-21 18:21:06,763 - INFO - Saved 25 mass measurements to output\mass_measurements\experiment_log2026-04-21_18-14-58\mass_data_PVA_DMSO_20260421_182106.csv
2026-04-21 18:21:07,208 - INFO - Saved dispense mass vs time plot to output\mass_measurements\experiment_log2026-04-21_18-14-58\mass_plot_PVA_DMSO_20260421_182106.png
2026-04-21 18:21:07,208 - INFO - Removing pipet
2026-04-21 18:21:10,516 - INFO - Vial PVA_DMSO already at clamp index 0, no move needed
2026-04-21 18:21:24,639 - INFO - Vial PVA_DMSO already at clamp index 0, no move needed
2026-04-21 18:21:24,733 - DEBUG - Applied dict param aspirate_speed=19
2026-04-21 18:21:24,733 - DEBUG - Applied dict param dispense_speed=15
2026-04-21 18:21:24,733 - DEBUG - Applied dict param aspirate_wait_time=3.0
2026-04-21 18:21:24,733 - DEBUG - Applied dict param dispense_wait_time=3.3000000000000003
2026-04-21 18:21:24,733 - DEBUG - Applied dict param pre_asp_air_vol=0.0
2026-04-21 18:21:24,733 - DEBUG - Applied dict param retract_speed=5.0
2026-04-21 18:21:24,733 - DEBUG - Applied dict param blowout_vol=0.17200000000000001
2026-04-21 18:21:24,733 - DEBUG - Applied dict param post_asp_air_vol=0.0
2026-04-21 18:21:24,733 - DEBUG - Applied dict param post_retract_wait_time=0.0
2026-04-21 18:21:24,733 - DEBUG - Applied dict param overaspirate_vol=0.005
2026-04-21 18:21:24,733 - DEBUG - Applied dict param asp_disp_cycles=0
2026-04-21 18:21:24,733 - DEBUG - Selected small_tip for volume 0.050 mL
2026-04-21 18:21:24,733 - INFO - Getting small_tip (pipet number 37) from rack: small_tip_rack_2
2026-04-21 18:21:27,460 - INFO - Pipetting from vial PVA_DMSO, amount: 0.050 mL
2026-04-21 18:21:27,460 - INFO - Additional volume from calibration, amount: 0.005 mL
2026-04-21 18:21:27,460 - DEBUG - Adjusting pump 0 speed to 10
2026-04-21 18:21:29,367 - DEBUG - Adjusting pump 0 speed to 19
2026-04-21 18:21:30,379 - DEBUG - Aspirating 0.055 mL then waiting 3.0 s
2026-04-21 18:21:36,367 - DEBUG - Applied dict param aspirate_speed=19
2026-04-21 18:21:36,367 - DEBUG - Applied dict param dispense_speed=15
2026-04-21 18:21:36,367 - DEBUG - Applied dict param aspirate_wait_time=3.0
2026-04-21 18:21:36,367 - DEBUG - Applied dict param dispense_wait_time=3.3000000000000003
2026-04-21 18:21:36,367 - DEBUG - Applied dict param pre_asp_air_vol=0.0
2026-04-21 18:21:36,367 - DEBUG - Applied dict param retract_speed=5.0
2026-04-21 18:21:36,367 - DEBUG - Applied dict param blowout_vol=0.17200000000000001
2026-04-21 18:21:36,367 - DEBUG - Applied dict param post_asp_air_vol=0.0
2026-04-21 18:21:36,367 - DEBUG - Applied dict param post_retract_wait_time=0.0
2026-04-21 18:21:36,367 - DEBUG - Applied dict param overaspirate_vol=0.005
2026-04-21 18:21:36,367 - DEBUG - Applied dict param asp_disp_cycles=0
2026-04-21 18:21:36,367 - INFO - Pipetting into vial PVA_DMSO, amount: 0.050 mL
2026-04-21 18:21:36,367 - DEBUG - Adjusting pump 0 speed to 15
2026-04-21 18:21:38,208 - INFO - Short wait time (1.0s), allowing scale to settle after robot positioning...
2026-04-21 18:21:39,222 - INFO - Started continuous mass monitoring with pre-dispense baseline
2026-04-21 18:21:39,340 - DEBUG - Mass: -0.0334g at 0.000s (baseline_pre) steady=False
2026-04-21 18:21:39,741 - DEBUG - Mass: -0.0335g at 0.325s (baseline_pre) steady=True
2026-04-21 18:21:40,141 - DEBUG - Mass: -0.0335g at 0.727s (baseline_pre) steady=True
2026-04-21 18:21:40,539 - DEBUG - Mass: -0.0335g at 1.133s (baseline_pre) steady=True
2026-04-21 18:21:40,942 - DEBUG - Mass: -0.0335g at 1.534s (baseline_pre) steady=True
2026-04-21 18:21:41,225 - DEBUG - Dispensing 0.055 mL then waiting 3.3000000000000003 s
2026-04-21 18:21:41,341 - DEBUG - Mass: -0.0335g at 1.920s (baseline_pre) steady=True
2026-04-21 18:21:41,741 - DEBUG - Mass: -0.0335g at 2.328s (dispensing) steady=True
2026-04-21 18:21:42,136 - DEBUG - Mass: -0.0028g at 2.734s (dispensing) steady=False
2026-04-21 18:21:42,208 - DEBUG - Blowing out 0.172 mL
2026-04-21 18:21:42,208 - DEBUG - Adjusting pump 0 speed to 5
2026-04-21 18:21:42,537 - DEBUG - Mass: 0.0195g at 3.133s (dispensing) steady=False
2026-04-21 18:21:42,927 - DEBUG - Mass: 0.0233g at 3.520s (dispensing) steady=False
2026-04-21 18:21:43,337 - DEBUG - Mass: 0.0235g at 3.929s (dispensing) steady=False
2026-04-21 18:21:43,401 - DEBUG - Adjusting pump 0 speed to 15
2026-04-21 18:21:43,727 - DEBUG - Mass: 0.0212g at 4.319s (dispensing) steady=False
2026-04-21 18:21:44,139 - DEBUG - Mass: 0.0240g at 4.727s (dispensing) steady=False
2026-04-21 18:21:44,530 - DEBUG - Mass: 0.0268g at 5.133s (dispensing) steady=False
2026-04-21 18:21:44,935 - DEBUG - Mass: 0.0280g at 5.520s (dispensing) steady=False
2026-04-21 18:21:45,339 - DEBUG - Mass: 0.0280g at 5.919s (dispensing) steady=False
2026-04-21 18:21:45,728 - DEBUG - Mass: 0.0279g at 6.323s (dispensing) steady=False
2026-04-21 18:21:46,127 - DEBUG - Mass: 0.0237g at 6.729s (dispensing) steady=False
2026-04-21 18:21:46,533 - DEBUG - Mass: 0.0228g at 7.133s (dispensing) steady=False
2026-04-21 18:21:46,939 - DEBUG - Mass: 0.0220g at 7.522s (dispensing) steady=False
2026-04-21 18:21:47,340 - DEBUG - Mass: 0.0224g at 7.921s (dispensing) steady=True
2026-04-21 18:21:47,733 - DEBUG - Mass: 0.0224g at 8.325s (dispensing) steady=True
2026-04-21 18:21:48,127 - DEBUG - Mass: 0.0224g at 8.730s (dispensing) steady=True
2026-04-21 18:21:48,535 - DEBUG - Mass: 0.0224g at 9.120s (dispensing) steady=True
2026-04-21 18:21:48,941 - DEBUG - Mass: 0.0224g at 9.522s (dispensing) steady=True
2026-04-21 18:21:49,098 - INFO - Dispensing took 7.873s, collecting post-dispense baseline
2026-04-21 18:21:49,328 - DEBUG - Mass: 0.0223g at 9.922s (baseline_post) steady=True
2026-04-21 18:21:49,731 - DEBUG - Mass: 0.0223g at 10.328s (baseline_post) steady=True
2026-04-21 18:21:50,138 - DEBUG - Mass: 0.0223g at 10.721s (baseline_post) steady=True
2026-04-21 18:21:50,539 - DEBUG - Mass: 0.0223g at 11.141s (baseline_post) steady=True
2026-04-21 18:21:50,929 - DEBUG - Mass: 0.0223g at 11.522s (baseline_post) steady=True
2026-04-21 18:21:51,151 - INFO - Stopped continuous mass monitoring. Collected 30 data points
2026-04-21 18:21:51,156 - INFO - Pre-baseline: 5 stable readings, avg=-0.033500g
2026-04-21 18:21:51,156 - INFO - Post-baseline: 5 stable readings, avg=0.022300g
2026-04-21 18:21:51,156 - INFO - INDEPENDENT BASELINE calculation:
2026-04-21 18:21:51,156 - INFO - Pre: STABLE, Post: STABLE, Mass difference: 0.055800g
2026-04-21 18:21:51,157 - INFO - Reading summary: 6 pre-readings (5 stable), 5 post-readings (5 stable)
2026-04-21 18:21:51,157 - INFO - Baseline variability: pre_std=0.000041g, post_std=0.000000g
2026-04-21 18:21:51,157 - INFO - Target: 0.050 mL = ~0.050000 g for water
2026-04-21 18:21:51,160 - INFO - Saved 30 mass measurements to output\mass_measurements\experiment_log2026-04-21_18-14-58\mass_data_PVA_DMSO_20260421_182151.csv
2026-04-21 18:21:51,603 - INFO - Saved dispense mass vs time plot to output\mass_measurements\experiment_log2026-04-21_18-14-58\mass_plot_PVA_DMSO_20260421_182151.png
2026-04-21 18:21:51,619 - INFO - Removing pipet
2026-04-21 18:21:54,939 - INFO - Vial PVA_DMSO already at clamp index 0, no move needed
2026-04-21 18:21:55,133 - INFO - Vial PVA_DMSO already at clamp index 0, no move needed
2026-04-21 18:21:55,327 - DEBUG - Applied dict param aspirate_speed=19
2026-04-21 18:21:55,327 - DEBUG - Applied dict param dispense_speed=15
2026-04-21 18:21:55,327 - DEBUG - Applied dict param aspirate_wait_time=3.0
2026-04-21 18:21:55,327 - DEBUG - Applied dict param dispense_wait_time=3.3000000000000003
2026-04-21 18:21:55,327 - DEBUG - Applied dict param pre_asp_air_vol=0.0
2026-04-21 18:21:55,327 - DEBUG - Applied dict param retract_speed=5.0
2026-04-21 18:21:55,327 - DEBUG - Applied dict param blowout_vol=0.17200000000000001
2026-04-21 18:21:55,327 - DEBUG - Applied dict param post_asp_air_vol=0.0
2026-04-21 18:21:55,327 - DEBUG - Applied dict param post_retract_wait_time=0.0
2026-04-21 18:21:55,327 - DEBUG - Applied dict param overaspirate_vol=0.005
2026-04-21 18:21:55,327 - DEBUG - Applied dict param asp_disp_cycles=0
2026-04-21 18:21:55,327 - DEBUG - Selected small_tip for volume 0.050 mL
2026-04-21 18:21:55,343 - INFO - Getting small_tip (pipet number 38) from rack: small_tip_rack_2
2026-04-21 18:21:58,042 - INFO - Pipetting from vial PVA_DMSO, amount: 0.050 mL
2026-04-21 18:21:58,042 - INFO - Additional volume from calibration, amount: 0.005 mL
2026-04-21 18:21:58,042 - DEBUG - Adjusting pump 0 speed to 10
2026-04-21 18:21:59,997 - DEBUG - Adjusting pump 0 speed to 19
2026-04-21 18:22:01,001 - DEBUG - Aspirating 0.055 mL then waiting 3.0 s
2026-04-21 18:22:06,925 - DEBUG - Applied dict param aspirate_speed=19
2026-04-21 18:22:06,925 - DEBUG - Applied dict param dispense_speed=15
2026-04-21 18:22:06,925 - DEBUG - Applied dict param aspirate_wait_time=3.0
2026-04-21 18:22:06,925 - DEBUG - Applied dict param dispense_wait_time=3.3000000000000003
2026-04-21 18:22:06,925 - DEBUG - Applied dict param pre_asp_air_vol=0.0
2026-04-21 18:22:06,925 - DEBUG - Applied dict param retract_speed=5.0
2026-04-21 18:22:06,925 - DEBUG - Applied dict param blowout_vol=0.17200000000000001
2026-04-21 18:22:06,925 - DEBUG - Applied dict param post_asp_air_vol=0.0
2026-04-21 18:22:06,925 - DEBUG - Applied dict param post_retract_wait_time=0.0
2026-04-21 18:22:06,925 - DEBUG - Applied dict param overaspirate_vol=0.005
2026-04-21 18:22:06,925 - DEBUG - Applied dict param asp_disp_cycles=0
2026-04-21 18:22:06,933 - INFO - Pipetting into vial PVA_DMSO, amount: 0.050 mL
2026-04-21 18:22:06,933 - DEBUG - Adjusting pump 0 speed to 15
2026-04-21 18:22:08,769 - INFO - Short wait time (1.0s), allowing scale to settle after robot positioning...
2026-04-21 18:22:09,771 - INFO - Started continuous mass monitoring with pre-dispense baseline
2026-04-21 18:22:09,940 - DEBUG - Mass: -0.0248g at 0.000s (baseline_pre) steady=False
2026-04-21 18:22:10,336 - DEBUG - Mass: -0.0249g at 0.378s (baseline_pre) steady=True
2026-04-21 18:22:10,742 - DEBUG - Mass: -0.0249g at 0.783s (baseline_pre) steady=True
2026-04-21 18:22:11,141 - DEBUG - Mass: -0.0249g at 1.176s (baseline_pre) steady=True
2026-04-21 18:22:11,542 - DEBUG - Mass: -0.0249g at 1.581s (baseline_pre) steady=True
2026-04-21 18:22:11,771 - DEBUG - Dispensing 0.055 mL then waiting 3.3000000000000003 s
2026-04-21 18:22:11,930 - DEBUG - Mass: -0.0249g at 1.984s (baseline_pre) steady=True
2026-04-21 18:22:12,335 - DEBUG - Mass: -0.0249g at 2.383s (dispensing) steady=True
2026-04-21 18:22:12,724 - DEBUG - Mass: 0.0043g at 2.785s (dispensing) steady=False
2026-04-21 18:22:12,788 - DEBUG - Blowing out 0.172 mL
2026-04-21 18:22:12,788 - DEBUG - Adjusting pump 0 speed to 5
2026-04-21 18:22:13,124 - DEBUG - Mass: 0.0278g at 3.176s (dispensing) steady=False
2026-04-21 18:22:13,528 - DEBUG - Mass: 0.0331g at 3.581s (dispensing) steady=False
2026-04-21 18:22:13,933 - DEBUG - Mass: 0.0325g at 3.970s (dispensing) steady=False
2026-04-21 18:22:13,996 - DEBUG - Adjusting pump 0 speed to 15
2026-04-21 18:22:14,339 - DEBUG - Mass: 0.0325g at 4.384s (dispensing) steady=False
2026-04-21 18:22:14,736 - DEBUG - Mass: 0.0325g at 4.774s (dispensing) steady=False
2026-04-21 18:22:15,131 - DEBUG - Mass: 0.0346g at 5.178s (dispensing) steady=False
2026-04-21 18:22:15,533 - DEBUG - Mass: 0.0345g at 5.569s (dispensing) steady=False
2026-04-21 18:22:15,941 - DEBUG - Mass: 0.0347g at 5.971s (dispensing) steady=True
2026-04-21 18:22:16,330 - DEBUG - Mass: 0.0347g at 6.375s (dispensing) steady=True
2026-04-21 18:22:16,726 - DEBUG - Mass: 0.0302g at 6.779s (dispensing) steady=False
2026-04-21 18:22:17,135 - DEBUG - Mass: 0.0295g at 7.169s (dispensing) steady=False
2026-04-21 18:22:17,537 - DEBUG - Mass: 0.0289g at 7.582s (dispensing) steady=False
2026-04-21 18:22:17,930 - DEBUG - Mass: 0.0289g at 7.972s (dispensing) steady=False
2026-04-21 18:22:18,339 - DEBUG - Mass: 0.0287g at 8.379s (dispensing) steady=False
2026-04-21 18:22:18,731 - DEBUG - Mass: 0.0288g at 8.769s (dispensing) steady=False
2026-04-21 18:22:19,141 - DEBUG - Mass: 0.0288g at 9.179s (dispensing) steady=True
2026-04-21 18:22:19,531 - DEBUG - Mass: 0.0288g at 9.584s (dispensing) steady=True
2026-04-21 18:22:19,709 - INFO - Dispensing took 7.938s, collecting post-dispense baseline
2026-04-21 18:22:19,936 - DEBUG - Mass: 0.0288g at 9.972s (baseline_post) steady=True
2026-04-21 18:22:20,340 - DEBUG - Mass: 0.0288g at 10.385s (baseline_post) steady=True
2026-04-21 18:22:20,736 - DEBUG - Mass: 0.0287g at 10.774s (baseline_post) steady=True
2026-04-21 18:22:21,129 - DEBUG - Mass: 0.0287g at 11.181s (baseline_post) steady=True
2026-04-21 18:22:21,536 - DEBUG - Mass: 0.0287g at 11.586s (baseline_post) steady=True
2026-04-21 18:22:21,746 - INFO - Stopped continuous mass monitoring. Collected 30 data points
2026-04-21 18:22:21,746 - INFO - Pre-baseline: 5 stable readings, avg=-0.024900g
2026-04-21 18:22:21,746 - INFO - Post-baseline: 5 stable readings, avg=0.028740g
2026-04-21 18:22:21,746 - INFO - INDEPENDENT BASELINE calculation:
2026-04-21 18:22:21,746 - INFO - Pre: STABLE, Post: STABLE, Mass difference: 0.053640g
2026-04-21 18:22:21,746 - INFO - Reading summary: 6 pre-readings (5 stable), 5 post-readings (5 stable)
2026-04-21 18:22:21,746 - INFO - Baseline variability: pre_std=0.000041g, post_std=0.000055g
2026-04-21 18:22:21,746 - INFO - Target: 0.050 mL = ~0.050000 g for water
2026-04-21 18:22:21,754 - INFO - Saved 30 mass measurements to output\mass_measurements\experiment_log2026-04-21_18-14-58\mass_data_PVA_DMSO_20260421_182221.csv
2026-04-21 18:22:22,199 - INFO - Saved dispense mass vs time plot to output\mass_measurements\experiment_log2026-04-21_18-14-58\mass_plot_PVA_DMSO_20260421_182221.png
2026-04-21 18:22:22,200 - INFO - Removing pipet
2026-04-21 18:22:25,495 - INFO - Vial PVA_DMSO already at clamp index 0, no move needed
2026-04-21 18:22:39,093 - INFO - Vial PVA_DMSO already at clamp index 0, no move needed
2026-04-21 18:22:39,341 - DEBUG - Applied dict param aspirate_speed=28
2026-04-21 18:22:39,341 - DEBUG - Applied dict param dispense_speed=12
2026-04-21 18:22:39,341 - DEBUG - Applied dict param aspirate_wait_time=3.2
2026-04-21 18:22:39,341 - DEBUG - Applied dict param dispense_wait_time=3.2
2026-04-21 18:22:39,341 - DEBUG - Applied dict param pre_asp_air_vol=0.0
2026-04-21 18:22:39,341 - DEBUG - Applied dict param retract_speed=5.0
2026-04-21 18:22:39,341 - DEBUG - Applied dict param blowout_vol=0.145
2026-04-21 18:22:39,341 - DEBUG - Applied dict param post_asp_air_vol=0.0
2026-04-21 18:22:39,341 - DEBUG - Applied dict param post_retract_wait_time=0.0
2026-04-21 18:22:39,341 - DEBUG - Applied dict param overaspirate_vol=0.0039000000000000003
2026-04-21 18:22:39,341 - DEBUG - Applied dict param asp_disp_cycles=0
2026-04-21 18:22:39,343 - DEBUG - Selected small_tip for volume 0.050 mL
2026-04-21 18:22:39,343 - INFO - Getting small_tip (pipet number 39) from rack: small_tip_rack_2
2026-04-21 18:22:42,055 - INFO - Pipetting from vial PVA_DMSO, amount: 0.050 mL
2026-04-21 18:22:42,055 - INFO - Additional volume from calibration, amount: 0.004 mL
2026-04-21 18:22:42,056 - DEBUG - Adjusting pump 0 speed to 10
2026-04-21 18:22:44,039 - DEBUG - Adjusting pump 0 speed to 28
2026-04-21 18:22:45,065 - DEBUG - Aspirating 0.054 mL then waiting 3.2 s
2026-04-21 18:22:53,197 - DEBUG - Applied dict param aspirate_speed=28
2026-04-21 18:22:53,197 - DEBUG - Applied dict param dispense_speed=12
2026-04-21 18:22:53,197 - DEBUG - Applied dict param aspirate_wait_time=3.2
2026-04-21 18:22:53,197 - DEBUG - Applied dict param dispense_wait_time=3.2
2026-04-21 18:22:53,197 - DEBUG - Applied dict param pre_asp_air_vol=0.0
2026-04-21 18:22:53,197 - DEBUG - Applied dict param retract_speed=5.0
2026-04-21 18:22:53,197 - DEBUG - Applied dict param blowout_vol=0.145
2026-04-21 18:22:53,197 - DEBUG - Applied dict param post_asp_air_vol=0.0
2026-04-21 18:22:53,197 - DEBUG - Applied dict param post_retract_wait_time=0.0
2026-04-21 18:22:53,197 - DEBUG - Applied dict param overaspirate_vol=0.0039000000000000003
2026-04-21 18:22:53,197 - DEBUG - Applied dict param asp_disp_cycles=0
2026-04-21 18:22:53,199 - INFO - Pipetting into vial PVA_DMSO, amount: 0.050 mL
2026-04-21 18:22:53,199 - DEBUG - Adjusting pump 0 speed to 12
2026-04-21 18:22:55,043 - INFO - Short wait time (1.0s), allowing scale to settle after robot positioning...
2026-04-21 18:22:56,048 - INFO - Started continuous mass monitoring with pre-dispense baseline
2026-04-21 18:22:56,140 - DEBUG - Mass: -0.0380g at 0.000s (baseline_pre) steady=False
2026-04-21 18:22:56,535 - DEBUG - Mass: -0.0381g at 0.305s (baseline_pre) steady=False
2026-04-21 18:22:56,941 - DEBUG - Mass: -0.0379g at 0.699s (baseline_pre) steady=True
2026-04-21 18:22:57,341 - DEBUG - Mass: -0.0379g at 1.111s (baseline_pre) steady=True
2026-04-21 18:22:57,741 - DEBUG - Mass: -0.0379g at 1.507s (baseline_pre) steady=True
2026-04-21 18:22:58,059 - DEBUG - Dispensing 0.054 mL then waiting 3.2 s
2026-04-21 18:22:58,142 - DEBUG - Mass: -0.0379g at 1.903s (baseline_pre) steady=True
2026-04-21 18:22:58,539 - DEBUG - Mass: -0.0305g at 2.310s (dispensing) steady=False
2026-04-21 18:22:58,607 - DEBUG - Blowing out 0.145 mL
2026-04-21 18:22:58,607 - DEBUG - Adjusting pump 0 speed to 5
2026-04-21 18:22:58,939 - DEBUG - Mass: 0.0043g at 2.700s (dispensing) steady=False
2026-04-21 18:22:59,339 - DEBUG - Mass: 0.0172g at 3.093s (dispensing) steady=False
2026-04-21 18:22:59,740 - DEBUG - Mass: 0.0170g at 3.500s (dispensing) steady=False
2026-04-21 18:22:59,814 - DEBUG - Adjusting pump 0 speed to 12
2026-04-21 18:23:00,139 - DEBUG - Mass: 0.0146g at 3.908s (dispensing) steady=False
2026-04-21 18:23:00,538 - DEBUG - Mass: 0.0185g at 4.294s (dispensing) steady=False
2026-04-21 18:23:00,940 - DEBUG - Mass: 0.0214g at 4.704s (dispensing) steady=False
2026-04-21 18:23:01,339 - DEBUG - Mass: 0.0195g at 5.108s (dispensing) steady=False
2026-04-21 18:23:01,739 - DEBUG - Mass: 0.0166g at 5.501s (dispensing) steady=False
2026-04-21 18:23:02,139 - DEBUG - Mass: 0.0160g at 5.904s (dispensing) steady=False
2026-04-21 18:23:02,539 - DEBUG - Mass: 0.0160g at 6.294s (dispensing) steady=False
2026-04-21 18:23:02,941 - DEBUG - Mass: 0.0163g at 6.697s (dispensing) steady=True
2026-04-21 18:23:03,341 - DEBUG - Mass: 0.0163g at 7.103s (dispensing) steady=True
2026-04-21 18:23:03,741 - DEBUG - Mass: 0.0163g at 7.507s (dispensing) steady=True
2026-04-21 18:23:04,141 - DEBUG - Mass: 0.0163g at 7.897s (dispensing) steady=True
2026-04-21 18:23:04,382 - INFO - Dispensing took 6.322s, collecting post-dispense baseline
2026-04-21 18:23:04,541 - DEBUG - Mass: 0.0163g at 8.303s (dispensing) steady=True
2026-04-21 18:23:04,942 - DEBUG - Mass: 0.0162g at 8.697s (baseline_post) steady=True
2026-04-21 18:23:05,341 - DEBUG - Mass: 0.0162g at 9.106s (baseline_post) steady=True
2026-04-21 18:23:05,741 - DEBUG - Mass: 0.0162g at 9.498s (baseline_post) steady=True
2026-04-21 18:23:06,142 - DEBUG - Mass: 0.0162g at 9.902s (baseline_post) steady=True
2026-04-21 18:23:06,541 - DEBUG - Mass: 0.0162g at 10.299s (baseline_post) steady=True
2026-04-21 18:23:06,750 - INFO - Stopped continuous mass monitoring. Collected 27 data points
2026-04-21 18:23:06,753 - INFO - Pre-baseline: 4 stable readings, avg=-0.037900g
2026-04-21 18:23:06,754 - INFO - Post-baseline: 5 stable readings, avg=0.016200g
2026-04-21 18:23:06,754 - INFO - INDEPENDENT BASELINE calculation:
2026-04-21 18:23:06,754 - INFO - Pre: STABLE, Post: STABLE, Mass difference: 0.054100g
2026-04-21 18:23:06,755 - INFO - Reading summary: 6 pre-readings (4 stable), 5 post-readings (5 stable)
2026-04-21 18:23:06,755 - INFO - Baseline variability: pre_std=0.000084g, post_std=0.000000g
2026-04-21 18:23:06,755 - INFO - Target: 0.050 mL = ~0.050000 g for water
2026-04-21 18:23:06,757 - INFO - Saved 27 mass measurements to output\mass_measurements\experiment_log2026-04-21_18-14-58\mass_data_PVA_DMSO_20260421_182306.csv
2026-04-21 18:23:07,201 - INFO - Saved dispense mass vs time plot to output\mass_measurements\experiment_log2026-04-21_18-14-58\mass_plot_PVA_DMSO_20260421_182306.png
2026-04-21 18:23:07,202 - INFO - Removing pipet
2026-04-21 18:23:10,510 - INFO - Vial PVA_DMSO already at clamp index 0, no move needed
2026-04-21 18:23:12,546 - INFO - Vial PVA_DMSO already at clamp index 0, no move needed
2026-04-21 18:23:12,740 - DEBUG - Applied dict param aspirate_speed=28
2026-04-21 18:23:12,740 - DEBUG - Applied dict param dispense_speed=12
2026-04-21 18:23:12,740 - DEBUG - Applied dict param aspirate_wait_time=3.2
2026-04-21 18:23:12,740 - DEBUG - Applied dict param dispense_wait_time=3.2
2026-04-21 18:23:12,740 - DEBUG - Applied dict param pre_asp_air_vol=0.0
2026-04-21 18:23:12,740 - DEBUG - Applied dict param retract_speed=5.0
2026-04-21 18:23:12,740 - DEBUG - Applied dict param blowout_vol=0.145
2026-04-21 18:23:12,740 - DEBUG - Applied dict param post_asp_air_vol=0.0
2026-04-21 18:23:12,740 - DEBUG - Applied dict param post_retract_wait_time=0.0
2026-04-21 18:23:12,740 - DEBUG - Applied dict param overaspirate_vol=0.0039000000000000003
2026-04-21 18:23:12,740 - DEBUG - Applied dict param asp_disp_cycles=0
2026-04-21 18:23:12,741 - DEBUG - Selected small_tip for volume 0.050 mL
2026-04-21 18:23:12,743 - INFO - Getting small_tip (pipet number 40) from rack: small_tip_rack_2
2026-04-21 18:23:15,418 - INFO - Pipetting from vial PVA_DMSO, amount: 0.050 mL
2026-04-21 18:23:15,418 - INFO - Additional volume from calibration, amount: 0.004 mL
2026-04-21 18:23:15,419 - DEBUG - Adjusting pump 0 speed to 10
2026-04-21 18:23:17,419 - DEBUG - Adjusting pump 0 speed to 28
2026-04-21 18:23:18,465 - DEBUG - Aspirating 0.054 mL then waiting 3.2 s
2026-04-21 18:23:26,596 - DEBUG - Applied dict param aspirate_speed=28
2026-04-21 18:23:26,596 - DEBUG - Applied dict param dispense_speed=12
2026-04-21 18:23:26,596 - DEBUG - Applied dict param aspirate_wait_time=3.2
2026-04-21 18:23:26,596 - DEBUG - Applied dict param dispense_wait_time=3.2
2026-04-21 18:23:26,596 - DEBUG - Applied dict param pre_asp_air_vol=0.0
2026-04-21 18:23:26,596 - DEBUG - Applied dict param retract_speed=5.0
2026-04-21 18:23:26,596 - DEBUG - Applied dict param blowout_vol=0.145
2026-04-21 18:23:26,596 - DEBUG - Applied dict param post_asp_air_vol=0.0
2026-04-21 18:23:26,596 - DEBUG - Applied dict param post_retract_wait_time=0.0
2026-04-21 18:23:26,596 - DEBUG - Applied dict param overaspirate_vol=0.0039000000000000003
2026-04-21 18:23:26,596 - DEBUG - Applied dict param asp_disp_cycles=0
2026-04-21 18:23:26,598 - INFO - Pipetting into vial PVA_DMSO, amount: 0.050 mL
2026-04-21 18:23:26,599 - DEBUG - Adjusting pump 0 speed to 12
2026-04-21 18:23:28,448 - INFO - Short wait time (1.0s), allowing scale to settle after robot positioning...
2026-04-21 18:23:29,458 - INFO - Started continuous mass monitoring with pre-dispense baseline
2026-04-21 18:23:29,742 - DEBUG - Mass: -0.0334g at 0.000s (baseline_pre) steady=True
2026-04-21 18:23:30,142 - DEBUG - Mass: -0.0334g at 0.485s (baseline_pre) steady=True
2026-04-21 18:23:30,541 - DEBUG - Mass: -0.0334g at 0.893s (baseline_pre) steady=True
2026-04-21 18:23:30,942 - DEBUG - Mass: -0.0335g at 1.299s (baseline_pre) steady=True
2026-04-21 18:23:31,342 - DEBUG - Mass: -0.0335g at 1.695s (baseline_pre) steady=True
2026-04-21 18:23:31,466 - DEBUG - Dispensing 0.054 mL then waiting 3.2 s
2026-04-21 18:23:31,741 - DEBUG - Mass: -0.0335g at 2.086s (dispensing) steady=True
2026-04-21 18:23:31,872 - DEBUG - Blowing out 0.145 mL
2026-04-21 18:23:31,872 - DEBUG - Adjusting pump 0 speed to 5
2026-04-21 18:23:32,140 - DEBUG - Mass: -0.0018g at 2.493s (dispensing) steady=False
2026-04-21 18:23:32,539 - DEBUG - Mass: 0.0247g at 2.884s (dispensing) steady=False
2026-04-21 18:23:32,939 - DEBUG - Mass: 0.0210g at 3.293s (dispensing) steady=False
2026-04-21 18:23:33,159 - DEBUG - Adjusting pump 0 speed to 12
2026-04-21 18:23:33,339 - DEBUG - Mass: 0.0191g at 3.685s (dispensing) steady=False
2026-04-21 18:23:33,740 - DEBUG - Mass: 0.0248g at 4.092s (dispensing) steady=False
2026-04-21 18:23:34,139 - DEBUG - Mass: 0.0213g at 4.483s (dispensing) steady=False
2026-04-21 18:23:34,539 - DEBUG - Mass: 0.0251g at 4.889s (dispensing) steady=False
2026-04-21 18:23:34,940 - DEBUG - Mass: 0.0224g at 5.283s (dispensing) steady=False
2026-04-21 18:23:35,338 - DEBUG - Mass: 0.0207g at 5.689s (dispensing) steady=False
2026-04-21 18:23:35,739 - DEBUG - Mass: 0.0205g at 6.083s (dispensing) steady=False
2026-04-21 18:23:36,140 - DEBUG - Mass: 0.0207g at 6.491s (dispensing) steady=False
2026-04-21 18:23:36,542 - DEBUG - Mass: 0.0203g at 6.883s (dispensing) steady=True
2026-04-21 18:23:36,941 - DEBUG - Mass: 0.0203g at 7.292s (dispensing) steady=True
2026-04-21 18:23:37,341 - DEBUG - Mass: 0.0203g at 7.687s (dispensing) steady=True
2026-04-21 18:23:37,742 - DEBUG - Mass: 0.0203g at 8.092s (dispensing) steady=True
2026-04-21 18:23:37,881 - INFO - Dispensing took 6.415s, collecting post-dispense baseline
2026-04-21 18:23:38,141 - DEBUG - Mass: 0.0203g at 8.484s (baseline_post) steady=True
2026-04-21 18:23:38,541 - DEBUG - Mass: 0.0203g at 8.892s (baseline_post) steady=True
2026-04-21 18:23:38,941 - DEBUG - Mass: 0.0203g at 9.285s (baseline_post) steady=True
2026-04-21 18:23:39,341 - DEBUG - Mass: 0.0203g at 9.692s (baseline_post) steady=True
2026-04-21 18:23:39,741 - DEBUG - Mass: 0.0203g at 10.098s (baseline_post) steady=True
2026-04-21 18:23:39,949 - INFO - Stopped continuous mass monitoring. Collected 26 data points
2026-04-21 18:23:39,952 - INFO - Pre-baseline: 5 stable readings, avg=-0.033440g
2026-04-21 18:23:39,953 - INFO - Post-baseline: 5 stable readings, avg=0.020300g
2026-04-21 18:23:39,953 - INFO - INDEPENDENT BASELINE calculation:
2026-04-21 18:23:39,953 - INFO - Pre: STABLE, Post: STABLE, Mass difference: 0.053740g
2026-04-21 18:23:39,954 - INFO - Reading summary: 5 pre-readings (5 stable), 5 post-readings (5 stable)
2026-04-21 18:23:39,954 - INFO - Baseline variability: pre_std=0.000055g, post_std=0.000000g
2026-04-21 18:23:39,954 - INFO - Target: 0.050 mL = ~0.050000 g for water
2026-04-21 18:23:39,957 - INFO - Saved 26 mass measurements to output\mass_measurements\experiment_log2026-04-21_18-14-58\mass_data_PVA_DMSO_20260421_182339.csv
2026-04-21 18:23:40,528 - INFO - Saved dispense mass vs time plot to output\mass_measurements\experiment_log2026-04-21_18-14-58\mass_plot_PVA_DMSO_20260421_182339.png
2026-04-21 18:23:40,529 - INFO - Removing pipet
2026-04-21 18:23:43,841 - INFO - Vial PVA_DMSO already at clamp index 0, no move needed
2026-04-21 18:23:45,566 - INFO - Removing pipet
2026-04-21 18:23:46,834 - INFO - Returning vial PVA_DMSO to home location: main_8mL_rack index 39
2026-04-21 18:23:46,835 - INFO - Moving vial PVA_DMSO to main_8mL_rack: 39
2026-04-21 18:23:46,836 - DEBUG - Grabbing vial 3 with index 3
2026-04-21 18:23:49,140 - DEBUG - Dropping off vial 3 at location main_8mL_rack with index 39
2026-04-21 18:23:52,637 - INFO - Moving robot to home position
