2025-11-05 10:51:38,739 - INFO - Initializing North Robot...
2025-11-05 10:51:38,739 - DEBUG - Loading robot configuration files...
2025-11-05 10:51:38,754 - DEBUG - Loaded vial positions configuration from robot_state/vial_positions.yaml
2025-11-05 10:51:38,754 - DEBUG - Loaded pipet tips configuration from robot_state/pipet_tips.yaml
2025-11-05 10:51:38,754 - DEBUG - Loaded pipet racks configuration from robot_state/pipet_racks.yaml
2025-11-05 10:51:38,772 - DEBUG - Loaded pump configuration from robot_state/syringe_pumps.yaml
2025-11-05 10:51:38,775 - DEBUG - Loaded robot hardware configuration from robot_state/robot_hardware.yaml
2025-11-05 10:51:38,778 - DEBUG - Loaded wellplate properties configuration from robot_state/wellplates.yaml
2025-11-05 10:51:38,778 - DEBUG - Loading robot state files...
2025-11-05 10:51:38,778 - DEBUG - Loaded vial data from ../utoronto_demo/status/calibration_vials_short.csv
2025-11-05 10:51:38,792 - DEBUG - Loaded robot status from robot_state/robot_status.yaml
2025-11-05 10:51:38,797 - DEBUG - Loaded wellplate positions from robot_state/wellplates.yaml
2025-11-05 10:51:38,797 - DEBUG - Robot status loaded successfully
2025-11-05 10:51:38,797 - DEBUG - Loading pumps from YAML configuration...
2025-11-05 10:51:38,906 - DEBUG - Loaded pump 0: volume=1.0mL, speed=11, liquid=None
2025-11-05 10:51:39,018 - DEBUG - Loaded pump 1: volume=2.5mL, speed=15, liquid=water
2025-11-05 10:51:39,018 - DEBUG - Physical initialization of North Robot...
2025-11-05 10:51:39,340 - INFO - Moving robot to home position
2025-11-05 10:51:42,327 - INFO - Initializing North Track...
2025-11-05 10:51:42,327 - DEBUG - Loading track status from file: robot_state/track_status.yaml
2025-11-05 10:51:42,327 - DEBUG - Getting track status from file: robot_state/track_status.yaml
2025-11-05 10:51:42,327 - DEBUG - Loaded track status from robot_state/track_status.yaml
2025-11-05 10:51:42,327 - DEBUG - Loading track positions from: robot_state/track_positions.yaml
2025-11-05 10:51:42,363 - DEBUG - Loaded track positions configuration from robot_state/track_positions.yaml
2025-11-05 10:51:42,363 - DEBUG - Loading robot hardware configuration from: robot_state/robot_hardware.yaml
2025-11-05 10:51:42,378 - DEBUG - Loaded robot hardware configuration from robot_state/robot_hardware.yaml
2025-11-05 10:51:42,378 - DEBUG - Loaded wellplate properties configuration from robot_state/wellplates.yaml
2025-11-05 10:51:42,505 - DEBUG - Moving North Track to home position
