2026-04-06 17:11:08,307 - DEBUG - No workflow config provided - using default initialization
2026-04-06 17:11:08,307 - INFO - Launching status review GUI...
2026-04-06 17:11:08,488 - INFO - Detected workflow name: enhanced_SP_arm_position_program_v1.1_xy_coordinate_system
2026-04-06 17:11:08,903 - INFO - Config editor loaded for workflow: enhanced_SP_arm_position_program_v1.1_xy_coordinate_system
2026-04-06 17:11:12,606 - INFO - User selected: Run Workflow
2026-04-06 17:11:12,616 - INFO - Status review completed - proceeding with hardware initialization
2026-04-06 17:11:12,978 - INFO - Initializing North Robot...
2026-04-06 17:11:12,978 - DEBUG - Loading robot configuration files...
2026-04-06 17:11:12,998 - DEBUG - Loaded vial positions configuration from robot_state/vial_positions.yaml
2026-04-06 17:11:12,998 - DEBUG - Loaded pipet tips configuration from robot_state/pipet_tips.yaml
2026-04-06 17:11:12,999 - DEBUG - Loaded pipet racks configuration from robot_state/pipet_racks.yaml
2026-04-06 17:11:12,999 - DEBUG - Loaded pump configuration from robot_state/syringe_pumps.yaml
2026-04-06 17:11:12,999 - DEBUG - Loaded robot hardware configuration from robot_state/robot_hardware.yaml
2026-04-06 17:11:13,012 - DEBUG - Loaded wellplate properties configuration from robot_state/wellplates.yaml
2026-04-06 17:11:13,012 - DEBUG - Loading robot state files...
2026-04-06 17:11:13,014 - DEBUG - Loaded vial data from status/surfactant_grid_vials_expanded.csv
2026-04-06 17:11:13,014 - DEBUG - Loaded robot status from robot_state/robot_status.yaml
2026-04-06 17:11:13,014 - DEBUG - Loaded wellplate positions from robot_state/wellplates.yaml
2026-04-06 17:11:13,014 - DEBUG - Robot status loaded successfully
2026-04-06 17:11:13,014 - INFO - Physical initialization of North Robot...
2026-04-06 17:11:16,526 - DEBUG - Loading pumps from YAML configuration...
2026-04-06 17:11:16,629 - DEBUG - Loaded pump 0: volume=1.0mL, speed=11, liquid=None
2026-04-06 17:11:16,727 - DEBUG - Loaded pump 1: volume=2.5mL, speed=15, liquid=water
2026-04-06 17:11:16,727 - INFO - Moving robot to home position
2026-04-06 17:11:18,575 - DEBUG - Initializing centrifuge controller...
2026-04-06 17:11:24,186 - DEBUG - Current reader status: 0
2026-04-06 17:11:24,186 - INFO - Cytation5 is connected and ready
2026-04-06 17:11:24,186 - INFO - Initializing North Track...
2026-04-06 17:11:24,186 - DEBUG - Loading track status from file: robot_state/track_status.yaml
2026-04-06 17:11:24,186 - DEBUG - Getting track status from file: robot_state/track_status.yaml
2026-04-06 17:11:24,201 - DEBUG - Loaded track status from robot_state/track_status.yaml
2026-04-06 17:11:24,201 - DEBUG - Loading track positions from: robot_state/track_positions.yaml
2026-04-06 17:11:24,205 - DEBUG - Loaded track positions configuration from robot_state/track_positions.yaml
2026-04-06 17:11:24,205 - DEBUG - Loading robot hardware configuration from: robot_state/robot_hardware.yaml
2026-04-06 17:11:24,205 - DEBUG - Loaded robot hardware configuration from robot_state/robot_hardware.yaml
2026-04-06 17:11:24,216 - DEBUG - Loaded wellplate properties configuration from robot_state/wellplates.yaml
2026-04-06 17:11:24,288 - DEBUG - Moving North Track to home position
2026-04-06 17:11:24,288 - DEBUG - Detected origin position (0,0) - setting location to 'origin'
2026-04-06 17:11:24,288 - DEBUG - Updated gripper location to: origin at position {'x': 0, 'z': 0}
2026-04-06 17:11:29,126 - INFO - Getting small_tip (pipet number 34) from rack: small_tip_rack_1
2026-04-06 17:13:52,010 - INFO - Removing pipet
