2025-08-14 17:21:59,015 - INFO - Initializing North Robot...
2025-08-14 17:21:59,016 - DEBUG - Getting robot status from file: ../utoronto_demo/status/robot_status.yaml
2025-08-14 17:21:59,016 - DEBUG - Physical initialization of North Robot...
2025-08-14 17:21:59,336 - INFO - Moving robot to home position
2025-08-14 17:22:02,834 - DEBUG - Loading pumps...
2025-08-14 17:22:08,950 - DEBUG - Current reader status: 0
2025-08-14 17:22:08,961 - INFO - Cytation is connected
2025-08-14 17:22:08,961 - INFO - Initializing North Track...
2025-08-14 17:22:08,961 - DEBUG - Loading track status from file: ../utoronto_demo/status/track_status.yaml
2025-08-14 17:22:08,962 - DEBUG - Getting track status from file: ../utoronto_demo/status/track_status.yaml
2025-08-14 17:22:08,966 - INFO -     vial_index    vial_name         location  location_index  vial_volume  capped cap_type vial_type    home_location  home_location_index
0            0       DTAB_2    main_8mL_rack              24         5.75    True     open      8_mL    main_8mL_rack                   24
1            5       DTAB_3    main_8mL_rack              25         5.75    True     open      8_mL    main_8mL_rack                   25
2            1        CHAPS  large_vial_rack               0        18.00    True     open     20_mL  large_vial_rack                    0
3            3       CTAB_2    main_8mL_rack              26         8.00    True     open      8_mL    main_8mL_rack                   26
4            2         CTAB  large_vial_rack               1        20.00   False     none     20_mL  large_vial_rack                    1
5            4         DTAB  large_vial_rack               3        20.00    True     open     20_mL  large_vial_rack                    3
6           22  water_large  large_vial_rack               2        20.00    True     open     20_mL  large_vial_rack                    2
7           10   substock_1    main_8mL_rack               0         0.00    True     open      8_mL    main_8mL_rack                    0
8           11   substock_2    main_8mL_rack               1         0.00    True     open      8_mL    main_8mL_rack                    1
9           12   substock_3    main_8mL_rack               2         0.00    True     open      8_mL    main_8mL_rack                    2
10          13   substock_4    main_8mL_rack               3         0.00    True     open      8_mL    main_8mL_rack                    3
11          14   substock_5    main_8mL_rack               4         0.00    True     open      8_mL    main_8mL_rack                    4
12          15   substock_6    main_8mL_rack               5         0.00    True     open      8_mL    main_8mL_rack                    5
13          16   substock_7    main_8mL_rack               6         0.00    True     open      8_mL    main_8mL_rack                    6
14          17   substock_8    main_8mL_rack               7         0.00    True     open      8_mL    main_8mL_rack                    7
15          18   substock_9    main_8mL_rack               8         0.00    True     open      8_mL    main_8mL_rack                    8
16          19  substock_10    main_8mL_rack               9         0.00    True     open      8_mL    main_8mL_rack                    9
17          23  substock_11    main_8mL_rack              10         0.00    True     open      8_mL    main_8mL_rack                   10
18          24  substock_12    main_8mL_rack              11         0.00    True     open      8_mL    main_8mL_rack                   11
19          25  substock_13    main_8mL_rack              12         0.00    True     open      8_mL    main_8mL_rack                   12
20          26  substock_14    main_8mL_rack              13         0.00    True     open      8_mL    main_8mL_rack                   13
21          27  substock_15    main_8mL_rack              14         0.00    True     open      8_mL    main_8mL_rack                   14
22          28  substock_16    main_8mL_rack              15         0.00    True     open      8_mL    main_8mL_rack                   15
23          20        water    main_8mL_rack              45         0.00    True     open      8_mL    main_8mL_rack                   45
24          21  pyrene_DMSO    main_8mL_rack              47         7.00   False     none      8_mL    main_8mL_rack                   47
2025-08-14 17:22:08,988 - INFO - Visualizing vial racks...
2025-08-14 17:22:09,131 - DEBUG - Visualizing rack: Main Rack with filter: main_8mL_rack
2025-08-14 17:22:09,249 - DEBUG - Visualizing rack: Second Rack with filter: large_vial_rack
