2025-10-21 16:01:37,939 - INFO - Initializing North Robot...
2025-10-21 16:01:37,939 - DEBUG - Loading robot configuration files...
2025-10-21 16:01:37,956 - DEBUG - Loaded vial positions configuration from robot_state/vial_positions.yaml
2025-10-21 16:01:37,958 - DEBUG - Loaded pipet tips configuration from robot_state/pipet_tips.yaml
2025-10-21 16:01:37,960 - DEBUG - Loaded pipet racks configuration from robot_state/pipet_racks.yaml
2025-10-21 16:01:37,960 - DEBUG - Loaded pump configuration from robot_state/syringe_pumps.yaml
2025-10-21 16:01:37,960 - DEBUG - Loaded robot hardware configuration from robot_state/robot_hardware.yaml
2025-10-21 16:01:37,970 - DEBUG - Loaded wellplate properties configuration from robot_state/wellplates.yaml
2025-10-21 16:01:37,970 - DEBUG - Loading robot state files...
2025-10-21 16:01:37,974 - DEBUG - Loaded vial data from ../utoronto_demo/status/sample_capped_vials.csv
2025-10-21 16:01:37,974 - DEBUG - Loaded robot status from robot_state/robot_status.yaml
2025-10-21 16:01:37,974 - DEBUG - Loaded wellplate positions from robot_state/wellplates.yaml
2025-10-21 16:01:37,974 - DEBUG - Robot status loaded successfully
2025-10-21 16:01:37,974 - DEBUG - Loading pumps from YAML configuration...
2025-10-21 16:01:38,090 - DEBUG - Loaded pump 0: volume=1.0mL, speed=11, liquid=None
2025-10-21 16:01:38,188 - DEBUG - Loaded pump 1: volume=2.5mL, speed=15, liquid=water
2025-10-21 16:01:38,188 - DEBUG - Physical initialization of North Robot...
2025-10-21 16:01:38,520 - INFO - Moving robot to home position
2025-10-21 16:01:44,326 - DEBUG - Current reader status: 0
2025-10-21 16:01:44,326 - INFO - Cytation5 is connected and ready
2025-10-21 16:01:44,327 - INFO - Initializing North Track...
2025-10-21 16:01:44,327 - DEBUG - Loading track status from file: robot_state/track_status.yaml
2025-10-21 16:01:44,327 - DEBUG - Getting track status from file: robot_state/track_status.yaml
2025-10-21 16:01:44,328 - DEBUG - Loaded track status from robot_state/track_status.yaml
2025-10-21 16:01:44,328 - DEBUG - Loading track positions from: robot_state/track_positions.yaml
2025-10-21 16:01:44,331 - DEBUG - Loaded track positions configuration from robot_state/track_positions.yaml
2025-10-21 16:01:44,331 - DEBUG - Loading robot hardware configuration from: robot_state/robot_hardware.yaml
2025-10-21 16:01:44,331 - DEBUG - Loaded robot hardware configuration from robot_state/robot_hardware.yaml
2025-10-21 16:01:44,340 - DEBUG - Loaded wellplate properties configuration from robot_state/wellplates.yaml
2025-10-21 16:01:44,463 - DEBUG - Moving North Track to home position
2025-10-21 16:01:44,463 - DEBUG - Opening gripper
2025-10-21 16:01:46,490 - INFO - Grabbing wellplate from location: pipetting_area
2025-10-21 16:01:46,490 - DEBUG - No waypoint locations provided, skipping path movement
2025-10-21 16:01:50,925 - DEBUG - Opening gripper
2025-10-21 16:01:53,837 - DEBUG - Closing gripper
2025-10-21 16:01:56,323 - INFO - Releasing wellplate at location: pipetting_area
2025-10-21 16:01:56,323 - DEBUG - No waypoint locations provided, skipping path movement
2025-10-21 16:01:57,268 - DEBUG - Opening gripper
2025-10-21 16:02:04,211 - DEBUG - Moving North Track to home position
