2026-04-15 12:27:11,517 - DEBUG - No workflow config provided - using default initialization
2026-04-15 12:27:11,518 - INFO - Launching status review GUI...
2026-04-15 12:27:11,681 - INFO - Detected workflow name: glycerol_dispense_baseline
2026-04-15 12:27:12,023 - INFO - Config editor loaded for workflow: glycerol_dispense_baseline
2026-04-15 12:28:18,156 - INFO - User selected: Run Workflow
2026-04-15 12:28:18,170 - INFO - Status review completed - proceeding with hardware initialization
2026-04-15 12:28:18,809 - INFO - Initializing North Robot...
2026-04-15 12:28:18,810 - DEBUG - Loading robot configuration files...
2026-04-15 12:28:18,828 - DEBUG - Loaded vial positions configuration from robot_state/vial_positions.yaml
2026-04-15 12:28:18,828 - DEBUG - Loaded pipet tips configuration from robot_state/pipet_tips.yaml
2026-04-15 12:28:18,828 - DEBUG - Loaded pipet racks configuration from robot_state/pipet_racks.yaml
2026-04-15 12:28:18,828 - DEBUG - Loaded pump configuration from robot_state/syringe_pumps.yaml
2026-04-15 12:28:18,828 - DEBUG - Loaded robot hardware configuration from robot_state/robot_hardware.yaml
2026-04-15 12:28:18,844 - DEBUG - Loaded wellplate properties configuration from robot_state/wellplates.yaml
2026-04-15 12:28:18,844 - DEBUG - Loading robot state files...
2026-04-15 12:28:18,856 - DEBUG - Loaded vial data from status/calibration_vials.csv
2026-04-15 12:28:18,856 - DEBUG - Loaded robot status from robot_state/robot_status.yaml
2026-04-15 12:28:18,862 - DEBUG - Loaded wellplate positions from robot_state/wellplates.yaml
2026-04-15 12:28:18,862 - DEBUG - Robot status loaded successfully
2026-04-15 12:28:18,862 - INFO - Physical initialization of North Robot...
