2026-04-20 14:41:28,817 - DEBUG - No workflow config provided - using default initialization
2026-04-20 14:41:28,817 - INFO - GUI disabled - skipping status review, proceeding directly to hardware initialization
2026-04-20 14:41:29,240 - INFO - Initializing North Robot...
2026-04-20 14:41:29,240 - DEBUG - Loading robot configuration files...
2026-04-20 14:41:29,256 - DEBUG - Loaded vial positions configuration from robot_state/vial_positions.yaml
2026-04-20 14:41:29,257 - DEBUG - Loaded pipet tips configuration from robot_state/pipet_tips.yaml
2026-04-20 14:41:29,263 - DEBUG - Loaded pipet racks configuration from robot_state/pipet_racks.yaml
2026-04-20 14:41:29,266 - DEBUG - Loaded pump configuration from robot_state/syringe_pumps.yaml
2026-04-20 14:41:29,269 - DEBUG - Loaded robot hardware configuration from robot_state/robot_hardware.yaml
2026-04-20 14:41:29,273 - DEBUG - Loaded wellplate properties configuration from robot_state/wellplates.yaml
2026-04-20 14:41:29,273 - DEBUG - Loading robot state files...
2026-04-20 14:41:29,274 - DEBUG - Loaded vial data from status/calibration_vials_short.csv
2026-04-20 14:41:29,285 - DEBUG - Loaded robot status from robot_state/robot_status.yaml
2026-04-20 14:41:29,288 - DEBUG - Loaded wellplate positions from robot_state/wellplates.yaml
2026-04-20 14:41:29,288 - DEBUG - Robot status loaded successfully
2026-04-20 14:41:29,288 - INFO - Physical initialization of North Robot...
2026-04-20 14:41:32,794 - DEBUG - Loading pumps from YAML configuration...
2026-04-20 14:41:32,903 - DEBUG - Loaded pump 0: volume=1.0mL, speed=11, liquid=None
2026-04-20 14:41:32,997 - DEBUG - Loaded pump 1: volume=2.5mL, speed=15, liquid=water
2026-04-20 14:41:32,997 - INFO - Robot reports having a vial index for liquid but only 0.000 mL volume - skipping dispense
2026-04-20 14:41:32,997 - WARNING - The robot reports having a tip, removing the tip
2026-04-20 14:41:32,997 - INFO - Removing pipet
2026-04-20 14:41:36,464 - INFO - Moving robot to home position
2026-04-20 14:41:38,308 - DEBUG - Initializing centrifuge controller...
2026-04-20 14:41:38,308 - INFO - Initializing North Track...
2026-04-20 14:41:38,308 - DEBUG - Loading track status from file: robot_state/track_status.yaml
2026-04-20 14:41:38,308 - DEBUG - Getting track status from file: robot_state/track_status.yaml
2026-04-20 14:41:38,308 - DEBUG - Loaded track status from robot_state/track_status.yaml
2026-04-20 14:41:38,308 - DEBUG - Loading track positions from: robot_state/track_positions.yaml
2026-04-20 14:41:38,308 - DEBUG - Loaded track positions configuration from robot_state/track_positions.yaml
2026-04-20 14:41:38,308 - DEBUG - Loading robot hardware configuration from: robot_state/robot_hardware.yaml
2026-04-20 14:41:38,308 - DEBUG - Loaded robot hardware configuration from robot_state/robot_hardware.yaml
2026-04-20 14:41:38,324 - DEBUG - Loaded wellplate properties configuration from robot_state/wellplates.yaml
2026-04-20 14:41:38,382 - DEBUG - Moving North Track to home position
2026-04-20 14:41:38,382 - DEBUG - Detected origin position (0,0) - setting location to 'origin'
2026-04-20 14:41:38,382 - DEBUG - Updated gripper location to: origin at position {'x': 0, 'z': 0}
2026-04-20 14:41:38,399 - INFO - Vial liquid_source_0 already at clamp index 0, no move needed
2026-04-20 14:41:38,399 - DEBUG - Applied object param asp_disp_cycles=0
2026-04-20 14:41:38,399 - DEBUG - Applied object param aspirate_speed=15
2026-04-20 14:41:38,399 - DEBUG - Applied object param aspirate_wait_time=0.0
2026-04-20 14:41:38,399 - DEBUG - Applied object param blowout_vol=0.5
2026-04-20 14:41:38,399 - DEBUG - Applied object param dispense_speed=5
2026-04-20 14:41:38,399 - DEBUG - Applied object param dispense_wait_time=0.0
2026-04-20 14:41:38,399 - DEBUG - Applied object param overaspirate_vol=0.0
2026-04-20 14:41:38,399 - DEBUG - Applied object param post_asp_air_vol=0.0
2026-04-20 14:41:38,399 - DEBUG - Applied object param post_retract_wait_time=0.0
2026-04-20 14:41:38,399 - DEBUG - Applied object param pre_asp_air_vol=0.0
2026-04-20 14:41:38,399 - DEBUG - Applied object param retract_speed=10
2026-04-20 14:41:38,399 - DEBUG - Selected small_tip for volume 0.060 mL
2026-04-20 14:41:38,399 - INFO - Getting small_tip (pipet number 2) from rack: small_tip_rack_1
2026-04-20 14:41:42,620 - INFO - Pipetting from vial liquid_source_0, amount: 0.060 mL
2026-04-20 14:41:42,620 - INFO - Additional volume from calibration, amount: 0.000 mL
2026-04-20 14:41:42,620 - DEBUG - Adjusting pump 0 speed to 10
2026-04-20 14:41:44,943 - DEBUG - Adjusting pump 0 speed to 15
2026-04-20 14:41:45,961 - DEBUG - Aspirating 0.060 mL then waiting 0.0 s
2026-04-20 14:41:46,821 - DEBUG - Applied object param asp_disp_cycles=0
2026-04-20 14:41:46,821 - DEBUG - Applied object param aspirate_speed=15
2026-04-20 14:41:46,821 - DEBUG - Applied object param aspirate_wait_time=0.0
2026-04-20 14:41:46,821 - DEBUG - Applied object param blowout_vol=0.5
2026-04-20 14:41:46,821 - DEBUG - Applied object param dispense_speed=5
2026-04-20 14:41:46,821 - DEBUG - Applied object param dispense_wait_time=0.0
2026-04-20 14:41:46,821 - DEBUG - Applied object param overaspirate_vol=0.0
2026-04-20 14:41:46,821 - DEBUG - Applied object param post_asp_air_vol=0.0
2026-04-20 14:41:46,821 - DEBUG - Applied object param post_retract_wait_time=0.0
2026-04-20 14:41:46,821 - DEBUG - Applied object param pre_asp_air_vol=0.0
2026-04-20 14:41:46,821 - DEBUG - Applied object param retract_speed=10
2026-04-20 14:41:46,821 - INFO - Pipetting into vial liquid_source_0, amount: 0.060 mL
2026-04-20 14:41:46,821 - DEBUG - Adjusting pump 0 speed to 5
2026-04-20 14:41:46,919 - DEBUG - Dispensing 0.060 mL then waiting 0.0 s
2026-04-20 14:41:47,242 - DEBUG - Blowing out 0.500 mL
2026-04-20 14:41:47,242 - DEBUG - Adjusting pump 0 speed to 5
2026-04-20 14:41:48,822 - DEBUG - Adjusting pump 0 speed to 5
2026-04-20 14:41:50,371 - DEBUG - Applied object param asp_disp_cycles=0
2026-04-20 14:41:50,371 - DEBUG - Applied object param aspirate_speed=15
2026-04-20 14:41:50,371 - DEBUG - Applied object param aspirate_wait_time=0.0
2026-04-20 14:41:50,371 - DEBUG - Applied object param blowout_vol=0.5
2026-04-20 14:41:50,371 - DEBUG - Applied object param dispense_speed=5
2026-04-20 14:41:50,371 - DEBUG - Applied object param dispense_wait_time=0.0
2026-04-20 14:41:50,371 - DEBUG - Applied object param overaspirate_vol=0.0
2026-04-20 14:41:50,371 - DEBUG - Applied object param post_asp_air_vol=0.0
2026-04-20 14:41:50,371 - DEBUG - Applied object param post_retract_wait_time=0.0
2026-04-20 14:41:50,371 - DEBUG - Applied object param pre_asp_air_vol=0.0
2026-04-20 14:41:50,371 - DEBUG - Applied object param retract_speed=10
2026-04-20 14:41:50,371 - DEBUG - Selected small_tip for volume 0.060 mL
2026-04-20 14:41:50,371 - INFO - Pipetting from vial liquid_source_0, amount: 0.060 mL
2026-04-20 14:41:50,371 - INFO - Additional volume from calibration, amount: 0.000 mL
2026-04-20 14:41:50,390 - DEBUG - Adjusting pump 0 speed to 10
2026-04-20 14:41:50,487 - DEBUG - Adjusting pump 0 speed to 15
2026-04-20 14:41:50,621 - DEBUG - Aspirating 0.060 mL then waiting 0.0 s
2026-04-20 14:41:51,488 - DEBUG - Applied object param asp_disp_cycles=0
2026-04-20 14:41:51,488 - DEBUG - Applied object param aspirate_speed=15
2026-04-20 14:41:51,488 - DEBUG - Applied object param aspirate_wait_time=0.0
2026-04-20 14:41:51,488 - DEBUG - Applied object param blowout_vol=0.5
2026-04-20 14:41:51,488 - DEBUG - Applied object param dispense_speed=5
2026-04-20 14:41:51,488 - DEBUG - Applied object param dispense_wait_time=0.0
2026-04-20 14:41:51,488 - DEBUG - Applied object param overaspirate_vol=0.0
2026-04-20 14:41:51,488 - DEBUG - Applied object param post_asp_air_vol=0.0
2026-04-20 14:41:51,488 - DEBUG - Applied object param post_retract_wait_time=0.0
2026-04-20 14:41:51,488 - DEBUG - Applied object param pre_asp_air_vol=0.0
2026-04-20 14:41:51,488 - DEBUG - Applied object param retract_speed=10
2026-04-20 14:41:51,488 - INFO - Pipetting into vial liquid_source_0, amount: 0.060 mL
2026-04-20 14:41:51,488 - DEBUG - Adjusting pump 0 speed to 5
2026-04-20 14:41:51,589 - DEBUG - Dispensing 0.060 mL then waiting 0.0 s
2026-04-20 14:41:51,924 - DEBUG - Blowing out 0.500 mL
2026-04-20 14:41:51,924 - DEBUG - Adjusting pump 0 speed to 5
2026-04-20 14:41:53,429 - DEBUG - Adjusting pump 0 speed to 5
2026-04-20 14:41:54,958 - DEBUG - Applied object param asp_disp_cycles=0
2026-04-20 14:41:54,958 - DEBUG - Applied object param aspirate_speed=15
2026-04-20 14:41:54,959 - DEBUG - Applied object param aspirate_wait_time=0.0
2026-04-20 14:41:54,959 - DEBUG - Applied object param blowout_vol=0.5
2026-04-20 14:41:54,959 - DEBUG - Applied object param dispense_speed=5
2026-04-20 14:41:54,959 - DEBUG - Applied object param dispense_wait_time=0.0
2026-04-20 14:41:54,959 - DEBUG - Applied object param overaspirate_vol=0.0
2026-04-20 14:41:54,959 - DEBUG - Applied object param post_asp_air_vol=0.0
2026-04-20 14:41:54,959 - DEBUG - Applied object param post_retract_wait_time=0.0
2026-04-20 14:41:54,959 - DEBUG - Applied object param pre_asp_air_vol=0.0
2026-04-20 14:41:54,959 - DEBUG - Applied object param retract_speed=10
2026-04-20 14:41:54,960 - DEBUG - Selected small_tip for volume 0.060 mL
2026-04-20 14:41:54,960 - INFO - Pipetting from vial liquid_source_0, amount: 0.060 mL
2026-04-20 14:41:54,960 - INFO - Additional volume from calibration, amount: 0.000 mL
2026-04-20 14:41:54,979 - DEBUG - Adjusting pump 0 speed to 10
2026-04-20 14:41:55,090 - DEBUG - Adjusting pump 0 speed to 15
2026-04-20 14:41:55,238 - DEBUG - Aspirating 0.060 mL then waiting 0.0 s
2026-04-20 14:41:56,127 - DEBUG - Applied object param asp_disp_cycles=0
2026-04-20 14:41:56,127 - DEBUG - Applied object param aspirate_speed=15
2026-04-20 14:41:56,127 - DEBUG - Applied object param aspirate_wait_time=0.0
2026-04-20 14:41:56,127 - DEBUG - Applied object param blowout_vol=0.5
2026-04-20 14:41:56,127 - DEBUG - Applied object param dispense_speed=5
2026-04-20 14:41:56,127 - DEBUG - Applied object param dispense_wait_time=0.0
2026-04-20 14:41:56,127 - DEBUG - Applied object param overaspirate_vol=0.0
2026-04-20 14:41:56,127 - DEBUG - Applied object param post_asp_air_vol=0.0
2026-04-20 14:41:56,127 - DEBUG - Applied object param post_retract_wait_time=0.0
2026-04-20 14:41:56,127 - DEBUG - Applied object param pre_asp_air_vol=0.0
2026-04-20 14:41:56,127 - DEBUG - Applied object param retract_speed=10
2026-04-20 14:41:56,127 - INFO - Pipetting into vial liquid_source_0, amount: 0.060 mL
2026-04-20 14:41:56,127 - DEBUG - Adjusting pump 0 speed to 5
2026-04-20 14:41:56,224 - DEBUG - Dispensing 0.060 mL then waiting 0.0 s
2026-04-20 14:41:56,577 - DEBUG - Blowing out 0.500 mL
2026-04-20 14:41:56,577 - DEBUG - Adjusting pump 0 speed to 5
2026-04-20 14:41:58,210 - DEBUG - Adjusting pump 0 speed to 5
2026-04-20 14:41:59,708 - DEBUG - Applied object param asp_disp_cycles=0
2026-04-20 14:41:59,708 - DEBUG - Applied object param aspirate_speed=15
2026-04-20 14:41:59,708 - DEBUG - Applied object param aspirate_wait_time=0.0
2026-04-20 14:41:59,708 - DEBUG - Applied object param blowout_vol=0.5
2026-04-20 14:41:59,708 - DEBUG - Applied object param dispense_speed=5
2026-04-20 14:41:59,708 - DEBUG - Applied object param dispense_wait_time=0.0
2026-04-20 14:41:59,708 - DEBUG - Applied object param overaspirate_vol=0.0
2026-04-20 14:41:59,708 - DEBUG - Applied object param post_asp_air_vol=0.0
2026-04-20 14:41:59,708 - DEBUG - Applied object param post_retract_wait_time=0.0
2026-04-20 14:41:59,708 - DEBUG - Applied object param pre_asp_air_vol=0.0
2026-04-20 14:41:59,708 - DEBUG - Applied object param retract_speed=10
2026-04-20 14:41:59,708 - DEBUG - Selected small_tip for volume 0.060 mL
2026-04-20 14:41:59,708 - INFO - Pipetting from vial liquid_source_0, amount: 0.060 mL
2026-04-20 14:41:59,708 - INFO - Additional volume from calibration, amount: 0.000 mL
2026-04-20 14:41:59,731 - DEBUG - Adjusting pump 0 speed to 10
2026-04-20 14:41:59,826 - DEBUG - Adjusting pump 0 speed to 15
2026-04-20 14:41:59,973 - DEBUG - Aspirating 0.060 mL then waiting 0.0 s
2026-04-20 14:42:00,810 - DEBUG - Applied object param asp_disp_cycles=0
2026-04-20 14:42:00,810 - DEBUG - Applied object param aspirate_speed=15
2026-04-20 14:42:00,810 - DEBUG - Applied object param aspirate_wait_time=0.0
2026-04-20 14:42:00,810 - DEBUG - Applied object param blowout_vol=0.5
2026-04-20 14:42:00,810 - DEBUG - Applied object param dispense_speed=5
2026-04-20 14:42:00,810 - DEBUG - Applied object param dispense_wait_time=0.0
2026-04-20 14:42:00,810 - DEBUG - Applied object param overaspirate_vol=0.0
2026-04-20 14:42:00,810 - DEBUG - Applied object param post_asp_air_vol=0.0
2026-04-20 14:42:00,810 - DEBUG - Applied object param post_retract_wait_time=0.0
2026-04-20 14:42:00,810 - DEBUG - Applied object param pre_asp_air_vol=0.0
2026-04-20 14:42:00,810 - DEBUG - Applied object param retract_speed=10
2026-04-20 14:42:00,810 - INFO - Pipetting into vial liquid_source_0, amount: 0.060 mL
2026-04-20 14:42:00,810 - DEBUG - Adjusting pump 0 speed to 5
2026-04-20 14:42:00,911 - DEBUG - Dispensing 0.060 mL then waiting 0.0 s
2026-04-20 14:42:01,260 - DEBUG - Blowing out 0.500 mL
2026-04-20 14:42:01,260 - DEBUG - Adjusting pump 0 speed to 5
2026-04-20 14:42:02,793 - DEBUG - Adjusting pump 0 speed to 5
2026-04-20 14:42:13,747 - INFO - Vial liquid_source_0 already at clamp index 0, no move needed
2026-04-20 14:42:13,895 - DEBUG - Applied dict param aspirate_speed=18
2026-04-20 14:42:13,895 - DEBUG - Applied dict param dispense_speed=20
2026-04-20 14:42:13,895 - DEBUG - Applied dict param aspirate_wait_time=4.1000000000000005
2026-04-20 14:42:13,895 - DEBUG - Applied dict param dispense_wait_time=15.0
2026-04-20 14:42:13,895 - DEBUG - Applied dict param pre_asp_air_vol=0.297
2026-04-20 14:42:13,895 - DEBUG - Applied dict param retract_speed=5.0
2026-04-20 14:42:13,895 - DEBUG - Applied dict param blowout_vol=0.0
2026-04-20 14:42:13,895 - DEBUG - Applied dict param post_asp_air_vol=0.0
2026-04-20 14:42:13,895 - DEBUG - Applied dict param post_retract_wait_time=0.0
2026-04-20 14:42:13,895 - DEBUG - Applied dict param overaspirate_vol=0.0001
2026-04-20 14:42:13,895 - DEBUG - Applied dict param asp_disp_cycles=0
2026-04-20 14:42:13,896 - DEBUG - Selected small_tip for volume 0.050 mL
2026-04-20 14:42:13,898 - INFO - Pipetting from vial liquid_source_0, amount: 0.050 mL
2026-04-20 14:42:13,898 - INFO - Additional volume from calibration, amount: 0.000 mL
2026-04-20 14:42:13,901 - DEBUG - Adjusting pump 0 speed to 10
2026-04-20 14:42:15,616 - DEBUG - Aspirating 0.297 mL then waiting 0 s
2026-04-20 14:42:16,986 - DEBUG - Adjusting pump 0 speed to 18
2026-04-20 14:42:17,373 - DEBUG - Aspirating 0.050 mL then waiting 4.1000000000000005 s
2026-04-20 14:42:24,172 - DEBUG - Applied dict param aspirate_speed=18
2026-04-20 14:42:24,172 - DEBUG - Applied dict param dispense_speed=20
2026-04-20 14:42:24,172 - DEBUG - Applied dict param aspirate_wait_time=4.1000000000000005
2026-04-20 14:42:24,172 - DEBUG - Applied dict param dispense_wait_time=15.0
2026-04-20 14:42:24,172 - DEBUG - Applied dict param pre_asp_air_vol=0.297
2026-04-20 14:42:24,172 - DEBUG - Applied dict param retract_speed=5.0
2026-04-20 14:42:24,172 - DEBUG - Applied dict param blowout_vol=0.0
2026-04-20 14:42:24,172 - DEBUG - Applied dict param post_asp_air_vol=0.0
2026-04-20 14:42:24,172 - DEBUG - Applied dict param post_retract_wait_time=0.0
2026-04-20 14:42:24,172 - DEBUG - Applied dict param overaspirate_vol=0.0001
2026-04-20 14:42:24,172 - DEBUG - Applied dict param asp_disp_cycles=0
2026-04-20 14:42:24,174 - INFO - Pipetting into vial liquid_source_0, amount: 0.050 mL
2026-04-20 14:42:24,175 - DEBUG - Adjusting pump 0 speed to 20
2026-04-20 14:42:26,052 - INFO - Short wait time (1.0s), allowing scale to settle after robot positioning...
2026-04-20 14:42:27,055 - INFO - Started continuous mass monitoring with pre-dispense baseline
2026-04-20 14:42:27,294 - DEBUG - Mass: -0.0461g at 0.000s (baseline_pre) steady=False
2026-04-20 14:42:27,696 - DEBUG - Mass: -0.0461g at 0.443s (baseline_pre) steady=True
2026-04-20 14:42:28,096 - DEBUG - Mass: -0.0461g at 0.852s (baseline_pre) steady=True
2026-04-20 14:42:28,495 - DEBUG - Mass: -0.0461g at 1.247s (baseline_pre) steady=True
2026-04-20 14:42:28,896 - DEBUG - Mass: -0.0461g at 1.644s (baseline_pre) steady=True
2026-04-20 14:42:29,059 - DEBUG - Dispensing 0.347 mL then waiting 15.0 s
2026-04-20 14:42:29,296 - DEBUG - Mass: -0.0461g at 2.051s (dispensing) steady=True
2026-04-20 14:42:29,694 - DEBUG - Mass: -0.0422g at 2.446s (dispensing) steady=False
2026-04-20 14:42:30,094 - DEBUG - Mass: -0.0308g at 2.852s (dispensing) steady=False
2026-04-20 14:42:30,494 - DEBUG - Mass: -0.0190g at 3.244s (dispensing) steady=False
2026-04-20 14:42:30,893 - DEBUG - Mass: -0.0081g at 3.652s (dispensing) steady=False
2026-04-20 14:42:31,293 - DEBUG - Mass: 0.0001g at 4.045s (dispensing) steady=False
2026-04-20 14:42:31,694 - DEBUG - Mass: 0.0037g at 4.453s (dispensing) steady=False
2026-04-20 14:42:32,093 - DEBUG - Mass: 0.0039g at 4.847s (dispensing) steady=False
2026-04-20 14:42:32,493 - DEBUG - Mass: 0.0041g at 5.241s (dispensing) steady=False
2026-04-20 14:42:32,893 - DEBUG - Mass: 0.0040g at 5.649s (dispensing) steady=False
2026-04-20 14:42:33,293 - DEBUG - Mass: 0.0044g at 6.052s (dispensing) steady=False
2026-04-20 14:42:33,695 - DEBUG - Mass: 0.0043g at 6.444s (dispensing) steady=True
2026-04-20 14:42:34,095 - DEBUG - Mass: 0.0043g at 6.854s (dispensing) steady=True
2026-04-20 14:42:34,495 - DEBUG - Mass: 0.0043g at 7.244s (dispensing) steady=True
2026-04-20 14:42:34,895 - DEBUG - Mass: 0.0043g at 7.653s (dispensing) steady=True
2026-04-20 14:42:35,295 - DEBUG - Mass: 0.0043g at 8.046s (dispensing) steady=True
2026-04-20 14:42:35,695 - DEBUG - Mass: 0.0043g at 8.451s (dispensing) steady=True
2026-04-20 14:42:36,095 - DEBUG - Mass: 0.0043g at 8.845s (dispensing) steady=True
2026-04-20 14:42:36,495 - DEBUG - Mass: 0.0043g at 9.252s (dispensing) steady=True
2026-04-20 14:42:36,895 - DEBUG - Mass: 0.0043g at 9.641s (dispensing) steady=True
2026-04-20 14:42:37,295 - DEBUG - Mass: 0.0043g at 10.052s (dispensing) steady=True
2026-04-20 14:42:37,695 - DEBUG - Mass: 0.0043g at 10.444s (dispensing) steady=True
2026-04-20 14:42:38,095 - DEBUG - Mass: 0.0043g at 10.853s (dispensing) steady=True
2026-04-20 14:42:38,495 - DEBUG - Mass: 0.0043g at 11.245s (dispensing) steady=True
2026-04-20 14:42:38,895 - DEBUG - Mass: 0.0043g at 11.651s (dispensing) steady=True
2026-04-20 14:42:39,295 - DEBUG - Mass: 0.0043g at 12.044s (dispensing) steady=True
2026-04-20 14:42:39,695 - DEBUG - Mass: 0.0044g at 12.450s (dispensing) steady=True
2026-04-20 14:42:40,095 - DEBUG - Mass: 0.0044g at 12.842s (dispensing) steady=True
2026-04-20 14:42:40,494 - DEBUG - Mass: 0.0044g at 13.250s (dispensing) steady=True
2026-04-20 14:42:40,895 - DEBUG - Mass: 0.0044g at 13.643s (dispensing) steady=True
2026-04-20 14:42:41,295 - DEBUG - Mass: 0.0044g at 14.053s (dispensing) steady=True
2026-04-20 14:42:41,696 - DEBUG - Mass: 0.0044g at 14.446s (dispensing) steady=True
2026-04-20 14:42:42,094 - DEBUG - Mass: -0.0001g at 14.856s (dispensing) steady=False
2026-04-20 14:42:42,494 - DEBUG - Mass: -0.0002g at 15.246s (dispensing) steady=False
2026-04-20 14:42:42,894 - DEBUG - Mass: -0.0006g at 15.651s (dispensing) steady=False
2026-04-20 14:42:43,294 - DEBUG - Mass: 0.0000g at 16.047s (dispensing) steady=True
2026-04-20 14:42:43,695 - DEBUG - Mass: 0.0000g at 16.443s (dispensing) steady=True
2026-04-20 14:42:44,095 - DEBUG - Mass: 0.0000g at 16.851s (dispensing) steady=True
2026-04-20 14:42:44,495 - DEBUG - Mass: 0.0000g at 17.245s (dispensing) steady=True
2026-04-20 14:42:44,895 - DEBUG - Mass: 0.0000g at 17.649s (dispensing) steady=True
2026-04-20 14:42:45,295 - DEBUG - Mass: 0.0000g at 18.053s (dispensing) steady=True
2026-04-20 14:42:45,694 - DEBUG - Mass: 0.0000g at 18.445s (dispensing) steady=True
2026-04-20 14:42:46,095 - DEBUG - Mass: 0.0000g at 18.853s (dispensing) steady=True
2026-04-20 14:42:46,495 - DEBUG - Mass: 0.0000g at 19.244s (dispensing) steady=True
2026-04-20 14:42:46,895 - DEBUG - Mass: 0.0000g at 19.654s (dispensing) steady=True
2026-04-20 14:42:47,295 - DEBUG - Mass: 0.0000g at 20.046s (dispensing) steady=True
2026-04-20 14:42:47,695 - DEBUG - Mass: 0.0000g at 20.454s (dispensing) steady=True
2026-04-20 14:42:48,095 - DEBUG - Mass: 0.0000g at 20.847s (dispensing) steady=True
2026-04-20 14:42:48,494 - DEBUG - Mass: 0.0000g at 21.243s (dispensing) steady=True
2026-04-20 14:42:48,894 - DEBUG - Mass: 0.0000g at 21.650s (dispensing) steady=True
2026-04-20 14:42:49,295 - DEBUG - Mass: 0.0000g at 22.055s (dispensing) steady=True
2026-04-20 14:42:49,695 - DEBUG - Mass: 0.0000g at 22.446s (dispensing) steady=True
2026-04-20 14:42:50,095 - DEBUG - Mass: 0.0000g at 22.855s (dispensing) steady=True
2026-04-20 14:42:50,494 - DEBUG - Mass: 0.0000g at 23.249s (dispensing) steady=True
2026-04-20 14:42:50,895 - DEBUG - Mass: 0.0000g at 23.642s (dispensing) steady=True
2026-04-20 14:42:51,295 - DEBUG - Mass: 0.0000g at 24.050s (dispensing) steady=True
2026-04-20 14:42:51,694 - DEBUG - Mass: 0.0000g at 24.442s (dispensing) steady=True
2026-04-20 14:42:52,095 - DEBUG - Mass: 0.0000g at 24.849s (dispensing) steady=True
2026-04-20 14:42:52,495 - DEBUG - Mass: 0.0000g at 25.242s (dispensing) steady=True
2026-04-20 14:42:52,894 - DEBUG - Mass: 0.0000g at 25.648s (dispensing) steady=True
2026-04-20 14:42:53,295 - DEBUG - Mass: 0.0000g at 26.054s (dispensing) steady=True
2026-04-20 14:42:53,694 - DEBUG - Mass: 0.0000g at 26.451s (dispensing) steady=True
2026-04-20 14:42:54,095 - DEBUG - Mass: 0.0000g at 26.850s (dispensing) steady=True
2026-04-20 14:42:54,495 - DEBUG - Mass: 0.0000g at 27.244s (dispensing) steady=True
2026-04-20 14:42:54,894 - DEBUG - Mass: 0.0000g at 27.648s (dispensing) steady=True
2026-04-20 14:42:55,294 - DEBUG - Mass: 0.0000g at 28.056s (dispensing) steady=True
2026-04-20 14:42:55,695 - DEBUG - Mass: 0.0000g at 28.449s (dispensing) steady=True
2026-04-20 14:42:56,095 - DEBUG - Mass: 0.0000g at 28.855s (dispensing) steady=True
2026-04-20 14:42:56,448 - INFO - Dispensing took 27.389s, collecting post-dispense baseline
2026-04-20 14:42:56,494 - DEBUG - Mass: 0.0000g at 29.250s (dispensing) steady=True
2026-04-20 14:42:56,895 - DEBUG - Mass: 0.0000g at 29.647s (baseline_post) steady=True
2026-04-20 14:42:57,295 - DEBUG - Mass: 0.0000g at 30.054s (baseline_post) steady=True
2026-04-20 14:42:57,695 - DEBUG - Mass: 0.0000g at 30.445s (baseline_post) steady=True
2026-04-20 14:42:58,095 - DEBUG - Mass: 0.0000g at 30.854s (baseline_post) steady=True
2026-04-20 14:42:58,495 - DEBUG - Mass: 0.0000g at 31.244s (baseline_post) steady=True
2026-04-20 14:42:58,706 - INFO - Stopped continuous mass monitoring. Collected 79 data points
2026-04-20 14:42:58,710 - INFO - Pre-baseline: 4 stable readings, avg=-0.046100g
2026-04-20 14:42:58,710 - INFO - Post-baseline: 5 stable readings, avg=0.000000g
2026-04-20 14:42:58,711 - INFO - INDEPENDENT BASELINE calculation:
2026-04-20 14:42:58,711 - INFO - Pre: STABLE, Post: STABLE, Mass difference: 0.046100g
2026-04-20 14:42:58,712 - INFO - Reading summary: 5 pre-readings (4 stable), 5 post-readings (5 stable)
2026-04-20 14:42:58,712 - INFO - Baseline variability: pre_std=0.000000g, post_std=0.000000g
2026-04-20 14:42:58,712 - INFO - Target: 0.050 mL = ~0.050000 g for water
2026-04-20 14:42:58,714 - INFO - Saved 79 mass measurements to output\mass_measurements\experiment_log2026-04-20_14-41-28\mass_data_liquid_source_0_20260420_144258.csv
2026-04-20 14:42:59,453 - INFO - Saved dispense mass vs time plot to output\mass_measurements\experiment_log2026-04-20_14-41-28\mass_plot_liquid_source_0_20260420_144258.png
2026-04-20 14:42:59,458 - INFO - Vial liquid_source_0 already at clamp index 0, no move needed
2026-04-20 14:42:59,695 - DEBUG - Applied dict param aspirate_speed=18
2026-04-20 14:42:59,695 - DEBUG - Applied dict param dispense_speed=20
2026-04-20 14:42:59,695 - DEBUG - Applied dict param aspirate_wait_time=4.1000000000000005
2026-04-20 14:42:59,695 - DEBUG - Applied dict param dispense_wait_time=15.0
2026-04-20 14:42:59,695 - DEBUG - Applied dict param pre_asp_air_vol=0.297
2026-04-20 14:42:59,695 - DEBUG - Applied dict param retract_speed=5.0
2026-04-20 14:42:59,695 - DEBUG - Applied dict param blowout_vol=0.0
2026-04-20 14:42:59,695 - DEBUG - Applied dict param post_asp_air_vol=0.0
2026-04-20 14:42:59,695 - DEBUG - Applied dict param post_retract_wait_time=0.0
2026-04-20 14:42:59,695 - DEBUG - Applied dict param overaspirate_vol=0.0001
2026-04-20 14:42:59,695 - DEBUG - Applied dict param asp_disp_cycles=0
2026-04-20 14:42:59,696 - DEBUG - Selected small_tip for volume 0.050 mL
2026-04-20 14:42:59,698 - INFO - Pipetting from vial liquid_source_0, amount: 0.050 mL
2026-04-20 14:42:59,698 - INFO - Additional volume from calibration, amount: 0.000 mL
2026-04-20 14:42:59,700 - DEBUG - Adjusting pump 0 speed to 10
2026-04-20 14:43:01,558 - DEBUG - Aspirating 0.297 mL then waiting 0 s
2026-04-20 14:43:02,883 - DEBUG - Adjusting pump 0 speed to 18
2026-04-20 14:43:03,277 - DEBUG - Aspirating 0.050 mL then waiting 4.1000000000000005 s
2026-04-20 14:43:10,129 - DEBUG - Applied dict param aspirate_speed=18
2026-04-20 14:43:10,129 - DEBUG - Applied dict param dispense_speed=20
2026-04-20 14:43:10,129 - DEBUG - Applied dict param aspirate_wait_time=4.1000000000000005
2026-04-20 14:43:10,129 - DEBUG - Applied dict param dispense_wait_time=15.0
2026-04-20 14:43:10,129 - DEBUG - Applied dict param pre_asp_air_vol=0.297
2026-04-20 14:43:10,129 - DEBUG - Applied dict param retract_speed=5.0
2026-04-20 14:43:10,129 - DEBUG - Applied dict param blowout_vol=0.0
2026-04-20 14:43:10,129 - DEBUG - Applied dict param post_asp_air_vol=0.0
2026-04-20 14:43:10,129 - DEBUG - Applied dict param post_retract_wait_time=0.0
2026-04-20 14:43:10,129 - DEBUG - Applied dict param overaspirate_vol=0.0001
2026-04-20 14:43:10,129 - DEBUG - Applied dict param asp_disp_cycles=0
2026-04-20 14:43:10,131 - INFO - Pipetting into vial liquid_source_0, amount: 0.050 mL
2026-04-20 14:43:10,132 - DEBUG - Adjusting pump 0 speed to 20
2026-04-20 14:43:11,990 - INFO - Short wait time (1.0s), allowing scale to settle after robot positioning...
2026-04-20 14:43:12,993 - INFO - Started continuous mass monitoring with pre-dispense baseline
2026-04-20 14:43:13,094 - DEBUG - Mass: -0.0451g at 0.000s (baseline_pre) steady=False
2026-04-20 14:43:13,496 - DEBUG - Mass: -0.0454g at 0.315s (baseline_pre) steady=True
2026-04-20 14:43:13,895 - DEBUG - Mass: -0.0454g at 0.708s (baseline_pre) steady=True
2026-04-20 14:43:14,296 - DEBUG - Mass: -0.0454g at 1.117s (baseline_pre) steady=True
2026-04-20 14:43:14,696 - DEBUG - Mass: -0.0454g at 1.508s (baseline_pre) steady=True
2026-04-20 14:43:15,003 - DEBUG - Dispensing 0.347 mL then waiting 15.0 s
2026-04-20 14:43:15,095 - DEBUG - Mass: -0.0454g at 1.915s (baseline_pre) steady=True
2026-04-20 14:43:15,494 - DEBUG - Mass: -0.0424g at 2.308s (dispensing) steady=False
2026-04-20 14:43:15,894 - DEBUG - Mass: -0.0348g at 2.714s (dispensing) steady=False
2026-04-20 14:43:16,295 - DEBUG - Mass: -0.0234g at 3.107s (dispensing) steady=False
2026-04-20 14:43:16,694 - DEBUG - Mass: -0.0129g at 3.516s (dispensing) steady=False
2026-04-20 14:43:17,094 - DEBUG - Mass: -0.0023g at 3.905s (dispensing) steady=False
2026-04-20 14:43:17,493 - DEBUG - Mass: 0.0036g at 4.312s (dispensing) steady=False
2026-04-20 14:43:17,893 - DEBUG - Mass: 0.0047g at 4.705s (dispensing) steady=False
2026-04-20 14:43:18,294 - DEBUG - Mass: 0.0050g at 5.113s (dispensing) steady=False
2026-04-20 14:43:18,694 - DEBUG - Mass: 0.0047g at 5.504s (dispensing) steady=False
2026-04-20 14:43:19,095 - DEBUG - Mass: 0.0048g at 5.912s (dispensing) steady=True
2026-04-20 14:43:19,495 - DEBUG - Mass: 0.0048g at 6.308s (dispensing) steady=True
2026-04-20 14:43:19,896 - DEBUG - Mass: 0.0048g at 6.715s (dispensing) steady=True
2026-04-20 14:43:20,295 - DEBUG - Mass: 0.0048g at 7.108s (dispensing) steady=True
2026-04-20 14:43:20,695 - DEBUG - Mass: 0.0048g at 7.515s (dispensing) steady=True
2026-04-20 14:43:21,096 - DEBUG - Mass: 0.0048g at 7.904s (dispensing) steady=True
2026-04-20 14:43:21,494 - DEBUG - Mass: 0.0048g at 8.314s (dispensing) steady=True
2026-04-20 14:43:21,895 - DEBUG - Mass: 0.0048g at 8.705s (dispensing) steady=True
2026-04-20 14:43:22,296 - DEBUG - Mass: 0.0048g at 9.115s (dispensing) steady=True
2026-04-20 14:43:22,695 - DEBUG - Mass: 0.0048g at 9.506s (dispensing) steady=True
2026-04-20 14:43:23,095 - DEBUG - Mass: 0.0048g at 9.914s (dispensing) steady=True
2026-04-20 14:43:23,496 - DEBUG - Mass: 0.0048g at 10.306s (dispensing) steady=True
2026-04-20 14:43:23,895 - DEBUG - Mass: 0.0048g at 10.713s (dispensing) steady=True
2026-04-20 14:43:24,295 - DEBUG - Mass: 0.0048g at 11.105s (dispensing) steady=True
2026-04-20 14:43:24,696 - DEBUG - Mass: 0.0047g at 11.513s (dispensing) steady=True
2026-04-20 14:43:25,095 - DEBUG - Mass: 0.0047g at 11.904s (dispensing) steady=True
2026-04-20 14:43:25,495 - DEBUG - Mass: 0.0047g at 12.311s (dispensing) steady=True
2026-04-20 14:43:25,895 - DEBUG - Mass: 0.0047g at 12.705s (dispensing) steady=True
2026-04-20 14:43:26,295 - DEBUG - Mass: 0.0047g at 13.112s (dispensing) steady=True
2026-04-20 14:43:26,695 - DEBUG - Mass: 0.0047g at 13.504s (dispensing) steady=True
2026-04-20 14:43:27,096 - DEBUG - Mass: 0.0047g at 13.909s (dispensing) steady=True
2026-04-20 14:43:27,495 - DEBUG - Mass: 0.0047g at 14.303s (dispensing) steady=True
2026-04-20 14:43:27,893 - DEBUG - Mass: 0.0006g at 14.711s (dispensing) steady=False
2026-04-20 14:43:28,294 - DEBUG - Mass: -0.0006g at 15.104s (dispensing) steady=False
2026-04-20 14:43:28,694 - DEBUG - Mass: -0.0004g at 15.509s (dispensing) steady=False
2026-04-20 14:43:29,095 - DEBUG - Mass: 0.0000g at 15.904s (dispensing) steady=True
2026-04-20 14:43:29,495 - DEBUG - Mass: 0.0000g at 16.314s (dispensing) steady=True
2026-04-20 14:43:29,895 - DEBUG - Mass: 0.0000g at 16.705s (dispensing) steady=True
2026-04-20 14:43:30,295 - DEBUG - Mass: 0.0000g at 17.114s (dispensing) steady=True
2026-04-20 14:43:30,694 - DEBUG - Mass: 0.0000g at 17.506s (dispensing) steady=True
2026-04-20 14:43:31,094 - DEBUG - Mass: 0.0000g at 17.902s (dispensing) steady=True
2026-04-20 14:43:31,495 - DEBUG - Mass: 0.0000g at 18.309s (dispensing) steady=True
2026-04-20 14:43:31,895 - DEBUG - Mass: 0.0000g at 18.717s (dispensing) steady=True
2026-04-20 14:43:32,296 - DEBUG - Mass: 0.0000g at 19.109s (dispensing) steady=True
2026-04-20 14:43:32,695 - DEBUG - Mass: 0.0000g at 19.503s (dispensing) steady=True
2026-04-20 14:43:33,094 - DEBUG - Mass: 0.0000g at 19.911s (dispensing) steady=True
2026-04-20 14:43:33,494 - DEBUG - Mass: 0.0000g at 20.303s (dispensing) steady=True
2026-04-20 14:43:33,895 - DEBUG - Mass: 0.0000g at 20.710s (dispensing) steady=True
2026-04-20 14:43:34,295 - DEBUG - Mass: 0.0000g at 21.104s (dispensing) steady=True
2026-04-20 14:43:34,695 - DEBUG - Mass: 0.0000g at 21.511s (dispensing) steady=True
2026-04-20 14:43:35,095 - DEBUG - Mass: 0.0000g at 21.905s (dispensing) steady=True
2026-04-20 14:43:35,495 - DEBUG - Mass: 0.0000g at 22.313s (dispensing) steady=True
2026-04-20 14:43:35,894 - DEBUG - Mass: 0.0000g at 22.702s (dispensing) steady=True
2026-04-20 14:43:36,295 - DEBUG - Mass: 0.0000g at 23.109s (dispensing) steady=True
2026-04-20 14:43:36,695 - DEBUG - Mass: 0.0000g at 23.503s (dispensing) steady=True
2026-04-20 14:43:37,094 - DEBUG - Mass: 0.0000g at 23.910s (dispensing) steady=True
2026-04-20 14:43:37,495 - DEBUG - Mass: 0.0000g at 24.304s (dispensing) steady=True
2026-04-20 14:43:37,895 - DEBUG - Mass: 0.0000g at 24.713s (dispensing) steady=True
2026-04-20 14:43:38,295 - DEBUG - Mass: 0.0000g at 25.117s (dispensing) steady=True
2026-04-20 14:43:38,695 - DEBUG - Mass: 0.0000g at 25.509s (dispensing) steady=True
2026-04-20 14:43:39,095 - DEBUG - Mass: 0.0000g at 25.914s (dispensing) steady=True
2026-04-20 14:43:39,494 - DEBUG - Mass: 0.0000g at 26.304s (dispensing) steady=True
2026-04-20 14:43:39,895 - DEBUG - Mass: 0.0000g at 26.713s (dispensing) steady=True
2026-04-20 14:43:40,295 - DEBUG - Mass: 0.0000g at 27.105s (dispensing) steady=True
2026-04-20 14:43:40,695 - DEBUG - Mass: 0.0000g at 27.512s (dispensing) steady=True
2026-04-20 14:43:41,095 - DEBUG - Mass: 0.0000g at 27.904s (dispensing) steady=True
2026-04-20 14:43:41,495 - DEBUG - Mass: 0.0000g at 28.315s (dispensing) steady=True
2026-04-20 14:43:41,894 - DEBUG - Mass: 0.0000g at 28.708s (dispensing) steady=True
2026-04-20 14:43:42,295 - DEBUG - Mass: 0.0000g at 29.115s (dispensing) steady=True
2026-04-20 14:43:42,566 - INFO - Dispensing took 27.563s, collecting post-dispense baseline
2026-04-20 14:43:42,695 - DEBUG - Mass: 0.0000g at 29.509s (dispensing) steady=True
2026-04-20 14:43:43,094 - DEBUG - Mass: 0.0000g at 29.902s (baseline_post) steady=True
2026-04-20 14:43:43,495 - DEBUG - Mass: 0.0000g at 30.310s (baseline_post) steady=True
2026-04-20 14:43:43,895 - DEBUG - Mass: 0.0000g at 30.703s (baseline_post) steady=True
2026-04-20 14:43:44,295 - DEBUG - Mass: 0.0000g at 31.109s (baseline_post) steady=True
2026-04-20 14:43:44,695 - DEBUG - Mass: 0.0000g at 31.517s (baseline_post) steady=True
2026-04-20 14:43:44,903 - INFO - Stopped continuous mass monitoring. Collected 80 data points
2026-04-20 14:43:44,907 - INFO - Pre-baseline: 5 stable readings, avg=-0.045400g
2026-04-20 14:43:44,907 - INFO - Post-baseline: 5 stable readings, avg=0.000000g
2026-04-20 14:43:44,907 - INFO - INDEPENDENT BASELINE calculation:
2026-04-20 14:43:44,907 - INFO - Pre: STABLE, Post: STABLE, Mass difference: 0.045400g
2026-04-20 14:43:44,908 - INFO - Reading summary: 6 pre-readings (5 stable), 5 post-readings (5 stable)
2026-04-20 14:43:44,908 - INFO - Baseline variability: pre_std=0.000122g, post_std=0.000000g
2026-04-20 14:43:44,908 - INFO - Target: 0.050 mL = ~0.050000 g for water
2026-04-20 14:43:44,910 - INFO - Saved 80 mass measurements to output\mass_measurements\experiment_log2026-04-20_14-41-28\mass_data_liquid_source_0_20260420_144344.csv
2026-04-20 14:43:45,354 - INFO - Saved dispense mass vs time plot to output\mass_measurements\experiment_log2026-04-20_14-41-28\mass_plot_liquid_source_0_20260420_144344.png
2026-04-20 14:43:55,802 - INFO - Vial liquid_source_0 already at clamp index 0, no move needed
2026-04-20 14:43:55,894 - DEBUG - Applied dict param aspirate_speed=7
2026-04-20 14:43:55,894 - DEBUG - Applied dict param dispense_speed=2
2026-04-20 14:43:55,896 - DEBUG - Applied dict param aspirate_wait_time=0.0
2026-04-20 14:43:55,896 - DEBUG - Applied dict param dispense_wait_time=1.5
2026-04-20 14:43:55,896 - DEBUG - Applied dict param pre_asp_air_vol=0.0
2026-04-20 14:43:55,896 - DEBUG - Applied dict param retract_speed=5.0
2026-04-20 14:43:55,896 - DEBUG - Applied dict param blowout_vol=0.0
2026-04-20 14:43:55,896 - DEBUG - Applied dict param post_asp_air_vol=0.0
2026-04-20 14:43:55,896 - DEBUG - Applied dict param post_retract_wait_time=0.0
2026-04-20 14:43:55,896 - DEBUG - Applied dict param overaspirate_vol=0.0061
2026-04-20 14:43:55,896 - DEBUG - Applied dict param asp_disp_cycles=0
2026-04-20 14:43:55,897 - DEBUG - Selected small_tip for volume 0.050 mL
2026-04-20 14:43:55,899 - INFO - Pipetting from vial liquid_source_0, amount: 0.050 mL
2026-04-20 14:43:55,899 - INFO - Additional volume from calibration, amount: 0.006 mL
2026-04-20 14:43:55,902 - DEBUG - Adjusting pump 0 speed to 10
2026-04-20 14:43:57,002 - DEBUG - Adjusting pump 0 speed to 7
2026-04-20 14:43:58,035 - DEBUG - Aspirating 0.056 mL then waiting 0.0 s
2026-04-20 14:43:59,168 - DEBUG - Applied dict param aspirate_speed=7
2026-04-20 14:43:59,168 - DEBUG - Applied dict param dispense_speed=2
2026-04-20 14:43:59,168 - DEBUG - Applied dict param aspirate_wait_time=0.0
2026-04-20 14:43:59,168 - DEBUG - Applied dict param dispense_wait_time=1.5
2026-04-20 14:43:59,168 - DEBUG - Applied dict param pre_asp_air_vol=0.0
2026-04-20 14:43:59,168 - DEBUG - Applied dict param retract_speed=5.0
2026-04-20 14:43:59,168 - DEBUG - Applied dict param blowout_vol=0.0
2026-04-20 14:43:59,168 - DEBUG - Applied dict param post_asp_air_vol=0.0
2026-04-20 14:43:59,168 - DEBUG - Applied dict param post_retract_wait_time=0.0
2026-04-20 14:43:59,168 - DEBUG - Applied dict param overaspirate_vol=0.0061
2026-04-20 14:43:59,168 - DEBUG - Applied dict param asp_disp_cycles=0
2026-04-20 14:43:59,170 - INFO - Pipetting into vial liquid_source_0, amount: 0.050 mL
2026-04-20 14:43:59,171 - DEBUG - Adjusting pump 0 speed to 2
2026-04-20 14:44:01,028 - INFO - Short wait time (1.0s), allowing scale to settle after robot positioning...
2026-04-20 14:44:02,031 - INFO - Started continuous mass monitoring with pre-dispense baseline
2026-04-20 14:44:02,296 - DEBUG - Mass: -0.0531g at 0.000s (baseline_pre) steady=True
2026-04-20 14:44:02,696 - DEBUG - Mass: -0.0531g at 0.469s (baseline_pre) steady=True
2026-04-20 14:44:03,097 - DEBUG - Mass: -0.0531g at 0.878s (baseline_pre) steady=True
2026-04-20 14:44:03,496 - DEBUG - Mass: -0.0531g at 1.268s (baseline_pre) steady=True
2026-04-20 14:44:03,896 - DEBUG - Mass: -0.0531g at 1.677s (baseline_pre) steady=True
2026-04-20 14:44:04,036 - DEBUG - Dispensing 0.056 mL then waiting 1.5 s
2026-04-20 14:44:04,296 - DEBUG - Mass: -0.0531g at 2.069s (dispensing) steady=True
2026-04-20 14:44:04,694 - DEBUG - Mass: -0.0020g at 2.473s (dispensing) steady=False
2026-04-20 14:44:05,094 - DEBUG - Mass: -0.0015g at 2.866s (dispensing) steady=False
2026-04-20 14:44:05,495 - DEBUG - Mass: -0.0015g at 3.272s (dispensing) steady=False
2026-04-20 14:44:05,866 - INFO - Dispensing took 1.830s, collecting post-dispense baseline
2026-04-20 14:44:05,896 - DEBUG - Mass: -0.0013g at 3.665s (dispensing) steady=True
2026-04-20 14:44:06,296 - DEBUG - Mass: -0.0013g at 4.073s (baseline_post) steady=True
2026-04-20 14:44:06,696 - DEBUG - Mass: -0.0013g at 4.481s (baseline_post) steady=True
2026-04-20 14:44:07,096 - DEBUG - Mass: -0.0013g at 4.872s (baseline_post) steady=True
2026-04-20 14:44:07,496 - DEBUG - Mass: -0.0013g at 5.282s (baseline_post) steady=True
2026-04-20 14:44:07,896 - DEBUG - Mass: -0.0013g at 5.676s (baseline_post) steady=True
2026-04-20 14:44:08,098 - INFO - Stopped continuous mass monitoring. Collected 15 data points
2026-04-20 14:44:08,102 - INFO - Pre-baseline: 5 stable readings, avg=-0.053100g
2026-04-20 14:44:08,102 - INFO - Post-baseline: 5 stable readings, avg=-0.001300g
2026-04-20 14:44:08,102 - INFO - INDEPENDENT BASELINE calculation:
2026-04-20 14:44:08,102 - INFO - Pre: STABLE, Post: STABLE, Mass difference: 0.051800g
2026-04-20 14:44:08,103 - INFO - Reading summary: 5 pre-readings (5 stable), 5 post-readings (5 stable)
2026-04-20 14:44:08,103 - INFO - Baseline variability: pre_std=0.000000g, post_std=0.000000g
2026-04-20 14:44:08,103 - INFO - Target: 0.050 mL = ~0.050000 g for water
2026-04-20 14:44:08,105 - INFO - Saved 15 mass measurements to output\mass_measurements\experiment_log2026-04-20_14-41-28\mass_data_liquid_source_0_20260420_144408.csv
2026-04-20 14:44:08,561 - INFO - Saved dispense mass vs time plot to output\mass_measurements\experiment_log2026-04-20_14-41-28\mass_plot_liquid_source_0_20260420_144408.png
2026-04-20 14:44:08,564 - INFO - Vial liquid_source_0 already at clamp index 0, no move needed
2026-04-20 14:44:08,696 - DEBUG - Applied dict param aspirate_speed=7
2026-04-20 14:44:08,696 - DEBUG - Applied dict param dispense_speed=2
2026-04-20 14:44:08,696 - DEBUG - Applied dict param aspirate_wait_time=0.0
2026-04-20 14:44:08,696 - DEBUG - Applied dict param dispense_wait_time=1.5
2026-04-20 14:44:08,696 - DEBUG - Applied dict param pre_asp_air_vol=0.0
2026-04-20 14:44:08,696 - DEBUG - Applied dict param retract_speed=5.0
2026-04-20 14:44:08,696 - DEBUG - Applied dict param blowout_vol=0.0
2026-04-20 14:44:08,697 - DEBUG - Applied dict param post_asp_air_vol=0.0
2026-04-20 14:44:08,697 - DEBUG - Applied dict param post_retract_wait_time=0.0
2026-04-20 14:44:08,697 - DEBUG - Applied dict param overaspirate_vol=0.0061
2026-04-20 14:44:08,697 - DEBUG - Applied dict param asp_disp_cycles=0
2026-04-20 14:44:08,698 - DEBUG - Selected small_tip for volume 0.050 mL
2026-04-20 14:44:08,700 - INFO - Pipetting from vial liquid_source_0, amount: 0.050 mL
2026-04-20 14:44:08,700 - INFO - Additional volume from calibration, amount: 0.006 mL
2026-04-20 14:44:08,702 - DEBUG - Adjusting pump 0 speed to 10
2026-04-20 14:44:09,789 - DEBUG - Adjusting pump 0 speed to 7
2026-04-20 14:44:10,803 - DEBUG - Aspirating 0.056 mL then waiting 0.0 s
2026-04-20 14:44:11,928 - DEBUG - Applied dict param aspirate_speed=7
2026-04-20 14:44:11,928 - DEBUG - Applied dict param dispense_speed=2
2026-04-20 14:44:11,928 - DEBUG - Applied dict param aspirate_wait_time=0.0
2026-04-20 14:44:11,928 - DEBUG - Applied dict param dispense_wait_time=1.5
2026-04-20 14:44:11,928 - DEBUG - Applied dict param pre_asp_air_vol=0.0
2026-04-20 14:44:11,928 - DEBUG - Applied dict param retract_speed=5.0
2026-04-20 14:44:11,928 - DEBUG - Applied dict param blowout_vol=0.0
2026-04-20 14:44:11,928 - DEBUG - Applied dict param post_asp_air_vol=0.0
2026-04-20 14:44:11,928 - DEBUG - Applied dict param post_retract_wait_time=0.0
2026-04-20 14:44:11,928 - DEBUG - Applied dict param overaspirate_vol=0.0061
2026-04-20 14:44:11,928 - DEBUG - Applied dict param asp_disp_cycles=0
2026-04-20 14:44:11,930 - INFO - Pipetting into vial liquid_source_0, amount: 0.050 mL
2026-04-20 14:44:11,930 - DEBUG - Adjusting pump 0 speed to 2
2026-04-20 14:44:13,791 - INFO - Short wait time (1.0s), allowing scale to settle after robot positioning...
2026-04-20 14:44:14,792 - INFO - Started continuous mass monitoring with pre-dispense baseline
2026-04-20 14:44:14,894 - DEBUG - Mass: -0.0522g at 0.000s (baseline_pre) steady=False
2026-04-20 14:44:15,296 - DEBUG - Mass: -0.0526g at 0.315s (baseline_pre) steady=True
2026-04-20 14:44:15,696 - DEBUG - Mass: -0.0526g at 0.709s (baseline_pre) steady=True
2026-04-20 14:44:16,096 - DEBUG - Mass: -0.0526g at 1.118s (baseline_pre) steady=True
2026-04-20 14:44:16,496 - DEBUG - Mass: -0.0526g at 1.512s (baseline_pre) steady=True
2026-04-20 14:44:16,806 - DEBUG - Dispensing 0.056 mL then waiting 1.5 s
2026-04-20 14:44:16,897 - DEBUG - Mass: -0.0526g at 1.919s (baseline_pre) steady=True
2026-04-20 14:44:17,294 - DEBUG - Mass: -0.0126g at 2.311s (dispensing) steady=False
2026-04-20 14:44:17,694 - DEBUG - Mass: -0.0020g at 2.705s (dispensing) steady=False
2026-04-20 14:44:18,095 - DEBUG - Mass: -0.0018g at 3.114s (dispensing) steady=False
2026-04-20 14:44:18,494 - DEBUG - Mass: -0.0019g at 3.506s (dispensing) steady=False
2026-04-20 14:44:18,878 - INFO - Dispensing took 2.073s, collecting post-dispense baseline
2026-04-20 14:44:18,895 - DEBUG - Mass: -0.0018g at 3.913s (dispensing) steady=True
2026-04-20 14:44:19,296 - DEBUG - Mass: -0.0018g at 4.306s (baseline_post) steady=True
2026-04-20 14:44:19,697 - DEBUG - Mass: -0.0018g at 4.714s (baseline_post) steady=True
2026-04-20 14:44:20,096 - DEBUG - Mass: -0.0018g at 5.109s (baseline_post) steady=True
2026-04-20 14:44:20,496 - DEBUG - Mass: -0.0018g at 5.518s (baseline_post) steady=True
2026-04-20 14:44:20,896 - DEBUG - Mass: -0.0018g at 5.910s (baseline_post) steady=True
2026-04-20 14:44:21,111 - INFO - Stopped continuous mass monitoring. Collected 16 data points
2026-04-20 14:44:21,114 - INFO - Pre-baseline: 5 stable readings, avg=-0.052600g
2026-04-20 14:44:21,115 - INFO - Post-baseline: 5 stable readings, avg=-0.001800g
2026-04-20 14:44:21,115 - INFO - INDEPENDENT BASELINE calculation:
2026-04-20 14:44:21,115 - INFO - Pre: STABLE, Post: STABLE, Mass difference: 0.050800g
2026-04-20 14:44:21,116 - INFO - Reading summary: 6 pre-readings (5 stable), 5 post-readings (5 stable)
2026-04-20 14:44:21,116 - INFO - Baseline variability: pre_std=0.000163g, post_std=0.000000g
2026-04-20 14:44:21,116 - INFO - Target: 0.050 mL = ~0.050000 g for water
2026-04-20 14:44:21,120 - INFO - Saved 16 mass measurements to output\mass_measurements\experiment_log2026-04-20_14-41-28\mass_data_liquid_source_0_20260420_144421.csv
2026-04-20 14:44:21,563 - INFO - Saved dispense mass vs time plot to output\mass_measurements\experiment_log2026-04-20_14-41-28\mass_plot_liquid_source_0_20260420_144421.png
2026-04-20 14:44:21,580 - INFO - Removing pipet
2026-04-20 14:44:24,905 - INFO - Returning vial liquid_source_0 to home location: main_8mL_rack index 30
2026-04-20 14:44:24,906 - INFO - Moving vial liquid_source_0 to main_8mL_rack: 30
2026-04-20 14:44:24,906 - DEBUG - Grabbing vial 0 with index 0
2026-04-20 14:44:27,276 - DEBUG - Dropping off vial 0 at location main_8mL_rack with index 30
2026-04-20 14:44:30,619 - INFO - Moving robot to home position
