2025-10-21 16:00:49,118 - INFO - Initializing North Robot...
2025-10-21 16:00:49,118 - DEBUG - Loading robot configuration files...
2025-10-21 16:00:49,135 - DEBUG - Loaded vial positions configuration from robot_state/vial_positions.yaml
2025-10-21 16:00:49,145 - DEBUG - Loaded pipet tips configuration from robot_state/pipet_tips.yaml
2025-10-21 16:00:49,149 - DEBUG - Loaded pipet racks configuration from robot_state/pipet_racks.yaml
2025-10-21 16:00:49,156 - DEBUG - Loaded pump configuration from robot_state/syringe_pumps.yaml
2025-10-21 16:00:49,159 - DEBUG - Loaded robot hardware configuration from robot_state/robot_hardware.yaml
2025-10-21 16:00:49,167 - DEBUG - Loaded wellplate properties configuration from robot_state/wellplates.yaml
2025-10-21 16:00:49,168 - DEBUG - Loading robot state files...
2025-10-21 16:00:49,171 - DEBUG - Loaded vial data from ../utoronto_demo/status/sample_capped_vials.csv
2025-10-21 16:00:49,180 - DEBUG - Loaded robot status from robot_state/robot_status.yaml
2025-10-21 16:00:49,184 - DEBUG - Loaded wellplate positions from robot_state/wellplates.yaml
2025-10-21 16:00:49,184 - DEBUG - Robot status loaded successfully
2025-10-21 16:00:49,184 - DEBUG - Loading pumps from YAML configuration...
2025-10-21 16:00:49,281 - DEBUG - Loaded pump 0: volume=1.0mL, speed=11, liquid=None
2025-10-21 16:00:49,395 - DEBUG - Loaded pump 1: volume=2.5mL, speed=15, liquid=water
2025-10-21 16:00:49,395 - DEBUG - Physical initialization of North Robot...
2025-10-21 16:00:49,706 - INFO - Moving robot to home position
2025-10-21 16:00:56,206 - DEBUG - Current reader status: 0
2025-10-21 16:00:56,206 - INFO - Cytation5 is connected and ready
2025-10-21 16:00:56,206 - INFO - Initializing North Track...
2025-10-21 16:00:56,210 - DEBUG - Loading track status from file: robot_state/track_status.yaml
2025-10-21 16:00:56,210 - DEBUG - Getting track status from file: robot_state/track_status.yaml
2025-10-21 16:00:56,211 - DEBUG - Loaded track status from robot_state/track_status.yaml
2025-10-21 16:00:56,211 - DEBUG - Loading track positions from: robot_state/track_positions.yaml
2025-10-21 16:00:56,221 - DEBUG - Loaded track positions configuration from robot_state/track_positions.yaml
2025-10-21 16:00:56,221 - DEBUG - Loading robot hardware configuration from: robot_state/robot_hardware.yaml
2025-10-21 16:00:56,224 - DEBUG - Loaded robot hardware configuration from robot_state/robot_hardware.yaml
2025-10-21 16:00:56,224 - DEBUG - Loaded wellplate properties configuration from robot_state/wellplates.yaml
2025-10-21 16:00:56,326 - DEBUG - Moving North Track to home position
2025-10-21 16:00:56,333 - DEBUG - Opening gripper
2025-10-21 16:00:58,367 - INFO - Grabbing wellplate from location: pipetting_area
2025-10-21 16:00:58,367 - DEBUG - No waypoint locations provided, skipping path movement
2025-10-21 16:01:02,855 - DEBUG - Opening gripper
2025-10-21 16:01:05,349 - DEBUG - Closing gripper
2025-10-21 16:01:07,702 - INFO - Releasing wellplate at location: lid_storage
2025-10-21 16:01:07,702 - DEBUG - No waypoint locations provided, skipping path movement
2025-10-21 16:01:09,779 - DEBUG - Opening gripper
2025-10-21 16:01:12,133 - INFO - Grabbing wellplate from location: lid_storage
2025-10-21 16:01:12,133 - DEBUG - No waypoint locations provided, skipping path movement
2025-10-21 16:01:12,261 - DEBUG - Opening gripper
2025-10-21 16:01:14,837 - DEBUG - Closing gripper
2025-10-21 16:01:17,219 - INFO - Releasing wellplate at location: pipetting_area
2025-10-21 16:01:17,219 - DEBUG - No waypoint locations provided, skipping path movement
2025-10-21 16:01:19,250 - DEBUG - Opening gripper
2025-10-21 16:01:26,033 - DEBUG - Moving North Track to home position
