2026-03-02 14:15:16,687 - DEBUG - No workflow config provided - using default initialization
2026-03-02 14:15:16,687 - INFO - Launching status review GUI...
2026-03-02 14:15:16,858 - INFO - Detected workflow name: capdecap
2026-03-02 14:15:17,101 - INFO - Config editor loaded for workflow: capdecap
2026-03-02 14:15:45,176 - INFO - User selected: Run Workflow
2026-03-02 14:15:45,181 - INFO - Status review completed - proceeding with hardware initialization
2026-03-02 14:15:45,816 - INFO - Initializing North Robot...
2026-03-02 14:15:45,816 - DEBUG - Loading robot configuration files...
2026-03-02 14:15:45,833 - DEBUG - Loaded vial positions configuration from robot_state/vial_positions.yaml
2026-03-02 14:15:45,834 - DEBUG - Loaded pipet tips configuration from robot_state/pipet_tips.yaml
2026-03-02 14:15:45,839 - DEBUG - Loaded pipet racks configuration from robot_state/pipet_racks.yaml
2026-03-02 14:15:45,842 - DEBUG - Loaded pump configuration from robot_state/syringe_pumps.yaml
2026-03-02 14:15:45,845 - DEBUG - Loaded robot hardware configuration from robot_state/robot_hardware.yaml
2026-03-02 14:15:45,850 - DEBUG - Loaded wellplate properties configuration from robot_state/wellplates.yaml
2026-03-02 14:15:45,850 - DEBUG - Loading robot state files...
2026-03-02 14:15:45,857 - DEBUG - Loaded vial data from ../utoronto_demo/status/sample_input_vials.csv
2026-03-02 14:15:45,858 - DEBUG - Loaded robot status from robot_state/robot_status.yaml
2026-03-02 14:15:45,864 - DEBUG - Loaded wellplate positions from robot_state/wellplates.yaml
2026-03-02 14:15:45,864 - DEBUG - Robot status loaded successfully
2026-03-02 14:15:45,864 - INFO - Physical initialization of North Robot...
2026-03-02 14:15:49,333 - DEBUG - Loading pumps from YAML configuration...
2026-03-02 14:15:49,445 - DEBUG - Loaded pump 0: volume=1.0mL, speed=11, liquid=None
2026-03-02 14:15:49,562 - DEBUG - Loaded pump 1: volume=2.5mL, speed=15, liquid=water
2026-03-02 14:15:49,562 - INFO - Moving robot to home position
2026-03-02 14:15:49,973 - DEBUG - Initializing centrifuge controller...
2026-03-02 14:15:55,606 - DEBUG - Current reader status: 0
2026-03-02 14:15:55,606 - INFO - Cytation5 is connected and ready
2026-03-02 14:15:55,606 - INFO - Initializing North Track...
2026-03-02 14:15:55,606 - DEBUG - Loading track status from file: robot_state/track_status.yaml
2026-03-02 14:15:55,606 - DEBUG - Getting track status from file: robot_state/track_status.yaml
2026-03-02 14:15:55,608 - DEBUG - Loaded track status from robot_state/track_status.yaml
2026-03-02 14:15:55,608 - DEBUG - Loading track positions from: robot_state/track_positions.yaml
2026-03-02 14:15:55,613 - DEBUG - Loaded track positions configuration from robot_state/track_positions.yaml
2026-03-02 14:15:55,613 - DEBUG - Loading robot hardware configuration from: robot_state/robot_hardware.yaml
2026-03-02 14:15:55,613 - DEBUG - Loaded robot hardware configuration from robot_state/robot_hardware.yaml
2026-03-02 14:15:55,622 - DEBUG - Loaded wellplate properties configuration from robot_state/wellplates.yaml
2026-03-02 14:15:55,695 - DEBUG - Moving North Track to home position
2026-03-02 14:15:55,695 - DEBUG - Detected origin position (0,0) - setting location to 'origin'
2026-03-02 14:15:55,696 - DEBUG - Updated gripper location to: origin at position {'x': 0, 'z': 0}
2026-03-02 14:15:55,698 - INFO - Moving vial water to clamp: 0
2026-03-02 14:15:55,698 - DEBUG - Grabbing vial 4 with index 4
2026-03-02 14:15:58,077 - DEBUG - Dropping off vial 4 at location clamp with index 0
2026-03-02 14:16:01,783 - DEBUG - Removing cap from clamped vial
2026-03-02 14:16:05,757 - INFO - Moving robot to home position
2026-03-02 14:16:09,132 - DEBUG - Recapping clamped vial
2026-03-02 14:16:14,844 - INFO - Moving robot to home position
2026-03-02 14:16:18,241 - INFO - Vial water already at clamp index 0, no move needed
2026-03-02 14:16:18,241 - DEBUG - Removing cap from clamped vial
2026-03-02 14:16:24,547 - INFO - Moving robot to home position
2026-03-02 14:16:27,924 - DEBUG - Recapping clamped vial
2026-03-02 14:16:34,794 - INFO - Moving robot to home position
2026-03-02 14:16:38,202 - INFO - Vial water already at clamp index 0, no move needed
2026-03-02 14:16:38,202 - DEBUG - Removing cap from clamped vial
2026-03-02 14:16:44,523 - INFO - Moving robot to home position
2026-03-02 14:16:47,920 - DEBUG - Recapping clamped vial
2026-03-02 14:16:53,615 - INFO - Moving robot to home position
2026-03-02 14:16:57,026 - INFO - Returning vial water to home location: heater index 0
2026-03-02 14:16:57,026 - INFO - Moving vial water to heater: 0
2026-03-02 14:16:57,026 - DEBUG - Grabbing vial 4 with index 4
2026-03-02 14:16:59,611 - DEBUG - Dropping off vial 4 at location heater with index 0
2026-03-02 14:17:03,346 - INFO - Moving robot to home position
