2026-02-09 15:53:19,419 - INFO - Initializing North Robot...
2026-02-09 15:53:19,420 - DEBUG - Loading robot configuration files...
2026-02-09 15:53:19,420 - DEBUG - Loaded vial positions configuration from robot_state/vial_positions.yaml
2026-02-09 15:53:19,420 - DEBUG - Loaded pipet tips configuration from robot_state/pipet_tips.yaml
2026-02-09 15:53:19,420 - DEBUG - Loaded pipet racks configuration from robot_state/pipet_racks.yaml
2026-02-09 15:53:19,420 - DEBUG - Loaded pump configuration from robot_state/syringe_pumps.yaml
2026-02-09 15:53:19,439 - DEBUG - Loaded robot hardware configuration from robot_state/robot_hardware.yaml
2026-02-09 15:53:19,442 - DEBUG - Loaded wellplate properties configuration from robot_state/wellplates.yaml
2026-02-09 15:53:19,442 - DEBUG - Loading robot state files...
2026-02-09 15:53:19,446 - DEBUG - Loaded vial data from ../utoronto_demo/status/calibration_vials_short.csv
2026-02-09 15:53:19,448 - DEBUG - Loaded robot status from robot_state/robot_status.yaml
2026-02-09 15:53:19,459 - DEBUG - Loaded wellplate positions from robot_state/wellplates.yaml
2026-02-09 15:53:19,459 - DEBUG - Robot status loaded successfully
2026-02-09 15:53:19,459 - INFO - Physical initialization of North Robot...
2026-02-09 15:53:23,001 - DEBUG - Loading pumps from YAML configuration...
2026-02-09 15:53:23,097 - DEBUG - Loaded pump 0: volume=1.0mL, speed=11, liquid=None
2026-02-09 15:53:23,209 - DEBUG - Loaded pump 1: volume=2.5mL, speed=15, liquid=water
2026-02-09 15:53:23,209 - INFO - Moving robot to home position
2026-02-09 15:53:25,055 - DEBUG - Initializing centrifuge controller...
2026-02-09 15:53:25,055 - INFO - Initializing North Track...
2026-02-09 15:53:25,055 - DEBUG - Loading track status from file: robot_state/track_status.yaml
2026-02-09 15:53:25,055 - DEBUG - Getting track status from file: robot_state/track_status.yaml
2026-02-09 15:53:25,055 - DEBUG - Loaded track status from robot_state/track_status.yaml
2026-02-09 15:53:25,055 - DEBUG - Loading track positions from: robot_state/track_positions.yaml
2026-02-09 15:53:25,055 - DEBUG - Loaded track positions configuration from robot_state/track_positions.yaml
2026-02-09 15:53:25,055 - DEBUG - Loading robot hardware configuration from: robot_state/robot_hardware.yaml
2026-02-09 15:53:25,055 - DEBUG - Loaded robot hardware configuration from robot_state/robot_hardware.yaml
2026-02-09 15:53:25,055 - DEBUG - Loaded wellplate properties configuration from robot_state/wellplates.yaml
2026-02-09 15:53:25,130 - DEBUG - Moving North Track to home position
2026-02-09 15:53:25,145 - INFO - Moving vial SDS_stock to clamp: 0
2026-02-09 15:53:25,145 - DEBUG - Grabbing vial 1 with index 1
2026-02-09 15:53:27,092 - DEBUG - Dropping off vial 1 at location clamp with index 0
2026-02-09 15:53:30,744 - DEBUG - Using calibrated aspirate_speed=15 for water at 0.050mL
2026-02-09 15:53:30,744 - DEBUG - Using calibrated dispense_speed=6 for water at 0.050mL
2026-02-09 15:53:30,744 - DEBUG - Using calibrated aspirate_wait_time=0.2 for water at 0.050mL
2026-02-09 15:53:30,744 - DEBUG - Using calibrated dispense_wait_time=1.5 for water at 0.050mL
2026-02-09 15:53:30,744 - DEBUG - Using calibrated retract_speed=5 for water at 0.050mL
2026-02-09 15:53:30,744 - DEBUG - Using calibrated blowout_vol=0.0 for water at 0.050mL
2026-02-09 15:53:30,744 - DEBUG - Using calibrated post_asp_air_vol=0.0 for water at 0.050mL
2026-02-09 15:53:30,744 - DEBUG - Using calibrated overaspirate_vol=0.0027400000000000002 for water at 0.050mL
2026-02-09 15:53:30,744 - DEBUG - Using calibrated pre_asp_air_vol=0.27 for water at 0.050mL
2026-02-09 15:53:30,744 - INFO - Dispensing 0.050 mL from SDS_stock to SDS_stock
2026-02-09 15:53:30,744 - DEBUG - Using calibrated aspirate_speed=15 for water at 0.050mL
2026-02-09 15:53:30,744 - DEBUG - Using calibrated dispense_speed=6 for water at 0.050mL
2026-02-09 15:53:30,744 - DEBUG - Using calibrated aspirate_wait_time=0.2 for water at 0.050mL
2026-02-09 15:53:30,744 - DEBUG - Using calibrated dispense_wait_time=1.5 for water at 0.050mL
2026-02-09 15:53:30,744 - DEBUG - Using calibrated retract_speed=5 for water at 0.050mL
2026-02-09 15:53:30,744 - DEBUG - Using calibrated blowout_vol=0.0 for water at 0.050mL
2026-02-09 15:53:30,744 - DEBUG - Using calibrated post_asp_air_vol=0.0 for water at 0.050mL
2026-02-09 15:53:30,744 - DEBUG - Using calibrated overaspirate_vol=0.0027400000000000002 for water at 0.050mL
2026-02-09 15:53:30,744 - DEBUG - Using calibrated pre_asp_air_vol=0.27 for water at 0.050mL
2026-02-09 15:53:30,744 - DEBUG - Applied object param asp_disp_cycles=0
2026-02-09 15:53:30,744 - DEBUG - Applied object param aspirate_speed=15
2026-02-09 15:53:30,744 - DEBUG - Applied object param aspirate_wait_time=0.2
2026-02-09 15:53:30,744 - DEBUG - Applied object param blowout_vol=0.0
2026-02-09 15:53:30,744 - DEBUG - Applied object param dispense_speed=6
2026-02-09 15:53:30,744 - DEBUG - Applied object param dispense_wait_time=1.5
2026-02-09 15:53:30,744 - DEBUG - Applied object param overaspirate_vol=0.0027400000000000002
2026-02-09 15:53:30,744 - DEBUG - Applied object param post_asp_air_vol=0.0
2026-02-09 15:53:30,744 - DEBUG - Applied object param post_retract_wait_time=0.0
2026-02-09 15:53:30,744 - DEBUG - Applied object param pre_asp_air_vol=0.27
2026-02-09 15:53:30,744 - DEBUG - Applied object param retract_speed=5
2026-02-09 15:53:30,744 - DEBUG - Selected small_tip for volume 0.053 mL
2026-02-09 15:53:30,744 - INFO - Getting small_tip (pipet number 7) from rack: small_tip_rack_1
2026-02-09 15:53:35,807 - INFO - Pipetting from vial SDS_stock, amount: 0.050 mL
2026-02-09 15:53:35,807 - INFO - Additional volume from calibration, amount: 0.003 mL
2026-02-09 15:53:35,807 - DEBUG - Adjusting pump 0 speed to 10
2026-02-09 15:53:38,840 - DEBUG - Aspirating 0.270 mL then waiting 0 s
2026-02-09 15:53:40,106 - DEBUG - Adjusting pump 0 speed to 15
2026-02-09 15:53:40,639 - DEBUG - Aspirating 0.053 mL then waiting 0.2 s
2026-02-09 15:53:43,066 - DEBUG - Using calibrated aspirate_speed=15 for water at 0.050mL
2026-02-09 15:53:43,066 - DEBUG - Using calibrated dispense_speed=6 for water at 0.050mL
2026-02-09 15:53:43,066 - DEBUG - Using calibrated aspirate_wait_time=0.2 for water at 0.050mL
2026-02-09 15:53:43,066 - DEBUG - Using calibrated dispense_wait_time=1.5 for water at 0.050mL
2026-02-09 15:53:43,066 - DEBUG - Using calibrated retract_speed=5 for water at 0.050mL
2026-02-09 15:53:43,066 - DEBUG - Using calibrated blowout_vol=0.0 for water at 0.050mL
2026-02-09 15:53:43,066 - DEBUG - Using calibrated post_asp_air_vol=0.0 for water at 0.050mL
2026-02-09 15:53:43,066 - DEBUG - Using calibrated overaspirate_vol=0.0027400000000000002 for water at 0.050mL
2026-02-09 15:53:43,066 - DEBUG - Using calibrated pre_asp_air_vol=0.27 for water at 0.050mL
2026-02-09 15:53:43,066 - DEBUG - Applied object param asp_disp_cycles=0
2026-02-09 15:53:43,066 - DEBUG - Applied object param aspirate_speed=15
2026-02-09 15:53:43,066 - DEBUG - Applied object param aspirate_wait_time=0.2
2026-02-09 15:53:43,066 - DEBUG - Applied object param blowout_vol=0.0
2026-02-09 15:53:43,066 - DEBUG - Applied object param dispense_speed=6
2026-02-09 15:53:43,066 - DEBUG - Applied object param dispense_wait_time=1.5
2026-02-09 15:53:43,066 - DEBUG - Applied object param overaspirate_vol=0.0027400000000000002
2026-02-09 15:53:43,066 - DEBUG - Applied object param post_asp_air_vol=0.0
2026-02-09 15:53:43,066 - DEBUG - Applied object param post_retract_wait_time=0.0
2026-02-09 15:53:43,066 - DEBUG - Applied object param pre_asp_air_vol=0.27
2026-02-09 15:53:43,066 - DEBUG - Applied object param retract_speed=5
2026-02-09 15:53:43,068 - INFO - Pipetting into vial SDS_stock, amount: 0.050 mL
2026-02-09 15:53:43,069 - DEBUG - Adjusting pump 0 speed to 6
2026-02-09 15:53:44,886 - DEBUG - Dispensing 0.323 mL then waiting 1.5 s
2026-02-09 15:53:47,355 - INFO - Removing pipet
2026-02-09 15:53:50,668 - DEBUG - Using calibrated aspirate_speed=8 for water at 0.850mL
2026-02-09 15:53:50,668 - DEBUG - Using calibrated dispense_speed=14 for water at 0.850mL
2026-02-09 15:53:50,668 - DEBUG - Using calibrated aspirate_wait_time=0.0 for water at 0.850mL
2026-02-09 15:53:50,668 - DEBUG - Using calibrated dispense_wait_time=3.5437186 for water at 0.850mL
2026-02-09 15:53:50,668 - DEBUG - Using calibrated retract_speed=10 for water at 0.850mL
2026-02-09 15:53:50,668 - DEBUG - Using calibrated blowout_vol=0.016158898 for water at 0.850mL
2026-02-09 15:53:50,668 - DEBUG - Using calibrated post_asp_air_vol=0.010581106 for water at 0.850mL
2026-02-09 15:53:50,668 - DEBUG - Using calibrated overaspirate_vol=0.012161364999999981 for water at 0.850mL
2026-02-09 15:53:50,668 - DEBUG - Using calibrated pre_asp_air_vol=0.0 for water at 0.850mL
2026-02-09 15:53:50,668 - INFO - Dispensing 0.850 mL from SDS_stock to SDS_stock
2026-02-09 15:53:50,672 - DEBUG - Using calibrated aspirate_speed=8 for water at 0.850mL
2026-02-09 15:53:50,674 - DEBUG - Using calibrated dispense_speed=14 for water at 0.850mL
2026-02-09 15:53:50,674 - DEBUG - Using calibrated aspirate_wait_time=0.0 for water at 0.850mL
2026-02-09 15:53:50,674 - DEBUG - Using calibrated dispense_wait_time=3.5437186 for water at 0.850mL
2026-02-09 15:53:50,674 - DEBUG - Using calibrated retract_speed=10 for water at 0.850mL
2026-02-09 15:53:50,674 - DEBUG - Using calibrated blowout_vol=0.016158898 for water at 0.850mL
2026-02-09 15:53:50,674 - DEBUG - Using calibrated post_asp_air_vol=0.010581106 for water at 0.850mL
2026-02-09 15:53:50,674 - DEBUG - Using calibrated overaspirate_vol=0.012161364999999981 for water at 0.850mL
2026-02-09 15:53:50,674 - DEBUG - Using calibrated pre_asp_air_vol=0.0 for water at 0.850mL
2026-02-09 15:53:50,674 - DEBUG - Applied object param asp_disp_cycles=0
2026-02-09 15:53:50,674 - DEBUG - Applied object param aspirate_speed=8
2026-02-09 15:53:50,674 - DEBUG - Applied object param aspirate_wait_time=0.0
2026-02-09 15:53:50,674 - DEBUG - Applied object param blowout_vol=0.016158898
2026-02-09 15:53:50,674 - DEBUG - Applied object param dispense_speed=14
2026-02-09 15:53:50,674 - DEBUG - Applied object param dispense_wait_time=3.5437186
2026-02-09 15:53:50,674 - DEBUG - Applied object param overaspirate_vol=0.012161364999999981
2026-02-09 15:53:50,674 - DEBUG - Applied object param post_asp_air_vol=0.010581106
2026-02-09 15:53:50,675 - DEBUG - Applied object param post_retract_wait_time=0.0
2026-02-09 15:53:50,675 - DEBUG - Applied object param pre_asp_air_vol=0.0
2026-02-09 15:53:50,675 - DEBUG - Applied object param retract_speed=10
2026-02-09 15:53:50,675 - DEBUG - Selected large_tip for volume 0.873 mL
2026-02-09 15:53:50,675 - INFO - Getting large_tip (pipet number 3) from rack: large_tip_rack_1
2026-02-09 15:53:54,169 - INFO - Pipetting from vial SDS_stock, amount: 0.850 mL
2026-02-09 15:53:54,169 - INFO - Additional volume from calibration, amount: 0.012 mL
2026-02-09 15:53:54,169 - DEBUG - Adjusting pump 0 speed to 10
2026-02-09 15:53:56,827 - DEBUG - Adjusting pump 0 speed to 8
2026-02-09 15:53:57,915 - DEBUG - Aspirating 0.862 mL then waiting 0.0 s
2026-02-09 15:54:01,499 - DEBUG - Aspirating 0.011 mL then waiting 0 s
2026-02-09 15:54:01,820 - DEBUG - Using calibrated aspirate_speed=8 for water at 0.850mL
2026-02-09 15:54:01,820 - DEBUG - Using calibrated dispense_speed=14 for water at 0.850mL
2026-02-09 15:54:01,820 - DEBUG - Using calibrated aspirate_wait_time=0.0 for water at 0.850mL
2026-02-09 15:54:01,820 - DEBUG - Using calibrated dispense_wait_time=3.5437186 for water at 0.850mL
2026-02-09 15:54:01,820 - DEBUG - Using calibrated retract_speed=10 for water at 0.850mL
2026-02-09 15:54:01,820 - DEBUG - Using calibrated blowout_vol=0.016158898 for water at 0.850mL
2026-02-09 15:54:01,820 - DEBUG - Using calibrated post_asp_air_vol=0.010581106 for water at 0.850mL
2026-02-09 15:54:01,820 - DEBUG - Using calibrated overaspirate_vol=0.012161364999999981 for water at 0.850mL
2026-02-09 15:54:01,820 - DEBUG - Using calibrated pre_asp_air_vol=0.0 for water at 0.850mL
2026-02-09 15:54:01,820 - DEBUG - Applied object param asp_disp_cycles=0
2026-02-09 15:54:01,820 - DEBUG - Applied object param aspirate_speed=8
2026-02-09 15:54:01,820 - DEBUG - Applied object param aspirate_wait_time=0.0
2026-02-09 15:54:01,820 - DEBUG - Applied object param blowout_vol=0.016158898
2026-02-09 15:54:01,820 - DEBUG - Applied object param dispense_speed=14
2026-02-09 15:54:01,820 - DEBUG - Applied object param dispense_wait_time=3.5437186
2026-02-09 15:54:01,820 - DEBUG - Applied object param overaspirate_vol=0.012161364999999981
2026-02-09 15:54:01,820 - DEBUG - Applied object param post_asp_air_vol=0.010581106
2026-02-09 15:54:01,820 - DEBUG - Applied object param post_retract_wait_time=0.0
2026-02-09 15:54:01,820 - DEBUG - Applied object param pre_asp_air_vol=0.0
2026-02-09 15:54:01,820 - DEBUG - Applied object param retract_speed=10
2026-02-09 15:54:01,820 - INFO - Pipetting into vial SDS_stock, amount: 0.850 mL
2026-02-09 15:54:01,820 - DEBUG - Adjusting pump 0 speed to 14
2026-02-09 15:54:03,435 - DEBUG - Dispensing 0.873 mL then waiting 3.5437186 s
2026-02-09 15:54:03,435 - WARNING - Dispense exceeded limit: Dispensing all liquid
2026-02-09 15:54:10,126 - DEBUG - Blowing out 0.016 mL
2026-02-09 15:54:15,108 - INFO - Removing pipet
2026-02-09 15:54:18,412 - INFO - Returning vial SDS_stock to home location: main_8mL_rack index 44
2026-02-09 15:54:18,412 - INFO - Moving vial SDS_stock to main_8mL_rack: 44
2026-02-09 15:54:18,413 - DEBUG - Grabbing vial 1 with index 1
2026-02-09 15:54:20,787 - DEBUG - Dropping off vial 1 at location main_8mL_rack with index 44
