2025-09-23 11:44:40,267 - INFO - Initializing North Robot...
2025-09-23 11:44:40,267 - DEBUG - Loading robot configuration files...
2025-09-23 11:44:40,283 - DEBUG - Loaded vial positions configuration from ../utoronto_demo/robot_state/vial_positions.yaml
2025-09-23 11:44:40,283 - DEBUG - Loaded pipet tips configuration from ../utoronto_demo/robot_state/pipet_tips.yaml
2025-09-23 11:44:40,283 - DEBUG - Loaded pipet racks configuration from ../utoronto_demo/robot_state/pipet_racks.yaml
2025-09-23 11:44:40,283 - DEBUG - Loaded pump configuration from ../utoronto_demo/robot_state/syringe_pumps.yaml
2025-09-23 11:44:40,302 - DEBUG - Loaded robot hardware configuration from ../utoronto_demo/robot_state/robot_hardware.yaml
2025-09-23 11:44:40,305 - DEBUG - Loaded wellplate properties configuration from ../utoronto_demo/robot_state/wellplates.yaml
2025-09-23 11:44:40,305 - DEBUG - Loading robot state files...
2025-09-23 11:44:40,305 - DEBUG - Loaded vial data from ../utoronto_demo/status/sample_capped_vials.csv
2025-09-23 11:44:40,305 - DEBUG - Loaded robot status from ../utoronto_demo/robot_state/robot_status.yaml
2025-09-23 11:44:40,305 - DEBUG - Loaded wellplate positions from ../utoronto_demo/robot_state/wellplates.yaml
2025-09-23 11:44:40,305 - DEBUG - Loading pumps from YAML configuration...
2025-09-23 11:44:40,305 - DEBUG - Loaded pump 0: volume=1.0mL, speed=11, liquid=None
2025-09-23 11:44:40,305 - DEBUG - Loaded pump 1: volume=2.5mL, speed=15, liquid=water
2025-09-23 11:44:40,305 - DEBUG - Physical initialization of North Robot...
2025-09-23 11:44:40,305 - INFO - Moving robot to home position
2025-09-23 11:44:40,305 - INFO - Initializing North Track...
2025-09-23 11:44:40,305 - DEBUG - Loading track status from file: ../utoronto_demo/robot_state/track_status.yaml
2025-09-23 11:44:40,305 - DEBUG - Getting track status from file: ../utoronto_demo/robot_state/track_status.yaml
2025-09-23 11:44:40,305 - DEBUG - Loaded track status from ../utoronto_demo/robot_state/track_status.yaml
2025-09-23 11:44:40,305 - DEBUG - Loading track positions from: ../utoronto_demo/robot_state/track_positions.yaml
2025-09-23 11:44:40,323 - DEBUG - Loaded track positions configuration from ../utoronto_demo/robot_state/track_positions.yaml
2025-09-23 11:44:40,323 - DEBUG - Loading robot hardware configuration from: ../utoronto_demo/robot_state/robot_hardware.yaml
2025-09-23 11:44:40,327 - DEBUG - Loaded robot hardware configuration from ../utoronto_demo/robot_state/robot_hardware.yaml
2025-09-23 11:44:40,330 - DEBUG - Loaded wellplate properties configuration from ../utoronto_demo/robot_state/wellplates.yaml
2025-09-23 11:44:40,331 - INFO -    vial_index vial_name       location  location_index  vial_volume  capped cap_type vial_type  home_location  home_location_index
0           0  Sample_A  main_8mL_rack               0          6.8    True   closed      8_mL  main_8mL_rack                    0
1           1  Sample_B  main_8mL_rack               1          1.2    True   closed      8_mL  main_8mL_rack                    1
2025-09-23 11:44:40,342 - INFO - Visualizing vial racks...
2025-09-23 11:44:40,491 - DEBUG - Visualizing rack: Main Rack with filter: main_8mL_rack
2025-09-23 11:44:40,602 - DEBUG - Visualizing rack: Second Rack with filter: large_vial_rack
2025-09-23 11:44:41,872 - INFO - Dispensing 1.200 mL from Sample_A to Sample_B
2025-09-23 11:44:41,872 - INFO - Volume too high for single transfer, splitting into 2 transfers of 0.6 mL each
2025-09-23 11:44:41,872 - DEBUG - Moving source vial to clamp to uncap
2025-09-23 11:44:41,872 - INFO - Moving vial Sample_A to clamp: 0
2025-09-23 11:44:41,872 - DEBUG - Grabbing vial 0 with index 0
2025-09-23 11:44:41,886 - DEBUG - Dropping off vial 0 at location clamp with index 0
2025-09-23 11:44:41,887 - DEBUG - Removing cap from clamped vial
2025-09-23 11:44:41,890 - DEBUG - Selected large_tip for volume 0.600 mL
2025-09-23 11:44:41,890 - INFO - Getting large_tip (pipet number 1) from rack: large_tip_rack_1
2025-09-23 11:44:41,898 - INFO - Pipetting from vial Sample_A, amount: 0.6 mL
2025-09-23 11:44:41,899 - DEBUG - Adjusting pump 0 speed to 11
2025-09-23 11:44:41,899 - DEBUG - Aspirating 0.600 mL then waiting 1.0 s
2025-09-23 11:44:41,900 - DEBUG - Recapping clamped vial
2025-09-23 11:44:41,903 - INFO - Returning vial Sample_A to home location
2025-09-23 11:44:41,909 - INFO - Moving vial Sample_A to main_8mL_rack: 0
2025-09-23 11:44:41,909 - DEBUG - Grabbing vial 0 with index 0
2025-09-23 11:44:41,912 - DEBUG - Dropping off vial 0 at location main_8mL_rack with index 0
2025-09-23 11:44:41,913 - DEBUG - Moving destination vial to clamp to uncap
2025-09-23 11:44:41,914 - INFO - Moving vial Sample_B to clamp: 0
2025-09-23 11:44:41,915 - DEBUG - Grabbing vial 1 with index 1
2025-09-23 11:44:41,916 - DEBUG - Dropping off vial 1 at location clamp with index 0
2025-09-23 11:44:41,917 - DEBUG - Removing cap from clamped vial
2025-09-23 11:44:41,919 - INFO - Pipetting into vial Sample_B, amount: 0.6 mL
2025-09-23 11:44:41,919 - DEBUG - Adjusting pump 0 speed to 11
2025-09-23 11:44:41,920 - DEBUG - Dispensing 0.600 mL then waiting 0.0 s
2025-09-23 11:44:41,920 - DEBUG - Moving source vial to clamp to uncap
2025-09-23 11:44:41,923 - INFO - Moving vial Sample_A to clamp: 0
2025-09-23 11:44:41,924 - DEBUG - Grabbing vial 0 with index 0
2025-09-23 11:44:41,927 - WARNING - Cannot move vial to destination, gripper full
2025-09-23 11:44:41,927 - ERROR - Cannot move vial to destination, gripper full
2025-09-23 11:44:41,927 - WARNING - SIMULATION MODE: Would pause for error: Cannot move vial to destination, gripper full
2025-09-23 11:44:41,927 - DEBUG - Dropping off vial 0 at location clamp with index 0
2025-09-23 11:44:41,929 - WARNING - Cannot move vial to destination, destination full
2025-09-23 11:44:41,929 - ERROR - Cannot move vial to destination, destination full
2025-09-23 11:44:41,929 - WARNING - SIMULATION MODE: Would pause for error: Cannot move vial to destination, destination full
2025-09-23 11:44:41,929 - DEBUG - Removing cap from clamped vial
2025-09-23 11:44:41,931 - DEBUG - Selected large_tip for volume 0.600 mL
2025-09-23 11:44:41,932 - INFO - Pipetting from vial Sample_A, amount: 0.6 mL
2025-09-23 11:44:41,934 - DEBUG - Adjusting pump 0 speed to 11
2025-09-23 11:44:41,934 - DEBUG - Aspirating 0.600 mL then waiting 1.0 s
2025-09-23 11:44:41,935 - DEBUG - Recapping clamped vial
2025-09-23 11:44:41,936 - INFO - Returning vial Sample_A to home location
2025-09-23 11:44:41,938 - INFO - Moving vial Sample_A to main_8mL_rack: 0
2025-09-23 11:44:41,938 - DEBUG - Grabbing vial 0 with index 0
2025-09-23 11:44:41,938 - DEBUG - Dropping off vial 0 at location main_8mL_rack with index 0
2025-09-23 11:44:41,938 - DEBUG - Moving destination vial to clamp to uncap
2025-09-23 11:44:41,938 - INFO - Vial 1 already at clamp index 0, no move needed
2025-09-23 11:44:41,938 - DEBUG - Removing cap from clamped vial
2025-09-23 11:44:41,938 - WARNING - Can't uncap, vial is uncapped already
2025-09-23 11:44:41,938 - ERROR - Can't uncap, vial is uncapped already
2025-09-23 11:44:41,938 - WARNING - SIMULATION MODE: Would pause for error: Can't uncap, vial is uncapped already
2025-09-23 11:44:41,949 - INFO - Pipetting into vial Sample_B, amount: 0.6 mL
2025-09-23 11:44:41,950 - DEBUG - Adjusting pump 0 speed to 11
2025-09-23 11:44:41,950 - DEBUG - Dispensing 0.600 mL then waiting 0.0 s
2025-09-23 11:44:41,950 - DEBUG - Removing pipet
2025-09-23 11:44:41,950 - DEBUG - Recapping clamped vial
2025-09-23 11:44:41,951 - INFO - Returning vial Sample_B to home location
2025-09-23 11:44:41,953 - INFO - Moving vial Sample_B to main_8mL_rack: 1
2025-09-23 11:44:41,954 - DEBUG - Grabbing vial 1 with index 1
2025-09-23 11:44:41,954 - DEBUG - Dropping off vial 1 at location main_8mL_rack with index 1
2025-09-23 11:44:41,954 - INFO - Moving robot to home position
