2026-02-20 13:36:39,210 - INFO - Workflow config loaded: surfactant_grid_adaptive_concentrations
2026-02-20 13:36:39,222 - INFO - Config keys updated: 36 (SURFACTANT_A, SURFACTANT_B, EXPERIMENT_TAG, SIMULATE, VALIDATE_LIQUIDS, CREATE_WELLPLATE, VALIDATION_ONLY, RUN_2_STAGE_WORKFLOW, RUN_SINGLE_STAGE, RUN_ITERATIVE_WORKFLOW, ADD_CMC_CONTROLS, CMC_CONTROL_POINTS, MIN_CONC, NUMBER_CONCENTRATIONS, ITERATIVE_CONCENTRATIONS, GRADIENT_SUGGESTIONS_PER_ITERATION, OPTIMIZE_METRIC, N_REPLICATES, WELL_VOLUME_UL, PYRENE_VOLUME_UL, ITERATIVE_MEASUREMENT_TOTAL, ADD_BUFFER, BUFFER_VOLUME_UL, BUFFER_OPTIONS, SELECTED_BUFFER, MAX_WELLS, FINAL_SUBSTOCK_VOLUME, MINIMUM_PIPETTE_VOLUME, MEASUREMENT_INTERVAL, MIN_WELL_PIPETTE_VOLUME_UL, MAX_SURFACTANT_VOLUME_UL, SHAKE_PROTOCOL, TURBIDITY_PROTOCOL_FILE, FLUORESCENCE_PROTOCOL_FILE, INPUT_VIAL_STATUS_FILE, SURFACTANT_LIBRARY)
2026-02-20 13:36:39,222 - INFO - SIMULATE mode: False
2026-02-20 13:36:39,223 - INFO - Launching status review GUI...
2026-02-20 13:36:39,368 - INFO - Detected workflow name: surfactant_grid_adaptive_concentrations
2026-02-20 13:36:39,636 - INFO - Config editor loaded for workflow: surfactant_grid_adaptive_concentrations
2026-02-20 13:37:33,389 - INFO - User selected: Run Workflow
2026-02-20 13:37:33,405 - INFO - Status review completed - proceeding with hardware initialization
2026-02-20 13:37:33,427 - DEBUG - Reloading config after status check to get updated values
2026-02-20 13:37:33,475 - INFO - Config Manager: Updated 36 workflow constants from surfactant_grid_adaptive_concentrations.yaml
2026-02-20 13:37:33,475 - INFO - SIMULATE flag updated: False -> True
2026-02-20 13:37:33,475 - DEBUG - No components needed simulate flag update
2026-02-20 13:37:34,092 - INFO - Initializing North Robot...
2026-02-20 13:37:34,094 - DEBUG - Loading robot configuration files...
2026-02-20 13:37:34,098 - DEBUG - Loaded vial positions configuration from robot_state/vial_positions.yaml
2026-02-20 13:37:34,098 - DEBUG - Loaded pipet tips configuration from robot_state/pipet_tips.yaml
2026-02-20 13:37:34,098 - DEBUG - Loaded pipet racks configuration from robot_state/pipet_racks.yaml
2026-02-20 13:37:34,098 - DEBUG - Loaded pump configuration from robot_state/syringe_pumps.yaml
2026-02-20 13:37:34,098 - DEBUG - Loaded robot hardware configuration from robot_state/robot_hardware.yaml
2026-02-20 13:37:34,116 - DEBUG - Loaded wellplate properties configuration from robot_state/wellplates.yaml
2026-02-20 13:37:34,116 - DEBUG - Loading robot state files...
2026-02-20 13:37:34,120 - DEBUG - Loaded vial data from ../utoronto_demo/status/surfactant_grid_vials_expanded.csv
2026-02-20 13:37:34,120 - DEBUG - Loaded robot status from robot_state/robot_status.yaml
2026-02-20 13:37:34,120 - DEBUG - Loaded wellplate positions from robot_state/wellplates.yaml
2026-02-20 13:37:34,120 - DEBUG - Robot status loaded successfully
2026-02-20 13:37:34,120 - INFO - Physical initialization of North Robot...
2026-02-20 13:37:37,597 - DEBUG - Loading pumps from YAML configuration...
