2025-10-21 16:39:33,748 - INFO - Initializing North Robot...
2025-10-21 16:39:33,749 - DEBUG - Loading robot configuration files...
2025-10-21 16:39:33,757 - DEBUG - Loaded vial positions configuration from robot_state/vial_positions.yaml
2025-10-21 16:39:33,758 - DEBUG - Loaded pipet tips configuration from robot_state/pipet_tips.yaml
2025-10-21 16:39:33,763 - DEBUG - Loaded pipet racks configuration from robot_state/pipet_racks.yaml
2025-10-21 16:39:33,766 - DEBUG - Loaded pump configuration from robot_state/syringe_pumps.yaml
2025-10-21 16:39:33,768 - DEBUG - Loaded robot hardware configuration from robot_state/robot_hardware.yaml
2025-10-21 16:39:33,772 - DEBUG - Loaded wellplate properties configuration from robot_state/wellplates.yaml
2025-10-21 16:39:33,772 - DEBUG - Loading robot state files...
2025-10-21 16:39:33,777 - DEBUG - Loaded vial data from ../utoronto_demo/status/sample_capped_vials.csv
2025-10-21 16:39:33,779 - DEBUG - Loaded robot status from robot_state/robot_status.yaml
2025-10-21 16:39:33,782 - DEBUG - Loaded wellplate positions from robot_state/wellplates.yaml
2025-10-21 16:39:33,782 - DEBUG - Robot status loaded successfully
2025-10-21 16:39:33,782 - DEBUG - Loading pumps from YAML configuration...
2025-10-21 16:39:33,904 - DEBUG - Loaded pump 0: volume=1.0mL, speed=11, liquid=None
2025-10-21 16:39:34,006 - DEBUG - Loaded pump 1: volume=2.5mL, speed=15, liquid=water
2025-10-21 16:39:34,006 - DEBUG - Physical initialization of North Robot...
2025-10-21 16:39:34,308 - INFO - Moving robot to home position
2025-10-21 16:39:40,197 - DEBUG - Current reader status: 0
2025-10-21 16:39:40,197 - INFO - Cytation5 is connected and ready
2025-10-21 16:39:40,197 - INFO - Initializing North Track...
2025-10-21 16:39:40,197 - DEBUG - Loading track status from file: robot_state/track_status.yaml
2025-10-21 16:39:40,199 - DEBUG - Getting track status from file: robot_state/track_status.yaml
2025-10-21 16:39:40,201 - DEBUG - Loaded track status from robot_state/track_status.yaml
2025-10-21 16:39:40,201 - DEBUG - Loading track positions from: robot_state/track_positions.yaml
2025-10-21 16:39:40,207 - DEBUG - Loaded track positions configuration from robot_state/track_positions.yaml
2025-10-21 16:39:40,207 - DEBUG - Loading robot hardware configuration from: robot_state/robot_hardware.yaml
2025-10-21 16:39:40,212 - DEBUG - Loaded robot hardware configuration from robot_state/robot_hardware.yaml
2025-10-21 16:39:40,217 - DEBUG - Loaded wellplate properties configuration from robot_state/wellplates.yaml
2025-10-21 16:39:41,765 - DEBUG - Moving North Track to home position
2025-10-21 16:39:41,773 - INFO - Measuring wellplate 0 with protocols: None
2025-10-21 16:39:41,773 - DEBUG - Using robot plate type 'quartz' -> Cytation plate type '96 WELL PLATE'
2025-10-21 16:39:41,773 - INFO - Moving robot to home position
2025-10-21 16:39:42,061 - INFO - Moving wellplate 0 to Cytation
2025-10-21 16:39:42,062 - DEBUG - Using robot plate type 'quartz' -> Cytation plate type '96 WELL PLATE' for CarrierIn
2025-10-21 16:39:43,163 - INFO - Grabbing wellplate from location: pipetting_area
2025-10-21 16:39:43,163 - DEBUG - No waypoint locations provided, skipping path movement
2025-10-21 16:39:46,683 - DEBUG - Opening gripper
2025-10-21 16:39:49,594 - DEBUG - Closing gripper
2025-10-21 16:39:56,034 - INFO - Releasing wellplate at location: cytation_tray
2025-10-21 16:39:56,034 - DEBUG - No waypoint locations provided, skipping path movement
2025-10-21 16:39:58,728 - DEBUG - Opening gripper
