2026-04-08 17:41:22,643 - DEBUG - No workflow config provided - using default initialization
2026-04-08 17:41:22,643 - INFO - Launching status review GUI...
2026-04-08 17:41:22,825 - INFO - Detected workflow name: test_c9_asp
2026-04-08 17:41:22,853 - INFO - Config editor loaded for workflow: test_c9_asp
2026-04-08 17:41:42,856 - INFO - User selected: Run Workflow
2026-04-08 17:41:42,857 - INFO - Status review completed - proceeding with hardware initialization
2026-04-08 17:41:43,482 - INFO - Initializing North Robot...
2026-04-08 17:41:43,482 - DEBUG - Loading robot configuration files...
2026-04-08 17:41:43,502 - DEBUG - Loaded vial positions configuration from robot_state/vial_positions.yaml
2026-04-08 17:41:43,504 - DEBUG - Loaded pipet tips configuration from robot_state/pipet_tips.yaml
2026-04-08 17:41:43,508 - DEBUG - Loaded pipet racks configuration from robot_state/pipet_racks.yaml
2026-04-08 17:41:43,511 - DEBUG - Loaded pump configuration from robot_state/syringe_pumps.yaml
2026-04-08 17:41:43,514 - DEBUG - Loaded robot hardware configuration from robot_state/robot_hardware.yaml
2026-04-08 17:41:43,519 - DEBUG - Loaded wellplate properties configuration from robot_state/wellplates.yaml
2026-04-08 17:41:43,519 - DEBUG - Loading robot state files...
2026-04-08 17:41:43,521 - INFO - No vial file provided - operating without vial tracking
2026-04-08 17:41:43,521 - DEBUG - Loaded robot status from robot_state/robot_status.yaml
2026-04-08 17:41:43,521 - DEBUG - Loaded wellplate positions from robot_state/wellplates.yaml
2026-04-08 17:41:43,521 - DEBUG - Robot status loaded successfully
2026-04-08 17:41:43,521 - INFO - Physical initialization of North Robot...
2026-04-08 17:41:47,024 - DEBUG - Loading pumps from YAML configuration...
2026-04-08 17:41:47,136 - DEBUG - Loaded pump 0: volume=1.0mL, speed=11, liquid=None
2026-04-08 17:41:47,238 - DEBUG - Loaded pump 1: volume=2.5mL, speed=15, liquid=water
2026-04-08 17:41:47,238 - INFO - Moving robot to home position
2026-04-08 17:41:49,436 - DEBUG - Initializing centrifuge controller...
2026-04-08 17:41:49,436 - INFO - Initializing North Track...
2026-04-08 17:41:49,436 - DEBUG - Loading track status from file: robot_state/track_status.yaml
2026-04-08 17:41:49,436 - DEBUG - Getting track status from file: robot_state/track_status.yaml
2026-04-08 17:41:49,436 - DEBUG - Loaded track status from robot_state/track_status.yaml
2026-04-08 17:41:49,436 - DEBUG - Loading track positions from: robot_state/track_positions.yaml
2026-04-08 17:41:49,445 - DEBUG - Loaded track positions configuration from robot_state/track_positions.yaml
2026-04-08 17:41:49,445 - DEBUG - Loading robot hardware configuration from: robot_state/robot_hardware.yaml
2026-04-08 17:41:49,449 - DEBUG - Loaded robot hardware configuration from robot_state/robot_hardware.yaml
2026-04-08 17:41:49,452 - DEBUG - Loaded wellplate properties configuration from robot_state/wellplates.yaml
2026-04-08 17:41:49,524 - DEBUG - Moving North Track to home position
2026-04-08 17:41:49,525 - DEBUG - Detected origin position (0,0) - setting location to 'origin'
2026-04-08 17:41:49,526 - DEBUG - Updated gripper location to: origin at position {'x': 0, 'z': 0}
