2026-04-21 12:40:21,532 - DEBUG - No workflow config provided - using default initialization
2026-04-21 12:40:21,532 - INFO - GUI disabled - skipping status review, proceeding directly to hardware initialization
2026-04-21 12:40:22,012 - INFO - Initializing North Robot...
2026-04-21 12:40:22,012 - DEBUG - Loading robot configuration files...
2026-04-21 12:40:22,027 - DEBUG - Loaded vial positions configuration from robot_state/vial_positions.yaml
2026-04-21 12:40:22,027 - DEBUG - Loaded pipet tips configuration from robot_state/pipet_tips.yaml
2026-04-21 12:40:22,027 - DEBUG - Loaded pipet racks configuration from robot_state/pipet_racks.yaml
2026-04-21 12:40:22,043 - DEBUG - Loaded pump configuration from robot_state/syringe_pumps.yaml
2026-04-21 12:40:22,043 - DEBUG - Loaded robot hardware configuration from robot_state/robot_hardware.yaml
2026-04-21 12:40:22,043 - DEBUG - Loaded wellplate properties configuration from robot_state/wellplates.yaml
2026-04-21 12:40:22,043 - DEBUG - Loading robot state files...
2026-04-21 12:40:22,043 - DEBUG - Loaded vial data from status/calibration_vials_short.csv
2026-04-21 12:40:22,043 - DEBUG - Loaded robot status from robot_state/robot_status.yaml
2026-04-21 12:40:22,059 - DEBUG - Loaded wellplate positions from robot_state/wellplates.yaml
2026-04-21 12:40:22,059 - DEBUG - Robot status loaded successfully
2026-04-21 12:40:22,059 - INFO - Physical initialization of North Robot...
2026-04-21 12:40:25,557 - DEBUG - Loading pumps from YAML configuration...
2026-04-21 12:40:25,653 - DEBUG - Loaded pump 0: volume=1.0mL, speed=11, liquid=None
2026-04-21 12:40:25,764 - DEBUG - Loaded pump 1: volume=2.5mL, speed=15, liquid=water
2026-04-21 12:40:25,764 - INFO - Moving robot to home position
2026-04-21 12:40:26,179 - DEBUG - Initializing centrifuge controller...
2026-04-21 12:40:26,179 - INFO - Initializing North Track...
2026-04-21 12:40:26,179 - DEBUG - Loading track status from file: robot_state/track_status.yaml
2026-04-21 12:40:26,179 - DEBUG - Getting track status from file: robot_state/track_status.yaml
2026-04-21 12:40:26,179 - DEBUG - Loaded track status from robot_state/track_status.yaml
2026-04-21 12:40:26,179 - DEBUG - Loading track positions from: robot_state/track_positions.yaml
2026-04-21 12:40:26,179 - DEBUG - Loaded track positions configuration from robot_state/track_positions.yaml
2026-04-21 12:40:26,179 - DEBUG - Loading robot hardware configuration from: robot_state/robot_hardware.yaml
2026-04-21 12:40:26,179 - DEBUG - Loaded robot hardware configuration from robot_state/robot_hardware.yaml
2026-04-21 12:40:26,195 - DEBUG - Loaded wellplate properties configuration from robot_state/wellplates.yaml
2026-04-21 12:40:26,268 - DEBUG - Moving North Track to home position
2026-04-21 12:40:26,268 - DEBUG - Detected origin position (0,0) - setting location to 'origin'
2026-04-21 12:40:26,268 - DEBUG - Updated gripper location to: origin at position {'x': 0, 'z': 0}
2026-04-21 12:40:26,268 - INFO - Moving vial glycerol to clamp: 0
2026-04-21 12:40:26,268 - DEBUG - Grabbing vial 2 with index 2
2026-04-21 12:40:28,319 - DEBUG - Dropping off vial 2 at location clamp with index 0
2026-04-21 12:40:42,544 - INFO - Vial glycerol already at clamp index 0, no move needed
2026-04-21 12:40:42,808 - DEBUG - Applied dict param aspirate_speed=10
2026-04-21 12:40:42,808 - DEBUG - Applied dict param dispense_speed=10
2026-04-21 12:40:42,808 - DEBUG - Applied dict param aspirate_wait_time=0.0
2026-04-21 12:40:42,808 - DEBUG - Applied dict param dispense_wait_time=0.0
2026-04-21 12:40:42,808 - DEBUG - Applied dict param pre_asp_air_vol=0.0
2026-04-21 12:40:42,808 - DEBUG - Applied dict param retract_speed=5
2026-04-21 12:40:42,808 - DEBUG - Applied dict param blowout_vol=0.0
2026-04-21 12:40:42,808 - DEBUG - Applied dict param post_asp_air_vol=0.0
2026-04-21 12:40:42,808 - DEBUG - Applied dict param post_retract_wait_time=0.0
2026-04-21 12:40:42,808 - DEBUG - Applied dict param overaspirate_vol=0.0
2026-04-21 12:40:42,808 - DEBUG - Applied dict param asp_disp_cycles=0
2026-04-21 12:40:42,809 - DEBUG - Selected small_tip for volume 0.050 mL
2026-04-21 12:40:42,809 - INFO - Getting small_tip (pipet number 20) from rack: small_tip_rack_1
2026-04-21 12:40:47,917 - DEBUG - Vial move required for pipetting
2026-04-21 12:40:47,917 - INFO - Moving vial glycerol to safe pipetting location
2026-04-21 12:40:47,919 - INFO - Vial 2 already at clamp index 0, no move needed
2026-04-21 12:40:47,919 - DEBUG - Removing cap from clamped vial
2026-04-21 12:40:53,925 - INFO - Pipetting from vial glycerol, amount: 0.050 mL
2026-04-21 12:40:53,925 - INFO - Additional volume from calibration, amount: 0.000 mL
2026-04-21 12:40:53,928 - DEBUG - Adjusting pump 0 speed to 10
2026-04-21 12:40:55,638 - DEBUG - Adjusting pump 0 speed to 10
2026-04-21 12:40:56,497 - DEBUG - Aspirating 0.050 mL then waiting 0.0 s
2026-04-21 12:40:57,406 - DEBUG - Applied dict param aspirate_speed=10
2026-04-21 12:40:57,406 - DEBUG - Applied dict param dispense_speed=10
2026-04-21 12:40:57,406 - DEBUG - Applied dict param aspirate_wait_time=0.0
2026-04-21 12:40:57,406 - DEBUG - Applied dict param dispense_wait_time=0.0
2026-04-21 12:40:57,406 - DEBUG - Applied dict param pre_asp_air_vol=0.0
2026-04-21 12:40:57,406 - DEBUG - Applied dict param retract_speed=5
2026-04-21 12:40:57,406 - DEBUG - Applied dict param blowout_vol=0.0
2026-04-21 12:40:57,406 - DEBUG - Applied dict param post_asp_air_vol=0.0
2026-04-21 12:40:57,406 - DEBUG - Applied dict param post_retract_wait_time=0.0
2026-04-21 12:40:57,406 - DEBUG - Applied dict param overaspirate_vol=0.0
2026-04-21 12:40:57,406 - DEBUG - Applied dict param asp_disp_cycles=0
2026-04-21 12:40:57,407 - INFO - Pipetting into vial glycerol, amount: 0.050 mL
2026-04-21 12:40:57,408 - DEBUG - Adjusting pump 0 speed to 10
2026-04-21 12:40:59,152 - INFO - Short wait time (1.0s), allowing scale to settle after robot positioning...
2026-04-21 12:41:00,153 - INFO - Started continuous mass monitoring with pre-dispense baseline
2026-04-21 12:41:00,408 - DEBUG - Mass: 18.1197g at 0.000s (baseline_pre) steady=False
2026-04-21 12:41:00,808 - DEBUG - Mass: 18.1198g at 0.456s (baseline_pre) steady=False
2026-04-21 12:41:01,207 - DEBUG - Mass: 18.1198g at 0.856s (baseline_pre) steady=False
2026-04-21 12:41:01,608 - DEBUG - Mass: 18.1238g at 1.255s (baseline_pre) steady=False
2026-04-21 12:41:02,007 - DEBUG - Mass: 18.1278g at 1.656s (baseline_pre) steady=False
2026-04-21 12:41:02,154 - DEBUG - Dispensing 0.050 mL then waiting 0.0 s
2026-04-21 12:41:02,407 - DEBUG - Mass: 18.1301g at 2.055s (dispensing) steady=False
2026-04-21 12:41:02,536 - INFO - Dispensing took 0.382s, collecting post-dispense baseline
2026-04-21 12:41:02,807 - DEBUG - Mass: 18.1310g at 2.455s (baseline_post) steady=False
2026-04-21 12:41:03,207 - DEBUG - Mass: 18.1294g at 2.855s (baseline_post) steady=False
2026-04-21 12:41:03,609 - DEBUG - Mass: 18.1295g at 3.255s (baseline_post) steady=True
2026-04-21 12:41:04,009 - DEBUG - Mass: 18.1295g at 3.657s (baseline_post) steady=True
2026-04-21 12:41:04,409 - DEBUG - Mass: 18.1295g at 4.057s (baseline_post) steady=True
2026-04-21 12:41:04,610 - INFO - Stopped continuous mass monitoring. Collected 11 data points
2026-04-21 12:41:04,614 - INFO - Pre-baseline: No stable readings, using time-based avg=18.122180g
2026-04-21 12:41:04,614 - INFO - Post-baseline: 3 stable readings, avg=18.129500g
2026-04-21 12:41:04,614 - INFO - INDEPENDENT BASELINE calculation:
2026-04-21 12:41:04,614 - INFO - Pre: TIME-BASED, Post: STABLE, Mass difference: 0.007320g
2026-04-21 12:41:04,615 - INFO - Reading summary: 5 pre-readings (0 stable), 5 post-readings (3 stable)
2026-04-21 12:41:04,615 - INFO - Baseline variability: pre_std=0.003595g, post_std=0.000683g
2026-04-21 12:41:04,615 - INFO - Target: 0.050 mL = ~0.050000 g for water
2026-04-21 12:41:04,617 - INFO - Saved 11 mass measurements to output\mass_measurements\experiment_log2026-04-21_12-40-21\mass_data_glycerol_20260421_124104.csv
2026-04-21 12:41:05,113 - INFO - Saved dispense mass vs time plot to output\mass_measurements\experiment_log2026-04-21_12-40-21\mass_plot_glycerol_20260421_124104.png
2026-04-21 12:41:05,114 - INFO - Removing pipet
2026-04-21 12:41:08,426 - INFO - Vial glycerol already at clamp index 0, no move needed
2026-04-21 12:41:09,614 - INFO - Vial glycerol already at clamp index 0, no move needed
2026-04-21 12:41:09,809 - DEBUG - Applied dict param aspirate_speed=10
2026-04-21 12:41:09,809 - DEBUG - Applied dict param dispense_speed=10
2026-04-21 12:41:09,809 - DEBUG - Applied dict param aspirate_wait_time=0.0
2026-04-21 12:41:09,809 - DEBUG - Applied dict param dispense_wait_time=0.0
2026-04-21 12:41:09,809 - DEBUG - Applied dict param pre_asp_air_vol=0.0
2026-04-21 12:41:09,809 - DEBUG - Applied dict param retract_speed=5
2026-04-21 12:41:09,809 - DEBUG - Applied dict param blowout_vol=0.0
2026-04-21 12:41:09,809 - DEBUG - Applied dict param post_asp_air_vol=0.0
2026-04-21 12:41:09,809 - DEBUG - Applied dict param post_retract_wait_time=0.0
2026-04-21 12:41:09,809 - DEBUG - Applied dict param overaspirate_vol=0.0
2026-04-21 12:41:09,809 - DEBUG - Applied dict param asp_disp_cycles=0
2026-04-21 12:41:09,810 - DEBUG - Selected small_tip for volume 0.050 mL
2026-04-21 12:41:09,810 - INFO - Getting small_tip (pipet number 21) from rack: small_tip_rack_1
2026-04-21 12:41:12,660 - INFO - Pipetting from vial glycerol, amount: 0.050 mL
2026-04-21 12:41:12,660 - INFO - Additional volume from calibration, amount: 0.000 mL
2026-04-21 12:41:12,662 - DEBUG - Adjusting pump 0 speed to 10
2026-04-21 12:41:14,900 - DEBUG - Adjusting pump 0 speed to 10
2026-04-21 12:41:15,801 - DEBUG - Aspirating 0.050 mL then waiting 0.0 s
2026-04-21 12:41:16,851 - DEBUG - Applied dict param aspirate_speed=10
2026-04-21 12:41:16,851 - DEBUG - Applied dict param dispense_speed=10
2026-04-21 12:41:16,851 - DEBUG - Applied dict param aspirate_wait_time=0.0
2026-04-21 12:41:16,851 - DEBUG - Applied dict param dispense_wait_time=0.0
2026-04-21 12:41:16,851 - DEBUG - Applied dict param pre_asp_air_vol=0.0
2026-04-21 12:41:16,851 - DEBUG - Applied dict param retract_speed=5
2026-04-21 12:41:16,851 - DEBUG - Applied dict param blowout_vol=0.0
2026-04-21 12:41:16,851 - DEBUG - Applied dict param post_asp_air_vol=0.0
2026-04-21 12:41:16,852 - DEBUG - Applied dict param post_retract_wait_time=0.0
2026-04-21 12:41:16,852 - DEBUG - Applied dict param overaspirate_vol=0.0
2026-04-21 12:41:16,852 - DEBUG - Applied dict param asp_disp_cycles=0
2026-04-21 12:41:16,853 - INFO - Pipetting into vial glycerol, amount: 0.050 mL
2026-04-21 12:41:16,855 - DEBUG - Adjusting pump 0 speed to 10
2026-04-21 12:41:18,595 - INFO - Short wait time (1.0s), allowing scale to settle after robot positioning...
2026-04-21 12:41:19,595 - INFO - Started continuous mass monitoring with pre-dispense baseline
2026-04-21 12:41:19,807 - DEBUG - Mass: 18.0913g at 0.000s (baseline_pre) steady=False
2026-04-21 12:41:20,207 - DEBUG - Mass: 18.1117g at 0.414s (baseline_pre) steady=False
2026-04-21 12:41:20,607 - DEBUG - Mass: 18.1137g at 0.813s (baseline_pre) steady=False
2026-04-21 12:41:21,009 - DEBUG - Mass: 18.1141g at 1.213s (baseline_pre) steady=True
2026-04-21 12:41:21,409 - DEBUG - Mass: 18.1141g at 1.616s (baseline_pre) steady=True
2026-04-21 12:41:21,596 - DEBUG - Dispensing 0.050 mL then waiting 0.0 s
2026-04-21 12:41:21,808 - DEBUG - Mass: 18.1142g at 2.015s (dispensing) steady=True
2026-04-21 12:41:21,937 - INFO - Dispensing took 0.341s, collecting post-dispense baseline
2026-04-21 12:41:22,207 - DEBUG - Mass: 18.1206g at 2.415s (baseline_post) steady=False
2026-04-21 12:41:22,607 - DEBUG - Mass: 18.1259g at 2.813s (baseline_post) steady=False
2026-04-21 12:41:23,007 - DEBUG - Mass: 18.1266g at 3.213s (baseline_post) steady=False
2026-04-21 12:41:23,407 - DEBUG - Mass: 18.1268g at 3.613s (baseline_post) steady=False
2026-04-21 12:41:23,807 - DEBUG - Mass: 18.1267g at 4.014s (baseline_post) steady=False
2026-04-21 12:41:24,008 - INFO - Stopped continuous mass monitoring. Collected 11 data points
2026-04-21 12:41:24,011 - INFO - Pre-baseline: 2 stable readings, avg=18.114100g
2026-04-21 12:41:24,012 - INFO - Post-baseline: No stable readings, using time-based avg=18.125320g
2026-04-21 12:41:24,012 - INFO - INDEPENDENT BASELINE calculation:
2026-04-21 12:41:24,012 - INFO - Pre: STABLE, Post: TIME-BASED, Mass difference: 0.011220g
2026-04-21 12:41:24,015 - INFO - Reading summary: 5 pre-readings (2 stable), 5 post-readings (0 stable)
2026-04-21 12:41:24,015 - INFO - Baseline variability: pre_std=0.009933g, post_std=0.002662g
2026-04-21 12:41:24,015 - INFO - Target: 0.050 mL = ~0.050000 g for water
2026-04-21 12:41:24,018 - INFO - Saved 11 mass measurements to output\mass_measurements\experiment_log2026-04-21_12-40-21\mass_data_glycerol_20260421_124124.csv
2026-04-21 12:41:24,479 - INFO - Saved dispense mass vs time plot to output\mass_measurements\experiment_log2026-04-21_12-40-21\mass_plot_glycerol_20260421_124124.png
2026-04-21 12:41:24,479 - INFO - Removing pipet
2026-04-21 12:41:27,797 - INFO - Vial glycerol already at clamp index 0, no move needed
2026-04-21 12:42:06,640 - INFO - Vial glycerol already at clamp index 0, no move needed
2026-04-21 12:42:06,809 - DEBUG - Applied dict param aspirate_speed=20
2026-04-21 12:42:06,809 - DEBUG - Applied dict param dispense_speed=20
2026-04-21 12:42:06,809 - DEBUG - Applied dict param aspirate_wait_time=3.0
2026-04-21 12:42:06,809 - DEBUG - Applied dict param dispense_wait_time=3.0
2026-04-21 12:42:06,809 - DEBUG - Applied dict param pre_asp_air_vol=0.0
2026-04-21 12:42:06,809 - DEBUG - Applied dict param retract_speed=5
2026-04-21 12:42:06,809 - DEBUG - Applied dict param blowout_vol=0.0
2026-04-21 12:42:06,809 - DEBUG - Applied dict param post_asp_air_vol=0.0
2026-04-21 12:42:06,809 - DEBUG - Applied dict param post_retract_wait_time=3.0
2026-04-21 12:42:06,809 - DEBUG - Applied dict param overaspirate_vol=0.01
2026-04-21 12:42:06,809 - DEBUG - Applied dict param asp_disp_cycles=0
2026-04-21 12:42:06,810 - DEBUG - Selected small_tip for volume 0.050 mL
2026-04-21 12:42:06,811 - INFO - Getting small_tip (pipet number 22) from rack: small_tip_rack_1
2026-04-21 12:42:09,649 - INFO - Pipetting from vial glycerol, amount: 0.050 mL
2026-04-21 12:42:09,649 - INFO - Additional volume from calibration, amount: 0.010 mL
2026-04-21 12:42:09,651 - DEBUG - Adjusting pump 0 speed to 10
2026-04-21 12:42:11,878 - DEBUG - Adjusting pump 0 speed to 20
2026-04-21 12:42:12,880 - DEBUG - Aspirating 0.060 mL then waiting 3.0 s
2026-04-21 12:42:22,048 - DEBUG - Applied dict param aspirate_speed=20
2026-04-21 12:42:22,048 - DEBUG - Applied dict param dispense_speed=20
2026-04-21 12:42:22,048 - DEBUG - Applied dict param aspirate_wait_time=3.0
2026-04-21 12:42:22,048 - DEBUG - Applied dict param dispense_wait_time=3.0
2026-04-21 12:42:22,048 - DEBUG - Applied dict param pre_asp_air_vol=0.0
2026-04-21 12:42:22,048 - DEBUG - Applied dict param retract_speed=5
2026-04-21 12:42:22,048 - DEBUG - Applied dict param blowout_vol=0.0
2026-04-21 12:42:22,048 - DEBUG - Applied dict param post_asp_air_vol=0.0
2026-04-21 12:42:22,048 - DEBUG - Applied dict param post_retract_wait_time=3.0
2026-04-21 12:42:22,048 - DEBUG - Applied dict param overaspirate_vol=0.01
2026-04-21 12:42:22,048 - DEBUG - Applied dict param asp_disp_cycles=0
2026-04-21 12:42:22,050 - INFO - Pipetting into vial glycerol, amount: 0.050 mL
2026-04-21 12:42:22,051 - DEBUG - Adjusting pump 0 speed to 20
2026-04-21 12:42:23,792 - INFO - Short wait time (1.0s), allowing scale to settle after robot positioning...
2026-04-21 12:42:24,794 - INFO - Started continuous mass monitoring with pre-dispense baseline
2026-04-21 12:42:25,008 - DEBUG - Mass: 18.0895g at 0.000s (baseline_pre) steady=False
2026-04-21 12:42:25,409 - DEBUG - Mass: 18.0892g at 0.415s (baseline_pre) steady=True
2026-04-21 12:42:25,808 - DEBUG - Mass: 18.0892g at 0.816s (baseline_pre) steady=True
2026-04-21 12:42:26,209 - DEBUG - Mass: 18.0892g at 1.216s (baseline_pre) steady=True
2026-04-21 12:42:26,609 - DEBUG - Mass: 18.0892g at 1.615s (baseline_pre) steady=True
2026-04-21 12:42:26,795 - DEBUG - Dispensing 0.060 mL then waiting 3.0 s
2026-04-21 12:42:27,009 - DEBUG - Mass: 18.0892g at 2.016s (dispensing) steady=True
2026-04-21 12:42:27,407 - DEBUG - Mass: 18.0934g at 2.416s (dispensing) steady=False
2026-04-21 12:42:27,807 - DEBUG - Mass: 18.0938g at 2.814s (dispensing) steady=False
2026-04-21 12:42:28,208 - DEBUG - Mass: 18.1043g at 3.214s (dispensing) steady=False
2026-04-21 12:42:28,608 - DEBUG - Mass: 18.1079g at 3.615s (dispensing) steady=False
2026-04-21 12:42:29,007 - DEBUG - Mass: 18.1085g at 4.014s (dispensing) steady=False
2026-04-21 12:42:29,407 - DEBUG - Mass: 18.1049g at 4.414s (dispensing) steady=False
2026-04-21 12:42:29,808 - DEBUG - Mass: 18.1039g at 4.815s (dispensing) steady=False
2026-04-21 12:42:30,208 - DEBUG - Mass: 18.1105g at 5.214s (dispensing) steady=False
2026-04-21 12:42:30,607 - DEBUG - Mass: 18.1139g at 5.614s (dispensing) steady=False
2026-04-21 12:42:31,008 - DEBUG - Mass: 18.1173g at 6.014s (dispensing) steady=False
2026-04-21 12:42:31,407 - DEBUG - Mass: 18.1170g at 6.415s (dispensing) steady=False
2026-04-21 12:42:31,808 - DEBUG - Mass: 18.1175g at 6.815s (dispensing) steady=False
2026-04-21 12:42:32,073 - INFO - Dispensing took 5.277s, collecting post-dispense baseline
2026-04-21 12:42:32,208 - DEBUG - Mass: 18.1171g at 7.215s (dispensing) steady=False
2026-04-21 12:42:32,607 - DEBUG - Mass: 18.1168g at 7.615s (baseline_post) steady=False
2026-04-21 12:42:33,007 - DEBUG - Mass: 18.1167g at 8.015s (baseline_post) steady=False
2026-04-21 12:42:33,408 - DEBUG - Mass: 18.1168g at 8.415s (baseline_post) steady=False
2026-04-21 12:42:33,807 - DEBUG - Mass: 18.1171g at 8.815s (baseline_post) steady=False
2026-04-21 12:42:34,209 - DEBUG - Mass: 18.1170g at 9.215s (baseline_post) steady=True
2026-04-21 12:42:34,410 - INFO - Stopped continuous mass monitoring. Collected 24 data points
2026-04-21 12:42:34,413 - INFO - Pre-baseline: 4 stable readings, avg=18.089200g
2026-04-21 12:42:34,414 - INFO - Post-baseline: 1 stable readings, avg=18.117000g
2026-04-21 12:42:34,414 - INFO - INDEPENDENT BASELINE calculation:
2026-04-21 12:42:34,414 - INFO - Pre: STABLE, Post: STABLE, Mass difference: 0.027800g
2026-04-21 12:42:34,415 - INFO - Reading summary: 5 pre-readings (4 stable), 5 post-readings (1 stable)
2026-04-21 12:42:34,415 - INFO - Baseline variability: pre_std=0.000134g, post_std=0.000164g
2026-04-21 12:42:34,415 - INFO - Target: 0.050 mL = ~0.050000 g for water
2026-04-21 12:42:34,417 - INFO - Saved 24 mass measurements to output\mass_measurements\experiment_log2026-04-21_12-40-21\mass_data_glycerol_20260421_124234.csv
2026-04-21 12:42:34,865 - INFO - Saved dispense mass vs time plot to output\mass_measurements\experiment_log2026-04-21_12-40-21\mass_plot_glycerol_20260421_124234.png
2026-04-21 12:42:34,866 - INFO - Removing pipet
2026-04-21 12:42:38,172 - INFO - Vial glycerol already at clamp index 0, no move needed
2026-04-21 12:42:40,414 - INFO - Vial glycerol already at clamp index 0, no move needed
2026-04-21 12:42:40,613 - DEBUG - Applied dict param aspirate_speed=20
2026-04-21 12:42:40,613 - DEBUG - Applied dict param dispense_speed=20
2026-04-21 12:42:40,613 - DEBUG - Applied dict param aspirate_wait_time=3.0
2026-04-21 12:42:40,615 - DEBUG - Applied dict param dispense_wait_time=3.0
2026-04-21 12:42:40,615 - DEBUG - Applied dict param pre_asp_air_vol=0.0
2026-04-21 12:42:40,615 - DEBUG - Applied dict param retract_speed=5
2026-04-21 12:42:40,615 - DEBUG - Applied dict param blowout_vol=0.0
2026-04-21 12:42:40,615 - DEBUG - Applied dict param post_asp_air_vol=0.0
2026-04-21 12:42:40,615 - DEBUG - Applied dict param post_retract_wait_time=3.0
2026-04-21 12:42:40,615 - DEBUG - Applied dict param overaspirate_vol=0.01
2026-04-21 12:42:40,616 - DEBUG - Applied dict param asp_disp_cycles=0
2026-04-21 12:42:40,617 - DEBUG - Selected small_tip for volume 0.050 mL
2026-04-21 12:42:40,618 - INFO - Getting small_tip (pipet number 23) from rack: small_tip_rack_1
2026-04-21 12:42:43,439 - INFO - Pipetting from vial glycerol, amount: 0.050 mL
2026-04-21 12:42:43,441 - INFO - Additional volume from calibration, amount: 0.010 mL
2026-04-21 12:42:43,442 - DEBUG - Adjusting pump 0 speed to 10
2026-04-21 12:42:45,753 - DEBUG - Adjusting pump 0 speed to 20
2026-04-21 12:42:46,746 - DEBUG - Aspirating 0.060 mL then waiting 3.0 s
2026-04-21 12:42:55,927 - DEBUG - Applied dict param aspirate_speed=20
2026-04-21 12:42:55,927 - DEBUG - Applied dict param dispense_speed=20
2026-04-21 12:42:55,927 - DEBUG - Applied dict param aspirate_wait_time=3.0
2026-04-21 12:42:55,927 - DEBUG - Applied dict param dispense_wait_time=3.0
2026-04-21 12:42:55,927 - DEBUG - Applied dict param pre_asp_air_vol=0.0
2026-04-21 12:42:55,927 - DEBUG - Applied dict param retract_speed=5
2026-04-21 12:42:55,927 - DEBUG - Applied dict param blowout_vol=0.0
2026-04-21 12:42:55,927 - DEBUG - Applied dict param post_asp_air_vol=0.0
2026-04-21 12:42:55,927 - DEBUG - Applied dict param post_retract_wait_time=3.0
2026-04-21 12:42:55,927 - DEBUG - Applied dict param overaspirate_vol=0.01
2026-04-21 12:42:55,927 - DEBUG - Applied dict param asp_disp_cycles=0
2026-04-21 12:42:55,928 - INFO - Pipetting into vial glycerol, amount: 0.050 mL
2026-04-21 12:42:55,929 - DEBUG - Adjusting pump 0 speed to 20
2026-04-21 12:42:57,661 - INFO - Short wait time (1.0s), allowing scale to settle after robot positioning...
2026-04-21 12:42:58,662 - INFO - Started continuous mass monitoring with pre-dispense baseline
2026-04-21 12:42:58,808 - DEBUG - Mass: 18.0749g at 0.000s (baseline_pre) steady=False
2026-04-21 12:42:59,209 - DEBUG - Mass: 18.0754g at 0.347s (baseline_pre) steady=True
2026-04-21 12:42:59,609 - DEBUG - Mass: 18.0754g at 0.749s (baseline_pre) steady=True
2026-04-21 12:43:00,009 - DEBUG - Mass: 18.0754g at 1.148s (baseline_pre) steady=True
2026-04-21 12:43:00,410 - DEBUG - Mass: 18.0754g at 1.548s (baseline_pre) steady=True
2026-04-21 12:43:00,663 - DEBUG - Dispensing 0.060 mL then waiting 3.0 s
2026-04-21 12:43:00,809 - DEBUG - Mass: 18.0754g at 1.949s (baseline_pre) steady=True
2026-04-21 12:43:01,208 - DEBUG - Mass: 18.0786g at 2.348s (dispensing) steady=False
2026-04-21 12:43:01,607 - DEBUG - Mass: 18.0798g at 2.747s (dispensing) steady=False
2026-04-21 12:43:02,007 - DEBUG - Mass: 18.0803g at 3.147s (dispensing) steady=False
2026-04-21 12:43:02,408 - DEBUG - Mass: 18.0803g at 3.546s (dispensing) steady=False
2026-04-21 12:43:02,807 - DEBUG - Mass: 18.0945g at 3.946s (dispensing) steady=False
2026-04-21 12:43:03,207 - DEBUG - Mass: 18.0962g at 4.346s (dispensing) steady=False
2026-04-21 12:43:03,607 - DEBUG - Mass: 18.0929g at 4.746s (dispensing) steady=False
2026-04-21 12:43:04,007 - DEBUG - Mass: 18.0926g at 5.147s (dispensing) steady=False
2026-04-21 12:43:04,407 - DEBUG - Mass: 18.0986g at 5.547s (dispensing) steady=False
2026-04-21 12:43:04,809 - DEBUG - Mass: 18.1029g at 5.946s (dispensing) steady=False
2026-04-21 12:43:05,208 - DEBUG - Mass: 18.1032g at 6.348s (dispensing) steady=False
2026-04-21 12:43:05,607 - DEBUG - Mass: 18.1079g at 6.747s (dispensing) steady=False
2026-04-21 12:43:06,008 - DEBUG - Mass: 18.1089g at 7.146s (dispensing) steady=False
2026-04-21 12:43:06,065 - INFO - Dispensing took 5.402s, collecting post-dispense baseline
2026-04-21 12:43:06,410 - DEBUG - Mass: 18.1088g at 7.547s (baseline_post) steady=True
2026-04-21 12:43:06,809 - DEBUG - Mass: 18.1088g at 7.949s (baseline_post) steady=True
2026-04-21 12:43:07,209 - DEBUG - Mass: 18.1088g at 8.348s (baseline_post) steady=True
2026-04-21 12:43:07,609 - DEBUG - Mass: 18.1088g at 8.748s (baseline_post) steady=True
2026-04-21 12:43:08,009 - DEBUG - Mass: 18.1088g at 9.154s (baseline_post) steady=True
2026-04-21 12:43:08,211 - INFO - Stopped continuous mass monitoring. Collected 24 data points
2026-04-21 12:43:08,211 - INFO - Pre-baseline: 5 stable readings, avg=18.075400g
2026-04-21 12:43:08,211 - INFO - Post-baseline: 5 stable readings, avg=18.108800g
2026-04-21 12:43:08,211 - INFO - INDEPENDENT BASELINE calculation:
2026-04-21 12:43:08,211 - INFO - Pre: STABLE, Post: STABLE, Mass difference: 0.033400g
2026-04-21 12:43:08,211 - INFO - Reading summary: 6 pre-readings (5 stable), 5 post-readings (5 stable)
2026-04-21 12:43:08,211 - INFO - Baseline variability: pre_std=0.000204g, post_std=0.000000g
2026-04-21 12:43:08,211 - INFO - Target: 0.050 mL = ~0.050000 g for water
2026-04-21 12:43:08,219 - INFO - Saved 24 mass measurements to output\mass_measurements\experiment_log2026-04-21_12-40-21\mass_data_glycerol_20260421_124308.csv
2026-04-21 12:43:08,763 - INFO - Saved dispense mass vs time plot to output\mass_measurements\experiment_log2026-04-21_12-40-21\mass_plot_glycerol_20260421_124308.png
2026-04-21 12:43:08,763 - INFO - Removing pipet
2026-04-21 12:43:12,085 - INFO - Vial glycerol already at clamp index 0, no move needed
2026-04-21 12:45:06,757 - INFO - Vial glycerol already at clamp index 0, no move needed
2026-04-21 12:45:07,010 - DEBUG - Applied dict param aspirate_speed=35
2026-04-21 12:45:07,010 - DEBUG - Applied dict param dispense_speed=5
2026-04-21 12:45:07,010 - DEBUG - Applied dict param aspirate_wait_time=15.0
2026-04-21 12:45:07,010 - DEBUG - Applied dict param dispense_wait_time=3.0
2026-04-21 12:45:07,010 - DEBUG - Applied dict param pre_asp_air_vol=0.0
2026-04-21 12:45:07,010 - DEBUG - Applied dict param retract_speed=5
2026-04-21 12:45:07,010 - DEBUG - Applied dict param blowout_vol=0.3
2026-04-21 12:45:07,010 - DEBUG - Applied dict param post_asp_air_vol=0.0
2026-04-21 12:45:07,010 - DEBUG - Applied dict param post_retract_wait_time=3.0
2026-04-21 12:45:07,010 - DEBUG - Applied dict param overaspirate_vol=0.015
2026-04-21 12:45:07,010 - DEBUG - Applied dict param asp_disp_cycles=0
2026-04-21 12:45:07,011 - DEBUG - Selected small_tip for volume 0.050 mL
2026-04-21 12:45:07,012 - INFO - Getting small_tip (pipet number 24) from rack: small_tip_rack_1
2026-04-21 12:45:09,828 - INFO - Pipetting from vial glycerol, amount: 0.050 mL
2026-04-21 12:45:09,828 - INFO - Additional volume from calibration, amount: 0.015 mL
2026-04-21 12:45:09,830 - DEBUG - Adjusting pump 0 speed to 10
2026-04-21 12:45:12,131 - DEBUG - Adjusting pump 0 speed to 35
2026-04-21 12:45:13,129 - DEBUG - Aspirating 0.065 mL then waiting 15.0 s
2026-04-21 12:45:53,447 - DEBUG - Applied dict param aspirate_speed=35
2026-04-21 12:45:53,447 - DEBUG - Applied dict param dispense_speed=5
2026-04-21 12:45:53,447 - DEBUG - Applied dict param aspirate_wait_time=15.0
2026-04-21 12:45:53,447 - DEBUG - Applied dict param dispense_wait_time=3.0
2026-04-21 12:45:53,447 - DEBUG - Applied dict param pre_asp_air_vol=0.0
2026-04-21 12:45:53,447 - DEBUG - Applied dict param retract_speed=5
2026-04-21 12:45:53,447 - DEBUG - Applied dict param blowout_vol=0.3
2026-04-21 12:45:53,447 - DEBUG - Applied dict param post_asp_air_vol=0.0
2026-04-21 12:45:53,447 - DEBUG - Applied dict param post_retract_wait_time=3.0
2026-04-21 12:45:53,447 - DEBUG - Applied dict param overaspirate_vol=0.015
2026-04-21 12:45:53,447 - DEBUG - Applied dict param asp_disp_cycles=0
2026-04-21 12:45:53,448 - INFO - Pipetting into vial glycerol, amount: 0.050 mL
2026-04-21 12:45:53,448 - DEBUG - Adjusting pump 0 speed to 5
2026-04-21 12:45:55,306 - INFO - Short wait time (1.0s), allowing scale to settle after robot positioning...
2026-04-21 12:45:56,309 - INFO - Started continuous mass monitoring with pre-dispense baseline
2026-04-21 12:45:56,400 - DEBUG - Mass: 18.0225g at 0.000s (baseline_pre) steady=False
2026-04-21 12:45:56,801 - DEBUG - Mass: 18.0225g at 0.305s (baseline_pre) steady=False
2026-04-21 12:45:57,198 - DEBUG - Mass: 18.0227g at 0.705s (baseline_pre) steady=True
2026-04-21 12:45:57,595 - DEBUG - Mass: 18.0227g at 1.105s (baseline_pre) steady=True
2026-04-21 12:45:57,998 - DEBUG - Mass: 18.0227g at 1.504s (baseline_pre) steady=True
2026-04-21 12:45:58,314 - DEBUG - Dispensing 0.065 mL then waiting 3.0 s
2026-04-21 12:45:58,398 - DEBUG - Mass: 18.0227g at 1.905s (baseline_pre) steady=True
2026-04-21 12:45:58,807 - DEBUG - Mass: 18.0264g at 2.306s (dispensing) steady=False
2026-04-21 12:45:58,872 - DEBUG - Blowing out 0.300 mL
2026-04-21 12:45:58,872 - DEBUG - Adjusting pump 0 speed to 5
2026-04-21 12:45:59,209 - DEBUG - Mass: 18.0311g at 2.703s (dispensing) steady=False
2026-04-21 12:45:59,603 - DEBUG - Mass: 18.0289g at 3.107s (dispensing) steady=False
2026-04-21 12:46:00,008 - DEBUG - Mass: 18.0295g at 3.502s (dispensing) steady=False
2026-04-21 12:46:00,072 - DEBUG - Adjusting pump 0 speed to 5
2026-04-21 12:46:00,409 - DEBUG - Mass: 18.0333g at 3.905s (dispensing) steady=False
2026-04-21 12:46:00,799 - DEBUG - Mass: 18.0377g at 4.307s (dispensing) steady=False
2026-04-21 12:46:01,208 - DEBUG - Mass: 18.0513g at 4.707s (dispensing) steady=False
2026-04-21 12:46:01,608 - DEBUG - Mass: 18.0548g at 5.112s (dispensing) steady=False
2026-04-21 12:46:02,008 - DEBUG - Mass: 18.0921g at 5.502s (dispensing) steady=False
2026-04-21 12:46:02,408 - DEBUG - Mass: 18.0845g at 5.906s (dispensing) steady=False
2026-04-21 12:46:02,796 - DEBUG - Mass: 18.0838g at 6.308s (dispensing) steady=False
2026-04-21 12:46:03,201 - DEBUG - Mass: 18.0836g at 6.708s (dispensing) steady=False
2026-04-21 12:46:03,601 - DEBUG - Mass: 18.0835g at 7.108s (dispensing) steady=False
2026-04-21 12:46:04,010 - DEBUG - Mass: 18.0836g at 7.507s (dispensing) steady=True
2026-04-21 12:46:04,284 - INFO - Dispensing took 5.970s, collecting post-dispense baseline
2026-04-21 12:46:04,405 - DEBUG - Mass: 18.0836g at 7.909s (dispensing) steady=True
2026-04-21 12:46:04,809 - DEBUG - Mass: 18.0836g at 8.308s (baseline_post) steady=True
2026-04-21 12:46:05,205 - DEBUG - Mass: 18.0836g at 8.708s (baseline_post) steady=True
2026-04-21 12:46:05,605 - DEBUG - Mass: 18.0836g at 9.109s (baseline_post) steady=True
2026-04-21 12:46:06,010 - DEBUG - Mass: 18.0836g at 9.510s (baseline_post) steady=True
2026-04-21 12:46:06,398 - DEBUG - Mass: 18.0836g at 9.910s (baseline_post) steady=True
2026-04-21 12:46:06,622 - INFO - Stopped continuous mass monitoring. Collected 26 data points
2026-04-21 12:46:06,622 - INFO - Pre-baseline: 4 stable readings, avg=18.022700g
2026-04-21 12:46:06,622 - INFO - Post-baseline: 5 stable readings, avg=18.083600g
2026-04-21 12:46:06,622 - INFO - INDEPENDENT BASELINE calculation:
2026-04-21 12:46:06,622 - INFO - Pre: STABLE, Post: STABLE, Mass difference: 0.060900g
2026-04-21 12:46:06,627 - INFO - Reading summary: 6 pre-readings (4 stable), 5 post-readings (5 stable)
2026-04-21 12:46:06,627 - INFO - Baseline variability: pre_std=0.000103g, post_std=0.000000g
2026-04-21 12:46:06,627 - INFO - Target: 0.050 mL = ~0.050000 g for water
2026-04-21 12:46:06,630 - INFO - Saved 26 mass measurements to output\mass_measurements\experiment_log2026-04-21_12-40-21\mass_data_glycerol_20260421_124606.csv
2026-04-21 12:46:07,100 - INFO - Saved dispense mass vs time plot to output\mass_measurements\experiment_log2026-04-21_12-40-21\mass_plot_glycerol_20260421_124606.png
2026-04-21 12:46:07,100 - INFO - Removing pipet
2026-04-21 12:46:10,404 - INFO - Vial glycerol already at clamp index 0, no move needed
2026-04-21 12:46:13,212 - INFO - Vial glycerol already at clamp index 0, no move needed
2026-04-21 12:46:13,410 - DEBUG - Applied dict param aspirate_speed=35
2026-04-21 12:46:13,410 - DEBUG - Applied dict param dispense_speed=5
2026-04-21 12:46:13,411 - DEBUG - Applied dict param aspirate_wait_time=15.0
2026-04-21 12:46:13,411 - DEBUG - Applied dict param dispense_wait_time=3.0
2026-04-21 12:46:13,411 - DEBUG - Applied dict param pre_asp_air_vol=0.0
2026-04-21 12:46:13,411 - DEBUG - Applied dict param retract_speed=5
2026-04-21 12:46:13,411 - DEBUG - Applied dict param blowout_vol=0.3
2026-04-21 12:46:13,411 - DEBUG - Applied dict param post_asp_air_vol=0.0
2026-04-21 12:46:13,411 - DEBUG - Applied dict param post_retract_wait_time=3.0
2026-04-21 12:46:13,411 - DEBUG - Applied dict param overaspirate_vol=0.015
2026-04-21 12:46:13,411 - DEBUG - Applied dict param asp_disp_cycles=0
2026-04-21 12:46:13,411 - DEBUG - Selected small_tip for volume 0.050 mL
2026-04-21 12:46:13,411 - INFO - Getting small_tip (pipet number 25) from rack: small_tip_rack_1
2026-04-21 12:46:16,207 - INFO - Pipetting from vial glycerol, amount: 0.050 mL
2026-04-21 12:46:16,207 - INFO - Additional volume from calibration, amount: 0.015 mL
2026-04-21 12:46:16,210 - DEBUG - Adjusting pump 0 speed to 10
2026-04-21 12:46:18,508 - DEBUG - Adjusting pump 0 speed to 35
2026-04-21 12:46:19,540 - DEBUG - Aspirating 0.065 mL then waiting 15.0 s
2026-04-21 12:46:59,867 - DEBUG - Applied dict param aspirate_speed=35
2026-04-21 12:46:59,867 - DEBUG - Applied dict param dispense_speed=5
2026-04-21 12:46:59,867 - DEBUG - Applied dict param aspirate_wait_time=15.0
2026-04-21 12:46:59,867 - DEBUG - Applied dict param dispense_wait_time=3.0
2026-04-21 12:46:59,867 - DEBUG - Applied dict param pre_asp_air_vol=0.0
2026-04-21 12:46:59,867 - DEBUG - Applied dict param retract_speed=5
2026-04-21 12:46:59,867 - DEBUG - Applied dict param blowout_vol=0.3
2026-04-21 12:46:59,867 - DEBUG - Applied dict param post_asp_air_vol=0.0
2026-04-21 12:46:59,867 - DEBUG - Applied dict param post_retract_wait_time=3.0
2026-04-21 12:46:59,867 - DEBUG - Applied dict param overaspirate_vol=0.015
2026-04-21 12:46:59,867 - DEBUG - Applied dict param asp_disp_cycles=0
2026-04-21 12:46:59,868 - INFO - Pipetting into vial glycerol, amount: 0.050 mL
2026-04-21 12:46:59,869 - DEBUG - Adjusting pump 0 speed to 5
2026-04-21 12:47:01,720 - INFO - Short wait time (1.0s), allowing scale to settle after robot positioning...
2026-04-21 12:47:02,720 - INFO - Started continuous mass monitoring with pre-dispense baseline
2026-04-21 12:47:02,810 - DEBUG - Mass: 18.0005g at 0.000s (baseline_pre) steady=True
2026-04-21 12:47:03,210 - DEBUG - Mass: 18.0005g at 0.290s (baseline_pre) steady=True
2026-04-21 12:47:03,610 - DEBUG - Mass: 18.0005g at 0.690s (baseline_pre) steady=True
2026-04-21 12:47:04,010 - DEBUG - Mass: 18.0005g at 1.089s (baseline_pre) steady=True
2026-04-21 12:47:04,410 - DEBUG - Mass: 18.0005g at 1.491s (baseline_pre) steady=True
2026-04-21 12:47:04,722 - DEBUG - Dispensing 0.065 mL then waiting 3.0 s
2026-04-21 12:47:04,810 - DEBUG - Mass: 18.0005g at 1.890s (baseline_pre) steady=True
2026-04-21 12:47:05,208 - DEBUG - Mass: 18.0048g at 2.289s (dispensing) steady=False
2026-04-21 12:47:05,272 - DEBUG - Blowing out 0.300 mL
2026-04-21 12:47:05,272 - DEBUG - Adjusting pump 0 speed to 5
2026-04-21 12:47:05,608 - DEBUG - Mass: 18.0113g at 2.689s (dispensing) steady=False
2026-04-21 12:47:06,008 - DEBUG - Mass: 18.0100g at 3.089s (dispensing) steady=False
2026-04-21 12:47:06,408 - DEBUG - Mass: 18.0240g at 3.488s (dispensing) steady=False
2026-04-21 12:47:06,471 - DEBUG - Adjusting pump 0 speed to 5
2026-04-21 12:47:06,809 - DEBUG - Mass: 18.0279g at 3.889s (dispensing) steady=False
2026-04-21 12:47:07,208 - DEBUG - Mass: 18.0248g at 4.289s (dispensing) steady=False
2026-04-21 12:47:07,608 - DEBUG - Mass: 18.0286g at 4.688s (dispensing) steady=False
2026-04-21 12:47:08,008 - DEBUG - Mass: 18.0372g at 5.089s (dispensing) steady=False
2026-04-21 12:47:08,408 - DEBUG - Mass: 18.0697g at 5.489s (dispensing) steady=False
2026-04-21 12:47:08,808 - DEBUG - Mass: 18.0613g at 5.889s (dispensing) steady=False
2026-04-21 12:47:09,209 - DEBUG - Mass: 18.0603g at 6.289s (dispensing) steady=False
2026-04-21 12:47:09,608 - DEBUG - Mass: 18.0596g at 6.690s (dispensing) steady=False
2026-04-21 12:47:10,008 - DEBUG - Mass: 18.0595g at 7.089s (dispensing) steady=False
2026-04-21 12:47:10,409 - DEBUG - Mass: 18.0594g at 7.488s (dispensing) steady=False
2026-04-21 12:47:10,673 - INFO - Dispensing took 5.951s, collecting post-dispense baseline
2026-04-21 12:47:10,810 - DEBUG - Mass: 18.0595g at 7.890s (dispensing) steady=True
2026-04-21 12:47:11,210 - DEBUG - Mass: 18.0595g at 8.291s (baseline_post) steady=True
2026-04-21 12:47:11,610 - DEBUG - Mass: 18.0595g at 8.691s (baseline_post) steady=True
2026-04-21 12:47:12,010 - DEBUG - Mass: 18.0595g at 9.090s (baseline_post) steady=True
2026-04-21 12:47:12,410 - DEBUG - Mass: 18.0595g at 9.491s (baseline_post) steady=True
2026-04-21 12:47:12,810 - DEBUG - Mass: 18.0595g at 9.891s (baseline_post) steady=True
2026-04-21 12:47:13,011 - INFO - Stopped continuous mass monitoring. Collected 26 data points
2026-04-21 12:47:13,015 - INFO - Pre-baseline: 6 stable readings, avg=18.000500g
2026-04-21 12:47:13,015 - INFO - Post-baseline: 5 stable readings, avg=18.059500g
2026-04-21 12:47:13,016 - INFO - INDEPENDENT BASELINE calculation:
2026-04-21 12:47:13,016 - INFO - Pre: STABLE, Post: STABLE, Mass difference: 0.059000g
2026-04-21 12:47:13,017 - INFO - Reading summary: 6 pre-readings (6 stable), 5 post-readings (5 stable)
2026-04-21 12:47:13,017 - INFO - Baseline variability: pre_std=0.000000g, post_std=0.000000g
2026-04-21 12:47:13,017 - INFO - Target: 0.050 mL = ~0.050000 g for water
2026-04-21 12:47:13,019 - INFO - Saved 26 mass measurements to output\mass_measurements\experiment_log2026-04-21_12-40-21\mass_data_glycerol_20260421_124713.csv
2026-04-21 12:47:13,548 - INFO - Saved dispense mass vs time plot to output\mass_measurements\experiment_log2026-04-21_12-40-21\mass_plot_glycerol_20260421_124713.png
2026-04-21 12:47:13,549 - INFO - Removing pipet
2026-04-21 12:47:16,876 - INFO - Vial glycerol already at clamp index 0, no move needed
2026-04-21 12:48:15,238 - INFO - Vial glycerol already at clamp index 0, no move needed
2026-04-21 12:48:15,411 - DEBUG - Applied dict param aspirate_speed=25
2026-04-21 12:48:15,411 - DEBUG - Applied dict param dispense_speed=5
2026-04-21 12:48:15,411 - DEBUG - Applied dict param aspirate_wait_time=10.0
2026-04-21 12:48:15,411 - DEBUG - Applied dict param dispense_wait_time=3.0
2026-04-21 12:48:15,411 - DEBUG - Applied dict param pre_asp_air_vol=0.0
2026-04-21 12:48:15,411 - DEBUG - Applied dict param retract_speed=5
2026-04-21 12:48:15,411 - DEBUG - Applied dict param blowout_vol=0.4
2026-04-21 12:48:15,411 - DEBUG - Applied dict param post_asp_air_vol=0.0
2026-04-21 12:48:15,411 - DEBUG - Applied dict param post_retract_wait_time=5.0
2026-04-21 12:48:15,411 - DEBUG - Applied dict param overaspirate_vol=0.015
2026-04-21 12:48:15,411 - DEBUG - Applied dict param asp_disp_cycles=0
2026-04-21 12:48:15,411 - DEBUG - Selected small_tip for volume 0.050 mL
2026-04-21 12:48:15,412 - INFO - Getting small_tip (pipet number 26) from rack: small_tip_rack_1
2026-04-21 12:48:18,171 - INFO - Pipetting from vial glycerol, amount: 0.050 mL
2026-04-21 12:48:18,171 - INFO - Additional volume from calibration, amount: 0.015 mL
2026-04-21 12:48:18,171 - DEBUG - Adjusting pump 0 speed to 10
2026-04-21 12:48:20,488 - DEBUG - Adjusting pump 0 speed to 25
2026-04-21 12:48:21,493 - DEBUG - Aspirating 0.065 mL then waiting 10.0 s
2026-04-21 12:48:40,909 - DEBUG - Applied dict param aspirate_speed=25
2026-04-21 12:48:40,909 - DEBUG - Applied dict param dispense_speed=5
2026-04-21 12:48:40,909 - DEBUG - Applied dict param aspirate_wait_time=10.0
2026-04-21 12:48:40,909 - DEBUG - Applied dict param dispense_wait_time=3.0
2026-04-21 12:48:40,909 - DEBUG - Applied dict param pre_asp_air_vol=0.0
2026-04-21 12:48:40,909 - DEBUG - Applied dict param retract_speed=5
2026-04-21 12:48:40,909 - DEBUG - Applied dict param blowout_vol=0.4
2026-04-21 12:48:40,909 - DEBUG - Applied dict param post_asp_air_vol=0.0
2026-04-21 12:48:40,909 - DEBUG - Applied dict param post_retract_wait_time=5.0
2026-04-21 12:48:40,909 - DEBUG - Applied dict param overaspirate_vol=0.015
2026-04-21 12:48:40,909 - DEBUG - Applied dict param asp_disp_cycles=0
2026-04-21 12:48:40,909 - INFO - Pipetting into vial glycerol, amount: 0.050 mL
2026-04-21 12:48:40,909 - DEBUG - Adjusting pump 0 speed to 5
2026-04-21 12:48:42,765 - INFO - Short wait time (1.0s), allowing scale to settle after robot positioning...
2026-04-21 12:48:43,777 - INFO - Started continuous mass monitoring with pre-dispense baseline
2026-04-21 12:48:44,003 - DEBUG - Mass: 18.0130g at 0.000s (baseline_pre) steady=False
2026-04-21 12:48:44,410 - DEBUG - Mass: 18.0131g at 0.439s (baseline_pre) steady=True
2026-04-21 12:48:44,798 - DEBUG - Mass: 18.0131g at 0.838s (baseline_pre) steady=True
2026-04-21 12:48:45,198 - DEBUG - Mass: 18.0131g at 1.245s (baseline_pre) steady=True
2026-04-21 12:48:45,604 - DEBUG - Mass: 18.0131g at 1.649s (baseline_pre) steady=True
2026-04-21 12:48:45,784 - DEBUG - Dispensing 0.065 mL then waiting 3.0 s
2026-04-21 12:48:46,009 - DEBUG - Mass: 18.0131g at 2.041s (dispensing) steady=True
2026-04-21 12:48:46,149 - DEBUG - Blowing out 0.400 mL
2026-04-21 12:48:46,149 - DEBUG - Adjusting pump 0 speed to 5
2026-04-21 12:48:46,402 - DEBUG - Mass: 18.0198g at 2.436s (dispensing) steady=False
2026-04-21 12:48:46,808 - DEBUG - Mass: 18.0211g at 2.838s (dispensing) steady=False
2026-04-21 12:48:47,197 - DEBUG - Mass: 18.0236g at 3.236s (dispensing) steady=False
2026-04-21 12:48:47,603 - DEBUG - Mass: 18.0224g at 3.640s (dispensing) steady=False
2026-04-21 12:48:47,681 - DEBUG - Adjusting pump 0 speed to 5
2026-04-21 12:48:48,002 - DEBUG - Mass: 18.0255g at 4.047s (dispensing) steady=False
2026-04-21 12:48:48,407 - DEBUG - Mass: 18.0226g at 4.437s (dispensing) steady=False
2026-04-21 12:48:48,809 - DEBUG - Mass: 18.0292g at 4.840s (dispensing) steady=False
2026-04-21 12:48:49,204 - DEBUG - Mass: 18.0641g at 5.242s (dispensing) steady=False
2026-04-21 12:48:49,604 - DEBUG - Mass: 18.0443g at 5.644s (dispensing) steady=False
2026-04-21 12:48:50,009 - DEBUG - Mass: 18.0413g at 6.032s (dispensing) steady=False
2026-04-21 12:48:50,407 - DEBUG - Mass: 18.0413g at 6.438s (dispensing) steady=False
2026-04-21 12:48:50,798 - DEBUG - Mass: 18.0411g at 6.840s (dispensing) steady=False
2026-04-21 12:48:51,205 - DEBUG - Mass: 18.0414g at 7.242s (dispensing) steady=True
2026-04-21 12:48:51,611 - DEBUG - Mass: 18.0414g at 7.643s (dispensing) steady=True
2026-04-21 12:48:52,011 - DEBUG - Mass: 18.0414g at 8.035s (dispensing) steady=True
2026-04-21 12:48:52,283 - INFO - Dispensing took 6.499s, collecting post-dispense baseline
2026-04-21 12:48:52,404 - DEBUG - Mass: 18.0414g at 8.443s (dispensing) steady=True
2026-04-21 12:48:52,810 - DEBUG - Mass: 18.0414g at 8.838s (baseline_post) steady=True
2026-04-21 12:48:53,211 - DEBUG - Mass: 18.0414g at 9.240s (baseline_post) steady=True
2026-04-21 12:48:53,610 - DEBUG - Mass: 18.0414g at 9.644s (baseline_post) steady=True
2026-04-21 12:48:54,004 - DEBUG - Mass: 18.0414g at 10.043s (baseline_post) steady=True
2026-04-21 12:48:54,408 - DEBUG - Mass: 18.0414g at 10.437s (baseline_post) steady=True
2026-04-21 12:48:54,623 - INFO - Stopped continuous mass monitoring. Collected 27 data points
2026-04-21 12:48:54,623 - INFO - Pre-baseline: 4 stable readings, avg=18.013100g
2026-04-21 12:48:54,623 - INFO - Post-baseline: 5 stable readings, avg=18.041400g
2026-04-21 12:48:54,623 - INFO - INDEPENDENT BASELINE calculation:
2026-04-21 12:48:54,623 - INFO - Pre: STABLE, Post: STABLE, Mass difference: 0.028300g
2026-04-21 12:48:54,623 - INFO - Reading summary: 5 pre-readings (4 stable), 5 post-readings (5 stable)
2026-04-21 12:48:54,623 - INFO - Baseline variability: pre_std=0.000045g, post_std=0.000000g
2026-04-21 12:48:54,623 - INFO - Target: 0.050 mL = ~0.050000 g for water
2026-04-21 12:48:54,631 - INFO - Saved 27 mass measurements to output\mass_measurements\experiment_log2026-04-21_12-40-21\mass_data_glycerol_20260421_124854.csv
2026-04-21 12:48:55,072 - INFO - Saved dispense mass vs time plot to output\mass_measurements\experiment_log2026-04-21_12-40-21\mass_plot_glycerol_20260421_124854.png
2026-04-21 12:48:55,072 - INFO - Removing pipet
2026-04-21 12:48:58,407 - INFO - Vial glycerol already at clamp index 0, no move needed
2026-04-21 12:49:00,018 - INFO - Vial glycerol already at clamp index 0, no move needed
2026-04-21 12:49:00,212 - DEBUG - Applied dict param aspirate_speed=25
2026-04-21 12:49:00,212 - DEBUG - Applied dict param dispense_speed=5
2026-04-21 12:49:00,212 - DEBUG - Applied dict param aspirate_wait_time=10.0
2026-04-21 12:49:00,212 - DEBUG - Applied dict param dispense_wait_time=3.0
2026-04-21 12:49:00,212 - DEBUG - Applied dict param pre_asp_air_vol=0.0
2026-04-21 12:49:00,212 - DEBUG - Applied dict param retract_speed=5
2026-04-21 12:49:00,212 - DEBUG - Applied dict param blowout_vol=0.4
2026-04-21 12:49:00,212 - DEBUG - Applied dict param post_asp_air_vol=0.0
2026-04-21 12:49:00,212 - DEBUG - Applied dict param post_retract_wait_time=5.0
2026-04-21 12:49:00,212 - DEBUG - Applied dict param overaspirate_vol=0.015
2026-04-21 12:49:00,212 - DEBUG - Applied dict param asp_disp_cycles=0
2026-04-21 12:49:00,213 - DEBUG - Selected small_tip for volume 0.050 mL
2026-04-21 12:49:00,213 - INFO - Getting small_tip (pipet number 27) from rack: small_tip_rack_1
2026-04-21 12:49:02,960 - INFO - Pipetting from vial glycerol, amount: 0.050 mL
2026-04-21 12:49:02,960 - INFO - Additional volume from calibration, amount: 0.015 mL
2026-04-21 12:49:02,962 - DEBUG - Adjusting pump 0 speed to 10
2026-04-21 12:49:05,283 - DEBUG - Adjusting pump 0 speed to 25
2026-04-21 12:49:06,276 - DEBUG - Aspirating 0.065 mL then waiting 10.0 s
2026-04-21 12:49:25,680 - DEBUG - Applied dict param aspirate_speed=25
2026-04-21 12:49:25,680 - DEBUG - Applied dict param dispense_speed=5
2026-04-21 12:49:25,680 - DEBUG - Applied dict param aspirate_wait_time=10.0
2026-04-21 12:49:25,680 - DEBUG - Applied dict param dispense_wait_time=3.0
2026-04-21 12:49:25,680 - DEBUG - Applied dict param pre_asp_air_vol=0.0
2026-04-21 12:49:25,680 - DEBUG - Applied dict param retract_speed=5
2026-04-21 12:49:25,680 - DEBUG - Applied dict param blowout_vol=0.4
2026-04-21 12:49:25,680 - DEBUG - Applied dict param post_asp_air_vol=0.0
2026-04-21 12:49:25,680 - DEBUG - Applied dict param post_retract_wait_time=5.0
2026-04-21 12:49:25,680 - DEBUG - Applied dict param overaspirate_vol=0.015
2026-04-21 12:49:25,680 - DEBUG - Applied dict param asp_disp_cycles=0
2026-04-21 12:49:25,680 - INFO - Pipetting into vial glycerol, amount: 0.050 mL
2026-04-21 12:49:25,680 - DEBUG - Adjusting pump 0 speed to 5
2026-04-21 12:49:27,537 - INFO - Short wait time (1.0s), allowing scale to settle after robot positioning...
2026-04-21 12:49:28,554 - INFO - Started continuous mass monitoring with pre-dispense baseline
2026-04-21 12:49:28,799 - DEBUG - Mass: 17.9966g at 0.000s (baseline_pre) steady=False
2026-04-21 12:49:29,197 - DEBUG - Mass: 17.9968g at 0.467s (baseline_pre) steady=True
2026-04-21 12:49:29,610 - DEBUG - Mass: 17.9968g at 0.866s (baseline_pre) steady=True
2026-04-21 12:49:30,010 - DEBUG - Mass: 17.9968g at 1.260s (baseline_pre) steady=True
2026-04-21 12:49:30,411 - DEBUG - Mass: 17.9968g at 1.663s (baseline_pre) steady=True
2026-04-21 12:49:30,570 - DEBUG - Dispensing 0.065 mL then waiting 3.0 s
2026-04-21 12:49:30,801 - DEBUG - Mass: 17.9968g at 2.069s (dispensing) steady=True
2026-04-21 12:49:30,953 - DEBUG - Blowing out 0.400 mL
2026-04-21 12:49:30,953 - DEBUG - Adjusting pump 0 speed to 5
2026-04-21 12:49:31,205 - DEBUG - Mass: 18.0042g at 2.469s (dispensing) steady=False
2026-04-21 12:49:31,603 - DEBUG - Mass: 18.0061g at 2.858s (dispensing) steady=False
2026-04-21 12:49:32,006 - DEBUG - Mass: 18.0079g at 3.264s (dispensing) steady=False
2026-04-21 12:49:32,402 - DEBUG - Mass: 18.0070g at 3.670s (dispensing) steady=False
2026-04-21 12:49:32,474 - DEBUG - Adjusting pump 0 speed to 5
2026-04-21 12:49:32,805 - DEBUG - Mass: 18.0086g at 4.066s (dispensing) steady=False
2026-04-21 12:49:33,204 - DEBUG - Mass: 18.0065g at 4.470s (dispensing) steady=False
2026-04-21 12:49:33,605 - DEBUG - Mass: 18.0124g at 4.865s (dispensing) steady=False
2026-04-21 12:49:34,009 - DEBUG - Mass: 18.0324g at 5.271s (dispensing) steady=False
2026-04-21 12:49:34,409 - DEBUG - Mass: 18.0202g at 5.662s (dispensing) steady=False
2026-04-21 12:49:34,797 - DEBUG - Mass: 18.0192g at 6.067s (dispensing) steady=False
2026-04-21 12:49:35,206 - DEBUG - Mass: 18.0187g at 6.455s (dispensing) steady=False
2026-04-21 12:49:35,604 - DEBUG - Mass: 18.0190g at 6.871s (dispensing) steady=True
2026-04-21 12:49:36,009 - DEBUG - Mass: 18.0190g at 7.257s (dispensing) steady=True
2026-04-21 12:49:36,410 - DEBUG - Mass: 18.0190g at 7.662s (dispensing) steady=True
2026-04-21 12:49:36,804 - DEBUG - Mass: 18.0190g at 8.068s (dispensing) steady=True
2026-04-21 12:49:36,845 - INFO - Dispensing took 6.275s, collecting post-dispense baseline
2026-04-21 12:49:37,205 - DEBUG - Mass: 18.0190g at 8.472s (baseline_post) steady=True
2026-04-21 12:49:37,610 - DEBUG - Mass: 18.0190g at 8.870s (baseline_post) steady=True
2026-04-21 12:49:37,998 - DEBUG - Mass: 18.0207g at 9.262s (baseline_post) steady=False
2026-04-21 12:49:38,405 - DEBUG - Mass: 18.0205g at 9.667s (baseline_post) steady=False
2026-04-21 12:49:38,804 - DEBUG - Mass: 18.0204g at 10.056s (baseline_post) steady=False
2026-04-21 12:49:39,010 - INFO - Stopped continuous mass monitoring. Collected 26 data points
2026-04-21 12:49:39,010 - INFO - Pre-baseline: 4 stable readings, avg=17.996800g
2026-04-21 12:49:39,010 - INFO - Post-baseline: 2 stable readings, avg=18.019000g
2026-04-21 12:49:39,010 - INFO - INDEPENDENT BASELINE calculation:
2026-04-21 12:49:39,010 - INFO - Pre: STABLE, Post: STABLE, Mass difference: 0.022200g
2026-04-21 12:49:39,017 - INFO - Reading summary: 5 pre-readings (4 stable), 5 post-readings (2 stable)
2026-04-21 12:49:39,017 - INFO - Baseline variability: pre_std=0.000089g, post_std=0.000847g
2026-04-21 12:49:39,017 - INFO - Target: 0.050 mL = ~0.050000 g for water
2026-04-21 12:49:39,019 - INFO - Saved 26 mass measurements to output\mass_measurements\experiment_log2026-04-21_12-40-21\mass_data_glycerol_20260421_124939.csv
2026-04-21 12:49:39,478 - INFO - Saved dispense mass vs time plot to output\mass_measurements\experiment_log2026-04-21_12-40-21\mass_plot_glycerol_20260421_124939.png
2026-04-21 12:49:39,479 - INFO - Removing pipet
2026-04-21 12:49:42,804 - INFO - Vial glycerol already at clamp index 0, no move needed
2026-04-21 12:50:47,240 - INFO - Vial glycerol already at clamp index 0, no move needed
2026-04-21 12:50:47,411 - DEBUG - Applied dict param aspirate_speed=15
2026-04-21 12:50:47,411 - DEBUG - Applied dict param dispense_speed=5
2026-04-21 12:50:47,411 - DEBUG - Applied dict param aspirate_wait_time=20.0
2026-04-21 12:50:47,411 - DEBUG - Applied dict param dispense_wait_time=3.0
2026-04-21 12:50:47,411 - DEBUG - Applied dict param pre_asp_air_vol=0.2
2026-04-21 12:50:47,411 - DEBUG - Applied dict param retract_speed=5
2026-04-21 12:50:47,411 - DEBUG - Applied dict param blowout_vol=0.4
2026-04-21 12:50:47,411 - DEBUG - Applied dict param post_asp_air_vol=0.0
2026-04-21 12:50:47,411 - DEBUG - Applied dict param post_retract_wait_time=5.0
2026-04-21 12:50:47,411 - DEBUG - Applied dict param overaspirate_vol=0.02
2026-04-21 12:50:47,411 - DEBUG - Applied dict param asp_disp_cycles=0
2026-04-21 12:50:47,412 - DEBUG - Selected small_tip for volume 0.050 mL
2026-04-21 12:50:47,413 - INFO - Getting small_tip (pipet number 28) from rack: small_tip_rack_1
2026-04-21 12:50:50,139 - INFO - Pipetting from vial glycerol, amount: 0.050 mL
2026-04-21 12:50:50,139 - INFO - Additional volume from calibration, amount: 0.020 mL
2026-04-21 12:50:50,141 - DEBUG - Adjusting pump 0 speed to 10
2026-04-21 12:50:53,208 - DEBUG - Aspirating 0.200 mL then waiting 0 s
2026-04-21 12:50:54,172 - DEBUG - Adjusting pump 0 speed to 15
2026-04-21 12:50:54,535 - DEBUG - Aspirating 0.070 mL then waiting 20.0 s
2026-04-21 12:51:21,111 - DEBUG - Applied dict param aspirate_speed=15
2026-04-21 12:51:21,111 - DEBUG - Applied dict param dispense_speed=5
2026-04-21 12:51:21,111 - DEBUG - Applied dict param aspirate_wait_time=20.0
2026-04-21 12:51:21,111 - DEBUG - Applied dict param dispense_wait_time=3.0
2026-04-21 12:51:21,111 - DEBUG - Applied dict param pre_asp_air_vol=0.2
2026-04-21 12:51:21,111 - DEBUG - Applied dict param retract_speed=5
2026-04-21 12:51:21,111 - DEBUG - Applied dict param blowout_vol=0.4
2026-04-21 12:51:21,111 - DEBUG - Applied dict param post_asp_air_vol=0.0
2026-04-21 12:51:21,111 - DEBUG - Applied dict param post_retract_wait_time=5.0
2026-04-21 12:51:21,111 - DEBUG - Applied dict param overaspirate_vol=0.02
2026-04-21 12:51:21,111 - DEBUG - Applied dict param asp_disp_cycles=0
2026-04-21 12:51:21,111 - INFO - Pipetting into vial glycerol, amount: 0.050 mL
2026-04-21 12:51:21,111 - DEBUG - Adjusting pump 0 speed to 5
2026-04-21 12:51:22,963 - INFO - Short wait time (1.0s), allowing scale to settle after robot positioning...
2026-04-21 12:51:23,975 - INFO - Started continuous mass monitoring with pre-dispense baseline
2026-04-21 12:51:24,210 - DEBUG - Mass: 17.9602g at 0.000s (baseline_pre) steady=False
2026-04-21 12:51:24,598 - DEBUG - Mass: 17.9604g at 0.438s (baseline_pre) steady=False
2026-04-21 12:51:25,012 - DEBUG - Mass: 17.9602g at 0.839s (baseline_pre) steady=True
2026-04-21 12:51:25,412 - DEBUG - Mass: 17.9602g at 1.253s (baseline_pre) steady=True
2026-04-21 12:51:25,803 - DEBUG - Mass: 17.9602g at 1.641s (baseline_pre) steady=True
2026-04-21 12:51:25,982 - DEBUG - Dispensing 0.270 mL then waiting 3.0 s
2026-04-21 12:51:26,198 - DEBUG - Mass: 17.9602g at 2.038s (dispensing) steady=True
2026-04-21 12:51:26,606 - DEBUG - Mass: 17.9671g at 2.439s (dispensing) steady=False
2026-04-21 12:51:26,682 - DEBUG - Blowing out 0.400 mL
2026-04-21 12:51:26,682 - DEBUG - Adjusting pump 0 speed to 5
2026-04-21 12:51:27,010 - DEBUG - Mass: 17.9745g at 2.841s (dispensing) steady=False
2026-04-21 12:51:27,399 - DEBUG - Mass: 17.9799g at 3.239s (dispensing) steady=False
2026-04-21 12:51:27,810 - DEBUG - Mass: 18.0006g at 3.647s (dispensing) steady=False
2026-04-21 12:51:28,202 - DEBUG - Mass: 17.9975g at 4.036s (dispensing) steady=False
2026-04-21 12:51:28,277 - DEBUG - Adjusting pump 0 speed to 5
2026-04-21 12:51:28,609 - DEBUG - Mass: 18.0007g at 4.440s (dispensing) steady=False
2026-04-21 12:51:28,997 - DEBUG - Mass: 17.9978g at 4.835s (dispensing) steady=False
2026-04-21 12:51:29,399 - DEBUG - Mass: 17.9991g at 5.243s (dispensing) steady=False
2026-04-21 12:51:29,809 - DEBUG - Mass: 18.0062g at 5.647s (dispensing) steady=False
2026-04-21 12:51:30,205 - DEBUG - Mass: 17.9988g at 6.038s (dispensing) steady=False
2026-04-21 12:51:30,609 - DEBUG - Mass: 17.9984g at 6.442s (dispensing) steady=False
2026-04-21 12:51:30,999 - DEBUG - Mass: 17.9981g at 6.843s (dispensing) steady=False
2026-04-21 12:51:31,399 - DEBUG - Mass: 17.9979g at 7.248s (dispensing) steady=False
2026-04-21 12:51:31,806 - DEBUG - Mass: 17.9980g at 7.638s (dispensing) steady=True
2026-04-21 12:51:32,208 - DEBUG - Mass: 17.9980g at 8.043s (dispensing) steady=True
2026-04-21 12:51:32,600 - DEBUG - Mass: 17.9980g at 8.441s (dispensing) steady=True
2026-04-21 12:51:32,712 - INFO - Dispensing took 6.730s, collecting post-dispense baseline
2026-04-21 12:51:33,011 - DEBUG - Mass: 17.9980g at 8.847s (baseline_post) steady=True
2026-04-21 12:51:33,406 - DEBUG - Mass: 17.9980g at 9.239s (baseline_post) steady=True
2026-04-21 12:51:33,812 - DEBUG - Mass: 17.9980g at 9.645s (baseline_post) steady=True
2026-04-21 12:51:34,203 - DEBUG - Mass: 17.9980g at 10.037s (baseline_post) steady=True
2026-04-21 12:51:34,611 - DEBUG - Mass: 17.9980g at 10.443s (baseline_post) steady=True
2026-04-21 12:51:34,819 - INFO - Stopped continuous mass monitoring. Collected 27 data points
2026-04-21 12:51:34,822 - INFO - Pre-baseline: 3 stable readings, avg=17.960200g
2026-04-21 12:51:34,822 - INFO - Post-baseline: 5 stable readings, avg=17.998000g
2026-04-21 12:51:34,822 - INFO - INDEPENDENT BASELINE calculation:
2026-04-21 12:51:34,822 - INFO - Pre: STABLE, Post: STABLE, Mass difference: 0.037800g
2026-04-21 12:51:34,826 - INFO - Reading summary: 5 pre-readings (3 stable), 5 post-readings (5 stable)
2026-04-21 12:51:34,826 - INFO - Baseline variability: pre_std=0.000089g, post_std=0.000000g
2026-04-21 12:51:34,827 - INFO - Target: 0.050 mL = ~0.050000 g for water
2026-04-21 12:51:34,829 - INFO - Saved 27 mass measurements to output\mass_measurements\experiment_log2026-04-21_12-40-21\mass_data_glycerol_20260421_125134.csv
2026-04-21 12:51:35,288 - INFO - Saved dispense mass vs time plot to output\mass_measurements\experiment_log2026-04-21_12-40-21\mass_plot_glycerol_20260421_125134.png
2026-04-21 12:51:35,297 - INFO - Removing pipet
2026-04-21 12:51:38,597 - INFO - Vial glycerol already at clamp index 0, no move needed
2026-04-21 12:51:40,206 - INFO - Vial glycerol already at clamp index 0, no move needed
2026-04-21 12:51:40,407 - DEBUG - Applied dict param aspirate_speed=15
2026-04-21 12:51:40,407 - DEBUG - Applied dict param dispense_speed=5
2026-04-21 12:51:40,407 - DEBUG - Applied dict param aspirate_wait_time=20.0
2026-04-21 12:51:40,407 - DEBUG - Applied dict param dispense_wait_time=3.0
2026-04-21 12:51:40,407 - DEBUG - Applied dict param pre_asp_air_vol=0.2
2026-04-21 12:51:40,407 - DEBUG - Applied dict param retract_speed=5
2026-04-21 12:51:40,407 - DEBUG - Applied dict param blowout_vol=0.4
2026-04-21 12:51:40,407 - DEBUG - Applied dict param post_asp_air_vol=0.0
2026-04-21 12:51:40,407 - DEBUG - Applied dict param post_retract_wait_time=5.0
2026-04-21 12:51:40,407 - DEBUG - Applied dict param overaspirate_vol=0.02
2026-04-21 12:51:40,407 - DEBUG - Applied dict param asp_disp_cycles=0
2026-04-21 12:51:40,407 - DEBUG - Selected small_tip for volume 0.050 mL
2026-04-21 12:51:40,407 - INFO - Getting small_tip (pipet number 29) from rack: small_tip_rack_1
2026-04-21 12:51:43,142 - INFO - Pipetting from vial glycerol, amount: 0.050 mL
2026-04-21 12:51:43,142 - INFO - Additional volume from calibration, amount: 0.020 mL
2026-04-21 12:51:43,142 - DEBUG - Adjusting pump 0 speed to 10
2026-04-21 12:51:46,230 - DEBUG - Aspirating 0.200 mL then waiting 0 s
2026-04-21 12:51:47,196 - DEBUG - Adjusting pump 0 speed to 15
2026-04-21 12:51:47,561 - DEBUG - Aspirating 0.070 mL then waiting 20.0 s
2026-04-21 12:52:14,138 - DEBUG - Applied dict param aspirate_speed=15
2026-04-21 12:52:14,138 - DEBUG - Applied dict param dispense_speed=5
2026-04-21 12:52:14,138 - DEBUG - Applied dict param aspirate_wait_time=20.0
2026-04-21 12:52:14,138 - DEBUG - Applied dict param dispense_wait_time=3.0
2026-04-21 12:52:14,138 - DEBUG - Applied dict param pre_asp_air_vol=0.2
2026-04-21 12:52:14,138 - DEBUG - Applied dict param retract_speed=5
2026-04-21 12:52:14,138 - DEBUG - Applied dict param blowout_vol=0.4
2026-04-21 12:52:14,138 - DEBUG - Applied dict param post_asp_air_vol=0.0
2026-04-21 12:52:14,138 - DEBUG - Applied dict param post_retract_wait_time=5.0
2026-04-21 12:52:14,138 - DEBUG - Applied dict param overaspirate_vol=0.02
2026-04-21 12:52:14,138 - DEBUG - Applied dict param asp_disp_cycles=0
2026-04-21 12:52:14,140 - INFO - Pipetting into vial glycerol, amount: 0.050 mL
2026-04-21 12:52:14,140 - DEBUG - Adjusting pump 0 speed to 5
2026-04-21 12:52:15,992 - INFO - Short wait time (1.0s), allowing scale to settle after robot positioning...
2026-04-21 12:52:16,993 - INFO - Started continuous mass monitoring with pre-dispense baseline
2026-04-21 12:52:17,210 - DEBUG - Mass: 17.9326g at 0.000s (baseline_pre) steady=False
2026-04-21 12:52:17,610 - DEBUG - Mass: 17.9325g at 0.418s (baseline_pre) steady=False
2026-04-21 12:52:18,010 - DEBUG - Mass: 17.9328g at 0.818s (baseline_pre) steady=False
2026-04-21 12:52:18,411 - DEBUG - Mass: 17.9328g at 1.218s (baseline_pre) steady=True
2026-04-21 12:52:18,812 - DEBUG - Mass: 17.9328g at 1.618s (baseline_pre) steady=True
2026-04-21 12:52:18,994 - DEBUG - Dispensing 0.270 mL then waiting 3.0 s
2026-04-21 12:52:19,211 - DEBUG - Mass: 17.9328g at 2.019s (dispensing) steady=True
2026-04-21 12:52:19,610 - DEBUG - Mass: 17.9392g at 2.419s (dispensing) steady=False
2026-04-21 12:52:19,738 - DEBUG - Blowing out 0.400 mL
2026-04-21 12:52:19,738 - DEBUG - Adjusting pump 0 speed to 5
2026-04-21 12:52:20,010 - DEBUG - Mass: 17.9430g at 2.818s (dispensing) steady=False
2026-04-21 12:52:20,410 - DEBUG - Mass: 17.9537g at 3.217s (dispensing) steady=False
2026-04-21 12:52:20,810 - DEBUG - Mass: 17.9742g at 3.617s (dispensing) steady=False
2026-04-21 12:52:21,068 - DEBUG - Adjusting pump 0 speed to 5
2026-04-21 12:52:21,210 - DEBUG - Mass: 17.9692g at 4.018s (dispensing) steady=False
2026-04-21 12:52:21,610 - DEBUG - Mass: 17.9765g at 4.417s (dispensing) steady=False
2026-04-21 12:52:22,010 - DEBUG - Mass: 17.9700g at 4.817s (dispensing) steady=False
2026-04-21 12:52:22,409 - DEBUG - Mass: 17.9834g at 5.218s (dispensing) steady=False
2026-04-21 12:52:22,809 - DEBUG - Mass: 17.9741g at 5.618s (dispensing) steady=False
2026-04-21 12:52:23,210 - DEBUG - Mass: 17.9689g at 6.017s (dispensing) steady=False
2026-04-21 12:52:23,610 - DEBUG - Mass: 17.9683g at 6.418s (dispensing) steady=False
2026-04-21 12:52:24,010 - DEBUG - Mass: 17.9683g at 6.818s (dispensing) steady=False
2026-04-21 12:52:24,410 - DEBUG - Mass: 17.9678g at 7.217s (dispensing) steady=False
2026-04-21 12:52:24,810 - DEBUG - Mass: 17.9683g at 7.618s (dispensing) steady=False
2026-04-21 12:52:25,212 - DEBUG - Mass: 17.9683g at 8.018s (dispensing) steady=True
2026-04-21 12:52:25,611 - DEBUG - Mass: 17.9683g at 8.419s (dispensing) steady=True
2026-04-21 12:52:25,665 - INFO - Dispensing took 6.671s, collecting post-dispense baseline
2026-04-21 12:52:26,011 - DEBUG - Mass: 17.9683g at 8.819s (baseline_post) steady=True
2026-04-21 12:52:26,412 - DEBUG - Mass: 17.9684g at 9.219s (baseline_post) steady=True
2026-04-21 12:52:26,811 - DEBUG - Mass: 17.9684g at 9.619s (baseline_post) steady=True
2026-04-21 12:52:27,212 - DEBUG - Mass: 17.9684g at 10.019s (baseline_post) steady=True
2026-04-21 12:52:27,612 - DEBUG - Mass: 17.9684g at 10.420s (baseline_post) steady=True
2026-04-21 12:52:27,813 - INFO - Stopped continuous mass monitoring. Collected 27 data points
2026-04-21 12:52:27,816 - INFO - Pre-baseline: 2 stable readings, avg=17.932800g
2026-04-21 12:52:27,818 - INFO - Post-baseline: 5 stable readings, avg=17.968380g
2026-04-21 12:52:27,818 - INFO - INDEPENDENT BASELINE calculation:
2026-04-21 12:52:27,818 - INFO - Pre: STABLE, Post: STABLE, Mass difference: 0.035580g
2026-04-21 12:52:27,820 - INFO - Reading summary: 5 pre-readings (2 stable), 5 post-readings (5 stable)
2026-04-21 12:52:27,820 - INFO - Baseline variability: pre_std=0.000141g, post_std=0.000045g
2026-04-21 12:52:27,820 - INFO - Target: 0.050 mL = ~0.050000 g for water
2026-04-21 12:52:27,822 - INFO - Saved 27 mass measurements to output\mass_measurements\experiment_log2026-04-21_12-40-21\mass_data_glycerol_20260421_125227.csv
2026-04-21 12:52:28,261 - INFO - Saved dispense mass vs time plot to output\mass_measurements\experiment_log2026-04-21_12-40-21\mass_plot_glycerol_20260421_125227.png
2026-04-21 12:52:28,262 - INFO - Removing pipet
2026-04-21 12:52:31,578 - INFO - Vial glycerol already at clamp index 0, no move needed
2026-04-21 12:52:39,874 - INFO - Vial glycerol already at clamp index 0, no move needed
2026-04-21 12:52:40,012 - DEBUG - Applied dict param aspirate_speed=25
2026-04-21 12:52:40,012 - DEBUG - Applied dict param dispense_speed=10
2026-04-21 12:52:40,012 - DEBUG - Applied dict param aspirate_wait_time=15.0
2026-04-21 12:52:40,012 - DEBUG - Applied dict param dispense_wait_time=3.0
2026-04-21 12:52:40,012 - DEBUG - Applied dict param pre_asp_air_vol=0.1
2026-04-21 12:52:40,012 - DEBUG - Applied dict param retract_speed=5
2026-04-21 12:52:40,012 - DEBUG - Applied dict param blowout_vol=0.2
2026-04-21 12:52:40,012 - DEBUG - Applied dict param post_asp_air_vol=0.0
2026-04-21 12:52:40,012 - DEBUG - Applied dict param post_retract_wait_time=5.0
2026-04-21 12:52:40,012 - DEBUG - Applied dict param overaspirate_vol=0.02
2026-04-21 12:52:40,012 - DEBUG - Applied dict param asp_disp_cycles=0
2026-04-21 12:52:40,013 - DEBUG - Selected small_tip for volume 0.050 mL
2026-04-21 12:52:40,014 - INFO - Getting small_tip (pipet number 30) from rack: small_tip_rack_1
2026-04-21 12:52:42,690 - INFO - Pipetting from vial glycerol, amount: 0.050 mL
2026-04-21 12:52:42,690 - INFO - Additional volume from calibration, amount: 0.020 mL
2026-04-21 12:52:42,693 - DEBUG - Adjusting pump 0 speed to 10
2026-04-21 12:52:45,776 - DEBUG - Aspirating 0.100 mL then waiting 0 s
2026-04-21 12:52:46,356 - DEBUG - Adjusting pump 0 speed to 25
2026-04-21 12:52:46,714 - DEBUG - Aspirating 0.070 mL then waiting 15.0 s
2026-04-21 12:53:11,412 - DEBUG - Applied dict param aspirate_speed=25
2026-04-21 12:53:11,412 - DEBUG - Applied dict param dispense_speed=10
2026-04-21 12:53:11,412 - DEBUG - Applied dict param aspirate_wait_time=15.0
2026-04-21 12:53:11,412 - DEBUG - Applied dict param dispense_wait_time=3.0
2026-04-21 12:53:11,412 - DEBUG - Applied dict param pre_asp_air_vol=0.1
2026-04-21 12:53:11,412 - DEBUG - Applied dict param retract_speed=5
2026-04-21 12:53:11,412 - DEBUG - Applied dict param blowout_vol=0.2
2026-04-21 12:53:11,412 - DEBUG - Applied dict param post_asp_air_vol=0.0
2026-04-21 12:53:11,412 - DEBUG - Applied dict param post_retract_wait_time=5.0
2026-04-21 12:53:11,412 - DEBUG - Applied dict param overaspirate_vol=0.02
2026-04-21 12:53:11,412 - DEBUG - Applied dict param asp_disp_cycles=0
2026-04-21 12:53:11,414 - INFO - Pipetting into vial glycerol, amount: 0.050 mL
2026-04-21 12:53:11,415 - DEBUG - Adjusting pump 0 speed to 10
2026-04-21 12:53:13,271 - INFO - Short wait time (1.0s), allowing scale to settle after robot positioning...
2026-04-21 12:53:14,286 - INFO - Started continuous mass monitoring with pre-dispense baseline
2026-04-21 12:53:14,410 - DEBUG - Mass: 17.9015g at 0.000s (baseline_pre) steady=False
2026-04-21 12:53:14,810 - DEBUG - Mass: 17.9012g at 0.329s (baseline_pre) steady=False
2026-04-21 12:53:15,196 - DEBUG - Mass: 17.9120g at 0.734s (baseline_pre) steady=False
2026-04-21 12:53:15,609 - DEBUG - Mass: 17.9137g at 1.128s (baseline_pre) steady=False
2026-04-21 12:53:16,008 - DEBUG - Mass: 17.9142g at 1.531s (baseline_pre) steady=False
2026-04-21 12:53:16,287 - DEBUG - Dispensing 0.170 mL then waiting 3.0 s
2026-04-21 12:53:16,411 - DEBUG - Mass: 17.9149g at 1.935s (baseline_pre) steady=False
2026-04-21 12:53:16,806 - DEBUG - Mass: 17.9186g at 2.327s (dispensing) steady=False
2026-04-21 12:53:17,210 - DEBUG - Mass: 17.9200g at 2.728s (dispensing) steady=False
2026-04-21 12:53:17,286 - DEBUG - Blowing out 0.200 mL
2026-04-21 12:53:17,286 - DEBUG - Adjusting pump 0 speed to 5
2026-04-21 12:53:17,610 - DEBUG - Mass: 17.9190g at 3.131s (dispensing) steady=False
2026-04-21 12:53:18,006 - DEBUG - Mass: 17.9277g at 3.531s (dispensing) steady=False
2026-04-21 12:53:18,411 - DEBUG - Mass: 17.9345g at 3.931s (dispensing) steady=False
2026-04-21 12:53:18,489 - DEBUG - Adjusting pump 0 speed to 10
2026-04-21 12:53:18,810 - DEBUG - Mass: 17.9356g at 4.337s (dispensing) steady=False
2026-04-21 12:53:19,210 - DEBUG - Mass: 17.9497g at 4.739s (dispensing) steady=False
2026-04-21 12:53:19,609 - DEBUG - Mass: 17.9539g at 5.128s (dispensing) steady=False
2026-04-21 12:53:20,010 - DEBUG - Mass: 17.9511g at 5.538s (dispensing) steady=False
2026-04-21 12:53:20,410 - DEBUG - Mass: 17.9468g at 5.938s (dispensing) steady=False
2026-04-21 12:53:20,809 - DEBUG - Mass: 17.9462g at 6.335s (dispensing) steady=False
2026-04-21 12:53:21,210 - DEBUG - Mass: 17.9464g at 6.738s (dispensing) steady=False
2026-04-21 12:53:21,612 - DEBUG - Mass: 17.9464g at 7.135s (dispensing) steady=True
2026-04-21 12:53:22,011 - DEBUG - Mass: 17.9464g at 7.539s (dispensing) steady=True
2026-04-21 12:53:22,412 - DEBUG - Mass: 17.9464g at 7.936s (dispensing) steady=True
2026-04-21 12:53:22,800 - DEBUG - Mass: 17.9463g at 8.339s (dispensing) steady=True
2026-04-21 12:53:22,876 - INFO - Dispensing took 6.589s, collecting post-dispense baseline
2026-04-21 12:53:23,209 - DEBUG - Mass: 17.9463g at 8.739s (baseline_post) steady=True
2026-04-21 12:53:23,612 - DEBUG - Mass: 17.9463g at 9.140s (baseline_post) steady=True
2026-04-21 12:53:24,012 - DEBUG - Mass: 17.9463g at 9.531s (baseline_post) steady=True
2026-04-21 12:53:24,401 - DEBUG - Mass: 17.9463g at 9.936s (baseline_post) steady=True
2026-04-21 12:53:24,802 - DEBUG - Mass: 17.9463g at 10.341s (baseline_post) steady=True
2026-04-21 12:53:25,027 - INFO - Stopped continuous mass monitoring. Collected 27 data points
2026-04-21 12:53:25,033 - INFO - Pre-baseline: No stable readings, using time-based avg=17.909583g
2026-04-21 12:53:25,033 - INFO - Post-baseline: 5 stable readings, avg=17.946300g
2026-04-21 12:53:25,033 - INFO - INDEPENDENT BASELINE calculation:
2026-04-21 12:53:25,033 - INFO - Pre: TIME-BASED, Post: STABLE, Mass difference: 0.036717g
2026-04-21 12:53:25,035 - INFO - Reading summary: 6 pre-readings (0 stable), 5 post-readings (5 stable)
2026-04-21 12:53:25,035 - INFO - Baseline variability: pre_std=0.006450g, post_std=0.000000g
2026-04-21 12:53:25,035 - INFO - Target: 0.050 mL = ~0.050000 g for water
2026-04-21 12:53:25,036 - INFO - Saved 27 mass measurements to output\mass_measurements\experiment_log2026-04-21_12-40-21\mass_data_glycerol_20260421_125325.csv
2026-04-21 12:53:25,560 - INFO - Saved dispense mass vs time plot to output\mass_measurements\experiment_log2026-04-21_12-40-21\mass_plot_glycerol_20260421_125325.png
2026-04-21 12:53:25,560 - INFO - Removing pipet
2026-04-21 12:53:28,874 - INFO - Vial glycerol already at clamp index 0, no move needed
2026-04-21 12:53:30,215 - INFO - Vial glycerol already at clamp index 0, no move needed
2026-04-21 12:53:30,411 - DEBUG - Applied dict param aspirate_speed=25
2026-04-21 12:53:30,411 - DEBUG - Applied dict param dispense_speed=10
2026-04-21 12:53:30,411 - DEBUG - Applied dict param aspirate_wait_time=15.0
2026-04-21 12:53:30,411 - DEBUG - Applied dict param dispense_wait_time=3.0
2026-04-21 12:53:30,411 - DEBUG - Applied dict param pre_asp_air_vol=0.1
2026-04-21 12:53:30,411 - DEBUG - Applied dict param retract_speed=5
2026-04-21 12:53:30,411 - DEBUG - Applied dict param blowout_vol=0.2
2026-04-21 12:53:30,411 - DEBUG - Applied dict param post_asp_air_vol=0.0
2026-04-21 12:53:30,411 - DEBUG - Applied dict param post_retract_wait_time=5.0
2026-04-21 12:53:30,411 - DEBUG - Applied dict param overaspirate_vol=0.02
2026-04-21 12:53:30,411 - DEBUG - Applied dict param asp_disp_cycles=0
2026-04-21 12:53:30,411 - DEBUG - Selected small_tip for volume 0.050 mL
2026-04-21 12:53:30,411 - INFO - Getting small_tip (pipet number 31) from rack: small_tip_rack_1
2026-04-21 12:53:33,090 - INFO - Pipetting from vial glycerol, amount: 0.050 mL
2026-04-21 12:53:33,092 - INFO - Additional volume from calibration, amount: 0.020 mL
2026-04-21 12:53:33,093 - DEBUG - Adjusting pump 0 speed to 10
2026-04-21 12:53:36,096 - DEBUG - Aspirating 0.100 mL then waiting 0 s
2026-04-21 12:53:36,699 - DEBUG - Adjusting pump 0 speed to 25
2026-04-21 12:53:37,046 - DEBUG - Aspirating 0.070 mL then waiting 15.0 s
2026-04-21 12:54:01,772 - DEBUG - Applied dict param aspirate_speed=25
2026-04-21 12:54:01,772 - DEBUG - Applied dict param dispense_speed=10
2026-04-21 12:54:01,772 - DEBUG - Applied dict param aspirate_wait_time=15.0
2026-04-21 12:54:01,772 - DEBUG - Applied dict param dispense_wait_time=3.0
2026-04-21 12:54:01,772 - DEBUG - Applied dict param pre_asp_air_vol=0.1
2026-04-21 12:54:01,772 - DEBUG - Applied dict param retract_speed=5
2026-04-21 12:54:01,772 - DEBUG - Applied dict param blowout_vol=0.2
2026-04-21 12:54:01,772 - DEBUG - Applied dict param post_asp_air_vol=0.0
2026-04-21 12:54:01,772 - DEBUG - Applied dict param post_retract_wait_time=5.0
2026-04-21 12:54:01,772 - DEBUG - Applied dict param overaspirate_vol=0.02
2026-04-21 12:54:01,772 - DEBUG - Applied dict param asp_disp_cycles=0
2026-04-21 12:54:01,772 - INFO - Pipetting into vial glycerol, amount: 0.050 mL
2026-04-21 12:54:01,772 - DEBUG - Adjusting pump 0 speed to 10
2026-04-21 12:54:03,629 - INFO - Short wait time (1.0s), allowing scale to settle after robot positioning...
2026-04-21 12:54:04,647 - INFO - Started continuous mass monitoring with pre-dispense baseline
2026-04-21 12:54:04,800 - DEBUG - Mass: 17.8882g at 0.000s (baseline_pre) steady=False
2026-04-21 12:54:05,200 - DEBUG - Mass: 17.8949g at 0.372s (baseline_pre) steady=False
2026-04-21 12:54:05,597 - DEBUG - Mass: 17.8960g at 0.772s (baseline_pre) steady=False
2026-04-21 12:54:06,000 - DEBUG - Mass: 17.8953g at 1.177s (baseline_pre) steady=False
2026-04-21 12:54:06,410 - DEBUG - Mass: 17.8957g at 1.567s (baseline_pre) steady=False
2026-04-21 12:54:06,660 - DEBUG - Dispensing 0.170 mL then waiting 3.0 s
2026-04-21 12:54:06,811 - DEBUG - Mass: 17.8957g at 1.965s (baseline_pre) steady=True
2026-04-21 12:54:07,199 - DEBUG - Mass: 17.9000g at 2.372s (dispensing) steady=False
2026-04-21 12:54:07,598 - DEBUG - Mass: 17.9007g at 2.764s (dispensing) steady=False
2026-04-21 12:54:07,681 - DEBUG - Blowing out 0.200 mL
2026-04-21 12:54:07,681 - DEBUG - Adjusting pump 0 speed to 5
2026-04-21 12:54:07,998 - DEBUG - Mass: 17.9022g at 3.167s (dispensing) steady=False
2026-04-21 12:54:08,408 - DEBUG - Mass: 17.9084g at 3.563s (dispensing) steady=False
2026-04-21 12:54:08,810 - DEBUG - Mass: 17.9155g at 3.968s (dispensing) steady=False
2026-04-21 12:54:08,888 - DEBUG - Adjusting pump 0 speed to 10
2026-04-21 12:54:09,199 - DEBUG - Mass: 17.9181g at 4.364s (dispensing) steady=False
2026-04-21 12:54:09,609 - DEBUG - Mass: 17.9311g at 4.767s (dispensing) steady=False
2026-04-21 12:54:10,007 - DEBUG - Mass: 17.9340g at 5.169s (dispensing) steady=False
2026-04-21 12:54:10,408 - DEBUG - Mass: 17.9323g at 5.569s (dispensing) steady=False
2026-04-21 12:54:10,809 - DEBUG - Mass: 17.9279g at 5.968s (dispensing) steady=False
2026-04-21 12:54:11,210 - DEBUG - Mass: 17.9274g at 6.364s (dispensing) steady=False
2026-04-21 12:54:11,609 - DEBUG - Mass: 17.9272g at 6.769s (dispensing) steady=False
2026-04-21 12:54:12,004 - DEBUG - Mass: 17.9273g at 7.166s (dispensing) steady=False
2026-04-21 12:54:12,408 - DEBUG - Mass: 17.9271g at 7.569s (dispensing) steady=False
2026-04-21 12:54:12,810 - DEBUG - Mass: 17.9270g at 7.967s (dispensing) steady=True
2026-04-21 12:54:13,210 - DEBUG - Mass: 17.9270g at 8.370s (dispensing) steady=True
2026-04-21 12:54:13,500 - INFO - Dispensing took 6.840s, collecting post-dispense baseline
2026-04-21 12:54:13,610 - DEBUG - Mass: 17.9270g at 8.770s (dispensing) steady=True
2026-04-21 12:54:14,010 - DEBUG - Mass: 17.9270g at 9.165s (baseline_post) steady=True
2026-04-21 12:54:14,411 - DEBUG - Mass: 17.9270g at 9.574s (baseline_post) steady=True
2026-04-21 12:54:14,804 - DEBUG - Mass: 17.9270g at 9.972s (baseline_post) steady=True
2026-04-21 12:54:15,210 - DEBUG - Mass: 17.9270g at 10.364s (baseline_post) steady=True
2026-04-21 12:54:15,609 - DEBUG - Mass: 17.9270g at 10.770s (baseline_post) steady=True
2026-04-21 12:54:15,819 - INFO - Stopped continuous mass monitoring. Collected 28 data points
2026-04-21 12:54:15,825 - INFO - Pre-baseline: 1 stable readings, avg=17.895700g
2026-04-21 12:54:15,825 - INFO - Post-baseline: 5 stable readings, avg=17.927000g
2026-04-21 12:54:15,825 - INFO - INDEPENDENT BASELINE calculation:
2026-04-21 12:54:15,825 - INFO - Pre: STABLE, Post: STABLE, Mass difference: 0.031300g
2026-04-21 12:54:15,825 - INFO - Reading summary: 6 pre-readings (1 stable), 5 post-readings (5 stable)
2026-04-21 12:54:15,825 - INFO - Baseline variability: pre_std=0.003013g, post_std=0.000000g
2026-04-21 12:54:15,825 - INFO - Target: 0.050 mL = ~0.050000 g for water
2026-04-21 12:54:15,825 - INFO - Saved 28 mass measurements to output\mass_measurements\experiment_log2026-04-21_12-40-21\mass_data_glycerol_20260421_125415.csv
2026-04-21 12:54:16,328 - INFO - Saved dispense mass vs time plot to output\mass_measurements\experiment_log2026-04-21_12-40-21\mass_plot_glycerol_20260421_125415.png
2026-04-21 12:54:16,328 - INFO - Removing pipet
2026-04-21 12:54:19,643 - INFO - Vial glycerol already at clamp index 0, no move needed
2026-04-21 12:54:43,342 - INFO - Vial glycerol already at clamp index 0, no move needed
2026-04-21 12:54:43,610 - DEBUG - Applied dict param aspirate_speed=35
2026-04-21 12:54:43,610 - DEBUG - Applied dict param dispense_speed=10
2026-04-21 12:54:43,610 - DEBUG - Applied dict param aspirate_wait_time=15.0
2026-04-21 12:54:43,610 - DEBUG - Applied dict param dispense_wait_time=3.0
2026-04-21 12:54:43,610 - DEBUG - Applied dict param pre_asp_air_vol=0.0
2026-04-21 12:54:43,610 - DEBUG - Applied dict param retract_speed=5
2026-04-21 12:54:43,610 - DEBUG - Applied dict param blowout_vol=0.5
2026-04-21 12:54:43,610 - DEBUG - Applied dict param post_asp_air_vol=0.0
2026-04-21 12:54:43,610 - DEBUG - Applied dict param post_retract_wait_time=5.0
2026-04-21 12:54:43,610 - DEBUG - Applied dict param overaspirate_vol=0.03
2026-04-21 12:54:43,610 - DEBUG - Applied dict param asp_disp_cycles=0
2026-04-21 12:54:43,611 - DEBUG - Selected small_tip for volume 0.050 mL
2026-04-21 12:54:43,612 - INFO - Getting small_tip (pipet number 32) from rack: small_tip_rack_1
2026-04-21 12:54:46,490 - INFO - Pipetting from vial glycerol, amount: 0.050 mL
2026-04-21 12:54:46,490 - INFO - Additional volume from calibration, amount: 0.030 mL
2026-04-21 12:54:46,492 - DEBUG - Adjusting pump 0 speed to 10
2026-04-21 12:54:48,870 - DEBUG - Adjusting pump 0 speed to 35
2026-04-21 12:54:49,866 - DEBUG - Aspirating 0.080 mL then waiting 15.0 s
2026-04-21 12:55:36,699 - DEBUG - Applied dict param aspirate_speed=35
2026-04-21 12:55:36,699 - DEBUG - Applied dict param dispense_speed=10
2026-04-21 12:55:36,699 - DEBUG - Applied dict param aspirate_wait_time=15.0
2026-04-21 12:55:36,699 - DEBUG - Applied dict param dispense_wait_time=3.0
2026-04-21 12:55:36,699 - DEBUG - Applied dict param pre_asp_air_vol=0.0
2026-04-21 12:55:36,699 - DEBUG - Applied dict param retract_speed=5
2026-04-21 12:55:36,699 - DEBUG - Applied dict param blowout_vol=0.5
2026-04-21 12:55:36,700 - DEBUG - Applied dict param post_asp_air_vol=0.0
2026-04-21 12:55:36,700 - DEBUG - Applied dict param post_retract_wait_time=5.0
2026-04-21 12:55:36,700 - DEBUG - Applied dict param overaspirate_vol=0.03
2026-04-21 12:55:36,700 - DEBUG - Applied dict param asp_disp_cycles=0
2026-04-21 12:55:36,701 - INFO - Pipetting into vial glycerol, amount: 0.050 mL
2026-04-21 12:55:36,702 - DEBUG - Adjusting pump 0 speed to 10
2026-04-21 12:55:38,528 - INFO - Short wait time (1.0s), allowing scale to settle after robot positioning...
2026-04-21 12:55:39,528 - INFO - Started continuous mass monitoring with pre-dispense baseline
2026-04-21 12:55:39,807 - DEBUG - Mass: 17.8429g at 0.000s (baseline_pre) steady=False
2026-04-21 12:55:40,206 - DEBUG - Mass: 17.8426g at 0.480s (baseline_pre) steady=False
2026-04-21 12:55:40,608 - DEBUG - Mass: 17.8426g at 0.879s (baseline_pre) steady=True
2026-04-21 12:55:41,006 - DEBUG - Mass: 17.8521g at 1.281s (baseline_pre) steady=False
2026-04-21 12:55:41,406 - DEBUG - Mass: 17.8534g at 1.680s (baseline_pre) steady=False
2026-04-21 12:55:41,529 - DEBUG - Dispensing 0.080 mL then waiting 3.0 s
2026-04-21 12:55:41,806 - DEBUG - Mass: 17.8557g at 2.079s (dispensing) steady=False
2026-04-21 12:55:41,997 - DEBUG - Blowing out 0.500 mL
2026-04-21 12:55:41,997 - DEBUG - Adjusting pump 0 speed to 5
2026-04-21 12:55:42,206 - DEBUG - Mass: 17.8546g at 2.479s (dispensing) steady=False
2026-04-21 12:55:42,606 - DEBUG - Mass: 17.8611g at 2.879s (dispensing) steady=False
2026-04-21 12:55:43,006 - DEBUG - Mass: 17.8621g at 3.279s (dispensing) steady=False
2026-04-21 12:55:43,406 - DEBUG - Mass: 17.8653g at 3.679s (dispensing) steady=False
2026-04-21 12:55:43,806 - DEBUG - Mass: 17.8696g at 4.080s (dispensing) steady=False
2026-04-21 12:55:43,870 - DEBUG - Adjusting pump 0 speed to 10
2026-04-21 12:55:44,206 - DEBUG - Mass: 17.8691g at 4.479s (dispensing) steady=False
2026-04-21 12:55:44,606 - DEBUG - Mass: 17.8708g at 4.879s (dispensing) steady=False
2026-04-21 12:55:45,006 - DEBUG - Mass: 17.8753g at 5.278s (dispensing) steady=False
2026-04-21 12:55:45,406 - DEBUG - Mass: 17.8801g at 5.679s (dispensing) steady=False
2026-04-21 12:55:45,806 - DEBUG - Mass: 17.8877g at 6.079s (dispensing) steady=False
2026-04-21 12:55:46,206 - DEBUG - Mass: 17.9034g at 6.478s (dispensing) steady=False
2026-04-21 12:55:46,606 - DEBUG - Mass: 17.9195g at 6.879s (dispensing) steady=False
2026-04-21 12:55:47,006 - DEBUG - Mass: 17.9130g at 7.279s (dispensing) steady=False
2026-04-21 12:55:47,406 - DEBUG - Mass: 17.9124g at 7.679s (dispensing) steady=False
2026-04-21 12:55:47,806 - DEBUG - Mass: 17.9113g at 8.079s (dispensing) steady=False
2026-04-21 12:55:48,206 - DEBUG - Mass: 17.9119g at 8.478s (dispensing) steady=False
2026-04-21 12:55:48,606 - DEBUG - Mass: 17.9121g at 8.878s (dispensing) steady=False
2026-04-21 12:55:49,006 - DEBUG - Mass: 17.9118g at 9.279s (dispensing) steady=False
2026-04-21 12:55:49,399 - INFO - Dispensing took 7.870s, collecting post-dispense baseline
2026-04-21 12:55:49,405 - DEBUG - Mass: 17.9114g at 9.679s (dispensing) steady=False
2026-04-21 12:55:49,806 - DEBUG - Mass: 17.9118g at 10.078s (baseline_post) steady=False
2026-04-21 12:55:50,206 - DEBUG - Mass: 17.9114g at 10.479s (baseline_post) steady=False
2026-04-21 12:55:50,605 - DEBUG - Mass: 17.9110g at 10.879s (baseline_post) steady=False
2026-04-21 12:55:51,007 - DEBUG - Mass: 17.9114g at 11.278s (baseline_post) steady=True
2026-04-21 12:55:51,407 - DEBUG - Mass: 17.9114g at 11.681s (baseline_post) steady=True
2026-04-21 12:55:51,609 - INFO - Stopped continuous mass monitoring. Collected 30 data points
2026-04-21 12:55:51,612 - INFO - Pre-baseline: 1 stable readings, avg=17.842600g
2026-04-21 12:55:51,613 - INFO - Post-baseline: 2 stable readings, avg=17.911400g
2026-04-21 12:55:51,613 - INFO - INDEPENDENT BASELINE calculation:
2026-04-21 12:55:51,613 - INFO - Pre: STABLE, Post: STABLE, Mass difference: 0.068800g
2026-04-21 12:55:51,614 - INFO - Reading summary: 5 pre-readings (1 stable), 5 post-readings (2 stable)
2026-04-21 12:55:51,614 - INFO - Baseline variability: pre_std=0.005525g, post_std=0.000283g
2026-04-21 12:55:51,614 - INFO - Target: 0.050 mL = ~0.050000 g for water
2026-04-21 12:55:51,616 - INFO - Saved 30 mass measurements to output\mass_measurements\experiment_log2026-04-21_12-40-21\mass_data_glycerol_20260421_125551.csv
2026-04-21 12:55:52,092 - INFO - Saved dispense mass vs time plot to output\mass_measurements\experiment_log2026-04-21_12-40-21\mass_plot_glycerol_20260421_125551.png
2026-04-21 12:55:52,092 - INFO - Removing pipet
2026-04-21 12:55:55,407 - INFO - Vial glycerol already at clamp index 0, no move needed
2026-04-21 12:55:56,412 - INFO - Vial glycerol already at clamp index 0, no move needed
2026-04-21 12:55:56,608 - DEBUG - Applied dict param aspirate_speed=35
2026-04-21 12:55:56,608 - DEBUG - Applied dict param dispense_speed=10
2026-04-21 12:55:56,608 - DEBUG - Applied dict param aspirate_wait_time=15.0
2026-04-21 12:55:56,608 - DEBUG - Applied dict param dispense_wait_time=3.0
2026-04-21 12:55:56,608 - DEBUG - Applied dict param pre_asp_air_vol=0.0
2026-04-21 12:55:56,608 - DEBUG - Applied dict param retract_speed=5
2026-04-21 12:55:56,608 - DEBUG - Applied dict param blowout_vol=0.5
2026-04-21 12:55:56,608 - DEBUG - Applied dict param post_asp_air_vol=0.0
2026-04-21 12:55:56,608 - DEBUG - Applied dict param post_retract_wait_time=5.0
2026-04-21 12:55:56,608 - DEBUG - Applied dict param overaspirate_vol=0.03
2026-04-21 12:55:56,608 - DEBUG - Applied dict param asp_disp_cycles=0
2026-04-21 12:55:56,609 - DEBUG - Selected small_tip for volume 0.050 mL
2026-04-21 12:55:56,610 - INFO - Getting small_tip (pipet number 33) from rack: small_tip_rack_1
2026-04-21 12:55:59,493 - INFO - Pipetting from vial glycerol, amount: 0.050 mL
2026-04-21 12:55:59,493 - INFO - Additional volume from calibration, amount: 0.030 mL
2026-04-21 12:55:59,496 - DEBUG - Adjusting pump 0 speed to 10
2026-04-21 12:56:01,856 - DEBUG - Adjusting pump 0 speed to 35
2026-04-21 12:56:02,857 - DEBUG - Aspirating 0.080 mL then waiting 15.0 s
2026-04-21 12:56:49,694 - DEBUG - Applied dict param aspirate_speed=35
2026-04-21 12:56:49,694 - DEBUG - Applied dict param dispense_speed=10
2026-04-21 12:56:49,694 - DEBUG - Applied dict param aspirate_wait_time=15.0
2026-04-21 12:56:49,694 - DEBUG - Applied dict param dispense_wait_time=3.0
2026-04-21 12:56:49,694 - DEBUG - Applied dict param pre_asp_air_vol=0.0
2026-04-21 12:56:49,694 - DEBUG - Applied dict param retract_speed=5
2026-04-21 12:56:49,694 - DEBUG - Applied dict param blowout_vol=0.5
2026-04-21 12:56:49,694 - DEBUG - Applied dict param post_asp_air_vol=0.0
2026-04-21 12:56:49,694 - DEBUG - Applied dict param post_retract_wait_time=5.0
2026-04-21 12:56:49,694 - DEBUG - Applied dict param overaspirate_vol=0.03
2026-04-21 12:56:49,694 - DEBUG - Applied dict param asp_disp_cycles=0
2026-04-21 12:56:49,696 - INFO - Pipetting into vial glycerol, amount: 0.050 mL
2026-04-21 12:56:49,696 - DEBUG - Adjusting pump 0 speed to 10
2026-04-21 12:56:51,522 - INFO - Short wait time (1.0s), allowing scale to settle after robot positioning...
2026-04-21 12:56:52,524 - INFO - Started continuous mass monitoring with pre-dispense baseline
2026-04-21 12:56:52,803 - DEBUG - Mass: 17.8194g at 0.000s (baseline_pre) steady=False
2026-04-21 12:56:53,205 - DEBUG - Mass: 17.8194g at 0.481s (baseline_pre) steady=True
2026-04-21 12:56:53,605 - DEBUG - Mass: 17.8194g at 0.882s (baseline_pre) steady=True
2026-04-21 12:56:54,003 - DEBUG - Mass: 17.8266g at 1.283s (baseline_pre) steady=False
2026-04-21 12:56:54,404 - DEBUG - Mass: 17.8289g at 1.681s (baseline_pre) steady=False
2026-04-21 12:56:54,524 - DEBUG - Dispensing 0.080 mL then waiting 3.0 s
2026-04-21 12:56:54,804 - DEBUG - Mass: 17.8317g at 2.081s (dispensing) steady=False
2026-04-21 12:56:54,997 - DEBUG - Blowing out 0.500 mL
2026-04-21 12:56:54,997 - DEBUG - Adjusting pump 0 speed to 5
2026-04-21 12:56:55,203 - DEBUG - Mass: 17.8299g at 2.481s (dispensing) steady=False
2026-04-21 12:56:55,604 - DEBUG - Mass: 17.8366g at 2.881s (dispensing) steady=False
2026-04-21 12:56:56,004 - DEBUG - Mass: 17.8382g at 3.281s (dispensing) steady=False
2026-04-21 12:56:56,403 - DEBUG - Mass: 17.8403g at 3.681s (dispensing) steady=False
2026-04-21 12:56:56,804 - DEBUG - Mass: 17.8452g at 4.081s (dispensing) steady=False
2026-04-21 12:56:56,868 - DEBUG - Adjusting pump 0 speed to 10
2026-04-21 12:56:57,204 - DEBUG - Mass: 17.8438g at 4.481s (dispensing) steady=False
2026-04-21 12:56:57,603 - DEBUG - Mass: 17.8457g at 4.881s (dispensing) steady=False
2026-04-21 12:56:58,004 - DEBUG - Mass: 17.8504g at 5.281s (dispensing) steady=False
2026-04-21 12:56:58,404 - DEBUG - Mass: 17.8546g at 5.681s (dispensing) steady=False
2026-04-21 12:56:58,803 - DEBUG - Mass: 17.8628g at 6.082s (dispensing) steady=False
2026-04-21 12:56:59,204 - DEBUG - Mass: 17.8765g at 6.480s (dispensing) steady=False
2026-04-21 12:56:59,604 - DEBUG - Mass: 17.8960g at 6.881s (dispensing) steady=False
2026-04-21 12:57:00,003 - DEBUG - Mass: 17.8872g at 7.281s (dispensing) steady=False
2026-04-21 12:57:00,404 - DEBUG - Mass: 17.8873g at 7.681s (dispensing) steady=False
2026-04-21 12:57:00,804 - DEBUG - Mass: 17.8871g at 8.081s (dispensing) steady=False
2026-04-21 12:57:01,205 - DEBUG - Mass: 17.8873g at 8.481s (dispensing) steady=True
2026-04-21 12:57:01,605 - DEBUG - Mass: 17.8873g at 8.883s (dispensing) steady=True
2026-04-21 12:57:02,005 - DEBUG - Mass: 17.8873g at 9.282s (dispensing) steady=True
2026-04-21 12:57:02,398 - INFO - Dispensing took 7.873s, collecting post-dispense baseline
2026-04-21 12:57:02,405 - DEBUG - Mass: 17.8873g at 9.682s (dispensing) steady=True
2026-04-21 12:57:02,804 - DEBUG - Mass: 17.8873g at 10.083s (baseline_post) steady=True
2026-04-21 12:57:03,205 - DEBUG - Mass: 17.8873g at 10.482s (baseline_post) steady=True
2026-04-21 12:57:03,605 - DEBUG - Mass: 17.8873g at 10.882s (baseline_post) steady=True
2026-04-21 12:57:04,005 - DEBUG - Mass: 17.8873g at 11.282s (baseline_post) steady=True
2026-04-21 12:57:04,405 - DEBUG - Mass: 17.8873g at 11.682s (baseline_post) steady=True
2026-04-21 12:57:04,605 - INFO - Stopped continuous mass monitoring. Collected 30 data points
2026-04-21 12:57:04,608 - INFO - Pre-baseline: 2 stable readings, avg=17.819400g
2026-04-21 12:57:04,610 - INFO - Post-baseline: 5 stable readings, avg=17.887300g
2026-04-21 12:57:04,610 - INFO - INDEPENDENT BASELINE calculation:
2026-04-21 12:57:04,610 - INFO - Pre: STABLE, Post: STABLE, Mass difference: 0.067900g
2026-04-21 12:57:04,611 - INFO - Reading summary: 5 pre-readings (2 stable), 5 post-readings (5 stable)
2026-04-21 12:57:04,611 - INFO - Baseline variability: pre_std=0.004645g, post_std=0.000000g
2026-04-21 12:57:04,611 - INFO - Target: 0.050 mL = ~0.050000 g for water
2026-04-21 12:57:04,613 - INFO - Saved 30 mass measurements to output\mass_measurements\experiment_log2026-04-21_12-40-21\mass_data_glycerol_20260421_125704.csv
2026-04-21 12:57:05,091 - INFO - Saved dispense mass vs time plot to output\mass_measurements\experiment_log2026-04-21_12-40-21\mass_plot_glycerol_20260421_125704.png
2026-04-21 12:57:05,091 - INFO - Removing pipet
2026-04-21 12:57:08,409 - INFO - Vial glycerol already at clamp index 0, no move needed
