2025-09-19 14:51:14,952 - INFO - Initializing North Robot...
2025-09-19 14:51:14,952 - DEBUG - Loading robot configuration files...
2025-09-19 14:51:14,960 - DEBUG - Loaded vial positions configuration from ../utoronto_demo/robot_state/vial_positions.yaml
2025-09-19 14:51:14,961 - DEBUG - Loaded pipet tips configuration from ../utoronto_demo/robot_state/pipet_tips.yaml
2025-09-19 14:51:14,966 - DEBUG - Loaded pipet racks configuration from ../utoronto_demo/robot_state/pipet_racks.yaml
2025-09-19 14:51:14,969 - DEBUG - Loaded wellplate properties configuration from ../utoronto_demo/robot_state/wellplates.yaml
2025-09-19 14:51:14,979 - DEBUG - Loading robot state files...
2025-09-19 14:51:14,983 - DEBUG - Loaded vial data from ../utoronto_demo/status/sample_input_vials.csv
2025-09-19 14:51:14,985 - DEBUG - Loaded robot status from ../utoronto_demo/robot_state/robot_status.yaml
2025-09-19 14:51:14,987 - DEBUG - Loaded wellplate positions from ../utoronto_demo/robot_state/wellplates.yaml
2025-09-19 14:51:14,987 - DEBUG - Physical initialization of North Robot...
2025-09-19 14:51:14,988 - INFO - Moving robot to home position
2025-09-19 14:51:14,991 - DEBUG - Loading pumps...
2025-09-19 14:51:15,004 - DEBUG - Current reader status: <MagicMock name='mock.get_reader_status()' id='2323417435296'>
2025-09-19 14:51:15,004 - INFO - Initializing North Track...
2025-09-19 14:51:15,004 - DEBUG - Loading track status from file: ../utoronto_demo/robot_state/track_status.yaml
2025-09-19 14:51:15,004 - DEBUG - Getting track status from file: ../utoronto_demo/robot_state/track_status.yaml
2025-09-19 14:51:15,013 - INFO -    vial_index      vial_name       location  location_index  vial_volume  capped cap_type vial_type  home_location  home_location_index
0           0  source_vial_a  main_8mL_rack               2          4.4    True     open      8_mL  main_8mL_rack                    2
1           1  source_vial_b  main_8mL_rack               1          2.8    True     open      8_mL  main_8mL_rack                    1
2           2    target_vial  main_8mL_rack               0          0.9    True     open      8_mL  main_8mL_rack                    0
2025-09-19 14:51:15,031 - INFO - Visualizing vial racks...
2025-09-19 14:51:15,206 - DEBUG - Visualizing rack: Main Rack with filter: main_8mL_rack
2025-09-19 14:51:15,301 - DEBUG - Visualizing rack: Second Rack with filter: large_vial_rack
2025-09-19 14:51:16,762 - INFO - --Wellplate status-- 
 Wellplate type: 96 WELL PLATE 
 Number in source: 0 
 Number in waste: 1 
 NR Pipetting area occupied: True
2025-09-19 14:51:16,763 - INFO - Visualizing wellplate status...
2025-09-19 14:51:18,109 - INFO - Grabbing new wellplate
2025-09-19 14:51:18,110 - INFO - Moving robot to home position
2025-09-19 14:51:18,110 - INFO - Getting new wellplate from source stack
2025-09-19 14:51:18,111 - DEBUG - Calculating well plate stack height for num: 0, wp_type: 96 WELL PLATE, pickup: True
2025-09-19 14:51:18,111 - ERROR - Wellplate stack is empty
2025-09-19 14:51:18,111 - ERROR - Cannot get wellplate, NR pipetting area is occupied
2025-09-19 14:51:18,111 - INFO - Dispensing into vial: source_vial_a with mass: 20.000 mg
2025-09-19 14:51:18,115 - INFO - Moving vial source_vial_a to clamp: 0
2025-09-19 14:51:18,116 - DEBUG - Grabbing vial 0 with index 0
2025-09-19 14:51:18,118 - DEBUG - Saving robot status to file: ../utoronto_demo/robot_state/robot_status.yaml
2025-09-19 14:51:18,120 - DEBUG - Dropping off vial 0 at location clamp with index 0
2025-09-19 14:51:18,121 - DEBUG - Saving robot status to file: ../utoronto_demo/robot_state/robot_status.yaml
2025-09-19 14:51:18,121 - INFO - Moving robot to home position
2025-09-19 14:51:18,122 - INFO - Dispensing into vial 0 from reservoir 1: 5.0 mL
2025-09-19 14:51:18,124 - INFO - Moving robot to home position
2025-09-19 14:51:18,124 - DEBUG - Dispensing 2.5 mL 2 times
2025-09-19 14:51:18,128 - DEBUG - Saving robot status to file: ../utoronto_demo/robot_state/robot_status.yaml
2025-09-19 14:51:18,129 - INFO - Returning vial source_vial_a to home location
2025-09-19 14:51:18,132 - INFO - Moving vial source_vial_a to main_8mL_rack: 2
2025-09-19 14:51:18,132 - DEBUG - Grabbing vial 0 with index 0
2025-09-19 14:51:18,133 - DEBUG - Saving robot status to file: ../utoronto_demo/robot_state/robot_status.yaml
2025-09-19 14:51:18,134 - DEBUG - Dropping off vial 0 at location main_8mL_rack with index 2
2025-09-19 14:51:18,134 - DEBUG - Saving robot status to file: ../utoronto_demo/robot_state/robot_status.yaml
2025-09-19 14:51:18,135 - DEBUG - Saving robot status to file: ../utoronto_demo/robot_state/robot_status.yaml
2025-09-19 14:51:18,136 - INFO - Vortexing Vial: source_vial_a
2025-09-19 14:51:18,137 - DEBUG - Grabbing vial 0 with index 0
2025-09-19 14:51:18,139 - DEBUG - Saving robot status to file: ../utoronto_demo/robot_state/robot_status.yaml
2025-09-19 14:51:18,143 - DEBUG - Dropping off vial 0 at location main_8mL_rack with index 2
2025-09-19 14:51:18,144 - DEBUG - Saving robot status to file: ../utoronto_demo/robot_state/robot_status.yaml
2025-09-19 14:51:18,146 - INFO - Moving vial source_vial_a to heater: 0
2025-09-19 14:51:18,147 - DEBUG - Grabbing vial 0 with index 0
2025-09-19 14:51:18,150 - DEBUG - Saving robot status to file: ../utoronto_demo/robot_state/robot_status.yaml
2025-09-19 14:51:18,150 - DEBUG - Dropping off vial 0 at location heater with index 0
2025-09-19 14:51:18,151 - DEBUG - Saving robot status to file: ../utoronto_demo/robot_state/robot_status.yaml
2025-09-19 14:51:18,151 - INFO - Dispensing 0.6 mL from source_vial_b to target_vial
2025-09-19 14:51:18,154 - DEBUG - Getting large_tip (pipet number: 0) from rack large_tip_rack_1
2025-09-19 14:51:18,156 - DEBUG - Saving robot status to file: ../utoronto_demo/robot_state/robot_status.yaml
2025-09-19 14:51:18,159 - INFO - Pipetting from vial source_vial_b, amount: 0.6 mL
2025-09-19 14:51:18,162 - DEBUG - Adjusting pump 0 speed to 11
2025-09-19 14:51:18,162 - DEBUG - Aspirating 0.6 mL then waiting 1 s
2025-09-19 14:51:18,162 - DEBUG - Saving robot status to file: ../utoronto_demo/robot_state/robot_status.yaml
2025-09-19 14:51:18,163 - INFO - Pipetting into vial target_vial, amount: 0.6 mL
2025-09-19 14:51:18,165 - DEBUG - Adjusting pump 0 speed to 11
2025-09-19 14:51:18,166 - DEBUG - Dispensing 0.6 mL then waiting 0 s
2025-09-19 14:51:18,166 - DEBUG - Saving robot status to file: ../utoronto_demo/robot_state/robot_status.yaml
2025-09-19 14:51:18,166 - DEBUG - Removing pipet
2025-09-19 14:51:18,167 - DEBUG - Saving robot status to file: ../utoronto_demo/robot_state/robot_status.yaml
2025-09-19 14:51:18,167 - INFO - Dispensing 0.6 mL from source_vial_a to target_vial
2025-09-19 14:51:18,170 - DEBUG - Getting large_tip (pipet number: 1) from rack large_tip_rack_1
2025-09-19 14:51:18,170 - DEBUG - Saving robot status to file: ../utoronto_demo/robot_state/robot_status.yaml
2025-09-19 14:51:18,172 - INFO - Pipetting from vial source_vial_a, amount: 0.6 mL
2025-09-19 14:51:18,173 - DEBUG - Adjusting pump 0 speed to 11
2025-09-19 14:51:18,173 - DEBUG - Aspirating 0.6 mL then waiting 1 s
2025-09-19 14:51:18,174 - DEBUG - Saving robot status to file: ../utoronto_demo/robot_state/robot_status.yaml
2025-09-19 14:51:18,175 - INFO - Pipetting into vial target_vial, amount: 0.6 mL
2025-09-19 14:51:18,176 - DEBUG - Adjusting pump 0 speed to 11
2025-09-19 14:51:18,176 - DEBUG - Dispensing 0.6 mL then waiting 0 s
2025-09-19 14:51:18,177 - DEBUG - Saving robot status to file: ../utoronto_demo/robot_state/robot_status.yaml
2025-09-19 14:51:18,177 - DEBUG - Removing pipet
2025-09-19 14:51:18,177 - DEBUG - Saving robot status to file: ../utoronto_demo/robot_state/robot_status.yaml
2025-09-19 14:51:18,178 - INFO - Vortexing Vial: target_vial
2025-09-19 14:51:18,180 - DEBUG - Grabbing vial 2 with index 2
2025-09-19 14:51:18,182 - DEBUG - Saving robot status to file: ../utoronto_demo/robot_state/robot_status.yaml
2025-09-19 14:51:18,184 - DEBUG - Dropping off vial 2 at location main_8mL_rack with index 0
2025-09-19 14:51:18,184 - DEBUG - Saving robot status to file: ../utoronto_demo/robot_state/robot_status.yaml
2025-09-19 14:51:18,187 - INFO - Moving vial target_vial to photoreactor_array: 0
2025-09-19 14:51:18,187 - DEBUG - Grabbing vial 2 with index 2
2025-09-19 14:51:18,189 - DEBUG - Saving robot status to file: ../utoronto_demo/robot_state/robot_status.yaml
2025-09-19 14:51:18,189 - DEBUG - Dropping off vial 2 at location photoreactor_array with index 0
2025-09-19 14:51:18,189 - DEBUG - Saving robot status to file: ../utoronto_demo/robot_state/robot_status.yaml
2025-09-19 14:51:18,190 - INFO - Moving robot to home position
2025-09-19 14:51:19,207 - DEBUG - Getting large_tip (pipet number: 2) from rack large_tip_rack_1
2025-09-19 14:51:19,207 - DEBUG - Saving robot status to file: ../utoronto_demo/robot_state/robot_status.yaml
2025-09-19 14:51:19,208 - INFO - Pipetting from vial target_vial, amount: 0.3 mL
2025-09-19 14:51:19,211 - DEBUG - Adjusting pump 0 speed to 11
2025-09-19 14:51:19,211 - DEBUG - Aspirating 0.3 mL then waiting 1 s
2025-09-19 14:51:19,212 - DEBUG - Saving robot status to file: ../utoronto_demo/robot_state/robot_status.yaml
2025-09-19 14:51:19,212 - DEBUG - Adjusting pump 0 speed to 11
2025-09-19 14:51:19,212 - INFO - Transferring 0.09999999999999999 mL into well #0 of 96 WELL PLATE
2025-09-19 14:51:19,212 - DEBUG - Dispensing 0.09999999999999999 mL then waiting 1 s
2025-09-19 14:51:19,212 - INFO - Transferring 0.09999999999999999 mL into well #1 of 96 WELL PLATE
2025-09-19 14:51:19,213 - DEBUG - Dispensing 0.09999999999999999 mL then waiting 1 s
2025-09-19 14:51:19,213 - INFO - Transferring 0.09999999999999999 mL into well #2 of 96 WELL PLATE
2025-09-19 14:51:19,213 - DEBUG - Dispensing 0.09999999999999999 mL then waiting 1 s
2025-09-19 14:51:19,213 - DEBUG - Saving robot status to file: ../utoronto_demo/robot_state/robot_status.yaml
2025-09-19 14:51:19,213 - DEBUG - Removing pipet
2025-09-19 14:51:19,213 - DEBUG - Saving robot status to file: ../utoronto_demo/robot_state/robot_status.yaml
2025-09-19 14:51:19,216 - INFO - Returning vial source_vial_a to home location
2025-09-19 14:51:19,218 - INFO - Moving vial source_vial_a to main_8mL_rack: 2
2025-09-19 14:51:19,218 - DEBUG - Grabbing vial 0 with index 0
2025-09-19 14:51:19,219 - DEBUG - Saving robot status to file: ../utoronto_demo/robot_state/robot_status.yaml
2025-09-19 14:51:19,219 - DEBUG - Dropping off vial 0 at location main_8mL_rack with index 2
2025-09-19 14:51:19,220 - DEBUG - Saving robot status to file: ../utoronto_demo/robot_state/robot_status.yaml
2025-09-19 14:51:19,220 - DEBUG - Saving robot status to file: ../utoronto_demo/robot_state/robot_status.yaml
2025-09-19 14:51:19,221 - INFO - Returning vial target_vial to home location
2025-09-19 14:51:19,223 - INFO - Moving vial target_vial to main_8mL_rack: 0
2025-09-19 14:51:19,223 - DEBUG - Grabbing vial 2 with index 2
2025-09-19 14:51:19,224 - DEBUG - Saving robot status to file: ../utoronto_demo/robot_state/robot_status.yaml
2025-09-19 14:51:19,224 - DEBUG - Dropping off vial 2 at location main_8mL_rack with index 0
2025-09-19 14:51:19,225 - DEBUG - Saving robot status to file: ../utoronto_demo/robot_state/robot_status.yaml
2025-09-19 14:51:19,225 - DEBUG - Saving robot status to file: ../utoronto_demo/robot_state/robot_status.yaml
2025-09-19 14:51:19,225 - INFO - Measuring wellplate 0 with protocols: C:\Protocols\Quick_Measurement.prt
2025-09-19 14:51:19,225 - INFO - Moving robot to home position
2025-09-19 14:51:19,226 - INFO - Moving wellplate 0 to Cytation
2025-09-19 14:51:19,227 - INFO - Grabbing well plate 0 from NR
2025-09-19 14:51:19,228 - DEBUG - Opening gripper
2025-09-19 14:51:19,230 - DEBUG - Closing gripper
2025-09-19 14:51:19,230 - DEBUG - Moving gripper to Cytation
2025-09-19 14:51:19,230 - INFO - Releasing well plate in Cytation
2025-09-19 14:51:19,232 - DEBUG - Opening gripper
2025-09-19 14:51:19,232 - INFO - Moving wellplate 0 back from Cytation
2025-09-19 14:51:19,232 - INFO - Grabbing well plate from Cytation
2025-09-19 14:51:19,233 - DEBUG - Opening gripper
2025-09-19 14:51:19,233 - DEBUG - Closing gripper
2025-09-19 14:51:19,233 - INFO - Returning well plate to NR well plate stand 0
2025-09-19 14:51:19,233 - DEBUG - Opening gripper
2025-09-19 14:51:19,233 - DEBUG - Moving North Track to home position
2025-09-19 14:51:19,233 - INFO - Discarding used wellplate
2025-09-19 14:51:19,233 - INFO - Moving robot to home position
2025-09-19 14:51:19,234 - DEBUG - Calculating well plate stack height for num: 2, wp_type: 96 WELL PLATE, pickup: False
2025-09-19 14:51:19,234 - INFO - Discarding wellplate as the 2nd WP in waste stack at height: 76600
2025-09-19 14:51:19,234 - INFO - Grabbing well plate 0 from NR
2025-09-19 14:51:19,234 - DEBUG - Opening gripper
2025-09-19 14:51:19,234 - DEBUG - Closing gripper
2025-09-19 14:51:19,234 - DEBUG - Opening gripper
2025-09-19 14:51:19,235 - DEBUG - Moving North Track to home position
