2025-09-23 12:18:36,326 - INFO - Initializing North Robot...
2025-09-23 12:18:36,326 - DEBUG - Loading robot configuration files...
2025-09-23 12:18:36,344 - DEBUG - Loaded vial positions configuration from ../utoronto_demo/robot_state/vial_positions.yaml
2025-09-23 12:18:36,346 - DEBUG - Loaded pipet tips configuration from ../utoronto_demo/robot_state/pipet_tips.yaml
2025-09-23 12:18:36,348 - DEBUG - Loaded pipet racks configuration from ../utoronto_demo/robot_state/pipet_racks.yaml
2025-09-23 12:18:36,348 - DEBUG - Loaded pump configuration from ../utoronto_demo/robot_state/syringe_pumps.yaml
2025-09-23 12:18:36,348 - DEBUG - Loaded robot hardware configuration from ../utoronto_demo/robot_state/robot_hardware.yaml
2025-09-23 12:18:36,348 - DEBUG - Loaded wellplate properties configuration from ../utoronto_demo/robot_state/wellplates.yaml
2025-09-23 12:18:36,348 - DEBUG - Loading robot state files...
2025-09-23 12:18:36,362 - DEBUG - Loaded vial data from ../utoronto_demo/status/sample_input_vials.csv
2025-09-23 12:18:36,363 - DEBUG - Loaded robot status from ../utoronto_demo/robot_state/robot_status.yaml
2025-09-23 12:18:36,366 - DEBUG - Loaded wellplate positions from ../utoronto_demo/robot_state/wellplates.yaml
2025-09-23 12:18:36,366 - DEBUG - Loading pumps from YAML configuration...
2025-09-23 12:18:36,494 - DEBUG - Loaded pump 0: volume=1.0mL, speed=11, liquid=None
2025-09-23 12:18:36,605 - DEBUG - Loaded pump 1: volume=2.5mL, speed=15, liquid=water
2025-09-23 12:18:36,605 - DEBUG - Physical initialization of North Robot...
2025-09-23 12:18:36,912 - INFO - Moving robot to home position
2025-09-23 12:18:37,460 - INFO - Initializing North Track...
2025-09-23 12:18:37,460 - DEBUG - Loading track status from file: ../utoronto_demo/robot_state/track_status.yaml
2025-09-23 12:18:37,460 - DEBUG - Getting track status from file: ../utoronto_demo/robot_state/track_status.yaml
2025-09-23 12:18:37,464 - DEBUG - Loaded track status from ../utoronto_demo/robot_state/track_status.yaml
2025-09-23 12:18:37,464 - DEBUG - Loading track positions from: ../utoronto_demo/robot_state/track_positions.yaml
2025-09-23 12:18:37,475 - DEBUG - Loaded track positions configuration from ../utoronto_demo/robot_state/track_positions.yaml
2025-09-23 12:18:37,476 - DEBUG - Loading robot hardware configuration from: ../utoronto_demo/robot_state/robot_hardware.yaml
2025-09-23 12:18:37,479 - DEBUG - Loaded robot hardware configuration from ../utoronto_demo/robot_state/robot_hardware.yaml
2025-09-23 12:18:37,482 - DEBUG - Loaded wellplate properties configuration from ../utoronto_demo/robot_state/wellplates.yaml
2025-09-23 12:18:37,482 - INFO - --Wellplate status-- 
 Wellplate type: 48 WELL PLATE 
 Number in source: 3 
 Number in waste: 0 
 Active wellplate position: None
2025-09-23 12:18:37,482 - INFO - Visualizing wellplate status...
2025-09-23 12:18:42,499 - INFO - Grabbing new wellplate
2025-09-23 12:18:42,500 - INFO - Moving robot to home position
2025-09-23 12:18:42,848 - INFO - Getting new wellplate from source stack
2025-09-23 12:18:42,848 - DEBUG - Calculating well plate stack height for num: 3, wp_type: 48 WELL PLATE, stack: source_stack, operation: grab
2025-09-23 12:18:42,848 - DEBUG - Getting 3rd wellplate from source at 64500
2025-09-23 12:18:42,848 - INFO - Grabbing wellplate from location: source_stack
2025-09-23 12:18:43,063 - DEBUG - Opening gripper
2025-09-23 12:18:48,469 - DEBUG - Closing gripper
2025-09-23 12:18:51,988 - INFO - Releasing wellplate at location: pipetting_area
2025-09-23 12:18:57,376 - DEBUG - Opening gripper
2025-09-23 12:19:04,289 - DEBUG - Moving North Track to home position
2025-09-23 12:19:04,289 - INFO - Discarding used wellplate
2025-09-23 12:19:04,289 - INFO - Moving robot to home position
2025-09-23 12:19:04,609 - DEBUG - Calculating well plate stack height for num: 1, wp_type: 48 WELL PLATE, stack: waste_stack, operation: release
2025-09-23 12:19:04,609 - INFO - Discarding wellplate as the 1st WP in waste stack at height: 83000
2025-09-23 12:19:04,610 - INFO - Grabbing wellplate from location: pipetting_area
2025-09-23 12:19:09,071 - DEBUG - Opening gripper
2025-09-23 12:19:11,934 - DEBUG - Closing gripper
2025-09-23 12:19:14,442 - INFO - Releasing wellplate at location: waste_stack
2025-09-23 12:19:23,099 - DEBUG - Opening gripper
2025-09-23 12:19:27,484 - DEBUG - Moving North Track to home position
2025-09-23 12:19:27,484 - INFO - Grabbing new wellplate
2025-09-23 12:19:27,484 - INFO - Moving robot to home position
2025-09-23 12:19:27,849 - INFO - Getting new wellplate from source stack
2025-09-23 12:19:27,849 - DEBUG - Calculating well plate stack height for num: 2, wp_type: 48 WELL PLATE, stack: source_stack, operation: grab
2025-09-23 12:19:27,849 - DEBUG - Getting 2nd wellplate from source at 74000
2025-09-23 12:19:27,849 - INFO - Grabbing wellplate from location: source_stack
2025-09-23 12:19:28,057 - DEBUG - Opening gripper
2025-09-23 12:19:33,928 - DEBUG - Closing gripper
2025-09-23 12:19:37,626 - INFO - Releasing wellplate at location: pipetting_area
2025-09-23 12:19:42,979 - DEBUG - Opening gripper
2025-09-23 12:19:49,939 - DEBUG - Moving North Track to home position
2025-09-23 12:19:49,939 - INFO - Discarding used wellplate
2025-09-23 12:19:49,939 - INFO - Moving robot to home position
2025-09-23 12:19:50,275 - DEBUG - Calculating well plate stack height for num: 2, wp_type: 48 WELL PLATE, stack: waste_stack, operation: release
2025-09-23 12:19:50,275 - INFO - Discarding wellplate as the 2nd WP in waste stack at height: 73500
2025-09-23 12:19:50,275 - INFO - Grabbing wellplate from location: pipetting_area
2025-09-23 12:19:54,769 - DEBUG - Opening gripper
