2026-03-30 14:16:43,151 - DEBUG - No workflow config provided - using default initialization
2026-03-30 14:16:43,151 - INFO - Launching status review GUI...
2026-03-30 14:16:43,305 - INFO - Detected workflow name: batch_calibration_automation
2026-03-30 14:16:43,579 - INFO - Config editor loaded for workflow: batch_calibration_automation
2026-03-30 14:16:52,179 - INFO - User selected: Run Workflow
2026-03-30 14:16:52,192 - INFO - Status review completed - proceeding with hardware initialization
2026-03-30 14:16:52,790 - INFO - Initializing North Robot...
2026-03-30 14:16:52,790 - DEBUG - Loading robot configuration files...
2026-03-30 14:16:52,804 - DEBUG - Loaded vial positions configuration from robot_state/vial_positions.yaml
2026-03-30 14:16:52,804 - DEBUG - Loaded pipet tips configuration from robot_state/pipet_tips.yaml
2026-03-30 14:16:52,816 - DEBUG - Loaded pipet racks configuration from robot_state/pipet_racks.yaml
2026-03-30 14:16:52,819 - DEBUG - Loaded pump configuration from robot_state/syringe_pumps.yaml
2026-03-30 14:16:52,820 - DEBUG - Loaded robot hardware configuration from robot_state/robot_hardware.yaml
2026-03-30 14:16:52,820 - DEBUG - Loaded wellplate properties configuration from robot_state/wellplates.yaml
2026-03-30 14:16:52,820 - DEBUG - Loading robot state files...
2026-03-30 14:16:52,820 - DEBUG - Loaded vial data from status/calibration_vials_short.csv
2026-03-30 14:16:52,833 - DEBUG - Loaded robot status from robot_state/robot_status.yaml
2026-03-30 14:16:52,837 - DEBUG - Loaded wellplate positions from robot_state/wellplates.yaml
2026-03-30 14:16:52,837 - DEBUG - Robot status loaded successfully
2026-03-30 14:16:52,837 - INFO - Physical initialization of North Robot...
2026-03-30 14:16:56,301 - DEBUG - Loading pumps from YAML configuration...
2026-03-30 14:16:56,413 - DEBUG - Loaded pump 0: volume=1.0mL, speed=11, liquid=None
2026-03-30 14:16:56,516 - DEBUG - Loaded pump 1: volume=2.5mL, speed=15, liquid=water
2026-03-30 14:16:56,516 - INFO - Moving robot to home position
2026-03-30 14:16:56,940 - DEBUG - Initializing centrifuge controller...
2026-03-30 14:16:56,940 - INFO - Initializing North Track...
2026-03-30 14:16:56,940 - DEBUG - Loading track status from file: robot_state/track_status.yaml
2026-03-30 14:16:56,940 - DEBUG - Getting track status from file: robot_state/track_status.yaml
2026-03-30 14:16:56,940 - DEBUG - Loaded track status from robot_state/track_status.yaml
2026-03-30 14:16:56,940 - DEBUG - Loading track positions from: robot_state/track_positions.yaml
2026-03-30 14:16:56,940 - DEBUG - Loaded track positions configuration from robot_state/track_positions.yaml
2026-03-30 14:16:56,940 - DEBUG - Loading robot hardware configuration from: robot_state/robot_hardware.yaml
2026-03-30 14:16:56,940 - DEBUG - Loaded robot hardware configuration from robot_state/robot_hardware.yaml
2026-03-30 14:16:56,956 - DEBUG - Loaded wellplate properties configuration from robot_state/wellplates.yaml
2026-03-30 14:16:57,025 - DEBUG - Moving North Track to home position
2026-03-30 14:16:57,025 - DEBUG - Detected origin position (0,0) - setting location to 'origin'
2026-03-30 14:16:57,025 - DEBUG - Updated gripper location to: origin at position {'x': 0, 'z': 0}
2026-03-30 14:17:00,876 - INFO - Moving robot to home position
