2026-06-01 09:02:04,623 - DEBUG - No workflow config provided - using default initialization
2026-06-01 09:02:04,623 - INFO - Launching status review GUI...
2026-06-01 09:02:04,816 - INFO - Detected workflow name: glycerol_dispense_baseline
2026-06-01 09:02:05,244 - INFO - Config editor loaded for workflow: glycerol_dispense_baseline
2026-06-01 09:02:09,211 - INFO - User selected: Run Workflow
2026-06-01 09:02:09,227 - INFO - Status review completed - proceeding with hardware initialization
2026-06-01 09:02:09,947 - INFO - Initializing North Robot...
2026-06-01 09:02:09,949 - DEBUG - Loading robot configuration files...
2026-06-01 09:02:09,952 - DEBUG - Loaded vial positions configuration from robot_state/vial_positions.yaml
2026-06-01 09:02:09,952 - DEBUG - Loaded pipet tips configuration from robot_state/pipet_tips.yaml
2026-06-01 09:02:09,974 - DEBUG - Loaded pipet racks configuration from robot_state/pipet_racks.yaml
2026-06-01 09:02:09,976 - DEBUG - Loaded pump configuration from robot_state/syringe_pumps.yaml
2026-06-01 09:02:09,980 - DEBUG - Loaded robot hardware configuration from robot_state/robot_hardware.yaml
2026-06-01 09:02:09,983 - DEBUG - Loaded wellplate properties configuration from robot_state/wellplates.yaml
2026-06-01 09:02:09,984 - DEBUG - Loading robot state files...
2026-06-01 09:02:09,992 - DEBUG - Loaded vial data from status/calibration_vials.csv
2026-06-01 09:02:09,992 - DEBUG - Loaded robot status from robot_state/robot_status.yaml
2026-06-01 09:02:09,998 - DEBUG - Loaded wellplate positions from robot_state/wellplates.yaml
2026-06-01 09:02:09,998 - DEBUG - Robot status loaded successfully
2026-06-01 09:02:09,998 - INFO - Physical initialization of North Robot...
2026-06-01 09:02:13,470 - DEBUG - Loading pumps from YAML configuration...
2026-06-01 09:02:13,570 - DEBUG - Loaded pump 0: volume=1.0mL, speed=11, liquid=None
2026-06-01 09:02:13,669 - DEBUG - Loaded pump 1: volume=2.5mL, speed=15, liquid=water
2026-06-01 09:02:13,669 - WARNING - The robot reports having a tip, removing the tip
2026-06-01 09:02:13,670 - INFO - Removing pipet
2026-06-01 09:02:20,872 - INFO - Moving robot to home position
2026-06-01 09:02:22,723 - DEBUG - Initializing centrifuge controller...
2026-06-01 09:02:22,723 - INFO - Initializing North Track...
2026-06-01 09:02:22,723 - DEBUG - Loading track status from file: robot_state/track_status.yaml
2026-06-01 09:02:22,723 - DEBUG - Getting track status from file: robot_state/track_status.yaml
2026-06-01 09:02:22,725 - DEBUG - Loaded track status from robot_state/track_status.yaml
2026-06-01 09:02:22,725 - DEBUG - Loading track positions from: robot_state/track_positions.yaml
2026-06-01 09:02:22,732 - DEBUG - Loaded track positions configuration from robot_state/track_positions.yaml
2026-06-01 09:02:22,732 - DEBUG - Loading robot hardware configuration from: robot_state/robot_hardware.yaml
2026-06-01 09:02:22,736 - DEBUG - Loaded robot hardware configuration from robot_state/robot_hardware.yaml
2026-06-01 09:02:22,739 - DEBUG - Loaded wellplate properties configuration from robot_state/wellplates.yaml
2026-06-01 09:02:22,810 - DEBUG - Moving North Track to home position
2026-06-01 09:02:22,810 - DEBUG - Detected origin position (0,0) - setting location to 'origin'
2026-06-01 09:02:22,812 - DEBUG - Updated gripper location to: origin at position {'x': 0, 'z': 0}
2026-06-01 09:02:22,814 - INFO - Homing all robot components...
2026-06-01 09:02:22,815 - DEBUG - Homing carousel...
2026-06-01 09:02:30,652 - DEBUG - Homing robot axes...
