2025-12-01 16:50:46,511 - INFO - Initializing North Robot...
2025-12-01 16:50:46,511 - DEBUG - Loading robot configuration files...
2025-12-01 16:50:46,511 - DEBUG - Loaded vial positions configuration from robot_state/vial_positions.yaml
2025-12-01 16:50:46,511 - DEBUG - Loaded pipet tips configuration from robot_state/pipet_tips.yaml
2025-12-01 16:50:46,527 - DEBUG - Loaded pipet racks configuration from robot_state/pipet_racks.yaml
2025-12-01 16:50:46,530 - DEBUG - Loaded pump configuration from robot_state/syringe_pumps.yaml
2025-12-01 16:50:46,533 - DEBUG - Loaded robot hardware configuration from robot_state/robot_hardware.yaml
2025-12-01 16:50:46,533 - DEBUG - Loaded wellplate properties configuration from robot_state/wellplates.yaml
2025-12-01 16:50:46,533 - DEBUG - Loading robot state files...
2025-12-01 16:50:46,533 - DEBUG - Loaded vial data from ../utoronto_demo/status/sample_capped_vial.txt
2025-12-01 16:50:46,533 - DEBUG - Loaded robot status from robot_state/robot_status.yaml
2025-12-01 16:50:46,533 - DEBUG - Loaded wellplate positions from robot_state/wellplates.yaml
2025-12-01 16:50:46,533 - DEBUG - Robot status loaded successfully
2025-12-01 16:50:46,533 - DEBUG - Physical initialization of North Robot...
2025-12-01 16:50:46,878 - DEBUG - Loading pumps from YAML configuration...
2025-12-01 16:50:46,978 - DEBUG - Loaded pump 0: volume=1.0mL, speed=11, liquid=None
2025-12-01 16:50:47,094 - DEBUG - Loaded pump 1: volume=2.5mL, speed=15, liquid=water
2025-12-01 16:50:47,094 - INFO - Moving robot to home position
2025-12-01 16:50:47,629 - DEBUG - Initializing centrifuge controller...
2025-12-01 16:50:47,629 - INFO - Initializing North Track...
2025-12-01 16:50:47,629 - DEBUG - Loading track status from file: robot_state/track_status.yaml
2025-12-01 16:50:47,629 - DEBUG - Getting track status from file: robot_state/track_status.yaml
2025-12-01 16:50:47,629 - DEBUG - Loaded track status from robot_state/track_status.yaml
2025-12-01 16:50:47,629 - DEBUG - Loading track positions from: robot_state/track_positions.yaml
2025-12-01 16:50:47,636 - DEBUG - Loaded track positions configuration from robot_state/track_positions.yaml
2025-12-01 16:50:47,636 - DEBUG - Loading robot hardware configuration from: robot_state/robot_hardware.yaml
2025-12-01 16:50:47,640 - DEBUG - Loaded robot hardware configuration from robot_state/robot_hardware.yaml
2025-12-01 16:50:47,642 - DEBUG - Loaded wellplate properties configuration from robot_state/wellplates.yaml
2025-12-01 16:50:47,745 - DEBUG - Moving North Track to home position
2025-12-01 16:50:47,745 - DEBUG - Opening centrifuge lid
2025-12-01 16:50:49,776 - DEBUG - Closing centrifuge lid
2025-12-01 16:50:49,793 - DEBUG - Setting centrifuge speed to 100 RPM
