2026-06-02 17:32:13,781 - DEBUG - No workflow config provided - using default initialization
2026-06-02 17:32:13,781 - INFO - GUI disabled - skipping status review, proceeding directly to hardware initialization
2026-06-02 17:32:13,782 - INFO - Initializing North Robot...
2026-06-02 17:32:13,782 - DEBUG - Loading robot configuration files...
2026-06-02 17:32:13,793 - DEBUG - Loaded vial positions configuration from robot_state/vial_positions.yaml
2026-06-02 17:32:13,793 - DEBUG - Loaded pipet tips configuration from robot_state/pipet_tips.yaml
2026-06-02 17:32:13,807 - DEBUG - Loaded pipet racks configuration from robot_state/pipet_racks.yaml
2026-06-02 17:32:13,810 - DEBUG - Loaded pump configuration from robot_state/syringe_pumps.yaml
2026-06-02 17:32:13,813 - DEBUG - Loaded robot hardware configuration from robot_state/robot_hardware.yaml
2026-06-02 17:32:13,815 - DEBUG - Loaded wellplate properties configuration from robot_state/wellplates.yaml
2026-06-02 17:32:13,815 - DEBUG - Loading robot state files...
2026-06-02 17:32:13,815 - DEBUG - Loaded vial data from status/calibration_vials_short.csv
2026-06-02 17:32:13,815 - DEBUG - Loaded robot status from robot_state/robot_status.yaml
2026-06-02 17:32:13,826 - DEBUG - Loaded wellplate positions from robot_state/wellplates.yaml
2026-06-02 17:32:13,826 - DEBUG - Robot status loaded successfully
2026-06-02 17:32:13,826 - INFO - Physical initialization of North Robot...
2026-06-02 17:32:13,826 - DEBUG - Loading pumps from YAML configuration...
2026-06-02 17:32:13,830 - DEBUG - Loaded pump 0: volume=1.0mL, speed=11, liquid=None
2026-06-02 17:32:13,830 - DEBUG - Loaded pump 1: volume=2.5mL, speed=15, liquid=water
2026-06-02 17:32:13,830 - INFO - Moving robot to home position
2026-06-02 17:32:13,831 - DEBUG - Initializing centrifuge controller...
2026-06-02 17:32:13,831 - INFO - Initializing North Track...
2026-06-02 17:32:13,832 - DEBUG - Loading track status from file: robot_state/track_status.yaml
2026-06-02 17:32:13,832 - DEBUG - Getting track status from file: robot_state/track_status.yaml
2026-06-02 17:32:13,833 - DEBUG - Loaded track status from robot_state/track_status.yaml
2026-06-02 17:32:13,833 - DEBUG - Loading track positions from: robot_state/track_positions.yaml
2026-06-02 17:32:13,840 - DEBUG - Loaded track positions configuration from robot_state/track_positions.yaml
2026-06-02 17:32:13,841 - DEBUG - Loading robot hardware configuration from: robot_state/robot_hardware.yaml
2026-06-02 17:32:13,843 - DEBUG - Loaded robot hardware configuration from robot_state/robot_hardware.yaml
2026-06-02 17:32:13,845 - DEBUG - Loaded wellplate properties configuration from robot_state/wellplates.yaml
2026-06-02 17:32:13,845 - DEBUG - Moving North Track to home position
2026-06-02 17:32:13,845 - DEBUG - Detected origin position (0,0) - setting location to 'origin'
2026-06-02 17:32:13,845 - DEBUG - Updated gripper location to: origin at position {'x': 0, 'z': 0}
2026-06-02 17:32:13,845 - DEBUG - Simulating robot component homing...
2026-06-02 17:32:13,845 - INFO - Moving vial glycerol to clamp: 0
2026-06-02 17:32:13,845 - DEBUG - Grabbing vial 0 with index 0
2026-06-02 17:32:13,845 - DEBUG - Dropping off vial 0 at location clamp with index 0
2026-06-02 17:32:13,856 - DEBUG - Vial move required for pipetting
2026-06-02 17:32:13,856 - INFO - Moving vial glycerol to safe pipetting location
2026-06-02 17:32:13,856 - INFO - Vial 0 already at clamp index 0, no move needed
2026-06-02 17:32:13,856 - DEBUG - Removing cap from clamped vial
2026-06-02 17:32:13,856 - DEBUG - Applied dict param aspirate_speed=3.0
2026-06-02 17:32:13,856 - DEBUG - Applied dict param dispense_speed=16.0
2026-06-02 17:32:13,856 - DEBUG - Applied dict param aspirate_wait_time=9.3
2026-06-02 17:32:13,856 - DEBUG - Applied dict param dispense_wait_time=3.0
2026-06-02 17:32:13,856 - DEBUG - Applied dict param pre_asp_air_vol=0.111
2026-06-02 17:32:13,856 - DEBUG - Applied dict param retract_speed=5.0
2026-06-02 17:32:13,856 - DEBUG - Applied dict param blowout_vol=0.424
2026-06-02 17:32:13,856 - DEBUG - Applied dict param post_asp_air_vol=0.0
2026-06-02 17:32:13,856 - DEBUG - Applied dict param post_retract_wait_time=0.0
2026-06-02 17:32:13,856 - DEBUG - Applied dict param overaspirate_vol=0.0475
2026-06-02 17:32:13,856 - DEBUG - Applied dict param asp_disp_cycles=0
2026-06-02 17:32:13,856 - DEBUG - Selected small_tip for volume 0.025 mL
2026-06-02 17:32:13,866 - INFO - Getting small_tip (pipet number 0) from rack: small_tip_rack_1
2026-06-02 17:32:13,870 - INFO - Pipetting from vial glycerol, amount: 0.025 mL
2026-06-02 17:32:13,871 - INFO - Additional volume from calibration, amount: 0.048 mL
2026-06-02 17:32:13,874 - DEBUG - Adjusting pump 0 speed to 10
2026-06-02 17:32:13,874 - DEBUG - Aspirating 0.111 mL then waiting 0 s
2026-06-02 17:32:13,874 - DEBUG - Adjusting pump 0 speed to 3.0
2026-06-02 17:32:13,874 - WARNING - Converting pump speed 3.0 to integer 3
2026-06-02 17:32:13,875 - DEBUG - Aspirating 0.073 mL then waiting 9.3 s
2026-06-02 17:32:13,875 - DEBUG - Applied dict param aspirate_speed=3.0
2026-06-02 17:32:13,875 - DEBUG - Applied dict param dispense_speed=16.0
2026-06-02 17:32:13,875 - DEBUG - Applied dict param aspirate_wait_time=9.3
2026-06-02 17:32:13,875 - DEBUG - Applied dict param dispense_wait_time=3.0
2026-06-02 17:32:13,875 - DEBUG - Applied dict param pre_asp_air_vol=0.111
2026-06-02 17:32:13,875 - DEBUG - Applied dict param retract_speed=5.0
2026-06-02 17:32:13,875 - DEBUG - Applied dict param blowout_vol=0.424
2026-06-02 17:32:13,875 - DEBUG - Applied dict param post_asp_air_vol=0.0
2026-06-02 17:32:13,875 - DEBUG - Applied dict param post_retract_wait_time=0.0
2026-06-02 17:32:13,875 - DEBUG - Applied dict param overaspirate_vol=0.0475
2026-06-02 17:32:13,875 - DEBUG - Applied dict param asp_disp_cycles=0
2026-06-02 17:32:13,876 - INFO - Pipetting into vial glycerol, amount: 0.025 mL
2026-06-02 17:32:13,877 - INFO - Simulation mode - initial mass set to 0
2026-06-02 17:32:13,877 - DEBUG - Adjusting pump 0 speed to 16.0
2026-06-02 17:32:13,877 - WARNING - Converting pump speed 16.0 to integer 16
2026-06-02 17:32:13,878 - DEBUG - Dispensing 0.183 mL then waiting 3.0 s
2026-06-02 17:32:13,879 - DEBUG - Blowing out 0.424 mL
2026-06-02 17:32:13,879 - DEBUG - Adjusting pump 0 speed to 5
2026-06-02 17:32:13,880 - DEBUG - Adjusting pump 0 speed to 16
2026-06-02 17:32:13,880 - INFO - Simulation mode - final mass set to 0
2026-06-02 17:32:13,880 - INFO - Mass difference: 0.000000 g (target: 0.025 mL = ~0.025000 g for water)
2026-06-02 17:32:13,881 - DEBUG - Applied dict param aspirate_speed=3.0
2026-06-02 17:32:13,881 - DEBUG - Applied dict param dispense_speed=16.0
2026-06-02 17:32:13,881 - DEBUG - Applied dict param aspirate_wait_time=9.3
2026-06-02 17:32:13,881 - DEBUG - Applied dict param dispense_wait_time=3.0
2026-06-02 17:32:13,881 - DEBUG - Applied dict param pre_asp_air_vol=0.111
2026-06-02 17:32:13,881 - DEBUG - Applied dict param retract_speed=5.0
2026-06-02 17:32:13,881 - DEBUG - Applied dict param blowout_vol=0.424
2026-06-02 17:32:13,882 - DEBUG - Applied dict param post_asp_air_vol=0.0
2026-06-02 17:32:13,882 - DEBUG - Applied dict param post_retract_wait_time=0.0
2026-06-02 17:32:13,882 - DEBUG - Applied dict param overaspirate_vol=0.0475
2026-06-02 17:32:13,882 - DEBUG - Applied dict param asp_disp_cycles=0
2026-06-02 17:32:13,882 - DEBUG - Selected small_tip for volume 0.025 mL
2026-06-02 17:32:13,884 - INFO - Pipetting from vial glycerol, amount: 0.025 mL
2026-06-02 17:32:13,884 - INFO - Additional volume from calibration, amount: 0.048 mL
2026-06-02 17:32:13,884 - DEBUG - Adjusting pump 0 speed to 10
2026-06-02 17:32:13,884 - DEBUG - Aspirating 0.111 mL then waiting 0 s
2026-06-02 17:32:13,888 - DEBUG - Adjusting pump 0 speed to 3.0
2026-06-02 17:32:13,888 - WARNING - Converting pump speed 3.0 to integer 3
2026-06-02 17:32:13,888 - DEBUG - Aspirating 0.073 mL then waiting 9.3 s
2026-06-02 17:32:13,889 - DEBUG - Applied dict param aspirate_speed=3.0
2026-06-02 17:32:13,889 - DEBUG - Applied dict param dispense_speed=16.0
2026-06-02 17:32:13,889 - DEBUG - Applied dict param aspirate_wait_time=9.3
2026-06-02 17:32:13,889 - DEBUG - Applied dict param dispense_wait_time=3.0
2026-06-02 17:32:13,889 - DEBUG - Applied dict param pre_asp_air_vol=0.111
2026-06-02 17:32:13,889 - DEBUG - Applied dict param retract_speed=5.0
2026-06-02 17:32:13,889 - DEBUG - Applied dict param blowout_vol=0.424
2026-06-02 17:32:13,889 - DEBUG - Applied dict param post_asp_air_vol=0.0
2026-06-02 17:32:13,889 - DEBUG - Applied dict param post_retract_wait_time=0.0
2026-06-02 17:32:13,889 - DEBUG - Applied dict param overaspirate_vol=0.0475
2026-06-02 17:32:13,889 - DEBUG - Applied dict param asp_disp_cycles=0
2026-06-02 17:32:13,889 - INFO - Pipetting into vial glycerol, amount: 0.025 mL
2026-06-02 17:32:13,889 - INFO - Simulation mode - initial mass set to 0
2026-06-02 17:32:13,889 - DEBUG - Adjusting pump 0 speed to 16.0
2026-06-02 17:32:13,889 - WARNING - Converting pump speed 16.0 to integer 16
2026-06-02 17:32:13,889 - DEBUG - Dispensing 0.183 mL then waiting 3.0 s
2026-06-02 17:32:13,889 - DEBUG - Blowing out 0.424 mL
2026-06-02 17:32:13,889 - DEBUG - Adjusting pump 0 speed to 5
2026-06-02 17:32:13,897 - DEBUG - Adjusting pump 0 speed to 16
2026-06-02 17:32:13,897 - INFO - Simulation mode - final mass set to 0
2026-06-02 17:32:13,897 - INFO - Mass difference: 0.000000 g (target: 0.025 mL = ~0.025000 g for water)
2026-06-02 17:32:13,898 - DEBUG - Applied dict param aspirate_speed=3.0
2026-06-02 17:32:13,898 - DEBUG - Applied dict param dispense_speed=16.0
2026-06-02 17:32:13,898 - DEBUG - Applied dict param aspirate_wait_time=9.3
2026-06-02 17:32:13,898 - DEBUG - Applied dict param dispense_wait_time=3.0
2026-06-02 17:32:13,898 - DEBUG - Applied dict param pre_asp_air_vol=0.111
2026-06-02 17:32:13,898 - DEBUG - Applied dict param retract_speed=5.0
2026-06-02 17:32:13,899 - DEBUG - Applied dict param blowout_vol=0.424
2026-06-02 17:32:13,899 - DEBUG - Applied dict param post_asp_air_vol=0.0
2026-06-02 17:32:13,899 - DEBUG - Applied dict param post_retract_wait_time=0.0
2026-06-02 17:32:13,899 - DEBUG - Applied dict param overaspirate_vol=0.0475
2026-06-02 17:32:13,899 - DEBUG - Applied dict param asp_disp_cycles=0
2026-06-02 17:32:13,899 - DEBUG - Selected small_tip for volume 0.025 mL
2026-06-02 17:32:13,902 - INFO - Pipetting from vial glycerol, amount: 0.025 mL
2026-06-02 17:32:13,902 - INFO - Additional volume from calibration, amount: 0.048 mL
2026-06-02 17:32:13,904 - DEBUG - Adjusting pump 0 speed to 10
2026-06-02 17:32:13,904 - DEBUG - Aspirating 0.111 mL then waiting 0 s
2026-06-02 17:32:13,904 - DEBUG - Adjusting pump 0 speed to 3.0
2026-06-02 17:32:13,904 - WARNING - Converting pump speed 3.0 to integer 3
2026-06-02 17:32:13,904 - DEBUG - Aspirating 0.073 mL then waiting 9.3 s
2026-06-02 17:32:13,905 - DEBUG - Applied dict param aspirate_speed=3.0
2026-06-02 17:32:13,905 - DEBUG - Applied dict param dispense_speed=16.0
2026-06-02 17:32:13,905 - DEBUG - Applied dict param aspirate_wait_time=9.3
2026-06-02 17:32:13,905 - DEBUG - Applied dict param dispense_wait_time=3.0
2026-06-02 17:32:13,905 - DEBUG - Applied dict param pre_asp_air_vol=0.111
2026-06-02 17:32:13,905 - DEBUG - Applied dict param retract_speed=5.0
2026-06-02 17:32:13,905 - DEBUG - Applied dict param blowout_vol=0.424
2026-06-02 17:32:13,905 - DEBUG - Applied dict param post_asp_air_vol=0.0
2026-06-02 17:32:13,905 - DEBUG - Applied dict param post_retract_wait_time=0.0
2026-06-02 17:32:13,905 - DEBUG - Applied dict param overaspirate_vol=0.0475
2026-06-02 17:32:13,905 - DEBUG - Applied dict param asp_disp_cycles=0
2026-06-02 17:32:13,906 - INFO - Pipetting into vial glycerol, amount: 0.025 mL
2026-06-02 17:32:13,907 - INFO - Simulation mode - initial mass set to 0
2026-06-02 17:32:13,907 - DEBUG - Adjusting pump 0 speed to 16.0
2026-06-02 17:32:13,907 - WARNING - Converting pump speed 16.0 to integer 16
2026-06-02 17:32:13,908 - DEBUG - Dispensing 0.183 mL then waiting 3.0 s
2026-06-02 17:32:13,908 - DEBUG - Blowing out 0.424 mL
2026-06-02 17:32:13,908 - DEBUG - Adjusting pump 0 speed to 5
2026-06-02 17:32:13,908 - DEBUG - Adjusting pump 0 speed to 16
2026-06-02 17:32:13,908 - INFO - Simulation mode - final mass set to 0
2026-06-02 17:32:13,908 - INFO - Mass difference: 0.000000 g (target: 0.025 mL = ~0.025000 g for water)
2026-06-02 17:32:13,910 - DEBUG - Applied dict param aspirate_speed=3.0
2026-06-02 17:32:13,910 - DEBUG - Applied dict param dispense_speed=16.0
2026-06-02 17:32:13,910 - DEBUG - Applied dict param aspirate_wait_time=9.3
2026-06-02 17:32:13,910 - DEBUG - Applied dict param dispense_wait_time=3.0
2026-06-02 17:32:13,910 - DEBUG - Applied dict param pre_asp_air_vol=0.111
2026-06-02 17:32:13,910 - DEBUG - Applied dict param retract_speed=5.0
2026-06-02 17:32:13,910 - DEBUG - Applied dict param blowout_vol=0.424
2026-06-02 17:32:13,910 - DEBUG - Applied dict param post_asp_air_vol=0.0
2026-06-02 17:32:13,910 - DEBUG - Applied dict param post_retract_wait_time=0.0
2026-06-02 17:32:13,910 - DEBUG - Applied dict param overaspirate_vol=0.0046323073057713895
2026-06-02 17:32:13,910 - DEBUG - Applied dict param asp_disp_cycles=0
2026-06-02 17:32:13,911 - DEBUG - Selected small_tip for volume 0.025 mL
2026-06-02 17:32:13,913 - INFO - Pipetting from vial glycerol, amount: 0.025 mL
2026-06-02 17:32:13,914 - INFO - Additional volume from calibration, amount: 0.005 mL
2026-06-02 17:32:13,915 - DEBUG - Adjusting pump 0 speed to 10
2026-06-02 17:32:13,915 - DEBUG - Aspirating 0.111 mL then waiting 0 s
2026-06-02 17:32:13,915 - DEBUG - Adjusting pump 0 speed to 3.0
2026-06-02 17:32:13,915 - WARNING - Converting pump speed 3.0 to integer 3
2026-06-02 17:32:13,916 - DEBUG - Aspirating 0.030 mL then waiting 9.3 s
2026-06-02 17:32:13,916 - DEBUG - Applied dict param aspirate_speed=3.0
2026-06-02 17:32:13,916 - DEBUG - Applied dict param dispense_speed=16.0
2026-06-02 17:32:13,916 - DEBUG - Applied dict param aspirate_wait_time=9.3
2026-06-02 17:32:13,916 - DEBUG - Applied dict param dispense_wait_time=3.0
2026-06-02 17:32:13,916 - DEBUG - Applied dict param pre_asp_air_vol=0.111
2026-06-02 17:32:13,916 - DEBUG - Applied dict param retract_speed=5.0
2026-06-02 17:32:13,916 - DEBUG - Applied dict param blowout_vol=0.424
2026-06-02 17:32:13,916 - DEBUG - Applied dict param post_asp_air_vol=0.0
2026-06-02 17:32:13,916 - DEBUG - Applied dict param post_retract_wait_time=0.0
2026-06-02 17:32:13,916 - DEBUG - Applied dict param overaspirate_vol=0.0046323073057713895
2026-06-02 17:32:13,916 - DEBUG - Applied dict param asp_disp_cycles=0
2026-06-02 17:32:13,917 - INFO - Pipetting into vial glycerol, amount: 0.025 mL
2026-06-02 17:32:13,918 - INFO - Simulation mode - initial mass set to 0
2026-06-02 17:32:13,918 - DEBUG - Adjusting pump 0 speed to 16.0
2026-06-02 17:32:13,918 - WARNING - Converting pump speed 16.0 to integer 16
2026-06-02 17:32:13,918 - DEBUG - Dispensing 0.141 mL then waiting 3.0 s
2026-06-02 17:32:13,918 - DEBUG - Blowing out 0.424 mL
2026-06-02 17:32:13,918 - DEBUG - Adjusting pump 0 speed to 5
2026-06-02 17:32:13,918 - DEBUG - Adjusting pump 0 speed to 16
2026-06-02 17:32:13,918 - INFO - Simulation mode - final mass set to 0
2026-06-02 17:32:13,918 - INFO - Mass difference: 0.000000 g (target: 0.025 mL = ~0.025000 g for water)
2026-06-02 17:32:13,918 - DEBUG - Applied dict param aspirate_speed=3.0
2026-06-02 17:32:13,918 - DEBUG - Applied dict param dispense_speed=16.0
2026-06-02 17:32:13,918 - DEBUG - Applied dict param aspirate_wait_time=9.3
2026-06-02 17:32:13,918 - DEBUG - Applied dict param dispense_wait_time=3.0
2026-06-02 17:32:13,918 - DEBUG - Applied dict param pre_asp_air_vol=0.111
2026-06-02 17:32:13,918 - DEBUG - Applied dict param retract_speed=5.0
2026-06-02 17:32:13,918 - DEBUG - Applied dict param blowout_vol=0.424
2026-06-02 17:32:13,918 - DEBUG - Applied dict param post_asp_air_vol=0.0
2026-06-02 17:32:13,918 - DEBUG - Applied dict param post_retract_wait_time=0.0
2026-06-02 17:32:13,918 - DEBUG - Applied dict param overaspirate_vol=0.0046323073057713895
2026-06-02 17:32:13,918 - DEBUG - Applied dict param asp_disp_cycles=0
2026-06-02 17:32:13,925 - DEBUG - Selected small_tip for volume 0.025 mL
2026-06-02 17:32:13,927 - INFO - Pipetting from vial glycerol, amount: 0.025 mL
2026-06-02 17:32:13,927 - INFO - Additional volume from calibration, amount: 0.005 mL
2026-06-02 17:32:13,929 - DEBUG - Adjusting pump 0 speed to 10
2026-06-02 17:32:13,929 - DEBUG - Aspirating 0.111 mL then waiting 0 s
2026-06-02 17:32:13,929 - DEBUG - Adjusting pump 0 speed to 3.0
2026-06-02 17:32:13,929 - WARNING - Converting pump speed 3.0 to integer 3
2026-06-02 17:32:13,929 - DEBUG - Aspirating 0.030 mL then waiting 9.3 s
2026-06-02 17:32:13,929 - DEBUG - Applied dict param aspirate_speed=3.0
2026-06-02 17:32:13,929 - DEBUG - Applied dict param dispense_speed=16.0
2026-06-02 17:32:13,929 - DEBUG - Applied dict param aspirate_wait_time=9.3
2026-06-02 17:32:13,930 - DEBUG - Applied dict param dispense_wait_time=3.0
2026-06-02 17:32:13,930 - DEBUG - Applied dict param pre_asp_air_vol=0.111
2026-06-02 17:32:13,930 - DEBUG - Applied dict param retract_speed=5.0
2026-06-02 17:32:13,930 - DEBUG - Applied dict param blowout_vol=0.424
2026-06-02 17:32:13,930 - DEBUG - Applied dict param post_asp_air_vol=0.0
2026-06-02 17:32:13,930 - DEBUG - Applied dict param post_retract_wait_time=0.0
2026-06-02 17:32:13,930 - DEBUG - Applied dict param overaspirate_vol=0.0046323073057713895
2026-06-02 17:32:13,930 - DEBUG - Applied dict param asp_disp_cycles=0
2026-06-02 17:32:13,931 - INFO - Pipetting into vial glycerol, amount: 0.025 mL
2026-06-02 17:32:13,932 - INFO - Simulation mode - initial mass set to 0
2026-06-02 17:32:13,932 - DEBUG - Adjusting pump 0 speed to 16.0
2026-06-02 17:32:13,933 - WARNING - Converting pump speed 16.0 to integer 16
2026-06-02 17:32:13,933 - DEBUG - Dispensing 0.141 mL then waiting 3.0 s
2026-06-02 17:32:13,933 - DEBUG - Blowing out 0.424 mL
2026-06-02 17:32:13,933 - DEBUG - Adjusting pump 0 speed to 5
2026-06-02 17:32:13,934 - DEBUG - Adjusting pump 0 speed to 16
2026-06-02 17:32:13,934 - INFO - Simulation mode - final mass set to 0
2026-06-02 17:32:13,934 - INFO - Mass difference: 0.000000 g (target: 0.025 mL = ~0.025000 g for water)
2026-06-02 17:32:13,935 - DEBUG - Applied dict param aspirate_speed=3.0
2026-06-02 17:32:13,935 - DEBUG - Applied dict param dispense_speed=16.0
2026-06-02 17:32:13,935 - DEBUG - Applied dict param aspirate_wait_time=9.3
2026-06-02 17:32:13,935 - DEBUG - Applied dict param dispense_wait_time=3.0
2026-06-02 17:32:13,935 - DEBUG - Applied dict param pre_asp_air_vol=0.111
2026-06-02 17:32:13,935 - DEBUG - Applied dict param retract_speed=5.0
2026-06-02 17:32:13,935 - DEBUG - Applied dict param blowout_vol=0.424
2026-06-02 17:32:13,935 - DEBUG - Applied dict param post_asp_air_vol=0.0
2026-06-02 17:32:13,935 - DEBUG - Applied dict param post_retract_wait_time=0.0
2026-06-02 17:32:13,935 - DEBUG - Applied dict param overaspirate_vol=0.0046323073057713895
2026-06-02 17:32:13,935 - DEBUG - Applied dict param asp_disp_cycles=0
2026-06-02 17:32:13,936 - DEBUG - Selected small_tip for volume 0.025 mL
2026-06-02 17:32:13,938 - INFO - Pipetting from vial glycerol, amount: 0.025 mL
2026-06-02 17:32:13,939 - INFO - Additional volume from calibration, amount: 0.005 mL
2026-06-02 17:32:13,940 - DEBUG - Adjusting pump 0 speed to 10
2026-06-02 17:32:13,940 - DEBUG - Aspirating 0.111 mL then waiting 0 s
2026-06-02 17:32:13,940 - DEBUG - Adjusting pump 0 speed to 3.0
2026-06-02 17:32:13,940 - WARNING - Converting pump speed 3.0 to integer 3
2026-06-02 17:32:13,941 - DEBUG - Aspirating 0.030 mL then waiting 9.3 s
2026-06-02 17:32:13,941 - DEBUG - Applied dict param aspirate_speed=3.0
2026-06-02 17:32:13,941 - DEBUG - Applied dict param dispense_speed=16.0
2026-06-02 17:32:13,941 - DEBUG - Applied dict param aspirate_wait_time=9.3
2026-06-02 17:32:13,941 - DEBUG - Applied dict param dispense_wait_time=3.0
2026-06-02 17:32:13,941 - DEBUG - Applied dict param pre_asp_air_vol=0.111
2026-06-02 17:32:13,941 - DEBUG - Applied dict param retract_speed=5.0
2026-06-02 17:32:13,941 - DEBUG - Applied dict param blowout_vol=0.424
2026-06-02 17:32:13,941 - DEBUG - Applied dict param post_asp_air_vol=0.0
2026-06-02 17:32:13,941 - DEBUG - Applied dict param post_retract_wait_time=0.0
2026-06-02 17:32:13,941 - DEBUG - Applied dict param overaspirate_vol=0.0046323073057713895
2026-06-02 17:32:13,941 - DEBUG - Applied dict param asp_disp_cycles=0
2026-06-02 17:32:13,943 - INFO - Pipetting into vial glycerol, amount: 0.025 mL
2026-06-02 17:32:13,943 - INFO - Simulation mode - initial mass set to 0
2026-06-02 17:32:13,943 - DEBUG - Adjusting pump 0 speed to 16.0
2026-06-02 17:32:13,944 - WARNING - Converting pump speed 16.0 to integer 16
2026-06-02 17:32:13,944 - DEBUG - Dispensing 0.141 mL then waiting 3.0 s
2026-06-02 17:32:13,944 - DEBUG - Blowing out 0.424 mL
2026-06-02 17:32:13,944 - DEBUG - Adjusting pump 0 speed to 5
2026-06-02 17:32:13,944 - DEBUG - Adjusting pump 0 speed to 16
2026-06-02 17:32:13,945 - INFO - Simulation mode - final mass set to 0
2026-06-02 17:32:13,945 - INFO - Mass difference: 0.000000 g (target: 0.025 mL = ~0.025000 g for water)
2026-06-02 17:32:13,947 - DEBUG - Applied dict param aspirate_speed=3.0
2026-06-02 17:32:13,947 - DEBUG - Applied dict param dispense_speed=16.0
2026-06-02 17:32:13,947 - DEBUG - Applied dict param aspirate_wait_time=9.3
2026-06-02 17:32:13,947 - DEBUG - Applied dict param dispense_wait_time=3.0
2026-06-02 17:32:13,947 - DEBUG - Applied dict param pre_asp_air_vol=0.111
2026-06-02 17:32:13,947 - DEBUG - Applied dict param retract_speed=5.0
2026-06-02 17:32:13,947 - DEBUG - Applied dict param blowout_vol=0.424
2026-06-02 17:32:13,947 - DEBUG - Applied dict param post_asp_air_vol=0.0
2026-06-02 17:32:13,947 - DEBUG - Applied dict param post_retract_wait_time=0.0
2026-06-02 17:32:13,947 - DEBUG - Applied dict param overaspirate_vol=0.005231436546852819
2026-06-02 17:32:13,947 - DEBUG - Applied dict param asp_disp_cycles=0
2026-06-02 17:32:13,948 - DEBUG - Selected small_tip for volume 0.025 mL
2026-06-02 17:32:13,949 - INFO - Pipetting from vial glycerol, amount: 0.025 mL
2026-06-02 17:32:13,949 - INFO - Additional volume from calibration, amount: 0.005 mL
2026-06-02 17:32:13,949 - DEBUG - Adjusting pump 0 speed to 10
2026-06-02 17:32:13,949 - DEBUG - Aspirating 0.111 mL then waiting 0 s
2026-06-02 17:32:13,949 - DEBUG - Adjusting pump 0 speed to 3.0
2026-06-02 17:32:13,949 - WARNING - Converting pump speed 3.0 to integer 3
2026-06-02 17:32:13,949 - DEBUG - Aspirating 0.030 mL then waiting 9.3 s
2026-06-02 17:32:13,949 - DEBUG - Applied dict param aspirate_speed=3.0
2026-06-02 17:32:13,949 - DEBUG - Applied dict param dispense_speed=16.0
2026-06-02 17:32:13,949 - DEBUG - Applied dict param aspirate_wait_time=9.3
2026-06-02 17:32:13,949 - DEBUG - Applied dict param dispense_wait_time=3.0
2026-06-02 17:32:13,949 - DEBUG - Applied dict param pre_asp_air_vol=0.111
2026-06-02 17:32:13,949 - DEBUG - Applied dict param retract_speed=5.0
2026-06-02 17:32:13,949 - DEBUG - Applied dict param blowout_vol=0.424
2026-06-02 17:32:13,949 - DEBUG - Applied dict param post_asp_air_vol=0.0
2026-06-02 17:32:13,949 - DEBUG - Applied dict param post_retract_wait_time=0.0
2026-06-02 17:32:13,949 - DEBUG - Applied dict param overaspirate_vol=0.005231436546852819
2026-06-02 17:32:13,949 - DEBUG - Applied dict param asp_disp_cycles=0
2026-06-02 17:32:13,949 - INFO - Pipetting into vial glycerol, amount: 0.025 mL
2026-06-02 17:32:13,949 - INFO - Simulation mode - initial mass set to 0
2026-06-02 17:32:13,949 - DEBUG - Adjusting pump 0 speed to 16.0
2026-06-02 17:32:13,949 - WARNING - Converting pump speed 16.0 to integer 16
2026-06-02 17:32:13,949 - DEBUG - Dispensing 0.141 mL then waiting 3.0 s
2026-06-02 17:32:13,949 - DEBUG - Blowing out 0.424 mL
2026-06-02 17:32:13,949 - DEBUG - Adjusting pump 0 speed to 5
2026-06-02 17:32:13,949 - DEBUG - Adjusting pump 0 speed to 16
2026-06-02 17:32:13,949 - INFO - Simulation mode - final mass set to 0
2026-06-02 17:32:13,949 - INFO - Mass difference: 0.000000 g (target: 0.025 mL = ~0.025000 g for water)
2026-06-02 17:32:13,949 - DEBUG - Applied dict param aspirate_speed=3.0
2026-06-02 17:32:13,949 - DEBUG - Applied dict param dispense_speed=16.0
2026-06-02 17:32:13,949 - DEBUG - Applied dict param aspirate_wait_time=9.3
2026-06-02 17:32:13,949 - DEBUG - Applied dict param dispense_wait_time=3.0
2026-06-02 17:32:13,949 - DEBUG - Applied dict param pre_asp_air_vol=0.111
2026-06-02 17:32:13,949 - DEBUG - Applied dict param retract_speed=5.0
2026-06-02 17:32:13,949 - DEBUG - Applied dict param blowout_vol=0.424
2026-06-02 17:32:13,949 - DEBUG - Applied dict param post_asp_air_vol=0.0
2026-06-02 17:32:13,949 - DEBUG - Applied dict param post_retract_wait_time=0.0
2026-06-02 17:32:13,949 - DEBUG - Applied dict param overaspirate_vol=0.005231436546852819
2026-06-02 17:32:13,949 - DEBUG - Applied dict param asp_disp_cycles=0
2026-06-02 17:32:13,949 - DEBUG - Selected small_tip for volume 0.025 mL
2026-06-02 17:32:13,963 - INFO - Pipetting from vial glycerol, amount: 0.025 mL
2026-06-02 17:32:13,963 - INFO - Additional volume from calibration, amount: 0.005 mL
2026-06-02 17:32:13,966 - DEBUG - Adjusting pump 0 speed to 10
2026-06-02 17:32:13,966 - DEBUG - Aspirating 0.111 mL then waiting 0 s
2026-06-02 17:32:13,966 - DEBUG - Adjusting pump 0 speed to 3.0
2026-06-02 17:32:13,966 - WARNING - Converting pump speed 3.0 to integer 3
2026-06-02 17:32:13,966 - DEBUG - Aspirating 0.030 mL then waiting 9.3 s
2026-06-02 17:32:13,966 - DEBUG - Applied dict param aspirate_speed=3.0
2026-06-02 17:32:13,966 - DEBUG - Applied dict param dispense_speed=16.0
2026-06-02 17:32:13,966 - DEBUG - Applied dict param aspirate_wait_time=9.3
2026-06-02 17:32:13,966 - DEBUG - Applied dict param dispense_wait_time=3.0
2026-06-02 17:32:13,967 - DEBUG - Applied dict param pre_asp_air_vol=0.111
2026-06-02 17:32:13,967 - DEBUG - Applied dict param retract_speed=5.0
2026-06-02 17:32:13,967 - DEBUG - Applied dict param blowout_vol=0.424
2026-06-02 17:32:13,967 - DEBUG - Applied dict param post_asp_air_vol=0.0
2026-06-02 17:32:13,967 - DEBUG - Applied dict param post_retract_wait_time=0.0
2026-06-02 17:32:13,967 - DEBUG - Applied dict param overaspirate_vol=0.005231436546852819
2026-06-02 17:32:13,967 - DEBUG - Applied dict param asp_disp_cycles=0
2026-06-02 17:32:13,968 - INFO - Pipetting into vial glycerol, amount: 0.025 mL
2026-06-02 17:32:13,969 - INFO - Simulation mode - initial mass set to 0
2026-06-02 17:32:13,969 - DEBUG - Adjusting pump 0 speed to 16.0
2026-06-02 17:32:13,969 - WARNING - Converting pump speed 16.0 to integer 16
2026-06-02 17:32:13,970 - DEBUG - Dispensing 0.141 mL then waiting 3.0 s
2026-06-02 17:32:13,970 - DEBUG - Blowing out 0.424 mL
2026-06-02 17:32:13,970 - DEBUG - Adjusting pump 0 speed to 5
2026-06-02 17:32:13,971 - DEBUG - Adjusting pump 0 speed to 16
2026-06-02 17:32:13,971 - INFO - Simulation mode - final mass set to 0
2026-06-02 17:32:13,971 - INFO - Mass difference: 0.000000 g (target: 0.025 mL = ~0.025000 g for water)
2026-06-02 17:32:13,972 - DEBUG - Applied dict param aspirate_speed=3.0
2026-06-02 17:32:13,972 - DEBUG - Applied dict param dispense_speed=16.0
2026-06-02 17:32:13,972 - DEBUG - Applied dict param aspirate_wait_time=9.3
2026-06-02 17:32:13,972 - DEBUG - Applied dict param dispense_wait_time=3.0
2026-06-02 17:32:13,972 - DEBUG - Applied dict param pre_asp_air_vol=0.111
2026-06-02 17:32:13,972 - DEBUG - Applied dict param retract_speed=5.0
2026-06-02 17:32:13,972 - DEBUG - Applied dict param blowout_vol=0.424
2026-06-02 17:32:13,972 - DEBUG - Applied dict param post_asp_air_vol=0.0
2026-06-02 17:32:13,972 - DEBUG - Applied dict param post_retract_wait_time=0.0
2026-06-02 17:32:13,972 - DEBUG - Applied dict param overaspirate_vol=0.005231436546852819
2026-06-02 17:32:13,972 - DEBUG - Applied dict param asp_disp_cycles=0
2026-06-02 17:32:13,973 - DEBUG - Selected small_tip for volume 0.025 mL
2026-06-02 17:32:13,974 - INFO - Pipetting from vial glycerol, amount: 0.025 mL
2026-06-02 17:32:13,974 - INFO - Additional volume from calibration, amount: 0.005 mL
2026-06-02 17:32:13,978 - DEBUG - Adjusting pump 0 speed to 10
2026-06-02 17:32:13,978 - DEBUG - Aspirating 0.111 mL then waiting 0 s
2026-06-02 17:32:13,978 - DEBUG - Adjusting pump 0 speed to 3.0
2026-06-02 17:32:13,978 - WARNING - Converting pump speed 3.0 to integer 3
2026-06-02 17:32:13,978 - DEBUG - Aspirating 0.030 mL then waiting 9.3 s
2026-06-02 17:32:13,978 - DEBUG - Applied dict param aspirate_speed=3.0
2026-06-02 17:32:13,978 - DEBUG - Applied dict param dispense_speed=16.0
2026-06-02 17:32:13,978 - DEBUG - Applied dict param aspirate_wait_time=9.3
2026-06-02 17:32:13,978 - DEBUG - Applied dict param dispense_wait_time=3.0
2026-06-02 17:32:13,978 - DEBUG - Applied dict param pre_asp_air_vol=0.111
2026-06-02 17:32:13,978 - DEBUG - Applied dict param retract_speed=5.0
2026-06-02 17:32:13,978 - DEBUG - Applied dict param blowout_vol=0.424
2026-06-02 17:32:13,978 - DEBUG - Applied dict param post_asp_air_vol=0.0
2026-06-02 17:32:13,978 - DEBUG - Applied dict param post_retract_wait_time=0.0
2026-06-02 17:32:13,978 - DEBUG - Applied dict param overaspirate_vol=0.005231436546852819
2026-06-02 17:32:13,978 - DEBUG - Applied dict param asp_disp_cycles=0
2026-06-02 17:32:13,978 - INFO - Pipetting into vial glycerol, amount: 0.025 mL
2026-06-02 17:32:13,981 - INFO - Simulation mode - initial mass set to 0
2026-06-02 17:32:13,981 - DEBUG - Adjusting pump 0 speed to 16.0
2026-06-02 17:32:13,981 - WARNING - Converting pump speed 16.0 to integer 16
2026-06-02 17:32:13,981 - DEBUG - Dispensing 0.141 mL then waiting 3.0 s
2026-06-02 17:32:13,981 - DEBUG - Blowing out 0.424 mL
2026-06-02 17:32:13,981 - DEBUG - Adjusting pump 0 speed to 5
2026-06-02 17:32:13,981 - DEBUG - Adjusting pump 0 speed to 16
2026-06-02 17:32:13,981 - INFO - Simulation mode - final mass set to 0
2026-06-02 17:32:13,981 - INFO - Mass difference: 0.000000 g (target: 0.025 mL = ~0.025000 g for water)
2026-06-02 17:32:13,981 - INFO - Removing pipet
2026-06-02 17:32:13,981 - INFO - Returning vial glycerol to home location: main_8mL_rack index 24
2026-06-02 17:32:13,981 - DEBUG - Recapping clamped vial
2026-06-02 17:32:13,981 - INFO - Moving vial glycerol to main_8mL_rack: 24
2026-06-02 17:32:13,981 - DEBUG - Grabbing vial 0 with index 0
2026-06-02 17:32:13,991 - DEBUG - Dropping off vial 0 at location main_8mL_rack with index 24
2026-06-02 17:32:13,992 - INFO - Moving robot to home position
