2025-10-16 16:09:36,379 - INFO - Initializing North Robot...
2025-10-16 16:09:36,379 - DEBUG - Loading robot configuration files...
2025-10-16 16:09:36,399 - DEBUG - Loaded vial positions configuration from robot_state/vial_positions.yaml
2025-10-16 16:09:36,400 - DEBUG - Loaded pipet tips configuration from robot_state/pipet_tips.yaml
2025-10-16 16:09:36,401 - DEBUG - Loaded pipet racks configuration from robot_state/pipet_racks.yaml
2025-10-16 16:09:36,401 - DEBUG - Loaded pump configuration from robot_state/syringe_pumps.yaml
2025-10-16 16:09:36,401 - DEBUG - Loaded robot hardware configuration from robot_state/robot_hardware.yaml
2025-10-16 16:09:36,416 - DEBUG - Loaded wellplate properties configuration from robot_state/wellplates.yaml
2025-10-16 16:09:36,416 - DEBUG - Loading robot state files...
2025-10-16 16:09:36,416 - DEBUG - Loaded vial data from ../utoronto_demo/status/sample_capped_vials.csv
2025-10-16 16:09:36,416 - DEBUG - Loaded robot status from robot_state/robot_status.yaml
2025-10-16 16:09:36,429 - DEBUG - Loaded wellplate positions from robot_state/wellplates.yaml
2025-10-16 16:09:36,429 - DEBUG - Robot status loaded successfully
2025-10-16 16:09:36,429 - DEBUG - Loading pumps from YAML configuration...
2025-10-16 16:09:36,532 - DEBUG - Loaded pump 0: volume=1.0mL, speed=11, liquid=None
2025-10-16 16:09:36,629 - DEBUG - Loaded pump 1: volume=2.5mL, speed=15, liquid=water
2025-10-16 16:09:36,629 - DEBUG - Physical initialization of North Robot...
2025-10-16 16:09:36,950 - INFO - Moving robot to home position
2025-10-16 16:09:50,417 - DEBUG - Current reader status: -2
2025-10-16 16:09:50,417 - WARNING - Cytation5 not connected... May need to restart
2025-10-16 16:09:50,417 - INFO - Initializing North Track...
2025-10-16 16:09:50,417 - DEBUG - Loading track status from file: robot_state/track_status.yaml
2025-10-16 16:09:50,417 - DEBUG - Getting track status from file: robot_state/track_status.yaml
2025-10-16 16:09:50,417 - DEBUG - Loaded track status from robot_state/track_status.yaml
2025-10-16 16:09:50,417 - DEBUG - Loading track positions from: robot_state/track_positions.yaml
2025-10-16 16:09:50,417 - DEBUG - Loaded track positions configuration from robot_state/track_positions.yaml
2025-10-16 16:09:50,417 - DEBUG - Loading robot hardware configuration from: robot_state/robot_hardware.yaml
2025-10-16 16:09:50,417 - DEBUG - Loaded robot hardware configuration from robot_state/robot_hardware.yaml
2025-10-16 16:09:50,432 - DEBUG - Loaded wellplate properties configuration from robot_state/wellplates.yaml
2025-10-16 16:09:50,433 - INFO - Grabbing wellplate from location: pipetting_area
2025-10-16 16:09:57,430 - DEBUG - Opening gripper
2025-10-16 16:10:00,017 - DEBUG - Closing gripper
2025-10-16 16:10:02,403 - INFO - Releasing wellplate at location: pipetting_area
2025-10-16 16:10:02,403 - DEBUG - No waypoint locations provided, skipping path movement
2025-10-16 16:10:02,945 - DEBUG - Opening gripper
