2025-10-23 11:07:24,292 - INFO - Initializing North Robot...
2025-10-23 11:07:24,292 - DEBUG - Loading robot configuration files...
2025-10-23 11:07:24,307 - DEBUG - Loaded vial positions configuration from robot_state/vial_positions.yaml
2025-10-23 11:07:24,309 - DEBUG - Loaded pipet tips configuration from robot_state/pipet_tips.yaml
2025-10-23 11:07:24,313 - DEBUG - Loaded pipet racks configuration from robot_state/pipet_racks.yaml
2025-10-23 11:07:24,316 - DEBUG - Loaded pump configuration from robot_state/syringe_pumps.yaml
2025-10-23 11:07:24,319 - DEBUG - Loaded robot hardware configuration from robot_state/robot_hardware.yaml
2025-10-23 11:07:24,319 - DEBUG - Loaded wellplate properties configuration from robot_state/wellplates.yaml
2025-10-23 11:07:24,319 - DEBUG - Loading robot state files...
2025-10-23 11:07:24,329 - DEBUG - Loaded vial data from ../utoronto_demo/status/calibration_vials_short.csv
2025-10-23 11:07:24,329 - DEBUG - Loaded robot status from robot_state/robot_status.yaml
2025-10-23 11:07:24,329 - DEBUG - Loaded wellplate positions from robot_state/wellplates.yaml
2025-10-23 11:07:24,329 - DEBUG - Robot status loaded successfully
2025-10-23 11:07:24,329 - DEBUG - Loading pumps from YAML configuration...
2025-10-23 11:07:25,288 - DEBUG - Loaded pump 0: volume=1.0mL, speed=11, liquid=None
2025-10-23 11:07:26,205 - DEBUG - Loaded pump 1: volume=2.5mL, speed=15, liquid=water
2025-10-23 11:07:26,205 - DEBUG - Physical initialization of North Robot...
2025-10-23 11:07:26,510 - INFO - Moving robot to home position
2025-10-23 11:07:26,690 - WARNING - Physical cleanup failed (attempt 1/2): Main: HOME REQUIRED: Home the robot or aux axis before moving
2025-10-23 11:07:26,690 - INFO - Homing robot components before pump initialization...
2025-10-23 11:07:26,690 - INFO - Homing all robot components...
2025-10-23 11:07:26,690 - DEBUG - Homing carousel...
2025-10-23 11:07:34,369 - DEBUG - Homing robot axes...
2025-10-23 11:07:55,540 - DEBUG - Homing pump 0...
2025-10-23 11:07:57,506 - DEBUG - Homing pump 1...
2025-10-23 11:07:59,184 - DEBUG - Homing track axes...
2025-10-23 11:07:59,184 - DEBUG - Homing track axis z_axis (axis 6)...
2025-10-23 11:08:02,725 - DEBUG - Homing track axis x_axis (axis 7)...
2025-10-23 11:08:06,679 - INFO - All robot components homed successfully
2025-10-23 11:08:06,679 - INFO - Moving robot to home position
2025-10-23 11:08:07,280 - INFO - Initializing North Track...
2025-10-23 11:08:07,280 - DEBUG - Loading track status from file: robot_state/track_status.yaml
2025-10-23 11:08:07,280 - DEBUG - Getting track status from file: robot_state/track_status.yaml
2025-10-23 11:08:07,281 - DEBUG - Loaded track status from robot_state/track_status.yaml
2025-10-23 11:08:07,281 - DEBUG - Loading track positions from: robot_state/track_positions.yaml
2025-10-23 11:08:07,281 - DEBUG - Loaded track positions configuration from robot_state/track_positions.yaml
2025-10-23 11:08:07,281 - DEBUG - Loading robot hardware configuration from: robot_state/robot_hardware.yaml
2025-10-23 11:08:07,281 - DEBUG - Loaded robot hardware configuration from robot_state/robot_hardware.yaml
2025-10-23 11:08:07,297 - DEBUG - Loaded wellplate properties configuration from robot_state/wellplates.yaml
2025-10-23 11:08:07,383 - DEBUG - Moving North Track to home position
2025-10-23 11:08:07,397 - INFO -     vial_index           vial_name         location  location_index  vial_volume  capped cap_type vial_type    home_location  home_location_index
0            0  measurement_vial_0            clamp               0     3.432202    True     open      8_mL    main_8mL_rack                    0
1            1  measurement_vial_1    main_8mL_rack               1     0.000000    True     open      8_mL    main_8mL_rack                    1
2            2  measurement_vial_2    main_8mL_rack               2     0.000000    True     open      8_mL    main_8mL_rack                    2
3            3  measurement_vial_3    main_8mL_rack               3     0.000000    True     open      8_mL    main_8mL_rack                    3
4            4  measurement_vial_4    main_8mL_rack               4     0.000000    True     open      8_mL    main_8mL_rack                    4
5            5  measurement_vial_5    main_8mL_rack               5     0.000000    True     open      8_mL    main_8mL_rack                    5
6            6  measurement_vial_6    main_8mL_rack               6     0.000000    True     open      8_mL    main_8mL_rack                    6
7            7  measurement_vial_7    main_8mL_rack               7     0.000000    True     open      8_mL    main_8mL_rack                    7
8            8  measurement_vial_8    main_8mL_rack               8     0.000000    True     open      8_mL    main_8mL_rack                    8
9            9  measurement_vial_9    main_8mL_rack               9     0.000000    True     open      8_mL    main_8mL_rack                    9
10          10       liquid_source   50mL_vial_rack               0     3.413538    True     open     50_mL   50mL_vial_rack                    0
11          11     liquid_source_0  large_vial_rack               2    14.567798    True     open     20_mL  large_vial_rack                    2
2025-10-23 11:08:07,429 - INFO - Visualizing vial racks...
2025-10-23 11:08:07,564 - DEBUG - Visualizing rack: Main Rack with filter: main_8mL_rack
2025-10-23 11:08:07,697 - DEBUG - Visualizing rack: Second Rack with filter: large_vial_rack
2025-10-23 11:08:14,101 - DEBUG - Selected large_tip for volume 1.000 mL
2025-10-23 11:08:14,101 - INFO - Getting large_tip (pipet number 0) from rack: large_tip_rack_1
2025-10-23 11:08:19,035 - INFO - Pipetting from vial liquid_source_0, amount: 1.0 mL
2025-10-23 11:08:19,035 - DEBUG - Adjusting pump 0 speed to 11
2025-10-23 11:08:22,451 - DEBUG - Aspirating 1.000 mL then waiting 1.0 s
2025-10-23 11:08:28,721 - DEBUG - Aspirating 0.020 mL then waiting 0 s
2025-10-23 11:08:28,721 - WARNING - Aspirate exceeded limit: Aspirating to maximum
2025-10-23 11:08:28,874 - WARNING - Aspirate was exceeded for 0.02 mL. Aspirating to maximum volume of 1 mL.
2025-10-23 11:18:53,876 - INFO - Pipetting into vial liquid_source_0, amount: 1.0 mL
2025-10-23 11:18:53,876 - DEBUG - Adjusting pump 0 speed to 11
2025-10-23 11:18:55,708 - DEBUG - Dispensing 1.000 mL then waiting 1.0 s
2025-10-23 11:19:01,155 - DEBUG - Blowing out 0.050 mL
2025-10-23 11:19:01,155 - DEBUG - Adjusting pump 0 speed to 5
2025-10-23 11:19:02,758 - INFO - Moving robot to home position
