2026-05-04 12:00:57,422 - DEBUG - No workflow config provided - using default initialization
2026-05-04 12:00:57,422 - INFO - Launching status review GUI...
2026-05-04 12:00:57,588 - INFO - Detected workflow name: glycerol_dispense_baseline
2026-05-04 12:00:58,157 - INFO - Config editor loaded for workflow: glycerol_dispense_baseline
2026-05-04 12:01:05,319 - INFO - User selected: Run Workflow
2026-05-04 12:01:05,325 - INFO - Status review completed - proceeding with hardware initialization
2026-05-04 12:01:05,943 - INFO - Initializing North Robot...
2026-05-04 12:01:05,943 - DEBUG - Loading robot configuration files...
2026-05-04 12:01:05,971 - DEBUG - Loaded vial positions configuration from robot_state/vial_positions.yaml
2026-05-04 12:01:05,974 - DEBUG - Loaded pipet tips configuration from robot_state/pipet_tips.yaml
2026-05-04 12:01:05,982 - DEBUG - Loaded pipet racks configuration from robot_state/pipet_racks.yaml
2026-05-04 12:01:05,982 - DEBUG - Loaded pump configuration from robot_state/syringe_pumps.yaml
2026-05-04 12:01:05,990 - DEBUG - Loaded robot hardware configuration from robot_state/robot_hardware.yaml
2026-05-04 12:01:05,997 - DEBUG - Loaded wellplate properties configuration from robot_state/wellplates.yaml
2026-05-04 12:01:05,997 - DEBUG - Loading robot state files...
2026-05-04 12:01:06,002 - DEBUG - Loaded vial data from status/calibration_vials.csv
2026-05-04 12:01:06,004 - DEBUG - Loaded robot status from robot_state/robot_status.yaml
2026-05-04 12:01:06,016 - DEBUG - Loaded wellplate positions from robot_state/wellplates.yaml
2026-05-04 12:01:06,016 - DEBUG - Robot status loaded successfully
2026-05-04 12:01:06,016 - INFO - Physical initialization of North Robot...
2026-05-04 12:01:09,464 - DEBUG - Loading pumps from YAML configuration...
2026-05-04 12:01:09,576 - DEBUG - Loaded pump 0: volume=1.0mL, speed=11, liquid=None
2026-05-04 12:01:09,679 - DEBUG - Loaded pump 1: volume=2.5mL, speed=15, liquid=water
2026-05-04 12:01:09,679 - INFO - Moving robot to home position
2026-05-04 12:01:12,343 - DEBUG - Initializing centrifuge controller...
2026-05-04 12:01:12,343 - INFO - Initializing North Track...
2026-05-04 12:01:12,343 - DEBUG - Loading track status from file: robot_state/track_status.yaml
2026-05-04 12:01:12,343 - DEBUG - Getting track status from file: robot_state/track_status.yaml
2026-05-04 12:01:12,343 - DEBUG - Loaded track status from robot_state/track_status.yaml
2026-05-04 12:01:12,343 - DEBUG - Loading track positions from: robot_state/track_positions.yaml
2026-05-04 12:01:12,343 - DEBUG - Loaded track positions configuration from robot_state/track_positions.yaml
2026-05-04 12:01:12,343 - DEBUG - Loading robot hardware configuration from: robot_state/robot_hardware.yaml
2026-05-04 12:01:12,343 - DEBUG - Loaded robot hardware configuration from robot_state/robot_hardware.yaml
2026-05-04 12:01:12,360 - DEBUG - Loaded wellplate properties configuration from robot_state/wellplates.yaml
2026-05-04 12:01:12,429 - DEBUG - Moving North Track to home position
2026-05-04 12:01:12,429 - DEBUG - Detected origin position (0,0) - setting location to 'origin'
2026-05-04 12:01:12,430 - DEBUG - Updated gripper location to: origin at position {'x': 0, 'z': 0}
2026-05-04 12:01:12,432 - INFO - Homing all robot components...
2026-05-04 12:01:12,432 - DEBUG - Homing carousel...
2026-05-04 12:01:20,226 - DEBUG - Homing robot axes...
2026-05-04 12:01:32,401 - DEBUG - Homing pump 0...
2026-05-04 12:01:34,040 - DEBUG - Homing pump 1...
2026-05-04 12:01:35,759 - DEBUG - Homing track axes...
2026-05-04 12:01:35,760 - DEBUG - Homing track axis z_axis (axis 6)...
2026-05-04 12:01:39,303 - DEBUG - Homing track axis x_axis (axis 7)...
2026-05-04 12:01:43,364 - INFO - All robot components homed successfully
2026-05-04 12:01:43,366 - INFO - Moving vial vial_0 to clamp: 0
2026-05-04 12:01:43,366 - DEBUG - Grabbing vial 9 with index 9
2026-05-04 12:01:45,323 - DEBUG - Dropping off vial 9 at location clamp with index 0
2026-05-04 12:01:53,718 - DEBUG - Applied object param asp_disp_cycles=0
2026-05-04 12:01:53,718 - DEBUG - Applied object param aspirate_speed=8
2026-05-04 12:01:53,718 - DEBUG - Applied object param aspirate_wait_time=43.59796514734626
2026-05-04 12:01:53,718 - DEBUG - Applied object param blowout_vol=0.5445650666952133
2026-05-04 12:01:53,718 - DEBUG - Applied object param dispense_speed=10
2026-05-04 12:01:53,718 - DEBUG - Applied object param dispense_wait_time=19.48905472643673
2026-05-04 12:01:53,718 - DEBUG - Applied object param overaspirate_vol=0.006323446634603106
2026-05-04 12:01:53,718 - DEBUG - Applied object param post_asp_air_vol=0
2026-05-04 12:01:53,718 - DEBUG - Applied object param post_retract_wait_time=5
2026-05-04 12:01:53,718 - DEBUG - Applied object param pre_asp_air_vol=0.10857924702577292
2026-05-04 12:01:53,718 - DEBUG - Applied object param retract_speed=2
2026-05-04 12:01:53,718 - DEBUG - Selected small_tip for volume 0.045 mL
2026-05-04 12:01:53,718 - INFO - Getting small_tip (pipet number 0) from rack: small_tip_rack_1
2026-05-04 12:01:58,829 - INFO - Pipetting from vial vial_0, amount: 0.045 mL
2026-05-04 12:01:58,829 - INFO - Additional volume from calibration, amount: 0.006 mL
2026-05-04 12:01:58,829 - DEBUG - Adjusting pump 0 speed to 10
2026-05-04 12:02:01,957 - DEBUG - Aspirating 0.109 mL then waiting 0 s
2026-05-04 12:02:02,639 - DEBUG - Adjusting pump 0 speed to 8
2026-05-04 12:02:02,988 - DEBUG - Aspirating 0.051 mL then waiting 43.59796514734626 s
