2025-10-24 15:34:33,029 - INFO - Initializing North Robot...
2025-10-24 15:34:33,029 - DEBUG - Loading robot configuration files...
2025-10-24 15:34:33,049 - DEBUG - Loaded vial positions configuration from robot_state/vial_positions.yaml
2025-10-24 15:34:33,067 - DEBUG - Loaded pipet tips configuration from robot_state/pipet_tips.yaml
2025-10-24 15:34:33,067 - DEBUG - Loaded pipet racks configuration from robot_state/pipet_racks.yaml
2025-10-24 15:34:33,076 - DEBUG - Loaded pump configuration from robot_state/syringe_pumps.yaml
2025-10-24 15:34:33,093 - DEBUG - Loaded robot hardware configuration from robot_state/robot_hardware.yaml
2025-10-24 15:34:33,102 - DEBUG - Loaded wellplate properties configuration from robot_state/wellplates.yaml
2025-10-24 15:34:33,102 - DEBUG - Loading robot state files...
2025-10-24 15:34:33,112 - DEBUG - Loaded vial data from status/calibration_vials_overnight.csv
2025-10-24 15:34:33,114 - DEBUG - Loaded robot status from robot_state/robot_status.yaml
2025-10-24 15:34:33,117 - DEBUG - Loaded wellplate positions from robot_state/wellplates.yaml
2025-10-24 15:34:33,117 - DEBUG - Robot status loaded successfully
2025-10-24 15:34:33,117 - DEBUG - Loading pumps from YAML configuration...
2025-10-24 15:34:33,241 - DEBUG - Loaded pump 0: volume=1.0mL, speed=11, liquid=None
2025-10-24 15:34:33,354 - DEBUG - Loaded pump 1: volume=2.5mL, speed=15, liquid=water
2025-10-24 15:34:33,354 - DEBUG - Physical initialization of North Robot...
2025-10-24 15:34:33,660 - INFO - Moving robot to home position
2025-10-24 15:34:34,184 - INFO - Initializing North Track...
2025-10-24 15:34:34,185 - DEBUG - Loading track status from file: robot_state/track_status.yaml
2025-10-24 15:34:34,185 - DEBUG - Getting track status from file: robot_state/track_status.yaml
2025-10-24 15:34:34,200 - DEBUG - Loaded track status from robot_state/track_status.yaml
2025-10-24 15:34:34,200 - DEBUG - Loading track positions from: robot_state/track_positions.yaml
2025-10-24 15:34:34,211 - DEBUG - Loaded track positions configuration from robot_state/track_positions.yaml
2025-10-24 15:34:34,211 - DEBUG - Loading robot hardware configuration from: robot_state/robot_hardware.yaml
2025-10-24 15:34:34,211 - DEBUG - Loaded robot hardware configuration from robot_state/robot_hardware.yaml
2025-10-24 15:34:34,226 - DEBUG - Loaded wellplate properties configuration from robot_state/wellplates.yaml
2025-10-24 15:34:34,336 - DEBUG - Moving North Track to home position
2025-10-24 15:34:34,345 - INFO - Creating new Lash_E controller
2025-10-24 15:34:34,345 - INFO -    vial_index           vial_name        location  location_index  vial_volume  capped cap_type  vial_type   home_location  home_location_index
0           0     liquid_source_0   main_8mL_rack              43     4.000000    True     open       8_mL   main_8mL_rack                   43
1           1  measurement_vial_0   main_8mL_rack              44     2.962527    True     open       8_mL   main_8mL_rack                   44
2           2             waste_0  50mL_vial_rack               0     0.000000    True     open      50_mL  50mL_vial_rack                    0
3           3         reservoir_0       reservoir               0    50.000000   False    False  reservoir       reservoir                    0
2025-10-24 15:34:34,394 - INFO - Visualizing vial racks...
2025-10-24 15:34:34,563 - DEBUG - Visualizing rack: Main Rack with filter: main_8mL_rack
2025-10-24 15:34:34,709 - DEBUG - Visualizing rack: Second Rack with filter: large_vial_rack
