2025-11-07 16:01:31,667 - INFO - Initializing North Robot...
2025-11-07 16:01:31,667 - DEBUG - Loading robot configuration files...
2025-11-07 16:01:31,669 - DEBUG - Loaded vial positions configuration from robot_state/vial_positions.yaml
2025-11-07 16:01:31,669 - DEBUG - Loaded pipet tips configuration from robot_state/pipet_tips.yaml
2025-11-07 16:01:31,683 - DEBUG - Loaded pipet racks configuration from robot_state/pipet_racks.yaml
2025-11-07 16:01:31,686 - DEBUG - Loaded pump configuration from robot_state/syringe_pumps.yaml
2025-11-07 16:01:31,689 - DEBUG - Loaded robot hardware configuration from robot_state/robot_hardware.yaml
2025-11-07 16:01:31,693 - DEBUG - Loaded wellplate properties configuration from robot_state/wellplates.yaml
2025-11-07 16:01:31,693 - DEBUG - Loading robot state files...
2025-11-07 16:01:31,708 - DEBUG - Loaded vial data from status/calibration_vials_short.csv
2025-11-07 16:01:31,735 - DEBUG - Loaded robot status from robot_state/robot_status.yaml
2025-11-07 16:01:31,740 - DEBUG - Loaded wellplate positions from robot_state/wellplates.yaml
2025-11-07 16:01:31,740 - DEBUG - Robot status loaded successfully
2025-11-07 16:01:31,740 - DEBUG - Loading pumps from YAML configuration...
2025-11-07 16:01:31,742 - DEBUG - Loaded pump 0: volume=1.0mL, speed=11, liquid=None
2025-11-07 16:01:31,742 - DEBUG - Loaded pump 1: volume=2.5mL, speed=15, liquid=water
2025-11-07 16:01:31,742 - DEBUG - Physical initialization of North Robot...
2025-11-07 16:01:31,743 - INFO - Moving robot to home position
2025-11-07 16:01:31,743 - INFO - Initializing North Track...
2025-11-07 16:01:31,743 - DEBUG - Loading track status from file: robot_state/track_status.yaml
2025-11-07 16:01:31,743 - DEBUG - Getting track status from file: robot_state/track_status.yaml
2025-11-07 16:01:31,743 - DEBUG - Loaded track status from robot_state/track_status.yaml
2025-11-07 16:01:31,743 - DEBUG - Loading track positions from: robot_state/track_positions.yaml
2025-11-07 16:01:31,743 - DEBUG - Loaded track positions configuration from robot_state/track_positions.yaml
2025-11-07 16:01:31,743 - DEBUG - Loading robot hardware configuration from: robot_state/robot_hardware.yaml
2025-11-07 16:01:31,743 - DEBUG - Loaded robot hardware configuration from robot_state/robot_hardware.yaml
2025-11-07 16:01:31,759 - DEBUG - Loaded wellplate properties configuration from robot_state/wellplates.yaml
2025-11-07 16:01:31,759 - DEBUG - Moving North Track to home position
2025-11-07 16:01:31,765 - INFO -     vial_index           vial_name         location  location_index  vial_volume  capped cap_type vial_type    home_location  home_location_index
0            0  measurement_vial_0    main_8mL_rack               0          0.0    True     open      8_mL    main_8mL_rack                    0
1            1  measurement_vial_1    main_8mL_rack               1          0.0    True     open      8_mL    main_8mL_rack                    1
2            2  measurement_vial_2    main_8mL_rack               2          0.0    True     open      8_mL    main_8mL_rack                    2
3            3  measurement_vial_3    main_8mL_rack               3          0.0    True     open      8_mL    main_8mL_rack                    3
4            4  measurement_vial_4    main_8mL_rack               4          0.0    True     open      8_mL    main_8mL_rack                    4
5            5  measurement_vial_5    main_8mL_rack               5          0.0    True     open      8_mL    main_8mL_rack                    5
6            6  measurement_vial_6    main_8mL_rack               6          0.0    True     open      8_mL    main_8mL_rack                    6
7            7  measurement_vial_7    main_8mL_rack               7          0.0    True     open      8_mL    main_8mL_rack                    7
8            8  measurement_vial_8    main_8mL_rack               8          0.0    True     open      8_mL    main_8mL_rack                    8
9            9  measurement_vial_9    main_8mL_rack               9          0.0    True     open      8_mL    main_8mL_rack                    9
10          10       liquid_source   50mL_vial_rack               0          0.0    True     open     50_mL   50mL_vial_rack                    0
11          11     liquid_source_0  large_vial_rack               2         19.0    True     open     20_mL  large_vial_rack                    2
2025-11-07 16:01:31,783 - INFO - Visualizing vial racks...
2025-11-07 16:01:32,028 - DEBUG - Visualizing rack: Main Rack with filter: main_8mL_rack
2025-11-07 16:01:32,185 - DEBUG - Visualizing rack: Second Rack with filter: large_vial_rack
2025-11-07 16:01:34,269 - INFO - Moving vial measurement_vial_0 to clamp: 0
2025-11-07 16:01:34,269 - DEBUG - Grabbing vial 0 with index 0
2025-11-07 16:01:34,279 - DEBUG - Dropping off vial 0 at location clamp with index 0
2025-11-07 16:01:34,285 - DEBUG - Selected small_tip for volume 0.050 mL
2025-11-07 16:01:34,534 - DEBUG - Selected small_tip for volume 0.103 mL
2025-11-07 16:01:34,534 - INFO - Getting small_tip (pipet number 12) from rack: small_tip_rack_2
2025-11-07 16:01:34,538 - INFO - Pipetting from vial liquid_source_0, amount: 0.05 mL
2025-11-07 16:01:34,538 - INFO - Additional volume from calibration, amount: 0.003 mL
2025-11-07 16:01:34,540 - DEBUG - Adjusting pump 0 speed to 15
2025-11-07 16:01:34,540 - DEBUG - Aspirating 0.053 mL then waiting 22.48070776462555 s
2025-11-07 16:01:34,541 - DEBUG - Aspirating 0.050 mL then waiting 0 s
2025-11-07 16:01:34,543 - INFO - Pipetting into vial measurement_vial_0, amount: 0.05 mL
2025-11-07 16:01:34,544 - DEBUG - Adjusting pump 0 speed to 14
2025-11-07 16:01:34,544 - DEBUG - Dispensing 0.103 mL then waiting 5.529413223266602 s
2025-11-07 16:01:34,545 - DEBUG - Blowing out 0.153 mL
2025-11-07 16:01:34,759 - DEBUG - Selected small_tip for volume 0.103 mL
2025-11-07 16:01:34,760 - INFO - Pipetting from vial liquid_source_0, amount: 0.05 mL
2025-11-07 16:01:34,760 - INFO - Additional volume from calibration, amount: 0.003 mL
2025-11-07 16:01:34,763 - DEBUG - Adjusting pump 0 speed to 15
2025-11-07 16:01:34,763 - DEBUG - Aspirating 0.053 mL then waiting 22.48070776462555 s
2025-11-07 16:01:34,763 - DEBUG - Aspirating 0.050 mL then waiting 0 s
2025-11-07 16:01:34,766 - INFO - Pipetting into vial measurement_vial_0, amount: 0.05 mL
2025-11-07 16:01:34,768 - DEBUG - Adjusting pump 0 speed to 14
2025-11-07 16:01:34,769 - DEBUG - Dispensing 0.103 mL then waiting 5.529413223266602 s
2025-11-07 16:01:34,769 - DEBUG - Blowing out 0.153 mL
2025-11-07 16:01:34,987 - DEBUG - Selected small_tip for volume 0.103 mL
2025-11-07 16:01:34,988 - INFO - Pipetting from vial liquid_source_0, amount: 0.05 mL
2025-11-07 16:01:34,988 - INFO - Additional volume from calibration, amount: 0.003 mL
2025-11-07 16:01:34,990 - DEBUG - Adjusting pump 0 speed to 15
2025-11-07 16:01:34,990 - DEBUG - Aspirating 0.053 mL then waiting 22.48070776462555 s
2025-11-07 16:01:34,990 - DEBUG - Aspirating 0.050 mL then waiting 0 s
2025-11-07 16:01:34,992 - INFO - Pipetting into vial measurement_vial_0, amount: 0.05 mL
2025-11-07 16:01:34,993 - DEBUG - Adjusting pump 0 speed to 14
2025-11-07 16:01:34,993 - DEBUG - Dispensing 0.103 mL then waiting 5.529413223266602 s
2025-11-07 16:01:34,993 - DEBUG - Blowing out 0.153 mL
2025-11-07 16:01:35,233 - DEBUG - Selected small_tip for volume 0.105 mL
2025-11-07 16:01:35,235 - INFO - Pipetting from vial liquid_source_0, amount: 0.05 mL
2025-11-07 16:01:35,235 - INFO - Additional volume from calibration, amount: 0.005 mL
2025-11-07 16:01:35,237 - DEBUG - Adjusting pump 0 speed to 24
2025-11-07 16:01:35,237 - DEBUG - Aspirating 0.055 mL then waiting 2.4461414013057947 s
2025-11-07 16:01:35,237 - DEBUG - Aspirating 0.050 mL then waiting 0 s
2025-11-07 16:01:35,239 - INFO - Pipetting into vial measurement_vial_0, amount: 0.05 mL
2025-11-07 16:01:35,239 - DEBUG - Adjusting pump 0 speed to 34
2025-11-07 16:01:35,240 - DEBUG - Dispensing 0.105 mL then waiting 19.878292763605714 s
2025-11-07 16:01:35,240 - DEBUG - Blowing out 0.036 mL
2025-11-07 16:01:35,445 - DEBUG - Selected small_tip for volume 0.105 mL
2025-11-07 16:01:35,446 - INFO - Pipetting from vial liquid_source_0, amount: 0.05 mL
2025-11-07 16:01:35,446 - INFO - Additional volume from calibration, amount: 0.005 mL
2025-11-07 16:01:35,448 - DEBUG - Adjusting pump 0 speed to 24
2025-11-07 16:01:35,448 - DEBUG - Aspirating 0.055 mL then waiting 2.4461414013057947 s
2025-11-07 16:01:35,449 - DEBUG - Aspirating 0.050 mL then waiting 0 s
2025-11-07 16:01:35,450 - INFO - Pipetting into vial measurement_vial_0, amount: 0.05 mL
2025-11-07 16:01:35,451 - DEBUG - Adjusting pump 0 speed to 34
2025-11-07 16:01:35,451 - DEBUG - Dispensing 0.105 mL then waiting 19.878292763605714 s
2025-11-07 16:01:35,451 - DEBUG - Blowing out 0.036 mL
2025-11-07 16:01:35,666 - DEBUG - Selected small_tip for volume 0.105 mL
2025-11-07 16:01:35,666 - INFO - Pipetting from vial liquid_source_0, amount: 0.05 mL
2025-11-07 16:01:35,666 - INFO - Additional volume from calibration, amount: 0.005 mL
2025-11-07 16:01:35,666 - DEBUG - Adjusting pump 0 speed to 24
2025-11-07 16:01:35,666 - DEBUG - Aspirating 0.055 mL then waiting 2.4461414013057947 s
2025-11-07 16:01:35,666 - DEBUG - Aspirating 0.050 mL then waiting 0 s
2025-11-07 16:01:35,666 - INFO - Pipetting into vial measurement_vial_0, amount: 0.05 mL
2025-11-07 16:01:35,666 - DEBUG - Adjusting pump 0 speed to 34
2025-11-07 16:01:35,674 - DEBUG - Dispensing 0.105 mL then waiting 19.878292763605714 s
2025-11-07 16:01:35,674 - DEBUG - Blowing out 0.036 mL
2025-11-07 16:01:35,901 - DEBUG - Selected small_tip for volume 0.101 mL
2025-11-07 16:01:35,901 - INFO - Pipetting from vial liquid_source_0, amount: 0.05 mL
2025-11-07 16:01:35,901 - INFO - Additional volume from calibration, amount: 0.001 mL
2025-11-07 16:01:35,901 - DEBUG - Adjusting pump 0 speed to 32
2025-11-07 16:01:35,901 - DEBUG - Aspirating 0.051 mL then waiting 25.44153342023492 s
2025-11-07 16:01:35,901 - DEBUG - Aspirating 0.050 mL then waiting 0 s
2025-11-07 16:01:35,908 - INFO - Pipetting into vial measurement_vial_0, amount: 0.05 mL
2025-11-07 16:01:35,909 - DEBUG - Adjusting pump 0 speed to 20
2025-11-07 16:01:35,910 - DEBUG - Dispensing 0.101 mL then waiting 12.852779868990183 s
2025-11-07 16:01:35,910 - DEBUG - Blowing out 0.079 mL
2025-11-07 16:01:36,116 - DEBUG - Selected small_tip for volume 0.101 mL
2025-11-07 16:01:36,116 - INFO - Pipetting from vial liquid_source_0, amount: 0.05 mL
2025-11-07 16:01:36,116 - INFO - Additional volume from calibration, amount: 0.001 mL
2025-11-07 16:01:36,116 - DEBUG - Adjusting pump 0 speed to 32
2025-11-07 16:01:36,116 - DEBUG - Aspirating 0.051 mL then waiting 25.44153342023492 s
2025-11-07 16:01:36,116 - DEBUG - Aspirating 0.050 mL then waiting 0 s
2025-11-07 16:01:36,116 - INFO - Pipetting into vial measurement_vial_0, amount: 0.05 mL
2025-11-07 16:01:36,116 - DEBUG - Adjusting pump 0 speed to 20
2025-11-07 16:01:36,124 - DEBUG - Dispensing 0.101 mL then waiting 12.852779868990183 s
2025-11-07 16:01:36,124 - DEBUG - Blowing out 0.079 mL
2025-11-07 16:01:36,333 - DEBUG - Selected small_tip for volume 0.101 mL
2025-11-07 16:01:36,333 - INFO - Pipetting from vial liquid_source_0, amount: 0.05 mL
2025-11-07 16:01:36,333 - INFO - Additional volume from calibration, amount: 0.001 mL
2025-11-07 16:01:36,333 - DEBUG - Adjusting pump 0 speed to 32
2025-11-07 16:01:36,333 - DEBUG - Aspirating 0.051 mL then waiting 25.44153342023492 s
2025-11-07 16:01:36,333 - DEBUG - Aspirating 0.050 mL then waiting 0 s
2025-11-07 16:01:36,333 - INFO - Pipetting into vial measurement_vial_0, amount: 0.05 mL
2025-11-07 16:01:36,333 - DEBUG - Adjusting pump 0 speed to 20
2025-11-07 16:01:36,342 - DEBUG - Dispensing 0.101 mL then waiting 12.852779868990183 s
2025-11-07 16:01:36,342 - DEBUG - Blowing out 0.079 mL
2025-11-07 16:01:36,581 - DEBUG - Selected small_tip for volume 0.107 mL
2025-11-07 16:01:36,581 - INFO - Pipetting from vial liquid_source_0, amount: 0.05 mL
2025-11-07 16:01:36,581 - INFO - Additional volume from calibration, amount: 0.007 mL
2025-11-07 16:01:36,601 - DEBUG - Adjusting pump 0 speed to 22
2025-11-07 16:01:36,602 - DEBUG - Aspirating 0.057 mL then waiting 13.368342155590653 s
2025-11-07 16:01:36,602 - DEBUG - Aspirating 0.050 mL then waiting 0 s
2025-11-07 16:01:36,610 - INFO - Pipetting into vial measurement_vial_0, amount: 0.05 mL
2025-11-07 16:01:36,611 - DEBUG - Adjusting pump 0 speed to 28
2025-11-07 16:01:36,611 - DEBUG - Dispensing 0.107 mL then waiting 27.554954756051302 s
2025-11-07 16:01:36,611 - DEBUG - Blowing out 0.110 mL
2025-11-07 16:01:36,835 - DEBUG - Selected small_tip for volume 0.107 mL
2025-11-07 16:01:36,839 - INFO - Pipetting from vial liquid_source_0, amount: 0.05 mL
2025-11-07 16:01:36,841 - INFO - Additional volume from calibration, amount: 0.007 mL
2025-11-07 16:01:36,849 - DEBUG - Adjusting pump 0 speed to 22
2025-11-07 16:01:36,850 - DEBUG - Aspirating 0.057 mL then waiting 13.368342155590653 s
2025-11-07 16:01:36,850 - DEBUG - Aspirating 0.050 mL then waiting 0 s
2025-11-07 16:01:36,858 - INFO - Pipetting into vial measurement_vial_0, amount: 0.05 mL
2025-11-07 16:01:36,861 - DEBUG - Adjusting pump 0 speed to 28
2025-11-07 16:01:36,861 - DEBUG - Dispensing 0.107 mL then waiting 27.554954756051302 s
2025-11-07 16:01:36,861 - DEBUG - Blowing out 0.110 mL
2025-11-07 16:01:37,083 - DEBUG - Selected small_tip for volume 0.107 mL
2025-11-07 16:01:37,083 - INFO - Pipetting from vial liquid_source_0, amount: 0.05 mL
2025-11-07 16:01:37,083 - INFO - Additional volume from calibration, amount: 0.007 mL
2025-11-07 16:01:37,102 - DEBUG - Adjusting pump 0 speed to 22
2025-11-07 16:01:37,103 - DEBUG - Aspirating 0.057 mL then waiting 13.368342155590653 s
2025-11-07 16:01:37,103 - DEBUG - Aspirating 0.050 mL then waiting 0 s
2025-11-07 16:01:37,106 - INFO - Pipetting into vial measurement_vial_0, amount: 0.05 mL
2025-11-07 16:01:37,107 - DEBUG - Adjusting pump 0 speed to 28
2025-11-07 16:01:37,107 - DEBUG - Dispensing 0.107 mL then waiting 27.554954756051302 s
2025-11-07 16:01:37,107 - DEBUG - Blowing out 0.110 mL
2025-11-07 16:01:37,335 - DEBUG - Selected small_tip for volume 0.101 mL
2025-11-07 16:01:37,335 - INFO - Pipetting from vial liquid_source_0, amount: 0.05 mL
2025-11-07 16:01:37,335 - INFO - Additional volume from calibration, amount: 0.001 mL
2025-11-07 16:01:37,351 - DEBUG - Adjusting pump 0 speed to 17
2025-11-07 16:01:37,352 - DEBUG - Aspirating 0.051 mL then waiting 6.319280611351132 s
2025-11-07 16:01:37,352 - DEBUG - Aspirating 0.050 mL then waiting 0 s
2025-11-07 16:01:37,358 - INFO - Pipetting into vial measurement_vial_0, amount: 0.05 mL
2025-11-07 16:01:37,360 - DEBUG - Adjusting pump 0 speed to 19
2025-11-07 16:01:37,360 - DEBUG - Dispensing 0.101 mL then waiting 24.89320646971464 s
2025-11-07 16:01:37,360 - DEBUG - Blowing out 0.191 mL
2025-11-07 16:01:37,581 - DEBUG - Selected small_tip for volume 0.101 mL
2025-11-07 16:01:37,583 - INFO - Pipetting from vial liquid_source_0, amount: 0.05 mL
2025-11-07 16:01:37,583 - INFO - Additional volume from calibration, amount: 0.001 mL
2025-11-07 16:01:37,585 - DEBUG - Adjusting pump 0 speed to 17
2025-11-07 16:01:37,585 - DEBUG - Aspirating 0.051 mL then waiting 6.319280611351132 s
2025-11-07 16:01:37,585 - DEBUG - Aspirating 0.050 mL then waiting 0 s
2025-11-07 16:01:37,586 - INFO - Pipetting into vial measurement_vial_0, amount: 0.05 mL
2025-11-07 16:01:37,588 - DEBUG - Adjusting pump 0 speed to 19
2025-11-07 16:01:37,588 - DEBUG - Dispensing 0.101 mL then waiting 24.89320646971464 s
2025-11-07 16:01:37,588 - DEBUG - Blowing out 0.191 mL
2025-11-07 16:01:37,802 - DEBUG - Selected small_tip for volume 0.101 mL
2025-11-07 16:01:37,802 - INFO - Pipetting from vial liquid_source_0, amount: 0.05 mL
2025-11-07 16:01:37,802 - INFO - Additional volume from calibration, amount: 0.001 mL
2025-11-07 16:01:37,814 - DEBUG - Adjusting pump 0 speed to 17
2025-11-07 16:01:37,815 - DEBUG - Aspirating 0.051 mL then waiting 6.319280611351132 s
2025-11-07 16:01:37,815 - DEBUG - Aspirating 0.050 mL then waiting 0 s
2025-11-07 16:01:37,823 - INFO - Pipetting into vial measurement_vial_0, amount: 0.05 mL
2025-11-07 16:01:37,826 - DEBUG - Adjusting pump 0 speed to 19
2025-11-07 16:01:37,828 - DEBUG - Dispensing 0.101 mL then waiting 24.89320646971464 s
2025-11-07 16:01:37,828 - DEBUG - Blowing out 0.191 mL
2025-11-07 16:01:38,145 - DEBUG - Selected small_tip for volume 0.104 mL
2025-11-07 16:01:38,148 - INFO - Pipetting from vial liquid_source_0, amount: 0.05 mL
2025-11-07 16:01:38,149 - INFO - Additional volume from calibration, amount: 0.004 mL
2025-11-07 16:01:38,155 - DEBUG - Adjusting pump 0 speed to 15
2025-11-07 16:01:38,155 - DEBUG - Aspirating 0.054 mL then waiting 22.48070776462555 s
2025-11-07 16:01:38,156 - DEBUG - Aspirating 0.050 mL then waiting 0 s
2025-11-07 16:01:38,162 - INFO - Pipetting into vial measurement_vial_0, amount: 0.05 mL
2025-11-07 16:01:38,163 - DEBUG - Adjusting pump 0 speed to 14
2025-11-07 16:01:38,168 - DEBUG - Dispensing 0.104 mL then waiting 5.529413223266602 s
2025-11-07 16:01:38,168 - DEBUG - Blowing out 0.153 mL
2025-11-07 16:01:38,389 - DEBUG - Selected small_tip for volume 0.104 mL
2025-11-07 16:01:38,389 - INFO - Pipetting from vial liquid_source_0, amount: 0.05 mL
2025-11-07 16:01:38,389 - INFO - Additional volume from calibration, amount: 0.004 mL
2025-11-07 16:01:38,411 - DEBUG - Adjusting pump 0 speed to 15
2025-11-07 16:01:38,412 - DEBUG - Aspirating 0.054 mL then waiting 22.48070776462555 s
2025-11-07 16:01:38,412 - DEBUG - Aspirating 0.050 mL then waiting 0 s
2025-11-07 16:01:38,421 - INFO - Pipetting into vial measurement_vial_0, amount: 0.05 mL
2025-11-07 16:01:38,425 - DEBUG - Adjusting pump 0 speed to 14
2025-11-07 16:01:38,429 - DEBUG - Dispensing 0.104 mL then waiting 5.529413223266602 s
2025-11-07 16:01:38,430 - DEBUG - Blowing out 0.153 mL
2025-11-07 16:01:38,656 - DEBUG - Selected small_tip for volume 0.104 mL
2025-11-07 16:01:38,656 - INFO - Pipetting from vial liquid_source_0, amount: 0.05 mL
2025-11-07 16:01:38,656 - INFO - Additional volume from calibration, amount: 0.004 mL
2025-11-07 16:01:38,677 - DEBUG - Adjusting pump 0 speed to 15
2025-11-07 16:01:38,677 - DEBUG - Aspirating 0.054 mL then waiting 22.48070776462555 s
2025-11-07 16:01:38,678 - DEBUG - Aspirating 0.050 mL then waiting 0 s
2025-11-07 16:01:38,685 - INFO - Pipetting into vial measurement_vial_0, amount: 0.05 mL
2025-11-07 16:01:38,689 - DEBUG - Adjusting pump 0 speed to 14
2025-11-07 16:01:38,692 - DEBUG - Dispensing 0.104 mL then waiting 5.529413223266602 s
2025-11-07 16:01:38,692 - DEBUG - Blowing out 0.153 mL
2025-11-07 16:01:38,955 - DEBUG - Selected small_tip for volume 0.107 mL
2025-11-07 16:01:38,955 - INFO - Pipetting from vial liquid_source_0, amount: 0.05 mL
2025-11-07 16:01:38,955 - INFO - Additional volume from calibration, amount: 0.007 mL
2025-11-07 16:01:38,955 - DEBUG - Adjusting pump 0 speed to 24
2025-11-07 16:01:38,955 - DEBUG - Aspirating 0.057 mL then waiting 2.4461414013057947 s
2025-11-07 16:01:38,955 - DEBUG - Aspirating 0.050 mL then waiting 0 s
2025-11-07 16:01:38,955 - INFO - Pipetting into vial measurement_vial_0, amount: 0.05 mL
2025-11-07 16:01:38,955 - DEBUG - Adjusting pump 0 speed to 34
2025-11-07 16:01:38,962 - DEBUG - Dispensing 0.107 mL then waiting 19.878292763605714 s
2025-11-07 16:01:38,962 - DEBUG - Blowing out 0.036 mL
2025-11-07 16:01:39,167 - DEBUG - Selected small_tip for volume 0.107 mL
2025-11-07 16:01:39,167 - INFO - Pipetting from vial liquid_source_0, amount: 0.05 mL
2025-11-07 16:01:39,167 - INFO - Additional volume from calibration, amount: 0.007 mL
2025-11-07 16:01:39,186 - DEBUG - Adjusting pump 0 speed to 24
2025-11-07 16:01:39,187 - DEBUG - Aspirating 0.057 mL then waiting 2.4461414013057947 s
2025-11-07 16:01:39,187 - DEBUG - Aspirating 0.050 mL then waiting 0 s
2025-11-07 16:01:39,195 - INFO - Pipetting into vial measurement_vial_0, amount: 0.05 mL
2025-11-07 16:01:39,195 - DEBUG - Adjusting pump 0 speed to 34
2025-11-07 16:01:39,195 - DEBUG - Dispensing 0.107 mL then waiting 19.878292763605714 s
2025-11-07 16:01:39,195 - DEBUG - Blowing out 0.036 mL
2025-11-07 16:01:39,419 - DEBUG - Selected small_tip for volume 0.107 mL
2025-11-07 16:01:39,419 - INFO - Pipetting from vial liquid_source_0, amount: 0.05 mL
2025-11-07 16:01:39,419 - INFO - Additional volume from calibration, amount: 0.007 mL
2025-11-07 16:01:39,441 - DEBUG - Adjusting pump 0 speed to 24
2025-11-07 16:01:39,441 - DEBUG - Aspirating 0.057 mL then waiting 2.4461414013057947 s
2025-11-07 16:01:39,441 - DEBUG - Aspirating 0.050 mL then waiting 0 s
2025-11-07 16:01:39,449 - INFO - Pipetting into vial measurement_vial_0, amount: 0.05 mL
2025-11-07 16:01:39,449 - DEBUG - Adjusting pump 0 speed to 34
2025-11-07 16:01:39,456 - DEBUG - Dispensing 0.107 mL then waiting 19.878292763605714 s
2025-11-07 16:01:39,456 - DEBUG - Blowing out 0.036 mL
2025-11-07 16:01:39,702 - DEBUG - Selected small_tip for volume 0.102 mL
2025-11-07 16:01:39,702 - INFO - Pipetting from vial liquid_source_0, amount: 0.05 mL
2025-11-07 16:01:39,702 - INFO - Additional volume from calibration, amount: 0.002 mL
2025-11-07 16:01:39,702 - DEBUG - Adjusting pump 0 speed to 32
2025-11-07 16:01:39,702 - DEBUG - Aspirating 0.052 mL then waiting 25.44153342023492 s
2025-11-07 16:01:39,702 - DEBUG - Aspirating 0.050 mL then waiting 0 s
2025-11-07 16:01:39,702 - INFO - Pipetting into vial measurement_vial_0, amount: 0.05 mL
2025-11-07 16:01:39,702 - DEBUG - Adjusting pump 0 speed to 20
2025-11-07 16:01:39,709 - DEBUG - Dispensing 0.102 mL then waiting 12.852779868990183 s
2025-11-07 16:01:39,709 - DEBUG - Blowing out 0.079 mL
2025-11-07 16:01:39,920 - DEBUG - Selected small_tip for volume 0.102 mL
2025-11-07 16:01:39,920 - INFO - Pipetting from vial liquid_source_0, amount: 0.05 mL
2025-11-07 16:01:39,920 - INFO - Additional volume from calibration, amount: 0.002 mL
2025-11-07 16:01:39,939 - DEBUG - Adjusting pump 0 speed to 32
2025-11-07 16:01:39,939 - DEBUG - Aspirating 0.052 mL then waiting 25.44153342023492 s
2025-11-07 16:01:39,939 - DEBUG - Aspirating 0.050 mL then waiting 0 s
2025-11-07 16:01:39,949 - INFO - Pipetting into vial measurement_vial_0, amount: 0.05 mL
2025-11-07 16:01:39,952 - DEBUG - Adjusting pump 0 speed to 20
2025-11-07 16:01:39,955 - DEBUG - Dispensing 0.102 mL then waiting 12.852779868990183 s
2025-11-07 16:01:39,956 - DEBUG - Blowing out 0.079 mL
2025-11-07 16:01:40,170 - DEBUG - Selected small_tip for volume 0.102 mL
2025-11-07 16:01:40,170 - INFO - Pipetting from vial liquid_source_0, amount: 0.05 mL
2025-11-07 16:01:40,170 - INFO - Additional volume from calibration, amount: 0.002 mL
2025-11-07 16:01:40,192 - DEBUG - Adjusting pump 0 speed to 32
2025-11-07 16:01:40,192 - DEBUG - Aspirating 0.052 mL then waiting 25.44153342023492 s
2025-11-07 16:01:40,192 - DEBUG - Aspirating 0.050 mL then waiting 0 s
2025-11-07 16:01:40,199 - INFO - Pipetting into vial measurement_vial_0, amount: 0.05 mL
2025-11-07 16:01:40,199 - DEBUG - Adjusting pump 0 speed to 20
2025-11-07 16:01:40,207 - DEBUG - Dispensing 0.102 mL then waiting 12.852779868990183 s
2025-11-07 16:01:40,207 - DEBUG - Blowing out 0.079 mL
2025-11-07 16:01:40,457 - DEBUG - Selected small_tip for volume 0.078 mL
2025-11-07 16:01:40,457 - INFO - Pipetting from vial liquid_source_0, amount: 0.025 mL
2025-11-07 16:01:40,457 - INFO - Additional volume from calibration, amount: 0.003 mL
2025-11-07 16:01:40,457 - DEBUG - Adjusting pump 0 speed to 15
2025-11-07 16:01:40,457 - DEBUG - Aspirating 0.028 mL then waiting 22.48070776462555 s
2025-11-07 16:01:40,457 - DEBUG - Aspirating 0.050 mL then waiting 0 s
2025-11-07 16:01:40,457 - INFO - Pipetting into vial measurement_vial_0, amount: 0.025 mL
2025-11-07 16:01:40,457 - DEBUG - Adjusting pump 0 speed to 14
2025-11-07 16:01:40,466 - DEBUG - Dispensing 0.078 mL then waiting 5.529413223266602 s
2025-11-07 16:01:40,466 - DEBUG - Blowing out 0.153 mL
2025-11-07 16:01:40,681 - DEBUG - Selected small_tip for volume 0.078 mL
2025-11-07 16:01:40,687 - INFO - Pipetting from vial liquid_source_0, amount: 0.025 mL
2025-11-07 16:01:40,688 - INFO - Additional volume from calibration, amount: 0.003 mL
2025-11-07 16:01:40,699 - DEBUG - Adjusting pump 0 speed to 15
2025-11-07 16:01:40,699 - DEBUG - Aspirating 0.028 mL then waiting 22.48070776462555 s
2025-11-07 16:01:40,701 - DEBUG - Aspirating 0.050 mL then waiting 0 s
2025-11-07 16:01:40,708 - INFO - Pipetting into vial measurement_vial_0, amount: 0.025 mL
2025-11-07 16:01:40,711 - DEBUG - Adjusting pump 0 speed to 14
2025-11-07 16:01:40,712 - DEBUG - Dispensing 0.078 mL then waiting 5.529413223266602 s
2025-11-07 16:01:40,712 - DEBUG - Blowing out 0.153 mL
2025-11-07 16:01:40,935 - DEBUG - Selected small_tip for volume 0.078 mL
2025-11-07 16:01:40,935 - INFO - Pipetting from vial liquid_source_0, amount: 0.025 mL
2025-11-07 16:01:40,935 - INFO - Additional volume from calibration, amount: 0.003 mL
2025-11-07 16:01:40,955 - DEBUG - Adjusting pump 0 speed to 15
2025-11-07 16:01:40,956 - DEBUG - Aspirating 0.028 mL then waiting 22.48070776462555 s
2025-11-07 16:01:40,956 - DEBUG - Aspirating 0.050 mL then waiting 0 s
2025-11-07 16:01:40,962 - INFO - Pipetting into vial measurement_vial_0, amount: 0.025 mL
2025-11-07 16:01:40,962 - DEBUG - Adjusting pump 0 speed to 14
2025-11-07 16:01:40,962 - DEBUG - Dispensing 0.078 mL then waiting 5.529413223266602 s
2025-11-07 16:01:40,962 - DEBUG - Blowing out 0.153 mL
2025-11-07 16:01:41,189 - DEBUG - Selected small_tip for volume 0.153 mL
2025-11-07 16:01:41,191 - INFO - Pipetting from vial liquid_source_0, amount: 0.1 mL
2025-11-07 16:01:41,191 - INFO - Additional volume from calibration, amount: 0.003 mL
2025-11-07 16:01:41,193 - DEBUG - Adjusting pump 0 speed to 15
2025-11-07 16:01:41,193 - DEBUG - Aspirating 0.103 mL then waiting 22.48070776462555 s
2025-11-07 16:01:41,194 - DEBUG - Aspirating 0.050 mL then waiting 0 s
2025-11-07 16:01:41,195 - INFO - Pipetting into vial measurement_vial_0, amount: 0.1 mL
2025-11-07 16:01:41,196 - DEBUG - Adjusting pump 0 speed to 14
2025-11-07 16:01:41,196 - DEBUG - Dispensing 0.153 mL then waiting 5.529413223266602 s
2025-11-07 16:01:41,196 - DEBUG - Blowing out 0.153 mL
2025-11-07 16:01:41,410 - DEBUG - Selected small_tip for volume 0.153 mL
2025-11-07 16:01:41,410 - INFO - Pipetting from vial liquid_source_0, amount: 0.1 mL
2025-11-07 16:01:41,410 - INFO - Additional volume from calibration, amount: 0.003 mL
2025-11-07 16:01:41,429 - DEBUG - Adjusting pump 0 speed to 15
2025-11-07 16:01:41,430 - DEBUG - Aspirating 0.103 mL then waiting 22.48070776462555 s
2025-11-07 16:01:41,430 - DEBUG - Aspirating 0.050 mL then waiting 0 s
2025-11-07 16:01:41,437 - INFO - Pipetting into vial measurement_vial_0, amount: 0.1 mL
2025-11-07 16:01:41,441 - DEBUG - Adjusting pump 0 speed to 14
2025-11-07 16:01:41,445 - DEBUG - Dispensing 0.153 mL then waiting 5.529413223266602 s
2025-11-07 16:01:41,446 - DEBUG - Blowing out 0.153 mL
2025-11-07 16:01:41,657 - DEBUG - Selected small_tip for volume 0.153 mL
2025-11-07 16:01:41,657 - INFO - Pipetting from vial liquid_source_0, amount: 0.1 mL
2025-11-07 16:01:41,657 - INFO - Additional volume from calibration, amount: 0.003 mL
2025-11-07 16:01:41,664 - DEBUG - Adjusting pump 0 speed to 15
2025-11-07 16:01:41,664 - DEBUG - Aspirating 0.103 mL then waiting 22.48070776462555 s
2025-11-07 16:01:41,664 - DEBUG - Aspirating 0.050 mL then waiting 0 s
2025-11-07 16:01:41,667 - INFO - Pipetting into vial measurement_vial_0, amount: 0.1 mL
2025-11-07 16:01:41,669 - DEBUG - Adjusting pump 0 speed to 14
2025-11-07 16:01:41,670 - DEBUG - Dispensing 0.153 mL then waiting 5.529413223266602 s
2025-11-07 16:01:41,671 - DEBUG - Blowing out 0.153 mL
2025-11-07 16:01:41,891 - DEBUG - Selected small_tip for volume 0.077 mL
2025-11-07 16:01:41,891 - INFO - Pipetting from vial liquid_source_0, amount: 0.025 mL
2025-11-07 16:01:41,891 - INFO - Additional volume from calibration, amount: 0.002 mL
2025-11-07 16:01:41,904 - DEBUG - Adjusting pump 0 speed to 15
2025-11-07 16:01:41,905 - DEBUG - Aspirating 0.027 mL then waiting 22.48070776462555 s
2025-11-07 16:01:41,905 - DEBUG - Aspirating 0.050 mL then waiting 0 s
2025-11-07 16:01:41,912 - INFO - Pipetting into vial measurement_vial_0, amount: 0.025 mL
2025-11-07 16:01:41,915 - DEBUG - Adjusting pump 0 speed to 14
2025-11-07 16:01:41,917 - DEBUG - Dispensing 0.077 mL then waiting 5.529413223266602 s
2025-11-07 16:01:41,917 - DEBUG - Blowing out 0.153 mL
2025-11-07 16:01:42,132 - DEBUG - Selected small_tip for volume 0.077 mL
2025-11-07 16:01:42,133 - INFO - Pipetting from vial liquid_source_0, amount: 0.025 mL
2025-11-07 16:01:42,134 - INFO - Additional volume from calibration, amount: 0.002 mL
2025-11-07 16:01:42,135 - DEBUG - Adjusting pump 0 speed to 15
2025-11-07 16:01:42,135 - DEBUG - Aspirating 0.027 mL then waiting 22.48070776462555 s
2025-11-07 16:01:42,135 - DEBUG - Aspirating 0.050 mL then waiting 0 s
2025-11-07 16:01:42,137 - INFO - Pipetting into vial measurement_vial_0, amount: 0.025 mL
2025-11-07 16:01:42,137 - DEBUG - Adjusting pump 0 speed to 14
2025-11-07 16:01:42,139 - DEBUG - Dispensing 0.077 mL then waiting 5.529413223266602 s
2025-11-07 16:01:42,139 - DEBUG - Blowing out 0.153 mL
2025-11-07 16:01:42,354 - DEBUG - Selected small_tip for volume 0.077 mL
2025-11-07 16:01:42,354 - INFO - Pipetting from vial liquid_source_0, amount: 0.025 mL
2025-11-07 16:01:42,354 - INFO - Additional volume from calibration, amount: 0.002 mL
2025-11-07 16:01:42,376 - DEBUG - Adjusting pump 0 speed to 15
2025-11-07 16:01:42,379 - DEBUG - Aspirating 0.027 mL then waiting 22.48070776462555 s
2025-11-07 16:01:42,379 - DEBUG - Aspirating 0.050 mL then waiting 0 s
2025-11-07 16:01:42,384 - INFO - Pipetting into vial measurement_vial_0, amount: 0.025 mL
2025-11-07 16:01:42,384 - DEBUG - Adjusting pump 0 speed to 14
2025-11-07 16:01:42,391 - DEBUG - Dispensing 0.077 mL then waiting 5.529413223266602 s
2025-11-07 16:01:42,391 - DEBUG - Blowing out 0.153 mL
2025-11-07 16:01:42,605 - DEBUG - Selected small_tip for volume 0.154 mL
2025-11-07 16:01:42,605 - INFO - Pipetting from vial liquid_source_0, amount: 0.1 mL
2025-11-07 16:01:42,621 - INFO - Additional volume from calibration, amount: 0.004 mL
2025-11-07 16:01:42,628 - DEBUG - Adjusting pump 0 speed to 15
2025-11-07 16:01:42,630 - DEBUG - Aspirating 0.104 mL then waiting 22.48070776462555 s
2025-11-07 16:01:42,631 - DEBUG - Aspirating 0.050 mL then waiting 0 s
2025-11-07 16:01:42,635 - INFO - Pipetting into vial measurement_vial_0, amount: 0.1 mL
2025-11-07 16:01:42,642 - DEBUG - Adjusting pump 0 speed to 14
2025-11-07 16:01:42,645 - DEBUG - Dispensing 0.154 mL then waiting 5.529413223266602 s
2025-11-07 16:01:42,645 - DEBUG - Blowing out 0.153 mL
2025-11-07 16:01:42,869 - DEBUG - Selected small_tip for volume 0.154 mL
2025-11-07 16:01:42,869 - INFO - Pipetting from vial liquid_source_0, amount: 0.1 mL
2025-11-07 16:01:42,869 - INFO - Additional volume from calibration, amount: 0.004 mL
2025-11-07 16:01:42,891 - DEBUG - Adjusting pump 0 speed to 15
2025-11-07 16:01:42,892 - DEBUG - Aspirating 0.104 mL then waiting 22.48070776462555 s
2025-11-07 16:01:42,892 - DEBUG - Aspirating 0.050 mL then waiting 0 s
2025-11-07 16:01:42,897 - INFO - Pipetting into vial measurement_vial_0, amount: 0.1 mL
2025-11-07 16:01:42,897 - DEBUG - Adjusting pump 0 speed to 14
2025-11-07 16:01:42,897 - DEBUG - Dispensing 0.154 mL then waiting 5.529413223266602 s
2025-11-07 16:01:42,897 - DEBUG - Blowing out 0.153 mL
2025-11-07 16:01:43,126 - DEBUG - Selected small_tip for volume 0.154 mL
2025-11-07 16:01:43,126 - INFO - Pipetting from vial liquid_source_0, amount: 0.1 mL
2025-11-07 16:01:43,126 - INFO - Additional volume from calibration, amount: 0.004 mL
2025-11-07 16:01:43,145 - DEBUG - Adjusting pump 0 speed to 15
2025-11-07 16:01:43,148 - DEBUG - Aspirating 0.104 mL then waiting 22.48070776462555 s
2025-11-07 16:01:43,149 - DEBUG - Aspirating 0.050 mL then waiting 0 s
2025-11-07 16:01:43,153 - INFO - Pipetting into vial measurement_vial_0, amount: 0.1 mL
2025-11-07 16:01:43,158 - DEBUG - Adjusting pump 0 speed to 14
2025-11-07 16:01:43,162 - DEBUG - Dispensing 0.154 mL then waiting 5.529413223266602 s
2025-11-07 16:01:43,163 - DEBUG - Blowing out 0.153 mL
