2026-06-04 11:55:37,198 - DEBUG - No workflow config provided - using default initialization
2026-06-04 11:55:37,198 - INFO - Launching status review GUI...
2026-06-04 11:55:37,376 - INFO - Detected workflow name: two_point_series_calibration_demo
2026-06-04 11:55:37,756 - INFO - Config editor loaded for workflow: two_point_series_calibration_demo
2026-06-04 11:55:47,363 - INFO - User selected: Run Workflow
2026-06-04 11:55:47,372 - INFO - Status review completed - proceeding with hardware initialization
2026-06-04 11:55:48,150 - INFO - Initializing North Robot...
2026-06-04 11:55:48,152 - DEBUG - Loading robot configuration files...
2026-06-04 11:55:48,170 - DEBUG - Loaded vial positions configuration from robot_state/vial_positions.yaml
2026-06-04 11:55:48,172 - DEBUG - Loaded pipet tips configuration from robot_state/pipet_tips.yaml
2026-06-04 11:55:48,178 - DEBUG - Loaded pipet racks configuration from robot_state/pipet_racks.yaml
2026-06-04 11:55:48,181 - DEBUG - Loaded pump configuration from robot_state/syringe_pumps.yaml
2026-06-04 11:55:48,185 - DEBUG - Loaded robot hardware configuration from robot_state/robot_hardware.yaml
2026-06-04 11:55:48,187 - DEBUG - Loaded wellplate properties configuration from robot_state/wellplates.yaml
2026-06-04 11:55:48,187 - DEBUG - Loading robot state files...
2026-06-04 11:55:48,204 - DEBUG - Loaded vial data from status/calibration_vials_short.csv
2026-06-04 11:55:48,207 - DEBUG - Loaded robot status from robot_state/robot_status.yaml
2026-06-04 11:55:48,210 - DEBUG - Loaded wellplate positions from robot_state/wellplates.yaml
2026-06-04 11:55:48,210 - DEBUG - Robot status loaded successfully
2026-06-04 11:55:48,210 - INFO - Physical initialization of North Robot...
2026-06-04 11:55:51,702 - DEBUG - Loading pumps from YAML configuration...
2026-06-04 11:55:51,802 - DEBUG - Loaded pump 0: volume=1.0mL, speed=11, liquid=None
2026-06-04 11:55:51,902 - DEBUG - Loaded pump 1: volume=2.5mL, speed=15, liquid=water
2026-06-04 11:55:51,902 - INFO - Moving robot to home position
2026-06-04 11:55:53,818 - DEBUG - Initializing centrifuge controller...
2026-06-04 11:55:53,818 - INFO - Initializing North Track...
2026-06-04 11:55:53,819 - DEBUG - Loading track status from file: robot_state/track_status.yaml
2026-06-04 11:55:53,819 - DEBUG - Getting track status from file: robot_state/track_status.yaml
2026-06-04 11:55:53,820 - DEBUG - Loaded track status from robot_state/track_status.yaml
2026-06-04 11:55:53,820 - DEBUG - Loading track positions from: robot_state/track_positions.yaml
2026-06-04 11:55:53,828 - DEBUG - Loaded track positions configuration from robot_state/track_positions.yaml
2026-06-04 11:55:53,828 - DEBUG - Loading robot hardware configuration from: robot_state/robot_hardware.yaml
2026-06-04 11:55:53,832 - DEBUG - Loaded robot hardware configuration from robot_state/robot_hardware.yaml
2026-06-04 11:55:53,836 - DEBUG - Loaded wellplate properties configuration from robot_state/wellplates.yaml
2026-06-04 11:55:53,907 - DEBUG - Moving North Track to home position
2026-06-04 11:55:53,907 - DEBUG - Detected origin position (0,0) - setting location to 'origin'
2026-06-04 11:55:53,908 - DEBUG - Updated gripper location to: origin at position {'x': 0, 'z': 0}
2026-06-04 11:55:53,911 - INFO - Homing all robot components...
2026-06-04 11:55:53,911 - DEBUG - Homing carousel...
2026-06-04 11:56:01,717 - DEBUG - Homing robot axes...
2026-06-04 11:56:13,909 - DEBUG - Homing pump 0...
2026-06-04 11:56:15,563 - DEBUG - Homing pump 1...
2026-06-04 11:56:17,232 - DEBUG - Homing track axes...
2026-06-04 11:56:17,232 - DEBUG - Homing track axis z_axis (axis 6)...
2026-06-04 11:56:20,781 - DEBUG - Homing track axis x_axis (axis 7)...
2026-06-04 11:56:24,778 - INFO - All robot components homed successfully
2026-06-04 11:56:24,784 - INFO - Moving vial glycerol to clamp: 0
2026-06-04 11:56:24,784 - DEBUG - Grabbing vial 0 with index 0
2026-06-04 11:56:27,066 - DEBUG - Dropping off vial 0 at location clamp with index 0
2026-06-04 11:56:30,229 - DEBUG - Vial move required for pipetting
2026-06-04 11:56:30,229 - INFO - Moving vial glycerol to safe pipetting location
2026-06-04 11:56:30,230 - INFO - Vial 0 already at clamp index 0, no move needed
2026-06-04 11:56:30,231 - DEBUG - Removing cap from clamped vial
2026-06-04 11:56:34,620 - INFO - Vial glycerol already at clamp index 0, no move needed
2026-06-04 11:56:38,459 - DEBUG - Applied dict param aspirate_speed=25.0
2026-06-04 11:56:38,460 - DEBUG - Applied dict param dispense_speed=15.0
2026-06-04 11:56:38,460 - DEBUG - Applied dict param aspirate_wait_time=23.1
2026-06-04 11:56:38,460 - DEBUG - Applied dict param dispense_wait_time=3.0
2026-06-04 11:56:38,460 - DEBUG - Applied dict param pre_asp_air_vol=0.088
2026-06-04 11:56:38,460 - DEBUG - Applied dict param retract_speed=5.0
2026-06-04 11:56:38,460 - DEBUG - Applied dict param blowout_vol=0.131
2026-06-04 11:56:38,460 - DEBUG - Applied dict param post_asp_air_vol=0.0
2026-06-04 11:56:38,460 - DEBUG - Applied dict param post_retract_wait_time=0.0
2026-06-04 11:56:38,460 - DEBUG - Applied dict param overaspirate_vol=0.0283670896326169
2026-06-04 11:56:38,461 - DEBUG - Applied dict param asp_disp_cycles=0
2026-06-04 11:56:38,462 - DEBUG - Selected small_tip for volume 0.025 mL
2026-06-04 11:56:38,464 - INFO - Getting small_tip (pipet number 28) from rack: small_tip_rack_2
2026-06-04 11:56:42,720 - INFO - Pipetting from vial glycerol, amount: 0.025 mL
2026-06-04 11:56:42,721 - INFO - Additional volume from calibration, amount: 0.028 mL
2026-06-04 11:56:42,722 - DEBUG - Adjusting pump 0 speed to 10
2026-06-04 11:56:45,515 - DEBUG - Aspirating 0.088 mL then waiting 0 s
2026-06-04 11:56:46,064 - DEBUG - Adjusting pump 0 speed to 25.0
2026-06-04 11:56:46,064 - WARNING - Converting pump speed 25.0 to integer 25
2026-06-04 11:56:46,384 - DEBUG - Aspirating 0.053 mL then waiting 23.1 s
2026-06-04 11:57:13,178 - DEBUG - Applied dict param aspirate_speed=25.0
2026-06-04 11:57:13,178 - DEBUG - Applied dict param dispense_speed=15.0
2026-06-04 11:57:13,178 - DEBUG - Applied dict param aspirate_wait_time=23.1
2026-06-04 11:57:13,178 - DEBUG - Applied dict param dispense_wait_time=3.0
2026-06-04 11:57:13,178 - DEBUG - Applied dict param pre_asp_air_vol=0.088
2026-06-04 11:57:13,178 - DEBUG - Applied dict param retract_speed=5.0
2026-06-04 11:57:13,178 - DEBUG - Applied dict param blowout_vol=0.131
2026-06-04 11:57:13,178 - DEBUG - Applied dict param post_asp_air_vol=0.0
2026-06-04 11:57:13,178 - DEBUG - Applied dict param post_retract_wait_time=0.0
2026-06-04 11:57:13,178 - DEBUG - Applied dict param overaspirate_vol=0.0283670896326169
2026-06-04 11:57:13,178 - DEBUG - Applied dict param asp_disp_cycles=0
2026-06-04 11:57:13,178 - INFO - Pipetting into vial glycerol, amount: 0.025 mL
2026-06-04 11:57:13,178 - DEBUG - Adjusting pump 0 speed to 15.0
2026-06-04 11:57:13,178 - WARNING - Converting pump speed 15.0 to integer 15
2026-06-04 11:57:15,011 - INFO - Short wait time (1.0s), allowing scale to settle after robot positioning...
2026-06-04 11:57:16,013 - INFO - Started continuous mass monitoring with pre-dispense baseline
2026-06-04 11:57:16,256 - DEBUG - Mass: 17.8727g at 0.001s (baseline_pre) steady=False
2026-06-04 11:57:16,658 - DEBUG - Mass: 17.8730g at 0.449s (baseline_pre) steady=True
2026-06-04 11:57:17,056 - DEBUG - Mass: 17.8842g at 0.850s (baseline_pre) steady=False
2026-06-04 11:57:17,457 - DEBUG - Mass: 17.8846g at 1.251s (baseline_pre) steady=False
2026-06-04 11:57:17,857 - DEBUG - Mass: 17.8851g at 1.650s (baseline_pre) steady=False
2026-06-04 11:57:18,016 - DEBUG - Dispensing 0.141 mL then waiting 3.0 s
2026-06-04 11:57:18,258 - DEBUG - Mass: 17.8849g at 2.051s (dispensing) steady=True
2026-06-04 11:57:18,657 - DEBUG - Mass: 17.8890g at 2.451s (dispensing) steady=False
2026-06-04 11:57:19,056 - DEBUG - Mass: 17.8892g at 2.851s (dispensing) steady=False
2026-06-04 11:57:19,455 - DEBUG - Mass: 17.8888g at 3.251s (dispensing) steady=False
2026-06-04 11:57:19,579 - DEBUG - Blowing out 0.131 mL
2026-06-04 11:57:19,579 - DEBUG - Adjusting pump 0 speed to 5
2026-06-04 11:57:19,857 - DEBUG - Mass: 17.8913g at 3.652s (dispensing) steady=False
2026-06-04 11:57:20,257 - DEBUG - Mass: 17.9080g at 4.051s (dispensing) steady=False
2026-06-04 11:57:20,656 - DEBUG - Mass: 17.9080g at 4.452s (dispensing) steady=False
2026-06-04 11:57:20,847 - DEBUG - Adjusting pump 0 speed to 15
2026-06-04 11:57:21,056 - DEBUG - Mass: 17.9084g at 4.852s (dispensing) steady=False
2026-06-04 11:57:21,456 - DEBUG - Mass: 17.9221g at 5.253s (dispensing) steady=False
2026-06-04 11:57:21,856 - DEBUG - Mass: 17.9238g at 5.653s (dispensing) steady=False
2026-06-04 11:57:22,256 - DEBUG - Mass: 17.9323g at 6.053s (dispensing) steady=False
2026-06-04 11:57:22,657 - DEBUG - Mass: 17.9322g at 6.453s (dispensing) steady=False
2026-06-04 11:57:23,056 - DEBUG - Mass: 17.9328g at 6.854s (dispensing) steady=False
2026-06-04 11:57:23,456 - DEBUG - Mass: 17.9280g at 7.252s (dispensing) steady=False
2026-06-04 11:57:23,856 - DEBUG - Mass: 17.9278g at 7.654s (dispensing) steady=False
2026-06-04 11:57:24,256 - DEBUG - Mass: 17.9275g at 8.054s (dispensing) steady=False
2026-06-04 11:57:24,658 - DEBUG - Mass: 17.9276g at 8.454s (dispensing) steady=True
2026-06-04 11:57:25,057 - DEBUG - Mass: 17.9276g at 8.855s (dispensing) steady=True
2026-06-04 11:57:25,458 - DEBUG - Mass: 17.9276g at 9.255s (dispensing) steady=True
2026-06-04 11:57:25,858 - DEBUG - Mass: 17.9276g at 9.654s (dispensing) steady=True
2026-06-04 11:57:26,117 - INFO - Dispensing took 8.101s, collecting post-dispense baseline
2026-06-04 11:57:26,258 - DEBUG - Mass: 17.9276g at 10.055s (dispensing) steady=True
2026-06-04 11:57:26,657 - DEBUG - Mass: 17.9276g at 10.455s (baseline_post) steady=True
2026-06-04 11:57:27,057 - DEBUG - Mass: 17.9276g at 10.856s (baseline_post) steady=True
2026-06-04 11:57:27,457 - DEBUG - Mass: 17.9276g at 11.256s (baseline_post) steady=True
2026-06-04 11:57:27,858 - DEBUG - Mass: 17.9276g at 11.656s (baseline_post) steady=True
2026-06-04 11:57:28,258 - DEBUG - Mass: 17.9276g at 12.056s (baseline_post) steady=True
2026-06-04 11:57:28,469 - INFO - Stopped continuous mass monitoring. Collected 31 data points
2026-06-04 11:57:28,469 - INFO - Pre-baseline: 1 stable readings, avg=17.873000g
2026-06-04 11:57:28,469 - INFO - Post-baseline: 5 stable readings, avg=17.927600g
2026-06-04 11:57:28,469 - INFO - INDEPENDENT BASELINE calculation:
2026-06-04 11:57:28,469 - INFO - Pre: STABLE, Post: STABLE, Mass difference: 0.054600g
2026-06-04 11:57:28,479 - INFO - Reading summary: 5 pre-readings (1 stable), 5 post-readings (5 stable)
2026-06-04 11:57:28,479 - INFO - Baseline variability: pre_std=0.006463g, post_std=0.000000g
2026-06-04 11:57:28,479 - INFO - Target: 0.025 mL = ~0.025000 g for water
2026-06-04 11:57:28,482 - INFO - Saved 31 mass measurements to output\mass_measurements\experiment_log2026-06-04_11-55-37\mass_data_glycerol_20260604_115728.csv
2026-06-04 11:57:29,116 - INFO - Saved dispense mass vs time plot to output\mass_measurements\experiment_log2026-06-04_11-55-37\mass_plot_glycerol_20260604_115728.png
2026-06-04 11:57:29,116 - INFO - Removing pipet
2026-06-04 11:57:32,450 - INFO - Vial glycerol already at clamp index 0, no move needed
2026-06-04 11:57:33,463 - INFO - Vial glycerol already at clamp index 0, no move needed
2026-06-04 11:57:33,658 - DEBUG - Applied dict param aspirate_speed=25.0
2026-06-04 11:57:33,659 - DEBUG - Applied dict param dispense_speed=15.0
2026-06-04 11:57:33,659 - DEBUG - Applied dict param aspirate_wait_time=23.1
2026-06-04 11:57:33,659 - DEBUG - Applied dict param dispense_wait_time=3.0
2026-06-04 11:57:33,659 - DEBUG - Applied dict param pre_asp_air_vol=0.088
2026-06-04 11:57:33,659 - DEBUG - Applied dict param retract_speed=5.0
2026-06-04 11:57:33,659 - DEBUG - Applied dict param blowout_vol=0.131
2026-06-04 11:57:33,659 - DEBUG - Applied dict param post_asp_air_vol=0.0
2026-06-04 11:57:33,659 - DEBUG - Applied dict param post_retract_wait_time=0.0
2026-06-04 11:57:33,659 - DEBUG - Applied dict param overaspirate_vol=0.0283670896326169
2026-06-04 11:57:33,659 - DEBUG - Applied dict param asp_disp_cycles=0
2026-06-04 11:57:33,660 - DEBUG - Selected small_tip for volume 0.025 mL
2026-06-04 11:57:33,661 - INFO - Getting small_tip (pipet number 29) from rack: small_tip_rack_2
2026-06-04 11:57:36,263 - INFO - Pipetting from vial glycerol, amount: 0.025 mL
2026-06-04 11:57:36,263 - INFO - Additional volume from calibration, amount: 0.028 mL
2026-06-04 11:57:36,265 - DEBUG - Adjusting pump 0 speed to 10
2026-06-04 11:57:39,092 - DEBUG - Aspirating 0.088 mL then waiting 0 s
2026-06-04 11:57:39,623 - DEBUG - Adjusting pump 0 speed to 25.0
2026-06-04 11:57:39,623 - WARNING - Converting pump speed 25.0 to integer 25
2026-06-04 11:57:39,958 - DEBUG - Aspirating 0.053 mL then waiting 23.1 s
2026-06-04 11:58:06,731 - DEBUG - Applied dict param aspirate_speed=25.0
2026-06-04 11:58:06,732 - DEBUG - Applied dict param dispense_speed=15.0
2026-06-04 11:58:06,732 - DEBUG - Applied dict param aspirate_wait_time=23.1
2026-06-04 11:58:06,732 - DEBUG - Applied dict param dispense_wait_time=3.0
2026-06-04 11:58:06,732 - DEBUG - Applied dict param pre_asp_air_vol=0.088
2026-06-04 11:58:06,732 - DEBUG - Applied dict param retract_speed=5.0
2026-06-04 11:58:06,732 - DEBUG - Applied dict param blowout_vol=0.131
2026-06-04 11:58:06,732 - DEBUG - Applied dict param post_asp_air_vol=0.0
2026-06-04 11:58:06,732 - DEBUG - Applied dict param post_retract_wait_time=0.0
2026-06-04 11:58:06,732 - DEBUG - Applied dict param overaspirate_vol=0.0283670896326169
2026-06-04 11:58:06,732 - DEBUG - Applied dict param asp_disp_cycles=0
2026-06-04 11:58:06,733 - INFO - Pipetting into vial glycerol, amount: 0.025 mL
2026-06-04 11:58:06,734 - DEBUG - Adjusting pump 0 speed to 15.0
2026-06-04 11:58:06,734 - WARNING - Converting pump speed 15.0 to integer 15
2026-06-04 11:58:08,574 - INFO - Short wait time (1.0s), allowing scale to settle after robot positioning...
2026-06-04 11:58:09,588 - INFO - Started continuous mass monitoring with pre-dispense baseline
2026-06-04 11:58:09,857 - DEBUG - Mass: 17.8648g at 0.000s (baseline_pre) steady=False
2026-06-04 11:58:10,259 - DEBUG - Mass: 17.8648g at 0.477s (baseline_pre) steady=True
