2026-03-20 14:47:55,754 - DEBUG - No workflow config provided - using default initialization
2026-03-20 14:47:55,754 - INFO - Launching status review GUI...
2026-03-20 14:47:55,920 - INFO - Detected workflow name: test_biotek_measure_wellplate
2026-03-20 14:47:55,945 - INFO - Config editor loaded for workflow: test_biotek_measure_wellplate
2026-03-20 14:48:02,001 - INFO - User selected: Run Workflow
2026-03-20 14:48:02,008 - INFO - Status review completed - proceeding with hardware initialization
2026-03-20 14:48:02,603 - INFO - Initializing North Robot...
2026-03-20 14:48:02,607 - DEBUG - Loading robot configuration files...
2026-03-20 14:48:02,619 - DEBUG - Loaded vial positions configuration from robot_state/vial_positions.yaml
2026-03-20 14:48:02,621 - DEBUG - Loaded pipet tips configuration from robot_state/pipet_tips.yaml
2026-03-20 14:48:02,627 - DEBUG - Loaded pipet racks configuration from robot_state/pipet_racks.yaml
2026-03-20 14:48:02,629 - DEBUG - Loaded pump configuration from robot_state/syringe_pumps.yaml
2026-03-20 14:48:02,632 - DEBUG - Loaded robot hardware configuration from robot_state/robot_hardware.yaml
2026-03-20 14:48:02,635 - DEBUG - Loaded wellplate properties configuration from robot_state/wellplates.yaml
2026-03-20 14:48:02,635 - DEBUG - Loading robot state files...
2026-03-20 14:48:02,635 - INFO - No vial file provided - operating without vial tracking
2026-03-20 14:48:02,641 - DEBUG - Loaded robot status from robot_state/robot_status.yaml
2026-03-20 14:48:02,645 - DEBUG - Loaded wellplate positions from robot_state/wellplates.yaml
2026-03-20 14:48:02,645 - DEBUG - Robot status loaded successfully
2026-03-20 14:48:02,645 - INFO - Physical initialization of North Robot...
2026-03-20 14:48:06,140 - DEBUG - Loading pumps from YAML configuration...
2026-03-20 14:48:06,252 - DEBUG - Loaded pump 0: volume=1.0mL, speed=11, liquid=None
2026-03-20 14:48:06,357 - DEBUG - Loaded pump 1: volume=2.5mL, speed=15, liquid=water
2026-03-20 14:48:06,357 - INFO - Moving robot to home position
2026-03-20 14:48:06,765 - DEBUG - Initializing centrifuge controller...
2026-03-20 14:48:12,520 - DEBUG - Current reader status: 0
2026-03-20 14:48:12,520 - INFO - Cytation5 is connected and ready
2026-03-20 14:48:12,520 - INFO - Initializing North Track...
2026-03-20 14:48:12,521 - DEBUG - Loading track status from file: robot_state/track_status.yaml
2026-03-20 14:48:12,521 - DEBUG - Getting track status from file: robot_state/track_status.yaml
2026-03-20 14:48:12,521 - DEBUG - Loaded track status from robot_state/track_status.yaml
2026-03-20 14:48:12,521 - DEBUG - Loading track positions from: robot_state/track_positions.yaml
2026-03-20 14:48:12,542 - DEBUG - Loaded track positions configuration from robot_state/track_positions.yaml
2026-03-20 14:48:12,542 - DEBUG - Loading robot hardware configuration from: robot_state/robot_hardware.yaml
2026-03-20 14:48:12,545 - DEBUG - Loaded robot hardware configuration from robot_state/robot_hardware.yaml
2026-03-20 14:48:12,549 - DEBUG - Loaded wellplate properties configuration from robot_state/wellplates.yaml
2026-03-20 14:48:12,621 - DEBUG - Moving North Track to home position
2026-03-20 14:48:12,621 - DEBUG - Detected origin position (0,0) - setting location to 'origin'
2026-03-20 14:48:12,621 - DEBUG - Updated gripper location to: origin at position {'x': 0, 'z': 0}
2026-03-20 14:48:12,621 - INFO - Measuring wellplate 0 with protocols: C:\Protocols\300_900_sweep.prt
2026-03-20 14:48:12,621 - DEBUG - Using robot plate type '96 WELL PLATE' -> Cytation plate type '96 WELL PLATE'
2026-03-20 14:48:12,621 - INFO - Moving robot to home position
2026-03-20 14:48:12,827 - INFO - Moving wellplate 0 to Cytation
2026-03-20 14:48:12,827 - DEBUG - Using robot plate type '96 WELL PLATE' -> Cytation plate type '96 WELL PLATE' for CarrierIn
2026-03-20 14:48:13,914 - DEBUG - Updated gripper location to: cytation_safe_area at position {'x': 47775, 'z': 0}
2026-03-20 14:48:13,914 - INFO - Grabbing wellplate from location: pipetting_area
2026-03-20 14:48:13,929 - DEBUG - No waypoint locations provided, skipping path movement
2026-03-20 14:48:17,410 - DEBUG - Opening gripper
2026-03-20 14:48:20,244 - DEBUG - Closing gripper
2026-03-20 14:48:22,699 - DEBUG - Updated gripper location to: pipetting_area at position {'x': 131600, 'z': 75000}
2026-03-20 14:48:24,518 - DEBUG - Updated gripper location to: cytation_safe_area at position {'x': 47775, 'z': 75000}
2026-03-20 14:48:26,602 - INFO - Releasing wellplate at location: cytation_tray
2026-03-20 14:48:26,602 - DEBUG - No waypoint locations provided, skipping path movement
2026-03-20 14:48:29,274 - DEBUG - Opening gripper
2026-03-20 14:48:31,591 - DEBUG - Updated gripper location to: cytation_tray at position {'x': 68400, 'z': 0}
2026-03-20 14:48:34,157 - DEBUG - Experiment created successfully.
2026-03-20 14:48:34,160 - DEBUG - Experiment Protocol Type: Standard
2026-03-20 14:48:34,162 - DEBUG - Grouping wells for plate type: 96 WELL PLATE
2026-03-20 14:48:34,169 - INFO - Running plate with wells: ['A1'] and protocol type: spectra
2026-03-20 14:48:36,543 - INFO - Read started. Waiting for completion...
2026-03-20 14:49:14,244 - INFO - Plate read completed successfully.
2026-03-20 14:49:14,436 - INFO - Moving wellplate 0 back from Cytation
2026-03-20 14:49:14,437 - DEBUG - Using robot plate type '96 WELL PLATE' -> Cytation plate type '96 WELL PLATE' for CarrierIn
2026-03-20 14:49:16,532 - INFO - Grabbing wellplate from location: cytation_tray
2026-03-20 14:49:16,532 - DEBUG - No waypoint locations provided, skipping path movement
2026-03-20 14:49:16,597 - DEBUG - Opening gripper
2026-03-20 14:49:19,146 - DEBUG - Closing gripper
2026-03-20 14:49:21,510 - DEBUG - Updated gripper location to: cytation_tray at position {'x': 68400, 'z': 0}
2026-03-20 14:49:22,073 - DEBUG - Updated gripper location to: cytation_safe_area at position {'x': 47775, 'z': 0}
2026-03-20 14:49:25,673 - INFO - Releasing wellplate at location: pipetting_area
2026-03-20 14:49:25,673 - DEBUG - No waypoint locations provided, skipping path movement
2026-03-20 14:49:29,923 - DEBUG - Opening gripper
2026-03-20 14:49:32,348 - DEBUG - Updated gripper location to: pipetting_area at position {'x': 131600, 'z': 75000}
2026-03-20 14:49:36,798 - DEBUG - Moving North Track to home position
2026-03-20 14:49:36,798 - DEBUG - Detected origin position (0,0) - setting location to 'origin'
2026-03-20 14:49:36,798 - DEBUG - Updated gripper location to: origin at position {'x': 0, 'z': 0}
