2026-05-27 11:37:18,335 - DEBUG - No workflow config provided - using default initialization
2026-05-27 11:37:18,335 - INFO - GUI disabled - skipping status review, proceeding directly to hardware initialization
2026-05-27 11:37:18,728 - INFO - Initializing North Robot...
2026-05-27 11:37:18,728 - DEBUG - Loading robot configuration files...
2026-05-27 11:37:18,744 - DEBUG - Loaded vial positions configuration from robot_state/vial_positions.yaml
2026-05-27 11:37:18,744 - DEBUG - Loaded pipet tips configuration from robot_state/pipet_tips.yaml
2026-05-27 11:37:18,765 - DEBUG - Loaded pipet racks configuration from robot_state/pipet_racks.yaml
2026-05-27 11:37:18,767 - DEBUG - Loaded pump configuration from robot_state/syringe_pumps.yaml
2026-05-27 11:37:18,770 - DEBUG - Loaded robot hardware configuration from robot_state/robot_hardware.yaml
2026-05-27 11:37:18,772 - DEBUG - Loaded wellplate properties configuration from robot_state/wellplates.yaml
2026-05-27 11:37:18,772 - DEBUG - Loading robot state files...
2026-05-27 11:37:18,772 - DEBUG - Loaded vial data from status/calibration_vials_short.csv
2026-05-27 11:37:18,772 - DEBUG - Loaded robot status from robot_state/robot_status.yaml
2026-05-27 11:37:18,772 - DEBUG - Loaded wellplate positions from robot_state/wellplates.yaml
2026-05-27 11:37:18,772 - DEBUG - Robot status loaded successfully
2026-05-27 11:37:18,772 - INFO - Physical initialization of North Robot...
2026-05-27 11:37:22,317 - DEBUG - Loading pumps from YAML configuration...
2026-05-27 11:37:22,427 - DEBUG - Loaded pump 0: volume=1.0mL, speed=11, liquid=None
2026-05-27 11:37:22,536 - DEBUG - Loaded pump 1: volume=2.5mL, speed=15, liquid=water
2026-05-27 11:37:22,536 - INFO - Moving robot to home position
2026-05-27 11:37:22,936 - DEBUG - Initializing centrifuge controller...
2026-05-27 11:37:22,936 - INFO - Initializing North Track...
2026-05-27 11:37:22,936 - DEBUG - Loading track status from file: robot_state/track_status.yaml
2026-05-27 11:37:22,936 - DEBUG - Getting track status from file: robot_state/track_status.yaml
2026-05-27 11:37:22,936 - DEBUG - Loaded track status from robot_state/track_status.yaml
2026-05-27 11:37:22,936 - DEBUG - Loading track positions from: robot_state/track_positions.yaml
2026-05-27 11:37:22,936 - DEBUG - Loaded track positions configuration from robot_state/track_positions.yaml
2026-05-27 11:37:22,936 - DEBUG - Loading robot hardware configuration from: robot_state/robot_hardware.yaml
2026-05-27 11:37:22,936 - DEBUG - Loaded robot hardware configuration from robot_state/robot_hardware.yaml
2026-05-27 11:37:22,953 - DEBUG - Loaded wellplate properties configuration from robot_state/wellplates.yaml
2026-05-27 11:37:23,020 - DEBUG - Moving North Track to home position
2026-05-27 11:37:23,020 - DEBUG - Detected origin position (0,0) - setting location to 'origin'
2026-05-27 11:37:23,020 - DEBUG - Updated gripper location to: origin at position {'x': 0, 'z': 0}
2026-05-27 11:37:23,020 - INFO - Homing all robot components...
2026-05-27 11:37:23,020 - DEBUG - Homing carousel...
2026-05-27 11:37:30,852 - DEBUG - Homing robot axes...
2026-05-27 11:37:43,064 - DEBUG - Homing pump 0...
2026-05-27 11:37:44,756 - DEBUG - Homing pump 1...
2026-05-27 11:37:46,427 - DEBUG - Homing track axes...
2026-05-27 11:37:46,427 - DEBUG - Homing track axis z_axis (axis 6)...
2026-05-27 11:37:49,961 - DEBUG - Homing track axis x_axis (axis 7)...
2026-05-27 11:37:54,022 - INFO - All robot components homed successfully
