2026-02-03 13:22:55,491 - INFO - Initializing North Robot...
2026-02-03 13:22:55,491 - DEBUG - Loading robot configuration files...
2026-02-03 13:22:55,491 - DEBUG - Loaded vial positions configuration from robot_state/vial_positions.yaml
2026-02-03 13:22:55,507 - DEBUG - Loaded pipet tips configuration from robot_state/pipet_tips.yaml
2026-02-03 13:22:55,513 - DEBUG - Loaded pipet racks configuration from robot_state/pipet_racks.yaml
2026-02-03 13:22:55,513 - DEBUG - Loaded pump configuration from robot_state/syringe_pumps.yaml
2026-02-03 13:22:55,513 - DEBUG - Loaded robot hardware configuration from robot_state/robot_hardware.yaml
2026-02-03 13:22:55,513 - DEBUG - Loaded wellplate properties configuration from robot_state/wellplates.yaml
2026-02-03 13:22:55,513 - DEBUG - Loading robot state files...
2026-02-03 13:22:55,533 - DEBUG - Loaded vial data from ../utoronto_demo/status/sample_input_vials.csv
2026-02-03 13:22:55,541 - DEBUG - Loaded robot status from robot_state/robot_status.yaml
2026-02-03 13:22:55,544 - DEBUG - Loaded wellplate positions from robot_state/wellplates.yaml
2026-02-03 13:22:55,544 - DEBUG - Robot status loaded successfully
2026-02-03 13:22:55,544 - INFO - Physical initialization of North Robot...
2026-02-03 13:22:59,030 - DEBUG - Loading pumps from YAML configuration...
2026-02-03 13:22:59,144 - DEBUG - Loaded pump 0: volume=1.0mL, speed=11, liquid=None
2026-02-03 13:22:59,246 - DEBUG - Loaded pump 1: volume=2.5mL, speed=15, liquid=water
2026-02-03 13:22:59,246 - INFO - Robot reports having a vial index for liquid but only 0.000 mL volume - skipping dispense
2026-02-03 13:22:59,246 - WARNING - The robot reports having a tip, removing the tip
2026-02-03 13:22:59,246 - INFO - Removing pipet
2026-02-03 13:23:02,076 - INFO - Moving robot to home position
2026-02-03 13:23:03,914 - DEBUG - Initializing centrifuge controller...
2026-02-03 13:23:03,914 - INFO - Initializing North Track...
2026-02-03 13:23:03,914 - DEBUG - Loading track status from file: robot_state/track_status.yaml
2026-02-03 13:23:03,914 - DEBUG - Getting track status from file: robot_state/track_status.yaml
2026-02-03 13:23:03,914 - DEBUG - Loaded track status from robot_state/track_status.yaml
2026-02-03 13:23:03,914 - DEBUG - Loading track positions from: robot_state/track_positions.yaml
2026-02-03 13:23:03,914 - DEBUG - Loaded track positions configuration from robot_state/track_positions.yaml
2026-02-03 13:23:03,914 - DEBUG - Loading robot hardware configuration from: robot_state/robot_hardware.yaml
2026-02-03 13:23:03,914 - DEBUG - Loaded robot hardware configuration from robot_state/robot_hardware.yaml
2026-02-03 13:23:03,914 - DEBUG - Loaded wellplate properties configuration from robot_state/wellplates.yaml
2026-02-03 13:23:03,994 - DEBUG - Moving North Track to home position
2026-02-03 13:23:03,994 - INFO - Moving vial target_vial to clamp: 0
2026-02-03 13:23:03,994 - DEBUG - Grabbing vial 2 with index 2
2026-02-03 13:23:06,608 - DEBUG - Dropping off vial 2 at location clamp with index 0
2026-02-03 13:23:11,817 - INFO - Dispensing 0.100 mL from target_vial to target_vial
2026-02-03 13:23:11,817 - DEBUG - Applied object param asp_disp_cycles=0
2026-02-03 13:23:11,817 - DEBUG - Applied object param aspirate_speed=10
2026-02-03 13:23:11,817 - DEBUG - Applied object param aspirate_wait_time=0.0
2026-02-03 13:23:11,817 - DEBUG - Applied object param blowout_vol=0.0
2026-02-03 13:23:11,817 - DEBUG - Applied object param dispense_speed=10
2026-02-03 13:23:11,818 - DEBUG - Applied object param dispense_wait_time=0.0
2026-02-03 13:23:11,818 - DEBUG - Applied object param overaspirate_vol=0.0
2026-02-03 13:23:11,818 - DEBUG - Applied object param post_asp_air_vol=0.0
2026-02-03 13:23:11,818 - DEBUG - Applied object param post_retract_wait_time=0.0
2026-02-03 13:23:11,818 - DEBUG - Applied object param pre_asp_air_vol=0.0
2026-02-03 13:23:11,818 - DEBUG - Applied object param retract_speed=10
2026-02-03 13:23:11,818 - DEBUG - Selected small_tip for volume 0.100 mL
2026-02-03 13:23:11,818 - INFO - Getting small_tip (pipet number 46) from rack: small_tip_rack_1
2026-02-03 13:23:16,970 - INFO - Pipetting from vial target_vial, amount: 0.100 mL
2026-02-03 13:23:16,970 - INFO - Additional volume from calibration, amount: 0.000 mL
2026-02-03 13:23:16,971 - DEBUG - Adjusting pump 0 speed to 10
2026-02-03 13:23:20,497 - DEBUG - Adjusting pump 0 speed to 10
2026-02-03 13:23:21,568 - DEBUG - Aspirating 0.100 mL then waiting 0.0 s
2026-02-03 13:23:31,557 - DEBUG - Applied object param asp_disp_cycles=0
2026-02-03 13:23:31,557 - DEBUG - Applied object param aspirate_speed=10
2026-02-03 13:23:31,557 - DEBUG - Applied object param aspirate_wait_time=0.0
2026-02-03 13:23:31,557 - DEBUG - Applied object param blowout_vol=0.0
2026-02-03 13:23:31,557 - DEBUG - Applied object param dispense_speed=10
2026-02-03 13:23:31,557 - DEBUG - Applied object param dispense_wait_time=0.0
2026-02-03 13:23:31,557 - DEBUG - Applied object param overaspirate_vol=0.0
2026-02-03 13:23:31,557 - DEBUG - Applied object param post_asp_air_vol=0.0
2026-02-03 13:23:31,557 - DEBUG - Applied object param post_retract_wait_time=0.0
2026-02-03 13:23:31,557 - DEBUG - Applied object param pre_asp_air_vol=0.0
2026-02-03 13:23:31,557 - DEBUG - Applied object param retract_speed=10
2026-02-03 13:23:31,557 - INFO - Pipetting into vial target_vial, amount: 0.100 mL
2026-02-03 13:23:31,557 - DEBUG - Adjusting pump 0 speed to 10
2026-02-03 13:23:33,282 - DEBUG - Dispensing 0.100 mL then waiting 0.0 s
2026-02-03 13:23:33,848 - INFO - Dispensing 0.100 mL from target_vial to target_vial
2026-02-03 13:23:33,848 - DEBUG - Applied object param asp_disp_cycles=0
2026-02-03 13:23:33,848 - DEBUG - Applied object param aspirate_speed=10
2026-02-03 13:23:33,848 - DEBUG - Applied object param aspirate_wait_time=0.0
2026-02-03 13:23:33,848 - DEBUG - Applied object param blowout_vol=0.0
2026-02-03 13:23:33,848 - DEBUG - Applied object param dispense_speed=10
2026-02-03 13:23:33,848 - DEBUG - Applied object param dispense_wait_time=0.0
2026-02-03 13:23:33,848 - DEBUG - Applied object param overaspirate_vol=0.0
2026-02-03 13:23:33,848 - DEBUG - Applied object param post_asp_air_vol=0.0
2026-02-03 13:23:33,848 - DEBUG - Applied object param post_retract_wait_time=0.0
2026-02-03 13:23:33,848 - DEBUG - Applied object param pre_asp_air_vol=0.0
2026-02-03 13:23:33,848 - DEBUG - Applied object param retract_speed=10
2026-02-03 13:23:33,848 - DEBUG - Selected small_tip for volume 0.100 mL
2026-02-03 13:23:33,848 - INFO - Pipetting from vial target_vial, amount: 0.100 mL
2026-02-03 13:23:33,848 - INFO - Additional volume from calibration, amount: 0.000 mL
2026-02-03 13:23:33,848 - DEBUG - Adjusting pump 0 speed to 10
