2026-05-19 15:47:43,412 - DEBUG - No workflow config provided - using default initialization
2026-05-19 15:47:43,413 - INFO - Launching status review GUI...
2026-05-19 15:47:43,753 - INFO - Detected workflow name: test_return_clamp_vial_home
2026-05-19 15:47:44,605 - INFO - Config editor loaded for workflow: test_return_clamp_vial_home
2026-05-19 15:47:49,049 - INFO - User selected: Run Workflow
2026-05-19 15:47:49,060 - INFO - Status review completed - proceeding with hardware initialization
2026-05-19 15:47:49,813 - INFO - Initializing North Robot...
2026-05-19 15:47:49,813 - DEBUG - Loading robot configuration files...
2026-05-19 15:47:49,845 - DEBUG - Loaded vial positions configuration from robot_state/vial_positions.yaml
2026-05-19 15:47:49,855 - DEBUG - Loaded pipet tips configuration from robot_state/pipet_tips.yaml
2026-05-19 15:47:49,870 - DEBUG - Loaded pipet racks configuration from robot_state/pipet_racks.yaml
2026-05-19 15:47:49,879 - DEBUG - Loaded pump configuration from robot_state/syringe_pumps.yaml
2026-05-19 15:47:49,888 - DEBUG - Loaded robot hardware configuration from robot_state/robot_hardware.yaml
2026-05-19 15:47:49,901 - DEBUG - Loaded wellplate properties configuration from robot_state/wellplates.yaml
2026-05-19 15:47:49,902 - DEBUG - Loading robot state files...
2026-05-19 15:47:49,907 - DEBUG - Loaded vial data from status/calibration_vials_short.csv
2026-05-19 15:47:49,909 - DEBUG - Loaded robot status from robot_state/robot_status.yaml
2026-05-19 15:47:49,913 - DEBUG - Loaded wellplate positions from robot_state/wellplates.yaml
2026-05-19 15:47:49,913 - DEBUG - Robot status loaded successfully
2026-05-19 15:47:49,913 - INFO - Physical initialization of North Robot...
2026-05-19 15:47:53,316 - DEBUG - Loading pumps from YAML configuration...
2026-05-19 15:47:53,426 - DEBUG - Loaded pump 0: volume=1.0mL, speed=11, liquid=None
2026-05-19 15:47:53,524 - DEBUG - Loaded pump 1: volume=2.5mL, speed=15, liquid=water
2026-05-19 15:47:53,524 - INFO - Robot reports having a vial index for liquid but only 0.000 mL volume - skipping dispense
2026-05-19 15:47:53,524 - WARNING - The robot reports having a tip, removing the tip
2026-05-19 15:47:53,524 - INFO - Removing pipet
2026-05-19 15:47:57,692 - WARNING - The robot reports having a cap in its gripper... Recapping the clamp vial...
2026-05-19 15:47:57,692 - DEBUG - Recapping clamped vial
2026-05-19 15:48:03,879 - INFO - Returning vial dmso to home location: main_8mL_rack index 27
2026-05-19 15:48:03,879 - INFO - Moving vial dmso to main_8mL_rack: 27
2026-05-19 15:48:03,879 - DEBUG - Grabbing vial 1 with index 1
2026-05-19 15:48:04,161 - DEBUG - Dropping off vial 1 at location main_8mL_rack with index 27
2026-05-19 15:48:07,399 - INFO - Moving robot to home position
2026-05-19 15:48:10,483 - DEBUG - Initializing centrifuge controller...
2026-05-19 15:48:10,483 - INFO - Initializing North Track...
2026-05-19 15:48:10,484 - DEBUG - Loading track status from file: robot_state/track_status.yaml
2026-05-19 15:48:10,484 - DEBUG - Getting track status from file: robot_state/track_status.yaml
2026-05-19 15:48:10,492 - DEBUG - Loaded track status from robot_state/track_status.yaml
2026-05-19 15:48:10,492 - DEBUG - Loading track positions from: robot_state/track_positions.yaml
2026-05-19 15:48:10,507 - DEBUG - Loaded track positions configuration from robot_state/track_positions.yaml
2026-05-19 15:48:10,507 - DEBUG - Loading robot hardware configuration from: robot_state/robot_hardware.yaml
2026-05-19 15:48:10,510 - DEBUG - Loaded robot hardware configuration from robot_state/robot_hardware.yaml
2026-05-19 15:48:10,510 - DEBUG - Loaded wellplate properties configuration from robot_state/wellplates.yaml
2026-05-19 15:48:10,583 - DEBUG - Moving North Track to home position
2026-05-19 15:48:10,583 - DEBUG - Detected origin position (0,0) - setting location to 'origin'
2026-05-19 15:48:10,587 - DEBUG - Updated gripper location to: origin at position {'x': 0, 'z': 0}
