2026-04-06 18:26:51,874 - DEBUG - No workflow config provided - using default initialization
2026-04-06 18:26:51,875 - INFO - GUI disabled - skipping status review, proceeding directly to hardware initialization
2026-04-06 18:26:51,875 - INFO - Initializing North Robot...
2026-04-06 18:26:51,876 - DEBUG - Loading robot configuration files...
2026-04-06 18:26:51,903 - DEBUG - Loaded vial positions configuration from robot_state/vial_positions.yaml
2026-04-06 18:26:51,915 - DEBUG - Loaded pipet tips configuration from robot_state/pipet_tips.yaml
2026-04-06 18:26:51,930 - DEBUG - Loaded pipet racks configuration from robot_state/pipet_racks.yaml
2026-04-06 18:26:51,940 - DEBUG - Loaded pump configuration from robot_state/syringe_pumps.yaml
2026-04-06 18:26:51,952 - DEBUG - Loaded robot hardware configuration from robot_state/robot_hardware.yaml
2026-04-06 18:26:51,965 - DEBUG - Loaded wellplate properties configuration from robot_state/wellplates.yaml
2026-04-06 18:26:51,965 - DEBUG - Loading robot state files...
2026-04-06 18:26:51,990 - DEBUG - Loaded vial data from status/calibration_vials_short.csv
2026-04-06 18:26:52,002 - DEBUG - Loaded robot status from robot_state/robot_status.yaml
2026-04-06 18:26:52,006 - DEBUG - Loaded wellplate positions from robot_state/wellplates.yaml
2026-04-06 18:26:52,006 - DEBUG - Robot status loaded successfully
2026-04-06 18:26:52,006 - INFO - Physical initialization of North Robot...
2026-04-06 18:26:52,008 - DEBUG - Loading pumps from YAML configuration...
2026-04-06 18:26:52,010 - DEBUG - Loaded pump 0: volume=1.0mL, speed=11, liquid=None
2026-04-06 18:26:52,010 - DEBUG - Loaded pump 1: volume=2.5mL, speed=15, liquid=water
2026-04-06 18:26:52,010 - INFO - Moving robot to home position
2026-04-06 18:26:52,011 - DEBUG - Initializing centrifuge controller...
2026-04-06 18:26:52,011 - INFO - Initializing North Track...
2026-04-06 18:26:52,011 - DEBUG - Loading track status from file: robot_state/track_status.yaml
2026-04-06 18:26:52,011 - DEBUG - Getting track status from file: robot_state/track_status.yaml
2026-04-06 18:26:52,026 - DEBUG - Loaded track status from robot_state/track_status.yaml
2026-04-06 18:26:52,026 - DEBUG - Loading track positions from: robot_state/track_positions.yaml
2026-04-06 18:26:52,050 - DEBUG - Loaded track positions configuration from robot_state/track_positions.yaml
2026-04-06 18:26:52,050 - DEBUG - Loading robot hardware configuration from: robot_state/robot_hardware.yaml
2026-04-06 18:26:52,053 - DEBUG - Loaded robot hardware configuration from robot_state/robot_hardware.yaml
2026-04-06 18:26:52,057 - DEBUG - Loaded wellplate properties configuration from robot_state/wellplates.yaml
2026-04-06 18:26:52,058 - DEBUG - Moving North Track to home position
2026-04-06 18:26:52,058 - DEBUG - Detected origin position (0,0) - setting location to 'origin'
2026-04-06 18:26:52,058 - DEBUG - Updated gripper location to: origin at position {'x': 0, 'z': 0}
2026-04-06 18:26:52,059 - DEBUG - Simulating robot component homing...
