2025-08-26 16:44:26,384 - INFO - Initializing North Robot...
2025-08-26 16:44:26,384 - DEBUG - Getting robot status from file: ../utoronto_demo/status/robot_status.yaml
2025-08-26 16:44:26,384 - DEBUG - Physical initialization of North Robot...
2025-08-26 16:44:26,713 - INFO - Moving robot to home position
2025-08-26 16:44:29,143 - DEBUG - Loading pumps...
2025-08-26 16:44:35,738 - DEBUG - Current reader status: 0
2025-08-26 16:44:35,738 - INFO - Cytation is connected
2025-08-26 16:44:35,738 - INFO - Initializing North Track...
2025-08-26 16:44:35,738 - DEBUG - Loading track status from file: ../utoronto_demo/status/track_status.yaml
2025-08-26 16:44:35,752 - DEBUG - Getting track status from file: ../utoronto_demo/status/track_status.yaml
2025-08-26 16:44:35,753 - INFO - Measuring wellplate 0 with protocols: C:\Protocols\Ilya_Measurement.prt
2025-08-26 16:44:35,753 - INFO - Moving robot to home position
2025-08-26 16:44:36,034 - INFO - Moving wellplate 0 to Cytation
2025-08-26 16:44:36,034 - INFO - Grabbing well plate 0 from NR
2025-08-26 16:44:36,034 - DEBUG - Opening gripper
2025-08-26 16:44:42,794 - DEBUG - Closing gripper
2025-08-26 16:44:45,292 - DEBUG - Moving gripper to Cytation
2025-08-26 16:44:50,883 - INFO - Releasing well plate in Cytation
2025-08-26 16:44:51,848 - DEBUG - Opening gripper
2025-08-26 16:44:58,002 - DEBUG - Experiment created successfully.
2025-08-26 16:44:58,006 - DEBUG - Experiment Protocol Type: Standard
2025-08-26 16:44:58,007 - DEBUG - Grouping wells for plate type: 96 WELL PLATE
2025-08-26 16:44:58,016 - INFO - Running plate with wells: ['A1', 'A2', 'A3', 'A4', 'A5', 'A6', 'A7', 'A8', 'A9', 'A10', 'A11', 'A12'] and protocol type: read
2025-08-26 16:45:00,594 - INFO - Read started. Waiting for completion...
2025-08-26 16:45:17,353 - INFO - Plate read completed.
2025-08-26 16:45:17,353 - DEBUG - Extracting measurement parameters from plate procedure.
2025-08-26 16:45:17,358 - DEBUG - Measurement types: ['590']
2025-08-26 16:45:17,521 - INFO - Moving wellplate 0 back from Cytation
2025-08-26 16:45:19,612 - INFO - Grabbing well plate from Cytation
2025-08-26 16:45:19,612 - DEBUG - Opening gripper
2025-08-26 16:45:22,100 - DEBUG - Closing gripper
2025-08-26 16:45:28,575 - INFO - Returning well plate to NR well plate stand 0
2025-08-26 16:45:32,484 - DEBUG - Opening gripper
2025-08-26 16:45:39,416 - DEBUG - Moving North Track to home position
