2026-04-02 16:21:25,179 - DEBUG - No workflow config provided - using default initialization
2026-04-02 16:21:25,179 - INFO - Launching status review GUI...
2026-04-02 16:21:25,487 - INFO - Detected workflow name: enhanced_SP_arm_position_program_v1.1_xy_coordinate_system
2026-04-02 16:21:25,932 - INFO - Config editor loaded for workflow: enhanced_SP_arm_position_program_v1.1_xy_coordinate_system
2026-04-02 16:21:30,830 - INFO - User selected: Run Workflow
2026-04-02 16:21:30,842 - INFO - Status review completed - proceeding with hardware initialization
2026-04-02 16:21:31,187 - INFO - Initializing North Robot...
2026-04-02 16:21:31,187 - DEBUG - Loading robot configuration files...
2026-04-02 16:21:31,198 - DEBUG - Loaded vial positions configuration from robot_state/vial_positions.yaml
2026-04-02 16:21:31,198 - DEBUG - Loaded pipet tips configuration from robot_state/pipet_tips.yaml
2026-04-02 16:21:31,212 - DEBUG - Loaded pipet racks configuration from robot_state/pipet_racks.yaml
2026-04-02 16:21:31,215 - DEBUG - Loaded pump configuration from robot_state/syringe_pumps.yaml
2026-04-02 16:21:31,217 - DEBUG - Loaded robot hardware configuration from robot_state/robot_hardware.yaml
2026-04-02 16:21:31,221 - DEBUG - Loaded wellplate properties configuration from robot_state/wellplates.yaml
2026-04-02 16:21:31,221 - DEBUG - Loading robot state files...
2026-04-02 16:21:31,226 - DEBUG - Loaded vial data from status/surfactant_grid_vials_expanded.csv
2026-04-02 16:21:31,226 - DEBUG - Loaded robot status from robot_state/robot_status.yaml
2026-04-02 16:21:31,243 - DEBUG - Loaded wellplate positions from robot_state/wellplates.yaml
2026-04-02 16:21:31,243 - DEBUG - Robot status loaded successfully
2026-04-02 16:21:31,243 - INFO - Physical initialization of North Robot...
2026-04-02 16:21:34,722 - DEBUG - Loading pumps from YAML configuration...
2026-04-02 16:21:34,834 - DEBUG - Loaded pump 0: volume=1.0mL, speed=11, liquid=None
2026-04-02 16:21:34,930 - DEBUG - Loaded pump 1: volume=2.5mL, speed=15, liquid=water
2026-04-02 16:21:34,930 - INFO - Moving robot to home position
2026-04-02 16:21:35,336 - DEBUG - Initializing centrifuge controller...
2026-04-02 16:21:41,186 - DEBUG - Current reader status: 0
2026-04-02 16:21:41,186 - INFO - Cytation5 is connected and ready
2026-04-02 16:21:41,187 - INFO - Initializing North Track...
2026-04-02 16:21:41,187 - DEBUG - Loading track status from file: robot_state/track_status.yaml
2026-04-02 16:21:41,188 - DEBUG - Getting track status from file: robot_state/track_status.yaml
2026-04-02 16:21:41,190 - DEBUG - Loaded track status from robot_state/track_status.yaml
2026-04-02 16:21:41,190 - DEBUG - Loading track positions from: robot_state/track_positions.yaml
2026-04-02 16:21:41,199 - DEBUG - Loaded track positions configuration from robot_state/track_positions.yaml
2026-04-02 16:21:41,199 - DEBUG - Loading robot hardware configuration from: robot_state/robot_hardware.yaml
2026-04-02 16:21:41,202 - DEBUG - Loaded robot hardware configuration from robot_state/robot_hardware.yaml
2026-04-02 16:21:41,206 - DEBUG - Loaded wellplate properties configuration from robot_state/wellplates.yaml
2026-04-02 16:21:41,271 - DEBUG - Moving North Track to home position
2026-04-02 16:21:41,271 - DEBUG - Detected origin position (0,0) - setting location to 'origin'
2026-04-02 16:21:41,271 - DEBUG - Updated gripper location to: origin at position {'x': 0, 'z': 0}
2026-04-02 16:22:34,433 - INFO - Getting small_tip (pipet number 34) from rack: small_tip_rack_1
