2026-04-17 14:54:13,376 - DEBUG - No workflow config provided - using default initialization
2026-04-17 14:54:13,376 - INFO - GUI disabled - skipping status review, proceeding directly to hardware initialization
2026-04-17 14:54:13,845 - INFO - Initializing North Robot...
2026-04-17 14:54:13,845 - DEBUG - Loading robot configuration files...
2026-04-17 14:54:13,865 - DEBUG - Loaded vial positions configuration from robot_state/vial_positions.yaml
2026-04-17 14:54:13,865 - DEBUG - Loaded pipet tips configuration from robot_state/pipet_tips.yaml
2026-04-17 14:54:13,871 - DEBUG - Loaded pipet racks configuration from robot_state/pipet_racks.yaml
2026-04-17 14:54:13,873 - DEBUG - Loaded pump configuration from robot_state/syringe_pumps.yaml
2026-04-17 14:54:13,875 - DEBUG - Loaded robot hardware configuration from robot_state/robot_hardware.yaml
2026-04-17 14:54:13,875 - DEBUG - Loaded wellplate properties configuration from robot_state/wellplates.yaml
2026-04-17 14:54:13,875 - DEBUG - Loading robot state files...
2026-04-17 14:54:13,875 - DEBUG - Loaded vial data from status/calibration_vials_short.csv
2026-04-17 14:54:13,875 - DEBUG - Loaded robot status from robot_state/robot_status.yaml
2026-04-17 14:54:13,892 - DEBUG - Loaded wellplate positions from robot_state/wellplates.yaml
2026-04-17 14:54:13,892 - DEBUG - Robot status loaded successfully
2026-04-17 14:54:13,893 - INFO - Physical initialization of North Robot...
2026-04-17 14:54:17,394 - DEBUG - Loading pumps from YAML configuration...
2026-04-17 14:54:17,490 - DEBUG - Loaded pump 0: volume=1.0mL, speed=11, liquid=None
2026-04-17 14:54:17,586 - DEBUG - Loaded pump 1: volume=2.5mL, speed=15, liquid=water
2026-04-17 14:54:17,586 - INFO - Robot reports having a vial index for liquid but only 0.000 mL volume - skipping dispense
2026-04-17 14:54:17,586 - WARNING - The robot reports having a tip, removing the tip
2026-04-17 14:54:17,586 - INFO - Removing pipet
2026-04-17 14:54:21,069 - INFO - Moving robot to home position
2026-04-17 14:54:22,910 - DEBUG - Initializing centrifuge controller...
2026-04-17 14:54:22,910 - INFO - Initializing North Track...
2026-04-17 14:54:22,910 - DEBUG - Loading track status from file: robot_state/track_status.yaml
2026-04-17 14:54:22,910 - DEBUG - Getting track status from file: robot_state/track_status.yaml
2026-04-17 14:54:22,910 - DEBUG - Loaded track status from robot_state/track_status.yaml
2026-04-17 14:54:22,910 - DEBUG - Loading track positions from: robot_state/track_positions.yaml
2026-04-17 14:54:22,910 - DEBUG - Loaded track positions configuration from robot_state/track_positions.yaml
2026-04-17 14:54:22,910 - DEBUG - Loading robot hardware configuration from: robot_state/robot_hardware.yaml
2026-04-17 14:54:22,910 - DEBUG - Loaded robot hardware configuration from robot_state/robot_hardware.yaml
2026-04-17 14:54:22,926 - DEBUG - Loaded wellplate properties configuration from robot_state/wellplates.yaml
2026-04-17 14:54:22,999 - DEBUG - Moving North Track to home position
2026-04-17 14:54:22,999 - DEBUG - Detected origin position (0,0) - setting location to 'origin'
2026-04-17 14:54:22,999 - DEBUG - Updated gripper location to: origin at position {'x': 0, 'z': 0}
2026-04-17 14:54:23,002 - INFO - Vial liquid_source_0 already at clamp index 0, no move needed
2026-04-17 14:54:23,002 - DEBUG - Applied object param asp_disp_cycles=0
2026-04-17 14:54:23,002 - DEBUG - Applied object param aspirate_speed=15
2026-04-17 14:54:23,002 - DEBUG - Applied object param aspirate_wait_time=0.0
2026-04-17 14:54:23,002 - DEBUG - Applied object param blowout_vol=0.5
2026-04-17 14:54:23,002 - DEBUG - Applied object param dispense_speed=5
2026-04-17 14:54:23,002 - DEBUG - Applied object param dispense_wait_time=0.0
2026-04-17 14:54:23,002 - DEBUG - Applied object param overaspirate_vol=0.0
2026-04-17 14:54:23,002 - DEBUG - Applied object param post_asp_air_vol=0.0
2026-04-17 14:54:23,002 - DEBUG - Applied object param post_retract_wait_time=0.0
2026-04-17 14:54:23,002 - DEBUG - Applied object param pre_asp_air_vol=0.0
2026-04-17 14:54:23,002 - DEBUG - Applied object param retract_speed=10
2026-04-17 14:54:23,002 - DEBUG - Selected small_tip for volume 0.060 mL
2026-04-17 14:54:23,002 - INFO - Getting small_tip (pipet number 12) from rack: small_tip_rack_1
2026-04-17 14:54:27,102 - INFO - Pipetting from vial liquid_source_0, amount: 0.060 mL
2026-04-17 14:54:27,102 - INFO - Additional volume from calibration, amount: 0.000 mL
2026-04-17 14:54:27,102 - DEBUG - Adjusting pump 0 speed to 10
2026-04-17 14:54:29,369 - DEBUG - Adjusting pump 0 speed to 15
2026-04-17 14:54:30,349 - DEBUG - Aspirating 0.060 mL then waiting 0.0 s
2026-04-17 14:54:31,195 - DEBUG - Applied object param asp_disp_cycles=0
2026-04-17 14:54:31,195 - DEBUG - Applied object param aspirate_speed=15
2026-04-17 14:54:31,195 - DEBUG - Applied object param aspirate_wait_time=0.0
2026-04-17 14:54:31,195 - DEBUG - Applied object param blowout_vol=0.5
2026-04-17 14:54:31,195 - DEBUG - Applied object param dispense_speed=5
2026-04-17 14:54:31,195 - DEBUG - Applied object param dispense_wait_time=0.0
2026-04-17 14:54:31,195 - DEBUG - Applied object param overaspirate_vol=0.0
2026-04-17 14:54:31,195 - DEBUG - Applied object param post_asp_air_vol=0.0
2026-04-17 14:54:31,195 - DEBUG - Applied object param post_retract_wait_time=0.0
2026-04-17 14:54:31,195 - DEBUG - Applied object param pre_asp_air_vol=0.0
2026-04-17 14:54:31,195 - DEBUG - Applied object param retract_speed=10
2026-04-17 14:54:31,197 - INFO - Pipetting into vial liquid_source_0, amount: 0.060 mL
2026-04-17 14:54:31,197 - DEBUG - Adjusting pump 0 speed to 5
2026-04-17 14:54:31,299 - DEBUG - Dispensing 0.060 mL then waiting 0.0 s
2026-04-17 14:54:31,602 - DEBUG - Blowing out 0.500 mL
2026-04-17 14:54:31,602 - DEBUG - Adjusting pump 0 speed to 5
2026-04-17 14:54:33,230 - DEBUG - Adjusting pump 0 speed to 5
2026-04-17 14:54:34,747 - DEBUG - Applied object param asp_disp_cycles=0
2026-04-17 14:54:34,747 - DEBUG - Applied object param aspirate_speed=15
2026-04-17 14:54:34,747 - DEBUG - Applied object param aspirate_wait_time=0.0
2026-04-17 14:54:34,747 - DEBUG - Applied object param blowout_vol=0.5
2026-04-17 14:54:34,747 - DEBUG - Applied object param dispense_speed=5
2026-04-17 14:54:34,747 - DEBUG - Applied object param dispense_wait_time=0.0
2026-04-17 14:54:34,747 - DEBUG - Applied object param overaspirate_vol=0.0
2026-04-17 14:54:34,747 - DEBUG - Applied object param post_asp_air_vol=0.0
2026-04-17 14:54:34,747 - DEBUG - Applied object param post_retract_wait_time=0.0
2026-04-17 14:54:34,747 - DEBUG - Applied object param pre_asp_air_vol=0.0
2026-04-17 14:54:34,747 - DEBUG - Applied object param retract_speed=10
2026-04-17 14:54:34,747 - DEBUG - Selected small_tip for volume 0.060 mL
2026-04-17 14:54:34,747 - INFO - Pipetting from vial liquid_source_0, amount: 0.060 mL
2026-04-17 14:54:34,747 - INFO - Additional volume from calibration, amount: 0.000 mL
2026-04-17 14:54:34,769 - DEBUG - Adjusting pump 0 speed to 10
2026-04-17 14:54:34,852 - DEBUG - Adjusting pump 0 speed to 15
2026-04-17 14:54:34,983 - DEBUG - Aspirating 0.060 mL then waiting 0.0 s
2026-04-17 14:54:35,835 - DEBUG - Applied object param asp_disp_cycles=0
2026-04-17 14:54:35,835 - DEBUG - Applied object param aspirate_speed=15
2026-04-17 14:54:35,835 - DEBUG - Applied object param aspirate_wait_time=0.0
2026-04-17 14:54:35,835 - DEBUG - Applied object param blowout_vol=0.5
2026-04-17 14:54:35,835 - DEBUG - Applied object param dispense_speed=5
2026-04-17 14:54:35,835 - DEBUG - Applied object param dispense_wait_time=0.0
2026-04-17 14:54:35,835 - DEBUG - Applied object param overaspirate_vol=0.0
2026-04-17 14:54:35,835 - DEBUG - Applied object param post_asp_air_vol=0.0
2026-04-17 14:54:35,835 - DEBUG - Applied object param post_retract_wait_time=0.0
2026-04-17 14:54:35,835 - DEBUG - Applied object param pre_asp_air_vol=0.0
2026-04-17 14:54:35,835 - DEBUG - Applied object param retract_speed=10
2026-04-17 14:54:35,837 - INFO - Pipetting into vial liquid_source_0, amount: 0.060 mL
2026-04-17 14:54:35,837 - DEBUG - Adjusting pump 0 speed to 5
2026-04-17 14:54:35,936 - DEBUG - Dispensing 0.060 mL then waiting 0.0 s
2026-04-17 14:54:36,303 - DEBUG - Blowing out 0.500 mL
2026-04-17 14:54:36,303 - DEBUG - Adjusting pump 0 speed to 5
2026-04-17 14:54:37,881 - DEBUG - Adjusting pump 0 speed to 5
2026-04-17 14:54:39,429 - DEBUG - Applied object param asp_disp_cycles=0
2026-04-17 14:54:39,429 - DEBUG - Applied object param aspirate_speed=15
2026-04-17 14:54:39,429 - DEBUG - Applied object param aspirate_wait_time=0.0
2026-04-17 14:54:39,429 - DEBUG - Applied object param blowout_vol=0.5
2026-04-17 14:54:39,429 - DEBUG - Applied object param dispense_speed=5
2026-04-17 14:54:39,429 - DEBUG - Applied object param dispense_wait_time=0.0
2026-04-17 14:54:39,429 - DEBUG - Applied object param overaspirate_vol=0.0
2026-04-17 14:54:39,429 - DEBUG - Applied object param post_asp_air_vol=0.0
2026-04-17 14:54:39,429 - DEBUG - Applied object param post_retract_wait_time=0.0
2026-04-17 14:54:39,429 - DEBUG - Applied object param pre_asp_air_vol=0.0
2026-04-17 14:54:39,429 - DEBUG - Applied object param retract_speed=10
2026-04-17 14:54:39,429 - DEBUG - Selected small_tip for volume 0.060 mL
2026-04-17 14:54:39,429 - INFO - Pipetting from vial liquid_source_0, amount: 0.060 mL
2026-04-17 14:54:39,429 - INFO - Additional volume from calibration, amount: 0.000 mL
2026-04-17 14:54:39,446 - DEBUG - Adjusting pump 0 speed to 10
2026-04-17 14:54:39,553 - DEBUG - Adjusting pump 0 speed to 15
2026-04-17 14:54:39,703 - DEBUG - Aspirating 0.060 mL then waiting 0.0 s
2026-04-17 14:54:40,580 - DEBUG - Applied object param asp_disp_cycles=0
2026-04-17 14:54:40,580 - DEBUG - Applied object param aspirate_speed=15
2026-04-17 14:54:40,580 - DEBUG - Applied object param aspirate_wait_time=0.0
2026-04-17 14:54:40,580 - DEBUG - Applied object param blowout_vol=0.5
2026-04-17 14:54:40,580 - DEBUG - Applied object param dispense_speed=5
2026-04-17 14:54:40,580 - DEBUG - Applied object param dispense_wait_time=0.0
2026-04-17 14:54:40,580 - DEBUG - Applied object param overaspirate_vol=0.0
2026-04-17 14:54:40,580 - DEBUG - Applied object param post_asp_air_vol=0.0
2026-04-17 14:54:40,580 - DEBUG - Applied object param post_retract_wait_time=0.0
2026-04-17 14:54:40,580 - DEBUG - Applied object param pre_asp_air_vol=0.0
2026-04-17 14:54:40,580 - DEBUG - Applied object param retract_speed=10
2026-04-17 14:54:40,582 - INFO - Pipetting into vial liquid_source_0, amount: 0.060 mL
2026-04-17 14:54:40,583 - DEBUG - Adjusting pump 0 speed to 5
2026-04-17 14:54:40,688 - DEBUG - Dispensing 0.060 mL then waiting 0.0 s
2026-04-17 14:54:41,039 - DEBUG - Blowing out 0.500 mL
2026-04-17 14:54:41,039 - DEBUG - Adjusting pump 0 speed to 5
2026-04-17 14:54:42,635 - DEBUG - Adjusting pump 0 speed to 5
2026-04-17 14:54:44,198 - DEBUG - Applied object param asp_disp_cycles=0
2026-04-17 14:54:44,198 - DEBUG - Applied object param aspirate_speed=15
2026-04-17 14:54:44,198 - DEBUG - Applied object param aspirate_wait_time=0.0
2026-04-17 14:54:44,198 - DEBUG - Applied object param blowout_vol=0.5
2026-04-17 14:54:44,198 - DEBUG - Applied object param dispense_speed=5
2026-04-17 14:54:44,198 - DEBUG - Applied object param dispense_wait_time=0.0
2026-04-17 14:54:44,198 - DEBUG - Applied object param overaspirate_vol=0.0
2026-04-17 14:54:44,198 - DEBUG - Applied object param post_asp_air_vol=0.0
2026-04-17 14:54:44,198 - DEBUG - Applied object param post_retract_wait_time=0.0
2026-04-17 14:54:44,198 - DEBUG - Applied object param pre_asp_air_vol=0.0
2026-04-17 14:54:44,198 - DEBUG - Applied object param retract_speed=10
2026-04-17 14:54:44,198 - DEBUG - Selected small_tip for volume 0.060 mL
2026-04-17 14:54:44,198 - INFO - Pipetting from vial liquid_source_0, amount: 0.060 mL
2026-04-17 14:54:44,198 - INFO - Additional volume from calibration, amount: 0.000 mL
2026-04-17 14:54:44,214 - DEBUG - Adjusting pump 0 speed to 10
2026-04-17 14:54:44,322 - DEBUG - Adjusting pump 0 speed to 15
2026-04-17 14:54:44,466 - DEBUG - Aspirating 0.060 mL then waiting 0.0 s
2026-04-17 14:54:45,383 - DEBUG - Applied object param asp_disp_cycles=0
2026-04-17 14:54:45,383 - DEBUG - Applied object param aspirate_speed=15
2026-04-17 14:54:45,383 - DEBUG - Applied object param aspirate_wait_time=0.0
2026-04-17 14:54:45,383 - DEBUG - Applied object param blowout_vol=0.5
2026-04-17 14:54:45,383 - DEBUG - Applied object param dispense_speed=5
2026-04-17 14:54:45,383 - DEBUG - Applied object param dispense_wait_time=0.0
2026-04-17 14:54:45,383 - DEBUG - Applied object param overaspirate_vol=0.0
2026-04-17 14:54:45,383 - DEBUG - Applied object param post_asp_air_vol=0.0
2026-04-17 14:54:45,383 - DEBUG - Applied object param post_retract_wait_time=0.0
2026-04-17 14:54:45,383 - DEBUG - Applied object param pre_asp_air_vol=0.0
2026-04-17 14:54:45,383 - DEBUG - Applied object param retract_speed=10
2026-04-17 14:54:45,385 - INFO - Pipetting into vial liquid_source_0, amount: 0.060 mL
2026-04-17 14:54:45,386 - DEBUG - Adjusting pump 0 speed to 5
2026-04-17 14:54:45,491 - DEBUG - Dispensing 0.060 mL then waiting 0.0 s
2026-04-17 14:54:45,875 - DEBUG - Blowing out 0.500 mL
2026-04-17 14:54:45,875 - DEBUG - Adjusting pump 0 speed to 5
2026-04-17 14:54:47,423 - DEBUG - Adjusting pump 0 speed to 5
2026-04-17 14:54:48,955 - INFO - Moving robot to home position
2026-04-17 14:55:07,381 - INFO - Vial liquid_source_0 already at clamp index 0, no move needed
2026-04-17 14:55:07,585 - DEBUG - Applied dict param aspirate_speed=10
2026-04-17 14:55:07,585 - DEBUG - Applied dict param dispense_speed=10
2026-04-17 14:55:07,585 - DEBUG - Applied dict param aspirate_wait_time=0.0
2026-04-17 14:55:07,585 - DEBUG - Applied dict param dispense_wait_time=0.0
2026-04-17 14:55:07,585 - DEBUG - Applied dict param pre_asp_air_vol=0.0
2026-04-17 14:55:07,585 - DEBUG - Applied dict param retract_speed=5
2026-04-17 14:55:07,585 - DEBUG - Applied dict param blowout_vol=0.0
2026-04-17 14:55:07,585 - DEBUG - Applied dict param post_asp_air_vol=0.0
2026-04-17 14:55:07,585 - DEBUG - Applied dict param post_retract_wait_time=0.0
2026-04-17 14:55:07,585 - DEBUG - Applied dict param overaspirate_vol=0.0
2026-04-17 14:55:07,586 - DEBUG - Applied dict param asp_disp_cycles=0
2026-04-17 14:55:07,587 - DEBUG - Selected small_tip for volume 0.050 mL
2026-04-17 14:55:07,588 - INFO - Pipetting from vial liquid_source_0, amount: 0.050 mL
2026-04-17 14:55:07,589 - INFO - Additional volume from calibration, amount: 0.000 mL
2026-04-17 14:55:07,591 - DEBUG - Adjusting pump 0 speed to 10
2026-04-17 14:55:10,477 - DEBUG - Adjusting pump 0 speed to 10
2026-04-17 14:55:11,335 - DEBUG - Aspirating 0.050 mL then waiting 0.0 s
2026-04-17 14:55:12,266 - DEBUG - Applied dict param aspirate_speed=10
2026-04-17 14:55:12,266 - DEBUG - Applied dict param dispense_speed=10
2026-04-17 14:55:12,266 - DEBUG - Applied dict param aspirate_wait_time=0.0
2026-04-17 14:55:12,266 - DEBUG - Applied dict param dispense_wait_time=0.0
2026-04-17 14:55:12,266 - DEBUG - Applied dict param pre_asp_air_vol=0.0
2026-04-17 14:55:12,266 - DEBUG - Applied dict param retract_speed=5
2026-04-17 14:55:12,266 - DEBUG - Applied dict param blowout_vol=0.0
2026-04-17 14:55:12,266 - DEBUG - Applied dict param post_asp_air_vol=0.0
2026-04-17 14:55:12,266 - DEBUG - Applied dict param post_retract_wait_time=0.0
2026-04-17 14:55:12,267 - DEBUG - Applied dict param overaspirate_vol=0.0
2026-04-17 14:55:12,267 - DEBUG - Applied dict param asp_disp_cycles=0
2026-04-17 14:55:12,268 - INFO - Pipetting into vial liquid_source_0, amount: 0.050 mL
2026-04-17 14:55:12,269 - DEBUG - Adjusting pump 0 speed to 10
2026-04-17 14:55:14,011 - INFO - Short wait time (1.0s), allowing scale to settle after robot positioning...
2026-04-17 14:55:15,012 - INFO - Started continuous mass monitoring with pre-dispense baseline
2026-04-17 14:55:15,186 - DEBUG - Mass: -0.0468g at 0.000s (baseline_pre) steady=True
2026-04-17 14:55:15,586 - DEBUG - Mass: -0.0468g at 0.377s (baseline_pre) steady=True
2026-04-17 14:55:15,987 - DEBUG - Mass: -0.0468g at 0.776s (baseline_pre) steady=True
2026-04-17 14:55:16,387 - DEBUG - Mass: -0.0468g at 1.177s (baseline_pre) steady=True
2026-04-17 14:55:16,787 - DEBUG - Mass: -0.0468g at 1.576s (baseline_pre) steady=True
2026-04-17 14:55:17,012 - DEBUG - Dispensing 0.050 mL then waiting 0.0 s
2026-04-17 14:55:17,187 - DEBUG - Mass: -0.0468g at 1.977s (baseline_pre) steady=True
2026-04-17 14:55:17,586 - DEBUG - Mass: -0.0176g at 2.377s (dispensing) steady=False
2026-04-17 14:55:17,649 - INFO - Dispensing took 0.637s, collecting post-dispense baseline
2026-04-17 14:55:17,985 - DEBUG - Mass: -0.0028g at 2.775s (baseline_post) steady=False
2026-04-17 14:55:18,385 - DEBUG - Mass: -0.0020g at 3.175s (baseline_post) steady=False
2026-04-17 14:55:18,785 - DEBUG - Mass: -0.0019g at 3.574s (baseline_post) steady=False
2026-04-17 14:55:19,185 - DEBUG - Mass: -0.0020g at 3.974s (baseline_post) steady=False
2026-04-17 14:55:19,587 - DEBUG - Mass: -0.0018g at 4.375s (baseline_post) steady=True
2026-04-17 14:55:19,788 - INFO - Stopped continuous mass monitoring. Collected 12 data points
2026-04-17 14:55:19,791 - INFO - Pre-baseline: 6 stable readings, avg=-0.046800g
2026-04-17 14:55:19,792 - INFO - Post-baseline: 1 stable readings, avg=-0.001800g
2026-04-17 14:55:19,792 - INFO - INDEPENDENT BASELINE calculation:
2026-04-17 14:55:19,792 - INFO - Pre: STABLE, Post: STABLE, Mass difference: 0.045000g
2026-04-17 14:55:19,793 - INFO - Reading summary: 6 pre-readings (6 stable), 5 post-readings (1 stable)
2026-04-17 14:55:19,793 - INFO - Baseline variability: pre_std=0.000000g, post_std=0.000400g
2026-04-17 14:55:19,793 - INFO - Target: 0.050 mL = ~0.050000 g for water
2026-04-17 14:55:19,796 - INFO - Saved 12 mass measurements to output\mass_measurements\experiment_log2026-04-17_14-54-13\mass_data_liquid_source_0_20260417_145519.csv
2026-04-17 14:55:20,259 - INFO - Saved dispense mass vs time plot to output\mass_measurements\experiment_log2026-04-17_14-54-13\mass_plot_liquid_source_0_20260417_145519.png
2026-04-17 14:55:20,264 - INFO - Vial liquid_source_0 already at clamp index 0, no move needed
2026-04-17 14:55:20,387 - DEBUG - Applied dict param aspirate_speed=10
2026-04-17 14:55:20,387 - DEBUG - Applied dict param dispense_speed=10
2026-04-17 14:55:20,387 - DEBUG - Applied dict param aspirate_wait_time=0.0
2026-04-17 14:55:20,387 - DEBUG - Applied dict param dispense_wait_time=0.0
2026-04-17 14:55:20,387 - DEBUG - Applied dict param pre_asp_air_vol=0.0
2026-04-17 14:55:20,387 - DEBUG - Applied dict param retract_speed=5
2026-04-17 14:55:20,387 - DEBUG - Applied dict param blowout_vol=0.0
2026-04-17 14:55:20,387 - DEBUG - Applied dict param post_asp_air_vol=0.0
2026-04-17 14:55:20,387 - DEBUG - Applied dict param post_retract_wait_time=0.0
2026-04-17 14:55:20,387 - DEBUG - Applied dict param overaspirate_vol=0.0
2026-04-17 14:55:20,387 - DEBUG - Applied dict param asp_disp_cycles=0
2026-04-17 14:55:20,388 - DEBUG - Selected small_tip for volume 0.050 mL
2026-04-17 14:55:20,391 - INFO - Pipetting from vial liquid_source_0, amount: 0.050 mL
2026-04-17 14:55:20,391 - INFO - Additional volume from calibration, amount: 0.000 mL
2026-04-17 14:55:20,393 - DEBUG - Adjusting pump 0 speed to 10
2026-04-17 14:55:21,390 - DEBUG - Adjusting pump 0 speed to 10
2026-04-17 14:55:22,258 - DEBUG - Aspirating 0.050 mL then waiting 0.0 s
2026-04-17 14:55:23,179 - DEBUG - Applied dict param aspirate_speed=10
2026-04-17 14:55:23,179 - DEBUG - Applied dict param dispense_speed=10
2026-04-17 14:55:23,179 - DEBUG - Applied dict param aspirate_wait_time=0.0
2026-04-17 14:55:23,179 - DEBUG - Applied dict param dispense_wait_time=0.0
2026-04-17 14:55:23,179 - DEBUG - Applied dict param pre_asp_air_vol=0.0
2026-04-17 14:55:23,179 - DEBUG - Applied dict param retract_speed=5
2026-04-17 14:55:23,179 - DEBUG - Applied dict param blowout_vol=0.0
2026-04-17 14:55:23,179 - DEBUG - Applied dict param post_asp_air_vol=0.0
2026-04-17 14:55:23,179 - DEBUG - Applied dict param post_retract_wait_time=0.0
2026-04-17 14:55:23,179 - DEBUG - Applied dict param overaspirate_vol=0.0
2026-04-17 14:55:23,179 - DEBUG - Applied dict param asp_disp_cycles=0
2026-04-17 14:55:23,181 - INFO - Pipetting into vial liquid_source_0, amount: 0.050 mL
2026-04-17 14:55:23,181 - DEBUG - Adjusting pump 0 speed to 10
2026-04-17 14:55:24,914 - INFO - Short wait time (1.0s), allowing scale to settle after robot positioning...
2026-04-17 14:55:25,915 - INFO - Started continuous mass monitoring with pre-dispense baseline
2026-04-17 14:55:26,187 - DEBUG - Mass: -0.0464g at 0.000s (baseline_pre) steady=True
2026-04-17 14:55:26,586 - DEBUG - Mass: -0.0464g at 0.473s (baseline_pre) steady=True
2026-04-17 14:55:26,986 - DEBUG - Mass: -0.0464g at 0.873s (baseline_pre) steady=True
2026-04-17 14:55:27,387 - DEBUG - Mass: -0.0464g at 1.272s (baseline_pre) steady=True
2026-04-17 14:55:27,787 - DEBUG - Mass: -0.0464g at 1.673s (baseline_pre) steady=True
2026-04-17 14:55:27,916 - DEBUG - Dispensing 0.050 mL then waiting 0.0 s
2026-04-17 14:55:28,186 - DEBUG - Mass: -0.0464g at 2.073s (dispensing) steady=True
2026-04-17 14:55:28,250 - INFO - Dispensing took 0.334s, collecting post-dispense baseline
2026-04-17 14:55:28,585 - DEBUG - Mass: -0.0038g at 2.473s (baseline_post) steady=False
2026-04-17 14:55:28,985 - DEBUG - Mass: -0.0022g at 2.872s (baseline_post) steady=False
2026-04-17 14:55:29,385 - DEBUG - Mass: -0.0016g at 3.271s (baseline_post) steady=False
2026-04-17 14:55:29,785 - DEBUG - Mass: -0.0019g at 3.672s (baseline_post) steady=False
2026-04-17 14:55:30,187 - DEBUG - Mass: -0.0018g at 4.072s (baseline_post) steady=True
2026-04-17 14:55:30,388 - INFO - Stopped continuous mass monitoring. Collected 11 data points
2026-04-17 14:55:30,392 - INFO - Pre-baseline: 5 stable readings, avg=-0.046400g
2026-04-17 14:55:30,392 - INFO - Post-baseline: 1 stable readings, avg=-0.001800g
2026-04-17 14:55:30,392 - INFO - INDEPENDENT BASELINE calculation:
2026-04-17 14:55:30,392 - INFO - Pre: STABLE, Post: STABLE, Mass difference: 0.044600g
2026-04-17 14:55:30,393 - INFO - Reading summary: 5 pre-readings (5 stable), 5 post-readings (1 stable)
2026-04-17 14:55:30,393 - INFO - Baseline variability: pre_std=0.000000g, post_std=0.000888g
2026-04-17 14:55:30,393 - INFO - Target: 0.050 mL = ~0.050000 g for water
2026-04-17 14:55:30,396 - INFO - Saved 11 mass measurements to output\mass_measurements\experiment_log2026-04-17_14-54-13\mass_data_liquid_source_0_20260417_145530.csv
2026-04-17 14:55:30,846 - INFO - Saved dispense mass vs time plot to output\mass_measurements\experiment_log2026-04-17_14-54-13\mass_plot_liquid_source_0_20260417_145530.png
2026-04-17 14:55:35,011 - INFO - Vial liquid_source_0 already at clamp index 0, no move needed
2026-04-17 14:55:35,187 - DEBUG - Applied dict param aspirate_speed=10
2026-04-17 14:55:35,187 - DEBUG - Applied dict param dispense_speed=5
2026-04-17 14:55:35,187 - DEBUG - Applied dict param aspirate_wait_time=0.0
2026-04-17 14:55:35,187 - DEBUG - Applied dict param dispense_wait_time=1.5
2026-04-17 14:55:35,187 - DEBUG - Applied dict param pre_asp_air_vol=0.0
2026-04-17 14:55:35,187 - DEBUG - Applied dict param retract_speed=5
2026-04-17 14:55:35,187 - DEBUG - Applied dict param blowout_vol=0.0
2026-04-17 14:55:35,187 - DEBUG - Applied dict param post_asp_air_vol=0.0
2026-04-17 14:55:35,188 - DEBUG - Applied dict param post_retract_wait_time=0.0
2026-04-17 14:55:35,188 - DEBUG - Applied dict param overaspirate_vol=0.0
2026-04-17 14:55:35,188 - DEBUG - Applied dict param asp_disp_cycles=0
2026-04-17 14:55:35,189 - DEBUG - Selected small_tip for volume 0.050 mL
2026-04-17 14:55:35,191 - INFO - Pipetting from vial liquid_source_0, amount: 0.050 mL
2026-04-17 14:55:35,191 - INFO - Additional volume from calibration, amount: 0.000 mL
2026-04-17 14:55:35,192 - DEBUG - Adjusting pump 0 speed to 10
2026-04-17 14:55:36,176 - DEBUG - Adjusting pump 0 speed to 10
2026-04-17 14:55:37,041 - DEBUG - Aspirating 0.050 mL then waiting 0.0 s
2026-04-17 14:55:37,965 - DEBUG - Applied dict param aspirate_speed=10
2026-04-17 14:55:37,966 - DEBUG - Applied dict param dispense_speed=5
2026-04-17 14:55:37,966 - DEBUG - Applied dict param aspirate_wait_time=0.0
2026-04-17 14:55:37,966 - DEBUG - Applied dict param dispense_wait_time=1.5
2026-04-17 14:55:37,966 - DEBUG - Applied dict param pre_asp_air_vol=0.0
2026-04-17 14:55:37,966 - DEBUG - Applied dict param retract_speed=5
2026-04-17 14:55:37,966 - DEBUG - Applied dict param blowout_vol=0.0
2026-04-17 14:55:37,966 - DEBUG - Applied dict param post_asp_air_vol=0.0
2026-04-17 14:55:37,966 - DEBUG - Applied dict param post_retract_wait_time=0.0
2026-04-17 14:55:37,966 - DEBUG - Applied dict param overaspirate_vol=0.0
2026-04-17 14:55:37,966 - DEBUG - Applied dict param asp_disp_cycles=0
2026-04-17 14:55:37,967 - INFO - Pipetting into vial liquid_source_0, amount: 0.050 mL
2026-04-17 14:55:37,969 - DEBUG - Adjusting pump 0 speed to 5
2026-04-17 14:55:39,803 - INFO - Short wait time (1.0s), allowing scale to settle after robot positioning...
2026-04-17 14:55:40,804 - INFO - Started continuous mass monitoring with pre-dispense baseline
2026-04-17 14:55:40,986 - DEBUG - Mass: -0.0469g at 0.000s (baseline_pre) steady=True
2026-04-17 14:55:41,387 - DEBUG - Mass: -0.0469g at 0.383s (baseline_pre) steady=True
2026-04-17 14:55:41,787 - DEBUG - Mass: -0.0469g at 0.784s (baseline_pre) steady=True
2026-04-17 14:55:42,186 - DEBUG - Mass: -0.0468g at 1.184s (baseline_pre) steady=True
2026-04-17 14:55:42,587 - DEBUG - Mass: -0.0468g at 1.583s (baseline_pre) steady=True
2026-04-17 14:55:42,805 - DEBUG - Dispensing 0.050 mL then waiting 1.5 s
2026-04-17 14:55:42,987 - DEBUG - Mass: -0.0468g at 1.984s (baseline_pre) steady=True
2026-04-17 14:55:43,385 - DEBUG - Mass: -0.0085g at 2.385s (dispensing) steady=False
2026-04-17 14:55:43,785 - DEBUG - Mass: -0.0025g at 2.782s (dispensing) steady=False
2026-04-17 14:55:44,185 - DEBUG - Mass: -0.0022g at 3.182s (dispensing) steady=False
2026-04-17 14:55:44,585 - DEBUG - Mass: -0.0018g at 3.582s (dispensing) steady=False
2026-04-17 14:55:44,950 - INFO - Dispensing took 2.145s, collecting post-dispense baseline
2026-04-17 14:55:44,985 - DEBUG - Mass: -0.0016g at 3.982s (dispensing) steady=False
2026-04-17 14:55:45,387 - DEBUG - Mass: -0.0018g at 4.382s (baseline_post) steady=True
2026-04-17 14:55:45,786 - DEBUG - Mass: -0.0018g at 4.783s (baseline_post) steady=True
2026-04-17 14:55:46,186 - DEBUG - Mass: -0.0018g at 5.184s (baseline_post) steady=True
2026-04-17 14:55:46,587 - DEBUG - Mass: -0.0018g at 5.583s (baseline_post) steady=True
2026-04-17 14:55:46,987 - DEBUG - Mass: -0.0018g at 5.984s (baseline_post) steady=True
2026-04-17 14:55:47,187 - INFO - Stopped continuous mass monitoring. Collected 16 data points
2026-04-17 14:55:47,191 - INFO - Pre-baseline: 6 stable readings, avg=-0.046850g
2026-04-17 14:55:47,191 - INFO - Post-baseline: 5 stable readings, avg=-0.001800g
2026-04-17 14:55:47,191 - INFO - INDEPENDENT BASELINE calculation:
2026-04-17 14:55:47,192 - INFO - Pre: STABLE, Post: STABLE, Mass difference: 0.045050g
2026-04-17 14:55:47,192 - INFO - Reading summary: 6 pre-readings (6 stable), 5 post-readings (5 stable)
2026-04-17 14:55:47,192 - INFO - Baseline variability: pre_std=0.000055g, post_std=0.000000g
2026-04-17 14:55:47,192 - INFO - Target: 0.050 mL = ~0.050000 g for water
2026-04-17 14:55:47,196 - INFO - Saved 16 mass measurements to output\mass_measurements\experiment_log2026-04-17_14-54-13\mass_data_liquid_source_0_20260417_145547.csv
2026-04-17 14:55:47,637 - INFO - Saved dispense mass vs time plot to output\mass_measurements\experiment_log2026-04-17_14-54-13\mass_plot_liquid_source_0_20260417_145547.png
2026-04-17 14:55:47,642 - INFO - Vial liquid_source_0 already at clamp index 0, no move needed
2026-04-17 14:55:47,787 - DEBUG - Applied dict param aspirate_speed=10
2026-04-17 14:55:47,787 - DEBUG - Applied dict param dispense_speed=5
2026-04-17 14:55:47,787 - DEBUG - Applied dict param aspirate_wait_time=0.0
2026-04-17 14:55:47,787 - DEBUG - Applied dict param dispense_wait_time=1.5
2026-04-17 14:55:47,787 - DEBUG - Applied dict param pre_asp_air_vol=0.0
2026-04-17 14:55:47,787 - DEBUG - Applied dict param retract_speed=5
2026-04-17 14:55:47,787 - DEBUG - Applied dict param blowout_vol=0.0
2026-04-17 14:55:47,787 - DEBUG - Applied dict param post_asp_air_vol=0.0
2026-04-17 14:55:47,787 - DEBUG - Applied dict param post_retract_wait_time=0.0
2026-04-17 14:55:47,787 - DEBUG - Applied dict param overaspirate_vol=0.0
2026-04-17 14:55:47,787 - DEBUG - Applied dict param asp_disp_cycles=0
2026-04-17 14:55:47,789 - DEBUG - Selected small_tip for volume 0.050 mL
2026-04-17 14:55:47,791 - INFO - Pipetting from vial liquid_source_0, amount: 0.050 mL
2026-04-17 14:55:47,792 - INFO - Additional volume from calibration, amount: 0.000 mL
2026-04-17 14:55:47,794 - DEBUG - Adjusting pump 0 speed to 10
2026-04-17 14:55:48,883 - DEBUG - Adjusting pump 0 speed to 10
2026-04-17 14:55:49,750 - DEBUG - Aspirating 0.050 mL then waiting 0.0 s
2026-04-17 14:55:50,671 - DEBUG - Applied dict param aspirate_speed=10
2026-04-17 14:55:50,671 - DEBUG - Applied dict param dispense_speed=5
2026-04-17 14:55:50,671 - DEBUG - Applied dict param aspirate_wait_time=0.0
2026-04-17 14:55:50,671 - DEBUG - Applied dict param dispense_wait_time=1.5
2026-04-17 14:55:50,672 - DEBUG - Applied dict param pre_asp_air_vol=0.0
2026-04-17 14:55:50,672 - DEBUG - Applied dict param retract_speed=5
2026-04-17 14:55:50,672 - DEBUG - Applied dict param blowout_vol=0.0
2026-04-17 14:55:50,672 - DEBUG - Applied dict param post_asp_air_vol=0.0
2026-04-17 14:55:50,672 - DEBUG - Applied dict param post_retract_wait_time=0.0
2026-04-17 14:55:50,672 - DEBUG - Applied dict param overaspirate_vol=0.0
2026-04-17 14:55:50,672 - DEBUG - Applied dict param asp_disp_cycles=0
2026-04-17 14:55:50,673 - INFO - Pipetting into vial liquid_source_0, amount: 0.050 mL
2026-04-17 14:55:50,674 - DEBUG - Adjusting pump 0 speed to 5
2026-04-17 14:55:52,507 - INFO - Short wait time (1.0s), allowing scale to settle after robot positioning...
2026-04-17 14:55:53,508 - INFO - Started continuous mass monitoring with pre-dispense baseline
2026-04-17 14:55:53,785 - DEBUG - Mass: -0.0460g at 0.000s (baseline_pre) steady=False
2026-04-17 14:55:54,185 - DEBUG - Mass: -0.0462g at 0.478s (baseline_pre) steady=False
2026-04-17 14:55:54,586 - DEBUG - Mass: -0.0466g at 0.878s (baseline_pre) steady=False
2026-04-17 14:55:54,985 - DEBUG - Mass: -0.0464g at 1.279s (baseline_pre) steady=False
2026-04-17 14:55:55,387 - DEBUG - Mass: -0.0462g at 1.679s (baseline_pre) steady=True
2026-04-17 14:55:55,509 - DEBUG - Dispensing 0.050 mL then waiting 1.5 s
2026-04-17 14:55:55,786 - DEBUG - Mass: -0.0462g at 2.081s (dispensing) steady=True
2026-04-17 14:55:56,186 - DEBUG - Mass: -0.0024g at 2.480s (dispensing) steady=False
2026-04-17 14:55:56,585 - DEBUG - Mass: -0.0022g at 2.878s (dispensing) steady=False
2026-04-17 14:55:56,985 - DEBUG - Mass: -0.0016g at 3.278s (dispensing) steady=False
2026-04-17 14:55:57,352 - INFO - Dispensing took 1.843s, collecting post-dispense baseline
2026-04-17 14:55:57,385 - DEBUG - Mass: -0.0015g at 3.678s (dispensing) steady=False
2026-04-17 14:55:57,785 - DEBUG - Mass: -0.0021g at 4.079s (baseline_post) steady=False
2026-04-17 14:55:58,187 - DEBUG - Mass: -0.0018g at 4.478s (baseline_post) steady=True
2026-04-17 14:55:58,587 - DEBUG - Mass: -0.0018g at 4.880s (baseline_post) steady=True
2026-04-17 14:55:58,986 - DEBUG - Mass: -0.0018g at 5.280s (baseline_post) steady=True
2026-04-17 14:55:59,387 - DEBUG - Mass: -0.0018g at 5.679s (baseline_post) steady=True
2026-04-17 14:55:59,588 - INFO - Stopped continuous mass monitoring. Collected 15 data points
2026-04-17 14:55:59,591 - INFO - Pre-baseline: 1 stable readings, avg=-0.046200g
2026-04-17 14:55:59,591 - INFO - Post-baseline: 4 stable readings, avg=-0.001800g
2026-04-17 14:55:59,592 - INFO - INDEPENDENT BASELINE calculation:
2026-04-17 14:55:59,592 - INFO - Pre: STABLE, Post: STABLE, Mass difference: 0.044400g
2026-04-17 14:55:59,594 - INFO - Reading summary: 5 pre-readings (1 stable), 5 post-readings (4 stable)
2026-04-17 14:55:59,594 - INFO - Baseline variability: pre_std=0.000228g, post_std=0.000134g
2026-04-17 14:55:59,594 - INFO - Target: 0.050 mL = ~0.050000 g for water
2026-04-17 14:55:59,596 - INFO - Saved 15 mass measurements to output\mass_measurements\experiment_log2026-04-17_14-54-13\mass_data_liquid_source_0_20260417_145559.csv
2026-04-17 14:56:00,039 - INFO - Saved dispense mass vs time plot to output\mass_measurements\experiment_log2026-04-17_14-54-13\mass_plot_liquid_source_0_20260417_145559.png
