2025-11-10 13:45:02,732 - INFO - Initializing North Robot...
2025-11-10 13:45:02,734 - DEBUG - Loading robot configuration files...
2025-11-10 13:45:02,751 - DEBUG - Loaded vial positions configuration from robot_state/vial_positions.yaml
2025-11-10 13:45:02,761 - DEBUG - Loaded pipet tips configuration from robot_state/pipet_tips.yaml
2025-11-10 13:45:02,773 - DEBUG - Loaded pipet racks configuration from robot_state/pipet_racks.yaml
2025-11-10 13:45:02,783 - DEBUG - Loaded pump configuration from robot_state/syringe_pumps.yaml
2025-11-10 13:45:02,792 - DEBUG - Loaded robot hardware configuration from robot_state/robot_hardware.yaml
2025-11-10 13:45:02,802 - DEBUG - Loaded wellplate properties configuration from robot_state/wellplates.yaml
2025-11-10 13:45:02,802 - DEBUG - Loading robot state files...
2025-11-10 13:45:02,804 - DEBUG - Loaded vial data from ../utoronto_demo/status/degradation_vial_status.csv
2025-11-10 13:45:02,810 - DEBUG - Loaded robot status from robot_state/robot_status.yaml
2025-11-10 13:45:02,814 - DEBUG - Loaded wellplate positions from robot_state/wellplates.yaml
2025-11-10 13:45:02,814 - DEBUG - Robot status loaded successfully
2025-11-10 13:45:02,814 - DEBUG - Loading pumps from YAML configuration...
2025-11-10 13:45:02,928 - DEBUG - Loaded pump 0: volume=1.0mL, speed=11, liquid=None
2025-11-10 13:45:03,037 - DEBUG - Loaded pump 1: volume=2.5mL, speed=15, liquid=water
2025-11-10 13:45:03,037 - DEBUG - Physical initialization of North Robot...
2025-11-10 13:45:03,355 - INFO - Moving robot to home position
2025-11-10 13:45:05,143 - DEBUG - Current reader status: -2
2025-11-10 13:45:05,143 - WARNING - Cytation5 not connected... May need to restart
2025-11-10 13:45:05,143 - INFO - Initializing North Track...
2025-11-10 13:45:05,143 - DEBUG - Loading track status from file: robot_state/track_status.yaml
2025-11-10 13:45:05,143 - DEBUG - Getting track status from file: robot_state/track_status.yaml
2025-11-10 13:45:05,159 - DEBUG - Loaded track status from robot_state/track_status.yaml
2025-11-10 13:45:05,159 - DEBUG - Loading track positions from: robot_state/track_positions.yaml
2025-11-10 13:45:05,166 - DEBUG - Loaded track positions configuration from robot_state/track_positions.yaml
2025-11-10 13:45:05,166 - DEBUG - Loading robot hardware configuration from: robot_state/robot_hardware.yaml
2025-11-10 13:45:05,177 - DEBUG - Loaded robot hardware configuration from robot_state/robot_hardware.yaml
2025-11-10 13:45:05,180 - DEBUG - Loaded wellplate properties configuration from robot_state/wellplates.yaml
2025-11-10 13:45:07,210 - INFO - Releasing wellplate at location: pipetting_area
2025-11-10 13:45:11,572 - DEBUG - Opening gripper
2025-11-10 13:45:18,498 - DEBUG - Moving North Track to home position
2025-11-10 13:45:18,499 - DEBUG - Initializing temperature controller...
2025-11-10 13:45:18,499 - INFO -    vial_index      vial_name       location  location_index  vial_volume  capped cap_type vial_type  home_location  home_location_index  concentration
0           0  polymer_stock  main_8mL_rack               0         6.00    True    close      8_mL  main_8mL_rack                    0           10.0
1           1         6M_HCl  main_8mL_rack               1         7.85    True    close      8_mL  main_8mL_rack                    1            0.0
2           2       sample_1  main_8mL_rack               2         1.70    True    close      8_mL  main_8mL_rack                    2            5.0
3           3       sample_2  main_8mL_rack               3         1.85    True    close      8_mL  main_8mL_rack                    3            5.0
4           4         2MeTHF  main_8mL_rack              18         6.00    True    close      8_mL  main_8mL_rack                   18            0.0
5           5          water  main_8mL_rack              20         8.00    True    close      8_mL  main_8mL_rack                   20            0.0
6           6        acetone  main_8mL_rack              19         8.00    True    close      8_mL  main_8mL_rack                   19            0.0
7           7        waste_0  main_8mL_rack              30         0.00    True    close      8_mL  main_8mL_rack                   30            0.0
8           8        waste_1  main_8mL_rack              31         0.00    True    close      8_mL  main_8mL_rack                   31            0.0
9           9        waste_2  main_8mL_rack              32         0.00    True    close      8_mL  main_8mL_rack                   32            0.0
2025-11-10 13:45:18,514 - INFO - Visualizing vial racks...
2025-11-10 13:45:18,645 - DEBUG - Visualizing rack: Main Rack with filter: main_8mL_rack
2025-11-10 13:45:18,763 - DEBUG - Visualizing rack: Second Rack with filter: large_vial_rack
