2026-04-20 18:40:23,497 - DEBUG - No workflow config provided - using default initialization
2026-04-20 18:40:23,497 - INFO - GUI disabled - skipping status review, proceeding directly to hardware initialization
2026-04-20 18:40:23,717 - INFO - Initializing North Robot...
2026-04-20 18:40:23,717 - DEBUG - Loading robot configuration files...
2026-04-20 18:40:23,733 - DEBUG - Loaded vial positions configuration from robot_state/vial_positions.yaml
2026-04-20 18:40:23,736 - DEBUG - Loaded pipet tips configuration from robot_state/pipet_tips.yaml
2026-04-20 18:40:23,741 - DEBUG - Loaded pipet racks configuration from robot_state/pipet_racks.yaml
2026-04-20 18:40:23,743 - DEBUG - Loaded pump configuration from robot_state/syringe_pumps.yaml
2026-04-20 18:40:23,746 - DEBUG - Loaded robot hardware configuration from robot_state/robot_hardware.yaml
2026-04-20 18:40:23,750 - DEBUG - Loaded wellplate properties configuration from robot_state/wellplates.yaml
2026-04-20 18:40:23,750 - DEBUG - Loading robot state files...
2026-04-20 18:40:23,752 - DEBUG - Loaded vial data from status/calibration_vials_short.csv
2026-04-20 18:40:23,754 - DEBUG - Loaded robot status from robot_state/robot_status.yaml
2026-04-20 18:40:23,757 - DEBUG - Loaded wellplate positions from robot_state/wellplates.yaml
2026-04-20 18:40:23,757 - DEBUG - Robot status loaded successfully
2026-04-20 18:40:23,757 - INFO - Physical initialization of North Robot...
2026-04-20 18:40:27,348 - DEBUG - Loading pumps from YAML configuration...
2026-04-20 18:40:27,444 - DEBUG - Loaded pump 0: volume=1.0mL, speed=11, liquid=None
2026-04-20 18:40:27,543 - DEBUG - Loaded pump 1: volume=2.5mL, speed=15, liquid=water
2026-04-20 18:40:27,543 - INFO - Robot reports having a vial index for liquid but only 0.000 mL volume - skipping dispense
2026-04-20 18:40:27,543 - WARNING - The robot reports having a tip, removing the tip
2026-04-20 18:40:27,543 - INFO - Removing pipet
2026-04-20 18:40:30,470 - INFO - Moving robot to home position
2026-04-20 18:40:32,308 - DEBUG - Initializing centrifuge controller...
2026-04-20 18:40:32,308 - INFO - Initializing North Track...
2026-04-20 18:40:32,308 - DEBUG - Loading track status from file: robot_state/track_status.yaml
2026-04-20 18:40:32,308 - DEBUG - Getting track status from file: robot_state/track_status.yaml
2026-04-20 18:40:32,310 - DEBUG - Loaded track status from robot_state/track_status.yaml
2026-04-20 18:40:32,310 - DEBUG - Loading track positions from: robot_state/track_positions.yaml
2026-04-20 18:40:32,317 - DEBUG - Loaded track positions configuration from robot_state/track_positions.yaml
2026-04-20 18:40:32,318 - DEBUG - Loading robot hardware configuration from: robot_state/robot_hardware.yaml
2026-04-20 18:40:32,321 - DEBUG - Loaded robot hardware configuration from robot_state/robot_hardware.yaml
2026-04-20 18:40:32,325 - DEBUG - Loaded wellplate properties configuration from robot_state/wellplates.yaml
2026-04-20 18:40:32,398 - DEBUG - Moving North Track to home position
2026-04-20 18:40:32,398 - DEBUG - Detected origin position (0,0) - setting location to 'origin'
2026-04-20 18:40:32,400 - DEBUG - Updated gripper location to: origin at position {'x': 0, 'z': 0}
2026-04-20 18:40:32,402 - INFO - Vial liquid_source_0 already at clamp index 0, no move needed
2026-04-20 18:40:32,402 - DEBUG - Applied object param asp_disp_cycles=0
2026-04-20 18:40:32,402 - DEBUG - Applied object param aspirate_speed=15
2026-04-20 18:40:32,402 - DEBUG - Applied object param aspirate_wait_time=0.0
2026-04-20 18:40:32,402 - DEBUG - Applied object param blowout_vol=0.5
2026-04-20 18:40:32,402 - DEBUG - Applied object param dispense_speed=5
2026-04-20 18:40:32,402 - DEBUG - Applied object param dispense_wait_time=0.0
2026-04-20 18:40:32,402 - DEBUG - Applied object param overaspirate_vol=0.0
2026-04-20 18:40:32,402 - DEBUG - Applied object param post_asp_air_vol=0.0
2026-04-20 18:40:32,402 - DEBUG - Applied object param post_retract_wait_time=0.0
2026-04-20 18:40:32,402 - DEBUG - Applied object param pre_asp_air_vol=0.0
2026-04-20 18:40:32,403 - DEBUG - Applied object param retract_speed=10
2026-04-20 18:40:32,403 - DEBUG - Selected small_tip for volume 0.060 mL
2026-04-20 18:40:32,404 - INFO - Getting small_tip (pipet number 14) from rack: small_tip_rack_1
