2025-12-22 13:33:13,654 - INFO - Initializing North Robot...
2025-12-22 13:33:13,654 - DEBUG - Loading robot configuration files...
2025-12-22 13:33:13,663 - DEBUG - Loaded vial positions configuration from robot_state/vial_positions.yaml
2025-12-22 13:33:13,665 - DEBUG - Loaded pipet tips configuration from robot_state/pipet_tips.yaml
2025-12-22 13:33:13,669 - DEBUG - Loaded pipet racks configuration from robot_state/pipet_racks.yaml
2025-12-22 13:33:13,670 - DEBUG - Loaded pump configuration from robot_state/syringe_pumps.yaml
2025-12-22 13:33:13,670 - DEBUG - Loaded robot hardware configuration from robot_state/robot_hardware.yaml
2025-12-22 13:33:13,679 - DEBUG - Loaded wellplate properties configuration from robot_state/wellplates.yaml
2025-12-22 13:33:13,679 - DEBUG - Loading robot state files...
2025-12-22 13:33:13,679 - DEBUG - Loaded vial data from status/calibration_vials_short.csv
2025-12-22 13:33:13,689 - DEBUG - Loaded robot status from robot_state/robot_status.yaml
2025-12-22 13:33:13,695 - DEBUG - Loaded wellplate positions from robot_state/wellplates.yaml
2025-12-22 13:33:13,695 - DEBUG - Robot status loaded successfully
2025-12-22 13:33:13,695 - DEBUG - Physical initialization of North Robot...
2025-12-22 13:33:14,012 - DEBUG - Loading pumps from YAML configuration...
2025-12-22 13:33:14,112 - DEBUG - Loaded pump 0: volume=1.0mL, speed=11, liquid=None
2025-12-22 13:33:14,211 - DEBUG - Loaded pump 1: volume=2.5mL, speed=15, liquid=water
2025-12-22 13:33:14,211 - INFO - Moving robot to home position
2025-12-22 13:33:14,699 - DEBUG - Initializing centrifuge controller...
2025-12-22 13:33:14,699 - INFO - Initializing North Track...
2025-12-22 13:33:14,699 - DEBUG - Loading track status from file: robot_state/track_status.yaml
2025-12-22 13:33:14,699 - DEBUG - Getting track status from file: robot_state/track_status.yaml
2025-12-22 13:33:14,700 - DEBUG - Loaded track status from robot_state/track_status.yaml
2025-12-22 13:33:14,700 - DEBUG - Loading track positions from: robot_state/track_positions.yaml
2025-12-22 13:33:14,707 - DEBUG - Loaded track positions configuration from robot_state/track_positions.yaml
2025-12-22 13:33:14,707 - DEBUG - Loading robot hardware configuration from: robot_state/robot_hardware.yaml
2025-12-22 13:33:14,710 - DEBUG - Loaded robot hardware configuration from robot_state/robot_hardware.yaml
2025-12-22 13:33:14,712 - DEBUG - Loaded wellplate properties configuration from robot_state/wellplates.yaml
2025-12-22 13:33:14,815 - DEBUG - Moving North Track to home position
2025-12-22 13:33:14,817 - INFO - Moving robot to home position
2025-12-22 13:33:15,136 - INFO - Homing all robot components...
2025-12-22 13:33:15,136 - DEBUG - Homing carousel...
2025-12-22 13:33:22,888 - DEBUG - Homing robot axes...
2025-12-22 13:33:35,128 - DEBUG - Homing pump 0...
2025-12-22 13:33:36,790 - DEBUG - Homing pump 1...
2025-12-22 13:33:38,471 - DEBUG - Homing track axes...
2025-12-22 13:33:38,471 - DEBUG - Homing track axis z_axis (axis 6)...
2025-12-22 13:33:42,006 - DEBUG - Homing track axis x_axis (axis 7)...
2025-12-22 13:33:46,036 - INFO - All robot components homed successfully
2025-12-22 13:33:46,037 - INFO - Moving vial measurement_vial_0 to clamp: 0
2025-12-22 13:33:46,039 - DEBUG - Grabbing vial 0 with index 0
2025-12-22 13:33:48,096 - DEBUG - Dropping off vial 0 at location clamp with index 0
2025-12-22 13:33:51,771 - DEBUG - Using calibrated aspirate_speed=14 for water at 0.025mL
2025-12-22 13:33:51,771 - DEBUG - Using calibrated dispense_speed=8 for water at 0.025mL
2025-12-22 13:33:51,771 - DEBUG - Using calibrated aspirate_wait_time=1.408423966 for water at 0.025mL
2025-12-22 13:33:51,771 - DEBUG - Using calibrated dispense_wait_time=0.0 for water at 0.025mL
2025-12-22 13:33:51,771 - DEBUG - Using calibrated retract_speed=7 for water at 0.025mL
2025-12-22 13:33:51,771 - DEBUG - Using calibrated blowout_vol=0.022377712 for water at 0.025mL
2025-12-22 13:33:51,771 - DEBUG - Using calibrated post_asp_air_vol=0.097804599 for water at 0.025mL
2025-12-22 13:33:51,771 - DEBUG - Using calibrated overaspirate_vol=0.025 for water at 0.025mL
2025-12-22 13:33:51,771 - DEBUG - Applied object param asp_disp_cycles=0
2025-12-22 13:33:51,771 - DEBUG - Applied object param aspirate_speed=14
2025-12-22 13:33:51,771 - DEBUG - Applied object param aspirate_wait_time=1.408423966
2025-12-22 13:33:51,771 - DEBUG - Applied object param blowout_vol=0.0
2025-12-22 13:33:51,771 - DEBUG - Applied object param dispense_speed=10
2025-12-22 13:33:51,771 - DEBUG - Applied object param dispense_wait_time=0.0
2025-12-22 13:33:51,771 - DEBUG - Applied object param overaspirate_vol=0.025
2025-12-22 13:33:51,771 - DEBUG - Applied object param post_asp_air_vol=0.097804599
2025-12-22 13:33:51,771 - DEBUG - Applied object param post_retract_wait_time=0.0
2025-12-22 13:33:51,771 - DEBUG - Applied object param pre_asp_air_vol=0.0
2025-12-22 13:33:51,771 - DEBUG - Applied object param retract_speed=7
2025-12-22 13:33:51,771 - DEBUG - Selected small_tip for volume 0.148 mL
2025-12-22 13:33:51,771 - INFO - Getting small_tip (pipet number 1) from rack: small_tip_rack_1
2025-12-22 13:33:56,899 - INFO - Pipetting from vial liquid_source_0, amount: 0.025 mL
2025-12-22 13:33:56,899 - INFO - Additional volume from calibration, amount: 0.025 mL
2025-12-22 13:33:56,900 - DEBUG - Adjusting pump 0 speed to 10
2025-12-22 13:33:59,573 - DEBUG - Adjusting pump 0 speed to 14
2025-12-22 13:34:00,839 - DEBUG - Aspirating 0.050 mL then waiting 1.408423966 s
2025-12-22 13:34:03,453 - DEBUG - Aspirating 0.098 mL then waiting 0 s
2025-12-22 13:34:04,402 - DEBUG - Using calibrated aspirate_speed=14 for water at 0.025mL
2025-12-22 13:34:04,402 - DEBUG - Using calibrated dispense_speed=8 for water at 0.025mL
2025-12-22 13:34:04,402 - DEBUG - Using calibrated aspirate_wait_time=1.408423966 for water at 0.025mL
2025-12-22 13:34:04,402 - DEBUG - Using calibrated dispense_wait_time=0.0 for water at 0.025mL
2025-12-22 13:34:04,402 - DEBUG - Using calibrated retract_speed=7 for water at 0.025mL
2025-12-22 13:34:04,402 - DEBUG - Using calibrated blowout_vol=0.022377712 for water at 0.025mL
2025-12-22 13:34:04,402 - DEBUG - Using calibrated post_asp_air_vol=0.097804599 for water at 0.025mL
2025-12-22 13:34:04,402 - DEBUG - Using calibrated overaspirate_vol=0.025 for water at 0.025mL
2025-12-22 13:34:04,402 - DEBUG - Applied object param asp_disp_cycles=0
2025-12-22 13:34:04,402 - DEBUG - Applied object param aspirate_speed=10
2025-12-22 13:34:04,402 - DEBUG - Applied object param aspirate_wait_time=0.0
2025-12-22 13:34:04,402 - DEBUG - Applied object param blowout_vol=0.022377712
2025-12-22 13:34:04,402 - DEBUG - Applied object param dispense_speed=8
2025-12-22 13:34:04,402 - DEBUG - Applied object param dispense_wait_time=0.0
2025-12-22 13:34:04,402 - DEBUG - Applied object param overaspirate_vol=0.025
2025-12-22 13:34:04,402 - DEBUG - Applied object param post_asp_air_vol=0.097804599
2025-12-22 13:34:04,402 - DEBUG - Applied object param post_retract_wait_time=0.0
2025-12-22 13:34:04,402 - DEBUG - Applied object param pre_asp_air_vol=0.0
2025-12-22 13:34:04,402 - DEBUG - Applied object param retract_speed=10
2025-12-22 13:34:04,402 - INFO - Pipetting into vial measurement_vial_0, amount: 0.025 mL
2025-12-22 13:34:07,804 - DEBUG - Adjusting pump 0 speed to 8
2025-12-22 13:34:11,795 - DEBUG - Dispensing 0.148 mL then waiting 0.0 s
2025-12-22 13:34:12,442 - DEBUG - Blowing out 0.022 mL
2025-12-22 13:34:15,407 - DEBUG - Using calibrated aspirate_speed=14 for water at 0.025mL
2025-12-22 13:34:15,412 - DEBUG - Using calibrated dispense_speed=8 for water at 0.025mL
2025-12-22 13:34:15,412 - DEBUG - Using calibrated aspirate_wait_time=1.408423966 for water at 0.025mL
2025-12-22 13:34:15,412 - DEBUG - Using calibrated dispense_wait_time=0.0 for water at 0.025mL
2025-12-22 13:34:15,412 - DEBUG - Using calibrated retract_speed=7 for water at 0.025mL
2025-12-22 13:34:15,412 - DEBUG - Using calibrated blowout_vol=0.022377712 for water at 0.025mL
2025-12-22 13:34:15,412 - DEBUG - Using calibrated post_asp_air_vol=0.097804599 for water at 0.025mL
2025-12-22 13:34:15,412 - DEBUG - Using calibrated overaspirate_vol=0.025 for water at 0.025mL
2025-12-22 13:34:15,412 - DEBUG - Applied object param asp_disp_cycles=0
2025-12-22 13:34:15,412 - DEBUG - Applied object param aspirate_speed=14
2025-12-22 13:34:15,412 - DEBUG - Applied object param aspirate_wait_time=1.408423966
2025-12-22 13:34:15,412 - DEBUG - Applied object param blowout_vol=0.0
2025-12-22 13:34:15,413 - DEBUG - Applied object param dispense_speed=10
2025-12-22 13:34:15,413 - DEBUG - Applied object param dispense_wait_time=0.0
2025-12-22 13:34:15,413 - DEBUG - Applied object param overaspirate_vol=0.025
2025-12-22 13:34:15,413 - DEBUG - Applied object param post_asp_air_vol=0.097804599
2025-12-22 13:34:15,413 - DEBUG - Applied object param post_retract_wait_time=0.0
2025-12-22 13:34:15,413 - DEBUG - Applied object param pre_asp_air_vol=0.0
2025-12-22 13:34:15,413 - DEBUG - Applied object param retract_speed=7
2025-12-22 13:34:15,414 - DEBUG - Selected small_tip for volume 0.148 mL
2025-12-22 13:34:15,415 - INFO - Pipetting from vial liquid_source_0, amount: 0.025 mL
2025-12-22 13:34:15,415 - INFO - Additional volume from calibration, amount: 0.025 mL
2025-12-22 13:34:15,417 - DEBUG - Adjusting pump 0 speed to 10
2025-12-22 13:34:18,348 - DEBUG - Adjusting pump 0 speed to 14
2025-12-22 13:34:19,621 - DEBUG - Aspirating 0.050 mL then waiting 1.408423966 s
2025-12-22 13:34:22,278 - DEBUG - Aspirating 0.098 mL then waiting 0 s
2025-12-22 13:34:23,238 - DEBUG - Using calibrated aspirate_speed=14 for water at 0.025mL
2025-12-22 13:34:23,238 - DEBUG - Using calibrated dispense_speed=8 for water at 0.025mL
2025-12-22 13:34:23,238 - DEBUG - Using calibrated aspirate_wait_time=1.408423966 for water at 0.025mL
2025-12-22 13:34:23,238 - DEBUG - Using calibrated dispense_wait_time=0.0 for water at 0.025mL
2025-12-22 13:34:23,238 - DEBUG - Using calibrated retract_speed=7 for water at 0.025mL
2025-12-22 13:34:23,238 - DEBUG - Using calibrated blowout_vol=0.022377712 for water at 0.025mL
2025-12-22 13:34:23,238 - DEBUG - Using calibrated post_asp_air_vol=0.097804599 for water at 0.025mL
2025-12-22 13:34:23,238 - DEBUG - Using calibrated overaspirate_vol=0.025 for water at 0.025mL
2025-12-22 13:34:23,238 - DEBUG - Applied object param asp_disp_cycles=0
2025-12-22 13:34:23,238 - DEBUG - Applied object param aspirate_speed=10
2025-12-22 13:34:23,238 - DEBUG - Applied object param aspirate_wait_time=0.0
2025-12-22 13:34:23,238 - DEBUG - Applied object param blowout_vol=0.022377712
2025-12-22 13:34:23,238 - DEBUG - Applied object param dispense_speed=8
2025-12-22 13:34:23,238 - DEBUG - Applied object param dispense_wait_time=0.0
2025-12-22 13:34:23,238 - DEBUG - Applied object param overaspirate_vol=0.025
2025-12-22 13:34:23,238 - DEBUG - Applied object param post_asp_air_vol=0.097804599
2025-12-22 13:34:23,238 - DEBUG - Applied object param post_retract_wait_time=0.0
2025-12-22 13:34:23,238 - DEBUG - Applied object param pre_asp_air_vol=0.0
2025-12-22 13:34:23,238 - DEBUG - Applied object param retract_speed=10
2025-12-22 13:34:23,238 - INFO - Pipetting into vial measurement_vial_0, amount: 0.025 mL
2025-12-22 13:34:26,597 - DEBUG - Adjusting pump 0 speed to 8
2025-12-22 13:34:30,611 - DEBUG - Dispensing 0.148 mL then waiting 0.0 s
2025-12-22 13:34:31,217 - DEBUG - Blowing out 0.022 mL
2025-12-22 13:34:36,012 - DEBUG - Using calibrated aspirate_speed=14 for water at 0.025mL
2025-12-22 13:34:36,012 - DEBUG - Using calibrated dispense_speed=8 for water at 0.025mL
2025-12-22 13:34:36,012 - DEBUG - Using calibrated aspirate_wait_time=1.408423966 for water at 0.025mL
2025-12-22 13:34:36,012 - DEBUG - Using calibrated dispense_wait_time=0.0 for water at 0.025mL
2025-12-22 13:34:36,012 - DEBUG - Using calibrated retract_speed=7 for water at 0.025mL
2025-12-22 13:34:36,012 - DEBUG - Using calibrated blowout_vol=0.022377712 for water at 0.025mL
2025-12-22 13:34:36,012 - DEBUG - Using calibrated post_asp_air_vol=0.097804599 for water at 0.025mL
2025-12-22 13:34:36,012 - DEBUG - Using calibrated overaspirate_vol=0.025 for water at 0.025mL
2025-12-22 13:34:36,012 - DEBUG - Applied object param asp_disp_cycles=0
2025-12-22 13:34:36,012 - DEBUG - Applied object param aspirate_speed=14
2025-12-22 13:34:36,012 - DEBUG - Applied object param aspirate_wait_time=1.408423966
2025-12-22 13:34:36,012 - DEBUG - Applied object param blowout_vol=0.0
2025-12-22 13:34:36,012 - DEBUG - Applied object param dispense_speed=10
2025-12-22 13:34:36,012 - DEBUG - Applied object param dispense_wait_time=0.0
2025-12-22 13:34:36,012 - DEBUG - Applied object param overaspirate_vol=0.025
2025-12-22 13:34:36,012 - DEBUG - Applied object param post_asp_air_vol=0.097804599
2025-12-22 13:34:36,013 - DEBUG - Applied object param post_retract_wait_time=0.0
2025-12-22 13:34:36,013 - DEBUG - Applied object param pre_asp_air_vol=0.0
2025-12-22 13:34:36,013 - DEBUG - Applied object param retract_speed=7
2025-12-22 13:34:36,014 - DEBUG - Selected small_tip for volume 0.148 mL
2025-12-22 13:34:36,015 - INFO - Pipetting from vial liquid_source_0, amount: 0.025 mL
2025-12-22 13:34:36,016 - INFO - Additional volume from calibration, amount: 0.025 mL
2025-12-22 13:34:36,017 - DEBUG - Adjusting pump 0 speed to 10
2025-12-22 13:34:38,971 - DEBUG - Adjusting pump 0 speed to 14
2025-12-22 13:34:40,255 - DEBUG - Aspirating 0.050 mL then waiting 1.408423966 s
2025-12-22 13:34:42,926 - DEBUG - Aspirating 0.098 mL then waiting 0 s
2025-12-22 13:34:43,853 - DEBUG - Using calibrated aspirate_speed=14 for water at 0.025mL
2025-12-22 13:34:43,853 - DEBUG - Using calibrated dispense_speed=8 for water at 0.025mL
2025-12-22 13:34:43,853 - DEBUG - Using calibrated aspirate_wait_time=1.408423966 for water at 0.025mL
2025-12-22 13:34:43,853 - DEBUG - Using calibrated dispense_wait_time=0.0 for water at 0.025mL
2025-12-22 13:34:43,853 - DEBUG - Using calibrated retract_speed=7 for water at 0.025mL
2025-12-22 13:34:43,853 - DEBUG - Using calibrated blowout_vol=0.022377712 for water at 0.025mL
2025-12-22 13:34:43,853 - DEBUG - Using calibrated post_asp_air_vol=0.097804599 for water at 0.025mL
2025-12-22 13:34:43,853 - DEBUG - Using calibrated overaspirate_vol=0.025 for water at 0.025mL
2025-12-22 13:34:43,853 - DEBUG - Applied object param asp_disp_cycles=0
2025-12-22 13:34:43,853 - DEBUG - Applied object param aspirate_speed=10
2025-12-22 13:34:43,853 - DEBUG - Applied object param aspirate_wait_time=0.0
2025-12-22 13:34:43,853 - DEBUG - Applied object param blowout_vol=0.022377712
2025-12-22 13:34:43,853 - DEBUG - Applied object param dispense_speed=8
2025-12-22 13:34:43,853 - DEBUG - Applied object param dispense_wait_time=0.0
2025-12-22 13:34:43,853 - DEBUG - Applied object param overaspirate_vol=0.025
2025-12-22 13:34:43,853 - DEBUG - Applied object param post_asp_air_vol=0.097804599
2025-12-22 13:34:43,853 - DEBUG - Applied object param post_retract_wait_time=0.0
2025-12-22 13:34:43,853 - DEBUG - Applied object param pre_asp_air_vol=0.0
2025-12-22 13:34:43,853 - DEBUG - Applied object param retract_speed=10
2025-12-22 13:34:43,853 - INFO - Pipetting into vial measurement_vial_0, amount: 0.025 mL
2025-12-22 13:34:46,797 - DEBUG - Adjusting pump 0 speed to 8
2025-12-22 13:34:50,811 - DEBUG - Dispensing 0.148 mL then waiting 0.0 s
2025-12-22 13:34:51,449 - DEBUG - Blowing out 0.022 mL
2025-12-22 13:34:54,613 - DEBUG - Using calibrated aspirate_speed=14 for water at 0.025mL
2025-12-22 13:34:54,613 - DEBUG - Using calibrated dispense_speed=8 for water at 0.025mL
2025-12-22 13:34:54,613 - DEBUG - Using calibrated aspirate_wait_time=1.408423966 for water at 0.025mL
2025-12-22 13:34:54,613 - DEBUG - Using calibrated dispense_wait_time=0.0 for water at 0.025mL
2025-12-22 13:34:54,613 - DEBUG - Using calibrated retract_speed=7 for water at 0.025mL
2025-12-22 13:34:54,613 - DEBUG - Using calibrated blowout_vol=0.022377712 for water at 0.025mL
2025-12-22 13:34:54,613 - DEBUG - Using calibrated post_asp_air_vol=0.097804599 for water at 0.025mL
2025-12-22 13:34:54,613 - DEBUG - Using calibrated overaspirate_vol=0.025 for water at 0.025mL
2025-12-22 13:34:54,613 - DEBUG - Applied object param asp_disp_cycles=0
2025-12-22 13:34:54,613 - DEBUG - Applied object param aspirate_speed=14
2025-12-22 13:34:54,613 - DEBUG - Applied object param aspirate_wait_time=1.408423966
2025-12-22 13:34:54,613 - DEBUG - Applied object param blowout_vol=0.0
2025-12-22 13:34:54,613 - DEBUG - Applied object param dispense_speed=10
2025-12-22 13:34:54,613 - DEBUG - Applied object param dispense_wait_time=0.0
2025-12-22 13:34:54,613 - DEBUG - Applied object param overaspirate_vol=0.025
2025-12-22 13:34:54,613 - DEBUG - Applied object param post_asp_air_vol=0.097804599
2025-12-22 13:34:54,613 - DEBUG - Applied object param post_retract_wait_time=0.0
2025-12-22 13:34:54,613 - DEBUG - Applied object param pre_asp_air_vol=0.0
2025-12-22 13:34:54,614 - DEBUG - Applied object param retract_speed=7
2025-12-22 13:34:54,615 - DEBUG - Selected small_tip for volume 0.148 mL
2025-12-22 13:34:54,616 - INFO - Pipetting from vial liquid_source_0, amount: 0.025 mL
2025-12-22 13:34:54,616 - INFO - Additional volume from calibration, amount: 0.025 mL
2025-12-22 13:34:54,618 - DEBUG - Adjusting pump 0 speed to 10
2025-12-22 13:34:57,545 - DEBUG - Adjusting pump 0 speed to 14
2025-12-22 13:34:58,808 - DEBUG - Aspirating 0.050 mL then waiting 1.408423966 s
2025-12-22 13:35:01,431 - DEBUG - Aspirating 0.098 mL then waiting 0 s
2025-12-22 13:35:02,414 - DEBUG - Using calibrated aspirate_speed=14 for water at 0.025mL
2025-12-22 13:35:02,414 - DEBUG - Using calibrated dispense_speed=8 for water at 0.025mL
2025-12-22 13:35:02,414 - DEBUG - Using calibrated aspirate_wait_time=1.408423966 for water at 0.025mL
2025-12-22 13:35:02,414 - DEBUG - Using calibrated dispense_wait_time=0.0 for water at 0.025mL
2025-12-22 13:35:02,414 - DEBUG - Using calibrated retract_speed=7 for water at 0.025mL
2025-12-22 13:35:02,415 - DEBUG - Using calibrated blowout_vol=0.022377712 for water at 0.025mL
2025-12-22 13:35:02,415 - DEBUG - Using calibrated post_asp_air_vol=0.097804599 for water at 0.025mL
2025-12-22 13:35:02,415 - DEBUG - Using calibrated overaspirate_vol=0.025 for water at 0.025mL
2025-12-22 13:35:02,415 - DEBUG - Applied object param asp_disp_cycles=0
2025-12-22 13:35:02,415 - DEBUG - Applied object param aspirate_speed=10
2025-12-22 13:35:02,415 - DEBUG - Applied object param aspirate_wait_time=0.0
2025-12-22 13:35:02,415 - DEBUG - Applied object param blowout_vol=0.022377712
2025-12-22 13:35:02,415 - DEBUG - Applied object param dispense_speed=8
2025-12-22 13:35:02,415 - DEBUG - Applied object param dispense_wait_time=0.0
2025-12-22 13:35:02,415 - DEBUG - Applied object param overaspirate_vol=0.025
2025-12-22 13:35:02,415 - DEBUG - Applied object param post_asp_air_vol=0.097804599
2025-12-22 13:35:02,415 - DEBUG - Applied object param post_retract_wait_time=0.0
2025-12-22 13:35:02,415 - DEBUG - Applied object param pre_asp_air_vol=0.0
2025-12-22 13:35:02,415 - DEBUG - Applied object param retract_speed=10
2025-12-22 13:35:02,418 - INFO - Pipetting into vial measurement_vial_0, amount: 0.025 mL
2025-12-22 13:35:07,797 - DEBUG - Adjusting pump 0 speed to 8
2025-12-22 13:35:11,819 - DEBUG - Dispensing 0.148 mL then waiting 0.0 s
2025-12-22 13:35:12,505 - DEBUG - Blowing out 0.022 mL
2025-12-22 13:35:16,413 - DEBUG - Using calibrated aspirate_speed=14 for water at 0.025mL
2025-12-22 13:35:16,413 - DEBUG - Using calibrated dispense_speed=8 for water at 0.025mL
2025-12-22 13:35:16,413 - DEBUG - Using calibrated aspirate_wait_time=1.408423966 for water at 0.025mL
2025-12-22 13:35:16,413 - DEBUG - Using calibrated dispense_wait_time=0.0 for water at 0.025mL
2025-12-22 13:35:16,413 - DEBUG - Using calibrated retract_speed=7 for water at 0.025mL
2025-12-22 13:35:16,413 - DEBUG - Using calibrated blowout_vol=0.022377712 for water at 0.025mL
2025-12-22 13:35:16,413 - DEBUG - Using calibrated post_asp_air_vol=0.097804599 for water at 0.025mL
2025-12-22 13:35:16,413 - DEBUG - Using calibrated overaspirate_vol=0.025 for water at 0.025mL
2025-12-22 13:35:16,413 - DEBUG - Applied object param asp_disp_cycles=0
2025-12-22 13:35:16,413 - DEBUG - Applied object param aspirate_speed=14
2025-12-22 13:35:16,414 - DEBUG - Applied object param aspirate_wait_time=1.408423966
2025-12-22 13:35:16,414 - DEBUG - Applied object param blowout_vol=0.0
2025-12-22 13:35:16,414 - DEBUG - Applied object param dispense_speed=10
2025-12-22 13:35:16,414 - DEBUG - Applied object param dispense_wait_time=0.0
2025-12-22 13:35:16,414 - DEBUG - Applied object param overaspirate_vol=0.025
2025-12-22 13:35:16,414 - DEBUG - Applied object param post_asp_air_vol=0.097804599
2025-12-22 13:35:16,414 - DEBUG - Applied object param post_retract_wait_time=0.0
2025-12-22 13:35:16,414 - DEBUG - Applied object param pre_asp_air_vol=0.0
2025-12-22 13:35:16,414 - DEBUG - Applied object param retract_speed=7
2025-12-22 13:35:16,415 - DEBUG - Selected small_tip for volume 0.148 mL
2025-12-22 13:35:16,415 - INFO - Pipetting from vial liquid_source_0, amount: 0.025 mL
2025-12-22 13:35:16,415 - INFO - Additional volume from calibration, amount: 0.025 mL
2025-12-22 13:35:16,415 - DEBUG - Adjusting pump 0 speed to 10
2025-12-22 13:35:19,360 - DEBUG - Adjusting pump 0 speed to 14
2025-12-22 13:35:20,613 - DEBUG - Aspirating 0.050 mL then waiting 1.408423966 s
2025-12-22 13:35:23,279 - DEBUG - Aspirating 0.098 mL then waiting 0 s
2025-12-22 13:35:24,277 - DEBUG - Using calibrated aspirate_speed=14 for water at 0.025mL
2025-12-22 13:35:24,277 - DEBUG - Using calibrated dispense_speed=8 for water at 0.025mL
2025-12-22 13:35:24,277 - DEBUG - Using calibrated aspirate_wait_time=1.408423966 for water at 0.025mL
2025-12-22 13:35:24,277 - DEBUG - Using calibrated dispense_wait_time=0.0 for water at 0.025mL
2025-12-22 13:35:24,277 - DEBUG - Using calibrated retract_speed=7 for water at 0.025mL
2025-12-22 13:35:24,277 - DEBUG - Using calibrated blowout_vol=0.022377712 for water at 0.025mL
2025-12-22 13:35:24,277 - DEBUG - Using calibrated post_asp_air_vol=0.097804599 for water at 0.025mL
2025-12-22 13:35:24,277 - DEBUG - Using calibrated overaspirate_vol=0.025 for water at 0.025mL
2025-12-22 13:35:24,277 - DEBUG - Applied object param asp_disp_cycles=0
2025-12-22 13:35:24,277 - DEBUG - Applied object param aspirate_speed=10
2025-12-22 13:35:24,277 - DEBUG - Applied object param aspirate_wait_time=0.0
2025-12-22 13:35:24,277 - DEBUG - Applied object param blowout_vol=0.022377712
2025-12-22 13:35:24,277 - DEBUG - Applied object param dispense_speed=8
2025-12-22 13:35:24,277 - DEBUG - Applied object param dispense_wait_time=0.0
2025-12-22 13:35:24,277 - DEBUG - Applied object param overaspirate_vol=0.025
2025-12-22 13:35:24,277 - DEBUG - Applied object param post_asp_air_vol=0.097804599
2025-12-22 13:35:24,277 - DEBUG - Applied object param post_retract_wait_time=0.0
2025-12-22 13:35:24,277 - DEBUG - Applied object param pre_asp_air_vol=0.0
2025-12-22 13:35:24,277 - DEBUG - Applied object param retract_speed=10
2025-12-22 13:35:24,277 - INFO - Pipetting into vial measurement_vial_0, amount: 0.025 mL
2025-12-22 13:35:26,205 - DEBUG - Adjusting pump 0 speed to 8
2025-12-22 13:35:30,204 - DEBUG - Dispensing 0.148 mL then waiting 0.0 s
2025-12-22 13:35:30,865 - DEBUG - Blowing out 0.022 mL
2025-12-22 13:35:35,016 - DEBUG - Using calibrated aspirate_speed=14 for water at 0.020mL
2025-12-22 13:35:35,016 - DEBUG - Using calibrated dispense_speed=8 for water at 0.020mL
2025-12-22 13:35:35,016 - DEBUG - Using calibrated aspirate_wait_time=1.408423966 for water at 0.020mL
2025-12-22 13:35:35,016 - DEBUG - Using calibrated dispense_wait_time=0.0 for water at 0.020mL
2025-12-22 13:35:35,016 - DEBUG - Using calibrated retract_speed=7 for water at 0.020mL
2025-12-22 13:35:35,016 - DEBUG - Using calibrated blowout_vol=0.014918474666666667 for water at 0.020mL
2025-12-22 13:35:35,016 - DEBUG - Using calibrated post_asp_air_vol=0.097804599 for water at 0.020mL
2025-12-22 13:35:35,016 - DEBUG - Using calibrated overaspirate_vol=0.035299182 for water at 0.020mL
2025-12-22 13:35:35,016 - DEBUG - Applied object param asp_disp_cycles=0
2025-12-22 13:35:35,016 - DEBUG - Applied object param aspirate_speed=14
2025-12-22 13:35:35,016 - DEBUG - Applied object param aspirate_wait_time=1.408423966
2025-12-22 13:35:35,016 - DEBUG - Applied object param blowout_vol=0.0
2025-12-22 13:35:35,016 - DEBUG - Applied object param dispense_speed=10
2025-12-22 13:35:35,016 - DEBUG - Applied object param dispense_wait_time=0.0
2025-12-22 13:35:35,017 - DEBUG - Applied object param overaspirate_vol=0.035299182
2025-12-22 13:35:35,017 - DEBUG - Applied object param post_asp_air_vol=0.097804599
2025-12-22 13:35:35,017 - DEBUG - Applied object param post_retract_wait_time=0.0
2025-12-22 13:35:35,017 - DEBUG - Applied object param pre_asp_air_vol=0.0
2025-12-22 13:35:35,017 - DEBUG - Applied object param retract_speed=7
2025-12-22 13:35:35,018 - DEBUG - Selected small_tip for volume 0.153 mL
2025-12-22 13:35:35,018 - INFO - Pipetting from vial liquid_source_0, amount: 0.020 mL
2025-12-22 13:35:35,019 - INFO - Additional volume from calibration, amount: 0.035 mL
2025-12-22 13:35:35,021 - DEBUG - Adjusting pump 0 speed to 10
2025-12-22 13:35:37,935 - DEBUG - Adjusting pump 0 speed to 14
2025-12-22 13:35:39,224 - DEBUG - Aspirating 0.055 mL then waiting 1.408423966 s
2025-12-22 13:35:41,887 - DEBUG - Aspirating 0.098 mL then waiting 0 s
2025-12-22 13:35:42,891 - DEBUG - Using calibrated aspirate_speed=14 for water at 0.020mL
2025-12-22 13:35:42,891 - DEBUG - Using calibrated dispense_speed=8 for water at 0.020mL
2025-12-22 13:35:42,891 - DEBUG - Using calibrated aspirate_wait_time=1.408423966 for water at 0.020mL
2025-12-22 13:35:42,891 - DEBUG - Using calibrated dispense_wait_time=0.0 for water at 0.020mL
2025-12-22 13:35:42,891 - DEBUG - Using calibrated retract_speed=7 for water at 0.020mL
2025-12-22 13:35:42,891 - DEBUG - Using calibrated blowout_vol=0.014918474666666667 for water at 0.020mL
2025-12-22 13:35:42,891 - DEBUG - Using calibrated post_asp_air_vol=0.097804599 for water at 0.020mL
2025-12-22 13:35:42,891 - DEBUG - Using calibrated overaspirate_vol=0.035299182 for water at 0.020mL
2025-12-22 13:35:42,891 - DEBUG - Applied object param asp_disp_cycles=0
2025-12-22 13:35:42,891 - DEBUG - Applied object param aspirate_speed=10
2025-12-22 13:35:42,891 - DEBUG - Applied object param aspirate_wait_time=0.0
2025-12-22 13:35:42,891 - DEBUG - Applied object param blowout_vol=0.014918474666666667
2025-12-22 13:35:42,891 - DEBUG - Applied object param dispense_speed=8
2025-12-22 13:35:42,891 - DEBUG - Applied object param dispense_wait_time=0.0
2025-12-22 13:35:42,891 - DEBUG - Applied object param overaspirate_vol=0.035299182
2025-12-22 13:35:42,891 - DEBUG - Applied object param post_asp_air_vol=0.097804599
2025-12-22 13:35:42,891 - DEBUG - Applied object param post_retract_wait_time=0.0
2025-12-22 13:35:42,891 - DEBUG - Applied object param pre_asp_air_vol=0.0
2025-12-22 13:35:42,891 - DEBUG - Applied object param retract_speed=10
2025-12-22 13:35:42,895 - INFO - Pipetting into vial measurement_vial_0, amount: 0.020 mL
2025-12-22 13:35:43,991 - DEBUG - Adjusting pump 0 speed to 8
2025-12-22 13:35:48,021 - DEBUG - Dispensing 0.153 mL then waiting 0.0 s
2025-12-22 13:35:48,021 - WARNING - Dispense exceeded limit: Dispensing all liquid
2025-12-22 13:35:48,706 - DEBUG - Blowing out 0.015 mL
2025-12-22 13:35:56,004 - DEBUG - Using calibrated aspirate_speed=14 for water at 0.020mL
2025-12-22 13:35:56,004 - DEBUG - Using calibrated dispense_speed=8 for water at 0.020mL
2025-12-22 13:35:56,012 - DEBUG - Using calibrated aspirate_wait_time=1.408423966 for water at 0.020mL
2025-12-22 13:35:56,012 - DEBUG - Using calibrated dispense_wait_time=0.0 for water at 0.020mL
2025-12-22 13:35:56,012 - DEBUG - Using calibrated retract_speed=7 for water at 0.020mL
2025-12-22 13:35:56,012 - DEBUG - Using calibrated blowout_vol=0.014918474666666667 for water at 0.020mL
2025-12-22 13:35:56,012 - DEBUG - Using calibrated post_asp_air_vol=0.097804599 for water at 0.020mL
2025-12-22 13:35:56,012 - DEBUG - Using calibrated overaspirate_vol=0.035299182 for water at 0.020mL
2025-12-22 13:35:56,012 - DEBUG - Applied object param asp_disp_cycles=0
2025-12-22 13:35:56,012 - DEBUG - Applied object param aspirate_speed=14
2025-12-22 13:35:56,012 - DEBUG - Applied object param aspirate_wait_time=1.408423966
2025-12-22 13:35:56,012 - DEBUG - Applied object param blowout_vol=0.0
2025-12-22 13:35:56,012 - DEBUG - Applied object param dispense_speed=10
2025-12-22 13:35:56,012 - DEBUG - Applied object param dispense_wait_time=0.0
2025-12-22 13:35:56,012 - DEBUG - Applied object param overaspirate_vol=0.035299182
2025-12-22 13:35:56,012 - DEBUG - Applied object param post_asp_air_vol=0.097804599
2025-12-22 13:35:56,012 - DEBUG - Applied object param post_retract_wait_time=0.0
2025-12-22 13:35:56,012 - DEBUG - Applied object param pre_asp_air_vol=0.0
2025-12-22 13:35:56,012 - DEBUG - Applied object param retract_speed=7
2025-12-22 13:35:56,014 - DEBUG - Selected small_tip for volume 0.153 mL
2025-12-22 13:35:56,015 - INFO - Pipetting from vial liquid_source_0, amount: 0.020 mL
2025-12-22 13:35:56,015 - INFO - Additional volume from calibration, amount: 0.035 mL
2025-12-22 13:35:56,016 - DEBUG - Adjusting pump 0 speed to 10
2025-12-22 13:35:58,977 - DEBUG - Adjusting pump 0 speed to 14
2025-12-22 13:36:00,256 - DEBUG - Aspirating 0.055 mL then waiting 1.408423966 s
2025-12-22 13:36:02,895 - DEBUG - Aspirating 0.098 mL then waiting 0 s
2025-12-22 13:36:03,918 - DEBUG - Using calibrated aspirate_speed=14 for water at 0.020mL
2025-12-22 13:36:03,918 - DEBUG - Using calibrated dispense_speed=8 for water at 0.020mL
2025-12-22 13:36:03,918 - DEBUG - Using calibrated aspirate_wait_time=1.408423966 for water at 0.020mL
2025-12-22 13:36:03,918 - DEBUG - Using calibrated dispense_wait_time=0.0 for water at 0.020mL
2025-12-22 13:36:03,918 - DEBUG - Using calibrated retract_speed=7 for water at 0.020mL
2025-12-22 13:36:03,918 - DEBUG - Using calibrated blowout_vol=0.014918474666666667 for water at 0.020mL
2025-12-22 13:36:03,918 - DEBUG - Using calibrated post_asp_air_vol=0.097804599 for water at 0.020mL
2025-12-22 13:36:03,918 - DEBUG - Using calibrated overaspirate_vol=0.035299182 for water at 0.020mL
2025-12-22 13:36:03,918 - DEBUG - Applied object param asp_disp_cycles=0
2025-12-22 13:36:03,918 - DEBUG - Applied object param aspirate_speed=10
2025-12-22 13:36:03,918 - DEBUG - Applied object param aspirate_wait_time=0.0
2025-12-22 13:36:03,918 - DEBUG - Applied object param blowout_vol=0.014918474666666667
2025-12-22 13:36:03,918 - DEBUG - Applied object param dispense_speed=8
2025-12-22 13:36:03,918 - DEBUG - Applied object param dispense_wait_time=0.0
2025-12-22 13:36:03,918 - DEBUG - Applied object param overaspirate_vol=0.035299182
2025-12-22 13:36:03,918 - DEBUG - Applied object param post_asp_air_vol=0.097804599
2025-12-22 13:36:03,918 - DEBUG - Applied object param post_retract_wait_time=0.0
2025-12-22 13:36:03,918 - DEBUG - Applied object param pre_asp_air_vol=0.0
2025-12-22 13:36:03,918 - DEBUG - Applied object param retract_speed=10
2025-12-22 13:36:03,918 - INFO - Pipetting into vial measurement_vial_0, amount: 0.020 mL
2025-12-22 13:36:05,198 - DEBUG - Adjusting pump 0 speed to 8
2025-12-22 13:36:09,229 - DEBUG - Dispensing 0.153 mL then waiting 0.0 s
2025-12-22 13:36:09,229 - WARNING - Dispense exceeded limit: Dispensing all liquid
2025-12-22 13:36:09,912 - DEBUG - Blowing out 0.015 mL
2025-12-22 13:36:13,605 - DEBUG - Using calibrated aspirate_speed=14 for water at 0.020mL
2025-12-22 13:36:13,605 - DEBUG - Using calibrated dispense_speed=8 for water at 0.020mL
2025-12-22 13:36:13,605 - DEBUG - Using calibrated aspirate_wait_time=1.408423966 for water at 0.020mL
2025-12-22 13:36:13,605 - DEBUG - Using calibrated dispense_wait_time=0.0 for water at 0.020mL
2025-12-22 13:36:13,605 - DEBUG - Using calibrated retract_speed=7 for water at 0.020mL
2025-12-22 13:36:13,605 - DEBUG - Using calibrated blowout_vol=0.014918474666666667 for water at 0.020mL
2025-12-22 13:36:13,605 - DEBUG - Using calibrated post_asp_air_vol=0.097804599 for water at 0.020mL
2025-12-22 13:36:13,605 - DEBUG - Using calibrated overaspirate_vol=0.035299182 for water at 0.020mL
2025-12-22 13:36:13,605 - DEBUG - Applied object param asp_disp_cycles=0
2025-12-22 13:36:13,605 - DEBUG - Applied object param aspirate_speed=14
2025-12-22 13:36:13,605 - DEBUG - Applied object param aspirate_wait_time=1.408423966
2025-12-22 13:36:13,606 - DEBUG - Applied object param blowout_vol=0.0
2025-12-22 13:36:13,606 - DEBUG - Applied object param dispense_speed=10
2025-12-22 13:36:13,606 - DEBUG - Applied object param dispense_wait_time=0.0
2025-12-22 13:36:13,606 - DEBUG - Applied object param overaspirate_vol=0.035299182
2025-12-22 13:36:13,606 - DEBUG - Applied object param post_asp_air_vol=0.097804599
2025-12-22 13:36:13,606 - DEBUG - Applied object param post_retract_wait_time=0.0
2025-12-22 13:36:13,606 - DEBUG - Applied object param pre_asp_air_vol=0.0
2025-12-22 13:36:13,606 - DEBUG - Applied object param retract_speed=7
2025-12-22 13:36:13,607 - DEBUG - Selected small_tip for volume 0.153 mL
2025-12-22 13:36:13,608 - INFO - Pipetting from vial liquid_source_0, amount: 0.020 mL
2025-12-22 13:36:13,608 - INFO - Additional volume from calibration, amount: 0.035 mL
2025-12-22 13:36:13,610 - DEBUG - Adjusting pump 0 speed to 10
2025-12-22 13:36:16,554 - DEBUG - Adjusting pump 0 speed to 14
2025-12-22 13:36:17,817 - DEBUG - Aspirating 0.055 mL then waiting 1.408423966 s
2025-12-22 13:36:20,472 - DEBUG - Aspirating 0.098 mL then waiting 0 s
2025-12-22 13:36:21,412 - DEBUG - Using calibrated aspirate_speed=14 for water at 0.020mL
2025-12-22 13:36:21,412 - DEBUG - Using calibrated dispense_speed=8 for water at 0.020mL
2025-12-22 13:36:21,412 - DEBUG - Using calibrated aspirate_wait_time=1.408423966 for water at 0.020mL
2025-12-22 13:36:21,412 - DEBUG - Using calibrated dispense_wait_time=0.0 for water at 0.020mL
2025-12-22 13:36:21,412 - DEBUG - Using calibrated retract_speed=7 for water at 0.020mL
2025-12-22 13:36:21,412 - DEBUG - Using calibrated blowout_vol=0.014918474666666667 for water at 0.020mL
2025-12-22 13:36:21,412 - DEBUG - Using calibrated post_asp_air_vol=0.097804599 for water at 0.020mL
2025-12-22 13:36:21,412 - DEBUG - Using calibrated overaspirate_vol=0.035299182 for water at 0.020mL
2025-12-22 13:36:21,412 - DEBUG - Applied object param asp_disp_cycles=0
2025-12-22 13:36:21,412 - DEBUG - Applied object param aspirate_speed=10
2025-12-22 13:36:21,412 - DEBUG - Applied object param aspirate_wait_time=0.0
2025-12-22 13:36:21,412 - DEBUG - Applied object param blowout_vol=0.014918474666666667
2025-12-22 13:36:21,412 - DEBUG - Applied object param dispense_speed=8
2025-12-22 13:36:21,412 - DEBUG - Applied object param dispense_wait_time=0.0
2025-12-22 13:36:21,412 - DEBUG - Applied object param overaspirate_vol=0.035299182
2025-12-22 13:36:21,412 - DEBUG - Applied object param post_asp_air_vol=0.097804599
2025-12-22 13:36:21,412 - DEBUG - Applied object param post_retract_wait_time=0.0
2025-12-22 13:36:21,412 - DEBUG - Applied object param pre_asp_air_vol=0.0
2025-12-22 13:36:21,412 - DEBUG - Applied object param retract_speed=10
2025-12-22 13:36:21,413 - INFO - Pipetting into vial measurement_vial_0, amount: 0.020 mL
2025-12-22 13:36:23,791 - DEBUG - Adjusting pump 0 speed to 8
2025-12-22 13:36:27,798 - DEBUG - Dispensing 0.153 mL then waiting 0.0 s
2025-12-22 13:36:27,798 - WARNING - Dispense exceeded limit: Dispensing all liquid
2025-12-22 13:36:28,437 - DEBUG - Blowing out 0.015 mL
2025-12-22 13:36:31,793 - DEBUG - Using calibrated aspirate_speed=14 for water at 0.020mL
2025-12-22 13:36:31,793 - DEBUG - Using calibrated dispense_speed=8 for water at 0.020mL
2025-12-22 13:36:31,793 - DEBUG - Using calibrated aspirate_wait_time=1.408423966 for water at 0.020mL
2025-12-22 13:36:31,806 - DEBUG - Using calibrated dispense_wait_time=0.0 for water at 0.020mL
2025-12-22 13:36:31,806 - DEBUG - Using calibrated retract_speed=7 for water at 0.020mL
2025-12-22 13:36:31,806 - DEBUG - Using calibrated blowout_vol=0.014918474666666667 for water at 0.020mL
2025-12-22 13:36:31,806 - DEBUG - Using calibrated post_asp_air_vol=0.097804599 for water at 0.020mL
2025-12-22 13:36:31,806 - DEBUG - Using calibrated overaspirate_vol=0.035299182 for water at 0.020mL
2025-12-22 13:36:31,806 - DEBUG - Applied object param asp_disp_cycles=0
2025-12-22 13:36:31,806 - DEBUG - Applied object param aspirate_speed=14
2025-12-22 13:36:31,806 - DEBUG - Applied object param aspirate_wait_time=1.408423966
2025-12-22 13:36:31,806 - DEBUG - Applied object param blowout_vol=0.0
2025-12-22 13:36:31,806 - DEBUG - Applied object param dispense_speed=10
2025-12-22 13:36:31,806 - DEBUG - Applied object param dispense_wait_time=0.0
2025-12-22 13:36:31,806 - DEBUG - Applied object param overaspirate_vol=0.035299182
2025-12-22 13:36:31,806 - DEBUG - Applied object param post_asp_air_vol=0.097804599
2025-12-22 13:36:31,806 - DEBUG - Applied object param post_retract_wait_time=0.0
2025-12-22 13:36:31,806 - DEBUG - Applied object param pre_asp_air_vol=0.0
2025-12-22 13:36:31,806 - DEBUG - Applied object param retract_speed=7
2025-12-22 13:36:31,808 - DEBUG - Selected small_tip for volume 0.153 mL
2025-12-22 13:36:31,809 - INFO - Pipetting from vial liquid_source_0, amount: 0.020 mL
2025-12-22 13:36:31,809 - INFO - Additional volume from calibration, amount: 0.035 mL
2025-12-22 13:36:31,810 - DEBUG - Adjusting pump 0 speed to 10
2025-12-22 13:36:34,748 - DEBUG - Adjusting pump 0 speed to 14
2025-12-22 13:36:36,018 - DEBUG - Aspirating 0.055 mL then waiting 1.408423966 s
2025-12-22 13:36:38,689 - DEBUG - Aspirating 0.098 mL then waiting 0 s
2025-12-22 13:36:39,633 - DEBUG - Using calibrated aspirate_speed=14 for water at 0.020mL
2025-12-22 13:36:39,633 - DEBUG - Using calibrated dispense_speed=8 for water at 0.020mL
2025-12-22 13:36:39,633 - DEBUG - Using calibrated aspirate_wait_time=1.408423966 for water at 0.020mL
2025-12-22 13:36:39,633 - DEBUG - Using calibrated dispense_wait_time=0.0 for water at 0.020mL
2025-12-22 13:36:39,633 - DEBUG - Using calibrated retract_speed=7 for water at 0.020mL
2025-12-22 13:36:39,633 - DEBUG - Using calibrated blowout_vol=0.014918474666666667 for water at 0.020mL
2025-12-22 13:36:39,633 - DEBUG - Using calibrated post_asp_air_vol=0.097804599 for water at 0.020mL
2025-12-22 13:36:39,633 - DEBUG - Using calibrated overaspirate_vol=0.035299182 for water at 0.020mL
2025-12-22 13:36:39,633 - DEBUG - Applied object param asp_disp_cycles=0
2025-12-22 13:36:39,633 - DEBUG - Applied object param aspirate_speed=10
2025-12-22 13:36:39,633 - DEBUG - Applied object param aspirate_wait_time=0.0
2025-12-22 13:36:39,633 - DEBUG - Applied object param blowout_vol=0.014918474666666667
2025-12-22 13:36:39,633 - DEBUG - Applied object param dispense_speed=8
2025-12-22 13:36:39,633 - DEBUG - Applied object param dispense_wait_time=0.0
2025-12-22 13:36:39,633 - DEBUG - Applied object param overaspirate_vol=0.035299182
2025-12-22 13:36:39,633 - DEBUG - Applied object param post_asp_air_vol=0.097804599
2025-12-22 13:36:39,633 - DEBUG - Applied object param post_retract_wait_time=0.0
2025-12-22 13:36:39,633 - DEBUG - Applied object param pre_asp_air_vol=0.0
2025-12-22 13:36:39,633 - DEBUG - Applied object param retract_speed=10
2025-12-22 13:36:39,633 - INFO - Pipetting into vial measurement_vial_0, amount: 0.020 mL
2025-12-22 13:36:43,791 - DEBUG - Adjusting pump 0 speed to 8
2025-12-22 13:36:47,790 - DEBUG - Dispensing 0.153 mL then waiting 0.0 s
2025-12-22 13:36:47,790 - WARNING - Dispense exceeded limit: Dispensing all liquid
2025-12-22 13:36:48,478 - DEBUG - Blowing out 0.015 mL
2025-12-22 13:36:51,408 - DEBUG - Using calibrated aspirate_speed=14 for water at 0.020mL
2025-12-22 13:36:51,408 - DEBUG - Using calibrated dispense_speed=8 for water at 0.020mL
2025-12-22 13:36:51,408 - DEBUG - Using calibrated aspirate_wait_time=1.408423966 for water at 0.020mL
2025-12-22 13:36:51,408 - DEBUG - Using calibrated dispense_wait_time=0.0 for water at 0.020mL
2025-12-22 13:36:51,416 - DEBUG - Using calibrated retract_speed=7 for water at 0.020mL
2025-12-22 13:36:51,416 - DEBUG - Using calibrated blowout_vol=0.014918474666666667 for water at 0.020mL
2025-12-22 13:36:51,416 - DEBUG - Using calibrated post_asp_air_vol=0.097804599 for water at 0.020mL
2025-12-22 13:36:51,416 - DEBUG - Using calibrated overaspirate_vol=0.035299182 for water at 0.020mL
2025-12-22 13:36:51,416 - DEBUG - Applied object param asp_disp_cycles=0
2025-12-22 13:36:51,416 - DEBUG - Applied object param aspirate_speed=14
2025-12-22 13:36:51,416 - DEBUG - Applied object param aspirate_wait_time=1.408423966
2025-12-22 13:36:51,416 - DEBUG - Applied object param blowout_vol=0.0
2025-12-22 13:36:51,416 - DEBUG - Applied object param dispense_speed=10
2025-12-22 13:36:51,416 - DEBUG - Applied object param dispense_wait_time=0.0
2025-12-22 13:36:51,416 - DEBUG - Applied object param overaspirate_vol=0.035299182
2025-12-22 13:36:51,416 - DEBUG - Applied object param post_asp_air_vol=0.097804599
2025-12-22 13:36:51,416 - DEBUG - Applied object param post_retract_wait_time=0.0
2025-12-22 13:36:51,416 - DEBUG - Applied object param pre_asp_air_vol=0.0
2025-12-22 13:36:51,416 - DEBUG - Applied object param retract_speed=7
2025-12-22 13:36:51,417 - DEBUG - Selected small_tip for volume 0.153 mL
2025-12-22 13:36:51,418 - INFO - Pipetting from vial liquid_source_0, amount: 0.020 mL
2025-12-22 13:36:51,418 - INFO - Additional volume from calibration, amount: 0.035 mL
2025-12-22 13:36:51,420 - DEBUG - Adjusting pump 0 speed to 10
2025-12-22 13:36:54,395 - DEBUG - Adjusting pump 0 speed to 14
2025-12-22 13:36:55,657 - DEBUG - Aspirating 0.055 mL then waiting 1.408423966 s
2025-12-22 13:36:58,377 - DEBUG - Aspirating 0.098 mL then waiting 0 s
2025-12-22 13:36:59,363 - DEBUG - Using calibrated aspirate_speed=14 for water at 0.020mL
2025-12-22 13:36:59,363 - DEBUG - Using calibrated dispense_speed=8 for water at 0.020mL
2025-12-22 13:36:59,363 - DEBUG - Using calibrated aspirate_wait_time=1.408423966 for water at 0.020mL
2025-12-22 13:36:59,363 - DEBUG - Using calibrated dispense_wait_time=0.0 for water at 0.020mL
2025-12-22 13:36:59,363 - DEBUG - Using calibrated retract_speed=7 for water at 0.020mL
2025-12-22 13:36:59,363 - DEBUG - Using calibrated blowout_vol=0.014918474666666667 for water at 0.020mL
2025-12-22 13:36:59,363 - DEBUG - Using calibrated post_asp_air_vol=0.097804599 for water at 0.020mL
2025-12-22 13:36:59,363 - DEBUG - Using calibrated overaspirate_vol=0.035299182 for water at 0.020mL
2025-12-22 13:36:59,363 - DEBUG - Applied object param asp_disp_cycles=0
2025-12-22 13:36:59,363 - DEBUG - Applied object param aspirate_speed=10
2025-12-22 13:36:59,363 - DEBUG - Applied object param aspirate_wait_time=0.0
2025-12-22 13:36:59,363 - DEBUG - Applied object param blowout_vol=0.014918474666666667
2025-12-22 13:36:59,363 - DEBUG - Applied object param dispense_speed=8
2025-12-22 13:36:59,363 - DEBUG - Applied object param dispense_wait_time=0.0
2025-12-22 13:36:59,363 - DEBUG - Applied object param overaspirate_vol=0.035299182
2025-12-22 13:36:59,363 - DEBUG - Applied object param post_asp_air_vol=0.097804599
2025-12-22 13:36:59,363 - DEBUG - Applied object param post_retract_wait_time=0.0
2025-12-22 13:36:59,363 - DEBUG - Applied object param pre_asp_air_vol=0.0
2025-12-22 13:36:59,363 - DEBUG - Applied object param retract_speed=10
2025-12-22 13:36:59,363 - INFO - Pipetting into vial measurement_vial_0, amount: 0.020 mL
2025-12-22 13:37:00,593 - DEBUG - Adjusting pump 0 speed to 8
2025-12-22 13:37:04,594 - DEBUG - Dispensing 0.153 mL then waiting 0.0 s
2025-12-22 13:37:04,594 - WARNING - Dispense exceeded limit: Dispensing all liquid
2025-12-22 13:37:05,239 - DEBUG - Blowing out 0.015 mL
2025-12-22 13:37:10,022 - DEBUG - Using calibrated aspirate_speed=14 for water at 0.015mL
2025-12-22 13:37:10,022 - DEBUG - Using calibrated dispense_speed=8 for water at 0.015mL
2025-12-22 13:37:10,023 - DEBUG - Using calibrated aspirate_wait_time=1.408423966 for water at 0.015mL
2025-12-22 13:37:10,023 - DEBUG - Using calibrated dispense_wait_time=0.0 for water at 0.015mL
2025-12-22 13:37:10,023 - DEBUG - Using calibrated retract_speed=7 for water at 0.015mL
2025-12-22 13:37:10,023 - DEBUG - Using calibrated blowout_vol=0.007459237333333334 for water at 0.015mL
2025-12-22 13:37:10,023 - DEBUG - Using calibrated post_asp_air_vol=0.097804599 for water at 0.015mL
2025-12-22 13:37:10,023 - DEBUG - Using calibrated overaspirate_vol=0.045598364 for water at 0.015mL
2025-12-22 13:37:10,023 - DEBUG - Applied object param asp_disp_cycles=0
2025-12-22 13:37:10,023 - DEBUG - Applied object param aspirate_speed=14
2025-12-22 13:37:10,023 - DEBUG - Applied object param aspirate_wait_time=1.408423966
2025-12-22 13:37:10,023 - DEBUG - Applied object param blowout_vol=0.0
2025-12-22 13:37:10,023 - DEBUG - Applied object param dispense_speed=10
2025-12-22 13:37:10,023 - DEBUG - Applied object param dispense_wait_time=0.0
2025-12-22 13:37:10,023 - DEBUG - Applied object param overaspirate_vol=0.045598364
2025-12-22 13:37:10,023 - DEBUG - Applied object param post_asp_air_vol=0.097804599
2025-12-22 13:37:10,023 - DEBUG - Applied object param post_retract_wait_time=0.0
2025-12-22 13:37:10,023 - DEBUG - Applied object param pre_asp_air_vol=0.0
2025-12-22 13:37:10,023 - DEBUG - Applied object param retract_speed=7
2025-12-22 13:37:10,024 - DEBUG - Selected small_tip for volume 0.158 mL
2025-12-22 13:37:10,025 - INFO - Pipetting from vial liquid_source_0, amount: 0.015 mL
2025-12-22 13:37:10,025 - INFO - Additional volume from calibration, amount: 0.046 mL
2025-12-22 13:37:10,027 - DEBUG - Adjusting pump 0 speed to 10
2025-12-22 13:37:12,941 - DEBUG - Adjusting pump 0 speed to 14
2025-12-22 13:37:14,211 - DEBUG - Aspirating 0.061 mL then waiting 1.408423966 s
2025-12-22 13:37:16,898 - DEBUG - Aspirating 0.098 mL then waiting 0 s
2025-12-22 13:37:17,858 - DEBUG - Using calibrated aspirate_speed=14 for water at 0.015mL
2025-12-22 13:37:17,858 - DEBUG - Using calibrated dispense_speed=8 for water at 0.015mL
2025-12-22 13:37:17,858 - DEBUG - Using calibrated aspirate_wait_time=1.408423966 for water at 0.015mL
2025-12-22 13:37:17,858 - DEBUG - Using calibrated dispense_wait_time=0.0 for water at 0.015mL
2025-12-22 13:37:17,858 - DEBUG - Using calibrated retract_speed=7 for water at 0.015mL
2025-12-22 13:37:17,858 - DEBUG - Using calibrated blowout_vol=0.007459237333333334 for water at 0.015mL
2025-12-22 13:37:17,858 - DEBUG - Using calibrated post_asp_air_vol=0.097804599 for water at 0.015mL
2025-12-22 13:37:17,858 - DEBUG - Using calibrated overaspirate_vol=0.045598364 for water at 0.015mL
2025-12-22 13:37:17,858 - DEBUG - Applied object param asp_disp_cycles=0
2025-12-22 13:37:17,858 - DEBUG - Applied object param aspirate_speed=10
2025-12-22 13:37:17,858 - DEBUG - Applied object param aspirate_wait_time=0.0
2025-12-22 13:37:17,858 - DEBUG - Applied object param blowout_vol=0.007459237333333334
2025-12-22 13:37:17,858 - DEBUG - Applied object param dispense_speed=8
2025-12-22 13:37:17,858 - DEBUG - Applied object param dispense_wait_time=0.0
2025-12-22 13:37:17,858 - DEBUG - Applied object param overaspirate_vol=0.045598364
2025-12-22 13:37:17,858 - DEBUG - Applied object param post_asp_air_vol=0.097804599
2025-12-22 13:37:17,858 - DEBUG - Applied object param post_retract_wait_time=0.0
2025-12-22 13:37:17,858 - DEBUG - Applied object param pre_asp_air_vol=0.0
2025-12-22 13:37:17,858 - DEBUG - Applied object param retract_speed=10
2025-12-22 13:37:17,858 - INFO - Pipetting into vial measurement_vial_0, amount: 0.015 mL
2025-12-22 13:37:19,388 - DEBUG - Adjusting pump 0 speed to 8
2025-12-22 13:37:23,424 - DEBUG - Dispensing 0.158 mL then waiting 0.0 s
2025-12-22 13:37:23,424 - WARNING - Dispense exceeded limit: Dispensing all liquid
2025-12-22 13:37:24,117 - DEBUG - Blowing out 0.007 mL
2025-12-22 13:37:28,190 - DEBUG - Using calibrated aspirate_speed=14 for water at 0.015mL
2025-12-22 13:37:28,201 - DEBUG - Using calibrated dispense_speed=8 for water at 0.015mL
2025-12-22 13:37:28,201 - DEBUG - Using calibrated aspirate_wait_time=1.408423966 for water at 0.015mL
2025-12-22 13:37:28,201 - DEBUG - Using calibrated dispense_wait_time=0.0 for water at 0.015mL
2025-12-22 13:37:28,201 - DEBUG - Using calibrated retract_speed=7 for water at 0.015mL
2025-12-22 13:37:28,201 - DEBUG - Using calibrated blowout_vol=0.007459237333333334 for water at 0.015mL
2025-12-22 13:37:28,201 - DEBUG - Using calibrated post_asp_air_vol=0.097804599 for water at 0.015mL
2025-12-22 13:37:28,201 - DEBUG - Using calibrated overaspirate_vol=0.045598364 for water at 0.015mL
2025-12-22 13:37:28,201 - DEBUG - Applied object param asp_disp_cycles=0
2025-12-22 13:37:28,201 - DEBUG - Applied object param aspirate_speed=14
2025-12-22 13:37:28,201 - DEBUG - Applied object param aspirate_wait_time=1.408423966
2025-12-22 13:37:28,201 - DEBUG - Applied object param blowout_vol=0.0
2025-12-22 13:37:28,201 - DEBUG - Applied object param dispense_speed=10
2025-12-22 13:37:28,201 - DEBUG - Applied object param dispense_wait_time=0.0
2025-12-22 13:37:28,201 - DEBUG - Applied object param overaspirate_vol=0.045598364
2025-12-22 13:37:28,201 - DEBUG - Applied object param post_asp_air_vol=0.097804599
2025-12-22 13:37:28,201 - DEBUG - Applied object param post_retract_wait_time=0.0
2025-12-22 13:37:28,201 - DEBUG - Applied object param pre_asp_air_vol=0.0
2025-12-22 13:37:28,201 - DEBUG - Applied object param retract_speed=7
2025-12-22 13:37:28,203 - DEBUG - Selected small_tip for volume 0.158 mL
2025-12-22 13:37:28,204 - INFO - Pipetting from vial liquid_source_0, amount: 0.015 mL
2025-12-22 13:37:28,204 - INFO - Additional volume from calibration, amount: 0.046 mL
2025-12-22 13:37:28,206 - DEBUG - Adjusting pump 0 speed to 10
2025-12-22 13:37:31,165 - DEBUG - Adjusting pump 0 speed to 14
2025-12-22 13:37:32,444 - DEBUG - Aspirating 0.061 mL then waiting 1.408423966 s
2025-12-22 13:37:35,211 - DEBUG - Aspirating 0.098 mL then waiting 0 s
2025-12-22 13:37:36,155 - DEBUG - Using calibrated aspirate_speed=14 for water at 0.015mL
2025-12-22 13:37:36,155 - DEBUG - Using calibrated dispense_speed=8 for water at 0.015mL
2025-12-22 13:37:36,155 - DEBUG - Using calibrated aspirate_wait_time=1.408423966 for water at 0.015mL
2025-12-22 13:37:36,155 - DEBUG - Using calibrated dispense_wait_time=0.0 for water at 0.015mL
2025-12-22 13:37:36,155 - DEBUG - Using calibrated retract_speed=7 for water at 0.015mL
2025-12-22 13:37:36,155 - DEBUG - Using calibrated blowout_vol=0.007459237333333334 for water at 0.015mL
2025-12-22 13:37:36,155 - DEBUG - Using calibrated post_asp_air_vol=0.097804599 for water at 0.015mL
2025-12-22 13:37:36,155 - DEBUG - Using calibrated overaspirate_vol=0.045598364 for water at 0.015mL
2025-12-22 13:37:36,155 - DEBUG - Applied object param asp_disp_cycles=0
2025-12-22 13:37:36,155 - DEBUG - Applied object param aspirate_speed=10
2025-12-22 13:37:36,155 - DEBUG - Applied object param aspirate_wait_time=0.0
2025-12-22 13:37:36,155 - DEBUG - Applied object param blowout_vol=0.007459237333333334
2025-12-22 13:37:36,155 - DEBUG - Applied object param dispense_speed=8
2025-12-22 13:37:36,155 - DEBUG - Applied object param dispense_wait_time=0.0
2025-12-22 13:37:36,155 - DEBUG - Applied object param overaspirate_vol=0.045598364
2025-12-22 13:37:36,155 - DEBUG - Applied object param post_asp_air_vol=0.097804599
2025-12-22 13:37:36,155 - DEBUG - Applied object param post_retract_wait_time=0.0
2025-12-22 13:37:36,155 - DEBUG - Applied object param pre_asp_air_vol=0.0
2025-12-22 13:37:36,155 - DEBUG - Applied object param retract_speed=10
2025-12-22 13:37:36,155 - INFO - Pipetting into vial measurement_vial_0, amount: 0.015 mL
2025-12-22 13:37:37,594 - DEBUG - Adjusting pump 0 speed to 8
2025-12-22 13:37:41,577 - DEBUG - Dispensing 0.158 mL then waiting 0.0 s
2025-12-22 13:37:41,577 - WARNING - Dispense exceeded limit: Dispensing all liquid
2025-12-22 13:37:42,263 - DEBUG - Blowing out 0.007 mL
2025-12-22 13:37:45,009 - DEBUG - Using calibrated aspirate_speed=14 for water at 0.015mL
2025-12-22 13:37:45,009 - DEBUG - Using calibrated dispense_speed=8 for water at 0.015mL
2025-12-22 13:37:45,009 - DEBUG - Using calibrated aspirate_wait_time=1.408423966 for water at 0.015mL
2025-12-22 13:37:45,009 - DEBUG - Using calibrated dispense_wait_time=0.0 for water at 0.015mL
2025-12-22 13:37:45,009 - DEBUG - Using calibrated retract_speed=7 for water at 0.015mL
2025-12-22 13:37:45,009 - DEBUG - Using calibrated blowout_vol=0.007459237333333334 for water at 0.015mL
2025-12-22 13:37:45,009 - DEBUG - Using calibrated post_asp_air_vol=0.097804599 for water at 0.015mL
2025-12-22 13:37:45,009 - DEBUG - Using calibrated overaspirate_vol=0.045598364 for water at 0.015mL
2025-12-22 13:37:45,010 - DEBUG - Applied object param asp_disp_cycles=0
2025-12-22 13:37:45,010 - DEBUG - Applied object param aspirate_speed=14
2025-12-22 13:37:45,010 - DEBUG - Applied object param aspirate_wait_time=1.408423966
2025-12-22 13:37:45,010 - DEBUG - Applied object param blowout_vol=0.0
2025-12-22 13:37:45,010 - DEBUG - Applied object param dispense_speed=10
2025-12-22 13:37:45,010 - DEBUG - Applied object param dispense_wait_time=0.0
2025-12-22 13:37:45,010 - DEBUG - Applied object param overaspirate_vol=0.045598364
2025-12-22 13:37:45,010 - DEBUG - Applied object param post_asp_air_vol=0.097804599
2025-12-22 13:37:45,010 - DEBUG - Applied object param post_retract_wait_time=0.0
2025-12-22 13:37:45,010 - DEBUG - Applied object param pre_asp_air_vol=0.0
2025-12-22 13:37:45,010 - DEBUG - Applied object param retract_speed=7
2025-12-22 13:37:45,011 - DEBUG - Selected small_tip for volume 0.158 mL
2025-12-22 13:37:45,012 - INFO - Pipetting from vial liquid_source_0, amount: 0.015 mL
2025-12-22 13:37:45,012 - INFO - Additional volume from calibration, amount: 0.046 mL
2025-12-22 13:37:45,014 - DEBUG - Adjusting pump 0 speed to 10
2025-12-22 13:37:47,955 - DEBUG - Adjusting pump 0 speed to 14
2025-12-22 13:37:49,238 - DEBUG - Aspirating 0.061 mL then waiting 1.408423966 s
2025-12-22 13:37:51,919 - DEBUG - Aspirating 0.098 mL then waiting 0 s
2025-12-22 13:37:52,915 - DEBUG - Using calibrated aspirate_speed=14 for water at 0.015mL
2025-12-22 13:37:52,915 - DEBUG - Using calibrated dispense_speed=8 for water at 0.015mL
2025-12-22 13:37:52,915 - DEBUG - Using calibrated aspirate_wait_time=1.408423966 for water at 0.015mL
2025-12-22 13:37:52,915 - DEBUG - Using calibrated dispense_wait_time=0.0 for water at 0.015mL
2025-12-22 13:37:52,915 - DEBUG - Using calibrated retract_speed=7 for water at 0.015mL
2025-12-22 13:37:52,915 - DEBUG - Using calibrated blowout_vol=0.007459237333333334 for water at 0.015mL
2025-12-22 13:37:52,915 - DEBUG - Using calibrated post_asp_air_vol=0.097804599 for water at 0.015mL
2025-12-22 13:37:52,915 - DEBUG - Using calibrated overaspirate_vol=0.045598364 for water at 0.015mL
2025-12-22 13:37:52,915 - DEBUG - Applied object param asp_disp_cycles=0
2025-12-22 13:37:52,915 - DEBUG - Applied object param aspirate_speed=10
2025-12-22 13:37:52,915 - DEBUG - Applied object param aspirate_wait_time=0.0
2025-12-22 13:37:52,915 - DEBUG - Applied object param blowout_vol=0.007459237333333334
2025-12-22 13:37:52,915 - DEBUG - Applied object param dispense_speed=8
2025-12-22 13:37:52,915 - DEBUG - Applied object param dispense_wait_time=0.0
2025-12-22 13:37:52,915 - DEBUG - Applied object param overaspirate_vol=0.045598364
2025-12-22 13:37:52,915 - DEBUG - Applied object param post_asp_air_vol=0.097804599
2025-12-22 13:37:52,915 - DEBUG - Applied object param post_retract_wait_time=0.0
2025-12-22 13:37:52,915 - DEBUG - Applied object param pre_asp_air_vol=0.0
2025-12-22 13:37:52,915 - DEBUG - Applied object param retract_speed=10
2025-12-22 13:37:52,918 - INFO - Pipetting into vial measurement_vial_0, amount: 0.015 mL
2025-12-22 13:37:54,187 - DEBUG - Adjusting pump 0 speed to 8
2025-12-22 13:37:58,179 - DEBUG - Dispensing 0.158 mL then waiting 0.0 s
2025-12-22 13:37:58,179 - WARNING - Dispense exceeded limit: Dispensing all liquid
2025-12-22 13:37:58,889 - DEBUG - Blowing out 0.007 mL
2025-12-22 13:38:05,392 - DEBUG - Using calibrated aspirate_speed=14 for water at 0.015mL
2025-12-22 13:38:05,392 - DEBUG - Using calibrated dispense_speed=8 for water at 0.015mL
2025-12-22 13:38:05,392 - DEBUG - Using calibrated aspirate_wait_time=1.408423966 for water at 0.015mL
2025-12-22 13:38:05,392 - DEBUG - Using calibrated dispense_wait_time=0.0 for water at 0.015mL
2025-12-22 13:38:05,392 - DEBUG - Using calibrated retract_speed=7 for water at 0.015mL
2025-12-22 13:38:05,392 - DEBUG - Using calibrated blowout_vol=0.007459237333333334 for water at 0.015mL
2025-12-22 13:38:05,392 - DEBUG - Using calibrated post_asp_air_vol=0.097804599 for water at 0.015mL
2025-12-22 13:38:05,392 - DEBUG - Using calibrated overaspirate_vol=0.045598364 for water at 0.015mL
2025-12-22 13:38:05,392 - DEBUG - Applied object param asp_disp_cycles=0
2025-12-22 13:38:05,392 - DEBUG - Applied object param aspirate_speed=14
2025-12-22 13:38:05,392 - DEBUG - Applied object param aspirate_wait_time=1.408423966
2025-12-22 13:38:05,392 - DEBUG - Applied object param blowout_vol=0.0
2025-12-22 13:38:05,392 - DEBUG - Applied object param dispense_speed=10
2025-12-22 13:38:05,392 - DEBUG - Applied object param dispense_wait_time=0.0
2025-12-22 13:38:05,392 - DEBUG - Applied object param overaspirate_vol=0.045598364
2025-12-22 13:38:05,392 - DEBUG - Applied object param post_asp_air_vol=0.097804599
2025-12-22 13:38:05,392 - DEBUG - Applied object param post_retract_wait_time=0.0
2025-12-22 13:38:05,392 - DEBUG - Applied object param pre_asp_air_vol=0.0
2025-12-22 13:38:05,392 - DEBUG - Applied object param retract_speed=7
2025-12-22 13:38:05,392 - DEBUG - Selected small_tip for volume 0.158 mL
2025-12-22 13:38:05,392 - INFO - Pipetting from vial liquid_source_0, amount: 0.015 mL
2025-12-22 13:38:05,392 - INFO - Additional volume from calibration, amount: 0.046 mL
2025-12-22 13:38:05,392 - DEBUG - Adjusting pump 0 speed to 10
2025-12-22 13:38:08,335 - DEBUG - Adjusting pump 0 speed to 14
2025-12-22 13:38:09,630 - DEBUG - Aspirating 0.061 mL then waiting 1.408423966 s
2025-12-22 13:38:12,397 - DEBUG - Aspirating 0.098 mL then waiting 0 s
2025-12-22 13:38:13,363 - DEBUG - Using calibrated aspirate_speed=14 for water at 0.015mL
2025-12-22 13:38:13,363 - DEBUG - Using calibrated dispense_speed=8 for water at 0.015mL
2025-12-22 13:38:13,363 - DEBUG - Using calibrated aspirate_wait_time=1.408423966 for water at 0.015mL
2025-12-22 13:38:13,363 - DEBUG - Using calibrated dispense_wait_time=0.0 for water at 0.015mL
2025-12-22 13:38:13,363 - DEBUG - Using calibrated retract_speed=7 for water at 0.015mL
2025-12-22 13:38:13,363 - DEBUG - Using calibrated blowout_vol=0.007459237333333334 for water at 0.015mL
2025-12-22 13:38:13,363 - DEBUG - Using calibrated post_asp_air_vol=0.097804599 for water at 0.015mL
2025-12-22 13:38:13,363 - DEBUG - Using calibrated overaspirate_vol=0.045598364 for water at 0.015mL
2025-12-22 13:38:13,363 - DEBUG - Applied object param asp_disp_cycles=0
2025-12-22 13:38:13,363 - DEBUG - Applied object param aspirate_speed=10
2025-12-22 13:38:13,363 - DEBUG - Applied object param aspirate_wait_time=0.0
2025-12-22 13:38:13,363 - DEBUG - Applied object param blowout_vol=0.007459237333333334
2025-12-22 13:38:13,363 - DEBUG - Applied object param dispense_speed=8
2025-12-22 13:38:13,363 - DEBUG - Applied object param dispense_wait_time=0.0
2025-12-22 13:38:13,363 - DEBUG - Applied object param overaspirate_vol=0.045598364
2025-12-22 13:38:13,363 - DEBUG - Applied object param post_asp_air_vol=0.097804599
2025-12-22 13:38:13,363 - DEBUG - Applied object param post_retract_wait_time=0.0
2025-12-22 13:38:13,363 - DEBUG - Applied object param pre_asp_air_vol=0.0
2025-12-22 13:38:13,363 - DEBUG - Applied object param retract_speed=10
2025-12-22 13:38:13,363 - INFO - Pipetting into vial measurement_vial_0, amount: 0.015 mL
2025-12-22 13:38:15,804 - DEBUG - Adjusting pump 0 speed to 8
2025-12-22 13:38:19,802 - DEBUG - Dispensing 0.158 mL then waiting 0.0 s
2025-12-22 13:38:19,803 - WARNING - Dispense exceeded limit: Dispensing all liquid
2025-12-22 13:38:20,500 - DEBUG - Blowing out 0.007 mL
2025-12-22 13:38:24,802 - DEBUG - Using calibrated aspirate_speed=14 for water at 0.015mL
2025-12-22 13:38:24,802 - DEBUG - Using calibrated dispense_speed=8 for water at 0.015mL
2025-12-22 13:38:24,802 - DEBUG - Using calibrated aspirate_wait_time=1.408423966 for water at 0.015mL
2025-12-22 13:38:24,803 - DEBUG - Using calibrated dispense_wait_time=0.0 for water at 0.015mL
2025-12-22 13:38:24,803 - DEBUG - Using calibrated retract_speed=7 for water at 0.015mL
2025-12-22 13:38:24,803 - DEBUG - Using calibrated blowout_vol=0.007459237333333334 for water at 0.015mL
2025-12-22 13:38:24,803 - DEBUG - Using calibrated post_asp_air_vol=0.097804599 for water at 0.015mL
2025-12-22 13:38:24,803 - DEBUG - Using calibrated overaspirate_vol=0.045598364 for water at 0.015mL
2025-12-22 13:38:24,803 - DEBUG - Applied object param asp_disp_cycles=0
2025-12-22 13:38:24,803 - DEBUG - Applied object param aspirate_speed=14
2025-12-22 13:38:24,803 - DEBUG - Applied object param aspirate_wait_time=1.408423966
2025-12-22 13:38:24,803 - DEBUG - Applied object param blowout_vol=0.0
2025-12-22 13:38:24,803 - DEBUG - Applied object param dispense_speed=10
2025-12-22 13:38:24,803 - DEBUG - Applied object param dispense_wait_time=0.0
2025-12-22 13:38:24,803 - DEBUG - Applied object param overaspirate_vol=0.045598364
2025-12-22 13:38:24,803 - DEBUG - Applied object param post_asp_air_vol=0.097804599
2025-12-22 13:38:24,803 - DEBUG - Applied object param post_retract_wait_time=0.0
2025-12-22 13:38:24,803 - DEBUG - Applied object param pre_asp_air_vol=0.0
2025-12-22 13:38:24,803 - DEBUG - Applied object param retract_speed=7
2025-12-22 13:38:24,805 - DEBUG - Selected small_tip for volume 0.158 mL
2025-12-22 13:38:24,807 - INFO - Pipetting from vial liquid_source_0, amount: 0.015 mL
2025-12-22 13:38:24,807 - INFO - Additional volume from calibration, amount: 0.046 mL
2025-12-22 13:38:24,809 - DEBUG - Adjusting pump 0 speed to 10
2025-12-22 13:38:27,735 - DEBUG - Adjusting pump 0 speed to 14
2025-12-22 13:38:29,047 - DEBUG - Aspirating 0.061 mL then waiting 1.408423966 s
2025-12-22 13:38:31,764 - DEBUG - Aspirating 0.098 mL then waiting 0 s
2025-12-22 13:38:32,692 - DEBUG - Using calibrated aspirate_speed=14 for water at 0.015mL
2025-12-22 13:38:32,692 - DEBUG - Using calibrated dispense_speed=8 for water at 0.015mL
2025-12-22 13:38:32,692 - DEBUG - Using calibrated aspirate_wait_time=1.408423966 for water at 0.015mL
2025-12-22 13:38:32,692 - DEBUG - Using calibrated dispense_wait_time=0.0 for water at 0.015mL
2025-12-22 13:38:32,692 - DEBUG - Using calibrated retract_speed=7 for water at 0.015mL
2025-12-22 13:38:32,692 - DEBUG - Using calibrated blowout_vol=0.007459237333333334 for water at 0.015mL
2025-12-22 13:38:32,692 - DEBUG - Using calibrated post_asp_air_vol=0.097804599 for water at 0.015mL
2025-12-22 13:38:32,692 - DEBUG - Using calibrated overaspirate_vol=0.045598364 for water at 0.015mL
2025-12-22 13:38:32,692 - DEBUG - Applied object param asp_disp_cycles=0
2025-12-22 13:38:32,692 - DEBUG - Applied object param aspirate_speed=10
2025-12-22 13:38:32,692 - DEBUG - Applied object param aspirate_wait_time=0.0
2025-12-22 13:38:32,692 - DEBUG - Applied object param blowout_vol=0.007459237333333334
2025-12-22 13:38:32,692 - DEBUG - Applied object param dispense_speed=8
2025-12-22 13:38:32,692 - DEBUG - Applied object param dispense_wait_time=0.0
2025-12-22 13:38:32,692 - DEBUG - Applied object param overaspirate_vol=0.045598364
2025-12-22 13:38:32,692 - DEBUG - Applied object param post_asp_air_vol=0.097804599
2025-12-22 13:38:32,692 - DEBUG - Applied object param post_retract_wait_time=0.0
2025-12-22 13:38:32,692 - DEBUG - Applied object param pre_asp_air_vol=0.0
2025-12-22 13:38:32,692 - DEBUG - Applied object param retract_speed=10
2025-12-22 13:38:32,692 - INFO - Pipetting into vial measurement_vial_0, amount: 0.015 mL
2025-12-22 13:38:35,604 - DEBUG - Adjusting pump 0 speed to 8
2025-12-22 13:38:39,603 - DEBUG - Dispensing 0.158 mL then waiting 0.0 s
2025-12-22 13:38:39,603 - WARNING - Dispense exceeded limit: Dispensing all liquid
2025-12-22 13:38:40,315 - DEBUG - Blowing out 0.007 mL
2025-12-22 13:38:44,811 - DEBUG - Using calibrated aspirate_speed=14 for water at 0.010mL
2025-12-22 13:38:44,811 - DEBUG - Using calibrated dispense_speed=8 for water at 0.010mL
2025-12-22 13:38:44,811 - DEBUG - Using calibrated aspirate_wait_time=1.408423966 for water at 0.010mL
2025-12-22 13:38:44,811 - DEBUG - Using calibrated dispense_wait_time=0.0 for water at 0.010mL
2025-12-22 13:38:44,811 - DEBUG - Using calibrated retract_speed=7 for water at 0.010mL
2025-12-22 13:38:44,811 - DEBUG - Using calibrated blowout_vol=0.0 for water at 0.010mL
2025-12-22 13:38:44,811 - DEBUG - Using calibrated post_asp_air_vol=0.097804599 for water at 0.010mL
2025-12-22 13:38:44,811 - DEBUG - Using calibrated overaspirate_vol=0.055897546 for water at 0.010mL
2025-12-22 13:38:44,811 - DEBUG - Applied object param asp_disp_cycles=0
2025-12-22 13:38:44,811 - DEBUG - Applied object param aspirate_speed=14
2025-12-22 13:38:44,811 - DEBUG - Applied object param aspirate_wait_time=1.408423966
2025-12-22 13:38:44,811 - DEBUG - Applied object param blowout_vol=0.0
2025-12-22 13:38:44,811 - DEBUG - Applied object param dispense_speed=10
2025-12-22 13:38:44,811 - DEBUG - Applied object param dispense_wait_time=0.0
2025-12-22 13:38:44,811 - DEBUG - Applied object param overaspirate_vol=0.055897546
2025-12-22 13:38:44,811 - DEBUG - Applied object param post_asp_air_vol=0.097804599
2025-12-22 13:38:44,811 - DEBUG - Applied object param post_retract_wait_time=0.0
2025-12-22 13:38:44,811 - DEBUG - Applied object param pre_asp_air_vol=0.0
2025-12-22 13:38:44,811 - DEBUG - Applied object param retract_speed=7
2025-12-22 13:38:44,814 - DEBUG - Selected small_tip for volume 0.164 mL
2025-12-22 13:38:44,816 - INFO - Pipetting from vial liquid_source_0, amount: 0.010 mL
2025-12-22 13:38:44,816 - INFO - Additional volume from calibration, amount: 0.056 mL
2025-12-22 13:38:44,816 - DEBUG - Adjusting pump 0 speed to 10
2025-12-22 13:38:47,758 - DEBUG - Adjusting pump 0 speed to 14
2025-12-22 13:38:49,023 - DEBUG - Aspirating 0.066 mL then waiting 1.408423966 s
2025-12-22 13:38:51,726 - DEBUG - Aspirating 0.098 mL then waiting 0 s
2025-12-22 13:38:52,724 - DEBUG - Using calibrated aspirate_speed=14 for water at 0.010mL
2025-12-22 13:38:52,724 - DEBUG - Using calibrated dispense_speed=8 for water at 0.010mL
2025-12-22 13:38:52,724 - DEBUG - Using calibrated aspirate_wait_time=1.408423966 for water at 0.010mL
2025-12-22 13:38:52,724 - DEBUG - Using calibrated dispense_wait_time=0.0 for water at 0.010mL
2025-12-22 13:38:52,724 - DEBUG - Using calibrated retract_speed=7 for water at 0.010mL
2025-12-22 13:38:52,724 - DEBUG - Using calibrated blowout_vol=0.0 for water at 0.010mL
2025-12-22 13:38:52,724 - DEBUG - Using calibrated post_asp_air_vol=0.097804599 for water at 0.010mL
2025-12-22 13:38:52,724 - DEBUG - Using calibrated overaspirate_vol=0.055897546 for water at 0.010mL
2025-12-22 13:38:52,724 - DEBUG - Applied object param asp_disp_cycles=0
2025-12-22 13:38:52,724 - DEBUG - Applied object param aspirate_speed=10
2025-12-22 13:38:52,724 - DEBUG - Applied object param aspirate_wait_time=0.0
2025-12-22 13:38:52,724 - DEBUG - Applied object param blowout_vol=0.0
2025-12-22 13:38:52,724 - DEBUG - Applied object param dispense_speed=8
2025-12-22 13:38:52,724 - DEBUG - Applied object param dispense_wait_time=0.0
2025-12-22 13:38:52,724 - DEBUG - Applied object param overaspirate_vol=0.055897546
2025-12-22 13:38:52,724 - DEBUG - Applied object param post_asp_air_vol=0.097804599
2025-12-22 13:38:52,724 - DEBUG - Applied object param post_retract_wait_time=0.0
2025-12-22 13:38:52,724 - DEBUG - Applied object param pre_asp_air_vol=0.0
2025-12-22 13:38:52,724 - DEBUG - Applied object param retract_speed=10
2025-12-22 13:38:52,724 - INFO - Pipetting into vial measurement_vial_0, amount: 0.010 mL
2025-12-22 13:38:55,197 - DEBUG - Adjusting pump 0 speed to 8
2025-12-22 13:38:59,211 - DEBUG - Dispensing 0.164 mL then waiting 0.0 s
2025-12-22 13:38:59,211 - WARNING - Dispense exceeded limit: Dispensing all liquid
2025-12-22 13:39:01,594 - DEBUG - Using calibrated aspirate_speed=14 for water at 0.010mL
2025-12-22 13:39:01,594 - DEBUG - Using calibrated dispense_speed=8 for water at 0.010mL
2025-12-22 13:39:01,594 - DEBUG - Using calibrated aspirate_wait_time=1.408423966 for water at 0.010mL
2025-12-22 13:39:01,594 - DEBUG - Using calibrated dispense_wait_time=0.0 for water at 0.010mL
2025-12-22 13:39:01,594 - DEBUG - Using calibrated retract_speed=7 for water at 0.010mL
2025-12-22 13:39:01,594 - DEBUG - Using calibrated blowout_vol=0.0 for water at 0.010mL
2025-12-22 13:39:01,594 - DEBUG - Using calibrated post_asp_air_vol=0.097804599 for water at 0.010mL
2025-12-22 13:39:01,594 - DEBUG - Using calibrated overaspirate_vol=0.055897546 for water at 0.010mL
2025-12-22 13:39:01,594 - DEBUG - Applied object param asp_disp_cycles=0
2025-12-22 13:39:01,594 - DEBUG - Applied object param aspirate_speed=14
2025-12-22 13:39:01,594 - DEBUG - Applied object param aspirate_wait_time=1.408423966
2025-12-22 13:39:01,594 - DEBUG - Applied object param blowout_vol=0.0
2025-12-22 13:39:01,594 - DEBUG - Applied object param dispense_speed=10
2025-12-22 13:39:01,594 - DEBUG - Applied object param dispense_wait_time=0.0
2025-12-22 13:39:01,594 - DEBUG - Applied object param overaspirate_vol=0.055897546
2025-12-22 13:39:01,594 - DEBUG - Applied object param post_asp_air_vol=0.097804599
2025-12-22 13:39:01,594 - DEBUG - Applied object param post_retract_wait_time=0.0
2025-12-22 13:39:01,594 - DEBUG - Applied object param pre_asp_air_vol=0.0
2025-12-22 13:39:01,594 - DEBUG - Applied object param retract_speed=7
2025-12-22 13:39:01,594 - DEBUG - Selected small_tip for volume 0.164 mL
2025-12-22 13:39:01,594 - INFO - Pipetting from vial liquid_source_0, amount: 0.010 mL
2025-12-22 13:39:01,594 - INFO - Additional volume from calibration, amount: 0.056 mL
2025-12-22 13:39:01,594 - DEBUG - Adjusting pump 0 speed to 10
2025-12-22 13:39:04,537 - DEBUG - Adjusting pump 0 speed to 14
2025-12-22 13:39:05,801 - DEBUG - Aspirating 0.066 mL then waiting 1.408423966 s
2025-12-22 13:39:08,567 - DEBUG - Aspirating 0.098 mL then waiting 0 s
2025-12-22 13:39:09,533 - DEBUG - Using calibrated aspirate_speed=14 for water at 0.010mL
2025-12-22 13:39:09,533 - DEBUG - Using calibrated dispense_speed=8 for water at 0.010mL
2025-12-22 13:39:09,533 - DEBUG - Using calibrated aspirate_wait_time=1.408423966 for water at 0.010mL
2025-12-22 13:39:09,533 - DEBUG - Using calibrated dispense_wait_time=0.0 for water at 0.010mL
2025-12-22 13:39:09,533 - DEBUG - Using calibrated retract_speed=7 for water at 0.010mL
2025-12-22 13:39:09,533 - DEBUG - Using calibrated blowout_vol=0.0 for water at 0.010mL
2025-12-22 13:39:09,533 - DEBUG - Using calibrated post_asp_air_vol=0.097804599 for water at 0.010mL
2025-12-22 13:39:09,533 - DEBUG - Using calibrated overaspirate_vol=0.055897546 for water at 0.010mL
2025-12-22 13:39:09,533 - DEBUG - Applied object param asp_disp_cycles=0
2025-12-22 13:39:09,533 - DEBUG - Applied object param aspirate_speed=10
2025-12-22 13:39:09,533 - DEBUG - Applied object param aspirate_wait_time=0.0
2025-12-22 13:39:09,533 - DEBUG - Applied object param blowout_vol=0.0
2025-12-22 13:39:09,533 - DEBUG - Applied object param dispense_speed=8
2025-12-22 13:39:09,533 - DEBUG - Applied object param dispense_wait_time=0.0
2025-12-22 13:39:09,533 - DEBUG - Applied object param overaspirate_vol=0.055897546
2025-12-22 13:39:09,533 - DEBUG - Applied object param post_asp_air_vol=0.097804599
2025-12-22 13:39:09,533 - DEBUG - Applied object param post_retract_wait_time=0.0
2025-12-22 13:39:09,533 - DEBUG - Applied object param pre_asp_air_vol=0.0
2025-12-22 13:39:09,533 - DEBUG - Applied object param retract_speed=10
2025-12-22 13:39:09,533 - INFO - Pipetting into vial measurement_vial_0, amount: 0.010 mL
2025-12-22 13:39:11,206 - DEBUG - Adjusting pump 0 speed to 8
2025-12-22 13:39:15,221 - DEBUG - Dispensing 0.164 mL then waiting 0.0 s
2025-12-22 13:39:15,221 - WARNING - Dispense exceeded limit: Dispensing all liquid
2025-12-22 13:39:19,206 - DEBUG - Using calibrated aspirate_speed=14 for water at 0.010mL
2025-12-22 13:39:19,206 - DEBUG - Using calibrated dispense_speed=8 for water at 0.010mL
2025-12-22 13:39:19,206 - DEBUG - Using calibrated aspirate_wait_time=1.408423966 for water at 0.010mL
2025-12-22 13:39:19,206 - DEBUG - Using calibrated dispense_wait_time=0.0 for water at 0.010mL
2025-12-22 13:39:19,206 - DEBUG - Using calibrated retract_speed=7 for water at 0.010mL
2025-12-22 13:39:19,206 - DEBUG - Using calibrated blowout_vol=0.0 for water at 0.010mL
2025-12-22 13:39:19,206 - DEBUG - Using calibrated post_asp_air_vol=0.097804599 for water at 0.010mL
2025-12-22 13:39:19,206 - DEBUG - Using calibrated overaspirate_vol=0.055897546 for water at 0.010mL
2025-12-22 13:39:19,206 - DEBUG - Applied object param asp_disp_cycles=0
2025-12-22 13:39:19,206 - DEBUG - Applied object param aspirate_speed=14
2025-12-22 13:39:19,206 - DEBUG - Applied object param aspirate_wait_time=1.408423966
2025-12-22 13:39:19,206 - DEBUG - Applied object param blowout_vol=0.0
2025-12-22 13:39:19,206 - DEBUG - Applied object param dispense_speed=10
2025-12-22 13:39:19,206 - DEBUG - Applied object param dispense_wait_time=0.0
2025-12-22 13:39:19,206 - DEBUG - Applied object param overaspirate_vol=0.055897546
2025-12-22 13:39:19,206 - DEBUG - Applied object param post_asp_air_vol=0.097804599
2025-12-22 13:39:19,206 - DEBUG - Applied object param post_retract_wait_time=0.0
2025-12-22 13:39:19,206 - DEBUG - Applied object param pre_asp_air_vol=0.0
2025-12-22 13:39:19,206 - DEBUG - Applied object param retract_speed=7
2025-12-22 13:39:19,206 - DEBUG - Selected small_tip for volume 0.164 mL
2025-12-22 13:39:19,206 - INFO - Pipetting from vial liquid_source_0, amount: 0.010 mL
2025-12-22 13:39:19,206 - INFO - Additional volume from calibration, amount: 0.056 mL
2025-12-22 13:39:19,206 - DEBUG - Adjusting pump 0 speed to 10
2025-12-22 13:39:22,162 - DEBUG - Adjusting pump 0 speed to 14
2025-12-22 13:39:23,442 - DEBUG - Aspirating 0.066 mL then waiting 1.408423966 s
2025-12-22 13:39:26,193 - DEBUG - Aspirating 0.098 mL then waiting 0 s
2025-12-22 13:39:27,152 - DEBUG - Using calibrated aspirate_speed=14 for water at 0.010mL
2025-12-22 13:39:27,152 - DEBUG - Using calibrated dispense_speed=8 for water at 0.010mL
2025-12-22 13:39:27,152 - DEBUG - Using calibrated aspirate_wait_time=1.408423966 for water at 0.010mL
2025-12-22 13:39:27,152 - DEBUG - Using calibrated dispense_wait_time=0.0 for water at 0.010mL
2025-12-22 13:39:27,152 - DEBUG - Using calibrated retract_speed=7 for water at 0.010mL
2025-12-22 13:39:27,152 - DEBUG - Using calibrated blowout_vol=0.0 for water at 0.010mL
2025-12-22 13:39:27,152 - DEBUG - Using calibrated post_asp_air_vol=0.097804599 for water at 0.010mL
2025-12-22 13:39:27,152 - DEBUG - Using calibrated overaspirate_vol=0.055897546 for water at 0.010mL
2025-12-22 13:39:27,152 - DEBUG - Applied object param asp_disp_cycles=0
2025-12-22 13:39:27,152 - DEBUG - Applied object param aspirate_speed=10
2025-12-22 13:39:27,152 - DEBUG - Applied object param aspirate_wait_time=0.0
2025-12-22 13:39:27,152 - DEBUG - Applied object param blowout_vol=0.0
2025-12-22 13:39:27,152 - DEBUG - Applied object param dispense_speed=8
2025-12-22 13:39:27,152 - DEBUG - Applied object param dispense_wait_time=0.0
2025-12-22 13:39:27,152 - DEBUG - Applied object param overaspirate_vol=0.055897546
2025-12-22 13:39:27,152 - DEBUG - Applied object param post_asp_air_vol=0.097804599
2025-12-22 13:39:27,152 - DEBUG - Applied object param post_retract_wait_time=0.0
2025-12-22 13:39:27,152 - DEBUG - Applied object param pre_asp_air_vol=0.0
2025-12-22 13:39:27,152 - DEBUG - Applied object param retract_speed=10
2025-12-22 13:39:27,152 - INFO - Pipetting into vial measurement_vial_0, amount: 0.010 mL
2025-12-22 13:39:28,592 - DEBUG - Adjusting pump 0 speed to 8
2025-12-22 13:39:32,606 - DEBUG - Dispensing 0.164 mL then waiting 0.0 s
2025-12-22 13:39:32,606 - WARNING - Dispense exceeded limit: Dispensing all liquid
2025-12-22 13:39:35,197 - DEBUG - Using calibrated aspirate_speed=14 for water at 0.010mL
2025-12-22 13:39:35,197 - DEBUG - Using calibrated dispense_speed=8 for water at 0.010mL
2025-12-22 13:39:35,197 - DEBUG - Using calibrated aspirate_wait_time=1.408423966 for water at 0.010mL
2025-12-22 13:39:35,197 - DEBUG - Using calibrated dispense_wait_time=0.0 for water at 0.010mL
2025-12-22 13:39:35,197 - DEBUG - Using calibrated retract_speed=7 for water at 0.010mL
2025-12-22 13:39:35,197 - DEBUG - Using calibrated blowout_vol=0.0 for water at 0.010mL
2025-12-22 13:39:35,197 - DEBUG - Using calibrated post_asp_air_vol=0.097804599 for water at 0.010mL
2025-12-22 13:39:35,197 - DEBUG - Using calibrated overaspirate_vol=0.055897546 for water at 0.010mL
2025-12-22 13:39:35,197 - DEBUG - Applied object param asp_disp_cycles=0
2025-12-22 13:39:35,197 - DEBUG - Applied object param aspirate_speed=14
2025-12-22 13:39:35,197 - DEBUG - Applied object param aspirate_wait_time=1.408423966
2025-12-22 13:39:35,197 - DEBUG - Applied object param blowout_vol=0.0
2025-12-22 13:39:35,197 - DEBUG - Applied object param dispense_speed=10
2025-12-22 13:39:35,197 - DEBUG - Applied object param dispense_wait_time=0.0
2025-12-22 13:39:35,197 - DEBUG - Applied object param overaspirate_vol=0.055897546
2025-12-22 13:39:35,197 - DEBUG - Applied object param post_asp_air_vol=0.097804599
2025-12-22 13:39:35,197 - DEBUG - Applied object param post_retract_wait_time=0.0
2025-12-22 13:39:35,197 - DEBUG - Applied object param pre_asp_air_vol=0.0
2025-12-22 13:39:35,197 - DEBUG - Applied object param retract_speed=7
2025-12-22 13:39:35,197 - DEBUG - Selected small_tip for volume 0.164 mL
2025-12-22 13:39:35,197 - INFO - Pipetting from vial liquid_source_0, amount: 0.010 mL
2025-12-22 13:39:35,197 - INFO - Additional volume from calibration, amount: 0.056 mL
2025-12-22 13:39:35,197 - DEBUG - Adjusting pump 0 speed to 10
2025-12-22 13:39:38,140 - DEBUG - Adjusting pump 0 speed to 14
2025-12-22 13:39:39,410 - DEBUG - Aspirating 0.066 mL then waiting 1.408423966 s
2025-12-22 13:39:42,155 - DEBUG - Aspirating 0.098 mL then waiting 0 s
2025-12-22 13:39:43,126 - DEBUG - Using calibrated aspirate_speed=14 for water at 0.010mL
2025-12-22 13:39:43,126 - DEBUG - Using calibrated dispense_speed=8 for water at 0.010mL
2025-12-22 13:39:43,126 - DEBUG - Using calibrated aspirate_wait_time=1.408423966 for water at 0.010mL
2025-12-22 13:39:43,126 - DEBUG - Using calibrated dispense_wait_time=0.0 for water at 0.010mL
2025-12-22 13:39:43,126 - DEBUG - Using calibrated retract_speed=7 for water at 0.010mL
2025-12-22 13:39:43,126 - DEBUG - Using calibrated blowout_vol=0.0 for water at 0.010mL
2025-12-22 13:39:43,126 - DEBUG - Using calibrated post_asp_air_vol=0.097804599 for water at 0.010mL
2025-12-22 13:39:43,126 - DEBUG - Using calibrated overaspirate_vol=0.055897546 for water at 0.010mL
2025-12-22 13:39:43,126 - DEBUG - Applied object param asp_disp_cycles=0
2025-12-22 13:39:43,126 - DEBUG - Applied object param aspirate_speed=10
2025-12-22 13:39:43,126 - DEBUG - Applied object param aspirate_wait_time=0.0
2025-12-22 13:39:43,126 - DEBUG - Applied object param blowout_vol=0.0
2025-12-22 13:39:43,126 - DEBUG - Applied object param dispense_speed=8
2025-12-22 13:39:43,126 - DEBUG - Applied object param dispense_wait_time=0.0
2025-12-22 13:39:43,126 - DEBUG - Applied object param overaspirate_vol=0.055897546
2025-12-22 13:39:43,126 - DEBUG - Applied object param post_asp_air_vol=0.097804599
2025-12-22 13:39:43,126 - DEBUG - Applied object param post_retract_wait_time=0.0
2025-12-22 13:39:43,126 - DEBUG - Applied object param pre_asp_air_vol=0.0
2025-12-22 13:39:43,126 - DEBUG - Applied object param retract_speed=10
2025-12-22 13:39:43,126 - INFO - Pipetting into vial measurement_vial_0, amount: 0.010 mL
2025-12-22 13:39:45,992 - DEBUG - Adjusting pump 0 speed to 8
