2025-11-19 12:42:22,189 - INFO - Initializing North Robot...
2025-11-19 12:42:22,189 - DEBUG - Loading robot configuration files...
2025-11-19 12:42:22,195 - DEBUG - Loaded vial positions configuration from robot_state/vial_positions.yaml
2025-11-19 12:42:22,195 - DEBUG - Loaded pipet tips configuration from robot_state/pipet_tips.yaml
2025-11-19 12:42:22,195 - DEBUG - Loaded pipet racks configuration from robot_state/pipet_racks.yaml
2025-11-19 12:42:22,207 - DEBUG - Loaded pump configuration from robot_state/syringe_pumps.yaml
2025-11-19 12:42:22,210 - DEBUG - Loaded robot hardware configuration from robot_state/robot_hardware.yaml
2025-11-19 12:42:22,210 - DEBUG - Loaded wellplate properties configuration from robot_state/wellplates.yaml
2025-11-19 12:42:22,210 - DEBUG - Loading robot state files...
2025-11-19 12:42:22,210 - DEBUG - Loaded vial data from status/calibration_vials_short.csv
2025-11-19 12:42:22,210 - DEBUG - Loaded robot status from robot_state/robot_status.yaml
2025-11-19 12:42:22,221 - DEBUG - Loaded wellplate positions from robot_state/wellplates.yaml
2025-11-19 12:42:22,221 - DEBUG - Robot status loaded successfully
2025-11-19 12:42:22,221 - DEBUG - Loading pumps from YAML configuration...
2025-11-19 12:42:22,224 - DEBUG - Loaded pump 0: volume=1.0mL, speed=11, liquid=None
2025-11-19 12:42:22,224 - DEBUG - Loaded pump 1: volume=2.5mL, speed=15, liquid=water
2025-11-19 12:42:22,224 - DEBUG - Physical initialization of North Robot...
2025-11-19 12:42:22,225 - INFO - Moving robot to home position
2025-11-19 12:42:22,226 - INFO - Initializing North Track...
2025-11-19 12:42:22,226 - DEBUG - Loading track status from file: robot_state/track_status.yaml
2025-11-19 12:42:22,226 - DEBUG - Getting track status from file: robot_state/track_status.yaml
2025-11-19 12:42:22,226 - DEBUG - Loaded track status from robot_state/track_status.yaml
2025-11-19 12:42:22,226 - DEBUG - Loading track positions from: robot_state/track_positions.yaml
2025-11-19 12:42:22,226 - DEBUG - Loaded track positions configuration from robot_state/track_positions.yaml
2025-11-19 12:42:22,226 - DEBUG - Loading robot hardware configuration from: robot_state/robot_hardware.yaml
2025-11-19 12:42:22,226 - DEBUG - Loaded robot hardware configuration from robot_state/robot_hardware.yaml
2025-11-19 12:42:22,241 - DEBUG - Loaded wellplate properties configuration from robot_state/wellplates.yaml
2025-11-19 12:42:22,242 - DEBUG - Moving North Track to home position
2025-11-19 12:42:22,244 - INFO - Vial measurement_vial_0 already at clamp index 0, no move needed
2025-11-19 12:42:22,249 - DEBUG - Using calibrated aspirate_speed=8.0 for water at 0.005mL
2025-11-19 12:42:22,249 - DEBUG - Using calibrated dispense_speed=14.0 for water at 0.005mL
2025-11-19 12:42:22,249 - DEBUG - Using calibrated aspirate_wait_time=0.0 for water at 0.005mL
2025-11-19 12:42:22,249 - DEBUG - Using calibrated dispense_wait_time=3.5437186 for water at 0.005mL
2025-11-19 12:42:22,249 - DEBUG - Using calibrated retract_speed=10.26081338 for water at 0.005mL
2025-11-19 12:42:22,249 - DEBUG - Using calibrated blowout_vol=0.07821199 for water at 0.005mL
2025-11-19 12:42:22,249 - DEBUG - Using calibrated post_asp_air_vol=0.010581106 for water at 0.005mL
2025-11-19 12:42:22,249 - DEBUG - Using calibrated overaspirate_vol=0.004444743 for water at 0.005mL
