2026-03-20 15:52:43,164 - DEBUG - No workflow config provided - using default initialization
2026-03-20 15:52:43,164 - INFO - Launching status review GUI...
2026-03-20 15:52:43,342 - INFO - Detected workflow name: test_wp_stack
2026-03-20 15:52:43,603 - INFO - Config editor loaded for workflow: test_wp_stack
2026-03-20 15:52:54,977 - INFO - User selected: Run Workflow
2026-03-20 15:52:54,977 - INFO - Status review completed - proceeding with hardware initialization
2026-03-20 15:52:55,583 - INFO - Initializing North Robot...
2026-03-20 15:52:55,583 - DEBUG - Loading robot configuration files...
2026-03-20 15:52:55,596 - DEBUG - Loaded vial positions configuration from robot_state/vial_positions.yaml
2026-03-20 15:52:55,597 - DEBUG - Loaded pipet tips configuration from robot_state/pipet_tips.yaml
2026-03-20 15:52:55,599 - DEBUG - Loaded pipet racks configuration from robot_state/pipet_racks.yaml
2026-03-20 15:52:55,599 - DEBUG - Loaded pump configuration from robot_state/syringe_pumps.yaml
2026-03-20 15:52:55,599 - DEBUG - Loaded robot hardware configuration from robot_state/robot_hardware.yaml
2026-03-20 15:52:55,610 - DEBUG - Loaded wellplate properties configuration from robot_state/wellplates.yaml
2026-03-20 15:52:55,610 - DEBUG - Loading robot state files...
2026-03-20 15:52:55,617 - DEBUG - Loaded vial data from ../utoronto_demo/status/sample_capped_vials.csv
2026-03-20 15:52:55,620 - DEBUG - Loaded robot status from robot_state/robot_status.yaml
2026-03-20 15:52:55,622 - DEBUG - Loaded wellplate positions from robot_state/wellplates.yaml
2026-03-20 15:52:55,622 - DEBUG - Robot status loaded successfully
2026-03-20 15:52:55,622 - INFO - Physical initialization of North Robot...
2026-03-20 15:52:59,127 - DEBUG - Loading pumps from YAML configuration...
2026-03-20 15:52:59,239 - DEBUG - Loaded pump 0: volume=1.0mL, speed=11, liquid=None
2026-03-20 15:52:59,325 - DEBUG - Loaded pump 1: volume=2.5mL, speed=15, liquid=water
2026-03-20 15:52:59,325 - INFO - Moving robot to home position
2026-03-20 15:52:59,732 - DEBUG - Initializing centrifuge controller...
2026-03-20 15:53:05,250 - DEBUG - Current reader status: 0
2026-03-20 15:53:05,250 - INFO - Cytation5 is connected and ready
2026-03-20 15:53:05,250 - INFO - Initializing North Track...
2026-03-20 15:53:05,263 - DEBUG - Loading track status from file: robot_state/track_status.yaml
2026-03-20 15:53:05,264 - DEBUG - Getting track status from file: robot_state/track_status.yaml
2026-03-20 15:53:05,271 - DEBUG - Loaded track status from robot_state/track_status.yaml
2026-03-20 15:53:05,271 - DEBUG - Loading track positions from: robot_state/track_positions.yaml
2026-03-20 15:53:05,271 - DEBUG - Loaded track positions configuration from robot_state/track_positions.yaml
2026-03-20 15:53:05,271 - DEBUG - Loading robot hardware configuration from: robot_state/robot_hardware.yaml
2026-03-20 15:53:05,282 - DEBUG - Loaded robot hardware configuration from robot_state/robot_hardware.yaml
2026-03-20 15:53:05,285 - DEBUG - Loaded wellplate properties configuration from robot_state/wellplates.yaml
2026-03-20 15:53:05,359 - DEBUG - Moving North Track to home position
2026-03-20 15:53:05,359 - DEBUG - Detected origin position (0,0) - setting location to 'origin'
2026-03-20 15:53:05,360 - DEBUG - Updated gripper location to: origin at position {'x': 0, 'z': 0}
2026-03-20 15:53:27,378 - INFO -    vial_index vial_name       location  location_index  vial_volume  capped cap_type vial_type  home_location  home_location_index
0           0  Sample_A  main_8mL_rack               0         3.95    True   closed      8_mL  main_8mL_rack                    0
1           1  Sample_B  main_8mL_rack               1         5.50   False   closed      8_mL  main_8mL_rack                    1
2026-03-20 15:53:32,785 - INFO - Grabbing new wellplate
2026-03-20 15:53:32,785 - INFO - Moving robot to home position
2026-03-20 15:53:32,976 - INFO - Getting new wellplate from source stack
2026-03-20 15:53:32,976 - DEBUG - Calculating well plate stack height for num: 0, wp_type: 96 WELL PLATE, stack: source_stack, operation: grab
2026-03-20 15:53:33,546 - ERROR - Wellplate stack is empty
2026-03-20 15:54:08,129 - ERROR - Cannot get wellplate, NR pipetting area is occupied
2026-03-20 15:54:35,952 - INFO - Discarding used wellplate
2026-03-20 15:54:35,952 - INFO - Moving robot to home position
2026-03-20 15:54:36,152 - DEBUG - Calculating well plate stack height for num: 2, wp_type: 96 WELL PLATE, stack: waste_stack, operation: release
2026-03-20 15:54:36,152 - INFO - Discarding wellplate as the 2nd WP in waste stack at height: 76600
2026-03-20 15:54:36,152 - DEBUG - Closing gripper
2026-03-20 15:54:38,177 - INFO - Grabbing wellplate from location: pipetting_area
2026-03-20 15:54:38,883 - DEBUG - Updated gripper location to: transfer_stack at position {'x': 28275, 'z': 0}
2026-03-20 15:54:42,763 - DEBUG - Opening gripper
2026-03-20 15:54:45,607 - DEBUG - Closing gripper
2026-03-20 15:54:48,055 - DEBUG - Updated gripper location to: pipetting_area at position {'x': 131750, 'z': 75000}
2026-03-20 15:54:48,055 - INFO - Releasing wellplate at location: waste_stack
2026-03-20 15:54:50,270 - DEBUG - Updated gripper location to: transfer_stack at position {'x': 28275, 'z': 75000}
2026-03-20 15:54:56,299 - DEBUG - Opening gripper
2026-03-20 15:55:00,005 - DEBUG - Updated gripper location to: waste_stack at position {'x': 14700, 'z': 0}
2026-03-20 15:55:00,470 - DEBUG - Moving North Track to home position
2026-03-20 15:55:00,470 - DEBUG - Detected origin position (0,0) - setting location to 'origin'
2026-03-20 15:55:00,470 - DEBUG - Updated gripper location to: origin at position {'x': 0, 'z': 0}
