2025-10-07 14:22:48,973 - INFO - Initializing North Robot...
2025-10-07 14:22:48,973 - DEBUG - Loading robot configuration files...
2025-10-07 14:22:48,983 - DEBUG - Loaded vial positions configuration from robot_state/vial_positions.yaml
2025-10-07 14:22:48,985 - DEBUG - Loaded pipet tips configuration from robot_state/pipet_tips.yaml
2025-10-07 14:22:48,989 - DEBUG - Loaded pipet racks configuration from robot_state/pipet_racks.yaml
2025-10-07 14:22:48,990 - DEBUG - Loaded pump configuration from robot_state/syringe_pumps.yaml
2025-10-07 14:22:48,990 - DEBUG - Loaded robot hardware configuration from robot_state/robot_hardware.yaml
2025-10-07 14:22:48,990 - DEBUG - Loaded wellplate properties configuration from robot_state/wellplates.yaml
2025-10-07 14:22:48,990 - DEBUG - Loading robot state files...
2025-10-07 14:22:48,990 - DEBUG - Loaded vial data from ../utoronto_demo/status/sample_input_vials.csv
2025-10-07 14:22:48,990 - DEBUG - Loaded robot status from robot_state/robot_status.yaml
2025-10-07 14:22:49,006 - DEBUG - Loaded wellplate positions from robot_state/wellplates.yaml
2025-10-07 14:22:49,006 - DEBUG - Robot status loaded successfully
2025-10-07 14:22:49,006 - DEBUG - Physical initialization of North Robot...
2025-10-07 14:22:49,007 - INFO - Moving robot to home position
2025-10-07 14:22:49,008 - DEBUG - Loading pumps from YAML configuration...
2025-10-07 14:22:49,009 - DEBUG - Loaded pump 0: volume=1.0mL, speed=11, liquid=None
2025-10-07 14:22:49,009 - DEBUG - Loaded pump 1: volume=2.5mL, speed=15, liquid=water
2025-10-07 14:22:49,012 - DEBUG - Current reader status: <MagicMock name='mock.get_reader_status()' id='3096399062608'>
2025-10-07 14:22:49,012 - INFO - Initializing North Track...
2025-10-07 14:22:49,013 - DEBUG - Loading track status from file: robot_state/track_status.yaml
2025-10-07 14:22:49,013 - DEBUG - Getting track status from file: robot_state/track_status.yaml
2025-10-07 14:22:49,014 - DEBUG - Loaded track status from robot_state/track_status.yaml
2025-10-07 14:22:49,014 - DEBUG - Loading track positions from: robot_state/track_positions.yaml
2025-10-07 14:22:49,019 - DEBUG - Loaded track positions configuration from robot_state/track_positions.yaml
2025-10-07 14:22:49,019 - DEBUG - Loading robot hardware configuration from: robot_state/robot_hardware.yaml
2025-10-07 14:22:49,022 - DEBUG - Loaded robot hardware configuration from robot_state/robot_hardware.yaml
2025-10-07 14:22:49,023 - DEBUG - Loaded wellplate properties configuration from robot_state/wellplates.yaml
2025-10-07 14:22:49,023 - INFO -    vial_index      vial_name       location  location_index  vial_volume  capped cap_type vial_type  home_location  home_location_index
0           0  source_vial_a  main_8mL_rack               2          4.4    True     open      8_mL  main_8mL_rack                    2
1           1  source_vial_b  main_8mL_rack               1          2.8    True     open      8_mL  main_8mL_rack                    1
2           2    target_vial  main_8mL_rack               0          0.9    True     open      8_mL  main_8mL_rack                    0
2025-10-07 14:22:49,044 - INFO - Visualizing vial racks...
2025-10-07 14:22:49,232 - DEBUG - Visualizing rack: Main Rack with filter: main_8mL_rack
2025-10-07 14:22:49,391 - DEBUG - Visualizing rack: Second Rack with filter: large_vial_rack
2025-10-07 14:22:53,386 - INFO - --Wellplate status-- 
 Wellplate type: 48 WELL PLATE 
 Number in source: 0 
 Number in waste: 5 
 Active wellplate position: pipetting_area
2025-10-07 14:22:53,386 - INFO - Visualizing wellplate status...
2025-10-07 14:22:54,876 - INFO - Grabbing new wellplate
2025-10-07 14:22:54,877 - INFO - Moving robot to home position
2025-10-07 14:22:54,877 - INFO - Getting new wellplate from source stack
2025-10-07 14:22:54,877 - DEBUG - Calculating well plate stack height for num: 0, wp_type: 48 WELL PLATE, stack: source_stack, operation: grab
2025-10-07 14:22:54,877 - ERROR - Wellplate stack is empty
2025-10-07 14:22:54,877 - WARNING - SIMULATION MODE: Would pause for error: Wellplate stack is empty
2025-10-07 14:22:54,878 - ERROR - Cannot get wellplate, NR pipetting area is occupied
2025-10-07 14:22:54,878 - WARNING - SIMULATION MODE: Would pause for error: Cannot get wellplate, NR pipetting area is occupied
2025-10-07 14:22:54,878 - INFO - Dispensing into vial: source_vial_a with mass: 20.000 mg
2025-10-07 14:22:54,882 - INFO - Moving vial source_vial_a to clamp: 0
2025-10-07 14:22:54,882 - DEBUG - Grabbing vial 0 with index 0
2025-10-07 14:22:54,886 - DEBUG - Dropping off vial 0 at location clamp with index 0
2025-10-07 14:22:54,886 - INFO - Moving robot to home position
2025-10-07 14:22:54,886 - INFO - Dispensing into vial 0 from reservoir 1: 5.000 mL
2025-10-07 14:22:54,891 - INFO - Moving robot to home position
2025-10-07 14:22:54,891 - DEBUG - Dispensing 2.500 mL 2 times
2025-10-07 14:22:54,895 - INFO - Returning vial source_vial_a to home location
2025-10-07 14:22:54,899 - INFO - Moving vial source_vial_a to main_8mL_rack: 2
2025-10-07 14:22:54,899 - DEBUG - Grabbing vial 0 with index 0
2025-10-07 14:22:54,902 - DEBUG - Dropping off vial 0 at location main_8mL_rack with index 2
2025-10-07 14:22:54,903 - INFO - Vortexing Vial: source_vial_a
2025-10-07 14:22:54,905 - DEBUG - Grabbing vial 0 with index 0
2025-10-07 14:22:54,911 - DEBUG - Dropping off vial 0 at location main_8mL_rack with index 2
2025-10-07 14:22:54,914 - INFO - Moving vial source_vial_a to heater: 0
2025-10-07 14:22:54,914 - DEBUG - Grabbing vial 0 with index 0
2025-10-07 14:22:54,916 - DEBUG - Dropping off vial 0 at location heater with index 0
2025-10-07 14:22:54,917 - INFO - Dispensing 0.600 mL from source_vial_b to target_vial
2025-10-07 14:22:54,919 - DEBUG - Selected large_tip for volume 0.600 mL
2025-10-07 14:22:54,919 - INFO - Getting large_tip (pipet number 3) from rack: large_tip_rack_1
2025-10-07 14:22:54,922 - INFO - Pipetting from vial source_vial_b, amount: 0.6 mL
2025-10-07 14:22:54,923 - DEBUG - Adjusting pump 0 speed to 11
2025-10-07 14:22:54,924 - DEBUG - Aspirating 0.600 mL then waiting 1.0 s
2025-10-07 14:22:54,925 - INFO - Pipetting into vial target_vial, amount: 0.6 mL
2025-10-07 14:22:54,925 - DEBUG - Adjusting pump 0 speed to 11
2025-10-07 14:22:54,927 - DEBUG - Dispensing 0.600 mL then waiting 1.0 s
2025-10-07 14:22:54,927 - DEBUG - Blowing out 0.050 mL
2025-10-07 14:22:54,927 - INFO - Removing pipet
2025-10-07 14:22:54,929 - INFO - Dispensing 0.600 mL from source_vial_a to target_vial
2025-10-07 14:22:54,932 - DEBUG - Selected large_tip for volume 0.600 mL
2025-10-07 14:22:54,932 - INFO - Getting large_tip (pipet number 4) from rack: large_tip_rack_1
2025-10-07 14:22:54,935 - INFO - Pipetting from vial source_vial_a, amount: 0.6 mL
2025-10-07 14:22:54,935 - DEBUG - Adjusting pump 0 speed to 11
2025-10-07 14:22:54,936 - DEBUG - Aspirating 0.600 mL then waiting 1.0 s
2025-10-07 14:22:54,937 - INFO - Pipetting into vial target_vial, amount: 0.6 mL
2025-10-07 14:22:54,938 - DEBUG - Adjusting pump 0 speed to 11
2025-10-07 14:22:54,938 - DEBUG - Dispensing 0.600 mL then waiting 1.0 s
2025-10-07 14:22:54,938 - DEBUG - Blowing out 0.050 mL
2025-10-07 14:22:54,938 - INFO - Removing pipet
2025-10-07 14:22:54,938 - INFO - Vortexing Vial: target_vial
2025-10-07 14:22:54,938 - DEBUG - Grabbing vial 2 with index 2
2025-10-07 14:22:54,943 - DEBUG - Dropping off vial 2 at location main_8mL_rack with index 0
2025-10-07 14:22:54,945 - INFO - Moving vial target_vial to photoreactor_array: 0
2025-10-07 14:22:54,947 - DEBUG - Grabbing vial 2 with index 2
2025-10-07 14:22:54,949 - DEBUG - Dropping off vial 2 at location photoreactor_array with index 0
2025-10-07 14:22:54,950 - INFO - Moving robot to home position
2025-10-07 14:22:55,966 - DEBUG - Selected large_tip for volume 0.300 mL
2025-10-07 14:22:55,966 - INFO - Getting large_tip (pipet number 5) from rack: large_tip_rack_1
2025-10-07 14:22:55,972 - INFO - Pipetting from vial target_vial, amount: 0.3 mL
2025-10-07 14:22:55,973 - DEBUG - Adjusting pump 0 speed to 11
2025-10-07 14:22:55,974 - DEBUG - Aspirating 0.300 mL then waiting 1.0 s
2025-10-07 14:22:55,974 - DEBUG - Adjusting pump 0 speed to 11
2025-10-07 14:22:55,974 - INFO - Transferring 0.100 mL into well #0 of 96 WELL PLATE
2025-10-07 14:22:55,974 - DEBUG - Dispensing 0.100 mL then waiting 1.0 s
2025-10-07 14:22:55,974 - DEBUG - Blowing out 0.050 mL
2025-10-07 14:22:55,974 - INFO - Transferring 0.100 mL into well #1 of 96 WELL PLATE
2025-10-07 14:22:55,976 - DEBUG - Dispensing 0.100 mL then waiting 1.0 s
2025-10-07 14:22:55,976 - DEBUG - Blowing out 0.050 mL
2025-10-07 14:22:55,976 - INFO - Transferring 0.100 mL into well #2 of 96 WELL PLATE
2025-10-07 14:22:55,976 - DEBUG - Dispensing 0.100 mL then waiting 1.0 s
2025-10-07 14:22:55,976 - DEBUG - Blowing out 0.050 mL
2025-10-07 14:22:55,976 - INFO - Removing pipet
2025-10-07 14:22:55,979 - INFO - Returning vial source_vial_a to home location
2025-10-07 14:22:55,981 - INFO - Moving vial source_vial_a to main_8mL_rack: 2
2025-10-07 14:22:55,982 - DEBUG - Grabbing vial 0 with index 0
2025-10-07 14:22:55,983 - DEBUG - Dropping off vial 0 at location main_8mL_rack with index 2
2025-10-07 14:22:55,984 - INFO - Returning vial target_vial to home location
2025-10-07 14:22:55,985 - INFO - Moving vial target_vial to main_8mL_rack: 0
2025-10-07 14:22:55,985 - DEBUG - Grabbing vial 2 with index 2
2025-10-07 14:22:55,986 - DEBUG - Dropping off vial 2 at location main_8mL_rack with index 0
2025-10-07 14:22:55,986 - INFO - Measuring wellplate 0 with protocols: C:\Protocols\Quick_Measurement.prt
2025-10-07 14:22:55,986 - DEBUG - Using robot plate type '96 WELL PLATE' -> Cytation plate type '96 WELL PLATE'
2025-10-07 14:22:55,986 - INFO - Moving robot to home position
2025-10-07 14:22:55,986 - INFO - Moving wellplate 0 to Cytation
2025-10-07 14:22:55,989 - DEBUG - Using robot plate type '96 WELL PLATE' -> Cytation plate type '96 WELL PLATE' for CarrierIn
2025-10-07 14:22:55,989 - INFO - Grabbing wellplate from location: pipetting_area
2025-10-07 14:22:55,989 - DEBUG - No waypoint locations provided, skipping path movement
2025-10-07 14:22:55,989 - DEBUG - Opening gripper
2025-10-07 14:22:55,989 - DEBUG - Closing gripper
2025-10-07 14:22:55,990 - INFO - Releasing wellplate at location: cytation_tray
2025-10-07 14:22:55,990 - DEBUG - No waypoint locations provided, skipping path movement
2025-10-07 14:22:55,990 - DEBUG - Opening gripper
2025-10-07 14:22:55,990 - INFO - Moving wellplate 0 back from Cytation
2025-10-07 14:22:55,990 - DEBUG - Using robot plate type '96 WELL PLATE' -> Cytation plate type '96 WELL PLATE' for CarrierIn
2025-10-07 14:22:55,990 - INFO - Grabbing wellplate from location: cytation_tray
2025-10-07 14:22:55,990 - DEBUG - No waypoint locations provided, skipping path movement
2025-10-07 14:22:55,990 - DEBUG - Opening gripper
2025-10-07 14:22:55,991 - DEBUG - Closing gripper
2025-10-07 14:22:55,991 - INFO - Releasing wellplate at location: pipetting_area
2025-10-07 14:22:55,991 - DEBUG - No waypoint locations provided, skipping path movement
2025-10-07 14:22:55,991 - DEBUG - Opening gripper
2025-10-07 14:22:55,991 - DEBUG - Moving North Track to home position
2025-10-07 14:22:55,991 - INFO - Discarding used wellplate
2025-10-07 14:22:55,991 - INFO - Moving robot to home position
2025-10-07 14:22:55,992 - DEBUG - Calculating well plate stack height for num: 6, wp_type: 48 WELL PLATE, stack: waste_stack, operation: release
2025-10-07 14:22:55,992 - INFO - Discarding wellplate as the 6th WP in waste stack at height: 35500
2025-10-07 14:22:55,992 - DEBUG - Closing gripper
2025-10-07 14:22:55,992 - INFO - Grabbing wellplate from location: pipetting_area
2025-10-07 14:22:55,992 - DEBUG - Opening gripper
2025-10-07 14:22:55,992 - DEBUG - Closing gripper
2025-10-07 14:22:55,992 - INFO - Releasing wellplate at location: waste_stack
2025-10-07 14:22:55,994 - DEBUG - Opening gripper
2025-10-07 14:22:55,994 - DEBUG - Moving North Track to home position
