2025-11-24 14:23:48,398 - INFO - Initializing North Robot...
2025-11-24 14:23:48,398 - DEBUG - Loading robot configuration files...
2025-11-24 14:23:48,412 - DEBUG - Loaded vial positions configuration from robot_state/vial_positions.yaml
2025-11-24 14:23:48,414 - DEBUG - Loaded pipet tips configuration from robot_state/pipet_tips.yaml
2025-11-24 14:23:48,418 - DEBUG - Loaded pipet racks configuration from robot_state/pipet_racks.yaml
2025-11-24 14:23:48,420 - DEBUG - Loaded pump configuration from robot_state/syringe_pumps.yaml
2025-11-24 14:23:48,420 - DEBUG - Loaded robot hardware configuration from robot_state/robot_hardware.yaml
2025-11-24 14:23:48,427 - DEBUG - Loaded wellplate properties configuration from robot_state/wellplates.yaml
2025-11-24 14:23:48,427 - DEBUG - Loading robot state files...
2025-11-24 14:23:48,439 - DEBUG - Loaded vial data from status/calibration_vials_short.csv
2025-11-24 14:23:48,445 - DEBUG - Loaded robot status from robot_state/robot_status.yaml
2025-11-24 14:23:48,449 - DEBUG - Loaded wellplate positions from robot_state/wellplates.yaml
2025-11-24 14:23:48,449 - DEBUG - Robot status loaded successfully
2025-11-24 14:23:48,449 - DEBUG - Loading pumps from YAML configuration...
2025-11-24 14:23:48,578 - DEBUG - Loaded pump 0: volume=1.0mL, speed=11, liquid=None
2025-11-24 14:23:48,688 - DEBUG - Loaded pump 1: volume=2.5mL, speed=15, liquid=water
2025-11-24 14:23:48,688 - DEBUG - Physical initialization of North Robot...
2025-11-24 14:23:49,008 - WARNING - The robot reports having a vial in the gripper... Returning that vial home...
2025-11-24 14:23:49,009 - DEBUG - Dropping off vial 0 at location main_8mL_rack with index 0
2025-11-24 14:23:51,678 - INFO - Moving robot to home position
2025-11-24 14:24:08,385 - DEBUG - Current reader status: -2
2025-11-24 14:24:08,385 - WARNING - Cytation5 not connected... May need to restart
2025-11-24 14:24:08,385 - INFO - Initializing North Track...
2025-11-24 14:24:08,385 - DEBUG - Loading track status from file: robot_state/track_status.yaml
2025-11-24 14:24:08,385 - DEBUG - Getting track status from file: robot_state/track_status.yaml
2025-11-24 14:24:08,385 - DEBUG - Loaded track status from robot_state/track_status.yaml
2025-11-24 14:24:08,385 - DEBUG - Loading track positions from: robot_state/track_positions.yaml
2025-11-24 14:24:08,385 - DEBUG - Loaded track positions configuration from robot_state/track_positions.yaml
2025-11-24 14:24:08,385 - DEBUG - Loading robot hardware configuration from: robot_state/robot_hardware.yaml
2025-11-24 14:24:08,385 - DEBUG - Loaded robot hardware configuration from robot_state/robot_hardware.yaml
2025-11-24 14:24:08,385 - DEBUG - Loaded wellplate properties configuration from robot_state/wellplates.yaml
2025-11-24 14:24:08,487 - DEBUG - Moving North Track to home position
2025-11-24 14:24:08,490 - INFO -    vial_index           vial_name         location  location_index  vial_volume  capped cap_type vial_type    home_location  home_location_index
0           0  measurement_vial_0    main_8mL_rack               0          0.0    True     open      8_mL    main_8mL_rack                    0
1           1  measurement_vial_1    main_8mL_rack               1          0.0    True     open      8_mL    main_8mL_rack                    1
2           2  measurement_vial_2    main_8mL_rack               2          0.0    True     open      8_mL    main_8mL_rack                    2
3           3  measurement_vial_3    main_8mL_rack               3          0.0    True     open      8_mL    main_8mL_rack                    3
4           4  measurement_vial_4    main_8mL_rack               4          0.0    True     open      8_mL    main_8mL_rack                    4
5           5     liquid_source_0  large_vial_rack               2         18.0   False     open     20_mL  large_vial_rack                    2
6           6     liquid_source_1  large_vial_rack               0          8.0   False     open     20_mL  large_vial_rack                    0
2025-11-24 14:24:08,507 - INFO - Visualizing vial racks...
2025-11-24 14:24:08,622 - DEBUG - Visualizing rack: Main Rack with filter: main_8mL_rack
2025-11-24 14:24:08,765 - DEBUG - Visualizing rack: Second Rack with filter: large_vial_rack
2025-11-24 14:24:23,512 - INFO - --Wellplate status-- 
 Wellplate type: 96 WELL PLATE 
 Number in source: 0 
 Number in waste: 0 
 Active wellplate position: pipetting_area
2025-11-24 14:24:23,512 - INFO - Visualizing wellplate status...
