2026-02-09 11:24:56,711 - INFO - Initializing North Robot...
2026-02-09 11:24:56,711 - DEBUG - Loading robot configuration files...
2026-02-09 11:24:56,727 - DEBUG - Loaded vial positions configuration from robot_state/vial_positions.yaml
2026-02-09 11:24:56,751 - DEBUG - Loaded pipet tips configuration from robot_state/pipet_tips.yaml
2026-02-09 11:24:56,762 - DEBUG - Loaded pipet racks configuration from robot_state/pipet_racks.yaml
2026-02-09 11:24:56,773 - DEBUG - Loaded pump configuration from robot_state/syringe_pumps.yaml
2026-02-09 11:24:56,778 - DEBUG - Loaded robot hardware configuration from robot_state/robot_hardware.yaml
2026-02-09 11:24:56,797 - DEBUG - Loaded wellplate properties configuration from robot_state/wellplates.yaml
2026-02-09 11:24:56,797 - DEBUG - Loading robot state files...
2026-02-09 11:24:56,816 - DEBUG - Loaded vial data from ../utoronto_demo/status/surfactant_grid_vials_expanded.csv
2026-02-09 11:24:56,817 - DEBUG - Loaded robot status from robot_state/robot_status.yaml
2026-02-09 11:24:56,821 - DEBUG - Loaded wellplate positions from robot_state/wellplates.yaml
2026-02-09 11:24:56,821 - DEBUG - Robot status loaded successfully
2026-02-09 11:24:56,821 - INFO - Physical initialization of North Robot...
2026-02-09 11:25:00,278 - DEBUG - Loading pumps from YAML configuration...
2026-02-09 11:25:00,376 - DEBUG - Loaded pump 0: volume=1.0mL, speed=11, liquid=None
2026-02-09 11:25:00,480 - DEBUG - Loaded pump 1: volume=2.5mL, speed=15, liquid=water
2026-02-09 11:25:00,480 - INFO - Moving robot to home position
2026-02-09 11:25:00,893 - DEBUG - Initializing centrifuge controller...
2026-02-09 11:25:07,006 - DEBUG - Current reader status: 0
2026-02-09 11:25:07,006 - INFO - Cytation5 is connected and ready
2026-02-09 11:25:07,006 - INFO - Initializing North Track...
2026-02-09 11:25:07,007 - DEBUG - Loading track status from file: robot_state/track_status.yaml
2026-02-09 11:25:07,007 - DEBUG - Getting track status from file: robot_state/track_status.yaml
2026-02-09 11:25:07,013 - DEBUG - Loaded track status from robot_state/track_status.yaml
2026-02-09 11:25:07,013 - DEBUG - Loading track positions from: robot_state/track_positions.yaml
2026-02-09 11:25:07,024 - DEBUG - Loaded track positions configuration from robot_state/track_positions.yaml
2026-02-09 11:25:07,024 - DEBUG - Loading robot hardware configuration from: robot_state/robot_hardware.yaml
2026-02-09 11:25:07,034 - DEBUG - Loaded robot hardware configuration from robot_state/robot_hardware.yaml
2026-02-09 11:25:07,037 - DEBUG - Loaded wellplate properties configuration from robot_state/wellplates.yaml
2026-02-09 11:25:07,109 - DEBUG - Moving North Track to home position
2026-02-09 11:25:07,111 - INFO - Step 1: Initializing Lash_E coordinator...
2026-02-09 11:25:07,112 - INFO -   Mode: Hardware
2026-02-09 11:25:07,114 - INFO - Experiment: surfactant_grid_SDS_TTAB_20260209_112507
2026-02-09 11:25:07,115 - INFO - Output folder: output\surfactant_grid_SDS_TTAB_20260209_112507
2026-02-09 11:25:07,115 - INFO - Organized subfolders: validation, measurement_backups, substocks, analysis, logs
2026-02-09 11:25:07,115 - INFO - ================================================================================
2026-02-09 11:25:07,115 - INFO - ADAPTIVE SURFACTANT GRID SCREENING WORKFLOW
2026-02-09 11:25:07,115 - INFO - ================================================================================
2026-02-09 11:25:07,115 - INFO - Surfactants: SDS + TTAB
2026-02-09 11:25:07,116 - INFO - Mode: HARDWARE
2026-02-09 11:25:07,116 - INFO - 
2026-02-09 11:25:07,116 - INFO -   Validating robot and track status...
2026-02-09 11:25:07,118 - INFO -     vial_index        vial_name       location  location_index  ...  cap_type  vial_type  home_location home_location_index
0            0        SDS_stock  main_8mL_rack               0  ...      open       8_mL  main_8mL_rack                   0
1            1       TTAB_stock  main_8mL_rack               1  ...      open       8_mL  main_8mL_rack                   1
2            2      pyrene_DMSO  main_8mL_rack               2  ...      open       8_mL  main_8mL_rack                   2
3            3            water  main_8mL_rack               3  ...      open       8_mL  main_8mL_rack                   3
4            4          water_2  main_8mL_rack               4  ...      open       8_mL  main_8mL_rack                   4
5            5            HEPES  main_8mL_rack               5  ...      open       8_mL  main_8mL_rack                   5
6            6   SDS_dilution_0  main_8mL_rack               6  ...      open       8_mL  main_8mL_rack                   6
7            7   SDS_dilution_1  main_8mL_rack               7  ...      open       8_mL  main_8mL_rack                   7
8            8   SDS_dilution_2  main_8mL_rack               8  ...      open       8_mL  main_8mL_rack                   8
9            9   SDS_dilution_3  main_8mL_rack               9  ...      open       8_mL  main_8mL_rack                   9
10          10   SDS_dilution_4  main_8mL_rack              10  ...      open       8_mL  main_8mL_rack                  10
11          11   SDS_dilution_5  main_8mL_rack              11  ...      open       8_mL  main_8mL_rack                  11
12          12  TTAB_dilution_0  main_8mL_rack              12  ...      open       8_mL  main_8mL_rack                  12
13          13  TTAB_dilution_1  main_8mL_rack              13  ...      open       8_mL  main_8mL_rack                  13
14          14  TTAB_dilution_2  main_8mL_rack              14  ...      open       8_mL  main_8mL_rack                  14
15          15  TTAB_dilution_3  main_8mL_rack              15  ...      open       8_mL  main_8mL_rack                  15
16          16  TTAB_dilution_4  main_8mL_rack              16  ...      open       8_mL  main_8mL_rack                  16
17          17  TTAB_dilution_5  main_8mL_rack              17  ...      open       8_mL  main_8mL_rack                  17

[18 rows x 10 columns]
2026-02-09 11:25:07,141 - INFO - Visualizing vial racks...
2026-02-09 11:25:07,175 - DEBUG - Matplotlib backend: tkagg
2026-02-09 11:25:07,333 - DEBUG - Visualizing rack: Main Rack with filter: main_8mL_rack
2026-02-09 11:25:07,498 - DEBUG - Visualizing rack: Second Rack with filter: large_vial_rack
2026-02-09 11:25:09,654 - DEBUG - Vial visualization displayed successfully
2026-02-09 11:25:10,738 - INFO - --Wellplate status-- 
 Wellplate type: 96 WELL PLATE 
 Number in source: 0 
 Number in waste: 0 
 Active wellplate position: pipetting_area
2026-02-09 11:25:10,738 - INFO - Visualizing wellplate status...
2026-02-09 11:25:10,738 - DEBUG - Matplotlib backend: tkagg
2026-02-09 11:25:12,248 - DEBUG - Wellplate visualization displayed successfully
2026-02-09 11:25:13,137 - INFO -   Homing robot to ensure clean starting position...
2026-02-09 11:25:13,137 - INFO - Homing all robot components...
2026-02-09 11:25:13,138 - DEBUG - Homing carousel...
2026-02-09 11:25:20,894 - DEBUG - Homing robot axes...
2026-02-09 11:25:33,143 - DEBUG - Homing pump 0...
2026-02-09 11:25:34,878 - DEBUG - Homing pump 1...
2026-02-09 11:25:36,543 - DEBUG - Homing track axes...
2026-02-09 11:25:36,543 - DEBUG - Homing track axis z_axis (axis 6)...
2026-02-09 11:25:40,084 - DEBUG - Homing track axis x_axis (axis 7)...
2026-02-09 11:25:44,060 - INFO - All robot components homed successfully
2026-02-09 11:25:44,060 - INFO -   Ensuring water vials are full before workflow...
2026-02-09 11:25:44,060 - INFO -   Pipetting validation disabled (set VALIDATE_LIQUIDS=True or VALIDATION_ONLY=True to enable)
2026-02-09 11:25:44,060 - INFO -   Robot ready for operations
2026-02-09 11:25:44,060 - INFO -   Using existing wellplate (CREATE_WELLPLATE = False)
2026-02-09 11:25:44,060 - INFO - + Lash_E initialization complete
2026-02-09 11:25:44,060 - INFO - 
2026-02-09 11:25:44,060 - INFO - Step 2: Creating complete experiment plan...
2026-02-09 11:25:44,060 - INFO -   Calculating adaptive concentration grids...
2026-02-09 11:25:44,060 - INFO - Adaptive grid for SDS: 1.0e-04 to 22.5 mM (9 steps)
2026-02-09 11:25:44,060 - INFO -   Concentrations: ['1.000e-04', '4.667e-04', '2.178e-03', '1.016e-02', '4.743e-02', '2.214e-01', '1.033e+00', '4.821e+00', '2.250e+01']
2026-02-09 11:25:44,060 - INFO - Adaptive grid for TTAB: 1.0e-04 to 22.5 mM (9 steps)
2026-02-09 11:25:44,060 - INFO -   Concentrations: ['1.000e-04', '4.667e-04', '2.178e-03', '1.016e-02', '4.743e-02', '2.214e-01', '1.033e+00', '4.821e+00', '2.250e+01']
2026-02-09 11:25:44,060 - INFO - 
Adaptive concentration grid summary:
2026-02-09 11:25:44,060 - INFO -   SDS: 9 concentrations from 1.000e-04 to 2.250e+01 mM
2026-02-09 11:25:44,060 - INFO -   TTAB: 9 concentrations from 1.000e-04 to 2.250e+01 mM
2026-02-09 11:25:44,060 - INFO -   Total combinations: 9 x 9 = 81 wells (x 1 replicates = 81 total wells)
2026-02-09 11:25:44,060 - INFO -   SDS: 9/9 concentrations achievable
2026-02-09 11:25:44,060 - INFO -   TTAB: 9/9 concentrations achievable
2026-02-09 11:25:44,060 - INFO -   Calculating optimal dilution strategies...
2026-02-09 11:25:44,060 - INFO - 
=== Analyzing dilution strategy for SDS ===
2026-02-09 11:25:44,060 - INFO - Target concentrations: ['1.00e-04', '4.67e-04', '2.18e-03', '1.02e-02', '4.74e-02', '2.21e-01', '1.03e+00', '4.82e+00', '2.25e+01'] mM
2026-02-09 11:25:44,067 - INFO -   1.03e+00 mM: Use SDS_dilution_5 (68.9 uL)
2026-02-09 11:25:44,067 - INFO -   4.82e+00 mM: Use SDS_stock (19.3 uL)
2026-02-09 11:25:44,068 - INFO -   2.25e+01 mM: Use SDS_stock (90.0 uL)
2026-02-09 11:25:44,068 - INFO - 
=== Analyzing dilution strategy for TTAB ===
2026-02-09 11:25:44,068 - INFO - Target concentrations: ['1.00e-04', '4.67e-04', '2.18e-03', '1.02e-02', '4.74e-02', '2.21e-01', '1.03e+00', '4.82e+00', '2.25e+01'] mM
2026-02-09 11:25:44,069 - INFO -   1.03e+00 mM: Use TTAB_dilution_5 (68.9 uL)
2026-02-09 11:25:44,069 - INFO -   4.82e+00 mM: Use TTAB_stock (19.3 uL)
2026-02-09 11:25:44,069 - INFO -   2.25e+01 mM: Use TTAB_stock (90.0 uL)
2026-02-09 11:25:44,069 - INFO - 
=== SUBSTOCK DILUTION RECIPES ===
2026-02-09 11:25:44,070 - INFO - For each substock showing: source + volume -> target_concentration
2026-02-09 11:25:44,070 - INFO - (Using minimum 200uL pipetting volumes for accuracy)
2026-02-09 11:25:44,070 - INFO - 
SDS substocks:
2026-02-09 11:25:44,070 - INFO -   SDS_dilution_5: 360uL SDS_stock + 5640uL water -> 3.00e+00 mM
2026-02-09 11:25:44,070 - INFO -     (Dilution factor: 16.7x from 5.00e+01 mM stock)
2026-02-09 11:25:44,070 - INFO -   SDS_dilution_4: 600uL SDS_dilution_5 + 5400uL water -> 3.00e-01 mM
2026-02-09 11:25:44,070 - INFO -     (Dilution factor: 10.0x from 3.00e+00 mM dilution)
2026-02-09 11:25:44,070 - INFO -   SDS_dilution_3: 1000uL SDS_dilution_4 + 5000uL water -> 5.00e-02 mM
2026-02-09 11:25:44,070 - INFO -     (Dilution factor: 6.0x from 3.00e-01 mM dilution)
2026-02-09 11:25:44,070 - INFO -   SDS_dilution_2: 400uL SDS_dilution_4 + 5600uL water -> 2.00e-02 mM
2026-02-09 11:25:44,071 - INFO -     (Dilution factor: 15.0x from 3.00e-01 mM dilution)
2026-02-09 11:25:44,071 - INFO -   SDS_dilution_1: 360uL SDS_dilution_3 + 5640uL water -> 3.00e-03 mM
2026-02-09 11:25:44,071 - INFO -     (Dilution factor: 16.7x from 5.00e-02 mM dilution)
2026-02-09 11:25:44,071 - INFO -   SDS_dilution_0: 1000uL SDS_dilution_1 + 5000uL water -> 5.00e-04 mM
2026-02-09 11:25:44,071 - INFO -     (Dilution factor: 6.0x from 3.00e-03 mM dilution)
2026-02-09 11:25:44,071 - INFO - 
TTAB substocks:
2026-02-09 11:25:44,071 - INFO -   TTAB_dilution_5: 360uL TTAB_stock + 5640uL water -> 3.00e+00 mM
2026-02-09 11:25:44,071 - INFO -     (Dilution factor: 16.7x from 5.00e+01 mM stock)
2026-02-09 11:25:44,071 - INFO -   TTAB_dilution_4: 600uL TTAB_dilution_5 + 5400uL water -> 3.00e-01 mM
2026-02-09 11:25:44,072 - INFO -     (Dilution factor: 10.0x from 3.00e+00 mM dilution)
2026-02-09 11:25:44,072 - INFO -   TTAB_dilution_3: 1000uL TTAB_dilution_4 + 5000uL water -> 5.00e-02 mM
2026-02-09 11:25:44,072 - INFO -     (Dilution factor: 6.0x from 3.00e-01 mM dilution)
2026-02-09 11:25:44,072 - INFO -   TTAB_dilution_2: 400uL TTAB_dilution_4 + 5600uL water -> 2.00e-02 mM
2026-02-09 11:25:44,072 - INFO -     (Dilution factor: 15.0x from 3.00e-01 mM dilution)
2026-02-09 11:25:44,072 - INFO -   TTAB_dilution_1: 360uL TTAB_dilution_3 + 5640uL water -> 3.00e-03 mM
2026-02-09 11:25:44,072 - INFO -     (Dilution factor: 16.7x from 5.00e-02 mM dilution)
2026-02-09 11:25:44,072 - INFO -   TTAB_dilution_0: 1000uL TTAB_dilution_1 + 5000uL water -> 5.00e-04 mM
2026-02-09 11:25:44,073 - INFO -     (Dilution factor: 6.0x from 3.00e-03 mM dilution)
2026-02-09 11:25:44,073 - INFO -   Creating complete well recipes...
2026-02-09 11:25:44,078 - INFO -   Saved experiment plan: output\surfactant_grid_SDS_TTAB_20260209_112507\experiment_plan_well_recipes.csv
2026-02-09 11:25:44,080 - INFO -   Saved stock solutions plan: output\surfactant_grid_SDS_TTAB_20260209_112507\experiment_plan_stock_solutions.csv
2026-02-09 11:25:44,080 - INFO - + Planning complete: 87 total wells (9 x 9 grid + 6 controls)
2026-02-09 11:25:44,080 - INFO - + Experiment plan created: 87 wells planned
2026-02-09 11:25:44,080 - INFO - + Stock solutions needed: 12
2026-02-09 11:25:44,080 - INFO - Step 4: Creating physical substocks from calculated recipes...
2026-02-09 11:25:44,081 - INFO - Checking for existing substocks and creating 12 new ones as needed
2026-02-09 11:25:44,082 - INFO - Found existing substock: SDS_stock (3.9 mL)
2026-02-09 11:25:44,083 - INFO - Found existing substock: TTAB_stock (5.3 mL)
2026-02-09 11:25:44,083 - INFO - Found existing substock: pyrene_DMSO (3.6 mL)
2026-02-09 11:25:44,083 - INFO - Found existing substock: water (2.7 mL)
2026-02-09 11:25:44,083 - INFO - Found existing substock: water_2 (3.2 mL)
2026-02-09 11:25:44,083 - INFO - Found existing substock: SDS_dilution_0 (5.3 mL)
2026-02-09 11:25:44,085 - INFO - Found existing substock: SDS_dilution_1 (4.4 mL)
2026-02-09 11:25:44,085 - INFO - Found existing substock: SDS_dilution_2 (5.6 mL)
2026-02-09 11:25:44,085 - INFO - Found existing substock: SDS_dilution_3 (4.9 mL)
2026-02-09 11:25:44,085 - INFO - Found existing substock: SDS_dilution_4 (4.0 mL)
2026-02-09 11:25:44,085 - INFO - Found existing substock: SDS_dilution_5 (3.9 mL)
2026-02-09 11:25:44,086 - INFO - Found existing substock: TTAB_dilution_0 (5.6 mL)
2026-02-09 11:25:44,086 - INFO - Found existing substock: TTAB_dilution_1 (4.7 mL)
2026-02-09 11:25:44,086 - INFO - Found existing substock: TTAB_dilution_2 (5.8 mL)
2026-02-09 11:25:44,086 - INFO - Found existing substock: TTAB_dilution_3 (5.3 mL)
2026-02-09 11:25:44,086 - INFO - Found existing substock: TTAB_dilution_4 (4.3 mL)
2026-02-09 11:25:44,086 - INFO - Found existing substock: TTAB_dilution_5 (4.6 mL)
2026-02-09 11:25:44,086 - INFO - Skipping SDS_dilution_5: already exists with 3.9 mL
2026-02-09 11:25:44,086 - INFO - Skipping TTAB_dilution_5: already exists with 4.6 mL
2026-02-09 11:25:44,086 - INFO - Skipping SDS_dilution_4: already exists with 4.0 mL
2026-02-09 11:25:44,086 - INFO - Skipping TTAB_dilution_4: already exists with 4.3 mL
2026-02-09 11:25:44,086 - INFO - Skipping SDS_dilution_3: already exists with 4.9 mL
2026-02-09 11:25:44,086 - INFO - Skipping TTAB_dilution_3: already exists with 5.3 mL
2026-02-09 11:25:44,086 - INFO - Skipping SDS_dilution_2: already exists with 5.6 mL
2026-02-09 11:25:44,088 - INFO - Skipping TTAB_dilution_2: already exists with 5.8 mL
2026-02-09 11:25:44,088 - INFO - Skipping SDS_dilution_1: already exists with 4.4 mL
2026-02-09 11:25:44,088 - INFO - Skipping TTAB_dilution_1: already exists with 4.7 mL
2026-02-09 11:25:44,088 - INFO - Skipping SDS_dilution_0: already exists with 5.3 mL
2026-02-09 11:25:44,088 - INFO - Skipping TTAB_dilution_0: already exists with 5.6 mL
2026-02-09 11:25:44,088 - INFO - Substock summary: 0 newly created, 12 already existed, 12 total available
2026-02-09 11:25:44,088 - INFO - + Substock creation complete: 0 newly created, 12 already existed, 0 failed
2026-02-09 11:25:44,088 - INFO - Substocks already existed (OK):
2026-02-09 11:25:44,088 - INFO -   SDS_dilution_5: already available
2026-02-09 11:25:44,089 - INFO -   TTAB_dilution_5: already available
2026-02-09 11:25:44,089 - INFO -   SDS_dilution_4: already available
2026-02-09 11:25:44,089 - INFO -   TTAB_dilution_4: already available
2026-02-09 11:25:44,089 - INFO -   SDS_dilution_3: already available
2026-02-09 11:25:44,089 - INFO -   TTAB_dilution_3: already available
2026-02-09 11:25:44,089 - INFO -   SDS_dilution_2: already available
2026-02-09 11:25:44,089 - INFO -   TTAB_dilution_2: already available
2026-02-09 11:25:44,089 - INFO -   SDS_dilution_1: already available
2026-02-09 11:25:44,089 - INFO -   TTAB_dilution_1: already available
2026-02-09 11:25:44,090 - INFO -   SDS_dilution_0: already available
2026-02-09 11:25:44,090 - INFO -   TTAB_dilution_0: already available
2026-02-09 11:25:44,090 - INFO - Step 5: Executing dispensing and measurements...
2026-02-09 11:25:44,091 - INFO - CREATE_WELLPLATE = False: Skipping dispensing
2026-02-09 11:25:44,091 - INFO - Step 6: Saving results...
2026-02-09 11:25:44,091 - INFO -   Complete results saved to: output\surfactant_grid_SDS_TTAB_20260209_112507\complete_experiment_results.csv
2026-02-09 11:25:44,091 - INFO - + Results saved to: output\surfactant_grid_SDS_TTAB_20260209_112507
2026-02-09 11:25:44,091 - INFO - + Pipette tips used: 91 large, 72 small (total: 163) (actual)
2026-02-09 11:25:44,091 - INFO - 
============================================================
2026-02-09 11:25:44,091 - INFO - EXPERIMENT COMPLETE - SUMMARY
2026-02-09 11:25:44,091 - INFO - ============================================================
2026-02-09 11:25:44,091 - INFO - Surfactants: SDS + TTAB
2026-02-09 11:25:44,091 - INFO - Wells: 81 experiment + 6 control = 87 total
2026-02-09 11:25:44,091 - INFO - Measurements: 0 wells measured
2026-02-09 11:25:44,091 - INFO - Mode: HARDWARE
2026-02-09 11:25:44,091 - INFO - Results: output\surfactant_grid_SDS_TTAB_20260209_112507\complete_experiment_results.csv
2026-02-09 11:25:44,096 - INFO - ============================================================
2026-02-09 11:25:44,096 - INFO - DataFrame sample with measurements:
2026-02-09 11:25:44,098 - INFO - 
   wellplate_index  surf_A_conc_mm  surf_B_conc_mm turbidity_600 fluorescence_334_373 fluorescence_334_384 ratio
0                0         50.0000             NaN          None                 None                 None  None
1                1             NaN       50.000000          None                 None                 None  None
2                2             NaN             NaN          None                 None                 None  None
3                3          0.0001        0.000100          None                 None                 None  None
4                4          0.0001        0.000467          None                 None                 None  None
5                5          0.0001        0.002178          None                 None                 None  None
6                6          0.0001        0.010164          None                 None                 None  None
7                7          0.0001        0.047434          None                 None                 None  None
8                8          0.0001        0.221368          None                 None                 None  None
9                9          0.0001        1.033087          None                 None                 None  None
