2026-06-09 16:36:48,746 - DEBUG - No workflow config provided - using default initialization
2026-06-09 16:36:48,746 - INFO - GUI disabled - skipping status review, proceeding directly to hardware initialization
2026-06-09 16:36:48,752 - INFO - Initializing North Robot...
2026-06-09 16:36:48,754 - DEBUG - Loading robot configuration files...
2026-06-09 16:36:48,771 - DEBUG - Loaded vial positions configuration from robot_state/vial_positions.yaml
2026-06-09 16:36:48,773 - DEBUG - Loaded pipet tips configuration from robot_state/pipet_tips.yaml
2026-06-09 16:36:48,779 - DEBUG - Loaded pipet racks configuration from robot_state/pipet_racks.yaml
2026-06-09 16:36:48,783 - DEBUG - Loaded pump configuration from robot_state/syringe_pumps.yaml
2026-06-09 16:36:48,785 - DEBUG - Loaded robot hardware configuration from robot_state/robot_hardware.yaml
2026-06-09 16:36:48,790 - DEBUG - Loaded wellplate properties configuration from robot_state/wellplates.yaml
2026-06-09 16:36:48,791 - DEBUG - Loading robot state files...
2026-06-09 16:36:48,793 - DEBUG - Loaded vial data from status/ilya_input_vials.csv
2026-06-09 16:36:48,795 - DEBUG - Loaded robot status from robot_state/robot_status.yaml
2026-06-09 16:36:48,798 - DEBUG - Loaded wellplate positions from robot_state/wellplates.yaml
2026-06-09 16:36:48,798 - DEBUG - Robot status loaded successfully
2026-06-09 16:36:48,798 - INFO - Physical initialization of North Robot...
2026-06-09 16:36:48,800 - DEBUG - Loading pumps from YAML configuration...
2026-06-09 16:36:48,801 - DEBUG - Loaded pump 0: volume=1.0mL, speed=11, liquid=None
2026-06-09 16:36:48,802 - DEBUG - Loaded pump 1: volume=2.5mL, speed=15, liquid=water
2026-06-09 16:36:48,802 - INFO - Moving robot to home position
2026-06-09 16:36:48,804 - DEBUG - Initializing centrifuge controller...
2026-06-09 16:36:48,804 - INFO - Initializing North Track...
2026-06-09 16:36:48,805 - DEBUG - Loading track status from file: robot_state/track_status.yaml
2026-06-09 16:36:48,805 - DEBUG - Getting track status from file: robot_state/track_status.yaml
2026-06-09 16:36:48,806 - DEBUG - Loaded track status from robot_state/track_status.yaml
2026-06-09 16:36:48,806 - DEBUG - Loading track positions from: robot_state/track_positions.yaml
2026-06-09 16:36:48,812 - DEBUG - Loaded track positions configuration from robot_state/track_positions.yaml
2026-06-09 16:36:48,812 - DEBUG - Loading robot hardware configuration from: robot_state/robot_hardware.yaml
2026-06-09 16:36:48,812 - DEBUG - Loaded robot hardware configuration from robot_state/robot_hardware.yaml
2026-06-09 16:36:48,812 - DEBUG - Loaded wellplate properties configuration from robot_state/wellplates.yaml
2026-06-09 16:36:48,812 - DEBUG - Moving North Track to home position
2026-06-09 16:36:48,812 - DEBUG - Detected origin position (0,0) - setting location to 'origin'
2026-06-09 16:36:48,812 - DEBUG - Updated gripper location to: origin at position {'x': 0, 'z': 0}
2026-06-09 16:36:48,821 - DEBUG - Simulating robot component homing...
2026-06-09 16:36:48,823 - INFO - Moving vial ethanol to clamp: 0
2026-06-09 16:36:48,823 - DEBUG - Grabbing vial 0 with index 0
2026-06-09 16:36:48,826 - DEBUG - Dropping off vial 0 at location clamp with index 0
2026-06-09 16:36:48,826 - DEBUG - Applied object param asp_disp_cycles=0
2026-06-09 16:36:48,826 - DEBUG - Applied object param aspirate_speed=15
2026-06-09 16:36:48,826 - DEBUG - Applied object param aspirate_wait_time=0.0
2026-06-09 16:36:48,826 - DEBUG - Applied object param blowout_vol=0.5
2026-06-09 16:36:48,826 - DEBUG - Applied object param dispense_speed=5
2026-06-09 16:36:48,827 - DEBUG - Applied object param dispense_wait_time=0.0
2026-06-09 16:36:48,827 - DEBUG - Applied object param overaspirate_vol=0.0
2026-06-09 16:36:48,827 - DEBUG - Applied object param post_asp_air_vol=0.0
2026-06-09 16:36:48,827 - DEBUG - Applied object param post_retract_wait_time=0.0
2026-06-09 16:36:48,827 - DEBUG - Applied object param pre_asp_air_vol=0.0
2026-06-09 16:36:48,827 - DEBUG - Applied object param retract_speed=10
2026-06-09 16:36:48,828 - DEBUG - Selected small_tip for volume 0.060 mL
2026-06-09 16:36:48,828 - INFO - Getting small_tip (pipet number 0) from rack: small_tip_rack_1
2026-06-09 16:36:48,832 - INFO - Pipetting from vial ethanol, amount: 0.060 mL
2026-06-09 16:36:48,833 - INFO - Additional volume from calibration, amount: 0.000 mL
2026-06-09 16:36:48,836 - DEBUG - Adjusting pump 0 speed to 10
2026-06-09 16:36:48,836 - DEBUG - Adjusting pump 0 speed to 15
2026-06-09 16:36:48,836 - DEBUG - Aspirating 0.060 mL then waiting 0.0 s
2026-06-09 16:36:48,836 - DEBUG - Applied object param asp_disp_cycles=0
2026-06-09 16:36:48,836 - DEBUG - Applied object param aspirate_speed=15
2026-06-09 16:36:48,836 - DEBUG - Applied object param aspirate_wait_time=0.0
2026-06-09 16:36:48,836 - DEBUG - Applied object param blowout_vol=0.5
2026-06-09 16:36:48,836 - DEBUG - Applied object param dispense_speed=5
2026-06-09 16:36:48,836 - DEBUG - Applied object param dispense_wait_time=0.0
2026-06-09 16:36:48,836 - DEBUG - Applied object param overaspirate_vol=0.0
2026-06-09 16:36:48,836 - DEBUG - Applied object param post_asp_air_vol=0.0
2026-06-09 16:36:48,836 - DEBUG - Applied object param post_retract_wait_time=0.0
2026-06-09 16:36:48,836 - DEBUG - Applied object param pre_asp_air_vol=0.0
2026-06-09 16:36:48,836 - DEBUG - Applied object param retract_speed=10
2026-06-09 16:36:48,836 - INFO - Pipetting into vial ethanol, amount: 0.060 mL
2026-06-09 16:36:48,840 - DEBUG - Adjusting pump 0 speed to 5
2026-06-09 16:36:48,841 - DEBUG - Dispensing 0.060 mL then waiting 0.0 s
2026-06-09 16:36:48,842 - DEBUG - Blowing out 0.500 mL
2026-06-09 16:36:48,842 - DEBUG - Adjusting pump 0 speed to 5
2026-06-09 16:36:48,842 - DEBUG - Adjusting pump 0 speed to 5
2026-06-09 16:36:48,844 - DEBUG - Applied object param asp_disp_cycles=0
2026-06-09 16:36:48,844 - DEBUG - Applied object param aspirate_speed=15
2026-06-09 16:36:48,844 - DEBUG - Applied object param aspirate_wait_time=0.0
2026-06-09 16:36:48,844 - DEBUG - Applied object param blowout_vol=0.5
2026-06-09 16:36:48,844 - DEBUG - Applied object param dispense_speed=5
2026-06-09 16:36:48,844 - DEBUG - Applied object param dispense_wait_time=0.0
2026-06-09 16:36:48,844 - DEBUG - Applied object param overaspirate_vol=0.0
2026-06-09 16:36:48,844 - DEBUG - Applied object param post_asp_air_vol=0.0
2026-06-09 16:36:48,844 - DEBUG - Applied object param post_retract_wait_time=0.0
2026-06-09 16:36:48,844 - DEBUG - Applied object param pre_asp_air_vol=0.0
2026-06-09 16:36:48,844 - DEBUG - Applied object param retract_speed=10
2026-06-09 16:36:48,845 - DEBUG - Selected small_tip for volume 0.060 mL
2026-06-09 16:36:48,847 - INFO - Pipetting from vial ethanol, amount: 0.060 mL
2026-06-09 16:36:48,847 - INFO - Additional volume from calibration, amount: 0.000 mL
2026-06-09 16:36:48,847 - DEBUG - Adjusting pump 0 speed to 10
2026-06-09 16:36:48,847 - DEBUG - Adjusting pump 0 speed to 15
2026-06-09 16:36:48,847 - DEBUG - Aspirating 0.060 mL then waiting 0.0 s
2026-06-09 16:36:48,847 - DEBUG - Applied object param asp_disp_cycles=0
2026-06-09 16:36:48,847 - DEBUG - Applied object param aspirate_speed=15
2026-06-09 16:36:48,847 - DEBUG - Applied object param aspirate_wait_time=0.0
2026-06-09 16:36:48,847 - DEBUG - Applied object param blowout_vol=0.5
2026-06-09 16:36:48,847 - DEBUG - Applied object param dispense_speed=5
2026-06-09 16:36:48,847 - DEBUG - Applied object param dispense_wait_time=0.0
2026-06-09 16:36:48,847 - DEBUG - Applied object param overaspirate_vol=0.0
2026-06-09 16:36:48,847 - DEBUG - Applied object param post_asp_air_vol=0.0
2026-06-09 16:36:48,847 - DEBUG - Applied object param post_retract_wait_time=0.0
2026-06-09 16:36:48,847 - DEBUG - Applied object param pre_asp_air_vol=0.0
2026-06-09 16:36:48,847 - DEBUG - Applied object param retract_speed=10
2026-06-09 16:36:48,847 - INFO - Pipetting into vial ethanol, amount: 0.060 mL
2026-06-09 16:36:48,847 - DEBUG - Adjusting pump 0 speed to 5
2026-06-09 16:36:48,847 - DEBUG - Dispensing 0.060 mL then waiting 0.0 s
2026-06-09 16:36:48,847 - DEBUG - Blowing out 0.500 mL
2026-06-09 16:36:48,847 - DEBUG - Adjusting pump 0 speed to 5
2026-06-09 16:36:48,847 - DEBUG - Adjusting pump 0 speed to 5
2026-06-09 16:36:48,847 - DEBUG - Applied object param asp_disp_cycles=0
2026-06-09 16:36:48,847 - DEBUG - Applied object param aspirate_speed=15
2026-06-09 16:36:48,847 - DEBUG - Applied object param aspirate_wait_time=0.0
2026-06-09 16:36:48,847 - DEBUG - Applied object param blowout_vol=0.5
2026-06-09 16:36:48,847 - DEBUG - Applied object param dispense_speed=5
2026-06-09 16:36:48,847 - DEBUG - Applied object param dispense_wait_time=0.0
2026-06-09 16:36:48,847 - DEBUG - Applied object param overaspirate_vol=0.0
2026-06-09 16:36:48,847 - DEBUG - Applied object param post_asp_air_vol=0.0
2026-06-09 16:36:48,847 - DEBUG - Applied object param post_retract_wait_time=0.0
2026-06-09 16:36:48,847 - DEBUG - Applied object param pre_asp_air_vol=0.0
2026-06-09 16:36:48,847 - DEBUG - Applied object param retract_speed=10
2026-06-09 16:36:48,847 - DEBUG - Selected small_tip for volume 0.060 mL
2026-06-09 16:36:48,847 - INFO - Pipetting from vial ethanol, amount: 0.060 mL
2026-06-09 16:36:48,847 - INFO - Additional volume from calibration, amount: 0.000 mL
2026-06-09 16:36:48,847 - DEBUG - Adjusting pump 0 speed to 10
2026-06-09 16:36:48,847 - DEBUG - Adjusting pump 0 speed to 15
2026-06-09 16:36:48,847 - DEBUG - Aspirating 0.060 mL then waiting 0.0 s
2026-06-09 16:36:48,855 - DEBUG - Applied object param asp_disp_cycles=0
2026-06-09 16:36:48,855 - DEBUG - Applied object param aspirate_speed=15
2026-06-09 16:36:48,855 - DEBUG - Applied object param aspirate_wait_time=0.0
2026-06-09 16:36:48,855 - DEBUG - Applied object param blowout_vol=0.5
2026-06-09 16:36:48,855 - DEBUG - Applied object param dispense_speed=5
2026-06-09 16:36:48,855 - DEBUG - Applied object param dispense_wait_time=0.0
2026-06-09 16:36:48,855 - DEBUG - Applied object param overaspirate_vol=0.0
2026-06-09 16:36:48,855 - DEBUG - Applied object param post_asp_air_vol=0.0
2026-06-09 16:36:48,855 - DEBUG - Applied object param post_retract_wait_time=0.0
2026-06-09 16:36:48,855 - DEBUG - Applied object param pre_asp_air_vol=0.0
2026-06-09 16:36:48,855 - DEBUG - Applied object param retract_speed=10
2026-06-09 16:36:48,858 - INFO - Pipetting into vial ethanol, amount: 0.060 mL
2026-06-09 16:36:48,859 - DEBUG - Adjusting pump 0 speed to 5
2026-06-09 16:36:48,859 - DEBUG - Dispensing 0.060 mL then waiting 0.0 s
2026-06-09 16:36:48,859 - DEBUG - Blowing out 0.500 mL
2026-06-09 16:36:48,859 - DEBUG - Adjusting pump 0 speed to 5
2026-06-09 16:36:48,860 - DEBUG - Adjusting pump 0 speed to 5
2026-06-09 16:36:48,860 - DEBUG - Applied object param asp_disp_cycles=0
2026-06-09 16:36:48,860 - DEBUG - Applied object param aspirate_speed=15
2026-06-09 16:36:48,860 - DEBUG - Applied object param aspirate_wait_time=0.0
2026-06-09 16:36:48,860 - DEBUG - Applied object param blowout_vol=0.5
2026-06-09 16:36:48,860 - DEBUG - Applied object param dispense_speed=5
2026-06-09 16:36:48,860 - DEBUG - Applied object param dispense_wait_time=0.0
2026-06-09 16:36:48,860 - DEBUG - Applied object param overaspirate_vol=0.0
2026-06-09 16:36:48,860 - DEBUG - Applied object param post_asp_air_vol=0.0
2026-06-09 16:36:48,860 - DEBUG - Applied object param post_retract_wait_time=0.0
2026-06-09 16:36:48,860 - DEBUG - Applied object param pre_asp_air_vol=0.0
2026-06-09 16:36:48,860 - DEBUG - Applied object param retract_speed=10
2026-06-09 16:36:48,861 - DEBUG - Selected small_tip for volume 0.060 mL
2026-06-09 16:36:48,861 - INFO - Pipetting from vial ethanol, amount: 0.060 mL
2026-06-09 16:36:48,861 - INFO - Additional volume from calibration, amount: 0.000 mL
2026-06-09 16:36:48,861 - DEBUG - Adjusting pump 0 speed to 10
2026-06-09 16:36:48,861 - DEBUG - Adjusting pump 0 speed to 15
2026-06-09 16:36:48,861 - DEBUG - Aspirating 0.060 mL then waiting 0.0 s
2026-06-09 16:36:48,865 - DEBUG - Applied object param asp_disp_cycles=0
2026-06-09 16:36:48,865 - DEBUG - Applied object param aspirate_speed=15
2026-06-09 16:36:48,865 - DEBUG - Applied object param aspirate_wait_time=0.0
2026-06-09 16:36:48,865 - DEBUG - Applied object param blowout_vol=0.5
2026-06-09 16:36:48,865 - DEBUG - Applied object param dispense_speed=5
2026-06-09 16:36:48,865 - DEBUG - Applied object param dispense_wait_time=0.0
2026-06-09 16:36:48,865 - DEBUG - Applied object param overaspirate_vol=0.0
2026-06-09 16:36:48,865 - DEBUG - Applied object param post_asp_air_vol=0.0
2026-06-09 16:36:48,865 - DEBUG - Applied object param post_retract_wait_time=0.0
2026-06-09 16:36:48,865 - DEBUG - Applied object param pre_asp_air_vol=0.0
2026-06-09 16:36:48,865 - DEBUG - Applied object param retract_speed=10
2026-06-09 16:36:48,866 - INFO - Pipetting into vial ethanol, amount: 0.060 mL
2026-06-09 16:36:48,867 - DEBUG - Adjusting pump 0 speed to 5
2026-06-09 16:36:48,868 - DEBUG - Dispensing 0.060 mL then waiting 0.0 s
2026-06-09 16:36:48,868 - DEBUG - Blowing out 0.500 mL
2026-06-09 16:36:48,868 - DEBUG - Adjusting pump 0 speed to 5
2026-06-09 16:36:48,868 - DEBUG - Adjusting pump 0 speed to 5
2026-06-09 16:36:48,871 - DEBUG - Applied dict param aspirate_speed=10
2026-06-09 16:36:48,871 - DEBUG - Applied dict param dispense_speed=10
2026-06-09 16:36:48,871 - DEBUG - Applied dict param aspirate_wait_time=0.0
2026-06-09 16:36:48,871 - DEBUG - Applied dict param dispense_wait_time=1.5
2026-06-09 16:36:48,871 - DEBUG - Applied dict param pre_asp_air_vol=0.0
2026-06-09 16:36:48,871 - DEBUG - Applied dict param retract_speed=5.0
2026-06-09 16:36:48,871 - DEBUG - Applied dict param blowout_vol=0.0
2026-06-09 16:36:48,871 - DEBUG - Applied dict param post_asp_air_vol=0.0
2026-06-09 16:36:48,871 - DEBUG - Applied dict param post_retract_wait_time=0.0
2026-06-09 16:36:48,871 - DEBUG - Applied dict param overaspirate_vol=0.004
2026-06-09 16:36:48,871 - DEBUG - Applied dict param asp_disp_cycles=0
2026-06-09 16:36:48,872 - DEBUG - Selected small_tip for volume 0.070 mL
2026-06-09 16:36:48,877 - INFO - Pipetting from vial ethanol, amount: 0.070 mL
2026-06-09 16:36:48,877 - INFO - Additional volume from calibration, amount: 0.004 mL
2026-06-09 16:36:48,879 - DEBUG - Adjusting pump 0 speed to 10
2026-06-09 16:36:48,879 - DEBUG - Adjusting pump 0 speed to 10
2026-06-09 16:36:48,879 - DEBUG - Aspirating 0.074 mL then waiting 0.0 s
2026-06-09 16:36:48,879 - DEBUG - Applied dict param aspirate_speed=10
2026-06-09 16:36:48,879 - DEBUG - Applied dict param dispense_speed=10
2026-06-09 16:36:48,879 - DEBUG - Applied dict param aspirate_wait_time=0.0
2026-06-09 16:36:48,879 - DEBUG - Applied dict param dispense_wait_time=1.5
2026-06-09 16:36:48,879 - DEBUG - Applied dict param pre_asp_air_vol=0.0
2026-06-09 16:36:48,879 - DEBUG - Applied dict param retract_speed=5.0
2026-06-09 16:36:48,879 - DEBUG - Applied dict param blowout_vol=0.0
2026-06-09 16:36:48,879 - DEBUG - Applied dict param post_asp_air_vol=0.0
2026-06-09 16:36:48,879 - DEBUG - Applied dict param post_retract_wait_time=0.0
2026-06-09 16:36:48,879 - DEBUG - Applied dict param overaspirate_vol=0.004
2026-06-09 16:36:48,879 - DEBUG - Applied dict param asp_disp_cycles=0
2026-06-09 16:36:48,880 - INFO - Pipetting into vial ethanol, amount: 0.070 mL
2026-06-09 16:36:48,881 - INFO - Simulation mode - initial mass set to 0
2026-06-09 16:36:48,882 - DEBUG - Adjusting pump 0 speed to 10
2026-06-09 16:36:48,883 - DEBUG - Dispensing 0.074 mL then waiting 1.5 s
2026-06-09 16:36:48,883 - INFO - Simulation mode - final mass set to 0
2026-06-09 16:36:48,883 - INFO - Mass difference: 0.000000 g (target: 0.070 mL = ~0.070000 g for water)
2026-06-09 16:36:48,885 - DEBUG - Applied dict param aspirate_speed=10
2026-06-09 16:36:48,885 - DEBUG - Applied dict param dispense_speed=10
2026-06-09 16:36:48,885 - DEBUG - Applied dict param aspirate_wait_time=0.0
2026-06-09 16:36:48,885 - DEBUG - Applied dict param dispense_wait_time=1.5
2026-06-09 16:36:48,885 - DEBUG - Applied dict param pre_asp_air_vol=0.0
2026-06-09 16:36:48,885 - DEBUG - Applied dict param retract_speed=5.0
2026-06-09 16:36:48,885 - DEBUG - Applied dict param blowout_vol=0.0
2026-06-09 16:36:48,885 - DEBUG - Applied dict param post_asp_air_vol=0.0
2026-06-09 16:36:48,885 - DEBUG - Applied dict param post_retract_wait_time=0.0
2026-06-09 16:36:48,885 - DEBUG - Applied dict param overaspirate_vol=0.004
2026-06-09 16:36:48,885 - DEBUG - Applied dict param asp_disp_cycles=0
2026-06-09 16:36:48,885 - DEBUG - Selected small_tip for volume 0.070 mL
2026-06-09 16:36:48,890 - INFO - Pipetting from vial ethanol, amount: 0.070 mL
2026-06-09 16:36:48,892 - INFO - Additional volume from calibration, amount: 0.004 mL
2026-06-09 16:36:48,895 - DEBUG - Adjusting pump 0 speed to 10
2026-06-09 16:36:48,895 - DEBUG - Adjusting pump 0 speed to 10
2026-06-09 16:36:48,895 - DEBUG - Aspirating 0.074 mL then waiting 0.0 s
2026-06-09 16:36:48,895 - DEBUG - Applied dict param aspirate_speed=10
2026-06-09 16:36:48,895 - DEBUG - Applied dict param dispense_speed=10
2026-06-09 16:36:48,895 - DEBUG - Applied dict param aspirate_wait_time=0.0
2026-06-09 16:36:48,895 - DEBUG - Applied dict param dispense_wait_time=1.5
2026-06-09 16:36:48,895 - DEBUG - Applied dict param pre_asp_air_vol=0.0
2026-06-09 16:36:48,896 - DEBUG - Applied dict param retract_speed=5.0
2026-06-09 16:36:48,896 - DEBUG - Applied dict param blowout_vol=0.0
2026-06-09 16:36:48,896 - DEBUG - Applied dict param post_asp_air_vol=0.0
2026-06-09 16:36:48,896 - DEBUG - Applied dict param post_retract_wait_time=0.0
2026-06-09 16:36:48,896 - DEBUG - Applied dict param overaspirate_vol=0.004
2026-06-09 16:36:48,896 - DEBUG - Applied dict param asp_disp_cycles=0
2026-06-09 16:36:48,897 - INFO - Pipetting into vial ethanol, amount: 0.070 mL
2026-06-09 16:36:48,899 - INFO - Simulation mode - initial mass set to 0
2026-06-09 16:36:48,899 - DEBUG - Adjusting pump 0 speed to 10
2026-06-09 16:36:48,900 - DEBUG - Dispensing 0.074 mL then waiting 1.5 s
2026-06-09 16:36:48,900 - INFO - Simulation mode - final mass set to 0
2026-06-09 16:36:48,900 - INFO - Mass difference: 0.000000 g (target: 0.070 mL = ~0.070000 g for water)
2026-06-09 16:36:48,901 - DEBUG - Applied dict param aspirate_speed=10
2026-06-09 16:36:48,902 - DEBUG - Applied dict param dispense_speed=10
2026-06-09 16:36:48,902 - DEBUG - Applied dict param aspirate_wait_time=0.0
2026-06-09 16:36:48,902 - DEBUG - Applied dict param dispense_wait_time=1.5
2026-06-09 16:36:48,902 - DEBUG - Applied dict param pre_asp_air_vol=0.0
2026-06-09 16:36:48,902 - DEBUG - Applied dict param retract_speed=5.0
2026-06-09 16:36:48,902 - DEBUG - Applied dict param blowout_vol=0.0
2026-06-09 16:36:48,902 - DEBUG - Applied dict param post_asp_air_vol=0.0
2026-06-09 16:36:48,902 - DEBUG - Applied dict param post_retract_wait_time=0.0
2026-06-09 16:36:48,902 - DEBUG - Applied dict param overaspirate_vol=0.004
2026-06-09 16:36:48,902 - DEBUG - Applied dict param asp_disp_cycles=0
2026-06-09 16:36:48,903 - DEBUG - Selected small_tip for volume 0.070 mL
2026-06-09 16:36:48,906 - INFO - Pipetting from vial ethanol, amount: 0.070 mL
2026-06-09 16:36:48,907 - INFO - Additional volume from calibration, amount: 0.004 mL
2026-06-09 16:36:48,909 - DEBUG - Adjusting pump 0 speed to 10
2026-06-09 16:36:48,910 - DEBUG - Adjusting pump 0 speed to 10
2026-06-09 16:36:48,910 - DEBUG - Aspirating 0.074 mL then waiting 0.0 s
2026-06-09 16:36:48,910 - DEBUG - Applied dict param aspirate_speed=10
2026-06-09 16:36:48,910 - DEBUG - Applied dict param dispense_speed=10
2026-06-09 16:36:48,910 - DEBUG - Applied dict param aspirate_wait_time=0.0
2026-06-09 16:36:48,910 - DEBUG - Applied dict param dispense_wait_time=1.5
2026-06-09 16:36:48,910 - DEBUG - Applied dict param pre_asp_air_vol=0.0
2026-06-09 16:36:48,910 - DEBUG - Applied dict param retract_speed=5.0
2026-06-09 16:36:48,910 - DEBUG - Applied dict param blowout_vol=0.0
2026-06-09 16:36:48,910 - DEBUG - Applied dict param post_asp_air_vol=0.0
2026-06-09 16:36:48,910 - DEBUG - Applied dict param post_retract_wait_time=0.0
2026-06-09 16:36:48,910 - DEBUG - Applied dict param overaspirate_vol=0.004
2026-06-09 16:36:48,910 - DEBUG - Applied dict param asp_disp_cycles=0
2026-06-09 16:36:48,912 - INFO - Pipetting into vial ethanol, amount: 0.070 mL
2026-06-09 16:36:48,913 - INFO - Simulation mode - initial mass set to 0
2026-06-09 16:36:48,913 - DEBUG - Adjusting pump 0 speed to 10
2026-06-09 16:36:48,914 - DEBUG - Dispensing 0.074 mL then waiting 1.5 s
2026-06-09 16:36:48,914 - INFO - Simulation mode - final mass set to 0
2026-06-09 16:36:48,914 - INFO - Mass difference: 0.000000 g (target: 0.070 mL = ~0.070000 g for water)
2026-06-09 16:36:48,914 - DEBUG - Applied dict param aspirate_speed=10
2026-06-09 16:36:48,914 - DEBUG - Applied dict param dispense_speed=10
2026-06-09 16:36:48,914 - DEBUG - Applied dict param aspirate_wait_time=0.0
2026-06-09 16:36:48,914 - DEBUG - Applied dict param dispense_wait_time=1.5
2026-06-09 16:36:48,914 - DEBUG - Applied dict param pre_asp_air_vol=0.0
2026-06-09 16:36:48,914 - DEBUG - Applied dict param retract_speed=5.0
2026-06-09 16:36:48,914 - DEBUG - Applied dict param blowout_vol=0.0
2026-06-09 16:36:48,914 - DEBUG - Applied dict param post_asp_air_vol=0.0
2026-06-09 16:36:48,914 - DEBUG - Applied dict param post_retract_wait_time=0.0
2026-06-09 16:36:48,914 - DEBUG - Applied dict param overaspirate_vol=0.014558108958230565
2026-06-09 16:36:48,914 - DEBUG - Applied dict param asp_disp_cycles=0
2026-06-09 16:36:48,914 - DEBUG - Selected small_tip for volume 0.070 mL
2026-06-09 16:36:48,914 - INFO - Pipetting from vial ethanol, amount: 0.070 mL
2026-06-09 16:36:48,914 - INFO - Additional volume from calibration, amount: 0.015 mL
2026-06-09 16:36:48,920 - DEBUG - Adjusting pump 0 speed to 10
2026-06-09 16:36:48,920 - DEBUG - Adjusting pump 0 speed to 10
2026-06-09 16:36:48,920 - DEBUG - Aspirating 0.085 mL then waiting 0.0 s
2026-06-09 16:36:48,921 - DEBUG - Applied dict param aspirate_speed=10
2026-06-09 16:36:48,921 - DEBUG - Applied dict param dispense_speed=10
2026-06-09 16:36:48,921 - DEBUG - Applied dict param aspirate_wait_time=0.0
2026-06-09 16:36:48,921 - DEBUG - Applied dict param dispense_wait_time=1.5
2026-06-09 16:36:48,921 - DEBUG - Applied dict param pre_asp_air_vol=0.0
2026-06-09 16:36:48,921 - DEBUG - Applied dict param retract_speed=5.0
2026-06-09 16:36:48,921 - DEBUG - Applied dict param blowout_vol=0.0
2026-06-09 16:36:48,921 - DEBUG - Applied dict param post_asp_air_vol=0.0
2026-06-09 16:36:48,921 - DEBUG - Applied dict param post_retract_wait_time=0.0
2026-06-09 16:36:48,921 - DEBUG - Applied dict param overaspirate_vol=0.014558108958230565
2026-06-09 16:36:48,921 - DEBUG - Applied dict param asp_disp_cycles=0
2026-06-09 16:36:48,922 - INFO - Pipetting into vial ethanol, amount: 0.070 mL
2026-06-09 16:36:48,925 - INFO - Simulation mode - initial mass set to 0
2026-06-09 16:36:48,925 - DEBUG - Adjusting pump 0 speed to 10
2026-06-09 16:36:48,926 - DEBUG - Dispensing 0.085 mL then waiting 1.5 s
2026-06-09 16:36:48,926 - INFO - Simulation mode - final mass set to 0
2026-06-09 16:36:48,926 - INFO - Mass difference: 0.000000 g (target: 0.070 mL = ~0.070000 g for water)
2026-06-09 16:36:48,927 - DEBUG - Applied dict param aspirate_speed=10
2026-06-09 16:36:48,928 - DEBUG - Applied dict param dispense_speed=10
2026-06-09 16:36:48,928 - DEBUG - Applied dict param aspirate_wait_time=0.0
2026-06-09 16:36:48,928 - DEBUG - Applied dict param dispense_wait_time=1.5
2026-06-09 16:36:48,928 - DEBUG - Applied dict param pre_asp_air_vol=0.0
2026-06-09 16:36:48,928 - DEBUG - Applied dict param retract_speed=5.0
2026-06-09 16:36:48,928 - DEBUG - Applied dict param blowout_vol=0.0
2026-06-09 16:36:48,928 - DEBUG - Applied dict param post_asp_air_vol=0.0
2026-06-09 16:36:48,928 - DEBUG - Applied dict param post_retract_wait_time=0.0
2026-06-09 16:36:48,928 - DEBUG - Applied dict param overaspirate_vol=0.014558108958230565
2026-06-09 16:36:48,928 - DEBUG - Applied dict param asp_disp_cycles=0
2026-06-09 16:36:48,929 - DEBUG - Selected small_tip for volume 0.070 mL
2026-06-09 16:36:48,931 - INFO - Pipetting from vial ethanol, amount: 0.070 mL
2026-06-09 16:36:48,931 - INFO - Additional volume from calibration, amount: 0.015 mL
2026-06-09 16:36:48,933 - DEBUG - Adjusting pump 0 speed to 10
2026-06-09 16:36:48,933 - DEBUG - Adjusting pump 0 speed to 10
2026-06-09 16:36:48,933 - DEBUG - Aspirating 0.085 mL then waiting 0.0 s
2026-06-09 16:36:48,933 - DEBUG - Applied dict param aspirate_speed=10
2026-06-09 16:36:48,933 - DEBUG - Applied dict param dispense_speed=10
2026-06-09 16:36:48,933 - DEBUG - Applied dict param aspirate_wait_time=0.0
2026-06-09 16:36:48,933 - DEBUG - Applied dict param dispense_wait_time=1.5
2026-06-09 16:36:48,933 - DEBUG - Applied dict param pre_asp_air_vol=0.0
2026-06-09 16:36:48,933 - DEBUG - Applied dict param retract_speed=5.0
2026-06-09 16:36:48,933 - DEBUG - Applied dict param blowout_vol=0.0
2026-06-09 16:36:48,933 - DEBUG - Applied dict param post_asp_air_vol=0.0
2026-06-09 16:36:48,933 - DEBUG - Applied dict param post_retract_wait_time=0.0
2026-06-09 16:36:48,933 - DEBUG - Applied dict param overaspirate_vol=0.014558108958230565
2026-06-09 16:36:48,933 - DEBUG - Applied dict param asp_disp_cycles=0
2026-06-09 16:36:48,934 - INFO - Pipetting into vial ethanol, amount: 0.070 mL
2026-06-09 16:36:48,935 - INFO - Simulation mode - initial mass set to 0
2026-06-09 16:36:48,935 - DEBUG - Adjusting pump 0 speed to 10
2026-06-09 16:36:48,937 - DEBUG - Dispensing 0.085 mL then waiting 1.5 s
2026-06-09 16:36:48,937 - INFO - Simulation mode - final mass set to 0
2026-06-09 16:36:48,937 - INFO - Mass difference: 0.000000 g (target: 0.070 mL = ~0.070000 g for water)
2026-06-09 16:36:48,939 - DEBUG - Applied dict param aspirate_speed=10
2026-06-09 16:36:48,940 - DEBUG - Applied dict param dispense_speed=10
2026-06-09 16:36:48,940 - DEBUG - Applied dict param aspirate_wait_time=0.0
2026-06-09 16:36:48,940 - DEBUG - Applied dict param dispense_wait_time=1.5
2026-06-09 16:36:48,940 - DEBUG - Applied dict param pre_asp_air_vol=0.0
2026-06-09 16:36:48,940 - DEBUG - Applied dict param retract_speed=5.0
2026-06-09 16:36:48,940 - DEBUG - Applied dict param blowout_vol=0.0
2026-06-09 16:36:48,940 - DEBUG - Applied dict param post_asp_air_vol=0.0
2026-06-09 16:36:48,940 - DEBUG - Applied dict param post_retract_wait_time=0.0
2026-06-09 16:36:48,940 - DEBUG - Applied dict param overaspirate_vol=0.014558108958230565
2026-06-09 16:36:48,940 - DEBUG - Applied dict param asp_disp_cycles=0
2026-06-09 16:36:48,941 - DEBUG - Selected small_tip for volume 0.070 mL
2026-06-09 16:36:48,943 - INFO - Pipetting from vial ethanol, amount: 0.070 mL
2026-06-09 16:36:48,943 - INFO - Additional volume from calibration, amount: 0.015 mL
2026-06-09 16:36:48,947 - DEBUG - Adjusting pump 0 speed to 10
2026-06-09 16:36:48,947 - DEBUG - Adjusting pump 0 speed to 10
2026-06-09 16:36:48,947 - DEBUG - Aspirating 0.085 mL then waiting 0.0 s
2026-06-09 16:36:48,947 - DEBUG - Applied dict param aspirate_speed=10
2026-06-09 16:36:48,947 - DEBUG - Applied dict param dispense_speed=10
2026-06-09 16:36:48,947 - DEBUG - Applied dict param aspirate_wait_time=0.0
2026-06-09 16:36:48,947 - DEBUG - Applied dict param dispense_wait_time=1.5
2026-06-09 16:36:48,947 - DEBUG - Applied dict param pre_asp_air_vol=0.0
2026-06-09 16:36:48,947 - DEBUG - Applied dict param retract_speed=5.0
2026-06-09 16:36:48,947 - DEBUG - Applied dict param blowout_vol=0.0
2026-06-09 16:36:48,947 - DEBUG - Applied dict param post_asp_air_vol=0.0
2026-06-09 16:36:48,947 - DEBUG - Applied dict param post_retract_wait_time=0.0
2026-06-09 16:36:48,947 - DEBUG - Applied dict param overaspirate_vol=0.014558108958230565
2026-06-09 16:36:48,947 - DEBUG - Applied dict param asp_disp_cycles=0
2026-06-09 16:36:48,948 - INFO - Pipetting into vial ethanol, amount: 0.070 mL
2026-06-09 16:36:48,949 - INFO - Simulation mode - initial mass set to 0
2026-06-09 16:36:48,950 - DEBUG - Adjusting pump 0 speed to 10
2026-06-09 16:36:48,950 - DEBUG - Dispensing 0.085 mL then waiting 1.5 s
2026-06-09 16:36:48,950 - INFO - Simulation mode - final mass set to 0
2026-06-09 16:36:48,950 - INFO - Mass difference: 0.000000 g (target: 0.070 mL = ~0.070000 g for water)
2026-06-09 16:36:48,952 - DEBUG - Applied dict param aspirate_speed=10
2026-06-09 16:36:48,952 - DEBUG - Applied dict param dispense_speed=10
2026-06-09 16:36:48,952 - DEBUG - Applied dict param aspirate_wait_time=0.0
2026-06-09 16:36:48,952 - DEBUG - Applied dict param dispense_wait_time=1.5
2026-06-09 16:36:48,952 - DEBUG - Applied dict param pre_asp_air_vol=0.0
2026-06-09 16:36:48,952 - DEBUG - Applied dict param retract_speed=5.0
2026-06-09 16:36:48,952 - DEBUG - Applied dict param blowout_vol=0.0
2026-06-09 16:36:48,952 - DEBUG - Applied dict param post_asp_air_vol=0.0
2026-06-09 16:36:48,952 - DEBUG - Applied dict param post_retract_wait_time=0.0
2026-06-09 16:36:48,952 - DEBUG - Applied dict param overaspirate_vol=0.013235384166489611
2026-06-09 16:36:48,952 - DEBUG - Applied dict param asp_disp_cycles=0
2026-06-09 16:36:48,952 - DEBUG - Selected small_tip for volume 0.070 mL
2026-06-09 16:36:48,956 - INFO - Pipetting from vial ethanol, amount: 0.070 mL
2026-06-09 16:36:48,956 - INFO - Additional volume from calibration, amount: 0.013 mL
2026-06-09 16:36:48,959 - DEBUG - Adjusting pump 0 speed to 10
2026-06-09 16:36:48,959 - DEBUG - Adjusting pump 0 speed to 10
2026-06-09 16:36:48,959 - DEBUG - Aspirating 0.083 mL then waiting 0.0 s
2026-06-09 16:36:48,959 - DEBUG - Applied dict param aspirate_speed=10
2026-06-09 16:36:48,960 - DEBUG - Applied dict param dispense_speed=10
2026-06-09 16:36:48,960 - DEBUG - Applied dict param aspirate_wait_time=0.0
2026-06-09 16:36:48,960 - DEBUG - Applied dict param dispense_wait_time=1.5
2026-06-09 16:36:48,960 - DEBUG - Applied dict param pre_asp_air_vol=0.0
2026-06-09 16:36:48,960 - DEBUG - Applied dict param retract_speed=5.0
2026-06-09 16:36:48,960 - DEBUG - Applied dict param blowout_vol=0.0
2026-06-09 16:36:48,960 - DEBUG - Applied dict param post_asp_air_vol=0.0
2026-06-09 16:36:48,960 - DEBUG - Applied dict param post_retract_wait_time=0.0
2026-06-09 16:36:48,960 - DEBUG - Applied dict param overaspirate_vol=0.013235384166489611
2026-06-09 16:36:48,960 - DEBUG - Applied dict param asp_disp_cycles=0
2026-06-09 16:36:48,961 - INFO - Pipetting into vial ethanol, amount: 0.070 mL
2026-06-09 16:36:48,962 - INFO - Simulation mode - initial mass set to 0
2026-06-09 16:36:48,962 - DEBUG - Adjusting pump 0 speed to 10
2026-06-09 16:36:48,963 - DEBUG - Dispensing 0.083 mL then waiting 1.5 s
2026-06-09 16:36:48,964 - INFO - Simulation mode - final mass set to 0
2026-06-09 16:36:48,964 - INFO - Mass difference: 0.000000 g (target: 0.070 mL = ~0.070000 g for water)
2026-06-09 16:36:48,965 - DEBUG - Applied dict param aspirate_speed=10
2026-06-09 16:36:48,965 - DEBUG - Applied dict param dispense_speed=10
2026-06-09 16:36:48,965 - DEBUG - Applied dict param aspirate_wait_time=0.0
2026-06-09 16:36:48,965 - DEBUG - Applied dict param dispense_wait_time=1.5
2026-06-09 16:36:48,965 - DEBUG - Applied dict param pre_asp_air_vol=0.0
2026-06-09 16:36:48,965 - DEBUG - Applied dict param retract_speed=5.0
2026-06-09 16:36:48,965 - DEBUG - Applied dict param blowout_vol=0.0
2026-06-09 16:36:48,965 - DEBUG - Applied dict param post_asp_air_vol=0.0
2026-06-09 16:36:48,965 - DEBUG - Applied dict param post_retract_wait_time=0.0
2026-06-09 16:36:48,965 - DEBUG - Applied dict param overaspirate_vol=0.013235384166489611
2026-06-09 16:36:48,965 - DEBUG - Applied dict param asp_disp_cycles=0
2026-06-09 16:36:48,966 - DEBUG - Selected small_tip for volume 0.070 mL
2026-06-09 16:36:48,968 - INFO - Pipetting from vial ethanol, amount: 0.070 mL
2026-06-09 16:36:48,968 - INFO - Additional volume from calibration, amount: 0.013 mL
2026-06-09 16:36:48,969 - DEBUG - Adjusting pump 0 speed to 10
2026-06-09 16:36:48,969 - DEBUG - Adjusting pump 0 speed to 10
2026-06-09 16:36:48,969 - DEBUG - Aspirating 0.083 mL then waiting 0.0 s
2026-06-09 16:36:48,969 - DEBUG - Applied dict param aspirate_speed=10
2026-06-09 16:36:48,969 - DEBUG - Applied dict param dispense_speed=10
2026-06-09 16:36:48,969 - DEBUG - Applied dict param aspirate_wait_time=0.0
2026-06-09 16:36:48,969 - DEBUG - Applied dict param dispense_wait_time=1.5
2026-06-09 16:36:48,969 - DEBUG - Applied dict param pre_asp_air_vol=0.0
2026-06-09 16:36:48,969 - DEBUG - Applied dict param retract_speed=5.0
2026-06-09 16:36:48,969 - DEBUG - Applied dict param blowout_vol=0.0
2026-06-09 16:36:48,969 - DEBUG - Applied dict param post_asp_air_vol=0.0
2026-06-09 16:36:48,969 - DEBUG - Applied dict param post_retract_wait_time=0.0
2026-06-09 16:36:48,969 - DEBUG - Applied dict param overaspirate_vol=0.013235384166489611
2026-06-09 16:36:48,969 - DEBUG - Applied dict param asp_disp_cycles=0
2026-06-09 16:36:48,969 - INFO - Pipetting into vial ethanol, amount: 0.070 mL
2026-06-09 16:36:48,973 - INFO - Simulation mode - initial mass set to 0
2026-06-09 16:36:48,973 - DEBUG - Adjusting pump 0 speed to 10
2026-06-09 16:36:48,975 - DEBUG - Dispensing 0.083 mL then waiting 1.5 s
2026-06-09 16:36:48,975 - INFO - Simulation mode - final mass set to 0
2026-06-09 16:36:48,975 - INFO - Mass difference: 0.000000 g (target: 0.070 mL = ~0.070000 g for water)
2026-06-09 16:36:48,976 - DEBUG - Applied dict param aspirate_speed=10
2026-06-09 16:36:48,976 - DEBUG - Applied dict param dispense_speed=10
2026-06-09 16:36:48,976 - DEBUG - Applied dict param aspirate_wait_time=0.0
2026-06-09 16:36:48,976 - DEBUG - Applied dict param dispense_wait_time=1.5
2026-06-09 16:36:48,976 - DEBUG - Applied dict param pre_asp_air_vol=0.0
2026-06-09 16:36:48,976 - DEBUG - Applied dict param retract_speed=5.0
2026-06-09 16:36:48,976 - DEBUG - Applied dict param blowout_vol=0.0
2026-06-09 16:36:48,976 - DEBUG - Applied dict param post_asp_air_vol=0.0
2026-06-09 16:36:48,976 - DEBUG - Applied dict param post_retract_wait_time=0.0
2026-06-09 16:36:48,976 - DEBUG - Applied dict param overaspirate_vol=0.013235384166489611
2026-06-09 16:36:48,977 - DEBUG - Applied dict param asp_disp_cycles=0
2026-06-09 16:36:48,977 - DEBUG - Selected small_tip for volume 0.070 mL
2026-06-09 16:36:48,979 - INFO - Pipetting from vial ethanol, amount: 0.070 mL
2026-06-09 16:36:48,979 - INFO - Additional volume from calibration, amount: 0.013 mL
2026-06-09 16:36:48,981 - DEBUG - Adjusting pump 0 speed to 10
2026-06-09 16:36:48,982 - DEBUG - Adjusting pump 0 speed to 10
2026-06-09 16:36:48,982 - DEBUG - Aspirating 0.083 mL then waiting 0.0 s
2026-06-09 16:36:48,982 - DEBUG - Applied dict param aspirate_speed=10
2026-06-09 16:36:48,982 - DEBUG - Applied dict param dispense_speed=10
2026-06-09 16:36:48,982 - DEBUG - Applied dict param aspirate_wait_time=0.0
2026-06-09 16:36:48,982 - DEBUG - Applied dict param dispense_wait_time=1.5
2026-06-09 16:36:48,982 - DEBUG - Applied dict param pre_asp_air_vol=0.0
2026-06-09 16:36:48,982 - DEBUG - Applied dict param retract_speed=5.0
2026-06-09 16:36:48,982 - DEBUG - Applied dict param blowout_vol=0.0
2026-06-09 16:36:48,982 - DEBUG - Applied dict param post_asp_air_vol=0.0
2026-06-09 16:36:48,982 - DEBUG - Applied dict param post_retract_wait_time=0.0
2026-06-09 16:36:48,982 - DEBUG - Applied dict param overaspirate_vol=0.013235384166489611
2026-06-09 16:36:48,982 - DEBUG - Applied dict param asp_disp_cycles=0
2026-06-09 16:36:48,983 - INFO - Pipetting into vial ethanol, amount: 0.070 mL
2026-06-09 16:36:48,985 - INFO - Simulation mode - initial mass set to 0
2026-06-09 16:36:48,985 - DEBUG - Adjusting pump 0 speed to 10
2026-06-09 16:36:48,986 - DEBUG - Dispensing 0.083 mL then waiting 1.5 s
2026-06-09 16:36:48,986 - INFO - Simulation mode - final mass set to 0
2026-06-09 16:36:48,986 - INFO - Mass difference: 0.000000 g (target: 0.070 mL = ~0.070000 g for water)
2026-06-09 16:36:48,990 - DEBUG - Applied dict param aspirate_speed=10
2026-06-09 16:36:48,990 - DEBUG - Applied dict param dispense_speed=10
2026-06-09 16:36:48,990 - DEBUG - Applied dict param aspirate_wait_time=0.0
2026-06-09 16:36:48,990 - DEBUG - Applied dict param dispense_wait_time=1.5
2026-06-09 16:36:48,990 - DEBUG - Applied dict param pre_asp_air_vol=0.0
2026-06-09 16:36:48,990 - DEBUG - Applied dict param retract_speed=5.0
2026-06-09 16:36:48,990 - DEBUG - Applied dict param blowout_vol=0.0
2026-06-09 16:36:48,990 - DEBUG - Applied dict param post_asp_air_vol=0.0
2026-06-09 16:36:48,990 - DEBUG - Applied dict param post_retract_wait_time=0.0
2026-06-09 16:36:48,990 - DEBUG - Applied dict param overaspirate_vol=0.004
2026-06-09 16:36:48,990 - DEBUG - Applied dict param asp_disp_cycles=0
2026-06-09 16:36:48,990 - DEBUG - Selected small_tip for volume 0.100 mL
2026-06-09 16:36:48,990 - INFO - Pipetting from vial ethanol, amount: 0.100 mL
2026-06-09 16:36:48,994 - INFO - Additional volume from calibration, amount: 0.004 mL
2026-06-09 16:36:48,997 - DEBUG - Adjusting pump 0 speed to 10
2026-06-09 16:36:48,997 - DEBUG - Adjusting pump 0 speed to 10
2026-06-09 16:36:48,997 - DEBUG - Aspirating 0.104 mL then waiting 0.0 s
2026-06-09 16:36:48,997 - DEBUG - Applied dict param aspirate_speed=10
2026-06-09 16:36:48,997 - DEBUG - Applied dict param dispense_speed=10
2026-06-09 16:36:48,997 - DEBUG - Applied dict param aspirate_wait_time=0.0
2026-06-09 16:36:48,997 - DEBUG - Applied dict param dispense_wait_time=1.5
2026-06-09 16:36:48,997 - DEBUG - Applied dict param pre_asp_air_vol=0.0
2026-06-09 16:36:48,997 - DEBUG - Applied dict param retract_speed=5.0
2026-06-09 16:36:48,997 - DEBUG - Applied dict param blowout_vol=0.0
2026-06-09 16:36:48,997 - DEBUG - Applied dict param post_asp_air_vol=0.0
2026-06-09 16:36:48,997 - DEBUG - Applied dict param post_retract_wait_time=0.0
2026-06-09 16:36:48,997 - DEBUG - Applied dict param overaspirate_vol=0.004
2026-06-09 16:36:48,997 - DEBUG - Applied dict param asp_disp_cycles=0
2026-06-09 16:36:48,998 - INFO - Pipetting into vial ethanol, amount: 0.100 mL
2026-06-09 16:36:49,000 - INFO - Simulation mode - initial mass set to 0
2026-06-09 16:36:49,000 - DEBUG - Adjusting pump 0 speed to 10
2026-06-09 16:36:49,001 - DEBUG - Dispensing 0.104 mL then waiting 1.5 s
2026-06-09 16:36:49,001 - INFO - Simulation mode - final mass set to 0
2026-06-09 16:36:49,001 - INFO - Mass difference: 0.000000 g (target: 0.100 mL = ~0.100000 g for water)
2026-06-09 16:36:49,002 - DEBUG - Applied dict param aspirate_speed=10
2026-06-09 16:36:49,002 - DEBUG - Applied dict param dispense_speed=10
2026-06-09 16:36:49,002 - DEBUG - Applied dict param aspirate_wait_time=0.0
2026-06-09 16:36:49,002 - DEBUG - Applied dict param dispense_wait_time=1.5
2026-06-09 16:36:49,002 - DEBUG - Applied dict param pre_asp_air_vol=0.0
2026-06-09 16:36:49,002 - DEBUG - Applied dict param retract_speed=5.0
2026-06-09 16:36:49,002 - DEBUG - Applied dict param blowout_vol=0.0
2026-06-09 16:36:49,002 - DEBUG - Applied dict param post_asp_air_vol=0.0
2026-06-09 16:36:49,002 - DEBUG - Applied dict param post_retract_wait_time=0.0
2026-06-09 16:36:49,002 - DEBUG - Applied dict param overaspirate_vol=0.004
2026-06-09 16:36:49,002 - DEBUG - Applied dict param asp_disp_cycles=0
2026-06-09 16:36:49,003 - DEBUG - Selected small_tip for volume 0.100 mL
2026-06-09 16:36:49,004 - INFO - Pipetting from vial ethanol, amount: 0.100 mL
2026-06-09 16:36:49,005 - INFO - Additional volume from calibration, amount: 0.004 mL
2026-06-09 16:36:49,008 - DEBUG - Adjusting pump 0 speed to 10
2026-06-09 16:36:49,008 - DEBUG - Adjusting pump 0 speed to 10
2026-06-09 16:36:49,008 - DEBUG - Aspirating 0.104 mL then waiting 0.0 s
2026-06-09 16:36:49,008 - DEBUG - Applied dict param aspirate_speed=10
2026-06-09 16:36:49,008 - DEBUG - Applied dict param dispense_speed=10
2026-06-09 16:36:49,008 - DEBUG - Applied dict param aspirate_wait_time=0.0
2026-06-09 16:36:49,008 - DEBUG - Applied dict param dispense_wait_time=1.5
2026-06-09 16:36:49,008 - DEBUG - Applied dict param pre_asp_air_vol=0.0
2026-06-09 16:36:49,008 - DEBUG - Applied dict param retract_speed=5.0
2026-06-09 16:36:49,008 - DEBUG - Applied dict param blowout_vol=0.0
2026-06-09 16:36:49,008 - DEBUG - Applied dict param post_asp_air_vol=0.0
2026-06-09 16:36:49,009 - DEBUG - Applied dict param post_retract_wait_time=0.0
2026-06-09 16:36:49,009 - DEBUG - Applied dict param overaspirate_vol=0.004
2026-06-09 16:36:49,009 - DEBUG - Applied dict param asp_disp_cycles=0
2026-06-09 16:36:49,010 - INFO - Pipetting into vial ethanol, amount: 0.100 mL
2026-06-09 16:36:49,011 - INFO - Simulation mode - initial mass set to 0
2026-06-09 16:36:49,011 - DEBUG - Adjusting pump 0 speed to 10
2026-06-09 16:36:49,012 - DEBUG - Dispensing 0.104 mL then waiting 1.5 s
2026-06-09 16:36:49,012 - INFO - Simulation mode - final mass set to 0
2026-06-09 16:36:49,012 - INFO - Mass difference: 0.000000 g (target: 0.100 mL = ~0.100000 g for water)
2026-06-09 16:36:49,014 - DEBUG - Applied dict param aspirate_speed=10
2026-06-09 16:36:49,014 - DEBUG - Applied dict param dispense_speed=10
2026-06-09 16:36:49,014 - DEBUG - Applied dict param aspirate_wait_time=0.0
2026-06-09 16:36:49,014 - DEBUG - Applied dict param dispense_wait_time=1.5
2026-06-09 16:36:49,014 - DEBUG - Applied dict param pre_asp_air_vol=0.0
2026-06-09 16:36:49,014 - DEBUG - Applied dict param retract_speed=5.0
2026-06-09 16:36:49,014 - DEBUG - Applied dict param blowout_vol=0.0
2026-06-09 16:36:49,014 - DEBUG - Applied dict param post_asp_air_vol=0.0
2026-06-09 16:36:49,014 - DEBUG - Applied dict param post_retract_wait_time=0.0
2026-06-09 16:36:49,014 - DEBUG - Applied dict param overaspirate_vol=0.004
2026-06-09 16:36:49,014 - DEBUG - Applied dict param asp_disp_cycles=0
2026-06-09 16:36:49,014 - DEBUG - Selected small_tip for volume 0.100 mL
2026-06-09 16:36:49,014 - INFO - Pipetting from vial ethanol, amount: 0.100 mL
2026-06-09 16:36:49,014 - INFO - Additional volume from calibration, amount: 0.004 mL
2026-06-09 16:36:49,019 - DEBUG - Adjusting pump 0 speed to 10
2026-06-09 16:36:49,019 - DEBUG - Adjusting pump 0 speed to 10
2026-06-09 16:36:49,019 - DEBUG - Aspirating 0.104 mL then waiting 0.0 s
2026-06-09 16:36:49,019 - DEBUG - Applied dict param aspirate_speed=10
2026-06-09 16:36:49,019 - DEBUG - Applied dict param dispense_speed=10
2026-06-09 16:36:49,019 - DEBUG - Applied dict param aspirate_wait_time=0.0
2026-06-09 16:36:49,019 - DEBUG - Applied dict param dispense_wait_time=1.5
2026-06-09 16:36:49,019 - DEBUG - Applied dict param pre_asp_air_vol=0.0
2026-06-09 16:36:49,019 - DEBUG - Applied dict param retract_speed=5.0
2026-06-09 16:36:49,019 - DEBUG - Applied dict param blowout_vol=0.0
2026-06-09 16:36:49,019 - DEBUG - Applied dict param post_asp_air_vol=0.0
2026-06-09 16:36:49,019 - DEBUG - Applied dict param post_retract_wait_time=0.0
2026-06-09 16:36:49,019 - DEBUG - Applied dict param overaspirate_vol=0.004
2026-06-09 16:36:49,019 - DEBUG - Applied dict param asp_disp_cycles=0
2026-06-09 16:36:49,020 - INFO - Pipetting into vial ethanol, amount: 0.100 mL
2026-06-09 16:36:49,022 - INFO - Simulation mode - initial mass set to 0
2026-06-09 16:36:49,022 - DEBUG - Adjusting pump 0 speed to 10
2026-06-09 16:36:49,024 - DEBUG - Dispensing 0.104 mL then waiting 1.5 s
2026-06-09 16:36:49,024 - INFO - Simulation mode - final mass set to 0
2026-06-09 16:36:49,024 - INFO - Mass difference: 0.000000 g (target: 0.100 mL = ~0.100000 g for water)
2026-06-09 16:36:49,026 - DEBUG - Applied dict param aspirate_speed=10
2026-06-09 16:36:49,026 - DEBUG - Applied dict param dispense_speed=10
2026-06-09 16:36:49,027 - DEBUG - Applied dict param aspirate_wait_time=0.0
2026-06-09 16:36:49,027 - DEBUG - Applied dict param dispense_wait_time=1.5
2026-06-09 16:36:49,027 - DEBUG - Applied dict param pre_asp_air_vol=0.0
2026-06-09 16:36:49,027 - DEBUG - Applied dict param retract_speed=5.0
2026-06-09 16:36:49,027 - DEBUG - Applied dict param blowout_vol=0.0
2026-06-09 16:36:49,027 - DEBUG - Applied dict param post_asp_air_vol=0.0
2026-06-09 16:36:49,027 - DEBUG - Applied dict param post_retract_wait_time=0.0
2026-06-09 16:36:49,027 - DEBUG - Applied dict param overaspirate_vol=0.02127096782626009
2026-06-09 16:36:49,027 - DEBUG - Applied dict param asp_disp_cycles=0
2026-06-09 16:36:49,028 - DEBUG - Selected small_tip for volume 0.100 mL
2026-06-09 16:36:49,029 - INFO - Pipetting from vial ethanol, amount: 0.100 mL
2026-06-09 16:36:49,030 - INFO - Additional volume from calibration, amount: 0.021 mL
2026-06-09 16:36:49,032 - DEBUG - Adjusting pump 0 speed to 10
2026-06-09 16:36:49,032 - DEBUG - Adjusting pump 0 speed to 10
2026-06-09 16:36:49,032 - DEBUG - Aspirating 0.121 mL then waiting 0.0 s
2026-06-09 16:36:49,032 - DEBUG - Applied dict param aspirate_speed=10
2026-06-09 16:36:49,032 - DEBUG - Applied dict param dispense_speed=10
2026-06-09 16:36:49,032 - DEBUG - Applied dict param aspirate_wait_time=0.0
2026-06-09 16:36:49,032 - DEBUG - Applied dict param dispense_wait_time=1.5
2026-06-09 16:36:49,032 - DEBUG - Applied dict param pre_asp_air_vol=0.0
2026-06-09 16:36:49,033 - DEBUG - Applied dict param retract_speed=5.0
2026-06-09 16:36:49,033 - DEBUG - Applied dict param blowout_vol=0.0
2026-06-09 16:36:49,033 - DEBUG - Applied dict param post_asp_air_vol=0.0
2026-06-09 16:36:49,033 - DEBUG - Applied dict param post_retract_wait_time=0.0
2026-06-09 16:36:49,033 - DEBUG - Applied dict param overaspirate_vol=0.02127096782626009
2026-06-09 16:36:49,033 - DEBUG - Applied dict param asp_disp_cycles=0
2026-06-09 16:36:49,034 - INFO - Pipetting into vial ethanol, amount: 0.100 mL
2026-06-09 16:36:49,035 - INFO - Simulation mode - initial mass set to 0
2026-06-09 16:36:49,036 - DEBUG - Adjusting pump 0 speed to 10
2026-06-09 16:36:49,037 - DEBUG - Dispensing 0.121 mL then waiting 1.5 s
2026-06-09 16:36:49,037 - INFO - Simulation mode - final mass set to 0
2026-06-09 16:36:49,037 - INFO - Mass difference: 0.000000 g (target: 0.100 mL = ~0.100000 g for water)
2026-06-09 16:36:49,038 - DEBUG - Applied dict param aspirate_speed=10
2026-06-09 16:36:49,038 - DEBUG - Applied dict param dispense_speed=10
2026-06-09 16:36:49,038 - DEBUG - Applied dict param aspirate_wait_time=0.0
2026-06-09 16:36:49,038 - DEBUG - Applied dict param dispense_wait_time=1.5
2026-06-09 16:36:49,038 - DEBUG - Applied dict param pre_asp_air_vol=0.0
2026-06-09 16:36:49,038 - DEBUG - Applied dict param retract_speed=5.0
2026-06-09 16:36:49,039 - DEBUG - Applied dict param blowout_vol=0.0
2026-06-09 16:36:49,039 - DEBUG - Applied dict param post_asp_air_vol=0.0
2026-06-09 16:36:49,039 - DEBUG - Applied dict param post_retract_wait_time=0.0
2026-06-09 16:36:49,039 - DEBUG - Applied dict param overaspirate_vol=0.02127096782626009
2026-06-09 16:36:49,039 - DEBUG - Applied dict param asp_disp_cycles=0
2026-06-09 16:36:49,041 - DEBUG - Selected small_tip for volume 0.100 mL
2026-06-09 16:36:49,044 - INFO - Pipetting from vial ethanol, amount: 0.100 mL
2026-06-09 16:36:49,044 - INFO - Additional volume from calibration, amount: 0.021 mL
2026-06-09 16:36:49,046 - DEBUG - Adjusting pump 0 speed to 10
2026-06-09 16:36:49,046 - DEBUG - Adjusting pump 0 speed to 10
2026-06-09 16:36:49,047 - DEBUG - Aspirating 0.121 mL then waiting 0.0 s
2026-06-09 16:36:49,047 - DEBUG - Applied dict param aspirate_speed=10
2026-06-09 16:36:49,047 - DEBUG - Applied dict param dispense_speed=10
2026-06-09 16:36:49,047 - DEBUG - Applied dict param aspirate_wait_time=0.0
2026-06-09 16:36:49,047 - DEBUG - Applied dict param dispense_wait_time=1.5
2026-06-09 16:36:49,047 - DEBUG - Applied dict param pre_asp_air_vol=0.0
2026-06-09 16:36:49,047 - DEBUG - Applied dict param retract_speed=5.0
2026-06-09 16:36:49,047 - DEBUG - Applied dict param blowout_vol=0.0
2026-06-09 16:36:49,047 - DEBUG - Applied dict param post_asp_air_vol=0.0
2026-06-09 16:36:49,047 - DEBUG - Applied dict param post_retract_wait_time=0.0
2026-06-09 16:36:49,047 - DEBUG - Applied dict param overaspirate_vol=0.02127096782626009
2026-06-09 16:36:49,047 - DEBUG - Applied dict param asp_disp_cycles=0
2026-06-09 16:36:49,048 - INFO - Pipetting into vial ethanol, amount: 0.100 mL
2026-06-09 16:36:49,049 - INFO - Simulation mode - initial mass set to 0
2026-06-09 16:36:49,049 - DEBUG - Adjusting pump 0 speed to 10
2026-06-09 16:36:49,050 - DEBUG - Dispensing 0.121 mL then waiting 1.5 s
2026-06-09 16:36:49,050 - INFO - Simulation mode - final mass set to 0
2026-06-09 16:36:49,050 - INFO - Mass difference: 0.000000 g (target: 0.100 mL = ~0.100000 g for water)
2026-06-09 16:36:49,052 - DEBUG - Applied dict param aspirate_speed=10
2026-06-09 16:36:49,052 - DEBUG - Applied dict param dispense_speed=10
2026-06-09 16:36:49,052 - DEBUG - Applied dict param aspirate_wait_time=0.0
2026-06-09 16:36:49,052 - DEBUG - Applied dict param dispense_wait_time=1.5
2026-06-09 16:36:49,052 - DEBUG - Applied dict param pre_asp_air_vol=0.0
2026-06-09 16:36:49,052 - DEBUG - Applied dict param retract_speed=5.0
2026-06-09 16:36:49,052 - DEBUG - Applied dict param blowout_vol=0.0
2026-06-09 16:36:49,052 - DEBUG - Applied dict param post_asp_air_vol=0.0
2026-06-09 16:36:49,052 - DEBUG - Applied dict param post_retract_wait_time=0.0
2026-06-09 16:36:49,052 - DEBUG - Applied dict param overaspirate_vol=0.02127096782626009
2026-06-09 16:36:49,052 - DEBUG - Applied dict param asp_disp_cycles=0
2026-06-09 16:36:49,052 - DEBUG - Selected small_tip for volume 0.100 mL
2026-06-09 16:36:49,052 - INFO - Pipetting from vial ethanol, amount: 0.100 mL
2026-06-09 16:36:49,052 - INFO - Additional volume from calibration, amount: 0.021 mL
2026-06-09 16:36:49,058 - DEBUG - Adjusting pump 0 speed to 10
2026-06-09 16:36:49,058 - DEBUG - Adjusting pump 0 speed to 10
2026-06-09 16:36:49,058 - DEBUG - Aspirating 0.121 mL then waiting 0.0 s
2026-06-09 16:36:49,058 - DEBUG - Applied dict param aspirate_speed=10
2026-06-09 16:36:49,058 - DEBUG - Applied dict param dispense_speed=10
2026-06-09 16:36:49,058 - DEBUG - Applied dict param aspirate_wait_time=0.0
2026-06-09 16:36:49,058 - DEBUG - Applied dict param dispense_wait_time=1.5
2026-06-09 16:36:49,058 - DEBUG - Applied dict param pre_asp_air_vol=0.0
2026-06-09 16:36:49,060 - DEBUG - Applied dict param retract_speed=5.0
2026-06-09 16:36:49,060 - DEBUG - Applied dict param blowout_vol=0.0
2026-06-09 16:36:49,060 - DEBUG - Applied dict param post_asp_air_vol=0.0
2026-06-09 16:36:49,060 - DEBUG - Applied dict param post_retract_wait_time=0.0
2026-06-09 16:36:49,060 - DEBUG - Applied dict param overaspirate_vol=0.02127096782626009
2026-06-09 16:36:49,060 - DEBUG - Applied dict param asp_disp_cycles=0
2026-06-09 16:36:49,061 - INFO - Pipetting into vial ethanol, amount: 0.100 mL
2026-06-09 16:36:49,063 - INFO - Simulation mode - initial mass set to 0
2026-06-09 16:36:49,064 - DEBUG - Adjusting pump 0 speed to 10
2026-06-09 16:36:49,064 - DEBUG - Dispensing 0.121 mL then waiting 1.5 s
2026-06-09 16:36:49,064 - INFO - Simulation mode - final mass set to 0
2026-06-09 16:36:49,065 - INFO - Mass difference: 0.000000 g (target: 0.100 mL = ~0.100000 g for water)
2026-06-09 16:36:49,066 - DEBUG - Applied dict param aspirate_speed=10
2026-06-09 16:36:49,066 - DEBUG - Applied dict param dispense_speed=10
2026-06-09 16:36:49,066 - DEBUG - Applied dict param aspirate_wait_time=0.0
2026-06-09 16:36:49,066 - DEBUG - Applied dict param dispense_wait_time=1.5
2026-06-09 16:36:49,066 - DEBUG - Applied dict param pre_asp_air_vol=0.0
2026-06-09 16:36:49,066 - DEBUG - Applied dict param retract_speed=5.0
2026-06-09 16:36:49,066 - DEBUG - Applied dict param blowout_vol=0.0
2026-06-09 16:36:49,066 - DEBUG - Applied dict param post_asp_air_vol=0.0
2026-06-09 16:36:49,066 - DEBUG - Applied dict param post_retract_wait_time=0.0
2026-06-09 16:36:49,066 - DEBUG - Applied dict param overaspirate_vol=0.019560071569471933
2026-06-09 16:36:49,066 - DEBUG - Applied dict param asp_disp_cycles=0
2026-06-09 16:36:49,067 - DEBUG - Selected small_tip for volume 0.100 mL
2026-06-09 16:36:49,069 - INFO - Pipetting from vial ethanol, amount: 0.100 mL
2026-06-09 16:36:49,069 - INFO - Additional volume from calibration, amount: 0.020 mL
2026-06-09 16:36:49,071 - DEBUG - Adjusting pump 0 speed to 10
2026-06-09 16:36:49,071 - DEBUG - Adjusting pump 0 speed to 10
2026-06-09 16:36:49,072 - DEBUG - Aspirating 0.120 mL then waiting 0.0 s
2026-06-09 16:36:49,072 - DEBUG - Applied dict param aspirate_speed=10
2026-06-09 16:36:49,072 - DEBUG - Applied dict param dispense_speed=10
2026-06-09 16:36:49,072 - DEBUG - Applied dict param aspirate_wait_time=0.0
2026-06-09 16:36:49,072 - DEBUG - Applied dict param dispense_wait_time=1.5
2026-06-09 16:36:49,072 - DEBUG - Applied dict param pre_asp_air_vol=0.0
2026-06-09 16:36:49,072 - DEBUG - Applied dict param retract_speed=5.0
2026-06-09 16:36:49,072 - DEBUG - Applied dict param blowout_vol=0.0
2026-06-09 16:36:49,072 - DEBUG - Applied dict param post_asp_air_vol=0.0
2026-06-09 16:36:49,072 - DEBUG - Applied dict param post_retract_wait_time=0.0
2026-06-09 16:36:49,072 - DEBUG - Applied dict param overaspirate_vol=0.019560071569471933
2026-06-09 16:36:49,072 - DEBUG - Applied dict param asp_disp_cycles=0
2026-06-09 16:36:49,073 - INFO - Pipetting into vial ethanol, amount: 0.100 mL
2026-06-09 16:36:49,076 - INFO - Simulation mode - initial mass set to 0
2026-06-09 16:36:49,077 - DEBUG - Adjusting pump 0 speed to 10
2026-06-09 16:36:49,078 - DEBUG - Dispensing 0.120 mL then waiting 1.5 s
2026-06-09 16:36:49,078 - INFO - Simulation mode - final mass set to 0
2026-06-09 16:36:49,078 - INFO - Mass difference: 0.000000 g (target: 0.100 mL = ~0.100000 g for water)
2026-06-09 16:36:49,080 - DEBUG - Applied dict param aspirate_speed=10
2026-06-09 16:36:49,080 - DEBUG - Applied dict param dispense_speed=10
2026-06-09 16:36:49,080 - DEBUG - Applied dict param aspirate_wait_time=0.0
2026-06-09 16:36:49,080 - DEBUG - Applied dict param dispense_wait_time=1.5
2026-06-09 16:36:49,081 - DEBUG - Applied dict param pre_asp_air_vol=0.0
2026-06-09 16:36:49,081 - DEBUG - Applied dict param retract_speed=5.0
2026-06-09 16:36:49,081 - DEBUG - Applied dict param blowout_vol=0.0
2026-06-09 16:36:49,081 - DEBUG - Applied dict param post_asp_air_vol=0.0
2026-06-09 16:36:49,081 - DEBUG - Applied dict param post_retract_wait_time=0.0
2026-06-09 16:36:49,081 - DEBUG - Applied dict param overaspirate_vol=0.019560071569471933
2026-06-09 16:36:49,081 - DEBUG - Applied dict param asp_disp_cycles=0
2026-06-09 16:36:49,082 - DEBUG - Selected small_tip for volume 0.100 mL
2026-06-09 16:36:49,084 - INFO - Pipetting from vial ethanol, amount: 0.100 mL
2026-06-09 16:36:49,084 - INFO - Additional volume from calibration, amount: 0.020 mL
2026-06-09 16:36:49,086 - DEBUG - Adjusting pump 0 speed to 10
2026-06-09 16:36:49,086 - DEBUG - Adjusting pump 0 speed to 10
2026-06-09 16:36:49,086 - DEBUG - Aspirating 0.120 mL then waiting 0.0 s
2026-06-09 16:36:49,086 - DEBUG - Applied dict param aspirate_speed=10
2026-06-09 16:36:49,086 - DEBUG - Applied dict param dispense_speed=10
2026-06-09 16:36:49,087 - DEBUG - Applied dict param aspirate_wait_time=0.0
2026-06-09 16:36:49,087 - DEBUG - Applied dict param dispense_wait_time=1.5
2026-06-09 16:36:49,087 - DEBUG - Applied dict param pre_asp_air_vol=0.0
2026-06-09 16:36:49,087 - DEBUG - Applied dict param retract_speed=5.0
2026-06-09 16:36:49,087 - DEBUG - Applied dict param blowout_vol=0.0
2026-06-09 16:36:49,087 - DEBUG - Applied dict param post_asp_air_vol=0.0
2026-06-09 16:36:49,087 - DEBUG - Applied dict param post_retract_wait_time=0.0
2026-06-09 16:36:49,087 - DEBUG - Applied dict param overaspirate_vol=0.019560071569471933
2026-06-09 16:36:49,087 - DEBUG - Applied dict param asp_disp_cycles=0
2026-06-09 16:36:49,087 - INFO - Pipetting into vial ethanol, amount: 0.100 mL
2026-06-09 16:36:49,090 - INFO - Simulation mode - initial mass set to 0
2026-06-09 16:36:49,090 - DEBUG - Adjusting pump 0 speed to 10
2026-06-09 16:36:49,092 - DEBUG - Dispensing 0.120 mL then waiting 1.5 s
2026-06-09 16:36:49,092 - INFO - Simulation mode - final mass set to 0
2026-06-09 16:36:49,093 - INFO - Mass difference: 0.000000 g (target: 0.100 mL = ~0.100000 g for water)
2026-06-09 16:36:49,094 - DEBUG - Applied dict param aspirate_speed=10
2026-06-09 16:36:49,094 - DEBUG - Applied dict param dispense_speed=10
2026-06-09 16:36:49,094 - DEBUG - Applied dict param aspirate_wait_time=0.0
2026-06-09 16:36:49,094 - DEBUG - Applied dict param dispense_wait_time=1.5
2026-06-09 16:36:49,094 - DEBUG - Applied dict param pre_asp_air_vol=0.0
2026-06-09 16:36:49,094 - DEBUG - Applied dict param retract_speed=5.0
2026-06-09 16:36:49,094 - DEBUG - Applied dict param blowout_vol=0.0
2026-06-09 16:36:49,094 - DEBUG - Applied dict param post_asp_air_vol=0.0
2026-06-09 16:36:49,095 - DEBUG - Applied dict param post_retract_wait_time=0.0
2026-06-09 16:36:49,095 - DEBUG - Applied dict param overaspirate_vol=0.019560071569471933
2026-06-09 16:36:49,095 - DEBUG - Applied dict param asp_disp_cycles=0
2026-06-09 16:36:49,095 - DEBUG - Selected small_tip for volume 0.100 mL
2026-06-09 16:36:49,097 - INFO - Pipetting from vial ethanol, amount: 0.100 mL
2026-06-09 16:36:49,097 - INFO - Additional volume from calibration, amount: 0.020 mL
2026-06-09 16:36:49,100 - DEBUG - Adjusting pump 0 speed to 10
2026-06-09 16:36:49,100 - DEBUG - Adjusting pump 0 speed to 10
2026-06-09 16:36:49,100 - DEBUG - Aspirating 0.120 mL then waiting 0.0 s
2026-06-09 16:36:49,100 - DEBUG - Applied dict param aspirate_speed=10
2026-06-09 16:36:49,100 - DEBUG - Applied dict param dispense_speed=10
2026-06-09 16:36:49,100 - DEBUG - Applied dict param aspirate_wait_time=0.0
2026-06-09 16:36:49,100 - DEBUG - Applied dict param dispense_wait_time=1.5
2026-06-09 16:36:49,100 - DEBUG - Applied dict param pre_asp_air_vol=0.0
2026-06-09 16:36:49,100 - DEBUG - Applied dict param retract_speed=5.0
2026-06-09 16:36:49,100 - DEBUG - Applied dict param blowout_vol=0.0
2026-06-09 16:36:49,100 - DEBUG - Applied dict param post_asp_air_vol=0.0
2026-06-09 16:36:49,100 - DEBUG - Applied dict param post_retract_wait_time=0.0
2026-06-09 16:36:49,101 - DEBUG - Applied dict param overaspirate_vol=0.019560071569471933
2026-06-09 16:36:49,101 - DEBUG - Applied dict param asp_disp_cycles=0
2026-06-09 16:36:49,102 - INFO - Pipetting into vial ethanol, amount: 0.100 mL
2026-06-09 16:36:49,103 - INFO - Simulation mode - initial mass set to 0
2026-06-09 16:36:49,104 - DEBUG - Adjusting pump 0 speed to 10
2026-06-09 16:36:49,105 - DEBUG - Dispensing 0.120 mL then waiting 1.5 s
2026-06-09 16:36:49,105 - INFO - Simulation mode - final mass set to 0
2026-06-09 16:36:49,106 - INFO - Mass difference: 0.000000 g (target: 0.100 mL = ~0.100000 g for water)
2026-06-09 16:36:49,110 - DEBUG - Applied dict param aspirate_speed=10
2026-06-09 16:36:49,110 - DEBUG - Applied dict param dispense_speed=10
2026-06-09 16:36:49,110 - DEBUG - Applied dict param aspirate_wait_time=0.0
2026-06-09 16:36:49,110 - DEBUG - Applied dict param dispense_wait_time=1.5
2026-06-09 16:36:49,110 - DEBUG - Applied dict param pre_asp_air_vol=0.0
2026-06-09 16:36:49,110 - DEBUG - Applied dict param retract_speed=5.0
2026-06-09 16:36:49,110 - DEBUG - Applied dict param blowout_vol=0.0
2026-06-09 16:36:49,110 - DEBUG - Applied dict param post_asp_air_vol=0.0
2026-06-09 16:36:49,110 - DEBUG - Applied dict param post_retract_wait_time=0.0
2026-06-09 16:36:49,110 - DEBUG - Applied dict param overaspirate_vol=0.004
2026-06-09 16:36:49,110 - DEBUG - Applied dict param asp_disp_cycles=0
2026-06-09 16:36:49,111 - DEBUG - Selected small_tip for volume 0.150 mL
2026-06-09 16:36:49,111 - INFO - Pipetting from vial ethanol, amount: 0.150 mL
2026-06-09 16:36:49,111 - INFO - Additional volume from calibration, amount: 0.004 mL
2026-06-09 16:36:49,114 - DEBUG - Adjusting pump 0 speed to 10
2026-06-09 16:36:49,114 - DEBUG - Adjusting pump 0 speed to 10
2026-06-09 16:36:49,114 - DEBUG - Aspirating 0.154 mL then waiting 0.0 s
2026-06-09 16:36:49,115 - DEBUG - Applied dict param aspirate_speed=10
2026-06-09 16:36:49,115 - DEBUG - Applied dict param dispense_speed=10
2026-06-09 16:36:49,115 - DEBUG - Applied dict param aspirate_wait_time=0.0
2026-06-09 16:36:49,115 - DEBUG - Applied dict param dispense_wait_time=1.5
2026-06-09 16:36:49,115 - DEBUG - Applied dict param pre_asp_air_vol=0.0
2026-06-09 16:36:49,115 - DEBUG - Applied dict param retract_speed=5.0
2026-06-09 16:36:49,115 - DEBUG - Applied dict param blowout_vol=0.0
2026-06-09 16:36:49,115 - DEBUG - Applied dict param post_asp_air_vol=0.0
2026-06-09 16:36:49,115 - DEBUG - Applied dict param post_retract_wait_time=0.0
2026-06-09 16:36:49,115 - DEBUG - Applied dict param overaspirate_vol=0.004
2026-06-09 16:36:49,115 - DEBUG - Applied dict param asp_disp_cycles=0
2026-06-09 16:36:49,116 - INFO - Pipetting into vial ethanol, amount: 0.150 mL
2026-06-09 16:36:49,118 - INFO - Simulation mode - initial mass set to 0
2026-06-09 16:36:49,118 - DEBUG - Adjusting pump 0 speed to 10
2026-06-09 16:36:49,120 - DEBUG - Dispensing 0.154 mL then waiting 1.5 s
2026-06-09 16:36:49,120 - INFO - Simulation mode - final mass set to 0
2026-06-09 16:36:49,120 - INFO - Mass difference: 0.000000 g (target: 0.150 mL = ~0.150000 g for water)
2026-06-09 16:36:49,122 - DEBUG - Applied dict param aspirate_speed=10
2026-06-09 16:36:49,122 - DEBUG - Applied dict param dispense_speed=10
2026-06-09 16:36:49,122 - DEBUG - Applied dict param aspirate_wait_time=0.0
2026-06-09 16:36:49,123 - DEBUG - Applied dict param dispense_wait_time=1.5
2026-06-09 16:36:49,123 - DEBUG - Applied dict param pre_asp_air_vol=0.0
2026-06-09 16:36:49,123 - DEBUG - Applied dict param retract_speed=5.0
2026-06-09 16:36:49,123 - DEBUG - Applied dict param blowout_vol=0.0
2026-06-09 16:36:49,123 - DEBUG - Applied dict param post_asp_air_vol=0.0
2026-06-09 16:36:49,123 - DEBUG - Applied dict param post_retract_wait_time=0.0
2026-06-09 16:36:49,123 - DEBUG - Applied dict param overaspirate_vol=0.004
2026-06-09 16:36:49,123 - DEBUG - Applied dict param asp_disp_cycles=0
2026-06-09 16:36:49,124 - DEBUG - Selected small_tip for volume 0.150 mL
2026-06-09 16:36:49,125 - INFO - Pipetting from vial ethanol, amount: 0.150 mL
2026-06-09 16:36:49,125 - INFO - Additional volume from calibration, amount: 0.004 mL
2026-06-09 16:36:49,129 - DEBUG - Adjusting pump 0 speed to 10
2026-06-09 16:36:49,129 - DEBUG - Adjusting pump 0 speed to 10
2026-06-09 16:36:49,129 - DEBUG - Aspirating 0.154 mL then waiting 0.0 s
2026-06-09 16:36:49,130 - DEBUG - Applied dict param aspirate_speed=10
2026-06-09 16:36:49,130 - DEBUG - Applied dict param dispense_speed=10
2026-06-09 16:36:49,130 - DEBUG - Applied dict param aspirate_wait_time=0.0
2026-06-09 16:36:49,130 - DEBUG - Applied dict param dispense_wait_time=1.5
2026-06-09 16:36:49,130 - DEBUG - Applied dict param pre_asp_air_vol=0.0
2026-06-09 16:36:49,130 - DEBUG - Applied dict param retract_speed=5.0
2026-06-09 16:36:49,130 - DEBUG - Applied dict param blowout_vol=0.0
2026-06-09 16:36:49,130 - DEBUG - Applied dict param post_asp_air_vol=0.0
2026-06-09 16:36:49,130 - DEBUG - Applied dict param post_retract_wait_time=0.0
2026-06-09 16:36:49,130 - DEBUG - Applied dict param overaspirate_vol=0.004
2026-06-09 16:36:49,130 - DEBUG - Applied dict param asp_disp_cycles=0
2026-06-09 16:36:49,131 - INFO - Pipetting into vial ethanol, amount: 0.150 mL
2026-06-09 16:36:49,132 - INFO - Simulation mode - initial mass set to 0
2026-06-09 16:36:49,132 - DEBUG - Adjusting pump 0 speed to 10
2026-06-09 16:36:49,133 - DEBUG - Dispensing 0.154 mL then waiting 1.5 s
2026-06-09 16:36:49,133 - INFO - Simulation mode - final mass set to 0
2026-06-09 16:36:49,133 - INFO - Mass difference: 0.000000 g (target: 0.150 mL = ~0.150000 g for water)
2026-06-09 16:36:49,135 - DEBUG - Applied dict param aspirate_speed=10
2026-06-09 16:36:49,135 - DEBUG - Applied dict param dispense_speed=10
2026-06-09 16:36:49,135 - DEBUG - Applied dict param aspirate_wait_time=0.0
2026-06-09 16:36:49,135 - DEBUG - Applied dict param dispense_wait_time=1.5
2026-06-09 16:36:49,135 - DEBUG - Applied dict param pre_asp_air_vol=0.0
2026-06-09 16:36:49,135 - DEBUG - Applied dict param retract_speed=5.0
2026-06-09 16:36:49,135 - DEBUG - Applied dict param blowout_vol=0.0
2026-06-09 16:36:49,135 - DEBUG - Applied dict param post_asp_air_vol=0.0
2026-06-09 16:36:49,135 - DEBUG - Applied dict param post_retract_wait_time=0.0
2026-06-09 16:36:49,135 - DEBUG - Applied dict param overaspirate_vol=0.004
2026-06-09 16:36:49,135 - DEBUG - Applied dict param asp_disp_cycles=0
2026-06-09 16:36:49,136 - DEBUG - Selected small_tip for volume 0.150 mL
2026-06-09 16:36:49,138 - INFO - Pipetting from vial ethanol, amount: 0.150 mL
2026-06-09 16:36:49,138 - INFO - Additional volume from calibration, amount: 0.004 mL
2026-06-09 16:36:49,142 - DEBUG - Adjusting pump 0 speed to 10
2026-06-09 16:36:49,142 - DEBUG - Adjusting pump 0 speed to 10
2026-06-09 16:36:49,142 - DEBUG - Aspirating 0.154 mL then waiting 0.0 s
2026-06-09 16:36:49,142 - DEBUG - Applied dict param aspirate_speed=10
2026-06-09 16:36:49,142 - DEBUG - Applied dict param dispense_speed=10
2026-06-09 16:36:49,142 - DEBUG - Applied dict param aspirate_wait_time=0.0
2026-06-09 16:36:49,142 - DEBUG - Applied dict param dispense_wait_time=1.5
2026-06-09 16:36:49,142 - DEBUG - Applied dict param pre_asp_air_vol=0.0
2026-06-09 16:36:49,142 - DEBUG - Applied dict param retract_speed=5.0
2026-06-09 16:36:49,142 - DEBUG - Applied dict param blowout_vol=0.0
2026-06-09 16:36:49,142 - DEBUG - Applied dict param post_asp_air_vol=0.0
2026-06-09 16:36:49,142 - DEBUG - Applied dict param post_retract_wait_time=0.0
2026-06-09 16:36:49,142 - DEBUG - Applied dict param overaspirate_vol=0.004
2026-06-09 16:36:49,142 - DEBUG - Applied dict param asp_disp_cycles=0
2026-06-09 16:36:49,144 - INFO - Pipetting into vial ethanol, amount: 0.150 mL
2026-06-09 16:36:49,145 - INFO - Simulation mode - initial mass set to 0
2026-06-09 16:36:49,145 - DEBUG - Adjusting pump 0 speed to 10
2026-06-09 16:36:49,147 - DEBUG - Dispensing 0.154 mL then waiting 1.5 s
2026-06-09 16:36:49,147 - INFO - Simulation mode - final mass set to 0
2026-06-09 16:36:49,147 - INFO - Mass difference: 0.000000 g (target: 0.150 mL = ~0.150000 g for water)
2026-06-09 16:36:49,148 - DEBUG - Applied dict param aspirate_speed=10
2026-06-09 16:36:49,148 - DEBUG - Applied dict param dispense_speed=10
2026-06-09 16:36:49,148 - DEBUG - Applied dict param aspirate_wait_time=0.0
2026-06-09 16:36:49,148 - DEBUG - Applied dict param dispense_wait_time=1.5
2026-06-09 16:36:49,148 - DEBUG - Applied dict param pre_asp_air_vol=0.0
2026-06-09 16:36:49,148 - DEBUG - Applied dict param retract_speed=5.0
2026-06-09 16:36:49,148 - DEBUG - Applied dict param blowout_vol=0.0
2026-06-09 16:36:49,148 - DEBUG - Applied dict param post_asp_air_vol=0.0
2026-06-09 16:36:49,148 - DEBUG - Applied dict param post_retract_wait_time=0.0
2026-06-09 16:36:49,148 - DEBUG - Applied dict param overaspirate_vol=0.033040835062029573
2026-06-09 16:36:49,148 - DEBUG - Applied dict param asp_disp_cycles=0
2026-06-09 16:36:49,148 - DEBUG - Selected small_tip for volume 0.150 mL
2026-06-09 16:36:49,148 - INFO - Pipetting from vial ethanol, amount: 0.150 mL
2026-06-09 16:36:49,148 - INFO - Additional volume from calibration, amount: 0.033 mL
2026-06-09 16:36:49,154 - DEBUG - Adjusting pump 0 speed to 10
2026-06-09 16:36:49,156 - DEBUG - Adjusting pump 0 speed to 10
2026-06-09 16:36:49,156 - DEBUG - Aspirating 0.183 mL then waiting 0.0 s
2026-06-09 16:36:49,156 - DEBUG - Applied dict param aspirate_speed=10
2026-06-09 16:36:49,156 - DEBUG - Applied dict param dispense_speed=10
2026-06-09 16:36:49,156 - DEBUG - Applied dict param aspirate_wait_time=0.0
2026-06-09 16:36:49,156 - DEBUG - Applied dict param dispense_wait_time=1.5
2026-06-09 16:36:49,156 - DEBUG - Applied dict param pre_asp_air_vol=0.0
2026-06-09 16:36:49,157 - DEBUG - Applied dict param retract_speed=5.0
2026-06-09 16:36:49,157 - DEBUG - Applied dict param blowout_vol=0.0
2026-06-09 16:36:49,157 - DEBUG - Applied dict param post_asp_air_vol=0.0
2026-06-09 16:36:49,157 - DEBUG - Applied dict param post_retract_wait_time=0.0
2026-06-09 16:36:49,157 - DEBUG - Applied dict param overaspirate_vol=0.033040835062029573
2026-06-09 16:36:49,157 - DEBUG - Applied dict param asp_disp_cycles=0
2026-06-09 16:36:49,159 - INFO - Pipetting into vial ethanol, amount: 0.150 mL
2026-06-09 16:36:49,160 - INFO - Simulation mode - initial mass set to 0
2026-06-09 16:36:49,160 - DEBUG - Adjusting pump 0 speed to 10
2026-06-09 16:36:49,161 - DEBUG - Dispensing 0.183 mL then waiting 1.5 s
2026-06-09 16:36:49,161 - INFO - Simulation mode - final mass set to 0
2026-06-09 16:36:49,161 - INFO - Mass difference: 0.000000 g (target: 0.150 mL = ~0.150000 g for water)
2026-06-09 16:36:49,162 - DEBUG - Applied dict param aspirate_speed=10
2026-06-09 16:36:49,162 - DEBUG - Applied dict param dispense_speed=10
2026-06-09 16:36:49,162 - DEBUG - Applied dict param aspirate_wait_time=0.0
2026-06-09 16:36:49,162 - DEBUG - Applied dict param dispense_wait_time=1.5
2026-06-09 16:36:49,162 - DEBUG - Applied dict param pre_asp_air_vol=0.0
2026-06-09 16:36:49,162 - DEBUG - Applied dict param retract_speed=5.0
2026-06-09 16:36:49,162 - DEBUG - Applied dict param blowout_vol=0.0
2026-06-09 16:36:49,162 - DEBUG - Applied dict param post_asp_air_vol=0.0
2026-06-09 16:36:49,162 - DEBUG - Applied dict param post_retract_wait_time=0.0
2026-06-09 16:36:49,164 - DEBUG - Applied dict param overaspirate_vol=0.033040835062029573
2026-06-09 16:36:49,164 - DEBUG - Applied dict param asp_disp_cycles=0
2026-06-09 16:36:49,165 - DEBUG - Selected small_tip for volume 0.150 mL
2026-06-09 16:36:49,167 - INFO - Pipetting from vial ethanol, amount: 0.150 mL
2026-06-09 16:36:49,167 - INFO - Additional volume from calibration, amount: 0.033 mL
2026-06-09 16:36:49,168 - DEBUG - Adjusting pump 0 speed to 10
2026-06-09 16:36:49,169 - DEBUG - Adjusting pump 0 speed to 10
2026-06-09 16:36:49,169 - DEBUG - Aspirating 0.183 mL then waiting 0.0 s
2026-06-09 16:36:49,169 - DEBUG - Applied dict param aspirate_speed=10
2026-06-09 16:36:49,169 - DEBUG - Applied dict param dispense_speed=10
2026-06-09 16:36:49,169 - DEBUG - Applied dict param aspirate_wait_time=0.0
2026-06-09 16:36:49,169 - DEBUG - Applied dict param dispense_wait_time=1.5
2026-06-09 16:36:49,169 - DEBUG - Applied dict param pre_asp_air_vol=0.0
2026-06-09 16:36:49,169 - DEBUG - Applied dict param retract_speed=5.0
2026-06-09 16:36:49,169 - DEBUG - Applied dict param blowout_vol=0.0
2026-06-09 16:36:49,169 - DEBUG - Applied dict param post_asp_air_vol=0.0
2026-06-09 16:36:49,169 - DEBUG - Applied dict param post_retract_wait_time=0.0
2026-06-09 16:36:49,169 - DEBUG - Applied dict param overaspirate_vol=0.033040835062029573
2026-06-09 16:36:49,169 - DEBUG - Applied dict param asp_disp_cycles=0
2026-06-09 16:36:49,171 - INFO - Pipetting into vial ethanol, amount: 0.150 mL
2026-06-09 16:36:49,173 - INFO - Simulation mode - initial mass set to 0
2026-06-09 16:36:49,173 - DEBUG - Adjusting pump 0 speed to 10
2026-06-09 16:36:49,173 - DEBUG - Dispensing 0.183 mL then waiting 1.5 s
2026-06-09 16:36:49,175 - INFO - Simulation mode - final mass set to 0
2026-06-09 16:36:49,176 - INFO - Mass difference: 0.000000 g (target: 0.150 mL = ~0.150000 g for water)
2026-06-09 16:36:49,177 - DEBUG - Applied dict param aspirate_speed=10
2026-06-09 16:36:49,177 - DEBUG - Applied dict param dispense_speed=10
2026-06-09 16:36:49,177 - DEBUG - Applied dict param aspirate_wait_time=0.0
2026-06-09 16:36:49,177 - DEBUG - Applied dict param dispense_wait_time=1.5
2026-06-09 16:36:49,177 - DEBUG - Applied dict param pre_asp_air_vol=0.0
2026-06-09 16:36:49,177 - DEBUG - Applied dict param retract_speed=5.0
2026-06-09 16:36:49,177 - DEBUG - Applied dict param blowout_vol=0.0
2026-06-09 16:36:49,177 - DEBUG - Applied dict param post_asp_air_vol=0.0
2026-06-09 16:36:49,177 - DEBUG - Applied dict param post_retract_wait_time=0.0
2026-06-09 16:36:49,177 - DEBUG - Applied dict param overaspirate_vol=0.033040835062029573
2026-06-09 16:36:49,177 - DEBUG - Applied dict param asp_disp_cycles=0
2026-06-09 16:36:49,178 - DEBUG - Selected small_tip for volume 0.150 mL
2026-06-09 16:36:49,180 - INFO - Pipetting from vial ethanol, amount: 0.150 mL
2026-06-09 16:36:49,180 - INFO - Additional volume from calibration, amount: 0.033 mL
2026-06-09 16:36:49,181 - DEBUG - Adjusting pump 0 speed to 10
2026-06-09 16:36:49,181 - DEBUG - Adjusting pump 0 speed to 10
2026-06-09 16:36:49,181 - DEBUG - Aspirating 0.183 mL then waiting 0.0 s
2026-06-09 16:36:49,183 - DEBUG - Applied dict param aspirate_speed=10
2026-06-09 16:36:49,183 - DEBUG - Applied dict param dispense_speed=10
2026-06-09 16:36:49,183 - DEBUG - Applied dict param aspirate_wait_time=0.0
2026-06-09 16:36:49,183 - DEBUG - Applied dict param dispense_wait_time=1.5
2026-06-09 16:36:49,183 - DEBUG - Applied dict param pre_asp_air_vol=0.0
2026-06-09 16:36:49,183 - DEBUG - Applied dict param retract_speed=5.0
2026-06-09 16:36:49,183 - DEBUG - Applied dict param blowout_vol=0.0
2026-06-09 16:36:49,183 - DEBUG - Applied dict param post_asp_air_vol=0.0
2026-06-09 16:36:49,183 - DEBUG - Applied dict param post_retract_wait_time=0.0
2026-06-09 16:36:49,183 - DEBUG - Applied dict param overaspirate_vol=0.033040835062029573
2026-06-09 16:36:49,183 - DEBUG - Applied dict param asp_disp_cycles=0
2026-06-09 16:36:49,184 - INFO - Pipetting into vial ethanol, amount: 0.150 mL
2026-06-09 16:36:49,185 - INFO - Simulation mode - initial mass set to 0
2026-06-09 16:36:49,185 - DEBUG - Adjusting pump 0 speed to 10
2026-06-09 16:36:49,186 - DEBUG - Dispensing 0.183 mL then waiting 1.5 s
2026-06-09 16:36:49,186 - INFO - Simulation mode - final mass set to 0
2026-06-09 16:36:49,186 - INFO - Mass difference: 0.000000 g (target: 0.150 mL = ~0.150000 g for water)
2026-06-09 16:36:49,187 - DEBUG - Applied dict param aspirate_speed=10
2026-06-09 16:36:49,187 - DEBUG - Applied dict param dispense_speed=10
2026-06-09 16:36:49,187 - DEBUG - Applied dict param aspirate_wait_time=0.0
2026-06-09 16:36:49,187 - DEBUG - Applied dict param dispense_wait_time=1.5
2026-06-09 16:36:49,187 - DEBUG - Applied dict param pre_asp_air_vol=0.0
2026-06-09 16:36:49,187 - DEBUG - Applied dict param retract_speed=5.0
2026-06-09 16:36:49,187 - DEBUG - Applied dict param blowout_vol=0.0
2026-06-09 16:36:49,187 - DEBUG - Applied dict param post_asp_air_vol=0.0
2026-06-09 16:36:49,188 - DEBUG - Applied dict param post_retract_wait_time=0.0
2026-06-09 16:36:49,188 - DEBUG - Applied dict param overaspirate_vol=0.030853546807720542
2026-06-09 16:36:49,188 - DEBUG - Applied dict param asp_disp_cycles=0
2026-06-09 16:36:49,189 - DEBUG - Selected small_tip for volume 0.150 mL
2026-06-09 16:36:49,194 - INFO - Pipetting from vial ethanol, amount: 0.150 mL
2026-06-09 16:36:49,195 - INFO - Additional volume from calibration, amount: 0.031 mL
2026-06-09 16:36:49,196 - DEBUG - Adjusting pump 0 speed to 10
2026-06-09 16:36:49,197 - DEBUG - Adjusting pump 0 speed to 10
2026-06-09 16:36:49,197 - DEBUG - Aspirating 0.181 mL then waiting 0.0 s
2026-06-09 16:36:49,197 - DEBUG - Applied dict param aspirate_speed=10
2026-06-09 16:36:49,197 - DEBUG - Applied dict param dispense_speed=10
2026-06-09 16:36:49,197 - DEBUG - Applied dict param aspirate_wait_time=0.0
2026-06-09 16:36:49,197 - DEBUG - Applied dict param dispense_wait_time=1.5
2026-06-09 16:36:49,197 - DEBUG - Applied dict param pre_asp_air_vol=0.0
2026-06-09 16:36:49,197 - DEBUG - Applied dict param retract_speed=5.0
2026-06-09 16:36:49,197 - DEBUG - Applied dict param blowout_vol=0.0
2026-06-09 16:36:49,197 - DEBUG - Applied dict param post_asp_air_vol=0.0
2026-06-09 16:36:49,197 - DEBUG - Applied dict param post_retract_wait_time=0.0
2026-06-09 16:36:49,197 - DEBUG - Applied dict param overaspirate_vol=0.030853546807720542
2026-06-09 16:36:49,197 - DEBUG - Applied dict param asp_disp_cycles=0
2026-06-09 16:36:49,198 - INFO - Pipetting into vial ethanol, amount: 0.150 mL
2026-06-09 16:36:49,198 - INFO - Simulation mode - initial mass set to 0
2026-06-09 16:36:49,200 - DEBUG - Adjusting pump 0 speed to 10
2026-06-09 16:36:49,200 - DEBUG - Dispensing 0.181 mL then waiting 1.5 s
2026-06-09 16:36:49,200 - INFO - Simulation mode - final mass set to 0
2026-06-09 16:36:49,200 - INFO - Mass difference: 0.000000 g (target: 0.150 mL = ~0.150000 g for water)
2026-06-09 16:36:49,202 - DEBUG - Applied dict param aspirate_speed=10
2026-06-09 16:36:49,202 - DEBUG - Applied dict param dispense_speed=10
2026-06-09 16:36:49,202 - DEBUG - Applied dict param aspirate_wait_time=0.0
2026-06-09 16:36:49,202 - DEBUG - Applied dict param dispense_wait_time=1.5
2026-06-09 16:36:49,202 - DEBUG - Applied dict param pre_asp_air_vol=0.0
2026-06-09 16:36:49,202 - DEBUG - Applied dict param retract_speed=5.0
2026-06-09 16:36:49,202 - DEBUG - Applied dict param blowout_vol=0.0
2026-06-09 16:36:49,202 - DEBUG - Applied dict param post_asp_air_vol=0.0
2026-06-09 16:36:49,202 - DEBUG - Applied dict param post_retract_wait_time=0.0
2026-06-09 16:36:49,202 - DEBUG - Applied dict param overaspirate_vol=0.030853546807720542
2026-06-09 16:36:49,202 - DEBUG - Applied dict param asp_disp_cycles=0
2026-06-09 16:36:49,203 - DEBUG - Selected small_tip for volume 0.150 mL
2026-06-09 16:36:49,205 - INFO - Pipetting from vial ethanol, amount: 0.150 mL
2026-06-09 16:36:49,205 - INFO - Additional volume from calibration, amount: 0.031 mL
2026-06-09 16:36:49,207 - DEBUG - Adjusting pump 0 speed to 10
2026-06-09 16:36:49,207 - DEBUG - Adjusting pump 0 speed to 10
2026-06-09 16:36:49,207 - DEBUG - Aspirating 0.181 mL then waiting 0.0 s
2026-06-09 16:36:49,207 - DEBUG - Applied dict param aspirate_speed=10
2026-06-09 16:36:49,207 - DEBUG - Applied dict param dispense_speed=10
2026-06-09 16:36:49,207 - DEBUG - Applied dict param aspirate_wait_time=0.0
2026-06-09 16:36:49,207 - DEBUG - Applied dict param dispense_wait_time=1.5
2026-06-09 16:36:49,207 - DEBUG - Applied dict param pre_asp_air_vol=0.0
2026-06-09 16:36:49,207 - DEBUG - Applied dict param retract_speed=5.0
2026-06-09 16:36:49,207 - DEBUG - Applied dict param blowout_vol=0.0
2026-06-09 16:36:49,207 - DEBUG - Applied dict param post_asp_air_vol=0.0
2026-06-09 16:36:49,207 - DEBUG - Applied dict param post_retract_wait_time=0.0
2026-06-09 16:36:49,207 - DEBUG - Applied dict param overaspirate_vol=0.030853546807720542
2026-06-09 16:36:49,207 - DEBUG - Applied dict param asp_disp_cycles=0
2026-06-09 16:36:49,211 - INFO - Pipetting into vial ethanol, amount: 0.150 mL
2026-06-09 16:36:49,213 - INFO - Simulation mode - initial mass set to 0
2026-06-09 16:36:49,213 - DEBUG - Adjusting pump 0 speed to 10
2026-06-09 16:36:49,214 - DEBUG - Dispensing 0.181 mL then waiting 1.5 s
2026-06-09 16:36:49,214 - INFO - Simulation mode - final mass set to 0
2026-06-09 16:36:49,214 - INFO - Mass difference: 0.000000 g (target: 0.150 mL = ~0.150000 g for water)
2026-06-09 16:36:49,215 - DEBUG - Applied dict param aspirate_speed=10
2026-06-09 16:36:49,215 - DEBUG - Applied dict param dispense_speed=10
2026-06-09 16:36:49,215 - DEBUG - Applied dict param aspirate_wait_time=0.0
2026-06-09 16:36:49,215 - DEBUG - Applied dict param dispense_wait_time=1.5
2026-06-09 16:36:49,215 - DEBUG - Applied dict param pre_asp_air_vol=0.0
2026-06-09 16:36:49,215 - DEBUG - Applied dict param retract_speed=5.0
2026-06-09 16:36:49,215 - DEBUG - Applied dict param blowout_vol=0.0
2026-06-09 16:36:49,215 - DEBUG - Applied dict param post_asp_air_vol=0.0
2026-06-09 16:36:49,215 - DEBUG - Applied dict param post_retract_wait_time=0.0
2026-06-09 16:36:49,215 - DEBUG - Applied dict param overaspirate_vol=0.030853546807720542
2026-06-09 16:36:49,215 - DEBUG - Applied dict param asp_disp_cycles=0
2026-06-09 16:36:49,215 - DEBUG - Selected small_tip for volume 0.150 mL
2026-06-09 16:36:49,215 - INFO - Pipetting from vial ethanol, amount: 0.150 mL
2026-06-09 16:36:49,215 - INFO - Additional volume from calibration, amount: 0.031 mL
2026-06-09 16:36:49,222 - DEBUG - Adjusting pump 0 speed to 10
2026-06-09 16:36:49,222 - DEBUG - Adjusting pump 0 speed to 10
2026-06-09 16:36:49,223 - DEBUG - Aspirating 0.181 mL then waiting 0.0 s
2026-06-09 16:36:49,223 - DEBUG - Applied dict param aspirate_speed=10
2026-06-09 16:36:49,223 - DEBUG - Applied dict param dispense_speed=10
2026-06-09 16:36:49,223 - DEBUG - Applied dict param aspirate_wait_time=0.0
2026-06-09 16:36:49,223 - DEBUG - Applied dict param dispense_wait_time=1.5
2026-06-09 16:36:49,223 - DEBUG - Applied dict param pre_asp_air_vol=0.0
2026-06-09 16:36:49,223 - DEBUG - Applied dict param retract_speed=5.0
2026-06-09 16:36:49,223 - DEBUG - Applied dict param blowout_vol=0.0
2026-06-09 16:36:49,223 - DEBUG - Applied dict param post_asp_air_vol=0.0
2026-06-09 16:36:49,223 - DEBUG - Applied dict param post_retract_wait_time=0.0
2026-06-09 16:36:49,223 - DEBUG - Applied dict param overaspirate_vol=0.030853546807720542
2026-06-09 16:36:49,223 - DEBUG - Applied dict param asp_disp_cycles=0
2026-06-09 16:36:49,226 - INFO - Pipetting into vial ethanol, amount: 0.150 mL
2026-06-09 16:36:49,227 - INFO - Simulation mode - initial mass set to 0
2026-06-09 16:36:49,227 - DEBUG - Adjusting pump 0 speed to 10
2026-06-09 16:36:49,228 - DEBUG - Dispensing 0.181 mL then waiting 1.5 s
2026-06-09 16:36:49,228 - INFO - Simulation mode - final mass set to 0
2026-06-09 16:36:49,228 - INFO - Mass difference: 0.000000 g (target: 0.150 mL = ~0.150000 g for water)
2026-06-09 16:36:49,231 - INFO - Removing pipet
2026-06-09 16:36:49,232 - INFO - Returning vial ethanol to home location: main_8mL_rack index 36
2026-06-09 16:36:49,234 - INFO - Moving vial ethanol to main_8mL_rack: 36
2026-06-09 16:36:49,234 - DEBUG - Grabbing vial 0 with index 0
2026-06-09 16:36:49,235 - DEBUG - Dropping off vial 0 at location main_8mL_rack with index 36
2026-06-09 16:36:49,236 - INFO - Moving robot to home position
