2026-03-30 11:44:14,269 - DEBUG - No workflow config provided - using default initialization
2026-03-30 11:44:14,269 - INFO - GUI disabled - skipping status review, proceeding directly to hardware initialization
2026-03-30 11:44:14,739 - INFO - Initializing North Robot...
2026-03-30 11:44:14,739 - DEBUG - Loading robot configuration files...
2026-03-30 11:44:14,760 - DEBUG - Loaded vial positions configuration from robot_state/vial_positions.yaml
2026-03-30 11:44:14,761 - DEBUG - Loaded pipet tips configuration from robot_state/pipet_tips.yaml
2026-03-30 11:44:14,761 - DEBUG - Loaded pipet racks configuration from robot_state/pipet_racks.yaml
2026-03-30 11:44:14,761 - DEBUG - Loaded pump configuration from robot_state/syringe_pumps.yaml
2026-03-30 11:44:14,772 - DEBUG - Loaded robot hardware configuration from robot_state/robot_hardware.yaml
2026-03-30 11:44:14,776 - DEBUG - Loaded wellplate properties configuration from robot_state/wellplates.yaml
2026-03-30 11:44:14,776 - DEBUG - Loading robot state files...
2026-03-30 11:44:14,776 - INFO - No vial file provided - operating without vial tracking
2026-03-30 11:44:14,776 - DEBUG - Loaded robot status from robot_state/robot_status.yaml
2026-03-30 11:44:14,776 - DEBUG - Loaded wellplate positions from robot_state/wellplates.yaml
2026-03-30 11:44:14,776 - DEBUG - Robot status loaded successfully
2026-03-30 11:44:14,776 - INFO - Physical initialization of North Robot...
2026-03-30 11:44:18,270 - DEBUG - Loading pumps from YAML configuration...
2026-03-30 11:44:18,381 - DEBUG - Loaded pump 0: volume=1.0mL, speed=11, liquid=None
2026-03-30 11:44:18,485 - DEBUG - Loaded pump 1: volume=2.5mL, speed=15, liquid=water
2026-03-30 11:44:18,485 - INFO - Moving robot to home position
2026-03-30 11:44:21,607 - DEBUG - Initializing centrifuge controller...
2026-03-30 11:44:21,608 - INFO - Initializing North Track...
2026-03-30 11:44:21,608 - DEBUG - Loading track status from file: robot_state/track_status.yaml
2026-03-30 11:44:21,608 - DEBUG - Getting track status from file: robot_state/track_status.yaml
2026-03-30 11:44:21,610 - DEBUG - Loaded track status from robot_state/track_status.yaml
2026-03-30 11:44:21,610 - DEBUG - Loading track positions from: robot_state/track_positions.yaml
2026-03-30 11:44:21,617 - DEBUG - Loaded track positions configuration from robot_state/track_positions.yaml
2026-03-30 11:44:21,617 - DEBUG - Loading robot hardware configuration from: robot_state/robot_hardware.yaml
2026-03-30 11:44:21,620 - DEBUG - Loaded robot hardware configuration from robot_state/robot_hardware.yaml
2026-03-30 11:44:21,624 - DEBUG - Loaded wellplate properties configuration from robot_state/wellplates.yaml
2026-03-30 11:44:21,696 - DEBUG - Moving North Track to home position
2026-03-30 11:44:21,696 - DEBUG - Detected origin position (0,0) - setting location to 'origin'
2026-03-30 11:44:21,697 - DEBUG - Updated gripper location to: origin at position {'x': 0, 'z': 0}
