2025-10-17 16:18:16,889 - INFO - Initializing North Robot...
2025-10-17 16:18:16,889 - DEBUG - Loading robot configuration files...
2025-10-17 16:18:16,889 - DEBUG - Loaded vial positions configuration from robot_state/vial_positions.yaml
2025-10-17 16:18:16,899 - DEBUG - Loaded pipet tips configuration from robot_state/pipet_tips.yaml
2025-10-17 16:18:16,906 - DEBUG - Loaded pipet racks configuration from robot_state/pipet_racks.yaml
2025-10-17 16:18:16,908 - DEBUG - Loaded pump configuration from robot_state/syringe_pumps.yaml
2025-10-17 16:18:16,913 - DEBUG - Loaded robot hardware configuration from robot_state/robot_hardware.yaml
2025-10-17 16:18:16,916 - DEBUG - Loaded wellplate properties configuration from robot_state/wellplates.yaml
2025-10-17 16:18:16,916 - DEBUG - Loading robot state files...
2025-10-17 16:18:16,920 - DEBUG - Loaded vial data from status/calibration_vials_short.csv
2025-10-17 16:18:16,920 - DEBUG - Loaded robot status from robot_state/robot_status.yaml
2025-10-17 16:18:16,920 - DEBUG - Loaded wellplate positions from robot_state/wellplates.yaml
2025-10-17 16:18:16,920 - DEBUG - Robot status loaded successfully
2025-10-17 16:18:16,920 - DEBUG - Loading pumps from YAML configuration...
2025-10-17 16:18:16,920 - DEBUG - Loaded pump 0: volume=1.0mL, speed=11, liquid=None
2025-10-17 16:18:16,920 - DEBUG - Loaded pump 1: volume=2.5mL, speed=15, liquid=water
2025-10-17 16:18:16,920 - DEBUG - Physical initialization of North Robot...
2025-10-17 16:18:16,920 - INFO - Moving robot to home position
2025-10-17 16:18:16,928 - INFO - Initializing North Track...
2025-10-17 16:18:16,928 - DEBUG - Loading track status from file: robot_state/track_status.yaml
2025-10-17 16:18:16,928 - DEBUG - Getting track status from file: robot_state/track_status.yaml
2025-10-17 16:18:16,929 - DEBUG - Loaded track status from robot_state/track_status.yaml
2025-10-17 16:18:16,929 - DEBUG - Loading track positions from: robot_state/track_positions.yaml
2025-10-17 16:18:16,930 - DEBUG - Loaded track positions configuration from robot_state/track_positions.yaml
2025-10-17 16:18:16,930 - DEBUG - Loading robot hardware configuration from: robot_state/robot_hardware.yaml
2025-10-17 16:18:16,930 - DEBUG - Loaded robot hardware configuration from robot_state/robot_hardware.yaml
2025-10-17 16:18:16,930 - DEBUG - Loaded wellplate properties configuration from robot_state/wellplates.yaml
2025-10-17 16:18:16,930 - DEBUG - Moving North Track to home position
2025-10-17 16:18:16,930 - INFO -     vial_index           vial_name         location  location_index  vial_volume  capped cap_type vial_type    home_location  home_location_index
0            0  measurement_vial_0    main_8mL_rack               0     7.047348    True     open      8_mL    main_8mL_rack                    0
1            1  measurement_vial_1    main_8mL_rack               1     7.120276    True     open      8_mL    main_8mL_rack                    1
2            2  measurement_vial_2    main_8mL_rack               2     7.074795    True     open      8_mL    main_8mL_rack                    2
3            3  measurement_vial_3    main_8mL_rack               3     7.109268    True     open      8_mL    main_8mL_rack                    3
4            4  measurement_vial_4    main_8mL_rack               4     7.111734    True     open      8_mL    main_8mL_rack                    4
5            5  measurement_vial_5    main_8mL_rack               5     7.079070    True     open      8_mL    main_8mL_rack                    5
6            6  measurement_vial_6    main_8mL_rack               6     4.043972    True     open      8_mL    main_8mL_rack                    6
7            7  measurement_vial_7    main_8mL_rack               7     0.000000    True     open      8_mL    main_8mL_rack                    7
8            8  measurement_vial_8    main_8mL_rack               8     0.000000    True     open      8_mL    main_8mL_rack                    8
9            9  measurement_vial_9    main_8mL_rack               9     0.000000    True     open      8_mL    main_8mL_rack                    9
10          10       liquid_source   50mL_vial_rack               0     3.413538    True     open     50_mL   50mL_vial_rack                    0
11          11     liquid_source_2  large_vial_rack               2    20.000000    True     open     20_mL  large_vial_rack                    2
2025-10-17 16:18:16,963 - INFO - Visualizing vial racks...
2025-10-17 16:18:17,142 - DEBUG - Visualizing rack: Main Rack with filter: main_8mL_rack
2025-10-17 16:18:17,236 - DEBUG - Visualizing rack: Second Rack with filter: large_vial_rack
2025-10-17 16:18:18,373 - INFO - Moving vial measurement_vial_0 to clamp: 0
2025-10-17 16:18:18,375 - DEBUG - Grabbing vial 0 with index 0
2025-10-17 16:18:18,379 - DEBUG - Dropping off vial 0 at location clamp with index 0
2025-10-17 16:18:18,385 - DEBUG - Selected small_tip for volume 0.050 mL
2025-10-17 16:18:18,542 - INFO - Removing pipet
2025-10-17 16:18:18,556 - INFO - Returning vial measurement_vial_0 to home location: main_8mL_rack index 0
2025-10-17 16:18:18,561 - INFO - Moving vial measurement_vial_0 to main_8mL_rack: 0
2025-10-17 16:18:18,566 - DEBUG - Grabbing vial 0 with index 0
2025-10-17 16:18:18,568 - DEBUG - Dropping off vial 0 at location main_8mL_rack with index 0
2025-10-17 16:18:18,569 - INFO - [info] Switching to new measurement vial: measurement_vial_1
2025-10-17 16:18:18,574 - INFO - Moving vial measurement_vial_1 to clamp: 0
2025-10-17 16:18:18,577 - DEBUG - Grabbing vial 1 with index 1
2025-10-17 16:18:18,583 - DEBUG - Dropping off vial 1 at location clamp with index 0
2025-10-17 16:18:18,798 - INFO - Removing pipet
2025-10-17 16:18:18,800 - INFO - Returning vial measurement_vial_1 to home location: main_8mL_rack index 1
2025-10-17 16:18:18,801 - INFO - Moving vial measurement_vial_1 to main_8mL_rack: 1
2025-10-17 16:18:18,801 - DEBUG - Grabbing vial 1 with index 1
2025-10-17 16:18:18,802 - DEBUG - Dropping off vial 1 at location main_8mL_rack with index 1
2025-10-17 16:18:18,803 - INFO - [info] Switching to new measurement vial: measurement_vial_2
2025-10-17 16:18:18,804 - INFO - Moving vial measurement_vial_2 to clamp: 0
2025-10-17 16:18:18,804 - DEBUG - Grabbing vial 2 with index 2
2025-10-17 16:18:18,807 - DEBUG - Dropping off vial 2 at location clamp with index 0
2025-10-17 16:18:19,025 - INFO - Removing pipet
2025-10-17 16:18:19,028 - INFO - Returning vial measurement_vial_2 to home location: main_8mL_rack index 2
2025-10-17 16:18:19,029 - INFO - Moving vial measurement_vial_2 to main_8mL_rack: 2
2025-10-17 16:18:19,029 - DEBUG - Grabbing vial 2 with index 2
2025-10-17 16:18:19,032 - DEBUG - Dropping off vial 2 at location main_8mL_rack with index 2
2025-10-17 16:18:19,032 - INFO - [info] Switching to new measurement vial: measurement_vial_3
2025-10-17 16:18:19,034 - INFO - Moving vial measurement_vial_3 to clamp: 0
2025-10-17 16:18:19,034 - DEBUG - Grabbing vial 3 with index 3
2025-10-17 16:18:19,035 - DEBUG - Dropping off vial 3 at location clamp with index 0
2025-10-17 16:18:19,255 - INFO - Removing pipet
2025-10-17 16:18:19,256 - INFO - Returning vial measurement_vial_3 to home location: main_8mL_rack index 3
2025-10-17 16:18:19,257 - INFO - Moving vial measurement_vial_3 to main_8mL_rack: 3
2025-10-17 16:18:19,258 - DEBUG - Grabbing vial 3 with index 3
2025-10-17 16:18:19,259 - DEBUG - Dropping off vial 3 at location main_8mL_rack with index 3
2025-10-17 16:18:19,259 - INFO - [info] Switching to new measurement vial: measurement_vial_4
2025-10-17 16:18:19,260 - INFO - Moving vial measurement_vial_4 to clamp: 0
2025-10-17 16:18:19,261 - DEBUG - Grabbing vial 4 with index 4
2025-10-17 16:18:19,263 - DEBUG - Dropping off vial 4 at location clamp with index 0
2025-10-17 16:18:19,489 - INFO - Removing pipet
2025-10-17 16:18:19,491 - INFO - Returning vial measurement_vial_4 to home location: main_8mL_rack index 4
2025-10-17 16:18:19,492 - INFO - Moving vial measurement_vial_4 to main_8mL_rack: 4
2025-10-17 16:18:19,493 - DEBUG - Grabbing vial 4 with index 4
2025-10-17 16:18:19,494 - DEBUG - Dropping off vial 4 at location main_8mL_rack with index 4
2025-10-17 16:18:19,495 - INFO - [info] Switching to new measurement vial: measurement_vial_5
2025-10-17 16:18:19,497 - INFO - Moving vial measurement_vial_5 to clamp: 0
2025-10-17 16:18:19,497 - DEBUG - Grabbing vial 5 with index 5
2025-10-17 16:18:19,497 - DEBUG - Dropping off vial 5 at location clamp with index 0
2025-10-17 16:18:19,725 - INFO - Removing pipet
2025-10-17 16:18:19,727 - INFO - Returning vial measurement_vial_5 to home location: main_8mL_rack index 5
2025-10-17 16:18:19,729 - INFO - Moving vial measurement_vial_5 to main_8mL_rack: 5
2025-10-17 16:18:19,729 - DEBUG - Grabbing vial 5 with index 5
2025-10-17 16:18:19,732 - DEBUG - Dropping off vial 5 at location main_8mL_rack with index 5
2025-10-17 16:18:19,733 - INFO - [info] Switching to new measurement vial: measurement_vial_6
2025-10-17 16:18:19,734 - INFO - Moving vial measurement_vial_6 to clamp: 0
2025-10-17 16:18:19,734 - DEBUG - Grabbing vial 6 with index 6
2025-10-17 16:18:19,736 - DEBUG - Dropping off vial 6 at location clamp with index 0
2025-10-17 16:18:44,940 - DEBUG - Selected small_tip for volume 0.025 mL
