2026-01-06 16:24:47,282 - INFO - Initializing North Robot...
2026-01-06 16:24:47,282 - DEBUG - Loading robot configuration files...
2026-01-06 16:24:47,292 - DEBUG - Loaded vial positions configuration from robot_state/vial_positions.yaml
2026-01-06 16:24:47,294 - DEBUG - Loaded pipet tips configuration from robot_state/pipet_tips.yaml
2026-01-06 16:24:47,298 - DEBUG - Loaded pipet racks configuration from robot_state/pipet_racks.yaml
2026-01-06 16:24:47,300 - DEBUG - Loaded pump configuration from robot_state/syringe_pumps.yaml
2026-01-06 16:24:47,302 - DEBUG - Loaded robot hardware configuration from robot_state/robot_hardware.yaml
2026-01-06 16:24:47,308 - DEBUG - Loaded wellplate properties configuration from robot_state/wellplates.yaml
2026-01-06 16:24:47,308 - DEBUG - Loading robot state files...
2026-01-06 16:24:47,310 - DEBUG - Loaded vial data from ../utoronto_demo/status/color_mixing_vials.csv
2026-01-06 16:24:47,319 - DEBUG - Loaded robot status from robot_state/robot_status.yaml
2026-01-06 16:24:47,319 - DEBUG - Loaded wellplate positions from robot_state/wellplates.yaml
2026-01-06 16:24:47,319 - DEBUG - Robot status loaded successfully
2026-01-06 16:24:47,319 - INFO - Physical initialization of North Robot...
2026-01-06 16:24:50,786 - DEBUG - Loading pumps from YAML configuration...
2026-01-06 16:24:50,901 - DEBUG - Loaded pump 0: volume=1.0mL, speed=11, liquid=None
2026-01-06 16:24:51,015 - DEBUG - Loaded pump 1: volume=2.5mL, speed=15, liquid=water
2026-01-06 16:24:51,015 - WARNING - The robot reports having a vial in the gripper... Returning that vial home...
2026-01-06 16:24:51,015 - DEBUG - Dropping off vial 0 at location main_8mL_rack with index 0
2026-01-06 16:24:53,768 - INFO - Moving robot to home position
2026-01-06 16:24:57,473 - DEBUG - Initializing centrifuge controller...
2026-01-06 16:24:58,124 - DEBUG - Current reader status: -2
2026-01-06 16:24:58,124 - WARNING - Cytation5 not connected... May need to restart
2026-01-06 16:24:58,124 - INFO - Initializing North Track...
2026-01-06 16:24:58,125 - DEBUG - Loading track status from file: robot_state/track_status.yaml
2026-01-06 16:24:58,125 - DEBUG - Getting track status from file: robot_state/track_status.yaml
2026-01-06 16:24:58,125 - DEBUG - Loaded track status from robot_state/track_status.yaml
2026-01-06 16:24:58,125 - DEBUG - Loading track positions from: robot_state/track_positions.yaml
2026-01-06 16:24:58,125 - DEBUG - Loaded track positions configuration from robot_state/track_positions.yaml
2026-01-06 16:24:58,125 - DEBUG - Loading robot hardware configuration from: robot_state/robot_hardware.yaml
2026-01-06 16:24:58,125 - DEBUG - Loaded robot hardware configuration from robot_state/robot_hardware.yaml
2026-01-06 16:24:58,125 - DEBUG - Loaded wellplate properties configuration from robot_state/wellplates.yaml
2026-01-06 16:24:58,245 - DEBUG - Moving North Track to home position
2026-01-06 16:24:59,312 - INFO - Moving vial water to clamp: 0
2026-01-06 16:24:59,312 - DEBUG - Grabbing vial 0 with index 0
2026-01-06 16:25:01,971 - DEBUG - Dropping off vial 0 at location clamp with index 0
2026-01-06 16:25:04,761 - DEBUG - Using calibrated aspirate_speed=8 for water at 0.150mL
2026-01-06 16:25:04,763 - DEBUG - Using calibrated dispense_speed=14 for water at 0.150mL
2026-01-06 16:25:04,763 - DEBUG - Using calibrated aspirate_wait_time=0.0 for water at 0.150mL
2026-01-06 16:25:04,763 - DEBUG - Using calibrated dispense_wait_time=3.5437186 for water at 0.150mL
2026-01-06 16:25:04,763 - DEBUG - Using calibrated retract_speed=10 for water at 0.150mL
2026-01-06 16:25:04,763 - DEBUG - Using calibrated blowout_vol=0.016158898 for water at 0.150mL
2026-01-06 16:25:04,763 - DEBUG - Using calibrated post_asp_air_vol=0.010581106 for water at 0.150mL
2026-01-06 16:25:04,763 - DEBUG - Using calibrated overaspirate_vol=0.007324813056852531 for water at 0.150mL
2026-01-06 16:25:04,763 - INFO - Dispensing 0.150 mL from water to water
2026-01-06 16:25:04,768 - DEBUG - Using calibrated aspirate_speed=8 for water at 0.150mL
2026-01-06 16:25:04,768 - DEBUG - Using calibrated dispense_speed=14 for water at 0.150mL
2026-01-06 16:25:04,768 - DEBUG - Using calibrated aspirate_wait_time=0.0 for water at 0.150mL
2026-01-06 16:25:04,768 - DEBUG - Using calibrated dispense_wait_time=3.5437186 for water at 0.150mL
2026-01-06 16:25:04,768 - DEBUG - Using calibrated retract_speed=10 for water at 0.150mL
2026-01-06 16:25:04,768 - DEBUG - Using calibrated blowout_vol=0.016158898 for water at 0.150mL
2026-01-06 16:25:04,768 - DEBUG - Using calibrated post_asp_air_vol=0.010581106 for water at 0.150mL
2026-01-06 16:25:04,768 - DEBUG - Using calibrated overaspirate_vol=0.0069912905000000065 for water at 0.150mL
2026-01-06 16:25:04,768 - DEBUG - Applied object param asp_disp_cycles=0
2026-01-06 16:25:04,768 - DEBUG - Applied object param aspirate_speed=8
2026-01-06 16:25:04,768 - DEBUG - Applied object param aspirate_wait_time=0.0
2026-01-06 16:25:04,768 - DEBUG - Applied object param blowout_vol=0.016158898
2026-01-06 16:25:04,768 - DEBUG - Applied object param dispense_speed=14
2026-01-06 16:25:04,768 - DEBUG - Applied object param dispense_wait_time=3.5437186
2026-01-06 16:25:04,768 - DEBUG - Applied object param overaspirate_vol=0.007324813056852531
2026-01-06 16:25:04,768 - DEBUG - Applied object param post_asp_air_vol=0.010581106
2026-01-06 16:25:04,768 - DEBUG - Applied object param post_retract_wait_time=0.0
2026-01-06 16:25:04,768 - DEBUG - Applied object param pre_asp_air_vol=0.0
2026-01-06 16:25:04,768 - DEBUG - Applied object param retract_speed=10
2026-01-06 16:25:04,768 - DEBUG - Selected small_tip for volume 0.168 mL
2026-01-06 16:25:04,768 - INFO - Getting small_tip (pipet number 34) from rack: small_tip_rack_1
2026-01-06 16:25:09,970 - INFO - Pipetting from vial water, amount: 0.150 mL
2026-01-06 16:25:09,970 - INFO - Additional volume from calibration, amount: 0.007 mL
2026-01-06 16:25:09,970 - DEBUG - Adjusting pump 0 speed to 10
2026-01-06 16:25:12,447 - DEBUG - Adjusting pump 0 speed to 8
2026-01-06 16:25:13,406 - DEBUG - Aspirating 0.157 mL then waiting 0.0 s
2026-01-06 16:25:14,468 - DEBUG - Aspirating 0.011 mL then waiting 0 s
2026-01-06 16:25:14,718 - DEBUG - Using calibrated aspirate_speed=8 for water at 0.150mL
2026-01-06 16:25:14,718 - DEBUG - Using calibrated dispense_speed=14 for water at 0.150mL
2026-01-06 16:25:14,718 - DEBUG - Using calibrated aspirate_wait_time=0.0 for water at 0.150mL
2026-01-06 16:25:14,718 - DEBUG - Using calibrated dispense_wait_time=3.5437186 for water at 0.150mL
2026-01-06 16:25:14,718 - DEBUG - Using calibrated retract_speed=10 for water at 0.150mL
2026-01-06 16:25:14,718 - DEBUG - Using calibrated blowout_vol=0.016158898 for water at 0.150mL
2026-01-06 16:25:14,718 - DEBUG - Using calibrated post_asp_air_vol=0.010581106 for water at 0.150mL
2026-01-06 16:25:14,718 - DEBUG - Using calibrated overaspirate_vol=0.0069912905000000065 for water at 0.150mL
2026-01-06 16:25:14,718 - DEBUG - Applied object param asp_disp_cycles=0
2026-01-06 16:25:14,718 - DEBUG - Applied object param aspirate_speed=8
2026-01-06 16:25:14,718 - DEBUG - Applied object param aspirate_wait_time=0.0
2026-01-06 16:25:14,718 - DEBUG - Applied object param blowout_vol=0.016158898
2026-01-06 16:25:14,718 - DEBUG - Applied object param dispense_speed=14
2026-01-06 16:25:14,718 - DEBUG - Applied object param dispense_wait_time=3.5437186
2026-01-06 16:25:14,718 - DEBUG - Applied object param overaspirate_vol=0.007324813056852531
2026-01-06 16:25:14,718 - DEBUG - Applied object param post_asp_air_vol=0.010581106
2026-01-06 16:25:14,718 - DEBUG - Applied object param post_retract_wait_time=0.0
2026-01-06 16:25:14,718 - DEBUG - Applied object param pre_asp_air_vol=0.0
2026-01-06 16:25:14,718 - DEBUG - Applied object param retract_speed=10
2026-01-06 16:25:14,718 - INFO - Pipetting into vial water, amount: 0.150 mL
2026-01-06 16:25:18,141 - INFO - Initial mass reading: -42.575500 g
2026-01-06 16:25:18,141 - DEBUG - Adjusting pump 0 speed to 14
2026-01-06 16:25:20,018 - DEBUG - Dispensing 0.168 mL then waiting 3.5437186 s
2026-01-06 16:25:20,018 - WARNING - Dispense exceeded limit: Dispensing all liquid
2026-01-06 16:25:25,004 - DEBUG - Blowing out 0.016 mL
2026-01-06 16:25:27,545 - INFO - Final mass reading: -42.423200 g
2026-01-06 16:25:27,545 - INFO - Mass difference: 0.152300 g (target: 0.150 mL = ~0.150000 g for water)
2026-01-06 16:25:27,554 - DEBUG - Using calibrated aspirate_speed=8 for water at 0.150mL
2026-01-06 16:25:27,554 - DEBUG - Using calibrated dispense_speed=14 for water at 0.150mL
2026-01-06 16:25:27,554 - DEBUG - Using calibrated aspirate_wait_time=0.0 for water at 0.150mL
2026-01-06 16:25:27,554 - DEBUG - Using calibrated dispense_wait_time=3.5437186 for water at 0.150mL
2026-01-06 16:25:27,554 - DEBUG - Using calibrated retract_speed=10 for water at 0.150mL
2026-01-06 16:25:27,554 - DEBUG - Using calibrated blowout_vol=0.016158898 for water at 0.150mL
2026-01-06 16:25:27,554 - DEBUG - Using calibrated post_asp_air_vol=0.010581106 for water at 0.150mL
2026-01-06 16:25:27,554 - DEBUG - Using calibrated overaspirate_vol=0.007324813056852531 for water at 0.150mL
2026-01-06 16:25:27,554 - INFO - Dispensing 0.150 mL from water to water
2026-01-06 16:25:27,561 - DEBUG - Using calibrated aspirate_speed=8 for water at 0.150mL
2026-01-06 16:25:27,561 - DEBUG - Using calibrated dispense_speed=14 for water at 0.150mL
2026-01-06 16:25:27,561 - DEBUG - Using calibrated aspirate_wait_time=0.0 for water at 0.150mL
2026-01-06 16:25:27,561 - DEBUG - Using calibrated dispense_wait_time=3.5437186 for water at 0.150mL
2026-01-06 16:25:27,561 - DEBUG - Using calibrated retract_speed=10 for water at 0.150mL
2026-01-06 16:25:27,561 - DEBUG - Using calibrated blowout_vol=0.016158898 for water at 0.150mL
2026-01-06 16:25:27,561 - DEBUG - Using calibrated post_asp_air_vol=0.010581106 for water at 0.150mL
2026-01-06 16:25:27,561 - DEBUG - Using calibrated overaspirate_vol=0.0069912905000000065 for water at 0.150mL
2026-01-06 16:25:27,561 - DEBUG - Applied object param asp_disp_cycles=0
2026-01-06 16:25:27,561 - DEBUG - Applied object param aspirate_speed=8
2026-01-06 16:25:27,561 - DEBUG - Applied object param aspirate_wait_time=0.0
2026-01-06 16:25:27,561 - DEBUG - Applied object param blowout_vol=0.016158898
2026-01-06 16:25:27,561 - DEBUG - Applied object param dispense_speed=14
2026-01-06 16:25:27,561 - DEBUG - Applied object param dispense_wait_time=3.5437186
2026-01-06 16:25:27,561 - DEBUG - Applied object param overaspirate_vol=0.007324813056852531
2026-01-06 16:25:27,561 - DEBUG - Applied object param post_asp_air_vol=0.010581106
2026-01-06 16:25:27,561 - DEBUG - Applied object param post_retract_wait_time=0.0
2026-01-06 16:25:27,561 - DEBUG - Applied object param pre_asp_air_vol=0.0
2026-01-06 16:25:27,561 - DEBUG - Applied object param retract_speed=10
2026-01-06 16:25:27,562 - DEBUG - Selected small_tip for volume 0.168 mL
2026-01-06 16:25:27,563 - INFO - Pipetting from vial water, amount: 0.150 mL
2026-01-06 16:25:27,564 - INFO - Additional volume from calibration, amount: 0.007 mL
2026-01-06 16:25:27,564 - DEBUG - Adjusting pump 0 speed to 10
2026-01-06 16:25:28,656 - DEBUG - Adjusting pump 0 speed to 8
2026-01-06 16:25:29,604 - DEBUG - Aspirating 0.157 mL then waiting 0.0 s
2026-01-06 16:25:30,648 - DEBUG - Aspirating 0.011 mL then waiting 0 s
2026-01-06 16:25:30,940 - DEBUG - Using calibrated aspirate_speed=8 for water at 0.150mL
2026-01-06 16:25:30,940 - DEBUG - Using calibrated dispense_speed=14 for water at 0.150mL
2026-01-06 16:25:30,940 - DEBUG - Using calibrated aspirate_wait_time=0.0 for water at 0.150mL
2026-01-06 16:25:30,940 - DEBUG - Using calibrated dispense_wait_time=3.5437186 for water at 0.150mL
2026-01-06 16:25:30,940 - DEBUG - Using calibrated retract_speed=10 for water at 0.150mL
2026-01-06 16:25:30,940 - DEBUG - Using calibrated blowout_vol=0.016158898 for water at 0.150mL
2026-01-06 16:25:30,940 - DEBUG - Using calibrated post_asp_air_vol=0.010581106 for water at 0.150mL
2026-01-06 16:25:30,940 - DEBUG - Using calibrated overaspirate_vol=0.0069912905000000065 for water at 0.150mL
2026-01-06 16:25:30,940 - DEBUG - Applied object param asp_disp_cycles=0
2026-01-06 16:25:30,940 - DEBUG - Applied object param aspirate_speed=8
2026-01-06 16:25:30,940 - DEBUG - Applied object param aspirate_wait_time=0.0
2026-01-06 16:25:30,940 - DEBUG - Applied object param blowout_vol=0.016158898
2026-01-06 16:25:30,940 - DEBUG - Applied object param dispense_speed=14
2026-01-06 16:25:30,940 - DEBUG - Applied object param dispense_wait_time=3.5437186
2026-01-06 16:25:30,940 - DEBUG - Applied object param overaspirate_vol=0.007324813056852531
2026-01-06 16:25:30,940 - DEBUG - Applied object param post_asp_air_vol=0.010581106
2026-01-06 16:25:30,940 - DEBUG - Applied object param post_retract_wait_time=0.0
2026-01-06 16:25:30,940 - DEBUG - Applied object param pre_asp_air_vol=0.0
2026-01-06 16:25:30,940 - DEBUG - Applied object param retract_speed=10
2026-01-06 16:25:30,940 - INFO - Pipetting into vial water, amount: 0.150 mL
2026-01-06 16:25:34,951 - INFO - Initial mass reading: -42.576400 g
2026-01-06 16:25:34,951 - DEBUG - Adjusting pump 0 speed to 14
2026-01-06 16:25:36,803 - DEBUG - Dispensing 0.168 mL then waiting 3.5437186 s
2026-01-06 16:25:36,803 - WARNING - Dispense exceeded limit: Dispensing all liquid
2026-01-06 16:25:41,770 - DEBUG - Blowing out 0.016 mL
2026-01-06 16:25:46,146 - INFO - Final mass reading: -42.425000 g
2026-01-06 16:25:46,146 - INFO - Mass difference: 0.151400 g (target: 0.150 mL = ~0.150000 g for water)
2026-01-06 16:25:46,155 - DEBUG - Using calibrated aspirate_speed=8 for water at 0.150mL
2026-01-06 16:25:46,155 - DEBUG - Using calibrated dispense_speed=14 for water at 0.150mL
2026-01-06 16:25:46,155 - DEBUG - Using calibrated aspirate_wait_time=0.0 for water at 0.150mL
2026-01-06 16:25:46,155 - DEBUG - Using calibrated dispense_wait_time=3.5437186 for water at 0.150mL
2026-01-06 16:25:46,155 - DEBUG - Using calibrated retract_speed=10 for water at 0.150mL
2026-01-06 16:25:46,155 - DEBUG - Using calibrated blowout_vol=0.016158898 for water at 0.150mL
2026-01-06 16:25:46,155 - DEBUG - Using calibrated post_asp_air_vol=0.010581106 for water at 0.150mL
2026-01-06 16:25:46,155 - DEBUG - Using calibrated overaspirate_vol=0.007324813056852531 for water at 0.150mL
2026-01-06 16:25:46,155 - INFO - Dispensing 0.150 mL from water to water
2026-01-06 16:25:46,157 - DEBUG - Using calibrated aspirate_speed=8 for water at 0.150mL
2026-01-06 16:25:46,157 - DEBUG - Using calibrated dispense_speed=14 for water at 0.150mL
2026-01-06 16:25:46,162 - DEBUG - Using calibrated aspirate_wait_time=0.0 for water at 0.150mL
2026-01-06 16:25:46,162 - DEBUG - Using calibrated dispense_wait_time=3.5437186 for water at 0.150mL
2026-01-06 16:25:46,162 - DEBUG - Using calibrated retract_speed=10 for water at 0.150mL
2026-01-06 16:25:46,162 - DEBUG - Using calibrated blowout_vol=0.016158898 for water at 0.150mL
2026-01-06 16:25:46,162 - DEBUG - Using calibrated post_asp_air_vol=0.010581106 for water at 0.150mL
2026-01-06 16:25:46,162 - DEBUG - Using calibrated overaspirate_vol=0.0069912905000000065 for water at 0.150mL
2026-01-06 16:25:46,162 - DEBUG - Applied object param asp_disp_cycles=0
2026-01-06 16:25:46,162 - DEBUG - Applied object param aspirate_speed=8
2026-01-06 16:25:46,162 - DEBUG - Applied object param aspirate_wait_time=0.0
2026-01-06 16:25:46,162 - DEBUG - Applied object param blowout_vol=0.016158898
2026-01-06 16:25:46,162 - DEBUG - Applied object param dispense_speed=14
2026-01-06 16:25:46,162 - DEBUG - Applied object param dispense_wait_time=3.5437186
2026-01-06 16:25:46,162 - DEBUG - Applied object param overaspirate_vol=0.007324813056852531
2026-01-06 16:25:46,162 - DEBUG - Applied object param post_asp_air_vol=0.010581106
2026-01-06 16:25:46,162 - DEBUG - Applied object param post_retract_wait_time=0.0
2026-01-06 16:25:46,162 - DEBUG - Applied object param pre_asp_air_vol=0.0
2026-01-06 16:25:46,162 - DEBUG - Applied object param retract_speed=10
2026-01-06 16:25:46,163 - DEBUG - Selected small_tip for volume 0.168 mL
2026-01-06 16:25:46,164 - INFO - Pipetting from vial water, amount: 0.150 mL
2026-01-06 16:25:46,164 - INFO - Additional volume from calibration, amount: 0.007 mL
2026-01-06 16:25:46,165 - DEBUG - Adjusting pump 0 speed to 10
2026-01-06 16:25:47,266 - DEBUG - Adjusting pump 0 speed to 8
2026-01-06 16:25:48,224 - DEBUG - Aspirating 0.157 mL then waiting 0.0 s
2026-01-06 16:25:49,222 - DEBUG - Aspirating 0.011 mL then waiting 0 s
2026-01-06 16:25:49,534 - DEBUG - Using calibrated aspirate_speed=8 for water at 0.150mL
2026-01-06 16:25:49,534 - DEBUG - Using calibrated dispense_speed=14 for water at 0.150mL
2026-01-06 16:25:49,534 - DEBUG - Using calibrated aspirate_wait_time=0.0 for water at 0.150mL
2026-01-06 16:25:49,534 - DEBUG - Using calibrated dispense_wait_time=3.5437186 for water at 0.150mL
2026-01-06 16:25:49,534 - DEBUG - Using calibrated retract_speed=10 for water at 0.150mL
2026-01-06 16:25:49,534 - DEBUG - Using calibrated blowout_vol=0.016158898 for water at 0.150mL
2026-01-06 16:25:49,534 - DEBUG - Using calibrated post_asp_air_vol=0.010581106 for water at 0.150mL
2026-01-06 16:25:49,534 - DEBUG - Using calibrated overaspirate_vol=0.0069912905000000065 for water at 0.150mL
2026-01-06 16:25:49,534 - DEBUG - Applied object param asp_disp_cycles=0
2026-01-06 16:25:49,534 - DEBUG - Applied object param aspirate_speed=8
2026-01-06 16:25:49,534 - DEBUG - Applied object param aspirate_wait_time=0.0
2026-01-06 16:25:49,534 - DEBUG - Applied object param blowout_vol=0.016158898
2026-01-06 16:25:49,534 - DEBUG - Applied object param dispense_speed=14
2026-01-06 16:25:49,534 - DEBUG - Applied object param dispense_wait_time=3.5437186
2026-01-06 16:25:49,534 - DEBUG - Applied object param overaspirate_vol=0.007324813056852531
2026-01-06 16:25:49,534 - DEBUG - Applied object param post_asp_air_vol=0.010581106
2026-01-06 16:25:49,534 - DEBUG - Applied object param post_retract_wait_time=0.0
2026-01-06 16:25:49,534 - DEBUG - Applied object param pre_asp_air_vol=0.0
2026-01-06 16:25:49,534 - DEBUG - Applied object param retract_speed=10
2026-01-06 16:25:49,534 - INFO - Pipetting into vial water, amount: 0.150 mL
2026-01-06 16:25:52,751 - INFO - Initial mass reading: -42.577500 g
2026-01-06 16:25:52,751 - DEBUG - Adjusting pump 0 speed to 14
2026-01-06 16:25:54,585 - DEBUG - Dispensing 0.168 mL then waiting 3.5437186 s
2026-01-06 16:25:54,585 - WARNING - Dispense exceeded limit: Dispensing all liquid
2026-01-06 16:25:59,554 - DEBUG - Blowing out 0.016 mL
2026-01-06 16:26:04,746 - INFO - Final mass reading: -42.424100 g
2026-01-06 16:26:04,746 - INFO - Mass difference: 0.153400 g (target: 0.150 mL = ~0.150000 g for water)
2026-01-06 16:26:04,756 - DEBUG - Using calibrated aspirate_speed=8 for water at 0.150mL
2026-01-06 16:26:04,756 - DEBUG - Using calibrated dispense_speed=14 for water at 0.150mL
2026-01-06 16:26:04,756 - DEBUG - Using calibrated aspirate_wait_time=0.0 for water at 0.150mL
2026-01-06 16:26:04,756 - DEBUG - Using calibrated dispense_wait_time=3.5437186 for water at 0.150mL
2026-01-06 16:26:04,756 - DEBUG - Using calibrated retract_speed=10 for water at 0.150mL
2026-01-06 16:26:04,757 - DEBUG - Using calibrated blowout_vol=0.016158898 for water at 0.150mL
2026-01-06 16:26:04,757 - DEBUG - Using calibrated post_asp_air_vol=0.010581106 for water at 0.150mL
2026-01-06 16:26:04,757 - DEBUG - Using calibrated overaspirate_vol=0.007324813056852531 for water at 0.150mL
2026-01-06 16:26:04,757 - INFO - Dispensing 0.150 mL from water to water
2026-01-06 16:26:04,762 - DEBUG - Using calibrated aspirate_speed=8 for water at 0.150mL
2026-01-06 16:26:04,762 - DEBUG - Using calibrated dispense_speed=14 for water at 0.150mL
2026-01-06 16:26:04,762 - DEBUG - Using calibrated aspirate_wait_time=0.0 for water at 0.150mL
2026-01-06 16:26:04,762 - DEBUG - Using calibrated dispense_wait_time=3.5437186 for water at 0.150mL
2026-01-06 16:26:04,762 - DEBUG - Using calibrated retract_speed=10 for water at 0.150mL
2026-01-06 16:26:04,762 - DEBUG - Using calibrated blowout_vol=0.016158898 for water at 0.150mL
2026-01-06 16:26:04,762 - DEBUG - Using calibrated post_asp_air_vol=0.010581106 for water at 0.150mL
2026-01-06 16:26:04,762 - DEBUG - Using calibrated overaspirate_vol=0.0069912905000000065 for water at 0.150mL
2026-01-06 16:26:04,762 - DEBUG - Applied object param asp_disp_cycles=0
2026-01-06 16:26:04,762 - DEBUG - Applied object param aspirate_speed=8
2026-01-06 16:26:04,762 - DEBUG - Applied object param aspirate_wait_time=0.0
2026-01-06 16:26:04,762 - DEBUG - Applied object param blowout_vol=0.016158898
2026-01-06 16:26:04,762 - DEBUG - Applied object param dispense_speed=14
2026-01-06 16:26:04,762 - DEBUG - Applied object param dispense_wait_time=3.5437186
2026-01-06 16:26:04,762 - DEBUG - Applied object param overaspirate_vol=0.007324813056852531
2026-01-06 16:26:04,762 - DEBUG - Applied object param post_asp_air_vol=0.010581106
2026-01-06 16:26:04,762 - DEBUG - Applied object param post_retract_wait_time=0.0
2026-01-06 16:26:04,762 - DEBUG - Applied object param pre_asp_air_vol=0.0
2026-01-06 16:26:04,762 - DEBUG - Applied object param retract_speed=10
2026-01-06 16:26:04,762 - DEBUG - Selected small_tip for volume 0.168 mL
2026-01-06 16:26:04,762 - INFO - Pipetting from vial water, amount: 0.150 mL
2026-01-06 16:26:04,762 - INFO - Additional volume from calibration, amount: 0.007 mL
2026-01-06 16:26:04,766 - DEBUG - Adjusting pump 0 speed to 10
2026-01-06 16:26:05,881 - DEBUG - Adjusting pump 0 speed to 8
2026-01-06 16:26:06,841 - DEBUG - Aspirating 0.157 mL then waiting 0.0 s
2026-01-06 16:26:07,913 - DEBUG - Aspirating 0.011 mL then waiting 0 s
2026-01-06 16:26:08,243 - DEBUG - Using calibrated aspirate_speed=8 for water at 0.150mL
2026-01-06 16:26:08,243 - DEBUG - Using calibrated dispense_speed=14 for water at 0.150mL
2026-01-06 16:26:08,243 - DEBUG - Using calibrated aspirate_wait_time=0.0 for water at 0.150mL
2026-01-06 16:26:08,243 - DEBUG - Using calibrated dispense_wait_time=3.5437186 for water at 0.150mL
2026-01-06 16:26:08,243 - DEBUG - Using calibrated retract_speed=10 for water at 0.150mL
2026-01-06 16:26:08,243 - DEBUG - Using calibrated blowout_vol=0.016158898 for water at 0.150mL
2026-01-06 16:26:08,243 - DEBUG - Using calibrated post_asp_air_vol=0.010581106 for water at 0.150mL
2026-01-06 16:26:08,243 - DEBUG - Using calibrated overaspirate_vol=0.0069912905000000065 for water at 0.150mL
2026-01-06 16:26:08,243 - DEBUG - Applied object param asp_disp_cycles=0
2026-01-06 16:26:08,243 - DEBUG - Applied object param aspirate_speed=8
2026-01-06 16:26:08,243 - DEBUG - Applied object param aspirate_wait_time=0.0
2026-01-06 16:26:08,243 - DEBUG - Applied object param blowout_vol=0.016158898
2026-01-06 16:26:08,243 - DEBUG - Applied object param dispense_speed=14
2026-01-06 16:26:08,243 - DEBUG - Applied object param dispense_wait_time=3.5437186
2026-01-06 16:26:08,243 - DEBUG - Applied object param overaspirate_vol=0.007324813056852531
2026-01-06 16:26:08,243 - DEBUG - Applied object param post_asp_air_vol=0.010581106
2026-01-06 16:26:08,243 - DEBUG - Applied object param post_retract_wait_time=0.0
2026-01-06 16:26:08,243 - DEBUG - Applied object param pre_asp_air_vol=0.0
2026-01-06 16:26:08,243 - DEBUG - Applied object param retract_speed=10
2026-01-06 16:26:08,243 - INFO - Pipetting into vial water, amount: 0.150 mL
2026-01-06 16:26:09,944 - INFO - Initial mass reading: -42.576600 g
2026-01-06 16:26:09,944 - DEBUG - Adjusting pump 0 speed to 14
2026-01-06 16:26:11,767 - DEBUG - Dispensing 0.168 mL then waiting 3.5437186 s
2026-01-06 16:26:11,767 - WARNING - Dispense exceeded limit: Dispensing all liquid
2026-01-06 16:26:16,747 - DEBUG - Blowing out 0.016 mL
2026-01-06 16:26:19,748 - INFO - Final mass reading: -42.423900 g
2026-01-06 16:26:19,749 - INFO - Mass difference: 0.152700 g (target: 0.150 mL = ~0.150000 g for water)
2026-01-06 16:26:19,757 - DEBUG - Using calibrated aspirate_speed=8 for water at 0.150mL
2026-01-06 16:26:19,757 - DEBUG - Using calibrated dispense_speed=14 for water at 0.150mL
2026-01-06 16:26:19,757 - DEBUG - Using calibrated aspirate_wait_time=0.0 for water at 0.150mL
2026-01-06 16:26:19,757 - DEBUG - Using calibrated dispense_wait_time=3.5437186 for water at 0.150mL
2026-01-06 16:26:19,757 - DEBUG - Using calibrated retract_speed=10 for water at 0.150mL
2026-01-06 16:26:19,757 - DEBUG - Using calibrated blowout_vol=0.016158898 for water at 0.150mL
2026-01-06 16:26:19,757 - DEBUG - Using calibrated post_asp_air_vol=0.010581106 for water at 0.150mL
2026-01-06 16:26:19,757 - DEBUG - Using calibrated overaspirate_vol=0.007324813056852531 for water at 0.150mL
2026-01-06 16:26:19,757 - INFO - Dispensing 0.150 mL from water to water
2026-01-06 16:26:19,761 - DEBUG - Using calibrated aspirate_speed=8 for water at 0.150mL
2026-01-06 16:26:19,761 - DEBUG - Using calibrated dispense_speed=14 for water at 0.150mL
2026-01-06 16:26:19,761 - DEBUG - Using calibrated aspirate_wait_time=0.0 for water at 0.150mL
2026-01-06 16:26:19,761 - DEBUG - Using calibrated dispense_wait_time=3.5437186 for water at 0.150mL
2026-01-06 16:26:19,761 - DEBUG - Using calibrated retract_speed=10 for water at 0.150mL
2026-01-06 16:26:19,761 - DEBUG - Using calibrated blowout_vol=0.016158898 for water at 0.150mL
2026-01-06 16:26:19,761 - DEBUG - Using calibrated post_asp_air_vol=0.010581106 for water at 0.150mL
2026-01-06 16:26:19,762 - DEBUG - Using calibrated overaspirate_vol=0.0069912905000000065 for water at 0.150mL
2026-01-06 16:26:19,762 - DEBUG - Applied object param asp_disp_cycles=0
2026-01-06 16:26:19,762 - DEBUG - Applied object param aspirate_speed=8
2026-01-06 16:26:19,762 - DEBUG - Applied object param aspirate_wait_time=0.0
2026-01-06 16:26:19,762 - DEBUG - Applied object param blowout_vol=0.016158898
2026-01-06 16:26:19,762 - DEBUG - Applied object param dispense_speed=14
2026-01-06 16:26:19,762 - DEBUG - Applied object param dispense_wait_time=3.5437186
2026-01-06 16:26:19,762 - DEBUG - Applied object param overaspirate_vol=0.007324813056852531
2026-01-06 16:26:19,762 - DEBUG - Applied object param post_asp_air_vol=0.010581106
2026-01-06 16:26:19,762 - DEBUG - Applied object param post_retract_wait_time=0.0
2026-01-06 16:26:19,762 - DEBUG - Applied object param pre_asp_air_vol=0.0
2026-01-06 16:26:19,762 - DEBUG - Applied object param retract_speed=10
2026-01-06 16:26:19,763 - DEBUG - Selected small_tip for volume 0.168 mL
2026-01-06 16:26:19,764 - INFO - Pipetting from vial water, amount: 0.150 mL
2026-01-06 16:26:19,764 - INFO - Additional volume from calibration, amount: 0.007 mL
2026-01-06 16:26:19,765 - DEBUG - Adjusting pump 0 speed to 10
2026-01-06 16:26:20,866 - DEBUG - Adjusting pump 0 speed to 8
2026-01-06 16:26:21,817 - DEBUG - Aspirating 0.157 mL then waiting 0.0 s
2026-01-06 16:26:22,899 - DEBUG - Aspirating 0.011 mL then waiting 0 s
2026-01-06 16:26:23,151 - DEBUG - Using calibrated aspirate_speed=8 for water at 0.150mL
2026-01-06 16:26:23,151 - DEBUG - Using calibrated dispense_speed=14 for water at 0.150mL
2026-01-06 16:26:23,151 - DEBUG - Using calibrated aspirate_wait_time=0.0 for water at 0.150mL
2026-01-06 16:26:23,151 - DEBUG - Using calibrated dispense_wait_time=3.5437186 for water at 0.150mL
2026-01-06 16:26:23,151 - DEBUG - Using calibrated retract_speed=10 for water at 0.150mL
2026-01-06 16:26:23,151 - DEBUG - Using calibrated blowout_vol=0.016158898 for water at 0.150mL
2026-01-06 16:26:23,151 - DEBUG - Using calibrated post_asp_air_vol=0.010581106 for water at 0.150mL
2026-01-06 16:26:23,151 - DEBUG - Using calibrated overaspirate_vol=0.0069912905000000065 for water at 0.150mL
2026-01-06 16:26:23,151 - DEBUG - Applied object param asp_disp_cycles=0
2026-01-06 16:26:23,151 - DEBUG - Applied object param aspirate_speed=8
2026-01-06 16:26:23,151 - DEBUG - Applied object param aspirate_wait_time=0.0
2026-01-06 16:26:23,151 - DEBUG - Applied object param blowout_vol=0.016158898
2026-01-06 16:26:23,151 - DEBUG - Applied object param dispense_speed=14
2026-01-06 16:26:23,151 - DEBUG - Applied object param dispense_wait_time=3.5437186
2026-01-06 16:26:23,151 - DEBUG - Applied object param overaspirate_vol=0.007324813056852531
2026-01-06 16:26:23,151 - DEBUG - Applied object param post_asp_air_vol=0.010581106
2026-01-06 16:26:23,151 - DEBUG - Applied object param post_retract_wait_time=0.0
2026-01-06 16:26:23,151 - DEBUG - Applied object param pre_asp_air_vol=0.0
2026-01-06 16:26:23,151 - DEBUG - Applied object param retract_speed=10
2026-01-06 16:26:23,151 - INFO - Pipetting into vial water, amount: 0.150 mL
2026-01-06 16:26:27,742 - INFO - Initial mass reading: -42.576500 g
2026-01-06 16:26:27,742 - DEBUG - Adjusting pump 0 speed to 14
2026-01-06 16:26:29,593 - DEBUG - Dispensing 0.168 mL then waiting 3.5437186 s
2026-01-06 16:26:29,593 - WARNING - Dispense exceeded limit: Dispensing all liquid
2026-01-06 16:26:34,607 - DEBUG - Blowing out 0.016 mL
2026-01-06 16:26:38,749 - INFO - Final mass reading: -42.423200 g
2026-01-06 16:26:38,749 - INFO - Mass difference: 0.153300 g (target: 0.150 mL = ~0.150000 g for water)
2026-01-06 16:26:38,756 - DEBUG - Using calibrated aspirate_speed=8 for water at 0.100mL
2026-01-06 16:26:38,756 - DEBUG - Using calibrated dispense_speed=14 for water at 0.100mL
2026-01-06 16:26:38,757 - DEBUG - Using calibrated aspirate_wait_time=0.0 for water at 0.100mL
2026-01-06 16:26:38,757 - DEBUG - Using calibrated dispense_wait_time=3.5437186 for water at 0.100mL
2026-01-06 16:26:38,757 - DEBUG - Using calibrated retract_speed=10 for water at 0.100mL
2026-01-06 16:26:38,757 - DEBUG - Using calibrated blowout_vol=0.016158898 for water at 0.100mL
2026-01-06 16:26:38,757 - DEBUG - Using calibrated post_asp_air_vol=0.010581106 for water at 0.100mL
2026-01-06 16:26:38,757 - DEBUG - Using calibrated overaspirate_vol=0.0034917186137050525 for water at 0.100mL
2026-01-06 16:26:38,757 - INFO - Dispensing 0.100 mL from water to water
2026-01-06 16:26:38,762 - DEBUG - Using calibrated aspirate_speed=8 for water at 0.100mL
2026-01-06 16:26:38,762 - DEBUG - Using calibrated dispense_speed=14 for water at 0.100mL
2026-01-06 16:26:38,762 - DEBUG - Using calibrated aspirate_wait_time=0.0 for water at 0.100mL
2026-01-06 16:26:38,762 - DEBUG - Using calibrated dispense_wait_time=3.5437186 for water at 0.100mL
2026-01-06 16:26:38,762 - DEBUG - Using calibrated retract_speed=10 for water at 0.100mL
2026-01-06 16:26:38,762 - DEBUG - Using calibrated blowout_vol=0.016158898 for water at 0.100mL
2026-01-06 16:26:38,762 - DEBUG - Using calibrated post_asp_air_vol=0.010581106 for water at 0.100mL
2026-01-06 16:26:38,762 - DEBUG - Using calibrated overaspirate_vol=0.003481365000000007 for water at 0.100mL
2026-01-06 16:26:38,762 - DEBUG - Applied object param asp_disp_cycles=0
2026-01-06 16:26:38,762 - DEBUG - Applied object param aspirate_speed=8
2026-01-06 16:26:38,762 - DEBUG - Applied object param aspirate_wait_time=0.0
2026-01-06 16:26:38,764 - DEBUG - Applied object param blowout_vol=0.016158898
2026-01-06 16:26:38,764 - DEBUG - Applied object param dispense_speed=14
2026-01-06 16:26:38,764 - DEBUG - Applied object param dispense_wait_time=3.5437186
2026-01-06 16:26:38,764 - DEBUG - Applied object param overaspirate_vol=0.0034917186137050525
2026-01-06 16:26:38,764 - DEBUG - Applied object param post_asp_air_vol=0.010581106
2026-01-06 16:26:38,764 - DEBUG - Applied object param post_retract_wait_time=0.0
2026-01-06 16:26:38,764 - DEBUG - Applied object param pre_asp_air_vol=0.0
2026-01-06 16:26:38,764 - DEBUG - Applied object param retract_speed=10
2026-01-06 16:26:38,765 - DEBUG - Selected small_tip for volume 0.114 mL
2026-01-06 16:26:38,766 - INFO - Pipetting from vial water, amount: 0.100 mL
2026-01-06 16:26:38,766 - INFO - Additional volume from calibration, amount: 0.003 mL
2026-01-06 16:26:38,767 - DEBUG - Adjusting pump 0 speed to 10
2026-01-06 16:26:39,859 - DEBUG - Adjusting pump 0 speed to 8
2026-01-06 16:26:40,842 - DEBUG - Aspirating 0.103 mL then waiting 0.0 s
2026-01-06 16:26:41,791 - DEBUG - Aspirating 0.011 mL then waiting 0 s
2026-01-06 16:26:42,042 - DEBUG - Using calibrated aspirate_speed=8 for water at 0.100mL
2026-01-06 16:26:42,042 - DEBUG - Using calibrated dispense_speed=14 for water at 0.100mL
2026-01-06 16:26:42,042 - DEBUG - Using calibrated aspirate_wait_time=0.0 for water at 0.100mL
2026-01-06 16:26:42,042 - DEBUG - Using calibrated dispense_wait_time=3.5437186 for water at 0.100mL
2026-01-06 16:26:42,042 - DEBUG - Using calibrated retract_speed=10 for water at 0.100mL
2026-01-06 16:26:42,042 - DEBUG - Using calibrated blowout_vol=0.016158898 for water at 0.100mL
2026-01-06 16:26:42,042 - DEBUG - Using calibrated post_asp_air_vol=0.010581106 for water at 0.100mL
2026-01-06 16:26:42,042 - DEBUG - Using calibrated overaspirate_vol=0.003481365000000007 for water at 0.100mL
2026-01-06 16:26:42,042 - DEBUG - Applied object param asp_disp_cycles=0
2026-01-06 16:26:42,042 - DEBUG - Applied object param aspirate_speed=8
2026-01-06 16:26:42,042 - DEBUG - Applied object param aspirate_wait_time=0.0
2026-01-06 16:26:42,042 - DEBUG - Applied object param blowout_vol=0.016158898
2026-01-06 16:26:42,042 - DEBUG - Applied object param dispense_speed=14
2026-01-06 16:26:42,042 - DEBUG - Applied object param dispense_wait_time=3.5437186
2026-01-06 16:26:42,042 - DEBUG - Applied object param overaspirate_vol=0.0034917186137050525
2026-01-06 16:26:42,042 - DEBUG - Applied object param post_asp_air_vol=0.010581106
2026-01-06 16:26:42,042 - DEBUG - Applied object param post_retract_wait_time=0.0
2026-01-06 16:26:42,042 - DEBUG - Applied object param pre_asp_air_vol=0.0
2026-01-06 16:26:42,042 - DEBUG - Applied object param retract_speed=10
2026-01-06 16:26:42,042 - INFO - Pipetting into vial water, amount: 0.100 mL
2026-01-06 16:26:43,732 - INFO - Initial mass reading: -42.523500 g
2026-01-06 16:26:43,732 - DEBUG - Adjusting pump 0 speed to 14
2026-01-06 16:26:45,578 - DEBUG - Dispensing 0.114 mL then waiting 3.5437186 s
2026-01-06 16:26:45,578 - WARNING - Dispense exceeded limit: Dispensing all liquid
2026-01-06 16:26:50,180 - DEBUG - Blowing out 0.016 mL
2026-01-06 16:26:53,134 - INFO - Final mass reading: -42.423300 g
2026-01-06 16:26:53,134 - INFO - Mass difference: 0.100200 g (target: 0.100 mL = ~0.100000 g for water)
2026-01-06 16:26:53,151 - DEBUG - Using calibrated aspirate_speed=8 for water at 0.100mL
2026-01-06 16:26:53,151 - DEBUG - Using calibrated dispense_speed=14 for water at 0.100mL
2026-01-06 16:26:53,151 - DEBUG - Using calibrated aspirate_wait_time=0.0 for water at 0.100mL
2026-01-06 16:26:53,151 - DEBUG - Using calibrated dispense_wait_time=3.5437186 for water at 0.100mL
2026-01-06 16:26:53,151 - DEBUG - Using calibrated retract_speed=10 for water at 0.100mL
2026-01-06 16:26:53,151 - DEBUG - Using calibrated blowout_vol=0.016158898 for water at 0.100mL
2026-01-06 16:26:53,152 - DEBUG - Using calibrated post_asp_air_vol=0.010581106 for water at 0.100mL
2026-01-06 16:26:53,152 - DEBUG - Using calibrated overaspirate_vol=0.0034917186137050525 for water at 0.100mL
2026-01-06 16:26:53,152 - INFO - Dispensing 0.100 mL from water to water
2026-01-06 16:26:53,157 - DEBUG - Using calibrated aspirate_speed=8 for water at 0.100mL
2026-01-06 16:26:53,157 - DEBUG - Using calibrated dispense_speed=14 for water at 0.100mL
2026-01-06 16:26:53,157 - DEBUG - Using calibrated aspirate_wait_time=0.0 for water at 0.100mL
2026-01-06 16:26:53,157 - DEBUG - Using calibrated dispense_wait_time=3.5437186 for water at 0.100mL
2026-01-06 16:26:53,157 - DEBUG - Using calibrated retract_speed=10 for water at 0.100mL
2026-01-06 16:26:53,157 - DEBUG - Using calibrated blowout_vol=0.016158898 for water at 0.100mL
2026-01-06 16:26:53,157 - DEBUG - Using calibrated post_asp_air_vol=0.010581106 for water at 0.100mL
2026-01-06 16:26:53,157 - DEBUG - Using calibrated overaspirate_vol=0.003481365000000007 for water at 0.100mL
2026-01-06 16:26:53,157 - DEBUG - Applied object param asp_disp_cycles=0
2026-01-06 16:26:53,157 - DEBUG - Applied object param aspirate_speed=8
2026-01-06 16:26:53,157 - DEBUG - Applied object param aspirate_wait_time=0.0
2026-01-06 16:26:53,157 - DEBUG - Applied object param blowout_vol=0.016158898
2026-01-06 16:26:53,157 - DEBUG - Applied object param dispense_speed=14
2026-01-06 16:26:53,157 - DEBUG - Applied object param dispense_wait_time=3.5437186
2026-01-06 16:26:53,157 - DEBUG - Applied object param overaspirate_vol=0.0034917186137050525
2026-01-06 16:26:53,157 - DEBUG - Applied object param post_asp_air_vol=0.010581106
2026-01-06 16:26:53,157 - DEBUG - Applied object param post_retract_wait_time=0.0
2026-01-06 16:26:53,157 - DEBUG - Applied object param pre_asp_air_vol=0.0
2026-01-06 16:26:53,157 - DEBUG - Applied object param retract_speed=10
2026-01-06 16:26:53,159 - DEBUG - Selected small_tip for volume 0.114 mL
2026-01-06 16:26:53,160 - INFO - Pipetting from vial water, amount: 0.100 mL
2026-01-06 16:26:53,160 - INFO - Additional volume from calibration, amount: 0.003 mL
2026-01-06 16:26:53,161 - DEBUG - Adjusting pump 0 speed to 10
2026-01-06 16:26:54,241 - DEBUG - Adjusting pump 0 speed to 8
2026-01-06 16:26:55,188 - DEBUG - Aspirating 0.103 mL then waiting 0.0 s
2026-01-06 16:26:56,101 - DEBUG - Aspirating 0.011 mL then waiting 0 s
2026-01-06 16:26:56,368 - DEBUG - Using calibrated aspirate_speed=8 for water at 0.100mL
2026-01-06 16:26:56,368 - DEBUG - Using calibrated dispense_speed=14 for water at 0.100mL
2026-01-06 16:26:56,368 - DEBUG - Using calibrated aspirate_wait_time=0.0 for water at 0.100mL
2026-01-06 16:26:56,368 - DEBUG - Using calibrated dispense_wait_time=3.5437186 for water at 0.100mL
2026-01-06 16:26:56,368 - DEBUG - Using calibrated retract_speed=10 for water at 0.100mL
2026-01-06 16:26:56,368 - DEBUG - Using calibrated blowout_vol=0.016158898 for water at 0.100mL
2026-01-06 16:26:56,368 - DEBUG - Using calibrated post_asp_air_vol=0.010581106 for water at 0.100mL
2026-01-06 16:26:56,368 - DEBUG - Using calibrated overaspirate_vol=0.003481365000000007 for water at 0.100mL
2026-01-06 16:26:56,368 - DEBUG - Applied object param asp_disp_cycles=0
2026-01-06 16:26:56,368 - DEBUG - Applied object param aspirate_speed=8
2026-01-06 16:26:56,368 - DEBUG - Applied object param aspirate_wait_time=0.0
2026-01-06 16:26:56,368 - DEBUG - Applied object param blowout_vol=0.016158898
2026-01-06 16:26:56,368 - DEBUG - Applied object param dispense_speed=14
2026-01-06 16:26:56,368 - DEBUG - Applied object param dispense_wait_time=3.5437186
2026-01-06 16:26:56,368 - DEBUG - Applied object param overaspirate_vol=0.0034917186137050525
2026-01-06 16:26:56,368 - DEBUG - Applied object param post_asp_air_vol=0.010581106
2026-01-06 16:26:56,368 - DEBUG - Applied object param post_retract_wait_time=0.0
2026-01-06 16:26:56,368 - DEBUG - Applied object param pre_asp_air_vol=0.0
2026-01-06 16:26:56,368 - DEBUG - Applied object param retract_speed=10
2026-01-06 16:26:56,368 - INFO - Pipetting into vial water, amount: 0.100 mL
2026-01-06 16:27:00,340 - INFO - Initial mass reading: -42.523600 g
2026-01-06 16:27:00,340 - DEBUG - Adjusting pump 0 speed to 14
2026-01-06 16:27:02,193 - DEBUG - Dispensing 0.114 mL then waiting 3.5437186 s
2026-01-06 16:27:02,193 - WARNING - Dispense exceeded limit: Dispensing all liquid
2026-01-06 16:27:06,789 - DEBUG - Blowing out 0.016 mL
2026-01-06 16:27:12,943 - INFO - Final mass reading: -42.423600 g
2026-01-06 16:27:12,943 - INFO - Mass difference: 0.100000 g (target: 0.100 mL = ~0.100000 g for water)
2026-01-06 16:27:12,951 - DEBUG - Using calibrated aspirate_speed=8 for water at 0.100mL
2026-01-06 16:27:12,951 - DEBUG - Using calibrated dispense_speed=14 for water at 0.100mL
2026-01-06 16:27:12,951 - DEBUG - Using calibrated aspirate_wait_time=0.0 for water at 0.100mL
2026-01-06 16:27:12,951 - DEBUG - Using calibrated dispense_wait_time=3.5437186 for water at 0.100mL
2026-01-06 16:27:12,951 - DEBUG - Using calibrated retract_speed=10 for water at 0.100mL
2026-01-06 16:27:12,951 - DEBUG - Using calibrated blowout_vol=0.016158898 for water at 0.100mL
2026-01-06 16:27:12,951 - DEBUG - Using calibrated post_asp_air_vol=0.010581106 for water at 0.100mL
2026-01-06 16:27:12,951 - DEBUG - Using calibrated overaspirate_vol=0.0034917186137050525 for water at 0.100mL
2026-01-06 16:27:12,953 - INFO - Dispensing 0.100 mL from water to water
2026-01-06 16:27:12,958 - DEBUG - Using calibrated aspirate_speed=8 for water at 0.100mL
2026-01-06 16:27:12,958 - DEBUG - Using calibrated dispense_speed=14 for water at 0.100mL
2026-01-06 16:27:12,958 - DEBUG - Using calibrated aspirate_wait_time=0.0 for water at 0.100mL
2026-01-06 16:27:12,958 - DEBUG - Using calibrated dispense_wait_time=3.5437186 for water at 0.100mL
2026-01-06 16:27:12,958 - DEBUG - Using calibrated retract_speed=10 for water at 0.100mL
2026-01-06 16:27:12,958 - DEBUG - Using calibrated blowout_vol=0.016158898 for water at 0.100mL
2026-01-06 16:27:12,958 - DEBUG - Using calibrated post_asp_air_vol=0.010581106 for water at 0.100mL
2026-01-06 16:27:12,958 - DEBUG - Using calibrated overaspirate_vol=0.003481365000000007 for water at 0.100mL
2026-01-06 16:27:12,958 - DEBUG - Applied object param asp_disp_cycles=0
2026-01-06 16:27:12,958 - DEBUG - Applied object param aspirate_speed=8
2026-01-06 16:27:12,958 - DEBUG - Applied object param aspirate_wait_time=0.0
2026-01-06 16:27:12,958 - DEBUG - Applied object param blowout_vol=0.016158898
2026-01-06 16:27:12,958 - DEBUG - Applied object param dispense_speed=14
2026-01-06 16:27:12,958 - DEBUG - Applied object param dispense_wait_time=3.5437186
2026-01-06 16:27:12,959 - DEBUG - Applied object param overaspirate_vol=0.0034917186137050525
2026-01-06 16:27:12,959 - DEBUG - Applied object param post_asp_air_vol=0.010581106
2026-01-06 16:27:12,959 - DEBUG - Applied object param post_retract_wait_time=0.0
2026-01-06 16:27:12,959 - DEBUG - Applied object param pre_asp_air_vol=0.0
2026-01-06 16:27:12,959 - DEBUG - Applied object param retract_speed=10
2026-01-06 16:27:12,959 - DEBUG - Selected small_tip for volume 0.114 mL
2026-01-06 16:27:12,960 - INFO - Pipetting from vial water, amount: 0.100 mL
2026-01-06 16:27:12,961 - INFO - Additional volume from calibration, amount: 0.003 mL
2026-01-06 16:27:12,962 - DEBUG - Adjusting pump 0 speed to 10
2026-01-06 16:27:14,060 - DEBUG - Adjusting pump 0 speed to 8
2026-01-06 16:27:15,038 - DEBUG - Aspirating 0.103 mL then waiting 0.0 s
2026-01-06 16:27:15,886 - DEBUG - Aspirating 0.011 mL then waiting 0 s
2026-01-06 16:27:16,192 - DEBUG - Using calibrated aspirate_speed=8 for water at 0.100mL
2026-01-06 16:27:16,193 - DEBUG - Using calibrated dispense_speed=14 for water at 0.100mL
2026-01-06 16:27:16,193 - DEBUG - Using calibrated aspirate_wait_time=0.0 for water at 0.100mL
2026-01-06 16:27:16,193 - DEBUG - Using calibrated dispense_wait_time=3.5437186 for water at 0.100mL
2026-01-06 16:27:16,193 - DEBUG - Using calibrated retract_speed=10 for water at 0.100mL
2026-01-06 16:27:16,193 - DEBUG - Using calibrated blowout_vol=0.016158898 for water at 0.100mL
2026-01-06 16:27:16,193 - DEBUG - Using calibrated post_asp_air_vol=0.010581106 for water at 0.100mL
2026-01-06 16:27:16,193 - DEBUG - Using calibrated overaspirate_vol=0.003481365000000007 for water at 0.100mL
2026-01-06 16:27:16,193 - DEBUG - Applied object param asp_disp_cycles=0
2026-01-06 16:27:16,193 - DEBUG - Applied object param aspirate_speed=8
2026-01-06 16:27:16,193 - DEBUG - Applied object param aspirate_wait_time=0.0
2026-01-06 16:27:16,193 - DEBUG - Applied object param blowout_vol=0.016158898
2026-01-06 16:27:16,193 - DEBUG - Applied object param dispense_speed=14
2026-01-06 16:27:16,193 - DEBUG - Applied object param dispense_wait_time=3.5437186
2026-01-06 16:27:16,193 - DEBUG - Applied object param overaspirate_vol=0.0034917186137050525
2026-01-06 16:27:16,193 - DEBUG - Applied object param post_asp_air_vol=0.010581106
2026-01-06 16:27:16,193 - DEBUG - Applied object param post_retract_wait_time=0.0
2026-01-06 16:27:16,193 - DEBUG - Applied object param pre_asp_air_vol=0.0
2026-01-06 16:27:16,193 - DEBUG - Applied object param retract_speed=10
2026-01-06 16:27:16,194 - INFO - Pipetting into vial water, amount: 0.100 mL
2026-01-06 16:27:18,141 - INFO - Initial mass reading: -42.523600 g
2026-01-06 16:27:18,141 - DEBUG - Adjusting pump 0 speed to 14
2026-01-06 16:27:19,980 - DEBUG - Dispensing 0.114 mL then waiting 3.5437186 s
2026-01-06 16:27:19,980 - WARNING - Dispense exceeded limit: Dispensing all liquid
2026-01-06 16:27:24,543 - DEBUG - Blowing out 0.016 mL
2026-01-06 16:27:26,953 - INFO - Final mass reading: -42.422900 g
2026-01-06 16:27:26,953 - INFO - Mass difference: 0.100700 g (target: 0.100 mL = ~0.100000 g for water)
2026-01-06 16:27:26,961 - DEBUG - Using calibrated aspirate_speed=8 for water at 0.100mL
2026-01-06 16:27:26,961 - DEBUG - Using calibrated dispense_speed=14 for water at 0.100mL
2026-01-06 16:27:26,961 - DEBUG - Using calibrated aspirate_wait_time=0.0 for water at 0.100mL
2026-01-06 16:27:26,961 - DEBUG - Using calibrated dispense_wait_time=3.5437186 for water at 0.100mL
2026-01-06 16:27:26,961 - DEBUG - Using calibrated retract_speed=10 for water at 0.100mL
2026-01-06 16:27:26,961 - DEBUG - Using calibrated blowout_vol=0.016158898 for water at 0.100mL
2026-01-06 16:27:26,961 - DEBUG - Using calibrated post_asp_air_vol=0.010581106 for water at 0.100mL
2026-01-06 16:27:26,961 - DEBUG - Using calibrated overaspirate_vol=0.0034917186137050525 for water at 0.100mL
2026-01-06 16:27:26,961 - INFO - Dispensing 0.100 mL from water to water
2026-01-06 16:27:26,965 - DEBUG - Using calibrated aspirate_speed=8 for water at 0.100mL
2026-01-06 16:27:26,965 - DEBUG - Using calibrated dispense_speed=14 for water at 0.100mL
2026-01-06 16:27:26,965 - DEBUG - Using calibrated aspirate_wait_time=0.0 for water at 0.100mL
2026-01-06 16:27:26,965 - DEBUG - Using calibrated dispense_wait_time=3.5437186 for water at 0.100mL
2026-01-06 16:27:26,966 - DEBUG - Using calibrated retract_speed=10 for water at 0.100mL
2026-01-06 16:27:26,966 - DEBUG - Using calibrated blowout_vol=0.016158898 for water at 0.100mL
2026-01-06 16:27:26,966 - DEBUG - Using calibrated post_asp_air_vol=0.010581106 for water at 0.100mL
2026-01-06 16:27:26,966 - DEBUG - Using calibrated overaspirate_vol=0.003481365000000007 for water at 0.100mL
2026-01-06 16:27:26,966 - DEBUG - Applied object param asp_disp_cycles=0
2026-01-06 16:27:26,966 - DEBUG - Applied object param aspirate_speed=8
2026-01-06 16:27:26,966 - DEBUG - Applied object param aspirate_wait_time=0.0
2026-01-06 16:27:26,966 - DEBUG - Applied object param blowout_vol=0.016158898
2026-01-06 16:27:26,966 - DEBUG - Applied object param dispense_speed=14
2026-01-06 16:27:26,966 - DEBUG - Applied object param dispense_wait_time=3.5437186
2026-01-06 16:27:26,966 - DEBUG - Applied object param overaspirate_vol=0.0034917186137050525
2026-01-06 16:27:26,966 - DEBUG - Applied object param post_asp_air_vol=0.010581106
2026-01-06 16:27:26,966 - DEBUG - Applied object param post_retract_wait_time=0.0
2026-01-06 16:27:26,966 - DEBUG - Applied object param pre_asp_air_vol=0.0
2026-01-06 16:27:26,966 - DEBUG - Applied object param retract_speed=10
2026-01-06 16:27:26,967 - DEBUG - Selected small_tip for volume 0.114 mL
2026-01-06 16:27:26,968 - INFO - Pipetting from vial water, amount: 0.100 mL
2026-01-06 16:27:26,968 - INFO - Additional volume from calibration, amount: 0.003 mL
2026-01-06 16:27:26,970 - DEBUG - Adjusting pump 0 speed to 10
2026-01-06 16:27:28,068 - DEBUG - Adjusting pump 0 speed to 8
2026-01-06 16:27:29,048 - DEBUG - Aspirating 0.103 mL then waiting 0.0 s
2026-01-06 16:27:29,960 - DEBUG - Aspirating 0.011 mL then waiting 0 s
2026-01-06 16:27:30,225 - DEBUG - Using calibrated aspirate_speed=8 for water at 0.100mL
2026-01-06 16:27:30,225 - DEBUG - Using calibrated dispense_speed=14 for water at 0.100mL
2026-01-06 16:27:30,225 - DEBUG - Using calibrated aspirate_wait_time=0.0 for water at 0.100mL
2026-01-06 16:27:30,225 - DEBUG - Using calibrated dispense_wait_time=3.5437186 for water at 0.100mL
2026-01-06 16:27:30,225 - DEBUG - Using calibrated retract_speed=10 for water at 0.100mL
2026-01-06 16:27:30,225 - DEBUG - Using calibrated blowout_vol=0.016158898 for water at 0.100mL
2026-01-06 16:27:30,225 - DEBUG - Using calibrated post_asp_air_vol=0.010581106 for water at 0.100mL
2026-01-06 16:27:30,225 - DEBUG - Using calibrated overaspirate_vol=0.003481365000000007 for water at 0.100mL
2026-01-06 16:27:30,225 - DEBUG - Applied object param asp_disp_cycles=0
2026-01-06 16:27:30,226 - DEBUG - Applied object param aspirate_speed=8
2026-01-06 16:27:30,226 - DEBUG - Applied object param aspirate_wait_time=0.0
2026-01-06 16:27:30,226 - DEBUG - Applied object param blowout_vol=0.016158898
2026-01-06 16:27:30,226 - DEBUG - Applied object param dispense_speed=14
2026-01-06 16:27:30,226 - DEBUG - Applied object param dispense_wait_time=3.5437186
2026-01-06 16:27:30,226 - DEBUG - Applied object param overaspirate_vol=0.0034917186137050525
2026-01-06 16:27:30,226 - DEBUG - Applied object param post_asp_air_vol=0.010581106
2026-01-06 16:27:30,226 - DEBUG - Applied object param post_retract_wait_time=0.0
2026-01-06 16:27:30,226 - DEBUG - Applied object param pre_asp_air_vol=0.0
2026-01-06 16:27:30,226 - DEBUG - Applied object param retract_speed=10
2026-01-06 16:27:30,227 - INFO - Pipetting into vial water, amount: 0.100 mL
2026-01-06 16:27:33,137 - INFO - Initial mass reading: -42.523300 g
2026-01-06 16:27:33,137 - DEBUG - Adjusting pump 0 speed to 14
2026-01-06 16:27:34,976 - DEBUG - Dispensing 0.114 mL then waiting 3.5437186 s
2026-01-06 16:27:34,976 - WARNING - Dispense exceeded limit: Dispensing all liquid
2026-01-06 16:27:39,557 - DEBUG - Blowing out 0.016 mL
2026-01-06 16:27:43,347 - INFO - Final mass reading: -42.423400 g
2026-01-06 16:27:43,347 - INFO - Mass difference: 0.099900 g (target: 0.100 mL = ~0.100000 g for water)
2026-01-06 16:27:43,355 - DEBUG - Using calibrated aspirate_speed=8 for water at 0.100mL
2026-01-06 16:27:43,356 - DEBUG - Using calibrated dispense_speed=14 for water at 0.100mL
2026-01-06 16:27:43,356 - DEBUG - Using calibrated aspirate_wait_time=0.0 for water at 0.100mL
2026-01-06 16:27:43,356 - DEBUG - Using calibrated dispense_wait_time=3.5437186 for water at 0.100mL
2026-01-06 16:27:43,356 - DEBUG - Using calibrated retract_speed=10 for water at 0.100mL
2026-01-06 16:27:43,356 - DEBUG - Using calibrated blowout_vol=0.016158898 for water at 0.100mL
2026-01-06 16:27:43,356 - DEBUG - Using calibrated post_asp_air_vol=0.010581106 for water at 0.100mL
2026-01-06 16:27:43,356 - DEBUG - Using calibrated overaspirate_vol=0.0034917186137050525 for water at 0.100mL
2026-01-06 16:27:43,357 - INFO - Dispensing 0.100 mL from water to water
2026-01-06 16:27:43,363 - DEBUG - Using calibrated aspirate_speed=8 for water at 0.100mL
2026-01-06 16:27:43,363 - DEBUG - Using calibrated dispense_speed=14 for water at 0.100mL
2026-01-06 16:27:43,363 - DEBUG - Using calibrated aspirate_wait_time=0.0 for water at 0.100mL
2026-01-06 16:27:43,363 - DEBUG - Using calibrated dispense_wait_time=3.5437186 for water at 0.100mL
2026-01-06 16:27:43,363 - DEBUG - Using calibrated retract_speed=10 for water at 0.100mL
2026-01-06 16:27:43,363 - DEBUG - Using calibrated blowout_vol=0.016158898 for water at 0.100mL
2026-01-06 16:27:43,363 - DEBUG - Using calibrated post_asp_air_vol=0.010581106 for water at 0.100mL
2026-01-06 16:27:43,363 - DEBUG - Using calibrated overaspirate_vol=0.003481365000000007 for water at 0.100mL
2026-01-06 16:27:43,363 - DEBUG - Applied object param asp_disp_cycles=0
2026-01-06 16:27:43,364 - DEBUG - Applied object param aspirate_speed=8
2026-01-06 16:27:43,364 - DEBUG - Applied object param aspirate_wait_time=0.0
2026-01-06 16:27:43,364 - DEBUG - Applied object param blowout_vol=0.016158898
2026-01-06 16:27:43,364 - DEBUG - Applied object param dispense_speed=14
2026-01-06 16:27:43,364 - DEBUG - Applied object param dispense_wait_time=3.5437186
2026-01-06 16:27:43,364 - DEBUG - Applied object param overaspirate_vol=0.0034917186137050525
2026-01-06 16:27:43,364 - DEBUG - Applied object param post_asp_air_vol=0.010581106
2026-01-06 16:27:43,364 - DEBUG - Applied object param post_retract_wait_time=0.0
2026-01-06 16:27:43,364 - DEBUG - Applied object param pre_asp_air_vol=0.0
2026-01-06 16:27:43,364 - DEBUG - Applied object param retract_speed=10
2026-01-06 16:27:43,364 - DEBUG - Selected small_tip for volume 0.114 mL
2026-01-06 16:27:43,365 - INFO - Pipetting from vial water, amount: 0.100 mL
2026-01-06 16:27:43,366 - INFO - Additional volume from calibration, amount: 0.003 mL
2026-01-06 16:27:43,367 - DEBUG - Adjusting pump 0 speed to 10
2026-01-06 16:27:44,498 - DEBUG - Adjusting pump 0 speed to 8
2026-01-06 16:27:45,506 - DEBUG - Aspirating 0.103 mL then waiting 0.0 s
2026-01-06 16:27:46,434 - DEBUG - Aspirating 0.011 mL then waiting 0 s
2026-01-06 16:27:46,745 - DEBUG - Using calibrated aspirate_speed=8 for water at 0.100mL
2026-01-06 16:27:46,745 - DEBUG - Using calibrated dispense_speed=14 for water at 0.100mL
2026-01-06 16:27:46,745 - DEBUG - Using calibrated aspirate_wait_time=0.0 for water at 0.100mL
2026-01-06 16:27:46,745 - DEBUG - Using calibrated dispense_wait_time=3.5437186 for water at 0.100mL
2026-01-06 16:27:46,745 - DEBUG - Using calibrated retract_speed=10 for water at 0.100mL
2026-01-06 16:27:46,745 - DEBUG - Using calibrated blowout_vol=0.016158898 for water at 0.100mL
2026-01-06 16:27:46,745 - DEBUG - Using calibrated post_asp_air_vol=0.010581106 for water at 0.100mL
2026-01-06 16:27:46,745 - DEBUG - Using calibrated overaspirate_vol=0.003481365000000007 for water at 0.100mL
2026-01-06 16:27:46,745 - DEBUG - Applied object param asp_disp_cycles=0
2026-01-06 16:27:46,745 - DEBUG - Applied object param aspirate_speed=8
2026-01-06 16:27:46,745 - DEBUG - Applied object param aspirate_wait_time=0.0
2026-01-06 16:27:46,745 - DEBUG - Applied object param blowout_vol=0.016158898
2026-01-06 16:27:46,745 - DEBUG - Applied object param dispense_speed=14
2026-01-06 16:27:46,745 - DEBUG - Applied object param dispense_wait_time=3.5437186
2026-01-06 16:27:46,745 - DEBUG - Applied object param overaspirate_vol=0.0034917186137050525
2026-01-06 16:27:46,745 - DEBUG - Applied object param post_asp_air_vol=0.010581106
2026-01-06 16:27:46,745 - DEBUG - Applied object param post_retract_wait_time=0.0
2026-01-06 16:27:46,745 - DEBUG - Applied object param pre_asp_air_vol=0.0
2026-01-06 16:27:46,745 - DEBUG - Applied object param retract_speed=10
2026-01-06 16:27:46,745 - INFO - Pipetting into vial water, amount: 0.100 mL
2026-01-06 16:27:48,545 - INFO - Initial mass reading: -42.524100 g
2026-01-06 16:27:48,546 - DEBUG - Adjusting pump 0 speed to 14
2026-01-06 16:27:50,378 - DEBUG - Dispensing 0.114 mL then waiting 3.5437186 s
2026-01-06 16:27:50,378 - WARNING - Dispense exceeded limit: Dispensing all liquid
2026-01-06 16:27:54,930 - DEBUG - Blowing out 0.016 mL
2026-01-06 16:28:00,741 - INFO - Final mass reading: -42.424000 g
2026-01-06 16:28:00,741 - INFO - Mass difference: 0.100100 g (target: 0.100 mL = ~0.100000 g for water)
2026-01-06 16:28:00,756 - DEBUG - Using calibrated aspirate_speed=8 for water at 0.050mL
2026-01-06 16:28:00,756 - DEBUG - Using calibrated dispense_speed=14 for water at 0.050mL
2026-01-06 16:28:00,756 - DEBUG - Using calibrated aspirate_wait_time=0.0 for water at 0.050mL
2026-01-06 16:28:00,757 - DEBUG - Using calibrated dispense_wait_time=3.5437186 for water at 0.050mL
2026-01-06 16:28:00,757 - DEBUG - Using calibrated retract_speed=10 for water at 0.050mL
2026-01-06 16:28:00,757 - DEBUG - Using calibrated blowout_vol=0.016158898 for water at 0.050mL
2026-01-06 16:28:00,757 - DEBUG - Using calibrated post_asp_air_vol=0.010581106 for water at 0.050mL
2026-01-06 16:28:00,757 - DEBUG - Using calibrated overaspirate_vol=0.004618739939928109 for water at 0.050mL
2026-01-06 16:28:00,757 - INFO - Dispensing 0.050 mL from water to water
2026-01-06 16:28:00,762 - DEBUG - Using calibrated aspirate_speed=8 for water at 0.050mL
2026-01-06 16:28:00,762 - DEBUG - Using calibrated dispense_speed=14 for water at 0.050mL
2026-01-06 16:28:00,762 - DEBUG - Using calibrated aspirate_wait_time=0.0 for water at 0.050mL
2026-01-06 16:28:00,762 - DEBUG - Using calibrated dispense_wait_time=3.5437186 for water at 0.050mL
2026-01-06 16:28:00,762 - DEBUG - Using calibrated retract_speed=10 for water at 0.050mL
2026-01-06 16:28:00,762 - DEBUG - Using calibrated blowout_vol=0.016158898 for water at 0.050mL
2026-01-06 16:28:00,762 - DEBUG - Using calibrated post_asp_air_vol=0.010581106 for water at 0.050mL
2026-01-06 16:28:00,762 - DEBUG - Using calibrated overaspirate_vol=0.004741365000000003 for water at 0.050mL
2026-01-06 16:28:00,762 - DEBUG - Applied object param asp_disp_cycles=0
2026-01-06 16:28:00,762 - DEBUG - Applied object param aspirate_speed=8
2026-01-06 16:28:00,762 - DEBUG - Applied object param aspirate_wait_time=0.0
2026-01-06 16:28:00,762 - DEBUG - Applied object param blowout_vol=0.016158898
2026-01-06 16:28:00,762 - DEBUG - Applied object param dispense_speed=14
2026-01-06 16:28:00,763 - DEBUG - Applied object param dispense_wait_time=3.5437186
2026-01-06 16:28:00,763 - DEBUG - Applied object param overaspirate_vol=0.004618739939928109
2026-01-06 16:28:00,763 - DEBUG - Applied object param post_asp_air_vol=0.010581106
2026-01-06 16:28:00,763 - DEBUG - Applied object param post_retract_wait_time=0.0
2026-01-06 16:28:00,763 - DEBUG - Applied object param pre_asp_air_vol=0.0
2026-01-06 16:28:00,763 - DEBUG - Applied object param retract_speed=10
2026-01-06 16:28:00,763 - DEBUG - Selected small_tip for volume 0.065 mL
2026-01-06 16:28:00,763 - INFO - Pipetting from vial water, amount: 0.050 mL
2026-01-06 16:28:00,763 - INFO - Additional volume from calibration, amount: 0.005 mL
2026-01-06 16:28:00,763 - DEBUG - Adjusting pump 0 speed to 10
2026-01-06 16:28:01,851 - DEBUG - Adjusting pump 0 speed to 8
2026-01-06 16:28:02,820 - DEBUG - Aspirating 0.055 mL then waiting 0.0 s
2026-01-06 16:28:03,579 - DEBUG - Aspirating 0.011 mL then waiting 0 s
2026-01-06 16:28:03,830 - DEBUG - Using calibrated aspirate_speed=8 for water at 0.050mL
2026-01-06 16:28:03,830 - DEBUG - Using calibrated dispense_speed=14 for water at 0.050mL
2026-01-06 16:28:03,830 - DEBUG - Using calibrated aspirate_wait_time=0.0 for water at 0.050mL
2026-01-06 16:28:03,830 - DEBUG - Using calibrated dispense_wait_time=3.5437186 for water at 0.050mL
2026-01-06 16:28:03,830 - DEBUG - Using calibrated retract_speed=10 for water at 0.050mL
2026-01-06 16:28:03,830 - DEBUG - Using calibrated blowout_vol=0.016158898 for water at 0.050mL
2026-01-06 16:28:03,830 - DEBUG - Using calibrated post_asp_air_vol=0.010581106 for water at 0.050mL
2026-01-06 16:28:03,830 - DEBUG - Using calibrated overaspirate_vol=0.004741365000000003 for water at 0.050mL
2026-01-06 16:28:03,830 - DEBUG - Applied object param asp_disp_cycles=0
2026-01-06 16:28:03,830 - DEBUG - Applied object param aspirate_speed=8
2026-01-06 16:28:03,830 - DEBUG - Applied object param aspirate_wait_time=0.0
2026-01-06 16:28:03,830 - DEBUG - Applied object param blowout_vol=0.016158898
2026-01-06 16:28:03,830 - DEBUG - Applied object param dispense_speed=14
2026-01-06 16:28:03,830 - DEBUG - Applied object param dispense_wait_time=3.5437186
2026-01-06 16:28:03,830 - DEBUG - Applied object param overaspirate_vol=0.004618739939928109
2026-01-06 16:28:03,830 - DEBUG - Applied object param post_asp_air_vol=0.010581106
2026-01-06 16:28:03,830 - DEBUG - Applied object param post_retract_wait_time=0.0
2026-01-06 16:28:03,832 - DEBUG - Applied object param pre_asp_air_vol=0.0
2026-01-06 16:28:03,832 - DEBUG - Applied object param retract_speed=10
2026-01-06 16:28:03,832 - INFO - Pipetting into vial water, amount: 0.050 mL
2026-01-06 16:28:07,545 - INFO - Initial mass reading: -42.475400 g
2026-01-06 16:28:07,545 - DEBUG - Adjusting pump 0 speed to 14
2026-01-06 16:28:09,375 - DEBUG - Dispensing 0.065 mL then waiting 3.5437186 s
2026-01-06 16:28:09,375 - WARNING - Dispense exceeded limit: Dispensing all liquid
2026-01-06 16:28:13,607 - DEBUG - Blowing out 0.016 mL
2026-01-06 16:28:17,749 - INFO - Final mass reading: -42.423900 g
2026-01-06 16:28:17,749 - INFO - Mass difference: 0.051500 g (target: 0.050 mL = ~0.050000 g for water)
2026-01-06 16:28:17,756 - DEBUG - Using calibrated aspirate_speed=8 for water at 0.050mL
2026-01-06 16:28:17,756 - DEBUG - Using calibrated dispense_speed=14 for water at 0.050mL
2026-01-06 16:28:17,756 - DEBUG - Using calibrated aspirate_wait_time=0.0 for water at 0.050mL
2026-01-06 16:28:17,756 - DEBUG - Using calibrated dispense_wait_time=3.5437186 for water at 0.050mL
2026-01-06 16:28:17,757 - DEBUG - Using calibrated retract_speed=10 for water at 0.050mL
2026-01-06 16:28:17,757 - DEBUG - Using calibrated blowout_vol=0.016158898 for water at 0.050mL
2026-01-06 16:28:17,757 - DEBUG - Using calibrated post_asp_air_vol=0.010581106 for water at 0.050mL
2026-01-06 16:28:17,757 - DEBUG - Using calibrated overaspirate_vol=0.004618739939928109 for water at 0.050mL
2026-01-06 16:28:17,757 - INFO - Dispensing 0.050 mL from water to water
2026-01-06 16:28:17,762 - DEBUG - Using calibrated aspirate_speed=8 for water at 0.050mL
2026-01-06 16:28:17,763 - DEBUG - Using calibrated dispense_speed=14 for water at 0.050mL
2026-01-06 16:28:17,763 - DEBUG - Using calibrated aspirate_wait_time=0.0 for water at 0.050mL
2026-01-06 16:28:17,763 - DEBUG - Using calibrated dispense_wait_time=3.5437186 for water at 0.050mL
2026-01-06 16:28:17,763 - DEBUG - Using calibrated retract_speed=10 for water at 0.050mL
2026-01-06 16:28:17,763 - DEBUG - Using calibrated blowout_vol=0.016158898 for water at 0.050mL
2026-01-06 16:28:17,763 - DEBUG - Using calibrated post_asp_air_vol=0.010581106 for water at 0.050mL
2026-01-06 16:28:17,763 - DEBUG - Using calibrated overaspirate_vol=0.004741365000000003 for water at 0.050mL
2026-01-06 16:28:17,764 - DEBUG - Applied object param asp_disp_cycles=0
2026-01-06 16:28:17,764 - DEBUG - Applied object param aspirate_speed=8
2026-01-06 16:28:17,764 - DEBUG - Applied object param aspirate_wait_time=0.0
2026-01-06 16:28:17,764 - DEBUG - Applied object param blowout_vol=0.016158898
2026-01-06 16:28:17,764 - DEBUG - Applied object param dispense_speed=14
2026-01-06 16:28:17,764 - DEBUG - Applied object param dispense_wait_time=3.5437186
2026-01-06 16:28:17,764 - DEBUG - Applied object param overaspirate_vol=0.004618739939928109
2026-01-06 16:28:17,764 - DEBUG - Applied object param post_asp_air_vol=0.010581106
2026-01-06 16:28:17,764 - DEBUG - Applied object param post_retract_wait_time=0.0
2026-01-06 16:28:17,764 - DEBUG - Applied object param pre_asp_air_vol=0.0
2026-01-06 16:28:17,764 - DEBUG - Applied object param retract_speed=10
2026-01-06 16:28:17,765 - DEBUG - Selected small_tip for volume 0.065 mL
2026-01-06 16:28:17,766 - INFO - Pipetting from vial water, amount: 0.050 mL
2026-01-06 16:28:17,766 - INFO - Additional volume from calibration, amount: 0.005 mL
2026-01-06 16:28:17,767 - DEBUG - Adjusting pump 0 speed to 10
2026-01-06 16:28:18,884 - DEBUG - Adjusting pump 0 speed to 8
2026-01-06 16:28:19,843 - DEBUG - Aspirating 0.055 mL then waiting 0.0 s
2026-01-06 16:28:20,580 - DEBUG - Aspirating 0.011 mL then waiting 0 s
2026-01-06 16:28:20,915 - DEBUG - Using calibrated aspirate_speed=8 for water at 0.050mL
2026-01-06 16:28:20,915 - DEBUG - Using calibrated dispense_speed=14 for water at 0.050mL
2026-01-06 16:28:20,915 - DEBUG - Using calibrated aspirate_wait_time=0.0 for water at 0.050mL
2026-01-06 16:28:20,915 - DEBUG - Using calibrated dispense_wait_time=3.5437186 for water at 0.050mL
2026-01-06 16:28:20,915 - DEBUG - Using calibrated retract_speed=10 for water at 0.050mL
2026-01-06 16:28:20,915 - DEBUG - Using calibrated blowout_vol=0.016158898 for water at 0.050mL
2026-01-06 16:28:20,915 - DEBUG - Using calibrated post_asp_air_vol=0.010581106 for water at 0.050mL
2026-01-06 16:28:20,915 - DEBUG - Using calibrated overaspirate_vol=0.004741365000000003 for water at 0.050mL
2026-01-06 16:28:20,915 - DEBUG - Applied object param asp_disp_cycles=0
2026-01-06 16:28:20,915 - DEBUG - Applied object param aspirate_speed=8
2026-01-06 16:28:20,915 - DEBUG - Applied object param aspirate_wait_time=0.0
2026-01-06 16:28:20,915 - DEBUG - Applied object param blowout_vol=0.016158898
2026-01-06 16:28:20,915 - DEBUG - Applied object param dispense_speed=14
2026-01-06 16:28:20,915 - DEBUG - Applied object param dispense_wait_time=3.5437186
2026-01-06 16:28:20,915 - DEBUG - Applied object param overaspirate_vol=0.004618739939928109
2026-01-06 16:28:20,915 - DEBUG - Applied object param post_asp_air_vol=0.010581106
2026-01-06 16:28:20,915 - DEBUG - Applied object param post_retract_wait_time=0.0
2026-01-06 16:28:20,915 - DEBUG - Applied object param pre_asp_air_vol=0.0
2026-01-06 16:28:20,915 - DEBUG - Applied object param retract_speed=10
2026-01-06 16:28:20,915 - INFO - Pipetting into vial water, amount: 0.050 mL
2026-01-06 16:28:23,139 - INFO - Initial mass reading: -42.476000 g
2026-01-06 16:28:23,139 - DEBUG - Adjusting pump 0 speed to 14
2026-01-06 16:28:25,009 - DEBUG - Dispensing 0.065 mL then waiting 3.5437186 s
2026-01-06 16:28:25,009 - WARNING - Dispense exceeded limit: Dispensing all liquid
2026-01-06 16:28:29,231 - DEBUG - Blowing out 0.016 mL
2026-01-06 16:28:33,338 - INFO - Final mass reading: -42.424000 g
2026-01-06 16:28:33,338 - INFO - Mass difference: 0.052000 g (target: 0.050 mL = ~0.050000 g for water)
2026-01-06 16:28:33,351 - DEBUG - Using calibrated aspirate_speed=8 for water at 0.050mL
2026-01-06 16:28:33,351 - DEBUG - Using calibrated dispense_speed=14 for water at 0.050mL
2026-01-06 16:28:33,351 - DEBUG - Using calibrated aspirate_wait_time=0.0 for water at 0.050mL
2026-01-06 16:28:33,351 - DEBUG - Using calibrated dispense_wait_time=3.5437186 for water at 0.050mL
2026-01-06 16:28:33,351 - DEBUG - Using calibrated retract_speed=10 for water at 0.050mL
2026-01-06 16:28:33,351 - DEBUG - Using calibrated blowout_vol=0.016158898 for water at 0.050mL
2026-01-06 16:28:33,351 - DEBUG - Using calibrated post_asp_air_vol=0.010581106 for water at 0.050mL
2026-01-06 16:28:33,351 - DEBUG - Using calibrated overaspirate_vol=0.004618739939928109 for water at 0.050mL
2026-01-06 16:28:33,351 - INFO - Dispensing 0.050 mL from water to water
2026-01-06 16:28:33,357 - DEBUG - Using calibrated aspirate_speed=8 for water at 0.050mL
2026-01-06 16:28:33,357 - DEBUG - Using calibrated dispense_speed=14 for water at 0.050mL
2026-01-06 16:28:33,357 - DEBUG - Using calibrated aspirate_wait_time=0.0 for water at 0.050mL
2026-01-06 16:28:33,357 - DEBUG - Using calibrated dispense_wait_time=3.5437186 for water at 0.050mL
2026-01-06 16:28:33,357 - DEBUG - Using calibrated retract_speed=10 for water at 0.050mL
2026-01-06 16:28:33,357 - DEBUG - Using calibrated blowout_vol=0.016158898 for water at 0.050mL
2026-01-06 16:28:33,357 - DEBUG - Using calibrated post_asp_air_vol=0.010581106 for water at 0.050mL
2026-01-06 16:28:33,357 - DEBUG - Using calibrated overaspirate_vol=0.004741365000000003 for water at 0.050mL
2026-01-06 16:28:33,357 - DEBUG - Applied object param asp_disp_cycles=0
2026-01-06 16:28:33,357 - DEBUG - Applied object param aspirate_speed=8
2026-01-06 16:28:33,357 - DEBUG - Applied object param aspirate_wait_time=0.0
2026-01-06 16:28:33,357 - DEBUG - Applied object param blowout_vol=0.016158898
2026-01-06 16:28:33,357 - DEBUG - Applied object param dispense_speed=14
2026-01-06 16:28:33,357 - DEBUG - Applied object param dispense_wait_time=3.5437186
2026-01-06 16:28:33,358 - DEBUG - Applied object param overaspirate_vol=0.004618739939928109
2026-01-06 16:28:33,358 - DEBUG - Applied object param post_asp_air_vol=0.010581106
2026-01-06 16:28:33,358 - DEBUG - Applied object param post_retract_wait_time=0.0
2026-01-06 16:28:33,358 - DEBUG - Applied object param pre_asp_air_vol=0.0
2026-01-06 16:28:33,358 - DEBUG - Applied object param retract_speed=10
2026-01-06 16:28:33,358 - DEBUG - Selected small_tip for volume 0.065 mL
2026-01-06 16:28:33,359 - INFO - Pipetting from vial water, amount: 0.050 mL
2026-01-06 16:28:33,359 - INFO - Additional volume from calibration, amount: 0.005 mL
2026-01-06 16:28:33,359 - DEBUG - Adjusting pump 0 speed to 10
2026-01-06 16:28:34,495 - DEBUG - Adjusting pump 0 speed to 8
2026-01-06 16:28:35,452 - DEBUG - Aspirating 0.055 mL then waiting 0.0 s
2026-01-06 16:28:36,183 - DEBUG - Aspirating 0.011 mL then waiting 0 s
2026-01-06 16:28:36,503 - DEBUG - Using calibrated aspirate_speed=8 for water at 0.050mL
2026-01-06 16:28:36,503 - DEBUG - Using calibrated dispense_speed=14 for water at 0.050mL
2026-01-06 16:28:36,503 - DEBUG - Using calibrated aspirate_wait_time=0.0 for water at 0.050mL
2026-01-06 16:28:36,503 - DEBUG - Using calibrated dispense_wait_time=3.5437186 for water at 0.050mL
2026-01-06 16:28:36,503 - DEBUG - Using calibrated retract_speed=10 for water at 0.050mL
2026-01-06 16:28:36,503 - DEBUG - Using calibrated blowout_vol=0.016158898 for water at 0.050mL
2026-01-06 16:28:36,503 - DEBUG - Using calibrated post_asp_air_vol=0.010581106 for water at 0.050mL
2026-01-06 16:28:36,503 - DEBUG - Using calibrated overaspirate_vol=0.004741365000000003 for water at 0.050mL
2026-01-06 16:28:36,503 - DEBUG - Applied object param asp_disp_cycles=0
2026-01-06 16:28:36,503 - DEBUG - Applied object param aspirate_speed=8
2026-01-06 16:28:36,503 - DEBUG - Applied object param aspirate_wait_time=0.0
2026-01-06 16:28:36,503 - DEBUG - Applied object param blowout_vol=0.016158898
2026-01-06 16:28:36,503 - DEBUG - Applied object param dispense_speed=14
2026-01-06 16:28:36,503 - DEBUG - Applied object param dispense_wait_time=3.5437186
2026-01-06 16:28:36,503 - DEBUG - Applied object param overaspirate_vol=0.004618739939928109
2026-01-06 16:28:36,503 - DEBUG - Applied object param post_asp_air_vol=0.010581106
2026-01-06 16:28:36,503 - DEBUG - Applied object param post_retract_wait_time=0.0
2026-01-06 16:28:36,503 - DEBUG - Applied object param pre_asp_air_vol=0.0
2026-01-06 16:28:36,503 - DEBUG - Applied object param retract_speed=10
2026-01-06 16:28:36,504 - INFO - Pipetting into vial water, amount: 0.050 mL
2026-01-06 16:28:38,335 - INFO - Initial mass reading: -42.476400 g
2026-01-06 16:28:38,335 - DEBUG - Adjusting pump 0 speed to 14
2026-01-06 16:28:40,204 - DEBUG - Dispensing 0.065 mL then waiting 3.5437186 s
2026-01-06 16:28:40,204 - WARNING - Dispense exceeded limit: Dispensing all liquid
2026-01-06 16:28:44,422 - DEBUG - Blowing out 0.016 mL
2026-01-06 16:28:53,143 - INFO - Final mass reading: -42.424300 g
2026-01-06 16:28:53,143 - INFO - Mass difference: 0.052100 g (target: 0.050 mL = ~0.050000 g for water)
2026-01-06 16:28:53,152 - DEBUG - Using calibrated aspirate_speed=8 for water at 0.050mL
2026-01-06 16:28:53,152 - DEBUG - Using calibrated dispense_speed=14 for water at 0.050mL
2026-01-06 16:28:53,152 - DEBUG - Using calibrated aspirate_wait_time=0.0 for water at 0.050mL
2026-01-06 16:28:53,152 - DEBUG - Using calibrated dispense_wait_time=3.5437186 for water at 0.050mL
2026-01-06 16:28:53,153 - DEBUG - Using calibrated retract_speed=10 for water at 0.050mL
2026-01-06 16:28:53,153 - DEBUG - Using calibrated blowout_vol=0.016158898 for water at 0.050mL
2026-01-06 16:28:53,153 - DEBUG - Using calibrated post_asp_air_vol=0.010581106 for water at 0.050mL
2026-01-06 16:28:53,153 - DEBUG - Using calibrated overaspirate_vol=0.004618739939928109 for water at 0.050mL
2026-01-06 16:28:53,153 - INFO - Dispensing 0.050 mL from water to water
2026-01-06 16:28:53,158 - DEBUG - Using calibrated aspirate_speed=8 for water at 0.050mL
2026-01-06 16:28:53,158 - DEBUG - Using calibrated dispense_speed=14 for water at 0.050mL
2026-01-06 16:28:53,158 - DEBUG - Using calibrated aspirate_wait_time=0.0 for water at 0.050mL
2026-01-06 16:28:53,158 - DEBUG - Using calibrated dispense_wait_time=3.5437186 for water at 0.050mL
2026-01-06 16:28:53,158 - DEBUG - Using calibrated retract_speed=10 for water at 0.050mL
2026-01-06 16:28:53,158 - DEBUG - Using calibrated blowout_vol=0.016158898 for water at 0.050mL
2026-01-06 16:28:53,158 - DEBUG - Using calibrated post_asp_air_vol=0.010581106 for water at 0.050mL
2026-01-06 16:28:53,158 - DEBUG - Using calibrated overaspirate_vol=0.004741365000000003 for water at 0.050mL
2026-01-06 16:28:53,158 - DEBUG - Applied object param asp_disp_cycles=0
2026-01-06 16:28:53,158 - DEBUG - Applied object param aspirate_speed=8
2026-01-06 16:28:53,158 - DEBUG - Applied object param aspirate_wait_time=0.0
2026-01-06 16:28:53,158 - DEBUG - Applied object param blowout_vol=0.016158898
2026-01-06 16:28:53,158 - DEBUG - Applied object param dispense_speed=14
2026-01-06 16:28:53,159 - DEBUG - Applied object param dispense_wait_time=3.5437186
2026-01-06 16:28:53,159 - DEBUG - Applied object param overaspirate_vol=0.004618739939928109
2026-01-06 16:28:53,159 - DEBUG - Applied object param post_asp_air_vol=0.010581106
2026-01-06 16:28:53,159 - DEBUG - Applied object param post_retract_wait_time=0.0
2026-01-06 16:28:53,159 - DEBUG - Applied object param pre_asp_air_vol=0.0
2026-01-06 16:28:53,159 - DEBUG - Applied object param retract_speed=10
2026-01-06 16:28:53,159 - DEBUG - Selected small_tip for volume 0.065 mL
2026-01-06 16:28:53,161 - INFO - Pipetting from vial water, amount: 0.050 mL
2026-01-06 16:28:53,161 - INFO - Additional volume from calibration, amount: 0.005 mL
2026-01-06 16:28:53,163 - DEBUG - Adjusting pump 0 speed to 10
2026-01-06 16:28:54,263 - DEBUG - Adjusting pump 0 speed to 8
2026-01-06 16:28:55,255 - DEBUG - Aspirating 0.055 mL then waiting 0.0 s
2026-01-06 16:28:56,006 - DEBUG - Aspirating 0.011 mL then waiting 0 s
2026-01-06 16:28:56,260 - DEBUG - Using calibrated aspirate_speed=8 for water at 0.050mL
2026-01-06 16:28:56,260 - DEBUG - Using calibrated dispense_speed=14 for water at 0.050mL
2026-01-06 16:28:56,260 - DEBUG - Using calibrated aspirate_wait_time=0.0 for water at 0.050mL
2026-01-06 16:28:56,260 - DEBUG - Using calibrated dispense_wait_time=3.5437186 for water at 0.050mL
2026-01-06 16:28:56,260 - DEBUG - Using calibrated retract_speed=10 for water at 0.050mL
2026-01-06 16:28:56,260 - DEBUG - Using calibrated blowout_vol=0.016158898 for water at 0.050mL
2026-01-06 16:28:56,260 - DEBUG - Using calibrated post_asp_air_vol=0.010581106 for water at 0.050mL
2026-01-06 16:28:56,260 - DEBUG - Using calibrated overaspirate_vol=0.004741365000000003 for water at 0.050mL
2026-01-06 16:28:56,260 - DEBUG - Applied object param asp_disp_cycles=0
2026-01-06 16:28:56,260 - DEBUG - Applied object param aspirate_speed=8
2026-01-06 16:28:56,260 - DEBUG - Applied object param aspirate_wait_time=0.0
2026-01-06 16:28:56,260 - DEBUG - Applied object param blowout_vol=0.016158898
2026-01-06 16:28:56,260 - DEBUG - Applied object param dispense_speed=14
2026-01-06 16:28:56,260 - DEBUG - Applied object param dispense_wait_time=3.5437186
2026-01-06 16:28:56,260 - DEBUG - Applied object param overaspirate_vol=0.004618739939928109
2026-01-06 16:28:56,260 - DEBUG - Applied object param post_asp_air_vol=0.010581106
2026-01-06 16:28:56,260 - DEBUG - Applied object param post_retract_wait_time=0.0
2026-01-06 16:28:56,260 - DEBUG - Applied object param pre_asp_air_vol=0.0
2026-01-06 16:28:56,260 - DEBUG - Applied object param retract_speed=10
2026-01-06 16:28:56,260 - INFO - Pipetting into vial water, amount: 0.050 mL
2026-01-06 16:28:58,944 - INFO - Initial mass reading: -42.476600 g
2026-01-06 16:28:58,944 - DEBUG - Adjusting pump 0 speed to 14
2026-01-06 16:29:00,816 - DEBUG - Dispensing 0.065 mL then waiting 3.5437186 s
2026-01-06 16:29:00,816 - WARNING - Dispense exceeded limit: Dispensing all liquid
2026-01-06 16:29:05,008 - DEBUG - Blowing out 0.016 mL
2026-01-06 16:29:08,134 - INFO - Final mass reading: -42.424200 g
2026-01-06 16:29:08,134 - INFO - Mass difference: 0.052400 g (target: 0.050 mL = ~0.050000 g for water)
2026-01-06 16:29:08,153 - DEBUG - Using calibrated aspirate_speed=8 for water at 0.050mL
2026-01-06 16:29:08,153 - DEBUG - Using calibrated dispense_speed=14 for water at 0.050mL
2026-01-06 16:29:08,153 - DEBUG - Using calibrated aspirate_wait_time=0.0 for water at 0.050mL
2026-01-06 16:29:08,153 - DEBUG - Using calibrated dispense_wait_time=3.5437186 for water at 0.050mL
2026-01-06 16:29:08,153 - DEBUG - Using calibrated retract_speed=10 for water at 0.050mL
2026-01-06 16:29:08,153 - DEBUG - Using calibrated blowout_vol=0.016158898 for water at 0.050mL
2026-01-06 16:29:08,153 - DEBUG - Using calibrated post_asp_air_vol=0.010581106 for water at 0.050mL
2026-01-06 16:29:08,153 - DEBUG - Using calibrated overaspirate_vol=0.004618739939928109 for water at 0.050mL
2026-01-06 16:29:08,154 - INFO - Dispensing 0.050 mL from water to water
2026-01-06 16:29:08,160 - DEBUG - Using calibrated aspirate_speed=8 for water at 0.050mL
2026-01-06 16:29:08,160 - DEBUG - Using calibrated dispense_speed=14 for water at 0.050mL
2026-01-06 16:29:08,160 - DEBUG - Using calibrated aspirate_wait_time=0.0 for water at 0.050mL
2026-01-06 16:29:08,160 - DEBUG - Using calibrated dispense_wait_time=3.5437186 for water at 0.050mL
2026-01-06 16:29:08,160 - DEBUG - Using calibrated retract_speed=10 for water at 0.050mL
2026-01-06 16:29:08,160 - DEBUG - Using calibrated blowout_vol=0.016158898 for water at 0.050mL
2026-01-06 16:29:08,160 - DEBUG - Using calibrated post_asp_air_vol=0.010581106 for water at 0.050mL
2026-01-06 16:29:08,160 - DEBUG - Using calibrated overaspirate_vol=0.004741365000000003 for water at 0.050mL
2026-01-06 16:29:08,160 - DEBUG - Applied object param asp_disp_cycles=0
2026-01-06 16:29:08,160 - DEBUG - Applied object param aspirate_speed=8
2026-01-06 16:29:08,160 - DEBUG - Applied object param aspirate_wait_time=0.0
2026-01-06 16:29:08,160 - DEBUG - Applied object param blowout_vol=0.016158898
2026-01-06 16:29:08,160 - DEBUG - Applied object param dispense_speed=14
2026-01-06 16:29:08,160 - DEBUG - Applied object param dispense_wait_time=3.5437186
2026-01-06 16:29:08,160 - DEBUG - Applied object param overaspirate_vol=0.004618739939928109
2026-01-06 16:29:08,160 - DEBUG - Applied object param post_asp_air_vol=0.010581106
2026-01-06 16:29:08,160 - DEBUG - Applied object param post_retract_wait_time=0.0
2026-01-06 16:29:08,161 - DEBUG - Applied object param pre_asp_air_vol=0.0
2026-01-06 16:29:08,161 - DEBUG - Applied object param retract_speed=10
2026-01-06 16:29:08,161 - DEBUG - Selected small_tip for volume 0.065 mL
2026-01-06 16:29:08,162 - INFO - Pipetting from vial water, amount: 0.050 mL
2026-01-06 16:29:08,162 - INFO - Additional volume from calibration, amount: 0.005 mL
2026-01-06 16:29:08,163 - DEBUG - Adjusting pump 0 speed to 10
2026-01-06 16:29:09,272 - DEBUG - Adjusting pump 0 speed to 8
2026-01-06 16:29:10,240 - DEBUG - Aspirating 0.055 mL then waiting 0.0 s
2026-01-06 16:29:10,952 - DEBUG - Aspirating 0.011 mL then waiting 0 s
2026-01-06 16:29:11,280 - DEBUG - Using calibrated aspirate_speed=8 for water at 0.050mL
2026-01-06 16:29:11,280 - DEBUG - Using calibrated dispense_speed=14 for water at 0.050mL
2026-01-06 16:29:11,280 - DEBUG - Using calibrated aspirate_wait_time=0.0 for water at 0.050mL
2026-01-06 16:29:11,280 - DEBUG - Using calibrated dispense_wait_time=3.5437186 for water at 0.050mL
2026-01-06 16:29:11,280 - DEBUG - Using calibrated retract_speed=10 for water at 0.050mL
2026-01-06 16:29:11,280 - DEBUG - Using calibrated blowout_vol=0.016158898 for water at 0.050mL
2026-01-06 16:29:11,280 - DEBUG - Using calibrated post_asp_air_vol=0.010581106 for water at 0.050mL
2026-01-06 16:29:11,280 - DEBUG - Using calibrated overaspirate_vol=0.004741365000000003 for water at 0.050mL
2026-01-06 16:29:11,280 - DEBUG - Applied object param asp_disp_cycles=0
2026-01-06 16:29:11,280 - DEBUG - Applied object param aspirate_speed=8
2026-01-06 16:29:11,280 - DEBUG - Applied object param aspirate_wait_time=0.0
2026-01-06 16:29:11,280 - DEBUG - Applied object param blowout_vol=0.016158898
2026-01-06 16:29:11,280 - DEBUG - Applied object param dispense_speed=14
2026-01-06 16:29:11,280 - DEBUG - Applied object param dispense_wait_time=3.5437186
2026-01-06 16:29:11,280 - DEBUG - Applied object param overaspirate_vol=0.004618739939928109
2026-01-06 16:29:11,280 - DEBUG - Applied object param post_asp_air_vol=0.010581106
2026-01-06 16:29:11,280 - DEBUG - Applied object param post_retract_wait_time=0.0
2026-01-06 16:29:11,280 - DEBUG - Applied object param pre_asp_air_vol=0.0
2026-01-06 16:29:11,280 - DEBUG - Applied object param retract_speed=10
2026-01-06 16:29:11,280 - INFO - Pipetting into vial water, amount: 0.050 mL
2026-01-06 16:29:13,734 - INFO - Initial mass reading: -42.476300 g
2026-01-06 16:29:13,734 - DEBUG - Adjusting pump 0 speed to 14
2026-01-06 16:29:15,557 - DEBUG - Dispensing 0.065 mL then waiting 3.5437186 s
2026-01-06 16:29:15,557 - WARNING - Dispense exceeded limit: Dispensing all liquid
