2025-09-22 18:10:53,264 - INFO - Initializing North Robot...
2025-09-22 18:10:53,264 - DEBUG - Loading robot configuration files...
2025-09-22 18:10:53,264 - DEBUG - Loaded vial positions configuration from ../utoronto_demo/robot_state/vial_positions.yaml
2025-09-22 18:10:53,264 - DEBUG - Loaded pipet tips configuration from ../utoronto_demo/robot_state/pipet_tips.yaml
2025-09-22 18:10:53,275 - DEBUG - Loaded pipet racks configuration from ../utoronto_demo/robot_state/pipet_racks.yaml
2025-09-22 18:10:53,279 - DEBUG - Loaded pump configuration from ../utoronto_demo/robot_state/syringe_pumps.yaml
2025-09-22 18:10:53,282 - DEBUG - Loaded robot hardware configuration from ../utoronto_demo/robot_state/robot_hardware.yaml
2025-09-22 18:10:53,282 - DEBUG - Loaded wellplate properties configuration from ../utoronto_demo/robot_state/wellplates.yaml
2025-09-22 18:10:53,282 - DEBUG - Loading robot state files...
2025-09-22 18:10:53,282 - DEBUG - Loaded vial data from ../utoronto_demo/status/calibration_vials_short.csv
2025-09-22 18:10:53,282 - DEBUG - Loaded robot status from ../utoronto_demo/robot_state/robot_status.yaml
2025-09-22 18:10:53,282 - DEBUG - Loaded wellplate positions from ../utoronto_demo/robot_state/wellplates.yaml
2025-09-22 18:10:53,282 - DEBUG - Loading pumps from YAML configuration...
2025-09-22 18:10:53,295 - DEBUG - Loaded pump 0: volume=1.0mL, speed=11, liquid=None
2025-09-22 18:10:53,295 - DEBUG - Loaded pump 1: volume=2.5mL, speed=15, liquid=water
2025-09-22 18:10:53,295 - DEBUG - Physical initialization of North Robot...
2025-09-22 18:10:53,295 - INFO - Moving robot to home position
2025-09-22 18:10:53,295 - INFO - Initializing North Track...
2025-09-22 18:10:53,295 - DEBUG - Loading track status from file: ../utoronto_demo/robot_state/track_status.yaml
2025-09-22 18:10:53,295 - DEBUG - Getting track status from file: ../utoronto_demo/robot_state/track_status.yaml
2025-09-22 18:10:53,295 - DEBUG - Loaded track status from ../utoronto_demo/robot_state/track_status.yaml
2025-09-22 18:10:53,295 - DEBUG - Loading track positions from: ../utoronto_demo/robot_state/track_positions.yaml
2025-09-22 18:10:53,295 - DEBUG - Loaded track positions configuration from ../utoronto_demo/robot_state/track_positions.yaml
2025-09-22 18:10:53,295 - DEBUG - Loading robot hardware configuration from: ../utoronto_demo/robot_state/robot_hardware.yaml
2025-09-22 18:10:53,295 - DEBUG - Loaded robot hardware configuration from ../utoronto_demo/robot_state/robot_hardware.yaml
2025-09-22 18:10:53,295 - DEBUG - Loaded wellplate properties configuration from ../utoronto_demo/robot_state/wellplates.yaml
2025-09-22 18:10:53,295 - INFO -    vial_index           vial_name         location  location_index  vial_volume  capped cap_type vial_type    home_location  home_location_index
0           0  measurement_vial_0    main_8mL_rack               0         7.05    True     open      8_mL    main_8mL_rack                    0
1           1  measurement_vial_1    main_8mL_rack               1         7.05    True     open      8_mL    main_8mL_rack                    1
2           2  measurement_vial_2    main_8mL_rack               2         0.30    True     open      8_mL    main_8mL_rack                    2
3           3       liquid_source  large_vial_rack               2         5.60    True     open     20_mL  large_vial_rack                    2
2025-09-22 18:10:53,317 - INFO - Visualizing vial racks...
2025-09-22 18:10:53,492 - DEBUG - Visualizing rack: Main Rack with filter: main_8mL_rack
2025-09-22 18:10:53,575 - DEBUG - Visualizing rack: Second Rack with filter: large_vial_rack
2025-09-22 18:10:56,038 - INFO - Moving vial measurement_vial_0 to clamp: 0
2025-09-22 18:10:56,038 - DEBUG - Grabbing vial 0 with index 0
2025-09-22 18:10:56,044 - DEBUG - Saving robot status to file: ../utoronto_demo/robot_state/robot_status.yaml
2025-09-22 18:10:56,044 - DEBUG - Dropping off vial 0 at location clamp with index 0
2025-09-22 18:10:56,046 - DEBUG - Saving robot status to file: ../utoronto_demo/robot_state/robot_status.yaml
2025-09-22 18:10:56,046 - INFO - Liquid: 
2025-09-22 18:10:56,151 - DEBUG - Removing pipet
2025-09-22 18:10:56,151 - DEBUG - Saving robot status to file: ../utoronto_demo/robot_state/robot_status.yaml
2025-09-22 18:10:56,151 - INFO - Returning vial measurement_vial_0 to home location
2025-09-22 18:10:56,153 - INFO - Moving vial measurement_vial_0 to main_8mL_rack: 0
2025-09-22 18:10:56,153 - DEBUG - Grabbing vial 0 with index 0
2025-09-22 18:10:56,155 - DEBUG - Saving robot status to file: ../utoronto_demo/robot_state/robot_status.yaml
2025-09-22 18:10:56,155 - DEBUG - Dropping off vial 0 at location main_8mL_rack with index 0
2025-09-22 18:10:56,156 - DEBUG - Saving robot status to file: ../utoronto_demo/robot_state/robot_status.yaml
2025-09-22 18:10:56,156 - DEBUG - Saving robot status to file: ../utoronto_demo/robot_state/robot_status.yaml
2025-09-22 18:10:56,156 - INFO - [info] Switching to new measurement vial: measurement_vial_1
2025-09-22 18:10:56,158 - INFO - Moving vial measurement_vial_1 to clamp: 0
2025-09-22 18:10:56,158 - DEBUG - Grabbing vial 1 with index 1
2025-09-22 18:10:56,159 - DEBUG - Saving robot status to file: ../utoronto_demo/robot_state/robot_status.yaml
2025-09-22 18:10:56,160 - DEBUG - Dropping off vial 1 at location clamp with index 0
2025-09-22 18:10:56,160 - DEBUG - Saving robot status to file: ../utoronto_demo/robot_state/robot_status.yaml
