2026-03-10 13:40:44,400 - DEBUG - No workflow config provided - using default initialization
2026-03-10 13:40:44,400 - INFO - Launching status review GUI...
2026-03-10 13:40:44,574 - INFO - Detected workflow name: run_calibration
2026-03-10 13:40:44,847 - INFO - Config editor loaded for workflow: run_calibration
2026-03-10 13:41:23,395 - INFO - User selected: Run Workflow
2026-03-10 13:41:23,406 - INFO - Status review completed - proceeding with hardware initialization
2026-03-10 13:41:23,966 - INFO - Initializing North Robot...
2026-03-10 13:41:23,967 - DEBUG - Loading robot configuration files...
2026-03-10 13:41:23,975 - DEBUG - Loaded vial positions configuration from robot_state/vial_positions.yaml
2026-03-10 13:41:23,976 - DEBUG - Loaded pipet tips configuration from robot_state/pipet_tips.yaml
2026-03-10 13:41:23,981 - DEBUG - Loaded pipet racks configuration from robot_state/pipet_racks.yaml
2026-03-10 13:41:23,984 - DEBUG - Loaded pump configuration from robot_state/syringe_pumps.yaml
2026-03-10 13:41:23,987 - DEBUG - Loaded robot hardware configuration from robot_state/robot_hardware.yaml
2026-03-10 13:41:23,990 - DEBUG - Loaded wellplate properties configuration from robot_state/wellplates.yaml
2026-03-10 13:41:23,990 - DEBUG - Loading robot state files...
2026-03-10 13:41:23,998 - DEBUG - Loaded vial data from status/calibration_vials_short.csv
2026-03-10 13:41:23,998 - DEBUG - Loaded robot status from robot_state/robot_status.yaml
2026-03-10 13:41:23,998 - DEBUG - Loaded wellplate positions from robot_state/wellplates.yaml
2026-03-10 13:41:23,998 - DEBUG - Robot status loaded successfully
2026-03-10 13:41:23,998 - INFO - Physical initialization of North Robot...
2026-03-10 13:41:27,517 - DEBUG - Loading pumps from YAML configuration...
2026-03-10 13:41:27,629 - DEBUG - Loaded pump 0: volume=1.0mL, speed=11, liquid=None
2026-03-10 13:41:27,731 - DEBUG - Loaded pump 1: volume=2.5mL, speed=15, liquid=water
2026-03-10 13:41:27,731 - INFO - Moving robot to home position
2026-03-10 13:41:28,153 - DEBUG - Initializing centrifuge controller...
2026-03-10 13:41:28,153 - INFO - Initializing North Track...
2026-03-10 13:41:28,153 - DEBUG - Loading track status from file: robot_state/track_status.yaml
2026-03-10 13:41:28,153 - DEBUG - Getting track status from file: robot_state/track_status.yaml
2026-03-10 13:41:28,154 - DEBUG - Loaded track status from robot_state/track_status.yaml
2026-03-10 13:41:28,154 - DEBUG - Loading track positions from: robot_state/track_positions.yaml
2026-03-10 13:41:28,160 - DEBUG - Loaded track positions configuration from robot_state/track_positions.yaml
2026-03-10 13:41:28,160 - DEBUG - Loading robot hardware configuration from: robot_state/robot_hardware.yaml
2026-03-10 13:41:28,162 - DEBUG - Loaded robot hardware configuration from robot_state/robot_hardware.yaml
2026-03-10 13:41:28,166 - DEBUG - Loaded wellplate properties configuration from robot_state/wellplates.yaml
2026-03-10 13:41:28,232 - DEBUG - Moving North Track to home position
2026-03-10 13:41:28,232 - DEBUG - Detected origin position (0,0) - setting location to 'origin'
2026-03-10 13:41:28,232 - DEBUG - Updated gripper location to: origin at position {'x': 0, 'z': 0}
2026-03-10 13:41:28,232 - INFO - Homing all robot components...
2026-03-10 13:41:28,232 - DEBUG - Homing carousel...
2026-03-10 13:41:35,991 - DEBUG - Homing robot axes...
2026-03-10 13:41:48,229 - DEBUG - Homing pump 0...
2026-03-10 13:41:49,977 - DEBUG - Homing pump 1...
2026-03-10 13:41:51,625 - DEBUG - Homing track axes...
2026-03-10 13:41:51,625 - DEBUG - Homing track axis z_axis (axis 6)...
2026-03-10 13:41:55,176 - DEBUG - Homing track axis x_axis (axis 7)...
2026-03-10 13:41:56,921 - INFO - All robot components homed successfully
2026-03-10 13:41:56,924 - INFO - Moving vial liquid_source_0 to clamp: 0
2026-03-10 13:41:56,924 - DEBUG - Grabbing vial 1 with index 1
