2025-09-02 11:40:33,126 - INFO - Initializing North Robot...
2025-09-02 11:40:33,128 - DEBUG - Getting robot status from file: ../utoronto_demo/status/robot_status.yaml
2025-09-02 11:40:33,134 - DEBUG - Physical initialization of North Robot...
2025-09-02 11:40:33,134 - INFO - Moving robot to home position
2025-09-02 11:40:33,289 - DEBUG - Loading pumps...
2025-09-02 11:40:33,291 - INFO - Initializing North Track...
2025-09-02 11:40:33,291 - DEBUG - Loading track status from file: ../utoronto_demo/status/track_status.yaml
2025-09-02 11:40:33,291 - DEBUG - Getting track status from file: ../utoronto_demo/status/track_status.yaml
2025-09-02 11:40:33,295 - INFO -    vial_index           vial_name         location  location_index  vial_volume  capped cap_type vial_type    home_location  home_location_index
0           0  measurement_vial_0    main_8mL_rack               0            0    True     open      8_mL    main_8mL_rack                    0
1           1  measurement_vial_1    main_8mL_rack               1            0    True     open      8_mL    main_8mL_rack                    1
2           2  measurement_vial_2    main_8mL_rack               2            0    True     open      8_mL    main_8mL_rack                    2
3           3       liquid_source  large_vial_rack               2           50    True     open     20_mL  large_vial_rack                    2
2025-09-02 11:40:33,316 - INFO - Visualizing vial racks...
2025-09-02 11:40:33,499 - DEBUG - Visualizing rack: Main Rack with filter: main_8mL_rack
2025-09-02 11:40:33,586 - DEBUG - Visualizing rack: Second Rack with filter: large_vial_rack
2025-09-02 11:40:34,914 - INFO - Moving vial measurement_vial_0 to clamp: 0
2025-09-02 11:40:34,914 - DEBUG - Grabbing vial 0 with index 0
2025-09-02 11:40:34,918 - DEBUG - Saving robot status to file: ../utoronto_demo/status/robot_status.yaml
2025-09-02 11:40:34,919 - DEBUG - Dropping off vial 0 at location clamp with index 0
2025-09-02 11:40:34,919 - DEBUG - Saving robot status to file: ../utoronto_demo/status/robot_status.yaml
