2026-02-02 18:01:31,573 - INFO - Initializing North Robot...
2026-02-02 18:01:31,573 - DEBUG - Loading robot configuration files...
2026-02-02 18:01:31,582 - DEBUG - Loaded vial positions configuration from robot_state/vial_positions.yaml
2026-02-02 18:01:31,584 - DEBUG - Loaded pipet tips configuration from robot_state/pipet_tips.yaml
2026-02-02 18:01:31,588 - DEBUG - Loaded pipet racks configuration from robot_state/pipet_racks.yaml
2026-02-02 18:01:31,590 - DEBUG - Loaded pump configuration from robot_state/syringe_pumps.yaml
2026-02-02 18:01:31,594 - DEBUG - Loaded robot hardware configuration from robot_state/robot_hardware.yaml
2026-02-02 18:01:31,597 - DEBUG - Loaded wellplate properties configuration from robot_state/wellplates.yaml
2026-02-02 18:01:31,597 - DEBUG - Loading robot state files...
2026-02-02 18:01:31,600 - DEBUG - Loaded vial data from ../utoronto_demo/status/sample_capped_vial.txt
2026-02-02 18:01:31,600 - DEBUG - Loaded robot status from robot_state/robot_status.yaml
2026-02-02 18:01:31,600 - DEBUG - Loaded wellplate positions from robot_state/wellplates.yaml
2026-02-02 18:01:31,600 - DEBUG - Robot status loaded successfully
2026-02-02 18:01:31,600 - INFO - Physical initialization of North Robot...
2026-02-02 18:01:35,134 - DEBUG - Loading pumps from YAML configuration...
2026-02-02 18:01:35,241 - DEBUG - Loaded pump 0: volume=1.0mL, speed=11, liquid=None
2026-02-02 18:01:35,344 - DEBUG - Loaded pump 1: volume=2.5mL, speed=15, liquid=water
2026-02-02 18:01:35,344 - INFO - Moving robot to home position
2026-02-02 18:01:35,774 - DEBUG - Initializing centrifuge controller...
2026-02-02 18:01:35,774 - INFO - Initializing North Track...
2026-02-02 18:01:35,774 - DEBUG - Loading track status from file: robot_state/track_status.yaml
2026-02-02 18:01:35,774 - DEBUG - Getting track status from file: robot_state/track_status.yaml
2026-02-02 18:01:35,774 - DEBUG - Loaded track status from robot_state/track_status.yaml
2026-02-02 18:01:35,774 - DEBUG - Loading track positions from: robot_state/track_positions.yaml
2026-02-02 18:01:35,774 - DEBUG - Loaded track positions configuration from robot_state/track_positions.yaml
2026-02-02 18:01:35,774 - DEBUG - Loading robot hardware configuration from: robot_state/robot_hardware.yaml
2026-02-02 18:01:35,774 - DEBUG - Loaded robot hardware configuration from robot_state/robot_hardware.yaml
2026-02-02 18:01:35,774 - DEBUG - Loaded wellplate properties configuration from robot_state/wellplates.yaml
2026-02-02 18:01:35,862 - DEBUG - Moving North Track to home position
2026-02-02 18:01:35,863 - DEBUG - Initializing temperature controller...
2026-02-02 18:01:35,863 - DEBUG - Setting centrifuge speed to 10000 RPM
2026-02-02 18:01:46,075 - DEBUG - Stopping centrifuge spin
