2025-09-30 16:05:44,341 - INFO - Initializing North Robot...
2025-09-30 16:05:44,341 - DEBUG - Loading robot configuration files...
2025-09-30 16:05:44,358 - DEBUG - Loaded vial positions configuration from ../utoronto_demo/robot_state/vial_positions.yaml
2025-09-30 16:05:44,359 - DEBUG - Loaded pipet tips configuration from ../utoronto_demo/robot_state/pipet_tips.yaml
2025-09-30 16:05:44,363 - DEBUG - Loaded pipet racks configuration from ../utoronto_demo/robot_state/pipet_racks.yaml
2025-09-30 16:05:44,365 - DEBUG - Loaded pump configuration from ../utoronto_demo/robot_state/syringe_pumps.yaml
2025-09-30 16:05:44,368 - DEBUG - Loaded robot hardware configuration from ../utoronto_demo/robot_state/robot_hardware.yaml
2025-09-30 16:05:44,371 - DEBUG - Loaded wellplate properties configuration from ../utoronto_demo/robot_state/wellplates.yaml
2025-09-30 16:05:44,371 - DEBUG - Loading robot state files...
2025-09-30 16:05:44,374 - DEBUG - Loaded vial data from ../utoronto_demo/status/calibration_vials_short.csv
2025-09-30 16:05:44,375 - DEBUG - Loaded robot status from ../utoronto_demo/robot_state/robot_status.yaml
2025-09-30 16:05:44,376 - DEBUG - Loaded wellplate positions from ../utoronto_demo/robot_state/wellplates.yaml
2025-09-30 16:05:44,376 - DEBUG - Physical initialization of North Robot...
2025-09-30 16:05:44,684 - INFO - Moving robot to home position
2025-09-30 16:05:44,979 - DEBUG - Loading pumps from YAML configuration...
2025-09-30 16:05:45,092 - DEBUG - Loaded pump 0: volume=1.0mL, speed=11, liquid=None
2025-09-30 16:05:45,209 - DEBUG - Loaded pump 1: volume=2.5mL, speed=15, liquid=water
2025-09-30 16:05:45,424 - INFO - Initializing North Track...
2025-09-30 16:05:45,424 - DEBUG - Loading track status from file: ../utoronto_demo/robot_state/track_status.yaml
2025-09-30 16:05:45,424 - DEBUG - Getting track status from file: ../utoronto_demo/robot_state/track_status.yaml
2025-09-30 16:05:45,424 - DEBUG - Loaded track status from ../utoronto_demo/robot_state/track_status.yaml
2025-09-30 16:05:45,424 - DEBUG - Loading track positions from: ../utoronto_demo/robot_state/track_positions.yaml
2025-09-30 16:05:45,424 - DEBUG - Loaded track positions configuration from ../utoronto_demo/robot_state/track_positions.yaml
2025-09-30 16:05:45,424 - DEBUG - Loading robot hardware configuration from: ../utoronto_demo/robot_state/robot_hardware.yaml
2025-09-30 16:05:45,445 - DEBUG - Loaded robot hardware configuration from ../utoronto_demo/robot_state/robot_hardware.yaml
2025-09-30 16:05:45,449 - DEBUG - Loaded wellplate properties configuration from ../utoronto_demo/robot_state/wellplates.yaml
2025-09-30 16:05:45,452 - INFO -    vial_index           vial_name         location  location_index  vial_volume  capped cap_type vial_type    home_location  home_location_index
0           0  measurement_vial_0    main_8mL_rack               0     6.242795    True     open      8_mL    main_8mL_rack                    0
1           1  measurement_vial_1    main_8mL_rack               1     0.000000    True     open      8_mL    main_8mL_rack                    1
2           2  measurement_vial_2    main_8mL_rack               2     0.000000    True     open      8_mL    main_8mL_rack                    2
3           3       liquid_source  large_vial_rack               2    13.757205    True     open     20_mL  large_vial_rack                    2
2025-09-30 16:05:45,468 - INFO - Visualizing vial racks...
2025-09-30 16:05:45,608 - DEBUG - Visualizing rack: Main Rack with filter: main_8mL_rack
2025-09-30 16:05:45,756 - DEBUG - Visualizing rack: Second Rack with filter: large_vial_rack
2025-09-30 16:05:57,937 - INFO - Moving vial measurement_vial_0 to clamp: 0
2025-09-30 16:05:57,937 - DEBUG - Grabbing vial 0 with index 0
2025-09-30 16:06:00,680 - DEBUG - Dropping off vial 0 at location clamp with index 0
2025-09-30 16:06:03,423 - INFO - Liquid: {'density': 1.26, 'refill_pipets': True}
2025-09-30 16:06:03,692 - DEBUG - Selected small_tip for volume 0.075 mL
2025-09-30 16:06:03,693 - INFO - Getting small_tip (pipet number 0) from rack: small_tip_rack_1
2025-09-30 16:06:08,894 - INFO - Pipetting from vial liquid_source, amount: 0.075 mL
2025-09-30 16:06:08,894 - DEBUG - Adjusting pump 0 speed to 23.0
2025-09-30 16:06:09,538 - ERROR - Error in condition 1: Communication with the controller timed out...
2025-09-30 16:06:09,555 - DEBUG - Selected small_tip for volume 0.055 mL
2025-09-30 16:06:09,561 - INFO - Pipetting from vial liquid_source, amount: 0.055 mL
2025-09-30 16:06:09,567 - DEBUG - Adjusting pump 0 speed to 27.0
2025-09-30 16:06:10,208 - ERROR - Error in condition 2: Communication with the controller timed out...
2025-09-30 16:06:10,226 - DEBUG - Selected small_tip for volume 0.075 mL
2025-09-30 16:06:10,231 - INFO - Pipetting from vial liquid_source, amount: 0.075 mL
2025-09-30 16:06:10,241 - DEBUG - Adjusting pump 0 speed to 27.0
2025-09-30 16:06:10,875 - ERROR - Error in condition 3: Communication with the controller timed out...
2025-09-30 16:06:10,893 - DEBUG - Selected small_tip for volume 0.060 mL
2025-09-30 16:06:10,899 - INFO - Pipetting from vial liquid_source, amount: 0.06 mL
2025-09-30 16:06:10,906 - DEBUG - Adjusting pump 0 speed to 11.0
2025-09-30 16:06:14,023 - DEBUG - Aspirating 0.060 mL then waiting 18.0 s
2025-09-30 16:06:32,919 - DEBUG - Aspirating 0.100 mL then waiting 0 s
2025-09-30 16:06:33,559 - INFO - Pipetting into vial measurement_vial_0, amount: 0.06 mL
2025-09-30 16:06:35,350 - DEBUG - Adjusting pump 0 speed to 8.0
2025-09-30 16:06:35,990 - ERROR - Error in condition 4: Communication with the controller timed out...
2025-09-30 16:06:35,990 - INFO - Removing pipet
2025-09-30 16:06:39,077 - INFO - Returning vial measurement_vial_0 to home location
2025-09-30 16:06:39,077 - INFO - Moving vial measurement_vial_0 to main_8mL_rack: 0
2025-09-30 16:06:39,077 - DEBUG - Grabbing vial 0 with index 0
2025-09-30 16:06:41,604 - DEBUG - Dropping off vial 0 at location main_8mL_rack with index 0
