2025-11-24 17:18:10,912 - INFO - Initializing North Robot...
2025-11-24 17:18:10,912 - DEBUG - Loading robot configuration files...
2025-11-24 17:18:10,929 - DEBUG - Loaded vial positions configuration from robot_state/vial_positions.yaml
2025-11-24 17:18:10,930 - DEBUG - Loaded pipet tips configuration from robot_state/pipet_tips.yaml
2025-11-24 17:18:10,934 - DEBUG - Loaded pipet racks configuration from robot_state/pipet_racks.yaml
2025-11-24 17:18:10,934 - DEBUG - Loaded pump configuration from robot_state/syringe_pumps.yaml
2025-11-24 17:18:10,934 - DEBUG - Loaded robot hardware configuration from robot_state/robot_hardware.yaml
2025-11-24 17:18:10,944 - DEBUG - Loaded wellplate properties configuration from robot_state/wellplates.yaml
2025-11-24 17:18:10,944 - DEBUG - Loading robot state files...
2025-11-24 17:18:10,946 - DEBUG - Loaded vial data from ../utoronto_demo/status/surfactant_grid_vials.csv
2025-11-24 17:18:10,946 - DEBUG - Loaded robot status from robot_state/robot_status.yaml
2025-11-24 17:18:10,946 - DEBUG - Loaded wellplate positions from robot_state/wellplates.yaml
2025-11-24 17:18:10,946 - DEBUG - Robot status loaded successfully
2025-11-24 17:18:10,946 - DEBUG - Loading pumps from YAML configuration...
2025-11-24 17:18:11,061 - DEBUG - Loaded pump 0: volume=1.0mL, speed=11, liquid=None
2025-11-24 17:18:11,161 - DEBUG - Loaded pump 1: volume=2.5mL, speed=15, liquid=water
2025-11-24 17:18:11,161 - DEBUG - Physical initialization of North Robot...
2025-11-24 17:18:11,471 - INFO - Moving robot to home position
2025-11-24 17:18:19,518 - DEBUG - Current reader status: 0
2025-11-24 17:18:19,518 - INFO - Cytation5 is connected and ready
2025-11-24 17:18:19,518 - INFO - Initializing North Track...
2025-11-24 17:18:19,518 - DEBUG - Loading track status from file: robot_state/track_status.yaml
2025-11-24 17:18:19,529 - DEBUG - Getting track status from file: robot_state/track_status.yaml
2025-11-24 17:18:19,529 - DEBUG - Loaded track status from robot_state/track_status.yaml
2025-11-24 17:18:19,529 - DEBUG - Loading track positions from: robot_state/track_positions.yaml
2025-11-24 17:18:19,533 - DEBUG - Loaded track positions configuration from robot_state/track_positions.yaml
2025-11-24 17:18:19,533 - DEBUG - Loading robot hardware configuration from: robot_state/robot_hardware.yaml
2025-11-24 17:18:19,533 - DEBUG - Loaded robot hardware configuration from robot_state/robot_hardware.yaml
2025-11-24 17:18:19,533 - DEBUG - Loaded wellplate properties configuration from robot_state/wellplates.yaml
2025-11-24 17:18:19,648 - DEBUG - Moving North Track to home position
2025-11-24 17:18:19,648 - INFO - Moving robot to home position
2025-11-24 17:18:20,049 - DEBUG - Moving North Track to home position
2025-11-24 17:18:20,049 - INFO - Homing all robot components...
2025-11-24 17:18:20,049 - DEBUG - Homing carousel...
2025-11-24 17:18:27,823 - DEBUG - Homing robot axes...
2025-11-24 17:18:40,075 - DEBUG - Homing pump 0...
2025-11-24 17:18:41,786 - DEBUG - Homing pump 1...
2025-11-24 17:18:43,477 - DEBUG - Homing track axes...
2025-11-24 17:18:43,477 - DEBUG - Homing track axis z_axis (axis 6)...
2025-11-24 17:18:47,030 - DEBUG - Homing track axis x_axis (axis 7)...
2025-11-24 17:18:51,031 - INFO - All robot components homed successfully
2025-11-24 17:18:51,031 - INFO -     vial_index                vial_name       location  location_index  vial_volume  capped cap_type vial_type  home_location  home_location_index
0            0             surfactant_a  main_8mL_rack               0          7.0    True     open      8_mL  main_8mL_rack                    0
1            1             surfactant_b  main_8mL_rack               1          7.0    True     open      8_mL  main_8mL_rack                    1
2            2  dilution_surfactant_a_0  main_8mL_rack               2          0.0    True     open      8_mL  main_8mL_rack                    2
3            3  dilution_surfactant_a_1  main_8mL_rack               3          0.0    True     open      8_mL  main_8mL_rack                    3
4            4  dilution_surfactant_a_2  main_8mL_rack               4          0.0    True     open      8_mL  main_8mL_rack                    4
5            5  dilution_surfactant_a_3  main_8mL_rack               5          0.0    True     open      8_mL  main_8mL_rack                    5
6            6  dilution_surfactant_a_4  main_8mL_rack               6          0.0    True     open      8_mL  main_8mL_rack                    6
7            7  dilution_surfactant_a_5  main_8mL_rack               7          0.0    True     open      8_mL  main_8mL_rack                    7
8            8  dilution_surfactant_b_0  main_8mL_rack               8          0.0    True     open      8_mL  main_8mL_rack                    8
9            9  dilution_surfactant_b_1  main_8mL_rack               9          0.0    True     open      8_mL  main_8mL_rack                    9
10          10  dilution_surfactant_b_2  main_8mL_rack              10          0.0    True     open      8_mL  main_8mL_rack                   10
11          11  dilution_surfactant_b_3  main_8mL_rack              11          0.0    True     open      8_mL  main_8mL_rack                   11
12          12  dilution_surfactant_b_4  main_8mL_rack              12          0.0    True     open      8_mL  main_8mL_rack                   12
13          13  dilution_surfactant_b_5  main_8mL_rack              13          0.0    True     open      8_mL  main_8mL_rack                   13
14          14                    water  main_8mL_rack              43          0.0    True     open      8_mL  main_8mL_rack                   43
2025-11-24 17:18:51,051 - INFO - Visualizing vial racks...
2025-11-24 17:18:51,185 - DEBUG - Visualizing rack: Main Rack with filter: main_8mL_rack
2025-11-24 17:18:51,316 - DEBUG - Visualizing rack: Second Rack with filter: large_vial_rack
