2026-03-15 09:37:23,831 - DEBUG - No workflow config provided - using default initialization
2026-03-15 09:37:23,831 - INFO - Launching status review GUI...
2026-03-15 09:37:23,833 - ERROR - Error launching status GUI: No module named 'PySide6'
2026-03-15 09:37:23,833 - INFO - Initializing North Robot...
2026-03-15 09:37:23,833 - DEBUG - Loading robot configuration files...
2026-03-15 09:37:23,836 - DEBUG - Loaded vial positions configuration from robot_state/vial_positions.yaml
2026-03-15 09:37:23,837 - DEBUG - Loaded pipet tips configuration from robot_state/pipet_tips.yaml
2026-03-15 09:37:23,839 - DEBUG - Loaded pipet racks configuration from robot_state/pipet_racks.yaml
2026-03-15 09:37:23,840 - DEBUG - Loaded pump configuration from robot_state/syringe_pumps.yaml
2026-03-15 09:37:23,840 - DEBUG - Loaded robot hardware configuration from robot_state/robot_hardware.yaml
2026-03-15 09:37:23,841 - DEBUG - Loaded wellplate properties configuration from robot_state/wellplates.yaml
2026-03-15 09:37:23,842 - DEBUG - Loading robot state files...
2026-03-15 09:37:23,842 - DEBUG - Loaded vial data from ../utoronto_demo/status/ilya_input_vials.csv
2026-03-15 09:37:23,843 - ERROR - robot status file not found: robot_state/robot_status.yaml
2026-03-15 09:37:23,843 - WARNING - SIMULATION MODE: Would pause for error: robot status file not found: robot_state/robot_status.yaml
2026-03-15 09:37:23,844 - DEBUG - Loaded wellplate positions from robot_state/wellplates.yaml
2026-03-15 09:37:23,844 - INFO - Physical initialization of North Robot...
2026-03-15 09:37:23,844 - DEBUG - Loading pumps from YAML configuration...
2026-03-15 09:37:23,845 - DEBUG - Loaded pump 0: volume=1.0mL, speed=11, liquid=None
2026-03-15 09:37:23,845 - DEBUG - Loaded pump 1: volume=2.5mL, speed=15, liquid=water
2026-03-15 09:37:23,845 - INFO - Moving robot to home position
2026-03-15 09:37:23,845 - DEBUG - Initializing centrifuge controller...
2026-03-15 09:37:23,846 - DEBUG - Current reader status: <MagicMock name='mock.get_reader_status()' id='2312534653456'>
2026-03-15 09:37:23,846 - INFO - Initializing North Track...
2026-03-15 09:37:23,846 - DEBUG - Loading track status from file: robot_state/track_status.yaml
2026-03-15 09:37:23,846 - DEBUG - Getting track status from file: robot_state/track_status.yaml
2026-03-15 09:37:23,847 - DEBUG - Loaded track status from robot_state/track_status.yaml
2026-03-15 09:37:23,847 - DEBUG - Loading track positions from: robot_state/track_positions.yaml
2026-03-15 09:37:23,849 - DEBUG - Loaded track positions configuration from robot_state/track_positions.yaml
2026-03-15 09:37:23,849 - DEBUG - Loading robot hardware configuration from: robot_state/robot_hardware.yaml
2026-03-15 09:37:23,850 - DEBUG - Loaded robot hardware configuration from robot_state/robot_hardware.yaml
2026-03-15 09:37:23,851 - DEBUG - Loaded wellplate properties configuration from robot_state/wellplates.yaml
2026-03-15 09:37:23,851 - DEBUG - Moving North Track to home position
2026-03-15 09:37:23,851 - DEBUG - Detected origin position (0,0) - setting location to 'origin'
2026-03-15 09:37:23,851 - DEBUG - Updated gripper location to: origin at position {'x': 0, 'z': 0}
2026-03-15 09:37:23,859 - INFO - Getting new wellplate from source stack
2026-03-15 09:37:23,859 - DEBUG - Calculating well plate stack height for num: 0, wp_type: 96 WELL PLATE, stack: source_stack, operation: grab
2026-03-15 09:37:23,859 - ERROR - Wellplate stack is empty
2026-03-15 09:37:23,859 - WARNING - SIMULATION MODE: Would pause for error: Wellplate stack is empty
2026-03-15 09:37:23,864 - DEBUG - Using calibrated aspirate_speed=15 for water at 0.150mL
2026-03-15 09:37:23,864 - DEBUG - Using calibrated dispense_speed=10 for water at 0.150mL
2026-03-15 09:37:23,864 - DEBUG - Using calibrated aspirate_wait_time=0.5 for water at 0.150mL
2026-03-15 09:37:23,864 - DEBUG - Using calibrated dispense_wait_time=1.5 for water at 0.150mL
2026-03-15 09:37:23,864 - DEBUG - Using calibrated retract_speed=5 for water at 0.150mL
2026-03-15 09:37:23,864 - DEBUG - Using calibrated blowout_vol=0.0 for water at 0.150mL
2026-03-15 09:37:23,864 - DEBUG - Using calibrated post_asp_air_vol=0.0 for water at 0.150mL
2026-03-15 09:37:23,864 - DEBUG - Using calibrated overaspirate_vol=0.005139916499999997 for water at 0.150mL
2026-03-15 09:37:23,864 - DEBUG - Using calibrated pre_asp_air_vol=0.112 for water at 0.150mL
2026-03-15 09:37:23,864 - DEBUG - Selected small_tip for volume 0.155 mL
2026-03-15 09:37:23,865 - INFO - Getting small_tip (pipet number 0) from rack: small_tip_rack_1
2026-03-15 09:37:23,866 - INFO - Pipetting from vial water_dye, amount: 0.150 mL
2026-03-15 09:37:23,866 - INFO - Additional volume from calibration, amount: 0.005 mL
2026-03-15 09:37:23,867 - DEBUG - Adjusting pump 0 speed to 10
2026-03-15 09:37:23,867 - DEBUG - Aspirating 0.112 mL then waiting 0 s
2026-03-15 09:37:23,867 - DEBUG - Adjusting pump 0 speed to 15
2026-03-15 09:37:23,867 - DEBUG - Aspirating 0.155 mL then waiting 0.5 s
2026-03-15 09:37:23,869 - DEBUG - Using calibrated aspirate_speed=15 for water at 0.150mL
2026-03-15 09:37:23,869 - DEBUG - Using calibrated dispense_speed=10 for water at 0.150mL
2026-03-15 09:37:23,869 - DEBUG - Using calibrated aspirate_wait_time=0.5 for water at 0.150mL
2026-03-15 09:37:23,869 - DEBUG - Using calibrated dispense_wait_time=1.5 for water at 0.150mL
2026-03-15 09:37:23,869 - DEBUG - Using calibrated retract_speed=5 for water at 0.150mL
2026-03-15 09:37:23,869 - DEBUG - Using calibrated blowout_vol=0.0 for water at 0.150mL
2026-03-15 09:37:23,869 - DEBUG - Using calibrated post_asp_air_vol=0.0 for water at 0.150mL
2026-03-15 09:37:23,869 - DEBUG - Using calibrated overaspirate_vol=0.005139916499999997 for water at 0.150mL
2026-03-15 09:37:23,869 - DEBUG - Using calibrated pre_asp_air_vol=0.112 for water at 0.150mL
2026-03-15 09:37:23,869 - INFO - Pipetting into vial water_dye, amount: 0.150 mL
2026-03-15 09:37:23,870 - DEBUG - Adjusting pump 0 speed to 10
2026-03-15 09:37:23,870 - DEBUG - Dispensing 0.267 mL then waiting 1.5 s
2026-03-15 09:37:23,874 - DEBUG - Using calibrated aspirate_speed=15 for water at 0.150mL
2026-03-15 09:37:23,874 - DEBUG - Using calibrated dispense_speed=10 for water at 0.150mL
2026-03-15 09:37:23,874 - DEBUG - Using calibrated aspirate_wait_time=0.5 for water at 0.150mL
2026-03-15 09:37:23,874 - DEBUG - Using calibrated dispense_wait_time=1.5 for water at 0.150mL
2026-03-15 09:37:23,874 - DEBUG - Using calibrated retract_speed=5 for water at 0.150mL
2026-03-15 09:37:23,874 - DEBUG - Using calibrated blowout_vol=0.0 for water at 0.150mL
2026-03-15 09:37:23,874 - DEBUG - Using calibrated post_asp_air_vol=0.0 for water at 0.150mL
2026-03-15 09:37:23,874 - DEBUG - Using calibrated overaspirate_vol=0.005139916499999997 for water at 0.150mL
2026-03-15 09:37:23,874 - DEBUG - Using calibrated pre_asp_air_vol=0.112 for water at 0.150mL
2026-03-15 09:37:23,874 - DEBUG - Selected small_tip for volume 0.155 mL
2026-03-15 09:37:23,875 - INFO - Pipetting from vial water, amount: 0.150 mL
2026-03-15 09:37:23,875 - INFO - Additional volume from calibration, amount: 0.005 mL
2026-03-15 09:37:23,876 - DEBUG - Adjusting pump 0 speed to 10
2026-03-15 09:37:23,876 - DEBUG - Aspirating 0.112 mL then waiting 0 s
2026-03-15 09:37:23,876 - DEBUG - Adjusting pump 0 speed to 15
2026-03-15 09:37:23,876 - DEBUG - Aspirating 0.155 mL then waiting 0.5 s
2026-03-15 09:37:23,878 - DEBUG - Using calibrated aspirate_speed=15 for water at 0.150mL
2026-03-15 09:37:23,878 - DEBUG - Using calibrated dispense_speed=10 for water at 0.150mL
2026-03-15 09:37:23,878 - DEBUG - Using calibrated aspirate_wait_time=0.5 for water at 0.150mL
2026-03-15 09:37:23,878 - DEBUG - Using calibrated dispense_wait_time=1.5 for water at 0.150mL
2026-03-15 09:37:23,878 - DEBUG - Using calibrated retract_speed=5 for water at 0.150mL
2026-03-15 09:37:23,878 - DEBUG - Using calibrated blowout_vol=0.0 for water at 0.150mL
2026-03-15 09:37:23,878 - DEBUG - Using calibrated post_asp_air_vol=0.0 for water at 0.150mL
2026-03-15 09:37:23,878 - DEBUG - Using calibrated overaspirate_vol=0.005139916499999997 for water at 0.150mL
2026-03-15 09:37:23,878 - DEBUG - Using calibrated pre_asp_air_vol=0.112 for water at 0.150mL
2026-03-15 09:37:23,878 - INFO - Pipetting into vial water, amount: 0.150 mL
2026-03-15 09:37:23,879 - DEBUG - Adjusting pump 0 speed to 10
2026-03-15 09:37:23,879 - DEBUG - Dispensing 0.267 mL then waiting 1.5 s
2026-03-15 09:37:23,887 - DEBUG - Using calibrated aspirate_speed=12 for ethanol at 0.150mL
2026-03-15 09:37:23,887 - DEBUG - Using calibrated dispense_speed=13 for ethanol at 0.150mL
2026-03-15 09:37:23,887 - DEBUG - Using calibrated aspirate_wait_time=0.0 for ethanol at 0.150mL
2026-03-15 09:37:23,887 - DEBUG - Using calibrated dispense_wait_time=1.5 for ethanol at 0.150mL
2026-03-15 09:37:23,887 - DEBUG - Using calibrated retract_speed=15 for ethanol at 0.150mL
2026-03-15 09:37:23,887 - DEBUG - Using calibrated blowout_vol=0.105694662 for ethanol at 0.150mL
2026-03-15 09:37:23,887 - DEBUG - Using calibrated post_asp_air_vol=0.024339267 for ethanol at 0.150mL
2026-03-15 09:37:23,887 - DEBUG - Using calibrated overaspirate_vol=0.002422556599999998 for ethanol at 0.150mL
2026-03-15 09:37:23,888 - DEBUG - Selected small_tip for volume 0.177 mL
2026-03-15 09:37:23,888 - INFO - Pipetting from vial ethanol_dye, amount: 0.150 mL
2026-03-15 09:37:23,888 - INFO - Additional volume from calibration, amount: 0.002 mL
2026-03-15 09:37:23,889 - DEBUG - Adjusting pump 0 speed to 10
2026-03-15 09:37:23,889 - DEBUG - Adjusting pump 0 speed to 12
2026-03-15 09:37:23,889 - DEBUG - Aspirating 0.152 mL then waiting 0.0 s
2026-03-15 09:37:23,889 - DEBUG - Aspirating 0.024 mL then waiting 0 s
2026-03-15 09:37:23,892 - DEBUG - Using calibrated aspirate_speed=12 for ethanol at 0.150mL
2026-03-15 09:37:23,892 - DEBUG - Using calibrated dispense_speed=13 for ethanol at 0.150mL
2026-03-15 09:37:23,892 - DEBUG - Using calibrated aspirate_wait_time=0.0 for ethanol at 0.150mL
2026-03-15 09:37:23,892 - DEBUG - Using calibrated dispense_wait_time=1.5 for ethanol at 0.150mL
2026-03-15 09:37:23,892 - DEBUG - Using calibrated retract_speed=15 for ethanol at 0.150mL
2026-03-15 09:37:23,892 - DEBUG - Using calibrated blowout_vol=0.105694662 for ethanol at 0.150mL
2026-03-15 09:37:23,892 - DEBUG - Using calibrated post_asp_air_vol=0.024339267 for ethanol at 0.150mL
2026-03-15 09:37:23,892 - DEBUG - Using calibrated overaspirate_vol=0.002422556599999998 for ethanol at 0.150mL
2026-03-15 09:37:23,892 - INFO - Pipetting into vial ethanol_dye, amount: 0.150 mL
2026-03-15 09:37:23,893 - DEBUG - Adjusting pump 0 speed to 13
2026-03-15 09:37:23,893 - DEBUG - Dispensing 0.177 mL then waiting 1.5 s
2026-03-15 09:37:23,893 - DEBUG - Blowing out 0.106 mL
2026-03-15 09:37:23,897 - DEBUG - Using calibrated aspirate_speed=12 for ethanol at 0.250mL
2026-03-15 09:37:23,897 - DEBUG - Using calibrated dispense_speed=13 for ethanol at 0.250mL
2026-03-15 09:37:23,897 - DEBUG - Using calibrated aspirate_wait_time=0.0 for ethanol at 0.250mL
2026-03-15 09:37:23,897 - DEBUG - Using calibrated dispense_wait_time=1.5 for ethanol at 0.250mL
2026-03-15 09:37:23,897 - DEBUG - Using calibrated retract_speed=15 for ethanol at 0.250mL
2026-03-15 09:37:23,897 - DEBUG - Using calibrated blowout_vol=0.105694662 for ethanol at 0.250mL
2026-03-15 09:37:23,897 - DEBUG - Using calibrated post_asp_air_vol=0.024339267 for ethanol at 0.250mL
2026-03-15 09:37:23,897 - DEBUG - Using calibrated overaspirate_vol=0.002422556599999998 for ethanol at 0.250mL
2026-03-15 09:37:23,897 - DEBUG - Selected large_tip for volume 0.277 mL
2026-03-15 09:37:23,898 - INFO - Switching from small_tip to large_tip
2026-03-15 09:37:23,898 - INFO - Removing pipet
2026-03-15 09:37:23,898 - INFO - Getting large_tip (pipet number 0) from rack: large_tip_rack_1
2026-03-15 09:37:23,899 - INFO - Pipetting from vial ethanol, amount: 0.250 mL
2026-03-15 09:37:23,899 - INFO - Additional volume from calibration, amount: 0.002 mL
2026-03-15 09:37:23,900 - DEBUG - Adjusting pump 0 speed to 10
2026-03-15 09:37:23,900 - DEBUG - Adjusting pump 0 speed to 12
2026-03-15 09:37:23,900 - DEBUG - Aspirating 0.252 mL then waiting 0.0 s
2026-03-15 09:37:23,900 - DEBUG - Aspirating 0.024 mL then waiting 0 s
2026-03-15 09:37:23,902 - DEBUG - Using calibrated aspirate_speed=12 for ethanol at 0.250mL
2026-03-15 09:37:23,902 - DEBUG - Using calibrated dispense_speed=13 for ethanol at 0.250mL
2026-03-15 09:37:23,902 - DEBUG - Using calibrated aspirate_wait_time=0.0 for ethanol at 0.250mL
2026-03-15 09:37:23,902 - DEBUG - Using calibrated dispense_wait_time=1.5 for ethanol at 0.250mL
2026-03-15 09:37:23,902 - DEBUG - Using calibrated retract_speed=15 for ethanol at 0.250mL
2026-03-15 09:37:23,902 - DEBUG - Using calibrated blowout_vol=0.105694662 for ethanol at 0.250mL
2026-03-15 09:37:23,902 - DEBUG - Using calibrated post_asp_air_vol=0.024339267 for ethanol at 0.250mL
2026-03-15 09:37:23,902 - DEBUG - Using calibrated overaspirate_vol=0.002422556599999998 for ethanol at 0.250mL
2026-03-15 09:37:23,903 - INFO - Pipetting into vial ethanol, amount: 0.250 mL
2026-03-15 09:37:23,903 - DEBUG - Adjusting pump 0 speed to 13
2026-03-15 09:37:23,904 - DEBUG - Dispensing 0.277 mL then waiting 1.5 s
2026-03-15 09:37:23,904 - DEBUG - Blowing out 0.106 mL
2026-03-15 09:37:23,908 - DEBUG - Using calibrated aspirate_speed=15 for water at 0.150mL
2026-03-15 09:37:23,908 - DEBUG - Using calibrated dispense_speed=10 for water at 0.150mL
2026-03-15 09:37:23,908 - DEBUG - Using calibrated aspirate_wait_time=0.5 for water at 0.150mL
2026-03-15 09:37:23,908 - DEBUG - Using calibrated dispense_wait_time=1.5 for water at 0.150mL
2026-03-15 09:37:23,908 - DEBUG - Using calibrated retract_speed=5 for water at 0.150mL
2026-03-15 09:37:23,908 - DEBUG - Using calibrated blowout_vol=0.0 for water at 0.150mL
2026-03-15 09:37:23,908 - DEBUG - Using calibrated post_asp_air_vol=0.0 for water at 0.150mL
2026-03-15 09:37:23,908 - DEBUG - Using calibrated overaspirate_vol=0.005139916499999997 for water at 0.150mL
2026-03-15 09:37:23,908 - DEBUG - Using calibrated pre_asp_air_vol=0.112 for water at 0.150mL
2026-03-15 09:37:23,908 - DEBUG - Selected small_tip for volume 0.155 mL
2026-03-15 09:37:23,909 - INFO - Switching from large_tip to small_tip
2026-03-15 09:37:23,909 - INFO - Removing pipet
2026-03-15 09:37:23,909 - INFO - Getting small_tip (pipet number 1) from rack: small_tip_rack_1
2026-03-15 09:37:23,910 - INFO - Pipetting from vial water_dye, amount: 0.150 mL
2026-03-15 09:37:23,910 - INFO - Additional volume from calibration, amount: 0.005 mL
2026-03-15 09:37:23,911 - DEBUG - Adjusting pump 0 speed to 10
2026-03-15 09:37:23,911 - DEBUG - Aspirating 0.112 mL then waiting 0 s
2026-03-15 09:37:23,911 - DEBUG - Adjusting pump 0 speed to 15
2026-03-15 09:37:23,911 - DEBUG - Aspirating 0.155 mL then waiting 0.5 s
2026-03-15 09:37:23,912 - DEBUG - Using calibrated aspirate_speed=15 for water at 0.150mL
2026-03-15 09:37:23,912 - DEBUG - Using calibrated dispense_speed=10 for water at 0.150mL
2026-03-15 09:37:23,912 - DEBUG - Using calibrated aspirate_wait_time=0.5 for water at 0.150mL
2026-03-15 09:37:23,912 - DEBUG - Using calibrated dispense_wait_time=1.5 for water at 0.150mL
2026-03-15 09:37:23,912 - DEBUG - Using calibrated retract_speed=5 for water at 0.150mL
2026-03-15 09:37:23,912 - DEBUG - Using calibrated blowout_vol=0.0 for water at 0.150mL
2026-03-15 09:37:23,913 - DEBUG - Using calibrated post_asp_air_vol=0.0 for water at 0.150mL
2026-03-15 09:37:23,913 - DEBUG - Using calibrated overaspirate_vol=0.005139916499999997 for water at 0.150mL
2026-03-15 09:37:23,913 - DEBUG - Using calibrated pre_asp_air_vol=0.112 for water at 0.150mL
2026-03-15 09:37:23,913 - INFO - Pipetting into vial water_dye, amount: 0.150 mL
2026-03-15 09:37:23,914 - DEBUG - Adjusting pump 0 speed to 10
2026-03-15 09:37:23,914 - DEBUG - Dispensing 0.267 mL then waiting 1.5 s
2026-03-15 09:37:23,918 - DEBUG - Using calibrated aspirate_speed=15 for water at 0.150mL
2026-03-15 09:37:23,918 - DEBUG - Using calibrated dispense_speed=10 for water at 0.150mL
2026-03-15 09:37:23,918 - DEBUG - Using calibrated aspirate_wait_time=0.5 for water at 0.150mL
2026-03-15 09:37:23,918 - DEBUG - Using calibrated dispense_wait_time=1.5 for water at 0.150mL
2026-03-15 09:37:23,918 - DEBUG - Using calibrated retract_speed=5 for water at 0.150mL
2026-03-15 09:37:23,918 - DEBUG - Using calibrated blowout_vol=0.0 for water at 0.150mL
2026-03-15 09:37:23,918 - DEBUG - Using calibrated post_asp_air_vol=0.0 for water at 0.150mL
2026-03-15 09:37:23,918 - DEBUG - Using calibrated overaspirate_vol=0.005139916499999997 for water at 0.150mL
2026-03-15 09:37:23,918 - DEBUG - Using calibrated pre_asp_air_vol=0.112 for water at 0.150mL
2026-03-15 09:37:23,919 - DEBUG - Selected small_tip for volume 0.155 mL
2026-03-15 09:37:23,920 - INFO - Pipetting from vial water, amount: 0.150 mL
2026-03-15 09:37:23,920 - INFO - Additional volume from calibration, amount: 0.005 mL
2026-03-15 09:37:23,920 - DEBUG - Adjusting pump 0 speed to 10
2026-03-15 09:37:23,921 - DEBUG - Aspirating 0.112 mL then waiting 0 s
2026-03-15 09:37:23,921 - DEBUG - Adjusting pump 0 speed to 15
2026-03-15 09:37:23,921 - DEBUG - Aspirating 0.155 mL then waiting 0.5 s
2026-03-15 09:37:23,922 - DEBUG - Using calibrated aspirate_speed=15 for water at 0.150mL
2026-03-15 09:37:23,922 - DEBUG - Using calibrated dispense_speed=10 for water at 0.150mL
2026-03-15 09:37:23,922 - DEBUG - Using calibrated aspirate_wait_time=0.5 for water at 0.150mL
2026-03-15 09:37:23,922 - DEBUG - Using calibrated dispense_wait_time=1.5 for water at 0.150mL
2026-03-15 09:37:23,922 - DEBUG - Using calibrated retract_speed=5 for water at 0.150mL
2026-03-15 09:37:23,922 - DEBUG - Using calibrated blowout_vol=0.0 for water at 0.150mL
2026-03-15 09:37:23,922 - DEBUG - Using calibrated post_asp_air_vol=0.0 for water at 0.150mL
2026-03-15 09:37:23,922 - DEBUG - Using calibrated overaspirate_vol=0.005139916499999997 for water at 0.150mL
2026-03-15 09:37:23,923 - DEBUG - Using calibrated pre_asp_air_vol=0.112 for water at 0.150mL
2026-03-15 09:37:23,923 - INFO - Pipetting into vial water, amount: 0.150 mL
2026-03-15 09:37:23,924 - DEBUG - Adjusting pump 0 speed to 10
2026-03-15 09:37:23,924 - DEBUG - Dispensing 0.267 mL then waiting 1.5 s
2026-03-15 09:37:23,931 - DEBUG - Using calibrated aspirate_speed=12 for ethanol at 0.150mL
2026-03-15 09:37:23,931 - DEBUG - Using calibrated dispense_speed=13 for ethanol at 0.150mL
2026-03-15 09:37:23,931 - DEBUG - Using calibrated aspirate_wait_time=0.0 for ethanol at 0.150mL
2026-03-15 09:37:23,931 - DEBUG - Using calibrated dispense_wait_time=1.5 for ethanol at 0.150mL
2026-03-15 09:37:23,931 - DEBUG - Using calibrated retract_speed=15 for ethanol at 0.150mL
2026-03-15 09:37:23,931 - DEBUG - Using calibrated blowout_vol=0.105694662 for ethanol at 0.150mL
2026-03-15 09:37:23,931 - DEBUG - Using calibrated post_asp_air_vol=0.024339267 for ethanol at 0.150mL
2026-03-15 09:37:23,931 - DEBUG - Using calibrated overaspirate_vol=0.002422556599999998 for ethanol at 0.150mL
2026-03-15 09:37:23,931 - DEBUG - Selected small_tip for volume 0.177 mL
2026-03-15 09:37:23,932 - INFO - Pipetting from vial ethanol_dye, amount: 0.150 mL
2026-03-15 09:37:23,932 - INFO - Additional volume from calibration, amount: 0.002 mL
2026-03-15 09:37:23,933 - DEBUG - Adjusting pump 0 speed to 10
2026-03-15 09:37:23,933 - DEBUG - Adjusting pump 0 speed to 12
2026-03-15 09:37:23,933 - DEBUG - Aspirating 0.152 mL then waiting 0.0 s
2026-03-15 09:37:23,933 - DEBUG - Aspirating 0.024 mL then waiting 0 s
2026-03-15 09:37:23,935 - DEBUG - Using calibrated aspirate_speed=12 for ethanol at 0.150mL
2026-03-15 09:37:23,935 - DEBUG - Using calibrated dispense_speed=13 for ethanol at 0.150mL
2026-03-15 09:37:23,935 - DEBUG - Using calibrated aspirate_wait_time=0.0 for ethanol at 0.150mL
2026-03-15 09:37:23,935 - DEBUG - Using calibrated dispense_wait_time=1.5 for ethanol at 0.150mL
2026-03-15 09:37:23,935 - DEBUG - Using calibrated retract_speed=15 for ethanol at 0.150mL
2026-03-15 09:37:23,935 - DEBUG - Using calibrated blowout_vol=0.105694662 for ethanol at 0.150mL
2026-03-15 09:37:23,935 - DEBUG - Using calibrated post_asp_air_vol=0.024339267 for ethanol at 0.150mL
2026-03-15 09:37:23,935 - DEBUG - Using calibrated overaspirate_vol=0.002422556599999998 for ethanol at 0.150mL
2026-03-15 09:37:23,936 - INFO - Pipetting into vial ethanol_dye, amount: 0.150 mL
2026-03-15 09:37:23,936 - DEBUG - Adjusting pump 0 speed to 13
2026-03-15 09:37:23,937 - DEBUG - Dispensing 0.177 mL then waiting 1.5 s
2026-03-15 09:37:23,937 - DEBUG - Blowing out 0.106 mL
2026-03-15 09:37:23,940 - DEBUG - Using calibrated aspirate_speed=12 for ethanol at 0.250mL
2026-03-15 09:37:23,940 - DEBUG - Using calibrated dispense_speed=13 for ethanol at 0.250mL
2026-03-15 09:37:23,940 - DEBUG - Using calibrated aspirate_wait_time=0.0 for ethanol at 0.250mL
2026-03-15 09:37:23,940 - DEBUG - Using calibrated dispense_wait_time=1.5 for ethanol at 0.250mL
2026-03-15 09:37:23,940 - DEBUG - Using calibrated retract_speed=15 for ethanol at 0.250mL
2026-03-15 09:37:23,940 - DEBUG - Using calibrated blowout_vol=0.105694662 for ethanol at 0.250mL
2026-03-15 09:37:23,940 - DEBUG - Using calibrated post_asp_air_vol=0.024339267 for ethanol at 0.250mL
2026-03-15 09:37:23,940 - DEBUG - Using calibrated overaspirate_vol=0.002422556599999998 for ethanol at 0.250mL
2026-03-15 09:37:23,941 - DEBUG - Selected large_tip for volume 0.277 mL
2026-03-15 09:37:23,941 - INFO - Switching from small_tip to large_tip
2026-03-15 09:37:23,941 - INFO - Removing pipet
2026-03-15 09:37:23,941 - INFO - Getting large_tip (pipet number 1) from rack: large_tip_rack_1
2026-03-15 09:37:23,942 - INFO - Pipetting from vial ethanol, amount: 0.250 mL
2026-03-15 09:37:23,942 - INFO - Additional volume from calibration, amount: 0.002 mL
2026-03-15 09:37:23,943 - DEBUG - Adjusting pump 0 speed to 10
2026-03-15 09:37:23,943 - DEBUG - Adjusting pump 0 speed to 12
2026-03-15 09:37:23,943 - DEBUG - Aspirating 0.252 mL then waiting 0.0 s
2026-03-15 09:37:23,943 - DEBUG - Aspirating 0.024 mL then waiting 0 s
2026-03-15 09:37:23,945 - DEBUG - Using calibrated aspirate_speed=12 for ethanol at 0.250mL
2026-03-15 09:37:23,945 - DEBUG - Using calibrated dispense_speed=13 for ethanol at 0.250mL
2026-03-15 09:37:23,945 - DEBUG - Using calibrated aspirate_wait_time=0.0 for ethanol at 0.250mL
2026-03-15 09:37:23,945 - DEBUG - Using calibrated dispense_wait_time=1.5 for ethanol at 0.250mL
2026-03-15 09:37:23,945 - DEBUG - Using calibrated retract_speed=15 for ethanol at 0.250mL
2026-03-15 09:37:23,945 - DEBUG - Using calibrated blowout_vol=0.105694662 for ethanol at 0.250mL
2026-03-15 09:37:23,945 - DEBUG - Using calibrated post_asp_air_vol=0.024339267 for ethanol at 0.250mL
2026-03-15 09:37:23,945 - DEBUG - Using calibrated overaspirate_vol=0.002422556599999998 for ethanol at 0.250mL
2026-03-15 09:37:23,946 - INFO - Pipetting into vial ethanol, amount: 0.250 mL
2026-03-15 09:37:23,946 - DEBUG - Adjusting pump 0 speed to 13
2026-03-15 09:37:23,947 - DEBUG - Dispensing 0.277 mL then waiting 1.5 s
2026-03-15 09:37:23,947 - DEBUG - Blowing out 0.106 mL
2026-03-15 09:37:23,948 - DEBUG - Calculating well plate stack height for num: 5, wp_type: 96 WELL PLATE, stack: waste_stack, operation: release
2026-03-15 09:37:23,948 - INFO - Discarding wellplate as the 5th WP in waste stack at height: 57400
2026-03-15 09:37:23,948 - DEBUG - Closing gripper
2026-03-15 09:37:23,948 - INFO - Releasing wellplate at location: waste_stack
2026-03-15 09:37:23,948 - DEBUG - Updated gripper location to: transfer_stack at position {'x': 28275, 'z': 0}
2026-03-15 09:37:23,948 - DEBUG - Opening gripper
2026-03-15 09:37:23,948 - DEBUG - Updated gripper location to: waste_stack at position {'x': 14775, 'z': 0}
2026-03-15 09:37:23,948 - DEBUG - Moving North Track to home position
2026-03-15 09:37:23,948 - DEBUG - Detected origin position (0,0) - setting location to 'origin'
2026-03-15 09:37:23,948 - DEBUG - Updated gripper location to: origin at position {'x': 0, 'z': 0}
2026-03-15 09:37:23,948 - INFO - Getting new wellplate from source stack
2026-03-15 09:37:23,948 - DEBUG - Calculating well plate stack height for num: 0, wp_type: 96 WELL PLATE, stack: source_stack, operation: grab
2026-03-15 09:37:23,948 - ERROR - Wellplate stack is empty
2026-03-15 09:37:23,948 - WARNING - SIMULATION MODE: Would pause for error: Wellplate stack is empty
2026-03-15 09:37:23,952 - DEBUG - Using calibrated aspirate_speed=15 for water at 0.150mL
2026-03-15 09:37:23,952 - DEBUG - Using calibrated dispense_speed=10 for water at 0.150mL
2026-03-15 09:37:23,952 - DEBUG - Using calibrated aspirate_wait_time=0.5 for water at 0.150mL
2026-03-15 09:37:23,952 - DEBUG - Using calibrated dispense_wait_time=1.5 for water at 0.150mL
2026-03-15 09:37:23,952 - DEBUG - Using calibrated retract_speed=5 for water at 0.150mL
2026-03-15 09:37:23,952 - DEBUG - Using calibrated blowout_vol=0.0 for water at 0.150mL
2026-03-15 09:37:23,952 - DEBUG - Using calibrated post_asp_air_vol=0.0 for water at 0.150mL
2026-03-15 09:37:23,952 - DEBUG - Using calibrated overaspirate_vol=0.005139916499999997 for water at 0.150mL
2026-03-15 09:37:23,952 - DEBUG - Using calibrated pre_asp_air_vol=0.112 for water at 0.150mL
2026-03-15 09:37:23,953 - DEBUG - Selected small_tip for volume 0.155 mL
2026-03-15 09:37:23,953 - INFO - Switching from large_tip to small_tip
2026-03-15 09:37:23,953 - INFO - Removing pipet
2026-03-15 09:37:23,953 - INFO - Getting small_tip (pipet number 2) from rack: small_tip_rack_1
2026-03-15 09:37:23,954 - INFO - Pipetting from vial water_dye, amount: 0.150 mL
2026-03-15 09:37:23,954 - INFO - Additional volume from calibration, amount: 0.005 mL
2026-03-15 09:37:23,954 - DEBUG - Adjusting pump 0 speed to 10
2026-03-15 09:37:23,955 - DEBUG - Aspirating 0.112 mL then waiting 0 s
2026-03-15 09:37:23,955 - DEBUG - Adjusting pump 0 speed to 15
2026-03-15 09:37:23,955 - DEBUG - Aspirating 0.155 mL then waiting 0.5 s
2026-03-15 09:37:23,956 - DEBUG - Using calibrated aspirate_speed=15 for water at 0.150mL
2026-03-15 09:37:23,956 - DEBUG - Using calibrated dispense_speed=10 for water at 0.150mL
2026-03-15 09:37:23,956 - DEBUG - Using calibrated aspirate_wait_time=0.5 for water at 0.150mL
2026-03-15 09:37:23,957 - DEBUG - Using calibrated dispense_wait_time=1.5 for water at 0.150mL
2026-03-15 09:37:23,957 - DEBUG - Using calibrated retract_speed=5 for water at 0.150mL
2026-03-15 09:37:23,957 - DEBUG - Using calibrated blowout_vol=0.0 for water at 0.150mL
2026-03-15 09:37:23,957 - DEBUG - Using calibrated post_asp_air_vol=0.0 for water at 0.150mL
2026-03-15 09:37:23,957 - DEBUG - Using calibrated overaspirate_vol=0.005139916499999997 for water at 0.150mL
2026-03-15 09:37:23,957 - DEBUG - Using calibrated pre_asp_air_vol=0.112 for water at 0.150mL
2026-03-15 09:37:23,957 - INFO - Pipetting into vial water_dye, amount: 0.150 mL
2026-03-15 09:37:23,958 - DEBUG - Adjusting pump 0 speed to 10
2026-03-15 09:37:23,958 - DEBUG - Dispensing 0.267 mL then waiting 1.5 s
2026-03-15 09:37:23,961 - DEBUG - Using calibrated aspirate_speed=15 for water at 0.150mL
2026-03-15 09:37:23,962 - DEBUG - Using calibrated dispense_speed=10 for water at 0.150mL
2026-03-15 09:37:23,962 - DEBUG - Using calibrated aspirate_wait_time=0.5 for water at 0.150mL
2026-03-15 09:37:23,962 - DEBUG - Using calibrated dispense_wait_time=1.5 for water at 0.150mL
2026-03-15 09:37:23,962 - DEBUG - Using calibrated retract_speed=5 for water at 0.150mL
2026-03-15 09:37:23,962 - DEBUG - Using calibrated blowout_vol=0.0 for water at 0.150mL
2026-03-15 09:37:23,962 - DEBUG - Using calibrated post_asp_air_vol=0.0 for water at 0.150mL
2026-03-15 09:37:23,962 - DEBUG - Using calibrated overaspirate_vol=0.005139916499999997 for water at 0.150mL
2026-03-15 09:37:23,962 - DEBUG - Using calibrated pre_asp_air_vol=0.112 for water at 0.150mL
2026-03-15 09:37:23,962 - DEBUG - Selected small_tip for volume 0.155 mL
2026-03-15 09:37:23,963 - INFO - Pipetting from vial water, amount: 0.150 mL
2026-03-15 09:37:23,963 - INFO - Additional volume from calibration, amount: 0.005 mL
2026-03-15 09:37:23,963 - DEBUG - Adjusting pump 0 speed to 10
2026-03-15 09:37:23,964 - DEBUG - Aspirating 0.112 mL then waiting 0 s
2026-03-15 09:37:23,964 - DEBUG - Adjusting pump 0 speed to 15
2026-03-15 09:37:23,964 - DEBUG - Aspirating 0.155 mL then waiting 0.5 s
2026-03-15 09:37:23,965 - DEBUG - Using calibrated aspirate_speed=15 for water at 0.150mL
2026-03-15 09:37:23,965 - DEBUG - Using calibrated dispense_speed=10 for water at 0.150mL
2026-03-15 09:37:23,965 - DEBUG - Using calibrated aspirate_wait_time=0.5 for water at 0.150mL
2026-03-15 09:37:23,965 - DEBUG - Using calibrated dispense_wait_time=1.5 for water at 0.150mL
2026-03-15 09:37:23,965 - DEBUG - Using calibrated retract_speed=5 for water at 0.150mL
2026-03-15 09:37:23,965 - DEBUG - Using calibrated blowout_vol=0.0 for water at 0.150mL
2026-03-15 09:37:23,965 - DEBUG - Using calibrated post_asp_air_vol=0.0 for water at 0.150mL
2026-03-15 09:37:23,965 - DEBUG - Using calibrated overaspirate_vol=0.005139916499999997 for water at 0.150mL
2026-03-15 09:37:23,965 - DEBUG - Using calibrated pre_asp_air_vol=0.112 for water at 0.150mL
2026-03-15 09:37:23,966 - INFO - Pipetting into vial water, amount: 0.150 mL
2026-03-15 09:37:23,967 - DEBUG - Adjusting pump 0 speed to 10
2026-03-15 09:37:23,967 - DEBUG - Dispensing 0.267 mL then waiting 1.5 s
2026-03-15 09:37:23,974 - DEBUG - Using calibrated aspirate_speed=12 for ethanol at 0.150mL
2026-03-15 09:37:23,974 - DEBUG - Using calibrated dispense_speed=13 for ethanol at 0.150mL
2026-03-15 09:37:23,974 - DEBUG - Using calibrated aspirate_wait_time=0.0 for ethanol at 0.150mL
2026-03-15 09:37:23,974 - DEBUG - Using calibrated dispense_wait_time=1.5 for ethanol at 0.150mL
2026-03-15 09:37:23,974 - DEBUG - Using calibrated retract_speed=15 for ethanol at 0.150mL
2026-03-15 09:37:23,974 - DEBUG - Using calibrated blowout_vol=0.105694662 for ethanol at 0.150mL
2026-03-15 09:37:23,974 - DEBUG - Using calibrated post_asp_air_vol=0.024339267 for ethanol at 0.150mL
2026-03-15 09:37:23,974 - DEBUG - Using calibrated overaspirate_vol=0.002422556599999998 for ethanol at 0.150mL
2026-03-15 09:37:23,975 - DEBUG - Selected small_tip for volume 0.177 mL
2026-03-15 09:37:23,975 - INFO - Pipetting from vial ethanol_dye, amount: 0.150 mL
2026-03-15 09:37:23,975 - INFO - Additional volume from calibration, amount: 0.002 mL
2026-03-15 09:37:23,976 - DEBUG - Adjusting pump 0 speed to 10
2026-03-15 09:37:23,976 - DEBUG - Adjusting pump 0 speed to 12
2026-03-15 09:37:23,976 - DEBUG - Aspirating 0.152 mL then waiting 0.0 s
2026-03-15 09:37:23,976 - DEBUG - Aspirating 0.024 mL then waiting 0 s
2026-03-15 09:37:23,978 - DEBUG - Using calibrated aspirate_speed=12 for ethanol at 0.150mL
2026-03-15 09:37:23,978 - DEBUG - Using calibrated dispense_speed=13 for ethanol at 0.150mL
2026-03-15 09:37:23,978 - DEBUG - Using calibrated aspirate_wait_time=0.0 for ethanol at 0.150mL
2026-03-15 09:37:23,978 - DEBUG - Using calibrated dispense_wait_time=1.5 for ethanol at 0.150mL
2026-03-15 09:37:23,978 - DEBUG - Using calibrated retract_speed=15 for ethanol at 0.150mL
2026-03-15 09:37:23,978 - DEBUG - Using calibrated blowout_vol=0.105694662 for ethanol at 0.150mL
2026-03-15 09:37:23,978 - DEBUG - Using calibrated post_asp_air_vol=0.024339267 for ethanol at 0.150mL
2026-03-15 09:37:23,978 - DEBUG - Using calibrated overaspirate_vol=0.002422556599999998 for ethanol at 0.150mL
2026-03-15 09:37:23,978 - INFO - Pipetting into vial ethanol_dye, amount: 0.150 mL
2026-03-15 09:37:23,979 - DEBUG - Adjusting pump 0 speed to 13
2026-03-15 09:37:23,979 - DEBUG - Dispensing 0.177 mL then waiting 1.5 s
2026-03-15 09:37:23,979 - DEBUG - Blowing out 0.106 mL
2026-03-15 09:37:23,983 - DEBUG - Using calibrated aspirate_speed=12 for ethanol at 0.250mL
2026-03-15 09:37:23,983 - DEBUG - Using calibrated dispense_speed=13 for ethanol at 0.250mL
2026-03-15 09:37:23,983 - DEBUG - Using calibrated aspirate_wait_time=0.0 for ethanol at 0.250mL
2026-03-15 09:37:23,983 - DEBUG - Using calibrated dispense_wait_time=1.5 for ethanol at 0.250mL
2026-03-15 09:37:23,983 - DEBUG - Using calibrated retract_speed=15 for ethanol at 0.250mL
2026-03-15 09:37:23,983 - DEBUG - Using calibrated blowout_vol=0.105694662 for ethanol at 0.250mL
2026-03-15 09:37:23,983 - DEBUG - Using calibrated post_asp_air_vol=0.024339267 for ethanol at 0.250mL
2026-03-15 09:37:23,983 - DEBUG - Using calibrated overaspirate_vol=0.002422556599999998 for ethanol at 0.250mL
2026-03-15 09:37:23,983 - DEBUG - Selected large_tip for volume 0.277 mL
2026-03-15 09:37:23,984 - INFO - Switching from small_tip to large_tip
2026-03-15 09:37:23,984 - INFO - Removing pipet
2026-03-15 09:37:23,984 - INFO - Getting large_tip (pipet number 2) from rack: large_tip_rack_1
2026-03-15 09:37:23,985 - INFO - Pipetting from vial ethanol, amount: 0.250 mL
2026-03-15 09:37:23,985 - INFO - Additional volume from calibration, amount: 0.002 mL
2026-03-15 09:37:23,986 - DEBUG - Adjusting pump 0 speed to 10
2026-03-15 09:37:23,986 - DEBUG - Adjusting pump 0 speed to 12
2026-03-15 09:37:23,986 - DEBUG - Aspirating 0.252 mL then waiting 0.0 s
2026-03-15 09:37:23,986 - DEBUG - Aspirating 0.024 mL then waiting 0 s
2026-03-15 09:37:23,987 - DEBUG - Using calibrated aspirate_speed=12 for ethanol at 0.250mL
2026-03-15 09:37:23,987 - DEBUG - Using calibrated dispense_speed=13 for ethanol at 0.250mL
2026-03-15 09:37:23,988 - DEBUG - Using calibrated aspirate_wait_time=0.0 for ethanol at 0.250mL
2026-03-15 09:37:23,988 - DEBUG - Using calibrated dispense_wait_time=1.5 for ethanol at 0.250mL
2026-03-15 09:37:23,988 - DEBUG - Using calibrated retract_speed=15 for ethanol at 0.250mL
2026-03-15 09:37:23,988 - DEBUG - Using calibrated blowout_vol=0.105694662 for ethanol at 0.250mL
2026-03-15 09:37:23,988 - DEBUG - Using calibrated post_asp_air_vol=0.024339267 for ethanol at 0.250mL
2026-03-15 09:37:23,988 - DEBUG - Using calibrated overaspirate_vol=0.002422556599999998 for ethanol at 0.250mL
2026-03-15 09:37:23,988 - INFO - Pipetting into vial ethanol, amount: 0.250 mL
2026-03-15 09:37:23,988 - DEBUG - Adjusting pump 0 speed to 13
2026-03-15 09:37:23,989 - DEBUG - Dispensing 0.277 mL then waiting 1.5 s
2026-03-15 09:37:23,989 - DEBUG - Blowing out 0.106 mL
