2025-11-05 13:52:43,034 - INFO - Initializing North Robot...
2025-11-05 13:52:43,034 - DEBUG - Loading robot configuration files...
2025-11-05 13:52:43,049 - DEBUG - Loaded vial positions configuration from robot_state/vial_positions.yaml
2025-11-05 13:52:43,049 - DEBUG - Loaded pipet tips configuration from robot_state/pipet_tips.yaml
2025-11-05 13:52:43,049 - DEBUG - Loaded pipet racks configuration from robot_state/pipet_racks.yaml
2025-11-05 13:52:43,065 - DEBUG - Loaded pump configuration from robot_state/syringe_pumps.yaml
2025-11-05 13:52:43,065 - DEBUG - Loaded robot hardware configuration from robot_state/robot_hardware.yaml
2025-11-05 13:52:43,065 - DEBUG - Loaded wellplate properties configuration from robot_state/wellplates.yaml
2025-11-05 13:52:43,065 - DEBUG - Loading robot state files...
2025-11-05 13:52:43,081 - DEBUG - Loaded vial data from status/calibration_vials_short.csv
2025-11-05 13:52:43,081 - DEBUG - Loaded robot status from robot_state/robot_status.yaml
2025-11-05 13:52:43,081 - DEBUG - Loaded wellplate positions from robot_state/wellplates.yaml
2025-11-05 13:52:43,081 - DEBUG - Robot status loaded successfully
2025-11-05 13:52:43,081 - DEBUG - Loading pumps from YAML configuration...
2025-11-05 13:52:43,081 - DEBUG - Loaded pump 0: volume=1.0mL, speed=11, liquid=None
2025-11-05 13:52:43,081 - DEBUG - Loaded pump 1: volume=2.5mL, speed=15, liquid=water
2025-11-05 13:52:43,081 - DEBUG - Physical initialization of North Robot...
2025-11-05 13:52:43,081 - INFO - Moving robot to home position
2025-11-05 13:52:43,081 - INFO - Initializing North Track...
2025-11-05 13:52:43,081 - DEBUG - Loading track status from file: robot_state/track_status.yaml
2025-11-05 13:52:43,081 - DEBUG - Getting track status from file: robot_state/track_status.yaml
2025-11-05 13:52:43,081 - DEBUG - Loaded track status from robot_state/track_status.yaml
2025-11-05 13:52:43,081 - DEBUG - Loading track positions from: robot_state/track_positions.yaml
2025-11-05 13:52:43,097 - DEBUG - Loaded track positions configuration from robot_state/track_positions.yaml
2025-11-05 13:52:43,097 - DEBUG - Loading robot hardware configuration from: robot_state/robot_hardware.yaml
2025-11-05 13:52:43,097 - DEBUG - Loaded robot hardware configuration from robot_state/robot_hardware.yaml
2025-11-05 13:52:43,097 - DEBUG - Loaded wellplate properties configuration from robot_state/wellplates.yaml
2025-11-05 13:52:43,097 - DEBUG - Moving North Track to home position
2025-11-05 13:52:43,097 - INFO -     vial_index           vial_name         location  location_index  vial_volume  capped cap_type vial_type    home_location  home_location_index
0            0  measurement_vial_0            clamp               0        5.375    True     open      8_mL    main_8mL_rack                    0
1            1  measurement_vial_1    main_8mL_rack               1        0.000    True     open      8_mL    main_8mL_rack                    1
2            2  measurement_vial_2    main_8mL_rack               2        0.000    True     open      8_mL    main_8mL_rack                    2
3            3  measurement_vial_3    main_8mL_rack               3        0.000    True     open      8_mL    main_8mL_rack                    3
4            4  measurement_vial_4    main_8mL_rack               4        0.000    True     open      8_mL    main_8mL_rack                    4
5            5  measurement_vial_5    main_8mL_rack               5        0.000    True     open      8_mL    main_8mL_rack                    5
6            6  measurement_vial_6    main_8mL_rack               6        0.000    True     open      8_mL    main_8mL_rack                    6
7            7  measurement_vial_7    main_8mL_rack               7        0.000    True     open      8_mL    main_8mL_rack                    7
8            8  measurement_vial_8    main_8mL_rack               8        0.000    True     open      8_mL    main_8mL_rack                    8
9            9  measurement_vial_9    main_8mL_rack               9        0.000    True     open      8_mL    main_8mL_rack                    9
10          10       liquid_source   50mL_vial_rack               0        0.000    True     open     50_mL   50mL_vial_rack                    0
11          11     liquid_source_0  large_vial_rack               2       10.625    True     open     20_mL  large_vial_rack                    2
2025-11-05 13:52:43,129 - INFO - Visualizing vial racks...
2025-11-05 13:52:43,318 - DEBUG - Visualizing rack: Main Rack with filter: main_8mL_rack
2025-11-05 13:52:43,512 - DEBUG - Visualizing rack: Second Rack with filter: large_vial_rack
2025-11-05 13:52:50,764 - INFO - Vial measurement_vial_0 already at clamp index 0, no move needed
2025-11-05 13:52:50,765 - DEBUG - Selected small_tip for volume 0.050 mL
2025-11-05 13:52:51,033 - DEBUG - Selected small_tip for volume 0.094 mL
2025-11-05 13:52:51,035 - ERROR - All small_tip racks are empty! Please refill tips then hit enter on the terminal!
2025-11-05 13:52:51,035 - WARNING - SIMULATION MODE: Would pause for error: All small_tip racks are empty! Please refill tips then hit enter on the terminal!
2025-11-05 13:52:51,036 - INFO - Resetting all pipet rack counters to 0 after refill
2025-11-05 13:52:51,037 - INFO - Getting small_tip (pipet number 0) from rack: small_tip_rack_1
2025-11-05 13:52:51,051 - INFO - Pipetting from vial liquid_source_0, amount: 0.05 mL
2025-11-05 13:52:51,051 - INFO - Additional volume from calibration, amount: 0.007 mL
2025-11-05 13:52:51,063 - DEBUG - Adjusting pump 0 speed to 15
2025-11-05 13:52:51,064 - DEBUG - Aspirating 0.057 mL then waiting 22.48070776462555 s
2025-11-05 13:52:51,066 - DEBUG - Aspirating 0.036 mL then waiting 0 s
2025-11-05 13:52:51,077 - INFO - Pipetting into vial measurement_vial_0, amount: 0.05 mL
2025-11-05 13:52:51,081 - DEBUG - Adjusting pump 0 speed to 14
2025-11-05 13:52:51,084 - DEBUG - Dispensing 0.094 mL then waiting 5.529413223266602 s
2025-11-05 13:52:51,087 - DEBUG - Blowing out 0.153 mL
2025-11-05 13:52:51,093 - INFO - Removing pipet
2025-11-05 13:52:51,326 - DEBUG - Selected small_tip for volume 0.094 mL
2025-11-05 13:52:51,326 - INFO - Getting small_tip (pipet number 1) from rack: small_tip_rack_1
2025-11-05 13:52:51,327 - INFO - Pipetting from vial liquid_source_0, amount: 0.05 mL
2025-11-05 13:52:51,327 - INFO - Additional volume from calibration, amount: 0.007 mL
2025-11-05 13:52:51,329 - DEBUG - Adjusting pump 0 speed to 15
2025-11-05 13:52:51,329 - DEBUG - Aspirating 0.057 mL then waiting 22.48070776462555 s
2025-11-05 13:52:51,329 - DEBUG - Aspirating 0.036 mL then waiting 0 s
2025-11-05 13:52:51,331 - INFO - Pipetting into vial measurement_vial_0, amount: 0.05 mL
2025-11-05 13:52:51,331 - DEBUG - Adjusting pump 0 speed to 14
2025-11-05 13:52:51,332 - DEBUG - Dispensing 0.094 mL then waiting 5.529413223266602 s
2025-11-05 13:52:51,332 - DEBUG - Blowing out 0.153 mL
2025-11-05 13:52:51,332 - INFO - Removing pipet
2025-11-05 13:52:51,542 - DEBUG - Selected small_tip for volume 0.094 mL
2025-11-05 13:52:51,542 - INFO - Getting small_tip (pipet number 2) from rack: small_tip_rack_1
2025-11-05 13:52:51,544 - INFO - Pipetting from vial liquid_source_0, amount: 0.05 mL
2025-11-05 13:52:51,544 - INFO - Additional volume from calibration, amount: 0.007 mL
2025-11-05 13:52:51,546 - DEBUG - Adjusting pump 0 speed to 15
2025-11-05 13:52:51,546 - DEBUG - Aspirating 0.057 mL then waiting 22.48070776462555 s
2025-11-05 13:52:51,546 - DEBUG - Aspirating 0.036 mL then waiting 0 s
2025-11-05 13:52:51,548 - INFO - Pipetting into vial measurement_vial_0, amount: 0.05 mL
2025-11-05 13:52:51,549 - DEBUG - Adjusting pump 0 speed to 14
2025-11-05 13:52:51,549 - DEBUG - Dispensing 0.094 mL then waiting 5.529413223266602 s
2025-11-05 13:52:51,549 - DEBUG - Blowing out 0.153 mL
2025-11-05 13:52:51,550 - INFO - Removing pipet
2025-11-05 13:52:51,808 - DEBUG - Selected small_tip for volume 0.124 mL
2025-11-05 13:52:51,808 - INFO - Getting small_tip (pipet number 3) from rack: small_tip_rack_1
2025-11-05 13:52:51,811 - INFO - Pipetting from vial liquid_source_0, amount: 0.05 mL
2025-11-05 13:52:51,812 - INFO - Additional volume from calibration, amount: 0.004 mL
2025-11-05 13:52:51,815 - DEBUG - Adjusting pump 0 speed to 35
2025-11-05 13:52:51,815 - DEBUG - Aspirating 0.054 mL then waiting 12.393135940656066 s
2025-11-05 13:52:51,815 - DEBUG - Aspirating 0.070 mL then waiting 0 s
2025-11-05 13:52:51,817 - INFO - Pipetting into vial measurement_vial_0, amount: 0.05 mL
2025-11-05 13:52:51,819 - DEBUG - Adjusting pump 0 speed to 25
2025-11-05 13:52:51,820 - DEBUG - Dispensing 0.124 mL then waiting 19.006759207695723 s
2025-11-05 13:52:51,820 - DEBUG - Blowing out 0.018 mL
2025-11-05 13:52:51,820 - INFO - Removing pipet
2025-11-05 13:52:52,039 - DEBUG - Selected small_tip for volume 0.124 mL
2025-11-05 13:52:52,039 - INFO - Getting small_tip (pipet number 4) from rack: small_tip_rack_1
2025-11-05 13:52:52,052 - INFO - Pipetting from vial liquid_source_0, amount: 0.05 mL
2025-11-05 13:52:52,052 - INFO - Additional volume from calibration, amount: 0.004 mL
2025-11-05 13:52:52,055 - DEBUG - Adjusting pump 0 speed to 35
2025-11-05 13:52:52,055 - DEBUG - Aspirating 0.054 mL then waiting 12.393135940656066 s
2025-11-05 13:52:52,055 - DEBUG - Aspirating 0.070 mL then waiting 0 s
2025-11-05 13:52:52,068 - INFO - Pipetting into vial measurement_vial_0, amount: 0.05 mL
2025-11-05 13:52:52,072 - DEBUG - Adjusting pump 0 speed to 25
2025-11-05 13:52:52,075 - DEBUG - Dispensing 0.124 mL then waiting 19.006759207695723 s
2025-11-05 13:52:52,076 - DEBUG - Blowing out 0.018 mL
2025-11-05 13:52:52,077 - INFO - Removing pipet
2025-11-05 13:52:52,293 - DEBUG - Selected small_tip for volume 0.124 mL
2025-11-05 13:52:52,294 - INFO - Getting small_tip (pipet number 5) from rack: small_tip_rack_1
2025-11-05 13:52:52,300 - INFO - Pipetting from vial liquid_source_0, amount: 0.05 mL
2025-11-05 13:52:52,301 - INFO - Additional volume from calibration, amount: 0.004 mL
2025-11-05 13:52:52,309 - DEBUG - Adjusting pump 0 speed to 35
2025-11-05 13:52:52,310 - DEBUG - Aspirating 0.054 mL then waiting 12.393135940656066 s
2025-11-05 13:52:52,310 - DEBUG - Aspirating 0.070 mL then waiting 0 s
2025-11-05 13:52:52,317 - INFO - Pipetting into vial measurement_vial_0, amount: 0.05 mL
2025-11-05 13:52:52,320 - DEBUG - Adjusting pump 0 speed to 25
2025-11-05 13:52:52,324 - DEBUG - Dispensing 0.124 mL then waiting 19.006759207695723 s
2025-11-05 13:52:52,325 - DEBUG - Blowing out 0.018 mL
2025-11-05 13:52:52,326 - INFO - Removing pipet
2025-11-05 13:52:52,624 - DEBUG - Selected small_tip for volume 0.072 mL
2025-11-05 13:52:52,624 - INFO - Getting small_tip (pipet number 6) from rack: small_tip_rack_1
2025-11-05 13:52:52,633 - INFO - Pipetting from vial liquid_source_0, amount: 0.05 mL
2025-11-05 13:52:52,634 - INFO - Additional volume from calibration, amount: 0.0 mL
2025-11-05 13:52:52,636 - DEBUG - Adjusting pump 0 speed to 26
2025-11-05 13:52:52,641 - DEBUG - Aspirating 0.050 mL then waiting 28.394931005313993 s
2025-11-05 13:52:52,641 - DEBUG - Aspirating 0.021 mL then waiting 0 s
2025-11-05 13:52:52,646 - INFO - Pipetting into vial measurement_vial_0, amount: 0.05 mL
2025-11-05 13:52:52,649 - DEBUG - Adjusting pump 0 speed to 20
2025-11-05 13:52:52,651 - DEBUG - Dispensing 0.072 mL then waiting 12.44194284081459 s
2025-11-05 13:52:52,652 - DEBUG - Blowing out 0.056 mL
2025-11-05 13:52:52,652 - INFO - Removing pipet
2025-11-05 13:52:52,874 - DEBUG - Selected small_tip for volume 0.072 mL
2025-11-05 13:52:52,874 - INFO - Getting small_tip (pipet number 7) from rack: small_tip_rack_1
2025-11-05 13:52:52,885 - INFO - Pipetting from vial liquid_source_0, amount: 0.05 mL
2025-11-05 13:52:52,885 - INFO - Additional volume from calibration, amount: 0.0 mL
2025-11-05 13:52:52,892 - DEBUG - Adjusting pump 0 speed to 26
2025-11-05 13:52:52,893 - DEBUG - Aspirating 0.050 mL then waiting 28.394931005313993 s
2025-11-05 13:52:52,893 - DEBUG - Aspirating 0.021 mL then waiting 0 s
2025-11-05 13:52:52,897 - INFO - Pipetting into vial measurement_vial_0, amount: 0.05 mL
2025-11-05 13:52:52,899 - DEBUG - Adjusting pump 0 speed to 20
2025-11-05 13:52:52,900 - DEBUG - Dispensing 0.072 mL then waiting 12.44194284081459 s
2025-11-05 13:52:52,900 - DEBUG - Blowing out 0.056 mL
2025-11-05 13:52:52,900 - INFO - Removing pipet
2025-11-05 13:52:53,120 - DEBUG - Selected small_tip for volume 0.072 mL
2025-11-05 13:52:53,120 - INFO - Getting small_tip (pipet number 8) from rack: small_tip_rack_1
2025-11-05 13:52:53,132 - INFO - Pipetting from vial liquid_source_0, amount: 0.05 mL
2025-11-05 13:52:53,133 - INFO - Additional volume from calibration, amount: 0.0 mL
2025-11-05 13:52:53,141 - DEBUG - Adjusting pump 0 speed to 26
2025-11-05 13:52:53,142 - DEBUG - Aspirating 0.050 mL then waiting 28.394931005313993 s
2025-11-05 13:52:53,142 - DEBUG - Aspirating 0.021 mL then waiting 0 s
2025-11-05 13:52:53,149 - INFO - Pipetting into vial measurement_vial_0, amount: 0.05 mL
2025-11-05 13:52:53,151 - DEBUG - Adjusting pump 0 speed to 20
2025-11-05 13:52:53,151 - DEBUG - Dispensing 0.072 mL then waiting 12.44194284081459 s
2025-11-05 13:52:53,151 - DEBUG - Blowing out 0.056 mL
2025-11-05 13:52:53,151 - INFO - Removing pipet
2025-11-05 13:52:53,395 - DEBUG - Selected small_tip for volume 0.139 mL
2025-11-05 13:52:53,395 - INFO - Getting small_tip (pipet number 9) from rack: small_tip_rack_1
2025-11-05 13:52:53,395 - INFO - Pipetting from vial liquid_source_0, amount: 0.05 mL
2025-11-05 13:52:53,395 - INFO - Additional volume from calibration, amount: 0.004 mL
2025-11-05 13:52:53,395 - DEBUG - Adjusting pump 0 speed to 19
2025-11-05 13:52:53,395 - DEBUG - Aspirating 0.054 mL then waiting 4.259606637060642 s
2025-11-05 13:52:53,395 - DEBUG - Aspirating 0.085 mL then waiting 0 s
2025-11-05 13:52:53,395 - INFO - Pipetting into vial measurement_vial_0, amount: 0.05 mL
2025-11-05 13:52:53,403 - DEBUG - Adjusting pump 0 speed to 31
2025-11-05 13:52:53,403 - DEBUG - Dispensing 0.139 mL then waiting 27.09417167119682 s
2025-11-05 13:52:53,403 - DEBUG - Blowing out 0.116 mL
2025-11-05 13:52:53,404 - INFO - Removing pipet
2025-11-05 13:52:53,612 - DEBUG - Selected small_tip for volume 0.139 mL
2025-11-05 13:52:53,612 - INFO - Getting small_tip (pipet number 10) from rack: small_tip_rack_1
2025-11-05 13:52:53,625 - INFO - Pipetting from vial liquid_source_0, amount: 0.05 mL
2025-11-05 13:52:53,626 - INFO - Additional volume from calibration, amount: 0.004 mL
2025-11-05 13:52:53,634 - DEBUG - Adjusting pump 0 speed to 19
2025-11-05 13:52:53,635 - DEBUG - Aspirating 0.054 mL then waiting 4.259606637060642 s
2025-11-05 13:52:53,635 - DEBUG - Aspirating 0.085 mL then waiting 0 s
2025-11-05 13:52:53,643 - INFO - Pipetting into vial measurement_vial_0, amount: 0.05 mL
2025-11-05 13:52:53,647 - DEBUG - Adjusting pump 0 speed to 31
2025-11-05 13:52:53,650 - DEBUG - Dispensing 0.139 mL then waiting 27.09417167119682 s
2025-11-05 13:52:53,650 - DEBUG - Blowing out 0.116 mL
2025-11-05 13:52:53,651 - INFO - Removing pipet
2025-11-05 13:52:53,862 - DEBUG - Selected small_tip for volume 0.139 mL
2025-11-05 13:52:53,862 - INFO - Getting small_tip (pipet number 11) from rack: small_tip_rack_1
2025-11-05 13:52:53,873 - INFO - Pipetting from vial liquid_source_0, amount: 0.05 mL
2025-11-05 13:52:53,873 - INFO - Additional volume from calibration, amount: 0.004 mL
2025-11-05 13:52:53,882 - DEBUG - Adjusting pump 0 speed to 19
2025-11-05 13:52:53,884 - DEBUG - Aspirating 0.054 mL then waiting 4.259606637060642 s
2025-11-05 13:52:53,884 - DEBUG - Aspirating 0.085 mL then waiting 0 s
2025-11-05 13:52:53,891 - INFO - Pipetting into vial measurement_vial_0, amount: 0.05 mL
2025-11-05 13:52:53,895 - DEBUG - Adjusting pump 0 speed to 31
2025-11-05 13:52:53,899 - DEBUG - Dispensing 0.139 mL then waiting 27.09417167119682 s
2025-11-05 13:52:53,900 - DEBUG - Blowing out 0.116 mL
2025-11-05 13:52:53,900 - INFO - Removing pipet
2025-11-05 13:52:54,159 - DEBUG - Selected small_tip for volume 0.061 mL
2025-11-05 13:52:54,160 - INFO - Getting small_tip (pipet number 12) from rack: small_tip_rack_1
2025-11-05 13:52:54,161 - INFO - Pipetting from vial liquid_source_0, amount: 0.05 mL
2025-11-05 13:52:54,162 - INFO - Additional volume from calibration, amount: 0.001 mL
2025-11-05 13:52:54,163 - DEBUG - Adjusting pump 0 speed to 17
2025-11-05 13:52:54,163 - DEBUG - Aspirating 0.051 mL then waiting 8.865606626495719 s
2025-11-05 13:52:54,163 - DEBUG - Aspirating 0.010 mL then waiting 0 s
2025-11-05 13:52:54,164 - INFO - Pipetting into vial measurement_vial_0, amount: 0.05 mL
2025-11-05 13:52:54,166 - DEBUG - Adjusting pump 0 speed to 18
2025-11-05 13:52:54,166 - DEBUG - Dispensing 0.061 mL then waiting 25.507228514179587 s
2025-11-05 13:52:54,166 - DEBUG - Blowing out 0.179 mL
2025-11-05 13:52:54,166 - INFO - Removing pipet
2025-11-05 13:52:54,380 - DEBUG - Selected small_tip for volume 0.061 mL
2025-11-05 13:52:54,380 - INFO - Getting small_tip (pipet number 13) from rack: small_tip_rack_1
2025-11-05 13:52:54,387 - INFO - Pipetting from vial liquid_source_0, amount: 0.05 mL
2025-11-05 13:52:54,387 - INFO - Additional volume from calibration, amount: 0.001 mL
2025-11-05 13:52:54,395 - DEBUG - Adjusting pump 0 speed to 17
2025-11-05 13:52:54,396 - DEBUG - Aspirating 0.051 mL then waiting 8.865606626495719 s
2025-11-05 13:52:54,397 - DEBUG - Aspirating 0.010 mL then waiting 0 s
2025-11-05 13:52:54,404 - INFO - Pipetting into vial measurement_vial_0, amount: 0.05 mL
2025-11-05 13:52:54,408 - DEBUG - Adjusting pump 0 speed to 18
2025-11-05 13:52:54,412 - DEBUG - Dispensing 0.061 mL then waiting 25.507228514179587 s
2025-11-05 13:52:54,412 - DEBUG - Blowing out 0.179 mL
2025-11-05 13:52:54,414 - INFO - Removing pipet
2025-11-05 13:52:54,633 - DEBUG - Selected small_tip for volume 0.061 mL
2025-11-05 13:52:54,633 - INFO - Getting small_tip (pipet number 14) from rack: small_tip_rack_1
2025-11-05 13:52:54,635 - INFO - Pipetting from vial liquid_source_0, amount: 0.05 mL
2025-11-05 13:52:54,635 - INFO - Additional volume from calibration, amount: 0.001 mL
2025-11-05 13:52:54,636 - DEBUG - Adjusting pump 0 speed to 17
2025-11-05 13:52:54,636 - DEBUG - Aspirating 0.051 mL then waiting 8.865606626495719 s
2025-11-05 13:52:54,637 - DEBUG - Aspirating 0.010 mL then waiting 0 s
2025-11-05 13:52:54,638 - INFO - Pipetting into vial measurement_vial_0, amount: 0.05 mL
2025-11-05 13:52:54,639 - DEBUG - Adjusting pump 0 speed to 18
2025-11-05 13:52:54,639 - DEBUG - Dispensing 0.061 mL then waiting 25.507228514179587 s
2025-11-05 13:52:54,639 - DEBUG - Blowing out 0.179 mL
2025-11-05 13:52:54,640 - INFO - Removing pipet
2025-11-05 13:52:54,926 - DEBUG - Selected small_tip for volume 0.095 mL
2025-11-05 13:52:54,926 - INFO - Getting small_tip (pipet number 15) from rack: small_tip_rack_1
2025-11-05 13:52:54,926 - INFO - Pipetting from vial liquid_source_0, amount: 0.05 mL
2025-11-05 13:52:54,926 - INFO - Additional volume from calibration, amount: 0.008 mL
2025-11-05 13:52:54,926 - DEBUG - Adjusting pump 0 speed to 15
2025-11-05 13:52:54,926 - DEBUG - Aspirating 0.058 mL then waiting 22.48070776462555 s
2025-11-05 13:52:54,926 - DEBUG - Aspirating 0.036 mL then waiting 0 s
2025-11-05 13:52:54,926 - INFO - Pipetting into vial measurement_vial_0, amount: 0.05 mL
2025-11-05 13:52:54,926 - DEBUG - Adjusting pump 0 speed to 14
2025-11-05 13:52:54,926 - DEBUG - Dispensing 0.095 mL then waiting 5.529413223266602 s
2025-11-05 13:52:54,926 - DEBUG - Blowing out 0.153 mL
2025-11-05 13:52:54,926 - INFO - Removing pipet
2025-11-05 13:52:55,145 - DEBUG - Selected small_tip for volume 0.095 mL
2025-11-05 13:52:55,146 - INFO - Getting small_tip (pipet number 16) from rack: small_tip_rack_1
2025-11-05 13:52:55,152 - INFO - Pipetting from vial liquid_source_0, amount: 0.05 mL
2025-11-05 13:52:55,152 - INFO - Additional volume from calibration, amount: 0.008 mL
2025-11-05 13:52:55,159 - DEBUG - Adjusting pump 0 speed to 15
2025-11-05 13:52:55,159 - DEBUG - Aspirating 0.058 mL then waiting 22.48070776462555 s
2025-11-05 13:52:55,159 - DEBUG - Aspirating 0.036 mL then waiting 0 s
2025-11-05 13:52:55,163 - INFO - Pipetting into vial measurement_vial_0, amount: 0.05 mL
2025-11-05 13:52:55,163 - DEBUG - Adjusting pump 0 speed to 14
2025-11-05 13:52:55,163 - DEBUG - Dispensing 0.095 mL then waiting 5.529413223266602 s
2025-11-05 13:52:55,167 - DEBUG - Blowing out 0.153 mL
2025-11-05 13:52:55,167 - INFO - Removing pipet
2025-11-05 13:52:55,381 - DEBUG - Selected small_tip for volume 0.095 mL
2025-11-05 13:52:55,382 - INFO - Getting small_tip (pipet number 17) from rack: small_tip_rack_1
2025-11-05 13:52:55,388 - INFO - Pipetting from vial liquid_source_0, amount: 0.05 mL
2025-11-05 13:52:55,388 - INFO - Additional volume from calibration, amount: 0.008 mL
2025-11-05 13:52:55,394 - DEBUG - Adjusting pump 0 speed to 15
2025-11-05 13:52:55,395 - DEBUG - Aspirating 0.058 mL then waiting 22.48070776462555 s
2025-11-05 13:52:55,395 - DEBUG - Aspirating 0.036 mL then waiting 0 s
2025-11-05 13:52:55,400 - INFO - Pipetting into vial measurement_vial_0, amount: 0.05 mL
2025-11-05 13:52:55,401 - DEBUG - Adjusting pump 0 speed to 14
2025-11-05 13:52:55,402 - DEBUG - Dispensing 0.095 mL then waiting 5.529413223266602 s
2025-11-05 13:52:55,403 - DEBUG - Blowing out 0.153 mL
2025-11-05 13:52:55,403 - INFO - Removing pipet
2025-11-05 13:52:55,637 - DEBUG - Selected small_tip for volume 0.124 mL
2025-11-05 13:52:55,637 - INFO - Getting small_tip (pipet number 18) from rack: small_tip_rack_1
2025-11-05 13:52:55,638 - INFO - Pipetting from vial liquid_source_0, amount: 0.05 mL
2025-11-05 13:52:55,639 - INFO - Additional volume from calibration, amount: 0.004 mL
2025-11-05 13:52:55,640 - DEBUG - Adjusting pump 0 speed to 35
2025-11-05 13:52:55,640 - DEBUG - Aspirating 0.054 mL then waiting 12.393135940656066 s
2025-11-05 13:52:55,641 - DEBUG - Aspirating 0.070 mL then waiting 0 s
2025-11-05 13:52:55,642 - INFO - Pipetting into vial measurement_vial_0, amount: 0.05 mL
2025-11-05 13:52:55,642 - DEBUG - Adjusting pump 0 speed to 25
2025-11-05 13:52:55,644 - DEBUG - Dispensing 0.124 mL then waiting 19.006759207695723 s
2025-11-05 13:52:55,644 - DEBUG - Blowing out 0.018 mL
2025-11-05 13:52:55,644 - INFO - Removing pipet
2025-11-05 13:52:55,857 - DEBUG - Selected small_tip for volume 0.124 mL
2025-11-05 13:52:55,857 - INFO - Getting small_tip (pipet number 19) from rack: small_tip_rack_1
2025-11-05 13:52:55,859 - INFO - Pipetting from vial liquid_source_0, amount: 0.05 mL
2025-11-05 13:52:55,859 - INFO - Additional volume from calibration, amount: 0.004 mL
2025-11-05 13:52:55,861 - DEBUG - Adjusting pump 0 speed to 35
2025-11-05 13:52:55,861 - DEBUG - Aspirating 0.054 mL then waiting 12.393135940656066 s
2025-11-05 13:52:55,861 - DEBUG - Aspirating 0.070 mL then waiting 0 s
2025-11-05 13:52:55,862 - INFO - Pipetting into vial measurement_vial_0, amount: 0.05 mL
2025-11-05 13:52:55,863 - DEBUG - Adjusting pump 0 speed to 25
2025-11-05 13:52:55,863 - DEBUG - Dispensing 0.124 mL then waiting 19.006759207695723 s
2025-11-05 13:52:55,863 - DEBUG - Blowing out 0.018 mL
2025-11-05 13:52:55,864 - INFO - Removing pipet
2025-11-05 13:52:56,077 - DEBUG - Selected small_tip for volume 0.124 mL
2025-11-05 13:52:56,077 - INFO - Getting small_tip (pipet number 20) from rack: small_tip_rack_1
2025-11-05 13:52:56,079 - INFO - Pipetting from vial liquid_source_0, amount: 0.05 mL
2025-11-05 13:52:56,079 - INFO - Additional volume from calibration, amount: 0.004 mL
2025-11-05 13:52:56,081 - DEBUG - Adjusting pump 0 speed to 35
2025-11-05 13:52:56,081 - DEBUG - Aspirating 0.054 mL then waiting 12.393135940656066 s
2025-11-05 13:52:56,081 - DEBUG - Aspirating 0.070 mL then waiting 0 s
2025-11-05 13:52:56,082 - INFO - Pipetting into vial measurement_vial_0, amount: 0.05 mL
2025-11-05 13:52:56,083 - DEBUG - Adjusting pump 0 speed to 25
2025-11-05 13:52:56,084 - DEBUG - Dispensing 0.124 mL then waiting 19.006759207695723 s
2025-11-05 13:52:56,084 - DEBUG - Blowing out 0.018 mL
2025-11-05 13:52:56,084 - INFO - Removing pipet
2025-11-05 13:52:56,323 - DEBUG - Selected small_tip for volume 0.072 mL
2025-11-05 13:52:56,323 - INFO - Getting small_tip (pipet number 21) from rack: small_tip_rack_1
2025-11-05 13:52:56,327 - INFO - Pipetting from vial liquid_source_0, amount: 0.05 mL
2025-11-05 13:52:56,327 - INFO - Additional volume from calibration, amount: 0.0 mL
2025-11-05 13:52:56,329 - DEBUG - Adjusting pump 0 speed to 26
2025-11-05 13:52:56,329 - DEBUG - Aspirating 0.050 mL then waiting 28.394931005313993 s
2025-11-05 13:52:56,329 - DEBUG - Aspirating 0.021 mL then waiting 0 s
2025-11-05 13:52:56,331 - INFO - Pipetting into vial measurement_vial_0, amount: 0.05 mL
2025-11-05 13:52:56,331 - DEBUG - Adjusting pump 0 speed to 20
2025-11-05 13:52:56,332 - DEBUG - Dispensing 0.072 mL then waiting 12.44194284081459 s
2025-11-05 13:52:56,332 - DEBUG - Blowing out 0.056 mL
2025-11-05 13:52:56,332 - INFO - Removing pipet
2025-11-05 13:52:56,540 - DEBUG - Selected small_tip for volume 0.072 mL
2025-11-05 13:52:56,541 - INFO - Getting small_tip (pipet number 22) from rack: small_tip_rack_1
2025-11-05 13:52:56,542 - INFO - Pipetting from vial liquid_source_0, amount: 0.05 mL
2025-11-05 13:52:56,542 - INFO - Additional volume from calibration, amount: 0.0 mL
2025-11-05 13:52:56,543 - DEBUG - Adjusting pump 0 speed to 26
2025-11-05 13:52:56,545 - DEBUG - Aspirating 0.050 mL then waiting 28.394931005313993 s
2025-11-05 13:52:56,545 - DEBUG - Aspirating 0.021 mL then waiting 0 s
2025-11-05 13:52:56,546 - INFO - Pipetting into vial measurement_vial_0, amount: 0.05 mL
2025-11-05 13:52:56,547 - DEBUG - Adjusting pump 0 speed to 20
2025-11-05 13:52:56,548 - DEBUG - Dispensing 0.072 mL then waiting 12.44194284081459 s
2025-11-05 13:52:56,548 - DEBUG - Blowing out 0.056 mL
2025-11-05 13:52:56,548 - INFO - Removing pipet
2025-11-05 13:52:56,759 - DEBUG - Selected small_tip for volume 0.072 mL
2025-11-05 13:52:56,759 - INFO - Getting small_tip (pipet number 23) from rack: small_tip_rack_1
2025-11-05 13:52:56,761 - INFO - Pipetting from vial liquid_source_0, amount: 0.05 mL
2025-11-05 13:52:56,761 - INFO - Additional volume from calibration, amount: 0.0 mL
2025-11-05 13:52:56,765 - DEBUG - Adjusting pump 0 speed to 26
2025-11-05 13:52:56,765 - DEBUG - Aspirating 0.050 mL then waiting 28.394931005313993 s
2025-11-05 13:52:56,765 - DEBUG - Aspirating 0.021 mL then waiting 0 s
2025-11-05 13:52:56,766 - INFO - Pipetting into vial measurement_vial_0, amount: 0.05 mL
2025-11-05 13:52:56,767 - DEBUG - Adjusting pump 0 speed to 20
2025-11-05 13:52:56,768 - DEBUG - Dispensing 0.072 mL then waiting 12.44194284081459 s
2025-11-05 13:52:56,769 - DEBUG - Blowing out 0.056 mL
2025-11-05 13:52:56,769 - INFO - Removing pipet
2025-11-05 13:52:57,013 - DEBUG - Selected small_tip for volume 0.139 mL
2025-11-05 13:52:57,013 - INFO - Getting small_tip (pipet number 24) from rack: small_tip_rack_1
2025-11-05 13:52:57,013 - INFO - Pipetting from vial liquid_source_0, amount: 0.05 mL
2025-11-05 13:52:57,013 - INFO - Additional volume from calibration, amount: 0.004 mL
2025-11-05 13:52:57,013 - DEBUG - Adjusting pump 0 speed to 19
2025-11-05 13:52:57,013 - DEBUG - Aspirating 0.054 mL then waiting 4.259606637060642 s
2025-11-05 13:52:57,013 - DEBUG - Aspirating 0.085 mL then waiting 0 s
2025-11-05 13:52:57,013 - INFO - Pipetting into vial measurement_vial_0, amount: 0.05 mL
2025-11-05 13:52:57,019 - DEBUG - Adjusting pump 0 speed to 31
2025-11-05 13:52:57,019 - DEBUG - Dispensing 0.139 mL then waiting 27.09417167119682 s
2025-11-05 13:52:57,019 - DEBUG - Blowing out 0.116 mL
2025-11-05 13:52:57,019 - INFO - Removing pipet
2025-11-05 13:52:57,227 - DEBUG - Selected small_tip for volume 0.139 mL
2025-11-05 13:52:57,227 - INFO - Getting small_tip (pipet number 25) from rack: small_tip_rack_1
2025-11-05 13:52:57,228 - INFO - Pipetting from vial liquid_source_0, amount: 0.05 mL
2025-11-05 13:52:57,229 - INFO - Additional volume from calibration, amount: 0.004 mL
2025-11-05 13:52:57,230 - DEBUG - Adjusting pump 0 speed to 19
2025-11-05 13:52:57,230 - DEBUG - Aspirating 0.054 mL then waiting 4.259606637060642 s
2025-11-05 13:52:57,230 - DEBUG - Aspirating 0.085 mL then waiting 0 s
2025-11-05 13:52:57,232 - INFO - Pipetting into vial measurement_vial_0, amount: 0.05 mL
2025-11-05 13:52:57,232 - DEBUG - Adjusting pump 0 speed to 31
2025-11-05 13:52:57,234 - DEBUG - Dispensing 0.139 mL then waiting 27.09417167119682 s
2025-11-05 13:52:57,234 - DEBUG - Blowing out 0.116 mL
2025-11-05 13:52:57,234 - INFO - Removing pipet
2025-11-05 13:52:57,442 - DEBUG - Selected small_tip for volume 0.139 mL
2025-11-05 13:52:57,442 - INFO - Getting small_tip (pipet number 26) from rack: small_tip_rack_1
2025-11-05 13:52:57,444 - INFO - Pipetting from vial liquid_source_0, amount: 0.05 mL
2025-11-05 13:52:57,444 - INFO - Additional volume from calibration, amount: 0.004 mL
2025-11-05 13:52:57,446 - DEBUG - Adjusting pump 0 speed to 19
2025-11-05 13:52:57,446 - DEBUG - Aspirating 0.054 mL then waiting 4.259606637060642 s
2025-11-05 13:52:57,447 - DEBUG - Aspirating 0.085 mL then waiting 0 s
2025-11-05 13:52:57,448 - INFO - Pipetting into vial measurement_vial_0, amount: 0.05 mL
2025-11-05 13:52:57,448 - DEBUG - Adjusting pump 0 speed to 31
2025-11-05 13:52:57,449 - DEBUG - Dispensing 0.139 mL then waiting 27.09417167119682 s
2025-11-05 13:52:57,449 - DEBUG - Blowing out 0.116 mL
2025-11-05 13:52:57,449 - INFO - Removing pipet
2025-11-05 13:52:57,679 - DEBUG - Selected small_tip for volume 0.061 mL
2025-11-05 13:52:57,679 - INFO - Getting small_tip (pipet number 27) from rack: small_tip_rack_1
2025-11-05 13:52:57,679 - INFO - Pipetting from vial liquid_source_0, amount: 0.05 mL
2025-11-05 13:52:57,679 - INFO - Additional volume from calibration, amount: 0.002 mL
2025-11-05 13:52:57,679 - DEBUG - Adjusting pump 0 speed to 17
2025-11-05 13:52:57,679 - DEBUG - Aspirating 0.052 mL then waiting 8.865606626495719 s
2025-11-05 13:52:57,679 - DEBUG - Aspirating 0.010 mL then waiting 0 s
2025-11-05 13:52:57,679 - INFO - Pipetting into vial measurement_vial_0, amount: 0.05 mL
2025-11-05 13:52:57,687 - DEBUG - Adjusting pump 0 speed to 18
2025-11-05 13:52:57,687 - DEBUG - Dispensing 0.061 mL then waiting 25.507228514179587 s
2025-11-05 13:52:57,687 - DEBUG - Blowing out 0.179 mL
2025-11-05 13:52:57,687 - INFO - Removing pipet
2025-11-05 13:52:57,911 - DEBUG - Selected small_tip for volume 0.061 mL
2025-11-05 13:52:57,912 - INFO - Getting small_tip (pipet number 28) from rack: small_tip_rack_1
2025-11-05 13:52:57,918 - INFO - Pipetting from vial liquid_source_0, amount: 0.05 mL
2025-11-05 13:52:57,919 - INFO - Additional volume from calibration, amount: 0.002 mL
2025-11-05 13:52:57,926 - DEBUG - Adjusting pump 0 speed to 17
2025-11-05 13:52:57,927 - DEBUG - Aspirating 0.052 mL then waiting 8.865606626495719 s
2025-11-05 13:52:57,927 - DEBUG - Aspirating 0.010 mL then waiting 0 s
2025-11-05 13:52:57,933 - INFO - Pipetting into vial measurement_vial_0, amount: 0.05 mL
2025-11-05 13:52:57,935 - DEBUG - Adjusting pump 0 speed to 18
2025-11-05 13:52:57,937 - DEBUG - Dispensing 0.061 mL then waiting 25.507228514179587 s
2025-11-05 13:52:57,937 - DEBUG - Blowing out 0.179 mL
2025-11-05 13:52:57,939 - INFO - Removing pipet
2025-11-05 13:52:58,151 - DEBUG - Selected small_tip for volume 0.061 mL
2025-11-05 13:52:58,151 - INFO - Getting small_tip (pipet number 29) from rack: small_tip_rack_1
2025-11-05 13:52:58,153 - INFO - Pipetting from vial liquid_source_0, amount: 0.05 mL
2025-11-05 13:52:58,153 - INFO - Additional volume from calibration, amount: 0.002 mL
2025-11-05 13:52:58,154 - DEBUG - Adjusting pump 0 speed to 17
2025-11-05 13:52:58,155 - DEBUG - Aspirating 0.052 mL then waiting 8.865606626495719 s
2025-11-05 13:52:58,155 - DEBUG - Aspirating 0.010 mL then waiting 0 s
2025-11-05 13:52:58,156 - INFO - Pipetting into vial measurement_vial_0, amount: 0.05 mL
2025-11-05 13:52:58,156 - DEBUG - Adjusting pump 0 speed to 18
2025-11-05 13:52:58,156 - DEBUG - Dispensing 0.061 mL then waiting 25.507228514179587 s
2025-11-05 13:52:58,156 - DEBUG - Blowing out 0.179 mL
2025-11-05 13:52:58,160 - INFO - Removing pipet
2025-11-05 13:52:58,400 - DEBUG - Selected small_tip for volume 0.153 mL
2025-11-05 13:52:58,400 - INFO - Getting small_tip (pipet number 30) from rack: small_tip_rack_1
2025-11-05 13:52:58,400 - INFO - Pipetting from vial liquid_source_0, amount: 0.05 mL
2025-11-05 13:52:58,400 - INFO - Additional volume from calibration, amount: 0.006 mL
2025-11-05 13:52:58,400 - DEBUG - Adjusting pump 0 speed to 23
2025-11-05 13:52:58,400 - DEBUG - Aspirating 0.056 mL then waiting 18.480767849832773 s
2025-11-05 13:52:58,400 - DEBUG - Aspirating 0.097 mL then waiting 0 s
2025-11-05 13:52:58,400 - INFO - Pipetting into vial measurement_vial_0, amount: 0.05 mL
2025-11-05 13:52:58,408 - DEBUG - Adjusting pump 0 speed to 34
2025-11-05 13:52:58,408 - DEBUG - Dispensing 0.153 mL then waiting 9.92737378925085 s
2025-11-05 13:52:58,408 - DEBUG - Blowing out 0.042 mL
2025-11-05 13:52:58,408 - INFO - Removing pipet
2025-11-05 13:52:58,621 - DEBUG - Selected small_tip for volume 0.153 mL
2025-11-05 13:52:58,621 - INFO - Getting small_tip (pipet number 31) from rack: small_tip_rack_1
2025-11-05 13:52:58,623 - INFO - Pipetting from vial liquid_source_0, amount: 0.05 mL
2025-11-05 13:52:58,623 - INFO - Additional volume from calibration, amount: 0.006 mL
2025-11-05 13:52:58,625 - DEBUG - Adjusting pump 0 speed to 23
2025-11-05 13:52:58,625 - DEBUG - Aspirating 0.056 mL then waiting 18.480767849832773 s
2025-11-05 13:52:58,625 - DEBUG - Aspirating 0.097 mL then waiting 0 s
2025-11-05 13:52:58,626 - INFO - Pipetting into vial measurement_vial_0, amount: 0.05 mL
2025-11-05 13:52:58,627 - DEBUG - Adjusting pump 0 speed to 34
2025-11-05 13:52:58,628 - DEBUG - Dispensing 0.153 mL then waiting 9.92737378925085 s
2025-11-05 13:52:58,628 - DEBUG - Blowing out 0.042 mL
2025-11-05 13:52:58,628 - INFO - Removing pipet
2025-11-05 13:52:58,831 - DEBUG - Selected small_tip for volume 0.153 mL
2025-11-05 13:52:58,831 - INFO - Getting small_tip (pipet number 32) from rack: small_tip_rack_1
2025-11-05 13:52:58,831 - INFO - Pipetting from vial liquid_source_0, amount: 0.05 mL
2025-11-05 13:52:58,831 - INFO - Additional volume from calibration, amount: 0.006 mL
2025-11-05 13:52:58,831 - DEBUG - Adjusting pump 0 speed to 23
2025-11-05 13:52:58,831 - DEBUG - Aspirating 0.056 mL then waiting 18.480767849832773 s
2025-11-05 13:52:58,831 - DEBUG - Aspirating 0.097 mL then waiting 0 s
2025-11-05 13:52:58,845 - INFO - Pipetting into vial measurement_vial_0, amount: 0.05 mL
2025-11-05 13:52:58,846 - DEBUG - Adjusting pump 0 speed to 34
2025-11-05 13:52:58,848 - DEBUG - Dispensing 0.153 mL then waiting 9.92737378925085 s
2025-11-05 13:52:58,848 - DEBUG - Blowing out 0.042 mL
2025-11-05 13:52:58,848 - INFO - Removing pipet
2025-11-05 13:52:58,885 - INFO - Removing pipet
2025-11-05 13:52:58,887 - INFO - Returning vial measurement_vial_0 to home location: main_8mL_rack index 0
2025-11-05 13:52:58,888 - INFO - Moving vial measurement_vial_0 to main_8mL_rack: 0
2025-11-05 13:52:58,888 - DEBUG - Grabbing vial 0 with index 0
2025-11-05 13:52:58,891 - DEBUG - Dropping off vial 0 at location main_8mL_rack with index 0
2025-11-05 13:52:58,891 - INFO - [info] Switching to new measurement vial: measurement_vial_1
2025-11-05 13:52:58,892 - INFO - Moving vial measurement_vial_1 to clamp: 0
2025-11-05 13:52:58,892 - DEBUG - Grabbing vial 1 with index 1
2025-11-05 13:52:58,894 - DEBUG - Dropping off vial 1 at location clamp with index 0
2025-11-05 13:52:59,106 - DEBUG - Selected small_tip for volume 0.101 mL
2025-11-05 13:52:59,106 - INFO - Getting small_tip (pipet number 33) from rack: small_tip_rack_1
2025-11-05 13:52:59,110 - INFO - Pipetting from vial liquid_source_0, amount: 0.05 mL
2025-11-05 13:52:59,110 - INFO - Additional volume from calibration, amount: 0.007 mL
2025-11-05 13:52:59,112 - DEBUG - Adjusting pump 0 speed to 31
2025-11-05 13:52:59,112 - DEBUG - Aspirating 0.057 mL then waiting 0.7320817932486534 s
2025-11-05 13:52:59,112 - DEBUG - Aspirating 0.045 mL then waiting 0 s
2025-11-05 13:52:59,113 - INFO - Pipetting into vial measurement_vial_1, amount: 0.05 mL
2025-11-05 13:52:59,114 - DEBUG - Adjusting pump 0 speed to 11
2025-11-05 13:52:59,115 - DEBUG - Dispensing 0.101 mL then waiting 18.36072424426675 s
2025-11-05 13:52:59,115 - DEBUG - Blowing out 0.080 mL
2025-11-05 13:52:59,115 - INFO - Removing pipet
2025-11-05 13:52:59,336 - DEBUG - Selected small_tip for volume 0.101 mL
2025-11-05 13:52:59,336 - INFO - Getting small_tip (pipet number 34) from rack: small_tip_rack_1
2025-11-05 13:52:59,343 - INFO - Pipetting from vial liquid_source_0, amount: 0.05 mL
2025-11-05 13:52:59,344 - INFO - Additional volume from calibration, amount: 0.007 mL
2025-11-05 13:52:59,353 - DEBUG - Adjusting pump 0 speed to 31
2025-11-05 13:52:59,353 - DEBUG - Aspirating 0.057 mL then waiting 0.7320817932486534 s
2025-11-05 13:52:59,354 - DEBUG - Aspirating 0.045 mL then waiting 0 s
2025-11-05 13:52:59,361 - INFO - Pipetting into vial measurement_vial_1, amount: 0.05 mL
2025-11-05 13:52:59,364 - DEBUG - Adjusting pump 0 speed to 11
2025-11-05 13:52:59,368 - DEBUG - Dispensing 0.101 mL then waiting 18.36072424426675 s
2025-11-05 13:52:59,368 - DEBUG - Blowing out 0.080 mL
2025-11-05 13:52:59,369 - INFO - Removing pipet
2025-11-05 13:52:59,594 - DEBUG - Selected small_tip for volume 0.101 mL
2025-11-05 13:52:59,594 - INFO - Getting small_tip (pipet number 35) from rack: small_tip_rack_1
2025-11-05 13:52:59,596 - INFO - Pipetting from vial liquid_source_0, amount: 0.05 mL
2025-11-05 13:52:59,596 - INFO - Additional volume from calibration, amount: 0.007 mL
2025-11-05 13:52:59,598 - DEBUG - Adjusting pump 0 speed to 31
2025-11-05 13:52:59,599 - DEBUG - Aspirating 0.057 mL then waiting 0.7320817932486534 s
2025-11-05 13:52:59,599 - DEBUG - Aspirating 0.045 mL then waiting 0 s
2025-11-05 13:52:59,602 - INFO - Pipetting into vial measurement_vial_1, amount: 0.05 mL
2025-11-05 13:52:59,603 - DEBUG - Adjusting pump 0 speed to 11
2025-11-05 13:52:59,604 - DEBUG - Dispensing 0.101 mL then waiting 18.36072424426675 s
2025-11-05 13:52:59,604 - DEBUG - Blowing out 0.080 mL
2025-11-05 13:52:59,604 - INFO - Removing pipet
2025-11-05 13:52:59,849 - DEBUG - Selected small_tip for volume 0.113 mL
2025-11-05 13:52:59,849 - INFO - Getting small_tip (pipet number 36) from rack: small_tip_rack_1
2025-11-05 13:52:59,852 - INFO - Pipetting from vial liquid_source_0, amount: 0.05 mL
2025-11-05 13:52:59,852 - INFO - Additional volume from calibration, amount: 0.002 mL
2025-11-05 13:52:59,854 - DEBUG - Adjusting pump 0 speed to 12
2025-11-05 13:52:59,855 - DEBUG - Aspirating 0.052 mL then waiting 24.394993605092168 s
2025-11-05 13:52:59,855 - DEBUG - Aspirating 0.061 mL then waiting 0 s
2025-11-05 13:52:59,857 - INFO - Pipetting into vial measurement_vial_1, amount: 0.05 mL
2025-11-05 13:52:59,858 - DEBUG - Adjusting pump 0 speed to 27
2025-11-05 13:52:59,859 - DEBUG - Dispensing 0.113 mL then waiting 2.07382139749825 s
2025-11-05 13:52:59,859 - DEBUG - Blowing out 0.141 mL
2025-11-05 13:52:59,859 - INFO - Removing pipet
2025-11-05 13:53:00,075 - DEBUG - Selected small_tip for volume 0.113 mL
2025-11-05 13:53:00,075 - INFO - Getting small_tip (pipet number 37) from rack: small_tip_rack_1
2025-11-05 13:53:00,076 - INFO - Pipetting from vial liquid_source_0, amount: 0.05 mL
2025-11-05 13:53:00,077 - INFO - Additional volume from calibration, amount: 0.002 mL
2025-11-05 13:53:00,078 - DEBUG - Adjusting pump 0 speed to 12
2025-11-05 13:53:00,078 - DEBUG - Aspirating 0.052 mL then waiting 24.394993605092168 s
2025-11-05 13:53:00,078 - DEBUG - Aspirating 0.061 mL then waiting 0 s
2025-11-05 13:53:00,078 - INFO - Pipetting into vial measurement_vial_1, amount: 0.05 mL
2025-11-05 13:53:00,078 - DEBUG - Adjusting pump 0 speed to 27
2025-11-05 13:53:00,081 - DEBUG - Dispensing 0.113 mL then waiting 2.07382139749825 s
2025-11-05 13:53:00,081 - DEBUG - Blowing out 0.141 mL
2025-11-05 13:53:00,081 - INFO - Removing pipet
2025-11-05 13:53:00,295 - DEBUG - Selected small_tip for volume 0.113 mL
2025-11-05 13:53:00,295 - INFO - Getting small_tip (pipet number 38) from rack: small_tip_rack_1
2025-11-05 13:53:00,297 - INFO - Pipetting from vial liquid_source_0, amount: 0.05 mL
2025-11-05 13:53:00,297 - INFO - Additional volume from calibration, amount: 0.002 mL
2025-11-05 13:53:00,297 - DEBUG - Adjusting pump 0 speed to 12
2025-11-05 13:53:00,297 - DEBUG - Aspirating 0.052 mL then waiting 24.394993605092168 s
2025-11-05 13:53:00,297 - DEBUG - Aspirating 0.061 mL then waiting 0 s
2025-11-05 13:53:00,297 - INFO - Pipetting into vial measurement_vial_1, amount: 0.05 mL
2025-11-05 13:53:00,297 - DEBUG - Adjusting pump 0 speed to 27
2025-11-05 13:53:00,303 - DEBUG - Dispensing 0.113 mL then waiting 2.07382139749825 s
2025-11-05 13:53:00,303 - DEBUG - Blowing out 0.141 mL
2025-11-05 13:53:00,303 - INFO - Removing pipet
2025-11-05 13:53:00,514 - DEBUG - Selected small_tip for volume 0.099 mL
2025-11-05 13:53:00,515 - INFO - Getting small_tip (pipet number 39) from rack: small_tip_rack_1
2025-11-05 13:53:00,516 - INFO - Pipetting from vial liquid_source_0, amount: 0.025 mL
2025-11-05 13:53:00,516 - INFO - Additional volume from calibration, amount: 0.004 mL
2025-11-05 13:53:00,518 - DEBUG - Adjusting pump 0 speed to 35
2025-11-05 13:53:00,518 - DEBUG - Aspirating 0.029 mL then waiting 12.393135940656066 s
2025-11-05 13:53:00,518 - DEBUG - Aspirating 0.070 mL then waiting 0 s
2025-11-05 13:53:00,519 - INFO - Pipetting into vial measurement_vial_1, amount: 0.025 mL
2025-11-05 13:53:00,520 - DEBUG - Adjusting pump 0 speed to 25
2025-11-05 13:53:00,521 - DEBUG - Dispensing 0.099 mL then waiting 19.006759207695723 s
2025-11-05 13:53:00,521 - DEBUG - Blowing out 0.018 mL
2025-11-05 13:53:00,521 - INFO - Removing pipet
2025-11-05 13:53:00,728 - DEBUG - Selected small_tip for volume 0.174 mL
2025-11-05 13:53:00,728 - INFO - Getting small_tip (pipet number 40) from rack: small_tip_rack_1
2025-11-05 13:53:00,728 - INFO - Pipetting from vial liquid_source_0, amount: 0.1 mL
2025-11-05 13:53:00,728 - INFO - Additional volume from calibration, amount: 0.004 mL
2025-11-05 13:53:00,728 - DEBUG - Adjusting pump 0 speed to 35
2025-11-05 13:53:00,728 - DEBUG - Aspirating 0.104 mL then waiting 12.393135940656066 s
2025-11-05 13:53:00,728 - DEBUG - Aspirating 0.070 mL then waiting 0 s
2025-11-05 13:53:00,733 - INFO - Pipetting into vial measurement_vial_1, amount: 0.1 mL
2025-11-05 13:53:00,733 - DEBUG - Adjusting pump 0 speed to 25
2025-11-05 13:53:00,735 - DEBUG - Dispensing 0.174 mL then waiting 19.006759207695723 s
2025-11-05 13:53:00,735 - DEBUG - Blowing out 0.018 mL
2025-11-05 13:53:00,735 - INFO - Removing pipet
2025-11-05 13:53:00,946 - DEBUG - Selected small_tip for volume 0.098 mL
2025-11-05 13:53:00,946 - INFO - Getting small_tip (pipet number 41) from rack: small_tip_rack_1
2025-11-05 13:53:00,946 - INFO - Pipetting from vial liquid_source_0, amount: 0.025 mL
2025-11-05 13:53:00,946 - INFO - Additional volume from calibration, amount: 0.003 mL
2025-11-05 13:53:00,946 - DEBUG - Adjusting pump 0 speed to 35
2025-11-05 13:53:00,946 - DEBUG - Aspirating 0.028 mL then waiting 12.393135940656066 s
2025-11-05 13:53:00,951 - DEBUG - Aspirating 0.070 mL then waiting 0 s
2025-11-05 13:53:00,952 - INFO - Pipetting into vial measurement_vial_1, amount: 0.025 mL
2025-11-05 13:53:00,953 - DEBUG - Adjusting pump 0 speed to 25
2025-11-05 13:53:00,953 - DEBUG - Dispensing 0.098 mL then waiting 19.006759207695723 s
2025-11-05 13:53:00,954 - DEBUG - Blowing out 0.018 mL
2025-11-05 13:53:00,954 - INFO - Removing pipet
2025-11-05 13:53:01,163 - DEBUG - Selected small_tip for volume 0.098 mL
2025-11-05 13:53:01,163 - INFO - Getting small_tip (pipet number 42) from rack: small_tip_rack_1
2025-11-05 13:53:01,164 - INFO - Pipetting from vial liquid_source_0, amount: 0.025 mL
2025-11-05 13:53:01,164 - INFO - Additional volume from calibration, amount: 0.003 mL
2025-11-05 13:53:01,164 - DEBUG - Adjusting pump 0 speed to 35
2025-11-05 13:53:01,164 - DEBUG - Aspirating 0.028 mL then waiting 12.393135940656066 s
2025-11-05 13:53:01,164 - DEBUG - Aspirating 0.070 mL then waiting 0 s
2025-11-05 13:53:01,164 - INFO - Pipetting into vial measurement_vial_1, amount: 0.025 mL
2025-11-05 13:53:01,164 - DEBUG - Adjusting pump 0 speed to 25
2025-11-05 13:53:01,169 - DEBUG - Dispensing 0.098 mL then waiting 19.006759207695723 s
2025-11-05 13:53:01,169 - DEBUG - Blowing out 0.018 mL
2025-11-05 13:53:01,169 - INFO - Removing pipet
2025-11-05 13:53:01,379 - DEBUG - Selected small_tip for volume 0.098 mL
2025-11-05 13:53:01,379 - INFO - Getting small_tip (pipet number 43) from rack: small_tip_rack_1
2025-11-05 13:53:01,379 - INFO - Pipetting from vial liquid_source_0, amount: 0.025 mL
2025-11-05 13:53:01,379 - INFO - Additional volume from calibration, amount: 0.003 mL
2025-11-05 13:53:01,379 - DEBUG - Adjusting pump 0 speed to 35
2025-11-05 13:53:01,379 - DEBUG - Aspirating 0.028 mL then waiting 12.393135940656066 s
2025-11-05 13:53:01,379 - DEBUG - Aspirating 0.070 mL then waiting 0 s
2025-11-05 13:53:01,379 - INFO - Pipetting into vial measurement_vial_1, amount: 0.025 mL
2025-11-05 13:53:01,379 - DEBUG - Adjusting pump 0 speed to 25
2025-11-05 13:53:01,379 - DEBUG - Dispensing 0.098 mL then waiting 19.006759207695723 s
2025-11-05 13:53:01,379 - DEBUG - Blowing out 0.018 mL
2025-11-05 13:53:01,379 - INFO - Removing pipet
2025-11-05 13:53:01,379 - DEBUG - Selected small_tip for volume 0.025 mL
2025-11-05 13:53:01,610 - DEBUG - Selected small_tip for volume 0.097 mL
2025-11-05 13:53:01,610 - INFO - Getting small_tip (pipet number 44) from rack: small_tip_rack_1
2025-11-05 13:53:01,612 - INFO - Pipetting from vial liquid_source_0, amount: 0.025 mL
2025-11-05 13:53:01,612 - INFO - Additional volume from calibration, amount: 0.002 mL
2025-11-05 13:53:01,615 - DEBUG - Adjusting pump 0 speed to 35
2025-11-05 13:53:01,615 - DEBUG - Aspirating 0.027 mL then waiting 12.393135940656066 s
2025-11-05 13:53:01,615 - DEBUG - Aspirating 0.070 mL then waiting 0 s
2025-11-05 13:53:01,619 - INFO - Pipetting into vial measurement_vial_1, amount: 0.025 mL
2025-11-05 13:53:01,619 - DEBUG - Adjusting pump 0 speed to 25
2025-11-05 13:53:01,621 - DEBUG - Dispensing 0.097 mL then waiting 19.006759207695723 s
2025-11-05 13:53:01,621 - DEBUG - Blowing out 0.034 mL
2025-11-05 13:53:01,621 - INFO - Removing pipet
2025-11-05 13:53:01,832 - DEBUG - Selected small_tip for volume 0.097 mL
2025-11-05 13:53:01,832 - INFO - Getting small_tip (pipet number 45) from rack: small_tip_rack_1
2025-11-05 13:53:01,834 - INFO - Pipetting from vial liquid_source_0, amount: 0.025 mL
2025-11-05 13:53:01,835 - INFO - Additional volume from calibration, amount: 0.002 mL
2025-11-05 13:53:01,837 - DEBUG - Adjusting pump 0 speed to 35
2025-11-05 13:53:01,838 - DEBUG - Aspirating 0.027 mL then waiting 12.393135940656066 s
2025-11-05 13:53:01,838 - DEBUG - Aspirating 0.070 mL then waiting 0 s
2025-11-05 13:53:01,841 - INFO - Pipetting into vial measurement_vial_1, amount: 0.025 mL
2025-11-05 13:53:01,845 - DEBUG - Adjusting pump 0 speed to 25
2025-11-05 13:53:01,847 - DEBUG - Dispensing 0.097 mL then waiting 19.006759207695723 s
2025-11-05 13:53:01,849 - DEBUG - Blowing out 0.034 mL
2025-11-05 13:53:01,849 - INFO - Removing pipet
2025-11-05 13:53:02,060 - DEBUG - Selected small_tip for volume 0.097 mL
2025-11-05 13:53:02,060 - INFO - Getting small_tip (pipet number 46) from rack: small_tip_rack_1
2025-11-05 13:53:02,062 - INFO - Pipetting from vial liquid_source_0, amount: 0.025 mL
2025-11-05 13:53:02,062 - INFO - Additional volume from calibration, amount: 0.002 mL
2025-11-05 13:53:02,064 - DEBUG - Adjusting pump 0 speed to 35
2025-11-05 13:53:02,064 - DEBUG - Aspirating 0.027 mL then waiting 12.393135940656066 s
2025-11-05 13:53:02,064 - DEBUG - Aspirating 0.070 mL then waiting 0 s
2025-11-05 13:53:02,066 - INFO - Pipetting into vial measurement_vial_1, amount: 0.025 mL
2025-11-05 13:53:02,066 - DEBUG - Adjusting pump 0 speed to 25
2025-11-05 13:53:02,067 - DEBUG - Dispensing 0.097 mL then waiting 19.006759207695723 s
2025-11-05 13:53:02,067 - DEBUG - Blowing out 0.034 mL
2025-11-05 13:53:02,067 - INFO - Removing pipet
2025-11-05 13:53:02,297 - DEBUG - Selected small_tip for volume 0.177 mL
2025-11-05 13:53:02,297 - INFO - Getting small_tip (pipet number 47) from rack: small_tip_rack_1
2025-11-05 13:53:02,297 - INFO - Pipetting from vial liquid_source_0, amount: 0.1 mL
2025-11-05 13:53:02,297 - INFO - Additional volume from calibration, amount: 0.007 mL
2025-11-05 13:53:02,303 - DEBUG - Adjusting pump 0 speed to 35
2025-11-05 13:53:02,303 - DEBUG - Aspirating 0.107 mL then waiting 12.393135940656066 s
2025-11-05 13:53:02,303 - DEBUG - Aspirating 0.070 mL then waiting 0 s
2025-11-05 13:53:02,304 - INFO - Pipetting into vial measurement_vial_1, amount: 0.1 mL
2025-11-05 13:53:02,305 - DEBUG - Adjusting pump 0 speed to 25
2025-11-05 13:53:02,305 - DEBUG - Dispensing 0.177 mL then waiting 19.006759207695723 s
2025-11-05 13:53:02,306 - DEBUG - Blowing out 0.018 mL
2025-11-05 13:53:02,306 - INFO - Removing pipet
2025-11-05 13:53:02,514 - DEBUG - Selected small_tip for volume 0.177 mL
2025-11-05 13:53:02,514 - INFO - Getting small_tip (pipet number 0) from rack: small_tip_rack_2
2025-11-05 13:53:02,516 - INFO - Pipetting from vial liquid_source_0, amount: 0.1 mL
2025-11-05 13:53:02,516 - INFO - Additional volume from calibration, amount: 0.007 mL
2025-11-05 13:53:02,517 - DEBUG - Adjusting pump 0 speed to 35
2025-11-05 13:53:02,517 - DEBUG - Aspirating 0.107 mL then waiting 12.393135940656066 s
2025-11-05 13:53:02,518 - DEBUG - Aspirating 0.070 mL then waiting 0 s
2025-11-05 13:53:02,519 - INFO - Pipetting into vial measurement_vial_1, amount: 0.1 mL
2025-11-05 13:53:02,520 - DEBUG - Adjusting pump 0 speed to 25
2025-11-05 13:53:02,520 - DEBUG - Dispensing 0.177 mL then waiting 19.006759207695723 s
2025-11-05 13:53:02,520 - DEBUG - Blowing out 0.018 mL
2025-11-05 13:53:02,521 - INFO - Removing pipet
2025-11-05 13:53:02,730 - DEBUG - Selected small_tip for volume 0.177 mL
2025-11-05 13:53:02,731 - INFO - Getting small_tip (pipet number 1) from rack: small_tip_rack_2
2025-11-05 13:53:02,732 - INFO - Pipetting from vial liquid_source_0, amount: 0.1 mL
2025-11-05 13:53:02,732 - INFO - Additional volume from calibration, amount: 0.007 mL
2025-11-05 13:53:02,734 - DEBUG - Adjusting pump 0 speed to 35
2025-11-05 13:53:02,734 - DEBUG - Aspirating 0.107 mL then waiting 12.393135940656066 s
2025-11-05 13:53:02,734 - DEBUG - Aspirating 0.070 mL then waiting 0 s
2025-11-05 13:53:02,735 - INFO - Pipetting into vial measurement_vial_1, amount: 0.1 mL
2025-11-05 13:53:02,736 - DEBUG - Adjusting pump 0 speed to 25
2025-11-05 13:53:02,737 - DEBUG - Dispensing 0.177 mL then waiting 19.006759207695723 s
2025-11-05 13:53:02,737 - DEBUG - Blowing out 0.018 mL
2025-11-05 13:53:02,737 - INFO - Removing pipet
