2025-11-05 17:22:03,368 - INFO - Initializing North Robot...
2025-11-05 17:22:03,369 - DEBUG - Loading robot configuration files...
2025-11-05 17:22:03,380 - DEBUG - Loaded vial positions configuration from robot_state/vial_positions.yaml
2025-11-05 17:22:03,380 - DEBUG - Loaded pipet tips configuration from robot_state/pipet_tips.yaml
2025-11-05 17:22:03,388 - DEBUG - Loaded pipet racks configuration from robot_state/pipet_racks.yaml
2025-11-05 17:22:03,391 - DEBUG - Loaded pump configuration from robot_state/syringe_pumps.yaml
2025-11-05 17:22:03,394 - DEBUG - Loaded robot hardware configuration from robot_state/robot_hardware.yaml
2025-11-05 17:22:03,394 - DEBUG - Loaded wellplate properties configuration from robot_state/wellplates.yaml
2025-11-05 17:22:03,394 - DEBUG - Loading robot state files...
2025-11-05 17:22:03,400 - DEBUG - Loaded vial data from status/calibration_vials_short.csv
2025-11-05 17:22:03,403 - DEBUG - Loaded robot status from robot_state/robot_status.yaml
2025-11-05 17:22:03,406 - DEBUG - Loaded wellplate positions from robot_state/wellplates.yaml
2025-11-05 17:22:03,406 - DEBUG - Robot status loaded successfully
2025-11-05 17:22:03,406 - DEBUG - Loading pumps from YAML configuration...
2025-11-05 17:22:03,408 - DEBUG - Loaded pump 0: volume=1.0mL, speed=11, liquid=None
2025-11-05 17:22:03,408 - DEBUG - Loaded pump 1: volume=2.5mL, speed=15, liquid=water
2025-11-05 17:22:03,408 - DEBUG - Physical initialization of North Robot...
2025-11-05 17:22:03,408 - INFO - Moving robot to home position
2025-11-05 17:22:03,410 - INFO - Initializing North Track...
2025-11-05 17:22:03,410 - DEBUG - Loading track status from file: robot_state/track_status.yaml
2025-11-05 17:22:03,410 - DEBUG - Getting track status from file: robot_state/track_status.yaml
2025-11-05 17:22:03,413 - DEBUG - Loaded track status from robot_state/track_status.yaml
2025-11-05 17:22:03,413 - DEBUG - Loading track positions from: robot_state/track_positions.yaml
2025-11-05 17:22:03,413 - DEBUG - Loaded track positions configuration from robot_state/track_positions.yaml
2025-11-05 17:22:03,413 - DEBUG - Loading robot hardware configuration from: robot_state/robot_hardware.yaml
2025-11-05 17:22:03,422 - DEBUG - Loaded robot hardware configuration from robot_state/robot_hardware.yaml
2025-11-05 17:22:03,426 - DEBUG - Loaded wellplate properties configuration from robot_state/wellplates.yaml
2025-11-05 17:22:03,427 - DEBUG - Moving North Track to home position
2025-11-05 17:22:03,429 - INFO -     vial_index           vial_name         location  location_index  vial_volume  capped cap_type vial_type    home_location  home_location_index
0            0  measurement_vial_0            clamp               0        5.375    True     open      8_mL    main_8mL_rack                    0
1            1  measurement_vial_1    main_8mL_rack               1        0.000    True     open      8_mL    main_8mL_rack                    1
2            2  measurement_vial_2    main_8mL_rack               2        0.000    True     open      8_mL    main_8mL_rack                    2
3            3  measurement_vial_3    main_8mL_rack               3        0.000    True     open      8_mL    main_8mL_rack                    3
4            4  measurement_vial_4    main_8mL_rack               4        0.000    True     open      8_mL    main_8mL_rack                    4
5            5  measurement_vial_5    main_8mL_rack               5        0.000    True     open      8_mL    main_8mL_rack                    5
6            6  measurement_vial_6    main_8mL_rack               6        0.000    True     open      8_mL    main_8mL_rack                    6
7            7  measurement_vial_7    main_8mL_rack               7        0.000    True     open      8_mL    main_8mL_rack                    7
8            8  measurement_vial_8    main_8mL_rack               8        0.000    True     open      8_mL    main_8mL_rack                    8
9            9  measurement_vial_9    main_8mL_rack               9        0.000    True     open      8_mL    main_8mL_rack                    9
10          10       liquid_source   50mL_vial_rack               0        0.000    True     open     50_mL   50mL_vial_rack                    0
11          11     liquid_source_0  large_vial_rack               2       10.625    True     open     20_mL  large_vial_rack                    2
2025-11-05 17:22:03,446 - INFO - Visualizing vial racks...
2025-11-05 17:22:03,642 - DEBUG - Visualizing rack: Main Rack with filter: main_8mL_rack
2025-11-05 17:22:03,765 - DEBUG - Visualizing rack: Second Rack with filter: large_vial_rack
2025-11-05 17:22:04,856 - INFO - Vial measurement_vial_0 already at clamp index 0, no move needed
2025-11-05 17:22:04,860 - DEBUG - Selected small_tip for volume 0.050 mL
2025-11-05 17:22:05,093 - DEBUG - Selected small_tip for volume 0.104 mL
2025-11-05 17:22:05,093 - ERROR - All small_tip racks are empty! Please refill tips then hit enter on the terminal!
2025-11-05 17:22:05,093 - WARNING - SIMULATION MODE: Would pause for error: All small_tip racks are empty! Please refill tips then hit enter on the terminal!
2025-11-05 17:22:05,094 - INFO - Resetting all pipet rack counters to 0 after refill
2025-11-05 17:22:05,094 - INFO - Getting small_tip (pipet number 0) from rack: small_tip_rack_1
2025-11-05 17:22:05,097 - INFO - Pipetting from vial liquid_source_0, amount: 0.05 mL
2025-11-05 17:22:05,097 - INFO - Additional volume from calibration, amount: 0.004 mL
2025-11-05 17:22:05,099 - DEBUG - Adjusting pump 0 speed to 15
2025-11-05 17:22:05,100 - DEBUG - Aspirating 0.054 mL then waiting 0 s
2025-11-05 17:22:05,100 - DEBUG - Aspirating 0.050 mL then waiting 0 s
2025-11-05 17:22:05,102 - INFO - Pipetting into vial measurement_vial_0, amount: 0.05 mL
2025-11-05 17:22:05,103 - DEBUG - Adjusting pump 0 speed to 14
2025-11-05 17:22:05,104 - DEBUG - Dispensing 0.104 mL then waiting 0 s
2025-11-05 17:22:05,105 - DEBUG - Blowing out 0.037 mL
2025-11-05 17:22:05,325 - DEBUG - Selected small_tip for volume 0.104 mL
2025-11-05 17:22:05,325 - INFO - Pipetting from vial liquid_source_0, amount: 0.05 mL
2025-11-05 17:22:05,325 - INFO - Additional volume from calibration, amount: 0.004 mL
2025-11-05 17:22:05,325 - DEBUG - Adjusting pump 0 speed to 15
2025-11-05 17:22:05,325 - DEBUG - Aspirating 0.054 mL then waiting 0 s
2025-11-05 17:22:05,325 - DEBUG - Aspirating 0.050 mL then waiting 0 s
2025-11-05 17:22:05,330 - INFO - Pipetting into vial measurement_vial_0, amount: 0.05 mL
2025-11-05 17:22:05,330 - DEBUG - Adjusting pump 0 speed to 14
2025-11-05 17:22:05,333 - DEBUG - Dispensing 0.104 mL then waiting 0 s
2025-11-05 17:22:05,333 - DEBUG - Blowing out 0.037 mL
2025-11-05 17:22:05,542 - DEBUG - Selected small_tip for volume 0.104 mL
2025-11-05 17:22:05,542 - INFO - Pipetting from vial liquid_source_0, amount: 0.05 mL
2025-11-05 17:22:05,542 - INFO - Additional volume from calibration, amount: 0.004 mL
2025-11-05 17:22:05,546 - DEBUG - Adjusting pump 0 speed to 15
2025-11-05 17:22:05,546 - DEBUG - Aspirating 0.054 mL then waiting 0 s
2025-11-05 17:22:05,546 - DEBUG - Aspirating 0.050 mL then waiting 0 s
2025-11-05 17:22:05,548 - INFO - Pipetting into vial measurement_vial_0, amount: 0.05 mL
2025-11-05 17:22:05,549 - DEBUG - Adjusting pump 0 speed to 14
2025-11-05 17:22:05,550 - DEBUG - Dispensing 0.104 mL then waiting 0 s
2025-11-05 17:22:05,550 - DEBUG - Blowing out 0.037 mL
2025-11-05 17:22:05,817 - DEBUG - Selected small_tip for volume 0.101 mL
2025-11-05 17:22:05,817 - INFO - Pipetting from vial liquid_source_0, amount: 0.05 mL
2025-11-05 17:22:05,817 - INFO - Additional volume from calibration, amount: 0.001 mL
2025-11-05 17:22:05,820 - DEBUG - Adjusting pump 0 speed to 29
2025-11-05 17:22:05,820 - DEBUG - Aspirating 0.051 mL then waiting 0 s
2025-11-05 17:22:05,822 - DEBUG - Aspirating 0.050 mL then waiting 0 s
2025-11-05 17:22:05,823 - INFO - Pipetting into vial measurement_vial_0, amount: 0.05 mL
2025-11-05 17:22:05,825 - DEBUG - Adjusting pump 0 speed to 32
2025-11-05 17:22:05,826 - DEBUG - Dispensing 0.101 mL then waiting 0 s
2025-11-05 17:22:05,826 - DEBUG - Blowing out 0.161 mL
2025-11-05 17:22:06,035 - DEBUG - Selected small_tip for volume 0.101 mL
2025-11-05 17:22:06,035 - INFO - Pipetting from vial liquid_source_0, amount: 0.05 mL
2025-11-05 17:22:06,035 - INFO - Additional volume from calibration, amount: 0.001 mL
2025-11-05 17:22:06,038 - DEBUG - Adjusting pump 0 speed to 29
2025-11-05 17:22:06,038 - DEBUG - Aspirating 0.051 mL then waiting 0 s
2025-11-05 17:22:06,039 - DEBUG - Aspirating 0.050 mL then waiting 0 s
2025-11-05 17:22:06,041 - INFO - Pipetting into vial measurement_vial_0, amount: 0.05 mL
2025-11-05 17:22:06,041 - DEBUG - Adjusting pump 0 speed to 32
2025-11-05 17:22:06,043 - DEBUG - Dispensing 0.101 mL then waiting 0 s
2025-11-05 17:22:06,043 - DEBUG - Blowing out 0.161 mL
2025-11-05 17:22:06,260 - DEBUG - Selected small_tip for volume 0.101 mL
2025-11-05 17:22:06,260 - INFO - Pipetting from vial liquid_source_0, amount: 0.05 mL
2025-11-05 17:22:06,260 - INFO - Additional volume from calibration, amount: 0.001 mL
2025-11-05 17:22:06,265 - DEBUG - Adjusting pump 0 speed to 29
2025-11-05 17:22:06,265 - DEBUG - Aspirating 0.051 mL then waiting 0 s
2025-11-05 17:22:06,265 - DEBUG - Aspirating 0.050 mL then waiting 0 s
2025-11-05 17:22:06,265 - INFO - Pipetting into vial measurement_vial_0, amount: 0.05 mL
2025-11-05 17:22:06,265 - DEBUG - Adjusting pump 0 speed to 32
2025-11-05 17:22:06,270 - DEBUG - Dispensing 0.101 mL then waiting 0 s
2025-11-05 17:22:06,270 - DEBUG - Blowing out 0.161 mL
2025-11-05 17:22:06,502 - DEBUG - Selected small_tip for volume 0.102 mL
2025-11-05 17:22:06,502 - INFO - Pipetting from vial liquid_source_0, amount: 0.05 mL
2025-11-05 17:22:06,502 - INFO - Additional volume from calibration, amount: 0.002 mL
2025-11-05 17:22:06,502 - DEBUG - Adjusting pump 0 speed to 32
2025-11-05 17:22:06,502 - DEBUG - Aspirating 0.052 mL then waiting 0 s
2025-11-05 17:22:06,502 - DEBUG - Aspirating 0.050 mL then waiting 0 s
2025-11-05 17:22:06,502 - INFO - Pipetting into vial measurement_vial_0, amount: 0.05 mL
2025-11-05 17:22:06,502 - DEBUG - Adjusting pump 0 speed to 20
2025-11-05 17:22:06,509 - DEBUG - Dispensing 0.102 mL then waiting 0 s
2025-11-05 17:22:06,509 - DEBUG - Blowing out 0.075 mL
2025-11-05 17:22:06,718 - DEBUG - Selected small_tip for volume 0.102 mL
2025-11-05 17:22:06,720 - INFO - Pipetting from vial liquid_source_0, amount: 0.05 mL
2025-11-05 17:22:06,720 - INFO - Additional volume from calibration, amount: 0.002 mL
2025-11-05 17:22:06,720 - DEBUG - Adjusting pump 0 speed to 32
2025-11-05 17:22:06,722 - DEBUG - Aspirating 0.052 mL then waiting 0 s
2025-11-05 17:22:06,722 - DEBUG - Aspirating 0.050 mL then waiting 0 s
2025-11-05 17:22:06,722 - INFO - Pipetting into vial measurement_vial_0, amount: 0.05 mL
2025-11-05 17:22:06,722 - DEBUG - Adjusting pump 0 speed to 20
2025-11-05 17:22:06,725 - DEBUG - Dispensing 0.102 mL then waiting 0 s
2025-11-05 17:22:06,725 - DEBUG - Blowing out 0.075 mL
2025-11-05 17:22:06,938 - DEBUG - Selected small_tip for volume 0.102 mL
2025-11-05 17:22:06,938 - INFO - Pipetting from vial liquid_source_0, amount: 0.05 mL
2025-11-05 17:22:06,938 - INFO - Additional volume from calibration, amount: 0.002 mL
2025-11-05 17:22:06,940 - DEBUG - Adjusting pump 0 speed to 32
2025-11-05 17:22:06,940 - DEBUG - Aspirating 0.052 mL then waiting 0 s
2025-11-05 17:22:06,940 - DEBUG - Aspirating 0.050 mL then waiting 0 s
2025-11-05 17:22:06,942 - INFO - Pipetting into vial measurement_vial_0, amount: 0.05 mL
2025-11-05 17:22:06,942 - DEBUG - Adjusting pump 0 speed to 20
2025-11-05 17:22:06,942 - DEBUG - Dispensing 0.102 mL then waiting 0 s
2025-11-05 17:22:06,942 - DEBUG - Blowing out 0.075 mL
2025-11-05 17:22:07,187 - DEBUG - Selected small_tip for volume 0.107 mL
2025-11-05 17:22:07,187 - INFO - Pipetting from vial liquid_source_0, amount: 0.05 mL
2025-11-05 17:22:07,187 - INFO - Additional volume from calibration, amount: 0.007 mL
2025-11-05 17:22:07,190 - DEBUG - Adjusting pump 0 speed to 18
2025-11-05 17:22:07,190 - DEBUG - Aspirating 0.057 mL then waiting 0 s
2025-11-05 17:22:07,190 - DEBUG - Aspirating 0.050 mL then waiting 0 s
2025-11-05 17:22:07,190 - INFO - Pipetting into vial measurement_vial_0, amount: 0.05 mL
2025-11-05 17:22:07,193 - DEBUG - Adjusting pump 0 speed to 25
2025-11-05 17:22:07,193 - DEBUG - Dispensing 0.107 mL then waiting 0 s
2025-11-05 17:22:07,193 - DEBUG - Blowing out 0.149 mL
2025-11-05 17:22:07,402 - DEBUG - Selected small_tip for volume 0.107 mL
2025-11-05 17:22:07,402 - INFO - Pipetting from vial liquid_source_0, amount: 0.05 mL
2025-11-05 17:22:07,402 - INFO - Additional volume from calibration, amount: 0.007 mL
2025-11-05 17:22:07,406 - DEBUG - Adjusting pump 0 speed to 18
2025-11-05 17:22:07,406 - DEBUG - Aspirating 0.057 mL then waiting 0 s
2025-11-05 17:22:07,406 - DEBUG - Aspirating 0.050 mL then waiting 0 s
2025-11-05 17:22:07,406 - INFO - Pipetting into vial measurement_vial_0, amount: 0.05 mL
2025-11-05 17:22:07,409 - DEBUG - Adjusting pump 0 speed to 25
2025-11-05 17:22:07,410 - DEBUG - Dispensing 0.107 mL then waiting 0 s
2025-11-05 17:22:07,410 - DEBUG - Blowing out 0.149 mL
2025-11-05 17:22:07,621 - DEBUG - Selected small_tip for volume 0.107 mL
2025-11-05 17:22:07,621 - INFO - Pipetting from vial liquid_source_0, amount: 0.05 mL
2025-11-05 17:22:07,621 - INFO - Additional volume from calibration, amount: 0.007 mL
2025-11-05 17:22:07,625 - DEBUG - Adjusting pump 0 speed to 18
2025-11-05 17:22:07,625 - DEBUG - Aspirating 0.057 mL then waiting 0 s
2025-11-05 17:22:07,625 - DEBUG - Aspirating 0.050 mL then waiting 0 s
2025-11-05 17:22:07,625 - INFO - Pipetting into vial measurement_vial_0, amount: 0.05 mL
2025-11-05 17:22:07,628 - DEBUG - Adjusting pump 0 speed to 25
2025-11-05 17:22:07,628 - DEBUG - Dispensing 0.107 mL then waiting 0 s
2025-11-05 17:22:07,628 - DEBUG - Blowing out 0.149 mL
2025-11-05 17:22:07,870 - DEBUG - Selected small_tip for volume 0.106 mL
2025-11-05 17:22:07,870 - INFO - Pipetting from vial liquid_source_0, amount: 0.05 mL
2025-11-05 17:22:07,870 - INFO - Additional volume from calibration, amount: 0.006 mL
2025-11-05 17:22:07,870 - DEBUG - Adjusting pump 0 speed to 20
2025-11-05 17:22:07,870 - DEBUG - Aspirating 0.056 mL then waiting 0 s
2025-11-05 17:22:07,870 - DEBUG - Aspirating 0.050 mL then waiting 0 s
2025-11-05 17:22:07,870 - INFO - Pipetting into vial measurement_vial_0, amount: 0.05 mL
2025-11-05 17:22:07,870 - DEBUG - Adjusting pump 0 speed to 17
2025-11-05 17:22:07,876 - DEBUG - Dispensing 0.106 mL then waiting 0 s
2025-11-05 17:22:07,877 - DEBUG - Blowing out 0.114 mL
2025-11-05 17:22:08,088 - DEBUG - Selected small_tip for volume 0.106 mL
2025-11-05 17:22:08,090 - INFO - Pipetting from vial liquid_source_0, amount: 0.05 mL
2025-11-05 17:22:08,090 - INFO - Additional volume from calibration, amount: 0.006 mL
2025-11-05 17:22:08,092 - DEBUG - Adjusting pump 0 speed to 20
2025-11-05 17:22:08,092 - DEBUG - Aspirating 0.056 mL then waiting 0 s
2025-11-05 17:22:08,092 - DEBUG - Aspirating 0.050 mL then waiting 0 s
2025-11-05 17:22:08,092 - INFO - Pipetting into vial measurement_vial_0, amount: 0.05 mL
2025-11-05 17:22:08,092 - DEBUG - Adjusting pump 0 speed to 17
2025-11-05 17:22:08,095 - DEBUG - Dispensing 0.106 mL then waiting 0 s
2025-11-05 17:22:08,095 - DEBUG - Blowing out 0.114 mL
2025-11-05 17:22:08,303 - DEBUG - Selected small_tip for volume 0.106 mL
2025-11-05 17:22:08,303 - INFO - Pipetting from vial liquid_source_0, amount: 0.05 mL
2025-11-05 17:22:08,303 - INFO - Additional volume from calibration, amount: 0.006 mL
2025-11-05 17:22:08,310 - DEBUG - Adjusting pump 0 speed to 20
2025-11-05 17:22:08,310 - DEBUG - Aspirating 0.056 mL then waiting 0 s
2025-11-05 17:22:08,310 - DEBUG - Aspirating 0.050 mL then waiting 0 s
2025-11-05 17:22:08,310 - INFO - Pipetting into vial measurement_vial_0, amount: 0.05 mL
2025-11-05 17:22:08,310 - DEBUG - Adjusting pump 0 speed to 17
2025-11-05 17:22:08,315 - DEBUG - Dispensing 0.106 mL then waiting 0 s
2025-11-05 17:22:08,315 - DEBUG - Blowing out 0.114 mL
2025-11-05 17:22:08,605 - DEBUG - Selected small_tip for volume 0.105 mL
2025-11-05 17:22:08,605 - INFO - Pipetting from vial liquid_source_0, amount: 0.05 mL
2025-11-05 17:22:08,605 - INFO - Additional volume from calibration, amount: 0.005 mL
2025-11-05 17:22:08,608 - DEBUG - Adjusting pump 0 speed to 15
2025-11-05 17:22:08,608 - DEBUG - Aspirating 0.055 mL then waiting 0 s
2025-11-05 17:22:08,608 - DEBUG - Aspirating 0.050 mL then waiting 0 s
2025-11-05 17:22:08,610 - INFO - Pipetting into vial measurement_vial_0, amount: 0.05 mL
2025-11-05 17:22:08,610 - DEBUG - Adjusting pump 0 speed to 14
2025-11-05 17:22:08,612 - DEBUG - Dispensing 0.105 mL then waiting 0 s
2025-11-05 17:22:08,612 - DEBUG - Blowing out 0.037 mL
2025-11-05 17:22:08,820 - DEBUG - Selected small_tip for volume 0.105 mL
2025-11-05 17:22:08,820 - INFO - Pipetting from vial liquid_source_0, amount: 0.05 mL
2025-11-05 17:22:08,820 - INFO - Additional volume from calibration, amount: 0.005 mL
2025-11-05 17:22:08,820 - DEBUG - Adjusting pump 0 speed to 15
2025-11-05 17:22:08,820 - DEBUG - Aspirating 0.055 mL then waiting 0 s
2025-11-05 17:22:08,820 - DEBUG - Aspirating 0.050 mL then waiting 0 s
2025-11-05 17:22:08,820 - INFO - Pipetting into vial measurement_vial_0, amount: 0.05 mL
2025-11-05 17:22:08,820 - DEBUG - Adjusting pump 0 speed to 14
2025-11-05 17:22:08,827 - DEBUG - Dispensing 0.105 mL then waiting 0 s
2025-11-05 17:22:08,827 - DEBUG - Blowing out 0.037 mL
2025-11-05 17:22:09,040 - DEBUG - Selected small_tip for volume 0.105 mL
2025-11-05 17:22:09,040 - INFO - Pipetting from vial liquid_source_0, amount: 0.05 mL
2025-11-05 17:22:09,040 - INFO - Additional volume from calibration, amount: 0.005 mL
2025-11-05 17:22:09,040 - DEBUG - Adjusting pump 0 speed to 15
2025-11-05 17:22:09,040 - DEBUG - Aspirating 0.055 mL then waiting 0 s
2025-11-05 17:22:09,040 - DEBUG - Aspirating 0.050 mL then waiting 0 s
2025-11-05 17:22:09,040 - INFO - Pipetting into vial measurement_vial_0, amount: 0.05 mL
2025-11-05 17:22:09,046 - DEBUG - Adjusting pump 0 speed to 14
2025-11-05 17:22:09,046 - DEBUG - Dispensing 0.105 mL then waiting 0 s
2025-11-05 17:22:09,047 - DEBUG - Blowing out 0.037 mL
2025-11-05 17:22:09,270 - DEBUG - Selected small_tip for volume 0.079 mL
2025-11-05 17:22:09,270 - INFO - Pipetting from vial liquid_source_0, amount: 0.025 mL
2025-11-05 17:22:09,270 - INFO - Additional volume from calibration, amount: 0.004 mL
2025-11-05 17:22:09,275 - DEBUG - Adjusting pump 0 speed to 15
2025-11-05 17:22:09,275 - DEBUG - Aspirating 0.029 mL then waiting 0 s
2025-11-05 17:22:09,275 - DEBUG - Aspirating 0.050 mL then waiting 0 s
2025-11-05 17:22:09,275 - INFO - Pipetting into vial measurement_vial_0, amount: 0.025 mL
2025-11-05 17:22:09,281 - DEBUG - Adjusting pump 0 speed to 14
2025-11-05 17:22:09,282 - DEBUG - Dispensing 0.079 mL then waiting 0 s
2025-11-05 17:22:09,283 - DEBUG - Blowing out 0.037 mL
2025-11-05 17:22:09,505 - DEBUG - Selected small_tip for volume 0.154 mL
2025-11-05 17:22:09,505 - INFO - Pipetting from vial liquid_source_0, amount: 0.1 mL
2025-11-05 17:22:09,505 - INFO - Additional volume from calibration, amount: 0.004 mL
2025-11-05 17:22:09,505 - DEBUG - Adjusting pump 0 speed to 15
2025-11-05 17:22:09,505 - DEBUG - Aspirating 0.104 mL then waiting 0 s
2025-11-05 17:22:09,505 - DEBUG - Aspirating 0.050 mL then waiting 0 s
2025-11-05 17:22:09,510 - INFO - Pipetting into vial measurement_vial_0, amount: 0.1 mL
2025-11-05 17:22:09,510 - DEBUG - Adjusting pump 0 speed to 14
2025-11-05 17:22:09,512 - DEBUG - Dispensing 0.154 mL then waiting 0 s
2025-11-05 17:22:09,512 - DEBUG - Blowing out 0.037 mL
2025-11-05 17:22:09,723 - DEBUG - Selected small_tip for volume 0.078 mL
2025-11-05 17:22:09,725 - INFO - Pipetting from vial liquid_source_0, amount: 0.025 mL
2025-11-05 17:22:09,725 - INFO - Additional volume from calibration, amount: 0.003 mL
2025-11-05 17:22:09,727 - DEBUG - Adjusting pump 0 speed to 15
2025-11-05 17:22:09,727 - DEBUG - Aspirating 0.028 mL then waiting 0 s
2025-11-05 17:22:09,727 - DEBUG - Aspirating 0.050 mL then waiting 0 s
2025-11-05 17:22:09,730 - INFO - Pipetting into vial measurement_vial_0, amount: 0.025 mL
2025-11-05 17:22:09,730 - DEBUG - Adjusting pump 0 speed to 14
2025-11-05 17:22:09,732 - DEBUG - Dispensing 0.078 mL then waiting 0 s
2025-11-05 17:22:09,733 - DEBUG - Blowing out 0.037 mL
2025-11-05 17:22:09,953 - DEBUG - Selected small_tip for volume 0.078 mL
2025-11-05 17:22:09,955 - INFO - Pipetting from vial liquid_source_0, amount: 0.025 mL
2025-11-05 17:22:09,955 - INFO - Additional volume from calibration, amount: 0.003 mL
2025-11-05 17:22:09,955 - DEBUG - Adjusting pump 0 speed to 15
2025-11-05 17:22:09,955 - DEBUG - Aspirating 0.028 mL then waiting 0 s
2025-11-05 17:22:09,955 - DEBUG - Aspirating 0.050 mL then waiting 0 s
2025-11-05 17:22:09,955 - INFO - Pipetting into vial measurement_vial_0, amount: 0.025 mL
2025-11-05 17:22:09,960 - DEBUG - Adjusting pump 0 speed to 14
2025-11-05 17:22:09,961 - DEBUG - Dispensing 0.078 mL then waiting 0 s
2025-11-05 17:22:09,961 - DEBUG - Blowing out 0.037 mL
2025-11-05 17:22:10,172 - DEBUG - Selected small_tip for volume 0.078 mL
2025-11-05 17:22:10,172 - INFO - Pipetting from vial liquid_source_0, amount: 0.025 mL
2025-11-05 17:22:10,172 - INFO - Additional volume from calibration, amount: 0.003 mL
2025-11-05 17:22:10,172 - DEBUG - Adjusting pump 0 speed to 15
2025-11-05 17:22:10,172 - DEBUG - Aspirating 0.028 mL then waiting 0 s
2025-11-05 17:22:10,172 - DEBUG - Aspirating 0.050 mL then waiting 0 s
2025-11-05 17:22:10,172 - INFO - Pipetting into vial measurement_vial_0, amount: 0.025 mL
2025-11-05 17:22:10,172 - DEBUG - Adjusting pump 0 speed to 14
2025-11-05 17:22:10,180 - DEBUG - Dispensing 0.078 mL then waiting 0 s
2025-11-05 17:22:10,180 - DEBUG - Blowing out 0.037 mL
2025-11-05 17:22:10,390 - DEBUG - Selected small_tip for volume 0.150 mL
2025-11-05 17:22:10,390 - INFO - Pipetting from vial liquid_source_0, amount: 0.1 mL
2025-11-05 17:22:10,390 - INFO - Additional volume from calibration, amount: 0.0 mL
2025-11-05 17:22:10,395 - DEBUG - Adjusting pump 0 speed to 15
2025-11-05 17:22:10,395 - DEBUG - Aspirating 0.100 mL then waiting 0 s
2025-11-05 17:22:10,395 - DEBUG - Aspirating 0.050 mL then waiting 0 s
2025-11-05 17:22:10,395 - INFO - Pipetting into vial measurement_vial_0, amount: 0.1 mL
2025-11-05 17:22:10,398 - DEBUG - Adjusting pump 0 speed to 14
2025-11-05 17:22:10,398 - DEBUG - Dispensing 0.150 mL then waiting 0 s
2025-11-05 17:22:10,399 - DEBUG - Blowing out 0.037 mL
2025-11-05 17:22:10,610 - DEBUG - Selected small_tip for volume 0.150 mL
2025-11-05 17:22:10,610 - INFO - Pipetting from vial liquid_source_0, amount: 0.1 mL
2025-11-05 17:22:10,610 - INFO - Additional volume from calibration, amount: 0.0 mL
2025-11-05 17:22:10,615 - DEBUG - Adjusting pump 0 speed to 15
2025-11-05 17:22:10,615 - DEBUG - Aspirating 0.100 mL then waiting 0 s
2025-11-05 17:22:10,615 - DEBUG - Aspirating 0.050 mL then waiting 0 s
2025-11-05 17:22:10,615 - INFO - Pipetting into vial measurement_vial_0, amount: 0.1 mL
2025-11-05 17:22:10,615 - DEBUG - Adjusting pump 0 speed to 14
2025-11-05 17:22:10,619 - DEBUG - Dispensing 0.150 mL then waiting 0 s
2025-11-05 17:22:10,620 - DEBUG - Blowing out 0.037 mL
2025-11-05 17:22:10,840 - DEBUG - Selected small_tip for volume 0.150 mL
2025-11-05 17:22:10,840 - INFO - Pipetting from vial liquid_source_0, amount: 0.1 mL
2025-11-05 17:22:10,840 - INFO - Additional volume from calibration, amount: 0.0 mL
2025-11-05 17:22:10,840 - DEBUG - Adjusting pump 0 speed to 15
2025-11-05 17:22:10,840 - DEBUG - Aspirating 0.100 mL then waiting 0 s
2025-11-05 17:22:10,840 - DEBUG - Aspirating 0.050 mL then waiting 0 s
2025-11-05 17:22:10,840 - INFO - Pipetting into vial measurement_vial_0, amount: 0.1 mL
2025-11-05 17:22:10,846 - DEBUG - Adjusting pump 0 speed to 14
2025-11-05 17:22:10,847 - DEBUG - Dispensing 0.150 mL then waiting 0 s
2025-11-05 17:22:10,847 - DEBUG - Blowing out 0.037 mL
