2026-05-25 13:49:22,672 - DEBUG - No workflow config provided - using default initialization
2026-05-25 13:49:22,672 - INFO - Launching status review GUI...
2026-05-25 13:49:22,853 - INFO - Detected workflow name: batch_calibration_automation
2026-05-25 13:49:23,237 - INFO - Config editor loaded for workflow: batch_calibration_automation
2026-05-25 13:49:34,522 - INFO - User selected: Run Workflow
2026-05-25 13:49:34,537 - INFO - Status review completed - proceeding with hardware initialization
2026-05-25 13:49:35,148 - INFO - Initializing North Robot...
2026-05-25 13:49:35,148 - DEBUG - Loading robot configuration files...
2026-05-25 13:49:35,166 - DEBUG - Loaded vial positions configuration from robot_state/vial_positions.yaml
2026-05-25 13:49:35,166 - DEBUG - Loaded pipet tips configuration from robot_state/pipet_tips.yaml
2026-05-25 13:49:35,166 - DEBUG - Loaded pipet racks configuration from robot_state/pipet_racks.yaml
2026-05-25 13:49:35,166 - DEBUG - Loaded pump configuration from robot_state/syringe_pumps.yaml
2026-05-25 13:49:35,177 - DEBUG - Loaded robot hardware configuration from robot_state/robot_hardware.yaml
2026-05-25 13:49:35,177 - DEBUG - Loaded wellplate properties configuration from robot_state/wellplates.yaml
2026-05-25 13:49:35,177 - DEBUG - Loading robot state files...
2026-05-25 13:49:35,193 - DEBUG - Loaded vial data from status/calibration_vials_short.csv
2026-05-25 13:49:35,193 - DEBUG - Loaded robot status from robot_state/robot_status.yaml
2026-05-25 13:49:35,193 - DEBUG - Loaded wellplate positions from robot_state/wellplates.yaml
2026-05-25 13:49:35,193 - DEBUG - Robot status loaded successfully
2026-05-25 13:49:35,193 - INFO - Physical initialization of North Robot...
2026-05-25 13:49:38,674 - DEBUG - Loading pumps from YAML configuration...
2026-05-25 13:49:38,769 - DEBUG - Loaded pump 0: volume=1.0mL, speed=11, liquid=None
2026-05-25 13:49:38,876 - DEBUG - Loaded pump 1: volume=2.5mL, speed=15, liquid=water
2026-05-25 13:49:38,876 - INFO - Moving robot to home position
2026-05-25 13:49:39,295 - DEBUG - Initializing centrifuge controller...
2026-05-25 13:49:39,295 - INFO - Initializing North Track...
2026-05-25 13:49:39,295 - DEBUG - Loading track status from file: robot_state/track_status.yaml
2026-05-25 13:49:39,295 - DEBUG - Getting track status from file: robot_state/track_status.yaml
2026-05-25 13:49:39,295 - DEBUG - Loaded track status from robot_state/track_status.yaml
2026-05-25 13:49:39,295 - DEBUG - Loading track positions from: robot_state/track_positions.yaml
2026-05-25 13:49:39,295 - DEBUG - Loaded track positions configuration from robot_state/track_positions.yaml
2026-05-25 13:49:39,295 - DEBUG - Loading robot hardware configuration from: robot_state/robot_hardware.yaml
2026-05-25 13:49:39,295 - DEBUG - Loaded robot hardware configuration from robot_state/robot_hardware.yaml
2026-05-25 13:49:39,310 - DEBUG - Loaded wellplate properties configuration from robot_state/wellplates.yaml
2026-05-25 13:49:39,378 - DEBUG - Moving North Track to home position
2026-05-25 13:49:39,378 - DEBUG - Detected origin position (0,0) - setting location to 'origin'
2026-05-25 13:49:39,378 - DEBUG - Updated gripper location to: origin at position {'x': 0, 'z': 0}
2026-05-25 13:49:47,844 - INFO - Moving robot to home position
