2025-10-08 11:42:45,898 - INFO - Initializing North Robot...
2025-10-08 11:42:45,898 - DEBUG - Loading robot configuration files...
2025-10-08 11:42:45,929 - DEBUG - Loaded vial positions configuration from robot_state/vial_positions.yaml
2025-10-08 11:42:45,931 - DEBUG - Loaded pipet tips configuration from robot_state/pipet_tips.yaml
2025-10-08 11:42:45,935 - DEBUG - Loaded pipet racks configuration from robot_state/pipet_racks.yaml
2025-10-08 11:42:45,938 - DEBUG - Loaded pump configuration from robot_state/syringe_pumps.yaml
2025-10-08 11:42:45,938 - DEBUG - Loaded robot hardware configuration from robot_state/robot_hardware.yaml
2025-10-08 11:42:45,938 - DEBUG - Loaded wellplate properties configuration from robot_state/wellplates.yaml
2025-10-08 11:42:45,938 - DEBUG - Loading robot state files...
2025-10-08 11:42:45,955 - DEBUG - Loaded vial data from ../utoronto_demo/status/calibration_vials_short.csv
2025-10-08 11:42:45,956 - DEBUG - Loaded robot status from robot_state/robot_status.yaml
2025-10-08 11:42:45,959 - DEBUG - Loaded wellplate positions from robot_state/wellplates.yaml
2025-10-08 11:42:45,959 - DEBUG - Robot status loaded successfully
2025-10-08 11:42:45,960 - DEBUG - Physical initialization of North Robot...
2025-10-08 11:42:45,960 - INFO - Moving robot to home position
2025-10-08 11:42:45,962 - DEBUG - Loading pumps from YAML configuration...
2025-10-08 11:42:45,963 - DEBUG - Loaded pump 0: volume=1.0mL, speed=11, liquid=None
2025-10-08 11:42:45,963 - DEBUG - Loaded pump 1: volume=2.5mL, speed=15, liquid=water
2025-10-08 11:42:45,964 - INFO - Initializing North Track...
2025-10-08 11:42:45,964 - DEBUG - Loading track status from file: robot_state/track_status.yaml
2025-10-08 11:42:45,964 - DEBUG - Getting track status from file: robot_state/track_status.yaml
2025-10-08 11:42:45,965 - DEBUG - Loaded track status from robot_state/track_status.yaml
2025-10-08 11:42:45,965 - DEBUG - Loading track positions from: robot_state/track_positions.yaml
2025-10-08 11:42:45,971 - DEBUG - Loaded track positions configuration from robot_state/track_positions.yaml
2025-10-08 11:42:45,971 - DEBUG - Loading robot hardware configuration from: robot_state/robot_hardware.yaml
2025-10-08 11:42:45,974 - DEBUG - Loaded robot hardware configuration from robot_state/robot_hardware.yaml
2025-10-08 11:42:45,977 - DEBUG - Loaded wellplate properties configuration from robot_state/wellplates.yaml
2025-10-08 11:42:45,980 - INFO -    vial_index           vial_name         location  location_index  ...  cap_type  vial_type          home_location home_location_index
0           0  measurement_vial_0    main_8mL_rack               0  ...      open       8_mL          main_8mL_rack                   0
1           1  measurement_vial_1    main_8mL_rack               1  ...      open       8_mL          main_8mL_rack                   1
2           2  measurement_vial_2    main_8mL_rack               2  ...      open       8_mL          main_8mL_rack                   2
3           3       liquid_source   50mL_vial_rack               0  ...      open      50_mL  extra_large_vial_rack                   0
4           4     liquid_source_2  large_vial_rack               0  ...      open      20_mL        large_vial_rack                   0

[5 rows x 10 columns]
2025-10-08 11:42:45,993 - INFO - Visualizing vial racks...
2025-10-08 11:42:46,149 - DEBUG - Visualizing rack: Main Rack with filter: main_8mL_rack
2025-10-08 11:42:46,287 - DEBUG - Visualizing rack: Second Rack with filter: large_vial_rack
2025-10-08 11:42:48,559 - INFO - Dispensing 0.100 mL from liquid_source to liquid_source_2
2025-10-08 11:42:48,562 - DEBUG - Selected small_tip for volume 0.100 mL
2025-10-08 11:42:48,563 - INFO - Getting small_tip (pipet number 11) from rack: small_tip_rack_1
2025-10-08 11:42:48,568 - INFO - Pipetting from vial liquid_source, amount: 0.1 mL
2025-10-08 11:42:48,569 - DEBUG - Adjusting pump 0 speed to 13
2025-10-08 11:42:48,569 - DEBUG - Aspirating 0.100 mL then waiting 1.0 s
2025-10-08 11:42:48,572 - INFO - Pipetting into vial liquid_source_2, amount: 0.1 mL
2025-10-08 11:42:48,577 - DEBUG - Adjusting pump 0 speed to 13
2025-10-08 11:42:48,578 - DEBUG - Dispensing 0.100 mL then waiting 1.0 s
2025-10-08 11:42:48,579 - DEBUG - Blowing out 0.050 mL
2025-10-08 11:42:48,582 - INFO - Removing pipet
2025-10-08 11:42:48,588 - INFO - Moving robot to home position
