2026-05-29 14:09:55,948 - DEBUG - No workflow config provided - using default initialization
2026-05-29 14:09:55,948 - INFO - Launching status review GUI...
2026-05-29 14:09:56,135 - INFO - Detected workflow name: test_powder_dispense
2026-05-29 14:09:56,517 - INFO - Config editor loaded for workflow: test_powder_dispense
2026-05-29 14:11:02,909 - INFO - User selected: Run Workflow
2026-05-29 14:11:02,927 - INFO - Status review completed - proceeding with hardware initialization
2026-05-29 14:11:02,938 - INFO - Initializing North Robot...
2026-05-29 14:11:02,939 - DEBUG - Loading robot configuration files...
2026-05-29 14:11:02,962 - DEBUG - Loaded vial positions configuration from robot_state/vial_positions.yaml
2026-05-29 14:11:02,965 - DEBUG - Loaded pipet tips configuration from robot_state/pipet_tips.yaml
2026-05-29 14:11:02,974 - DEBUG - Loaded pipet racks configuration from robot_state/pipet_racks.yaml
2026-05-29 14:11:02,979 - DEBUG - Loaded pump configuration from robot_state/syringe_pumps.yaml
2026-05-29 14:11:02,983 - DEBUG - Loaded robot hardware configuration from robot_state/robot_hardware.yaml
2026-05-29 14:11:02,991 - DEBUG - Loaded wellplate properties configuration from robot_state/wellplates.yaml
2026-05-29 14:11:02,992 - DEBUG - Loading robot state files...
2026-05-29 14:11:03,053 - DEBUG - Loaded vial data from status/powder_dispense_vials.csv
2026-05-29 14:11:03,053 - DEBUG - Loaded robot status from robot_state/robot_status.yaml
2026-05-29 14:11:03,069 - DEBUG - Loaded wellplate positions from robot_state/wellplates.yaml
2026-05-29 14:11:03,069 - DEBUG - Robot status loaded successfully
2026-05-29 14:11:03,069 - INFO - Physical initialization of North Robot...
2026-05-29 14:11:03,069 - DEBUG - Loading pumps from YAML configuration...
2026-05-29 14:11:03,069 - DEBUG - Loaded pump 0: volume=1.0mL, speed=11, liquid=None
2026-05-29 14:11:03,069 - DEBUG - Loaded pump 1: volume=2.5mL, speed=15, liquid=water
2026-05-29 14:11:03,069 - INFO - Moving robot to home position
2026-05-29 14:11:03,069 - DEBUG - Initializing centrifuge controller...
2026-05-29 14:11:03,069 - INFO - Initializing North Track...
2026-05-29 14:11:03,069 - DEBUG - Loading track status from file: robot_state/track_status.yaml
2026-05-29 14:11:03,069 - DEBUG - Getting track status from file: robot_state/track_status.yaml
2026-05-29 14:11:03,069 - DEBUG - Loaded track status from robot_state/track_status.yaml
2026-05-29 14:11:03,082 - DEBUG - Loading track positions from: robot_state/track_positions.yaml
2026-05-29 14:11:03,090 - DEBUG - Loaded track positions configuration from robot_state/track_positions.yaml
2026-05-29 14:11:03,090 - DEBUG - Loading robot hardware configuration from: robot_state/robot_hardware.yaml
2026-05-29 14:11:03,093 - DEBUG - Loaded robot hardware configuration from robot_state/robot_hardware.yaml
2026-05-29 14:11:03,095 - DEBUG - Loaded wellplate properties configuration from robot_state/wellplates.yaml
2026-05-29 14:11:03,095 - DEBUG - Moving North Track to home position
2026-05-29 14:11:03,095 - DEBUG - Detected origin position (0,0) - setting location to 'origin'
2026-05-29 14:11:03,095 - DEBUG - Updated gripper location to: origin at position {'x': 0, 'z': 0}
2026-05-29 14:11:03,100 - INFO - Dispensing into vial: reaction_vial with mass: 50.000 mg
2026-05-29 14:11:03,107 - INFO - Moving vial reaction_vial to clamp: 0
2026-05-29 14:11:03,107 - DEBUG - Grabbing vial 0 with index 0
2026-05-29 14:11:03,111 - DEBUG - Dropping off vial 0 at location clamp with index 0
2026-05-29 14:11:03,113 - INFO - Moving robot to home position
2026-05-29 14:11:03,115 - INFO - Returning vial reaction_vial to home location: main_8mL_rack index 36
2026-05-29 14:11:03,115 - INFO - Moving vial reaction_vial to main_8mL_rack: 36
2026-05-29 14:11:03,115 - DEBUG - Grabbing vial 0 with index 0
2026-05-29 14:11:03,118 - DEBUG - Dropping off vial 0 at location main_8mL_rack with index 36
