2025-11-11 13:35:11,784 - INFO - Initializing North Robot...
2025-11-11 13:35:11,784 - DEBUG - Loading robot configuration files...
2025-11-11 13:35:11,784 - DEBUG - Loaded vial positions configuration from robot_state/vial_positions.yaml
2025-11-11 13:35:11,784 - DEBUG - Loaded pipet tips configuration from robot_state/pipet_tips.yaml
2025-11-11 13:35:11,799 - DEBUG - Loaded pipet racks configuration from robot_state/pipet_racks.yaml
2025-11-11 13:35:11,802 - DEBUG - Loaded pump configuration from robot_state/syringe_pumps.yaml
2025-11-11 13:35:11,806 - DEBUG - Loaded robot hardware configuration from robot_state/robot_hardware.yaml
2025-11-11 13:35:11,807 - DEBUG - Loaded wellplate properties configuration from robot_state/wellplates.yaml
2025-11-11 13:35:11,807 - DEBUG - Loading robot state files...
2025-11-11 13:35:11,807 - DEBUG - Loaded vial data from status/calibration_vials_short.csv
2025-11-11 13:35:11,807 - DEBUG - Loaded robot status from robot_state/robot_status.yaml
2025-11-11 13:35:11,807 - DEBUG - Loaded wellplate positions from robot_state/wellplates.yaml
2025-11-11 13:35:11,807 - DEBUG - Robot status loaded successfully
2025-11-11 13:35:11,807 - DEBUG - Loading pumps from YAML configuration...
2025-11-11 13:35:11,921 - DEBUG - Loaded pump 0: volume=1.0mL, speed=11, liquid=None
2025-11-11 13:35:12,039 - DEBUG - Loaded pump 1: volume=2.5mL, speed=15, liquid=water
2025-11-11 13:35:12,039 - DEBUG - Physical initialization of North Robot...
2025-11-11 13:35:12,353 - INFO - Moving robot to home position
2025-11-11 13:35:16,104 - INFO - Initializing North Track...
2025-11-11 13:35:16,105 - DEBUG - Loading track status from file: robot_state/track_status.yaml
2025-11-11 13:35:16,105 - DEBUG - Getting track status from file: robot_state/track_status.yaml
2025-11-11 13:35:16,105 - DEBUG - Loaded track status from robot_state/track_status.yaml
2025-11-11 13:35:16,105 - DEBUG - Loading track positions from: robot_state/track_positions.yaml
2025-11-11 13:35:16,105 - DEBUG - Loaded track positions configuration from robot_state/track_positions.yaml
2025-11-11 13:35:16,105 - DEBUG - Loading robot hardware configuration from: robot_state/robot_hardware.yaml
2025-11-11 13:35:16,105 - DEBUG - Loaded robot hardware configuration from robot_state/robot_hardware.yaml
2025-11-11 13:35:16,105 - DEBUG - Loaded wellplate properties configuration from robot_state/wellplates.yaml
2025-11-11 13:35:16,207 - DEBUG - Moving North Track to home position
2025-11-11 13:35:16,209 - INFO -     vial_index           vial_name         location  location_index  vial_volume  capped cap_type vial_type    home_location  home_location_index
0            0  measurement_vial_0            clamp               0          0.0    True     open      8_mL    main_8mL_rack                    0
1            1  measurement_vial_1    main_8mL_rack               1          0.0    True     open      8_mL    main_8mL_rack                    1
2            2  measurement_vial_2    main_8mL_rack               2          0.0    True     open      8_mL    main_8mL_rack                    2
3            3  measurement_vial_3    main_8mL_rack               3          0.0    True     open      8_mL    main_8mL_rack                    3
4            4  measurement_vial_4    main_8mL_rack               4          0.0    True     open      8_mL    main_8mL_rack                    4
5            5  measurement_vial_5    main_8mL_rack               5          0.0    True     open      8_mL    main_8mL_rack                    5
6            6  measurement_vial_6    main_8mL_rack               6          0.0    True     open      8_mL    main_8mL_rack                    6
7            7  measurement_vial_7    main_8mL_rack               7          0.0    True     open      8_mL    main_8mL_rack                    7
8            8  measurement_vial_8    main_8mL_rack               8          0.0    True     open      8_mL    main_8mL_rack                    8
9            9  measurement_vial_9    main_8mL_rack               9          0.0    True     open      8_mL    main_8mL_rack                    9
10          10       liquid_source   50mL_vial_rack               0          0.0    True     open     50_mL   50mL_vial_rack                    0
11          11     liquid_source_0  large_vial_rack               2         10.0    True     open     20_mL  large_vial_rack                    2
2025-11-11 13:35:16,227 - INFO - Visualizing vial racks...
2025-11-11 13:35:16,368 - DEBUG - Visualizing rack: Main Rack with filter: main_8mL_rack
2025-11-11 13:35:16,503 - DEBUG - Visualizing rack: Second Rack with filter: large_vial_rack
2025-11-11 13:35:24,297 - INFO - Vial measurement_vial_0 already at clamp index 0, no move needed
2025-11-11 13:35:24,299 - DEBUG - Selected small_tip for volume 0.050 mL
2025-11-11 13:35:54,165 - DEBUG - Selected small_tip for volume 0.092 mL
2025-11-11 13:35:54,165 - INFO - Getting small_tip (pipet number 0) from rack: small_tip_rack_1
2025-11-11 13:35:58,470 - INFO - Pipetting from vial liquid_source_0, amount: 0.05 mL
2025-11-11 13:35:58,471 - INFO - Additional volume from calibration, amount: 0.003 mL
2025-11-11 13:35:58,472 - DEBUG - Adjusting pump 0 speed to 18
2025-11-11 13:36:01,793 - DEBUG - Aspirating 0.053 mL then waiting 12.0 s
2025-11-11 13:36:16,460 - DEBUG - Aspirating 0.040 mL then waiting 0 s
2025-11-11 13:36:18,122 - INFO - Pipetting into vial measurement_vial_0, amount: 0.05 mL
2025-11-11 13:36:21,163 - DEBUG - Adjusting pump 0 speed to 22
2025-11-11 13:36:24,585 - DEBUG - Dispensing 0.092 mL then waiting 14.0 s
2025-11-11 13:36:42,467 - DEBUG - Blowing out 0.080 mL
2025-11-11 13:36:50,561 - INFO - Removing pipet
2025-11-11 13:36:53,973 - DEBUG - Selected small_tip for volume 0.098 mL
2025-11-11 13:36:53,974 - INFO - Getting small_tip (pipet number 1) from rack: small_tip_rack_1
2025-11-11 13:36:56,959 - INFO - Pipetting from vial liquid_source_0, amount: 0.05 mL
2025-11-11 13:36:56,959 - INFO - Additional volume from calibration, amount: 0.003 mL
2025-11-11 13:36:56,959 - DEBUG - Adjusting pump 0 speed to 23
2025-11-11 13:37:00,254 - DEBUG - Aspirating 0.053 mL then waiting 8.0 s
2025-11-11 13:37:11,498 - DEBUG - Aspirating 0.045 mL then waiting 0 s
2025-11-11 13:37:13,882 - INFO - Pipetting into vial measurement_vial_0, amount: 0.05 mL
2025-11-11 13:37:15,369 - DEBUG - Adjusting pump 0 speed to 19
2025-11-11 13:37:18,792 - DEBUG - Dispensing 0.098 mL then waiting 16.0 s
2025-11-11 13:37:38,225 - DEBUG - Blowing out 0.060 mL
2025-11-11 13:37:44,959 - INFO - Removing pipet
2025-11-11 13:37:48,316 - DEBUG - Selected small_tip for volume 0.086 mL
2025-11-11 13:37:48,316 - INFO - Getting small_tip (pipet number 2) from rack: small_tip_rack_1
2025-11-11 13:37:51,277 - INFO - Pipetting from vial liquid_source_0, amount: 0.05 mL
2025-11-11 13:37:51,277 - INFO - Additional volume from calibration, amount: 0.001 mL
2025-11-11 13:37:51,277 - DEBUG - Adjusting pump 0 speed to 30
2025-11-11 13:37:54,556 - DEBUG - Aspirating 0.051 mL then waiting 18.0 s
2025-11-11 13:38:18,500 - DEBUG - Aspirating 0.035 mL then waiting 0 s
2025-11-11 13:38:22,221 - INFO - Pipetting into vial measurement_vial_0, amount: 0.05 mL
2025-11-11 13:38:22,371 - DEBUG - Adjusting pump 0 speed to 15
2025-11-11 13:38:25,810 - DEBUG - Dispensing 0.086 mL then waiting 12.0 s
2025-11-11 13:38:38,893 - DEBUG - Blowing out 0.100 mL
2025-11-11 13:38:45,564 - INFO - Removing pipet
2025-11-11 13:38:48,883 - DEBUG - Selected small_tip for volume 0.104 mL
2025-11-11 13:38:48,883 - INFO - Getting small_tip (pipet number 3) from rack: small_tip_rack_1
2025-11-11 13:38:51,821 - INFO - Pipetting from vial liquid_source_0, amount: 0.05 mL
2025-11-11 13:38:51,822 - INFO - Additional volume from calibration, amount: 0.004 mL
2025-11-11 13:38:51,822 - DEBUG - Adjusting pump 0 speed to 15
2025-11-11 13:38:54,969 - DEBUG - Aspirating 0.054 mL then waiting 14.0 s
2025-11-11 13:39:10,196 - DEBUG - Aspirating 0.050 mL then waiting 0 s
2025-11-11 13:39:10,974 - INFO - Pipetting into vial measurement_vial_0, amount: 0.05 mL
2025-11-11 13:39:13,971 - DEBUG - Adjusting pump 0 speed to 27
2025-11-11 13:39:17,409 - DEBUG - Dispensing 0.104 mL then waiting 10.0 s
2025-11-11 13:39:33,836 - DEBUG - Blowing out 0.070 mL
2025-11-11 13:39:43,961 - INFO - Removing pipet
2025-11-11 13:39:47,317 - DEBUG - Selected small_tip for volume 0.092 mL
2025-11-11 13:39:47,317 - INFO - Getting small_tip (pipet number 4) from rack: small_tip_rack_1
2025-11-11 13:39:50,216 - INFO - Pipetting from vial liquid_source_0, amount: 0.05 mL
2025-11-11 13:39:50,218 - INFO - Additional volume from calibration, amount: 0.002 mL
2025-11-11 13:39:50,218 - DEBUG - Adjusting pump 0 speed to 28
2025-11-11 13:39:53,478 - DEBUG - Aspirating 0.052 mL then waiting 10.0 s
2025-11-11 13:40:08,193 - DEBUG - Aspirating 0.040 mL then waiting 0 s
2025-11-11 13:40:11,504 - INFO - Pipetting into vial measurement_vial_0, amount: 0.05 mL
2025-11-11 13:40:11,757 - DEBUG - Adjusting pump 0 speed to 20
2025-11-11 13:40:15,179 - DEBUG - Dispensing 0.092 mL then waiting 18.0 s
2025-11-11 13:40:36,616 - DEBUG - Blowing out 0.090 mL
2025-11-11 13:40:47,172 - INFO - Removing pipet
2025-11-11 13:40:57,491 - DEBUG - Selected small_tip for volume 0.106 mL
2025-11-11 13:40:57,491 - INFO - Getting small_tip (pipet number 5) from rack: small_tip_rack_1
2025-11-11 13:41:00,384 - INFO - Pipetting from vial liquid_source_0, amount: 0.05 mL
2025-11-11 13:41:00,384 - INFO - Additional volume from calibration, amount: 0.004 mL
2025-11-11 13:41:00,384 - DEBUG - Adjusting pump 0 speed to 13
2025-11-11 13:41:03,599 - DEBUG - Aspirating 0.054 mL then waiting 16.18897032546756 s
2025-11-11 13:41:20,809 - DEBUG - Aspirating 0.051 mL then waiting 0 s
2025-11-11 13:41:21,377 - INFO - Pipetting into vial measurement_vial_0, amount: 0.05 mL
2025-11-11 13:41:24,760 - DEBUG - Adjusting pump 0 speed to 29
2025-11-11 13:41:28,215 - DEBUG - Dispensing 0.106 mL then waiting 7.7722873145094376 s
2025-11-11 13:41:44,023 - DEBUG - Blowing out 0.072 mL
2025-11-11 13:41:56,573 - INFO - Removing pipet
2025-11-11 13:42:07,649 - DEBUG - Selected small_tip for volume 0.107 mL
2025-11-11 13:42:07,649 - INFO - Getting small_tip (pipet number 6) from rack: small_tip_rack_1
2025-11-11 13:42:10,585 - INFO - Pipetting from vial liquid_source_0, amount: 0.05 mL
2025-11-11 13:42:10,585 - INFO - Additional volume from calibration, amount: 0.004 mL
2025-11-11 13:42:10,585 - DEBUG - Adjusting pump 0 speed to 16
2025-11-11 13:42:13,784 - DEBUG - Aspirating 0.054 mL then waiting 12.736584846701863 s
2025-11-11 13:42:28,049 - DEBUG - Aspirating 0.053 mL then waiting 0 s
2025-11-11 13:42:29,109 - INFO - Pipetting into vial measurement_vial_0, amount: 0.05 mL
2025-11-11 13:42:31,356 - DEBUG - Adjusting pump 0 speed to 28
2025-11-11 13:42:34,746 - DEBUG - Dispensing 0.107 mL then waiting 10.310085944205072 s
2025-11-11 13:42:52,406 - DEBUG - Blowing out 0.064 mL
2025-11-11 13:43:03,367 - INFO - Removing pipet
2025-11-11 13:43:15,407 - DEBUG - Selected small_tip for volume 0.093 mL
2025-11-11 13:43:15,409 - INFO - Getting small_tip (pipet number 7) from rack: small_tip_rack_1
2025-11-11 13:43:18,306 - INFO - Pipetting from vial liquid_source_0, amount: 0.05 mL
2025-11-11 13:43:18,306 - INFO - Additional volume from calibration, amount: 0.003 mL
2025-11-11 13:43:18,306 - DEBUG - Adjusting pump 0 speed to 13
2025-11-11 13:43:21,457 - DEBUG - Aspirating 0.053 mL then waiting 16.333459779346658 s
2025-11-11 13:43:38,953 - DEBUG - Aspirating 0.041 mL then waiting 0 s
2025-11-11 13:43:39,435 - INFO - Pipetting into vial measurement_vial_0, amount: 0.05 mL
2025-11-11 13:43:41,362 - DEBUG - Adjusting pump 0 speed to 23
2025-11-11 13:43:44,809 - DEBUG - Dispensing 0.093 mL then waiting 9.848867353805257 s
2025-11-11 13:43:58,805 - DEBUG - Blowing out 0.087 mL
2025-11-11 13:44:07,970 - INFO - Removing pipet
2025-11-11 13:44:19,883 - DEBUG - Selected small_tip for volume 0.109 mL
2025-11-11 13:44:19,883 - INFO - Getting small_tip (pipet number 8) from rack: small_tip_rack_1
2025-11-11 13:44:22,765 - INFO - Pipetting from vial liquid_source_0, amount: 0.05 mL
2025-11-11 13:44:22,769 - INFO - Additional volume from calibration, amount: 0.005 mL
2025-11-11 13:44:22,769 - DEBUG - Adjusting pump 0 speed to 14
2025-11-11 13:44:25,900 - DEBUG - Aspirating 0.055 mL then waiting 14.198832971395632 s
2025-11-11 13:44:41,271 - DEBUG - Aspirating 0.054 mL then waiting 0 s
2025-11-11 13:44:41,909 - INFO - Pipetting into vial measurement_vial_0, amount: 0.05 mL
2025-11-11 13:44:45,574 - DEBUG - Adjusting pump 0 speed to 23
2025-11-11 13:44:48,996 - DEBUG - Dispensing 0.109 mL then waiting 8.586833832041973 s
2025-11-11 13:45:02,407 - DEBUG - Blowing out 0.061 mL
2025-11-11 13:45:10,966 - INFO - Removing pipet
2025-11-11 13:45:23,264 - DEBUG - Selected small_tip for volume 0.097 mL
2025-11-11 13:45:23,264 - INFO - Getting small_tip (pipet number 9) from rack: small_tip_rack_1
2025-11-11 13:45:26,153 - INFO - Pipetting from vial liquid_source_0, amount: 0.05 mL
2025-11-11 13:45:26,157 - INFO - Additional volume from calibration, amount: 0.003 mL
2025-11-11 13:45:26,157 - DEBUG - Adjusting pump 0 speed to 15
2025-11-11 13:45:29,287 - DEBUG - Aspirating 0.053 mL then waiting 12.48963886621733 s
2025-11-11 13:45:43,139 - DEBUG - Aspirating 0.044 mL then waiting 0 s
2025-11-11 13:45:43,859 - INFO - Pipetting into vial measurement_vial_0, amount: 0.05 mL
2025-11-11 13:45:45,570 - DEBUG - Adjusting pump 0 speed to 27
2025-11-11 13:45:49,008 - DEBUG - Dispensing 0.097 mL then waiting 11.88754858226263 s
2025-11-11 13:45:49,008 - WARNING - Dispense exceeded limit: Dispensing all liquid
2025-11-11 13:46:06,831 - DEBUG - Blowing out 0.057 mL
2025-11-11 13:46:16,968 - INFO - Removing pipet
2025-11-11 13:46:29,596 - DEBUG - Selected small_tip for volume 0.105 mL
2025-11-11 13:46:29,596 - INFO - Getting small_tip (pipet number 10) from rack: small_tip_rack_1
2025-11-11 13:46:32,435 - INFO - Pipetting from vial liquid_source_0, amount: 0.05 mL
2025-11-11 13:46:32,435 - INFO - Additional volume from calibration, amount: 0.004 mL
2025-11-11 13:46:32,435 - DEBUG - Adjusting pump 0 speed to 15
2025-11-11 13:46:35,540 - DEBUG - Aspirating 0.054 mL then waiting 13.882467991550307 s
2025-11-11 13:46:50,701 - DEBUG - Aspirating 0.051 mL then waiting 0 s
2025-11-11 13:46:51,478 - INFO - Pipetting into vial measurement_vial_0, amount: 0.05 mL
2025-11-11 13:46:53,565 - DEBUG - Adjusting pump 0 speed to 27
2025-11-11 13:46:57,015 - DEBUG - Dispensing 0.105 mL then waiting 11.934400541882635 s
2025-11-11 13:46:57,015 - WARNING - Dispense exceeded limit: Dispensing all liquid
2025-11-11 13:47:15,458 - DEBUG - Blowing out 0.054 mL
2025-11-11 13:47:25,169 - INFO - Removing pipet
2025-11-11 13:47:38,604 - DEBUG - Selected small_tip for volume 0.104 mL
2025-11-11 13:47:38,604 - INFO - Getting small_tip (pipet number 11) from rack: small_tip_rack_1
2025-11-11 13:47:41,452 - INFO - Pipetting from vial liquid_source_0, amount: 0.05 mL
2025-11-11 13:47:41,452 - INFO - Additional volume from calibration, amount: 0.004 mL
2025-11-11 13:47:41,452 - DEBUG - Adjusting pump 0 speed to 17
2025-11-11 13:47:44,523 - DEBUG - Aspirating 0.054 mL then waiting 13.942315932308935 s
2025-11-11 13:48:00,934 - DEBUG - Aspirating 0.050 mL then waiting 0 s
2025-11-11 13:48:02,821 - INFO - Pipetting into vial measurement_vial_0, amount: 0.05 mL
2025-11-11 13:48:02,965 - DEBUG - Adjusting pump 0 speed to 27
2025-11-11 13:48:06,420 - DEBUG - Dispensing 0.104 mL then waiting 8.481669291115587 s
2025-11-11 13:48:21,292 - DEBUG - Blowing out 0.080 mL
2025-11-11 13:48:34,363 - INFO - Removing pipet
2025-11-11 13:48:46,486 - DEBUG - Selected small_tip for volume 0.104 mL
2025-11-11 13:48:46,486 - INFO - Getting small_tip (pipet number 12) from rack: small_tip_rack_1
2025-11-11 13:48:49,267 - INFO - Pipetting from vial liquid_source_0, amount: 0.05 mL
2025-11-11 13:48:49,267 - INFO - Additional volume from calibration, amount: 0.004 mL
2025-11-11 13:48:49,267 - DEBUG - Adjusting pump 0 speed to 14
2025-11-11 13:48:52,357 - DEBUG - Aspirating 0.054 mL then waiting 10.583160330138751 s
2025-11-11 13:49:04,033 - DEBUG - Aspirating 0.050 mL then waiting 0 s
2025-11-11 13:49:04,673 - INFO - Pipetting into vial measurement_vial_0, amount: 0.05 mL
2025-11-11 13:49:06,361 - DEBUG - Adjusting pump 0 speed to 28
2025-11-11 13:49:09,784 - DEBUG - Dispensing 0.104 mL then waiting 10.669625122165488 s
2025-11-11 13:49:09,784 - WARNING - Dispense exceeded limit: Dispensing all liquid
2025-11-11 13:49:27,523 - DEBUG - Blowing out 0.067 mL
2025-11-11 13:49:41,573 - INFO - Removing pipet
2025-11-11 13:49:54,478 - DEBUG - Selected small_tip for volume 0.106 mL
2025-11-11 13:49:54,478 - INFO - Getting small_tip (pipet number 13) from rack: small_tip_rack_1
2025-11-11 13:49:57,252 - INFO - Pipetting from vial liquid_source_0, amount: 0.05 mL
2025-11-11 13:49:57,253 - INFO - Additional volume from calibration, amount: 0.004 mL
2025-11-11 13:49:57,253 - DEBUG - Adjusting pump 0 speed to 12
2025-11-11 13:50:00,335 - DEBUG - Aspirating 0.054 mL then waiting 15.22235132485976 s
2025-11-11 13:50:16,586 - DEBUG - Aspirating 0.052 mL then waiting 0 s
2025-11-11 13:50:17,069 - INFO - Pipetting into vial measurement_vial_0, amount: 0.05 mL
2025-11-11 13:50:21,149 - DEBUG - Adjusting pump 0 speed to 28
2025-11-11 13:50:24,616 - DEBUG - Dispensing 0.106 mL then waiting 10.115104854430582 s
2025-11-11 13:50:24,616 - WARNING - Dispense exceeded limit: Dispensing all liquid
2025-11-11 13:50:41,986 - DEBUG - Blowing out 0.069 mL
2025-11-11 13:50:54,366 - INFO - Removing pipet
2025-11-11 13:51:07,561 - DEBUG - Selected small_tip for volume 0.095 mL
2025-11-11 13:51:07,561 - INFO - Getting small_tip (pipet number 14) from rack: small_tip_rack_1
2025-11-11 13:51:10,314 - INFO - Pipetting from vial liquid_source_0, amount: 0.05 mL
2025-11-11 13:51:10,316 - INFO - Additional volume from calibration, amount: 0.003 mL
2025-11-11 13:51:10,316 - DEBUG - Adjusting pump 0 speed to 13
2025-11-11 13:51:13,335 - DEBUG - Aspirating 0.053 mL then waiting 16.122942819598492 s
2025-11-11 13:51:30,675 - DEBUG - Aspirating 0.042 mL then waiting 0 s
2025-11-11 13:51:31,154 - INFO - Pipetting into vial measurement_vial_0, amount: 0.05 mL
2025-11-11 13:51:35,168 - DEBUG - Adjusting pump 0 speed to 23
2025-11-11 13:51:38,608 - DEBUG - Dispensing 0.095 mL then waiting 9.19449575058322 s
2025-11-11 13:51:38,608 - WARNING - Dispense exceeded limit: Dispensing all liquid
2025-11-11 13:51:52,027 - DEBUG - Blowing out 0.088 mL
2025-11-11 13:52:03,176 - INFO - Removing pipet
2025-11-11 13:52:15,821 - DEBUG - Selected small_tip for volume 0.105 mL
2025-11-11 13:52:15,821 - INFO - Getting small_tip (pipet number 15) from rack: small_tip_rack_1
2025-11-11 13:52:18,579 - INFO - Pipetting from vial liquid_source_0, amount: 0.05 mL
2025-11-11 13:52:18,579 - INFO - Additional volume from calibration, amount: 0.004 mL
2025-11-11 13:52:18,579 - DEBUG - Adjusting pump 0 speed to 15
2025-11-11 13:52:21,570 - DEBUG - Aspirating 0.054 mL then waiting 15.109223519900024 s
2025-11-11 13:52:37,965 - DEBUG - Aspirating 0.051 mL then waiting 0 s
2025-11-11 13:52:38,764 - INFO - Pipetting into vial measurement_vial_0, amount: 0.05 mL
2025-11-11 13:52:40,764 - DEBUG - Adjusting pump 0 speed to 28
2025-11-11 13:52:44,203 - DEBUG - Dispensing 0.105 mL then waiting 9.89384072108869 s
2025-11-11 13:52:44,203 - WARNING - Dispense exceeded limit: Dispensing all liquid
2025-11-11 13:53:01,215 - DEBUG - Blowing out 0.072 mL
2025-11-11 13:53:12,562 - INFO - Removing pipet
2025-11-11 13:53:27,031 - DEBUG - Selected small_tip for volume 0.104 mL
2025-11-11 13:53:27,031 - INFO - Getting small_tip (pipet number 16) from rack: small_tip_rack_1
2025-11-11 13:53:29,965 - INFO - Pipetting from vial liquid_source_0, amount: 0.05 mL
2025-11-11 13:53:29,965 - INFO - Additional volume from calibration, amount: 0.004 mL
2025-11-11 13:53:29,965 - DEBUG - Adjusting pump 0 speed to 13
2025-11-11 13:53:33,258 - DEBUG - Aspirating 0.054 mL then waiting 15.06959119690039 s
2025-11-11 13:53:49,394 - DEBUG - Aspirating 0.050 mL then waiting 0 s
2025-11-11 13:53:49,941 - INFO - Pipetting into vial measurement_vial_0, amount: 0.05 mL
2025-11-11 13:53:52,964 - DEBUG - Adjusting pump 0 speed to 27
2025-11-11 13:53:56,435 - DEBUG - Dispensing 0.104 mL then waiting 8.87927335918806 s
2025-11-11 13:54:11,726 - DEBUG - Blowing out 0.058 mL
2025-11-11 13:54:21,163 - INFO - Removing pipet
2025-11-11 13:54:35,204 - DEBUG - Selected small_tip for volume 0.106 mL
2025-11-11 13:54:35,204 - INFO - Getting small_tip (pipet number 17) from rack: small_tip_rack_1
2025-11-11 13:54:38,135 - INFO - Pipetting from vial liquid_source_0, amount: 0.05 mL
2025-11-11 13:54:38,137 - INFO - Additional volume from calibration, amount: 0.004 mL
2025-11-11 13:54:38,137 - DEBUG - Adjusting pump 0 speed to 15
2025-11-11 13:54:41,397 - DEBUG - Aspirating 0.054 mL then waiting 14.702938319265375 s
2025-11-11 13:54:57,408 - DEBUG - Aspirating 0.052 mL then waiting 0 s
2025-11-11 13:54:58,207 - INFO - Pipetting into vial measurement_vial_0, amount: 0.05 mL
2025-11-11 13:55:01,374 - DEBUG - Adjusting pump 0 speed to 27
2025-11-11 13:55:04,845 - DEBUG - Dispensing 0.106 mL then waiting 11.058484202240193 s
2025-11-11 13:55:04,861 - WARNING - Dispense exceeded limit: Dispensing all liquid
2025-11-11 13:55:22,407 - DEBUG - Blowing out 0.076 mL
2025-11-11 13:55:34,963 - INFO - Removing pipet
2025-11-11 13:55:50,769 - DEBUG - Selected small_tip for volume 0.109 mL
2025-11-11 13:55:50,769 - INFO - Getting small_tip (pipet number 18) from rack: small_tip_rack_1
2025-11-11 13:55:53,693 - INFO - Pipetting from vial liquid_source_0, amount: 0.05 mL
2025-11-11 13:55:53,693 - INFO - Additional volume from calibration, amount: 0.005 mL
2025-11-11 13:55:53,693 - DEBUG - Adjusting pump 0 speed to 15
2025-11-11 13:55:56,924 - DEBUG - Aspirating 0.055 mL then waiting 15.441455787962301 s
2025-11-11 13:56:13,639 - DEBUG - Aspirating 0.055 mL then waiting 0 s
2025-11-11 13:56:14,439 - INFO - Pipetting into vial measurement_vial_0, amount: 0.05 mL
2025-11-11 13:56:17,974 - DEBUG - Adjusting pump 0 speed to 22
2025-11-11 13:56:21,445 - DEBUG - Dispensing 0.109 mL then waiting 8.968418951391453 s
2025-11-11 13:56:34,976 - DEBUG - Blowing out 0.063 mL
2025-11-11 13:56:43,773 - INFO - Removing pipet
2025-11-11 13:56:59,414 - DEBUG - Selected small_tip for volume 0.108 mL
2025-11-11 13:56:59,414 - INFO - Getting small_tip (pipet number 19) from rack: small_tip_rack_1
2025-11-11 13:57:02,346 - INFO - Pipetting from vial liquid_source_0, amount: 0.05 mL
2025-11-11 13:57:02,347 - INFO - Additional volume from calibration, amount: 0.004 mL
2025-11-11 13:57:02,347 - DEBUG - Adjusting pump 0 speed to 16
2025-11-11 13:57:05,574 - DEBUG - Aspirating 0.054 mL then waiting 14.028897633991841 s
2025-11-11 13:57:21,249 - DEBUG - Aspirating 0.054 mL then waiting 0 s
2025-11-11 13:57:22,369 - INFO - Pipetting into vial measurement_vial_0, amount: 0.05 mL
2025-11-11 13:57:23,776 - DEBUG - Adjusting pump 0 speed to 24
2025-11-11 13:57:27,199 - DEBUG - Dispensing 0.108 mL then waiting 8.726466906577292 s
2025-11-11 13:57:41,131 - DEBUG - Blowing out 0.070 mL
2025-11-11 13:57:50,776 - INFO - Removing pipet
2025-11-11 13:58:03,329 - DEBUG - Selected small_tip for volume 0.102 mL
2025-11-11 13:58:03,329 - INFO - Getting small_tip (pipet number 20) from rack: small_tip_rack_1
2025-11-11 13:58:06,226 - INFO - Pipetting from vial liquid_source_0, amount: 0.05 mL
2025-11-11 13:58:06,226 - INFO - Additional volume from calibration, amount: 0.004 mL
2025-11-11 13:58:06,226 - DEBUG - Adjusting pump 0 speed to 15
2025-11-11 13:58:09,458 - DEBUG - Aspirating 0.054 mL then waiting 14.240993243511362 s
2025-11-11 13:58:25,037 - DEBUG - Aspirating 0.049 mL then waiting 0 s
2025-11-11 13:58:25,756 - INFO - Pipetting into vial measurement_vial_0, amount: 0.05 mL
2025-11-11 13:58:28,172 - DEBUG - Adjusting pump 0 speed to 26
2025-11-11 13:58:31,578 - DEBUG - Dispensing 0.102 mL then waiting 9.399252602693352 s
2025-11-11 13:58:31,578 - WARNING - Dispense exceeded limit: Dispensing all liquid
2025-11-11 13:58:46,742 - DEBUG - Blowing out 0.072 mL
2025-11-11 13:58:57,362 - INFO - Removing pipet
2025-11-11 13:59:11,716 - DEBUG - Selected small_tip for volume 0.110 mL
2025-11-11 13:59:11,716 - INFO - Getting small_tip (pipet number 21) from rack: small_tip_rack_1
2025-11-11 13:59:14,588 - INFO - Pipetting from vial liquid_source_0, amount: 0.05 mL
2025-11-11 13:59:14,588 - INFO - Additional volume from calibration, amount: 0.004 mL
2025-11-11 13:59:14,588 - DEBUG - Adjusting pump 0 speed to 15
2025-11-11 13:59:17,771 - DEBUG - Aspirating 0.054 mL then waiting 14.257215798784756 s
2025-11-11 13:59:33,302 - DEBUG - Aspirating 0.056 mL then waiting 0 s
2025-11-11 13:59:34,102 - INFO - Pipetting into vial measurement_vial_0, amount: 0.05 mL
2025-11-11 13:59:37,365 - DEBUG - Adjusting pump 0 speed to 29
2025-11-11 13:59:40,820 - DEBUG - Dispensing 0.110 mL then waiting 8.732375969572482 s
2025-11-11 13:59:40,820 - WARNING - Dispense exceeded limit: Dispensing all liquid
2025-11-11 13:59:57,935 - DEBUG - Blowing out 0.070 mL
2025-11-11 14:00:10,170 - INFO - Removing pipet
2025-11-11 14:00:22,431 - DEBUG - Selected small_tip for volume 0.103 mL
2025-11-11 14:00:22,431 - INFO - Getting small_tip (pipet number 22) from rack: small_tip_rack_1
2025-11-11 14:00:25,302 - INFO - Pipetting from vial liquid_source_0, amount: 0.05 mL
2025-11-11 14:00:25,302 - INFO - Additional volume from calibration, amount: 0.004 mL
2025-11-11 14:00:25,302 - DEBUG - Adjusting pump 0 speed to 15
2025-11-11 14:00:28,468 - DEBUG - Aspirating 0.054 mL then waiting 16.139075728416042 s
2025-11-11 14:00:45,919 - DEBUG - Aspirating 0.048 mL then waiting 0 s
2025-11-11 14:00:46,642 - INFO - Pipetting into vial measurement_vial_0, amount: 0.05 mL
2025-11-11 14:00:48,366 - DEBUG - Adjusting pump 0 speed to 27
2025-11-11 14:00:51,805 - DEBUG - Dispensing 0.103 mL then waiting 10.189232916627219 s
2025-11-11 14:01:08,312 - DEBUG - Blowing out 0.061 mL
2025-11-11 14:01:19,172 - INFO - Removing pipet
2025-11-11 14:01:34,461 - DEBUG - Selected small_tip for volume 0.108 mL
2025-11-11 14:01:34,463 - INFO - Getting small_tip (pipet number 23) from rack: small_tip_rack_1
2025-11-11 14:01:37,312 - INFO - Pipetting from vial liquid_source_0, amount: 0.05 mL
2025-11-11 14:01:37,314 - INFO - Additional volume from calibration, amount: 0.004 mL
2025-11-11 14:01:37,314 - DEBUG - Adjusting pump 0 speed to 13
2025-11-11 14:01:40,477 - DEBUG - Aspirating 0.054 mL then waiting 14.027526986701362 s
2025-11-11 14:01:55,736 - DEBUG - Aspirating 0.054 mL then waiting 0 s
2025-11-11 14:01:56,296 - INFO - Pipetting into vial measurement_vial_0, amount: 0.05 mL
2025-11-11 14:01:58,967 - DEBUG - Adjusting pump 0 speed to 23
2025-11-11 14:02:02,406 - DEBUG - Dispensing 0.108 mL then waiting 8.531253316600761 s
2025-11-11 14:02:15,745 - DEBUG - Blowing out 0.077 mL
2025-11-11 14:02:25,167 - INFO - Removing pipet
2025-11-11 14:02:38,355 - DEBUG - Selected small_tip for volume 0.101 mL
2025-11-11 14:02:38,355 - INFO - Getting small_tip (pipet number 24) from rack: small_tip_rack_1
2025-11-11 14:02:41,225 - INFO - Pipetting from vial liquid_source_0, amount: 0.05 mL
2025-11-11 14:02:41,225 - INFO - Additional volume from calibration, amount: 0.004 mL
2025-11-11 14:02:41,225 - DEBUG - Adjusting pump 0 speed to 15
2025-11-11 14:02:44,360 - DEBUG - Aspirating 0.054 mL then waiting 10.993190885312574 s
2025-11-11 14:02:56,644 - DEBUG - Aspirating 0.047 mL then waiting 0 s
2025-11-11 14:02:57,364 - INFO - Pipetting into vial measurement_vial_0, amount: 0.05 mL
2025-11-11 14:03:00,771 - DEBUG - Adjusting pump 0 speed to 27
2025-11-11 14:03:04,210 - DEBUG - Dispensing 0.101 mL then waiting 10.214576471905133 s
2025-11-11 14:03:20,669 - DEBUG - Blowing out 0.074 mL
2025-11-11 14:03:31,370 - INFO - Removing pipet
2025-11-11 14:03:44,533 - DEBUG - Selected small_tip for volume 0.097 mL
2025-11-11 14:03:44,533 - INFO - Getting small_tip (pipet number 25) from rack: small_tip_rack_1
2025-11-11 14:03:47,364 - INFO - Pipetting from vial liquid_source_0, amount: 0.05 mL
2025-11-11 14:03:47,364 - INFO - Additional volume from calibration, amount: 0.004 mL
2025-11-11 14:03:47,364 - DEBUG - Adjusting pump 0 speed to 15
2025-11-11 14:03:50,467 - DEBUG - Aspirating 0.054 mL then waiting 14.59395953830631 s
2025-11-11 14:04:06,366 - DEBUG - Aspirating 0.043 mL then waiting 0 s
2025-11-11 14:04:07,006 - INFO - Pipetting into vial measurement_vial_0, amount: 0.05 mL
2025-11-11 14:04:08,574 - DEBUG - Adjusting pump 0 speed to 27
2025-11-11 14:04:12,028 - DEBUG - Dispensing 0.097 mL then waiting 9.981508655866035 s
2025-11-11 14:04:12,028 - WARNING - Dispense exceeded limit: Dispensing all liquid
2025-11-11 14:04:28,007 - DEBUG - Blowing out 0.104 mL
2025-11-11 14:04:42,178 - INFO - Removing pipet
2025-11-11 14:04:58,248 - DEBUG - Selected small_tip for volume 0.106 mL
2025-11-11 14:04:58,248 - INFO - Getting small_tip (pipet number 26) from rack: small_tip_rack_1
2025-11-11 14:05:01,104 - INFO - Pipetting from vial liquid_source_0, amount: 0.05 mL
2025-11-11 14:05:01,104 - INFO - Additional volume from calibration, amount: 0.004 mL
2025-11-11 14:05:01,104 - DEBUG - Adjusting pump 0 speed to 15
2025-11-11 14:05:04,187 - DEBUG - Aspirating 0.054 mL then waiting 14.81893301278998 s
2025-11-11 14:05:20,310 - DEBUG - Aspirating 0.052 mL then waiting 0 s
2025-11-11 14:05:21,110 - INFO - Pipetting into vial measurement_vial_0, amount: 0.05 mL
2025-11-11 14:05:27,364 - DEBUG - Adjusting pump 0 speed to 27
2025-11-11 14:05:30,835 - DEBUG - Dispensing 0.106 mL then waiting 9.25181556438931 s
2025-11-11 14:05:30,835 - WARNING - Dispense exceeded limit: Dispensing all liquid
2025-11-11 14:05:46,549 - DEBUG - Blowing out 0.038 mL
2025-11-11 14:05:55,179 - INFO - Removing pipet
2025-11-11 14:06:10,317 - DEBUG - Selected small_tip for volume 0.117 mL
2025-11-11 14:06:10,317 - INFO - Getting small_tip (pipet number 27) from rack: small_tip_rack_1
2025-11-11 14:06:13,159 - INFO - Pipetting from vial liquid_source_0, amount: 0.05 mL
2025-11-11 14:06:13,161 - INFO - Additional volume from calibration, amount: 0.004 mL
2025-11-11 14:06:13,161 - DEBUG - Adjusting pump 0 speed to 15
2025-11-11 14:06:16,212 - DEBUG - Aspirating 0.054 mL then waiting 14.331042608408797 s
2025-11-11 14:06:31,823 - DEBUG - Aspirating 0.062 mL then waiting 0 s
2025-11-11 14:06:32,703 - INFO - Pipetting into vial measurement_vial_0, amount: 0.05 mL
2025-11-11 14:06:35,374 - DEBUG - Adjusting pump 0 speed to 28
2025-11-11 14:06:38,797 - DEBUG - Dispensing 0.117 mL then waiting 10.21069318138897 s
2025-11-11 14:06:56,919 - DEBUG - Blowing out 0.076 mL
2025-11-11 14:07:11,378 - INFO - Removing pipet
2025-11-11 14:07:24,737 - DEBUG - Selected small_tip for volume 0.108 mL
2025-11-11 14:07:24,737 - INFO - Getting small_tip (pipet number 28) from rack: small_tip_rack_1
2025-11-11 14:07:27,489 - INFO - Pipetting from vial liquid_source_0, amount: 0.05 mL
2025-11-11 14:07:27,489 - INFO - Additional volume from calibration, amount: 0.004 mL
2025-11-11 14:07:27,489 - DEBUG - Adjusting pump 0 speed to 17
2025-11-11 14:07:30,572 - DEBUG - Aspirating 0.054 mL then waiting 13.959660544809934 s
2025-11-11 14:07:47,031 - DEBUG - Aspirating 0.054 mL then waiting 0 s
2025-11-11 14:07:49,029 - INFO - Pipetting into vial measurement_vial_0, amount: 0.05 mL
2025-11-11 14:07:51,173 - DEBUG - Adjusting pump 0 speed to 23
2025-11-11 14:07:54,644 - DEBUG - Dispensing 0.108 mL then waiting 8.642494642604785 s
2025-11-11 14:08:08,080 - DEBUG - Blowing out 0.075 mL
2025-11-11 14:08:18,172 - INFO - Removing pipet
2025-11-11 14:08:32,074 - DEBUG - Selected small_tip for volume 0.099 mL
2025-11-11 14:08:32,074 - INFO - Getting small_tip (pipet number 29) from rack: small_tip_rack_1
2025-11-11 14:08:34,806 - INFO - Pipetting from vial liquid_source_0, amount: 0.05 mL
2025-11-11 14:08:34,806 - INFO - Additional volume from calibration, amount: 0.004 mL
2025-11-11 14:08:34,806 - DEBUG - Adjusting pump 0 speed to 15
2025-11-11 14:08:37,813 - DEBUG - Aspirating 0.054 mL then waiting 13.632294253696172 s
2025-11-11 14:08:52,753 - DEBUG - Aspirating 0.045 mL then waiting 0 s
2025-11-11 14:08:53,476 - INFO - Pipetting into vial measurement_vial_0, amount: 0.05 mL
2025-11-11 14:08:57,967 - DEBUG - Adjusting pump 0 speed to 26
2025-11-11 14:09:01,422 - DEBUG - Dispensing 0.099 mL then waiting 10.038888856658017 s
2025-11-11 14:09:01,422 - WARNING - Dispense exceeded limit: Dispensing all liquid
2025-11-11 14:09:17,049 - DEBUG - Blowing out 0.069 mL
2025-11-11 14:09:27,574 - INFO - Removing pipet
2025-11-11 14:09:41,215 - DEBUG - Selected small_tip for volume 0.102 mL
2025-11-11 14:09:41,215 - INFO - Getting small_tip (pipet number 30) from rack: small_tip_rack_1
2025-11-11 14:09:43,984 - INFO - Pipetting from vial liquid_source_0, amount: 0.05 mL
2025-11-11 14:09:43,984 - INFO - Additional volume from calibration, amount: 0.004 mL
2025-11-11 14:09:43,984 - DEBUG - Adjusting pump 0 speed to 15
2025-11-11 14:09:46,975 - DEBUG - Aspirating 0.054 mL then waiting 14.113880338711498 s
2025-11-11 14:10:02,410 - DEBUG - Aspirating 0.047 mL then waiting 0 s
2025-11-11 14:10:03,130 - INFO - Pipetting into vial measurement_vial_0, amount: 0.05 mL
2025-11-11 14:10:05,577 - DEBUG - Adjusting pump 0 speed to 27
2025-11-11 14:10:09,032 - DEBUG - Dispensing 0.102 mL then waiting 10.351231713907017 s
2025-11-11 14:10:25,606 - DEBUG - Blowing out 0.079 mL
2025-11-11 14:10:39,374 - INFO - Removing pipet
2025-11-11 14:10:54,044 - DEBUG - Selected small_tip for volume 0.109 mL
2025-11-11 14:10:54,044 - INFO - Getting small_tip (pipet number 31) from rack: small_tip_rack_1
2025-11-11 14:10:56,776 - INFO - Pipetting from vial liquid_source_0, amount: 0.05 mL
2025-11-11 14:10:56,776 - INFO - Additional volume from calibration, amount: 0.004 mL
2025-11-11 14:10:56,776 - DEBUG - Adjusting pump 0 speed to 17
2025-11-11 14:10:59,752 - DEBUG - Aspirating 0.054 mL then waiting 13.940911624809047 s
2025-11-11 14:11:16,194 - DEBUG - Aspirating 0.055 mL then waiting 0 s
2025-11-11 14:11:18,193 - INFO - Pipetting into vial measurement_vial_0, amount: 0.05 mL
2025-11-11 14:11:19,777 - DEBUG - Adjusting pump 0 speed to 23
2025-11-11 14:11:23,200 - DEBUG - Dispensing 0.109 mL then waiting 8.769440848058352 s
2025-11-11 14:11:36,833 - DEBUG - Blowing out 0.073 mL
2025-11-11 14:11:44,777 - INFO - Removing pipet
2025-11-11 14:11:59,295 - DEBUG - Selected small_tip for volume 0.111 mL
2025-11-11 14:11:59,295 - INFO - Getting small_tip (pipet number 32) from rack: small_tip_rack_1
2025-11-11 14:12:02,195 - INFO - Pipetting from vial liquid_source_0, amount: 0.05 mL
2025-11-11 14:12:02,195 - INFO - Additional volume from calibration, amount: 0.004 mL
2025-11-11 14:12:02,195 - DEBUG - Adjusting pump 0 speed to 17
2025-11-11 14:12:05,442 - DEBUG - Aspirating 0.054 mL then waiting 14.038456071401782 s
2025-11-11 14:12:21,997 - DEBUG - Aspirating 0.056 mL then waiting 0 s
2025-11-11 14:12:24,076 - INFO - Pipetting into vial measurement_vial_0, amount: 0.05 mL
2025-11-11 14:12:25,771 - DEBUG - Adjusting pump 0 speed to 23
2025-11-11 14:12:29,226 - DEBUG - Dispensing 0.111 mL then waiting 8.718204443917577 s
2025-11-11 14:12:42,838 - DEBUG - Blowing out 0.085 mL
2025-11-11 14:12:54,578 - INFO - Removing pipet
2025-11-11 14:13:07,654 - DEBUG - Selected small_tip for volume 0.103 mL
2025-11-11 14:13:07,654 - INFO - Getting small_tip (pipet number 33) from rack: small_tip_rack_1
2025-11-11 14:13:10,593 - INFO - Pipetting from vial liquid_source_0, amount: 0.05 mL
2025-11-11 14:13:10,593 - INFO - Additional volume from calibration, amount: 0.004 mL
2025-11-11 14:13:10,593 - DEBUG - Adjusting pump 0 speed to 15
2025-11-11 14:13:13,836 - DEBUG - Aspirating 0.054 mL then waiting 13.896960403518026 s
2025-11-11 14:13:29,047 - DEBUG - Aspirating 0.049 mL then waiting 0 s
2025-11-11 14:13:29,767 - INFO - Pipetting into vial measurement_vial_0, amount: 0.05 mL
2025-11-11 14:13:32,774 - DEBUG - Adjusting pump 0 speed to 27
2025-11-11 14:13:36,196 - DEBUG - Dispensing 0.103 mL then waiting 9.274109557769492 s
2025-11-11 14:13:51,872 - DEBUG - Blowing out 0.071 mL
2025-11-11 14:14:05,372 - INFO - Removing pipet
2025-11-11 14:14:17,479 - DEBUG - Selected small_tip for volume 0.105 mL
2025-11-11 14:14:17,479 - INFO - Getting small_tip (pipet number 34) from rack: small_tip_rack_1
2025-11-11 14:14:20,411 - INFO - Pipetting from vial liquid_source_0, amount: 0.05 mL
2025-11-11 14:14:20,411 - INFO - Additional volume from calibration, amount: 0.004 mL
2025-11-11 14:14:20,411 - DEBUG - Adjusting pump 0 speed to 15
2025-11-11 14:14:23,654 - DEBUG - Aspirating 0.054 mL then waiting 16.11083286273886 s
2025-11-11 14:14:41,168 - DEBUG - Aspirating 0.051 mL then waiting 0 s
2025-11-11 14:14:41,968 - INFO - Pipetting into vial measurement_vial_0, amount: 0.05 mL
2025-11-11 14:14:43,967 - DEBUG - Adjusting pump 0 speed to 26
2025-11-11 14:14:47,422 - DEBUG - Dispensing 0.105 mL then waiting 10.194192817736079 s
2025-11-11 14:15:03,497 - DEBUG - Blowing out 0.081 mL
2025-11-11 14:15:16,373 - INFO - Removing pipet
2025-11-11 14:15:28,827 - DEBUG - Selected small_tip for volume 0.107 mL
2025-11-11 14:15:28,827 - INFO - Getting small_tip (pipet number 35) from rack: small_tip_rack_1
2025-11-11 14:15:31,727 - INFO - Pipetting from vial liquid_source_0, amount: 0.05 mL
2025-11-11 14:15:31,727 - INFO - Additional volume from calibration, amount: 0.004 mL
2025-11-11 14:15:31,727 - DEBUG - Adjusting pump 0 speed to 17
2025-11-11 14:15:34,942 - DEBUG - Aspirating 0.054 mL then waiting 14.021160255991067 s
2025-11-11 14:15:51,465 - DEBUG - Aspirating 0.054 mL then waiting 0 s
2025-11-11 14:15:53,465 - INFO - Pipetting into vial measurement_vial_0, amount: 0.05 mL
2025-11-11 14:15:55,576 - DEBUG - Adjusting pump 0 speed to 23
2025-11-11 14:15:59,031 - DEBUG - Dispensing 0.107 mL then waiting 8.87647294468387 s
2025-11-11 14:16:12,707 - DEBUG - Blowing out 0.071 mL
2025-11-11 14:16:24,575 - INFO - Removing pipet
2025-11-11 14:16:37,821 - DEBUG - Selected small_tip for volume 0.094 mL
2025-11-11 14:16:37,821 - INFO - Getting small_tip (pipet number 36) from rack: small_tip_rack_1
2025-11-11 14:16:40,713 - INFO - Pipetting from vial liquid_source_0, amount: 0.05 mL
2025-11-11 14:16:40,713 - INFO - Additional volume from calibration, amount: 0.003 mL
2025-11-11 14:16:40,713 - DEBUG - Adjusting pump 0 speed to 13
2025-11-11 14:16:43,880 - DEBUG - Aspirating 0.053 mL then waiting 16.584772340833883 s
2025-11-11 14:17:01,715 - DEBUG - Aspirating 0.041 mL then waiting 0 s
2025-11-11 14:17:02,195 - INFO - Pipetting into vial measurement_vial_0, amount: 0.05 mL
2025-11-11 14:17:03,970 - DEBUG - Adjusting pump 0 speed to 23
2025-11-11 14:17:07,425 - DEBUG - Dispensing 0.094 mL then waiting 9.481355861257228 s
2025-11-11 14:17:07,425 - WARNING - Dispense exceeded limit: Dispensing all liquid
2025-11-11 14:17:21,051 - DEBUG - Blowing out 0.085 mL
2025-11-11 14:17:31,178 - INFO - Removing pipet
2025-11-11 14:17:44,890 - DEBUG - Selected small_tip for volume 0.110 mL
2025-11-11 14:17:44,890 - INFO - Getting small_tip (pipet number 37) from rack: small_tip_rack_1
2025-11-11 14:17:47,764 - INFO - Pipetting from vial liquid_source_0, amount: 0.05 mL
2025-11-11 14:17:47,764 - INFO - Additional volume from calibration, amount: 0.004 mL
2025-11-11 14:17:47,764 - DEBUG - Adjusting pump 0 speed to 17
2025-11-11 14:17:50,915 - DEBUG - Aspirating 0.054 mL then waiting 14.043510507624735 s
2025-11-11 14:18:07,486 - DEBUG - Aspirating 0.056 mL then waiting 0 s
2025-11-11 14:18:09,565 - INFO - Pipetting into vial measurement_vial_0, amount: 0.05 mL
2025-11-11 14:18:11,758 - DEBUG - Adjusting pump 0 speed to 23
2025-11-11 14:18:15,211 - DEBUG - Dispensing 0.110 mL then waiting 8.43112084668969 s
2025-11-11 14:18:28,521 - DEBUG - Blowing out 0.065 mL
2025-11-11 14:18:35,573 - INFO - Removing pipet
2025-11-11 14:18:47,941 - DEBUG - Selected small_tip for volume 0.104 mL
2025-11-11 14:18:47,941 - INFO - Getting small_tip (pipet number 38) from rack: small_tip_rack_1
2025-11-11 14:18:50,785 - INFO - Pipetting from vial liquid_source_0, amount: 0.05 mL
2025-11-11 14:18:50,787 - INFO - Additional volume from calibration, amount: 0.004 mL
2025-11-11 14:18:50,787 - DEBUG - Adjusting pump 0 speed to 17
2025-11-11 14:18:53,951 - DEBUG - Aspirating 0.054 mL then waiting 13.934420126553338 s
2025-11-11 14:19:10,409 - DEBUG - Aspirating 0.050 mL then waiting 0 s
2025-11-11 14:19:12,313 - INFO - Pipetting into vial measurement_vial_0, amount: 0.05 mL
2025-11-11 14:19:13,368 - DEBUG - Adjusting pump 0 speed to 23
2025-11-11 14:19:16,823 - DEBUG - Dispensing 0.104 mL then waiting 8.809462875998355 s
2025-11-11 14:19:30,259 - DEBUG - Blowing out 0.074 mL
2025-11-11 14:19:39,168 - INFO - Removing pipet
2025-11-11 14:19:51,867 - DEBUG - Selected small_tip for volume 0.098 mL
2025-11-11 14:19:51,867 - INFO - Getting small_tip (pipet number 39) from rack: small_tip_rack_1
2025-11-11 14:19:54,767 - INFO - Pipetting from vial liquid_source_0, amount: 0.05 mL
2025-11-11 14:19:54,768 - INFO - Additional volume from calibration, amount: 0.003 mL
2025-11-11 14:19:54,768 - DEBUG - Adjusting pump 0 speed to 23
2025-11-11 14:19:57,802 - DEBUG - Aspirating 0.053 mL then waiting 7.999879046206241 s
2025-11-11 14:20:09,159 - DEBUG - Aspirating 0.045 mL then waiting 0 s
2025-11-11 14:20:11,558 - INFO - Pipetting into vial measurement_vial_0, amount: 0.05 mL
2025-11-11 14:20:12,981 - DEBUG - Adjusting pump 0 speed to 19
2025-11-11 14:20:16,420 - DEBUG - Dispensing 0.098 mL then waiting 18.940105001647016 s
2025-11-11 14:20:38,813 - DEBUG - Blowing out 0.060 mL
2025-11-11 14:20:46,971 - INFO - Removing pipet
2025-11-11 14:20:59,732 - DEBUG - Selected small_tip for volume 0.104 mL
2025-11-11 14:20:59,732 - INFO - Getting small_tip (pipet number 40) from rack: small_tip_rack_1
2025-11-11 14:21:02,597 - INFO - Pipetting from vial liquid_source_0, amount: 0.05 mL
2025-11-11 14:21:02,597 - INFO - Additional volume from calibration, amount: 0.004 mL
2025-11-11 14:21:02,597 - DEBUG - Adjusting pump 0 speed to 15
2025-11-11 14:21:05,700 - DEBUG - Aspirating 0.054 mL then waiting 14.327253105068028 s
2025-11-11 14:21:21,359 - DEBUG - Aspirating 0.050 mL then waiting 0 s
2025-11-11 14:21:22,079 - INFO - Pipetting into vial measurement_vial_0, amount: 0.05 mL
2025-11-11 14:21:23,982 - DEBUG - Adjusting pump 0 speed to 27
2025-11-11 14:21:27,421 - DEBUG - Dispensing 0.104 mL then waiting 10.169912737291751 s
2025-11-11 14:21:27,421 - WARNING - Dispense exceeded limit: Dispensing all liquid
2025-11-11 14:21:43,927 - DEBUG - Blowing out 0.071 mL
2025-11-11 14:21:55,172 - INFO - Removing pipet
2025-11-11 14:22:09,457 - DEBUG - Selected small_tip for volume 0.093 mL
2025-11-11 14:22:09,457 - INFO - Getting small_tip (pipet number 41) from rack: small_tip_rack_1
2025-11-11 14:22:12,271 - INFO - Pipetting from vial liquid_source_0, amount: 0.05 mL
2025-11-11 14:22:12,271 - INFO - Additional volume from calibration, amount: 0.003 mL
2025-11-11 14:22:12,271 - DEBUG - Adjusting pump 0 speed to 13
2025-11-11 14:22:15,374 - DEBUG - Aspirating 0.053 mL then waiting 16.360693492608853 s
2025-11-11 14:22:32,984 - DEBUG - Aspirating 0.040 mL then waiting 0 s
2025-11-11 14:22:33,448 - INFO - Pipetting into vial measurement_vial_0, amount: 0.05 mL
2025-11-11 14:22:37,975 - DEBUG - Adjusting pump 0 speed to 23
2025-11-11 14:22:41,430 - DEBUG - Dispensing 0.093 mL then waiting 9.592997140518273 s
2025-11-11 14:22:55,185 - DEBUG - Blowing out 0.086 mL
2025-11-11 14:23:05,182 - INFO - Removing pipet
2025-11-11 14:23:17,125 - DEBUG - Selected small_tip for volume 0.109 mL
2025-11-11 14:23:17,125 - INFO - Getting small_tip (pipet number 42) from rack: small_tip_rack_1
2025-11-11 14:23:19,929 - INFO - Pipetting from vial liquid_source_0, amount: 0.05 mL
2025-11-11 14:23:19,929 - INFO - Additional volume from calibration, amount: 0.004 mL
2025-11-11 14:23:19,929 - DEBUG - Adjusting pump 0 speed to 17
2025-11-11 14:23:23,016 - DEBUG - Aspirating 0.054 mL then waiting 13.925200767350379 s
2025-11-11 14:23:39,443 - DEBUG - Aspirating 0.055 mL then waiting 0 s
2025-11-11 14:23:41,444 - INFO - Pipetting into vial measurement_vial_0, amount: 0.05 mL
2025-11-11 14:23:41,570 - DEBUG - Adjusting pump 0 speed to 23
2025-11-11 14:23:45,009 - DEBUG - Dispensing 0.109 mL then waiting 8.814455263294022 s
2025-11-11 14:23:58,620 - DEBUG - Blowing out 0.077 mL
2025-11-11 14:24:07,977 - INFO - Removing pipet
2025-11-11 14:24:20,046 - DEBUG - Selected small_tip for volume 0.105 mL
2025-11-11 14:24:20,046 - INFO - Getting small_tip (pipet number 43) from rack: small_tip_rack_1
2025-11-11 14:24:22,853 - INFO - Pipetting from vial liquid_source_0, amount: 0.05 mL
2025-11-11 14:24:22,853 - INFO - Additional volume from calibration, amount: 0.004 mL
2025-11-11 14:24:22,853 - DEBUG - Adjusting pump 0 speed to 15
2025-11-11 14:24:25,908 - DEBUG - Aspirating 0.054 mL then waiting 12.777127384546086 s
2025-11-11 14:24:39,999 - DEBUG - Aspirating 0.051 mL then waiting 0 s
2025-11-11 14:24:40,799 - INFO - Pipetting into vial measurement_vial_0, amount: 0.05 mL
2025-11-11 14:24:42,569 - DEBUG - Adjusting pump 0 speed to 27
2025-11-11 14:24:46,029 - DEBUG - Dispensing 0.105 mL then waiting 12.020231324825632 s
2025-11-11 14:25:04,535 - DEBUG - Blowing out 0.054 mL
2025-11-11 14:25:14,980 - INFO - Removing pipet
2025-11-11 14:25:28,518 - DEBUG - Selected small_tip for volume 0.105 mL
2025-11-11 14:25:28,518 - INFO - Getting small_tip (pipet number 44) from rack: small_tip_rack_1
2025-11-11 14:25:31,295 - INFO - Pipetting from vial liquid_source_0, amount: 0.05 mL
2025-11-11 14:25:31,295 - INFO - Additional volume from calibration, amount: 0.004 mL
2025-11-11 14:25:31,295 - DEBUG - Adjusting pump 0 speed to 17
2025-11-11 14:25:34,301 - DEBUG - Aspirating 0.054 mL then waiting 15.31378833883943 s
2025-11-11 14:25:52,216 - DEBUG - Aspirating 0.051 mL then waiting 0 s
2025-11-11 14:25:54,136 - INFO - Pipetting into vial measurement_vial_0, amount: 0.05 mL
2025-11-11 14:25:55,175 - DEBUG - Adjusting pump 0 speed to 28
2025-11-11 14:25:58,614 - DEBUG - Dispensing 0.105 mL then waiting 9.740150629464635 s
2025-11-11 14:25:58,614 - WARNING - Dispense exceeded limit: Dispensing all liquid
2025-11-11 14:26:15,505 - DEBUG - Blowing out 0.075 mL
2025-11-11 14:26:27,181 - INFO - Removing pipet
2025-11-11 14:26:39,858 - DEBUG - Selected small_tip for volume 0.109 mL
2025-11-11 14:26:39,858 - INFO - Getting small_tip (pipet number 45) from rack: small_tip_rack_1
2025-11-11 14:26:42,634 - INFO - Pipetting from vial liquid_source_0, amount: 0.05 mL
2025-11-11 14:26:42,634 - INFO - Additional volume from calibration, amount: 0.005 mL
2025-11-11 14:26:42,634 - DEBUG - Adjusting pump 0 speed to 17
2025-11-11 14:26:45,623 - DEBUG - Aspirating 0.055 mL then waiting 14.02178612726095 s
2025-11-11 14:27:02,194 - DEBUG - Aspirating 0.054 mL then waiting 0 s
2025-11-11 14:27:04,193 - INFO - Pipetting into vial measurement_vial_0, amount: 0.05 mL
2025-11-11 14:27:05,777 - DEBUG - Adjusting pump 0 speed to 22
2025-11-11 14:27:09,215 - DEBUG - Dispensing 0.109 mL then waiting 8.639589118195094 s
2025-11-11 14:27:22,428 - DEBUG - Blowing out 0.071 mL
2025-11-11 14:27:30,985 - INFO - Removing pipet
2025-11-11 14:27:43,084 - DEBUG - Selected small_tip for volume 0.098 mL
2025-11-11 14:27:43,084 - INFO - Getting small_tip (pipet number 46) from rack: small_tip_rack_1
2025-11-11 14:27:45,844 - INFO - Pipetting from vial liquid_source_0, amount: 0.05 mL
2025-11-11 14:27:45,844 - INFO - Additional volume from calibration, amount: 0.003 mL
2025-11-11 14:27:45,844 - DEBUG - Adjusting pump 0 speed to 23
2025-11-11 14:27:48,819 - DEBUG - Aspirating 0.053 mL then waiting 7.999016529308801 s
2025-11-11 14:28:00,223 - DEBUG - Aspirating 0.045 mL then waiting 0 s
2025-11-11 14:28:02,623 - INFO - Pipetting into vial measurement_vial_0, amount: 0.05 mL
2025-11-11 14:28:03,582 - DEBUG - Adjusting pump 0 speed to 19
2025-11-11 14:28:07,053 - DEBUG - Dispensing 0.098 mL then waiting 15.999728040608323 s
2025-11-11 14:28:07,053 - WARNING - Dispense exceeded limit: Dispensing all liquid
2025-11-11 14:28:26,487 - DEBUG - Blowing out 0.081 mL
2025-11-11 14:28:36,180 - INFO - Removing pipet
2025-11-11 14:28:48,206 - DEBUG - Selected small_tip for volume 0.109 mL
2025-11-11 14:28:48,206 - INFO - Getting small_tip (pipet number 47) from rack: small_tip_rack_1
2025-11-11 14:28:50,943 - INFO - Pipetting from vial liquid_source_0, amount: 0.05 mL
2025-11-11 14:28:50,943 - INFO - Additional volume from calibration, amount: 0.004 mL
2025-11-11 14:28:50,943 - DEBUG - Adjusting pump 0 speed to 17
2025-11-11 14:28:53,870 - DEBUG - Aspirating 0.054 mL then waiting 14.052494513988558 s
2025-11-11 14:29:10,472 - DEBUG - Aspirating 0.055 mL then waiting 0 s
2025-11-11 14:29:12,476 - INFO - Pipetting into vial measurement_vial_0, amount: 0.05 mL
2025-11-11 14:29:12,583 - DEBUG - Adjusting pump 0 speed to 22
2025-11-11 14:29:16,039 - DEBUG - Dispensing 0.109 mL then waiting 8.588936188681652 s
2025-11-11 14:29:16,039 - WARNING - Dispense exceeded limit: Dispensing all liquid
2025-11-11 14:29:29,106 - DEBUG - Blowing out 0.071 mL
2025-11-11 14:29:37,584 - INFO - Removing pipet
2025-11-11 14:29:50,108 - DEBUG - Selected small_tip for volume 0.108 mL
2025-11-11 14:29:50,108 - INFO - Getting small_tip (pipet number 0) from rack: small_tip_rack_2
2025-11-11 14:29:53,052 - INFO - Pipetting from vial liquid_source_0, amount: 0.05 mL
2025-11-11 14:29:53,054 - INFO - Additional volume from calibration, amount: 0.004 mL
2025-11-11 14:29:53,054 - DEBUG - Adjusting pump 0 speed to 17
2025-11-11 14:29:55,738 - DEBUG - Aspirating 0.054 mL then waiting 14.086394493644672 s
2025-11-11 14:30:12,292 - DEBUG - Aspirating 0.054 mL then waiting 0 s
2025-11-11 14:30:14,292 - INFO - Pipetting into vial measurement_vial_0, amount: 0.05 mL
2025-11-11 14:30:16,371 - DEBUG - Adjusting pump 0 speed to 23
2025-11-11 14:30:19,826 - DEBUG - Dispensing 0.108 mL then waiting 8.591562067744979 s
2025-11-11 14:30:33,230 - DEBUG - Blowing out 0.073 mL
2025-11-11 14:30:41,179 - INFO - Removing pipet
2025-11-11 14:30:54,370 - DEBUG - Selected small_tip for volume 0.095 mL
2025-11-11 14:30:54,370 - INFO - Getting small_tip (pipet number 1) from rack: small_tip_rack_2
2025-11-11 14:30:57,302 - INFO - Pipetting from vial liquid_source_0, amount: 0.05 mL
2025-11-11 14:30:57,302 - INFO - Additional volume from calibration, amount: 0.003 mL
2025-11-11 14:30:57,302 - DEBUG - Adjusting pump 0 speed to 13
2025-11-11 14:31:00,004 - DEBUG - Aspirating 0.053 mL then waiting 16.7401007728617 s
2025-11-11 14:31:17,984 - DEBUG - Aspirating 0.042 mL then waiting 0 s
2025-11-11 14:31:18,464 - INFO - Pipetting into vial measurement_vial_0, amount: 0.05 mL
2025-11-11 14:31:21,775 - DEBUG - Adjusting pump 0 speed to 23
2025-11-11 14:31:25,230 - DEBUG - Dispensing 0.095 mL then waiting 9.81020975645015 s
2025-11-11 14:31:25,230 - WARNING - Dispense exceeded limit: Dispensing all liquid
2025-11-11 14:31:39,280 - DEBUG - Blowing out 0.087 mL
2025-11-11 14:31:49,777 - INFO - Removing pipet
2025-11-11 14:32:01,717 - DEBUG - Selected small_tip for volume 0.098 mL
2025-11-11 14:32:01,717 - INFO - Getting small_tip (pipet number 2) from rack: small_tip_rack_2
2025-11-11 14:32:04,674 - INFO - Pipetting from vial liquid_source_0, amount: 0.05 mL
2025-11-11 14:32:04,676 - INFO - Additional volume from calibration, amount: 0.004 mL
2025-11-11 14:32:04,676 - DEBUG - Adjusting pump 0 speed to 31
2025-11-11 14:32:07,376 - DEBUG - Aspirating 0.054 mL then waiting 6.507875369918901 s
2025-11-11 14:32:20,779 - DEBUG - Aspirating 0.044 mL then waiting 0 s
2025-11-11 14:32:26,010 - INFO - Pipetting into vial measurement_vial_0, amount: 0.05 mL
2025-11-11 14:32:27,577 - DEBUG - Adjusting pump 0 speed to 13
2025-11-11 14:32:31,000 - DEBUG - Dispensing 0.098 mL then waiting 19.28986587501191 s
2025-11-11 14:32:51,106 - DEBUG - Blowing out 0.163 mL
2025-11-11 14:32:55,984 - INFO - Removing pipet
2025-11-11 14:33:08,302 - DEBUG - Selected small_tip for volume 0.098 mL
2025-11-11 14:33:08,302 - INFO - Getting small_tip (pipet number 3) from rack: small_tip_rack_2
2025-11-11 14:33:11,227 - INFO - Pipetting from vial liquid_source_0, amount: 0.05 mL
2025-11-11 14:33:11,227 - INFO - Additional volume from calibration, amount: 0.004 mL
2025-11-11 14:33:11,227 - DEBUG - Adjusting pump 0 speed to 31
2025-11-11 14:33:13,931 - DEBUG - Aspirating 0.054 mL then waiting 6.507336860631426 s
2025-11-11 14:33:27,366 - DEBUG - Aspirating 0.044 mL then waiting 0 s
2025-11-11 14:33:32,564 - INFO - Pipetting into vial measurement_vial_0, amount: 0.05 mL
2025-11-11 14:33:32,772 - DEBUG - Adjusting pump 0 speed to 13
2025-11-11 14:33:36,227 - DEBUG - Dispensing 0.098 mL then waiting 19.289609196279667 s
2025-11-11 14:33:56,333 - DEBUG - Blowing out 0.183 mL
2025-11-11 14:34:01,371 - INFO - Removing pipet
2025-11-11 14:34:14,392 - DEBUG - Selected small_tip for volume 0.109 mL
2025-11-11 14:34:14,392 - INFO - Getting small_tip (pipet number 4) from rack: small_tip_rack_2
2025-11-11 14:34:17,302 - INFO - Pipetting from vial liquid_source_0, amount: 0.05 mL
2025-11-11 14:34:17,302 - INFO - Additional volume from calibration, amount: 0.004 mL
2025-11-11 14:34:17,302 - DEBUG - Adjusting pump 0 speed to 17
2025-11-11 14:34:20,005 - DEBUG - Aspirating 0.054 mL then waiting 14.236130105734876 s
2025-11-11 14:34:36,816 - DEBUG - Aspirating 0.055 mL then waiting 0 s
2025-11-11 14:34:38,799 - INFO - Pipetting into vial measurement_vial_0, amount: 0.05 mL
2025-11-11 14:34:41,183 - DEBUG - Adjusting pump 0 speed to 23
2025-11-11 14:34:44,605 - DEBUG - Dispensing 0.109 mL then waiting 8.733845803566902 s
2025-11-11 14:34:58,153 - DEBUG - Blowing out 0.069 mL
2025-11-11 14:35:06,774 - INFO - Removing pipet
2025-11-11 14:35:19,244 - DEBUG - Selected small_tip for volume 0.098 mL
2025-11-11 14:35:19,260 - INFO - Getting small_tip (pipet number 5) from rack: small_tip_rack_2
2025-11-11 14:35:22,115 - INFO - Pipetting from vial liquid_source_0, amount: 0.05 mL
2025-11-11 14:35:22,117 - INFO - Additional volume from calibration, amount: 0.003 mL
2025-11-11 14:35:22,117 - DEBUG - Adjusting pump 0 speed to 23
2025-11-11 14:35:24,688 - DEBUG - Aspirating 0.053 mL then waiting 8.000027989622684 s
2025-11-11 14:35:35,997 - DEBUG - Aspirating 0.045 mL then waiting 0 s
2025-11-11 14:35:38,364 - INFO - Pipetting into vial measurement_vial_0, amount: 0.05 mL
2025-11-11 14:35:38,572 - DEBUG - Adjusting pump 0 speed to 19
2025-11-11 14:35:42,011 - DEBUG - Dispensing 0.098 mL then waiting 15.998806686183649 s
2025-11-11 14:36:01,461 - DEBUG - Blowing out 0.033 mL
2025-11-11 14:36:07,379 - INFO - Removing pipet
2025-11-11 14:36:19,401 - DEBUG - Selected small_tip for volume 0.101 mL
2025-11-11 14:36:19,401 - INFO - Getting small_tip (pipet number 6) from rack: small_tip_rack_2
2025-11-11 14:36:22,320 - INFO - Pipetting from vial liquid_source_0, amount: 0.05 mL
2025-11-11 14:36:22,322 - INFO - Additional volume from calibration, amount: 0.004 mL
2025-11-11 14:36:22,322 - DEBUG - Adjusting pump 0 speed to 28
2025-11-11 14:36:25,053 - DEBUG - Aspirating 0.054 mL then waiting 9.995771998074776 s
2025-11-11 14:36:39,752 - DEBUG - Aspirating 0.047 mL then waiting 0 s
2025-11-11 14:36:43,431 - INFO - Pipetting into vial measurement_vial_0, amount: 0.05 mL
2025-11-11 14:36:43,567 - DEBUG - Adjusting pump 0 speed to 21
2025-11-11 14:36:46,998 - DEBUG - Dispensing 0.101 mL then waiting 15.341537832788607 s
2025-11-11 14:37:06,300 - DEBUG - Blowing out 0.141 mL
2025-11-11 14:37:18,380 - INFO - Removing pipet
2025-11-11 14:37:30,820 - DEBUG - Selected small_tip for volume 0.101 mL
2025-11-11 14:37:30,820 - INFO - Getting small_tip (pipet number 7) from rack: small_tip_rack_2
2025-11-11 14:37:33,639 - INFO - Pipetting from vial liquid_source_0, amount: 0.05 mL
2025-11-11 14:37:33,639 - INFO - Additional volume from calibration, amount: 0.0 mL
2025-11-11 14:37:33,639 - DEBUG - Adjusting pump 0 speed to 15
2025-11-11 14:37:36,373 - DEBUG - Aspirating 0.050 mL then waiting 16.086344879720794 s
2025-11-11 14:37:53,824 - DEBUG - Aspirating 0.051 mL then waiting 0 s
2025-11-11 14:37:54,544 - INFO - Pipetting into vial measurement_vial_0, amount: 0.05 mL
2025-11-11 14:37:57,583 - DEBUG - Adjusting pump 0 speed to 26
2025-11-11 14:38:01,038 - DEBUG - Dispensing 0.101 mL then waiting 10.179419514503637 s
2025-11-11 14:38:16,841 - DEBUG - Blowing out 0.081 mL
2025-11-11 14:38:29,173 - INFO - Removing pipet
2025-11-11 14:38:41,616 - DEBUG - Selected small_tip for volume 0.104 mL
2025-11-11 14:38:41,616 - INFO - Getting small_tip (pipet number 8) from rack: small_tip_rack_2
2025-11-11 14:38:44,432 - INFO - Pipetting from vial liquid_source_0, amount: 0.05 mL
2025-11-11 14:38:44,432 - INFO - Additional volume from calibration, amount: 0.004 mL
2025-11-11 14:38:44,432 - DEBUG - Adjusting pump 0 speed to 15
2025-11-11 14:38:47,135 - DEBUG - Aspirating 0.054 mL then waiting 14.249254837257185 s
2025-11-11 14:39:02,714 - DEBUG - Aspirating 0.050 mL then waiting 0 s
2025-11-11 14:39:03,434 - INFO - Pipetting into vial measurement_vial_0, amount: 0.05 mL
2025-11-11 14:39:05,577 - DEBUG - Adjusting pump 0 speed to 27
2025-11-11 14:39:09,048 - DEBUG - Dispensing 0.104 mL then waiting 10.370509973878832 s
2025-11-11 14:39:09,048 - WARNING - Dispense exceeded limit: Dispensing all liquid
2025-11-11 14:39:25,784 - DEBUG - Blowing out 0.073 mL
2025-11-11 14:39:37,775 - INFO - Removing pipet
2025-11-11 14:39:52,138 - DEBUG - Selected small_tip for volume 0.111 mL
2025-11-11 14:39:52,138 - INFO - Getting small_tip (pipet number 9) from rack: small_tip_rack_2
2025-11-11 14:39:54,985 - INFO - Pipetting from vial liquid_source_0, amount: 0.05 mL
2025-11-11 14:39:54,985 - INFO - Additional volume from calibration, amount: 0.006 mL
2025-11-11 14:39:54,985 - DEBUG - Adjusting pump 0 speed to 14
2025-11-11 14:39:57,704 - DEBUG - Aspirating 0.056 mL then waiting 13.379937845089204 s
2025-11-11 14:40:12,244 - DEBUG - Aspirating 0.055 mL then waiting 0 s
2025-11-11 14:40:12,883 - INFO - Pipetting into vial measurement_vial_0, amount: 0.05 mL
2025-11-11 14:40:15,986 - DEBUG - Adjusting pump 0 speed to 23
2025-11-11 14:40:19,409 - DEBUG - Dispensing 0.111 mL then waiting 8.907174445615132 s
2025-11-11 14:40:33,261 - DEBUG - Blowing out 0.073 mL
2025-11-11 14:40:41,179 - INFO - Removing pipet
2025-11-11 14:40:54,671 - DEBUG - Selected small_tip for volume 0.111 mL
2025-11-11 14:40:54,671 - INFO - Getting small_tip (pipet number 10) from rack: small_tip_rack_2
2025-11-11 14:40:57,477 - INFO - Pipetting from vial liquid_source_0, amount: 0.05 mL
2025-11-11 14:40:57,477 - INFO - Additional volume from calibration, amount: 0.006 mL
2025-11-11 14:40:57,477 - DEBUG - Adjusting pump 0 speed to 17
2025-11-11 14:41:00,164 - DEBUG - Aspirating 0.056 mL then waiting 13.034962631124715 s
2025-11-11 14:41:15,743 - DEBUG - Aspirating 0.055 mL then waiting 0 s
2025-11-11 14:41:17,743 - INFO - Pipetting into vial measurement_vial_0, amount: 0.05 mL
2025-11-11 14:41:19,774 - DEBUG - Adjusting pump 0 speed to 23
2025-11-11 14:41:23,197 - DEBUG - Dispensing 0.111 mL then waiting 8.942220415732411 s
2025-11-11 14:41:23,197 - WARNING - Dispense exceeded limit: Dispensing all liquid
2025-11-11 14:41:37,049 - DEBUG - Blowing out 0.073 mL
2025-11-11 14:41:47,973 - INFO - Removing pipet
2025-11-11 14:42:01,894 - DEBUG - Selected small_tip for volume 0.098 mL
2025-11-11 14:42:01,894 - INFO - Getting small_tip (pipet number 11) from rack: small_tip_rack_2
2025-11-11 14:42:04,640 - INFO - Pipetting from vial liquid_source_0, amount: 0.05 mL
2025-11-11 14:42:04,640 - INFO - Additional volume from calibration, amount: 0.003 mL
2025-11-11 14:42:04,640 - DEBUG - Adjusting pump 0 speed to 23
2025-11-11 14:42:07,231 - DEBUG - Aspirating 0.053 mL then waiting 6.659737418679321 s
2025-11-11 14:42:17,212 - DEBUG - Aspirating 0.045 mL then waiting 0 s
2025-11-11 14:42:19,611 - INFO - Pipetting into vial measurement_vial_0, amount: 0.05 mL
2025-11-11 14:42:21,578 - DEBUG - Adjusting pump 0 speed to 19
2025-11-11 14:42:25,001 - DEBUG - Dispensing 0.098 mL then waiting 15.997888498430147 s
2025-11-11 14:42:44,579 - INFO - Removing pipet
2025-11-11 14:42:47,926 - DEBUG - Selected small_tip for volume 0.121 mL
2025-11-11 14:42:47,926 - INFO - Getting small_tip (pipet number 12) from rack: small_tip_rack_2
2025-11-11 14:42:50,627 - INFO - Pipetting from vial liquid_source_0, amount: 0.05 mL
2025-11-11 14:42:50,629 - INFO - Additional volume from calibration, amount: 0.015 mL
2025-11-11 14:42:50,629 - DEBUG - Adjusting pump 0 speed to 17
2025-11-11 14:42:53,328 - DEBUG - Aspirating 0.065 mL then waiting 13.940911624809047 s
2025-11-11 14:43:10,155 - DEBUG - Aspirating 0.055 mL then waiting 0 s
2025-11-11 14:43:12,154 - INFO - Pipetting into vial measurement_vial_0, amount: 0.05 mL
2025-11-11 14:43:12,378 - DEBUG - Adjusting pump 0 speed to 23
2025-11-11 14:43:15,817 - DEBUG - Dispensing 0.121 mL then waiting 8.769440848058352 s
2025-11-11 14:43:29,956 - DEBUG - Blowing out 0.073 mL
2025-11-11 14:43:39,377 - INFO - Removing pipet
2025-11-11 14:43:42,724 - DEBUG - Selected small_tip for volume 0.121 mL
2025-11-11 14:43:42,724 - INFO - Getting small_tip (pipet number 13) from rack: small_tip_rack_2
2025-11-11 14:43:45,423 - INFO - Pipetting from vial liquid_source_0, amount: 0.05 mL
2025-11-11 14:43:45,423 - INFO - Additional volume from calibration, amount: 0.015 mL
2025-11-11 14:43:45,423 - DEBUG - Adjusting pump 0 speed to 17
2025-11-11 14:43:48,126 - DEBUG - Aspirating 0.065 mL then waiting 13.940911624809047 s
2025-11-11 14:44:04,937 - DEBUG - Aspirating 0.055 mL then waiting 0 s
2025-11-11 14:44:06,936 - INFO - Pipetting into vial measurement_vial_0, amount: 0.05 mL
2025-11-11 14:44:07,176 - DEBUG - Adjusting pump 0 speed to 23
2025-11-11 14:44:10,631 - DEBUG - Dispensing 0.121 mL then waiting 8.769440848058352 s
2025-11-11 14:44:24,770 - DEBUG - Blowing out 0.073 mL
2025-11-11 14:44:32,576 - INFO - Removing pipet
2025-11-11 14:44:35,935 - DEBUG - Selected small_tip for volume 0.121 mL
2025-11-11 14:44:35,935 - INFO - Getting small_tip (pipet number 14) from rack: small_tip_rack_2
2025-11-11 14:44:38,606 - INFO - Pipetting from vial liquid_source_0, amount: 0.05 mL
2025-11-11 14:44:38,606 - INFO - Additional volume from calibration, amount: 0.015 mL
2025-11-11 14:44:38,606 - DEBUG - Adjusting pump 0 speed to 17
2025-11-11 14:44:41,309 - DEBUG - Aspirating 0.065 mL then waiting 13.940911624809047 s
2025-11-11 14:44:58,119 - DEBUG - Aspirating 0.055 mL then waiting 0 s
2025-11-11 14:45:00,117 - INFO - Pipetting into vial measurement_vial_0, amount: 0.05 mL
2025-11-11 14:45:01,974 - DEBUG - Adjusting pump 0 speed to 23
2025-11-11 14:45:05,429 - DEBUG - Dispensing 0.121 mL then waiting 8.769440848058352 s
2025-11-11 14:45:19,520 - DEBUG - Blowing out 0.073 mL
2025-11-11 14:45:30,589 - INFO - Removing pipet
2025-11-11 14:45:33,903 - DEBUG - Selected small_tip for volume 0.050 mL
2025-11-11 14:45:33,915 - DEBUG - Selected small_tip for volume 0.109 mL
2025-11-11 14:45:33,915 - INFO - Getting small_tip (pipet number 15) from rack: small_tip_rack_2
2025-11-11 14:45:36,543 - INFO - Pipetting from vial liquid_source_0, amount: 0.05 mL
2025-11-11 14:45:36,543 - INFO - Additional volume from calibration, amount: 0.003 mL
2025-11-11 14:45:36,543 - DEBUG - Adjusting pump 0 speed to 17
2025-11-11 14:45:39,226 - DEBUG - Aspirating 0.053 mL then waiting 13.940911624809047 s
2025-11-11 14:45:55,716 - DEBUG - Aspirating 0.055 mL then waiting 0 s
2025-11-11 14:45:57,784 - INFO - Pipetting into vial measurement_vial_0, amount: 0.05 mL
2025-11-11 14:45:57,988 - DEBUG - Adjusting pump 0 speed to 23
2025-11-11 14:46:01,427 - DEBUG - Dispensing 0.109 mL then waiting 8.769440848058352 s
2025-11-11 14:46:15,006 - DEBUG - Blowing out 0.034 mL
2025-11-11 14:46:19,389 - INFO - Removing pipet
2025-11-11 14:46:22,737 - DEBUG - Selected small_tip for volume 0.120 mL
2025-11-11 14:46:22,738 - INFO - Getting small_tip (pipet number 16) from rack: small_tip_rack_2
2025-11-11 14:46:25,611 - INFO - Pipetting from vial liquid_source_0, amount: 0.05 mL
2025-11-11 14:46:25,611 - INFO - Additional volume from calibration, amount: 0.015 mL
2025-11-11 14:46:25,611 - DEBUG - Adjusting pump 0 speed to 17
2025-11-11 14:46:28,218 - DEBUG - Aspirating 0.065 mL then waiting 13.940911624809047 s
2025-11-11 14:46:45,029 - DEBUG - Aspirating 0.055 mL then waiting 0 s
2025-11-11 14:46:47,032 - INFO - Pipetting into vial measurement_vial_0, amount: 0.05 mL
2025-11-11 14:46:49,587 - DEBUG - Adjusting pump 0 speed to 23
2025-11-11 14:46:53,042 - DEBUG - Dispensing 0.120 mL then waiting 8.769440848058352 s
2025-11-11 14:47:07,101 - DEBUG - Blowing out 0.179 mL
2025-11-11 14:47:23,976 - INFO - Removing pipet
2025-11-11 14:47:27,306 - DEBUG - Selected small_tip for volume 0.120 mL
2025-11-11 14:47:27,306 - INFO - Getting small_tip (pipet number 17) from rack: small_tip_rack_2
2025-11-11 14:47:30,166 - INFO - Pipetting from vial liquid_source_0, amount: 0.05 mL
2025-11-11 14:47:30,166 - INFO - Additional volume from calibration, amount: 0.015 mL
2025-11-11 14:47:30,166 - DEBUG - Adjusting pump 0 speed to 17
2025-11-11 14:47:32,773 - DEBUG - Aspirating 0.065 mL then waiting 13.940911624809047 s
2025-11-11 14:47:49,599 - DEBUG - Aspirating 0.055 mL then waiting 0 s
2025-11-11 14:47:51,603 - INFO - Pipetting into vial measurement_vial_0, amount: 0.05 mL
2025-11-11 14:47:52,975 - DEBUG - Adjusting pump 0 speed to 23
2025-11-11 14:47:56,397 - DEBUG - Dispensing 0.120 mL then waiting 8.769440848058352 s
2025-11-11 14:48:10,457 - DEBUG - Blowing out 0.179 mL
2025-11-11 14:48:27,380 - INFO - Removing pipet
2025-11-11 14:48:30,710 - DEBUG - Selected small_tip for volume 0.120 mL
2025-11-11 14:48:30,710 - INFO - Getting small_tip (pipet number 18) from rack: small_tip_rack_2
2025-11-11 14:48:33,590 - INFO - Pipetting from vial liquid_source_0, amount: 0.05 mL
2025-11-11 14:48:33,590 - INFO - Additional volume from calibration, amount: 0.015 mL
2025-11-11 14:48:33,590 - DEBUG - Adjusting pump 0 speed to 17
2025-11-11 14:48:36,225 - DEBUG - Aspirating 0.065 mL then waiting 13.940911624809047 s
2025-11-11 14:48:53,052 - DEBUG - Aspirating 0.055 mL then waiting 0 s
2025-11-11 14:48:55,051 - INFO - Pipetting into vial measurement_vial_0, amount: 0.05 mL
2025-11-11 14:48:56,378 - DEBUG - Adjusting pump 0 speed to 23
2025-11-11 14:48:59,849 - DEBUG - Dispensing 0.120 mL then waiting 8.769440848058352 s
2025-11-11 14:49:13,957 - DEBUG - Blowing out 0.179 mL
2025-11-11 14:49:30,975 - INFO - Removing pipet
2025-11-11 14:49:34,341 - DEBUG - Selected small_tip for volume 0.115 mL
2025-11-11 14:49:34,341 - INFO - Getting small_tip (pipet number 19) from rack: small_tip_rack_2
2025-11-11 14:49:37,185 - INFO - Pipetting from vial liquid_source_0, amount: 0.05 mL
2025-11-11 14:49:37,185 - INFO - Additional volume from calibration, amount: 0.01 mL
2025-11-11 14:49:37,185 - DEBUG - Adjusting pump 0 speed to 17
2025-11-11 14:49:39,852 - DEBUG - Aspirating 0.060 mL then waiting 13.940911624809047 s
2025-11-11 14:49:56,487 - DEBUG - Aspirating 0.055 mL then waiting 0 s
2025-11-11 14:49:58,566 - INFO - Pipetting into vial measurement_vial_0, amount: 0.05 mL
2025-11-11 14:50:00,790 - DEBUG - Adjusting pump 0 speed to 23
2025-11-11 14:50:04,261 - DEBUG - Dispensing 0.115 mL then waiting 8.769440848058352 s
2025-11-11 14:50:04,261 - WARNING - Dispense exceeded limit: Dispensing all liquid
2025-11-11 14:50:18,144 - DEBUG - Blowing out 0.097 mL
2025-11-11 14:50:28,988 - INFO - Removing pipet
2025-11-11 14:50:32,331 - DEBUG - Selected small_tip for volume 0.115 mL
2025-11-11 14:50:32,331 - INFO - Getting small_tip (pipet number 20) from rack: small_tip_rack_2
2025-11-11 14:50:35,146 - INFO - Pipetting from vial liquid_source_0, amount: 0.05 mL
2025-11-11 14:50:35,146 - INFO - Additional volume from calibration, amount: 0.01 mL
2025-11-11 14:50:35,146 - DEBUG - Adjusting pump 0 speed to 17
2025-11-11 14:50:37,785 - DEBUG - Aspirating 0.060 mL then waiting 13.940911624809047 s
2025-11-11 14:50:54,452 - DEBUG - Aspirating 0.055 mL then waiting 0 s
2025-11-11 14:50:56,453 - INFO - Pipetting into vial measurement_vial_0, amount: 0.05 mL
2025-11-11 14:50:57,987 - DEBUG - Adjusting pump 0 speed to 23
2025-11-11 14:51:01,410 - DEBUG - Dispensing 0.115 mL then waiting 8.769440848058352 s
2025-11-11 14:51:01,410 - WARNING - Dispense exceeded limit: Dispensing all liquid
2025-11-11 14:51:15,299 - DEBUG - Blowing out 0.097 mL
2025-11-11 14:51:25,178 - INFO - Removing pipet
2025-11-11 14:51:28,537 - DEBUG - Selected small_tip for volume 0.115 mL
2025-11-11 14:51:28,537 - INFO - Getting small_tip (pipet number 21) from rack: small_tip_rack_2
2025-11-11 14:51:31,354 - INFO - Pipetting from vial liquid_source_0, amount: 0.05 mL
2025-11-11 14:51:31,356 - INFO - Additional volume from calibration, amount: 0.01 mL
2025-11-11 14:51:31,356 - DEBUG - Adjusting pump 0 speed to 17
2025-11-11 14:51:34,039 - DEBUG - Aspirating 0.060 mL then waiting 13.940911624809047 s
2025-11-11 14:51:50,690 - DEBUG - Aspirating 0.055 mL then waiting 0 s
2025-11-11 14:51:52,689 - INFO - Pipetting into vial measurement_vial_0, amount: 0.05 mL
2025-11-11 14:51:54,785 - DEBUG - Adjusting pump 0 speed to 23
2025-11-11 14:51:58,224 - DEBUG - Dispensing 0.115 mL then waiting 8.769440848058352 s
2025-11-11 14:51:58,224 - WARNING - Dispense exceeded limit: Dispensing all liquid
2025-11-11 14:52:12,107 - DEBUG - Blowing out 0.097 mL
2025-11-11 14:52:21,976 - INFO - Removing pipet
2025-11-11 14:52:31,315 - DEBUG - Selected small_tip for volume 0.119 mL
2025-11-11 14:52:31,315 - INFO - Getting small_tip (pipet number 22) from rack: small_tip_rack_2
2025-11-11 14:52:34,134 - INFO - Pipetting from vial liquid_source_0, amount: 0.05 mL
2025-11-11 14:52:34,136 - INFO - Additional volume from calibration, amount: 0.014 mL
2025-11-11 14:52:34,136 - DEBUG - Adjusting pump 0 speed to 17
2025-11-11 14:52:36,835 - DEBUG - Aspirating 0.064 mL then waiting 13.940911624809047 s
2025-11-11 14:52:53,662 - DEBUG - Aspirating 0.055 mL then waiting 0 s
2025-11-11 14:52:55,661 - INFO - Pipetting into vial measurement_vial_0, amount: 0.05 mL
2025-11-11 14:52:55,789 - DEBUG - Adjusting pump 0 speed to 23
2025-11-11 14:52:59,212 - DEBUG - Dispensing 0.119 mL then waiting 8.769440848058352 s
2025-11-11 14:53:13,272 - DEBUG - Blowing out 0.087 mL
2025-11-11 14:53:23,588 - INFO - Removing pipet
2025-11-11 14:53:26,947 - DEBUG - Selected small_tip for volume 0.119 mL
2025-11-11 14:53:26,947 - INFO - Getting small_tip (pipet number 23) from rack: small_tip_rack_2
2025-11-11 14:53:29,746 - INFO - Pipetting from vial liquid_source_0, amount: 0.05 mL
2025-11-11 14:53:29,746 - INFO - Additional volume from calibration, amount: 0.014 mL
2025-11-11 14:53:29,746 - DEBUG - Adjusting pump 0 speed to 17
2025-11-11 14:53:32,434 - DEBUG - Aspirating 0.064 mL then waiting 13.940911624809047 s
2025-11-11 14:53:49,244 - DEBUG - Aspirating 0.055 mL then waiting 0 s
2025-11-11 14:53:51,307 - INFO - Pipetting into vial measurement_vial_0, amount: 0.05 mL
2025-11-11 14:53:54,378 - DEBUG - Adjusting pump 0 speed to 23
2025-11-11 14:53:57,817 - DEBUG - Dispensing 0.119 mL then waiting 8.769440848058352 s
2025-11-11 14:54:11,861 - DEBUG - Blowing out 0.087 mL
2025-11-11 14:54:23,377 - INFO - Removing pipet
2025-11-11 14:54:26,720 - DEBUG - Selected small_tip for volume 0.119 mL
2025-11-11 14:54:26,720 - INFO - Getting small_tip (pipet number 24) from rack: small_tip_rack_2
2025-11-11 14:54:29,519 - INFO - Pipetting from vial liquid_source_0, amount: 0.05 mL
2025-11-11 14:54:29,523 - INFO - Additional volume from calibration, amount: 0.014 mL
2025-11-11 14:54:29,523 - DEBUG - Adjusting pump 0 speed to 17
2025-11-11 14:54:32,222 - DEBUG - Aspirating 0.064 mL then waiting 13.940911624809047 s
2025-11-11 14:54:49,049 - DEBUG - Aspirating 0.055 mL then waiting 0 s
2025-11-11 14:54:51,080 - INFO - Pipetting into vial measurement_vial_0, amount: 0.05 mL
2025-11-11 14:54:52,584 - DEBUG - Adjusting pump 0 speed to 23
2025-11-11 14:54:56,039 - DEBUG - Dispensing 0.119 mL then waiting 8.769440848058352 s
2025-11-11 14:55:10,071 - DEBUG - Blowing out 0.087 mL
2025-11-11 14:55:21,791 - INFO - Removing pipet
2025-11-11 14:55:25,150 - DEBUG - Selected small_tip for volume 0.096 mL
2025-11-11 14:55:25,150 - INFO - Getting small_tip (pipet number 25) from rack: small_tip_rack_2
2025-11-11 14:55:27,869 - INFO - Pipetting from vial liquid_source_0, amount: 0.025 mL
2025-11-11 14:55:27,869 - INFO - Additional volume from calibration, amount: 0.015 mL
2025-11-11 14:55:27,873 - DEBUG - Adjusting pump 0 speed to 17
2025-11-11 14:55:30,540 - DEBUG - Aspirating 0.040 mL then waiting 13.940911624809047 s
2025-11-11 14:55:46,647 - DEBUG - Aspirating 0.055 mL then waiting 0 s
2025-11-11 14:55:48,646 - INFO - Pipetting into vial measurement_vial_0, amount: 0.025 mL
2025-11-11 14:55:50,390 - DEBUG - Adjusting pump 0 speed to 23
2025-11-11 14:55:53,828 - DEBUG - Dispensing 0.096 mL then waiting 8.769440848058352 s
2025-11-11 14:56:06,848 - DEBUG - Blowing out 0.073 mL
2025-11-11 14:56:16,189 - INFO - Removing pipet
2025-11-11 14:56:19,516 - DEBUG - Selected small_tip for volume 0.096 mL
2025-11-11 14:56:19,516 - INFO - Getting small_tip (pipet number 26) from rack: small_tip_rack_2
2025-11-11 14:56:22,219 - INFO - Pipetting from vial liquid_source_0, amount: 0.025 mL
2025-11-11 14:56:22,219 - INFO - Additional volume from calibration, amount: 0.015 mL
2025-11-11 14:56:22,219 - DEBUG - Adjusting pump 0 speed to 17
2025-11-11 14:56:24,858 - DEBUG - Aspirating 0.040 mL then waiting 13.940911624809047 s
2025-11-11 14:56:40,965 - DEBUG - Aspirating 0.055 mL then waiting 0 s
2025-11-11 14:56:42,965 - INFO - Pipetting into vial measurement_vial_0, amount: 0.025 mL
2025-11-11 14:56:45,988 - DEBUG - Adjusting pump 0 speed to 23
2025-11-11 14:56:49,410 - DEBUG - Dispensing 0.096 mL then waiting 8.769440848058352 s
2025-11-11 14:57:02,478 - DEBUG - Blowing out 0.073 mL
2025-11-11 14:57:12,587 - INFO - Removing pipet
2025-11-11 14:57:15,934 - DEBUG - Selected small_tip for volume 0.096 mL
2025-11-11 14:57:15,934 - INFO - Getting small_tip (pipet number 27) from rack: small_tip_rack_2
2025-11-11 14:57:18,616 - INFO - Pipetting from vial liquid_source_0, amount: 0.025 mL
2025-11-11 14:57:18,616 - INFO - Additional volume from calibration, amount: 0.015 mL
2025-11-11 14:57:18,616 - DEBUG - Adjusting pump 0 speed to 17
2025-11-11 14:57:21,256 - DEBUG - Aspirating 0.040 mL then waiting 13.940911624809047 s
2025-11-11 14:57:37,379 - DEBUG - Aspirating 0.055 mL then waiting 0 s
2025-11-11 14:57:39,382 - INFO - Pipetting into vial measurement_vial_0, amount: 0.025 mL
2025-11-11 14:57:41,378 - DEBUG - Adjusting pump 0 speed to 23
2025-11-11 14:57:44,801 - DEBUG - Dispensing 0.096 mL then waiting 8.769440848058352 s
2025-11-11 14:57:57,821 - DEBUG - Blowing out 0.073 mL
2025-11-11 14:58:08,985 - INFO - Removing pipet
2025-11-11 14:58:12,380 - DEBUG - Selected small_tip for volume 0.171 mL
2025-11-11 14:58:12,380 - INFO - Getting small_tip (pipet number 28) from rack: small_tip_rack_2
2025-11-11 14:58:15,032 - INFO - Pipetting from vial liquid_source_0, amount: 0.1 mL
2025-11-11 14:58:15,035 - INFO - Additional volume from calibration, amount: 0.015 mL
2025-11-11 14:58:15,035 - DEBUG - Adjusting pump 0 speed to 17
2025-11-11 14:58:17,670 - DEBUG - Aspirating 0.115 mL then waiting 13.940911624809047 s
2025-11-11 14:58:36,016 - DEBUG - Aspirating 0.055 mL then waiting 0 s
2025-11-11 14:58:38,016 - INFO - Pipetting into vial measurement_vial_0, amount: 0.1 mL
2025-11-11 14:58:40,177 - DEBUG - Adjusting pump 0 speed to 23
2025-11-11 14:58:43,613 - DEBUG - Dispensing 0.171 mL then waiting 8.769440848058352 s
2025-11-11 14:58:59,881 - DEBUG - Blowing out 0.073 mL
2025-11-11 14:59:11,189 - INFO - Removing pipet
2025-11-11 14:59:14,532 - DEBUG - Selected small_tip for volume 0.171 mL
2025-11-11 14:59:14,532 - INFO - Getting small_tip (pipet number 29) from rack: small_tip_rack_2
2025-11-11 14:59:17,171 - INFO - Pipetting from vial liquid_source_0, amount: 0.1 mL
2025-11-11 14:59:17,171 - INFO - Additional volume from calibration, amount: 0.015 mL
2025-11-11 14:59:17,171 - DEBUG - Adjusting pump 0 speed to 17
2025-11-11 14:59:19,810 - DEBUG - Aspirating 0.115 mL then waiting 13.940911624809047 s
2025-11-11 14:59:38,156 - DEBUG - Aspirating 0.055 mL then waiting 0 s
2025-11-11 14:59:40,220 - INFO - Pipetting into vial measurement_vial_0, amount: 0.1 mL
2025-11-11 14:59:40,379 - DEBUG - Adjusting pump 0 speed to 23
2025-11-11 14:59:43,802 - DEBUG - Dispensing 0.171 mL then waiting 8.769440848058352 s
2025-11-11 15:00:00,090 - DEBUG - Blowing out 0.073 mL
2025-11-11 15:00:12,993 - INFO - Removing pipet
2025-11-11 15:00:16,303 - DEBUG - Selected small_tip for volume 0.171 mL
2025-11-11 15:00:16,303 - INFO - Getting small_tip (pipet number 30) from rack: small_tip_rack_2
2025-11-11 15:00:18,896 - INFO - Pipetting from vial liquid_source_0, amount: 0.1 mL
2025-11-11 15:00:18,898 - INFO - Additional volume from calibration, amount: 0.015 mL
2025-11-11 15:00:18,898 - DEBUG - Adjusting pump 0 speed to 17
2025-11-11 15:00:21,534 - DEBUG - Aspirating 0.115 mL then waiting 13.940911624809047 s
2025-11-11 15:00:39,864 - DEBUG - Aspirating 0.055 mL then waiting 0 s
2025-11-11 15:00:41,863 - INFO - Pipetting into vial measurement_vial_0, amount: 0.1 mL
2025-11-11 15:00:41,991 - DEBUG - Adjusting pump 0 speed to 23
2025-11-11 15:00:45,446 - DEBUG - Dispensing 0.171 mL then waiting 8.769440848058352 s
2025-11-11 15:01:01,669 - DEBUG - Blowing out 0.073 mL
2025-11-11 15:01:11,582 - INFO - Removing pipet
2025-11-11 15:01:14,893 - DEBUG - Selected small_tip for volume 0.087 mL
2025-11-11 15:01:14,893 - INFO - Getting small_tip (pipet number 31) from rack: small_tip_rack_2
2025-11-11 15:01:17,456 - INFO - Pipetting from vial liquid_source_0, amount: 0.025 mL
2025-11-11 15:01:17,456 - INFO - Additional volume from calibration, amount: 0.007 mL
2025-11-11 15:01:17,456 - DEBUG - Adjusting pump 0 speed to 17
2025-11-11 15:01:20,075 - DEBUG - Aspirating 0.032 mL then waiting 13.940911624809047 s
2025-11-11 15:01:35,974 - DEBUG - Aspirating 0.055 mL then waiting 0 s
2025-11-11 15:01:38,025 - INFO - Pipetting into vial measurement_vial_0, amount: 0.025 mL
2025-11-11 15:01:39,781 - DEBUG - Adjusting pump 0 speed to 23
2025-11-11 15:01:43,204 - DEBUG - Dispensing 0.087 mL then waiting 8.769440848058352 s
2025-11-11 15:01:43,204 - WARNING - Dispense exceeded limit: Dispensing all liquid
2025-11-11 15:01:55,861 - DEBUG - Blowing out 0.073 mL
2025-11-11 15:02:03,789 - INFO - Removing pipet
2025-11-11 15:02:07,152 - DEBUG - Selected small_tip for volume 0.087 mL
2025-11-11 15:02:07,152 - INFO - Getting small_tip (pipet number 32) from rack: small_tip_rack_2
2025-11-11 15:02:09,965 - INFO - Pipetting from vial liquid_source_0, amount: 0.025 mL
2025-11-11 15:02:09,967 - INFO - Additional volume from calibration, amount: 0.007 mL
2025-11-11 15:02:09,967 - DEBUG - Adjusting pump 0 speed to 17
2025-11-11 15:02:12,522 - DEBUG - Aspirating 0.032 mL then waiting 13.940911624809047 s
2025-11-11 15:02:28,374 - DEBUG - Aspirating 0.055 mL then waiting 0 s
2025-11-11 15:02:30,373 - INFO - Pipetting into vial measurement_vial_0, amount: 0.025 mL
2025-11-11 15:02:32,180 - DEBUG - Adjusting pump 0 speed to 23
2025-11-11 15:02:35,635 - DEBUG - Dispensing 0.087 mL then waiting 8.769440848058352 s
2025-11-11 15:02:35,635 - WARNING - Dispense exceeded limit: Dispensing all liquid
2025-11-11 15:02:48,324 - DEBUG - Blowing out 0.073 mL
2025-11-11 15:02:56,189 - INFO - Removing pipet
2025-11-11 15:02:59,536 - DEBUG - Selected small_tip for volume 0.087 mL
2025-11-11 15:02:59,536 - INFO - Getting small_tip (pipet number 33) from rack: small_tip_rack_2
2025-11-11 15:03:02,315 - INFO - Pipetting from vial liquid_source_0, amount: 0.025 mL
2025-11-11 15:03:02,315 - INFO - Additional volume from calibration, amount: 0.007 mL
2025-11-11 15:03:02,315 - DEBUG - Adjusting pump 0 speed to 17
2025-11-11 15:03:04,874 - DEBUG - Aspirating 0.032 mL then waiting 13.940911624809047 s
2025-11-11 15:03:20,773 - DEBUG - Aspirating 0.055 mL then waiting 0 s
2025-11-11 15:03:22,772 - INFO - Pipetting into vial measurement_vial_0, amount: 0.025 mL
2025-11-11 15:03:22,980 - DEBUG - Adjusting pump 0 speed to 23
2025-11-11 15:03:26,451 - DEBUG - Dispensing 0.087 mL then waiting 8.769440848058352 s
2025-11-11 15:03:26,452 - WARNING - Dispense exceeded limit: Dispensing all liquid
2025-11-11 15:03:39,123 - DEBUG - Blowing out 0.073 mL
2025-11-11 15:03:47,788 - INFO - Removing pipet
2025-11-11 15:03:51,135 - DEBUG - Selected small_tip for volume 0.025 mL
2025-11-11 15:03:51,144 - DEBUG - Selected small_tip for volume 0.083 mL
2025-11-11 15:03:51,144 - INFO - Getting small_tip (pipet number 34) from rack: small_tip_rack_2
2025-11-11 15:03:53,966 - INFO - Pipetting from vial liquid_source_0, amount: 0.025 mL
2025-11-11 15:03:53,966 - INFO - Additional volume from calibration, amount: 0.002 mL
2025-11-11 15:03:53,966 - DEBUG - Adjusting pump 0 speed to 17
2025-11-11 15:03:56,537 - DEBUG - Aspirating 0.027 mL then waiting 13.940911624809047 s
2025-11-11 15:04:12,228 - DEBUG - Aspirating 0.055 mL then waiting 0 s
2025-11-11 15:04:14,291 - INFO - Pipetting into vial measurement_vial_0, amount: 0.025 mL
2025-11-11 15:04:16,787 - DEBUG - Adjusting pump 0 speed to 23
2025-11-11 15:04:20,208 - DEBUG - Dispensing 0.083 mL then waiting 8.769440848058352 s
2025-11-11 15:04:32,670 - DEBUG - Blowing out 0.034 mL
2025-11-11 15:04:37,980 - INFO - Removing pipet
2025-11-11 15:04:41,328 - DEBUG - Selected small_tip for volume 0.092 mL
2025-11-11 15:04:41,328 - INFO - Getting small_tip (pipet number 35) from rack: small_tip_rack_2
2025-11-11 15:04:44,122 - INFO - Pipetting from vial liquid_source_0, amount: 0.025 mL
2025-11-11 15:04:44,122 - INFO - Additional volume from calibration, amount: 0.011 mL
2025-11-11 15:04:44,122 - DEBUG - Adjusting pump 0 speed to 17
2025-11-11 15:04:46,697 - DEBUG - Aspirating 0.036 mL then waiting 13.940911624809047 s
2025-11-11 15:05:02,676 - DEBUG - Aspirating 0.055 mL then waiting 0 s
2025-11-11 15:05:04,676 - INFO - Pipetting into vial measurement_vial_0, amount: 0.025 mL
2025-11-11 15:05:06,787 - DEBUG - Adjusting pump 0 speed to 23
2025-11-11 15:05:10,208 - DEBUG - Dispensing 0.092 mL then waiting 8.769440848058352 s
2025-11-11 15:05:10,210 - WARNING - Dispense exceeded limit: Dispensing all liquid
2025-11-11 15:05:23,054 - DEBUG - Blowing out 0.179 mL
2025-11-11 15:05:39,992 - INFO - Removing pipet
2025-11-11 15:05:49,277 - DEBUG - Selected small_tip for volume 0.088 mL
2025-11-11 15:05:49,277 - INFO - Getting small_tip (pipet number 36) from rack: small_tip_rack_2
2025-11-11 15:05:52,036 - INFO - Pipetting from vial liquid_source_0, amount: 0.025 mL
2025-11-11 15:05:52,036 - INFO - Additional volume from calibration, amount: 0.008 mL
2025-11-11 15:05:52,036 - DEBUG - Adjusting pump 0 speed to 17
2025-11-11 15:05:54,628 - DEBUG - Aspirating 0.033 mL then waiting 13.940911624809047 s
2025-11-11 15:06:10,527 - DEBUG - Aspirating 0.055 mL then waiting 0 s
2025-11-11 15:06:12,526 - INFO - Pipetting into vial measurement_vial_0, amount: 0.025 mL
2025-11-11 15:06:14,589 - DEBUG - Adjusting pump 0 speed to 23
2025-11-11 15:06:18,060 - DEBUG - Dispensing 0.088 mL then waiting 8.769440848058352 s
2025-11-11 15:06:30,749 - DEBUG - Blowing out 0.200 mL
2025-11-11 15:06:49,394 - INFO - Removing pipet
2025-11-11 15:06:58,545 - DEBUG - Selected small_tip for volume 0.080 mL
2025-11-11 15:06:58,545 - INFO - Getting small_tip (pipet number 37) from rack: small_tip_rack_2
2025-11-11 15:07:01,278 - INFO - Pipetting from vial liquid_source_0, amount: 0.025 mL
2025-11-11 15:07:01,278 - INFO - Additional volume from calibration, amount: 0.0 mL
2025-11-11 15:07:01,278 - DEBUG - Adjusting pump 0 speed to 17
2025-11-11 15:07:03,837 - DEBUG - Aspirating 0.025 mL then waiting 13.940911624809047 s
2025-11-11 15:07:19,480 - DEBUG - Aspirating 0.055 mL then waiting 0 s
2025-11-11 15:07:21,479 - INFO - Pipetting into vial measurement_vial_0, amount: 0.025 mL
2025-11-11 15:07:22,982 - DEBUG - Adjusting pump 0 speed to 23
2025-11-11 15:07:26,438 - DEBUG - Dispensing 0.080 mL then waiting 8.769440848058352 s
2025-11-11 15:07:38,802 - DEBUG - Blowing out 0.176 mL
2025-11-11 15:07:55,580 - INFO - Removing pipet
2025-11-11 15:08:04,518 - DEBUG - Selected small_tip for volume 0.092 mL
2025-11-11 15:08:04,518 - INFO - Getting small_tip (pipet number 38) from rack: small_tip_rack_2
2025-11-11 15:08:07,275 - INFO - Pipetting from vial liquid_source_0, amount: 0.025 mL
2025-11-11 15:08:07,276 - INFO - Additional volume from calibration, amount: 0.012 mL
2025-11-11 15:08:07,276 - DEBUG - Adjusting pump 0 speed to 17
2025-11-11 15:08:09,895 - DEBUG - Aspirating 0.037 mL then waiting 13.940911624809047 s
2025-11-11 15:08:25,858 - DEBUG - Aspirating 0.055 mL then waiting 0 s
2025-11-11 15:08:27,922 - INFO - Pipetting into vial measurement_vial_0, amount: 0.025 mL
2025-11-11 15:08:29,393 - DEBUG - Adjusting pump 0 speed to 23
2025-11-11 15:08:32,816 - DEBUG - Dispensing 0.092 mL then waiting 8.769440848058352 s
2025-11-11 15:08:32,816 - WARNING - Dispense exceeded limit: Dispensing all liquid
2025-11-11 15:08:45,665 - DEBUG - Blowing out 0.200 mL
2025-11-11 15:09:04,390 - INFO - Removing pipet
2025-11-11 15:09:07,734 - DEBUG - Selected small_tip for volume 0.188 mL
2025-11-11 15:09:07,734 - INFO - Getting small_tip (pipet number 39) from rack: small_tip_rack_2
2025-11-11 15:09:10,468 - INFO - Pipetting from vial liquid_source_0, amount: 0.1 mL
2025-11-11 15:09:10,468 - INFO - Additional volume from calibration, amount: 0.032 mL
2025-11-11 15:09:10,468 - DEBUG - Adjusting pump 0 speed to 17
2025-11-11 15:09:13,075 - DEBUG - Aspirating 0.132 mL then waiting 13.940911624809047 s
2025-11-11 15:09:31,965 - DEBUG - Aspirating 0.055 mL then waiting 0 s
2025-11-11 15:09:33,964 - INFO - Pipetting into vial measurement_vial_0, amount: 0.1 mL
2025-11-11 15:09:35,580 - DEBUG - Adjusting pump 0 speed to 23
2025-11-11 15:09:39,003 - DEBUG - Dispensing 0.188 mL then waiting 8.769440848058352 s
2025-11-11 15:09:56,005 - DEBUG - Blowing out 0.073 mL
2025-11-11 15:10:08,785 - INFO - Removing pipet
2025-11-11 15:10:12,165 - DEBUG - Selected small_tip for volume 0.188 mL
2025-11-11 15:10:12,165 - INFO - Getting small_tip (pipet number 40) from rack: small_tip_rack_2
2025-11-11 15:10:14,847 - INFO - Pipetting from vial liquid_source_0, amount: 0.1 mL
2025-11-11 15:10:14,847 - INFO - Additional volume from calibration, amount: 0.032 mL
2025-11-11 15:10:14,847 - DEBUG - Adjusting pump 0 speed to 17
2025-11-11 15:10:17,422 - DEBUG - Aspirating 0.132 mL then waiting 13.940911624809047 s
2025-11-11 15:10:36,264 - DEBUG - Aspirating 0.055 mL then waiting 0 s
2025-11-11 15:10:38,264 - INFO - Pipetting into vial measurement_vial_0, amount: 0.1 mL
2025-11-11 15:10:38,391 - DEBUG - Adjusting pump 0 speed to 23
2025-11-11 15:10:41,830 - DEBUG - Dispensing 0.188 mL then waiting 8.769440848058352 s
2025-11-11 15:10:58,785 - DEBUG - Blowing out 0.073 mL
2025-11-11 15:11:11,389 - INFO - Removing pipet
2025-11-11 15:11:14,753 - DEBUG - Selected small_tip for volume 0.188 mL
2025-11-11 15:11:14,753 - INFO - Getting small_tip (pipet number 41) from rack: small_tip_rack_2
2025-11-11 15:11:17,406 - INFO - Pipetting from vial liquid_source_0, amount: 0.1 mL
2025-11-11 15:11:17,406 - INFO - Additional volume from calibration, amount: 0.032 mL
2025-11-11 15:11:17,406 - DEBUG - Adjusting pump 0 speed to 17
2025-11-11 15:11:20,026 - DEBUG - Aspirating 0.132 mL then waiting 13.940911624809047 s
2025-11-11 15:11:38,884 - DEBUG - Aspirating 0.055 mL then waiting 0 s
2025-11-11 15:11:40,884 - INFO - Pipetting into vial measurement_vial_0, amount: 0.1 mL
2025-11-11 15:11:42,595 - DEBUG - Adjusting pump 0 speed to 23
2025-11-11 15:11:46,018 - DEBUG - Dispensing 0.188 mL then waiting 8.769440848058352 s
2025-11-11 15:12:03,037 - DEBUG - Blowing out 0.073 mL
2025-11-11 15:12:14,793 - INFO - Removing pipet
2025-11-11 15:12:18,136 - DEBUG - Selected small_tip for volume 0.100 mL
2025-11-11 15:12:18,149 - DEBUG - Selected small_tip for volume 0.163 mL
2025-11-11 15:12:18,149 - INFO - Getting small_tip (pipet number 42) from rack: small_tip_rack_2
2025-11-11 15:12:20,839 - INFO - Pipetting from vial liquid_source_0, amount: 0.1 mL
2025-11-11 15:12:20,843 - INFO - Additional volume from calibration, amount: 0.007 mL
2025-11-11 15:12:20,843 - DEBUG - Adjusting pump 0 speed to 17
2025-11-11 15:12:23,462 - DEBUG - Aspirating 0.107 mL then waiting 13.940911624809047 s
2025-11-11 15:12:41,584 - DEBUG - Aspirating 0.055 mL then waiting 0 s
2025-11-11 15:12:43,583 - INFO - Pipetting into vial measurement_vial_0, amount: 0.1 mL
2025-11-11 15:12:44,783 - DEBUG - Adjusting pump 0 speed to 23
2025-11-11 15:12:48,238 - DEBUG - Dispensing 0.163 mL then waiting 8.769440848058352 s
2025-11-11 15:13:04,201 - DEBUG - Blowing out 0.034 mL
2025-11-11 15:13:09,591 - INFO - Removing pipet
2025-11-11 15:13:12,954 - DEBUG - Selected small_tip for volume 0.191 mL
2025-11-11 15:13:12,954 - INFO - Getting small_tip (pipet number 43) from rack: small_tip_rack_2
2025-11-11 15:13:15,589 - INFO - Pipetting from vial liquid_source_0, amount: 0.1 mL
2025-11-11 15:13:15,589 - INFO - Additional volume from calibration, amount: 0.035 mL
2025-11-11 15:13:15,589 - DEBUG - Adjusting pump 0 speed to 17
2025-11-11 15:13:18,196 - DEBUG - Aspirating 0.135 mL then waiting 13.940911624809047 s
2025-11-11 15:13:37,182 - DEBUG - Aspirating 0.055 mL then waiting 0 s
2025-11-11 15:13:39,183 - INFO - Pipetting into vial measurement_vial_0, amount: 0.1 mL
2025-11-11 15:13:40,589 - DEBUG - Adjusting pump 0 speed to 23
2025-11-11 15:13:44,027 - DEBUG - Dispensing 0.191 mL then waiting 8.769440848058352 s
2025-11-11 15:14:01,142 - DEBUG - Blowing out 0.179 mL
2025-11-11 15:14:20,192 - INFO - Removing pipet
2025-11-11 15:14:23,583 - DEBUG - Selected small_tip for volume 0.191 mL
2025-11-11 15:14:23,583 - INFO - Getting small_tip (pipet number 44) from rack: small_tip_rack_2
2025-11-11 15:14:26,190 - INFO - Pipetting from vial liquid_source_0, amount: 0.1 mL
2025-11-11 15:14:26,190 - INFO - Additional volume from calibration, amount: 0.035 mL
2025-11-11 15:14:26,190 - DEBUG - Adjusting pump 0 speed to 17
2025-11-11 15:14:28,781 - DEBUG - Aspirating 0.135 mL then waiting 13.940911624809047 s
2025-11-11 15:14:47,767 - DEBUG - Aspirating 0.055 mL then waiting 0 s
2025-11-11 15:14:49,766 - INFO - Pipetting into vial measurement_vial_0, amount: 0.1 mL
2025-11-11 15:14:49,983 - DEBUG - Adjusting pump 0 speed to 23
2025-11-11 15:14:53,429 - DEBUG - Dispensing 0.191 mL then waiting 8.769440848058352 s
2025-11-11 15:15:10,575 - DEBUG - Blowing out 0.179 mL
2025-11-11 15:15:28,986 - INFO - Removing pipet
2025-11-11 15:15:32,366 - DEBUG - Selected small_tip for volume 0.191 mL
2025-11-11 15:15:32,366 - INFO - Getting small_tip (pipet number 45) from rack: small_tip_rack_2
2025-11-11 15:15:34,952 - INFO - Pipetting from vial liquid_source_0, amount: 0.1 mL
2025-11-11 15:15:34,952 - INFO - Additional volume from calibration, amount: 0.035 mL
2025-11-11 15:15:34,952 - DEBUG - Adjusting pump 0 speed to 17
2025-11-11 15:15:37,511 - DEBUG - Aspirating 0.135 mL then waiting 13.940911624809047 s
2025-11-11 15:15:56,481 - DEBUG - Aspirating 0.055 mL then waiting 0 s
2025-11-11 15:15:58,481 - INFO - Pipetting into vial measurement_vial_0, amount: 0.1 mL
2025-11-11 15:15:59,792 - DEBUG - Adjusting pump 0 speed to 23
2025-11-11 15:16:03,279 - DEBUG - Dispensing 0.191 mL then waiting 8.769440848058352 s
2025-11-11 15:16:20,414 - DEBUG - Blowing out 0.179 mL
2025-11-11 15:16:37,396 - INFO - Removing pipet
2025-11-11 15:16:40,744 - DEBUG - Selected small_tip for volume 0.180 mL
2025-11-11 15:16:40,744 - INFO - Getting small_tip (pipet number 46) from rack: small_tip_rack_2
2025-11-11 15:16:43,318 - INFO - Pipetting from vial liquid_source_0, amount: 0.1 mL
2025-11-11 15:16:43,318 - INFO - Additional volume from calibration, amount: 0.024 mL
2025-11-11 15:16:43,318 - DEBUG - Adjusting pump 0 speed to 17
2025-11-11 15:16:45,921 - DEBUG - Aspirating 0.124 mL then waiting 13.940911624809047 s
2025-11-11 15:17:04,491 - DEBUG - Aspirating 0.055 mL then waiting 0 s
2025-11-11 15:17:06,542 - INFO - Pipetting into vial measurement_vial_0, amount: 0.1 mL
2025-11-11 15:17:06,794 - DEBUG - Adjusting pump 0 speed to 23
2025-11-11 15:17:10,265 - DEBUG - Dispensing 0.180 mL then waiting 8.769440848058352 s
2025-11-11 15:17:10,265 - WARNING - Dispense exceeded limit: Dispensing all liquid
2025-11-11 15:17:26,931 - DEBUG - Blowing out 0.097 mL
2025-11-11 15:17:38,384 - INFO - Removing pipet
2025-11-11 15:17:47,519 - DEBUG - Selected small_tip for volume 0.193 mL
2025-11-11 15:17:47,535 - INFO - Getting small_tip (pipet number 47) from rack: small_tip_rack_2
2025-11-11 15:17:50,047 - INFO - Pipetting from vial liquid_source_0, amount: 0.1 mL
2025-11-11 15:17:50,047 - INFO - Additional volume from calibration, amount: 0.037 mL
2025-11-11 15:17:50,049 - DEBUG - Adjusting pump 0 speed to 17
2025-11-11 15:17:52,571 - DEBUG - Aspirating 0.137 mL then waiting 13.940911624809047 s
2025-11-11 15:18:11,557 - DEBUG - Aspirating 0.055 mL then waiting 0 s
2025-11-11 15:18:13,557 - INFO - Pipetting into vial measurement_vial_0, amount: 0.1 mL
2025-11-11 15:18:15,188 - DEBUG - Adjusting pump 0 speed to 23
2025-11-11 15:18:18,643 - DEBUG - Dispensing 0.193 mL then waiting 8.769440848058352 s
2025-11-11 15:18:18,643 - WARNING - Dispense exceeded limit: Dispensing all liquid
2025-11-11 15:18:35,822 - DEBUG - Blowing out 0.072 mL
2025-11-11 15:18:47,386 - INFO - Removing pipet
