2026-04-21 18:34:52,979 - DEBUG - No workflow config provided - using default initialization
2026-04-21 18:34:52,979 - INFO - GUI disabled - skipping status review, proceeding directly to hardware initialization
2026-04-21 18:34:53,380 - INFO - Initializing North Robot...
2026-04-21 18:34:53,381 - DEBUG - Loading robot configuration files...
2026-04-21 18:34:53,397 - DEBUG - Loaded vial positions configuration from robot_state/vial_positions.yaml
2026-04-21 18:34:53,399 - DEBUG - Loaded pipet tips configuration from robot_state/pipet_tips.yaml
2026-04-21 18:34:53,403 - DEBUG - Loaded pipet racks configuration from robot_state/pipet_racks.yaml
2026-04-21 18:34:53,406 - DEBUG - Loaded pump configuration from robot_state/syringe_pumps.yaml
2026-04-21 18:34:53,409 - DEBUG - Loaded robot hardware configuration from robot_state/robot_hardware.yaml
2026-04-21 18:34:53,415 - DEBUG - Loaded wellplate properties configuration from robot_state/wellplates.yaml
2026-04-21 18:34:53,415 - DEBUG - Loading robot state files...
2026-04-21 18:34:53,417 - DEBUG - Loaded vial data from status/calibration_vials_short.csv
2026-04-21 18:34:53,426 - DEBUG - Loaded robot status from robot_state/robot_status.yaml
2026-04-21 18:34:53,430 - DEBUG - Loaded wellplate positions from robot_state/wellplates.yaml
2026-04-21 18:34:53,430 - DEBUG - Robot status loaded successfully
2026-04-21 18:34:53,430 - INFO - Physical initialization of North Robot...
2026-04-21 18:34:56,948 - DEBUG - Loading pumps from YAML configuration...
2026-04-21 18:34:57,043 - DEBUG - Loaded pump 0: volume=1.0mL, speed=11, liquid=None
2026-04-21 18:34:57,153 - DEBUG - Loaded pump 1: volume=2.5mL, speed=15, liquid=water
2026-04-21 18:34:57,153 - INFO - Moving robot to home position
2026-04-21 18:34:57,558 - DEBUG - Initializing centrifuge controller...
2026-04-21 18:34:57,558 - INFO - Initializing North Track...
2026-04-21 18:34:57,558 - DEBUG - Loading track status from file: robot_state/track_status.yaml
2026-04-21 18:34:57,558 - DEBUG - Getting track status from file: robot_state/track_status.yaml
2026-04-21 18:34:57,561 - DEBUG - Loaded track status from robot_state/track_status.yaml
2026-04-21 18:34:57,561 - DEBUG - Loading track positions from: robot_state/track_positions.yaml
2026-04-21 18:34:57,567 - DEBUG - Loaded track positions configuration from robot_state/track_positions.yaml
2026-04-21 18:34:57,567 - DEBUG - Loading robot hardware configuration from: robot_state/robot_hardware.yaml
2026-04-21 18:34:57,571 - DEBUG - Loaded robot hardware configuration from robot_state/robot_hardware.yaml
2026-04-21 18:34:57,574 - DEBUG - Loaded wellplate properties configuration from robot_state/wellplates.yaml
2026-04-21 18:34:57,645 - DEBUG - Moving North Track to home position
2026-04-21 18:34:57,645 - DEBUG - Detected origin position (0,0) - setting location to 'origin'
2026-04-21 18:34:57,646 - DEBUG - Updated gripper location to: origin at position {'x': 0, 'z': 0}
2026-04-21 18:34:57,648 - INFO - Moving vial PVA_DMSO to clamp: 0
2026-04-21 18:34:57,648 - DEBUG - Grabbing vial 3 with index 3
2026-04-21 18:34:59,722 - DEBUG - Dropping off vial 3 at location clamp with index 0
2026-04-21 18:35:12,846 - INFO - Vial PVA_DMSO already at clamp index 0, no move needed
2026-04-21 18:35:12,944 - DEBUG - Applied dict param aspirate_speed=22
2026-04-21 18:35:12,944 - DEBUG - Applied dict param dispense_speed=9
2026-04-21 18:35:12,944 - DEBUG - Applied dict param aspirate_wait_time=1.6
2026-04-21 18:35:12,944 - DEBUG - Applied dict param dispense_wait_time=3.6
2026-04-21 18:35:12,944 - DEBUG - Applied dict param pre_asp_air_vol=0.0
2026-04-21 18:35:12,944 - DEBUG - Applied dict param retract_speed=5.0
2026-04-21 18:35:12,944 - DEBUG - Applied dict param blowout_vol=0.179
2026-04-21 18:35:12,944 - DEBUG - Applied dict param post_asp_air_vol=0.0
2026-04-21 18:35:12,944 - DEBUG - Applied dict param post_retract_wait_time=0.0
2026-04-21 18:35:12,944 - DEBUG - Applied dict param overaspirate_vol=0.0046
2026-04-21 18:35:12,944 - DEBUG - Applied dict param asp_disp_cycles=0
2026-04-21 18:35:12,945 - DEBUG - Selected small_tip for volume 0.050 mL
2026-04-21 18:35:12,946 - INFO - Getting small_tip (pipet number 0) from rack: small_tip_rack_1
2026-04-21 18:35:18,053 - INFO - Pipetting from vial PVA_DMSO, amount: 0.050 mL
2026-04-21 18:35:18,054 - INFO - Additional volume from calibration, amount: 0.005 mL
2026-04-21 18:35:18,055 - DEBUG - Adjusting pump 0 speed to 10
2026-04-21 18:35:20,437 - DEBUG - Adjusting pump 0 speed to 22
2026-04-21 18:35:21,469 - DEBUG - Aspirating 0.055 mL then waiting 1.6 s
2026-04-21 18:35:26,420 - DEBUG - Applied dict param aspirate_speed=22
2026-04-21 18:35:26,420 - DEBUG - Applied dict param dispense_speed=9
2026-04-21 18:35:26,420 - DEBUG - Applied dict param aspirate_wait_time=1.6
2026-04-21 18:35:26,420 - DEBUG - Applied dict param dispense_wait_time=3.6
2026-04-21 18:35:26,420 - DEBUG - Applied dict param pre_asp_air_vol=0.0
2026-04-21 18:35:26,420 - DEBUG - Applied dict param retract_speed=5.0
2026-04-21 18:35:26,420 - DEBUG - Applied dict param blowout_vol=0.179
2026-04-21 18:35:26,420 - DEBUG - Applied dict param post_asp_air_vol=0.0
2026-04-21 18:35:26,420 - DEBUG - Applied dict param post_retract_wait_time=0.0
2026-04-21 18:35:26,420 - DEBUG - Applied dict param overaspirate_vol=0.0046
2026-04-21 18:35:26,420 - DEBUG - Applied dict param asp_disp_cycles=0
2026-04-21 18:35:26,421 - INFO - Pipetting into vial PVA_DMSO, amount: 0.050 mL
2026-04-21 18:35:26,423 - DEBUG - Adjusting pump 0 speed to 9
2026-04-21 18:35:28,267 - INFO - Short wait time (1.0s), allowing scale to settle after robot positioning...
2026-04-21 18:35:29,278 - INFO - Started continuous mass monitoring with pre-dispense baseline
2026-04-21 18:35:29,542 - DEBUG - Mass: 15.3223g at 0.000s (baseline_pre) steady=False
2026-04-21 18:35:29,944 - DEBUG - Mass: 15.3223g at 0.472s (baseline_pre) steady=True
2026-04-21 18:35:30,345 - DEBUG - Mass: 15.3223g at 0.879s (baseline_pre) steady=True
2026-04-21 18:35:30,744 - DEBUG - Mass: 15.3223g at 1.270s (baseline_pre) steady=True
2026-04-21 18:35:31,144 - DEBUG - Mass: 15.3223g at 1.675s (baseline_pre) steady=True
2026-04-21 18:35:31,295 - DEBUG - Dispensing 0.055 mL then waiting 3.6 s
2026-04-21 18:35:31,544 - DEBUG - Mass: 15.3223g at 2.080s (dispensing) steady=True
2026-04-21 18:35:31,685 - DEBUG - Blowing out 0.179 mL
2026-04-21 18:35:31,685 - DEBUG - Adjusting pump 0 speed to 5
2026-04-21 18:35:31,942 - DEBUG - Mass: 15.3564g at 2.471s (dispensing) steady=False
2026-04-21 18:35:32,343 - DEBUG - Mass: 15.3828g at 2.878s (dispensing) steady=False
2026-04-21 18:35:32,743 - DEBUG - Mass: 15.3780g at 3.267s (dispensing) steady=False
2026-04-21 18:35:33,142 - DEBUG - Mass: 15.3778g at 3.673s (dispensing) steady=False
2026-04-21 18:35:33,218 - DEBUG - Adjusting pump 0 speed to 9
2026-04-21 18:35:33,542 - DEBUG - Mass: 15.3777g at 4.066s (dispensing) steady=False
2026-04-21 18:35:33,942 - DEBUG - Mass: 15.3802g at 4.476s (dispensing) steady=False
2026-04-21 18:35:34,342 - DEBUG - Mass: 15.3827g at 4.867s (dispensing) steady=False
2026-04-21 18:35:34,742 - DEBUG - Mass: 15.3798g at 5.276s (dispensing) steady=False
2026-04-21 18:35:35,143 - DEBUG - Mass: 15.3785g at 5.669s (dispensing) steady=False
2026-04-21 18:35:35,542 - DEBUG - Mass: 15.3775g at 6.079s (dispensing) steady=False
2026-04-21 18:35:35,942 - DEBUG - Mass: 15.3773g at 6.470s (dispensing) steady=False
2026-04-21 18:35:36,343 - DEBUG - Mass: 15.3774g at 6.877s (dispensing) steady=False
2026-04-21 18:35:36,745 - DEBUG - Mass: 15.3779g at 7.267s (dispensing) steady=True
2026-04-21 18:35:37,144 - DEBUG - Mass: 15.3779g at 7.674s (dispensing) steady=True
2026-04-21 18:35:37,543 - DEBUG - Mass: 15.3779g at 8.068s (dispensing) steady=True
2026-04-21 18:35:37,942 - DEBUG - Mass: 15.3776g at 8.476s (dispensing) steady=False
2026-04-21 18:35:38,099 - INFO - Dispensing took 6.804s, collecting post-dispense baseline
2026-04-21 18:35:38,342 - DEBUG - Mass: 15.3771g at 8.867s (baseline_post) steady=False
2026-04-21 18:35:38,744 - DEBUG - Mass: 15.3771g at 9.276s (baseline_post) steady=True
2026-04-21 18:35:39,144 - DEBUG - Mass: 15.3771g at 9.667s (baseline_post) steady=True
2026-04-21 18:35:39,544 - DEBUG - Mass: 15.3771g at 10.074s (baseline_post) steady=True
2026-04-21 18:35:39,944 - DEBUG - Mass: 15.3771g at 10.481s (baseline_post) steady=True
2026-04-21 18:35:40,151 - INFO - Stopped continuous mass monitoring. Collected 27 data points
2026-04-21 18:35:40,154 - INFO - Pre-baseline: 4 stable readings, avg=15.322300g
2026-04-21 18:35:40,155 - INFO - Post-baseline: 4 stable readings, avg=15.377100g
2026-04-21 18:35:40,156 - INFO - INDEPENDENT BASELINE calculation:
2026-04-21 18:35:40,156 - INFO - Pre: STABLE, Post: STABLE, Mass difference: 0.054800g
2026-04-21 18:35:40,157 - INFO - Reading summary: 5 pre-readings (4 stable), 5 post-readings (4 stable)
2026-04-21 18:35:40,157 - INFO - Baseline variability: pre_std=0.000000g, post_std=0.000000g
2026-04-21 18:35:40,157 - INFO - Target: 0.050 mL = ~0.050000 g for water
2026-04-21 18:35:40,160 - INFO - Saved 27 mass measurements to output\mass_measurements\experiment_log2026-04-21_18-34-52\mass_data_PVA_DMSO_20260421_183540.csv
2026-04-21 18:35:40,839 - INFO - Saved dispense mass vs time plot to output\mass_measurements\experiment_log2026-04-21_18-34-52\mass_plot_PVA_DMSO_20260421_183540.png
2026-04-21 18:35:40,840 - INFO - Removing pipet
2026-04-21 18:35:44,160 - INFO - Vial PVA_DMSO already at clamp index 0, no move needed
2026-04-21 18:35:45,350 - INFO - Vial PVA_DMSO already at clamp index 0, no move needed
2026-04-21 18:35:45,544 - DEBUG - Applied dict param aspirate_speed=22
2026-04-21 18:35:45,544 - DEBUG - Applied dict param dispense_speed=9
2026-04-21 18:35:45,544 - DEBUG - Applied dict param aspirate_wait_time=1.6
2026-04-21 18:35:45,544 - DEBUG - Applied dict param dispense_wait_time=3.6
2026-04-21 18:35:45,544 - DEBUG - Applied dict param pre_asp_air_vol=0.0
2026-04-21 18:35:45,544 - DEBUG - Applied dict param retract_speed=5.0
2026-04-21 18:35:45,544 - DEBUG - Applied dict param blowout_vol=0.179
2026-04-21 18:35:45,544 - DEBUG - Applied dict param post_asp_air_vol=0.0
2026-04-21 18:35:45,544 - DEBUG - Applied dict param post_retract_wait_time=0.0
2026-04-21 18:35:45,544 - DEBUG - Applied dict param overaspirate_vol=0.0046
2026-04-21 18:35:45,544 - DEBUG - Applied dict param asp_disp_cycles=0
2026-04-21 18:35:45,545 - DEBUG - Selected small_tip for volume 0.050 mL
2026-04-21 18:35:45,546 - INFO - Getting small_tip (pipet number 1) from rack: small_tip_rack_1
2026-04-21 18:35:48,474 - INFO - Pipetting from vial PVA_DMSO, amount: 0.050 mL
2026-04-21 18:35:48,474 - INFO - Additional volume from calibration, amount: 0.005 mL
2026-04-21 18:35:48,475 - DEBUG - Adjusting pump 0 speed to 10
2026-04-21 18:35:50,839 - DEBUG - Adjusting pump 0 speed to 22
2026-04-21 18:35:51,867 - DEBUG - Aspirating 0.055 mL then waiting 1.6 s
2026-04-21 18:35:56,870 - DEBUG - Applied dict param aspirate_speed=22
2026-04-21 18:35:56,870 - DEBUG - Applied dict param dispense_speed=9
2026-04-21 18:35:56,870 - DEBUG - Applied dict param aspirate_wait_time=1.6
2026-04-21 18:35:56,870 - DEBUG - Applied dict param dispense_wait_time=3.6
2026-04-21 18:35:56,870 - DEBUG - Applied dict param pre_asp_air_vol=0.0
2026-04-21 18:35:56,870 - DEBUG - Applied dict param retract_speed=5.0
2026-04-21 18:35:56,870 - DEBUG - Applied dict param blowout_vol=0.179
2026-04-21 18:35:56,870 - DEBUG - Applied dict param post_asp_air_vol=0.0
2026-04-21 18:35:56,870 - DEBUG - Applied dict param post_retract_wait_time=0.0
2026-04-21 18:35:56,870 - DEBUG - Applied dict param overaspirate_vol=0.0046
2026-04-21 18:35:56,870 - DEBUG - Applied dict param asp_disp_cycles=0
2026-04-21 18:35:56,872 - INFO - Pipetting into vial PVA_DMSO, amount: 0.050 mL
2026-04-21 18:35:56,873 - DEBUG - Adjusting pump 0 speed to 9
2026-04-21 18:35:58,705 - INFO - Short wait time (1.0s), allowing scale to settle after robot positioning...
2026-04-21 18:35:59,712 - INFO - Started continuous mass monitoring with pre-dispense baseline
2026-04-21 18:35:59,942 - DEBUG - Mass: 15.3303g at 0.000s (baseline_pre) steady=False
2026-04-21 18:36:00,344 - DEBUG - Mass: 15.3300g at 0.440s (baseline_pre) steady=True
2026-04-21 18:36:00,744 - DEBUG - Mass: 15.3300g at 0.846s (baseline_pre) steady=True
2026-04-21 18:36:01,144 - DEBUG - Mass: 15.3300g at 1.238s (baseline_pre) steady=True
2026-04-21 18:36:01,544 - DEBUG - Mass: 15.3300g at 1.646s (baseline_pre) steady=True
2026-04-21 18:36:01,719 - DEBUG - Dispensing 0.055 mL then waiting 3.6 s
2026-04-21 18:36:01,944 - DEBUG - Mass: 15.3300g at 2.037s (dispensing) steady=True
2026-04-21 18:36:02,099 - DEBUG - Blowing out 0.179 mL
2026-04-21 18:36:02,099 - DEBUG - Adjusting pump 0 speed to 5
2026-04-21 18:36:02,342 - DEBUG - Mass: 15.3629g at 2.434s (dispensing) steady=False
2026-04-21 18:36:02,743 - DEBUG - Mass: 15.3902g at 2.838s (dispensing) steady=False
2026-04-21 18:36:03,143 - DEBUG - Mass: 15.3857g at 3.243s (dispensing) steady=False
2026-04-21 18:36:03,542 - DEBUG - Mass: 15.3854g at 3.633s (dispensing) steady=False
2026-04-21 18:36:03,613 - DEBUG - Adjusting pump 0 speed to 9
2026-04-21 18:36:03,942 - DEBUG - Mass: 15.3829g at 4.041s (dispensing) steady=False
2026-04-21 18:36:04,342 - DEBUG - Mass: 15.3865g at 4.431s (dispensing) steady=False
2026-04-21 18:36:04,742 - DEBUG - Mass: 15.3898g at 4.841s (dispensing) steady=False
2026-04-21 18:36:05,142 - DEBUG - Mass: 15.3857g at 5.233s (dispensing) steady=False
2026-04-21 18:36:05,543 - DEBUG - Mass: 15.3840g at 5.644s (dispensing) steady=False
2026-04-21 18:36:05,943 - DEBUG - Mass: 15.3839g at 6.033s (dispensing) steady=False
2026-04-21 18:36:06,342 - DEBUG - Mass: 15.3839g at 6.444s (dispensing) steady=False
2026-04-21 18:36:06,744 - DEBUG - Mass: 15.3836g at 6.838s (dispensing) steady=True
2026-04-21 18:36:07,145 - DEBUG - Mass: 15.3836g at 7.245s (dispensing) steady=True
2026-04-21 18:36:07,544 - DEBUG - Mass: 15.3836g at 7.634s (dispensing) steady=True
2026-04-21 18:36:07,944 - DEBUG - Mass: 15.3836g at 8.043s (dispensing) steady=True
2026-04-21 18:36:08,344 - DEBUG - Mass: 15.3836g at 8.437s (dispensing) steady=True
2026-04-21 18:36:08,498 - INFO - Dispensing took 6.779s, collecting post-dispense baseline
2026-04-21 18:36:08,744 - DEBUG - Mass: 15.3836g at 8.833s (baseline_post) steady=True
2026-04-21 18:36:09,144 - DEBUG - Mass: 15.3836g at 9.241s (baseline_post) steady=True
2026-04-21 18:36:09,544 - DEBUG - Mass: 15.3836g at 9.634s (baseline_post) steady=True
2026-04-21 18:36:09,945 - DEBUG - Mass: 15.3836g at 10.039s (baseline_post) steady=True
2026-04-21 18:36:10,343 - DEBUG - Mass: 15.3823g at 10.448s (baseline_post) steady=False
2026-04-21 18:36:10,554 - INFO - Stopped continuous mass monitoring. Collected 27 data points
2026-04-21 18:36:10,557 - INFO - Pre-baseline: 4 stable readings, avg=15.330000g
2026-04-21 18:36:10,558 - INFO - Post-baseline: 4 stable readings, avg=15.383600g
2026-04-21 18:36:10,558 - INFO - INDEPENDENT BASELINE calculation:
2026-04-21 18:36:10,558 - INFO - Pre: STABLE, Post: STABLE, Mass difference: 0.053600g
2026-04-21 18:36:10,559 - INFO - Reading summary: 5 pre-readings (4 stable), 5 post-readings (4 stable)
2026-04-21 18:36:10,559 - INFO - Baseline variability: pre_std=0.000134g, post_std=0.000581g
2026-04-21 18:36:10,560 - INFO - Target: 0.050 mL = ~0.050000 g for water
2026-04-21 18:36:10,563 - INFO - Saved 27 mass measurements to output\mass_measurements\experiment_log2026-04-21_18-34-52\mass_data_PVA_DMSO_20260421_183610.csv
2026-04-21 18:36:11,008 - INFO - Saved dispense mass vs time plot to output\mass_measurements\experiment_log2026-04-21_18-34-52\mass_plot_PVA_DMSO_20260421_183610.png
2026-04-21 18:36:11,008 - INFO - Removing pipet
2026-04-21 18:36:14,336 - INFO - Vial PVA_DMSO already at clamp index 0, no move needed
2026-04-21 18:36:26,444 - INFO - Vial PVA_DMSO already at clamp index 0, no move needed
2026-04-21 18:36:26,544 - DEBUG - Applied dict param aspirate_speed=21
2026-04-21 18:36:26,544 - DEBUG - Applied dict param dispense_speed=19
2026-04-21 18:36:26,544 - DEBUG - Applied dict param aspirate_wait_time=2.6
2026-04-21 18:36:26,544 - DEBUG - Applied dict param dispense_wait_time=1.4000000000000001
2026-04-21 18:36:26,544 - DEBUG - Applied dict param pre_asp_air_vol=0.0
2026-04-21 18:36:26,544 - DEBUG - Applied dict param retract_speed=5.0
2026-04-21 18:36:26,544 - DEBUG - Applied dict param blowout_vol=0.181
2026-04-21 18:36:26,544 - DEBUG - Applied dict param post_asp_air_vol=0.0
2026-04-21 18:36:26,544 - DEBUG - Applied dict param post_retract_wait_time=0.0
2026-04-21 18:36:26,544 - DEBUG - Applied dict param overaspirate_vol=0.0
2026-04-21 18:36:26,545 - DEBUG - Applied dict param asp_disp_cycles=0
2026-04-21 18:36:26,546 - DEBUG - Selected small_tip for volume 0.050 mL
2026-04-21 18:36:26,547 - INFO - Getting small_tip (pipet number 2) from rack: small_tip_rack_1
2026-04-21 18:36:29,455 - INFO - Pipetting from vial PVA_DMSO, amount: 0.050 mL
2026-04-21 18:36:29,455 - INFO - Additional volume from calibration, amount: 0.000 mL
2026-04-21 18:36:29,457 - DEBUG - Adjusting pump 0 speed to 10
2026-04-21 18:36:31,799 - DEBUG - Adjusting pump 0 speed to 21
2026-04-21 18:36:32,834 - DEBUG - Aspirating 0.050 mL then waiting 2.6 s
2026-04-21 18:36:38,481 - DEBUG - Applied dict param aspirate_speed=21
2026-04-21 18:36:38,481 - DEBUG - Applied dict param dispense_speed=19
2026-04-21 18:36:38,481 - DEBUG - Applied dict param aspirate_wait_time=2.6
2026-04-21 18:36:38,481 - DEBUG - Applied dict param dispense_wait_time=1.4000000000000001
2026-04-21 18:36:38,481 - DEBUG - Applied dict param pre_asp_air_vol=0.0
2026-04-21 18:36:38,481 - DEBUG - Applied dict param retract_speed=5.0
2026-04-21 18:36:38,481 - DEBUG - Applied dict param blowout_vol=0.181
2026-04-21 18:36:38,481 - DEBUG - Applied dict param post_asp_air_vol=0.0
2026-04-21 18:36:38,481 - DEBUG - Applied dict param post_retract_wait_time=0.0
2026-04-21 18:36:38,481 - DEBUG - Applied dict param overaspirate_vol=0.0
2026-04-21 18:36:38,482 - DEBUG - Applied dict param asp_disp_cycles=0
2026-04-21 18:36:38,483 - INFO - Pipetting into vial PVA_DMSO, amount: 0.050 mL
2026-04-21 18:36:38,485 - DEBUG - Adjusting pump 0 speed to 19
2026-04-21 18:36:40,330 - INFO - Short wait time (1.0s), allowing scale to settle after robot positioning...
2026-04-21 18:36:41,343 - INFO - Started continuous mass monitoring with pre-dispense baseline
2026-04-21 18:36:41,543 - DEBUG - Mass: 15.3289g at 0.000s (baseline_pre) steady=False
2026-04-21 18:36:41,944 - DEBUG - Mass: 15.3287g at 0.411s (baseline_pre) steady=True
2026-04-21 18:36:42,344 - DEBUG - Mass: 15.3287g at 0.802s (baseline_pre) steady=True
2026-04-21 18:36:42,744 - DEBUG - Mass: 15.3287g at 1.210s (baseline_pre) steady=True
2026-04-21 18:36:43,145 - DEBUG - Mass: 15.3287g at 1.603s (baseline_pre) steady=True
2026-04-21 18:36:43,355 - DEBUG - Dispensing 0.050 mL then waiting 1.4000000000000001 s
2026-04-21 18:36:43,543 - DEBUG - Mass: 15.3287g at 2.011s (baseline_pre) steady=True
2026-04-21 18:36:43,944 - DEBUG - Mass: 15.3287g at 2.403s (dispensing) steady=True
2026-04-21 18:36:44,343 - DEBUG - Mass: 15.3375g at 2.811s (dispensing) steady=False
2026-04-21 18:36:44,742 - DEBUG - Mass: 15.3483g at 3.202s (dispensing) steady=False
2026-04-21 18:36:45,143 - DEBUG - Mass: 15.3618g at 3.608s (dispensing) steady=False
2026-04-21 18:36:45,360 - DEBUG - Blowing out 0.181 mL
2026-04-21 18:36:45,360 - DEBUG - Adjusting pump 0 speed to 5
2026-04-21 18:36:45,543 - DEBUG - Mass: 15.3701g at 4.001s (dispensing) steady=False
2026-04-21 18:36:45,942 - DEBUG - Mass: 15.3843g at 4.407s (dispensing) steady=False
2026-04-21 18:36:46,343 - DEBUG - Mass: 15.3833g at 4.815s (dispensing) steady=False
2026-04-21 18:36:46,614 - DEBUG - Adjusting pump 0 speed to 19
2026-04-21 18:36:46,743 - DEBUG - Mass: 15.3822g at 5.208s (dispensing) steady=False
2026-04-21 18:36:47,142 - DEBUG - Mass: 15.3864g at 5.601s (dispensing) steady=False
2026-04-21 18:36:47,543 - DEBUG - Mass: 15.3825g at 6.007s (dispensing) steady=False
2026-04-21 18:36:47,943 - DEBUG - Mass: 15.3844g at 6.415s (dispensing) steady=False
2026-04-21 18:36:48,342 - DEBUG - Mass: 15.3848g at 6.806s (dispensing) steady=False
2026-04-21 18:36:48,743 - DEBUG - Mass: 15.3849g at 7.212s (dispensing) steady=False
2026-04-21 18:36:49,142 - DEBUG - Mass: 15.3849g at 7.606s (dispensing) steady=False
2026-04-21 18:36:49,542 - DEBUG - Mass: 15.3845g at 8.014s (dispensing) steady=False
2026-04-21 18:36:49,943 - DEBUG - Mass: 15.3846g at 8.407s (dispensing) steady=False
2026-04-21 18:36:50,345 - DEBUG - Mass: 15.3847g at 8.814s (dispensing) steady=True
2026-04-21 18:36:50,744 - DEBUG - Mass: 15.3847g at 9.205s (dispensing) steady=True
2026-04-21 18:36:51,144 - DEBUG - Mass: 15.3847g at 9.612s (dispensing) steady=True
2026-04-21 18:36:51,544 - DEBUG - Mass: 15.3847g at 10.003s (dispensing) steady=True
2026-04-21 18:36:51,944 - DEBUG - Mass: 15.3847g at 10.413s (dispensing) steady=True
2026-04-21 18:36:52,344 - DEBUG - Mass: 15.3847g at 10.805s (dispensing) steady=True
2026-04-21 18:36:52,745 - DEBUG - Mass: 15.3847g at 11.216s (dispensing) steady=True
2026-04-21 18:36:53,144 - DEBUG - Mass: 15.3847g at 11.610s (dispensing) steady=True
2026-04-21 18:36:53,544 - DEBUG - Mass: 15.3847g at 12.016s (dispensing) steady=True
2026-04-21 18:36:53,943 - DEBUG - Mass: 15.3803g at 12.412s (dispensing) steady=False
2026-04-21 18:36:54,342 - DEBUG - Mass: 15.3801g at 12.804s (dispensing) steady=False
2026-04-21 18:36:54,743 - DEBUG - Mass: 15.3799g at 13.211s (dispensing) steady=False
2026-04-21 18:36:54,775 - INFO - Dispensing took 11.420s, collecting post-dispense baseline
2026-04-21 18:36:55,142 - DEBUG - Mass: 15.3795g at 13.607s (baseline_post) steady=False
2026-04-21 18:36:55,543 - DEBUG - Mass: 15.3795g at 14.014s (baseline_post) steady=False
2026-04-21 18:36:55,944 - DEBUG - Mass: 15.3797g at 14.407s (baseline_post) steady=True
2026-04-21 18:36:56,344 - DEBUG - Mass: 15.3797g at 14.812s (baseline_post) steady=True
2026-04-21 18:36:56,745 - DEBUG - Mass: 15.3797g at 15.204s (baseline_post) steady=True
2026-04-21 18:36:56,954 - INFO - Stopped continuous mass monitoring. Collected 39 data points
2026-04-21 18:36:56,958 - INFO - Pre-baseline: 5 stable readings, avg=15.328700g
2026-04-21 18:36:56,958 - INFO - Post-baseline: 3 stable readings, avg=15.379700g
2026-04-21 18:36:56,959 - INFO - INDEPENDENT BASELINE calculation:
2026-04-21 18:36:56,959 - INFO - Pre: STABLE, Post: STABLE, Mass difference: 0.051000g
2026-04-21 18:36:56,960 - INFO - Reading summary: 6 pre-readings (5 stable), 5 post-readings (3 stable)
2026-04-21 18:36:56,960 - INFO - Baseline variability: pre_std=0.000082g, post_std=0.000110g
2026-04-21 18:36:56,960 - INFO - Target: 0.050 mL = ~0.050000 g for water
2026-04-21 18:36:56,962 - INFO - Saved 39 mass measurements to output\mass_measurements\experiment_log2026-04-21_18-34-52\mass_data_PVA_DMSO_20260421_183656.csv
2026-04-21 18:36:57,415 - INFO - Saved dispense mass vs time plot to output\mass_measurements\experiment_log2026-04-21_18-34-52\mass_plot_PVA_DMSO_20260421_183656.png
2026-04-21 18:36:57,415 - INFO - Removing pipet
2026-04-21 18:37:00,726 - INFO - Vial PVA_DMSO already at clamp index 0, no move needed
2026-04-21 18:37:02,951 - INFO - Vial PVA_DMSO already at clamp index 0, no move needed
2026-04-21 18:37:03,145 - DEBUG - Applied dict param aspirate_speed=21
2026-04-21 18:37:03,145 - DEBUG - Applied dict param dispense_speed=19
2026-04-21 18:37:03,145 - DEBUG - Applied dict param aspirate_wait_time=2.6
2026-04-21 18:37:03,145 - DEBUG - Applied dict param dispense_wait_time=1.4000000000000001
2026-04-21 18:37:03,145 - DEBUG - Applied dict param pre_asp_air_vol=0.0
2026-04-21 18:37:03,145 - DEBUG - Applied dict param retract_speed=5.0
2026-04-21 18:37:03,145 - DEBUG - Applied dict param blowout_vol=0.181
2026-04-21 18:37:03,145 - DEBUG - Applied dict param post_asp_air_vol=0.0
2026-04-21 18:37:03,145 - DEBUG - Applied dict param post_retract_wait_time=0.0
2026-04-21 18:37:03,145 - DEBUG - Applied dict param overaspirate_vol=0.0
2026-04-21 18:37:03,145 - DEBUG - Applied dict param asp_disp_cycles=0
2026-04-21 18:37:03,146 - DEBUG - Selected small_tip for volume 0.050 mL
2026-04-21 18:37:03,147 - INFO - Getting small_tip (pipet number 3) from rack: small_tip_rack_1
2026-04-21 18:37:06,042 - INFO - Pipetting from vial PVA_DMSO, amount: 0.050 mL
2026-04-21 18:37:06,043 - INFO - Additional volume from calibration, amount: 0.000 mL
2026-04-21 18:37:06,044 - DEBUG - Adjusting pump 0 speed to 10
2026-04-21 18:37:08,380 - DEBUG - Adjusting pump 0 speed to 21
2026-04-21 18:37:09,412 - DEBUG - Aspirating 0.050 mL then waiting 2.6 s
2026-04-21 18:37:15,090 - DEBUG - Applied dict param aspirate_speed=21
2026-04-21 18:37:15,090 - DEBUG - Applied dict param dispense_speed=19
2026-04-21 18:37:15,090 - DEBUG - Applied dict param aspirate_wait_time=2.6
2026-04-21 18:37:15,090 - DEBUG - Applied dict param dispense_wait_time=1.4000000000000001
2026-04-21 18:37:15,090 - DEBUG - Applied dict param pre_asp_air_vol=0.0
2026-04-21 18:37:15,090 - DEBUG - Applied dict param retract_speed=5.0
2026-04-21 18:37:15,091 - DEBUG - Applied dict param blowout_vol=0.181
2026-04-21 18:37:15,091 - DEBUG - Applied dict param post_asp_air_vol=0.0
2026-04-21 18:37:15,091 - DEBUG - Applied dict param post_retract_wait_time=0.0
2026-04-21 18:37:15,091 - DEBUG - Applied dict param overaspirate_vol=0.0
2026-04-21 18:37:15,091 - DEBUG - Applied dict param asp_disp_cycles=0
2026-04-21 18:37:15,092 - INFO - Pipetting into vial PVA_DMSO, amount: 0.050 mL
2026-04-21 18:37:15,093 - DEBUG - Adjusting pump 0 speed to 19
2026-04-21 18:37:16,938 - INFO - Short wait time (1.0s), allowing scale to settle after robot positioning...
2026-04-21 18:37:17,947 - INFO - Started continuous mass monitoring with pre-dispense baseline
2026-04-21 18:37:18,143 - DEBUG - Mass: 15.3254g at 0.000s (baseline_pre) steady=False
2026-04-21 18:37:18,543 - DEBUG - Mass: 15.3253g at 0.409s (baseline_pre) steady=False
2026-04-21 18:37:18,945 - DEBUG - Mass: 15.3253g at 0.800s (baseline_pre) steady=True
2026-04-21 18:37:19,344 - DEBUG - Mass: 15.3253g at 1.209s (baseline_pre) steady=True
2026-04-21 18:37:19,745 - DEBUG - Mass: 15.3253g at 1.601s (baseline_pre) steady=True
2026-04-21 18:37:19,956 - DEBUG - Dispensing 0.050 mL then waiting 1.4000000000000001 s
2026-04-21 18:37:20,144 - DEBUG - Mass: 15.3252g at 2.009s (dispensing) steady=True
2026-04-21 18:37:20,543 - DEBUG - Mass: 15.3284g at 2.398s (dispensing) steady=False
2026-04-21 18:37:20,943 - DEBUG - Mass: 15.3388g at 2.806s (dispensing) steady=False
2026-04-21 18:37:21,343 - DEBUG - Mass: 15.3504g at 3.201s (dispensing) steady=False
2026-04-21 18:37:21,743 - DEBUG - Mass: 15.3648g at 3.608s (dispensing) steady=False
2026-04-21 18:37:21,818 - DEBUG - Blowing out 0.181 mL
2026-04-21 18:37:21,818 - DEBUG - Adjusting pump 0 speed to 5
2026-04-21 18:37:22,143 - DEBUG - Mass: 15.3749g at 4.011s (dispensing) steady=False
2026-04-21 18:37:22,543 - DEBUG - Mass: 15.3798g at 4.407s (dispensing) steady=False
2026-04-21 18:37:22,942 - DEBUG - Mass: 15.3792g at 4.802s (dispensing) steady=False
2026-04-21 18:37:23,015 - DEBUG - Adjusting pump 0 speed to 19
2026-04-21 18:37:23,343 - DEBUG - Mass: 15.3757g at 5.209s (dispensing) steady=False
2026-04-21 18:37:23,743 - DEBUG - Mass: 15.3804g at 5.604s (dispensing) steady=False
2026-04-21 18:37:24,142 - DEBUG - Mass: 15.3803g at 5.997s (dispensing) steady=False
2026-04-21 18:37:24,543 - DEBUG - Mass: 15.3813g at 6.407s (dispensing) steady=False
2026-04-21 18:37:24,943 - DEBUG - Mass: 15.3817g at 6.801s (dispensing) steady=False
2026-04-21 18:37:25,343 - DEBUG - Mass: 15.3813g at 7.206s (dispensing) steady=False
2026-04-21 18:37:25,744 - DEBUG - Mass: 15.3814g at 7.598s (dispensing) steady=True
2026-04-21 18:37:26,145 - DEBUG - Mass: 15.3814g at 8.006s (dispensing) steady=True
2026-04-21 18:37:26,544 - DEBUG - Mass: 15.3814g at 8.398s (dispensing) steady=True
2026-04-21 18:37:26,944 - DEBUG - Mass: 15.3814g at 8.806s (dispensing) steady=True
2026-04-21 18:37:27,344 - DEBUG - Mass: 15.3814g at 9.201s (dispensing) steady=True
2026-04-21 18:37:27,745 - DEBUG - Mass: 15.3814g at 9.606s (dispensing) steady=True
2026-04-21 18:37:28,144 - DEBUG - Mass: 15.3814g at 10.010s (dispensing) steady=True
2026-04-21 18:37:28,545 - DEBUG - Mass: 15.3814g at 10.404s (dispensing) steady=True
2026-04-21 18:37:28,943 - DEBUG - Mass: 15.3814g at 10.811s (dispensing) steady=True
2026-04-21 18:37:29,344 - DEBUG - Mass: 15.3814g at 11.204s (dispensing) steady=True
2026-04-21 18:37:29,745 - DEBUG - Mass: 15.3814g at 11.598s (dispensing) steady=True
2026-04-21 18:37:30,143 - DEBUG - Mass: 15.3766g at 12.005s (dispensing) steady=False
2026-04-21 18:37:30,543 - DEBUG - Mass: 15.3761g at 12.398s (dispensing) steady=False
2026-04-21 18:37:30,942 - DEBUG - Mass: 15.3765g at 12.806s (dispensing) steady=False
2026-04-21 18:37:31,224 - INFO - Dispensing took 11.267s, collecting post-dispense baseline
2026-04-21 18:37:31,343 - DEBUG - Mass: 15.3761g at 13.199s (dispensing) steady=False
2026-04-21 18:37:31,743 - DEBUG - Mass: 15.3763g at 13.606s (baseline_post) steady=False
2026-04-21 18:37:32,145 - DEBUG - Mass: 15.3762g at 14.000s (baseline_post) steady=True
2026-04-21 18:37:32,544 - DEBUG - Mass: 15.3762g at 14.406s (baseline_post) steady=True
2026-04-21 18:37:32,944 - DEBUG - Mass: 15.3762g at 14.798s (baseline_post) steady=True
2026-04-21 18:37:33,345 - DEBUG - Mass: 15.3762g at 15.205s (baseline_post) steady=True
2026-04-21 18:37:33,559 - INFO - Stopped continuous mass monitoring. Collected 39 data points
2026-04-21 18:37:33,562 - INFO - Pre-baseline: 3 stable readings, avg=15.325300g
2026-04-21 18:37:33,562 - INFO - Post-baseline: 4 stable readings, avg=15.376200g
2026-04-21 18:37:33,562 - INFO - INDEPENDENT BASELINE calculation:
2026-04-21 18:37:33,562 - INFO - Pre: STABLE, Post: STABLE, Mass difference: 0.050900g
2026-04-21 18:37:33,564 - INFO - Reading summary: 5 pre-readings (3 stable), 5 post-readings (4 stable)
2026-04-21 18:37:33,564 - INFO - Baseline variability: pre_std=0.000045g, post_std=0.000045g
2026-04-21 18:37:33,564 - INFO - Target: 0.050 mL = ~0.050000 g for water
2026-04-21 18:37:33,565 - INFO - Saved 39 mass measurements to output\mass_measurements\experiment_log2026-04-21_18-34-52\mass_data_PVA_DMSO_20260421_183733.csv
2026-04-21 18:37:34,020 - INFO - Saved dispense mass vs time plot to output\mass_measurements\experiment_log2026-04-21_18-34-52\mass_plot_PVA_DMSO_20260421_183733.png
2026-04-21 18:37:34,021 - INFO - Removing pipet
2026-04-21 18:37:37,324 - INFO - Vial PVA_DMSO already at clamp index 0, no move needed
2026-04-21 18:37:51,061 - INFO - Vial PVA_DMSO already at clamp index 0, no move needed
2026-04-21 18:37:51,344 - DEBUG - Applied dict param aspirate_speed=20
2026-04-21 18:37:51,344 - DEBUG - Applied dict param dispense_speed=3
2026-04-21 18:37:51,344 - DEBUG - Applied dict param aspirate_wait_time=1.8
2026-04-21 18:37:51,344 - DEBUG - Applied dict param dispense_wait_time=6.5
2026-04-21 18:37:51,344 - DEBUG - Applied dict param pre_asp_air_vol=0.0
2026-04-21 18:37:51,344 - DEBUG - Applied dict param retract_speed=5.0
2026-04-21 18:37:51,344 - DEBUG - Applied dict param blowout_vol=0.161
2026-04-21 18:37:51,345 - DEBUG - Applied dict param post_asp_air_vol=0.0
2026-04-21 18:37:51,345 - DEBUG - Applied dict param post_retract_wait_time=0.0
2026-04-21 18:37:51,345 - DEBUG - Applied dict param overaspirate_vol=0.00030000000000000003
2026-04-21 18:37:51,345 - DEBUG - Applied dict param asp_disp_cycles=0
2026-04-21 18:37:51,346 - DEBUG - Selected small_tip for volume 0.050 mL
2026-04-21 18:37:51,346 - INFO - Getting small_tip (pipet number 4) from rack: small_tip_rack_1
2026-04-21 18:37:54,210 - INFO - Pipetting from vial PVA_DMSO, amount: 0.050 mL
2026-04-21 18:37:54,210 - INFO - Additional volume from calibration, amount: 0.000 mL
2026-04-21 18:37:54,212 - DEBUG - Adjusting pump 0 speed to 10
2026-04-21 18:37:56,525 - DEBUG - Adjusting pump 0 speed to 20
2026-04-21 18:37:57,558 - DEBUG - Aspirating 0.050 mL then waiting 1.8 s
2026-04-21 18:38:02,310 - DEBUG - Applied dict param aspirate_speed=20
2026-04-21 18:38:02,310 - DEBUG - Applied dict param dispense_speed=3
2026-04-21 18:38:02,310 - DEBUG - Applied dict param aspirate_wait_time=1.8
2026-04-21 18:38:02,310 - DEBUG - Applied dict param dispense_wait_time=6.5
2026-04-21 18:38:02,310 - DEBUG - Applied dict param pre_asp_air_vol=0.0
2026-04-21 18:38:02,310 - DEBUG - Applied dict param retract_speed=5.0
2026-04-21 18:38:02,310 - DEBUG - Applied dict param blowout_vol=0.161
2026-04-21 18:38:02,310 - DEBUG - Applied dict param post_asp_air_vol=0.0
2026-04-21 18:38:02,310 - DEBUG - Applied dict param post_retract_wait_time=0.0
2026-04-21 18:38:02,310 - DEBUG - Applied dict param overaspirate_vol=0.00030000000000000003
2026-04-21 18:38:02,310 - DEBUG - Applied dict param asp_disp_cycles=0
2026-04-21 18:38:02,312 - INFO - Pipetting into vial PVA_DMSO, amount: 0.050 mL
2026-04-21 18:38:02,313 - DEBUG - Adjusting pump 0 speed to 3
2026-04-21 18:38:04,166 - INFO - Short wait time (1.0s), allowing scale to settle after robot positioning...
2026-04-21 18:38:05,170 - INFO - Started continuous mass monitoring with pre-dispense baseline
2026-04-21 18:38:05,343 - DEBUG - Mass: 15.3206g at 0.000s (baseline_pre) steady=False
2026-04-21 18:38:05,743 - DEBUG - Mass: 15.3205g at 0.379s (baseline_pre) steady=False
2026-04-21 18:38:06,145 - DEBUG - Mass: 15.3206g at 0.787s (baseline_pre) steady=True
2026-04-21 18:38:06,545 - DEBUG - Mass: 15.3206g at 1.180s (baseline_pre) steady=True
2026-04-21 18:38:06,945 - DEBUG - Mass: 15.3206g at 1.588s (baseline_pre) steady=True
2026-04-21 18:38:07,183 - DEBUG - Dispensing 0.050 mL then waiting 6.5 s
2026-04-21 18:38:07,344 - DEBUG - Mass: 15.3206g at 1.981s (baseline_pre) steady=True
2026-04-21 18:38:07,743 - DEBUG - Mass: 15.3359g at 2.388s (dispensing) steady=False
2026-04-21 18:38:07,808 - DEBUG - Blowing out 0.161 mL
2026-04-21 18:38:07,808 - DEBUG - Adjusting pump 0 speed to 5
2026-04-21 18:38:08,143 - DEBUG - Mass: 15.3617g at 2.778s (dispensing) steady=False
2026-04-21 18:38:08,543 - DEBUG - Mass: 15.3725g at 3.186s (dispensing) steady=False
2026-04-21 18:38:08,943 - DEBUG - Mass: 15.3723g at 3.579s (dispensing) steady=False
2026-04-21 18:38:09,015 - DEBUG - Adjusting pump 0 speed to 3
2026-04-21 18:38:09,344 - DEBUG - Mass: 15.3700g at 3.987s (dispensing) steady=False
2026-04-21 18:38:09,743 - DEBUG - Mass: 15.3737g at 4.377s (dispensing) steady=False
2026-04-21 18:38:10,143 - DEBUG - Mass: 15.3723g at 4.784s (dispensing) steady=False
2026-04-21 18:38:10,543 - DEBUG - Mass: 15.3686g at 5.176s (dispensing) steady=False
2026-04-21 18:38:10,943 - DEBUG - Mass: 15.3686g at 5.582s (dispensing) steady=False
2026-04-21 18:38:11,343 - DEBUG - Mass: 15.3683g at 5.984s (dispensing) steady=False
2026-04-21 18:38:11,743 - DEBUG - Mass: 15.3684g at 6.375s (dispensing) steady=False
2026-04-21 18:38:12,143 - DEBUG - Mass: 15.3686g at 6.783s (dispensing) steady=False
2026-04-21 18:38:12,545 - DEBUG - Mass: 15.3683g at 7.174s (dispensing) steady=True
2026-04-21 18:38:12,945 - DEBUG - Mass: 15.3683g at 7.580s (dispensing) steady=True
2026-04-21 18:38:13,344 - DEBUG - Mass: 15.3683g at 7.988s (dispensing) steady=True
2026-04-21 18:38:13,745 - DEBUG - Mass: 15.3683g at 8.379s (dispensing) steady=True
2026-04-21 18:38:14,145 - DEBUG - Mass: 15.3683g at 8.788s (dispensing) steady=True
2026-04-21 18:38:14,544 - DEBUG - Mass: 15.3683g at 9.180s (dispensing) steady=True
2026-04-21 18:38:14,945 - DEBUG - Mass: 15.3683g at 9.587s (dispensing) steady=True
2026-04-21 18:38:15,345 - DEBUG - Mass: 15.3683g at 9.979s (dispensing) steady=True
2026-04-21 18:38:15,745 - DEBUG - Mass: 15.3683g at 10.388s (dispensing) steady=True
2026-04-21 18:38:16,145 - DEBUG - Mass: 15.3683g at 10.778s (dispensing) steady=True
2026-04-21 18:38:16,543 - INFO - Dispensing took 9.360s, collecting post-dispense baseline
2026-04-21 18:38:16,544 - DEBUG - Mass: 15.3683g at 11.184s (dispensing) steady=True
2026-04-21 18:38:16,945 - DEBUG - Mass: 15.3683g at 11.578s (baseline_post) steady=True
2026-04-21 18:38:17,344 - DEBUG - Mass: 15.3682g at 11.987s (baseline_post) steady=True
2026-04-21 18:38:17,745 - DEBUG - Mass: 15.3682g at 12.379s (baseline_post) steady=True
2026-04-21 18:38:18,144 - DEBUG - Mass: 15.3682g at 12.788s (baseline_post) steady=True
2026-04-21 18:38:18,545 - DEBUG - Mass: 15.3682g at 13.181s (baseline_post) steady=True
2026-04-21 18:38:18,757 - INFO - Stopped continuous mass monitoring. Collected 34 data points
2026-04-21 18:38:18,761 - INFO - Pre-baseline: 4 stable readings, avg=15.320600g
2026-04-21 18:38:18,761 - INFO - Post-baseline: 5 stable readings, avg=15.368220g
2026-04-21 18:38:18,761 - INFO - INDEPENDENT BASELINE calculation:
2026-04-21 18:38:18,761 - INFO - Pre: STABLE, Post: STABLE, Mass difference: 0.047620g
2026-04-21 18:38:18,762 - INFO - Reading summary: 6 pre-readings (4 stable), 5 post-readings (5 stable)
2026-04-21 18:38:18,762 - INFO - Baseline variability: pre_std=0.000041g, post_std=0.000045g
2026-04-21 18:38:18,763 - INFO - Target: 0.050 mL = ~0.050000 g for water
2026-04-21 18:38:18,764 - INFO - Saved 34 mass measurements to output\mass_measurements\experiment_log2026-04-21_18-34-52\mass_data_PVA_DMSO_20260421_183818.csv
2026-04-21 18:38:19,226 - INFO - Saved dispense mass vs time plot to output\mass_measurements\experiment_log2026-04-21_18-34-52\mass_plot_PVA_DMSO_20260421_183818.png
2026-04-21 18:38:19,227 - INFO - Removing pipet
2026-04-21 18:38:22,536 - INFO - Vial PVA_DMSO already at clamp index 0, no move needed
2026-04-21 18:38:23,750 - INFO - Vial PVA_DMSO already at clamp index 0, no move needed
2026-04-21 18:38:23,945 - DEBUG - Applied dict param aspirate_speed=20
2026-04-21 18:38:23,945 - DEBUG - Applied dict param dispense_speed=3
2026-04-21 18:38:23,945 - DEBUG - Applied dict param aspirate_wait_time=1.8
2026-04-21 18:38:23,945 - DEBUG - Applied dict param dispense_wait_time=6.5
2026-04-21 18:38:23,945 - DEBUG - Applied dict param pre_asp_air_vol=0.0
2026-04-21 18:38:23,945 - DEBUG - Applied dict param retract_speed=5.0
2026-04-21 18:38:23,945 - DEBUG - Applied dict param blowout_vol=0.161
2026-04-21 18:38:23,945 - DEBUG - Applied dict param post_asp_air_vol=0.0
2026-04-21 18:38:23,945 - DEBUG - Applied dict param post_retract_wait_time=0.0
2026-04-21 18:38:23,945 - DEBUG - Applied dict param overaspirate_vol=0.00030000000000000003
2026-04-21 18:38:23,945 - DEBUG - Applied dict param asp_disp_cycles=0
2026-04-21 18:38:23,946 - DEBUG - Selected small_tip for volume 0.050 mL
2026-04-21 18:38:23,947 - INFO - Getting small_tip (pipet number 5) from rack: small_tip_rack_1
2026-04-21 18:38:26,819 - INFO - Pipetting from vial PVA_DMSO, amount: 0.050 mL
2026-04-21 18:38:26,820 - INFO - Additional volume from calibration, amount: 0.000 mL
2026-04-21 18:38:26,821 - DEBUG - Adjusting pump 0 speed to 10
2026-04-21 18:38:29,134 - DEBUG - Adjusting pump 0 speed to 20
2026-04-21 18:38:30,160 - DEBUG - Aspirating 0.050 mL then waiting 1.8 s
2026-04-21 18:38:34,897 - DEBUG - Applied dict param aspirate_speed=20
2026-04-21 18:38:34,897 - DEBUG - Applied dict param dispense_speed=3
2026-04-21 18:38:34,898 - DEBUG - Applied dict param aspirate_wait_time=1.8
2026-04-21 18:38:34,898 - DEBUG - Applied dict param dispense_wait_time=6.5
2026-04-21 18:38:34,898 - DEBUG - Applied dict param pre_asp_air_vol=0.0
2026-04-21 18:38:34,898 - DEBUG - Applied dict param retract_speed=5.0
2026-04-21 18:38:34,898 - DEBUG - Applied dict param blowout_vol=0.161
2026-04-21 18:38:34,898 - DEBUG - Applied dict param post_asp_air_vol=0.0
2026-04-21 18:38:34,898 - DEBUG - Applied dict param post_retract_wait_time=0.0
2026-04-21 18:38:34,898 - DEBUG - Applied dict param overaspirate_vol=0.00030000000000000003
2026-04-21 18:38:34,898 - DEBUG - Applied dict param asp_disp_cycles=0
2026-04-21 18:38:34,899 - INFO - Pipetting into vial PVA_DMSO, amount: 0.050 mL
2026-04-21 18:38:34,900 - DEBUG - Adjusting pump 0 speed to 3
2026-04-21 18:38:36,749 - INFO - Short wait time (1.0s), allowing scale to settle after robot positioning...
2026-04-21 18:38:37,756 - INFO - Started continuous mass monitoring with pre-dispense baseline
2026-04-21 18:38:37,943 - DEBUG - Mass: 15.3156g at 0.000s (baseline_pre) steady=False
2026-04-21 18:38:38,343 - DEBUG - Mass: 15.3152g at 0.393s (baseline_pre) steady=False
2026-04-21 18:38:38,744 - DEBUG - Mass: 15.3155g at 0.803s (baseline_pre) steady=True
2026-04-21 18:38:39,145 - DEBUG - Mass: 15.3155g at 1.192s (baseline_pre) steady=True
2026-04-21 18:38:39,545 - DEBUG - Mass: 15.3155g at 1.602s (baseline_pre) steady=True
2026-04-21 18:38:39,765 - DEBUG - Dispensing 0.050 mL then waiting 6.5 s
2026-04-21 18:38:39,945 - DEBUG - Mass: 15.3155g at 1.994s (baseline_pre) steady=True
2026-04-21 18:38:40,343 - DEBUG - Mass: 15.3284g at 2.398s (dispensing) steady=False
2026-04-21 18:38:40,418 - DEBUG - Blowing out 0.161 mL
2026-04-21 18:38:40,418 - DEBUG - Adjusting pump 0 speed to 5
2026-04-21 18:38:40,743 - DEBUG - Mass: 15.3574g at 2.790s (dispensing) steady=False
2026-04-21 18:38:41,143 - DEBUG - Mass: 15.3652g at 3.202s (dispensing) steady=False
2026-04-21 18:38:41,543 - DEBUG - Mass: 15.3641g at 3.592s (dispensing) steady=False
2026-04-21 18:38:41,616 - DEBUG - Adjusting pump 0 speed to 3
2026-04-21 18:38:41,943 - DEBUG - Mass: 15.3634g at 4.003s (dispensing) steady=False
2026-04-21 18:38:42,344 - DEBUG - Mass: 15.3667g at 4.395s (dispensing) steady=False
2026-04-21 18:38:42,743 - DEBUG - Mass: 15.3678g at 4.789s (dispensing) steady=False
2026-04-21 18:38:43,143 - DEBUG - Mass: 15.3642g at 5.198s (dispensing) steady=False
2026-04-21 18:38:43,543 - DEBUG - Mass: 15.3639g at 5.603s (dispensing) steady=False
2026-04-21 18:38:43,943 - DEBUG - Mass: 15.3638g at 5.993s (dispensing) steady=False
2026-04-21 18:38:44,343 - DEBUG - Mass: 15.3641g at 6.401s (dispensing) steady=False
2026-04-21 18:38:44,745 - DEBUG - Mass: 15.3638g at 6.791s (dispensing) steady=True
2026-04-21 18:38:45,145 - DEBUG - Mass: 15.3638g at 7.200s (dispensing) steady=True
2026-04-21 18:38:45,545 - DEBUG - Mass: 15.3638g at 7.594s (dispensing) steady=True
2026-04-21 18:38:45,945 - DEBUG - Mass: 15.3638g at 8.002s (dispensing) steady=True
2026-04-21 18:38:46,345 - DEBUG - Mass: 15.3638g at 8.394s (dispensing) steady=True
2026-04-21 18:38:46,745 - DEBUG - Mass: 15.3638g at 8.804s (dispensing) steady=True
2026-04-21 18:38:47,145 - DEBUG - Mass: 15.3638g at 9.198s (dispensing) steady=True
2026-04-21 18:38:47,545 - DEBUG - Mass: 15.3638g at 9.590s (dispensing) steady=True
2026-04-21 18:38:47,944 - DEBUG - Mass: 15.3638g at 9.999s (dispensing) steady=True
2026-04-21 18:38:48,345 - DEBUG - Mass: 15.3638g at 10.405s (dispensing) steady=True
2026-04-21 18:38:48,744 - DEBUG - Mass: 15.3638g at 10.798s (dispensing) steady=True
2026-04-21 18:38:49,072 - INFO - Dispensing took 9.307s, collecting post-dispense baseline
2026-04-21 18:38:49,145 - DEBUG - Mass: 15.3638g at 11.190s (dispensing) steady=True
2026-04-21 18:38:49,545 - DEBUG - Mass: 15.3638g at 11.600s (baseline_post) steady=True
2026-04-21 18:38:49,945 - DEBUG - Mass: 15.3638g at 11.993s (baseline_post) steady=True
2026-04-21 18:38:50,345 - DEBUG - Mass: 15.3638g at 12.400s (baseline_post) steady=True
2026-04-21 18:38:50,745 - DEBUG - Mass: 15.3638g at 12.795s (baseline_post) steady=True
2026-04-21 18:38:51,145 - DEBUG - Mass: 15.3638g at 13.200s (baseline_post) steady=True
2026-04-21 18:38:51,361 - INFO - Stopped continuous mass monitoring. Collected 34 data points
2026-04-21 18:38:51,365 - INFO - Pre-baseline: 4 stable readings, avg=15.315500g
2026-04-21 18:38:51,365 - INFO - Post-baseline: 5 stable readings, avg=15.363800g
2026-04-21 18:38:51,366 - INFO - INDEPENDENT BASELINE calculation:
2026-04-21 18:38:51,366 - INFO - Pre: STABLE, Post: STABLE, Mass difference: 0.048300g
2026-04-21 18:38:51,367 - INFO - Reading summary: 6 pre-readings (4 stable), 5 post-readings (5 stable)
2026-04-21 18:38:51,367 - INFO - Baseline variability: pre_std=0.000137g, post_std=0.000000g
2026-04-21 18:38:51,367 - INFO - Target: 0.050 mL = ~0.050000 g for water
2026-04-21 18:38:51,369 - INFO - Saved 34 mass measurements to output\mass_measurements\experiment_log2026-04-21_18-34-52\mass_data_PVA_DMSO_20260421_183851.csv
2026-04-21 18:38:51,945 - INFO - Saved dispense mass vs time plot to output\mass_measurements\experiment_log2026-04-21_18-34-52\mass_plot_PVA_DMSO_20260421_183851.png
2026-04-21 18:38:51,946 - INFO - Removing pipet
2026-04-21 18:38:55,254 - INFO - Vial PVA_DMSO already at clamp index 0, no move needed
2026-04-21 18:39:08,559 - INFO - Vial PVA_DMSO already at clamp index 0, no move needed
2026-04-21 18:39:08,745 - DEBUG - Applied dict param aspirate_speed=27
2026-04-21 18:39:08,745 - DEBUG - Applied dict param dispense_speed=2
2026-04-21 18:39:08,745 - DEBUG - Applied dict param aspirate_wait_time=0.0
2026-04-21 18:39:08,745 - DEBUG - Applied dict param dispense_wait_time=2.8000000000000003
2026-04-21 18:39:08,746 - DEBUG - Applied dict param pre_asp_air_vol=0.0
2026-04-21 18:39:08,746 - DEBUG - Applied dict param retract_speed=5.0
2026-04-21 18:39:08,746 - DEBUG - Applied dict param blowout_vol=0.154
2026-04-21 18:39:08,746 - DEBUG - Applied dict param post_asp_air_vol=0.0
2026-04-21 18:39:08,746 - DEBUG - Applied dict param post_retract_wait_time=0.0
2026-04-21 18:39:08,746 - DEBUG - Applied dict param overaspirate_vol=0.0074
2026-04-21 18:39:08,746 - DEBUG - Applied dict param asp_disp_cycles=0
2026-04-21 18:39:08,747 - DEBUG - Selected small_tip for volume 0.050 mL
2026-04-21 18:39:08,749 - INFO - Getting small_tip (pipet number 6) from rack: small_tip_rack_1
2026-04-21 18:39:11,588 - INFO - Pipetting from vial PVA_DMSO, amount: 0.050 mL
2026-04-21 18:39:11,589 - INFO - Additional volume from calibration, amount: 0.007 mL
2026-04-21 18:39:11,590 - DEBUG - Adjusting pump 0 speed to 10
2026-04-21 18:39:13,870 - DEBUG - Adjusting pump 0 speed to 27
2026-04-21 18:39:14,896 - DEBUG - Aspirating 0.057 mL then waiting 0.0 s
2026-04-21 18:39:19,633 - DEBUG - Applied dict param aspirate_speed=27
2026-04-21 18:39:19,633 - DEBUG - Applied dict param dispense_speed=2
2026-04-21 18:39:19,633 - DEBUG - Applied dict param aspirate_wait_time=0.0
2026-04-21 18:39:19,633 - DEBUG - Applied dict param dispense_wait_time=2.8000000000000003
2026-04-21 18:39:19,633 - DEBUG - Applied dict param pre_asp_air_vol=0.0
2026-04-21 18:39:19,633 - DEBUG - Applied dict param retract_speed=5.0
2026-04-21 18:39:19,633 - DEBUG - Applied dict param blowout_vol=0.154
2026-04-21 18:39:19,633 - DEBUG - Applied dict param post_asp_air_vol=0.0
2026-04-21 18:39:19,634 - DEBUG - Applied dict param post_retract_wait_time=0.0
2026-04-21 18:39:19,634 - DEBUG - Applied dict param overaspirate_vol=0.0074
2026-04-21 18:39:19,634 - DEBUG - Applied dict param asp_disp_cycles=0
2026-04-21 18:39:19,635 - INFO - Pipetting into vial PVA_DMSO, amount: 0.050 mL
2026-04-21 18:39:19,636 - DEBUG - Adjusting pump 0 speed to 2
2026-04-21 18:39:21,502 - INFO - Short wait time (1.0s), allowing scale to settle after robot positioning...
2026-04-21 18:39:22,509 - INFO - Started continuous mass monitoring with pre-dispense baseline
2026-04-21 18:39:22,745 - DEBUG - Mass: 15.3124g at 0.000s (baseline_pre) steady=True
2026-04-21 18:39:23,145 - DEBUG - Mass: 15.3124g at 0.437s (baseline_pre) steady=True
2026-04-21 18:39:23,545 - DEBUG - Mass: 15.3124g at 0.843s (baseline_pre) steady=True
2026-04-21 18:39:23,945 - DEBUG - Mass: 15.3124g at 1.242s (baseline_pre) steady=True
2026-04-21 18:39:24,345 - DEBUG - Mass: 15.3124g at 1.653s (baseline_pre) steady=True
2026-04-21 18:39:24,520 - DEBUG - Dispensing 0.057 mL then waiting 2.8000000000000003 s
2026-04-21 18:39:24,745 - DEBUG - Mass: 15.3124g at 2.043s (dispensing) steady=True
2026-04-21 18:39:24,897 - DEBUG - Blowing out 0.154 mL
2026-04-21 18:39:24,897 - DEBUG - Adjusting pump 0 speed to 5
2026-04-21 18:39:25,144 - DEBUG - Mass: 15.3498g at 2.453s (dispensing) steady=False
2026-04-21 18:39:25,543 - DEBUG - Mass: 15.3755g at 2.846s (dispensing) steady=False
2026-04-21 18:39:25,943 - DEBUG - Mass: 15.3702g at 3.237s (dispensing) steady=False
2026-04-21 18:39:26,155 - DEBUG - Adjusting pump 0 speed to 2
2026-04-21 18:39:26,344 - DEBUG - Mass: 15.3693g at 3.648s (dispensing) steady=False
2026-04-21 18:39:26,743 - DEBUG - Mass: 15.3733g at 4.036s (dispensing) steady=False
2026-04-21 18:39:27,143 - DEBUG - Mass: 15.3745g at 4.443s (dispensing) steady=False
2026-04-21 18:39:27,544 - DEBUG - Mass: 15.3700g at 4.836s (dispensing) steady=False
2026-04-21 18:39:27,943 - DEBUG - Mass: 15.3682g at 5.245s (dispensing) steady=False
2026-04-21 18:39:28,343 - DEBUG - Mass: 15.3679g at 5.636s (dispensing) steady=False
2026-04-21 18:39:28,743 - DEBUG - Mass: 15.3676g at 6.045s (dispensing) steady=False
2026-04-21 18:39:29,146 - DEBUG - Mass: 15.3679g at 6.439s (dispensing) steady=True
2026-04-21 18:39:29,545 - DEBUG - Mass: 15.3679g at 6.848s (dispensing) steady=True
2026-04-21 18:39:29,944 - DEBUG - Mass: 15.3679g at 7.242s (dispensing) steady=True
2026-04-21 18:39:30,107 - INFO - Dispensing took 5.587s, collecting post-dispense baseline
2026-04-21 18:39:30,346 - DEBUG - Mass: 15.3679g at 7.646s (baseline_post) steady=True
2026-04-21 18:39:30,745 - DEBUG - Mass: 15.3679g at 8.038s (baseline_post) steady=True
2026-04-21 18:39:31,144 - DEBUG - Mass: 15.3679g at 8.447s (baseline_post) steady=True
2026-04-21 18:39:31,545 - DEBUG - Mass: 15.3679g at 8.840s (baseline_post) steady=True
2026-04-21 18:39:31,945 - DEBUG - Mass: 15.3679g at 9.251s (baseline_post) steady=True
2026-04-21 18:39:32,150 - INFO - Stopped continuous mass monitoring. Collected 24 data points
2026-04-21 18:39:32,153 - INFO - Pre-baseline: 5 stable readings, avg=15.312400g
2026-04-21 18:39:32,153 - INFO - Post-baseline: 5 stable readings, avg=15.367900g
2026-04-21 18:39:32,154 - INFO - INDEPENDENT BASELINE calculation:
2026-04-21 18:39:32,154 - INFO - Pre: STABLE, Post: STABLE, Mass difference: 0.055500g
2026-04-21 18:39:32,155 - INFO - Reading summary: 5 pre-readings (5 stable), 5 post-readings (5 stable)
2026-04-21 18:39:32,155 - INFO - Baseline variability: pre_std=0.000000g, post_std=0.000000g
2026-04-21 18:39:32,155 - INFO - Target: 0.050 mL = ~0.050000 g for water
2026-04-21 18:39:32,159 - INFO - Saved 24 mass measurements to output\mass_measurements\experiment_log2026-04-21_18-34-52\mass_data_PVA_DMSO_20260421_183932.csv
2026-04-21 18:39:32,605 - INFO - Saved dispense mass vs time plot to output\mass_measurements\experiment_log2026-04-21_18-34-52\mass_plot_PVA_DMSO_20260421_183932.png
2026-04-21 18:39:32,605 - INFO - Removing pipet
2026-04-21 18:39:35,938 - INFO - Vial PVA_DMSO already at clamp index 0, no move needed
2026-04-21 18:39:37,751 - INFO - Vial PVA_DMSO already at clamp index 0, no move needed
2026-04-21 18:39:37,945 - DEBUG - Applied dict param aspirate_speed=27
2026-04-21 18:39:37,945 - DEBUG - Applied dict param dispense_speed=2
2026-04-21 18:39:37,945 - DEBUG - Applied dict param aspirate_wait_time=0.0
2026-04-21 18:39:37,945 - DEBUG - Applied dict param dispense_wait_time=2.8000000000000003
2026-04-21 18:39:37,945 - DEBUG - Applied dict param pre_asp_air_vol=0.0
2026-04-21 18:39:37,945 - DEBUG - Applied dict param retract_speed=5.0
2026-04-21 18:39:37,945 - DEBUG - Applied dict param blowout_vol=0.154
2026-04-21 18:39:37,945 - DEBUG - Applied dict param post_asp_air_vol=0.0
2026-04-21 18:39:37,945 - DEBUG - Applied dict param post_retract_wait_time=0.0
2026-04-21 18:39:37,945 - DEBUG - Applied dict param overaspirate_vol=0.0074
2026-04-21 18:39:37,945 - DEBUG - Applied dict param asp_disp_cycles=0
2026-04-21 18:39:37,947 - DEBUG - Selected small_tip for volume 0.050 mL
2026-04-21 18:39:37,948 - INFO - Getting small_tip (pipet number 7) from rack: small_tip_rack_1
2026-04-21 18:39:40,793 - INFO - Pipetting from vial PVA_DMSO, amount: 0.050 mL
2026-04-21 18:39:40,793 - INFO - Additional volume from calibration, amount: 0.007 mL
2026-04-21 18:39:40,794 - DEBUG - Adjusting pump 0 speed to 10
2026-04-21 18:39:43,058 - DEBUG - Adjusting pump 0 speed to 27
2026-04-21 18:39:44,078 - DEBUG - Aspirating 0.057 mL then waiting 0.0 s
2026-04-21 18:39:48,795 - DEBUG - Applied dict param aspirate_speed=27
2026-04-21 18:39:48,795 - DEBUG - Applied dict param dispense_speed=2
2026-04-21 18:39:48,795 - DEBUG - Applied dict param aspirate_wait_time=0.0
2026-04-21 18:39:48,795 - DEBUG - Applied dict param dispense_wait_time=2.8000000000000003
2026-04-21 18:39:48,795 - DEBUG - Applied dict param pre_asp_air_vol=0.0
2026-04-21 18:39:48,795 - DEBUG - Applied dict param retract_speed=5.0
2026-04-21 18:39:48,795 - DEBUG - Applied dict param blowout_vol=0.154
2026-04-21 18:39:48,795 - DEBUG - Applied dict param post_asp_air_vol=0.0
2026-04-21 18:39:48,795 - DEBUG - Applied dict param post_retract_wait_time=0.0
2026-04-21 18:39:48,795 - DEBUG - Applied dict param overaspirate_vol=0.0074
2026-04-21 18:39:48,795 - DEBUG - Applied dict param asp_disp_cycles=0
2026-04-21 18:39:48,797 - INFO - Pipetting into vial PVA_DMSO, amount: 0.050 mL
2026-04-21 18:39:48,798 - DEBUG - Adjusting pump 0 speed to 2
2026-04-21 18:39:50,655 - INFO - Short wait time (1.0s), allowing scale to settle after robot positioning...
2026-04-21 18:39:51,661 - INFO - Started continuous mass monitoring with pre-dispense baseline
2026-04-21 18:39:51,943 - DEBUG - Mass: 15.3057g at 0.000s (baseline_pre) steady=False
2026-04-21 18:39:52,345 - DEBUG - Mass: 15.3057g at 0.485s (baseline_pre) steady=True
2026-04-21 18:39:52,745 - DEBUG - Mass: 15.3056g at 0.894s (baseline_pre) steady=True
2026-04-21 18:39:53,145 - DEBUG - Mass: 15.3056g at 1.286s (baseline_pre) steady=True
2026-04-21 18:39:53,544 - DEBUG - Mass: 15.3056g at 1.695s (baseline_pre) steady=True
2026-04-21 18:39:53,671 - DEBUG - Dispensing 0.057 mL then waiting 2.8000000000000003 s
2026-04-21 18:39:53,945 - DEBUG - Mass: 15.3056g at 2.088s (dispensing) steady=True
2026-04-21 18:39:54,017 - DEBUG - Blowing out 0.154 mL
2026-04-21 18:39:54,017 - DEBUG - Adjusting pump 0 speed to 5
2026-04-21 18:39:54,344 - DEBUG - Mass: 15.3466g at 2.499s (dispensing) steady=False
2026-04-21 18:39:54,744 - DEBUG - Mass: 15.3591g at 2.890s (dispensing) steady=False
2026-04-21 18:39:55,143 - DEBUG - Mass: 15.3559g at 3.298s (dispensing) steady=False
2026-04-21 18:39:55,210 - DEBUG - Adjusting pump 0 speed to 2
2026-04-21 18:39:55,544 - DEBUG - Mass: 15.3565g at 3.690s (dispensing) steady=False
2026-04-21 18:39:55,944 - DEBUG - Mass: 15.3588g at 4.096s (dispensing) steady=False
2026-04-21 18:39:56,343 - DEBUG - Mass: 15.3641g at 4.488s (dispensing) steady=False
2026-04-21 18:39:56,743 - DEBUG - Mass: 15.3618g at 4.898s (dispensing) steady=False
2026-04-21 18:39:57,144 - DEBUG - Mass: 15.3616g at 5.290s (dispensing) steady=False
2026-04-21 18:39:57,543 - DEBUG - Mass: 15.3620g at 5.698s (dispensing) steady=False
2026-04-21 18:39:57,943 - DEBUG - Mass: 15.3616g at 6.091s (dispensing) steady=False
2026-04-21 18:39:58,344 - DEBUG - Mass: 15.3615g at 6.498s (dispensing) steady=False
2026-04-21 18:39:58,743 - DEBUG - Mass: 15.3612g at 6.888s (dispensing) steady=False
2026-04-21 18:39:58,958 - INFO - Dispensing took 5.287s, collecting post-dispense baseline
2026-04-21 18:39:59,144 - DEBUG - Mass: 15.3615g at 7.297s (dispensing) steady=False
2026-04-21 18:39:59,544 - DEBUG - Mass: 15.3613g at 7.690s (baseline_post) steady=False
2026-04-21 18:39:59,945 - DEBUG - Mass: 15.3614g at 8.098s (baseline_post) steady=True
2026-04-21 18:40:00,345 - DEBUG - Mass: 15.3614g at 8.492s (baseline_post) steady=True
2026-04-21 18:40:00,745 - DEBUG - Mass: 15.3614g at 8.885s (baseline_post) steady=True
2026-04-21 18:40:01,145 - DEBUG - Mass: 15.3614g at 9.290s (baseline_post) steady=True
2026-04-21 18:40:01,359 - INFO - Stopped continuous mass monitoring. Collected 24 data points
2026-04-21 18:40:01,364 - INFO - Pre-baseline: 4 stable readings, avg=15.305625g
2026-04-21 18:40:01,364 - INFO - Post-baseline: 4 stable readings, avg=15.361400g
2026-04-21 18:40:01,364 - INFO - INDEPENDENT BASELINE calculation:
2026-04-21 18:40:01,365 - INFO - Pre: STABLE, Post: STABLE, Mass difference: 0.055775g
2026-04-21 18:40:01,366 - INFO - Reading summary: 5 pre-readings (4 stable), 5 post-readings (4 stable)
2026-04-21 18:40:01,366 - INFO - Baseline variability: pre_std=0.000055g, post_std=0.000045g
2026-04-21 18:40:01,366 - INFO - Target: 0.050 mL = ~0.050000 g for water
2026-04-21 18:40:01,368 - INFO - Saved 24 mass measurements to output\mass_measurements\experiment_log2026-04-21_18-34-52\mass_data_PVA_DMSO_20260421_184001.csv
2026-04-21 18:40:01,802 - INFO - Saved dispense mass vs time plot to output\mass_measurements\experiment_log2026-04-21_18-34-52\mass_plot_PVA_DMSO_20260421_184001.png
2026-04-21 18:40:01,803 - INFO - Removing pipet
2026-04-21 18:40:05,111 - INFO - Vial PVA_DMSO already at clamp index 0, no move needed
2026-04-21 18:40:16,981 - INFO - Vial PVA_DMSO already at clamp index 0, no move needed
2026-04-21 18:40:17,144 - DEBUG - Applied dict param aspirate_speed=30
2026-04-21 18:40:17,144 - DEBUG - Applied dict param dispense_speed=15
2026-04-21 18:40:17,144 - DEBUG - Applied dict param aspirate_wait_time=0.0
2026-04-21 18:40:17,145 - DEBUG - Applied dict param dispense_wait_time=3.2
2026-04-21 18:40:17,145 - DEBUG - Applied dict param pre_asp_air_vol=0.0
2026-04-21 18:40:17,145 - DEBUG - Applied dict param retract_speed=5.0
2026-04-21 18:40:17,145 - DEBUG - Applied dict param blowout_vol=0.147
2026-04-21 18:40:17,145 - DEBUG - Applied dict param post_asp_air_vol=0.0
2026-04-21 18:40:17,145 - DEBUG - Applied dict param post_retract_wait_time=0.0
2026-04-21 18:40:17,145 - DEBUG - Applied dict param overaspirate_vol=0.02
2026-04-21 18:40:17,145 - DEBUG - Applied dict param asp_disp_cycles=0
2026-04-21 18:40:17,147 - DEBUG - Selected small_tip for volume 0.050 mL
2026-04-21 18:40:17,148 - INFO - Getting small_tip (pipet number 8) from rack: small_tip_rack_1
2026-04-21 18:40:19,957 - INFO - Pipetting from vial PVA_DMSO, amount: 0.050 mL
2026-04-21 18:40:19,957 - INFO - Additional volume from calibration, amount: 0.020 mL
2026-04-21 18:40:19,959 - DEBUG - Adjusting pump 0 speed to 10
2026-04-21 18:40:22,213 - DEBUG - Adjusting pump 0 speed to 30
2026-04-21 18:40:23,243 - DEBUG - Aspirating 0.070 mL then waiting 0.0 s
2026-04-21 18:40:30,711 - DEBUG - Applied dict param aspirate_speed=30
2026-04-21 18:40:30,711 - DEBUG - Applied dict param dispense_speed=15
2026-04-21 18:40:30,711 - DEBUG - Applied dict param aspirate_wait_time=0.0
2026-04-21 18:40:30,711 - DEBUG - Applied dict param dispense_wait_time=3.2
2026-04-21 18:40:30,711 - DEBUG - Applied dict param pre_asp_air_vol=0.0
2026-04-21 18:40:30,711 - DEBUG - Applied dict param retract_speed=5.0
2026-04-21 18:40:30,711 - DEBUG - Applied dict param blowout_vol=0.147
2026-04-21 18:40:30,711 - DEBUG - Applied dict param post_asp_air_vol=0.0
2026-04-21 18:40:30,711 - DEBUG - Applied dict param post_retract_wait_time=0.0
2026-04-21 18:40:30,711 - DEBUG - Applied dict param overaspirate_vol=0.02
2026-04-21 18:40:30,711 - DEBUG - Applied dict param asp_disp_cycles=0
2026-04-21 18:40:30,713 - INFO - Pipetting into vial PVA_DMSO, amount: 0.050 mL
2026-04-21 18:40:30,713 - DEBUG - Adjusting pump 0 speed to 15
2026-04-21 18:40:32,569 - INFO - Short wait time (1.0s), allowing scale to settle after robot positioning...
2026-04-21 18:40:33,575 - INFO - Started continuous mass monitoring with pre-dispense baseline
2026-04-21 18:40:33,744 - DEBUG - Mass: 15.2774g at 0.000s (baseline_pre) steady=True
2026-04-21 18:40:34,145 - DEBUG - Mass: 15.2775g at 0.378s (baseline_pre) steady=True
2026-04-21 18:40:34,545 - DEBUG - Mass: 15.2775g at 0.773s (baseline_pre) steady=True
2026-04-21 18:40:34,945 - DEBUG - Mass: 15.2775g at 1.179s (baseline_pre) steady=True
2026-04-21 18:40:35,346 - DEBUG - Mass: 15.2775g at 1.571s (baseline_pre) steady=True
2026-04-21 18:40:35,588 - DEBUG - Dispensing 0.070 mL then waiting 3.2 s
2026-04-21 18:40:35,745 - DEBUG - Mass: 15.2775g at 1.981s (baseline_pre) steady=True
2026-04-21 18:40:36,144 - DEBUG - Mass: 15.2806g at 2.371s (dispensing) steady=False
2026-04-21 18:40:36,544 - DEBUG - Mass: 15.3084g at 2.779s (dispensing) steady=False
2026-04-21 18:40:36,608 - DEBUG - Blowing out 0.147 mL
2026-04-21 18:40:36,608 - DEBUG - Adjusting pump 0 speed to 5
2026-04-21 18:40:36,943 - DEBUG - Mass: 15.3394g at 3.174s (dispensing) steady=False
2026-04-21 18:40:37,344 - DEBUG - Mass: 15.3486g at 3.582s (dispensing) steady=False
2026-04-21 18:40:37,744 - DEBUG - Mass: 15.3512g at 3.975s (dispensing) steady=False
2026-04-21 18:40:37,816 - DEBUG - Adjusting pump 0 speed to 15
2026-04-21 18:40:38,143 - DEBUG - Mass: 15.3516g at 4.381s (dispensing) steady=False
2026-04-21 18:40:38,544 - DEBUG - Mass: 15.3545g at 4.773s (dispensing) steady=False
2026-04-21 18:40:38,944 - DEBUG - Mass: 15.3553g at 5.178s (dispensing) steady=False
2026-04-21 18:40:39,343 - DEBUG - Mass: 15.3559g at 5.570s (dispensing) steady=False
2026-04-21 18:40:39,743 - DEBUG - Mass: 15.3558g at 5.978s (dispensing) steady=False
2026-04-21 18:40:40,144 - DEBUG - Mass: 15.3530g at 6.372s (dispensing) steady=False
2026-04-21 18:40:40,543 - DEBUG - Mass: 15.3509g at 6.779s (dispensing) steady=False
2026-04-21 18:40:40,942 - DEBUG - Mass: 15.3511g at 7.172s (dispensing) steady=False
2026-04-21 18:40:41,344 - DEBUG - Mass: 15.3511g at 7.579s (dispensing) steady=False
2026-04-21 18:40:41,745 - DEBUG - Mass: 15.3509g at 7.971s (dispensing) steady=True
2026-04-21 18:40:42,145 - DEBUG - Mass: 15.3509g at 8.381s (dispensing) steady=True
2026-04-21 18:40:42,545 - DEBUG - Mass: 15.3509g at 8.773s (dispensing) steady=True
2026-04-21 18:40:42,945 - DEBUG - Mass: 15.3509g at 9.178s (dispensing) steady=True
2026-04-21 18:40:43,114 - INFO - Dispensing took 7.526s, collecting post-dispense baseline
2026-04-21 18:40:43,345 - DEBUG - Mass: 15.3509g at 9.586s (baseline_post) steady=True
2026-04-21 18:40:43,744 - DEBUG - Mass: 15.3509g at 9.978s (baseline_post) steady=True
2026-04-21 18:40:44,145 - DEBUG - Mass: 15.3509g at 10.384s (baseline_post) steady=True
2026-04-21 18:40:44,545 - DEBUG - Mass: 15.3509g at 10.778s (baseline_post) steady=True
2026-04-21 18:40:44,945 - DEBUG - Mass: 15.3509g at 11.185s (baseline_post) steady=True
2026-04-21 18:40:45,152 - INFO - Stopped continuous mass monitoring. Collected 29 data points
2026-04-21 18:40:45,155 - INFO - Pre-baseline: 6 stable readings, avg=15.277483g
2026-04-21 18:40:45,155 - INFO - Post-baseline: 5 stable readings, avg=15.350900g
2026-04-21 18:40:45,156 - INFO - INDEPENDENT BASELINE calculation:
2026-04-21 18:40:45,156 - INFO - Pre: STABLE, Post: STABLE, Mass difference: 0.073417g
2026-04-21 18:40:45,157 - INFO - Reading summary: 6 pre-readings (6 stable), 5 post-readings (5 stable)
2026-04-21 18:40:45,157 - INFO - Baseline variability: pre_std=0.000041g, post_std=0.000000g
2026-04-21 18:40:45,157 - INFO - Target: 0.050 mL = ~0.050000 g for water
2026-04-21 18:40:45,160 - INFO - Saved 29 mass measurements to output\mass_measurements\experiment_log2026-04-21_18-34-52\mass_data_PVA_DMSO_20260421_184045.csv
2026-04-21 18:40:45,609 - INFO - Saved dispense mass vs time plot to output\mass_measurements\experiment_log2026-04-21_18-34-52\mass_plot_PVA_DMSO_20260421_184045.png
2026-04-21 18:40:45,609 - INFO - Removing pipet
2026-04-21 18:40:48,920 - INFO - Vial PVA_DMSO already at clamp index 0, no move needed
2026-04-21 18:40:52,751 - INFO - Vial PVA_DMSO already at clamp index 0, no move needed
2026-04-21 18:40:52,946 - DEBUG - Applied dict param aspirate_speed=30
2026-04-21 18:40:52,946 - DEBUG - Applied dict param dispense_speed=15
2026-04-21 18:40:52,946 - DEBUG - Applied dict param aspirate_wait_time=0.0
2026-04-21 18:40:52,946 - DEBUG - Applied dict param dispense_wait_time=3.2
2026-04-21 18:40:52,946 - DEBUG - Applied dict param pre_asp_air_vol=0.0
2026-04-21 18:40:52,946 - DEBUG - Applied dict param retract_speed=5.0
2026-04-21 18:40:52,946 - DEBUG - Applied dict param blowout_vol=0.147
2026-04-21 18:40:52,946 - DEBUG - Applied dict param post_asp_air_vol=0.0
2026-04-21 18:40:52,947 - DEBUG - Applied dict param post_retract_wait_time=0.0
2026-04-21 18:40:52,947 - DEBUG - Applied dict param overaspirate_vol=0.02
2026-04-21 18:40:52,947 - DEBUG - Applied dict param asp_disp_cycles=0
2026-04-21 18:40:52,948 - DEBUG - Selected small_tip for volume 0.050 mL
2026-04-21 18:40:52,949 - INFO - Getting small_tip (pipet number 9) from rack: small_tip_rack_1
2026-04-21 18:40:55,751 - INFO - Pipetting from vial PVA_DMSO, amount: 0.050 mL
2026-04-21 18:40:55,751 - INFO - Additional volume from calibration, amount: 0.020 mL
2026-04-21 18:40:55,753 - DEBUG - Adjusting pump 0 speed to 10
2026-04-21 18:40:58,012 - DEBUG - Adjusting pump 0 speed to 30
2026-04-21 18:40:59,054 - DEBUG - Aspirating 0.070 mL then waiting 0.0 s
2026-04-21 18:41:06,529 - DEBUG - Applied dict param aspirate_speed=30
2026-04-21 18:41:06,529 - DEBUG - Applied dict param dispense_speed=15
2026-04-21 18:41:06,529 - DEBUG - Applied dict param aspirate_wait_time=0.0
2026-04-21 18:41:06,529 - DEBUG - Applied dict param dispense_wait_time=3.2
2026-04-21 18:41:06,529 - DEBUG - Applied dict param pre_asp_air_vol=0.0
2026-04-21 18:41:06,529 - DEBUG - Applied dict param retract_speed=5.0
2026-04-21 18:41:06,529 - DEBUG - Applied dict param blowout_vol=0.147
2026-04-21 18:41:06,530 - DEBUG - Applied dict param post_asp_air_vol=0.0
2026-04-21 18:41:06,530 - DEBUG - Applied dict param post_retract_wait_time=0.0
2026-04-21 18:41:06,530 - DEBUG - Applied dict param overaspirate_vol=0.02
2026-04-21 18:41:06,530 - DEBUG - Applied dict param asp_disp_cycles=0
2026-04-21 18:41:06,531 - INFO - Pipetting into vial PVA_DMSO, amount: 0.050 mL
2026-04-21 18:41:06,532 - DEBUG - Adjusting pump 0 speed to 15
2026-04-21 18:41:08,416 - INFO - Short wait time (1.0s), allowing scale to settle after robot positioning...
2026-04-21 18:41:09,430 - INFO - Started continuous mass monitoring with pre-dispense baseline
2026-04-21 18:41:09,544 - DEBUG - Mass: 15.2790g at 0.000s (baseline_pre) steady=False
2026-04-21 18:41:09,943 - DEBUG - Mass: 15.2791g at 0.315s (baseline_pre) steady=False
2026-04-21 18:41:10,345 - DEBUG - Mass: 15.2790g at 0.722s (baseline_pre) steady=True
2026-04-21 18:41:10,746 - DEBUG - Mass: 15.2790g at 1.126s (baseline_pre) steady=True
2026-04-21 18:41:11,145 - DEBUG - Mass: 15.2790g at 1.520s (baseline_pre) steady=True
2026-04-21 18:41:11,435 - DEBUG - Dispensing 0.070 mL then waiting 3.2 s
2026-04-21 18:41:11,545 - DEBUG - Mass: 15.2790g at 1.926s (baseline_pre) steady=True
2026-04-21 18:41:11,946 - DEBUG - Mass: 15.2790g at 2.319s (dispensing) steady=True
2026-04-21 18:41:12,343 - DEBUG - Mass: 15.3108g at 2.726s (dispensing) steady=False
2026-04-21 18:41:12,406 - DEBUG - Blowing out 0.147 mL
2026-04-21 18:41:12,406 - DEBUG - Adjusting pump 0 speed to 5
2026-04-21 18:41:12,744 - DEBUG - Mass: 15.3419g at 3.120s (dispensing) steady=False
2026-04-21 18:41:13,144 - DEBUG - Mass: 15.3531g at 3.526s (dispensing) steady=False
2026-04-21 18:41:13,543 - DEBUG - Mass: 15.3521g at 3.916s (dispensing) steady=False
2026-04-21 18:41:13,616 - DEBUG - Adjusting pump 0 speed to 15
2026-04-21 18:41:13,944 - DEBUG - Mass: 15.3519g at 4.328s (dispensing) steady=False
2026-04-21 18:41:14,344 - DEBUG - Mass: 15.3542g at 4.720s (dispensing) steady=False
2026-04-21 18:41:14,743 - DEBUG - Mass: 15.3571g at 5.129s (dispensing) steady=False
2026-04-21 18:41:15,144 - DEBUG - Mass: 15.3579g at 5.519s (dispensing) steady=False
2026-04-21 18:41:15,544 - DEBUG - Mass: 15.3581g at 5.927s (dispensing) steady=False
2026-04-21 18:41:15,943 - DEBUG - Mass: 15.3554g at 6.321s (dispensing) steady=False
2026-04-21 18:41:16,343 - DEBUG - Mass: 15.3533g at 6.729s (dispensing) steady=False
2026-04-21 18:41:16,744 - DEBUG - Mass: 15.3530g at 7.118s (dispensing) steady=False
2026-04-21 18:41:17,144 - DEBUG - Mass: 15.3528g at 7.527s (dispensing) steady=False
2026-04-21 18:41:17,545 - DEBUG - Mass: 15.3531g at 7.920s (dispensing) steady=True
2026-04-21 18:41:17,946 - DEBUG - Mass: 15.3531g at 8.323s (dispensing) steady=True
2026-04-21 18:41:18,346 - DEBUG - Mass: 15.3531g at 8.729s (dispensing) steady=True
2026-04-21 18:41:18,745 - DEBUG - Mass: 15.3531g at 9.123s (dispensing) steady=True
2026-04-21 18:41:18,976 - INFO - Dispensing took 7.542s, collecting post-dispense baseline
2026-04-21 18:41:19,145 - DEBUG - Mass: 15.3531g at 9.531s (dispensing) steady=True
2026-04-21 18:41:19,545 - DEBUG - Mass: 15.3531g at 9.922s (baseline_post) steady=True
2026-04-21 18:41:19,945 - DEBUG - Mass: 15.3531g at 10.319s (baseline_post) steady=True
2026-04-21 18:41:20,345 - DEBUG - Mass: 15.3531g at 10.726s (baseline_post) steady=True
2026-04-21 18:41:20,746 - DEBUG - Mass: 15.3531g at 11.119s (baseline_post) steady=True
2026-04-21 18:41:21,146 - DEBUG - Mass: 15.3531g at 11.525s (baseline_post) steady=True
2026-04-21 18:41:21,349 - INFO - Stopped continuous mass monitoring. Collected 30 data points
2026-04-21 18:41:21,352 - INFO - Pre-baseline: 4 stable readings, avg=15.279000g
2026-04-21 18:41:21,353 - INFO - Post-baseline: 5 stable readings, avg=15.353100g
2026-04-21 18:41:21,353 - INFO - INDEPENDENT BASELINE calculation:
2026-04-21 18:41:21,353 - INFO - Pre: STABLE, Post: STABLE, Mass difference: 0.074100g
2026-04-21 18:41:21,354 - INFO - Reading summary: 6 pre-readings (4 stable), 5 post-readings (5 stable)
2026-04-21 18:41:21,354 - INFO - Baseline variability: pre_std=0.000041g, post_std=0.000000g
2026-04-21 18:41:21,354 - INFO - Target: 0.050 mL = ~0.050000 g for water
2026-04-21 18:41:21,357 - INFO - Saved 30 mass measurements to output\mass_measurements\experiment_log2026-04-21_18-34-52\mass_data_PVA_DMSO_20260421_184121.csv
2026-04-21 18:41:21,829 - INFO - Saved dispense mass vs time plot to output\mass_measurements\experiment_log2026-04-21_18-34-52\mass_plot_PVA_DMSO_20260421_184121.png
2026-04-21 18:41:21,829 - INFO - Removing pipet
2026-04-21 18:41:25,143 - INFO - Vial PVA_DMSO already at clamp index 0, no move needed
2026-04-21 18:41:38,506 - INFO - Vial PVA_DMSO already at clamp index 0, no move needed
2026-04-21 18:41:38,746 - DEBUG - Applied dict param aspirate_speed=27
2026-04-21 18:41:38,746 - DEBUG - Applied dict param dispense_speed=2
2026-04-21 18:41:38,746 - DEBUG - Applied dict param aspirate_wait_time=0.0
2026-04-21 18:41:38,746 - DEBUG - Applied dict param dispense_wait_time=1.9000000000000001
2026-04-21 18:41:38,746 - DEBUG - Applied dict param pre_asp_air_vol=0.0
2026-04-21 18:41:38,746 - DEBUG - Applied dict param retract_speed=5.0
2026-04-21 18:41:38,746 - DEBUG - Applied dict param blowout_vol=0.135
2026-04-21 18:41:38,746 - DEBUG - Applied dict param post_asp_air_vol=0.0
2026-04-21 18:41:38,746 - DEBUG - Applied dict param post_retract_wait_time=0.0
2026-04-21 18:41:38,746 - DEBUG - Applied dict param overaspirate_vol=0.0045000000000000005
2026-04-21 18:41:38,746 - DEBUG - Applied dict param asp_disp_cycles=0
2026-04-21 18:41:38,747 - DEBUG - Selected small_tip for volume 0.050 mL
2026-04-21 18:41:38,748 - INFO - Getting small_tip (pipet number 10) from rack: small_tip_rack_1
2026-04-21 18:41:41,542 - INFO - Pipetting from vial PVA_DMSO, amount: 0.050 mL
2026-04-21 18:41:41,542 - INFO - Additional volume from calibration, amount: 0.005 mL
2026-04-21 18:41:41,544 - DEBUG - Adjusting pump 0 speed to 10
2026-04-21 18:41:43,783 - DEBUG - Adjusting pump 0 speed to 27
2026-04-21 18:41:44,813 - DEBUG - Aspirating 0.055 mL then waiting 0.0 s
2026-04-21 18:41:49,411 - DEBUG - Applied dict param aspirate_speed=27
2026-04-21 18:41:49,411 - DEBUG - Applied dict param dispense_speed=2
2026-04-21 18:41:49,411 - DEBUG - Applied dict param aspirate_wait_time=0.0
2026-04-21 18:41:49,411 - DEBUG - Applied dict param dispense_wait_time=1.9000000000000001
2026-04-21 18:41:49,411 - DEBUG - Applied dict param pre_asp_air_vol=0.0
2026-04-21 18:41:49,411 - DEBUG - Applied dict param retract_speed=5.0
2026-04-21 18:41:49,411 - DEBUG - Applied dict param blowout_vol=0.135
2026-04-21 18:41:49,411 - DEBUG - Applied dict param post_asp_air_vol=0.0
2026-04-21 18:41:49,411 - DEBUG - Applied dict param post_retract_wait_time=0.0
2026-04-21 18:41:49,411 - DEBUG - Applied dict param overaspirate_vol=0.0045000000000000005
2026-04-21 18:41:49,411 - DEBUG - Applied dict param asp_disp_cycles=0
2026-04-21 18:41:49,413 - INFO - Pipetting into vial PVA_DMSO, amount: 0.050 mL
2026-04-21 18:41:49,414 - DEBUG - Adjusting pump 0 speed to 2
2026-04-21 18:41:51,260 - INFO - Short wait time (1.0s), allowing scale to settle after robot positioning...
2026-04-21 18:41:52,276 - INFO - Started continuous mass monitoring with pre-dispense baseline
2026-04-21 18:41:52,545 - DEBUG - Mass: 15.2988g at 0.000s (baseline_pre) steady=True
2026-04-21 18:41:52,946 - DEBUG - Mass: 15.2988g at 0.484s (baseline_pre) steady=True
2026-04-21 18:41:53,345 - DEBUG - Mass: 15.2988g at 0.877s (baseline_pre) steady=True
2026-04-21 18:41:53,745 - DEBUG - Mass: 15.2988g at 1.282s (baseline_pre) steady=True
2026-04-21 18:41:54,145 - DEBUG - Mass: 15.2988g at 1.674s (baseline_pre) steady=True
2026-04-21 18:41:54,278 - DEBUG - Dispensing 0.055 mL then waiting 1.9000000000000001 s
2026-04-21 18:41:54,546 - DEBUG - Mass: 15.2988g at 2.082s (dispensing) steady=True
2026-04-21 18:41:54,623 - DEBUG - Blowing out 0.135 mL
2026-04-21 18:41:54,623 - DEBUG - Adjusting pump 0 speed to 5
2026-04-21 18:41:54,944 - DEBUG - Mass: 15.3356g at 2.473s (dispensing) steady=False
2026-04-21 18:41:55,344 - DEBUG - Mass: 15.3552g at 2.881s (dispensing) steady=False
2026-04-21 18:41:55,628 - DEBUG - Adjusting pump 0 speed to 2
2026-04-21 18:41:55,744 - DEBUG - Mass: 15.3518g at 3.275s (dispensing) steady=False
2026-04-21 18:41:56,143 - DEBUG - Mass: 15.3575g at 3.682s (dispensing) steady=False
2026-04-21 18:41:56,544 - DEBUG - Mass: 15.3567g at 4.076s (dispensing) steady=False
2026-04-21 18:41:56,944 - DEBUG - Mass: 15.3535g at 4.481s (dispensing) steady=False
2026-04-21 18:41:57,343 - DEBUG - Mass: 15.3523g at 4.877s (dispensing) steady=False
2026-04-21 18:41:57,744 - DEBUG - Mass: 15.3520g at 5.270s (dispensing) steady=False
2026-04-21 18:41:58,144 - DEBUG - Mass: 15.3519g at 5.674s (dispensing) steady=False
2026-04-21 18:41:58,543 - DEBUG - Mass: 15.3519g at 6.081s (dispensing) steady=False
2026-04-21 18:41:58,607 - INFO - Dispensing took 4.329s, collecting post-dispense baseline
2026-04-21 18:41:58,944 - DEBUG - Mass: 15.3520g at 6.475s (baseline_post) steady=False
2026-04-21 18:41:59,346 - DEBUG - Mass: 15.3520g at 6.883s (baseline_post) steady=True
2026-04-21 18:41:59,745 - DEBUG - Mass: 15.3520g at 7.275s (baseline_post) steady=True
2026-04-21 18:42:00,145 - DEBUG - Mass: 15.3520g at 7.680s (baseline_post) steady=True
2026-04-21 18:42:00,546 - DEBUG - Mass: 15.3520g at 8.073s (baseline_post) steady=True
2026-04-21 18:42:00,757 - INFO - Stopped continuous mass monitoring. Collected 21 data points
2026-04-21 18:42:00,761 - INFO - Pre-baseline: 5 stable readings, avg=15.298800g
2026-04-21 18:42:00,762 - INFO - Post-baseline: 4 stable readings, avg=15.352000g
2026-04-21 18:42:00,762 - INFO - INDEPENDENT BASELINE calculation:
2026-04-21 18:42:00,762 - INFO - Pre: STABLE, Post: STABLE, Mass difference: 0.053200g
2026-04-21 18:42:00,763 - INFO - Reading summary: 5 pre-readings (5 stable), 5 post-readings (4 stable)
2026-04-21 18:42:00,764 - INFO - Baseline variability: pre_std=0.000000g, post_std=0.000000g
2026-04-21 18:42:00,764 - INFO - Target: 0.050 mL = ~0.050000 g for water
2026-04-21 18:42:00,767 - INFO - Saved 21 mass measurements to output\mass_measurements\experiment_log2026-04-21_18-34-52\mass_data_PVA_DMSO_20260421_184200.csv
2026-04-21 18:42:01,223 - INFO - Saved dispense mass vs time plot to output\mass_measurements\experiment_log2026-04-21_18-34-52\mass_plot_PVA_DMSO_20260421_184200.png
2026-04-21 18:42:01,223 - INFO - Removing pipet
2026-04-21 18:42:04,532 - INFO - Vial PVA_DMSO already at clamp index 0, no move needed
2026-04-21 18:42:06,351 - INFO - Vial PVA_DMSO already at clamp index 0, no move needed
2026-04-21 18:42:06,545 - DEBUG - Applied dict param aspirate_speed=27
2026-04-21 18:42:06,545 - DEBUG - Applied dict param dispense_speed=2
2026-04-21 18:42:06,545 - DEBUG - Applied dict param aspirate_wait_time=0.0
2026-04-21 18:42:06,545 - DEBUG - Applied dict param dispense_wait_time=1.9000000000000001
2026-04-21 18:42:06,545 - DEBUG - Applied dict param pre_asp_air_vol=0.0
2026-04-21 18:42:06,545 - DEBUG - Applied dict param retract_speed=5.0
2026-04-21 18:42:06,546 - DEBUG - Applied dict param blowout_vol=0.135
2026-04-21 18:42:06,546 - DEBUG - Applied dict param post_asp_air_vol=0.0
2026-04-21 18:42:06,546 - DEBUG - Applied dict param post_retract_wait_time=0.0
2026-04-21 18:42:06,546 - DEBUG - Applied dict param overaspirate_vol=0.0045000000000000005
2026-04-21 18:42:06,546 - DEBUG - Applied dict param asp_disp_cycles=0
2026-04-21 18:42:06,547 - DEBUG - Selected small_tip for volume 0.050 mL
2026-04-21 18:42:06,548 - INFO - Getting small_tip (pipet number 11) from rack: small_tip_rack_1
2026-04-21 18:42:09,330 - INFO - Pipetting from vial PVA_DMSO, amount: 0.050 mL
2026-04-21 18:42:09,330 - INFO - Additional volume from calibration, amount: 0.005 mL
2026-04-21 18:42:09,331 - DEBUG - Adjusting pump 0 speed to 10
2026-04-21 18:42:11,593 - DEBUG - Adjusting pump 0 speed to 27
2026-04-21 18:42:12,630 - DEBUG - Aspirating 0.055 mL then waiting 0.0 s
2026-04-21 18:42:17,194 - DEBUG - Applied dict param aspirate_speed=27
2026-04-21 18:42:17,194 - DEBUG - Applied dict param dispense_speed=2
2026-04-21 18:42:17,194 - DEBUG - Applied dict param aspirate_wait_time=0.0
2026-04-21 18:42:17,194 - DEBUG - Applied dict param dispense_wait_time=1.9000000000000001
2026-04-21 18:42:17,194 - DEBUG - Applied dict param pre_asp_air_vol=0.0
2026-04-21 18:42:17,194 - DEBUG - Applied dict param retract_speed=5.0
2026-04-21 18:42:17,194 - DEBUG - Applied dict param blowout_vol=0.135
2026-04-21 18:42:17,194 - DEBUG - Applied dict param post_asp_air_vol=0.0
2026-04-21 18:42:17,194 - DEBUG - Applied dict param post_retract_wait_time=0.0
2026-04-21 18:42:17,194 - DEBUG - Applied dict param overaspirate_vol=0.0045000000000000005
2026-04-21 18:42:17,194 - DEBUG - Applied dict param asp_disp_cycles=0
2026-04-21 18:42:17,196 - INFO - Pipetting into vial PVA_DMSO, amount: 0.050 mL
2026-04-21 18:42:17,196 - DEBUG - Adjusting pump 0 speed to 2
2026-04-21 18:42:19,045 - INFO - Short wait time (1.0s), allowing scale to settle after robot positioning...
2026-04-21 18:42:20,054 - INFO - Started continuous mass monitoring with pre-dispense baseline
2026-04-21 18:42:20,143 - DEBUG - Mass: 15.3058g at 0.000s (baseline_pre) steady=False
2026-04-21 18:42:20,545 - DEBUG - Mass: 15.3059g at 0.299s (baseline_pre) steady=True
2026-04-21 18:42:20,945 - DEBUG - Mass: 15.3059g at 0.692s (baseline_pre) steady=True
2026-04-21 18:42:21,346 - DEBUG - Mass: 15.3059g at 1.095s (baseline_pre) steady=True
2026-04-21 18:42:21,746 - DEBUG - Mass: 15.3059g at 1.503s (baseline_pre) steady=True
2026-04-21 18:42:22,063 - DEBUG - Dispensing 0.055 mL then waiting 1.9000000000000001 s
2026-04-21 18:42:22,145 - DEBUG - Mass: 15.3059g at 1.898s (baseline_pre) steady=True
2026-04-21 18:42:22,544 - DEBUG - Mass: 15.3206g at 2.292s (dispensing) steady=False
2026-04-21 18:42:22,613 - DEBUG - Blowing out 0.135 mL
2026-04-21 18:42:22,613 - DEBUG - Adjusting pump 0 speed to 5
2026-04-21 18:42:22,943 - DEBUG - Mass: 15.3489g at 2.699s (dispensing) steady=False
2026-04-21 18:42:23,344 - DEBUG - Mass: 15.3621g at 3.092s (dispensing) steady=False
2026-04-21 18:42:23,617 - DEBUG - Adjusting pump 0 speed to 2
2026-04-21 18:42:23,744 - DEBUG - Mass: 15.3601g at 3.499s (dispensing) steady=False
2026-04-21 18:42:24,143 - DEBUG - Mass: 15.3646g at 3.893s (dispensing) steady=False
2026-04-21 18:42:24,544 - DEBUG - Mass: 15.3648g at 4.298s (dispensing) steady=False
2026-04-21 18:42:24,944 - DEBUG - Mass: 15.3622g at 4.691s (dispensing) steady=False
2026-04-21 18:42:25,344 - DEBUG - Mass: 15.3606g at 5.097s (dispensing) steady=False
2026-04-21 18:42:25,744 - DEBUG - Mass: 15.3604g at 5.503s (dispensing) steady=False
2026-04-21 18:42:26,144 - DEBUG - Mass: 15.3606g at 5.897s (dispensing) steady=False
2026-04-21 18:42:26,544 - DEBUG - Mass: 15.3601g at 6.302s (dispensing) steady=False
2026-04-21 18:42:26,610 - INFO - Dispensing took 4.547s, collecting post-dispense baseline
2026-04-21 18:42:26,945 - DEBUG - Mass: 15.3605g at 6.699s (baseline_post) steady=True
2026-04-21 18:42:27,346 - DEBUG - Mass: 15.3605g at 7.092s (baseline_post) steady=True
2026-04-21 18:42:27,746 - DEBUG - Mass: 15.3605g at 7.498s (baseline_post) steady=True
2026-04-21 18:42:28,145 - DEBUG - Mass: 15.3605g at 7.905s (baseline_post) steady=True
2026-04-21 18:42:28,545 - DEBUG - Mass: 15.3605g at 8.298s (baseline_post) steady=True
2026-04-21 18:42:28,757 - INFO - Stopped continuous mass monitoring. Collected 22 data points
2026-04-21 18:42:28,760 - INFO - Pre-baseline: 5 stable readings, avg=15.305900g
2026-04-21 18:42:28,760 - INFO - Post-baseline: 5 stable readings, avg=15.360500g
2026-04-21 18:42:28,760 - INFO - INDEPENDENT BASELINE calculation:
2026-04-21 18:42:28,760 - INFO - Pre: STABLE, Post: STABLE, Mass difference: 0.054600g
2026-04-21 18:42:28,762 - INFO - Reading summary: 6 pre-readings (5 stable), 5 post-readings (5 stable)
2026-04-21 18:42:28,762 - INFO - Baseline variability: pre_std=0.000041g, post_std=0.000000g
2026-04-21 18:42:28,762 - INFO - Target: 0.050 mL = ~0.050000 g for water
2026-04-21 18:42:28,764 - INFO - Saved 22 mass measurements to output\mass_measurements\experiment_log2026-04-21_18-34-52\mass_data_PVA_DMSO_20260421_184228.csv
2026-04-21 18:42:29,326 - INFO - Saved dispense mass vs time plot to output\mass_measurements\experiment_log2026-04-21_18-34-52\mass_plot_PVA_DMSO_20260421_184228.png
2026-04-21 18:42:29,326 - INFO - Removing pipet
2026-04-21 18:42:32,629 - INFO - Vial PVA_DMSO already at clamp index 0, no move needed
2026-04-21 18:42:33,175 - INFO - Removing pipet
2026-04-21 18:42:34,438 - INFO - Returning vial PVA_DMSO to home location: main_8mL_rack index 39
2026-04-21 18:42:34,439 - INFO - Moving vial PVA_DMSO to main_8mL_rack: 39
2026-04-21 18:42:34,439 - DEBUG - Grabbing vial 3 with index 3
2026-04-21 18:42:36,749 - DEBUG - Dropping off vial 3 at location main_8mL_rack with index 39
2026-04-21 18:42:40,232 - INFO - Moving robot to home position
