2026-06-09 13:43:11,072 - INFO - Workflow config loaded: mof_synthesis_workflow_multiple
2026-06-09 13:43:11,073 - INFO - Config keys updated: 19 (LINKER_STOCK_CONC, METAL_STOCK_CONC, LINKER_TO_METAL_RATIO_1, LINKER_TO_METAL_RATIO_2, LINKER_TO_METAL_RATIO_3, LINKER_TO_METAL_RATIO, REACTION_TIME_HOURS, REACTION_TEMP, STIRRING_SPEED, ANALYSIS_WELLS_PER_REACTION, CYTATION_PROTOCOL_FILE, SAMPLING_INTERVAL_MINUTES, TOTAL_SAMPLING_TIME_MINUTES, TOTAL_REACTION_VOLUME, WELLPLATE_DISPENSE_VOLUME, SIMULATE, STAGGER_MINUTES, RUNS, INPUT_VIAL_STATUS_FILE)
2026-06-09 13:43:11,073 - INFO - SIMULATE mode: False
2026-06-09 13:43:11,073 - INFO - Launching status review GUI...
2026-06-09 13:43:11,585 - INFO - Detected workflow name: mof_synthesis_workflow_multiple
2026-06-09 13:43:12,325 - INFO - Config editor loaded for workflow: mof_synthesis_workflow_multiple
2026-06-09 13:43:37,252 - INFO - User selected: Run Workflow
2026-06-09 13:43:37,252 - INFO - Status review completed - proceeding with hardware initialization
2026-06-09 13:43:37,276 - DEBUG - Reloading config after status check to get updated values
2026-06-09 13:43:37,313 - INFO - Config Manager: Updated 19 workflow constants from mof_synthesis_workflow_multiple.yaml
2026-06-09 13:43:37,315 - INFO - SIMULATE flag updated: False -> True
2026-06-09 13:43:37,315 - DEBUG - No components needed simulate flag update
2026-06-09 13:43:37,319 - INFO - Initializing North Robot...
2026-06-09 13:43:37,319 - DEBUG - Loading robot configuration files...
2026-06-09 13:43:37,350 - DEBUG - Loaded vial positions configuration from robot_state/vial_positions.yaml
2026-06-09 13:43:37,355 - DEBUG - Loaded pipet tips configuration from robot_state/pipet_tips.yaml
2026-06-09 13:43:37,361 - DEBUG - Loaded pipet racks configuration from robot_state/pipet_racks.yaml
2026-06-09 13:43:37,369 - DEBUG - Loaded pump configuration from robot_state/syringe_pumps.yaml
2026-06-09 13:43:37,378 - DEBUG - Loaded robot hardware configuration from robot_state/robot_hardware.yaml
2026-06-09 13:43:37,379 - DEBUG - Loaded wellplate properties configuration from robot_state/wellplates.yaml
2026-06-09 13:43:37,379 - DEBUG - Loading robot state files...
2026-06-09 13:43:37,409 - DEBUG - Loaded vial data from ../utoronto_demo/status/mof_synthesis_vials.csv
2026-06-09 13:43:37,411 - DEBUG - Loaded robot status from robot_state/robot_status.yaml
2026-06-09 13:43:37,411 - DEBUG - Loaded wellplate positions from robot_state/wellplates.yaml
2026-06-09 13:43:37,411 - DEBUG - Robot status loaded successfully
2026-06-09 13:43:37,411 - INFO - Physical initialization of North Robot...
2026-06-09 13:43:37,411 - DEBUG - Loading pumps from YAML configuration...
2026-06-09 13:43:37,418 - DEBUG - Loaded pump 0: volume=1.0mL, speed=11, liquid=None
2026-06-09 13:43:37,418 - DEBUG - Loaded pump 1: volume=2.5mL, speed=15, liquid=water
2026-06-09 13:43:37,418 - INFO - Moving robot to home position
2026-06-09 13:43:37,422 - DEBUG - Initializing centrifuge controller...
2026-06-09 13:43:37,424 - DEBUG - Current reader status: <MagicMock name='mock.get_reader_status()' id='1684505234208'>
2026-06-09 13:43:37,424 - INFO - Initializing North Track...
2026-06-09 13:43:37,424 - DEBUG - Loading track status from file: robot_state/track_status.yaml
2026-06-09 13:43:37,424 - DEBUG - Getting track status from file: robot_state/track_status.yaml
2026-06-09 13:43:37,424 - DEBUG - Loaded track status from robot_state/track_status.yaml
2026-06-09 13:43:37,424 - DEBUG - Loading track positions from: robot_state/track_positions.yaml
2026-06-09 13:43:37,434 - DEBUG - Loaded track positions configuration from robot_state/track_positions.yaml
2026-06-09 13:43:37,434 - DEBUG - Loading robot hardware configuration from: robot_state/robot_hardware.yaml
2026-06-09 13:43:37,434 - DEBUG - Loaded robot hardware configuration from robot_state/robot_hardware.yaml
2026-06-09 13:43:37,450 - DEBUG - Loaded wellplate properties configuration from robot_state/wellplates.yaml
2026-06-09 13:43:37,450 - DEBUG - Moving North Track to home position
2026-06-09 13:43:37,450 - DEBUG - Detected origin position (0,0) - setting location to 'origin'
2026-06-09 13:43:37,452 - DEBUG - Updated gripper location to: origin at position {'x': 0, 'z': 0}
2026-06-09 13:43:37,454 - INFO - Measuring stock solution baselines
2026-06-09 13:43:37,469 - DEBUG - Using calibrated aspirate_speed=13 for ethanol at 0.200mL
2026-06-09 13:43:37,469 - DEBUG - Using calibrated dispense_speed=9 for ethanol at 0.200mL
2026-06-09 13:43:37,470 - DEBUG - Using calibrated aspirate_wait_time=0.0 for ethanol at 0.200mL
2026-06-09 13:43:37,470 - DEBUG - Using calibrated dispense_wait_time=1.5 for ethanol at 0.200mL
2026-06-09 13:43:37,470 - DEBUG - Using calibrated retract_speed=5 for ethanol at 0.200mL
2026-06-09 13:43:37,470 - DEBUG - Using calibrated blowout_vol=0.0 for ethanol at 0.200mL
2026-06-09 13:43:37,470 - DEBUG - Using calibrated post_asp_air_vol=0.05 for ethanol at 0.200mL
2026-06-09 13:43:37,470 - DEBUG - Using calibrated overaspirate_vol=-0.0035768381000000136 for ethanol at 0.200mL
2026-06-09 13:43:37,470 - DEBUG - Using calibrated post_retract_wait_time=0.0 for ethanol at 0.200mL
2026-06-09 13:43:37,470 - DEBUG - Using calibrated pre_asp_air_vol=0.1 for ethanol at 0.200mL
2026-06-09 13:43:37,472 - DEBUG - Selected large_tip for volume 0.250 mL
2026-06-09 13:43:37,473 - INFO - Getting large_tip (pipet number 7) from rack: large_tip_rack_2
2026-06-09 13:43:37,475 - DEBUG - Moving robot relative to current position by x: -1.1, y: 1.1, z: 25.0 mm, vel: 30
2026-06-09 13:43:37,478 - INFO - Piggyback shake: 2 cycles, amplitude=2.0mm, direction=(2.0, -2.0)
2026-06-09 13:43:37,478 - DEBUG - Moving robot relative to current position by x: 2.0, y: -2.0, z: 0 mm, vel: 30
2026-06-09 13:43:37,478 - DEBUG - Moving robot relative to current position by x: -2.0, y: 2.0, z: 0 mm, vel: 30
2026-06-09 13:43:37,478 - DEBUG - Moving robot relative to current position by x: 2.0, y: -2.0, z: 0 mm, vel: 30
2026-06-09 13:43:37,479 - DEBUG - Moving robot relative to current position by x: -2.0, y: 2.0, z: 0 mm, vel: 30
2026-06-09 13:43:37,479 - DEBUG - Moving robot relative to current position by x: -1.1, y: 1.1, z: 25.0 mm, vel: 30
2026-06-09 13:43:37,482 - INFO - Pipetting from vial diva_stock, amount: 0.200 mL
2026-06-09 13:43:37,482 - INFO - Additional volume from calibration, amount: -0.004 mL
2026-06-09 13:43:37,484 - DEBUG - Adjusting pump 0 speed to 10
2026-06-09 13:43:37,484 - DEBUG - Aspirating 0.100 mL then waiting 0 s
2026-06-09 13:43:37,485 - DEBUG - Adjusting pump 0 speed to 13
2026-06-09 13:43:37,485 - DEBUG - Aspirating 0.196 mL then waiting 0.0 s
2026-06-09 13:43:37,485 - DEBUG - Aspirating 0.050 mL then waiting 0 s
2026-06-09 13:43:37,494 - DEBUG - Using calibrated aspirate_speed=13 for ethanol at 0.200mL
2026-06-09 13:43:37,494 - DEBUG - Using calibrated dispense_speed=9 for ethanol at 0.200mL
2026-06-09 13:43:37,494 - DEBUG - Using calibrated aspirate_wait_time=0.0 for ethanol at 0.200mL
2026-06-09 13:43:37,494 - DEBUG - Using calibrated dispense_wait_time=1.5 for ethanol at 0.200mL
2026-06-09 13:43:37,494 - DEBUG - Using calibrated retract_speed=5 for ethanol at 0.200mL
2026-06-09 13:43:37,494 - DEBUG - Using calibrated blowout_vol=0.0 for ethanol at 0.200mL
2026-06-09 13:43:37,494 - DEBUG - Using calibrated post_asp_air_vol=0.05 for ethanol at 0.200mL
2026-06-09 13:43:37,494 - DEBUG - Using calibrated overaspirate_vol=-0.0035768381000000136 for ethanol at 0.200mL
2026-06-09 13:43:37,494 - DEBUG - Using calibrated post_retract_wait_time=0.0 for ethanol at 0.200mL
2026-06-09 13:43:37,495 - DEBUG - Using calibrated pre_asp_air_vol=0.1 for ethanol at 0.200mL
2026-06-09 13:43:37,495 - DEBUG - Adjusting pump 0 speed to 9
2026-06-09 13:43:37,495 - INFO - Transferring 0.200 mL into well #0 of 96 WELL PLATE
2026-06-09 13:43:37,495 - DEBUG - Dispensing 0.346 mL then waiting 1.5 s
2026-06-09 13:43:37,496 - INFO - Removing pipet
2026-06-09 13:43:37,506 - DEBUG - Using calibrated aspirate_speed=13 for ethanol at 0.200mL
2026-06-09 13:43:37,506 - DEBUG - Using calibrated dispense_speed=9 for ethanol at 0.200mL
2026-06-09 13:43:37,506 - DEBUG - Using calibrated aspirate_wait_time=0.0 for ethanol at 0.200mL
2026-06-09 13:43:37,506 - DEBUG - Using calibrated dispense_wait_time=1.5 for ethanol at 0.200mL
2026-06-09 13:43:37,506 - DEBUG - Using calibrated retract_speed=5 for ethanol at 0.200mL
2026-06-09 13:43:37,506 - DEBUG - Using calibrated blowout_vol=0.0 for ethanol at 0.200mL
2026-06-09 13:43:37,506 - DEBUG - Using calibrated post_asp_air_vol=0.05 for ethanol at 0.200mL
2026-06-09 13:43:37,506 - DEBUG - Using calibrated overaspirate_vol=-0.0035768381000000136 for ethanol at 0.200mL
2026-06-09 13:43:37,506 - DEBUG - Using calibrated post_retract_wait_time=0.0 for ethanol at 0.200mL
2026-06-09 13:43:37,506 - DEBUG - Using calibrated pre_asp_air_vol=0.1 for ethanol at 0.200mL
2026-06-09 13:43:37,507 - DEBUG - Selected large_tip for volume 0.250 mL
2026-06-09 13:43:37,507 - INFO - Getting large_tip (pipet number 8) from rack: large_tip_rack_2
2026-06-09 13:43:37,508 - DEBUG - Moving robot relative to current position by x: -1.1, y: 1.1, z: 25.0 mm, vel: 30
2026-06-09 13:43:37,508 - INFO - Piggyback shake: 2 cycles, amplitude=2.0mm, direction=(2.0, -2.0)
2026-06-09 13:43:37,508 - DEBUG - Moving robot relative to current position by x: 2.0, y: -2.0, z: 0 mm, vel: 30
2026-06-09 13:43:37,508 - DEBUG - Moving robot relative to current position by x: -2.0, y: 2.0, z: 0 mm, vel: 30
2026-06-09 13:43:37,508 - DEBUG - Moving robot relative to current position by x: 2.0, y: -2.0, z: 0 mm, vel: 30
2026-06-09 13:43:37,509 - DEBUG - Moving robot relative to current position by x: -2.0, y: 2.0, z: 0 mm, vel: 30
2026-06-09 13:43:37,509 - DEBUG - Moving robot relative to current position by x: -1.1, y: 1.1, z: 25.0 mm, vel: 30
2026-06-09 13:43:37,511 - INFO - Pipetting from vial copper_nitrate_stock, amount: 0.200 mL
2026-06-09 13:43:37,511 - INFO - Additional volume from calibration, amount: -0.004 mL
2026-06-09 13:43:37,513 - DEBUG - Adjusting pump 0 speed to 10
2026-06-09 13:43:37,514 - DEBUG - Aspirating 0.100 mL then waiting 0 s
2026-06-09 13:43:37,514 - DEBUG - Adjusting pump 0 speed to 13
2026-06-09 13:43:37,514 - DEBUG - Aspirating 0.196 mL then waiting 0.0 s
2026-06-09 13:43:37,514 - DEBUG - Aspirating 0.050 mL then waiting 0 s
2026-06-09 13:43:37,519 - DEBUG - Using calibrated aspirate_speed=13 for ethanol at 0.200mL
2026-06-09 13:43:37,519 - DEBUG - Using calibrated dispense_speed=9 for ethanol at 0.200mL
2026-06-09 13:43:37,519 - DEBUG - Using calibrated aspirate_wait_time=0.0 for ethanol at 0.200mL
2026-06-09 13:43:37,519 - DEBUG - Using calibrated dispense_wait_time=1.5 for ethanol at 0.200mL
2026-06-09 13:43:37,519 - DEBUG - Using calibrated retract_speed=5 for ethanol at 0.200mL
2026-06-09 13:43:37,519 - DEBUG - Using calibrated blowout_vol=0.0 for ethanol at 0.200mL
2026-06-09 13:43:37,519 - DEBUG - Using calibrated post_asp_air_vol=0.05 for ethanol at 0.200mL
2026-06-09 13:43:37,519 - DEBUG - Using calibrated overaspirate_vol=-0.0035768381000000136 for ethanol at 0.200mL
2026-06-09 13:43:37,519 - DEBUG - Using calibrated post_retract_wait_time=0.0 for ethanol at 0.200mL
2026-06-09 13:43:37,519 - DEBUG - Using calibrated pre_asp_air_vol=0.1 for ethanol at 0.200mL
2026-06-09 13:43:37,519 - DEBUG - Adjusting pump 0 speed to 9
2026-06-09 13:43:37,521 - INFO - Transferring 0.200 mL into well #1 of 96 WELL PLATE
2026-06-09 13:43:37,521 - DEBUG - Dispensing 0.346 mL then waiting 1.5 s
2026-06-09 13:43:37,521 - INFO - Removing pipet
2026-06-09 13:43:37,521 - INFO - Measuring wellplate 0 with protocols: C:\Protocols\mof_absorbance.prt
2026-06-09 13:43:37,521 - DEBUG - Using robot plate type '96 WELL PLATE' -> Cytation plate type '96 WELL PLATE'
2026-06-09 13:43:37,521 - INFO - Moving robot to home position
2026-06-09 13:43:37,521 - INFO - Moving wellplate 0 to Cytation
2026-06-09 13:43:37,521 - DEBUG - Using robot plate type '96 WELL PLATE' -> Cytation plate type '96 WELL PLATE' for CarrierIn
2026-06-09 13:43:37,522 - DEBUG - Updated gripper location to: cytation_safe_area at position {'x': 47775, 'z': 0}
2026-06-09 13:43:37,522 - INFO - Grabbing wellplate from location: pipetting_area
2026-06-09 13:43:37,522 - DEBUG - No waypoint locations provided, skipping path movement
2026-06-09 13:43:37,522 - DEBUG - Opening gripper
2026-06-09 13:43:37,523 - DEBUG - Closing gripper
2026-06-09 13:43:37,523 - DEBUG - Updated gripper location to: pipetting_area at position {'x': 131650, 'z': 75000}
2026-06-09 13:43:37,523 - DEBUG - Updated gripper location to: cytation_safe_area at position {'x': 47775, 'z': 75000}
2026-06-09 13:43:37,523 - INFO - Releasing wellplate at location: cytation_tray
2026-06-09 13:43:37,523 - DEBUG - No waypoint locations provided, skipping path movement
2026-06-09 13:43:37,523 - DEBUG - Opening gripper
2026-06-09 13:43:37,523 - DEBUG - Updated gripper location to: cytation_tray at position {'x': 68225, 'z': 0}
2026-06-09 13:43:37,523 - INFO - Moving wellplate 0 back from Cytation
2026-06-09 13:43:37,523 - DEBUG - Using robot plate type '96 WELL PLATE' -> Cytation plate type '96 WELL PLATE' for CarrierIn
2026-06-09 13:43:37,523 - INFO - Grabbing wellplate from location: cytation_tray
2026-06-09 13:43:37,523 - DEBUG - No waypoint locations provided, skipping path movement
2026-06-09 13:43:37,523 - DEBUG - Opening gripper
2026-06-09 13:43:37,523 - DEBUG - Closing gripper
2026-06-09 13:43:37,523 - DEBUG - Updated gripper location to: cytation_tray at position {'x': 68225, 'z': 0}
2026-06-09 13:43:37,523 - DEBUG - Updated gripper location to: cytation_safe_area at position {'x': 47775, 'z': 0}
2026-06-09 13:43:37,525 - INFO - Releasing wellplate at location: pipetting_area
2026-06-09 13:43:37,525 - DEBUG - No waypoint locations provided, skipping path movement
2026-06-09 13:43:37,525 - DEBUG - Opening gripper
2026-06-09 13:43:37,525 - DEBUG - Updated gripper location to: pipetting_area at position {'x': 131650, 'z': 75000}
2026-06-09 13:43:37,525 - DEBUG - Moving North Track to home position
2026-06-09 13:43:37,525 - DEBUG - Detected origin position (0,0) - setting location to 'origin'
2026-06-09 13:43:37,525 - DEBUG - Updated gripper location to: origin at position {'x': 0, 'z': 0}
2026-06-09 13:43:37,525 - INFO - Stock baselines measured
2026-06-09 13:43:37,527 - INFO - Heater and stirring turned off
