2026-05-14 08:45:36,797 - DEBUG - No workflow config provided - using default initialization
2026-05-14 08:45:36,797 - INFO - Launching status review GUI...
2026-05-14 08:45:37,140 - INFO - Detected workflow name: test_return_clamp_vial_home
2026-05-14 08:45:38,052 - INFO - Config editor loaded for workflow: test_return_clamp_vial_home
2026-05-14 08:45:41,811 - INFO - User selected: Run Workflow
2026-05-14 08:45:41,813 - INFO - Status review completed - proceeding with hardware initialization
2026-05-14 08:45:42,531 - INFO - Initializing North Robot...
2026-05-14 08:45:42,531 - DEBUG - Loading robot configuration files...
2026-05-14 08:45:42,553 - DEBUG - Loaded vial positions configuration from robot_state/vial_positions.yaml
2026-05-14 08:45:42,569 - DEBUG - Loaded pipet tips configuration from robot_state/pipet_tips.yaml
2026-05-14 08:45:42,583 - DEBUG - Loaded pipet racks configuration from robot_state/pipet_racks.yaml
2026-05-14 08:45:42,585 - DEBUG - Loaded pump configuration from robot_state/syringe_pumps.yaml
2026-05-14 08:45:42,604 - DEBUG - Loaded robot hardware configuration from robot_state/robot_hardware.yaml
2026-05-14 08:45:42,614 - DEBUG - Loaded wellplate properties configuration from robot_state/wellplates.yaml
2026-05-14 08:45:42,615 - DEBUG - Loading robot state files...
2026-05-14 08:45:42,627 - DEBUG - Loaded vial data from ../utoronto_demo/status/calibration_vials.csv
2026-05-14 08:45:42,628 - DEBUG - Loaded robot status from robot_state/robot_status.yaml
2026-05-14 08:45:42,633 - DEBUG - Loaded wellplate positions from robot_state/wellplates.yaml
2026-05-14 08:45:42,633 - DEBUG - Robot status loaded successfully
2026-05-14 08:45:42,633 - INFO - Physical initialization of North Robot...
2026-05-14 08:45:46,066 - DEBUG - Loading pumps from YAML configuration...
2026-05-14 08:45:46,164 - DEBUG - Loaded pump 0: volume=1.0mL, speed=11, liquid=None
2026-05-14 08:45:46,265 - DEBUG - Loaded pump 1: volume=2.5mL, speed=15, liquid=water
2026-05-14 08:45:46,265 - WARNING - The robot reports having a cap in its gripper... Recapping the clamp vial...
2026-05-14 08:45:46,265 - DEBUG - Recapping clamped vial
2026-05-14 08:45:52,431 - INFO - Returning vial vial_0 to home location: main_8mL_rack index 31
2026-05-14 08:45:52,431 - INFO - Moving vial vial_0 to main_8mL_rack: 31
2026-05-14 08:45:52,431 - DEBUG - Grabbing vial 9 with index 9
2026-05-14 08:45:52,717 - DEBUG - Dropping off vial 9 at location main_8mL_rack with index 31
2026-05-14 08:45:56,071 - INFO - Moving robot to home position
2026-05-14 08:45:59,046 - DEBUG - Initializing centrifuge controller...
2026-05-14 08:45:59,046 - INFO - Initializing North Track...
2026-05-14 08:45:59,046 - DEBUG - Loading track status from file: robot_state/track_status.yaml
2026-05-14 08:45:59,046 - DEBUG - Getting track status from file: robot_state/track_status.yaml
2026-05-14 08:45:59,054 - DEBUG - Loaded track status from robot_state/track_status.yaml
2026-05-14 08:45:59,054 - DEBUG - Loading track positions from: robot_state/track_positions.yaml
2026-05-14 08:45:59,070 - DEBUG - Loaded track positions configuration from robot_state/track_positions.yaml
2026-05-14 08:45:59,072 - DEBUG - Loading robot hardware configuration from: robot_state/robot_hardware.yaml
2026-05-14 08:45:59,074 - DEBUG - Loaded robot hardware configuration from robot_state/robot_hardware.yaml
2026-05-14 08:45:59,079 - DEBUG - Loaded wellplate properties configuration from robot_state/wellplates.yaml
2026-05-14 08:45:59,140 - DEBUG - Moving North Track to home position
2026-05-14 08:45:59,140 - DEBUG - Detected origin position (0,0) - setting location to 'origin'
2026-05-14 08:45:59,140 - DEBUG - Updated gripper location to: origin at position {'x': 0, 'z': 0}
