2026-01-23 18:40:07,181 - INFO - Initializing North Robot...
2026-01-23 18:40:07,181 - DEBUG - Loading robot configuration files...
2026-01-23 18:40:07,198 - DEBUG - Loaded vial positions configuration from robot_state/vial_positions.yaml
2026-01-23 18:40:07,209 - DEBUG - Loaded pipet tips configuration from robot_state/pipet_tips.yaml
2026-01-23 18:40:07,221 - DEBUG - Loaded pipet racks configuration from robot_state/pipet_racks.yaml
2026-01-23 18:40:07,231 - DEBUG - Loaded pump configuration from robot_state/syringe_pumps.yaml
2026-01-23 18:40:07,244 - DEBUG - Loaded robot hardware configuration from robot_state/robot_hardware.yaml
2026-01-23 18:40:07,255 - DEBUG - Loaded wellplate properties configuration from robot_state/wellplates.yaml
2026-01-23 18:40:07,255 - DEBUG - Loading robot state files...
2026-01-23 18:40:07,267 - DEBUG - Loaded vial data from status/calibration_vials_short.csv
2026-01-23 18:40:07,268 - DEBUG - Loaded robot status from robot_state/robot_status.yaml
2026-01-23 18:40:07,271 - DEBUG - Loaded wellplate positions from robot_state/wellplates.yaml
2026-01-23 18:40:07,271 - DEBUG - Robot status loaded successfully
2026-01-23 18:40:07,271 - INFO - Physical initialization of North Robot...
2026-01-23 18:40:10,749 - DEBUG - Loading pumps from YAML configuration...
2026-01-23 18:40:10,861 - DEBUG - Loaded pump 0: volume=1.0mL, speed=11, liquid=None
2026-01-23 18:40:10,972 - DEBUG - Loaded pump 1: volume=2.5mL, speed=15, liquid=water
2026-01-23 18:40:10,972 - INFO - Moving robot to home position
2026-01-23 18:40:11,377 - DEBUG - Initializing centrifuge controller...
2026-01-23 18:40:11,377 - INFO - Initializing North Track...
2026-01-23 18:40:11,377 - DEBUG - Loading track status from file: robot_state/track_status.yaml
2026-01-23 18:40:11,377 - DEBUG - Getting track status from file: robot_state/track_status.yaml
2026-01-23 18:40:11,387 - DEBUG - Loaded track status from robot_state/track_status.yaml
2026-01-23 18:40:11,387 - DEBUG - Loading track positions from: robot_state/track_positions.yaml
2026-01-23 18:40:11,407 - DEBUG - Loaded track positions configuration from robot_state/track_positions.yaml
2026-01-23 18:40:11,407 - DEBUG - Loading robot hardware configuration from: robot_state/robot_hardware.yaml
2026-01-23 18:40:11,407 - DEBUG - Loaded robot hardware configuration from robot_state/robot_hardware.yaml
2026-01-23 18:40:11,407 - DEBUG - Loaded wellplate properties configuration from robot_state/wellplates.yaml
2026-01-23 18:40:11,489 - DEBUG - Moving North Track to home position
2026-01-23 18:40:11,490 - INFO -    vial_index           vial_name         location  location_index  vial_volume  capped cap_type vial_type    home_location  home_location_index
0           0  measurement_vial_0    main_8mL_rack              44        0.000    True     open      8_mL    main_8mL_rack                   44
1           1     liquid_source_2    main_8mL_rack              43        2.675    True     open      8_mL    main_8mL_rack                   43
2           2  measurement_vial_2    main_8mL_rack               2        0.000    True     open      8_mL    main_8mL_rack                    2
3           3  measurement_vial_3    main_8mL_rack               3        0.000    True     open      8_mL    main_8mL_rack                    3
4           4  measurement_vial_4    main_8mL_rack               4        0.000    True     open      8_mL    main_8mL_rack                    4
5           5     liquid_source_0  large_vial_rack               2       18.000   False     open     20_mL  large_vial_rack                    2
6           6     liquid_source_1  large_vial_rack               0        8.000   False     open     20_mL  large_vial_rack                    0
2026-01-23 18:40:11,509 - INFO - Visualizing vial racks...
2026-01-23 18:40:11,509 - DEBUG - Matplotlib backend: Agg
2026-01-23 18:40:11,526 - INFO - Switched matplotlib backend to TkAgg
2026-01-23 18:40:11,666 - DEBUG - Visualizing rack: Main Rack with filter: main_8mL_rack
2026-01-23 18:40:11,806 - DEBUG - Visualizing rack: Second Rack with filter: large_vial_rack
2026-01-23 18:42:40,486 - DEBUG - Vial visualization displayed successfully
2026-01-23 18:42:49,887 - INFO - Moving vial measurement_vial_0 to clamp: 0
2026-01-23 18:42:49,887 - DEBUG - Grabbing vial 0 with index 0
2026-01-23 18:42:51,843 - DEBUG - Dropping off vial 0 at location clamp with index 0
2026-01-23 18:42:55,501 - DEBUG - Applied object param asp_disp_cycles=0
2026-01-23 18:42:55,501 - DEBUG - Applied object param aspirate_speed=15
2026-01-23 18:42:55,501 - DEBUG - Applied object param aspirate_wait_time=0.0
2026-01-23 18:42:55,501 - DEBUG - Applied object param blowout_vol=0.5
2026-01-23 18:42:55,501 - DEBUG - Applied object param dispense_speed=5
2026-01-23 18:42:55,501 - DEBUG - Applied object param dispense_wait_time=0.0
2026-01-23 18:42:55,501 - DEBUG - Applied object param overaspirate_vol=0.0
2026-01-23 18:42:55,501 - DEBUG - Applied object param post_asp_air_vol=0.0
2026-01-23 18:42:55,501 - DEBUG - Applied object param post_retract_wait_time=0.0
2026-01-23 18:42:55,501 - DEBUG - Applied object param pre_asp_air_vol=0.0
2026-01-23 18:42:55,501 - DEBUG - Applied object param retract_speed=10
2026-01-23 18:42:55,502 - DEBUG - Selected large_tip for volume 0.500 mL
2026-01-23 18:42:55,502 - INFO - Getting large_tip (pipet number 23) from rack: large_tip_rack_1
2026-01-23 18:43:00,941 - INFO - Pipetting from vial liquid_source_0, amount: 0.500 mL
2026-01-23 18:43:00,941 - INFO - Additional volume from calibration, amount: 0.000 mL
2026-01-23 18:43:00,943 - DEBUG - Adjusting pump 0 speed to 10
2026-01-23 18:43:03,299 - DEBUG - Adjusting pump 0 speed to 15
2026-01-23 18:43:04,315 - DEBUG - Aspirating 0.500 mL then waiting 0.0 s
2026-01-23 18:43:09,548 - DEBUG - Applied object param asp_disp_cycles=0
2026-01-23 18:43:09,548 - DEBUG - Applied object param aspirate_speed=15
2026-01-23 18:43:09,548 - DEBUG - Applied object param aspirate_wait_time=0.0
2026-01-23 18:43:09,548 - DEBUG - Applied object param blowout_vol=0.5
2026-01-23 18:43:09,548 - DEBUG - Applied object param dispense_speed=5
2026-01-23 18:43:09,548 - DEBUG - Applied object param dispense_wait_time=0.0
2026-01-23 18:43:09,548 - DEBUG - Applied object param overaspirate_vol=0.0
2026-01-23 18:43:09,548 - DEBUG - Applied object param post_asp_air_vol=0.0
2026-01-23 18:43:09,548 - DEBUG - Applied object param post_retract_wait_time=0.0
2026-01-23 18:43:09,548 - DEBUG - Applied object param pre_asp_air_vol=0.0
2026-01-23 18:43:09,548 - DEBUG - Applied object param retract_speed=10
2026-01-23 18:43:09,548 - INFO - Pipetting into vial liquid_source_0, amount: 0.500 mL
2026-01-23 18:43:09,548 - DEBUG - Adjusting pump 0 speed to 5
2026-01-23 18:43:09,647 - DEBUG - Dispensing 0.500 mL then waiting 0.0 s
2026-01-23 18:43:10,781 - DEBUG - Blowing out 0.500 mL
2026-01-23 18:43:13,870 - DEBUG - Applied object param asp_disp_cycles=0
2026-01-23 18:43:13,870 - DEBUG - Applied object param aspirate_speed=15
2026-01-23 18:43:13,870 - DEBUG - Applied object param aspirate_wait_time=0.0
2026-01-23 18:43:13,870 - DEBUG - Applied object param blowout_vol=0.5
2026-01-23 18:43:13,870 - DEBUG - Applied object param dispense_speed=5
2026-01-23 18:43:13,870 - DEBUG - Applied object param dispense_wait_time=0.0
2026-01-23 18:43:13,870 - DEBUG - Applied object param overaspirate_vol=0.0
2026-01-23 18:43:13,870 - DEBUG - Applied object param post_asp_air_vol=0.0
2026-01-23 18:43:13,870 - DEBUG - Applied object param post_retract_wait_time=0.0
2026-01-23 18:43:13,870 - DEBUG - Applied object param pre_asp_air_vol=0.0
2026-01-23 18:43:13,870 - DEBUG - Applied object param retract_speed=10
2026-01-23 18:43:13,872 - DEBUG - Selected large_tip for volume 0.500 mL
2026-01-23 18:43:13,872 - INFO - Pipetting from vial liquid_source_0, amount: 0.500 mL
2026-01-23 18:43:13,874 - INFO - Additional volume from calibration, amount: 0.000 mL
2026-01-23 18:43:13,890 - DEBUG - Adjusting pump 0 speed to 10
2026-01-23 18:43:13,998 - DEBUG - Adjusting pump 0 speed to 15
2026-01-23 18:43:14,134 - DEBUG - Aspirating 0.500 mL then waiting 0.0 s
2026-01-23 18:43:19,394 - DEBUG - Applied object param asp_disp_cycles=0
2026-01-23 18:43:19,394 - DEBUG - Applied object param aspirate_speed=15
2026-01-23 18:43:19,394 - DEBUG - Applied object param aspirate_wait_time=0.0
2026-01-23 18:43:19,394 - DEBUG - Applied object param blowout_vol=0.5
2026-01-23 18:43:19,394 - DEBUG - Applied object param dispense_speed=5
2026-01-23 18:43:19,394 - DEBUG - Applied object param dispense_wait_time=0.0
2026-01-23 18:43:19,394 - DEBUG - Applied object param overaspirate_vol=0.0
2026-01-23 18:43:19,394 - DEBUG - Applied object param post_asp_air_vol=0.0
2026-01-23 18:43:19,394 - DEBUG - Applied object param post_retract_wait_time=0.0
2026-01-23 18:43:19,394 - DEBUG - Applied object param pre_asp_air_vol=0.0
2026-01-23 18:43:19,394 - DEBUG - Applied object param retract_speed=10
2026-01-23 18:43:19,397 - INFO - Pipetting into vial liquid_source_0, amount: 0.500 mL
2026-01-23 18:43:19,397 - DEBUG - Adjusting pump 0 speed to 5
2026-01-23 18:43:19,502 - DEBUG - Dispensing 0.500 mL then waiting 0.0 s
2026-01-23 18:43:20,659 - DEBUG - Blowing out 0.500 mL
2026-01-23 18:43:23,661 - DEBUG - Applied object param asp_disp_cycles=0
2026-01-23 18:43:23,661 - DEBUG - Applied object param aspirate_speed=15
2026-01-23 18:43:23,661 - DEBUG - Applied object param aspirate_wait_time=0.0
2026-01-23 18:43:23,661 - DEBUG - Applied object param blowout_vol=0.5
2026-01-23 18:43:23,661 - DEBUG - Applied object param dispense_speed=5
2026-01-23 18:43:23,661 - DEBUG - Applied object param dispense_wait_time=0.0
2026-01-23 18:43:23,661 - DEBUG - Applied object param overaspirate_vol=0.0
2026-01-23 18:43:23,661 - DEBUG - Applied object param post_asp_air_vol=0.0
2026-01-23 18:43:23,661 - DEBUG - Applied object param post_retract_wait_time=0.0
2026-01-23 18:43:23,661 - DEBUG - Applied object param pre_asp_air_vol=0.0
2026-01-23 18:43:23,661 - DEBUG - Applied object param retract_speed=10
2026-01-23 18:43:23,663 - DEBUG - Selected large_tip for volume 0.500 mL
2026-01-23 18:43:23,663 - INFO - Pipetting from vial liquid_source_0, amount: 0.500 mL
2026-01-23 18:43:23,663 - INFO - Additional volume from calibration, amount: 0.000 mL
2026-01-23 18:43:23,681 - DEBUG - Adjusting pump 0 speed to 10
2026-01-23 18:43:23,779 - DEBUG - Adjusting pump 0 speed to 15
2026-01-23 18:43:23,910 - DEBUG - Aspirating 0.500 mL then waiting 0.0 s
2026-01-23 18:43:29,215 - DEBUG - Applied object param asp_disp_cycles=0
2026-01-23 18:43:29,215 - DEBUG - Applied object param aspirate_speed=15
2026-01-23 18:43:29,215 - DEBUG - Applied object param aspirate_wait_time=0.0
2026-01-23 18:43:29,215 - DEBUG - Applied object param blowout_vol=0.5
2026-01-23 18:43:29,215 - DEBUG - Applied object param dispense_speed=5
2026-01-23 18:43:29,215 - DEBUG - Applied object param dispense_wait_time=0.0
2026-01-23 18:43:29,215 - DEBUG - Applied object param overaspirate_vol=0.0
2026-01-23 18:43:29,215 - DEBUG - Applied object param post_asp_air_vol=0.0
2026-01-23 18:43:29,215 - DEBUG - Applied object param post_retract_wait_time=0.0
2026-01-23 18:43:29,215 - DEBUG - Applied object param pre_asp_air_vol=0.0
2026-01-23 18:43:29,215 - DEBUG - Applied object param retract_speed=10
2026-01-23 18:43:29,217 - INFO - Pipetting into vial liquid_source_0, amount: 0.500 mL
2026-01-23 18:43:29,217 - DEBUG - Adjusting pump 0 speed to 5
2026-01-23 18:43:29,323 - DEBUG - Dispensing 0.500 mL then waiting 0.0 s
2026-01-23 18:43:30,458 - DEBUG - Blowing out 0.500 mL
2026-01-23 18:43:33,511 - DEBUG - Applied object param asp_disp_cycles=0
2026-01-23 18:43:33,511 - DEBUG - Applied object param aspirate_speed=15
2026-01-23 18:43:33,511 - DEBUG - Applied object param aspirate_wait_time=0.0
2026-01-23 18:43:33,511 - DEBUG - Applied object param blowout_vol=0.5
2026-01-23 18:43:33,511 - DEBUG - Applied object param dispense_speed=5
2026-01-23 18:43:33,511 - DEBUG - Applied object param dispense_wait_time=0.0
2026-01-23 18:43:33,511 - DEBUG - Applied object param overaspirate_vol=0.0
2026-01-23 18:43:33,511 - DEBUG - Applied object param post_asp_air_vol=0.0
2026-01-23 18:43:33,511 - DEBUG - Applied object param post_retract_wait_time=0.0
2026-01-23 18:43:33,511 - DEBUG - Applied object param pre_asp_air_vol=0.0
2026-01-23 18:43:33,511 - DEBUG - Applied object param retract_speed=10
2026-01-23 18:43:33,511 - DEBUG - Selected large_tip for volume 0.500 mL
2026-01-23 18:43:33,511 - INFO - Pipetting from vial liquid_source_0, amount: 0.500 mL
2026-01-23 18:43:33,511 - INFO - Additional volume from calibration, amount: 0.000 mL
2026-01-23 18:43:33,532 - DEBUG - Adjusting pump 0 speed to 10
2026-01-23 18:43:33,641 - DEBUG - Adjusting pump 0 speed to 15
2026-01-23 18:43:33,773 - DEBUG - Aspirating 0.500 mL then waiting 0.0 s
2026-01-23 18:43:39,031 - DEBUG - Applied object param asp_disp_cycles=0
2026-01-23 18:43:39,031 - DEBUG - Applied object param aspirate_speed=15
2026-01-23 18:43:39,031 - DEBUG - Applied object param aspirate_wait_time=0.0
2026-01-23 18:43:39,031 - DEBUG - Applied object param blowout_vol=0.5
2026-01-23 18:43:39,031 - DEBUG - Applied object param dispense_speed=5
2026-01-23 18:43:39,031 - DEBUG - Applied object param dispense_wait_time=0.0
2026-01-23 18:43:39,031 - DEBUG - Applied object param overaspirate_vol=0.0
2026-01-23 18:43:39,031 - DEBUG - Applied object param post_asp_air_vol=0.0
2026-01-23 18:43:39,031 - DEBUG - Applied object param post_retract_wait_time=0.0
2026-01-23 18:43:39,031 - DEBUG - Applied object param pre_asp_air_vol=0.0
2026-01-23 18:43:39,031 - DEBUG - Applied object param retract_speed=10
2026-01-23 18:43:39,031 - INFO - Pipetting into vial liquid_source_0, amount: 0.500 mL
2026-01-23 18:43:39,031 - DEBUG - Adjusting pump 0 speed to 5
2026-01-23 18:43:39,128 - DEBUG - Dispensing 0.500 mL then waiting 0.0 s
2026-01-23 18:43:40,282 - DEBUG - Blowing out 0.500 mL
2026-01-23 18:43:43,309 - INFO - Moving robot to home position
