2025-09-23 17:31:54,167 - INFO - Initializing North Robot...
2025-09-23 17:31:54,168 - DEBUG - Loading robot configuration files...
2025-09-23 17:31:54,174 - DEBUG - Loaded vial positions configuration from ../utoronto_demo/robot_state/vial_positions.yaml
2025-09-23 17:31:54,175 - DEBUG - Loaded pipet tips configuration from ../utoronto_demo/robot_state/pipet_tips.yaml
2025-09-23 17:31:54,179 - DEBUG - Loaded pipet racks configuration from ../utoronto_demo/robot_state/pipet_racks.yaml
2025-09-23 17:31:54,183 - DEBUG - Loaded pump configuration from ../utoronto_demo/robot_state/syringe_pumps.yaml
2025-09-23 17:31:54,186 - DEBUG - Loaded robot hardware configuration from ../utoronto_demo/robot_state/robot_hardware.yaml
2025-09-23 17:31:54,188 - DEBUG - Loaded wellplate properties configuration from ../utoronto_demo/robot_state/wellplates.yaml
2025-09-23 17:31:54,188 - DEBUG - Loading robot state files...
2025-09-23 17:31:54,190 - DEBUG - Loaded vial data from ../utoronto_demo/status/calibration_vials_short.csv
2025-09-23 17:31:54,192 - DEBUG - Loaded robot status from ../utoronto_demo/robot_state/robot_status.yaml
2025-09-23 17:31:54,196 - DEBUG - Loaded wellplate positions from ../utoronto_demo/robot_state/wellplates.yaml
2025-09-23 17:31:54,196 - DEBUG - Physical initialization of North Robot...
2025-09-23 17:31:54,197 - INFO - Homing robot components before pump initialization...
2025-09-23 17:31:54,197 - DEBUG - Simulating robot component homing...
2025-09-23 17:31:54,197 - DEBUG - Loading pumps from YAML configuration...
2025-09-23 17:31:54,198 - DEBUG - Loaded pump 0: volume=1.0mL, speed=11, liquid=None
2025-09-23 17:31:54,198 - DEBUG - Loaded pump 1: volume=2.5mL, speed=15, liquid=water
2025-09-23 17:31:54,198 - INFO - Moving robot to home position
2025-09-23 17:31:54,200 - INFO - Initializing North Track...
2025-09-23 17:31:54,200 - DEBUG - Loading track status from file: ../utoronto_demo/robot_state/track_status.yaml
2025-09-23 17:31:54,200 - DEBUG - Getting track status from file: ../utoronto_demo/robot_state/track_status.yaml
2025-09-23 17:31:54,201 - DEBUG - Loaded track status from ../utoronto_demo/robot_state/track_status.yaml
2025-09-23 17:31:54,201 - DEBUG - Loading track positions from: ../utoronto_demo/robot_state/track_positions.yaml
2025-09-23 17:31:54,201 - DEBUG - Loaded track positions configuration from ../utoronto_demo/robot_state/track_positions.yaml
2025-09-23 17:31:54,201 - DEBUG - Loading robot hardware configuration from: ../utoronto_demo/robot_state/robot_hardware.yaml
2025-09-23 17:31:54,201 - DEBUG - Loaded robot hardware configuration from ../utoronto_demo/robot_state/robot_hardware.yaml
2025-09-23 17:31:54,212 - DEBUG - Loaded wellplate properties configuration from ../utoronto_demo/robot_state/wellplates.yaml
2025-09-23 17:31:54,214 - INFO -    vial_index           vial_name         location  location_index  vial_volume  capped cap_type vial_type    home_location  home_location_index
0           0  measurement_vial_0    main_8mL_rack               0     7.063921    True     open      8_mL    main_8mL_rack                    0
1           1  measurement_vial_1    main_8mL_rack               1     7.046265    True     open      8_mL    main_8mL_rack                    1
2           2  measurement_vial_2    main_8mL_rack               2     4.842446    True     open      8_mL    main_8mL_rack                    2
3           3       liquid_source  large_vial_rack               2     1.047368    True     open     20_mL  large_vial_rack                    2
2025-09-23 17:31:54,229 - INFO - Visualizing vial racks...
2025-09-23 17:31:54,414 - DEBUG - Visualizing rack: Main Rack with filter: main_8mL_rack
2025-09-23 17:31:54,499 - DEBUG - Visualizing rack: Second Rack with filter: large_vial_rack
2025-09-23 17:31:55,652 - INFO - Moving vial measurement_vial_0 to clamp: 0
2025-09-23 17:31:55,652 - DEBUG - Grabbing vial 0 with index 0
2025-09-23 17:31:55,654 - DEBUG - Dropping off vial 0 at location clamp with index 0
2025-09-23 17:31:55,654 - INFO - Liquid: 
2025-09-23 17:31:55,678 - INFO - Removing pipet
2025-09-23 17:31:55,680 - INFO - Returning vial measurement_vial_0 to home location
2025-09-23 17:31:55,682 - INFO - Moving vial measurement_vial_0 to main_8mL_rack: 0
2025-09-23 17:31:55,682 - DEBUG - Grabbing vial 0 with index 0
2025-09-23 17:31:55,684 - DEBUG - Dropping off vial 0 at location main_8mL_rack with index 0
2025-09-23 17:31:55,684 - INFO - [info] Switching to new measurement vial: measurement_vial_1
2025-09-23 17:31:55,688 - INFO - Moving vial measurement_vial_1 to clamp: 0
2025-09-23 17:31:55,688 - DEBUG - Grabbing vial 1 with index 1
2025-09-23 17:31:55,690 - DEBUG - Dropping off vial 1 at location clamp with index 0
2025-09-23 17:31:55,694 - DEBUG - Selected small_tip for volume 0.075 mL
2025-09-23 17:31:55,695 - INFO - Getting small_tip (pipet number 1) from rack: small_tip_rack_1
2025-09-23 17:31:55,701 - INFO - Pipetting from vial liquid_source, amount: 0.075 mL
2025-09-23 17:31:55,705 - DEBUG - Adjusting pump 0 speed to 11
2025-09-23 17:31:55,705 - DEBUG - Aspirating 0.077 mL then waiting 0 s
2025-09-23 17:31:55,707 - DEBUG - Aspirating 0.075 mL then waiting 22.48070776462555 s
2025-09-23 17:31:55,707 - DEBUG - Aspirating 0.036 mL then waiting 0 s
2025-09-23 17:31:55,709 - INFO - Pipetting into vial measurement_vial_1, amount: 0.075 mL
2025-09-23 17:31:55,711 - DEBUG - Adjusting pump 0 speed to 10
2025-09-23 17:31:55,712 - DEBUG - Dispensing 0.187 mL then waiting 5.529413223266602 s
2025-09-23 17:31:55,713 - INFO - Removing pipet
2025-09-23 17:31:55,716 - DEBUG - Selected small_tip for volume 0.075 mL
2025-09-23 17:31:55,716 - INFO - Getting small_tip (pipet number 2) from rack: small_tip_rack_1
2025-09-23 17:31:55,718 - INFO - Pipetting from vial liquid_source, amount: 0.075 mL
2025-09-23 17:31:55,721 - DEBUG - Adjusting pump 0 speed to 11
2025-09-23 17:31:55,721 - DEBUG - Aspirating 0.077 mL then waiting 0 s
2025-09-23 17:31:55,722 - DEBUG - Aspirating 0.075 mL then waiting 22.48070776462555 s
2025-09-23 17:31:55,722 - DEBUG - Aspirating 0.036 mL then waiting 0 s
2025-09-23 17:31:55,723 - INFO - Pipetting into vial measurement_vial_1, amount: 0.075 mL
2025-09-23 17:31:55,725 - DEBUG - Adjusting pump 0 speed to 10
2025-09-23 17:31:55,725 - DEBUG - Dispensing 0.187 mL then waiting 5.529413223266602 s
2025-09-23 17:31:55,728 - INFO - Removing pipet
2025-09-23 17:31:55,730 - DEBUG - Selected small_tip for volume 0.075 mL
2025-09-23 17:31:55,731 - INFO - Getting small_tip (pipet number 3) from rack: small_tip_rack_1
2025-09-23 17:31:55,733 - INFO - Pipetting from vial liquid_source, amount: 0.075 mL
2025-09-23 17:31:55,735 - DEBUG - Adjusting pump 0 speed to 11
2025-09-23 17:31:55,735 - DEBUG - Aspirating 0.077 mL then waiting 0 s
2025-09-23 17:31:55,735 - DEBUG - Aspirating 0.075 mL then waiting 22.48070776462555 s
2025-09-23 17:31:55,735 - DEBUG - Aspirating 0.036 mL then waiting 0 s
2025-09-23 17:31:55,737 - INFO - Pipetting into vial measurement_vial_1, amount: 0.075 mL
2025-09-23 17:31:55,738 - DEBUG - Adjusting pump 0 speed to 10
2025-09-23 17:31:55,739 - DEBUG - Dispensing 0.187 mL then waiting 5.529413223266602 s
2025-09-23 17:31:55,739 - INFO - Removing pipet
2025-09-23 17:31:55,971 - INFO - Removing pipet
2025-09-23 17:31:55,972 - INFO - Returning vial measurement_vial_1 to home location
2025-09-23 17:31:55,977 - INFO - Moving vial measurement_vial_1 to main_8mL_rack: 1
2025-09-23 17:31:55,981 - DEBUG - Grabbing vial 1 with index 1
2025-09-23 17:31:55,985 - DEBUG - Dropping off vial 1 at location main_8mL_rack with index 1
2025-09-23 17:31:55,986 - INFO - [info] Switching to new measurement vial: measurement_vial_2
2025-09-23 17:31:55,988 - INFO - Moving vial measurement_vial_2 to clamp: 0
2025-09-23 17:31:55,992 - DEBUG - Grabbing vial 2 with index 2
2025-09-23 17:31:55,993 - DEBUG - Dropping off vial 2 at location clamp with index 0
2025-09-23 17:31:55,998 - DEBUG - Selected small_tip for volume 0.062 mL
2025-09-23 17:31:55,999 - INFO - Getting small_tip (pipet number 4) from rack: small_tip_rack_1
2025-09-23 17:31:56,008 - INFO - Pipetting from vial liquid_source, amount: 0.062 mL
2025-09-23 17:31:56,077 - DEBUG - Adjusting pump 0 speed to 34
2025-09-23 17:31:56,077 - DEBUG - Aspirating 0.009 mL then waiting 0 s
2025-09-23 17:31:56,077 - DEBUG - Aspirating 0.062 mL then waiting 12.393135940656066 s
2025-09-23 17:31:56,077 - DEBUG - Aspirating 0.070 mL then waiting 0 s
2025-09-23 17:31:56,079 - INFO - Pipetting into vial measurement_vial_2, amount: 0.062 mL
2025-09-23 17:31:56,082 - DEBUG - Adjusting pump 0 speed to 23
2025-09-23 17:31:56,083 - DEBUG - Dispensing 0.142 mL then waiting 19.006759207695723 s
2025-09-23 17:31:56,083 - INFO - Removing pipet
2025-09-23 17:31:56,085 - DEBUG - Selected small_tip for volume 0.062 mL
2025-09-23 17:31:56,086 - INFO - Getting small_tip (pipet number 5) from rack: small_tip_rack_1
2025-09-23 17:31:56,088 - INFO - Pipetting from vial liquid_source, amount: 0.062 mL
2025-09-23 17:31:56,090 - DEBUG - Adjusting pump 0 speed to 34
2025-09-23 17:31:56,090 - DEBUG - Aspirating 0.009 mL then waiting 0 s
2025-09-23 17:31:56,090 - DEBUG - Aspirating 0.062 mL then waiting 12.393135940656066 s
2025-09-23 17:31:56,090 - DEBUG - Aspirating 0.070 mL then waiting 0 s
2025-09-23 17:31:56,092 - INFO - Pipetting into vial measurement_vial_2, amount: 0.062 mL
2025-09-23 17:31:56,101 - DEBUG - Adjusting pump 0 speed to 23
2025-09-23 17:31:56,103 - DEBUG - Dispensing 0.142 mL then waiting 19.006759207695723 s
2025-09-23 17:31:56,103 - INFO - Removing pipet
2025-09-23 17:31:56,105 - DEBUG - Selected small_tip for volume 0.062 mL
2025-09-23 17:31:56,105 - INFO - Getting small_tip (pipet number 6) from rack: small_tip_rack_1
2025-09-23 17:31:56,107 - INFO - Pipetting from vial liquid_source, amount: 0.062 mL
2025-09-23 17:31:56,109 - DEBUG - Adjusting pump 0 speed to 34
2025-09-23 17:31:56,109 - DEBUG - Aspirating 0.009 mL then waiting 0 s
2025-09-23 17:31:56,109 - DEBUG - Aspirating 0.062 mL then waiting 12.393135940656066 s
2025-09-23 17:31:56,109 - DEBUG - Aspirating 0.070 mL then waiting 0 s
2025-09-23 17:31:56,111 - INFO - Pipetting into vial measurement_vial_2, amount: 0.062 mL
2025-09-23 17:31:56,112 - DEBUG - Adjusting pump 0 speed to 23
2025-09-23 17:31:56,113 - DEBUG - Dispensing 0.142 mL then waiting 19.006759207695723 s
2025-09-23 17:31:56,114 - INFO - Removing pipet
2025-09-23 17:31:56,342 - DEBUG - Selected small_tip for volume 0.051 mL
2025-09-23 17:31:56,342 - INFO - Getting small_tip (pipet number 7) from rack: small_tip_rack_1
2025-09-23 17:31:56,343 - INFO - Pipetting from vial liquid_source, amount: 0.051 mL
2025-09-23 17:31:56,345 - DEBUG - Adjusting pump 0 speed to 25
2025-09-23 17:31:56,345 - DEBUG - Aspirating 0.028 mL then waiting 0 s
2025-09-23 17:31:56,345 - DEBUG - Aspirating 0.051 mL then waiting 28.394931005313993 s
2025-09-23 17:31:56,345 - DEBUG - Aspirating 0.021 mL then waiting 0 s
2025-09-23 17:31:56,347 - INFO - Pipetting into vial measurement_vial_2, amount: 0.051 mL
2025-09-23 17:31:56,349 - DEBUG - Adjusting pump 0 speed to 17
2025-09-23 17:31:56,350 - DEBUG - Dispensing 0.100 mL then waiting 12.44194284081459 s
2025-09-23 17:31:56,350 - INFO - Removing pipet
2025-09-23 17:31:56,352 - DEBUG - Selected small_tip for volume 0.051 mL
2025-09-23 17:31:56,352 - INFO - Getting small_tip (pipet number 8) from rack: small_tip_rack_1
2025-09-23 17:31:56,353 - INFO - Pipetting from vial liquid_source, amount: 0.051 mL
2025-09-23 17:31:56,355 - DEBUG - Adjusting pump 0 speed to 25
2025-09-23 17:31:56,355 - DEBUG - Aspirating 0.028 mL then waiting 0 s
2025-09-23 17:31:56,355 - DEBUG - Aspirating 0.051 mL then waiting 28.394931005313993 s
2025-09-23 17:31:56,355 - DEBUG - Aspirating 0.021 mL then waiting 0 s
2025-09-23 17:31:56,357 - INFO - Pipetting into vial measurement_vial_2, amount: 0.051 mL
2025-09-23 17:31:56,357 - DEBUG - Adjusting pump 0 speed to 17
2025-09-23 17:31:56,358 - DEBUG - Dispensing 0.100 mL then waiting 12.44194284081459 s
2025-09-23 17:31:56,358 - INFO - Removing pipet
2025-09-23 17:31:56,360 - DEBUG - Selected small_tip for volume 0.051 mL
2025-09-23 17:31:56,360 - INFO - Getting small_tip (pipet number 9) from rack: small_tip_rack_1
2025-09-23 17:31:56,361 - INFO - Pipetting from vial liquid_source, amount: 0.051 mL
2025-09-23 17:31:56,362 - DEBUG - Adjusting pump 0 speed to 25
2025-09-23 17:31:56,362 - DEBUG - Aspirating 0.028 mL then waiting 0 s
2025-09-23 17:31:56,362 - DEBUG - Aspirating 0.051 mL then waiting 28.394931005313993 s
2025-09-23 17:31:56,363 - DEBUG - Aspirating 0.021 mL then waiting 0 s
2025-09-23 17:31:56,364 - INFO - Pipetting into vial measurement_vial_2, amount: 0.051 mL
2025-09-23 17:31:56,365 - DEBUG - Adjusting pump 0 speed to 17
2025-09-23 17:31:56,365 - DEBUG - Dispensing 0.100 mL then waiting 12.44194284081459 s
2025-09-23 17:31:56,366 - INFO - Removing pipet
2025-09-23 17:31:56,597 - DEBUG - Selected small_tip for volume 0.063 mL
2025-09-23 17:31:56,597 - INFO - Getting small_tip (pipet number 10) from rack: small_tip_rack_1
2025-09-23 17:31:56,598 - INFO - Pipetting from vial liquid_source, amount: 0.063 mL
2025-09-23 17:31:56,600 - DEBUG - Adjusting pump 0 speed to 16
2025-09-23 17:31:56,600 - DEBUG - Aspirating 0.058 mL then waiting 0 s
2025-09-23 17:31:56,600 - DEBUG - Aspirating 0.063 mL then waiting 4.259606637060642 s
2025-09-23 17:31:56,600 - DEBUG - Aspirating 0.085 mL then waiting 0 s
2025-09-23 17:31:56,600 - INFO - Pipetting into vial measurement_vial_2, amount: 0.063 mL
2025-09-23 17:31:56,603 - DEBUG - Adjusting pump 0 speed to 30
2025-09-23 17:31:56,603 - DEBUG - Dispensing 0.206 mL then waiting 27.09417167119682 s
2025-09-23 17:31:56,603 - INFO - Removing pipet
2025-09-23 17:31:56,605 - DEBUG - Selected small_tip for volume 0.063 mL
2025-09-23 17:31:56,605 - INFO - Getting small_tip (pipet number 11) from rack: small_tip_rack_1
2025-09-23 17:31:56,606 - INFO - Pipetting from vial liquid_source, amount: 0.063 mL
2025-09-23 17:31:56,607 - DEBUG - Adjusting pump 0 speed to 16
2025-09-23 17:31:56,607 - DEBUG - Aspirating 0.058 mL then waiting 0 s
2025-09-23 17:31:56,607 - DEBUG - Aspirating 0.063 mL then waiting 4.259606637060642 s
2025-09-23 17:31:56,607 - DEBUG - Aspirating 0.085 mL then waiting 0 s
2025-09-23 17:31:56,608 - INFO - Pipetting into vial measurement_vial_2, amount: 0.063 mL
2025-09-23 17:31:56,610 - DEBUG - Adjusting pump 0 speed to 30
2025-09-23 17:31:56,610 - DEBUG - Dispensing 0.206 mL then waiting 27.09417167119682 s
2025-09-23 17:31:56,610 - INFO - Removing pipet
2025-09-23 17:31:56,612 - DEBUG - Selected small_tip for volume 0.063 mL
2025-09-23 17:31:56,612 - INFO - Getting small_tip (pipet number 12) from rack: small_tip_rack_1
2025-09-23 17:31:56,614 - INFO - Pipetting from vial liquid_source, amount: 0.063 mL
2025-09-23 17:31:56,615 - DEBUG - Adjusting pump 0 speed to 16
2025-09-23 17:31:56,615 - DEBUG - Aspirating 0.058 mL then waiting 0 s
2025-09-23 17:31:56,615 - DEBUG - Aspirating 0.063 mL then waiting 4.259606637060642 s
2025-09-23 17:31:56,615 - DEBUG - Aspirating 0.085 mL then waiting 0 s
2025-09-23 17:31:56,617 - INFO - Pipetting into vial measurement_vial_2, amount: 0.063 mL
2025-09-23 17:31:56,618 - DEBUG - Adjusting pump 0 speed to 30
2025-09-23 17:31:56,618 - DEBUG - Dispensing 0.206 mL then waiting 27.09417167119682 s
2025-09-23 17:31:56,618 - INFO - Removing pipet
2025-09-23 17:31:56,848 - DEBUG - Selected small_tip for volume 0.055 mL
2025-09-23 17:31:56,848 - INFO - Getting small_tip (pipet number 13) from rack: small_tip_rack_1
2025-09-23 17:31:56,850 - INFO - Pipetting from vial liquid_source, amount: 0.055 mL
2025-09-23 17:31:56,851 - DEBUG - Adjusting pump 0 speed to 14
2025-09-23 17:31:56,853 - DEBUG - Aspirating 0.090 mL then waiting 0 s
2025-09-23 17:31:56,853 - DEBUG - Aspirating 0.055 mL then waiting 8.865606626495719 s
2025-09-23 17:31:56,853 - DEBUG - Aspirating 0.010 mL then waiting 0 s
2025-09-23 17:31:56,854 - INFO - Pipetting into vial measurement_vial_2, amount: 0.055 mL
2025-09-23 17:31:56,855 - DEBUG - Adjusting pump 0 speed to 14
2025-09-23 17:31:56,856 - DEBUG - Dispensing 0.154 mL then waiting 25.507228514179587 s
2025-09-23 17:31:56,856 - INFO - Removing pipet
2025-09-23 17:31:56,857 - DEBUG - Selected small_tip for volume 0.055 mL
2025-09-23 17:31:56,857 - INFO - Getting small_tip (pipet number 14) from rack: small_tip_rack_1
2025-09-23 17:31:56,857 - INFO - Pipetting from vial liquid_source, amount: 0.055 mL
2025-09-23 17:31:56,860 - DEBUG - Adjusting pump 0 speed to 14
2025-09-23 17:31:56,860 - DEBUG - Aspirating 0.090 mL then waiting 0 s
2025-09-23 17:31:56,860 - DEBUG - Aspirating 0.055 mL then waiting 8.865606626495719 s
2025-09-23 17:31:56,860 - DEBUG - Aspirating 0.010 mL then waiting 0 s
2025-09-23 17:31:56,862 - INFO - Pipetting into vial measurement_vial_2, amount: 0.055 mL
2025-09-23 17:31:56,863 - DEBUG - Adjusting pump 0 speed to 14
2025-09-23 17:31:56,864 - DEBUG - Dispensing 0.154 mL then waiting 25.507228514179587 s
2025-09-23 17:31:56,864 - INFO - Removing pipet
2025-09-23 17:31:56,866 - DEBUG - Selected small_tip for volume 0.055 mL
2025-09-23 17:31:56,866 - INFO - Getting small_tip (pipet number 15) from rack: small_tip_rack_1
2025-09-23 17:31:56,870 - INFO - Pipetting from vial liquid_source, amount: 0.055 mL
2025-09-23 17:31:56,872 - DEBUG - Adjusting pump 0 speed to 14
2025-09-23 17:31:56,872 - DEBUG - Aspirating 0.090 mL then waiting 0 s
2025-09-23 17:31:56,872 - DEBUG - Aspirating 0.055 mL then waiting 8.865606626495719 s
2025-09-23 17:31:56,872 - DEBUG - Aspirating 0.010 mL then waiting 0 s
2025-09-23 17:31:56,874 - INFO - Pipetting into vial measurement_vial_2, amount: 0.055 mL
2025-09-23 17:31:56,875 - DEBUG - Adjusting pump 0 speed to 14
2025-09-23 17:31:56,875 - DEBUG - Dispensing 0.154 mL then waiting 25.507228514179587 s
2025-09-23 17:31:56,876 - INFO - Removing pipet
