2025-09-15 13:18:46,316 - INFO - Initializing North Robot...
2025-09-15 13:18:46,316 - DEBUG - Getting robot status from file: ../utoronto_demo/status/robot_status.yaml
2025-09-15 13:18:46,332 - DEBUG - Physical initialization of North Robot...
2025-09-15 13:18:46,332 - INFO - Moving robot to home position
2025-09-15 13:18:46,332 - DEBUG - Loading pumps...
2025-09-15 13:18:46,343 - INFO - Initializing North Track...
2025-09-15 13:18:46,343 - DEBUG - Loading track status from file: ../utoronto_demo/status/track_status.yaml
2025-09-15 13:18:46,343 - DEBUG - Getting track status from file: ../utoronto_demo/status/track_status.yaml
2025-09-15 13:18:46,344 - INFO -    vial_index           vial_name         location  location_index  vial_volume  capped cap_type vial_type    home_location  home_location_index
0           0  measurement_vial_0    main_8mL_rack               0     7.038149    True     open      8_mL    main_8mL_rack                    0
1           1  measurement_vial_1    main_8mL_rack               1     7.159352    True     open      8_mL    main_8mL_rack                    1
2           2  measurement_vial_2    main_8mL_rack               2     2.446171    True     open      8_mL    main_8mL_rack                    2
3           3       liquid_source  large_vial_rack               2     3.356328    True     open     20_mL  large_vial_rack                    2
2025-09-15 13:18:46,366 - INFO - Visualizing vial racks...
2025-09-15 13:18:46,601 - DEBUG - Visualizing rack: Main Rack with filter: main_8mL_rack
2025-09-15 13:18:46,725 - DEBUG - Visualizing rack: Second Rack with filter: large_vial_rack
2025-09-15 13:18:48,220 - INFO - Moving vial measurement_vial_0 to clamp: 0
2025-09-15 13:18:48,220 - DEBUG - Grabbing vial 0 with index 0
2025-09-15 13:18:48,224 - DEBUG - Saving robot status to file: ../utoronto_demo/status/robot_status.yaml
2025-09-15 13:18:48,224 - DEBUG - Dropping off vial 0 at location clamp with index 0
2025-09-15 13:18:48,226 - DEBUG - Saving robot status to file: ../utoronto_demo/status/robot_status.yaml
2025-09-15 13:18:48,226 - INFO - Liquid: 
2025-09-15 13:18:48,230 - INFO - Loading existing data from C:\Users\Imaging Controller\Desktop\Calibration_SDL_Output\autosave_calibration\with_overvolume\20250908_153346_glycerol_qEI\experiment_summary.csv
2025-09-15 13:18:48,549 - INFO - Loading existing data from C:\Users\Imaging Controller\Desktop\Calibration_SDL_Output\autosave_calibration\with_overvolume\20250909_134248_glycerol_qLogEI\experiment_summary.csv
2025-09-15 13:18:48,839 - INFO - Loading existing data from C:\Users\Imaging Controller\Desktop\Calibration_SDL_Output\autosave_calibration\with_overvolume\20250909_152721_glycerol_qNEHVI\experiment_summary.csv
2025-09-15 13:19:11,103 - DEBUG - Removing pipet
2025-09-15 13:19:11,103 - DEBUG - Saving robot status to file: ../utoronto_demo/status/robot_status.yaml
2025-09-15 13:19:11,105 - INFO - Returning vial measurement_vial_0 to home location
2025-09-15 13:19:11,106 - INFO - Moving vial measurement_vial_0 to main_8mL_rack: 0
2025-09-15 13:19:11,106 - DEBUG - Grabbing vial 0 with index 0
2025-09-15 13:19:11,106 - DEBUG - Saving robot status to file: ../utoronto_demo/status/robot_status.yaml
2025-09-15 13:19:11,106 - DEBUG - Dropping off vial 0 at location main_8mL_rack with index 0
2025-09-15 13:19:11,108 - DEBUG - Saving robot status to file: ../utoronto_demo/status/robot_status.yaml
2025-09-15 13:19:11,108 - DEBUG - Saving robot status to file: ../utoronto_demo/status/robot_status.yaml
2025-09-15 13:19:11,108 - INFO - [info] Switching to new measurement vial: measurement_vial_1
2025-09-15 13:19:11,108 - INFO - Moving vial measurement_vial_1 to clamp: 0
2025-09-15 13:19:11,108 - DEBUG - Grabbing vial 1 with index 1
2025-09-15 13:19:11,110 - DEBUG - Saving robot status to file: ../utoronto_demo/status/robot_status.yaml
2025-09-15 13:19:11,110 - DEBUG - Dropping off vial 1 at location clamp with index 0
2025-09-15 13:19:11,111 - DEBUG - Saving robot status to file: ../utoronto_demo/status/robot_status.yaml
2025-09-15 13:19:11,112 - DEBUG - Getting pipet number: 0 from rack 1
2025-09-15 13:19:11,114 - DEBUG - Saving robot status to file: ../utoronto_demo/status/robot_status.yaml
2025-09-15 13:19:11,115 - INFO - Pipetting from vial liquid_source, amount: 0.059 mL
2025-09-15 13:19:11,116 - DEBUG - Adjusting pump 0 speed to 10
2025-09-15 13:19:11,116 - DEBUG - Aspirating 0.06162696083455176 mL then waiting 0 s
2025-09-15 13:19:11,116 - DEBUG - Aspirating 0.058712880017194734 mL then waiting 17.510958010037303 s
2025-09-15 13:19:11,116 - DEBUG - Aspirating 0.045317520820202066 mL then waiting 0 s
2025-09-15 13:19:11,116 - DEBUG - Saving robot status to file: ../utoronto_demo/status/robot_status.yaml
2025-09-15 13:19:11,116 - INFO - Pipetting into vial measurement_vial_1, amount: 0.059 mL
2025-09-15 13:19:11,120 - DEBUG - Adjusting pump 0 speed to 8
2025-09-15 13:19:11,120 - DEBUG - Dispensing 0.16565736167194856 mL then waiting 1.301551454987128 s
2025-09-15 13:19:11,121 - DEBUG - Saving robot status to file: ../utoronto_demo/status/robot_status.yaml
2025-09-15 13:19:11,121 - DEBUG - Removing pipet
2025-09-15 13:19:11,122 - DEBUG - Saving robot status to file: ../utoronto_demo/status/robot_status.yaml
2025-09-15 13:19:11,123 - DEBUG - Getting pipet number: 1 from rack 1
2025-09-15 13:19:11,123 - DEBUG - Saving robot status to file: ../utoronto_demo/status/robot_status.yaml
2025-09-15 13:19:11,124 - INFO - Pipetting from vial liquid_source, amount: 0.059 mL
2025-09-15 13:19:11,127 - DEBUG - Adjusting pump 0 speed to 10
2025-09-15 13:19:11,127 - DEBUG - Aspirating 0.06162696083455176 mL then waiting 0 s
2025-09-15 13:19:11,127 - DEBUG - Aspirating 0.058712880017194734 mL then waiting 17.510958010037303 s
2025-09-15 13:19:11,127 - DEBUG - Aspirating 0.045317520820202066 mL then waiting 0 s
2025-09-15 13:19:11,127 - DEBUG - Saving robot status to file: ../utoronto_demo/status/robot_status.yaml
2025-09-15 13:19:11,128 - INFO - Pipetting into vial measurement_vial_1, amount: 0.059 mL
2025-09-15 13:19:11,128 - DEBUG - Adjusting pump 0 speed to 8
2025-09-15 13:19:11,130 - DEBUG - Dispensing 0.16565736167194856 mL then waiting 1.301551454987128 s
2025-09-15 13:19:11,130 - DEBUG - Saving robot status to file: ../utoronto_demo/status/robot_status.yaml
2025-09-15 13:19:11,130 - DEBUG - Removing pipet
2025-09-15 13:19:11,130 - DEBUG - Saving robot status to file: ../utoronto_demo/status/robot_status.yaml
2025-09-15 13:19:11,131 - DEBUG - Getting pipet number: 2 from rack 1
2025-09-15 13:19:11,131 - DEBUG - Saving robot status to file: ../utoronto_demo/status/robot_status.yaml
2025-09-15 13:19:11,132 - INFO - Pipetting from vial liquid_source, amount: 0.059 mL
2025-09-15 13:19:11,134 - DEBUG - Adjusting pump 0 speed to 10
2025-09-15 13:19:11,134 - DEBUG - Aspirating 0.06162696083455176 mL then waiting 0 s
2025-09-15 13:19:11,134 - DEBUG - Aspirating 0.058712880017194734 mL then waiting 17.510958010037303 s
2025-09-15 13:19:11,134 - DEBUG - Aspirating 0.045317520820202066 mL then waiting 0 s
2025-09-15 13:19:11,134 - DEBUG - Saving robot status to file: ../utoronto_demo/status/robot_status.yaml
2025-09-15 13:19:11,134 - INFO - Pipetting into vial measurement_vial_1, amount: 0.059 mL
2025-09-15 13:19:11,137 - DEBUG - Adjusting pump 0 speed to 8
2025-09-15 13:19:11,137 - DEBUG - Dispensing 0.16565736167194856 mL then waiting 1.301551454987128 s
2025-09-15 13:19:11,137 - DEBUG - Saving robot status to file: ../utoronto_demo/status/robot_status.yaml
2025-09-15 13:19:11,138 - DEBUG - Removing pipet
2025-09-15 13:19:11,138 - DEBUG - Saving robot status to file: ../utoronto_demo/status/robot_status.yaml
