2026-02-09 12:30:26,302 - INFO - Initializing North Robot...
2026-02-09 12:30:26,302 - DEBUG - Loading robot configuration files...
2026-02-09 12:30:26,313 - DEBUG - Loaded vial positions configuration from robot_state/vial_positions.yaml
2026-02-09 12:30:26,315 - DEBUG - Loaded pipet tips configuration from robot_state/pipet_tips.yaml
2026-02-09 12:30:26,319 - DEBUG - Loaded pipet racks configuration from robot_state/pipet_racks.yaml
2026-02-09 12:30:26,320 - DEBUG - Loaded pump configuration from robot_state/syringe_pumps.yaml
2026-02-09 12:30:26,324 - DEBUG - Loaded robot hardware configuration from robot_state/robot_hardware.yaml
2026-02-09 12:30:26,329 - DEBUG - Loaded wellplate properties configuration from robot_state/wellplates.yaml
2026-02-09 12:30:26,329 - DEBUG - Loading robot state files...
2026-02-09 12:30:26,333 - DEBUG - Loaded vial data from status/calibration_vials_short.csv
2026-02-09 12:30:26,343 - DEBUG - Loaded robot status from robot_state/robot_status.yaml
2026-02-09 12:30:26,346 - DEBUG - Loaded wellplate positions from robot_state/wellplates.yaml
2026-02-09 12:30:26,346 - DEBUG - Robot status loaded successfully
2026-02-09 12:30:26,346 - INFO - Physical initialization of North Robot...
2026-02-09 12:30:29,846 - DEBUG - Loading pumps from YAML configuration...
2026-02-09 12:30:29,958 - DEBUG - Loaded pump 0: volume=1.0mL, speed=11, liquid=None
2026-02-09 12:30:30,053 - DEBUG - Loaded pump 1: volume=2.5mL, speed=15, liquid=water
2026-02-09 12:30:30,053 - WARNING - The robot reports having 0.050 mL liquid in its tip... Returning that liquid...
2026-02-09 12:30:30,053 - INFO - Pipetting into vial liquid_source_0, amount: 1.000 mL
2026-02-09 12:30:30,055 - DEBUG - Adjusting pump 0 speed to 10
2026-02-09 12:30:33,861 - DEBUG - Dispensing 1.000 mL then waiting 0.0 s
2026-02-09 12:30:33,861 - WARNING - Dispense exceeded limit: Dispensing all liquid
2026-02-09 12:30:34,011 - WARNING - The robot reports having a tip, removing the tip
2026-02-09 12:30:34,011 - INFO - Removing pipet
2026-02-09 12:30:37,431 - INFO - Moving robot to home position
2026-02-09 12:30:39,290 - DEBUG - Initializing centrifuge controller...
2026-02-09 12:30:39,290 - INFO - Initializing North Track...
2026-02-09 12:30:39,290 - DEBUG - Loading track status from file: robot_state/track_status.yaml
2026-02-09 12:30:39,290 - DEBUG - Getting track status from file: robot_state/track_status.yaml
2026-02-09 12:30:39,290 - DEBUG - Loaded track status from robot_state/track_status.yaml
2026-02-09 12:30:39,290 - DEBUG - Loading track positions from: robot_state/track_positions.yaml
2026-02-09 12:30:39,290 - DEBUG - Loaded track positions configuration from robot_state/track_positions.yaml
2026-02-09 12:30:39,290 - DEBUG - Loading robot hardware configuration from: robot_state/robot_hardware.yaml
2026-02-09 12:30:39,290 - DEBUG - Loaded robot hardware configuration from robot_state/robot_hardware.yaml
2026-02-09 12:30:39,290 - DEBUG - Loaded wellplate properties configuration from robot_state/wellplates.yaml
2026-02-09 12:30:39,380 - DEBUG - Moving North Track to home position
2026-02-09 12:30:39,381 - INFO - Homing all robot components...
2026-02-09 12:30:39,382 - DEBUG - Homing carousel...
2026-02-09 12:30:47,165 - DEBUG - Homing robot axes...
2026-02-09 12:30:59,395 - DEBUG - Homing pump 0...
2026-02-09 12:31:01,174 - DEBUG - Homing pump 1...
2026-02-09 12:31:02,836 - DEBUG - Homing track axes...
2026-02-09 12:31:02,836 - DEBUG - Homing track axis z_axis (axis 6)...
2026-02-09 12:31:06,374 - DEBUG - Homing track axis x_axis (axis 7)...
2026-02-09 12:31:10,366 - INFO - All robot components homed successfully
2026-02-09 12:31:10,366 - INFO - Moving vial liquid_source_0 to clamp: 0
2026-02-09 12:31:10,366 - DEBUG - Grabbing vial 1 with index 1
2026-02-09 12:31:12,357 - DEBUG - Dropping off vial 1 at location clamp with index 0
2026-02-09 12:31:16,227 - DEBUG - Applied object param asp_disp_cycles=0
2026-02-09 12:31:16,227 - DEBUG - Applied object param aspirate_speed=15
2026-02-09 12:31:16,227 - DEBUG - Applied object param aspirate_wait_time=0.0
2026-02-09 12:31:16,227 - DEBUG - Applied object param blowout_vol=0.5
2026-02-09 12:31:16,227 - DEBUG - Applied object param dispense_speed=5
2026-02-09 12:31:16,227 - DEBUG - Applied object param dispense_wait_time=0.0
2026-02-09 12:31:16,227 - DEBUG - Applied object param overaspirate_vol=0.0
2026-02-09 12:31:16,227 - DEBUG - Applied object param post_asp_air_vol=0.0
2026-02-09 12:31:16,227 - DEBUG - Applied object param post_retract_wait_time=0.0
2026-02-09 12:31:16,227 - DEBUG - Applied object param pre_asp_air_vol=0.0
2026-02-09 12:31:16,227 - DEBUG - Applied object param retract_speed=10
2026-02-09 12:31:16,227 - DEBUG - Selected small_tip for volume 0.100 mL
2026-02-09 12:31:16,227 - INFO - Getting small_tip (pipet number 25) from rack: small_tip_rack_2
2026-02-09 12:31:20,909 - INFO - Pipetting from vial liquid_source_0, amount: 0.100 mL
2026-02-09 12:31:20,909 - INFO - Additional volume from calibration, amount: 0.000 mL
2026-02-09 12:31:20,909 - DEBUG - Adjusting pump 0 speed to 10
2026-02-09 12:31:22,772 - DEBUG - Adjusting pump 0 speed to 15
2026-02-09 12:31:23,909 - DEBUG - Aspirating 0.100 mL then waiting 0.0 s
2026-02-09 12:31:25,170 - DEBUG - Applied object param asp_disp_cycles=0
2026-02-09 12:31:25,170 - DEBUG - Applied object param aspirate_speed=15
2026-02-09 12:31:25,170 - DEBUG - Applied object param aspirate_wait_time=0.0
2026-02-09 12:31:25,170 - DEBUG - Applied object param blowout_vol=0.5
2026-02-09 12:31:25,170 - DEBUG - Applied object param dispense_speed=5
2026-02-09 12:31:25,170 - DEBUG - Applied object param dispense_wait_time=0.0
2026-02-09 12:31:25,170 - DEBUG - Applied object param overaspirate_vol=0.0
2026-02-09 12:31:25,170 - DEBUG - Applied object param post_asp_air_vol=0.0
2026-02-09 12:31:25,170 - DEBUG - Applied object param post_retract_wait_time=0.0
2026-02-09 12:31:25,170 - DEBUG - Applied object param pre_asp_air_vol=0.0
2026-02-09 12:31:25,170 - DEBUG - Applied object param retract_speed=10
2026-02-09 12:31:25,170 - INFO - Pipetting into vial liquid_source_0, amount: 0.100 mL
2026-02-09 12:31:25,170 - DEBUG - Adjusting pump 0 speed to 5
2026-02-09 12:31:25,270 - DEBUG - Dispensing 0.100 mL then waiting 0.0 s
2026-02-09 12:31:25,718 - DEBUG - Blowing out 0.500 mL
2026-02-09 12:31:28,750 - DEBUG - Applied object param asp_disp_cycles=0
2026-02-09 12:31:28,750 - DEBUG - Applied object param aspirate_speed=15
2026-02-09 12:31:28,750 - DEBUG - Applied object param aspirate_wait_time=0.0
2026-02-09 12:31:28,750 - DEBUG - Applied object param blowout_vol=0.5
2026-02-09 12:31:28,750 - DEBUG - Applied object param dispense_speed=5
2026-02-09 12:31:28,750 - DEBUG - Applied object param dispense_wait_time=0.0
2026-02-09 12:31:28,750 - DEBUG - Applied object param overaspirate_vol=0.0
2026-02-09 12:31:28,750 - DEBUG - Applied object param post_asp_air_vol=0.0
2026-02-09 12:31:28,750 - DEBUG - Applied object param post_retract_wait_time=0.0
2026-02-09 12:31:28,750 - DEBUG - Applied object param pre_asp_air_vol=0.0
2026-02-09 12:31:28,750 - DEBUG - Applied object param retract_speed=10
2026-02-09 12:31:28,750 - DEBUG - Selected small_tip for volume 0.100 mL
2026-02-09 12:31:28,750 - INFO - Pipetting from vial liquid_source_0, amount: 0.100 mL
2026-02-09 12:31:28,750 - INFO - Additional volume from calibration, amount: 0.000 mL
2026-02-09 12:31:28,772 - DEBUG - Adjusting pump 0 speed to 10
2026-02-09 12:31:28,871 - DEBUG - Adjusting pump 0 speed to 15
2026-02-09 12:31:29,005 - DEBUG - Aspirating 0.100 mL then waiting 0.0 s
2026-02-09 12:31:30,280 - DEBUG - Applied object param asp_disp_cycles=0
2026-02-09 12:31:30,280 - DEBUG - Applied object param aspirate_speed=15
2026-02-09 12:31:30,280 - DEBUG - Applied object param aspirate_wait_time=0.0
2026-02-09 12:31:30,280 - DEBUG - Applied object param blowout_vol=0.5
2026-02-09 12:31:30,280 - DEBUG - Applied object param dispense_speed=5
2026-02-09 12:31:30,280 - DEBUG - Applied object param dispense_wait_time=0.0
2026-02-09 12:31:30,280 - DEBUG - Applied object param overaspirate_vol=0.0
2026-02-09 12:31:30,280 - DEBUG - Applied object param post_asp_air_vol=0.0
2026-02-09 12:31:30,280 - DEBUG - Applied object param post_retract_wait_time=0.0
2026-02-09 12:31:30,280 - DEBUG - Applied object param pre_asp_air_vol=0.0
2026-02-09 12:31:30,280 - DEBUG - Applied object param retract_speed=10
2026-02-09 12:31:30,282 - INFO - Pipetting into vial liquid_source_0, amount: 0.100 mL
2026-02-09 12:31:30,282 - DEBUG - Adjusting pump 0 speed to 5
2026-02-09 12:31:30,388 - DEBUG - Dispensing 0.100 mL then waiting 0.0 s
2026-02-09 12:31:30,834 - DEBUG - Blowing out 0.500 mL
2026-02-09 12:31:33,918 - DEBUG - Applied object param asp_disp_cycles=0
2026-02-09 12:31:33,918 - DEBUG - Applied object param aspirate_speed=15
2026-02-09 12:31:33,918 - DEBUG - Applied object param aspirate_wait_time=0.0
2026-02-09 12:31:33,919 - DEBUG - Applied object param blowout_vol=0.5
2026-02-09 12:31:33,919 - DEBUG - Applied object param dispense_speed=5
2026-02-09 12:31:33,919 - DEBUG - Applied object param dispense_wait_time=0.0
2026-02-09 12:31:33,919 - DEBUG - Applied object param overaspirate_vol=0.0
2026-02-09 12:31:33,919 - DEBUG - Applied object param post_asp_air_vol=0.0
2026-02-09 12:31:33,919 - DEBUG - Applied object param post_retract_wait_time=0.0
2026-02-09 12:31:33,919 - DEBUG - Applied object param pre_asp_air_vol=0.0
2026-02-09 12:31:33,919 - DEBUG - Applied object param retract_speed=10
2026-02-09 12:31:33,922 - DEBUG - Selected small_tip for volume 0.100 mL
2026-02-09 12:31:33,924 - INFO - Pipetting from vial liquid_source_0, amount: 0.100 mL
2026-02-09 12:31:33,924 - INFO - Additional volume from calibration, amount: 0.000 mL
2026-02-09 12:31:33,941 - DEBUG - Adjusting pump 0 speed to 10
2026-02-09 12:31:34,040 - DEBUG - Adjusting pump 0 speed to 15
2026-02-09 12:31:34,178 - DEBUG - Aspirating 0.100 mL then waiting 0.0 s
2026-02-09 12:31:35,438 - DEBUG - Applied object param asp_disp_cycles=0
2026-02-09 12:31:35,438 - DEBUG - Applied object param aspirate_speed=15
2026-02-09 12:31:35,438 - DEBUG - Applied object param aspirate_wait_time=0.0
2026-02-09 12:31:35,438 - DEBUG - Applied object param blowout_vol=0.5
2026-02-09 12:31:35,438 - DEBUG - Applied object param dispense_speed=5
2026-02-09 12:31:35,438 - DEBUG - Applied object param dispense_wait_time=0.0
2026-02-09 12:31:35,438 - DEBUG - Applied object param overaspirate_vol=0.0
2026-02-09 12:31:35,438 - DEBUG - Applied object param post_asp_air_vol=0.0
2026-02-09 12:31:35,438 - DEBUG - Applied object param post_retract_wait_time=0.0
2026-02-09 12:31:35,438 - DEBUG - Applied object param pre_asp_air_vol=0.0
2026-02-09 12:31:35,438 - DEBUG - Applied object param retract_speed=10
2026-02-09 12:31:35,438 - INFO - Pipetting into vial liquid_source_0, amount: 0.100 mL
2026-02-09 12:31:35,438 - DEBUG - Adjusting pump 0 speed to 5
2026-02-09 12:31:35,541 - DEBUG - Dispensing 0.100 mL then waiting 0.0 s
2026-02-09 12:31:35,973 - DEBUG - Blowing out 0.500 mL
2026-02-09 12:31:39,077 - DEBUG - Applied object param asp_disp_cycles=0
2026-02-09 12:31:39,077 - DEBUG - Applied object param aspirate_speed=15
2026-02-09 12:31:39,077 - DEBUG - Applied object param aspirate_wait_time=0.0
2026-02-09 12:31:39,077 - DEBUG - Applied object param blowout_vol=0.5
2026-02-09 12:31:39,077 - DEBUG - Applied object param dispense_speed=5
2026-02-09 12:31:39,077 - DEBUG - Applied object param dispense_wait_time=0.0
2026-02-09 12:31:39,077 - DEBUG - Applied object param overaspirate_vol=0.0
2026-02-09 12:31:39,077 - DEBUG - Applied object param post_asp_air_vol=0.0
2026-02-09 12:31:39,077 - DEBUG - Applied object param post_retract_wait_time=0.0
2026-02-09 12:31:39,077 - DEBUG - Applied object param pre_asp_air_vol=0.0
2026-02-09 12:31:39,077 - DEBUG - Applied object param retract_speed=10
2026-02-09 12:31:39,077 - DEBUG - Selected small_tip for volume 0.100 mL
2026-02-09 12:31:39,077 - INFO - Pipetting from vial liquid_source_0, amount: 0.100 mL
2026-02-09 12:31:39,077 - INFO - Additional volume from calibration, amount: 0.000 mL
2026-02-09 12:31:39,099 - DEBUG - Adjusting pump 0 speed to 10
2026-02-09 12:31:39,193 - DEBUG - Adjusting pump 0 speed to 15
2026-02-09 12:31:39,327 - DEBUG - Aspirating 0.100 mL then waiting 0.0 s
2026-02-09 12:31:40,643 - DEBUG - Applied object param asp_disp_cycles=0
2026-02-09 12:31:40,643 - DEBUG - Applied object param aspirate_speed=15
2026-02-09 12:31:40,643 - DEBUG - Applied object param aspirate_wait_time=0.0
2026-02-09 12:31:40,643 - DEBUG - Applied object param blowout_vol=0.5
2026-02-09 12:31:40,643 - DEBUG - Applied object param dispense_speed=5
2026-02-09 12:31:40,643 - DEBUG - Applied object param dispense_wait_time=0.0
2026-02-09 12:31:40,643 - DEBUG - Applied object param overaspirate_vol=0.0
2026-02-09 12:31:40,643 - DEBUG - Applied object param post_asp_air_vol=0.0
2026-02-09 12:31:40,643 - DEBUG - Applied object param post_retract_wait_time=0.0
2026-02-09 12:31:40,643 - DEBUG - Applied object param pre_asp_air_vol=0.0
2026-02-09 12:31:40,643 - DEBUG - Applied object param retract_speed=10
2026-02-09 12:31:40,643 - INFO - Pipetting into vial liquid_source_0, amount: 0.100 mL
2026-02-09 12:31:40,643 - DEBUG - Adjusting pump 0 speed to 5
2026-02-09 12:31:40,744 - DEBUG - Dispensing 0.100 mL then waiting 0.0 s
2026-02-09 12:31:41,142 - DEBUG - Blowing out 0.500 mL
2026-02-09 12:31:44,280 - INFO - Moving robot to home position
2026-02-09 12:31:47,601 - DEBUG - Applied dict param aspirate_speed=18
2026-02-09 12:31:47,601 - DEBUG - Applied dict param dispense_speed=12
2026-02-09 12:31:47,601 - DEBUG - Applied dict param aspirate_wait_time=0.7000000000000001
2026-02-09 12:31:47,601 - DEBUG - Applied dict param dispense_wait_time=1.5
2026-02-09 12:31:47,601 - DEBUG - Applied dict param pre_asp_air_vol=0.20600000000000002
2026-02-09 12:31:47,601 - DEBUG - Applied dict param retract_speed=5.0
2026-02-09 12:31:47,601 - DEBUG - Applied dict param blowout_vol=0.0
2026-02-09 12:31:47,601 - DEBUG - Applied dict param post_asp_air_vol=0.0
2026-02-09 12:31:47,601 - DEBUG - Applied dict param post_retract_wait_time=0.0
2026-02-09 12:31:47,601 - DEBUG - Applied dict param overaspirate_vol=0.0033
2026-02-09 12:31:47,605 - DEBUG - Selected small_tip for volume 0.183 mL
2026-02-09 12:31:47,606 - INFO - Pipetting from vial liquid_source_0, amount: 0.180 mL
2026-02-09 12:31:47,607 - INFO - Additional volume from calibration, amount: 0.003 mL
2026-02-09 12:31:47,607 - DEBUG - Adjusting pump 0 speed to 10
2026-02-09 12:31:51,238 - DEBUG - Aspirating 0.206 mL then waiting 0 s
2026-02-09 12:31:52,286 - DEBUG - Adjusting pump 0 speed to 18
2026-02-09 12:31:52,820 - DEBUG - Aspirating 0.183 mL then waiting 0.7000000000000001 s
2026-02-09 12:32:00,944 - DEBUG - Applied dict param aspirate_speed=18
2026-02-09 12:32:00,944 - DEBUG - Applied dict param dispense_speed=12
2026-02-09 12:32:00,944 - DEBUG - Applied dict param aspirate_wait_time=0.7000000000000001
2026-02-09 12:32:00,944 - DEBUG - Applied dict param dispense_wait_time=1.5
2026-02-09 12:32:00,944 - DEBUG - Applied dict param pre_asp_air_vol=0.20600000000000002
2026-02-09 12:32:00,944 - DEBUG - Applied dict param retract_speed=5.0
2026-02-09 12:32:00,944 - DEBUG - Applied dict param blowout_vol=0.0
2026-02-09 12:32:00,944 - DEBUG - Applied dict param post_asp_air_vol=0.0
2026-02-09 12:32:00,944 - DEBUG - Applied dict param post_retract_wait_time=0.0
2026-02-09 12:32:00,944 - DEBUG - Applied dict param overaspirate_vol=0.0033
2026-02-09 12:32:00,944 - INFO - Pipetting into vial liquid_source_0, amount: 0.180 mL
2026-02-09 12:32:00,944 - DEBUG - Adjusting pump 0 speed to 12
2026-02-09 12:32:02,771 - INFO - Short wait time (1.0s), allowing scale to settle after robot positioning...
2026-02-09 12:32:03,782 - INFO - Started continuous mass monitoring with pre-dispense baseline
2026-02-09 12:32:04,048 - DEBUG - Mass: -0.1728g at 0.000s (baseline_pre) steady=True
2026-02-09 12:32:04,448 - DEBUG - Mass: -0.1728g at 0.474s (baseline_pre) steady=True
2026-02-09 12:32:04,848 - DEBUG - Mass: -0.1728g at 0.872s (baseline_pre) steady=True
2026-02-09 12:32:05,244 - DEBUG - Mass: -0.1728g at 1.270s (baseline_pre) steady=True
2026-02-09 12:32:05,649 - DEBUG - Mass: -0.1728g at 1.670s (baseline_pre) steady=True
2026-02-09 12:32:05,788 - DEBUG - Dispensing 0.389 mL then waiting 1.5 s
2026-02-09 12:32:06,049 - DEBUG - Mass: -0.1728g at 2.070s (dispensing) steady=True
2026-02-09 12:32:06,447 - DEBUG - Mass: -0.1050g at 2.470s (dispensing) steady=False
2026-02-09 12:32:06,842 - DEBUG - Mass: -0.0294g at 2.869s (dispensing) steady=False
2026-02-09 12:32:07,246 - DEBUG - Mass: 0.0046g at 3.267s (dispensing) steady=False
2026-02-09 12:32:07,646 - DEBUG - Mass: 0.0063g at 3.665s (dispensing) steady=False
2026-02-09 12:32:08,046 - DEBUG - Mass: 0.0044g at 4.080s (dispensing) steady=False
2026-02-09 12:32:08,437 - DEBUG - Mass: 0.0019g at 4.480s (dispensing) steady=False
2026-02-09 12:32:08,838 - DEBUG - Mass: 0.0013g at 4.879s (dispensing) steady=False
2026-02-09 12:32:09,246 - DEBUG - Mass: 0.0014g at 5.278s (dispensing) steady=False
2026-02-09 12:32:09,426 - INFO - Dispensing took 3.639s, collecting post-dispense baseline
2026-02-09 12:32:09,643 - DEBUG - Mass: 0.0010g at 5.680s (baseline_post) steady=False
2026-02-09 12:32:10,047 - DEBUG - Mass: 0.0014g at 6.079s (baseline_post) steady=True
2026-02-09 12:32:10,448 - DEBUG - Mass: 0.0014g at 6.477s (baseline_post) steady=True
2026-02-09 12:32:10,848 - DEBUG - Mass: 0.0014g at 6.875s (baseline_post) steady=True
2026-02-09 12:32:11,247 - DEBUG - Mass: 0.0014g at 7.274s (baseline_post) steady=True
2026-02-09 12:32:11,454 - INFO - Stopped continuous mass monitoring. Collected 19 data points
2026-02-09 12:32:11,454 - INFO - Pre-baseline: 5 stable readings, avg=-0.172800g
2026-02-09 12:32:11,454 - INFO - Post-baseline: 4 stable readings, avg=0.001400g
2026-02-09 12:32:11,454 - INFO - INDEPENDENT BASELINE calculation:
2026-02-09 12:32:11,454 - INFO - Pre: STABLE, Post: STABLE, Mass difference: 0.174200g
2026-02-09 12:32:11,454 - INFO - Reading summary: 5 pre-readings (5 stable), 5 post-readings (4 stable)
2026-02-09 12:32:11,454 - INFO - Baseline variability: pre_std=0.000000g, post_std=0.000179g
2026-02-09 12:32:11,454 - INFO - Target: 0.180 mL = ~0.180000 g for water
2026-02-09 12:32:11,463 - INFO - Saved 19 mass measurements to output\mass_measurements\experiment_log2026-02-09_12-30-25\mass_data_liquid_source_0_20260209_123211.csv
2026-02-09 12:32:12,057 - INFO - Saved mass vs time plot to output\mass_measurements\experiment_log2026-02-09_12-30-25\mass_plot_liquid_source_0_20260209_123211.png
2026-02-09 12:32:12,071 - DEBUG - Applied dict param aspirate_speed=18
2026-02-09 12:32:12,071 - DEBUG - Applied dict param dispense_speed=12
2026-02-09 12:32:12,071 - DEBUG - Applied dict param aspirate_wait_time=0.7000000000000001
2026-02-09 12:32:12,071 - DEBUG - Applied dict param dispense_wait_time=1.5
2026-02-09 12:32:12,071 - DEBUG - Applied dict param pre_asp_air_vol=0.20600000000000002
2026-02-09 12:32:12,071 - DEBUG - Applied dict param retract_speed=5.0
2026-02-09 12:32:12,071 - DEBUG - Applied dict param blowout_vol=0.0
2026-02-09 12:32:12,071 - DEBUG - Applied dict param post_asp_air_vol=0.0
2026-02-09 12:32:12,071 - DEBUG - Applied dict param post_retract_wait_time=0.0
2026-02-09 12:32:12,071 - DEBUG - Applied dict param overaspirate_vol=0.0033
2026-02-09 12:32:12,071 - DEBUG - Selected small_tip for volume 0.183 mL
2026-02-09 12:32:12,071 - INFO - Pipetting from vial liquid_source_0, amount: 0.180 mL
2026-02-09 12:32:12,071 - INFO - Additional volume from calibration, amount: 0.003 mL
2026-02-09 12:32:12,075 - DEBUG - Adjusting pump 0 speed to 10
2026-02-09 12:32:13,879 - DEBUG - Aspirating 0.206 mL then waiting 0 s
2026-02-09 12:32:14,902 - DEBUG - Adjusting pump 0 speed to 18
2026-02-09 12:32:15,428 - DEBUG - Aspirating 0.183 mL then waiting 0.7000000000000001 s
2026-02-09 12:32:23,641 - DEBUG - Applied dict param aspirate_speed=18
2026-02-09 12:32:23,641 - DEBUG - Applied dict param dispense_speed=12
2026-02-09 12:32:23,641 - DEBUG - Applied dict param aspirate_wait_time=0.7000000000000001
2026-02-09 12:32:23,641 - DEBUG - Applied dict param dispense_wait_time=1.5
2026-02-09 12:32:23,641 - DEBUG - Applied dict param pre_asp_air_vol=0.20600000000000002
2026-02-09 12:32:23,641 - DEBUG - Applied dict param retract_speed=5.0
2026-02-09 12:32:23,641 - DEBUG - Applied dict param blowout_vol=0.0
2026-02-09 12:32:23,641 - DEBUG - Applied dict param post_asp_air_vol=0.0
2026-02-09 12:32:23,641 - DEBUG - Applied dict param post_retract_wait_time=0.0
2026-02-09 12:32:23,641 - DEBUG - Applied dict param overaspirate_vol=0.0033
2026-02-09 12:32:23,641 - INFO - Pipetting into vial liquid_source_0, amount: 0.180 mL
2026-02-09 12:32:23,641 - DEBUG - Adjusting pump 0 speed to 12
2026-02-09 12:32:25,466 - INFO - Short wait time (1.0s), allowing scale to settle after robot positioning...
2026-02-09 12:32:26,477 - INFO - Started continuous mass monitoring with pre-dispense baseline
2026-02-09 12:32:26,648 - DEBUG - Mass: -0.1776g at 0.000s (baseline_pre) steady=True
2026-02-09 12:32:27,046 - DEBUG - Mass: -0.1776g at 0.379s (baseline_pre) steady=True
2026-02-09 12:32:27,448 - DEBUG - Mass: -0.1776g at 0.777s (baseline_pre) steady=True
2026-02-09 12:32:27,848 - DEBUG - Mass: -0.1776g at 1.174s (baseline_pre) steady=True
2026-02-09 12:32:28,246 - DEBUG - Mass: -0.1776g at 1.588s (baseline_pre) steady=True
2026-02-09 12:32:28,478 - DEBUG - Dispensing 0.389 mL then waiting 1.5 s
2026-02-09 12:32:28,642 - DEBUG - Mass: -0.1776g at 1.985s (baseline_pre) steady=True
2026-02-09 12:32:29,045 - DEBUG - Mass: -0.1612g at 2.386s (dispensing) steady=False
2026-02-09 12:32:29,447 - DEBUG - Mass: -0.0866g at 2.784s (dispensing) steady=False
2026-02-09 12:32:29,840 - DEBUG - Mass: -0.0093g at 3.184s (dispensing) steady=False
2026-02-09 12:32:30,239 - DEBUG - Mass: 0.0048g at 3.583s (dispensing) steady=False
2026-02-09 12:32:30,646 - DEBUG - Mass: 0.0062g at 3.983s (dispensing) steady=False
2026-02-09 12:32:31,046 - DEBUG - Mass: 0.0020g at 4.382s (dispensing) steady=False
2026-02-09 12:32:31,446 - DEBUG - Mass: 0.0008g at 4.781s (dispensing) steady=False
2026-02-09 12:32:31,833 - DEBUG - Mass: 0.0005g at 5.180s (dispensing) steady=False
2026-02-09 12:32:32,245 - DEBUG - Mass: 0.0006g at 5.579s (dispensing) steady=False
2026-02-09 12:32:32,309 - INFO - Dispensing took 3.832s, collecting post-dispense baseline
2026-02-09 12:32:32,643 - DEBUG - Mass: 0.0000g at 5.975s (baseline_post) steady=True
2026-02-09 12:32:33,047 - DEBUG - Mass: 0.0000g at 6.374s (baseline_post) steady=True
2026-02-09 12:32:33,448 - DEBUG - Mass: 0.0000g at 6.772s (baseline_post) steady=True
2026-02-09 12:32:33,848 - DEBUG - Mass: 0.0000g at 7.185s (baseline_post) steady=True
2026-02-09 12:32:34,234 - DEBUG - Mass: 0.0000g at 7.584s (baseline_post) steady=True
2026-02-09 12:32:34,458 - INFO - Stopped continuous mass monitoring. Collected 20 data points
2026-02-09 12:32:34,458 - INFO - Pre-baseline: 6 stable readings, avg=-0.177600g
2026-02-09 12:32:34,458 - INFO - Post-baseline: 5 stable readings, avg=0.000000g
2026-02-09 12:32:34,458 - INFO - INDEPENDENT BASELINE calculation:
2026-02-09 12:32:34,458 - INFO - Pre: STABLE, Post: STABLE, Mass difference: 0.177600g
2026-02-09 12:32:34,465 - INFO - Reading summary: 6 pre-readings (6 stable), 5 post-readings (5 stable)
2026-02-09 12:32:34,466 - INFO - Baseline variability: pre_std=0.000000g, post_std=0.000000g
2026-02-09 12:32:34,466 - INFO - Target: 0.180 mL = ~0.180000 g for water
2026-02-09 12:32:34,468 - INFO - Saved 20 mass measurements to output\mass_measurements\experiment_log2026-02-09_12-30-25\mass_data_liquid_source_0_20260209_123234.csv
2026-02-09 12:32:35,004 - INFO - Saved mass vs time plot to output\mass_measurements\experiment_log2026-02-09_12-30-25\mass_plot_liquid_source_0_20260209_123234.png
2026-02-09 12:32:35,004 - DEBUG - Applied dict param aspirate_speed=18
2026-02-09 12:32:35,004 - DEBUG - Applied dict param dispense_speed=12
2026-02-09 12:32:35,004 - DEBUG - Applied dict param aspirate_wait_time=0.7000000000000001
2026-02-09 12:32:35,004 - DEBUG - Applied dict param dispense_wait_time=1.5
2026-02-09 12:32:35,004 - DEBUG - Applied dict param pre_asp_air_vol=0.20600000000000002
2026-02-09 12:32:35,004 - DEBUG - Applied dict param retract_speed=5.0
2026-02-09 12:32:35,004 - DEBUG - Applied dict param blowout_vol=0.0
2026-02-09 12:32:35,004 - DEBUG - Applied dict param post_asp_air_vol=0.0
2026-02-09 12:32:35,004 - DEBUG - Applied dict param post_retract_wait_time=0.0
2026-02-09 12:32:35,004 - DEBUG - Applied dict param overaspirate_vol=0.0033
2026-02-09 12:32:35,004 - DEBUG - Selected small_tip for volume 0.183 mL
2026-02-09 12:32:35,004 - INFO - Pipetting from vial liquid_source_0, amount: 0.180 mL
2026-02-09 12:32:35,004 - INFO - Additional volume from calibration, amount: 0.003 mL
2026-02-09 12:32:35,013 - DEBUG - Adjusting pump 0 speed to 10
2026-02-09 12:32:36,839 - DEBUG - Aspirating 0.206 mL then waiting 0 s
2026-02-09 12:32:37,878 - DEBUG - Adjusting pump 0 speed to 18
2026-02-09 12:32:38,395 - DEBUG - Aspirating 0.183 mL then waiting 0.7000000000000001 s
2026-02-09 12:32:46,615 - DEBUG - Applied dict param aspirate_speed=18
2026-02-09 12:32:46,615 - DEBUG - Applied dict param dispense_speed=12
2026-02-09 12:32:46,615 - DEBUG - Applied dict param aspirate_wait_time=0.7000000000000001
2026-02-09 12:32:46,615 - DEBUG - Applied dict param dispense_wait_time=1.5
2026-02-09 12:32:46,615 - DEBUG - Applied dict param pre_asp_air_vol=0.20600000000000002
2026-02-09 12:32:46,615 - DEBUG - Applied dict param retract_speed=5.0
2026-02-09 12:32:46,615 - DEBUG - Applied dict param blowout_vol=0.0
2026-02-09 12:32:46,615 - DEBUG - Applied dict param post_asp_air_vol=0.0
2026-02-09 12:32:46,615 - DEBUG - Applied dict param post_retract_wait_time=0.0
2026-02-09 12:32:46,615 - DEBUG - Applied dict param overaspirate_vol=0.0033
2026-02-09 12:32:46,617 - INFO - Pipetting into vial liquid_source_0, amount: 0.180 mL
2026-02-09 12:32:46,619 - DEBUG - Adjusting pump 0 speed to 12
2026-02-09 12:32:48,445 - INFO - Short wait time (1.0s), allowing scale to settle after robot positioning...
2026-02-09 12:32:49,455 - INFO - Started continuous mass monitoring with pre-dispense baseline
2026-02-09 12:32:49,649 - DEBUG - Mass: -0.1790g at 0.000s (baseline_pre) steady=True
2026-02-09 12:32:50,047 - DEBUG - Mass: -0.1790g at 0.411s (baseline_pre) steady=True
2026-02-09 12:32:50,439 - DEBUG - Mass: -0.1790g at 0.811s (baseline_pre) steady=True
2026-02-09 12:32:50,848 - DEBUG - Mass: -0.1790g at 1.208s (baseline_pre) steady=True
2026-02-09 12:32:51,240 - DEBUG - Mass: -0.1790g at 1.607s (baseline_pre) steady=True
2026-02-09 12:32:51,461 - DEBUG - Dispensing 0.389 mL then waiting 1.5 s
2026-02-09 12:32:51,649 - DEBUG - Mass: -0.1790g at 2.007s (dispensing) steady=True
2026-02-09 12:32:52,035 - DEBUG - Mass: -0.1243g at 2.406s (dispensing) steady=False
2026-02-09 12:32:52,440 - DEBUG - Mass: -0.0460g at 2.804s (dispensing) steady=False
2026-02-09 12:32:52,843 - DEBUG - Mass: 0.0016g at 3.203s (dispensing) steady=False
2026-02-09 12:32:53,246 - DEBUG - Mass: 0.0045g at 3.601s (dispensing) steady=False
2026-02-09 12:32:53,647 - DEBUG - Mass: 0.0041g at 3.999s (dispensing) steady=False
2026-02-09 12:32:54,046 - DEBUG - Mass: 0.0000g at 4.399s (dispensing) steady=False
2026-02-09 12:32:54,446 - DEBUG - Mass: -0.0006g at 4.798s (dispensing) steady=False
2026-02-09 12:32:54,843 - DEBUG - Mass: -0.0007g at 5.198s (dispensing) steady=False
2026-02-09 12:32:55,240 - INFO - Dispensing took 3.780s, collecting post-dispense baseline
2026-02-09 12:32:55,240 - DEBUG - Mass: 0.0000g at 5.597s (dispensing) steady=True
2026-02-09 12:32:55,647 - DEBUG - Mass: 0.0000g at 6.008s (baseline_post) steady=True
2026-02-09 12:32:56,034 - DEBUG - Mass: 0.0000g at 6.405s (baseline_post) steady=True
2026-02-09 12:32:56,433 - DEBUG - Mass: 0.0000g at 6.804s (baseline_post) steady=True
2026-02-09 12:32:56,847 - DEBUG - Mass: 0.0000g at 7.203s (baseline_post) steady=True
2026-02-09 12:32:57,234 - DEBUG - Mass: 0.0000g at 7.603s (baseline_post) steady=True
2026-02-09 12:32:57,449 - INFO - Stopped continuous mass monitoring. Collected 20 data points
2026-02-09 12:32:57,453 - INFO - Pre-baseline: 5 stable readings, avg=-0.179000g
2026-02-09 12:32:57,454 - INFO - Post-baseline: 5 stable readings, avg=0.000000g
2026-02-09 12:32:57,454 - INFO - INDEPENDENT BASELINE calculation:
2026-02-09 12:32:57,454 - INFO - Pre: STABLE, Post: STABLE, Mass difference: 0.179000g
2026-02-09 12:32:57,456 - INFO - Reading summary: 5 pre-readings (5 stable), 5 post-readings (5 stable)
2026-02-09 12:32:57,456 - INFO - Baseline variability: pre_std=0.000000g, post_std=0.000000g
2026-02-09 12:32:57,456 - INFO - Target: 0.180 mL = ~0.180000 g for water
2026-02-09 12:32:57,458 - INFO - Saved 20 mass measurements to output\mass_measurements\experiment_log2026-02-09_12-30-25\mass_data_liquid_source_0_20260209_123257.csv
2026-02-09 12:32:58,012 - INFO - Saved mass vs time plot to output\mass_measurements\experiment_log2026-02-09_12-30-25\mass_plot_liquid_source_0_20260209_123257.png
2026-02-09 12:32:58,012 - DEBUG - Applied dict param aspirate_speed=18
2026-02-09 12:32:58,012 - DEBUG - Applied dict param dispense_speed=12
2026-02-09 12:32:58,012 - DEBUG - Applied dict param aspirate_wait_time=0.7000000000000001
2026-02-09 12:32:58,012 - DEBUG - Applied dict param dispense_wait_time=1.5
2026-02-09 12:32:58,012 - DEBUG - Applied dict param pre_asp_air_vol=0.20600000000000002
2026-02-09 12:32:58,012 - DEBUG - Applied dict param retract_speed=5.0
2026-02-09 12:32:58,012 - DEBUG - Applied dict param blowout_vol=0.0
2026-02-09 12:32:58,012 - DEBUG - Applied dict param post_asp_air_vol=0.0
2026-02-09 12:32:58,012 - DEBUG - Applied dict param post_retract_wait_time=0.0
2026-02-09 12:32:58,012 - DEBUG - Applied dict param overaspirate_vol=0.0033
2026-02-09 12:32:58,012 - DEBUG - Selected small_tip for volume 0.183 mL
2026-02-09 12:32:58,012 - INFO - Pipetting from vial liquid_source_0, amount: 0.180 mL
2026-02-09 12:32:58,012 - INFO - Additional volume from calibration, amount: 0.003 mL
2026-02-09 12:32:58,020 - DEBUG - Adjusting pump 0 speed to 10
2026-02-09 12:32:59,848 - DEBUG - Aspirating 0.206 mL then waiting 0 s
2026-02-09 12:33:00,838 - DEBUG - Adjusting pump 0 speed to 18
2026-02-09 12:33:01,365 - DEBUG - Aspirating 0.183 mL then waiting 0.7000000000000001 s
2026-02-09 12:33:09,561 - DEBUG - Applied dict param aspirate_speed=18
2026-02-09 12:33:09,561 - DEBUG - Applied dict param dispense_speed=12
2026-02-09 12:33:09,561 - DEBUG - Applied dict param aspirate_wait_time=0.7000000000000001
2026-02-09 12:33:09,561 - DEBUG - Applied dict param dispense_wait_time=1.5
2026-02-09 12:33:09,561 - DEBUG - Applied dict param pre_asp_air_vol=0.20600000000000002
2026-02-09 12:33:09,561 - DEBUG - Applied dict param retract_speed=5.0
2026-02-09 12:33:09,561 - DEBUG - Applied dict param blowout_vol=0.0
2026-02-09 12:33:09,561 - DEBUG - Applied dict param post_asp_air_vol=0.0
2026-02-09 12:33:09,561 - DEBUG - Applied dict param post_retract_wait_time=0.0
2026-02-09 12:33:09,561 - DEBUG - Applied dict param overaspirate_vol=0.0033
2026-02-09 12:33:09,563 - INFO - Pipetting into vial liquid_source_0, amount: 0.180 mL
2026-02-09 12:33:09,563 - DEBUG - Adjusting pump 0 speed to 12
2026-02-09 12:33:11,374 - INFO - Short wait time (1.0s), allowing scale to settle after robot positioning...
2026-02-09 12:33:12,385 - INFO - Started continuous mass monitoring with pre-dispense baseline
2026-02-09 12:33:12,634 - DEBUG - Mass: -0.1783g at 0.000s (baseline_pre) steady=True
2026-02-09 12:33:13,041 - DEBUG - Mass: -0.1783g at 0.474s (baseline_pre) steady=True
2026-02-09 12:33:13,440 - DEBUG - Mass: -0.1783g at 0.865s (baseline_pre) steady=True
2026-02-09 12:33:13,840 - DEBUG - Mass: -0.1783g at 1.280s (baseline_pre) steady=True
2026-02-09 12:33:14,249 - DEBUG - Mass: -0.1782g at 1.680s (baseline_pre) steady=True
2026-02-09 12:33:14,400 - DEBUG - Dispensing 0.389 mL then waiting 1.5 s
2026-02-09 12:33:14,646 - DEBUG - Mass: -0.1782g at 2.080s (dispensing) steady=True
2026-02-09 12:33:15,047 - DEBUG - Mass: -0.1163g at 2.480s (dispensing) steady=False
2026-02-09 12:33:15,446 - DEBUG - Mass: -0.0381g at 2.879s (dispensing) steady=False
2026-02-09 12:33:15,844 - DEBUG - Mass: 0.0025g at 3.277s (dispensing) steady=False
2026-02-09 12:33:16,247 - DEBUG - Mass: 0.0046g at 3.677s (dispensing) steady=False
2026-02-09 12:33:16,647 - DEBUG - Mass: 0.0025g at 4.076s (dispensing) steady=False
2026-02-09 12:33:17,040 - DEBUG - Mass: -0.0007g at 4.473s (dispensing) steady=False
2026-02-09 12:33:17,447 - DEBUG - Mass: -0.0005g at 4.872s (dispensing) steady=False
2026-02-09 12:33:17,847 - DEBUG - Mass: -0.0007g at 5.268s (dispensing) steady=False
2026-02-09 12:33:18,019 - INFO - Dispensing took 3.619s, collecting post-dispense baseline
2026-02-09 12:33:18,247 - DEBUG - Mass: 0.0000g at 5.677s (baseline_post) steady=True
2026-02-09 12:33:18,647 - DEBUG - Mass: 0.0000g at 6.079s (baseline_post) steady=True
2026-02-09 12:33:19,044 - DEBUG - Mass: 0.0000g at 6.476s (baseline_post) steady=True
2026-02-09 12:33:19,448 - DEBUG - Mass: 0.0000g at 6.872s (baseline_post) steady=True
2026-02-09 12:33:19,848 - DEBUG - Mass: 0.0000g at 7.271s (baseline_post) steady=True
2026-02-09 12:33:20,053 - INFO - Stopped continuous mass monitoring. Collected 19 data points
2026-02-09 12:33:20,058 - INFO - Pre-baseline: 5 stable readings, avg=-0.178280g
2026-02-09 12:33:20,058 - INFO - Post-baseline: 5 stable readings, avg=0.000000g
2026-02-09 12:33:20,058 - INFO - INDEPENDENT BASELINE calculation:
2026-02-09 12:33:20,058 - INFO - Pre: STABLE, Post: STABLE, Mass difference: 0.178280g
2026-02-09 12:33:20,061 - INFO - Reading summary: 5 pre-readings (5 stable), 5 post-readings (5 stable)
2026-02-09 12:33:20,061 - INFO - Baseline variability: pre_std=0.000045g, post_std=0.000000g
2026-02-09 12:33:20,061 - INFO - Target: 0.180 mL = ~0.180000 g for water
2026-02-09 12:33:20,063 - INFO - Saved 19 mass measurements to output\mass_measurements\experiment_log2026-02-09_12-30-25\mass_data_liquid_source_0_20260209_123320.csv
2026-02-09 12:33:20,594 - INFO - Saved mass vs time plot to output\mass_measurements\experiment_log2026-02-09_12-30-25\mass_plot_liquid_source_0_20260209_123320.png
2026-02-09 12:33:20,604 - DEBUG - Applied dict param aspirate_speed=18
2026-02-09 12:33:20,604 - DEBUG - Applied dict param dispense_speed=12
2026-02-09 12:33:20,604 - DEBUG - Applied dict param aspirate_wait_time=0.7000000000000001
2026-02-09 12:33:20,604 - DEBUG - Applied dict param dispense_wait_time=1.5
2026-02-09 12:33:20,604 - DEBUG - Applied dict param pre_asp_air_vol=0.20600000000000002
2026-02-09 12:33:20,604 - DEBUG - Applied dict param retract_speed=5.0
2026-02-09 12:33:20,604 - DEBUG - Applied dict param blowout_vol=0.0
2026-02-09 12:33:20,604 - DEBUG - Applied dict param post_asp_air_vol=0.0
2026-02-09 12:33:20,604 - DEBUG - Applied dict param post_retract_wait_time=0.0
2026-02-09 12:33:20,604 - DEBUG - Applied dict param overaspirate_vol=0.0033
2026-02-09 12:33:20,608 - DEBUG - Selected small_tip for volume 0.183 mL
2026-02-09 12:33:20,608 - INFO - Pipetting from vial liquid_source_0, amount: 0.180 mL
2026-02-09 12:33:20,608 - INFO - Additional volume from calibration, amount: 0.003 mL
2026-02-09 12:33:20,610 - DEBUG - Adjusting pump 0 speed to 10
2026-02-09 12:33:22,432 - DEBUG - Aspirating 0.206 mL then waiting 0 s
2026-02-09 12:33:23,406 - DEBUG - Adjusting pump 0 speed to 18
2026-02-09 12:33:23,932 - DEBUG - Aspirating 0.183 mL then waiting 0.7000000000000001 s
2026-02-09 12:33:32,072 - DEBUG - Applied dict param aspirate_speed=18
2026-02-09 12:33:32,072 - DEBUG - Applied dict param dispense_speed=12
2026-02-09 12:33:32,072 - DEBUG - Applied dict param aspirate_wait_time=0.7000000000000001
2026-02-09 12:33:32,072 - DEBUG - Applied dict param dispense_wait_time=1.5
2026-02-09 12:33:32,072 - DEBUG - Applied dict param pre_asp_air_vol=0.20600000000000002
2026-02-09 12:33:32,072 - DEBUG - Applied dict param retract_speed=5.0
2026-02-09 12:33:32,072 - DEBUG - Applied dict param blowout_vol=0.0
2026-02-09 12:33:32,072 - DEBUG - Applied dict param post_asp_air_vol=0.0
2026-02-09 12:33:32,072 - DEBUG - Applied dict param post_retract_wait_time=0.0
2026-02-09 12:33:32,075 - DEBUG - Applied dict param overaspirate_vol=0.0033
2026-02-09 12:33:32,075 - INFO - Pipetting into vial liquid_source_0, amount: 0.180 mL
2026-02-09 12:33:32,075 - DEBUG - Adjusting pump 0 speed to 12
2026-02-09 12:33:33,900 - INFO - Short wait time (1.0s), allowing scale to settle after robot positioning...
2026-02-09 12:33:34,911 - INFO - Started continuous mass monitoring with pre-dispense baseline
2026-02-09 12:33:35,046 - DEBUG - Mass: -0.1794g at 0.000s (baseline_pre) steady=True
2026-02-09 12:33:35,449 - DEBUG - Mass: -0.1793g at 0.349s (baseline_pre) steady=True
2026-02-09 12:33:35,849 - DEBUG - Mass: -0.1793g at 0.747s (baseline_pre) steady=True
2026-02-09 12:33:36,246 - DEBUG - Mass: -0.1793g at 1.145s (baseline_pre) steady=True
2026-02-09 12:33:36,649 - DEBUG - Mass: -0.1793g at 1.543s (baseline_pre) steady=True
2026-02-09 12:33:36,918 - DEBUG - Dispensing 0.389 mL then waiting 1.5 s
2026-02-09 12:33:37,049 - DEBUG - Mass: -0.1793g at 1.943s (baseline_pre) steady=True
2026-02-09 12:33:37,447 - DEBUG - Mass: -0.1618g at 2.342s (dispensing) steady=False
2026-02-09 12:33:37,848 - DEBUG - Mass: -0.0878g at 2.741s (dispensing) steady=False
2026-02-09 12:33:38,247 - DEBUG - Mass: -0.0097g at 3.141s (dispensing) steady=False
2026-02-09 12:33:38,646 - DEBUG - Mass: 0.0040g at 3.540s (dispensing) steady=False
2026-02-09 12:33:39,046 - DEBUG - Mass: 0.0047g at 3.939s (dispensing) steady=False
2026-02-09 12:33:39,447 - DEBUG - Mass: -0.0032g at 4.338s (dispensing) steady=False
2026-02-09 12:33:39,847 - DEBUG - Mass: -0.0017g at 4.737s (dispensing) steady=False
2026-02-09 12:33:40,247 - DEBUG - Mass: -0.0011g at 5.137s (dispensing) steady=False
2026-02-09 12:33:40,647 - DEBUG - Mass: -0.0004g at 5.551s (dispensing) steady=False
2026-02-09 12:33:40,685 - INFO - Dispensing took 3.767s, collecting post-dispense baseline
2026-02-09 12:33:41,047 - DEBUG - Mass: 0.0000g at 5.942s (baseline_post) steady=True
2026-02-09 12:33:41,448 - DEBUG - Mass: 0.0000g at 6.338s (baseline_post) steady=True
2026-02-09 12:33:41,847 - DEBUG - Mass: 0.0000g at 6.738s (baseline_post) steady=True
2026-02-09 12:33:42,241 - DEBUG - Mass: 0.0000g at 7.138s (baseline_post) steady=True
2026-02-09 12:33:42,648 - DEBUG - Mass: 0.0000g at 7.538s (baseline_post) steady=True
2026-02-09 12:33:42,864 - INFO - Stopped continuous mass monitoring. Collected 20 data points
2026-02-09 12:33:42,868 - INFO - Pre-baseline: 6 stable readings, avg=-0.179317g
2026-02-09 12:33:42,868 - INFO - Post-baseline: 5 stable readings, avg=0.000000g
2026-02-09 12:33:42,868 - INFO - INDEPENDENT BASELINE calculation:
2026-02-09 12:33:42,868 - INFO - Pre: STABLE, Post: STABLE, Mass difference: 0.179317g
2026-02-09 12:33:42,871 - INFO - Reading summary: 6 pre-readings (6 stable), 5 post-readings (5 stable)
2026-02-09 12:33:42,871 - INFO - Baseline variability: pre_std=0.000041g, post_std=0.000000g
2026-02-09 12:33:42,871 - INFO - Target: 0.180 mL = ~0.180000 g for water
2026-02-09 12:33:42,873 - INFO - Saved 20 mass measurements to output\mass_measurements\experiment_log2026-02-09_12-30-25\mass_data_liquid_source_0_20260209_123342.csv
2026-02-09 12:33:43,405 - INFO - Saved mass vs time plot to output\mass_measurements\experiment_log2026-02-09_12-30-25\mass_plot_liquid_source_0_20260209_123342.png
2026-02-09 12:33:43,432 - DEBUG - Applied dict param aspirate_speed=10
2026-02-09 12:33:43,432 - DEBUG - Applied dict param dispense_speed=17
2026-02-09 12:33:43,432 - DEBUG - Applied dict param aspirate_wait_time=3.1
2026-02-09 12:33:43,432 - DEBUG - Applied dict param dispense_wait_time=1.5
2026-02-09 12:33:43,432 - DEBUG - Applied dict param pre_asp_air_vol=0.079
2026-02-09 12:33:43,432 - DEBUG - Applied dict param retract_speed=5.0
2026-02-09 12:33:43,432 - DEBUG - Applied dict param blowout_vol=0.0
2026-02-09 12:33:43,432 - DEBUG - Applied dict param post_asp_air_vol=0.0
2026-02-09 12:33:43,432 - DEBUG - Applied dict param post_retract_wait_time=0.0
2026-02-09 12:33:43,432 - DEBUG - Applied dict param overaspirate_vol=0.0071
2026-02-09 12:33:43,433 - DEBUG - Selected small_tip for volume 0.187 mL
2026-02-09 12:33:43,434 - INFO - Pipetting from vial liquid_source_0, amount: 0.180 mL
2026-02-09 12:33:43,434 - INFO - Additional volume from calibration, amount: 0.007 mL
2026-02-09 12:33:43,436 - DEBUG - Adjusting pump 0 speed to 10
2026-02-09 12:33:45,241 - DEBUG - Aspirating 0.079 mL then waiting 0 s
2026-02-09 12:33:45,800 - DEBUG - Adjusting pump 0 speed to 10
2026-02-09 12:33:46,222 - DEBUG - Aspirating 0.187 mL then waiting 3.1 s
2026-02-09 12:33:51,604 - DEBUG - Applied dict param aspirate_speed=10
2026-02-09 12:33:51,604 - DEBUG - Applied dict param dispense_speed=17
2026-02-09 12:33:51,604 - DEBUG - Applied dict param aspirate_wait_time=3.1
2026-02-09 12:33:51,604 - DEBUG - Applied dict param dispense_wait_time=1.5
2026-02-09 12:33:51,604 - DEBUG - Applied dict param pre_asp_air_vol=0.079
2026-02-09 12:33:51,604 - DEBUG - Applied dict param retract_speed=5.0
2026-02-09 12:33:51,604 - DEBUG - Applied dict param blowout_vol=0.0
2026-02-09 12:33:51,604 - DEBUG - Applied dict param post_asp_air_vol=0.0
2026-02-09 12:33:51,604 - DEBUG - Applied dict param post_retract_wait_time=0.0
2026-02-09 12:33:51,604 - DEBUG - Applied dict param overaspirate_vol=0.0071
2026-02-09 12:33:51,606 - INFO - Pipetting into vial liquid_source_0, amount: 0.180 mL
2026-02-09 12:33:51,608 - DEBUG - Adjusting pump 0 speed to 17
2026-02-09 12:33:53,444 - INFO - Short wait time (1.0s), allowing scale to settle after robot positioning...
2026-02-09 12:33:54,456 - INFO - Started continuous mass monitoring with pre-dispense baseline
2026-02-09 12:33:54,649 - DEBUG - Mass: -0.1841g at 0.000s (baseline_pre) steady=True
2026-02-09 12:33:55,049 - DEBUG - Mass: -0.1841g at 0.394s (baseline_pre) steady=True
2026-02-09 12:33:55,449 - DEBUG - Mass: -0.1841g at 0.807s (baseline_pre) steady=True
2026-02-09 12:33:55,849 - DEBUG - Mass: -0.1841g at 1.205s (baseline_pre) steady=True
2026-02-09 12:33:56,239 - DEBUG - Mass: -0.1841g at 1.604s (baseline_pre) steady=True
2026-02-09 12:33:56,459 - DEBUG - Dispensing 0.266 mL then waiting 1.5 s
2026-02-09 12:33:56,649 - DEBUG - Mass: -0.1841g at 2.003s (dispensing) steady=True
2026-02-09 12:33:57,034 - DEBUG - Mass: -0.1763g at 2.403s (dispensing) steady=False
2026-02-09 12:33:57,441 - DEBUG - Mass: -0.1633g at 2.801s (dispensing) steady=False
2026-02-09 12:33:57,844 - DEBUG - Mass: -0.1502g at 3.201s (dispensing) steady=False
2026-02-09 12:33:58,248 - DEBUG - Mass: -0.1378g at 3.600s (dispensing) steady=False
2026-02-09 12:33:58,646 - DEBUG - Mass: -0.1257g at 3.997s (dispensing) steady=False
2026-02-09 12:33:59,039 - DEBUG - Mass: -0.1130g at 4.405s (dispensing) steady=False
2026-02-09 12:33:59,435 - DEBUG - Mass: -0.0983g at 4.803s (dispensing) steady=False
2026-02-09 12:33:59,837 - DEBUG - Mass: -0.0851g at 5.192s (dispensing) steady=False
2026-02-09 12:34:00,245 - DEBUG - Mass: -0.0717g at 5.593s (dispensing) steady=False
2026-02-09 12:34:00,643 - DEBUG - Mass: -0.0583g at 5.996s (dispensing) steady=False
2026-02-09 12:34:01,043 - DEBUG - Mass: -0.0451g at 6.395s (dispensing) steady=False
2026-02-09 12:34:01,447 - DEBUG - Mass: -0.0322g at 6.795s (dispensing) steady=False
2026-02-09 12:34:01,847 - DEBUG - Mass: -0.0180g at 7.195s (dispensing) steady=False
2026-02-09 12:34:02,241 - DEBUG - Mass: -0.0058g at 7.595s (dispensing) steady=False
2026-02-09 12:34:02,647 - DEBUG - Mass: -0.0004g at 7.993s (dispensing) steady=False
2026-02-09 12:34:03,046 - DEBUG - Mass: 0.0001g at 8.393s (dispensing) steady=False
2026-02-09 12:34:03,442 - DEBUG - Mass: 0.0001g at 8.793s (dispensing) steady=False
2026-02-09 12:34:03,845 - DEBUG - Mass: -0.0002g at 9.190s (dispensing) steady=False
2026-02-09 12:34:04,248 - DEBUG - Mass: 0.0000g at 9.605s (dispensing) steady=True
2026-02-09 12:34:04,635 - DEBUG - Mass: 0.0000g at 10.004s (dispensing) steady=True
2026-02-09 12:34:05,033 - DEBUG - Mass: -0.0035g at 10.402s (dispensing) steady=False
2026-02-09 12:34:05,447 - DEBUG - Mass: -0.0039g at 10.801s (dispensing) steady=False
2026-02-09 12:34:05,847 - DEBUG - Mass: -0.0040g at 11.198s (dispensing) steady=False
2026-02-09 12:34:06,228 - INFO - Dispensing took 9.769s, collecting post-dispense baseline
2026-02-09 12:34:06,246 - DEBUG - Mass: -0.0040g at 11.597s (dispensing) steady=False
2026-02-09 12:34:06,638 - DEBUG - Mass: -0.0040g at 12.007s (baseline_post) steady=True
2026-02-09 12:34:07,034 - DEBUG - Mass: -0.0040g at 12.404s (baseline_post) steady=True
2026-02-09 12:34:07,445 - DEBUG - Mass: 0.0024g at 12.801s (baseline_post) steady=False
2026-02-09 12:34:07,833 - DEBUG - Mass: 0.0027g at 13.200s (baseline_post) steady=False
2026-02-09 12:34:08,246 - DEBUG - Mass: 0.0029g at 13.599s (baseline_post) steady=False
2026-02-09 12:34:08,454 - INFO - Stopped continuous mass monitoring. Collected 35 data points
2026-02-09 12:34:08,458 - INFO - Pre-baseline: 5 stable readings, avg=-0.184100g
2026-02-09 12:34:08,458 - INFO - Post-baseline: 2 stable readings, avg=-0.004000g
2026-02-09 12:34:08,458 - INFO - INDEPENDENT BASELINE calculation:
2026-02-09 12:34:08,458 - INFO - Pre: STABLE, Post: STABLE, Mass difference: 0.180100g
2026-02-09 12:34:08,461 - INFO - Reading summary: 5 pre-readings (5 stable), 5 post-readings (2 stable)
2026-02-09 12:34:08,461 - INFO - Baseline variability: pre_std=0.000000g, post_std=0.003656g
2026-02-09 12:34:08,461 - INFO - Target: 0.180 mL = ~0.180000 g for water
2026-02-09 12:34:08,463 - INFO - Saved 35 mass measurements to output\mass_measurements\experiment_log2026-02-09_12-30-25\mass_data_liquid_source_0_20260209_123408.csv
2026-02-09 12:34:08,997 - INFO - Saved mass vs time plot to output\mass_measurements\experiment_log2026-02-09_12-30-25\mass_plot_liquid_source_0_20260209_123408.png
2026-02-09 12:34:08,997 - DEBUG - Applied dict param aspirate_speed=10
2026-02-09 12:34:08,997 - DEBUG - Applied dict param dispense_speed=17
2026-02-09 12:34:08,997 - DEBUG - Applied dict param aspirate_wait_time=3.1
2026-02-09 12:34:08,997 - DEBUG - Applied dict param dispense_wait_time=1.5
2026-02-09 12:34:08,997 - DEBUG - Applied dict param pre_asp_air_vol=0.079
2026-02-09 12:34:08,997 - DEBUG - Applied dict param retract_speed=5.0
2026-02-09 12:34:08,997 - DEBUG - Applied dict param blowout_vol=0.0
2026-02-09 12:34:08,997 - DEBUG - Applied dict param post_asp_air_vol=0.0
2026-02-09 12:34:08,997 - DEBUG - Applied dict param post_retract_wait_time=0.0
2026-02-09 12:34:08,997 - DEBUG - Applied dict param overaspirate_vol=0.0071
2026-02-09 12:34:08,997 - DEBUG - Selected small_tip for volume 0.187 mL
2026-02-09 12:34:08,997 - INFO - Pipetting from vial liquid_source_0, amount: 0.180 mL
2026-02-09 12:34:08,997 - INFO - Additional volume from calibration, amount: 0.007 mL
2026-02-09 12:34:08,997 - DEBUG - Adjusting pump 0 speed to 10
2026-02-09 12:34:10,807 - DEBUG - Aspirating 0.079 mL then waiting 0 s
2026-02-09 12:34:11,315 - DEBUG - Adjusting pump 0 speed to 10
2026-02-09 12:34:11,735 - DEBUG - Aspirating 0.187 mL then waiting 3.1 s
2026-02-09 12:34:17,112 - DEBUG - Applied dict param aspirate_speed=10
2026-02-09 12:34:17,112 - DEBUG - Applied dict param dispense_speed=17
2026-02-09 12:34:17,112 - DEBUG - Applied dict param aspirate_wait_time=3.1
2026-02-09 12:34:17,112 - DEBUG - Applied dict param dispense_wait_time=1.5
2026-02-09 12:34:17,112 - DEBUG - Applied dict param pre_asp_air_vol=0.079
2026-02-09 12:34:17,112 - DEBUG - Applied dict param retract_speed=5.0
2026-02-09 12:34:17,112 - DEBUG - Applied dict param blowout_vol=0.0
2026-02-09 12:34:17,112 - DEBUG - Applied dict param post_asp_air_vol=0.0
2026-02-09 12:34:17,112 - DEBUG - Applied dict param post_retract_wait_time=0.0
2026-02-09 12:34:17,112 - DEBUG - Applied dict param overaspirate_vol=0.0071
2026-02-09 12:34:17,112 - INFO - Pipetting into vial liquid_source_0, amount: 0.180 mL
2026-02-09 12:34:17,112 - DEBUG - Adjusting pump 0 speed to 17
2026-02-09 12:34:18,938 - INFO - Short wait time (1.0s), allowing scale to settle after robot positioning...
2026-02-09 12:34:19,952 - INFO - Started continuous mass monitoring with pre-dispense baseline
2026-02-09 12:34:20,044 - DEBUG - Mass: -0.1805g at 0.000s (baseline_pre) steady=False
2026-02-09 12:34:20,449 - DEBUG - Mass: -0.1810g at 0.300s (baseline_pre) steady=True
2026-02-09 12:34:20,847 - DEBUG - Mass: -0.1810g at 0.713s (baseline_pre) steady=True
2026-02-09 12:34:21,249 - DEBUG - Mass: -0.1810g at 1.109s (baseline_pre) steady=True
2026-02-09 12:34:21,649 - DEBUG - Mass: -0.1810g at 1.509s (baseline_pre) steady=True
2026-02-09 12:34:21,956 - DEBUG - Dispensing 0.266 mL then waiting 1.5 s
2026-02-09 12:34:22,042 - DEBUG - Mass: -0.1810g at 1.909s (baseline_pre) steady=True
2026-02-09 12:34:22,447 - DEBUG - Mass: -0.1776g at 2.306s (dispensing) steady=False
2026-02-09 12:34:22,847 - DEBUG - Mass: -0.1672g at 2.704s (dispensing) steady=False
2026-02-09 12:34:23,248 - DEBUG - Mass: -0.1544g at 3.104s (dispensing) steady=False
2026-02-09 12:34:23,648 - DEBUG - Mass: -0.1401g at 3.504s (dispensing) steady=False
2026-02-09 12:34:24,046 - DEBUG - Mass: -0.1274g at 3.904s (dispensing) steady=False
2026-02-09 12:34:24,447 - DEBUG - Mass: -0.1136g at 4.302s (dispensing) steady=False
2026-02-09 12:34:24,846 - DEBUG - Mass: -0.1016g at 4.697s (dispensing) steady=False
2026-02-09 12:34:25,246 - DEBUG - Mass: -0.0888g at 5.102s (dispensing) steady=False
2026-02-09 12:34:25,647 - DEBUG - Mass: -0.0764g at 5.502s (dispensing) steady=False
2026-02-09 12:34:26,047 - DEBUG - Mass: -0.0619g at 5.901s (dispensing) steady=False
2026-02-09 12:34:26,447 - DEBUG - Mass: -0.0493g at 6.299s (dispensing) steady=False
2026-02-09 12:34:26,848 - DEBUG - Mass: -0.0353g at 6.697s (dispensing) steady=False
2026-02-09 12:34:27,240 - DEBUG - Mass: -0.0224g at 7.112s (dispensing) steady=False
2026-02-09 12:34:27,647 - DEBUG - Mass: -0.0089g at 7.512s (dispensing) steady=False
2026-02-09 12:34:28,046 - DEBUG - Mass: 0.0003g at 7.911s (dispensing) steady=False
2026-02-09 12:34:28,437 - DEBUG - Mass: 0.0017g at 8.309s (dispensing) steady=False
2026-02-09 12:34:28,847 - DEBUG - Mass: 0.0017g at 8.709s (dispensing) steady=False
2026-02-09 12:34:29,246 - DEBUG - Mass: 0.0022g at 9.109s (dispensing) steady=False
2026-02-09 12:34:29,646 - DEBUG - Mass: 0.0018g at 9.509s (dispensing) steady=False
2026-02-09 12:34:30,034 - DEBUG - Mass: 0.0025g at 9.906s (dispensing) steady=False
2026-02-09 12:34:30,443 - DEBUG - Mass: -0.0007g at 10.306s (dispensing) steady=False
2026-02-09 12:34:30,848 - DEBUG - Mass: -0.0018g at 10.705s (dispensing) steady=False
2026-02-09 12:34:31,247 - DEBUG - Mass: -0.0030g at 11.104s (dispensing) steady=False
2026-02-09 12:34:31,646 - DEBUG - Mass: -0.0023g at 11.503s (dispensing) steady=False
2026-02-09 12:34:31,678 - INFO - Dispensing took 9.722s, collecting post-dispense baseline
2026-02-09 12:34:32,048 - DEBUG - Mass: -0.0024g at 11.908s (baseline_post) steady=True
2026-02-09 12:34:32,449 - DEBUG - Mass: -0.0024g at 12.306s (baseline_post) steady=True
2026-02-09 12:34:32,846 - DEBUG - Mass: 0.0018g at 12.705s (baseline_post) steady=False
2026-02-09 12:34:33,246 - DEBUG - Mass: 0.0026g at 13.100s (baseline_post) steady=False
2026-02-09 12:34:33,639 - DEBUG - Mass: 0.0022g at 13.497s (baseline_post) steady=False
2026-02-09 12:34:33,862 - INFO - Stopped continuous mass monitoring. Collected 35 data points
2026-02-09 12:34:33,862 - INFO - Pre-baseline: 5 stable readings, avg=-0.181000g
2026-02-09 12:34:33,862 - INFO - Post-baseline: 2 stable readings, avg=-0.002400g
2026-02-09 12:34:33,862 - INFO - INDEPENDENT BASELINE calculation:
2026-02-09 12:34:33,862 - INFO - Pre: STABLE, Post: STABLE, Mass difference: 0.178600g
2026-02-09 12:34:33,868 - INFO - Reading summary: 6 pre-readings (5 stable), 5 post-readings (2 stable)
2026-02-09 12:34:33,868 - INFO - Baseline variability: pre_std=0.000204g, post_std=0.002535g
2026-02-09 12:34:33,869 - INFO - Target: 0.180 mL = ~0.180000 g for water
2026-02-09 12:34:33,871 - INFO - Saved 35 mass measurements to output\mass_measurements\experiment_log2026-02-09_12-30-25\mass_data_liquid_source_0_20260209_123433.csv
2026-02-09 12:34:34,440 - INFO - Saved mass vs time plot to output\mass_measurements\experiment_log2026-02-09_12-30-25\mass_plot_liquid_source_0_20260209_123433.png
2026-02-09 12:34:34,440 - DEBUG - Applied dict param aspirate_speed=10
2026-02-09 12:34:34,440 - DEBUG - Applied dict param dispense_speed=17
2026-02-09 12:34:34,440 - DEBUG - Applied dict param aspirate_wait_time=3.1
2026-02-09 12:34:34,440 - DEBUG - Applied dict param dispense_wait_time=1.5
2026-02-09 12:34:34,440 - DEBUG - Applied dict param pre_asp_air_vol=0.079
2026-02-09 12:34:34,440 - DEBUG - Applied dict param retract_speed=5.0
2026-02-09 12:34:34,440 - DEBUG - Applied dict param blowout_vol=0.0
2026-02-09 12:34:34,440 - DEBUG - Applied dict param post_asp_air_vol=0.0
2026-02-09 12:34:34,440 - DEBUG - Applied dict param post_retract_wait_time=0.0
2026-02-09 12:34:34,440 - DEBUG - Applied dict param overaspirate_vol=0.0071
2026-02-09 12:34:34,440 - DEBUG - Selected small_tip for volume 0.187 mL
2026-02-09 12:34:34,440 - INFO - Pipetting from vial liquid_source_0, amount: 0.180 mL
2026-02-09 12:34:34,440 - INFO - Additional volume from calibration, amount: 0.007 mL
2026-02-09 12:34:34,440 - DEBUG - Adjusting pump 0 speed to 10
2026-02-09 12:34:36,267 - DEBUG - Aspirating 0.079 mL then waiting 0 s
2026-02-09 12:34:36,811 - DEBUG - Adjusting pump 0 speed to 10
2026-02-09 12:34:37,237 - DEBUG - Aspirating 0.187 mL then waiting 3.1 s
2026-02-09 12:34:42,585 - DEBUG - Applied dict param aspirate_speed=10
2026-02-09 12:34:42,585 - DEBUG - Applied dict param dispense_speed=17
2026-02-09 12:34:42,585 - DEBUG - Applied dict param aspirate_wait_time=3.1
2026-02-09 12:34:42,585 - DEBUG - Applied dict param dispense_wait_time=1.5
2026-02-09 12:34:42,585 - DEBUG - Applied dict param pre_asp_air_vol=0.079
2026-02-09 12:34:42,585 - DEBUG - Applied dict param retract_speed=5.0
2026-02-09 12:34:42,585 - DEBUG - Applied dict param blowout_vol=0.0
2026-02-09 12:34:42,585 - DEBUG - Applied dict param post_asp_air_vol=0.0
2026-02-09 12:34:42,585 - DEBUG - Applied dict param post_retract_wait_time=0.0
2026-02-09 12:34:42,585 - DEBUG - Applied dict param overaspirate_vol=0.0071
2026-02-09 12:34:42,585 - INFO - Pipetting into vial liquid_source_0, amount: 0.180 mL
2026-02-09 12:34:42,585 - DEBUG - Adjusting pump 0 speed to 17
2026-02-09 12:34:44,402 - INFO - Short wait time (1.0s), allowing scale to settle after robot positioning...
2026-02-09 12:34:45,417 - INFO - Started continuous mass monitoring with pre-dispense baseline
2026-02-09 12:34:45,649 - DEBUG - Mass: -0.1810g at 0.000s (baseline_pre) steady=True
2026-02-09 12:34:46,049 - DEBUG - Mass: -0.1810g at 0.440s (baseline_pre) steady=True
2026-02-09 12:34:46,449 - DEBUG - Mass: -0.1810g at 0.838s (baseline_pre) steady=True
2026-02-09 12:34:46,845 - DEBUG - Mass: -0.1810g at 1.237s (baseline_pre) steady=True
2026-02-09 12:34:47,249 - DEBUG - Mass: -0.1810g at 1.636s (baseline_pre) steady=True
2026-02-09 12:34:47,421 - DEBUG - Dispensing 0.266 mL then waiting 1.5 s
2026-02-09 12:34:47,648 - DEBUG - Mass: -0.1810g at 2.036s (dispensing) steady=True
2026-02-09 12:34:48,045 - DEBUG - Mass: -0.1727g at 2.436s (dispensing) steady=False
2026-02-09 12:34:48,448 - DEBUG - Mass: -0.1605g at 2.835s (dispensing) steady=False
2026-02-09 12:34:48,847 - DEBUG - Mass: -0.1459g at 3.233s (dispensing) steady=False
2026-02-09 12:34:49,242 - DEBUG - Mass: -0.1330g at 3.633s (dispensing) steady=False
2026-02-09 12:34:49,648 - DEBUG - Mass: -0.1195g at 4.033s (dispensing) steady=False
2026-02-09 12:34:50,048 - DEBUG - Mass: -0.1066g at 4.432s (dispensing) steady=False
2026-02-09 12:34:50,447 - DEBUG - Mass: -0.0934g at 4.846s (dispensing) steady=False
2026-02-09 12:34:50,839 - DEBUG - Mass: -0.0805g at 5.246s (dispensing) steady=False
2026-02-09 12:34:51,239 - DEBUG - Mass: -0.0658g at 5.646s (dispensing) steady=False
2026-02-09 12:34:51,644 - DEBUG - Mass: -0.0538g at 6.030s (dispensing) steady=False
2026-02-09 12:34:52,048 - DEBUG - Mass: -0.0411g at 6.443s (dispensing) steady=False
2026-02-09 12:34:52,447 - DEBUG - Mass: -0.0283g at 6.841s (dispensing) steady=False
2026-02-09 12:34:52,839 - DEBUG - Mass: -0.0147g at 7.241s (dispensing) steady=False
2026-02-09 12:34:53,241 - DEBUG - Mass: -0.0017g at 7.641s (dispensing) steady=False
2026-02-09 12:34:53,636 - DEBUG - Mass: 0.0013g at 8.040s (dispensing) steady=False
2026-02-09 12:34:54,046 - DEBUG - Mass: 0.0014g at 8.439s (dispensing) steady=False
2026-02-09 12:34:54,447 - DEBUG - Mass: 0.0016g at 8.838s (dispensing) steady=False
2026-02-09 12:34:54,849 - DEBUG - Mass: 0.0016g at 9.237s (dispensing) steady=True
2026-02-09 12:34:55,249 - DEBUG - Mass: 0.0016g at 9.635s (dispensing) steady=True
2026-02-09 12:34:55,648 - DEBUG - Mass: 0.0016g at 10.033s (dispensing) steady=True
2026-02-09 12:34:56,047 - DEBUG - Mass: -0.0020g at 10.432s (dispensing) steady=False
2026-02-09 12:34:56,447 - DEBUG - Mass: -0.0028g at 10.845s (dispensing) steady=False
2026-02-09 12:34:56,847 - DEBUG - Mass: -0.0025g at 11.243s (dispensing) steady=False
2026-02-09 12:34:57,228 - INFO - Dispensing took 9.807s, collecting post-dispense baseline
2026-02-09 12:34:57,245 - DEBUG - Mass: -0.0026g at 11.643s (dispensing) steady=True
2026-02-09 12:34:57,648 - DEBUG - Mass: -0.0026g at 12.033s (baseline_post) steady=True
2026-02-09 12:34:58,041 - DEBUG - Mass: 0.0015g at 12.431s (baseline_post) steady=False
2026-02-09 12:34:58,438 - DEBUG - Mass: 0.0018g at 12.845s (baseline_post) steady=False
2026-02-09 12:34:58,837 - DEBUG - Mass: 0.0015g at 13.244s (baseline_post) steady=False
2026-02-09 12:34:59,236 - DEBUG - Mass: 0.0020g at 13.643s (baseline_post) steady=False
2026-02-09 12:34:59,459 - INFO - Stopped continuous mass monitoring. Collected 35 data points
2026-02-09 12:34:59,459 - INFO - Pre-baseline: 5 stable readings, avg=-0.181000g
2026-02-09 12:34:59,459 - INFO - Post-baseline: 1 stable readings, avg=-0.002600g
2026-02-09 12:34:59,459 - INFO - INDEPENDENT BASELINE calculation:
2026-02-09 12:34:59,459 - INFO - Pre: STABLE, Post: STABLE, Mass difference: 0.178400g
2026-02-09 12:34:59,466 - INFO - Reading summary: 5 pre-readings (5 stable), 5 post-readings (1 stable)
2026-02-09 12:34:59,466 - INFO - Baseline variability: pre_std=0.000000g, post_std=0.001935g
2026-02-09 12:34:59,466 - INFO - Target: 0.180 mL = ~0.180000 g for water
2026-02-09 12:34:59,468 - INFO - Saved 35 mass measurements to output\mass_measurements\experiment_log2026-02-09_12-30-25\mass_data_liquid_source_0_20260209_123459.csv
2026-02-09 12:35:00,162 - INFO - Saved mass vs time plot to output\mass_measurements\experiment_log2026-02-09_12-30-25\mass_plot_liquid_source_0_20260209_123459.png
2026-02-09 12:35:00,162 - DEBUG - Applied dict param aspirate_speed=10
2026-02-09 12:35:00,162 - DEBUG - Applied dict param dispense_speed=17
2026-02-09 12:35:00,162 - DEBUG - Applied dict param aspirate_wait_time=3.1
2026-02-09 12:35:00,162 - DEBUG - Applied dict param dispense_wait_time=1.5
2026-02-09 12:35:00,162 - DEBUG - Applied dict param pre_asp_air_vol=0.079
2026-02-09 12:35:00,162 - DEBUG - Applied dict param retract_speed=5.0
2026-02-09 12:35:00,162 - DEBUG - Applied dict param blowout_vol=0.0
2026-02-09 12:35:00,162 - DEBUG - Applied dict param post_asp_air_vol=0.0
2026-02-09 12:35:00,162 - DEBUG - Applied dict param post_retract_wait_time=0.0
2026-02-09 12:35:00,162 - DEBUG - Applied dict param overaspirate_vol=0.0071
2026-02-09 12:35:00,162 - DEBUG - Selected small_tip for volume 0.187 mL
2026-02-09 12:35:00,162 - INFO - Pipetting from vial liquid_source_0, amount: 0.180 mL
2026-02-09 12:35:00,162 - INFO - Additional volume from calibration, amount: 0.007 mL
2026-02-09 12:35:00,162 - DEBUG - Adjusting pump 0 speed to 10
2026-02-09 12:35:01,947 - DEBUG - Aspirating 0.079 mL then waiting 0 s
2026-02-09 12:35:02,447 - DEBUG - Adjusting pump 0 speed to 10
2026-02-09 12:35:02,877 - DEBUG - Aspirating 0.187 mL then waiting 3.1 s
2026-02-09 12:35:08,239 - DEBUG - Applied dict param aspirate_speed=10
2026-02-09 12:35:08,239 - DEBUG - Applied dict param dispense_speed=17
2026-02-09 12:35:08,239 - DEBUG - Applied dict param aspirate_wait_time=3.1
2026-02-09 12:35:08,239 - DEBUG - Applied dict param dispense_wait_time=1.5
2026-02-09 12:35:08,239 - DEBUG - Applied dict param pre_asp_air_vol=0.079
2026-02-09 12:35:08,239 - DEBUG - Applied dict param retract_speed=5.0
2026-02-09 12:35:08,239 - DEBUG - Applied dict param blowout_vol=0.0
2026-02-09 12:35:08,239 - DEBUG - Applied dict param post_asp_air_vol=0.0
2026-02-09 12:35:08,239 - DEBUG - Applied dict param post_retract_wait_time=0.0
2026-02-09 12:35:08,239 - DEBUG - Applied dict param overaspirate_vol=0.0071
2026-02-09 12:35:08,241 - INFO - Pipetting into vial liquid_source_0, amount: 0.180 mL
2026-02-09 12:35:08,242 - DEBUG - Adjusting pump 0 speed to 17
2026-02-09 12:35:10,068 - INFO - Short wait time (1.0s), allowing scale to settle after robot positioning...
2026-02-09 12:35:11,078 - INFO - Started continuous mass monitoring with pre-dispense baseline
2026-02-09 12:35:11,249 - DEBUG - Mass: -0.1816g at 0.000s (baseline_pre) steady=True
2026-02-09 12:35:11,648 - DEBUG - Mass: -0.1816g at 0.379s (baseline_pre) steady=True
2026-02-09 12:35:12,049 - DEBUG - Mass: -0.1816g at 0.779s (baseline_pre) steady=True
2026-02-09 12:35:12,449 - DEBUG - Mass: -0.1816g at 1.176s (baseline_pre) steady=True
2026-02-09 12:35:12,850 - DEBUG - Mass: -0.1816g at 1.576s (baseline_pre) steady=True
2026-02-09 12:35:13,083 - DEBUG - Dispensing 0.266 mL then waiting 1.5 s
2026-02-09 12:35:13,242 - DEBUG - Mass: -0.1816g at 1.974s (baseline_pre) steady=True
2026-02-09 12:35:13,641 - DEBUG - Mass: -0.1816g at 2.388s (dispensing) steady=True
2026-02-09 12:35:14,048 - DEBUG - Mass: -0.1683g at 2.787s (dispensing) steady=False
2026-02-09 12:35:14,445 - DEBUG - Mass: -0.1545g at 3.171s (dispensing) steady=False
2026-02-09 12:35:14,847 - DEBUG - Mass: -0.1410g at 3.583s (dispensing) steady=False
2026-02-09 12:35:15,233 - DEBUG - Mass: -0.1281g at 3.980s (dispensing) steady=False
2026-02-09 12:35:15,647 - DEBUG - Mass: -0.1151g at 4.378s (dispensing) steady=False
2026-02-09 12:35:16,047 - DEBUG - Mass: -0.1021g at 4.777s (dispensing) steady=False
2026-02-09 12:35:16,448 - DEBUG - Mass: -0.0899g at 5.177s (dispensing) steady=False
2026-02-09 12:35:16,844 - DEBUG - Mass: -0.0746g at 5.575s (dispensing) steady=False
2026-02-09 12:35:17,247 - DEBUG - Mass: -0.0623g at 5.974s (dispensing) steady=False
2026-02-09 12:35:17,646 - DEBUG - Mass: -0.0496g at 6.373s (dispensing) steady=False
2026-02-09 12:35:18,048 - DEBUG - Mass: -0.0366g at 6.772s (dispensing) steady=False
2026-02-09 12:35:18,440 - DEBUG - Mass: -0.0231g at 7.171s (dispensing) steady=False
2026-02-09 12:35:18,840 - DEBUG - Mass: -0.0105g at 7.571s (dispensing) steady=False
2026-02-09 12:35:19,246 - DEBUG - Mass: 0.0001g at 7.970s (dispensing) steady=False
2026-02-09 12:35:19,647 - DEBUG - Mass: 0.0006g at 8.369s (dispensing) steady=False
