2026-01-14 15:50:57,466 - INFO - Initializing North Robot...
2026-01-14 15:50:57,466 - DEBUG - Loading robot configuration files...
2026-01-14 15:50:57,475 - DEBUG - Loaded vial positions configuration from robot_state/vial_positions.yaml
2026-01-14 15:50:57,475 - DEBUG - Loaded pipet tips configuration from robot_state/pipet_tips.yaml
2026-01-14 15:50:57,482 - DEBUG - Loaded pipet racks configuration from robot_state/pipet_racks.yaml
2026-01-14 15:50:57,483 - DEBUG - Loaded pump configuration from robot_state/syringe_pumps.yaml
2026-01-14 15:50:57,488 - DEBUG - Loaded robot hardware configuration from robot_state/robot_hardware.yaml
2026-01-14 15:50:57,490 - DEBUG - Loaded wellplate properties configuration from robot_state/wellplates.yaml
2026-01-14 15:50:57,490 - DEBUG - Loading robot state files...
2026-01-14 15:50:57,490 - DEBUG - Loaded vial data from ../utoronto_demo/status/sample_input_vials.csv
2026-01-14 15:50:57,505 - DEBUG - Loaded robot status from robot_state/robot_status.yaml
2026-01-14 15:50:57,508 - DEBUG - Loaded wellplate positions from robot_state/wellplates.yaml
2026-01-14 15:50:57,508 - DEBUG - Robot status loaded successfully
2026-01-14 15:50:57,508 - INFO - Physical initialization of North Robot...
2026-01-14 15:51:01,021 - DEBUG - Loading pumps from YAML configuration...
2026-01-14 15:51:01,121 - DEBUG - Loaded pump 0: volume=1.0mL, speed=11, liquid=None
2026-01-14 15:51:01,222 - DEBUG - Loaded pump 1: volume=2.5mL, speed=15, liquid=water
2026-01-14 15:51:01,222 - INFO - Moving robot to home position
2026-01-14 15:51:01,637 - DEBUG - Initializing centrifuge controller...
2026-01-14 15:51:01,637 - INFO - Initializing North Track...
2026-01-14 15:51:01,637 - DEBUG - Loading track status from file: robot_state/track_status.yaml
2026-01-14 15:51:01,637 - DEBUG - Getting track status from file: robot_state/track_status.yaml
2026-01-14 15:51:01,637 - DEBUG - Loaded track status from robot_state/track_status.yaml
2026-01-14 15:51:01,637 - DEBUG - Loading track positions from: robot_state/track_positions.yaml
2026-01-14 15:51:01,637 - DEBUG - Loaded track positions configuration from robot_state/track_positions.yaml
2026-01-14 15:51:01,637 - DEBUG - Loading robot hardware configuration from: robot_state/robot_hardware.yaml
2026-01-14 15:51:01,637 - DEBUG - Loaded robot hardware configuration from robot_state/robot_hardware.yaml
2026-01-14 15:51:01,637 - DEBUG - Loaded wellplate properties configuration from robot_state/wellplates.yaml
2026-01-14 15:51:01,722 - DEBUG - Moving North Track to home position
2026-01-14 15:51:01,724 - INFO - Moving vial target_vial to clamp: 0
2026-01-14 15:51:01,726 - DEBUG - Grabbing vial 2 with index 2
2026-01-14 15:51:03,698 - DEBUG - Dropping off vial 2 at location clamp with index 0
2026-01-14 15:51:07,314 - DEBUG - Using calibrated aspirate_speed=10 for water at 0.010mL
2026-01-14 15:51:07,314 - DEBUG - Using calibrated dispense_speed=11 for water at 0.010mL
2026-01-14 15:51:07,315 - DEBUG - Using calibrated aspirate_wait_time=0.2 for water at 0.010mL
2026-01-14 15:51:07,315 - DEBUG - Using calibrated dispense_wait_time=3.153314065 for water at 0.010mL
2026-01-14 15:51:07,315 - DEBUG - Using calibrated retract_speed=10 for water at 0.010mL
2026-01-14 15:51:07,315 - DEBUG - Using calibrated blowout_vol=0.0 for water at 0.010mL
2026-01-14 15:51:07,315 - DEBUG - Using calibrated post_asp_air_vol=0.033 for water at 0.010mL
2026-01-14 15:51:07,315 - DEBUG - Using calibrated overaspirate_vol=0.005359999999999999 for water at 0.010mL
2026-01-14 15:51:07,315 - DEBUG - Selected small_tip for volume 0.048 mL
2026-01-14 15:51:07,315 - INFO - Getting small_tip (pipet number 14) from rack: small_tip_rack_1
2026-01-14 15:51:12,361 - INFO - Pipetting from vial source_vial_a, amount: 0.010 mL
2026-01-14 15:51:12,364 - INFO - Additional volume from calibration, amount: 0.005 mL
2026-01-14 15:51:12,364 - DEBUG - Adjusting pump 0 speed to 10
2026-01-14 15:51:14,746 - DEBUG - Adjusting pump 0 speed to 10
2026-01-14 15:51:16,000 - DEBUG - Aspirating 0.015 mL then waiting 0.2 s
2026-01-14 15:51:17,141 - DEBUG - Aspirating 0.033 mL then waiting 0 s
2026-01-14 15:51:17,490 - DEBUG - Using calibrated aspirate_speed=10 for water at 0.010mL
2026-01-14 15:51:17,490 - DEBUG - Using calibrated dispense_speed=11 for water at 0.010mL
2026-01-14 15:51:17,490 - DEBUG - Using calibrated aspirate_wait_time=0.2 for water at 0.010mL
2026-01-14 15:51:17,490 - DEBUG - Using calibrated dispense_wait_time=3.153314065 for water at 0.010mL
2026-01-14 15:51:17,490 - DEBUG - Using calibrated retract_speed=10 for water at 0.010mL
2026-01-14 15:51:17,490 - DEBUG - Using calibrated blowout_vol=0.0 for water at 0.010mL
2026-01-14 15:51:17,490 - DEBUG - Using calibrated post_asp_air_vol=0.033 for water at 0.010mL
2026-01-14 15:51:17,490 - DEBUG - Using calibrated overaspirate_vol=0.005359999999999999 for water at 0.010mL
2026-01-14 15:51:17,490 - INFO - Pipetting into vial target_vial, amount: 0.010 mL
2026-01-14 15:51:19,614 - INFO - Initial mass reading: 13.169700 g
2026-01-14 15:51:19,614 - DEBUG - Adjusting pump 0 speed to 11
2026-01-14 15:51:23,593 - DEBUG - Dispensing 0.048 mL then waiting 3.153314065 s
2026-01-14 15:51:28,821 - INFO - Final mass reading: 13.179000 g
2026-01-14 15:51:28,821 - INFO - Mass difference: 0.009300 g (target: 0.010 mL = ~0.010000 g for water)
2026-01-14 15:51:28,823 - DEBUG - Using calibrated aspirate_speed=10 for water at 0.010mL
2026-01-14 15:51:28,823 - DEBUG - Using calibrated dispense_speed=11 for water at 0.010mL
2026-01-14 15:51:28,823 - DEBUG - Using calibrated aspirate_wait_time=0.2 for water at 0.010mL
2026-01-14 15:51:28,823 - DEBUG - Using calibrated dispense_wait_time=3.153314065 for water at 0.010mL
2026-01-14 15:51:28,823 - DEBUG - Using calibrated retract_speed=10 for water at 0.010mL
2026-01-14 15:51:28,823 - DEBUG - Using calibrated blowout_vol=0.0 for water at 0.010mL
2026-01-14 15:51:28,823 - DEBUG - Using calibrated post_asp_air_vol=0.033 for water at 0.010mL
2026-01-14 15:51:28,823 - DEBUG - Using calibrated overaspirate_vol=0.005359999999999999 for water at 0.010mL
2026-01-14 15:51:28,823 - DEBUG - Selected small_tip for volume 0.048 mL
2026-01-14 15:51:28,823 - INFO - Pipetting from vial source_vial_a, amount: 0.010 mL
2026-01-14 15:51:28,823 - INFO - Additional volume from calibration, amount: 0.005 mL
2026-01-14 15:51:28,830 - DEBUG - Adjusting pump 0 speed to 10
2026-01-14 15:51:31,740 - DEBUG - Adjusting pump 0 speed to 10
2026-01-14 15:51:32,997 - DEBUG - Aspirating 0.015 mL then waiting 0.2 s
2026-01-14 15:51:34,140 - DEBUG - Aspirating 0.033 mL then waiting 0 s
2026-01-14 15:51:34,494 - DEBUG - Using calibrated aspirate_speed=10 for water at 0.010mL
2026-01-14 15:51:34,494 - DEBUG - Using calibrated dispense_speed=11 for water at 0.010mL
2026-01-14 15:51:34,495 - DEBUG - Using calibrated aspirate_wait_time=0.2 for water at 0.010mL
2026-01-14 15:51:34,495 - DEBUG - Using calibrated dispense_wait_time=3.153314065 for water at 0.010mL
2026-01-14 15:51:34,495 - DEBUG - Using calibrated retract_speed=10 for water at 0.010mL
2026-01-14 15:51:34,495 - DEBUG - Using calibrated blowout_vol=0.0 for water at 0.010mL
2026-01-14 15:51:34,495 - DEBUG - Using calibrated post_asp_air_vol=0.033 for water at 0.010mL
2026-01-14 15:51:34,495 - DEBUG - Using calibrated overaspirate_vol=0.005359999999999999 for water at 0.010mL
2026-01-14 15:51:34,495 - INFO - Pipetting into vial target_vial, amount: 0.010 mL
2026-01-14 15:51:37,222 - INFO - Initial mass reading: 13.181400 g
2026-01-14 15:51:37,222 - DEBUG - Adjusting pump 0 speed to 11
2026-01-14 15:51:41,196 - INFO - Allowing scale to settle after robot positioning...
2026-01-14 15:51:43,208 - INFO - Started continuous mass monitoring with pre-dispense baseline
2026-01-14 15:51:43,422 - DEBUG - Mass: 13.1775g at 0.000s (baseline_pre)
2026-01-14 15:51:43,815 - DEBUG - Mass: 13.1775g at 0.417s (baseline_pre)
2026-01-14 15:51:44,210 - DEBUG - Dispensing 0.048 mL then waiting 3.153314065 s
2026-01-14 15:51:44,212 - DEBUG - Mass: 13.1775g at 0.821s (baseline_pre)
2026-01-14 15:51:44,615 - DEBUG - Mass: 13.1819g at 1.214s (dispensing)
2026-01-14 15:51:45,009 - DEBUG - Mass: 13.1903g at 1.627s (dispensing)
2026-01-14 15:51:45,420 - DEBUG - Mass: 13.1903g at 2.016s (dispensing)
2026-01-14 15:51:45,806 - DEBUG - Mass: 13.1901g at 2.413s (dispensing)
2026-01-14 15:51:46,222 - DEBUG - Mass: 13.1903g at 2.817s (dispensing)
2026-01-14 15:51:46,622 - DEBUG - Mass: 13.1903g at 3.229s (dispensing)
2026-01-14 15:51:47,010 - DEBUG - Mass: 13.1903g at 3.617s (dispensing)
2026-01-14 15:51:47,413 - DEBUG - Mass: 13.1903g at 4.025s (dispensing)
2026-01-14 15:51:47,819 - DEBUG - Mass: 13.1903g at 4.414s (dispensing)
2026-01-14 15:51:47,845 - INFO - Dispensing took 3.635s, collecting post-dispense baseline
2026-01-14 15:51:48,222 - DEBUG - Mass: 13.1903g at 4.814s (baseline_post)
2026-01-14 15:51:48,429 - INFO - Stopped continuous mass monitoring. Collected 13 data points
2026-01-14 15:51:48,434 - INFO - Pre-baseline average (3 readings): 13.177500 g
2026-01-14 15:51:48,434 - INFO - Post-baseline average (1 readings): 13.190300 g
2026-01-14 15:51:48,434 - INFO - Mass difference from averaged baselines: 0.012800 g (target: 0.010 mL = ~0.010000 g for water)
2026-01-14 15:51:48,437 - INFO - Saved 13 mass measurements to output\mass_measurements\mass_data_2_20260114_155148.csv
2026-01-14 15:51:48,980 - INFO - Saved mass vs time plot to output\mass_measurements\mass_plot_2_20260114_155148.png
2026-01-14 15:51:48,995 - INFO - Removing pipet
2026-01-14 15:51:52,290 - INFO - Returning vial target_vial to home location: main_8mL_rack index 45
2026-01-14 15:51:52,292 - INFO - Moving vial target_vial to main_8mL_rack: 45
2026-01-14 15:51:52,292 - DEBUG - Grabbing vial 2 with index 2
2026-01-14 15:51:54,658 - DEBUG - Dropping off vial 2 at location main_8mL_rack with index 45
2026-01-14 15:51:58,285 - INFO - Moving robot to home position
