2025-09-25 17:10:00,603 - INFO - Initializing North Robot...
2025-09-25 17:10:00,603 - DEBUG - Loading robot configuration files...
2025-09-25 17:10:00,619 - DEBUG - Loaded vial positions configuration from ../utoronto_demo/robot_state/vial_positions.yaml
2025-09-25 17:10:00,619 - DEBUG - Loaded pipet tips configuration from ../utoronto_demo/robot_state/pipet_tips.yaml
2025-09-25 17:10:00,619 - DEBUG - Loaded pipet racks configuration from ../utoronto_demo/robot_state/pipet_racks.yaml
2025-09-25 17:10:00,619 - DEBUG - Loaded pump configuration from ../utoronto_demo/robot_state/syringe_pumps.yaml
2025-09-25 17:10:00,637 - DEBUG - Loaded robot hardware configuration from ../utoronto_demo/robot_state/robot_hardware.yaml
2025-09-25 17:10:00,641 - DEBUG - Loaded wellplate properties configuration from ../utoronto_demo/robot_state/wellplates.yaml
2025-09-25 17:10:00,641 - DEBUG - Loading robot state files...
2025-09-25 17:10:00,641 - DEBUG - Loaded vial data from ../utoronto_demo/status/sample_capped_vials.csv
2025-09-25 17:10:00,641 - DEBUG - Loaded robot status from ../utoronto_demo/robot_state/robot_status.yaml
2025-09-25 17:10:00,641 - DEBUG - Loaded wellplate positions from ../utoronto_demo/robot_state/wellplates.yaml
2025-09-25 17:10:00,641 - DEBUG - Physical initialization of North Robot...
2025-09-25 17:10:00,973 - INFO - Homing robot components before pump initialization...
2025-09-25 17:10:00,973 - INFO - Homing all robot components...
2025-09-25 17:10:00,975 - DEBUG - Homing carousel...
2025-09-25 17:10:08,706 - DEBUG - Homing robot axes...
2025-09-25 17:10:53,406 - DEBUG - Homing pump 0...
2025-09-25 17:10:55,196 - DEBUG - Homing pump 1...
2025-09-25 17:10:56,909 - DEBUG - Homing track axes...
2025-09-25 17:10:56,909 - DEBUG - Homing track axis z_axis (axis 6)...
2025-09-25 17:11:00,476 - DEBUG - Homing track axis x_axis (axis 7)...
2025-09-25 17:11:07,337 - INFO - All robot components homed successfully
2025-09-25 17:11:07,338 - DEBUG - Loading pumps from YAML configuration...
2025-09-25 17:11:07,448 - DEBUG - Loaded pump 0: volume=1.0mL, speed=11, liquid=None
2025-09-25 17:11:07,567 - DEBUG - Loaded pump 1: volume=2.5mL, speed=15, liquid=water
2025-09-25 17:11:07,567 - WARNING - The robot reports having a cap in its gripper... Recapping the clamp vial...
2025-09-25 17:11:07,567 - DEBUG - Recapping clamped vial
2025-09-25 17:11:22,788 - WARNING - Physical cleanup failed (attempt 1/2): Sequence: CAPPING FAULT: Torque threshold not reached
2025-09-25 17:11:22,789 - WARNING - The robot reports having a cap in its gripper... Recapping the clamp vial...
2025-09-25 17:11:22,789 - DEBUG - Recapping clamped vial
