2025-11-19 17:33:38,376 - INFO - Initializing North Robot...
2025-11-19 17:33:38,376 - DEBUG - Loading robot configuration files...
2025-11-19 17:33:38,385 - DEBUG - Loaded vial positions configuration from robot_state/vial_positions.yaml
2025-11-19 17:33:38,387 - DEBUG - Loaded pipet tips configuration from robot_state/pipet_tips.yaml
2025-11-19 17:33:38,391 - DEBUG - Loaded pipet racks configuration from robot_state/pipet_racks.yaml
2025-11-19 17:33:38,394 - DEBUG - Loaded pump configuration from robot_state/syringe_pumps.yaml
2025-11-19 17:33:38,397 - DEBUG - Loaded robot hardware configuration from robot_state/robot_hardware.yaml
2025-11-19 17:33:38,398 - DEBUG - Loaded wellplate properties configuration from robot_state/wellplates.yaml
2025-11-19 17:33:38,398 - DEBUG - Loading robot state files...
2025-11-19 17:33:38,398 - DEBUG - Loaded vial data from status/calibration_vials_overnight.csv
2025-11-19 17:33:38,410 - DEBUG - Loaded robot status from robot_state/robot_status.yaml
2025-11-19 17:33:38,416 - DEBUG - Loaded wellplate positions from robot_state/wellplates.yaml
2025-11-19 17:33:38,416 - DEBUG - Robot status loaded successfully
2025-11-19 17:33:38,416 - DEBUG - Loading pumps from YAML configuration...
2025-11-19 17:33:38,524 - DEBUG - Loaded pump 0: volume=1.0mL, speed=11, liquid=None
2025-11-19 17:33:38,626 - DEBUG - Loaded pump 1: volume=2.5mL, speed=15, liquid=water
2025-11-19 17:33:38,626 - DEBUG - Physical initialization of North Robot...
2025-11-19 17:33:38,948 - INFO - Moving robot to home position
2025-11-19 17:33:39,425 - INFO - Initializing North Track...
2025-11-19 17:33:39,425 - DEBUG - Loading track status from file: robot_state/track_status.yaml
2025-11-19 17:33:39,425 - DEBUG - Getting track status from file: robot_state/track_status.yaml
2025-11-19 17:33:39,425 - DEBUG - Loaded track status from robot_state/track_status.yaml
2025-11-19 17:33:39,425 - DEBUG - Loading track positions from: robot_state/track_positions.yaml
2025-11-19 17:33:39,425 - DEBUG - Loaded track positions configuration from robot_state/track_positions.yaml
2025-11-19 17:33:39,425 - DEBUG - Loading robot hardware configuration from: robot_state/robot_hardware.yaml
2025-11-19 17:33:39,425 - DEBUG - Loaded robot hardware configuration from robot_state/robot_hardware.yaml
2025-11-19 17:33:39,425 - DEBUG - Loaded wellplate properties configuration from robot_state/wellplates.yaml
2025-11-19 17:33:39,531 - DEBUG - Moving North Track to home position
2025-11-19 17:33:39,533 - INFO -    vial_index           vial_name        location  location_index  vial_volume  capped cap_type  vial_type   home_location  home_location_index
0           0     liquid_source_0   main_8mL_rack              43         4.35    True     open       8_mL   main_8mL_rack                   43
1           1  measurement_vial_0           clamp               0         0.70    True     open       8_mL   main_8mL_rack                   44
2           2             waste_0  50mL_vial_rack               0         0.00    True     open      50_mL  50mL_vial_rack                    0
3           3         reservoir_0       reservoir               0        50.00   False    False  reservoir       reservoir                    0
2025-11-19 17:33:39,548 - INFO - Visualizing vial racks...
2025-11-19 17:33:39,688 - DEBUG - Visualizing rack: Main Rack with filter: main_8mL_rack
2025-11-19 17:33:39,830 - DEBUG - Visualizing rack: Second Rack with filter: large_vial_rack
2025-11-19 17:33:43,728 - INFO - Vial measurement_vial_0 already at clamp index 0, no move needed
2025-11-19 17:33:43,728 - DEBUG - Selected small_tip for volume 0.010 mL
2025-11-19 17:33:43,751 - INFO - [vial-mgmt] manage_vials called: mode=swap cfg_keys=['source_vial', 'measurement_vial', 'waste_vial', 'reservoir_index', 'min_source_ml', 'refill_target_ml', 'max_measurement_ml']
2025-11-19 17:33:43,753 - INFO - [swap] Pre-swap volumes: source(liquid_source_0)=4.35mL, measurement(measurement_vial_0)=0.70mL, min_threshold=2.5mL
2025-11-19 17:33:43,753 - INFO - [vial-mgmt] Using current source vial: liquid_source_0
2025-11-19 17:33:43,753 - INFO - [vial-mgmt] manage_vials called: mode=swap cfg_keys=['source_vial', 'measurement_vial', 'waste_vial', 'reservoir_index', 'min_source_ml', 'refill_target_ml', 'max_measurement_ml']
2025-11-19 17:33:43,755 - INFO - [swap] Pre-swap volumes: source(liquid_source_0)=4.35mL, measurement(measurement_vial_0)=0.70mL, min_threshold=2.5mL
2025-11-19 17:33:43,755 - INFO - [vial-mgmt] Using current source vial: liquid_source_0
2025-11-19 17:33:43,755 - INFO - [vial-mgmt] manage_vials called: mode=swap cfg_keys=['source_vial', 'measurement_vial', 'waste_vial', 'reservoir_index', 'min_source_ml', 'refill_target_ml', 'max_measurement_ml']
2025-11-19 17:33:43,756 - INFO - [swap] Pre-swap volumes: source(liquid_source_0)=4.35mL, measurement(measurement_vial_0)=0.70mL, min_threshold=2.5mL
2025-11-19 17:33:43,759 - DEBUG - Selected small_tip for volume 0.010 mL
2025-11-19 17:33:43,759 - INFO - Getting small_tip (pipet number 16) from rack: small_tip_rack_1
2025-11-19 17:33:48,013 - INFO - Pipetting from vial liquid_source_0, amount: 0.010 mL
2025-11-19 17:33:48,013 - INFO - Additional volume from calibration, amount: 0.000 mL
2025-11-19 17:33:48,015 - DEBUG - Adjusting pump 0 speed to 10
2025-11-19 17:33:51,894 - DEBUG - Aspirating 0.010 mL then waiting 0.0 s
2025-11-19 17:33:52,747 - INFO - Pipetting into vial measurement_vial_0, amount: 0.010 mL
2025-11-19 17:33:56,030 - DEBUG - Adjusting pump 0 speed to 10
2025-11-19 17:33:59,909 - DEBUG - Dispensing 0.010 mL then waiting 0.0 s
2025-11-19 17:34:02,642 - INFO - [vial-mgmt] manage_vials called: mode=swap cfg_keys=['source_vial', 'measurement_vial', 'waste_vial', 'reservoir_index', 'min_source_ml', 'refill_target_ml', 'max_measurement_ml']
2025-11-19 17:34:02,649 - INFO - [swap] Pre-swap volumes: source(liquid_source_0)=4.34mL, measurement(measurement_vial_0)=0.71mL, min_threshold=2.5mL
2025-11-19 17:34:02,650 - INFO - [vial-mgmt] Using current source vial: liquid_source_0
2025-11-19 17:34:02,650 - INFO - [vial-mgmt] manage_vials called: mode=swap cfg_keys=['source_vial', 'measurement_vial', 'waste_vial', 'reservoir_index', 'min_source_ml', 'refill_target_ml', 'max_measurement_ml']
2025-11-19 17:34:02,651 - INFO - [swap] Pre-swap volumes: source(liquid_source_0)=4.34mL, measurement(measurement_vial_0)=0.71mL, min_threshold=2.5mL
2025-11-19 17:34:02,652 - INFO - [vial-mgmt] Using current source vial: liquid_source_0
2025-11-19 17:34:02,652 - INFO - [vial-mgmt] manage_vials called: mode=swap cfg_keys=['source_vial', 'measurement_vial', 'waste_vial', 'reservoir_index', 'min_source_ml', 'refill_target_ml', 'max_measurement_ml']
2025-11-19 17:34:02,653 - INFO - [swap] Pre-swap volumes: source(liquid_source_0)=4.34mL, measurement(measurement_vial_0)=0.71mL, min_threshold=2.5mL
2025-11-19 17:34:02,655 - DEBUG - Selected small_tip for volume 0.010 mL
2025-11-19 17:34:02,657 - INFO - Pipetting from vial liquid_source_0, amount: 0.010 mL
2025-11-19 17:34:02,657 - INFO - Additional volume from calibration, amount: 0.000 mL
2025-11-19 17:34:02,659 - DEBUG - Adjusting pump 0 speed to 10
2025-11-19 17:34:06,690 - DEBUG - Aspirating 0.010 mL then waiting 0.0 s
2025-11-19 17:34:07,453 - INFO - Pipetting into vial measurement_vial_0, amount: 0.010 mL
