2025-10-21 14:34:46,818 - INFO - Initializing North Robot...
2025-10-21 14:34:46,818 - DEBUG - Loading robot configuration files...
2025-10-21 14:34:46,819 - DEBUG - Loaded vial positions configuration from robot_state/vial_positions.yaml
2025-10-21 14:34:46,819 - DEBUG - Loaded pipet tips configuration from robot_state/pipet_tips.yaml
2025-10-21 14:34:46,819 - DEBUG - Loaded pipet racks configuration from robot_state/pipet_racks.yaml
2025-10-21 14:34:46,819 - DEBUG - Loaded pump configuration from robot_state/syringe_pumps.yaml
2025-10-21 14:34:46,838 - DEBUG - Loaded robot hardware configuration from robot_state/robot_hardware.yaml
2025-10-21 14:34:46,842 - DEBUG - Loaded wellplate properties configuration from robot_state/wellplates.yaml
2025-10-21 14:34:46,842 - DEBUG - Loading robot state files...
2025-10-21 14:34:46,842 - DEBUG - Loaded vial data from ../utoronto_demo/status/sample_capped_vials.csv
2025-10-21 14:34:46,842 - DEBUG - Loaded robot status from robot_state/robot_status.yaml
2025-10-21 14:34:46,842 - DEBUG - Loaded wellplate positions from robot_state/wellplates.yaml
2025-10-21 14:34:46,842 - DEBUG - Robot status loaded successfully
2025-10-21 14:34:46,842 - DEBUG - Loading pumps from YAML configuration...
2025-10-21 14:34:46,963 - DEBUG - Loaded pump 0: volume=1.0mL, speed=11, liquid=None
2025-10-21 14:34:47,066 - DEBUG - Loaded pump 1: volume=2.5mL, speed=15, liquid=water
2025-10-21 14:34:47,066 - DEBUG - Physical initialization of North Robot...
2025-10-21 14:34:47,388 - INFO - Moving robot to home position
2025-10-21 14:34:53,208 - DEBUG - Current reader status: 0
2025-10-21 14:34:53,209 - INFO - Cytation5 is connected and ready
2025-10-21 14:34:53,209 - INFO - Initializing North Track...
2025-10-21 14:34:53,209 - DEBUG - Loading track status from file: robot_state/track_status.yaml
2025-10-21 14:34:53,209 - DEBUG - Getting track status from file: robot_state/track_status.yaml
2025-10-21 14:34:53,214 - DEBUG - Loaded track status from robot_state/track_status.yaml
2025-10-21 14:34:53,214 - DEBUG - Loading track positions from: robot_state/track_positions.yaml
2025-10-21 14:34:53,224 - DEBUG - Loaded track positions configuration from robot_state/track_positions.yaml
2025-10-21 14:34:53,224 - DEBUG - Loading robot hardware configuration from: robot_state/robot_hardware.yaml
2025-10-21 14:34:53,227 - DEBUG - Loaded robot hardware configuration from robot_state/robot_hardware.yaml
2025-10-21 14:34:53,229 - DEBUG - Loaded wellplate properties configuration from robot_state/wellplates.yaml
2025-10-21 14:34:53,343 - DEBUG - Moving North Track to home position
2025-10-21 14:34:53,343 - INFO - --Wellplate status-- 
 Wellplate type: 48 WELL PLATE 
 Number in source: 4 
 Number in waste: 0 
 Active wellplate position: None
2025-10-21 14:34:53,343 - INFO - Visualizing wellplate status...
2025-10-21 14:34:55,903 - INFO - Grabbing new wellplate
2025-10-21 14:34:55,904 - INFO - Moving robot to home position
2025-10-21 14:34:56,249 - INFO - Getting new wellplate from source stack
2025-10-21 14:34:56,249 - DEBUG - Calculating well plate stack height for num: 4, wp_type: 48 WELL PLATE, stack: source_stack, operation: grab
2025-10-21 14:34:56,249 - DEBUG - Getting 4th wellplate from source at 57000
2025-10-21 14:34:56,249 - INFO - Grabbing wellplate from location: source_stack
2025-10-21 14:34:56,541 - DEBUG - Opening gripper
2025-10-21 14:35:01,564 - DEBUG - Closing gripper
2025-10-21 14:35:04,894 - INFO - Releasing wellplate at location: pipetting_area
2025-10-21 14:35:10,262 - DEBUG - Opening gripper
2025-10-21 14:35:17,132 - DEBUG - Moving North Track to home position
2025-10-21 14:35:17,132 - INFO - Discarding used wellplate
2025-10-21 14:35:17,132 - INFO - Moving robot to home position
2025-10-21 14:35:17,480 - DEBUG - Calculating well plate stack height for num: 1, wp_type: 48 WELL PLATE, stack: waste_stack, operation: release
2025-10-21 14:35:17,480 - INFO - Discarding wellplate as the 1st WP in waste stack at height: 83000
2025-10-21 14:35:17,480 - DEBUG - Closing gripper
2025-10-21 14:35:19,506 - INFO - Grabbing wellplate from location: pipetting_area
2025-10-21 14:35:24,165 - DEBUG - Opening gripper
2025-10-21 14:35:27,061 - DEBUG - Closing gripper
2025-10-21 14:35:29,556 - INFO - Releasing wellplate at location: waste_stack
2025-10-21 14:35:38,178 - DEBUG - Opening gripper
2025-10-21 14:35:42,576 - DEBUG - Moving North Track to home position
2025-10-21 14:35:42,576 - INFO - Grabbing new wellplate
2025-10-21 14:35:42,576 - INFO - Moving robot to home position
2025-10-21 14:35:42,912 - INFO - Getting new wellplate from source stack
2025-10-21 14:35:42,912 - DEBUG - Calculating well plate stack height for num: 3, wp_type: 48 WELL PLATE, stack: source_stack, operation: grab
2025-10-21 14:35:42,912 - DEBUG - Getting 3rd wellplate from source at 66500
2025-10-21 14:35:42,912 - INFO - Grabbing wellplate from location: source_stack
2025-10-21 14:35:43,071 - DEBUG - Opening gripper
2025-10-21 14:35:48,575 - DEBUG - Closing gripper
2025-10-21 14:35:52,126 - INFO - Releasing wellplate at location: pipetting_area
2025-10-21 14:35:57,484 - DEBUG - Opening gripper
2025-10-21 14:36:04,346 - DEBUG - Moving North Track to home position
2025-10-21 14:36:04,346 - INFO - Discarding used wellplate
2025-10-21 14:36:04,346 - INFO - Moving robot to home position
2025-10-21 14:36:04,682 - DEBUG - Calculating well plate stack height for num: 2, wp_type: 48 WELL PLATE, stack: waste_stack, operation: release
2025-10-21 14:36:04,682 - INFO - Discarding wellplate as the 2nd WP in waste stack at height: 73500
2025-10-21 14:36:04,682 - DEBUG - Closing gripper
2025-10-21 14:36:06,713 - INFO - Grabbing wellplate from location: pipetting_area
2025-10-21 14:36:11,352 - DEBUG - Opening gripper
2025-10-21 14:36:14,231 - DEBUG - Closing gripper
2025-10-21 14:36:16,727 - INFO - Releasing wellplate at location: waste_stack
2025-10-21 14:36:24,900 - DEBUG - Opening gripper
2025-10-21 14:36:29,107 - DEBUG - Moving North Track to home position
2025-10-21 14:36:29,108 - INFO - Grabbing new wellplate
2025-10-21 14:36:29,109 - INFO - Moving robot to home position
2025-10-21 14:36:29,448 - INFO - Getting new wellplate from source stack
2025-10-21 14:36:29,448 - DEBUG - Calculating well plate stack height for num: 2, wp_type: 48 WELL PLATE, stack: source_stack, operation: grab
2025-10-21 14:36:29,448 - DEBUG - Getting 2nd wellplate from source at 76000
2025-10-21 14:36:29,448 - INFO - Grabbing wellplate from location: source_stack
2025-10-21 14:36:29,632 - DEBUG - Opening gripper
2025-10-21 14:36:35,633 - DEBUG - Closing gripper
2025-10-21 14:36:39,382 - INFO - Releasing wellplate at location: pipetting_area
2025-10-21 14:36:44,719 - DEBUG - Opening gripper
2025-10-21 14:36:51,638 - DEBUG - Moving North Track to home position
2025-10-21 14:36:51,638 - INFO - Discarding used wellplate
2025-10-21 14:36:51,638 - INFO - Moving robot to home position
2025-10-21 14:36:51,977 - DEBUG - Calculating well plate stack height for num: 3, wp_type: 48 WELL PLATE, stack: waste_stack, operation: release
2025-10-21 14:36:51,977 - INFO - Discarding wellplate as the 3rd WP in waste stack at height: 64000
2025-10-21 14:36:51,977 - DEBUG - Closing gripper
2025-10-21 14:36:54,018 - INFO - Grabbing wellplate from location: pipetting_area
2025-10-21 14:36:58,635 - DEBUG - Opening gripper
2025-10-21 14:37:01,514 - DEBUG - Closing gripper
2025-10-21 14:37:04,026 - INFO - Releasing wellplate at location: waste_stack
2025-10-21 14:37:11,701 - DEBUG - Opening gripper
2025-10-21 14:37:15,702 - DEBUG - Moving North Track to home position
2025-10-21 14:37:15,702 - INFO - Grabbing new wellplate
2025-10-21 14:37:15,703 - INFO - Moving robot to home position
2025-10-21 14:37:16,006 - INFO - Getting new wellplate from source stack
2025-10-21 14:37:16,007 - DEBUG - Calculating well plate stack height for num: 1, wp_type: 48 WELL PLATE, stack: source_stack, operation: grab
2025-10-21 14:37:16,007 - DEBUG - Getting 1st wellplate from source at 85500
2025-10-21 14:37:16,007 - INFO - Grabbing wellplate from location: source_stack
2025-10-21 14:37:16,227 - DEBUG - Opening gripper
2025-10-21 14:37:22,668 - DEBUG - Closing gripper
2025-10-21 14:37:26,612 - INFO - Releasing wellplate at location: pipetting_area
2025-10-21 14:37:31,952 - DEBUG - Opening gripper
2025-10-21 14:37:38,873 - DEBUG - Moving North Track to home position
2025-10-21 14:37:38,873 - INFO - Discarding used wellplate
2025-10-21 14:37:38,873 - INFO - Moving robot to home position
2025-10-21 14:37:39,215 - DEBUG - Calculating well plate stack height for num: 4, wp_type: 48 WELL PLATE, stack: waste_stack, operation: release
2025-10-21 14:37:39,215 - INFO - Discarding wellplate as the 4th WP in waste stack at height: 54500
2025-10-21 14:37:39,215 - DEBUG - Closing gripper
2025-10-21 14:37:41,258 - INFO - Grabbing wellplate from location: pipetting_area
2025-10-21 14:37:45,934 - DEBUG - Opening gripper
2025-10-21 14:37:48,809 - DEBUG - Closing gripper
2025-10-21 14:37:51,324 - INFO - Releasing wellplate at location: waste_stack
2025-10-21 14:37:58,530 - DEBUG - Opening gripper
2025-10-21 14:38:02,361 - DEBUG - Moving North Track to home position
