2025-10-20 11:26:14,014 - INFO - Initializing North Robot...
2025-10-20 11:26:14,014 - DEBUG - Loading robot configuration files...
2025-10-20 11:26:14,030 - DEBUG - Loaded vial positions configuration from robot_state/vial_positions.yaml
2025-10-20 11:26:14,032 - DEBUG - Loaded pipet tips configuration from robot_state/pipet_tips.yaml
2025-10-20 11:26:14,034 - DEBUG - Loaded pipet racks configuration from robot_state/pipet_racks.yaml
2025-10-20 11:26:14,036 - DEBUG - Loaded pump configuration from robot_state/syringe_pumps.yaml
2025-10-20 11:26:14,047 - DEBUG - Loaded robot hardware configuration from robot_state/robot_hardware.yaml
2025-10-20 11:26:14,047 - DEBUG - Loaded wellplate properties configuration from robot_state/wellplates.yaml
2025-10-20 11:26:14,047 - DEBUG - Loading robot state files...
2025-10-20 11:26:14,047 - DEBUG - Loaded vial data from status/calibration_vials_short.csv
2025-10-20 11:26:14,047 - DEBUG - Loaded robot status from robot_state/robot_status.yaml
2025-10-20 11:26:14,047 - DEBUG - Loaded wellplate positions from robot_state/wellplates.yaml
2025-10-20 11:26:14,047 - DEBUG - Robot status loaded successfully
2025-10-20 11:26:14,060 - DEBUG - Loading pumps from YAML configuration...
2025-10-20 11:26:14,062 - DEBUG - Loaded pump 0: volume=1.0mL, speed=11, liquid=None
2025-10-20 11:26:14,063 - DEBUG - Loaded pump 1: volume=2.5mL, speed=15, liquid=water
2025-10-20 11:26:14,063 - DEBUG - Physical initialization of North Robot...
2025-10-20 11:26:14,063 - INFO - Moving robot to home position
2025-10-20 11:26:14,064 - INFO - Initializing North Track...
2025-10-20 11:26:14,064 - DEBUG - Loading track status from file: robot_state/track_status.yaml
2025-10-20 11:26:14,064 - DEBUG - Getting track status from file: robot_state/track_status.yaml
2025-10-20 11:26:14,065 - DEBUG - Loaded track status from robot_state/track_status.yaml
2025-10-20 11:26:14,065 - DEBUG - Loading track positions from: robot_state/track_positions.yaml
2025-10-20 11:26:14,069 - DEBUG - Loaded track positions configuration from robot_state/track_positions.yaml
2025-10-20 11:26:14,071 - DEBUG - Loading robot hardware configuration from: robot_state/robot_hardware.yaml
2025-10-20 11:26:14,073 - DEBUG - Loaded robot hardware configuration from robot_state/robot_hardware.yaml
2025-10-20 11:26:14,075 - DEBUG - Loaded wellplate properties configuration from robot_state/wellplates.yaml
2025-10-20 11:26:14,077 - DEBUG - Moving North Track to home position
2025-10-20 11:26:14,079 - INFO -     vial_index           vial_name         location  location_index  vial_volume  capped cap_type vial_type    home_location  home_location_index
0            0  measurement_vial_0    main_8mL_rack               0     7.047348    True     open      8_mL    main_8mL_rack                    0
1            1  measurement_vial_1    main_8mL_rack               1     7.120276    True     open      8_mL    main_8mL_rack                    1
2            2  measurement_vial_2    main_8mL_rack               2     7.074795    True     open      8_mL    main_8mL_rack                    2
3            3  measurement_vial_3    main_8mL_rack               3     7.109268    True     open      8_mL    main_8mL_rack                    3
4            4  measurement_vial_4    main_8mL_rack               4     7.111734    True     open      8_mL    main_8mL_rack                    4
5            5  measurement_vial_5    main_8mL_rack               5     7.079070    True     open      8_mL    main_8mL_rack                    5
6            6  measurement_vial_6    main_8mL_rack               6     4.043972    True     open      8_mL    main_8mL_rack                    6
7            7  measurement_vial_7    main_8mL_rack               7     0.000000    True     open      8_mL    main_8mL_rack                    7
8            8  measurement_vial_8    main_8mL_rack               8     0.000000    True     open      8_mL    main_8mL_rack                    8
9            9  measurement_vial_9    main_8mL_rack               9     0.000000    True     open      8_mL    main_8mL_rack                    9
10          10       liquid_source   50mL_vial_rack               0     3.413538    True     open     50_mL   50mL_vial_rack                    0
11          11     liquid_source_2  large_vial_rack               2    20.000000    True     open     20_mL  large_vial_rack                    2
2025-10-20 11:26:14,094 - INFO - Visualizing vial racks...
2025-10-20 11:26:14,256 - DEBUG - Visualizing rack: Main Rack with filter: main_8mL_rack
2025-10-20 11:26:14,344 - DEBUG - Visualizing rack: Second Rack with filter: large_vial_rack
2025-10-20 11:26:15,625 - INFO - Moving vial measurement_vial_0 to clamp: 0
2025-10-20 11:26:15,634 - DEBUG - Grabbing vial 0 with index 0
2025-10-20 11:26:15,638 - DEBUG - Dropping off vial 0 at location clamp with index 0
2025-10-20 11:26:15,654 - DEBUG - Selected small_tip for volume 0.100 mL
2025-10-20 11:26:15,817 - INFO - Removing pipet
2025-10-20 11:26:15,819 - INFO - Returning vial measurement_vial_0 to home location: main_8mL_rack index 0
2025-10-20 11:26:15,821 - INFO - Moving vial measurement_vial_0 to main_8mL_rack: 0
2025-10-20 11:26:15,821 - DEBUG - Grabbing vial 0 with index 0
2025-10-20 11:26:15,823 - DEBUG - Dropping off vial 0 at location main_8mL_rack with index 0
2025-10-20 11:26:15,824 - INFO - [info] Switching to new measurement vial: measurement_vial_1
2025-10-20 11:26:15,825 - INFO - Moving vial measurement_vial_1 to clamp: 0
2025-10-20 11:26:15,825 - DEBUG - Grabbing vial 1 with index 1
2025-10-20 11:26:15,827 - DEBUG - Dropping off vial 1 at location clamp with index 0
2025-10-20 11:26:16,044 - INFO - Removing pipet
2025-10-20 11:26:16,046 - INFO - Returning vial measurement_vial_1 to home location: main_8mL_rack index 1
2025-10-20 11:26:16,047 - INFO - Moving vial measurement_vial_1 to main_8mL_rack: 1
2025-10-20 11:26:16,049 - DEBUG - Grabbing vial 1 with index 1
2025-10-20 11:26:16,050 - DEBUG - Dropping off vial 1 at location main_8mL_rack with index 1
2025-10-20 11:26:16,050 - INFO - [info] Switching to new measurement vial: measurement_vial_2
2025-10-20 11:26:16,051 - INFO - Moving vial measurement_vial_2 to clamp: 0
2025-10-20 11:26:16,052 - DEBUG - Grabbing vial 2 with index 2
2025-10-20 11:26:16,053 - DEBUG - Dropping off vial 2 at location clamp with index 0
2025-10-20 11:26:16,269 - INFO - Removing pipet
2025-10-20 11:26:16,271 - INFO - Returning vial measurement_vial_2 to home location: main_8mL_rack index 2
2025-10-20 11:26:16,272 - INFO - Moving vial measurement_vial_2 to main_8mL_rack: 2
2025-10-20 11:26:16,272 - DEBUG - Grabbing vial 2 with index 2
2025-10-20 11:26:16,273 - DEBUG - Dropping off vial 2 at location main_8mL_rack with index 2
2025-10-20 11:26:16,274 - INFO - [info] Switching to new measurement vial: measurement_vial_3
2025-10-20 11:26:16,275 - INFO - Moving vial measurement_vial_3 to clamp: 0
2025-10-20 11:26:16,275 - DEBUG - Grabbing vial 3 with index 3
2025-10-20 11:26:16,277 - DEBUG - Dropping off vial 3 at location clamp with index 0
2025-10-20 11:26:16,497 - INFO - Removing pipet
2025-10-20 11:26:16,499 - INFO - Returning vial measurement_vial_3 to home location: main_8mL_rack index 3
2025-10-20 11:26:16,500 - INFO - Moving vial measurement_vial_3 to main_8mL_rack: 3
2025-10-20 11:26:16,500 - DEBUG - Grabbing vial 3 with index 3
2025-10-20 11:26:16,502 - DEBUG - Dropping off vial 3 at location main_8mL_rack with index 3
2025-10-20 11:26:16,502 - INFO - [info] Switching to new measurement vial: measurement_vial_4
2025-10-20 11:26:16,505 - INFO - Moving vial measurement_vial_4 to clamp: 0
2025-10-20 11:26:16,505 - DEBUG - Grabbing vial 4 with index 4
2025-10-20 11:26:16,506 - DEBUG - Dropping off vial 4 at location clamp with index 0
2025-10-20 11:26:16,721 - INFO - Removing pipet
2025-10-20 11:26:16,723 - INFO - Returning vial measurement_vial_4 to home location: main_8mL_rack index 4
2025-10-20 11:26:16,724 - INFO - Moving vial measurement_vial_4 to main_8mL_rack: 4
2025-10-20 11:26:16,724 - DEBUG - Grabbing vial 4 with index 4
2025-10-20 11:26:16,726 - DEBUG - Dropping off vial 4 at location main_8mL_rack with index 4
2025-10-20 11:26:16,727 - INFO - [info] Switching to new measurement vial: measurement_vial_5
2025-10-20 11:26:16,728 - INFO - Moving vial measurement_vial_5 to clamp: 0
2025-10-20 11:26:16,729 - DEBUG - Grabbing vial 5 with index 5
2025-10-20 11:26:16,730 - DEBUG - Dropping off vial 5 at location clamp with index 0
2025-10-20 11:26:16,954 - INFO - Removing pipet
2025-10-20 11:26:16,955 - INFO - Returning vial measurement_vial_5 to home location: main_8mL_rack index 5
2025-10-20 11:26:16,956 - INFO - Moving vial measurement_vial_5 to main_8mL_rack: 5
2025-10-20 11:26:16,958 - DEBUG - Grabbing vial 5 with index 5
2025-10-20 11:26:16,959 - DEBUG - Dropping off vial 5 at location main_8mL_rack with index 5
2025-10-20 11:26:16,959 - INFO - [info] Switching to new measurement vial: measurement_vial_6
2025-10-20 11:26:16,960 - INFO - Moving vial measurement_vial_6 to clamp: 0
2025-10-20 11:26:16,961 - DEBUG - Grabbing vial 6 with index 6
2025-10-20 11:26:16,962 - DEBUG - Dropping off vial 6 at location clamp with index 0
2025-10-20 11:26:21,159 - DEBUG - Selected small_tip for volume 0.050 mL
2025-10-20 11:26:22,661 - DEBUG - Selected small_tip for volume 0.010 mL
2025-10-20 11:26:23,500 - INFO - Removing pipet
2025-10-20 11:26:23,500 - INFO - Returning vial measurement_vial_6 to home location: main_8mL_rack index 6
2025-10-20 11:26:23,500 - INFO - Moving vial measurement_vial_6 to main_8mL_rack: 6
2025-10-20 11:26:23,500 - DEBUG - Grabbing vial 6 with index 6
2025-10-20 11:26:23,505 - DEBUG - Dropping off vial 6 at location main_8mL_rack with index 6
2025-10-20 11:26:23,505 - INFO - Moving robot to home position
