2025-11-19 10:15:25,130 - INFO - Initializing North Robot...
2025-11-19 10:15:25,131 - DEBUG - Loading robot configuration files...
2025-11-19 10:15:25,140 - DEBUG - Loaded vial positions configuration from robot_state/vial_positions.yaml
2025-11-19 10:15:25,142 - DEBUG - Loaded pipet tips configuration from robot_state/pipet_tips.yaml
2025-11-19 10:15:25,147 - DEBUG - Loaded pipet racks configuration from robot_state/pipet_racks.yaml
2025-11-19 10:15:25,150 - DEBUG - Loaded pump configuration from robot_state/syringe_pumps.yaml
2025-11-19 10:15:25,154 - DEBUG - Loaded robot hardware configuration from robot_state/robot_hardware.yaml
2025-11-19 10:15:25,154 - DEBUG - Loaded wellplate properties configuration from robot_state/wellplates.yaml
2025-11-19 10:15:25,154 - DEBUG - Loading robot state files...
2025-11-19 10:15:25,161 - DEBUG - Loaded vial data from status/calibration_vials_overnight.csv
2025-11-19 10:15:25,161 - DEBUG - Loaded robot status from robot_state/robot_status.yaml
2025-11-19 10:15:25,161 - DEBUG - Loaded wellplate positions from robot_state/wellplates.yaml
2025-11-19 10:15:25,161 - DEBUG - Robot status loaded successfully
2025-11-19 10:15:25,161 - DEBUG - Loading pumps from YAML configuration...
2025-11-19 10:15:25,161 - DEBUG - Loaded pump 0: volume=1.0mL, speed=11, liquid=None
2025-11-19 10:15:25,176 - DEBUG - Loaded pump 1: volume=2.5mL, speed=15, liquid=water
2025-11-19 10:15:25,176 - DEBUG - Physical initialization of North Robot...
2025-11-19 10:15:25,176 - INFO - Moving robot to home position
2025-11-19 10:15:25,177 - INFO - Initializing North Track...
2025-11-19 10:15:25,177 - DEBUG - Loading track status from file: robot_state/track_status.yaml
2025-11-19 10:15:25,177 - DEBUG - Getting track status from file: robot_state/track_status.yaml
2025-11-19 10:15:25,177 - DEBUG - Loaded track status from robot_state/track_status.yaml
2025-11-19 10:15:25,177 - DEBUG - Loading track positions from: robot_state/track_positions.yaml
2025-11-19 10:15:25,177 - DEBUG - Loaded track positions configuration from robot_state/track_positions.yaml
2025-11-19 10:15:25,177 - DEBUG - Loading robot hardware configuration from: robot_state/robot_hardware.yaml
2025-11-19 10:15:25,177 - DEBUG - Loaded robot hardware configuration from robot_state/robot_hardware.yaml
2025-11-19 10:15:25,177 - DEBUG - Loaded wellplate properties configuration from robot_state/wellplates.yaml
2025-11-19 10:15:25,192 - DEBUG - Moving North Track to home position
2025-11-19 10:15:25,195 - INFO -    vial_index           vial_name        location  location_index  vial_volume  capped cap_type  vial_type   home_location  home_location_index
0           0     liquid_source_0   main_8mL_rack               0          8.0    True   closed       8_mL   main_8mL_rack                    0
1           1  measurement_vial_0   main_8mL_rack               1          0.0    True   closed       8_mL   main_8mL_rack                    1
2           2             waste_0  50mL_vial_rack               0          0.0    True     open      50_mL  50mL_vial_rack                    0
3           3         reservoir_0       reservoir               0         50.0   False    False  reservoir       reservoir                    0
2025-11-19 10:15:25,210 - INFO - Visualizing vial racks...
2025-11-19 10:15:25,361 - DEBUG - Visualizing rack: Main Rack with filter: main_8mL_rack
2025-11-19 10:15:25,504 - DEBUG - Visualizing rack: Second Rack with filter: large_vial_rack
2025-11-19 10:15:28,784 - INFO - Moving vial measurement_vial_0 to clamp: 0
2025-11-19 10:15:28,784 - DEBUG - Grabbing vial 1 with index 1
2025-11-19 10:15:28,784 - DEBUG - Dropping off vial 1 at location clamp with index 0
2025-11-19 10:15:28,784 - DEBUG - Selected large_tip for volume 0.250 mL
