2025-10-23 17:04:28,218 - INFO - Initializing North Robot...
2025-10-23 17:04:28,218 - DEBUG - Loading robot configuration files...
2025-10-23 17:04:28,218 - DEBUG - Loaded vial positions configuration from robot_state/vial_positions.yaml
2025-10-23 17:04:28,218 - DEBUG - Loaded pipet tips configuration from robot_state/pipet_tips.yaml
2025-10-23 17:04:28,233 - DEBUG - Loaded pipet racks configuration from robot_state/pipet_racks.yaml
2025-10-23 17:04:28,236 - DEBUG - Loaded pump configuration from robot_state/syringe_pumps.yaml
2025-10-23 17:04:28,240 - DEBUG - Loaded robot hardware configuration from robot_state/robot_hardware.yaml
2025-10-23 17:04:28,244 - DEBUG - Loaded wellplate properties configuration from robot_state/wellplates.yaml
2025-10-23 17:04:28,244 - DEBUG - Loading robot state files...
2025-10-23 17:04:28,247 - DEBUG - Loaded vial data from status/calibration_vials_short.csv
2025-10-23 17:04:28,248 - DEBUG - Loaded robot status from robot_state/robot_status.yaml
2025-10-23 17:04:28,250 - DEBUG - Loaded wellplate positions from robot_state/wellplates.yaml
2025-10-23 17:04:28,250 - DEBUG - Robot status loaded successfully
2025-10-23 17:04:28,250 - DEBUG - Loading pumps from YAML configuration...
2025-10-23 17:04:28,250 - DEBUG - Loaded pump 0: volume=1.0mL, speed=11, liquid=None
2025-10-23 17:04:28,250 - DEBUG - Loaded pump 1: volume=2.5mL, speed=15, liquid=water
2025-10-23 17:04:28,250 - DEBUG - Physical initialization of North Robot...
2025-10-23 17:04:28,250 - INFO - Moving robot to home position
2025-10-23 17:04:28,250 - INFO - Initializing North Track...
2025-10-23 17:04:28,250 - DEBUG - Loading track status from file: robot_state/track_status.yaml
2025-10-23 17:04:28,250 - DEBUG - Getting track status from file: robot_state/track_status.yaml
2025-10-23 17:04:28,257 - DEBUG - Loaded track status from robot_state/track_status.yaml
2025-10-23 17:04:28,257 - DEBUG - Loading track positions from: robot_state/track_positions.yaml
2025-10-23 17:04:28,259 - DEBUG - Loaded track positions configuration from robot_state/track_positions.yaml
2025-10-23 17:04:28,259 - DEBUG - Loading robot hardware configuration from: robot_state/robot_hardware.yaml
2025-10-23 17:04:28,259 - DEBUG - Loaded robot hardware configuration from robot_state/robot_hardware.yaml
2025-10-23 17:04:28,259 - DEBUG - Loaded wellplate properties configuration from robot_state/wellplates.yaml
2025-10-23 17:04:28,259 - DEBUG - Moving North Track to home position
2025-10-23 17:04:28,259 - INFO - Creating new Lash_E controller
2025-10-23 17:04:28,273 - INFO -     vial_index           vial_name         location  location_index  vial_volume  capped cap_type vial_type    home_location  home_location_index
0            0  measurement_vial_0    main_8mL_rack               0     3.601186    True     open      8_mL    main_8mL_rack                    0
1            1  measurement_vial_1    main_8mL_rack               1     0.000000    True     open      8_mL    main_8mL_rack                    1
2            2  measurement_vial_2    main_8mL_rack               2     0.000000    True     open      8_mL    main_8mL_rack                    2
3            3  measurement_vial_3    main_8mL_rack               3     0.000000    True     open      8_mL    main_8mL_rack                    3
4            4  measurement_vial_4    main_8mL_rack               4     0.000000    True     open      8_mL    main_8mL_rack                    4
5            5  measurement_vial_5    main_8mL_rack               5     0.000000    True     open      8_mL    main_8mL_rack                    5
6            6  measurement_vial_6    main_8mL_rack               6     0.000000    True     open      8_mL    main_8mL_rack                    6
7            7  measurement_vial_7    main_8mL_rack               7     0.000000    True     open      8_mL    main_8mL_rack                    7
8            8  measurement_vial_8    main_8mL_rack               8     0.000000    True     open      8_mL    main_8mL_rack                    8
9            9  measurement_vial_9    main_8mL_rack               9     0.000000    True     open      8_mL    main_8mL_rack                    9
10          10       liquid_source   50mL_vial_rack               0     3.413538    True     open     50_mL   50mL_vial_rack                    0
11          11     liquid_source_0  large_vial_rack               2    16.665802    True     open     20_mL  large_vial_rack                    2
2025-10-23 17:04:28,294 - INFO - Visualizing vial racks...
2025-10-23 17:04:28,435 - DEBUG - Visualizing rack: Main Rack with filter: main_8mL_rack
2025-10-23 17:04:28,573 - DEBUG - Visualizing rack: Second Rack with filter: large_vial_rack
2025-10-23 17:04:29,713 - INFO - Moving vial measurement_vial_0 to clamp: 0
2025-10-23 17:04:29,713 - DEBUG - Grabbing vial 0 with index 0
2025-10-23 17:04:29,717 - DEBUG - Dropping off vial 0 at location clamp with index 0
2025-10-23 17:04:29,719 - INFO - Vial management mode: legacy
2025-10-23 17:04:29,719 - INFO - Starting calibration experiment - liquid: water, volumes: [0.1, 0.05, 0.025]
2025-10-23 17:04:29,719 - INFO - Configuration: seed=7, simulate=True
2025-10-23 17:04:29,722 - INFO - Dynamic cutoffs disabled: no historical data available
2025-10-23 17:04:29,723 - INFO - VOLUME 100uL: Accuracy-only calibration (no time constraints)
2025-10-23 17:04:29,723 - DEBUG - Selected small_tip for volume 0.100 mL
2025-10-23 17:04:30,037 - DEBUG - Selected small_tip for volume 0.110 mL
2025-10-23 17:04:30,038 - INFO - Getting small_tip (pipet number 21) from rack: small_tip_rack_2
2025-10-23 17:04:30,040 - INFO - Pipetting from vial liquid_source_0, amount: 0.11 mL
2025-10-23 17:04:30,042 - DEBUG - Adjusting pump 0 speed to 15
2025-10-23 17:04:30,043 - DEBUG - Aspirating 0.110 mL then waiting 22.48070776462555 s
2025-10-23 17:04:30,043 - DEBUG - Aspirating 0.036 mL then waiting 0 s
2025-10-23 17:04:30,046 - INFO - Pipetting into vial measurement_vial_0, amount: 0.11 mL
2025-10-23 17:04:30,046 - DEBUG - Adjusting pump 0 speed to 14
2025-10-23 17:04:30,047 - DEBUG - Dispensing 0.146 mL then waiting 5.529413223266602 s
2025-10-23 17:04:30,047 - DEBUG - Blowing out 0.153 mL
2025-10-23 17:04:30,047 - DEBUG - Adjusting pump 0 speed to 5
2025-10-23 17:04:30,261 - DEBUG - Selected small_tip for volume 0.105 mL
2025-10-23 17:04:30,261 - INFO - Pipetting from vial liquid_source_0, amount: 0.105 mL
2025-10-23 17:04:30,273 - DEBUG - Adjusting pump 0 speed to 35
2025-10-23 17:04:30,273 - DEBUG - Aspirating 0.105 mL then waiting 12.393135940656066 s
2025-10-23 17:04:30,273 - DEBUG - Aspirating 0.070 mL then waiting 0 s
2025-10-23 17:04:30,278 - INFO - Pipetting into vial measurement_vial_0, amount: 0.105 mL
2025-10-23 17:04:30,280 - DEBUG - Adjusting pump 0 speed to 25
2025-10-23 17:04:30,280 - DEBUG - Dispensing 0.175 mL then waiting 19.006759207695723 s
2025-10-23 17:04:30,280 - DEBUG - Blowing out 0.018 mL
2025-10-23 17:04:30,280 - DEBUG - Adjusting pump 0 speed to 5
2025-10-23 17:04:30,515 - DEBUG - Selected small_tip for volume 0.101 mL
2025-10-23 17:04:30,520 - INFO - Pipetting from vial liquid_source_0, amount: 0.101 mL
2025-10-23 17:04:30,529 - DEBUG - Adjusting pump 0 speed to 26
2025-10-23 17:04:30,529 - DEBUG - Aspirating 0.101 mL then waiting 28.394931005313993 s
2025-10-23 17:04:30,530 - DEBUG - Aspirating 0.021 mL then waiting 0 s
2025-10-23 17:04:30,537 - INFO - Pipetting into vial measurement_vial_0, amount: 0.101 mL
2025-10-23 17:04:30,539 - DEBUG - Adjusting pump 0 speed to 20
2025-10-23 17:04:30,544 - DEBUG - Dispensing 0.122 mL then waiting 12.44194284081459 s
2025-10-23 17:04:30,546 - DEBUG - Blowing out 0.056 mL
2025-10-23 17:04:30,546 - DEBUG - Adjusting pump 0 speed to 5
2025-10-23 17:04:30,792 - DEBUG - Selected small_tip for volume 0.105 mL
2025-10-23 17:04:30,792 - INFO - Pipetting from vial liquid_source_0, amount: 0.105 mL
2025-10-23 17:04:30,792 - DEBUG - Adjusting pump 0 speed to 19
2025-10-23 17:04:30,792 - DEBUG - Aspirating 0.105 mL then waiting 4.259606637060642 s
2025-10-23 17:04:30,792 - DEBUG - Aspirating 0.085 mL then waiting 0 s
2025-10-23 17:04:30,792 - INFO - Pipetting into vial measurement_vial_0, amount: 0.105 mL
2025-10-23 17:04:30,792 - DEBUG - Adjusting pump 0 speed to 31
2025-10-23 17:04:30,798 - DEBUG - Dispensing 0.190 mL then waiting 27.09417167119682 s
2025-10-23 17:04:30,798 - DEBUG - Blowing out 0.116 mL
2025-10-23 17:04:30,798 - DEBUG - Adjusting pump 0 speed to 5
2025-10-23 17:04:31,006 - DEBUG - Selected small_tip for volume 0.102 mL
2025-10-23 17:04:31,006 - INFO - Pipetting from vial liquid_source_0, amount: 0.102 mL
2025-10-23 17:04:31,018 - DEBUG - Adjusting pump 0 speed to 17
2025-10-23 17:04:31,019 - DEBUG - Aspirating 0.102 mL then waiting 8.865606626495719 s
2025-10-23 17:04:31,019 - DEBUG - Aspirating 0.010 mL then waiting 0 s
2025-10-23 17:04:31,022 - INFO - Pipetting into vial measurement_vial_0, amount: 0.102 mL
2025-10-23 17:04:31,022 - DEBUG - Adjusting pump 0 speed to 18
2025-10-23 17:04:31,025 - DEBUG - Dispensing 0.112 mL then waiting 25.507228514179587 s
2025-10-23 17:04:31,025 - DEBUG - Blowing out 0.179 mL
2025-10-23 17:04:31,025 - DEBUG - Adjusting pump 0 speed to 5
2025-10-23 17:04:31,261 - DEBUG - Selected small_tip for volume 0.055 mL
2025-10-23 17:04:31,261 - INFO - Pipetting from vial liquid_source_0, amount: 0.055 mL
2025-10-23 17:04:31,274 - DEBUG - Adjusting pump 0 speed to 35
2025-10-23 17:04:31,275 - DEBUG - Aspirating 0.055 mL then waiting 12.393135940656066 s
2025-10-23 17:04:31,275 - DEBUG - Aspirating 0.070 mL then waiting 0 s
2025-10-23 17:04:31,282 - INFO - Pipetting into vial measurement_vial_0, amount: 0.055 mL
2025-10-23 17:04:31,286 - DEBUG - Adjusting pump 0 speed to 25
2025-10-23 17:04:31,286 - DEBUG - Dispensing 0.125 mL then waiting 19.006759207695723 s
2025-10-23 17:04:31,286 - DEBUG - Blowing out 0.018 mL
2025-10-23 17:04:31,286 - DEBUG - Adjusting pump 0 speed to 5
2025-10-23 17:04:31,506 - DEBUG - Selected small_tip for volume 0.030 mL
2025-10-23 17:04:31,506 - INFO - Pipetting from vial liquid_source_0, amount: 0.03 mL
2025-10-23 17:04:31,525 - DEBUG - Adjusting pump 0 speed to 35
2025-10-23 17:04:31,526 - DEBUG - Aspirating 0.030 mL then waiting 12.393135940656066 s
2025-10-23 17:04:31,526 - DEBUG - Aspirating 0.070 mL then waiting 0 s
2025-10-23 17:04:31,534 - INFO - Pipetting into vial measurement_vial_0, amount: 0.03 mL
2025-10-23 17:04:31,536 - DEBUG - Adjusting pump 0 speed to 25
2025-10-23 17:04:31,536 - DEBUG - Dispensing 0.100 mL then waiting 19.006759207695723 s
2025-10-23 17:04:31,536 - DEBUG - Blowing out 0.018 mL
2025-10-23 17:04:31,536 - DEBUG - Adjusting pump 0 speed to 5
2025-10-23 17:04:32,311 - DEBUG - Selected small_tip for volume 0.107 mL
2025-10-23 17:04:32,312 - INFO - Pipetting from vial liquid_source_0, amount: 0.107 mL
2025-10-23 17:04:32,314 - DEBUG - Adjusting pump 0 speed to 23
2025-10-23 17:04:32,314 - DEBUG - Aspirating 0.107 mL then waiting 18.480767849832773 s
2025-10-23 17:04:32,314 - DEBUG - Aspirating 0.097 mL then waiting 0 s
2025-10-23 17:04:32,316 - INFO - Pipetting into vial measurement_vial_0, amount: 0.107 mL
2025-10-23 17:04:32,316 - DEBUG - Adjusting pump 0 speed to 34
2025-10-23 17:04:32,317 - DEBUG - Dispensing 0.204 mL then waiting 9.92737378925085 s
2025-10-23 17:04:32,317 - DEBUG - Blowing out 0.042 mL
2025-10-23 17:04:32,317 - DEBUG - Adjusting pump 0 speed to 5
2025-10-23 17:04:32,544 - DEBUG - Selected small_tip for volume 0.107 mL
2025-10-23 17:04:32,544 - INFO - Pipetting from vial liquid_source_0, amount: 0.107 mL
2025-10-23 17:04:32,544 - DEBUG - Adjusting pump 0 speed to 23
2025-10-23 17:04:32,544 - DEBUG - Aspirating 0.107 mL then waiting 18.480767849832773 s
2025-10-23 17:04:32,544 - DEBUG - Aspirating 0.097 mL then waiting 0 s
2025-10-23 17:04:32,544 - INFO - Pipetting into vial measurement_vial_0, amount: 0.107 mL
2025-10-23 17:04:32,544 - DEBUG - Adjusting pump 0 speed to 34
2025-10-23 17:04:32,551 - DEBUG - Dispensing 0.204 mL then waiting 9.92737378925085 s
2025-10-23 17:04:32,551 - DEBUG - Blowing out 0.042 mL
2025-10-23 17:04:32,551 - DEBUG - Adjusting pump 0 speed to 5
2025-10-23 17:04:32,763 - DEBUG - Selected small_tip for volume 0.107 mL
2025-10-23 17:04:32,763 - INFO - Pipetting from vial liquid_source_0, amount: 0.107 mL
2025-10-23 17:04:32,780 - DEBUG - Adjusting pump 0 speed to 23
2025-10-23 17:04:32,780 - DEBUG - Aspirating 0.107 mL then waiting 18.480767849832773 s
2025-10-23 17:04:32,781 - DEBUG - Aspirating 0.097 mL then waiting 0 s
2025-10-23 17:04:32,784 - INFO - Pipetting into vial measurement_vial_0, amount: 0.107 mL
2025-10-23 17:04:32,785 - DEBUG - Adjusting pump 0 speed to 34
2025-10-23 17:04:32,786 - DEBUG - Dispensing 0.204 mL then waiting 9.92737378925085 s
2025-10-23 17:04:32,786 - DEBUG - Blowing out 0.042 mL
2025-10-23 17:04:32,786 - DEBUG - Adjusting pump 0 speed to 5
2025-10-23 17:04:32,997 - DEBUG - Selected small_tip for volume 0.107 mL
2025-10-23 17:04:33,003 - INFO - Pipetting from vial liquid_source_0, amount: 0.107 mL
2025-10-23 17:04:33,008 - DEBUG - Adjusting pump 0 speed to 23
2025-10-23 17:04:33,009 - DEBUG - Aspirating 0.107 mL then waiting 18.480767849832773 s
2025-10-23 17:04:33,009 - DEBUG - Aspirating 0.097 mL then waiting 0 s
2025-10-23 17:04:33,013 - INFO - Pipetting into vial measurement_vial_0, amount: 0.107 mL
2025-10-23 17:04:33,015 - DEBUG - Adjusting pump 0 speed to 34
2025-10-23 17:04:33,015 - DEBUG - Dispensing 0.204 mL then waiting 9.92737378925085 s
2025-10-23 17:04:33,015 - DEBUG - Blowing out 0.042 mL
2025-10-23 17:04:33,015 - DEBUG - Adjusting pump 0 speed to 5
2025-10-23 17:04:33,229 - DEBUG - Selected small_tip for volume 0.107 mL
2025-10-23 17:04:33,229 - INFO - Pipetting from vial liquid_source_0, amount: 0.107 mL
2025-10-23 17:04:33,248 - DEBUG - Adjusting pump 0 speed to 23
2025-10-23 17:04:33,248 - DEBUG - Aspirating 0.107 mL then waiting 18.480767849832773 s
2025-10-23 17:04:33,249 - DEBUG - Aspirating 0.097 mL then waiting 0 s
2025-10-23 17:04:33,256 - INFO - Pipetting into vial measurement_vial_0, amount: 0.107 mL
2025-10-23 17:04:33,257 - DEBUG - Adjusting pump 0 speed to 34
2025-10-23 17:04:33,261 - DEBUG - Dispensing 0.204 mL then waiting 9.92737378925085 s
2025-10-23 17:04:33,261 - DEBUG - Blowing out 0.042 mL
2025-10-23 17:04:33,261 - DEBUG - Adjusting pump 0 speed to 5
2025-10-23 17:04:33,271 - INFO - VOLUME 50uL: Accuracy-only calibration (no time constraints)
2025-10-23 17:04:33,273 - DEBUG - Selected small_tip for volume 0.050 mL
2025-10-23 17:04:33,478 - DEBUG - Selected small_tip for volume 0.060 mL
2025-10-23 17:04:33,478 - INFO - Pipetting from vial liquid_source_0, amount: 0.06 mL
2025-10-23 17:04:33,478 - DEBUG - Adjusting pump 0 speed to 23
2025-10-23 17:04:33,478 - DEBUG - Aspirating 0.060 mL then waiting 18.480767849832773 s
2025-10-23 17:04:33,478 - DEBUG - Aspirating 0.097 mL then waiting 0 s
2025-10-23 17:04:33,478 - INFO - Pipetting into vial measurement_vial_0, amount: 0.06 mL
2025-10-23 17:04:33,485 - DEBUG - Adjusting pump 0 speed to 34
2025-10-23 17:04:33,485 - DEBUG - Dispensing 0.157 mL then waiting 9.92737378925085 s
2025-10-23 17:04:33,485 - DEBUG - Blowing out 0.153 mL
2025-10-23 17:04:33,485 - DEBUG - Adjusting pump 0 speed to 5
2025-10-23 17:04:33,694 - DEBUG - Selected small_tip for volume 0.051 mL
2025-10-23 17:04:33,694 - INFO - Pipetting from vial liquid_source_0, amount: 0.051 mL
2025-10-23 17:04:33,694 - DEBUG - Adjusting pump 0 speed to 23
2025-10-23 17:04:33,694 - DEBUG - Aspirating 0.051 mL then waiting 18.480767849832773 s
2025-10-23 17:04:33,694 - DEBUG - Aspirating 0.097 mL then waiting 0 s
2025-10-23 17:04:33,694 - INFO - Pipetting into vial measurement_vial_0, amount: 0.051 mL
2025-10-23 17:04:33,701 - DEBUG - Adjusting pump 0 speed to 34
2025-10-23 17:04:33,701 - DEBUG - Dispensing 0.148 mL then waiting 9.92737378925085 s
2025-10-23 17:04:33,701 - DEBUG - Blowing out 0.040 mL
2025-10-23 17:04:33,701 - DEBUG - Adjusting pump 0 speed to 5
2025-10-23 17:04:33,912 - DEBUG - Selected small_tip for volume 0.060 mL
2025-10-23 17:04:33,912 - INFO - Pipetting from vial liquid_source_0, amount: 0.06 mL
2025-10-23 17:04:33,930 - DEBUG - Adjusting pump 0 speed to 23
2025-10-23 17:04:33,931 - DEBUG - Aspirating 0.060 mL then waiting 18.480767849832773 s
2025-10-23 17:04:33,932 - DEBUG - Aspirating 0.097 mL then waiting 0 s
2025-10-23 17:04:33,939 - INFO - Pipetting into vial measurement_vial_0, amount: 0.06 mL
2025-10-23 17:04:33,940 - DEBUG - Adjusting pump 0 speed to 34
2025-10-23 17:04:33,945 - DEBUG - Dispensing 0.157 mL then waiting 9.92737378925085 s
2025-10-23 17:04:33,945 - DEBUG - Blowing out 0.153 mL
2025-10-23 17:04:33,945 - DEBUG - Adjusting pump 0 speed to 5
2025-10-23 17:04:34,156 - DEBUG - Selected small_tip for volume 0.060 mL
2025-10-23 17:04:34,160 - INFO - Pipetting from vial liquid_source_0, amount: 0.06 mL
2025-10-23 17:04:34,166 - DEBUG - Adjusting pump 0 speed to 23
2025-10-23 17:04:34,166 - DEBUG - Aspirating 0.060 mL then waiting 18.480767849832773 s
2025-10-23 17:04:34,167 - DEBUG - Aspirating 0.097 mL then waiting 0 s
2025-10-23 17:04:34,171 - INFO - Pipetting into vial measurement_vial_0, amount: 0.06 mL
2025-10-23 17:04:34,172 - DEBUG - Adjusting pump 0 speed to 34
2025-10-23 17:04:34,172 - DEBUG - Dispensing 0.157 mL then waiting 9.92737378925085 s
2025-10-23 17:04:34,172 - DEBUG - Blowing out 0.153 mL
2025-10-23 17:04:34,172 - DEBUG - Adjusting pump 0 speed to 5
2025-10-23 17:04:34,382 - DEBUG - Selected small_tip for volume 0.060 mL
2025-10-23 17:04:34,388 - INFO - Pipetting from vial liquid_source_0, amount: 0.06 mL
2025-10-23 17:04:34,396 - DEBUG - Adjusting pump 0 speed to 23
2025-10-23 17:04:34,396 - DEBUG - Aspirating 0.060 mL then waiting 18.480767849832773 s
2025-10-23 17:04:34,397 - DEBUG - Aspirating 0.097 mL then waiting 0 s
2025-10-23 17:04:34,403 - INFO - Pipetting into vial measurement_vial_0, amount: 0.06 mL
2025-10-23 17:04:34,405 - DEBUG - Adjusting pump 0 speed to 34
2025-10-23 17:04:34,405 - DEBUG - Dispensing 0.157 mL then waiting 9.92737378925085 s
2025-10-23 17:04:34,410 - DEBUG - Blowing out 0.153 mL
2025-10-23 17:04:34,410 - DEBUG - Adjusting pump 0 speed to 5
2025-10-23 17:04:34,626 - DEBUG - Selected small_tip for volume 0.060 mL
2025-10-23 17:04:34,626 - INFO - Pipetting from vial liquid_source_0, amount: 0.06 mL
2025-10-23 17:04:34,645 - DEBUG - Adjusting pump 0 speed to 23
2025-10-23 17:04:34,647 - DEBUG - Aspirating 0.060 mL then waiting 18.480767849832773 s
2025-10-23 17:04:34,647 - DEBUG - Aspirating 0.097 mL then waiting 0 s
2025-10-23 17:04:34,647 - INFO - Pipetting into vial measurement_vial_0, amount: 0.06 mL
2025-10-23 17:04:34,657 - DEBUG - Adjusting pump 0 speed to 34
2025-10-23 17:04:34,660 - DEBUG - Dispensing 0.157 mL then waiting 9.92737378925085 s
2025-10-23 17:04:34,660 - DEBUG - Blowing out 0.153 mL
2025-10-23 17:04:34,660 - DEBUG - Adjusting pump 0 speed to 5
2025-10-23 17:04:34,669 - INFO - VOLUME 25uL: Accuracy-only calibration (no time constraints)
2025-10-23 17:04:34,671 - DEBUG - Selected small_tip for volume 0.025 mL
2025-10-23 17:04:34,877 - DEBUG - Selected small_tip for volume 0.032 mL
2025-10-23 17:04:34,878 - INFO - Pipetting from vial liquid_source_0, amount: 0.032 mL
2025-10-23 17:04:34,878 - DEBUG - Adjusting pump 0 speed to 23
2025-10-23 17:04:34,878 - DEBUG - Aspirating 0.032 mL then waiting 18.480767849832773 s
2025-10-23 17:04:34,878 - DEBUG - Aspirating 0.097 mL then waiting 0 s
2025-10-23 17:04:34,878 - INFO - Pipetting into vial measurement_vial_0, amount: 0.032 mL
2025-10-23 17:04:34,885 - DEBUG - Adjusting pump 0 speed to 34
2025-10-23 17:04:34,886 - DEBUG - Dispensing 0.129 mL then waiting 9.92737378925085 s
2025-10-23 17:04:34,886 - DEBUG - Blowing out 0.042 mL
2025-10-23 17:04:34,886 - DEBUG - Adjusting pump 0 speed to 5
2025-10-23 17:04:35,096 - DEBUG - Selected small_tip for volume 0.032 mL
2025-10-23 17:04:35,101 - INFO - Pipetting from vial liquid_source_0, amount: 0.032 mL
2025-10-23 17:04:35,109 - DEBUG - Adjusting pump 0 speed to 23
2025-10-23 17:04:35,109 - DEBUG - Aspirating 0.032 mL then waiting 18.480767849832773 s
2025-10-23 17:04:35,110 - DEBUG - Aspirating 0.097 mL then waiting 0 s
2025-10-23 17:04:35,117 - INFO - Pipetting into vial measurement_vial_0, amount: 0.032 mL
2025-10-23 17:04:35,121 - DEBUG - Adjusting pump 0 speed to 34
2025-10-23 17:04:35,124 - DEBUG - Dispensing 0.129 mL then waiting 9.92737378925085 s
2025-10-23 17:04:35,125 - DEBUG - Blowing out 0.042 mL
2025-10-23 17:04:35,125 - DEBUG - Adjusting pump 0 speed to 5
2025-10-23 17:04:35,342 - DEBUG - Selected small_tip for volume 0.032 mL
2025-10-23 17:04:35,342 - INFO - Pipetting from vial liquid_source_0, amount: 0.032 mL
2025-10-23 17:04:35,361 - DEBUG - Adjusting pump 0 speed to 23
2025-10-23 17:04:35,362 - DEBUG - Aspirating 0.032 mL then waiting 18.480767849832773 s
2025-10-23 17:04:35,363 - DEBUG - Aspirating 0.097 mL then waiting 0 s
2025-10-23 17:04:35,363 - INFO - Pipetting into vial measurement_vial_0, amount: 0.032 mL
2025-10-23 17:04:35,373 - DEBUG - Adjusting pump 0 speed to 34
2025-10-23 17:04:35,376 - DEBUG - Dispensing 0.129 mL then waiting 9.92737378925085 s
2025-10-23 17:04:35,377 - DEBUG - Blowing out 0.042 mL
2025-10-23 17:04:35,377 - DEBUG - Adjusting pump 0 speed to 5
2025-10-23 17:04:35,594 - DEBUG - Selected small_tip for volume 0.026 mL
2025-10-23 17:04:35,594 - INFO - Pipetting from vial liquid_source_0, amount: 0.026 mL
2025-10-23 17:04:35,594 - DEBUG - Adjusting pump 0 speed to 23
2025-10-23 17:04:35,594 - DEBUG - Aspirating 0.026 mL then waiting 18.480767849832773 s
2025-10-23 17:04:35,594 - DEBUG - Aspirating 0.097 mL then waiting 0 s
2025-10-23 17:04:35,594 - INFO - Pipetting into vial measurement_vial_0, amount: 0.026 mL
2025-10-23 17:04:35,594 - DEBUG - Adjusting pump 0 speed to 34
2025-10-23 17:04:35,601 - DEBUG - Dispensing 0.123 mL then waiting 9.92737378925085 s
2025-10-23 17:04:35,601 - DEBUG - Blowing out 0.040 mL
2025-10-23 17:04:35,601 - DEBUG - Adjusting pump 0 speed to 5
2025-10-23 17:04:35,825 - DEBUG - Selected small_tip for volume 0.026 mL
2025-10-23 17:04:35,825 - INFO - Pipetting from vial liquid_source_0, amount: 0.026 mL
2025-10-23 17:04:35,836 - DEBUG - Adjusting pump 0 speed to 23
2025-10-23 17:04:35,836 - DEBUG - Aspirating 0.026 mL then waiting 18.480767849832773 s
2025-10-23 17:04:35,836 - DEBUG - Aspirating 0.097 mL then waiting 0 s
2025-10-23 17:04:35,838 - INFO - Pipetting into vial measurement_vial_0, amount: 0.026 mL
2025-10-23 17:04:35,846 - DEBUG - Adjusting pump 0 speed to 34
2025-10-23 17:04:35,849 - DEBUG - Dispensing 0.123 mL then waiting 9.92737378925085 s
2025-10-23 17:04:35,850 - DEBUG - Blowing out 0.040 mL
2025-10-23 17:04:35,850 - DEBUG - Adjusting pump 0 speed to 5
2025-10-23 17:04:36,062 - DEBUG - Selected small_tip for volume 0.026 mL
2025-10-23 17:04:36,067 - INFO - Pipetting from vial liquid_source_0, amount: 0.026 mL
2025-10-23 17:04:36,075 - DEBUG - Adjusting pump 0 speed to 23
2025-10-23 17:04:36,076 - DEBUG - Aspirating 0.026 mL then waiting 18.480767849832773 s
2025-10-23 17:04:36,076 - DEBUG - Aspirating 0.097 mL then waiting 0 s
2025-10-23 17:04:36,083 - INFO - Pipetting into vial measurement_vial_0, amount: 0.026 mL
2025-10-23 17:04:36,085 - DEBUG - Adjusting pump 0 speed to 34
2025-10-23 17:04:36,087 - DEBUG - Dispensing 0.123 mL then waiting 9.92737378925085 s
2025-10-23 17:04:36,087 - DEBUG - Blowing out 0.040 mL
2025-10-23 17:04:36,087 - DEBUG - Adjusting pump 0 speed to 5
2025-10-23 17:04:36,309 - DEBUG - Selected small_tip for volume 0.026 mL
2025-10-23 17:04:36,309 - INFO - Pipetting from vial liquid_source_0, amount: 0.026 mL
2025-10-23 17:04:36,328 - DEBUG - Adjusting pump 0 speed to 23
2025-10-23 17:04:36,330 - DEBUG - Aspirating 0.026 mL then waiting 18.480767849832773 s
2025-10-23 17:04:36,330 - DEBUG - Aspirating 0.097 mL then waiting 0 s
2025-10-23 17:04:36,330 - INFO - Pipetting into vial measurement_vial_0, amount: 0.026 mL
2025-10-23 17:04:36,340 - DEBUG - Adjusting pump 0 speed to 34
2025-10-23 17:04:36,343 - DEBUG - Dispensing 0.123 mL then waiting 9.92737378925085 s
2025-10-23 17:04:36,344 - DEBUG - Blowing out 0.040 mL
2025-10-23 17:04:36,344 - DEBUG - Adjusting pump 0 speed to 5
2025-10-23 17:04:36,559 - DEBUG - Selected small_tip for volume 0.026 mL
2025-10-23 17:04:36,559 - INFO - Pipetting from vial liquid_source_0, amount: 0.026 mL
2025-10-23 17:04:36,578 - DEBUG - Adjusting pump 0 speed to 23
2025-10-23 17:04:36,579 - DEBUG - Aspirating 0.026 mL then waiting 18.480767849832773 s
2025-10-23 17:04:36,579 - DEBUG - Aspirating 0.097 mL then waiting 0 s
2025-10-23 17:04:36,579 - INFO - Pipetting into vial measurement_vial_0, amount: 0.026 mL
2025-10-23 17:04:36,590 - DEBUG - Adjusting pump 0 speed to 34
2025-10-23 17:04:36,593 - DEBUG - Dispensing 0.123 mL then waiting 9.92737378925085 s
2025-10-23 17:04:36,594 - DEBUG - Blowing out 0.040 mL
2025-10-23 17:04:36,594 - DEBUG - Adjusting pump 0 speed to 5
2025-10-23 17:04:36,602 - INFO - Removing pipet
2025-10-23 17:04:36,605 - INFO - Returning vial measurement_vial_0 to home location: main_8mL_rack index 0
2025-10-23 17:04:36,609 - INFO - Moving vial measurement_vial_0 to main_8mL_rack: 0
2025-10-23 17:04:36,609 - DEBUG - Grabbing vial 0 with index 0
2025-10-23 17:04:36,611 - DEBUG - Dropping off vial 0 at location main_8mL_rack with index 0
2025-10-23 17:04:36,612 - INFO - Moving robot to home position
2025-10-23 17:04:40,069 - INFO - Completed experiment: 3/3 volumes successful
