2026-02-09 14:40:41,106 - INFO - Initializing North Robot...
2026-02-09 14:40:41,106 - DEBUG - Loading robot configuration files...
2026-02-09 14:40:41,121 - DEBUG - Loaded vial positions configuration from robot_state/vial_positions.yaml
2026-02-09 14:40:41,121 - DEBUG - Loaded pipet tips configuration from robot_state/pipet_tips.yaml
2026-02-09 14:40:41,121 - DEBUG - Loaded pipet racks configuration from robot_state/pipet_racks.yaml
2026-02-09 14:40:41,121 - DEBUG - Loaded pump configuration from robot_state/syringe_pumps.yaml
2026-02-09 14:40:41,121 - DEBUG - Loaded robot hardware configuration from robot_state/robot_hardware.yaml
2026-02-09 14:40:41,134 - DEBUG - Loaded wellplate properties configuration from robot_state/wellplates.yaml
2026-02-09 14:40:41,134 - DEBUG - Loading robot state files...
2026-02-09 14:40:41,137 - DEBUG - Loaded vial data from status/calibration_vials_short.csv
2026-02-09 14:40:41,148 - DEBUG - Loaded robot status from robot_state/robot_status.yaml
2026-02-09 14:40:41,148 - DEBUG - Loaded wellplate positions from robot_state/wellplates.yaml
2026-02-09 14:40:41,148 - DEBUG - Robot status loaded successfully
2026-02-09 14:40:41,148 - INFO - Physical initialization of North Robot...
2026-02-09 14:40:44,675 - DEBUG - Loading pumps from YAML configuration...
2026-02-09 14:40:44,771 - DEBUG - Loaded pump 0: volume=1.0mL, speed=11, liquid=None
2026-02-09 14:40:44,868 - DEBUG - Loaded pump 1: volume=2.5mL, speed=15, liquid=water
2026-02-09 14:40:44,868 - INFO - Moving robot to home position
2026-02-09 14:40:45,276 - DEBUG - Initializing centrifuge controller...
2026-02-09 14:40:45,276 - INFO - Initializing North Track...
2026-02-09 14:40:45,276 - DEBUG - Loading track status from file: robot_state/track_status.yaml
2026-02-09 14:40:45,276 - DEBUG - Getting track status from file: robot_state/track_status.yaml
2026-02-09 14:40:45,276 - DEBUG - Loaded track status from robot_state/track_status.yaml
2026-02-09 14:40:45,276 - DEBUG - Loading track positions from: robot_state/track_positions.yaml
2026-02-09 14:40:45,283 - DEBUG - Loaded track positions configuration from robot_state/track_positions.yaml
2026-02-09 14:40:45,283 - DEBUG - Loading robot hardware configuration from: robot_state/robot_hardware.yaml
2026-02-09 14:40:45,287 - DEBUG - Loaded robot hardware configuration from robot_state/robot_hardware.yaml
2026-02-09 14:40:45,289 - DEBUG - Loaded wellplate properties configuration from robot_state/wellplates.yaml
2026-02-09 14:40:45,359 - DEBUG - Moving North Track to home position
2026-02-09 14:40:45,359 - INFO - Homing all robot components...
2026-02-09 14:40:45,359 - DEBUG - Homing carousel...
2026-02-09 14:40:53,093 - DEBUG - Homing robot axes...
2026-02-09 14:41:05,333 - DEBUG - Homing pump 0...
2026-02-09 14:41:07,107 - DEBUG - Homing pump 1...
2026-02-09 14:41:08,763 - DEBUG - Homing track axes...
2026-02-09 14:41:08,763 - DEBUG - Homing track axis z_axis (axis 6)...
2026-02-09 14:41:12,313 - DEBUG - Homing track axis x_axis (axis 7)...
2026-02-09 14:41:16,317 - INFO - All robot components homed successfully
2026-02-09 14:41:16,317 - INFO - Moving vial liquid_source_0 to clamp: 0
2026-02-09 14:41:16,317 - DEBUG - Grabbing vial 1 with index 1
2026-02-09 14:41:18,286 - DEBUG - Dropping off vial 1 at location clamp with index 0
2026-02-09 14:41:21,941 - DEBUG - Applied object param asp_disp_cycles=0
2026-02-09 14:41:21,942 - DEBUG - Applied object param aspirate_speed=15
2026-02-09 14:41:21,942 - DEBUG - Applied object param aspirate_wait_time=0.0
2026-02-09 14:41:21,942 - DEBUG - Applied object param blowout_vol=0.5
2026-02-09 14:41:21,942 - DEBUG - Applied object param dispense_speed=5
2026-02-09 14:41:21,942 - DEBUG - Applied object param dispense_wait_time=0.0
2026-02-09 14:41:21,942 - DEBUG - Applied object param overaspirate_vol=0.0
2026-02-09 14:41:21,942 - DEBUG - Applied object param post_asp_air_vol=0.0
2026-02-09 14:41:21,942 - DEBUG - Applied object param post_retract_wait_time=0.0
2026-02-09 14:41:21,942 - DEBUG - Applied object param pre_asp_air_vol=0.0
2026-02-09 14:41:21,942 - DEBUG - Applied object param retract_speed=10
2026-02-09 14:41:21,944 - DEBUG - Selected small_tip for volume 0.100 mL
2026-02-09 14:41:21,944 - INFO - Getting small_tip (pipet number 3) from rack: small_tip_rack_1
2026-02-09 14:41:27,032 - INFO - Pipetting from vial liquid_source_0, amount: 0.100 mL
2026-02-09 14:41:27,032 - INFO - Additional volume from calibration, amount: 0.000 mL
2026-02-09 14:41:27,034 - DEBUG - Adjusting pump 0 speed to 10
2026-02-09 14:41:29,353 - DEBUG - Adjusting pump 0 speed to 15
2026-02-09 14:41:30,550 - DEBUG - Aspirating 0.100 mL then waiting 0.0 s
2026-02-09 14:41:31,827 - DEBUG - Applied object param asp_disp_cycles=0
2026-02-09 14:41:31,827 - DEBUG - Applied object param aspirate_speed=15
2026-02-09 14:41:31,827 - DEBUG - Applied object param aspirate_wait_time=0.0
2026-02-09 14:41:31,827 - DEBUG - Applied object param blowout_vol=0.5
2026-02-09 14:41:31,827 - DEBUG - Applied object param dispense_speed=5
2026-02-09 14:41:31,827 - DEBUG - Applied object param dispense_wait_time=0.0
2026-02-09 14:41:31,827 - DEBUG - Applied object param overaspirate_vol=0.0
2026-02-09 14:41:31,827 - DEBUG - Applied object param post_asp_air_vol=0.0
2026-02-09 14:41:31,827 - DEBUG - Applied object param post_retract_wait_time=0.0
2026-02-09 14:41:31,827 - DEBUG - Applied object param pre_asp_air_vol=0.0
2026-02-09 14:41:31,827 - DEBUG - Applied object param retract_speed=10
2026-02-09 14:41:31,829 - INFO - Pipetting into vial liquid_source_0, amount: 0.100 mL
2026-02-09 14:41:31,830 - DEBUG - Adjusting pump 0 speed to 5
2026-02-09 14:41:31,949 - DEBUG - Dispensing 0.100 mL then waiting 0.0 s
2026-02-09 14:41:32,342 - DEBUG - Blowing out 0.500 mL
2026-02-09 14:41:35,442 - DEBUG - Applied object param asp_disp_cycles=0
2026-02-09 14:41:35,442 - DEBUG - Applied object param aspirate_speed=15
2026-02-09 14:41:35,442 - DEBUG - Applied object param aspirate_wait_time=0.0
2026-02-09 14:41:35,442 - DEBUG - Applied object param blowout_vol=0.5
2026-02-09 14:41:35,442 - DEBUG - Applied object param dispense_speed=5
2026-02-09 14:41:35,442 - DEBUG - Applied object param dispense_wait_time=0.0
2026-02-09 14:41:35,442 - DEBUG - Applied object param overaspirate_vol=0.0
2026-02-09 14:41:35,442 - DEBUG - Applied object param post_asp_air_vol=0.0
2026-02-09 14:41:35,442 - DEBUG - Applied object param post_retract_wait_time=0.0
2026-02-09 14:41:35,442 - DEBUG - Applied object param pre_asp_air_vol=0.0
2026-02-09 14:41:35,442 - DEBUG - Applied object param retract_speed=10
2026-02-09 14:41:35,442 - DEBUG - Selected small_tip for volume 0.100 mL
2026-02-09 14:41:35,447 - INFO - Pipetting from vial liquid_source_0, amount: 0.100 mL
2026-02-09 14:41:35,448 - INFO - Additional volume from calibration, amount: 0.000 mL
2026-02-09 14:41:35,461 - DEBUG - Adjusting pump 0 speed to 10
2026-02-09 14:41:35,575 - DEBUG - Adjusting pump 0 speed to 15
2026-02-09 14:41:35,717 - DEBUG - Aspirating 0.100 mL then waiting 0.0 s
2026-02-09 14:41:37,017 - DEBUG - Applied object param asp_disp_cycles=0
2026-02-09 14:41:37,017 - DEBUG - Applied object param aspirate_speed=15
2026-02-09 14:41:37,017 - DEBUG - Applied object param aspirate_wait_time=0.0
2026-02-09 14:41:37,017 - DEBUG - Applied object param blowout_vol=0.5
2026-02-09 14:41:37,017 - DEBUG - Applied object param dispense_speed=5
2026-02-09 14:41:37,017 - DEBUG - Applied object param dispense_wait_time=0.0
2026-02-09 14:41:37,017 - DEBUG - Applied object param overaspirate_vol=0.0
2026-02-09 14:41:37,017 - DEBUG - Applied object param post_asp_air_vol=0.0
2026-02-09 14:41:37,017 - DEBUG - Applied object param post_retract_wait_time=0.0
2026-02-09 14:41:37,017 - DEBUG - Applied object param pre_asp_air_vol=0.0
2026-02-09 14:41:37,017 - DEBUG - Applied object param retract_speed=10
2026-02-09 14:41:37,018 - INFO - Pipetting into vial liquid_source_0, amount: 0.100 mL
2026-02-09 14:41:37,019 - DEBUG - Adjusting pump 0 speed to 5
2026-02-09 14:41:37,137 - DEBUG - Dispensing 0.100 mL then waiting 0.0 s
2026-02-09 14:41:37,590 - DEBUG - Blowing out 0.500 mL
2026-02-09 14:41:40,711 - DEBUG - Applied object param asp_disp_cycles=0
2026-02-09 14:41:40,711 - DEBUG - Applied object param aspirate_speed=15
2026-02-09 14:41:40,711 - DEBUG - Applied object param aspirate_wait_time=0.0
2026-02-09 14:41:40,711 - DEBUG - Applied object param blowout_vol=0.5
2026-02-09 14:41:40,711 - DEBUG - Applied object param dispense_speed=5
2026-02-09 14:41:40,711 - DEBUG - Applied object param dispense_wait_time=0.0
2026-02-09 14:41:40,711 - DEBUG - Applied object param overaspirate_vol=0.0
2026-02-09 14:41:40,711 - DEBUG - Applied object param post_asp_air_vol=0.0
2026-02-09 14:41:40,711 - DEBUG - Applied object param post_retract_wait_time=0.0
2026-02-09 14:41:40,711 - DEBUG - Applied object param pre_asp_air_vol=0.0
2026-02-09 14:41:40,711 - DEBUG - Applied object param retract_speed=10
2026-02-09 14:41:40,713 - DEBUG - Selected small_tip for volume 0.100 mL
2026-02-09 14:41:40,714 - INFO - Pipetting from vial liquid_source_0, amount: 0.100 mL
2026-02-09 14:41:40,714 - INFO - Additional volume from calibration, amount: 0.000 mL
2026-02-09 14:41:40,728 - DEBUG - Adjusting pump 0 speed to 10
2026-02-09 14:41:40,822 - DEBUG - Adjusting pump 0 speed to 15
2026-02-09 14:41:40,952 - DEBUG - Aspirating 0.100 mL then waiting 0.0 s
2026-02-09 14:41:42,276 - DEBUG - Applied object param asp_disp_cycles=0
2026-02-09 14:41:42,276 - DEBUG - Applied object param aspirate_speed=15
2026-02-09 14:41:42,276 - DEBUG - Applied object param aspirate_wait_time=0.0
2026-02-09 14:41:42,276 - DEBUG - Applied object param blowout_vol=0.5
2026-02-09 14:41:42,276 - DEBUG - Applied object param dispense_speed=5
2026-02-09 14:41:42,276 - DEBUG - Applied object param dispense_wait_time=0.0
2026-02-09 14:41:42,276 - DEBUG - Applied object param overaspirate_vol=0.0
2026-02-09 14:41:42,276 - DEBUG - Applied object param post_asp_air_vol=0.0
2026-02-09 14:41:42,276 - DEBUG - Applied object param post_retract_wait_time=0.0
2026-02-09 14:41:42,276 - DEBUG - Applied object param pre_asp_air_vol=0.0
2026-02-09 14:41:42,276 - DEBUG - Applied object param retract_speed=10
2026-02-09 14:41:42,276 - INFO - Pipetting into vial liquid_source_0, amount: 0.100 mL
2026-02-09 14:41:42,276 - DEBUG - Adjusting pump 0 speed to 5
2026-02-09 14:41:42,386 - DEBUG - Dispensing 0.100 mL then waiting 0.0 s
2026-02-09 14:41:42,811 - DEBUG - Blowing out 0.500 mL
2026-02-09 14:41:45,912 - DEBUG - Applied object param asp_disp_cycles=0
2026-02-09 14:41:45,912 - DEBUG - Applied object param aspirate_speed=15
2026-02-09 14:41:45,912 - DEBUG - Applied object param aspirate_wait_time=0.0
2026-02-09 14:41:45,912 - DEBUG - Applied object param blowout_vol=0.5
2026-02-09 14:41:45,912 - DEBUG - Applied object param dispense_speed=5
2026-02-09 14:41:45,912 - DEBUG - Applied object param dispense_wait_time=0.0
2026-02-09 14:41:45,912 - DEBUG - Applied object param overaspirate_vol=0.0
2026-02-09 14:41:45,912 - DEBUG - Applied object param post_asp_air_vol=0.0
2026-02-09 14:41:45,912 - DEBUG - Applied object param post_retract_wait_time=0.0
2026-02-09 14:41:45,912 - DEBUG - Applied object param pre_asp_air_vol=0.0
2026-02-09 14:41:45,912 - DEBUG - Applied object param retract_speed=10
2026-02-09 14:41:45,916 - DEBUG - Selected small_tip for volume 0.100 mL
2026-02-09 14:41:45,916 - INFO - Pipetting from vial liquid_source_0, amount: 0.100 mL
2026-02-09 14:41:45,916 - INFO - Additional volume from calibration, amount: 0.000 mL
2026-02-09 14:41:45,929 - DEBUG - Adjusting pump 0 speed to 10
2026-02-09 14:41:46,042 - DEBUG - Adjusting pump 0 speed to 15
2026-02-09 14:41:46,187 - DEBUG - Aspirating 0.100 mL then waiting 0.0 s
2026-02-09 14:41:47,497 - DEBUG - Applied object param asp_disp_cycles=0
2026-02-09 14:41:47,497 - DEBUG - Applied object param aspirate_speed=15
2026-02-09 14:41:47,497 - DEBUG - Applied object param aspirate_wait_time=0.0
2026-02-09 14:41:47,497 - DEBUG - Applied object param blowout_vol=0.5
2026-02-09 14:41:47,497 - DEBUG - Applied object param dispense_speed=5
2026-02-09 14:41:47,497 - DEBUG - Applied object param dispense_wait_time=0.0
2026-02-09 14:41:47,497 - DEBUG - Applied object param overaspirate_vol=0.0
2026-02-09 14:41:47,497 - DEBUG - Applied object param post_asp_air_vol=0.0
2026-02-09 14:41:47,497 - DEBUG - Applied object param post_retract_wait_time=0.0
2026-02-09 14:41:47,497 - DEBUG - Applied object param pre_asp_air_vol=0.0
2026-02-09 14:41:47,497 - DEBUG - Applied object param retract_speed=10
2026-02-09 14:41:47,497 - INFO - Pipetting into vial liquid_source_0, amount: 0.100 mL
2026-02-09 14:41:47,497 - DEBUG - Adjusting pump 0 speed to 5
2026-02-09 14:41:47,622 - DEBUG - Dispensing 0.100 mL then waiting 0.0 s
2026-02-09 14:41:47,996 - DEBUG - Blowing out 0.500 mL
2026-02-09 14:41:51,090 - INFO - Moving robot to home position
2026-02-09 14:41:54,439 - DEBUG - Applied dict param aspirate_speed=14
2026-02-09 14:41:54,439 - DEBUG - Applied dict param dispense_speed=11
2026-02-09 14:41:54,439 - DEBUG - Applied dict param aspirate_wait_time=0.9
2026-02-09 14:41:54,439 - DEBUG - Applied dict param dispense_wait_time=1.5
2026-02-09 14:41:54,439 - DEBUG - Applied dict param pre_asp_air_vol=0.117
2026-02-09 14:41:54,439 - DEBUG - Applied dict param retract_speed=5.0
2026-02-09 14:41:54,439 - DEBUG - Applied dict param blowout_vol=0.0
2026-02-09 14:41:54,439 - DEBUG - Applied dict param post_asp_air_vol=0.0
2026-02-09 14:41:54,439 - DEBUG - Applied dict param post_retract_wait_time=0.0
2026-02-09 14:41:54,439 - DEBUG - Applied dict param overaspirate_vol=0.0032999999999995954
2026-02-09 14:41:54,439 - DEBUG - Selected small_tip for volume 0.183 mL
2026-02-09 14:41:54,439 - INFO - Pipetting from vial liquid_source_0, amount: 0.180 mL
2026-02-09 14:41:54,439 - INFO - Additional volume from calibration, amount: 0.003 mL
2026-02-09 14:41:54,439 - DEBUG - Adjusting pump 0 speed to 10
2026-02-09 14:41:58,100 - DEBUG - Aspirating 0.117 mL then waiting 0 s
2026-02-09 14:41:58,779 - DEBUG - Adjusting pump 0 speed to 14
2026-02-09 14:41:59,322 - DEBUG - Aspirating 0.183 mL then waiting 0.9 s
2026-02-09 14:42:03,227 - DEBUG - Applied dict param aspirate_speed=14
2026-02-09 14:42:03,227 - DEBUG - Applied dict param dispense_speed=11
2026-02-09 14:42:03,227 - DEBUG - Applied dict param aspirate_wait_time=0.9
2026-02-09 14:42:03,227 - DEBUG - Applied dict param dispense_wait_time=1.5
2026-02-09 14:42:03,227 - DEBUG - Applied dict param pre_asp_air_vol=0.117
2026-02-09 14:42:03,227 - DEBUG - Applied dict param retract_speed=5.0
2026-02-09 14:42:03,227 - DEBUG - Applied dict param blowout_vol=0.0
2026-02-09 14:42:03,227 - DEBUG - Applied dict param post_asp_air_vol=0.0
2026-02-09 14:42:03,227 - DEBUG - Applied dict param post_retract_wait_time=0.0
2026-02-09 14:42:03,227 - DEBUG - Applied dict param overaspirate_vol=0.0032999999999995954
2026-02-09 14:42:03,230 - INFO - Pipetting into vial liquid_source_0, amount: 0.180 mL
2026-02-09 14:42:03,231 - DEBUG - Adjusting pump 0 speed to 11
2026-02-09 14:42:05,040 - INFO - Short wait time (1.0s), allowing scale to settle after robot positioning...
2026-02-09 14:42:06,042 - INFO - Started continuous mass monitoring with pre-dispense baseline
2026-02-09 14:42:06,279 - DEBUG - Mass: 11.3868g at 0.001s (baseline_pre) steady=False
2026-02-09 14:42:06,679 - DEBUG - Mass: 11.3869g at 0.439s (baseline_pre) steady=True
2026-02-09 14:42:07,079 - DEBUG - Mass: 11.3869g at 0.844s (baseline_pre) steady=True
2026-02-09 14:42:07,478 - DEBUG - Mass: 11.3869g at 1.251s (baseline_pre) steady=True
2026-02-09 14:42:07,870 - DEBUG - Mass: 11.3869g at 1.640s (baseline_pre) steady=True
2026-02-09 14:42:08,046 - DEBUG - Dispensing 0.300 mL then waiting 1.5 s
2026-02-09 14:42:08,275 - DEBUG - Mass: 11.3869g at 2.053s (dispensing) steady=True
2026-02-09 14:42:08,673 - DEBUG - Mass: 11.4552g at 2.448s (dispensing) steady=False
2026-02-09 14:42:09,072 - DEBUG - Mass: 11.5538g at 2.843s (dispensing) steady=False
2026-02-09 14:42:09,478 - DEBUG - Mass: 11.5640g at 3.244s (dispensing) steady=False
2026-02-09 14:42:09,879 - DEBUG - Mass: 11.5600g at 3.642s (dispensing) steady=False
2026-02-09 14:42:10,271 - DEBUG - Mass: 11.5591g at 4.038s (dispensing) steady=False
2026-02-09 14:42:10,678 - DEBUG - Mass: 11.5596g at 4.448s (dispensing) steady=False
2026-02-09 14:42:11,058 - INFO - Dispensing took 3.012s, collecting post-dispense baseline
2026-02-09 14:42:11,080 - DEBUG - Mass: 11.5591g at 4.842s (dispensing) steady=True
2026-02-09 14:42:11,479 - DEBUG - Mass: 11.5591g at 5.250s (baseline_post) steady=True
2026-02-09 14:42:11,875 - DEBUG - Mass: 11.5591g at 5.643s (baseline_post) steady=True
2026-02-09 14:42:12,280 - DEBUG - Mass: 11.5591g at 6.047s (baseline_post) steady=True
2026-02-09 14:42:12,679 - DEBUG - Mass: 11.5591g at 6.440s (baseline_post) steady=True
2026-02-09 14:42:13,079 - DEBUG - Mass: 11.5591g at 6.848s (baseline_post) steady=True
2026-02-09 14:42:13,281 - INFO - Stopped continuous mass monitoring. Collected 18 data points
2026-02-09 14:42:13,281 - INFO - Pre-baseline: 4 stable readings, avg=11.386900g
2026-02-09 14:42:13,281 - INFO - Post-baseline: 5 stable readings, avg=11.559100g
2026-02-09 14:42:13,281 - INFO - INDEPENDENT BASELINE calculation:
2026-02-09 14:42:13,281 - INFO - Pre: STABLE, Post: STABLE, Mass difference: 0.172200g
2026-02-09 14:42:13,281 - INFO - Reading summary: 5 pre-readings (4 stable), 5 post-readings (5 stable)
2026-02-09 14:42:13,281 - INFO - Baseline variability: pre_std=0.000045g, post_std=0.000000g
2026-02-09 14:42:13,281 - INFO - Target: 0.180 mL = ~0.180000 g for water
2026-02-09 14:42:13,281 - INFO - Saved 18 mass measurements to output\mass_measurements\experiment_log2026-02-09_14-40-40\mass_data_liquid_source_0_20260209_144213.csv
2026-02-09 14:42:13,901 - INFO - Saved mass vs time plot to output\mass_measurements\experiment_log2026-02-09_14-40-40\mass_plot_liquid_source_0_20260209_144213.png
2026-02-09 14:42:13,907 - DEBUG - Applied dict param aspirate_speed=14
2026-02-09 14:42:13,907 - DEBUG - Applied dict param dispense_speed=11
2026-02-09 14:42:13,907 - DEBUG - Applied dict param aspirate_wait_time=0.9
2026-02-09 14:42:13,907 - DEBUG - Applied dict param dispense_wait_time=1.5
2026-02-09 14:42:13,907 - DEBUG - Applied dict param pre_asp_air_vol=0.117
2026-02-09 14:42:13,907 - DEBUG - Applied dict param retract_speed=5.0
2026-02-09 14:42:13,907 - DEBUG - Applied dict param blowout_vol=0.0
2026-02-09 14:42:13,907 - DEBUG - Applied dict param post_asp_air_vol=0.0
2026-02-09 14:42:13,907 - DEBUG - Applied dict param post_retract_wait_time=0.0
2026-02-09 14:42:13,907 - DEBUG - Applied dict param overaspirate_vol=0.0032999999999995954
2026-02-09 14:42:13,907 - DEBUG - Selected small_tip for volume 0.183 mL
2026-02-09 14:42:13,907 - INFO - Pipetting from vial liquid_source_0, amount: 0.180 mL
2026-02-09 14:42:13,907 - INFO - Additional volume from calibration, amount: 0.003 mL
2026-02-09 14:42:13,907 - DEBUG - Adjusting pump 0 speed to 10
2026-02-09 14:42:15,733 - DEBUG - Aspirating 0.117 mL then waiting 0 s
2026-02-09 14:42:16,418 - DEBUG - Adjusting pump 0 speed to 14
2026-02-09 14:42:16,969 - DEBUG - Aspirating 0.183 mL then waiting 0.9 s
2026-02-09 14:42:20,909 - DEBUG - Applied dict param aspirate_speed=14
2026-02-09 14:42:20,909 - DEBUG - Applied dict param dispense_speed=11
2026-02-09 14:42:20,909 - DEBUG - Applied dict param aspirate_wait_time=0.9
2026-02-09 14:42:20,909 - DEBUG - Applied dict param dispense_wait_time=1.5
2026-02-09 14:42:20,909 - DEBUG - Applied dict param pre_asp_air_vol=0.117
2026-02-09 14:42:20,909 - DEBUG - Applied dict param retract_speed=5.0
2026-02-09 14:42:20,909 - DEBUG - Applied dict param blowout_vol=0.0
2026-02-09 14:42:20,909 - DEBUG - Applied dict param post_asp_air_vol=0.0
2026-02-09 14:42:20,909 - DEBUG - Applied dict param post_retract_wait_time=0.0
2026-02-09 14:42:20,909 - DEBUG - Applied dict param overaspirate_vol=0.0032999999999995954
2026-02-09 14:42:20,909 - INFO - Pipetting into vial liquid_source_0, amount: 0.180 mL
2026-02-09 14:42:20,909 - DEBUG - Adjusting pump 0 speed to 11
2026-02-09 14:42:22,736 - INFO - Short wait time (1.0s), allowing scale to settle after robot positioning...
2026-02-09 14:42:23,744 - INFO - Started continuous mass monitoring with pre-dispense baseline
2026-02-09 14:42:23,875 - DEBUG - Mass: 11.3822g at 0.000s (baseline_pre) steady=False
2026-02-09 14:42:24,279 - DEBUG - Mass: 11.3821g at 0.345s (baseline_pre) steady=True
2026-02-09 14:42:24,666 - DEBUG - Mass: 11.3821g at 0.751s (baseline_pre) steady=True
2026-02-09 14:42:25,077 - DEBUG - Mass: 11.3821g at 1.140s (baseline_pre) steady=True
2026-02-09 14:42:25,478 - DEBUG - Mass: 11.3821g at 1.549s (baseline_pre) steady=True
2026-02-09 14:42:25,753 - DEBUG - Dispensing 0.300 mL then waiting 1.5 s
2026-02-09 14:42:25,880 - DEBUG - Mass: 11.3821g at 1.945s (baseline_pre) steady=True
2026-02-09 14:42:26,279 - DEBUG - Mass: 11.3999g at 2.341s (dispensing) steady=False
2026-02-09 14:42:26,679 - DEBUG - Mass: 11.4991g at 2.736s (dispensing) steady=False
2026-02-09 14:42:27,072 - DEBUG - Mass: 11.5609g at 3.150s (dispensing) steady=False
2026-02-09 14:42:27,478 - DEBUG - Mass: 11.5612g at 3.548s (dispensing) steady=False
2026-02-09 14:42:27,877 - DEBUG - Mass: 11.5584g at 3.943s (dispensing) steady=False
2026-02-09 14:42:28,273 - DEBUG - Mass: 11.5579g at 4.338s (dispensing) steady=False
2026-02-09 14:42:28,678 - DEBUG - Mass: 11.5581g at 4.737s (dispensing) steady=False
2026-02-09 14:42:28,865 - INFO - Dispensing took 3.112s, collecting post-dispense baseline
2026-02-09 14:42:29,079 - DEBUG - Mass: 11.5579g at 5.137s (baseline_post) steady=False
2026-02-09 14:42:29,480 - DEBUG - Mass: 11.5582g at 5.536s (baseline_post) steady=True
2026-02-09 14:42:29,873 - DEBUG - Mass: 11.5582g at 5.938s (baseline_post) steady=True
2026-02-09 14:42:30,280 - DEBUG - Mass: 11.5582g at 6.343s (baseline_post) steady=True
2026-02-09 14:42:30,679 - DEBUG - Mass: 11.5582g at 6.737s (baseline_post) steady=True
2026-02-09 14:42:30,881 - INFO - Stopped continuous mass monitoring. Collected 18 data points
2026-02-09 14:42:30,884 - INFO - Pre-baseline: 5 stable readings, avg=11.382100g
2026-02-09 14:42:30,884 - INFO - Post-baseline: 4 stable readings, avg=11.558200g
2026-02-09 14:42:30,884 - INFO - INDEPENDENT BASELINE calculation:
2026-02-09 14:42:30,884 - INFO - Pre: STABLE, Post: STABLE, Mass difference: 0.176100g
2026-02-09 14:42:30,884 - INFO - Reading summary: 6 pre-readings (5 stable), 5 post-readings (4 stable)
2026-02-09 14:42:30,884 - INFO - Baseline variability: pre_std=0.000041g, post_std=0.000134g
2026-02-09 14:42:30,884 - INFO - Target: 0.180 mL = ~0.180000 g for water
2026-02-09 14:42:30,884 - INFO - Saved 18 mass measurements to output\mass_measurements\experiment_log2026-02-09_14-40-40\mass_data_liquid_source_0_20260209_144230.csv
2026-02-09 14:42:31,449 - INFO - Saved mass vs time plot to output\mass_measurements\experiment_log2026-02-09_14-40-40\mass_plot_liquid_source_0_20260209_144230.png
2026-02-09 14:42:31,449 - DEBUG - Applied dict param aspirate_speed=14
2026-02-09 14:42:31,449 - DEBUG - Applied dict param dispense_speed=11
2026-02-09 14:42:31,449 - DEBUG - Applied dict param aspirate_wait_time=0.9
2026-02-09 14:42:31,449 - DEBUG - Applied dict param dispense_wait_time=1.5
2026-02-09 14:42:31,449 - DEBUG - Applied dict param pre_asp_air_vol=0.117
2026-02-09 14:42:31,449 - DEBUG - Applied dict param retract_speed=5.0
2026-02-09 14:42:31,449 - DEBUG - Applied dict param blowout_vol=0.0
2026-02-09 14:42:31,449 - DEBUG - Applied dict param post_asp_air_vol=0.0
2026-02-09 14:42:31,449 - DEBUG - Applied dict param post_retract_wait_time=0.0
2026-02-09 14:42:31,449 - DEBUG - Applied dict param overaspirate_vol=0.0032999999999995954
2026-02-09 14:42:31,449 - DEBUG - Selected small_tip for volume 0.183 mL
2026-02-09 14:42:31,449 - INFO - Pipetting from vial liquid_source_0, amount: 0.180 mL
2026-02-09 14:42:31,449 - INFO - Additional volume from calibration, amount: 0.003 mL
2026-02-09 14:42:31,449 - DEBUG - Adjusting pump 0 speed to 10
2026-02-09 14:42:33,260 - DEBUG - Aspirating 0.117 mL then waiting 0 s
2026-02-09 14:42:33,947 - DEBUG - Adjusting pump 0 speed to 14
2026-02-09 14:42:34,509 - DEBUG - Aspirating 0.183 mL then waiting 0.9 s
2026-02-09 14:42:38,437 - DEBUG - Applied dict param aspirate_speed=14
2026-02-09 14:42:38,437 - DEBUG - Applied dict param dispense_speed=11
2026-02-09 14:42:38,437 - DEBUG - Applied dict param aspirate_wait_time=0.9
2026-02-09 14:42:38,437 - DEBUG - Applied dict param dispense_wait_time=1.5
2026-02-09 14:42:38,437 - DEBUG - Applied dict param pre_asp_air_vol=0.117
2026-02-09 14:42:38,437 - DEBUG - Applied dict param retract_speed=5.0
2026-02-09 14:42:38,437 - DEBUG - Applied dict param blowout_vol=0.0
2026-02-09 14:42:38,437 - DEBUG - Applied dict param post_asp_air_vol=0.0
2026-02-09 14:42:38,437 - DEBUG - Applied dict param post_retract_wait_time=0.0
2026-02-09 14:42:38,437 - DEBUG - Applied dict param overaspirate_vol=0.0032999999999995954
2026-02-09 14:42:38,437 - INFO - Pipetting into vial liquid_source_0, amount: 0.180 mL
2026-02-09 14:42:38,437 - DEBUG - Adjusting pump 0 speed to 11
2026-02-09 14:42:40,265 - INFO - Short wait time (1.0s), allowing scale to settle after robot positioning...
2026-02-09 14:42:41,277 - INFO - Started continuous mass monitoring with pre-dispense baseline
2026-02-09 14:42:41,479 - DEBUG - Mass: 11.3807g at 0.000s (baseline_pre) steady=False
2026-02-09 14:42:41,874 - DEBUG - Mass: 11.3806g at 0.408s (baseline_pre) steady=True
2026-02-09 14:42:42,281 - DEBUG - Mass: 11.3806g at 0.811s (baseline_pre) steady=True
2026-02-09 14:42:42,681 - DEBUG - Mass: 11.3806g at 1.218s (baseline_pre) steady=True
2026-02-09 14:42:43,080 - DEBUG - Mass: 11.3806g at 1.608s (baseline_pre) steady=True
2026-02-09 14:42:43,287 - DEBUG - Dispensing 0.300 mL then waiting 1.5 s
2026-02-09 14:42:43,480 - DEBUG - Mass: 11.3806g at 2.010s (dispensing) steady=True
2026-02-09 14:42:43,878 - DEBUG - Mass: 11.4411g at 2.410s (dispensing) steady=False
2026-02-09 14:42:44,279 - DEBUG - Mass: 11.5322g at 2.809s (dispensing) steady=False
2026-02-09 14:42:44,676 - DEBUG - Mass: 11.5618g at 3.205s (dispensing) steady=False
2026-02-09 14:42:45,079 - DEBUG - Mass: 11.5581g at 3.618s (dispensing) steady=False
2026-02-09 14:42:45,478 - DEBUG - Mass: 11.5570g at 4.015s (dispensing) steady=False
2026-02-09 14:42:45,878 - DEBUG - Mass: 11.5574g at 4.413s (dispensing) steady=False
2026-02-09 14:42:46,262 - INFO - Dispensing took 2.975s, collecting post-dispense baseline
2026-02-09 14:42:46,278 - DEBUG - Mass: 11.5572g at 4.811s (dispensing) steady=True
2026-02-09 14:42:46,679 - DEBUG - Mass: 11.5572g at 5.210s (baseline_post) steady=True
2026-02-09 14:42:47,076 - DEBUG - Mass: 11.5572g at 5.606s (baseline_post) steady=True
2026-02-09 14:42:47,480 - DEBUG - Mass: 11.5572g at 6.017s (baseline_post) steady=True
2026-02-09 14:42:47,879 - DEBUG - Mass: 11.5572g at 6.406s (baseline_post) steady=True
2026-02-09 14:42:48,281 - DEBUG - Mass: 11.5572g at 6.811s (baseline_post) steady=True
2026-02-09 14:42:48,497 - INFO - Stopped continuous mass monitoring. Collected 18 data points
2026-02-09 14:42:48,497 - INFO - Pre-baseline: 4 stable readings, avg=11.380600g
2026-02-09 14:42:48,497 - INFO - Post-baseline: 5 stable readings, avg=11.557200g
2026-02-09 14:42:48,497 - INFO - INDEPENDENT BASELINE calculation:
2026-02-09 14:42:48,497 - INFO - Pre: STABLE, Post: STABLE, Mass difference: 0.176600g
2026-02-09 14:42:48,503 - INFO - Reading summary: 5 pre-readings (4 stable), 5 post-readings (5 stable)
2026-02-09 14:42:48,503 - INFO - Baseline variability: pre_std=0.000045g, post_std=0.000000g
2026-02-09 14:42:48,504 - INFO - Target: 0.180 mL = ~0.180000 g for water
2026-02-09 14:42:48,505 - INFO - Saved 18 mass measurements to output\mass_measurements\experiment_log2026-02-09_14-40-40\mass_data_liquid_source_0_20260209_144248.csv
2026-02-09 14:42:49,064 - INFO - Saved mass vs time plot to output\mass_measurements\experiment_log2026-02-09_14-40-40\mass_plot_liquid_source_0_20260209_144248.png
2026-02-09 14:42:49,064 - DEBUG - Applied dict param aspirate_speed=14
2026-02-09 14:42:49,064 - DEBUG - Applied dict param dispense_speed=11
2026-02-09 14:42:49,064 - DEBUG - Applied dict param aspirate_wait_time=0.9
2026-02-09 14:42:49,064 - DEBUG - Applied dict param dispense_wait_time=1.5
2026-02-09 14:42:49,064 - DEBUG - Applied dict param pre_asp_air_vol=0.117
2026-02-09 14:42:49,064 - DEBUG - Applied dict param retract_speed=5.0
2026-02-09 14:42:49,064 - DEBUG - Applied dict param blowout_vol=0.0
2026-02-09 14:42:49,064 - DEBUG - Applied dict param post_asp_air_vol=0.0
2026-02-09 14:42:49,064 - DEBUG - Applied dict param post_retract_wait_time=0.0
2026-02-09 14:42:49,064 - DEBUG - Applied dict param overaspirate_vol=0.0032999999999995954
2026-02-09 14:42:49,064 - DEBUG - Selected small_tip for volume 0.183 mL
2026-02-09 14:42:49,064 - INFO - Pipetting from vial liquid_source_0, amount: 0.180 mL
2026-02-09 14:42:49,064 - INFO - Additional volume from calibration, amount: 0.003 mL
2026-02-09 14:42:49,073 - DEBUG - Adjusting pump 0 speed to 10
2026-02-09 14:42:50,886 - DEBUG - Aspirating 0.117 mL then waiting 0 s
2026-02-09 14:42:51,606 - DEBUG - Adjusting pump 0 speed to 14
2026-02-09 14:42:52,168 - DEBUG - Aspirating 0.183 mL then waiting 0.9 s
2026-02-09 14:42:56,084 - DEBUG - Applied dict param aspirate_speed=14
2026-02-09 14:42:56,084 - DEBUG - Applied dict param dispense_speed=11
2026-02-09 14:42:56,084 - DEBUG - Applied dict param aspirate_wait_time=0.9
2026-02-09 14:42:56,084 - DEBUG - Applied dict param dispense_wait_time=1.5
2026-02-09 14:42:56,084 - DEBUG - Applied dict param pre_asp_air_vol=0.117
2026-02-09 14:42:56,084 - DEBUG - Applied dict param retract_speed=5.0
2026-02-09 14:42:56,084 - DEBUG - Applied dict param blowout_vol=0.0
2026-02-09 14:42:56,084 - DEBUG - Applied dict param post_asp_air_vol=0.0
2026-02-09 14:42:56,084 - DEBUG - Applied dict param post_retract_wait_time=0.0
2026-02-09 14:42:56,084 - DEBUG - Applied dict param overaspirate_vol=0.0032999999999995954
2026-02-09 14:42:56,084 - INFO - Pipetting into vial liquid_source_0, amount: 0.180 mL
2026-02-09 14:42:56,084 - DEBUG - Adjusting pump 0 speed to 11
2026-02-09 14:42:57,880 - INFO - Short wait time (1.0s), allowing scale to settle after robot positioning...
2026-02-09 14:42:58,889 - INFO - Started continuous mass monitoring with pre-dispense baseline
2026-02-09 14:42:59,072 - DEBUG - Mass: 11.3793g at 0.000s (baseline_pre) steady=False
2026-02-09 14:42:59,478 - DEBUG - Mass: 11.3800g at 0.397s (baseline_pre) steady=False
2026-02-09 14:42:59,878 - DEBUG - Mass: 11.3800g at 0.792s (baseline_pre) steady=False
2026-02-09 14:43:00,280 - DEBUG - Mass: 11.3798g at 1.199s (baseline_pre) steady=True
2026-02-09 14:43:00,680 - DEBUG - Mass: 11.3798g at 1.598s (baseline_pre) steady=True
2026-02-09 14:43:00,899 - DEBUG - Dispensing 0.300 mL then waiting 1.5 s
2026-02-09 14:43:01,072 - DEBUG - Mass: 11.3798g at 1.996s (baseline_pre) steady=True
2026-02-09 14:43:01,478 - DEBUG - Mass: 11.3983g at 2.403s (dispensing) steady=False
2026-02-09 14:43:01,873 - DEBUG - Mass: 11.4878g at 2.792s (dispensing) steady=False
2026-02-09 14:43:02,278 - DEBUG - Mass: 11.5594g at 3.202s (dispensing) steady=False
2026-02-09 14:43:02,679 - DEBUG - Mass: 11.5599g at 3.602s (dispensing) steady=False
2026-02-09 14:43:03,075 - DEBUG - Mass: 11.5567g at 3.998s (dispensing) steady=False
2026-02-09 14:43:03,479 - DEBUG - Mass: 11.5567g at 4.393s (dispensing) steady=False
2026-02-09 14:43:03,879 - DEBUG - Mass: 11.5565g at 4.802s (dispensing) steady=False
2026-02-09 14:43:04,068 - INFO - Dispensing took 3.169s, collecting post-dispense baseline
2026-02-09 14:43:04,280 - DEBUG - Mass: 11.5566g at 5.191s (baseline_post) steady=True
2026-02-09 14:43:04,679 - DEBUG - Mass: 11.5566g at 5.592s (baseline_post) steady=True
2026-02-09 14:43:05,077 - DEBUG - Mass: 11.5566g at 5.996s (baseline_post) steady=True
2026-02-09 14:43:05,478 - DEBUG - Mass: 11.5566g at 6.402s (baseline_post) steady=True
2026-02-09 14:43:05,880 - DEBUG - Mass: 11.5566g at 6.808s (baseline_post) steady=True
2026-02-09 14:43:06,088 - INFO - Stopped continuous mass monitoring. Collected 18 data points
2026-02-09 14:43:06,089 - INFO - Pre-baseline: 3 stable readings, avg=11.379800g
2026-02-09 14:43:06,089 - INFO - Post-baseline: 5 stable readings, avg=11.556600g
2026-02-09 14:43:06,089 - INFO - INDEPENDENT BASELINE calculation:
2026-02-09 14:43:06,089 - INFO - Pre: STABLE, Post: STABLE, Mass difference: 0.176800g
2026-02-09 14:43:06,093 - INFO - Reading summary: 6 pre-readings (3 stable), 5 post-readings (5 stable)
2026-02-09 14:43:06,093 - INFO - Baseline variability: pre_std=0.000256g, post_std=0.000000g
2026-02-09 14:43:06,093 - INFO - Target: 0.180 mL = ~0.180000 g for water
2026-02-09 14:43:06,096 - INFO - Saved 18 mass measurements to output\mass_measurements\experiment_log2026-02-09_14-40-40\mass_data_liquid_source_0_20260209_144306.csv
2026-02-09 14:43:06,686 - INFO - Saved mass vs time plot to output\mass_measurements\experiment_log2026-02-09_14-40-40\mass_plot_liquid_source_0_20260209_144306.png
2026-02-09 14:43:06,688 - DEBUG - Applied dict param aspirate_speed=14
2026-02-09 14:43:06,688 - DEBUG - Applied dict param dispense_speed=11
2026-02-09 14:43:06,688 - DEBUG - Applied dict param aspirate_wait_time=0.9
2026-02-09 14:43:06,688 - DEBUG - Applied dict param dispense_wait_time=1.5
2026-02-09 14:43:06,688 - DEBUG - Applied dict param pre_asp_air_vol=0.117
2026-02-09 14:43:06,688 - DEBUG - Applied dict param retract_speed=5.0
2026-02-09 14:43:06,688 - DEBUG - Applied dict param blowout_vol=0.0
2026-02-09 14:43:06,688 - DEBUG - Applied dict param post_asp_air_vol=0.0
2026-02-09 14:43:06,688 - DEBUG - Applied dict param post_retract_wait_time=0.0
2026-02-09 14:43:06,688 - DEBUG - Applied dict param overaspirate_vol=0.0032999999999995954
2026-02-09 14:43:06,689 - DEBUG - Selected small_tip for volume 0.183 mL
2026-02-09 14:43:06,690 - INFO - Pipetting from vial liquid_source_0, amount: 0.180 mL
2026-02-09 14:43:06,691 - INFO - Additional volume from calibration, amount: 0.003 mL
2026-02-09 14:43:06,693 - DEBUG - Adjusting pump 0 speed to 10
2026-02-09 14:43:08,511 - DEBUG - Aspirating 0.117 mL then waiting 0 s
2026-02-09 14:43:09,177 - DEBUG - Adjusting pump 0 speed to 14
2026-02-09 14:43:09,729 - DEBUG - Aspirating 0.183 mL then waiting 0.9 s
2026-02-09 14:43:13,697 - DEBUG - Applied dict param aspirate_speed=14
2026-02-09 14:43:13,697 - DEBUG - Applied dict param dispense_speed=11
2026-02-09 14:43:13,697 - DEBUG - Applied dict param aspirate_wait_time=0.9
2026-02-09 14:43:13,697 - DEBUG - Applied dict param dispense_wait_time=1.5
2026-02-09 14:43:13,697 - DEBUG - Applied dict param pre_asp_air_vol=0.117
2026-02-09 14:43:13,697 - DEBUG - Applied dict param retract_speed=5.0
2026-02-09 14:43:13,697 - DEBUG - Applied dict param blowout_vol=0.0
2026-02-09 14:43:13,697 - DEBUG - Applied dict param post_asp_air_vol=0.0
2026-02-09 14:43:13,697 - DEBUG - Applied dict param post_retract_wait_time=0.0
2026-02-09 14:43:13,697 - DEBUG - Applied dict param overaspirate_vol=0.0032999999999995954
2026-02-09 14:43:13,699 - INFO - Pipetting into vial liquid_source_0, amount: 0.180 mL
2026-02-09 14:43:13,700 - DEBUG - Adjusting pump 0 speed to 11
2026-02-09 14:43:15,511 - INFO - Short wait time (1.0s), allowing scale to settle after robot positioning...
2026-02-09 14:43:16,527 - INFO - Started continuous mass monitoring with pre-dispense baseline
2026-02-09 14:43:16,678 - DEBUG - Mass: 11.3791g at 0.000s (baseline_pre) steady=False
2026-02-09 14:43:17,072 - DEBUG - Mass: 11.3785g at 0.367s (baseline_pre) steady=False
2026-02-09 14:43:17,479 - DEBUG - Mass: 11.3785g at 0.765s (baseline_pre) steady=False
2026-02-09 14:43:17,877 - DEBUG - Mass: 11.3783g at 1.159s (baseline_pre) steady=False
2026-02-09 14:43:18,280 - DEBUG - Mass: 11.3786g at 1.561s (baseline_pre) steady=True
2026-02-09 14:43:18,535 - DEBUG - Dispensing 0.300 mL then waiting 1.5 s
2026-02-09 14:43:18,678 - DEBUG - Mass: 11.3786g at 1.960s (baseline_pre) steady=True
2026-02-09 14:43:19,079 - DEBUG - Mass: 11.3979g at 2.358s (dispensing) steady=False
2026-02-09 14:43:19,478 - DEBUG - Mass: 11.4873g at 2.758s (dispensing) steady=False
2026-02-09 14:43:19,874 - DEBUG - Mass: 11.5575g at 3.166s (dispensing) steady=False
2026-02-09 14:43:20,275 - DEBUG - Mass: 11.5584g at 3.561s (dispensing) steady=False
2026-02-09 14:43:20,675 - DEBUG - Mass: 11.5560g at 3.958s (dispensing) steady=False
2026-02-09 14:43:21,079 - DEBUG - Mass: 11.5556g at 4.362s (dispensing) steady=False
2026-02-09 14:43:21,478 - DEBUG - Mass: 11.5554g at 4.765s (dispensing) steady=False
2026-02-09 14:43:21,651 - INFO - Dispensing took 3.117s, collecting post-dispense baseline
2026-02-09 14:43:21,878 - DEBUG - Mass: 11.5558g at 5.156s (baseline_post) steady=False
2026-02-09 14:43:22,281 - DEBUG - Mass: 11.5556g at 5.562s (baseline_post) steady=True
2026-02-09 14:43:22,677 - DEBUG - Mass: 11.5556g at 5.967s (baseline_post) steady=True
2026-02-09 14:43:23,080 - DEBUG - Mass: 11.5556g at 6.359s (baseline_post) steady=True
2026-02-09 14:43:23,480 - DEBUG - Mass: 11.5556g at 6.755s (baseline_post) steady=True
2026-02-09 14:43:23,684 - INFO - Stopped continuous mass monitoring. Collected 18 data points
2026-02-09 14:43:23,684 - INFO - Pre-baseline: 2 stable readings, avg=11.378600g
2026-02-09 14:43:23,684 - INFO - Post-baseline: 4 stable readings, avg=11.555600g
2026-02-09 14:43:23,684 - INFO - INDEPENDENT BASELINE calculation:
2026-02-09 14:43:23,684 - INFO - Pre: STABLE, Post: STABLE, Mass difference: 0.177000g
2026-02-09 14:43:23,690 - INFO - Reading summary: 6 pre-readings (2 stable), 5 post-readings (4 stable)
2026-02-09 14:43:23,691 - INFO - Baseline variability: pre_std=0.000268g, post_std=0.000089g
2026-02-09 14:43:23,691 - INFO - Target: 0.180 mL = ~0.180000 g for water
2026-02-09 14:43:23,692 - INFO - Saved 18 mass measurements to output\mass_measurements\experiment_log2026-02-09_14-40-40\mass_data_liquid_source_0_20260209_144323.csv
2026-02-09 14:43:24,271 - INFO - Saved mass vs time plot to output\mass_measurements\experiment_log2026-02-09_14-40-40\mass_plot_liquid_source_0_20260209_144323.png
2026-02-09 14:43:24,271 - DEBUG - Applied dict param aspirate_speed=14
2026-02-09 14:43:24,271 - DEBUG - Applied dict param dispense_speed=11
2026-02-09 14:43:24,271 - DEBUG - Applied dict param aspirate_wait_time=0.9
2026-02-09 14:43:24,271 - DEBUG - Applied dict param dispense_wait_time=1.5
2026-02-09 14:43:24,271 - DEBUG - Applied dict param pre_asp_air_vol=0.117
2026-02-09 14:43:24,271 - DEBUG - Applied dict param retract_speed=5.0
2026-02-09 14:43:24,271 - DEBUG - Applied dict param blowout_vol=0.0
2026-02-09 14:43:24,271 - DEBUG - Applied dict param post_asp_air_vol=0.0
2026-02-09 14:43:24,271 - DEBUG - Applied dict param post_retract_wait_time=0.0
2026-02-09 14:43:24,271 - DEBUG - Applied dict param overaspirate_vol=0.003360833333331699
2026-02-09 14:43:24,271 - DEBUG - Selected small_tip for volume 0.103 mL
2026-02-09 14:43:24,278 - INFO - Pipetting from vial liquid_source_0, amount: 0.100 mL
2026-02-09 14:43:24,278 - INFO - Additional volume from calibration, amount: 0.003 mL
2026-02-09 14:43:24,280 - DEBUG - Adjusting pump 0 speed to 10
2026-02-09 14:43:26,081 - DEBUG - Aspirating 0.117 mL then waiting 0 s
2026-02-09 14:43:26,792 - DEBUG - Adjusting pump 0 speed to 14
2026-02-09 14:43:27,352 - DEBUG - Aspirating 0.103 mL then waiting 0.9 s
2026-02-09 14:43:30,665 - DEBUG - Applied dict param aspirate_speed=14
2026-02-09 14:43:30,665 - DEBUG - Applied dict param dispense_speed=11
2026-02-09 14:43:30,665 - DEBUG - Applied dict param aspirate_wait_time=0.9
2026-02-09 14:43:30,665 - DEBUG - Applied dict param dispense_wait_time=1.5
2026-02-09 14:43:30,665 - DEBUG - Applied dict param pre_asp_air_vol=0.117
2026-02-09 14:43:30,665 - DEBUG - Applied dict param retract_speed=5.0
2026-02-09 14:43:30,665 - DEBUG - Applied dict param blowout_vol=0.0
2026-02-09 14:43:30,665 - DEBUG - Applied dict param post_asp_air_vol=0.0
2026-02-09 14:43:30,665 - DEBUG - Applied dict param post_retract_wait_time=0.0
2026-02-09 14:43:30,665 - DEBUG - Applied dict param overaspirate_vol=0.003360833333331699
2026-02-09 14:43:30,668 - INFO - Pipetting into vial liquid_source_0, amount: 0.100 mL
2026-02-09 14:43:30,668 - DEBUG - Adjusting pump 0 speed to 11
2026-02-09 14:43:32,491 - INFO - Short wait time (1.0s), allowing scale to settle after robot positioning...
2026-02-09 14:43:33,499 - INFO - Started continuous mass monitoring with pre-dispense baseline
2026-02-09 14:43:33,680 - DEBUG - Mass: 11.4569g at 0.000s (baseline_pre) steady=True
2026-02-09 14:43:34,077 - DEBUG - Mass: 11.4569g at 0.387s (baseline_pre) steady=True
2026-02-09 14:43:34,478 - DEBUG - Mass: 11.4569g at 0.787s (baseline_pre) steady=True
2026-02-09 14:43:34,881 - DEBUG - Mass: 11.4569g at 1.187s (baseline_pre) steady=True
2026-02-09 14:43:35,280 - DEBUG - Mass: 11.4569g at 1.591s (baseline_pre) steady=True
2026-02-09 14:43:35,509 - DEBUG - Dispensing 0.220 mL then waiting 1.5 s
2026-02-09 14:43:35,679 - DEBUG - Mass: 11.4569g at 1.995s (baseline_pre) steady=True
2026-02-09 14:43:36,078 - DEBUG - Mass: 11.4751g at 2.387s (dispensing) steady=False
2026-02-09 14:43:36,478 - DEBUG - Mass: 11.5549g at 2.792s (dispensing) steady=False
2026-02-09 14:43:36,878 - DEBUG - Mass: 11.5599g at 3.187s (dispensing) steady=False
2026-02-09 14:43:37,280 - DEBUG - Mass: 11.5563g at 3.586s (dispensing) steady=False
2026-02-09 14:43:37,679 - DEBUG - Mass: 11.5564g at 3.983s (dispensing) steady=False
2026-02-09 14:43:38,080 - DEBUG - Mass: 11.5562g at 4.394s (dispensing) steady=True
2026-02-09 14:43:38,461 - INFO - Dispensing took 2.952s, collecting post-dispense baseline
2026-02-09 14:43:38,478 - DEBUG - Mass: 11.5562g at 4.789s (dispensing) steady=True
2026-02-09 14:43:38,879 - DEBUG - Mass: 11.5562g at 5.183s (baseline_post) steady=True
2026-02-09 14:43:39,278 - DEBUG - Mass: 11.5562g at 5.588s (baseline_post) steady=True
2026-02-09 14:43:39,680 - DEBUG - Mass: 11.5562g at 5.982s (baseline_post) steady=True
2026-02-09 14:43:40,072 - DEBUG - Mass: 11.5562g at 6.386s (baseline_post) steady=True
2026-02-09 14:43:40,479 - DEBUG - Mass: 11.5562g at 6.795s (baseline_post) steady=True
2026-02-09 14:43:40,684 - INFO - Stopped continuous mass monitoring. Collected 18 data points
2026-02-09 14:43:40,684 - INFO - Pre-baseline: 6 stable readings, avg=11.456900g
2026-02-09 14:43:40,684 - INFO - Post-baseline: 5 stable readings, avg=11.556200g
2026-02-09 14:43:40,684 - INFO - INDEPENDENT BASELINE calculation:
2026-02-09 14:43:40,684 - INFO - Pre: STABLE, Post: STABLE, Mass difference: 0.099300g
2026-02-09 14:43:40,691 - INFO - Reading summary: 6 pre-readings (6 stable), 5 post-readings (5 stable)
2026-02-09 14:43:40,692 - INFO - Baseline variability: pre_std=0.000000g, post_std=0.000000g
2026-02-09 14:43:40,692 - INFO - Target: 0.100 mL = ~0.100000 g for water
2026-02-09 14:43:40,693 - INFO - Saved 18 mass measurements to output\mass_measurements\experiment_log2026-02-09_14-40-40\mass_data_liquid_source_0_20260209_144340.csv
2026-02-09 14:43:41,203 - INFO - Saved mass vs time plot to output\mass_measurements\experiment_log2026-02-09_14-40-40\mass_plot_liquid_source_0_20260209_144340.png
2026-02-09 14:43:41,203 - DEBUG - Applied dict param aspirate_speed=14
2026-02-09 14:43:41,203 - DEBUG - Applied dict param dispense_speed=11
2026-02-09 14:43:41,203 - DEBUG - Applied dict param aspirate_wait_time=0.9
2026-02-09 14:43:41,203 - DEBUG - Applied dict param dispense_wait_time=1.5
2026-02-09 14:43:41,203 - DEBUG - Applied dict param pre_asp_air_vol=0.117
2026-02-09 14:43:41,203 - DEBUG - Applied dict param retract_speed=5.0
2026-02-09 14:43:41,203 - DEBUG - Applied dict param blowout_vol=0.0
2026-02-09 14:43:41,203 - DEBUG - Applied dict param post_asp_air_vol=0.0
2026-02-09 14:43:41,203 - DEBUG - Applied dict param post_retract_wait_time=0.0
2026-02-09 14:43:41,203 - DEBUG - Applied dict param overaspirate_vol=0.003360833333331699
2026-02-09 14:43:41,203 - DEBUG - Selected small_tip for volume 0.103 mL
2026-02-09 14:43:41,203 - INFO - Pipetting from vial liquid_source_0, amount: 0.100 mL
2026-02-09 14:43:41,203 - INFO - Additional volume from calibration, amount: 0.003 mL
2026-02-09 14:43:41,203 - DEBUG - Adjusting pump 0 speed to 10
2026-02-09 14:43:43,020 - DEBUG - Aspirating 0.117 mL then waiting 0 s
2026-02-09 14:43:43,723 - DEBUG - Adjusting pump 0 speed to 14
2026-02-09 14:43:44,278 - DEBUG - Aspirating 0.103 mL then waiting 0.9 s
2026-02-09 14:43:47,593 - DEBUG - Applied dict param aspirate_speed=14
2026-02-09 14:43:47,601 - DEBUG - Applied dict param dispense_speed=11
2026-02-09 14:43:47,601 - DEBUG - Applied dict param aspirate_wait_time=0.9
2026-02-09 14:43:47,601 - DEBUG - Applied dict param dispense_wait_time=1.5
2026-02-09 14:43:47,601 - DEBUG - Applied dict param pre_asp_air_vol=0.117
2026-02-09 14:43:47,601 - DEBUG - Applied dict param retract_speed=5.0
2026-02-09 14:43:47,601 - DEBUG - Applied dict param blowout_vol=0.0
2026-02-09 14:43:47,601 - DEBUG - Applied dict param post_asp_air_vol=0.0
2026-02-09 14:43:47,601 - DEBUG - Applied dict param post_retract_wait_time=0.0
2026-02-09 14:43:47,601 - DEBUG - Applied dict param overaspirate_vol=0.003360833333331699
2026-02-09 14:43:47,603 - INFO - Pipetting into vial liquid_source_0, amount: 0.100 mL
2026-02-09 14:43:47,604 - DEBUG - Adjusting pump 0 speed to 11
2026-02-09 14:43:49,433 - INFO - Short wait time (1.0s), allowing scale to settle after robot positioning...
2026-02-09 14:43:50,435 - INFO - Started continuous mass monitoring with pre-dispense baseline
2026-02-09 14:43:50,679 - DEBUG - Mass: 11.4571g at 0.000s (baseline_pre) steady=False
2026-02-09 14:43:51,079 - DEBUG - Mass: 11.4569g at 0.454s (baseline_pre) steady=False
2026-02-09 14:43:51,480 - DEBUG - Mass: 11.4570g at 0.849s (baseline_pre) steady=True
2026-02-09 14:43:51,881 - DEBUG - Mass: 11.4570g at 1.260s (baseline_pre) steady=True
2026-02-09 14:43:52,277 - DEBUG - Mass: 11.4570g at 1.648s (baseline_pre) steady=True
2026-02-09 14:43:52,451 - DEBUG - Dispensing 0.220 mL then waiting 1.5 s
2026-02-09 14:43:52,679 - DEBUG - Mass: 11.4570g at 2.048s (dispensing) steady=True
2026-02-09 14:43:53,079 - DEBUG - Mass: 11.5332g at 2.462s (dispensing) steady=False
2026-02-09 14:43:53,474 - DEBUG - Mass: 11.5602g at 2.860s (dispensing) steady=False
2026-02-09 14:43:53,871 - DEBUG - Mass: 11.5569g at 3.260s (dispensing) steady=False
2026-02-09 14:43:54,279 - DEBUG - Mass: 11.5558g at 3.659s (dispensing) steady=False
2026-02-09 14:43:54,680 - DEBUG - Mass: 11.5558g at 4.059s (dispensing) steady=False
2026-02-09 14:43:55,053 - INFO - Dispensing took 2.602s, collecting post-dispense baseline
2026-02-09 14:43:55,078 - DEBUG - Mass: 11.5559g at 4.458s (dispensing) steady=False
2026-02-09 14:43:55,476 - DEBUG - Mass: 11.5558g at 4.850s (baseline_post) steady=True
2026-02-09 14:43:55,880 - DEBUG - Mass: 11.5558g at 5.248s (baseline_post) steady=True
2026-02-09 14:43:56,281 - DEBUG - Mass: 11.5558g at 5.658s (baseline_post) steady=True
2026-02-09 14:43:56,671 - DEBUG - Mass: 11.5558g at 6.056s (baseline_post) steady=True
2026-02-09 14:43:57,081 - DEBUG - Mass: 11.5558g at 6.459s (baseline_post) steady=True
2026-02-09 14:43:57,294 - INFO - Stopped continuous mass monitoring. Collected 17 data points
2026-02-09 14:43:57,294 - INFO - Pre-baseline: 3 stable readings, avg=11.457000g
2026-02-09 14:43:57,294 - INFO - Post-baseline: 5 stable readings, avg=11.555800g
2026-02-09 14:43:57,294 - INFO - INDEPENDENT BASELINE calculation:
2026-02-09 14:43:57,294 - INFO - Pre: STABLE, Post: STABLE, Mass difference: 0.098800g
2026-02-09 14:43:57,301 - INFO - Reading summary: 5 pre-readings (3 stable), 5 post-readings (5 stable)
2026-02-09 14:43:57,301 - INFO - Baseline variability: pre_std=0.000071g, post_std=0.000000g
2026-02-09 14:43:57,301 - INFO - Target: 0.100 mL = ~0.100000 g for water
2026-02-09 14:43:57,303 - INFO - Saved 17 mass measurements to output\mass_measurements\experiment_log2026-02-09_14-40-40\mass_data_liquid_source_0_20260209_144357.csv
2026-02-09 14:43:57,812 - INFO - Saved mass vs time plot to output\mass_measurements\experiment_log2026-02-09_14-40-40\mass_plot_liquid_source_0_20260209_144357.png
2026-02-09 14:43:57,812 - DEBUG - Applied dict param aspirate_speed=14
2026-02-09 14:43:57,812 - DEBUG - Applied dict param dispense_speed=11
2026-02-09 14:43:57,812 - DEBUG - Applied dict param aspirate_wait_time=0.9
2026-02-09 14:43:57,812 - DEBUG - Applied dict param dispense_wait_time=1.5
2026-02-09 14:43:57,812 - DEBUG - Applied dict param pre_asp_air_vol=0.117
2026-02-09 14:43:57,812 - DEBUG - Applied dict param retract_speed=5.0
2026-02-09 14:43:57,812 - DEBUG - Applied dict param blowout_vol=0.0
2026-02-09 14:43:57,812 - DEBUG - Applied dict param post_asp_air_vol=0.0
2026-02-09 14:43:57,812 - DEBUG - Applied dict param post_retract_wait_time=0.0
2026-02-09 14:43:57,812 - DEBUG - Applied dict param overaspirate_vol=0.003360833333331699
2026-02-09 14:43:57,812 - DEBUG - Selected small_tip for volume 0.103 mL
2026-02-09 14:43:57,812 - INFO - Pipetting from vial liquid_source_0, amount: 0.100 mL
2026-02-09 14:43:57,812 - INFO - Additional volume from calibration, amount: 0.003 mL
2026-02-09 14:43:57,812 - DEBUG - Adjusting pump 0 speed to 10
2026-02-09 14:43:59,625 - DEBUG - Aspirating 0.117 mL then waiting 0 s
2026-02-09 14:44:00,287 - DEBUG - Adjusting pump 0 speed to 14
2026-02-09 14:44:00,841 - DEBUG - Aspirating 0.103 mL then waiting 0.9 s
2026-02-09 14:44:04,213 - DEBUG - Applied dict param aspirate_speed=14
2026-02-09 14:44:04,213 - DEBUG - Applied dict param dispense_speed=11
2026-02-09 14:44:04,213 - DEBUG - Applied dict param aspirate_wait_time=0.9
2026-02-09 14:44:04,213 - DEBUG - Applied dict param dispense_wait_time=1.5
2026-02-09 14:44:04,213 - DEBUG - Applied dict param pre_asp_air_vol=0.117
2026-02-09 14:44:04,213 - DEBUG - Applied dict param retract_speed=5.0
2026-02-09 14:44:04,213 - DEBUG - Applied dict param blowout_vol=0.0
2026-02-09 14:44:04,213 - DEBUG - Applied dict param post_asp_air_vol=0.0
2026-02-09 14:44:04,213 - DEBUG - Applied dict param post_retract_wait_time=0.0
2026-02-09 14:44:04,213 - DEBUG - Applied dict param overaspirate_vol=0.003360833333331699
2026-02-09 14:44:04,215 - INFO - Pipetting into vial liquid_source_0, amount: 0.100 mL
2026-02-09 14:44:04,216 - DEBUG - Adjusting pump 0 speed to 11
2026-02-09 14:44:06,044 - INFO - Short wait time (1.0s), allowing scale to settle after robot positioning...
2026-02-09 14:44:07,048 - INFO - Started continuous mass monitoring with pre-dispense baseline
2026-02-09 14:44:07,279 - DEBUG - Mass: 11.4563g at 0.000s (baseline_pre) steady=False
2026-02-09 14:44:07,679 - DEBUG - Mass: 11.4568g at 0.432s (baseline_pre) steady=False
2026-02-09 14:44:08,081 - DEBUG - Mass: 11.4566g at 0.843s (baseline_pre) steady=True
2026-02-09 14:44:08,480 - DEBUG - Mass: 11.4566g at 1.240s (baseline_pre) steady=True
2026-02-09 14:44:08,872 - DEBUG - Mass: 11.4566g at 1.642s (baseline_pre) steady=True
2026-02-09 14:44:09,058 - DEBUG - Dispensing 0.220 mL then waiting 1.5 s
2026-02-09 14:44:09,267 - DEBUG - Mass: 11.4566g at 2.042s (dispensing) steady=True
2026-02-09 14:44:09,673 - DEBUG - Mass: 11.5308g at 2.441s (dispensing) steady=False
2026-02-09 14:44:10,080 - DEBUG - Mass: 11.5594g at 2.840s (dispensing) steady=False
2026-02-09 14:44:10,479 - DEBUG - Mass: 11.5558g at 3.238s (dispensing) steady=False
2026-02-09 14:44:10,878 - DEBUG - Mass: 11.5547g at 3.638s (dispensing) steady=False
2026-02-09 14:44:11,279 - DEBUG - Mass: 11.5555g at 4.038s (dispensing) steady=False
2026-02-09 14:44:11,661 - INFO - Dispensing took 2.602s, collecting post-dispense baseline
2026-02-09 14:44:11,679 - DEBUG - Mass: 11.5548g at 4.437s (dispensing) steady=False
2026-02-09 14:44:12,068 - DEBUG - Mass: 11.5549g at 4.835s (baseline_post) steady=False
2026-02-09 14:44:12,479 - DEBUG - Mass: 11.5548g at 5.240s (baseline_post) steady=False
2026-02-09 14:44:12,879 - DEBUG - Mass: 11.5551g at 5.636s (baseline_post) steady=False
2026-02-09 14:44:13,278 - DEBUG - Mass: 11.5550g at 6.033s (baseline_post) steady=True
2026-02-09 14:44:13,678 - DEBUG - Mass: 11.5550g at 6.437s (baseline_post) steady=True
2026-02-09 14:44:13,885 - INFO - Stopped continuous mass monitoring. Collected 17 data points
2026-02-09 14:44:13,885 - INFO - Pre-baseline: 3 stable readings, avg=11.456600g
2026-02-09 14:44:13,885 - INFO - Post-baseline: 2 stable readings, avg=11.555000g
2026-02-09 14:44:13,885 - INFO - INDEPENDENT BASELINE calculation:
2026-02-09 14:44:13,885 - INFO - Pre: STABLE, Post: STABLE, Mass difference: 0.098400g
2026-02-09 14:44:13,892 - INFO - Reading summary: 5 pre-readings (3 stable), 5 post-readings (2 stable)
2026-02-09 14:44:13,893 - INFO - Baseline variability: pre_std=0.000179g, post_std=0.000114g
2026-02-09 14:44:13,893 - INFO - Target: 0.100 mL = ~0.100000 g for water
2026-02-09 14:44:13,895 - INFO - Saved 17 mass measurements to output\mass_measurements\experiment_log2026-02-09_14-40-40\mass_data_liquid_source_0_20260209_144413.csv
2026-02-09 14:44:14,402 - INFO - Saved mass vs time plot to output\mass_measurements\experiment_log2026-02-09_14-40-40\mass_plot_liquid_source_0_20260209_144413.png
2026-02-09 14:44:14,404 - DEBUG - Applied dict param aspirate_speed=14
2026-02-09 14:44:14,404 - DEBUG - Applied dict param dispense_speed=11
2026-02-09 14:44:14,404 - DEBUG - Applied dict param aspirate_wait_time=0.9
2026-02-09 14:44:14,404 - DEBUG - Applied dict param dispense_wait_time=1.5
2026-02-09 14:44:14,404 - DEBUG - Applied dict param pre_asp_air_vol=0.117
2026-02-09 14:44:14,404 - DEBUG - Applied dict param retract_speed=5.0
2026-02-09 14:44:14,404 - DEBUG - Applied dict param blowout_vol=0.0
2026-02-09 14:44:14,404 - DEBUG - Applied dict param post_asp_air_vol=0.0
2026-02-09 14:44:14,404 - DEBUG - Applied dict param post_retract_wait_time=0.0
2026-02-09 14:44:14,404 - DEBUG - Applied dict param overaspirate_vol=0.003360833333331699
2026-02-09 14:44:14,404 - DEBUG - Selected small_tip for volume 0.103 mL
2026-02-09 14:44:14,404 - INFO - Pipetting from vial liquid_source_0, amount: 0.100 mL
2026-02-09 14:44:14,404 - INFO - Additional volume from calibration, amount: 0.003 mL
2026-02-09 14:44:14,404 - DEBUG - Adjusting pump 0 speed to 10
2026-02-09 14:44:16,228 - DEBUG - Aspirating 0.117 mL then waiting 0 s
2026-02-09 14:44:16,922 - DEBUG - Adjusting pump 0 speed to 14
2026-02-09 14:44:17,480 - DEBUG - Aspirating 0.103 mL then waiting 0.9 s
2026-02-09 14:44:20,793 - DEBUG - Applied dict param aspirate_speed=14
2026-02-09 14:44:20,793 - DEBUG - Applied dict param dispense_speed=11
2026-02-09 14:44:20,793 - DEBUG - Applied dict param aspirate_wait_time=0.9
2026-02-09 14:44:20,793 - DEBUG - Applied dict param dispense_wait_time=1.5
2026-02-09 14:44:20,793 - DEBUG - Applied dict param pre_asp_air_vol=0.117
2026-02-09 14:44:20,793 - DEBUG - Applied dict param retract_speed=5.0
2026-02-09 14:44:20,793 - DEBUG - Applied dict param blowout_vol=0.0
2026-02-09 14:44:20,793 - DEBUG - Applied dict param post_asp_air_vol=0.0
2026-02-09 14:44:20,793 - DEBUG - Applied dict param post_retract_wait_time=0.0
2026-02-09 14:44:20,793 - DEBUG - Applied dict param overaspirate_vol=0.003360833333331699
2026-02-09 14:44:20,793 - INFO - Pipetting into vial liquid_source_0, amount: 0.100 mL
2026-02-09 14:44:20,793 - DEBUG - Adjusting pump 0 speed to 11
2026-02-09 14:44:22,621 - INFO - Short wait time (1.0s), allowing scale to settle after robot positioning...
2026-02-09 14:44:23,623 - INFO - Started continuous mass monitoring with pre-dispense baseline
2026-02-09 14:44:23,881 - DEBUG - Mass: 11.4554g at 0.000s (baseline_pre) steady=True
2026-02-09 14:44:24,281 - DEBUG - Mass: 11.4554g at 0.472s (baseline_pre) steady=True
2026-02-09 14:44:24,680 - DEBUG - Mass: 11.4554g at 0.868s (baseline_pre) steady=True
2026-02-09 14:44:25,066 - DEBUG - Mass: 11.4554g at 1.265s (baseline_pre) steady=True
2026-02-09 14:44:25,466 - DEBUG - Mass: 11.4554g at 1.667s (baseline_pre) steady=True
2026-02-09 14:44:25,625 - DEBUG - Dispensing 0.220 mL then waiting 1.5 s
2026-02-09 14:44:25,881 - DEBUG - Mass: 11.4554g at 2.066s (dispensing) steady=True
2026-02-09 14:44:26,280 - DEBUG - Mass: 11.5373g at 2.465s (dispensing) steady=False
2026-02-09 14:44:26,678 - DEBUG - Mass: 11.5588g at 2.863s (dispensing) steady=False
2026-02-09 14:44:27,079 - DEBUG - Mass: 11.5553g at 3.263s (dispensing) steady=False
2026-02-09 14:44:27,477 - DEBUG - Mass: 11.5544g at 3.662s (dispensing) steady=False
2026-02-09 14:44:27,875 - DEBUG - Mass: 11.5546g at 4.062s (dispensing) steady=False
2026-02-09 14:44:28,258 - INFO - Dispensing took 2.633s, collecting post-dispense baseline
2026-02-09 14:44:28,279 - DEBUG - Mass: 11.5543g at 4.460s (dispensing) steady=False
2026-02-09 14:44:28,668 - DEBUG - Mass: 11.5546g at 4.871s (baseline_post) steady=False
2026-02-09 14:44:29,081 - DEBUG - Mass: 11.5545g at 5.267s (baseline_post) steady=True
2026-02-09 14:44:29,481 - DEBUG - Mass: 11.5545g at 5.662s (baseline_post) steady=True
2026-02-09 14:44:29,877 - DEBUG - Mass: 11.5545g at 6.073s (baseline_post) steady=True
2026-02-09 14:44:30,280 - DEBUG - Mass: 11.5545g at 6.461s (baseline_post) steady=True
2026-02-09 14:44:30,483 - INFO - Stopped continuous mass monitoring. Collected 17 data points
2026-02-09 14:44:30,483 - INFO - Pre-baseline: 5 stable readings, avg=11.455400g
2026-02-09 14:44:30,483 - INFO - Post-baseline: 4 stable readings, avg=11.554500g
2026-02-09 14:44:30,483 - INFO - INDEPENDENT BASELINE calculation:
2026-02-09 14:44:30,483 - INFO - Pre: STABLE, Post: STABLE, Mass difference: 0.099100g
2026-02-09 14:44:30,490 - INFO - Reading summary: 5 pre-readings (5 stable), 5 post-readings (4 stable)
2026-02-09 14:44:30,490 - INFO - Baseline variability: pre_std=0.000000g, post_std=0.000045g
2026-02-09 14:44:30,490 - INFO - Target: 0.100 mL = ~0.100000 g for water
2026-02-09 14:44:30,492 - INFO - Saved 17 mass measurements to output\mass_measurements\experiment_log2026-02-09_14-40-40\mass_data_liquid_source_0_20260209_144430.csv
2026-02-09 14:44:31,122 - INFO - Saved mass vs time plot to output\mass_measurements\experiment_log2026-02-09_14-40-40\mass_plot_liquid_source_0_20260209_144430.png
2026-02-09 14:44:31,124 - DEBUG - Applied dict param aspirate_speed=14
2026-02-09 14:44:31,124 - DEBUG - Applied dict param dispense_speed=11
2026-02-09 14:44:31,124 - DEBUG - Applied dict param aspirate_wait_time=0.9
2026-02-09 14:44:31,124 - DEBUG - Applied dict param dispense_wait_time=1.5
2026-02-09 14:44:31,124 - DEBUG - Applied dict param pre_asp_air_vol=0.117
2026-02-09 14:44:31,124 - DEBUG - Applied dict param retract_speed=5.0
2026-02-09 14:44:31,124 - DEBUG - Applied dict param blowout_vol=0.0
2026-02-09 14:44:31,124 - DEBUG - Applied dict param post_asp_air_vol=0.0
2026-02-09 14:44:31,124 - DEBUG - Applied dict param post_retract_wait_time=0.0
2026-02-09 14:44:31,124 - DEBUG - Applied dict param overaspirate_vol=0.003360833333331699
2026-02-09 14:44:31,125 - DEBUG - Selected small_tip for volume 0.103 mL
2026-02-09 14:44:31,126 - INFO - Pipetting from vial liquid_source_0, amount: 0.100 mL
2026-02-09 14:44:31,127 - INFO - Additional volume from calibration, amount: 0.003 mL
2026-02-09 14:44:31,128 - DEBUG - Adjusting pump 0 speed to 10
2026-02-09 14:44:32,948 - DEBUG - Aspirating 0.117 mL then waiting 0 s
2026-02-09 14:44:33,635 - DEBUG - Adjusting pump 0 speed to 14
2026-02-09 14:44:34,187 - DEBUG - Aspirating 0.103 mL then waiting 0.9 s
2026-02-09 14:44:37,459 - DEBUG - Applied dict param aspirate_speed=14
2026-02-09 14:44:37,459 - DEBUG - Applied dict param dispense_speed=11
2026-02-09 14:44:37,459 - DEBUG - Applied dict param aspirate_wait_time=0.9
2026-02-09 14:44:37,459 - DEBUG - Applied dict param dispense_wait_time=1.5
2026-02-09 14:44:37,459 - DEBUG - Applied dict param pre_asp_air_vol=0.117
2026-02-09 14:44:37,459 - DEBUG - Applied dict param retract_speed=5.0
2026-02-09 14:44:37,459 - DEBUG - Applied dict param blowout_vol=0.0
2026-02-09 14:44:37,459 - DEBUG - Applied dict param post_asp_air_vol=0.0
2026-02-09 14:44:37,459 - DEBUG - Applied dict param post_retract_wait_time=0.0
2026-02-09 14:44:37,459 - DEBUG - Applied dict param overaspirate_vol=0.003360833333331699
2026-02-09 14:44:37,475 - INFO - Pipetting into vial liquid_source_0, amount: 0.100 mL
2026-02-09 14:44:37,475 - DEBUG - Adjusting pump 0 speed to 11
2026-02-09 14:44:39,284 - INFO - Short wait time (1.0s), allowing scale to settle after robot positioning...
2026-02-09 14:44:40,293 - INFO - Started continuous mass monitoring with pre-dispense baseline
2026-02-09 14:44:40,479 - DEBUG - Mass: 11.4548g at 0.000s (baseline_pre) steady=False
2026-02-09 14:44:40,878 - DEBUG - Mass: 11.4548g at 0.392s (baseline_pre) steady=False
2026-02-09 14:44:41,279 - DEBUG - Mass: 11.4548g at 0.790s (baseline_pre) steady=False
2026-02-09 14:44:41,681 - DEBUG - Mass: 11.4550g at 1.187s (baseline_pre) steady=True
2026-02-09 14:44:42,072 - DEBUG - Mass: 11.4550g at 1.603s (baseline_pre) steady=True
2026-02-09 14:44:42,296 - DEBUG - Dispensing 0.220 mL then waiting 1.5 s
2026-02-09 14:44:42,472 - DEBUG - Mass: 11.4550g at 2.003s (dispensing) steady=True
2026-02-09 14:44:42,876 - DEBUG - Mass: 11.5201g at 2.401s (dispensing) steady=False
2026-02-09 14:44:43,274 - DEBUG - Mass: 11.5579g at 2.801s (dispensing) steady=False
2026-02-09 14:44:43,680 - DEBUG - Mass: 11.5548g at 3.201s (dispensing) steady=False
2026-02-09 14:44:44,079 - DEBUG - Mass: 11.5540g at 3.599s (dispensing) steady=False
2026-02-09 14:44:44,477 - DEBUG - Mass: 11.5536g at 3.998s (dispensing) steady=False
2026-02-09 14:44:44,869 - DEBUG - Mass: 11.5542g at 4.397s (dispensing) steady=False
2026-02-09 14:44:44,944 - INFO - Dispensing took 2.648s, collecting post-dispense baseline
2026-02-09 14:44:45,279 - DEBUG - Mass: 11.5533g at 4.793s (baseline_post) steady=False
2026-02-09 14:44:45,680 - DEBUG - Mass: 11.5539g at 5.200s (baseline_post) steady=False
2026-02-09 14:44:46,079 - DEBUG - Mass: 11.5536g at 5.596s (baseline_post) steady=False
2026-02-09 14:44:46,481 - DEBUG - Mass: 11.5538g at 5.994s (baseline_post) steady=True
2026-02-09 14:44:46,866 - DEBUG - Mass: 11.5538g at 6.396s (baseline_post) steady=True
2026-02-09 14:44:47,089 - INFO - Stopped continuous mass monitoring. Collected 17 data points
2026-02-09 14:44:47,089 - INFO - Pre-baseline: 2 stable readings, avg=11.455000g
2026-02-09 14:44:47,089 - INFO - Post-baseline: 2 stable readings, avg=11.553800g
2026-02-09 14:44:47,089 - INFO - INDEPENDENT BASELINE calculation:
2026-02-09 14:44:47,089 - INFO - Pre: STABLE, Post: STABLE, Mass difference: 0.098800g
2026-02-09 14:44:47,096 - INFO - Reading summary: 5 pre-readings (2 stable), 5 post-readings (2 stable)
2026-02-09 14:44:47,096 - INFO - Baseline variability: pre_std=0.000110g, post_std=0.000239g
2026-02-09 14:44:47,096 - INFO - Target: 0.100 mL = ~0.100000 g for water
2026-02-09 14:44:47,098 - INFO - Saved 17 mass measurements to output\mass_measurements\experiment_log2026-02-09_14-40-40\mass_data_liquid_source_0_20260209_144447.csv
2026-02-09 14:44:47,602 - INFO - Saved mass vs time plot to output\mass_measurements\experiment_log2026-02-09_14-40-40\mass_plot_liquid_source_0_20260209_144447.png
2026-02-09 14:44:47,602 - DEBUG - Applied dict param aspirate_speed=14
2026-02-09 14:44:47,602 - DEBUG - Applied dict param dispense_speed=11
2026-02-09 14:44:47,602 - DEBUG - Applied dict param aspirate_wait_time=0.9
2026-02-09 14:44:47,602 - DEBUG - Applied dict param dispense_wait_time=1.5
2026-02-09 14:44:47,602 - DEBUG - Applied dict param pre_asp_air_vol=0.117
2026-02-09 14:44:47,602 - DEBUG - Applied dict param retract_speed=5.0
2026-02-09 14:44:47,602 - DEBUG - Applied dict param blowout_vol=0.0
2026-02-09 14:44:47,602 - DEBUG - Applied dict param post_asp_air_vol=0.0
2026-02-09 14:44:47,602 - DEBUG - Applied dict param post_retract_wait_time=0.0
2026-02-09 14:44:47,602 - DEBUG - Applied dict param overaspirate_vol=0.003949999999999402
2026-02-09 14:44:47,602 - DEBUG - Selected small_tip for volume 0.079 mL
2026-02-09 14:44:47,602 - INFO - Pipetting from vial liquid_source_0, amount: 0.075 mL
2026-02-09 14:44:47,602 - INFO - Additional volume from calibration, amount: 0.004 mL
2026-02-09 14:44:47,610 - DEBUG - Adjusting pump 0 speed to 10
2026-02-09 14:44:49,446 - DEBUG - Aspirating 0.117 mL then waiting 0 s
2026-02-09 14:44:50,162 - DEBUG - Adjusting pump 0 speed to 14
2026-02-09 14:44:50,718 - DEBUG - Aspirating 0.079 mL then waiting 0.9 s
2026-02-09 14:44:53,842 - DEBUG - Applied dict param aspirate_speed=14
2026-02-09 14:44:53,842 - DEBUG - Applied dict param dispense_speed=11
2026-02-09 14:44:53,842 - DEBUG - Applied dict param aspirate_wait_time=0.9
2026-02-09 14:44:53,842 - DEBUG - Applied dict param dispense_wait_time=1.5
2026-02-09 14:44:53,842 - DEBUG - Applied dict param pre_asp_air_vol=0.117
2026-02-09 14:44:53,842 - DEBUG - Applied dict param retract_speed=5.0
2026-02-09 14:44:53,842 - DEBUG - Applied dict param blowout_vol=0.0
2026-02-09 14:44:53,842 - DEBUG - Applied dict param post_asp_air_vol=0.0
2026-02-09 14:44:53,842 - DEBUG - Applied dict param post_retract_wait_time=0.0
2026-02-09 14:44:53,842 - DEBUG - Applied dict param overaspirate_vol=0.003949999999999402
2026-02-09 14:44:53,844 - INFO - Pipetting into vial liquid_source_0, amount: 0.075 mL
2026-02-09 14:44:53,844 - DEBUG - Adjusting pump 0 speed to 11
2026-02-09 14:44:55,665 - INFO - Short wait time (1.0s), allowing scale to settle after robot positioning...
2026-02-09 14:44:56,669 - INFO - Started continuous mass monitoring with pre-dispense baseline
2026-02-09 14:44:56,881 - DEBUG - Mass: 11.4785g at 0.000s (baseline_pre) steady=True
2026-02-09 14:44:57,281 - DEBUG - Mass: 11.4785g at 0.425s (baseline_pre) steady=True
2026-02-09 14:44:57,681 - DEBUG - Mass: 11.4785g at 0.822s (baseline_pre) steady=True
2026-02-09 14:44:58,081 - DEBUG - Mass: 11.4785g at 1.216s (baseline_pre) steady=True
2026-02-09 14:44:58,481 - DEBUG - Mass: 11.4785g at 1.621s (baseline_pre) steady=True
2026-02-09 14:44:58,672 - DEBUG - Dispensing 0.196 mL then waiting 1.5 s
2026-02-09 14:44:58,881 - DEBUG - Mass: 11.4785g at 2.020s (dispensing) steady=True
2026-02-09 14:44:59,279 - DEBUG - Mass: 11.5443g at 2.419s (dispensing) steady=False
2026-02-09 14:44:59,678 - DEBUG - Mass: 11.5583g at 2.819s (dispensing) steady=False
2026-02-09 14:45:00,075 - DEBUG - Mass: 11.5539g at 3.217s (dispensing) steady=False
2026-02-09 14:45:00,479 - DEBUG - Mass: 11.5533g at 3.612s (dispensing) steady=False
2026-02-09 14:45:00,879 - DEBUG - Mass: 11.5534g at 4.027s (dispensing) steady=False
2026-02-09 14:45:01,255 - INFO - Dispensing took 2.583s, collecting post-dispense baseline
2026-02-09 14:45:01,279 - DEBUG - Mass: 11.5537g at 4.427s (dispensing) steady=False
2026-02-09 14:45:01,680 - DEBUG - Mass: 11.5531g at 4.824s (baseline_post) steady=False
2026-02-09 14:45:02,081 - DEBUG - Mass: 11.5534g at 5.213s (baseline_post) steady=True
2026-02-09 14:45:02,481 - DEBUG - Mass: 11.5534g at 5.624s (baseline_post) steady=True
2026-02-09 14:45:02,872 - DEBUG - Mass: 11.5534g at 6.021s (baseline_post) steady=True
2026-02-09 14:45:03,281 - DEBUG - Mass: 11.5534g at 6.428s (baseline_post) steady=True
2026-02-09 14:45:03,496 - INFO - Stopped continuous mass monitoring. Collected 17 data points
2026-02-09 14:45:03,500 - INFO - Pre-baseline: 5 stable readings, avg=11.478500g
2026-02-09 14:45:03,500 - INFO - Post-baseline: 4 stable readings, avg=11.553400g
2026-02-09 14:45:03,500 - INFO - INDEPENDENT BASELINE calculation:
2026-02-09 14:45:03,500 - INFO - Pre: STABLE, Post: STABLE, Mass difference: 0.074900g
2026-02-09 14:45:03,502 - INFO - Reading summary: 5 pre-readings (5 stable), 5 post-readings (4 stable)
2026-02-09 14:45:03,503 - INFO - Baseline variability: pre_std=0.000000g, post_std=0.000134g
2026-02-09 14:45:03,503 - INFO - Target: 0.075 mL = ~0.075000 g for water
2026-02-09 14:45:03,505 - INFO - Saved 17 mass measurements to output\mass_measurements\experiment_log2026-02-09_14-40-40\mass_data_liquid_source_0_20260209_144503.csv
2026-02-09 14:45:04,021 - INFO - Saved mass vs time plot to output\mass_measurements\experiment_log2026-02-09_14-40-40\mass_plot_liquid_source_0_20260209_144503.png
2026-02-09 14:45:04,021 - DEBUG - Applied dict param aspirate_speed=14
2026-02-09 14:45:04,021 - DEBUG - Applied dict param dispense_speed=11
2026-02-09 14:45:04,021 - DEBUG - Applied dict param aspirate_wait_time=0.9
2026-02-09 14:45:04,021 - DEBUG - Applied dict param dispense_wait_time=1.5
2026-02-09 14:45:04,021 - DEBUG - Applied dict param pre_asp_air_vol=0.117
2026-02-09 14:45:04,021 - DEBUG - Applied dict param retract_speed=5.0
2026-02-09 14:45:04,021 - DEBUG - Applied dict param blowout_vol=0.0
2026-02-09 14:45:04,021 - DEBUG - Applied dict param post_asp_air_vol=0.0
2026-02-09 14:45:04,021 - DEBUG - Applied dict param post_retract_wait_time=0.0
2026-02-09 14:45:04,021 - DEBUG - Applied dict param overaspirate_vol=0.003949999999999402
2026-02-09 14:45:04,038 - DEBUG - Selected small_tip for volume 0.079 mL
2026-02-09 14:45:04,039 - INFO - Pipetting from vial liquid_source_0, amount: 0.075 mL
2026-02-09 14:45:04,039 - INFO - Additional volume from calibration, amount: 0.004 mL
2026-02-09 14:45:04,041 - DEBUG - Adjusting pump 0 speed to 10
2026-02-09 14:45:05,874 - DEBUG - Aspirating 0.117 mL then waiting 0 s
2026-02-09 14:45:06,578 - DEBUG - Adjusting pump 0 speed to 14
2026-02-09 14:45:07,118 - DEBUG - Aspirating 0.079 mL then waiting 0.9 s
2026-02-09 14:45:10,224 - DEBUG - Applied dict param aspirate_speed=14
2026-02-09 14:45:10,224 - DEBUG - Applied dict param dispense_speed=11
2026-02-09 14:45:10,224 - DEBUG - Applied dict param aspirate_wait_time=0.9
2026-02-09 14:45:10,224 - DEBUG - Applied dict param dispense_wait_time=1.5
2026-02-09 14:45:10,224 - DEBUG - Applied dict param pre_asp_air_vol=0.117
2026-02-09 14:45:10,224 - DEBUG - Applied dict param retract_speed=5.0
2026-02-09 14:45:10,224 - DEBUG - Applied dict param blowout_vol=0.0
2026-02-09 14:45:10,224 - DEBUG - Applied dict param post_asp_air_vol=0.0
2026-02-09 14:45:10,224 - DEBUG - Applied dict param post_retract_wait_time=0.0
2026-02-09 14:45:10,224 - DEBUG - Applied dict param overaspirate_vol=0.003949999999999402
2026-02-09 14:45:10,224 - INFO - Pipetting into vial liquid_source_0, amount: 0.075 mL
2026-02-09 14:45:10,224 - DEBUG - Adjusting pump 0 speed to 11
2026-02-09 14:45:12,053 - INFO - Short wait time (1.0s), allowing scale to settle after robot positioning...
2026-02-09 14:45:13,058 - INFO - Started continuous mass monitoring with pre-dispense baseline
2026-02-09 14:45:13,280 - DEBUG - Mass: 11.4781g at 0.000s (baseline_pre) steady=False
2026-02-09 14:45:13,682 - DEBUG - Mass: 11.4783g at 0.426s (baseline_pre) steady=True
2026-02-09 14:45:14,081 - DEBUG - Mass: 11.4783g at 0.837s (baseline_pre) steady=True
2026-02-09 14:45:14,481 - DEBUG - Mass: 11.4783g at 1.234s (baseline_pre) steady=True
2026-02-09 14:45:14,875 - DEBUG - Mass: 11.4783g at 1.636s (baseline_pre) steady=True
2026-02-09 14:45:15,061 - DEBUG - Dispensing 0.196 mL then waiting 1.5 s
2026-02-09 14:45:15,270 - DEBUG - Mass: 11.4783g at 2.036s (dispensing) steady=True
2026-02-09 14:45:15,668 - DEBUG - Mass: 11.5492g at 2.435s (dispensing) steady=False
2026-02-09 14:45:16,072 - DEBUG - Mass: 11.5573g at 2.833s (dispensing) steady=False
2026-02-09 14:45:16,477 - DEBUG - Mass: 11.5534g at 3.233s (dispensing) steady=False
2026-02-09 14:45:16,880 - DEBUG - Mass: 11.5527g at 3.631s (dispensing) steady=False
2026-02-09 14:45:17,279 - DEBUG - Mass: 11.5528g at 4.030s (dispensing) steady=False
2026-02-09 14:45:17,644 - INFO - Dispensing took 2.583s, collecting post-dispense baseline
2026-02-09 14:45:17,679 - DEBUG - Mass: 11.5531g at 4.428s (dispensing) steady=False
2026-02-09 14:45:18,067 - DEBUG - Mass: 11.5529g at 4.826s (baseline_post) steady=True
2026-02-09 14:45:18,481 - DEBUG - Mass: 11.5529g at 5.233s (baseline_post) steady=True
2026-02-09 14:45:18,882 - DEBUG - Mass: 11.5529g at 5.627s (baseline_post) steady=True
2026-02-09 14:45:19,281 - DEBUG - Mass: 11.5529g at 6.039s (baseline_post) steady=True
2026-02-09 14:45:19,675 - DEBUG - Mass: 11.5529g at 6.428s (baseline_post) steady=True
2026-02-09 14:45:19,882 - INFO - Stopped continuous mass monitoring. Collected 17 data points
2026-02-09 14:45:19,882 - INFO - Pre-baseline: 4 stable readings, avg=11.478300g
2026-02-09 14:45:19,882 - INFO - Post-baseline: 5 stable readings, avg=11.552900g
2026-02-09 14:45:19,882 - INFO - INDEPENDENT BASELINE calculation:
2026-02-09 14:45:19,882 - INFO - Pre: STABLE, Post: STABLE, Mass difference: 0.074600g
2026-02-09 14:45:19,888 - INFO - Reading summary: 5 pre-readings (4 stable), 5 post-readings (5 stable)
2026-02-09 14:45:19,888 - INFO - Baseline variability: pre_std=0.000089g, post_std=0.000000g
2026-02-09 14:45:19,888 - INFO - Target: 0.075 mL = ~0.075000 g for water
2026-02-09 14:45:19,890 - INFO - Saved 17 mass measurements to output\mass_measurements\experiment_log2026-02-09_14-40-40\mass_data_liquid_source_0_20260209_144519.csv
2026-02-09 14:45:20,405 - INFO - Saved mass vs time plot to output\mass_measurements\experiment_log2026-02-09_14-40-40\mass_plot_liquid_source_0_20260209_144519.png
2026-02-09 14:45:20,405 - DEBUG - Applied dict param aspirate_speed=14
2026-02-09 14:45:20,405 - DEBUG - Applied dict param dispense_speed=11
2026-02-09 14:45:20,405 - DEBUG - Applied dict param aspirate_wait_time=0.9
2026-02-09 14:45:20,405 - DEBUG - Applied dict param dispense_wait_time=1.5
2026-02-09 14:45:20,405 - DEBUG - Applied dict param pre_asp_air_vol=0.117
2026-02-09 14:45:20,405 - DEBUG - Applied dict param retract_speed=5.0
2026-02-09 14:45:20,405 - DEBUG - Applied dict param blowout_vol=0.0
2026-02-09 14:45:20,405 - DEBUG - Applied dict param post_asp_air_vol=0.0
2026-02-09 14:45:20,405 - DEBUG - Applied dict param post_retract_wait_time=0.0
2026-02-09 14:45:20,405 - DEBUG - Applied dict param overaspirate_vol=0.003949999999999402
2026-02-09 14:45:20,405 - DEBUG - Selected small_tip for volume 0.079 mL
2026-02-09 14:45:20,405 - INFO - Pipetting from vial liquid_source_0, amount: 0.075 mL
2026-02-09 14:45:20,405 - INFO - Additional volume from calibration, amount: 0.004 mL
2026-02-09 14:45:20,405 - DEBUG - Adjusting pump 0 speed to 10
2026-02-09 14:45:22,218 - DEBUG - Aspirating 0.117 mL then waiting 0 s
2026-02-09 14:45:22,901 - DEBUG - Adjusting pump 0 speed to 14
2026-02-09 14:45:23,443 - DEBUG - Aspirating 0.079 mL then waiting 0.9 s
2026-02-09 14:45:26,619 - DEBUG - Applied dict param aspirate_speed=14
2026-02-09 14:45:26,619 - DEBUG - Applied dict param dispense_speed=11
2026-02-09 14:45:26,619 - DEBUG - Applied dict param aspirate_wait_time=0.9
2026-02-09 14:45:26,619 - DEBUG - Applied dict param dispense_wait_time=1.5
2026-02-09 14:45:26,619 - DEBUG - Applied dict param pre_asp_air_vol=0.117
2026-02-09 14:45:26,619 - DEBUG - Applied dict param retract_speed=5.0
2026-02-09 14:45:26,619 - DEBUG - Applied dict param blowout_vol=0.0
2026-02-09 14:45:26,619 - DEBUG - Applied dict param post_asp_air_vol=0.0
2026-02-09 14:45:26,619 - DEBUG - Applied dict param post_retract_wait_time=0.0
2026-02-09 14:45:26,619 - DEBUG - Applied dict param overaspirate_vol=0.003949999999999402
2026-02-09 14:45:26,619 - INFO - Pipetting into vial liquid_source_0, amount: 0.075 mL
2026-02-09 14:45:26,626 - DEBUG - Adjusting pump 0 speed to 11
2026-02-09 14:45:28,445 - INFO - Short wait time (1.0s), allowing scale to settle after robot positioning...
2026-02-09 14:45:29,452 - INFO - Started continuous mass monitoring with pre-dispense baseline
2026-02-09 14:45:29,679 - DEBUG - Mass: 11.4777g at 0.000s (baseline_pre) steady=False
2026-02-09 14:45:30,081 - DEBUG - Mass: 11.4778g at 0.441s (baseline_pre) steady=True
2026-02-09 14:45:30,480 - DEBUG - Mass: 11.4778g at 0.837s (baseline_pre) steady=True
2026-02-09 14:45:30,882 - DEBUG - Mass: 11.4778g at 1.234s (baseline_pre) steady=True
2026-02-09 14:45:31,281 - DEBUG - Mass: 11.4778g at 1.636s (baseline_pre) steady=True
2026-02-09 14:45:31,455 - DEBUG - Dispensing 0.196 mL then waiting 1.5 s
2026-02-09 14:45:31,679 - DEBUG - Mass: 11.4778g at 2.035s (dispensing) steady=True
2026-02-09 14:45:32,080 - DEBUG - Mass: 11.5469g at 2.434s (dispensing) steady=False
2026-02-09 14:45:32,480 - DEBUG - Mass: 11.5568g at 2.834s (dispensing) steady=False
2026-02-09 14:45:32,879 - DEBUG - Mass: 11.5532g at 3.234s (dispensing) steady=False
2026-02-09 14:45:33,279 - DEBUG - Mass: 11.5521g at 3.634s (dispensing) steady=False
2026-02-09 14:45:33,679 - DEBUG - Mass: 11.5521g at 4.034s (dispensing) steady=False
2026-02-09 14:45:34,062 - INFO - Dispensing took 2.607s, collecting post-dispense baseline
2026-02-09 14:45:34,079 - DEBUG - Mass: 11.5524g at 4.434s (dispensing) steady=False
2026-02-09 14:45:34,480 - DEBUG - Mass: 11.5523g at 4.831s (baseline_post) steady=False
2026-02-09 14:45:34,879 - DEBUG - Mass: 11.5520g at 5.240s (baseline_post) steady=False
2026-02-09 14:45:35,279 - DEBUG - Mass: 11.5527g at 5.635s (baseline_post) steady=False
2026-02-09 14:45:35,679 - DEBUG - Mass: 11.5519g at 6.030s (baseline_post) steady=False
2026-02-09 14:45:36,079 - DEBUG - Mass: 11.5524g at 6.434s (baseline_post) steady=True
2026-02-09 14:45:36,287 - INFO - Stopped continuous mass monitoring. Collected 17 data points
2026-02-09 14:45:36,287 - INFO - Pre-baseline: 4 stable readings, avg=11.477800g
2026-02-09 14:45:36,287 - INFO - Post-baseline: 1 stable readings, avg=11.552400g
2026-02-09 14:45:36,287 - INFO - INDEPENDENT BASELINE calculation:
2026-02-09 14:45:36,287 - INFO - Pre: STABLE, Post: STABLE, Mass difference: 0.074600g
2026-02-09 14:45:36,293 - INFO - Reading summary: 5 pre-readings (4 stable), 5 post-readings (1 stable)
2026-02-09 14:45:36,294 - INFO - Baseline variability: pre_std=0.000045g, post_std=0.000321g
2026-02-09 14:45:36,294 - INFO - Target: 0.075 mL = ~0.075000 g for water
2026-02-09 14:45:36,296 - INFO - Saved 17 mass measurements to output\mass_measurements\experiment_log2026-02-09_14-40-40\mass_data_liquid_source_0_20260209_144536.csv
2026-02-09 14:45:36,818 - INFO - Saved mass vs time plot to output\mass_measurements\experiment_log2026-02-09_14-40-40\mass_plot_liquid_source_0_20260209_144536.png
2026-02-09 14:45:36,820 - DEBUG - Applied dict param aspirate_speed=14
2026-02-09 14:45:36,820 - DEBUG - Applied dict param dispense_speed=11
2026-02-09 14:45:36,820 - DEBUG - Applied dict param aspirate_wait_time=0.9
2026-02-09 14:45:36,820 - DEBUG - Applied dict param dispense_wait_time=1.5
2026-02-09 14:45:36,820 - DEBUG - Applied dict param pre_asp_air_vol=0.117
2026-02-09 14:45:36,820 - DEBUG - Applied dict param retract_speed=5.0
2026-02-09 14:45:36,820 - DEBUG - Applied dict param blowout_vol=0.0
2026-02-09 14:45:36,820 - DEBUG - Applied dict param post_asp_air_vol=0.0
2026-02-09 14:45:36,820 - DEBUG - Applied dict param post_retract_wait_time=0.0
2026-02-09 14:45:36,820 - DEBUG - Applied dict param overaspirate_vol=0.003949999999999402
2026-02-09 14:45:36,821 - DEBUG - Selected small_tip for volume 0.079 mL
2026-02-09 14:45:36,823 - INFO - Pipetting from vial liquid_source_0, amount: 0.075 mL
2026-02-09 14:45:36,824 - INFO - Additional volume from calibration, amount: 0.004 mL
2026-02-09 14:45:36,825 - DEBUG - Adjusting pump 0 speed to 10
2026-02-09 14:45:38,663 - DEBUG - Aspirating 0.117 mL then waiting 0 s
2026-02-09 14:45:39,332 - DEBUG - Adjusting pump 0 speed to 14
2026-02-09 14:45:39,889 - DEBUG - Aspirating 0.079 mL then waiting 0.9 s
2026-02-09 14:45:42,998 - DEBUG - Applied dict param aspirate_speed=14
2026-02-09 14:45:42,998 - DEBUG - Applied dict param dispense_speed=11
2026-02-09 14:45:42,998 - DEBUG - Applied dict param aspirate_wait_time=0.9
2026-02-09 14:45:42,998 - DEBUG - Applied dict param dispense_wait_time=1.5
2026-02-09 14:45:42,998 - DEBUG - Applied dict param pre_asp_air_vol=0.117
2026-02-09 14:45:42,998 - DEBUG - Applied dict param retract_speed=5.0
2026-02-09 14:45:42,998 - DEBUG - Applied dict param blowout_vol=0.0
2026-02-09 14:45:42,998 - DEBUG - Applied dict param post_asp_air_vol=0.0
2026-02-09 14:45:42,998 - DEBUG - Applied dict param post_retract_wait_time=0.0
2026-02-09 14:45:42,998 - DEBUG - Applied dict param overaspirate_vol=0.003949999999999402
2026-02-09 14:45:42,998 - INFO - Pipetting into vial liquid_source_0, amount: 0.075 mL
2026-02-09 14:45:42,998 - DEBUG - Adjusting pump 0 speed to 11
2026-02-09 14:45:44,823 - INFO - Short wait time (1.0s), allowing scale to settle after robot positioning...
2026-02-09 14:45:45,832 - INFO - Started continuous mass monitoring with pre-dispense baseline
2026-02-09 14:45:46,080 - DEBUG - Mass: 11.4769g at 0.000s (baseline_pre) steady=False
2026-02-09 14:45:46,481 - DEBUG - Mass: 11.4769g at 0.456s (baseline_pre) steady=True
2026-02-09 14:45:46,882 - DEBUG - Mass: 11.4769g at 0.853s (baseline_pre) steady=True
2026-02-09 14:45:47,281 - DEBUG - Mass: 11.4769g at 1.250s (baseline_pre) steady=True
2026-02-09 14:45:47,681 - DEBUG - Mass: 11.4769g at 1.650s (baseline_pre) steady=True
2026-02-09 14:45:47,834 - DEBUG - Dispensing 0.196 mL then waiting 1.5 s
2026-02-09 14:45:48,081 - DEBUG - Mass: 11.4769g at 2.050s (dispensing) steady=True
2026-02-09 14:45:48,480 - DEBUG - Mass: 11.5468g at 2.450s (dispensing) steady=False
2026-02-09 14:45:48,872 - DEBUG - Mass: 11.5564g at 2.861s (dispensing) steady=False
2026-02-09 14:45:49,277 - DEBUG - Mass: 11.5518g at 3.260s (dispensing) steady=False
2026-02-09 14:45:49,680 - DEBUG - Mass: 11.5516g at 3.660s (dispensing) steady=False
2026-02-09 14:45:50,076 - DEBUG - Mass: 11.5513g at 4.059s (dispensing) steady=False
2026-02-09 14:45:50,451 - INFO - Dispensing took 2.617s, collecting post-dispense baseline
2026-02-09 14:45:50,479 - DEBUG - Mass: 11.5513g at 4.459s (dispensing) steady=False
2026-02-09 14:45:50,873 - DEBUG - Mass: 11.5516g at 4.856s (baseline_post) steady=False
2026-02-09 14:45:51,281 - DEBUG - Mass: 11.5515g at 5.248s (baseline_post) steady=True
2026-02-09 14:45:51,681 - DEBUG - Mass: 11.5515g at 5.659s (baseline_post) steady=True
2026-02-09 14:45:52,072 - DEBUG - Mass: 11.5515g at 6.054s (baseline_post) steady=True
2026-02-09 14:45:52,469 - DEBUG - Mass: 11.5515g at 6.460s (baseline_post) steady=True
2026-02-09 14:45:52,692 - INFO - Stopped continuous mass monitoring. Collected 17 data points
2026-02-09 14:45:52,692 - INFO - Pre-baseline: 4 stable readings, avg=11.476900g
2026-02-09 14:45:52,692 - INFO - Post-baseline: 4 stable readings, avg=11.551500g
2026-02-09 14:45:52,692 - INFO - INDEPENDENT BASELINE calculation:
2026-02-09 14:45:52,692 - INFO - Pre: STABLE, Post: STABLE, Mass difference: 0.074600g
2026-02-09 14:45:52,699 - INFO - Reading summary: 5 pre-readings (4 stable), 5 post-readings (4 stable)
2026-02-09 14:45:52,700 - INFO - Baseline variability: pre_std=0.000000g, post_std=0.000045g
2026-02-09 14:45:52,700 - INFO - Target: 0.075 mL = ~0.075000 g for water
2026-02-09 14:45:52,702 - INFO - Saved 17 mass measurements to output\mass_measurements\experiment_log2026-02-09_14-40-40\mass_data_liquid_source_0_20260209_144552.csv
2026-02-09 14:45:53,226 - INFO - Saved mass vs time plot to output\mass_measurements\experiment_log2026-02-09_14-40-40\mass_plot_liquid_source_0_20260209_144552.png
2026-02-09 14:45:53,226 - DEBUG - Applied dict param aspirate_speed=14
2026-02-09 14:45:53,226 - DEBUG - Applied dict param dispense_speed=11
2026-02-09 14:45:53,226 - DEBUG - Applied dict param aspirate_wait_time=0.9
2026-02-09 14:45:53,226 - DEBUG - Applied dict param dispense_wait_time=1.5
2026-02-09 14:45:53,226 - DEBUG - Applied dict param pre_asp_air_vol=0.117
2026-02-09 14:45:53,226 - DEBUG - Applied dict param retract_speed=5.0
2026-02-09 14:45:53,226 - DEBUG - Applied dict param blowout_vol=0.0
2026-02-09 14:45:53,226 - DEBUG - Applied dict param post_asp_air_vol=0.0
2026-02-09 14:45:53,226 - DEBUG - Applied dict param post_retract_wait_time=0.0
2026-02-09 14:45:53,226 - DEBUG - Applied dict param overaspirate_vol=0.003949999999999402
2026-02-09 14:45:53,230 - DEBUG - Selected small_tip for volume 0.079 mL
2026-02-09 14:45:53,231 - INFO - Pipetting from vial liquid_source_0, amount: 0.075 mL
2026-02-09 14:45:53,231 - INFO - Additional volume from calibration, amount: 0.004 mL
2026-02-09 14:45:53,232 - DEBUG - Adjusting pump 0 speed to 10
2026-02-09 14:45:55,063 - DEBUG - Aspirating 0.117 mL then waiting 0 s
2026-02-09 14:45:55,718 - DEBUG - Adjusting pump 0 speed to 14
2026-02-09 14:45:56,279 - DEBUG - Aspirating 0.079 mL then waiting 0.9 s
2026-02-09 14:45:59,426 - DEBUG - Applied dict param aspirate_speed=14
2026-02-09 14:45:59,426 - DEBUG - Applied dict param dispense_speed=11
2026-02-09 14:45:59,426 - DEBUG - Applied dict param aspirate_wait_time=0.9
2026-02-09 14:45:59,426 - DEBUG - Applied dict param dispense_wait_time=1.5
2026-02-09 14:45:59,426 - DEBUG - Applied dict param pre_asp_air_vol=0.117
2026-02-09 14:45:59,426 - DEBUG - Applied dict param retract_speed=5.0
2026-02-09 14:45:59,426 - DEBUG - Applied dict param blowout_vol=0.0
2026-02-09 14:45:59,426 - DEBUG - Applied dict param post_asp_air_vol=0.0
2026-02-09 14:45:59,426 - DEBUG - Applied dict param post_retract_wait_time=0.0
2026-02-09 14:45:59,426 - DEBUG - Applied dict param overaspirate_vol=0.003949999999999402
2026-02-09 14:45:59,426 - INFO - Pipetting into vial liquid_source_0, amount: 0.075 mL
2026-02-09 14:45:59,439 - DEBUG - Adjusting pump 0 speed to 11
2026-02-09 14:46:01,267 - INFO - Short wait time (1.0s), allowing scale to settle after robot positioning...
2026-02-09 14:46:02,274 - INFO - Started continuous mass monitoring with pre-dispense baseline
2026-02-09 14:46:02,480 - DEBUG - Mass: 11.4767g at 0.000s (baseline_pre) steady=False
2026-02-09 14:46:02,882 - DEBUG - Mass: 11.4765g at 0.410s (baseline_pre) steady=True
2026-02-09 14:46:03,281 - DEBUG - Mass: 11.4765g at 0.823s (baseline_pre) steady=True
2026-02-09 14:46:03,681 - DEBUG - Mass: 11.4765g at 1.218s (baseline_pre) steady=True
2026-02-09 14:46:04,071 - DEBUG - Mass: 11.4765g at 1.621s (baseline_pre) steady=True
2026-02-09 14:46:04,279 - DEBUG - Dispensing 0.196 mL then waiting 1.5 s
2026-02-09 14:46:04,482 - DEBUG - Mass: 11.4765g at 2.021s (dispensing) steady=True
2026-02-09 14:46:04,876 - DEBUG - Mass: 11.5428g at 2.421s (dispensing) steady=False
2026-02-09 14:46:05,277 - DEBUG - Mass: 11.5555g at 2.820s (dispensing) steady=False
2026-02-09 14:46:05,679 - DEBUG - Mass: 11.5518g at 3.220s (dispensing) steady=False
2026-02-09 14:46:06,080 - DEBUG - Mass: 11.5509g at 3.608s (dispensing) steady=False
2026-02-09 14:46:06,480 - DEBUG - Mass: 11.5512g at 4.022s (dispensing) steady=False
2026-02-09 14:46:06,838 - INFO - Dispensing took 2.559s, collecting post-dispense baseline
2026-02-09 14:46:06,879 - DEBUG - Mass: 11.5511g at 4.420s (dispensing) steady=False
2026-02-09 14:46:07,281 - DEBUG - Mass: 11.5510g at 4.818s (baseline_post) steady=True
2026-02-09 14:46:07,681 - DEBUG - Mass: 11.5510g at 5.213s (baseline_post) steady=True
2026-02-09 14:46:08,081 - DEBUG - Mass: 11.5510g at 5.609s (baseline_post) steady=True
2026-02-09 14:46:08,474 - DEBUG - Mass: 11.5510g at 6.019s (baseline_post) steady=True
2026-02-09 14:46:08,880 - DEBUG - Mass: 11.5510g at 6.408s (baseline_post) steady=True
2026-02-09 14:46:09,082 - INFO - Stopped continuous mass monitoring. Collected 17 data points
2026-02-09 14:46:09,086 - INFO - Pre-baseline: 4 stable readings, avg=11.476500g
2026-02-09 14:46:09,086 - INFO - Post-baseline: 5 stable readings, avg=11.551000g
2026-02-09 14:46:09,086 - INFO - INDEPENDENT BASELINE calculation:
2026-02-09 14:46:09,086 - INFO - Pre: STABLE, Post: STABLE, Mass difference: 0.074500g
2026-02-09 14:46:09,089 - INFO - Reading summary: 5 pre-readings (4 stable), 5 post-readings (5 stable)
2026-02-09 14:46:09,089 - INFO - Baseline variability: pre_std=0.000089g, post_std=0.000000g
2026-02-09 14:46:09,089 - INFO - Target: 0.075 mL = ~0.075000 g for water
2026-02-09 14:46:09,091 - INFO - Saved 17 mass measurements to output\mass_measurements\experiment_log2026-02-09_14-40-40\mass_data_liquid_source_0_20260209_144609.csv
2026-02-09 14:46:09,609 - INFO - Saved mass vs time plot to output\mass_measurements\experiment_log2026-02-09_14-40-40\mass_plot_liquid_source_0_20260209_144609.png
2026-02-09 14:46:10,254 - INFO - Removing pipet
2026-02-09 14:46:13,564 - INFO - Returning vial liquid_source_0 to home location: main_8mL_rack index 44
2026-02-09 14:46:13,564 - INFO - Moving vial liquid_source_0 to main_8mL_rack: 44
2026-02-09 14:46:13,564 - DEBUG - Grabbing vial 1 with index 1
2026-02-09 14:46:15,926 - DEBUG - Dropping off vial 1 at location main_8mL_rack with index 44
2026-02-09 14:46:19,586 - INFO - Moving robot to home position
