2026-04-24 17:10:54,603 - DEBUG - No workflow config provided - using default initialization
2026-04-24 17:10:54,603 - INFO - GUI disabled - skipping status review, proceeding directly to hardware initialization
2026-04-24 17:10:55,118 - INFO - Initializing North Robot...
2026-04-24 17:10:55,118 - DEBUG - Loading robot configuration files...
2026-04-24 17:10:55,140 - DEBUG - Loaded vial positions configuration from robot_state/vial_positions.yaml
2026-04-24 17:10:55,142 - DEBUG - Loaded pipet tips configuration from robot_state/pipet_tips.yaml
2026-04-24 17:10:55,146 - DEBUG - Loaded pipet racks configuration from robot_state/pipet_racks.yaml
2026-04-24 17:10:55,150 - DEBUG - Loaded pump configuration from robot_state/syringe_pumps.yaml
2026-04-24 17:10:55,152 - DEBUG - Loaded robot hardware configuration from robot_state/robot_hardware.yaml
2026-04-24 17:10:55,155 - DEBUG - Loaded wellplate properties configuration from robot_state/wellplates.yaml
2026-04-24 17:10:55,155 - DEBUG - Loading robot state files...
2026-04-24 17:10:55,155 - DEBUG - Loaded vial data from status/calibration_vials_short.csv
2026-04-24 17:10:55,155 - DEBUG - Loaded robot status from robot_state/robot_status.yaml
2026-04-24 17:10:55,170 - DEBUG - Loaded wellplate positions from robot_state/wellplates.yaml
2026-04-24 17:10:55,170 - DEBUG - Robot status loaded successfully
2026-04-24 17:10:55,170 - INFO - Physical initialization of North Robot...
2026-04-24 17:10:58,630 - DEBUG - Loading pumps from YAML configuration...
2026-04-24 17:10:58,741 - DEBUG - Loaded pump 0: volume=1.0mL, speed=11, liquid=None
2026-04-24 17:10:58,837 - DEBUG - Loaded pump 1: volume=2.5mL, speed=15, liquid=water
2026-04-24 17:10:58,837 - WARNING - The robot reports having a tip, removing the tip
2026-04-24 17:10:58,837 - INFO - Removing pipet
2026-04-24 17:11:02,953 - WARNING - The robot reports having a cap in its gripper... Recapping the clamp vial...
2026-04-24 17:11:02,953 - DEBUG - Recapping clamped vial
2026-04-24 17:11:09,014 - INFO - Returning vial PVA_DMSO_800 to home location: main_8mL_rack index 0
2026-04-24 17:11:09,015 - INFO - Moving vial PVA_DMSO_800 to main_8mL_rack: 0
2026-04-24 17:11:09,016 - DEBUG - Grabbing vial 0 with index 0
2026-04-24 17:11:09,304 - DEBUG - Dropping off vial 0 at location main_8mL_rack with index 0
2026-04-24 17:11:12,001 - INFO - Moving robot to home position
2026-04-24 17:11:15,637 - DEBUG - Initializing centrifuge controller...
2026-04-24 17:11:15,637 - INFO - Initializing North Track...
2026-04-24 17:11:15,637 - DEBUG - Loading track status from file: robot_state/track_status.yaml
2026-04-24 17:11:15,637 - DEBUG - Getting track status from file: robot_state/track_status.yaml
2026-04-24 17:11:15,639 - DEBUG - Loaded track status from robot_state/track_status.yaml
2026-04-24 17:11:15,639 - DEBUG - Loading track positions from: robot_state/track_positions.yaml
2026-04-24 17:11:15,647 - DEBUG - Loaded track positions configuration from robot_state/track_positions.yaml
2026-04-24 17:11:15,647 - DEBUG - Loading robot hardware configuration from: robot_state/robot_hardware.yaml
2026-04-24 17:11:15,649 - DEBUG - Loaded robot hardware configuration from robot_state/robot_hardware.yaml
2026-04-24 17:11:15,652 - DEBUG - Loaded wellplate properties configuration from robot_state/wellplates.yaml
2026-04-24 17:11:15,729 - DEBUG - Moving North Track to home position
2026-04-24 17:11:15,729 - DEBUG - Detected origin position (0,0) - setting location to 'origin'
2026-04-24 17:11:15,729 - DEBUG - Updated gripper location to: origin at position {'x': 0, 'z': 0}
2026-04-24 17:11:15,732 - INFO - Moving vial PVA_DMSO_800 to clamp: 0
2026-04-24 17:11:15,735 - DEBUG - Grabbing vial 0 with index 0
2026-04-24 17:11:18,338 - DEBUG - Dropping off vial 0 at location clamp with index 0
2026-04-24 17:11:21,051 - DEBUG - Vial move required for pipetting
2026-04-24 17:11:21,051 - INFO - Moving vial PVA_DMSO_800 to safe pipetting location
2026-04-24 17:11:21,051 - INFO - Vial 0 already at clamp index 0, no move needed
2026-04-24 17:11:21,051 - DEBUG - Removing cap from clamped vial
2026-04-24 17:12:52,664 - INFO - Vial PVA_DMSO_800 already at clamp index 0, no move needed
2026-04-24 17:12:52,900 - DEBUG - Applied dict param aspirate_speed=10
2026-04-24 17:12:52,900 - DEBUG - Applied dict param dispense_speed=10
2026-04-24 17:12:52,900 - DEBUG - Applied dict param aspirate_wait_time=0.0
2026-04-24 17:12:52,900 - DEBUG - Applied dict param dispense_wait_time=0.0
2026-04-24 17:12:52,900 - DEBUG - Applied dict param pre_asp_air_vol=0.0
2026-04-24 17:12:52,900 - DEBUG - Applied dict param retract_speed=5.0
2026-04-24 17:12:52,900 - DEBUG - Applied dict param blowout_vol=0.0
2026-04-24 17:12:52,900 - DEBUG - Applied dict param post_asp_air_vol=0.0
2026-04-24 17:12:52,900 - DEBUG - Applied dict param post_retract_wait_time=0.0
2026-04-24 17:12:52,900 - DEBUG - Applied dict param overaspirate_vol=0.0
2026-04-24 17:12:52,900 - DEBUG - Applied dict param asp_disp_cycles=0
2026-04-24 17:12:52,901 - DEBUG - Selected small_tip for volume 0.050 mL
2026-04-24 17:12:52,902 - INFO - Getting small_tip (pipet number 30) from rack: small_tip_rack_2
2026-04-24 17:12:57,196 - INFO - Pipetting from vial PVA_DMSO_800, amount: 0.050 mL
2026-04-24 17:12:57,196 - INFO - Additional volume from calibration, amount: 0.000 mL
2026-04-24 17:12:57,198 - DEBUG - Adjusting pump 0 speed to 10
2026-04-24 17:12:59,303 - DEBUG - Adjusting pump 0 speed to 10
2026-04-24 17:13:00,253 - DEBUG - Aspirating 0.050 mL then waiting 0.0 s
2026-04-24 17:13:01,536 - DEBUG - Applied dict param aspirate_speed=10
2026-04-24 17:13:01,536 - DEBUG - Applied dict param dispense_speed=10
2026-04-24 17:13:01,536 - DEBUG - Applied dict param aspirate_wait_time=0.0
2026-04-24 17:13:01,536 - DEBUG - Applied dict param dispense_wait_time=0.0
2026-04-24 17:13:01,536 - DEBUG - Applied dict param pre_asp_air_vol=0.0
2026-04-24 17:13:01,536 - DEBUG - Applied dict param retract_speed=5.0
2026-04-24 17:13:01,536 - DEBUG - Applied dict param blowout_vol=0.0
2026-04-24 17:13:01,536 - DEBUG - Applied dict param post_asp_air_vol=0.0
2026-04-24 17:13:01,536 - DEBUG - Applied dict param post_retract_wait_time=0.0
2026-04-24 17:13:01,536 - DEBUG - Applied dict param overaspirate_vol=0.0
2026-04-24 17:13:01,536 - DEBUG - Applied dict param asp_disp_cycles=0
2026-04-24 17:13:01,537 - INFO - Pipetting into vial PVA_DMSO_800, amount: 0.050 mL
2026-04-24 17:13:01,538 - DEBUG - Adjusting pump 0 speed to 10
2026-04-24 17:13:03,288 - INFO - Short wait time (1.0s), allowing scale to settle after robot positioning...
2026-04-24 17:13:04,310 - INFO - Started continuous mass monitoring with pre-dispense baseline
2026-04-24 17:13:04,499 - DEBUG - Mass: -0.1668g at 0.000s (baseline_pre) steady=False
2026-04-24 17:13:04,892 - DEBUG - Mass: -0.1665g at 0.391s (baseline_pre) steady=False
2026-04-24 17:13:05,297 - DEBUG - Mass: -0.1602g at 0.793s (baseline_pre) steady=False
2026-04-24 17:13:05,699 - DEBUG - Mass: -0.1528g at 1.193s (baseline_pre) steady=False
2026-04-24 17:13:06,098 - DEBUG - Mass: -0.1524g at 1.594s (baseline_pre) steady=False
2026-04-24 17:13:06,318 - DEBUG - Dispensing 0.050 mL then waiting 0.0 s
2026-04-24 17:13:06,498 - DEBUG - Mass: -0.1525g at 1.992s (baseline_pre) steady=False
2026-04-24 17:13:06,898 - DEBUG - Mass: -0.1485g at 2.393s (dispensing) steady=False
2026-04-24 17:13:06,971 - INFO - Dispensing took 0.653s, collecting post-dispense baseline
2026-04-24 17:13:07,291 - DEBUG - Mass: -0.1417g at 2.795s (baseline_post) steady=False
2026-04-24 17:13:07,699 - DEBUG - Mass: -0.1404g at 3.195s (baseline_post) steady=False
2026-04-24 17:13:08,092 - DEBUG - Mass: -0.1402g at 3.594s (baseline_post) steady=False
2026-04-24 17:13:08,493 - DEBUG - Mass: -0.1407g at 3.991s (baseline_post) steady=False
2026-04-24 17:13:08,890 - DEBUG - Mass: -0.1399g at 4.395s (baseline_post) steady=False
2026-04-24 17:13:09,103 - INFO - Stopped continuous mass monitoring. Collected 12 data points
2026-04-24 17:13:09,108 - INFO - Pre-baseline: No stable readings, using time-based avg=-0.158533g
2026-04-24 17:13:09,108 - INFO - Post-baseline: No stable readings, using time-based avg=-0.140580g
2026-04-24 17:13:09,108 - INFO - INDEPENDENT BASELINE calculation:
2026-04-24 17:13:09,108 - INFO - Pre: TIME-BASED, Post: TIME-BASED, Mass difference: 0.017953g
2026-04-24 17:13:09,109 - INFO - Reading summary: 6 pre-readings (0 stable), 5 post-readings (0 stable)
2026-04-24 17:13:09,110 - INFO - Baseline variability: pre_std=0.006949g, post_std=0.000691g
2026-04-24 17:13:09,110 - INFO - Target: 0.050 mL = ~0.050000 g for water
2026-04-24 17:13:09,111 - INFO - Saved 12 mass measurements to output\mass_measurements\experiment_log2026-04-24_17-10-54\mass_data_PVA_DMSO_800_20260424_171309.csv
2026-04-24 17:13:09,563 - INFO - Saved dispense mass vs time plot to output\mass_measurements\experiment_log2026-04-24_17-10-54\mass_plot_PVA_DMSO_800_20260424_171309.png
2026-04-24 17:13:09,563 - INFO - Removing pipet
2026-04-24 17:13:12,882 - INFO - Vial PVA_DMSO_800 already at clamp index 0, no move needed
2026-04-24 17:13:13,096 - DEBUG - Applied dict param aspirate_speed=10
2026-04-24 17:13:13,096 - DEBUG - Applied dict param dispense_speed=10
2026-04-24 17:13:13,096 - DEBUG - Applied dict param aspirate_wait_time=0.0
2026-04-24 17:13:13,096 - DEBUG - Applied dict param dispense_wait_time=0.0
2026-04-24 17:13:13,096 - DEBUG - Applied dict param pre_asp_air_vol=0.0
2026-04-24 17:13:13,096 - DEBUG - Applied dict param retract_speed=5.0
2026-04-24 17:13:13,096 - DEBUG - Applied dict param blowout_vol=0.0
2026-04-24 17:13:13,096 - DEBUG - Applied dict param post_asp_air_vol=0.0
2026-04-24 17:13:13,096 - DEBUG - Applied dict param post_retract_wait_time=0.0
2026-04-24 17:13:13,096 - DEBUG - Applied dict param overaspirate_vol=0.0
2026-04-24 17:13:13,096 - DEBUG - Applied dict param asp_disp_cycles=0
2026-04-24 17:13:13,096 - DEBUG - Selected small_tip for volume 0.050 mL
2026-04-24 17:13:13,096 - INFO - Getting small_tip (pipet number 31) from rack: small_tip_rack_2
2026-04-24 17:13:15,658 - INFO - Pipetting from vial PVA_DMSO_800, amount: 0.050 mL
2026-04-24 17:13:15,659 - INFO - Additional volume from calibration, amount: 0.000 mL
2026-04-24 17:13:15,660 - DEBUG - Adjusting pump 0 speed to 10
2026-04-24 17:13:17,710 - DEBUG - Adjusting pump 0 speed to 10
2026-04-24 17:13:18,667 - DEBUG - Aspirating 0.050 mL then waiting 0.0 s
2026-04-24 17:13:19,946 - DEBUG - Applied dict param aspirate_speed=10
2026-04-24 17:13:19,946 - DEBUG - Applied dict param dispense_speed=10
2026-04-24 17:13:19,946 - DEBUG - Applied dict param aspirate_wait_time=0.0
2026-04-24 17:13:19,946 - DEBUG - Applied dict param dispense_wait_time=0.0
2026-04-24 17:13:19,946 - DEBUG - Applied dict param pre_asp_air_vol=0.0
2026-04-24 17:13:19,946 - DEBUG - Applied dict param retract_speed=5.0
2026-04-24 17:13:19,946 - DEBUG - Applied dict param blowout_vol=0.0
2026-04-24 17:13:19,946 - DEBUG - Applied dict param post_asp_air_vol=0.0
2026-04-24 17:13:19,946 - DEBUG - Applied dict param post_retract_wait_time=0.0
2026-04-24 17:13:19,946 - DEBUG - Applied dict param overaspirate_vol=0.0
2026-04-24 17:13:19,946 - DEBUG - Applied dict param asp_disp_cycles=0
2026-04-24 17:13:19,948 - INFO - Pipetting into vial PVA_DMSO_800, amount: 0.050 mL
2026-04-24 17:13:19,948 - DEBUG - Adjusting pump 0 speed to 10
2026-04-24 17:13:21,705 - INFO - Short wait time (1.0s), allowing scale to settle after robot positioning...
2026-04-24 17:13:22,705 - INFO - Started continuous mass monitoring with pre-dispense baseline
2026-04-24 17:13:22,898 - DEBUG - Mass: -0.1565g at 0.000s (baseline_pre) steady=False
2026-04-24 17:13:23,299 - DEBUG - Mass: -0.1505g at 0.394s (baseline_pre) steady=False
2026-04-24 17:13:23,699 - DEBUG - Mass: -0.1495g at 0.795s (baseline_pre) steady=False
2026-04-24 17:13:24,099 - DEBUG - Mass: -0.1501g at 1.194s (baseline_pre) steady=False
2026-04-24 17:13:24,501 - DEBUG - Mass: -0.1499g at 1.594s (baseline_pre) steady=True
2026-04-24 17:13:24,707 - DEBUG - Dispensing 0.050 mL then waiting 0.0 s
2026-04-24 17:13:24,900 - DEBUG - Mass: -0.1499g at 1.996s (baseline_pre) steady=True
2026-04-24 17:13:25,299 - DEBUG - Mass: -0.1466g at 2.395s (dispensing) steady=False
2026-04-24 17:13:25,363 - INFO - Dispensing took 0.657s, collecting post-dispense baseline
2026-04-24 17:13:25,699 - DEBUG - Mass: -0.1387g at 2.794s (baseline_post) steady=False
2026-04-24 17:13:26,099 - DEBUG - Mass: -0.1380g at 3.195s (baseline_post) steady=False
2026-04-24 17:13:26,498 - DEBUG - Mass: -0.1350g at 3.595s (baseline_post) steady=False
2026-04-24 17:13:26,899 - DEBUG - Mass: -0.1296g at 3.994s (baseline_post) steady=False
2026-04-24 17:13:27,299 - DEBUG - Mass: -0.1293g at 4.394s (baseline_post) steady=False
2026-04-24 17:13:27,500 - INFO - Stopped continuous mass monitoring. Collected 12 data points
2026-04-24 17:13:27,504 - INFO - Pre-baseline: 2 stable readings, avg=-0.149900g
2026-04-24 17:13:27,504 - INFO - Post-baseline: No stable readings, using time-based avg=-0.134120g
2026-04-24 17:13:27,505 - INFO - INDEPENDENT BASELINE calculation:
2026-04-24 17:13:27,505 - INFO - Pre: STABLE, Post: TIME-BASED, Mass difference: 0.015780g
2026-04-24 17:13:27,506 - INFO - Reading summary: 6 pre-readings (2 stable), 5 post-readings (0 stable)
2026-04-24 17:13:27,506 - INFO - Baseline variability: pre_std=0.002682g, post_std=0.004485g
2026-04-24 17:13:27,507 - INFO - Target: 0.050 mL = ~0.050000 g for water
2026-04-24 17:13:27,509 - INFO - Saved 12 mass measurements to output\mass_measurements\experiment_log2026-04-24_17-10-54\mass_data_PVA_DMSO_800_20260424_171327.csv
2026-04-24 17:13:27,951 - INFO - Saved dispense mass vs time plot to output\mass_measurements\experiment_log2026-04-24_17-10-54\mass_plot_PVA_DMSO_800_20260424_171327.png
2026-04-24 17:13:27,951 - INFO - Removing pipet
2026-04-24 17:13:56,000 - INFO - Vial PVA_DMSO_800 already at clamp index 0, no move needed
2026-04-24 17:13:56,100 - DEBUG - Applied dict param aspirate_speed=30
2026-04-24 17:13:56,100 - DEBUG - Applied dict param dispense_speed=10
2026-04-24 17:13:56,100 - DEBUG - Applied dict param aspirate_wait_time=5.0
2026-04-24 17:13:56,100 - DEBUG - Applied dict param dispense_wait_time=0.0
2026-04-24 17:13:56,100 - DEBUG - Applied dict param pre_asp_air_vol=0.0
2026-04-24 17:13:56,100 - DEBUG - Applied dict param retract_speed=5.0
2026-04-24 17:13:56,100 - DEBUG - Applied dict param blowout_vol=0.0
2026-04-24 17:13:56,100 - DEBUG - Applied dict param post_asp_air_vol=0.0
2026-04-24 17:13:56,100 - DEBUG - Applied dict param post_retract_wait_time=0.0
2026-04-24 17:13:56,100 - DEBUG - Applied dict param overaspirate_vol=0.01
2026-04-24 17:13:56,100 - DEBUG - Applied dict param asp_disp_cycles=0
2026-04-24 17:13:56,101 - DEBUG - Selected small_tip for volume 0.050 mL
2026-04-24 17:13:56,102 - INFO - Getting small_tip (pipet number 32) from rack: small_tip_rack_2
2026-04-24 17:13:58,875 - INFO - Pipetting from vial PVA_DMSO_800, amount: 0.050 mL
2026-04-24 17:13:58,875 - INFO - Additional volume from calibration, amount: 0.010 mL
2026-04-24 17:13:58,877 - DEBUG - Adjusting pump 0 speed to 10
2026-04-24 17:14:00,622 - DEBUG - Adjusting pump 0 speed to 30
2026-04-24 17:14:01,672 - DEBUG - Aspirating 0.060 mL then waiting 5.0 s
2026-04-24 17:14:13,427 - DEBUG - Applied dict param aspirate_speed=30
2026-04-24 17:14:13,427 - DEBUG - Applied dict param dispense_speed=10
2026-04-24 17:14:13,427 - DEBUG - Applied dict param aspirate_wait_time=5.0
2026-04-24 17:14:13,427 - DEBUG - Applied dict param dispense_wait_time=0.0
2026-04-24 17:14:13,427 - DEBUG - Applied dict param pre_asp_air_vol=0.0
2026-04-24 17:14:13,427 - DEBUG - Applied dict param retract_speed=5.0
2026-04-24 17:14:13,427 - DEBUG - Applied dict param blowout_vol=0.0
2026-04-24 17:14:13,427 - DEBUG - Applied dict param post_asp_air_vol=0.0
2026-04-24 17:14:13,427 - DEBUG - Applied dict param post_retract_wait_time=0.0
2026-04-24 17:14:13,427 - DEBUG - Applied dict param overaspirate_vol=0.01
2026-04-24 17:14:13,427 - DEBUG - Applied dict param asp_disp_cycles=0
2026-04-24 17:14:13,429 - INFO - Pipetting into vial PVA_DMSO_800, amount: 0.050 mL
2026-04-24 17:14:13,430 - DEBUG - Adjusting pump 0 speed to 10
2026-04-24 17:14:15,258 - INFO - Short wait time (1.0s), allowing scale to settle after robot positioning...
2026-04-24 17:14:16,259 - INFO - Started continuous mass monitoring with pre-dispense baseline
2026-04-24 17:14:16,499 - DEBUG - Mass: -0.1975g at 0.000s (baseline_pre) steady=False
2026-04-24 17:14:16,899 - DEBUG - Mass: -0.1975g at 0.441s (baseline_pre) steady=False
2026-04-24 17:14:17,300 - DEBUG - Mass: -0.1979g at 0.841s (baseline_pre) steady=False
2026-04-24 17:14:17,700 - DEBUG - Mass: -0.1862g at 1.241s (baseline_pre) steady=False
2026-04-24 17:14:18,099 - DEBUG - Mass: -0.1836g at 1.641s (baseline_pre) steady=False
2026-04-24 17:14:18,260 - DEBUG - Dispensing 0.060 mL then waiting 0.0 s
2026-04-24 17:14:18,499 - DEBUG - Mass: -0.1829g at 2.041s (dispensing) steady=False
2026-04-24 17:14:18,629 - INFO - Dispensing took 0.369s, collecting post-dispense baseline
2026-04-24 17:14:18,898 - DEBUG - Mass: -0.1722g at 2.441s (baseline_post) steady=False
2026-04-24 17:14:19,299 - DEBUG - Mass: -0.1567g at 2.841s (baseline_post) steady=False
2026-04-24 17:14:19,700 - DEBUG - Mass: -0.1452g at 3.241s (baseline_post) steady=False
2026-04-24 17:14:20,099 - DEBUG - Mass: -0.1364g at 3.642s (baseline_post) steady=False
2026-04-24 17:14:20,499 - DEBUG - Mass: -0.1342g at 4.041s (baseline_post) steady=False
2026-04-24 17:14:20,700 - INFO - Stopped continuous mass monitoring. Collected 11 data points
2026-04-24 17:14:20,704 - INFO - Pre-baseline: No stable readings, using time-based avg=-0.192540g
2026-04-24 17:14:20,704 - INFO - Post-baseline: No stable readings, using time-based avg=-0.148940g
2026-04-24 17:14:20,705 - INFO - INDEPENDENT BASELINE calculation:
2026-04-24 17:14:20,705 - INFO - Pre: TIME-BASED, Post: TIME-BASED, Mass difference: 0.043600g
2026-04-24 17:14:20,706 - INFO - Reading summary: 5 pre-readings (0 stable), 5 post-readings (0 stable)
2026-04-24 17:14:20,706 - INFO - Baseline variability: pre_std=0.007037g, post_std=0.015730g
2026-04-24 17:14:20,706 - INFO - Target: 0.050 mL = ~0.050000 g for water
2026-04-24 17:14:20,709 - INFO - Saved 11 mass measurements to output\mass_measurements\experiment_log2026-04-24_17-10-54\mass_data_PVA_DMSO_800_20260424_171420.csv
2026-04-24 17:14:21,161 - INFO - Saved dispense mass vs time plot to output\mass_measurements\experiment_log2026-04-24_17-10-54\mass_plot_PVA_DMSO_800_20260424_171420.png
2026-04-24 17:14:21,163 - INFO - Removing pipet
2026-04-24 17:14:24,472 - INFO - Vial PVA_DMSO_800 already at clamp index 0, no move needed
2026-04-24 17:14:25,701 - DEBUG - Applied dict param aspirate_speed=30
2026-04-24 17:14:25,701 - DEBUG - Applied dict param dispense_speed=10
2026-04-24 17:14:25,701 - DEBUG - Applied dict param aspirate_wait_time=5.0
2026-04-24 17:14:25,701 - DEBUG - Applied dict param dispense_wait_time=0.0
2026-04-24 17:14:25,701 - DEBUG - Applied dict param pre_asp_air_vol=0.0
2026-04-24 17:14:25,702 - DEBUG - Applied dict param retract_speed=5.0
2026-04-24 17:14:25,702 - DEBUG - Applied dict param blowout_vol=0.0
2026-04-24 17:14:25,702 - DEBUG - Applied dict param post_asp_air_vol=0.0
2026-04-24 17:14:25,702 - DEBUG - Applied dict param post_retract_wait_time=0.0
2026-04-24 17:14:25,702 - DEBUG - Applied dict param overaspirate_vol=0.01
2026-04-24 17:14:25,702 - DEBUG - Applied dict param asp_disp_cycles=0
2026-04-24 17:14:25,704 - DEBUG - Selected small_tip for volume 0.050 mL
2026-04-24 17:14:25,704 - INFO - Getting small_tip (pipet number 33) from rack: small_tip_rack_2
2026-04-24 17:14:28,470 - INFO - Pipetting from vial PVA_DMSO_800, amount: 0.050 mL
2026-04-24 17:14:28,470 - INFO - Additional volume from calibration, amount: 0.010 mL
2026-04-24 17:14:28,472 - DEBUG - Adjusting pump 0 speed to 10
2026-04-24 17:14:30,227 - DEBUG - Adjusting pump 0 speed to 30
2026-04-24 17:14:31,270 - DEBUG - Aspirating 0.060 mL then waiting 5.0 s
2026-04-24 17:14:43,015 - DEBUG - Applied dict param aspirate_speed=30
2026-04-24 17:14:43,015 - DEBUG - Applied dict param dispense_speed=10
2026-04-24 17:14:43,015 - DEBUG - Applied dict param aspirate_wait_time=5.0
2026-04-24 17:14:43,015 - DEBUG - Applied dict param dispense_wait_time=0.0
2026-04-24 17:14:43,015 - DEBUG - Applied dict param pre_asp_air_vol=0.0
2026-04-24 17:14:43,015 - DEBUG - Applied dict param retract_speed=5.0
2026-04-24 17:14:43,015 - DEBUG - Applied dict param blowout_vol=0.0
2026-04-24 17:14:43,015 - DEBUG - Applied dict param post_asp_air_vol=0.0
2026-04-24 17:14:43,015 - DEBUG - Applied dict param post_retract_wait_time=0.0
2026-04-24 17:14:43,015 - DEBUG - Applied dict param overaspirate_vol=0.01
2026-04-24 17:14:43,015 - DEBUG - Applied dict param asp_disp_cycles=0
2026-04-24 17:14:43,016 - INFO - Pipetting into vial PVA_DMSO_800, amount: 0.050 mL
2026-04-24 17:14:43,017 - DEBUG - Adjusting pump 0 speed to 10
2026-04-24 17:14:44,849 - INFO - Short wait time (1.0s), allowing scale to settle after robot positioning...
2026-04-24 17:14:45,850 - INFO - Started continuous mass monitoring with pre-dispense baseline
2026-04-24 17:14:46,099 - DEBUG - Mass: -0.1986g at 0.000s (baseline_pre) steady=False
2026-04-24 17:14:46,499 - DEBUG - Mass: -0.1994g at 0.450s (baseline_pre) steady=False
2026-04-24 17:14:46,900 - DEBUG - Mass: -0.1987g at 0.850s (baseline_pre) steady=False
2026-04-24 17:14:47,301 - DEBUG - Mass: -0.1988g at 1.251s (baseline_pre) steady=True
2026-04-24 17:14:47,700 - DEBUG - Mass: -0.1988g at 1.652s (baseline_pre) steady=True
2026-04-24 17:14:47,851 - DEBUG - Dispensing 0.060 mL then waiting 0.0 s
2026-04-24 17:14:48,101 - DEBUG - Mass: -0.1988g at 2.051s (dispensing) steady=True
2026-04-24 17:14:48,230 - INFO - Dispensing took 0.379s, collecting post-dispense baseline
2026-04-24 17:14:48,499 - DEBUG - Mass: -0.1828g at 2.452s (baseline_post) steady=False
2026-04-24 17:14:48,899 - DEBUG - Mass: -0.1626g at 2.849s (baseline_post) steady=False
2026-04-24 17:14:49,300 - DEBUG - Mass: -0.1512g at 3.249s (baseline_post) steady=False
2026-04-24 17:14:49,700 - DEBUG - Mass: -0.1371g at 3.651s (baseline_post) steady=False
2026-04-24 17:14:50,099 - DEBUG - Mass: -0.1348g at 4.051s (baseline_post) steady=False
2026-04-24 17:14:50,300 - INFO - Stopped continuous mass monitoring. Collected 11 data points
2026-04-24 17:14:50,304 - INFO - Pre-baseline: 2 stable readings, avg=-0.198800g
2026-04-24 17:14:50,305 - INFO - Post-baseline: No stable readings, using time-based avg=-0.153700g
2026-04-24 17:14:50,305 - INFO - INDEPENDENT BASELINE calculation:
2026-04-24 17:14:50,305 - INFO - Pre: STABLE, Post: TIME-BASED, Mass difference: 0.045100g
2026-04-24 17:14:50,306 - INFO - Reading summary: 5 pre-readings (2 stable), 5 post-readings (0 stable)
2026-04-24 17:14:50,306 - INFO - Baseline variability: pre_std=0.000313g, post_std=0.019780g
2026-04-24 17:14:50,306 - INFO - Target: 0.050 mL = ~0.050000 g for water
2026-04-24 17:14:50,309 - INFO - Saved 11 mass measurements to output\mass_measurements\experiment_log2026-04-24_17-10-54\mass_data_PVA_DMSO_800_20260424_171450.csv
2026-04-24 17:14:50,783 - INFO - Saved dispense mass vs time plot to output\mass_measurements\experiment_log2026-04-24_17-10-54\mass_plot_PVA_DMSO_800_20260424_171450.png
2026-04-24 17:14:50,783 - INFO - Removing pipet
2026-04-24 17:15:10,660 - INFO - Vial PVA_DMSO_800 already at clamp index 0, no move needed
2026-04-24 17:15:10,900 - DEBUG - Applied dict param aspirate_speed=25
2026-04-24 17:15:10,900 - DEBUG - Applied dict param dispense_speed=20
2026-04-24 17:15:10,900 - DEBUG - Applied dict param aspirate_wait_time=2.0
2026-04-24 17:15:10,900 - DEBUG - Applied dict param dispense_wait_time=5.0
2026-04-24 17:15:10,900 - DEBUG - Applied dict param pre_asp_air_vol=0.0
2026-04-24 17:15:10,900 - DEBUG - Applied dict param retract_speed=5.0
2026-04-24 17:15:10,900 - DEBUG - Applied dict param blowout_vol=0.3
2026-04-24 17:15:10,900 - DEBUG - Applied dict param post_asp_air_vol=0.0
2026-04-24 17:15:10,900 - DEBUG - Applied dict param post_retract_wait_time=0.0
2026-04-24 17:15:10,900 - DEBUG - Applied dict param overaspirate_vol=0.01
2026-04-24 17:15:10,900 - DEBUG - Applied dict param asp_disp_cycles=0
2026-04-24 17:15:10,901 - DEBUG - Selected small_tip for volume 0.050 mL
2026-04-24 17:15:10,901 - INFO - Getting small_tip (pipet number 34) from rack: small_tip_rack_2
2026-04-24 17:15:13,660 - INFO - Pipetting from vial PVA_DMSO_800, amount: 0.050 mL
2026-04-24 17:15:13,660 - INFO - Additional volume from calibration, amount: 0.010 mL
2026-04-24 17:15:13,663 - DEBUG - Adjusting pump 0 speed to 10
2026-04-24 17:15:15,430 - DEBUG - Adjusting pump 0 speed to 25
2026-04-24 17:15:16,474 - DEBUG - Aspirating 0.060 mL then waiting 2.0 s
2026-04-24 17:15:22,842 - DEBUG - Applied dict param aspirate_speed=25
2026-04-24 17:15:22,842 - DEBUG - Applied dict param dispense_speed=20
2026-04-24 17:15:22,842 - DEBUG - Applied dict param aspirate_wait_time=2.0
2026-04-24 17:15:22,842 - DEBUG - Applied dict param dispense_wait_time=5.0
2026-04-24 17:15:22,842 - DEBUG - Applied dict param pre_asp_air_vol=0.0
2026-04-24 17:15:22,842 - DEBUG - Applied dict param retract_speed=5.0
2026-04-24 17:15:22,842 - DEBUG - Applied dict param blowout_vol=0.3
2026-04-24 17:15:22,842 - DEBUG - Applied dict param post_asp_air_vol=0.0
2026-04-24 17:15:22,842 - DEBUG - Applied dict param post_retract_wait_time=0.0
2026-04-24 17:15:22,842 - DEBUG - Applied dict param overaspirate_vol=0.01
2026-04-24 17:15:22,842 - DEBUG - Applied dict param asp_disp_cycles=0
2026-04-24 17:15:22,844 - INFO - Pipetting into vial PVA_DMSO_800, amount: 0.050 mL
2026-04-24 17:15:22,844 - DEBUG - Adjusting pump 0 speed to 20
2026-04-24 17:15:24,680 - INFO - Short wait time (1.0s), allowing scale to settle after robot positioning...
2026-04-24 17:15:25,681 - INFO - Started continuous mass monitoring with pre-dispense baseline
2026-04-24 17:15:25,901 - DEBUG - Mass: -0.2066g at 0.000s (baseline_pre) steady=True
2026-04-24 17:15:26,301 - DEBUG - Mass: -0.2066g at 0.422s (baseline_pre) steady=True
2026-04-24 17:15:26,701 - DEBUG - Mass: -0.2066g at 0.822s (baseline_pre) steady=True
2026-04-24 17:15:27,100 - DEBUG - Mass: -0.2066g at 1.222s (baseline_pre) steady=True
2026-04-24 17:15:27,499 - DEBUG - Mass: -0.1958g at 1.622s (baseline_pre) steady=False
2026-04-24 17:15:27,681 - DEBUG - Dispensing 0.060 mL then waiting 5.0 s
2026-04-24 17:15:27,900 - DEBUG - Mass: -0.1940g at 2.020s (dispensing) steady=False
2026-04-24 17:15:28,299 - DEBUG - Mass: -0.1905g at 2.420s (dispensing) steady=False
2026-04-24 17:15:28,699 - DEBUG - Mass: -0.1905g at 2.820s (dispensing) steady=False
2026-04-24 17:15:29,099 - DEBUG - Mass: -0.1796g at 3.219s (dispensing) steady=False
2026-04-24 17:15:29,500 - DEBUG - Mass: -0.1699g at 3.620s (dispensing) steady=False
2026-04-24 17:15:29,900 - DEBUG - Mass: -0.1605g at 4.020s (dispensing) steady=False
2026-04-24 17:15:29,963 - DEBUG - Blowing out 0.300 mL
2026-04-24 17:15:29,963 - DEBUG - Adjusting pump 0 speed to 5
2026-04-24 17:15:30,299 - DEBUG - Mass: -0.1515g at 4.420s (dispensing) steady=False
2026-04-24 17:15:30,699 - DEBUG - Mass: -0.1395g at 4.820s (dispensing) steady=False
2026-04-24 17:15:31,099 - DEBUG - Mass: -0.1344g at 5.220s (dispensing) steady=False
2026-04-24 17:15:31,226 - DEBUG - Adjusting pump 0 speed to 20
2026-04-24 17:15:31,499 - DEBUG - Mass: -0.1335g at 5.620s (dispensing) steady=False
2026-04-24 17:15:31,899 - DEBUG - Mass: -0.1236g at 6.019s (dispensing) steady=False
2026-04-24 17:15:32,300 - DEBUG - Mass: -0.1307g at 6.419s (dispensing) steady=False
2026-04-24 17:15:32,700 - DEBUG - Mass: -0.1308g at 6.820s (dispensing) steady=False
2026-04-24 17:15:33,099 - DEBUG - Mass: -0.1310g at 7.220s (dispensing) steady=False
2026-04-24 17:15:33,499 - DEBUG - Mass: -0.1305g at 7.619s (dispensing) steady=False
2026-04-24 17:15:33,901 - DEBUG - Mass: -0.1307g at 8.020s (dispensing) steady=True
2026-04-24 17:15:34,299 - DEBUG - Mass: -0.1224g at 8.422s (dispensing) steady=False
2026-04-24 17:15:34,700 - DEBUG - Mass: -0.1223g at 8.819s (dispensing) steady=False
2026-04-24 17:15:35,100 - DEBUG - Mass: -0.1226g at 9.221s (dispensing) steady=False
2026-04-24 17:15:35,499 - DEBUG - Mass: -0.1224g at 9.620s (dispensing) steady=False
2026-04-24 17:15:35,899 - DEBUG - Mass: -0.1229g at 10.020s (dispensing) steady=False
2026-04-24 17:15:36,301 - DEBUG - Mass: -0.1224g at 10.420s (dispensing) steady=True
2026-04-24 17:15:36,701 - DEBUG - Mass: -0.1224g at 10.822s (dispensing) steady=True
2026-04-24 17:15:37,101 - DEBUG - Mass: -0.1224g at 11.222s (dispensing) steady=True
2026-04-24 17:15:37,501 - DEBUG - Mass: -0.1224g at 11.622s (dispensing) steady=True
2026-04-24 17:15:37,900 - DEBUG - Mass: -0.1224g at 12.021s (dispensing) steady=True
2026-04-24 17:15:38,302 - DEBUG - Mass: -0.1224g at 12.422s (dispensing) steady=True
2026-04-24 17:15:38,701 - DEBUG - Mass: -0.1223g at 12.822s (dispensing) steady=True
2026-04-24 17:15:39,101 - DEBUG - Mass: -0.1223g at 13.221s (dispensing) steady=True
2026-04-24 17:15:39,501 - DEBUG - Mass: -0.1223g at 13.622s (dispensing) steady=True
2026-04-24 17:15:39,900 - DEBUG - Mass: -0.1223g at 14.021s (dispensing) steady=True
2026-04-24 17:15:40,301 - DEBUG - Mass: -0.1223g at 14.421s (dispensing) steady=True
2026-04-24 17:15:40,701 - DEBUG - Mass: -0.1223g at 14.821s (dispensing) steady=True
2026-04-24 17:15:41,101 - DEBUG - Mass: -0.1223g at 15.221s (dispensing) steady=True
2026-04-24 17:15:41,501 - DEBUG - Mass: -0.1223g at 15.622s (dispensing) steady=True
2026-04-24 17:15:41,901 - DEBUG - Mass: -0.1223g at 16.021s (dispensing) steady=True
2026-04-24 17:15:42,301 - DEBUG - Mass: -0.1223g at 16.422s (dispensing) steady=True
2026-04-24 17:15:42,701 - DEBUG - Mass: -0.1223g at 16.821s (dispensing) steady=True
2026-04-24 17:15:43,099 - DEBUG - Mass: -0.1260g at 17.221s (dispensing) steady=False
2026-04-24 17:15:43,499 - DEBUG - Mass: -0.1265g at 17.619s (dispensing) steady=False
2026-04-24 17:15:43,899 - DEBUG - Mass: -0.1265g at 18.020s (dispensing) steady=False
2026-04-24 17:15:44,299 - DEBUG - Mass: -0.1263g at 18.420s (dispensing) steady=False
2026-04-24 17:15:44,700 - DEBUG - Mass: -0.1265g at 18.820s (dispensing) steady=True
2026-04-24 17:15:45,102 - DEBUG - Mass: -0.1265g at 19.221s (dispensing) steady=True
2026-04-24 17:15:45,501 - DEBUG - Mass: -0.1265g at 19.622s (dispensing) steady=True
2026-04-24 17:15:45,901 - DEBUG - Mass: -0.1265g at 20.022s (dispensing) steady=True
2026-04-24 17:15:46,301 - DEBUG - Mass: -0.1265g at 20.422s (dispensing) steady=True
2026-04-24 17:15:46,701 - DEBUG - Mass: -0.1265g at 20.822s (dispensing) steady=True
2026-04-24 17:15:47,100 - DEBUG - Mass: -0.1265g at 21.221s (dispensing) steady=True
2026-04-24 17:15:47,501 - DEBUG - Mass: -0.1265g at 21.621s (dispensing) steady=True
2026-04-24 17:15:47,765 - INFO - Dispensing took 20.084s, collecting post-dispense baseline
2026-04-24 17:15:47,901 - DEBUG - Mass: -0.1265g at 22.022s (dispensing) steady=True
2026-04-24 17:15:48,301 - DEBUG - Mass: -0.1265g at 22.422s (baseline_post) steady=True
2026-04-24 17:15:48,701 - DEBUG - Mass: -0.1265g at 22.822s (baseline_post) steady=True
2026-04-24 17:15:49,101 - DEBUG - Mass: -0.1265g at 23.222s (baseline_post) steady=True
2026-04-24 17:15:49,500 - DEBUG - Mass: -0.1265g at 23.621s (baseline_post) steady=True
2026-04-24 17:15:49,901 - DEBUG - Mass: -0.1265g at 24.022s (baseline_post) steady=True
2026-04-24 17:15:50,103 - INFO - Stopped continuous mass monitoring. Collected 61 data points
2026-04-24 17:15:50,106 - INFO - Pre-baseline: 4 stable readings, avg=-0.206600g
2026-04-24 17:15:50,107 - INFO - Post-baseline: 5 stable readings, avg=-0.126500g
2026-04-24 17:15:50,107 - INFO - INDEPENDENT BASELINE calculation:
2026-04-24 17:15:50,107 - INFO - Pre: STABLE, Post: STABLE, Mass difference: 0.080100g
2026-04-24 17:15:50,108 - INFO - Reading summary: 5 pre-readings (4 stable), 5 post-readings (5 stable)
2026-04-24 17:15:50,109 - INFO - Baseline variability: pre_std=0.004830g, post_std=0.000000g
2026-04-24 17:15:50,109 - INFO - Target: 0.050 mL = ~0.050000 g for water
2026-04-24 17:15:50,111 - INFO - Saved 61 mass measurements to output\mass_measurements\experiment_log2026-04-24_17-10-54\mass_data_PVA_DMSO_800_20260424_171550.csv
2026-04-24 17:15:50,564 - INFO - Saved dispense mass vs time plot to output\mass_measurements\experiment_log2026-04-24_17-10-54\mass_plot_PVA_DMSO_800_20260424_171550.png
2026-04-24 17:15:50,564 - INFO - Removing pipet
2026-04-24 17:15:53,888 - INFO - Vial PVA_DMSO_800 already at clamp index 0, no move needed
2026-04-24 17:15:55,101 - DEBUG - Applied dict param aspirate_speed=25
2026-04-24 17:15:55,101 - DEBUG - Applied dict param dispense_speed=20
2026-04-24 17:15:55,101 - DEBUG - Applied dict param aspirate_wait_time=2.0
2026-04-24 17:15:55,101 - DEBUG - Applied dict param dispense_wait_time=5.0
2026-04-24 17:15:55,101 - DEBUG - Applied dict param pre_asp_air_vol=0.0
2026-04-24 17:15:55,101 - DEBUG - Applied dict param retract_speed=5.0
2026-04-24 17:15:55,101 - DEBUG - Applied dict param blowout_vol=0.3
2026-04-24 17:15:55,101 - DEBUG - Applied dict param post_asp_air_vol=0.0
2026-04-24 17:15:55,101 - DEBUG - Applied dict param post_retract_wait_time=0.0
2026-04-24 17:15:55,103 - DEBUG - Applied dict param overaspirate_vol=0.01
2026-04-24 17:15:55,103 - DEBUG - Applied dict param asp_disp_cycles=0
2026-04-24 17:15:55,103 - DEBUG - Selected small_tip for volume 0.050 mL
2026-04-24 17:15:55,104 - INFO - Getting small_tip (pipet number 35) from rack: small_tip_rack_2
2026-04-24 17:15:57,866 - INFO - Pipetting from vial PVA_DMSO_800, amount: 0.050 mL
2026-04-24 17:15:57,866 - INFO - Additional volume from calibration, amount: 0.010 mL
2026-04-24 17:15:57,868 - DEBUG - Adjusting pump 0 speed to 10
2026-04-24 17:15:59,742 - DEBUG - Adjusting pump 0 speed to 25
2026-04-24 17:16:00,786 - DEBUG - Aspirating 0.060 mL then waiting 2.0 s
2026-04-24 17:16:07,155 - DEBUG - Applied dict param aspirate_speed=25
2026-04-24 17:16:07,155 - DEBUG - Applied dict param dispense_speed=20
2026-04-24 17:16:07,155 - DEBUG - Applied dict param aspirate_wait_time=2.0
2026-04-24 17:16:07,155 - DEBUG - Applied dict param dispense_wait_time=5.0
2026-04-24 17:16:07,155 - DEBUG - Applied dict param pre_asp_air_vol=0.0
2026-04-24 17:16:07,155 - DEBUG - Applied dict param retract_speed=5.0
2026-04-24 17:16:07,155 - DEBUG - Applied dict param blowout_vol=0.3
2026-04-24 17:16:07,155 - DEBUG - Applied dict param post_asp_air_vol=0.0
2026-04-24 17:16:07,155 - DEBUG - Applied dict param post_retract_wait_time=0.0
2026-04-24 17:16:07,155 - DEBUG - Applied dict param overaspirate_vol=0.01
2026-04-24 17:16:07,155 - DEBUG - Applied dict param asp_disp_cycles=0
2026-04-24 17:16:07,156 - INFO - Pipetting into vial PVA_DMSO_800, amount: 0.050 mL
2026-04-24 17:16:07,158 - DEBUG - Adjusting pump 0 speed to 20
2026-04-24 17:16:09,001 - INFO - Short wait time (1.0s), allowing scale to settle after robot positioning...
2026-04-24 17:16:10,001 - INFO - Started continuous mass monitoring with pre-dispense baseline
2026-04-24 17:16:10,100 - DEBUG - Mass: -0.2036g at 0.000s (baseline_pre) steady=False
2026-04-24 17:16:10,500 - DEBUG - Mass: -0.2039g at 0.299s (baseline_pre) steady=False
2026-04-24 17:16:10,901 - DEBUG - Mass: -0.2040g at 0.699s (baseline_pre) steady=True
2026-04-24 17:16:11,301 - DEBUG - Mass: -0.2040g at 1.101s (baseline_pre) steady=True
2026-04-24 17:16:11,701 - DEBUG - Mass: -0.2040g at 1.500s (baseline_pre) steady=True
2026-04-24 17:16:12,002 - DEBUG - Dispensing 0.060 mL then waiting 5.0 s
2026-04-24 17:16:12,100 - DEBUG - Mass: -0.2040g at 1.901s (baseline_pre) steady=True
2026-04-24 17:16:12,501 - DEBUG - Mass: -0.2040g at 2.300s (dispensing) steady=True
2026-04-24 17:16:12,899 - DEBUG - Mass: -0.1874g at 2.701s (dispensing) steady=False
2026-04-24 17:16:13,299 - DEBUG - Mass: -0.1858g at 3.099s (dispensing) steady=False
2026-04-24 17:16:13,700 - DEBUG - Mass: -0.1731g at 3.499s (dispensing) steady=False
2026-04-24 17:16:14,100 - DEBUG - Mass: -0.1688g at 3.900s (dispensing) steady=False
2026-04-24 17:16:14,359 - DEBUG - Blowing out 0.300 mL
2026-04-24 17:16:14,359 - DEBUG - Adjusting pump 0 speed to 5
2026-04-24 17:16:14,500 - DEBUG - Mass: -0.1556g at 4.300s (dispensing) steady=False
2026-04-24 17:16:14,900 - DEBUG - Mass: -0.1367g at 4.700s (dispensing) steady=False
2026-04-24 17:16:15,300 - DEBUG - Mass: -0.1363g at 5.098s (dispensing) steady=False
2026-04-24 17:16:15,699 - DEBUG - Mass: -0.1349g at 5.499s (dispensing) steady=False
2026-04-24 17:16:15,763 - DEBUG - Adjusting pump 0 speed to 20
2026-04-24 17:16:16,099 - DEBUG - Mass: -0.1238g at 5.899s (dispensing) steady=False
2026-04-24 17:16:16,500 - DEBUG - Mass: -0.1231g at 6.299s (dispensing) steady=False
2026-04-24 17:16:16,900 - DEBUG - Mass: -0.1254g at 6.699s (dispensing) steady=False
2026-04-24 17:16:17,300 - DEBUG - Mass: -0.1259g at 7.099s (dispensing) steady=False
2026-04-24 17:16:17,700 - DEBUG - Mass: -0.1258g at 7.499s (dispensing) steady=False
2026-04-24 17:16:18,099 - DEBUG - Mass: -0.1261g at 7.899s (dispensing) steady=False
2026-04-24 17:16:18,500 - DEBUG - Mass: -0.1262g at 8.299s (dispensing) steady=False
2026-04-24 17:16:18,900 - DEBUG - Mass: -0.1256g at 8.700s (dispensing) steady=False
2026-04-24 17:16:19,300 - DEBUG - Mass: -0.1251g at 9.100s (dispensing) steady=False
2026-04-24 17:16:19,700 - DEBUG - Mass: -0.1253g at 9.500s (dispensing) steady=False
2026-04-24 17:16:20,102 - DEBUG - Mass: -0.1253g at 9.898s (dispensing) steady=True
2026-04-24 17:16:20,501 - DEBUG - Mass: -0.1253g at 10.300s (dispensing) steady=True
2026-04-24 17:16:20,901 - DEBUG - Mass: -0.1253g at 10.701s (dispensing) steady=True
2026-04-24 17:16:21,301 - DEBUG - Mass: -0.1253g at 11.101s (dispensing) steady=True
2026-04-24 17:16:21,701 - DEBUG - Mass: -0.1253g at 11.501s (dispensing) steady=True
2026-04-24 17:16:22,102 - DEBUG - Mass: -0.1253g at 11.900s (dispensing) steady=True
2026-04-24 17:16:22,499 - DEBUG - Mass: -0.1175g at 12.301s (dispensing) steady=False
2026-04-24 17:16:22,899 - DEBUG - Mass: -0.1175g at 12.699s (dispensing) steady=False
2026-04-24 17:16:23,300 - DEBUG - Mass: -0.1163g at 13.099s (dispensing) steady=False
2026-04-24 17:16:23,700 - DEBUG - Mass: -0.1170g at 13.499s (dispensing) steady=False
2026-04-24 17:16:24,100 - DEBUG - Mass: -0.1170g at 13.900s (dispensing) steady=False
2026-04-24 17:16:24,500 - DEBUG - Mass: -0.1176g at 14.299s (dispensing) steady=False
2026-04-24 17:16:24,900 - DEBUG - Mass: -0.1173g at 14.699s (dispensing) steady=False
2026-04-24 17:16:25,300 - DEBUG - Mass: -0.1167g at 15.099s (dispensing) steady=False
2026-04-24 17:16:25,701 - DEBUG - Mass: -0.1170g at 15.499s (dispensing) steady=True
2026-04-24 17:16:26,101 - DEBUG - Mass: -0.1170g at 15.900s (dispensing) steady=True
2026-04-24 17:16:26,501 - DEBUG - Mass: -0.1170g at 16.300s (dispensing) steady=True
2026-04-24 17:16:26,902 - DEBUG - Mass: -0.1170g at 16.700s (dispensing) steady=True
2026-04-24 17:16:27,300 - DEBUG - Mass: -0.1199g at 17.101s (dispensing) steady=False
2026-04-24 17:16:27,700 - DEBUG - Mass: -0.1212g at 17.499s (dispensing) steady=False
2026-04-24 17:16:28,099 - DEBUG - Mass: -0.1216g at 17.899s (dispensing) steady=False
2026-04-24 17:16:28,500 - DEBUG - Mass: -0.1223g at 18.299s (dispensing) steady=False
2026-04-24 17:16:28,900 - DEBUG - Mass: -0.1219g at 18.700s (dispensing) steady=False
2026-04-24 17:16:29,300 - DEBUG - Mass: -0.1206g at 19.100s (dispensing) steady=False
2026-04-24 17:16:29,700 - DEBUG - Mass: -0.1212g at 19.499s (dispensing) steady=False
2026-04-24 17:16:30,100 - DEBUG - Mass: -0.1220g at 19.899s (dispensing) steady=False
2026-04-24 17:16:30,501 - DEBUG - Mass: -0.1217g at 20.300s (dispensing) steady=True
2026-04-24 17:16:30,901 - DEBUG - Mass: -0.1217g at 20.700s (dispensing) steady=True
2026-04-24 17:16:31,301 - DEBUG - Mass: -0.1217g at 21.100s (dispensing) steady=True
2026-04-24 17:16:31,700 - DEBUG - Mass: -0.1217g at 21.500s (dispensing) steady=True
2026-04-24 17:16:31,965 - INFO - Dispensing took 19.963s, collecting post-dispense baseline
2026-04-24 17:16:32,102 - DEBUG - Mass: -0.1217g at 21.901s (dispensing) steady=True
2026-04-24 17:16:32,502 - DEBUG - Mass: -0.1217g at 22.301s (baseline_post) steady=True
2026-04-24 17:16:32,902 - DEBUG - Mass: -0.1217g at 22.700s (baseline_post) steady=True
2026-04-24 17:16:33,301 - DEBUG - Mass: -0.1217g at 23.100s (baseline_post) steady=True
2026-04-24 17:16:33,701 - DEBUG - Mass: -0.1217g at 23.500s (baseline_post) steady=True
2026-04-24 17:16:34,101 - DEBUG - Mass: -0.1217g at 23.901s (baseline_post) steady=True
2026-04-24 17:16:34,302 - INFO - Stopped continuous mass monitoring. Collected 61 data points
2026-04-24 17:16:34,305 - INFO - Pre-baseline: 4 stable readings, avg=-0.204000g
2026-04-24 17:16:34,306 - INFO - Post-baseline: 5 stable readings, avg=-0.121700g
2026-04-24 17:16:34,306 - INFO - INDEPENDENT BASELINE calculation:
2026-04-24 17:16:34,306 - INFO - Pre: STABLE, Post: STABLE, Mass difference: 0.082300g
2026-04-24 17:16:34,307 - INFO - Reading summary: 6 pre-readings (4 stable), 5 post-readings (5 stable)
2026-04-24 17:16:34,308 - INFO - Baseline variability: pre_std=0.000160g, post_std=0.000000g
2026-04-24 17:16:34,308 - INFO - Target: 0.050 mL = ~0.050000 g for water
2026-04-24 17:16:34,310 - INFO - Saved 61 mass measurements to output\mass_measurements\experiment_log2026-04-24_17-10-54\mass_data_PVA_DMSO_800_20260424_171634.csv
2026-04-24 17:16:34,757 - INFO - Saved dispense mass vs time plot to output\mass_measurements\experiment_log2026-04-24_17-10-54\mass_plot_PVA_DMSO_800_20260424_171634.png
2026-04-24 17:16:34,757 - INFO - Removing pipet
2026-04-24 17:16:47,768 - INFO - Vial PVA_DMSO_800 already at clamp index 0, no move needed
2026-04-24 17:16:47,901 - DEBUG - Applied dict param aspirate_speed=25
2026-04-24 17:16:47,901 - DEBUG - Applied dict param dispense_speed=10
2026-04-24 17:16:47,901 - DEBUG - Applied dict param aspirate_wait_time=2.0
2026-04-24 17:16:47,901 - DEBUG - Applied dict param dispense_wait_time=2.0
2026-04-24 17:16:47,901 - DEBUG - Applied dict param pre_asp_air_vol=0.0
2026-04-24 17:16:47,901 - DEBUG - Applied dict param retract_speed=5.0
2026-04-24 17:16:47,901 - DEBUG - Applied dict param blowout_vol=0.5
2026-04-24 17:16:47,901 - DEBUG - Applied dict param post_asp_air_vol=0.0
2026-04-24 17:16:47,901 - DEBUG - Applied dict param post_retract_wait_time=0.0
2026-04-24 17:16:47,901 - DEBUG - Applied dict param overaspirate_vol=0.005
2026-04-24 17:16:47,901 - DEBUG - Applied dict param asp_disp_cycles=0
2026-04-24 17:16:47,902 - DEBUG - Selected small_tip for volume 0.050 mL
2026-04-24 17:16:47,903 - INFO - Getting small_tip (pipet number 36) from rack: small_tip_rack_2
2026-04-24 17:16:50,648 - INFO - Pipetting from vial PVA_DMSO_800, amount: 0.050 mL
2026-04-24 17:16:50,648 - INFO - Additional volume from calibration, amount: 0.005 mL
2026-04-24 17:16:50,651 - DEBUG - Adjusting pump 0 speed to 10
2026-04-24 17:16:52,540 - DEBUG - Adjusting pump 0 speed to 25
2026-04-24 17:16:53,595 - DEBUG - Aspirating 0.055 mL then waiting 2.0 s
2026-04-24 17:16:59,704 - DEBUG - Applied dict param aspirate_speed=25
2026-04-24 17:16:59,704 - DEBUG - Applied dict param dispense_speed=10
2026-04-24 17:16:59,706 - DEBUG - Applied dict param aspirate_wait_time=2.0
2026-04-24 17:16:59,706 - DEBUG - Applied dict param dispense_wait_time=2.0
2026-04-24 17:16:59,706 - DEBUG - Applied dict param pre_asp_air_vol=0.0
2026-04-24 17:16:59,706 - DEBUG - Applied dict param retract_speed=5.0
2026-04-24 17:16:59,706 - DEBUG - Applied dict param blowout_vol=0.5
2026-04-24 17:16:59,706 - DEBUG - Applied dict param post_asp_air_vol=0.0
2026-04-24 17:16:59,706 - DEBUG - Applied dict param post_retract_wait_time=0.0
2026-04-24 17:16:59,706 - DEBUG - Applied dict param overaspirate_vol=0.005
2026-04-24 17:16:59,706 - DEBUG - Applied dict param asp_disp_cycles=0
2026-04-24 17:16:59,707 - INFO - Pipetting into vial PVA_DMSO_800, amount: 0.050 mL
2026-04-24 17:16:59,708 - DEBUG - Adjusting pump 0 speed to 10
2026-04-24 17:17:01,546 - INFO - Short wait time (1.0s), allowing scale to settle after robot positioning...
2026-04-24 17:17:02,546 - INFO - Started continuous mass monitoring with pre-dispense baseline
2026-04-24 17:17:02,700 - DEBUG - Mass: -0.1802g at 0.000s (baseline_pre) steady=False
2026-04-24 17:17:03,100 - DEBUG - Mass: -0.1804g at 0.355s (baseline_pre) steady=False
2026-04-24 17:17:03,499 - DEBUG - Mass: -0.1703g at 0.755s (baseline_pre) steady=False
2026-04-24 17:17:03,896 - DEBUG - Mass: -0.1669g at 1.157s (baseline_pre) steady=False
2026-04-24 17:17:04,299 - DEBUG - Mass: -0.1671g at 1.564s (baseline_pre) steady=False
2026-04-24 17:17:04,557 - DEBUG - Dispensing 0.055 mL then waiting 2.0 s
2026-04-24 17:17:04,691 - DEBUG - Mass: -0.1670g at 1.965s (baseline_pre) steady=True
2026-04-24 17:17:05,096 - DEBUG - Mass: -0.1670g at 2.365s (dispensing) steady=True
2026-04-24 17:17:05,177 - DEBUG - Blowing out 0.500 mL
2026-04-24 17:17:05,177 - DEBUG - Adjusting pump 0 speed to 5
2026-04-24 17:17:05,493 - DEBUG - Mass: -0.1484g at 2.765s (dispensing) steady=False
2026-04-24 17:17:05,890 - DEBUG - Mass: -0.1317g at 3.163s (dispensing) steady=False
2026-04-24 17:17:06,291 - DEBUG - Mass: -0.1223g at 3.564s (dispensing) steady=False
2026-04-24 17:17:06,698 - DEBUG - Mass: -0.1194g at 3.969s (dispensing) steady=False
2026-04-24 17:17:06,840 - DEBUG - Adjusting pump 0 speed to 10
2026-04-24 17:17:07,100 - DEBUG - Mass: -0.1177g at 4.358s (dispensing) steady=False
2026-04-24 17:17:07,487 - DEBUG - Mass: -0.1085g at 4.764s (dispensing) steady=False
2026-04-24 17:17:07,895 - DEBUG - Mass: -0.1111g at 5.163s (dispensing) steady=False
2026-04-24 17:17:08,290 - DEBUG - Mass: -0.1042g at 5.566s (dispensing) steady=False
2026-04-24 17:17:08,693 - DEBUG - Mass: -0.1033g at 5.959s (dispensing) steady=False
2026-04-24 17:17:09,099 - DEBUG - Mass: -0.1032g at 6.365s (dispensing) steady=False
2026-04-24 17:17:09,492 - DEBUG - Mass: -0.1032g at 6.767s (dispensing) steady=False
2026-04-24 17:17:09,887 - DEBUG - Mass: -0.1072g at 7.165s (dispensing) steady=False
2026-04-24 17:17:10,291 - DEBUG - Mass: -0.1096g at 7.566s (dispensing) steady=False
2026-04-24 17:17:10,700 - DEBUG - Mass: -0.1095g at 7.965s (dispensing) steady=False
2026-04-24 17:17:11,100 - DEBUG - Mass: -0.1100g at 8.357s (dispensing) steady=False
2026-04-24 17:17:11,501 - DEBUG - Mass: -0.1097g at 8.761s (dispensing) steady=True
2026-04-24 17:17:11,648 - INFO - Dispensing took 7.091s, collecting post-dispense baseline
2026-04-24 17:17:11,900 - DEBUG - Mass: -0.1097g at 9.166s (baseline_post) steady=True
2026-04-24 17:17:12,292 - DEBUG - Mass: -0.1097g at 9.567s (baseline_post) steady=True
2026-04-24 17:17:12,696 - DEBUG - Mass: -0.1097g at 9.969s (baseline_post) steady=True
2026-04-24 17:17:13,102 - DEBUG - Mass: -0.1097g at 10.358s (baseline_post) steady=True
2026-04-24 17:17:13,497 - DEBUG - Mass: -0.1097g at 10.760s (baseline_post) steady=True
2026-04-24 17:17:13,711 - INFO - Stopped continuous mass monitoring. Collected 28 data points
2026-04-24 17:17:13,711 - INFO - Pre-baseline: 1 stable readings, avg=-0.167000g
2026-04-24 17:17:13,711 - INFO - Post-baseline: 5 stable readings, avg=-0.109700g
2026-04-24 17:17:13,711 - INFO - INDEPENDENT BASELINE calculation:
2026-04-24 17:17:13,711 - INFO - Pre: STABLE, Post: STABLE, Mass difference: 0.057300g
2026-04-24 17:17:13,711 - INFO - Reading summary: 6 pre-readings (1 stable), 5 post-readings (5 stable)
2026-04-24 17:17:13,711 - INFO - Baseline variability: pre_std=0.006568g, post_std=0.000000g
2026-04-24 17:17:13,711 - INFO - Target: 0.050 mL = ~0.050000 g for water
2026-04-24 17:17:13,719 - INFO - Saved 28 mass measurements to output\mass_measurements\experiment_log2026-04-24_17-10-54\mass_data_PVA_DMSO_800_20260424_171713.csv
2026-04-24 17:17:14,187 - INFO - Saved dispense mass vs time plot to output\mass_measurements\experiment_log2026-04-24_17-10-54\mass_plot_PVA_DMSO_800_20260424_171713.png
2026-04-24 17:17:14,188 - INFO - Removing pipet
2026-04-24 17:17:17,480 - INFO - Vial PVA_DMSO_800 already at clamp index 0, no move needed
2026-04-24 17:17:18,302 - DEBUG - Applied dict param aspirate_speed=25
2026-04-24 17:17:18,302 - DEBUG - Applied dict param dispense_speed=10
2026-04-24 17:17:18,302 - DEBUG - Applied dict param aspirate_wait_time=2.0
2026-04-24 17:17:18,302 - DEBUG - Applied dict param dispense_wait_time=2.0
2026-04-24 17:17:18,302 - DEBUG - Applied dict param pre_asp_air_vol=0.0
2026-04-24 17:17:18,302 - DEBUG - Applied dict param retract_speed=5.0
2026-04-24 17:17:18,302 - DEBUG - Applied dict param blowout_vol=0.5
2026-04-24 17:17:18,302 - DEBUG - Applied dict param post_asp_air_vol=0.0
2026-04-24 17:17:18,303 - DEBUG - Applied dict param post_retract_wait_time=0.0
2026-04-24 17:17:18,303 - DEBUG - Applied dict param overaspirate_vol=0.005
2026-04-24 17:17:18,303 - DEBUG - Applied dict param asp_disp_cycles=0
2026-04-24 17:17:18,303 - DEBUG - Selected small_tip for volume 0.050 mL
2026-04-24 17:17:18,304 - INFO - Getting small_tip (pipet number 37) from rack: small_tip_rack_2
2026-04-24 17:17:21,043 - INFO - Pipetting from vial PVA_DMSO_800, amount: 0.050 mL
2026-04-24 17:17:21,043 - INFO - Additional volume from calibration, amount: 0.005 mL
2026-04-24 17:17:21,045 - DEBUG - Adjusting pump 0 speed to 10
2026-04-24 17:17:22,857 - DEBUG - Adjusting pump 0 speed to 25
2026-04-24 17:17:23,902 - DEBUG - Aspirating 0.055 mL then waiting 2.0 s
2026-04-24 17:17:30,019 - DEBUG - Applied dict param aspirate_speed=25
2026-04-24 17:17:30,019 - DEBUG - Applied dict param dispense_speed=10
2026-04-24 17:17:30,019 - DEBUG - Applied dict param aspirate_wait_time=2.0
2026-04-24 17:17:30,019 - DEBUG - Applied dict param dispense_wait_time=2.0
2026-04-24 17:17:30,019 - DEBUG - Applied dict param pre_asp_air_vol=0.0
2026-04-24 17:17:30,019 - DEBUG - Applied dict param retract_speed=5.0
2026-04-24 17:17:30,019 - DEBUG - Applied dict param blowout_vol=0.5
2026-04-24 17:17:30,019 - DEBUG - Applied dict param post_asp_air_vol=0.0
2026-04-24 17:17:30,019 - DEBUG - Applied dict param post_retract_wait_time=0.0
2026-04-24 17:17:30,020 - DEBUG - Applied dict param overaspirate_vol=0.005
2026-04-24 17:17:30,020 - DEBUG - Applied dict param asp_disp_cycles=0
2026-04-24 17:17:30,021 - INFO - Pipetting into vial PVA_DMSO_800, amount: 0.050 mL
2026-04-24 17:17:30,022 - DEBUG - Adjusting pump 0 speed to 10
2026-04-24 17:17:31,858 - INFO - Short wait time (1.0s), allowing scale to settle after robot positioning...
2026-04-24 17:17:32,859 - INFO - Started continuous mass monitoring with pre-dispense baseline
2026-04-24 17:17:33,100 - DEBUG - Mass: -0.1785g at 0.000s (baseline_pre) steady=False
2026-04-24 17:17:33,500 - DEBUG - Mass: -0.1789g at 0.442s (baseline_pre) steady=False
2026-04-24 17:17:33,900 - DEBUG - Mass: -0.1783g at 0.842s (baseline_pre) steady=False
2026-04-24 17:17:34,300 - DEBUG - Mass: -0.1786g at 1.243s (baseline_pre) steady=False
2026-04-24 17:17:34,700 - DEBUG - Mass: -0.1793g at 1.642s (baseline_pre) steady=False
2026-04-24 17:17:34,860 - DEBUG - Dispensing 0.055 mL then waiting 2.0 s
2026-04-24 17:17:35,100 - DEBUG - Mass: -0.1656g at 2.042s (dispensing) steady=False
2026-04-24 17:17:35,228 - DEBUG - Blowing out 0.500 mL
2026-04-24 17:17:35,228 - DEBUG - Adjusting pump 0 speed to 5
2026-04-24 17:17:35,500 - DEBUG - Mass: -0.1568g at 2.442s (dispensing) steady=False
2026-04-24 17:17:35,900 - DEBUG - Mass: -0.1279g at 2.842s (dispensing) steady=False
2026-04-24 17:17:36,300 - DEBUG - Mass: -0.1256g at 3.242s (dispensing) steady=False
2026-04-24 17:17:36,700 - DEBUG - Mass: -0.1155g at 3.643s (dispensing) steady=False
2026-04-24 17:17:37,100 - DEBUG - Mass: -0.1137g at 4.043s (dispensing) steady=False
2026-04-24 17:17:37,164 - DEBUG - Adjusting pump 0 speed to 10
2026-04-24 17:17:37,500 - DEBUG - Mass: -0.1152g at 4.442s (dispensing) steady=False
2026-04-24 17:17:37,900 - DEBUG - Mass: -0.1109g at 4.842s (dispensing) steady=False
2026-04-24 17:17:38,299 - DEBUG - Mass: -0.1072g at 5.242s (dispensing) steady=False
2026-04-24 17:17:38,700 - DEBUG - Mass: -0.1068g at 5.641s (dispensing) steady=False
2026-04-24 17:17:39,101 - DEBUG - Mass: -0.1065g at 6.042s (dispensing) steady=True
2026-04-24 17:17:39,502 - DEBUG - Mass: -0.1065g at 6.443s (dispensing) steady=True
2026-04-24 17:17:39,900 - DEBUG - Mass: -0.1008g at 6.844s (dispensing) steady=False
2026-04-24 17:17:40,300 - DEBUG - Mass: -0.1023g at 7.242s (dispensing) steady=False
2026-04-24 17:17:40,699 - DEBUG - Mass: -0.1030g at 7.641s (dispensing) steady=False
2026-04-24 17:17:41,100 - DEBUG - Mass: -0.1027g at 8.042s (dispensing) steady=False
2026-04-24 17:17:41,502 - DEBUG - Mass: -0.1027g at 8.442s (dispensing) steady=True
2026-04-24 17:17:41,694 - INFO - Dispensing took 6.834s, collecting post-dispense baseline
2026-04-24 17:17:41,902 - DEBUG - Mass: -0.1027g at 8.844s (baseline_post) steady=True
2026-04-24 17:17:42,302 - DEBUG - Mass: -0.1027g at 9.244s (baseline_post) steady=True
2026-04-24 17:17:42,702 - DEBUG - Mass: -0.1027g at 9.644s (baseline_post) steady=True
2026-04-24 17:17:43,101 - DEBUG - Mass: -0.1027g at 10.043s (baseline_post) steady=True
2026-04-24 17:17:43,501 - DEBUG - Mass: -0.1027g at 10.444s (baseline_post) steady=True
2026-04-24 17:17:43,702 - INFO - Stopped continuous mass monitoring. Collected 27 data points
2026-04-24 17:17:43,705 - INFO - Pre-baseline: No stable readings, using time-based avg=-0.178720g
2026-04-24 17:17:43,707 - INFO - Post-baseline: 5 stable readings, avg=-0.102700g
2026-04-24 17:17:43,707 - INFO - INDEPENDENT BASELINE calculation:
2026-04-24 17:17:43,707 - INFO - Pre: TIME-BASED, Post: STABLE, Mass difference: 0.076020g
2026-04-24 17:17:43,708 - INFO - Reading summary: 5 pre-readings (0 stable), 5 post-readings (5 stable)
2026-04-24 17:17:43,708 - INFO - Baseline variability: pre_std=0.000390g, post_std=0.000000g
2026-04-24 17:17:43,708 - INFO - Target: 0.050 mL = ~0.050000 g for water
2026-04-24 17:17:43,711 - INFO - Saved 27 mass measurements to output\mass_measurements\experiment_log2026-04-24_17-10-54\mass_data_PVA_DMSO_800_20260424_171743.csv
2026-04-24 17:17:44,201 - INFO - Saved dispense mass vs time plot to output\mass_measurements\experiment_log2026-04-24_17-10-54\mass_plot_PVA_DMSO_800_20260424_171743.png
2026-04-24 17:17:44,202 - INFO - Removing pipet
