2026-02-09 15:24:33,417 - INFO - Initializing North Robot...
2026-02-09 15:24:33,417 - DEBUG - Loading robot configuration files...
2026-02-09 15:24:33,430 - DEBUG - Loaded vial positions configuration from robot_state/vial_positions.yaml
2026-02-09 15:24:33,432 - DEBUG - Loaded pipet tips configuration from robot_state/pipet_tips.yaml
2026-02-09 15:24:33,435 - DEBUG - Loaded pipet racks configuration from robot_state/pipet_racks.yaml
2026-02-09 15:24:33,440 - DEBUG - Loaded pump configuration from robot_state/syringe_pumps.yaml
2026-02-09 15:24:33,441 - DEBUG - Loaded robot hardware configuration from robot_state/robot_hardware.yaml
2026-02-09 15:24:33,447 - DEBUG - Loaded wellplate properties configuration from robot_state/wellplates.yaml
2026-02-09 15:24:33,447 - DEBUG - Loading robot state files...
2026-02-09 15:24:33,451 - DEBUG - Loaded vial data from status/calibration_vials_short.csv
2026-02-09 15:24:33,460 - DEBUG - Loaded robot status from robot_state/robot_status.yaml
2026-02-09 15:24:33,464 - DEBUG - Loaded wellplate positions from robot_state/wellplates.yaml
2026-02-09 15:24:33,464 - DEBUG - Robot status loaded successfully
2026-02-09 15:24:33,464 - INFO - Physical initialization of North Robot...
2026-02-09 15:24:36,989 - DEBUG - Loading pumps from YAML configuration...
2026-02-09 15:24:37,101 - DEBUG - Loaded pump 0: volume=1.0mL, speed=11, liquid=None
2026-02-09 15:24:37,209 - DEBUG - Loaded pump 1: volume=2.5mL, speed=15, liquid=water
2026-02-09 15:24:37,209 - INFO - Robot reports having a vial index for liquid but only 0.000 mL volume - skipping dispense
2026-02-09 15:24:37,209 - WARNING - The robot reports having a tip, removing the tip
2026-02-09 15:24:37,209 - INFO - Removing pipet
2026-02-09 15:24:40,659 - INFO - Moving robot to home position
2026-02-09 15:24:42,502 - DEBUG - Initializing centrifuge controller...
2026-02-09 15:24:42,502 - INFO - Initializing North Track...
2026-02-09 15:24:42,502 - DEBUG - Loading track status from file: robot_state/track_status.yaml
2026-02-09 15:24:42,502 - DEBUG - Getting track status from file: robot_state/track_status.yaml
2026-02-09 15:24:42,503 - DEBUG - Loaded track status from robot_state/track_status.yaml
2026-02-09 15:24:42,503 - DEBUG - Loading track positions from: robot_state/track_positions.yaml
2026-02-09 15:24:42,510 - DEBUG - Loaded track positions configuration from robot_state/track_positions.yaml
2026-02-09 15:24:42,510 - DEBUG - Loading robot hardware configuration from: robot_state/robot_hardware.yaml
2026-02-09 15:24:42,514 - DEBUG - Loaded robot hardware configuration from robot_state/robot_hardware.yaml
2026-02-09 15:24:42,515 - DEBUG - Loaded wellplate properties configuration from robot_state/wellplates.yaml
2026-02-09 15:24:42,589 - DEBUG - Moving North Track to home position
2026-02-09 15:24:42,591 - INFO - Homing all robot components...
2026-02-09 15:24:42,591 - DEBUG - Homing carousel...
2026-02-09 15:24:50,315 - DEBUG - Homing robot axes...
2026-02-09 15:25:02,549 - DEBUG - Homing pump 0...
