2025-11-07 12:08:40,468 - INFO - Initializing North Robot...
2025-11-07 12:08:40,468 - DEBUG - Loading robot configuration files...
2025-11-07 12:08:40,468 - DEBUG - Loaded vial positions configuration from robot_state/vial_positions.yaml
2025-11-07 12:08:40,484 - DEBUG - Loaded pipet tips configuration from robot_state/pipet_tips.yaml
2025-11-07 12:08:40,489 - DEBUG - Loaded pipet racks configuration from robot_state/pipet_racks.yaml
2025-11-07 12:08:40,491 - DEBUG - Loaded pump configuration from robot_state/syringe_pumps.yaml
2025-11-07 12:08:40,491 - DEBUG - Loaded robot hardware configuration from robot_state/robot_hardware.yaml
2025-11-07 12:08:40,491 - DEBUG - Loaded wellplate properties configuration from robot_state/wellplates.yaml
2025-11-07 12:08:40,491 - DEBUG - Loading robot state files...
2025-11-07 12:08:40,519 - DEBUG - Loaded vial data from status/calibration_vials_short.csv
2025-11-07 12:08:40,520 - DEBUG - Loaded robot status from robot_state/robot_status.yaml
2025-11-07 12:08:40,524 - DEBUG - Loaded wellplate positions from robot_state/wellplates.yaml
2025-11-07 12:08:40,524 - DEBUG - Robot status loaded successfully
2025-11-07 12:08:40,524 - DEBUG - Loading pumps from YAML configuration...
2025-11-07 12:08:40,634 - DEBUG - Loaded pump 0: volume=1.0mL, speed=11, liquid=None
2025-11-07 12:08:40,745 - DEBUG - Loaded pump 1: volume=2.5mL, speed=15, liquid=water
2025-11-07 12:08:40,745 - DEBUG - Physical initialization of North Robot...
2025-11-07 12:08:41,061 - WARNING - The robot reports having liquid in its tip... Returning that liquid...
2025-11-07 12:08:41,061 - INFO - Pipetting into vial liquid_source_0, amount: 1.0 mL
2025-11-07 12:08:41,061 - DEBUG - Adjusting pump 0 speed to 13
2025-11-07 12:08:44,496 - DEBUG - Dispensing 1.020 mL then waiting 1.0 s
2025-11-07 12:08:44,496 - WARNING - Dispense exceeded limit: Dispensing all liquid
2025-11-07 12:08:45,670 - DEBUG - Blowing out 0.050 mL
2025-11-07 12:08:47,363 - WARNING - The robot reports having a tip, removing the tip
2025-11-07 12:08:47,364 - INFO - Removing pipet
2025-11-07 12:08:50,489 - INFO - Moving robot to home position
2025-11-07 12:08:52,468 - INFO - Initializing North Track...
2025-11-07 12:08:52,468 - DEBUG - Loading track status from file: robot_state/track_status.yaml
2025-11-07 12:08:52,468 - DEBUG - Getting track status from file: robot_state/track_status.yaml
2025-11-07 12:08:52,468 - DEBUG - Loaded track status from robot_state/track_status.yaml
2025-11-07 12:08:52,468 - DEBUG - Loading track positions from: robot_state/track_positions.yaml
2025-11-07 12:08:52,468 - DEBUG - Loaded track positions configuration from robot_state/track_positions.yaml
2025-11-07 12:08:52,468 - DEBUG - Loading robot hardware configuration from: robot_state/robot_hardware.yaml
2025-11-07 12:08:52,468 - DEBUG - Loaded robot hardware configuration from robot_state/robot_hardware.yaml
2025-11-07 12:08:52,468 - DEBUG - Loaded wellplate properties configuration from robot_state/wellplates.yaml
2025-11-07 12:08:52,580 - DEBUG - Moving North Track to home position
2025-11-07 12:08:52,582 - INFO -     vial_index           vial_name         location  location_index  vial_volume  capped cap_type vial_type    home_location  home_location_index
0            0  measurement_vial_0    main_8mL_rack               0        0.000    True     open      8_mL    main_8mL_rack                    0
1            1  measurement_vial_1    main_8mL_rack               1        0.000    True     open      8_mL    main_8mL_rack                    1
2            2  measurement_vial_2    main_8mL_rack               2        0.000    True     open      8_mL    main_8mL_rack                    2
3            3  measurement_vial_3    main_8mL_rack               3        0.000    True     open      8_mL    main_8mL_rack                    3
4            4  measurement_vial_4    main_8mL_rack               4        0.000    True     open      8_mL    main_8mL_rack                    4
5            5  measurement_vial_5    main_8mL_rack               5        0.000    True     open      8_mL    main_8mL_rack                    5
6            6  measurement_vial_6    main_8mL_rack               6        0.000    True     open      8_mL    main_8mL_rack                    6
7            7  measurement_vial_7    main_8mL_rack               7        0.000    True     open      8_mL    main_8mL_rack                    7
8            8  measurement_vial_8    main_8mL_rack               8        0.000    True     open      8_mL    main_8mL_rack                    8
9            9  measurement_vial_9    main_8mL_rack               9        0.000    True     open      8_mL    main_8mL_rack                    9
10          10       liquid_source   50mL_vial_rack               0        0.000    True     open     50_mL   50mL_vial_rack                    0
11          11     liquid_source_0  large_vial_rack               2       15.375    True     open     20_mL  large_vial_rack                    2
2025-11-07 12:08:52,601 - INFO - Visualizing vial racks...
2025-11-07 12:08:52,793 - DEBUG - Visualizing rack: Main Rack with filter: main_8mL_rack
2025-11-07 12:08:52,943 - DEBUG - Visualizing rack: Second Rack with filter: large_vial_rack
2025-11-07 12:08:58,420 - INFO - Moving vial measurement_vial_0 to clamp: 0
2025-11-07 12:08:58,421 - DEBUG - Grabbing vial 0 with index 0
2025-11-07 12:09:01,109 - DEBUG - Dropping off vial 0 at location clamp with index 0
2025-11-07 12:09:03,809 - DEBUG - Selected small_tip for volume 0.050 mL
