2026-01-16 16:45:19,793 - INFO - Initializing North Robot...
2026-01-16 16:45:19,793 - DEBUG - Loading robot configuration files...
2026-01-16 16:45:19,797 - DEBUG - Loaded vial positions configuration from robot_state/vial_positions.yaml
2026-01-16 16:45:19,797 - DEBUG - Loaded pipet tips configuration from robot_state/pipet_tips.yaml
2026-01-16 16:45:19,807 - DEBUG - Loaded pipet racks configuration from robot_state/pipet_racks.yaml
2026-01-16 16:45:19,810 - DEBUG - Loaded pump configuration from robot_state/syringe_pumps.yaml
2026-01-16 16:45:19,812 - DEBUG - Loaded robot hardware configuration from robot_state/robot_hardware.yaml
2026-01-16 16:45:19,819 - DEBUG - Loaded wellplate properties configuration from robot_state/wellplates.yaml
2026-01-16 16:45:19,819 - DEBUG - Loading robot state files...
2026-01-16 16:45:19,824 - DEBUG - Loaded vial data from ../utoronto_demo/status/surfactant_grid_vials_expanded.csv
2026-01-16 16:45:19,824 - DEBUG - Loaded robot status from robot_state/robot_status.yaml
2026-01-16 16:45:19,830 - DEBUG - Loaded wellplate positions from robot_state/wellplates.yaml
2026-01-16 16:45:19,830 - DEBUG - Robot status loaded successfully
2026-01-16 16:45:19,830 - INFO - Physical initialization of North Robot...
2026-01-16 16:45:19,830 - DEBUG - Loading pumps from YAML configuration...
2026-01-16 16:45:19,834 - DEBUG - Loaded pump 0: volume=1.0mL, speed=11, liquid=None
2026-01-16 16:45:19,834 - DEBUG - Loaded pump 1: volume=2.5mL, speed=15, liquid=water
2026-01-16 16:45:19,834 - WARNING - The robot reports having a vial in the gripper... Returning that vial home...
2026-01-16 16:45:19,834 - DEBUG - Dropping off vial 1 at location main_8mL_rack with index 1
2026-01-16 16:45:19,834 - INFO - Moving robot to home position
2026-01-16 16:45:19,834 - DEBUG - Initializing centrifuge controller...
2026-01-16 16:45:19,911 - DEBUG - Current reader status: <MagicMock name='mock.get_reader_status()' id='2560354402160'>
2026-01-16 16:45:19,911 - INFO - Initializing North Track...
2026-01-16 16:45:19,912 - DEBUG - Loading track status from file: robot_state/track_status.yaml
2026-01-16 16:45:19,912 - DEBUG - Getting track status from file: robot_state/track_status.yaml
2026-01-16 16:45:19,912 - DEBUG - Loaded track status from robot_state/track_status.yaml
2026-01-16 16:45:19,914 - DEBUG - Loading track positions from: robot_state/track_positions.yaml
2026-01-16 16:45:19,919 - DEBUG - Loaded track positions configuration from robot_state/track_positions.yaml
2026-01-16 16:45:19,919 - DEBUG - Loading robot hardware configuration from: robot_state/robot_hardware.yaml
2026-01-16 16:45:19,922 - DEBUG - Loaded robot hardware configuration from robot_state/robot_hardware.yaml
2026-01-16 16:45:19,924 - DEBUG - Loaded wellplate properties configuration from robot_state/wellplates.yaml
2026-01-16 16:45:19,925 - DEBUG - Moving North Track to home position
2026-01-16 16:45:19,928 - INFO -     vial_index        vial_name       location  location_index  vial_volume  capped cap_type vial_type  home_location  home_location_index
0            0        SDS_stock  main_8mL_rack               0         8.00    True     open      8_mL  main_8mL_rack                    0
1            1       DTAB_stock  main_8mL_rack               1         8.00    True     open      8_mL  main_8mL_rack                    1
2            2      pyrene_DMSO  main_8mL_rack               2         5.28    True     open      8_mL  main_8mL_rack                    2
3            3            water  main_8mL_rack               3         2.00    True     open      8_mL  main_8mL_rack                    3
4            6   SDS_dilution_0  main_8mL_rack               6         0.00    True     open      8_mL  main_8mL_rack                    6
5            7   SDS_dilution_1  main_8mL_rack               7         0.00    True     open      8_mL  main_8mL_rack                    7
6            8   SDS_dilution_2  main_8mL_rack               8         0.00    True     open      8_mL  main_8mL_rack                    8
7            9   SDS_dilution_3  main_8mL_rack               9         0.00    True     open      8_mL  main_8mL_rack                    9
8           10   SDS_dilution_4  main_8mL_rack              10         0.00    True     open      8_mL  main_8mL_rack                   10
9           11   SDS_dilution_5  main_8mL_rack              11         0.00    True     open      8_mL  main_8mL_rack                   11
10          12  DTAB_dilution_0  main_8mL_rack              12         0.00    True     open      8_mL  main_8mL_rack                   12
11          13  DTAB_dilution_1  main_8mL_rack              13         0.00    True     open      8_mL  main_8mL_rack                   13
12          14  DTAB_dilution_2  main_8mL_rack              14         0.00    True     open      8_mL  main_8mL_rack                   14
13          15  DTAB_dilution_3  main_8mL_rack              15         0.00    True     open      8_mL  main_8mL_rack                   15
14          16  DTAB_dilution_4  main_8mL_rack              16         0.00    True     open      8_mL  main_8mL_rack                   16
15          17  DTAB_dilution_5  main_8mL_rack              17         0.00    True     open      8_mL  main_8mL_rack                   17
2026-01-16 16:45:19,945 - INFO - Visualizing vial racks...
2026-01-16 16:45:19,985 - DEBUG - Matplotlib backend: tkagg
2026-01-16 16:45:20,122 - DEBUG - Visualizing rack: Main Rack with filter: main_8mL_rack
2026-01-16 16:45:20,222 - DEBUG - Visualizing rack: Second Rack with filter: large_vial_rack
2026-01-16 16:45:21,240 - DEBUG - Vial visualization displayed successfully
2026-01-16 16:45:21,240 - INFO - --Wellplate status-- 
 Wellplate type: 96 WELL PLATE 
 Number in source: 1 
 Number in waste: 0 
 Active wellplate position: None
2026-01-16 16:45:21,242 - INFO - Visualizing wellplate status...
2026-01-16 16:45:21,242 - DEBUG - Matplotlib backend: tkagg
2026-01-16 16:45:22,389 - DEBUG - Wellplate visualization displayed successfully
2026-01-16 16:45:22,390 - INFO - Getting new wellplate from source stack
2026-01-16 16:45:22,390 - DEBUG - Calculating well plate stack height for num: 1, wp_type: 96 WELL PLATE, stack: source_stack, operation: grab
2026-01-16 16:45:22,390 - DEBUG - Getting 1st wellplate from source at 85500
2026-01-16 16:45:22,390 - INFO - Grabbing wellplate from location: source_stack
2026-01-16 16:45:22,392 - DEBUG - Opening gripper
2026-01-16 16:45:22,395 - DEBUG - Closing gripper
2026-01-16 16:45:22,395 - INFO - Releasing wellplate at location: pipetting_area
2026-01-16 16:45:22,396 - DEBUG - Opening gripper
2026-01-16 16:45:22,398 - DEBUG - Moving North Track to home position
