2026-07-10 16:00:39,063 - DEBUG - No workflow config provided - using default initialization
2026-07-10 16:00:39,063 - INFO - Launching status review GUI...
2026-07-10 16:00:39,272 - INFO - Detected workflow name: Surfacant_Worflow_vial_movement_SP
2026-07-10 16:00:39,743 - INFO - Config editor loaded for workflow: Surfacant_Worflow_vial_movement_SP
2026-07-10 16:00:51,300 - INFO - User selected: Run Workflow
2026-07-10 16:00:51,318 - INFO - Status review completed - proceeding with hardware initialization
2026-07-10 16:00:51,977 - INFO - Initializing North Robot...
2026-07-10 16:00:51,978 - DEBUG - Loading robot configuration files...
2026-07-10 16:00:51,994 - DEBUG - Loaded vial positions configuration from robot_state/vial_positions.yaml
2026-07-10 16:00:51,995 - DEBUG - Loaded pipet tips configuration from robot_state/pipet_tips.yaml
2026-07-10 16:00:52,000 - DEBUG - Loaded pipet racks configuration from robot_state/pipet_racks.yaml
2026-07-10 16:00:52,003 - DEBUG - Loaded pump configuration from robot_state/syringe_pumps.yaml
2026-07-10 16:00:52,006 - DEBUG - Loaded robot hardware configuration from robot_state/robot_hardware.yaml
2026-07-10 16:00:52,009 - DEBUG - Loaded wellplate properties configuration from robot_state/wellplates.yaml
2026-07-10 16:00:52,009 - DEBUG - Loading robot state files...
2026-07-10 16:00:52,029 - DEBUG - Loaded vial data from C:\Users\Imaging Controller\Desktop\utoronto_demo\status\surfactant_multidim_vials.csv
2026-07-10 16:00:52,030 - DEBUG - Loaded robot status from robot_state/robot_status.yaml
2026-07-10 16:00:52,034 - DEBUG - Loaded wellplate positions from robot_state/wellplates.yaml
2026-07-10 16:00:52,034 - DEBUG - Robot status loaded successfully
2026-07-10 16:00:52,034 - INFO - Physical initialization of North Robot...
2026-07-10 16:00:55,565 - DEBUG - Loading pumps from YAML configuration...
2026-07-10 16:00:55,654 - DEBUG - Loaded pump 0: volume=1.0mL, speed=11, liquid=None
2026-07-10 16:00:55,756 - DEBUG - Loaded pump 1: volume=2.5mL, speed=15, liquid=water
2026-07-10 16:00:55,756 - INFO - Moving robot to home position
2026-07-10 16:00:56,251 - DEBUG - Initializing centrifuge controller...
2026-07-10 16:00:56,251 - INFO - Initializing North Track...
2026-07-10 16:00:56,251 - DEBUG - Loading track status from file: robot_state/track_status.yaml
2026-07-10 16:00:56,251 - DEBUG - Getting track status from file: robot_state/track_status.yaml
2026-07-10 16:00:56,253 - DEBUG - Loaded track status from robot_state/track_status.yaml
2026-07-10 16:00:56,253 - DEBUG - Loading track positions from: robot_state/track_positions.yaml
2026-07-10 16:00:56,260 - DEBUG - Loaded track positions configuration from robot_state/track_positions.yaml
2026-07-10 16:00:56,260 - DEBUG - Loading robot hardware configuration from: robot_state/robot_hardware.yaml
2026-07-10 16:00:56,262 - DEBUG - Loaded robot hardware configuration from robot_state/robot_hardware.yaml
2026-07-10 16:00:56,266 - DEBUG - Loaded wellplate properties configuration from robot_state/wellplates.yaml
2026-07-10 16:00:56,338 - DEBUG - Moving North Track to home position
2026-07-10 16:00:56,338 - DEBUG - Detected origin position (0,0) - setting location to 'origin'
2026-07-10 16:00:56,339 - DEBUG - Updated gripper location to: origin at position {'x': 0, 'z': 0}
2026-07-10 16:00:56,342 - INFO - Starting surfactant workflow movement replay test
2026-07-10 16:00:56,342 - INFO - Simulation mode: False
2026-07-10 16:00:56,342 - INFO - Workflow init strategy: grid
2026-07-10 16:00:56,344 - INFO - Rack-only configuration enabled for this test
2026-07-10 16:00:56,344 - INFO - Selected surfactants: ['TTAB', 'SDS', 'CHAPS']
2026-07-10 16:00:56,344 - INFO - Selected buffer: NaCl
2026-07-10 16:00:56,345 - INFO - Workflow surfactants: ['TTAB', 'SDS', 'CHAPS']
2026-07-10 16:00:56,345 - INFO - Homing robot components before test
2026-07-10 16:00:56,345 - INFO - Homing all robot components...
2026-07-10 16:00:56,345 - DEBUG - Homing carousel...
2026-07-10 16:01:04,075 - DEBUG - Homing robot axes...
