2025-10-15 10:40:59,670 - INFO - Initializing North Robot...
2025-10-15 10:40:59,670 - DEBUG - Loading robot configuration files...
2025-10-15 10:40:59,684 - DEBUG - Loaded vial positions configuration from robot_state/vial_positions.yaml
2025-10-15 10:40:59,686 - DEBUG - Loaded pipet tips configuration from robot_state/pipet_tips.yaml
2025-10-15 10:40:59,694 - DEBUG - Loaded pipet racks configuration from robot_state/pipet_racks.yaml
2025-10-15 10:40:59,708 - DEBUG - Loaded pump configuration from robot_state/syringe_pumps.yaml
2025-10-15 10:40:59,708 - DEBUG - Loaded robot hardware configuration from robot_state/robot_hardware.yaml
2025-10-15 10:40:59,708 - DEBUG - Loaded wellplate properties configuration from robot_state/wellplates.yaml
2025-10-15 10:40:59,708 - DEBUG - Loading robot state files...
2025-10-15 10:40:59,727 - DEBUG - Loaded vial data from status/calibration_vials_short.csv
2025-10-15 10:40:59,727 - DEBUG - Loaded robot status from robot_state/robot_status.yaml
2025-10-15 10:40:59,736 - DEBUG - Loaded wellplate positions from robot_state/wellplates.yaml
2025-10-15 10:40:59,736 - DEBUG - Robot status loaded successfully
2025-10-15 10:40:59,736 - DEBUG - Loading pumps from YAML configuration...
2025-10-15 10:41:00,707 - DEBUG - Loaded pump 0: volume=1.0mL, speed=11, liquid=None
2025-10-15 10:41:01,690 - DEBUG - Loaded pump 1: volume=2.5mL, speed=15, liquid=water
2025-10-15 10:41:01,690 - DEBUG - Physical initialization of North Robot...
2025-10-15 10:41:01,997 - INFO - Moving robot to home position
2025-10-15 10:41:02,170 - WARNING - Physical cleanup failed (attempt 1/2): Main: HOME REQUIRED: Home the robot or aux axis before moving
2025-10-15 10:41:02,171 - INFO - Homing robot components before pump initialization...
2025-10-15 10:41:02,171 - INFO - Homing all robot components...
2025-10-15 10:41:02,172 - DEBUG - Homing carousel...
2025-10-15 10:41:09,947 - DEBUG - Homing robot axes...
2025-10-15 10:41:30,058 - DEBUG - Homing pump 0...
2025-10-15 10:41:31,939 - DEBUG - Homing pump 1...
2025-10-15 10:41:33,611 - DEBUG - Homing track axes...
2025-10-15 10:41:33,611 - DEBUG - Homing track axis z_axis (axis 6)...
2025-10-15 10:41:37,143 - DEBUG - Homing track axis x_axis (axis 7)...
2025-10-15 10:41:43,997 - INFO - All robot components homed successfully
2025-10-15 10:41:43,997 - INFO - Moving robot to home position
2025-10-15 10:41:44,599 - INFO - Initializing North Track...
2025-10-15 10:41:44,600 - DEBUG - Loading track status from file: robot_state/track_status.yaml
2025-10-15 10:41:44,600 - DEBUG - Getting track status from file: robot_state/track_status.yaml
2025-10-15 10:41:44,625 - DEBUG - Loaded track status from robot_state/track_status.yaml
2025-10-15 10:41:44,625 - DEBUG - Loading track positions from: robot_state/track_positions.yaml
2025-10-15 10:41:44,638 - DEBUG - Loaded track positions configuration from robot_state/track_positions.yaml
2025-10-15 10:41:44,638 - DEBUG - Loading robot hardware configuration from: robot_state/robot_hardware.yaml
2025-10-15 10:41:44,638 - DEBUG - Loaded robot hardware configuration from robot_state/robot_hardware.yaml
2025-10-15 10:41:44,650 - DEBUG - Loaded wellplate properties configuration from robot_state/wellplates.yaml
2025-10-15 10:41:44,666 - INFO -     vial_index           vial_name         location  location_index  vial_volume  capped cap_type vial_type    home_location  home_location_index
0            0  measurement_vial_0    main_8mL_rack               0      0.00000    True     open      8_mL    main_8mL_rack                    0
1            1  measurement_vial_1    main_8mL_rack               1      0.00000    True     open      8_mL    main_8mL_rack                    1
2            2  measurement_vial_2    main_8mL_rack               2      0.00000    True     open      8_mL    main_8mL_rack                    2
3            3  measurement_vial_3    main_8mL_rack               3      0.00000    True     open      8_mL    main_8mL_rack                    3
4            4  measurement_vial_4    main_8mL_rack               4      0.00000    True     open      8_mL    main_8mL_rack                    4
5            5  measurement_vial_5    main_8mL_rack               5      0.00000    True     open      8_mL    main_8mL_rack                    5
6            6  measurement_vial_6    main_8mL_rack               6      0.00000    True     open      8_mL    main_8mL_rack                    6
7            7  measurement_vial_7    main_8mL_rack               7      0.00000    True     open      8_mL    main_8mL_rack                    7
8            8  measurement_vial_8    main_8mL_rack               8      0.00000    True     open      8_mL    main_8mL_rack                    8
9            9  measurement_vial_9    main_8mL_rack               9      0.00000    True     open      8_mL    main_8mL_rack                    9
10          10            liquid_s   50mL_vial_rack               0     21.36967    True     open     50_mL   50mL_vial_rack                    0
11          11       liquid_source  large_vial_rack               2     20.00000    True     open     20_mL  large_vial_rack                    2
2025-10-15 10:41:44,682 - INFO - Visualizing vial racks...
2025-10-15 10:41:44,881 - DEBUG - Visualizing rack: Main Rack with filter: main_8mL_rack
2025-10-15 10:41:45,031 - DEBUG - Visualizing rack: Second Rack with filter: large_vial_rack
