2025-10-07 16:59:54,389 - INFO - Initializing North Robot...
2025-10-07 16:59:54,389 - DEBUG - Loading robot configuration files...
2025-10-07 16:59:54,392 - DEBUG - Loaded vial positions configuration from robot_state/vial_positions.yaml
2025-10-07 16:59:54,393 - DEBUG - Loaded pipet tips configuration from robot_state/pipet_tips.yaml
2025-10-07 16:59:54,394 - DEBUG - Loaded pipet racks configuration from robot_state/pipet_racks.yaml
2025-10-07 16:59:54,395 - DEBUG - Loaded pump configuration from robot_state/syringe_pumps.yaml
2025-10-07 16:59:54,396 - DEBUG - Loaded robot hardware configuration from robot_state/robot_hardware.yaml
2025-10-07 16:59:54,397 - DEBUG - Loaded wellplate properties configuration from robot_state/wellplates.yaml
2025-10-07 16:59:54,397 - DEBUG - Loading robot state files...
2025-10-07 16:59:54,397 - DEBUG - Loaded vial data from ../utoronto_demo/status/degradation_vial_status.csv
2025-10-07 16:59:54,398 - DEBUG - Loaded robot status from robot_state/robot_status.yaml
2025-10-07 16:59:54,399 - DEBUG - Loaded wellplate positions from robot_state/wellplates.yaml
2025-10-07 16:59:54,399 - DEBUG - Robot status loaded successfully
2025-10-07 16:59:54,399 - DEBUG - Physical initialization of North Robot...
2025-10-07 16:59:54,399 - WARNING - The robot reports having liquid in its tip... Returning that liquid...
2025-10-07 16:59:54,399 - DEBUG - Vial move required for pipetting
2025-10-07 16:59:54,400 - INFO - Moving vial 3 to safe pipetting location
2025-10-07 16:59:54,400 - INFO - Moving vial 6M_HCl to clamp: 0
2025-10-07 16:59:54,400 - DEBUG - Grabbing vial 3 with index 3
2025-10-07 16:59:54,401 - DEBUG - Dropping off vial 3 at location clamp with index 0
2025-10-07 16:59:54,402 - DEBUG - Removing cap from clamped vial
2025-10-07 16:59:54,403 - INFO - Pipetting into vial 6M_HCl, amount: 0.312 mL
2025-10-07 16:59:54,403 - DEBUG - Adjusting pump 0 speed to 11
2025-10-07 16:59:54,403 - WARNING - Physical cleanup failed (attempt 1/2): 'North_Robot' object has no attribute 'CURRENT_PUMP_SPEEDS'
2025-10-07 16:59:54,403 - INFO - Homing robot components before pump initialization...
2025-10-07 16:59:54,403 - DEBUG - Simulating robot component homing...
2025-10-07 16:59:54,403 - WARNING - The robot reports having liquid in its tip... Returning that liquid...
2025-10-07 16:59:54,403 - INFO - Pipetting into vial 6M_HCl, amount: 0.312 mL
2025-10-07 16:59:54,404 - DEBUG - Adjusting pump 0 speed to 11
2025-10-07 16:59:54,404 - WARNING - Physical cleanup failed (attempt 2/2): 'North_Robot' object has no attribute 'CURRENT_PUMP_SPEEDS'
2025-10-07 16:59:54,404 - INFO - Homing robot components before pump initialization...
2025-10-07 16:59:54,404 - DEBUG - Simulating robot component homing...
2025-10-07 16:59:54,404 - ERROR - Failed to complete physical cleanup after 2 attempts: 'North_Robot' object has no attribute 'CURRENT_PUMP_SPEEDS'
