2025-09-26 12:02:50,822 - INFO - Initializing North Robot...
2025-09-26 12:02:50,822 - DEBUG - Loading robot configuration files...
2025-09-26 12:02:50,822 - DEBUG - Loaded vial positions configuration from ../utoronto_demo/robot_state/vial_positions.yaml
2025-09-26 12:02:50,822 - DEBUG - Loaded pipet tips configuration from ../utoronto_demo/robot_state/pipet_tips.yaml
2025-09-26 12:02:50,822 - DEBUG - Loaded pipet racks configuration from ../utoronto_demo/robot_state/pipet_racks.yaml
2025-09-26 12:02:50,839 - DEBUG - Loaded pump configuration from ../utoronto_demo/robot_state/syringe_pumps.yaml
2025-09-26 12:02:50,842 - DEBUG - Loaded robot hardware configuration from ../utoronto_demo/robot_state/robot_hardware.yaml
2025-09-26 12:02:50,843 - DEBUG - Loaded wellplate properties configuration from ../utoronto_demo/robot_state/wellplates.yaml
2025-09-26 12:02:50,843 - DEBUG - Loading robot state files...
2025-09-26 12:02:50,848 - DEBUG - Loaded vial data from ../utoronto_demo/status/sample_capped_vials.csv
2025-09-26 12:02:50,848 - DEBUG - Loaded robot status from ../utoronto_demo/robot_state/robot_status.yaml
2025-09-26 12:02:50,848 - DEBUG - Loaded wellplate positions from ../utoronto_demo/robot_state/wellplates.yaml
2025-09-26 12:02:50,848 - DEBUG - Physical initialization of North Robot...
2025-09-26 12:02:51,180 - INFO - Moving robot to home position
2025-09-26 12:02:51,481 - DEBUG - Loading pumps from YAML configuration...
2025-09-26 12:02:51,581 - DEBUG - Loaded pump 0: volume=1.0mL, speed=11, liquid=None
2025-09-26 12:02:51,682 - DEBUG - Loaded pump 1: volume=2.5mL, speed=15, liquid=water
2025-09-26 12:02:51,908 - INFO - Initializing North Track...
2025-09-26 12:02:51,908 - DEBUG - Loading track status from file: ../utoronto_demo/robot_state/track_status.yaml
2025-09-26 12:02:51,910 - DEBUG - Getting track status from file: ../utoronto_demo/robot_state/track_status.yaml
2025-09-26 12:02:51,913 - DEBUG - Loaded track status from ../utoronto_demo/robot_state/track_status.yaml
2025-09-26 12:02:51,913 - DEBUG - Loading track positions from: ../utoronto_demo/robot_state/track_positions.yaml
2025-09-26 12:02:51,937 - DEBUG - Loaded track positions configuration from ../utoronto_demo/robot_state/track_positions.yaml
2025-09-26 12:02:51,937 - DEBUG - Loading robot hardware configuration from: ../utoronto_demo/robot_state/robot_hardware.yaml
2025-09-26 12:02:51,937 - DEBUG - Loaded robot hardware configuration from ../utoronto_demo/robot_state/robot_hardware.yaml
2025-09-26 12:02:51,948 - DEBUG - Loaded wellplate properties configuration from ../utoronto_demo/robot_state/wellplates.yaml
2025-09-26 12:02:51,948 - DEBUG - Calculating well plate stack height for num: 2, wp_type: 48 WELL PLATE, stack: waste_stack, operation: release
2025-09-26 12:02:51,948 - ERROR - Cannot discard wellplate, designated wellplate stand is empty.
2025-09-26 12:03:16,880 - INFO - --Wellplate status-- 
 Wellplate type: 48 WELL PLATE 
 Number in source: 0 
 Number in waste: 1 
 Active wellplate position: gripper
2025-09-26 12:03:16,891 - INFO - Visualizing wellplate status...
2025-09-26 12:03:22,578 - INFO - Grabbing wellplate from location: pipetting_area
2025-09-26 12:03:22,682 - DEBUG - Opening gripper
