2025-10-23 14:46:22,285 - INFO - Initializing North Robot...
2025-10-23 14:46:22,285 - DEBUG - Loading robot configuration files...
2025-10-23 14:46:22,300 - DEBUG - Loaded vial positions configuration from robot_state/vial_positions.yaml
2025-10-23 14:46:22,303 - DEBUG - Loaded pipet tips configuration from robot_state/pipet_tips.yaml
2025-10-23 14:46:22,306 - DEBUG - Loaded pipet racks configuration from robot_state/pipet_racks.yaml
2025-10-23 14:46:22,306 - DEBUG - Loaded pump configuration from robot_state/syringe_pumps.yaml
2025-10-23 14:46:22,306 - DEBUG - Loaded robot hardware configuration from robot_state/robot_hardware.yaml
2025-10-23 14:46:22,315 - DEBUG - Loaded wellplate properties configuration from robot_state/wellplates.yaml
2025-10-23 14:46:22,315 - DEBUG - Loading robot state files...
2025-10-23 14:46:22,319 - DEBUG - Loaded vial data from ../utoronto_demo/status/sample_capped_vials.csv
2025-10-23 14:46:22,319 - DEBUG - Loaded robot status from robot_state/robot_status.yaml
2025-10-23 14:46:22,319 - DEBUG - Loaded wellplate positions from robot_state/wellplates.yaml
2025-10-23 14:46:22,319 - DEBUG - Robot status loaded successfully
2025-10-23 14:46:22,319 - DEBUG - Loading pumps from YAML configuration...
2025-10-23 14:46:22,431 - DEBUG - Loaded pump 0: volume=1.0mL, speed=11, liquid=None
2025-10-23 14:46:22,533 - DEBUG - Loaded pump 1: volume=2.5mL, speed=15, liquid=water
2025-10-23 14:46:22,533 - DEBUG - Physical initialization of North Robot...
2025-10-23 14:46:22,850 - WARNING - The robot reports having liquid in its tip... Returning that liquid...
2025-10-23 14:46:22,857 - DEBUG - Vial move required for pipetting
2025-10-23 14:46:23,301 - ERROR - Vial 11 cannot be moved to a safe pipetting location
