2025-10-15 10:42:01,490 - INFO - Initializing North Robot...
2025-10-15 10:42:01,490 - DEBUG - Loading robot configuration files...
2025-10-15 10:42:01,490 - DEBUG - Loaded vial positions configuration from robot_state/vial_positions.yaml
2025-10-15 10:42:01,490 - DEBUG - Loaded pipet tips configuration from robot_state/pipet_tips.yaml
2025-10-15 10:42:01,490 - DEBUG - Loaded pipet racks configuration from robot_state/pipet_racks.yaml
2025-10-15 10:42:01,508 - DEBUG - Loaded pump configuration from robot_state/syringe_pumps.yaml
2025-10-15 10:42:01,511 - DEBUG - Loaded robot hardware configuration from robot_state/robot_hardware.yaml
2025-10-15 10:42:01,512 - DEBUG - Loaded wellplate properties configuration from robot_state/wellplates.yaml
2025-10-15 10:42:01,512 - DEBUG - Loading robot state files...
2025-10-15 10:42:01,512 - DEBUG - Loaded vial data from status/calibration_vials_short.csv
2025-10-15 10:42:01,512 - DEBUG - Loaded robot status from robot_state/robot_status.yaml
2025-10-15 10:42:01,524 - DEBUG - Loaded wellplate positions from robot_state/wellplates.yaml
2025-10-15 10:42:01,524 - DEBUG - Robot status loaded successfully
2025-10-15 10:42:01,524 - DEBUG - Loading pumps from YAML configuration...
2025-10-15 10:42:01,632 - DEBUG - Loaded pump 0: volume=1.0mL, speed=11, liquid=None
2025-10-15 10:42:01,752 - DEBUG - Loaded pump 1: volume=2.5mL, speed=15, liquid=water
2025-10-15 10:42:01,752 - DEBUG - Physical initialization of North Robot...
2025-10-15 10:42:02,071 - INFO - Moving robot to home position
2025-10-15 10:42:02,589 - INFO - Initializing North Track...
2025-10-15 10:42:02,589 - DEBUG - Loading track status from file: robot_state/track_status.yaml
2025-10-15 10:42:02,589 - DEBUG - Getting track status from file: robot_state/track_status.yaml
2025-10-15 10:42:02,589 - DEBUG - Loaded track status from robot_state/track_status.yaml
2025-10-15 10:42:02,589 - DEBUG - Loading track positions from: robot_state/track_positions.yaml
2025-10-15 10:42:02,589 - DEBUG - Loaded track positions configuration from robot_state/track_positions.yaml
2025-10-15 10:42:02,589 - DEBUG - Loading robot hardware configuration from: robot_state/robot_hardware.yaml
2025-10-15 10:42:02,589 - DEBUG - Loaded robot hardware configuration from robot_state/robot_hardware.yaml
2025-10-15 10:42:02,589 - DEBUG - Loaded wellplate properties configuration from robot_state/wellplates.yaml
2025-10-15 10:42:02,605 - INFO -     vial_index           vial_name         location  location_index  vial_volume  capped cap_type vial_type    home_location  home_location_index
0            0  measurement_vial_0    main_8mL_rack               0      0.00000    True     open      8_mL    main_8mL_rack                    0
1            1  measurement_vial_1    main_8mL_rack               1      0.00000    True     open      8_mL    main_8mL_rack                    1
2            2  measurement_vial_2    main_8mL_rack               2      0.00000    True     open      8_mL    main_8mL_rack                    2
3            3  measurement_vial_3    main_8mL_rack               3      0.00000    True     open      8_mL    main_8mL_rack                    3
4            4  measurement_vial_4    main_8mL_rack               4      0.00000    True     open      8_mL    main_8mL_rack                    4
5            5  measurement_vial_5    main_8mL_rack               5      0.00000    True     open      8_mL    main_8mL_rack                    5
6            6  measurement_vial_6    main_8mL_rack               6      0.00000    True     open      8_mL    main_8mL_rack                    6
7            7  measurement_vial_7    main_8mL_rack               7      0.00000    True     open      8_mL    main_8mL_rack                    7
8            8  measurement_vial_8    main_8mL_rack               8      0.00000    True     open      8_mL    main_8mL_rack                    8
9            9  measurement_vial_9    main_8mL_rack               9      0.00000    True     open      8_mL    main_8mL_rack                    9
10          10            liquid_s   50mL_vial_rack               0     21.36967    True     open     50_mL   50mL_vial_rack                    0
11          11       liquid_source  large_vial_rack               2     20.00000    True     open     20_mL  large_vial_rack                    2
2025-10-15 10:42:02,624 - INFO - Visualizing vial racks...
2025-10-15 10:42:02,777 - DEBUG - Visualizing rack: Main Rack with filter: main_8mL_rack
2025-10-15 10:42:02,914 - DEBUG - Visualizing rack: Second Rack with filter: large_vial_rack
2025-10-15 10:42:20,222 - INFO - Moving vial measurement_vial_0 to clamp: 0
2025-10-15 10:42:20,222 - DEBUG - Grabbing vial 0 with index 0
2025-10-15 10:42:22,903 - DEBUG - Dropping off vial 0 at location clamp with index 0
2025-10-15 10:42:26,064 - DEBUG - Selected small_tip for volume 0.050 mL
2025-10-15 10:42:26,165 - DEBUG - Selected small_tip for volume 0.060 mL
2025-10-15 10:42:26,165 - INFO - Getting small_tip (pipet number 14) from rack: small_tip_rack_1
2025-10-15 10:42:31,275 - INFO - Pipetting from vial liquid_source, amount: 0.06 mL
2025-10-15 10:42:31,275 - DEBUG - Adjusting pump 0 speed to 15
2025-10-15 10:42:34,199 - DEBUG - Aspirating 0.060 mL then waiting 7.493569254875183 s
2025-10-15 10:42:42,947 - DEBUG - Aspirating 0.036 mL then waiting 0 s
2025-10-15 10:42:43,579 - INFO - Pipetting into vial measurement_vial_0, amount: 0.06 mL
2025-10-15 10:42:48,816 - DEBUG - Adjusting pump 0 speed to 14
2025-10-15 10:42:52,257 - DEBUG - Dispensing 0.096 mL then waiting 1.8431377410888672 s
2025-10-15 10:42:52,257 - WARNING - Dispense exceeded limit: Dispensing all liquid
2025-10-15 10:42:55,037 - DEBUG - Blowing out 0.153 mL
2025-10-15 10:42:55,037 - DEBUG - Adjusting pump 0 speed to 5
2025-10-15 10:42:58,045 - DEBUG - Selected small_tip for volume 0.055 mL
2025-10-15 10:42:58,047 - INFO - Pipetting from vial liquid_source, amount: 0.055 mL
2025-10-15 10:42:58,050 - DEBUG - Adjusting pump 0 speed to 35
2025-10-15 10:43:01,566 - DEBUG - Aspirating 0.055 mL then waiting 4.131045313552022 s
2025-10-15 10:43:24,727 - DEBUG - Aspirating 0.070 mL then waiting 0 s
2025-10-15 10:43:47,918 - INFO - Pipetting into vial measurement_vial_0, amount: 0.055 mL
2025-10-15 10:43:48,224 - DEBUG - Adjusting pump 0 speed to 25
2025-10-15 10:43:51,678 - DEBUG - Dispensing 0.125 mL then waiting 6.335586402565241 s
2025-10-15 10:43:51,679 - WARNING - Dispense exceeded limit: Dispensing all liquid
2025-10-15 10:44:04,398 - DEBUG - Blowing out 0.018 mL
2025-10-15 10:44:04,398 - DEBUG - Adjusting pump 0 speed to 5
2025-10-15 10:44:10,235 - DEBUG - Selected small_tip for volume 0.051 mL
2025-10-15 10:44:10,236 - INFO - Pipetting from vial liquid_source, amount: 0.051 mL
2025-10-15 10:44:10,237 - DEBUG - Adjusting pump 0 speed to 26
2025-10-15 10:44:13,731 - DEBUG - Aspirating 0.051 mL then waiting 9.46497700177133 s
2025-10-15 10:44:27,636 - DEBUG - Aspirating 0.021 mL then waiting 0 s
2025-10-15 10:44:29,315 - INFO - Pipetting into vial measurement_vial_0, amount: 0.051 mL
2025-10-15 10:44:31,027 - DEBUG - Adjusting pump 0 speed to 20
2025-10-15 10:44:34,476 - DEBUG - Dispensing 0.072 mL then waiting 4.14731428027153 s
2025-10-15 10:44:34,483 - WARNING - Dispense exceeded limit: Dispensing all liquid
2025-10-15 10:44:41,342 - DEBUG - Blowing out 0.056 mL
2025-10-15 10:44:41,342 - DEBUG - Adjusting pump 0 speed to 5
2025-10-15 10:44:44,240 - DEBUG - Selected small_tip for volume 0.055 mL
2025-10-15 10:44:44,242 - INFO - Pipetting from vial liquid_source, amount: 0.055 mL
2025-10-15 10:44:44,244 - DEBUG - Adjusting pump 0 speed to 19
2025-10-15 10:44:47,758 - DEBUG - Aspirating 0.055 mL then waiting 1.419868879020214 s
2025-10-15 10:44:51,692 - DEBUG - Aspirating 0.085 mL then waiting 0 s
2025-10-15 10:44:54,940 - INFO - Pipetting into vial measurement_vial_0, amount: 0.055 mL
2025-10-15 10:44:57,819 - DEBUG - Adjusting pump 0 speed to 31
2025-10-15 10:45:01,257 - DEBUG - Dispensing 0.140 mL then waiting 9.031390557065606 s
2025-10-15 10:45:24,470 - DEBUG - Blowing out 0.116 mL
2025-10-15 10:45:24,470 - DEBUG - Adjusting pump 0 speed to 5
2025-10-15 10:45:28,431 - DEBUG - Selected small_tip for volume 0.052 mL
2025-10-15 10:45:28,432 - INFO - Pipetting from vial liquid_source, amount: 0.052 mL
2025-10-15 10:45:28,433 - DEBUG - Adjusting pump 0 speed to 17
2025-10-15 10:45:31,937 - DEBUG - Aspirating 0.052 mL then waiting 2.9552022088319063 s
2025-10-15 10:45:37,132 - DEBUG - Aspirating 0.010 mL then waiting 0 s
2025-10-15 10:45:37,823 - INFO - Pipetting into vial measurement_vial_0, amount: 0.052 mL
2025-10-15 10:45:42,013 - DEBUG - Adjusting pump 0 speed to 18
2025-10-15 10:45:45,461 - DEBUG - Dispensing 0.062 mL then waiting 8.50240950472653 s
2025-10-15 10:45:45,461 - WARNING - Dispense exceeded limit: Dispensing all liquid
2025-10-15 10:45:56,095 - DEBUG - Blowing out 0.179 mL
2025-10-15 10:45:56,095 - DEBUG - Adjusting pump 0 speed to 5
2025-10-15 10:46:08,231 - DEBUG - Selected small_tip for volume 0.052 mL
2025-10-15 10:46:08,236 - INFO - Pipetting from vial liquid_source, amount: 0.052 mL
2025-10-15 10:46:08,240 - DEBUG - Adjusting pump 0 speed to 17
2025-10-15 10:46:11,746 - DEBUG - Aspirating 0.052 mL then waiting 7.68493028901773 s
2025-10-15 10:46:21,777 - DEBUG - Aspirating 0.015 mL then waiting 0 s
2025-10-15 10:46:22,564 - INFO - Pipetting into vial measurement_vial_0, amount: 0.052 mL
2025-10-15 10:46:24,017 - DEBUG - Adjusting pump 0 speed to 16
2025-10-15 10:46:27,487 - DEBUG - Dispensing 0.067 mL then waiting 4.28781091509933 s
2025-10-15 10:46:27,487 - WARNING - Dispense exceeded limit: Dispensing all liquid
2025-10-15 10:46:32,975 - DEBUG - Blowing out 0.136 mL
2025-10-15 10:46:32,975 - DEBUG - Adjusting pump 0 speed to 5
2025-10-15 10:46:46,117 - DEBUG - Selected small_tip for volume 0.053 mL
2025-10-15 10:46:46,117 - INFO - Pipetting from vial liquid_source, amount: 0.053 mL
2025-10-15 10:46:46,117 - DEBUG - Adjusting pump 0 speed to 24
2025-10-15 10:46:49,641 - DEBUG - Aspirating 0.053 mL then waiting 9.260020106955016 s
2025-10-15 10:47:02,278 - DEBUG - Aspirating 0.001 mL then waiting 0 s
2025-10-15 10:47:02,813 - INFO - Pipetting into vial measurement_vial_0, amount: 0.053 mL
2025-10-15 10:47:05,409 - DEBUG - Adjusting pump 0 speed to 20
2025-10-15 10:47:08,834 - DEBUG - Dispensing 0.053 mL then waiting 0.715216744089991 s
2025-10-15 10:47:11,597 - DEBUG - Blowing out 0.200 mL
2025-10-15 10:47:11,597 - DEBUG - Adjusting pump 0 speed to 5
2025-10-15 10:47:23,777 - DEBUG - Selected small_tip for volume 0.053 mL
2025-10-15 10:47:23,778 - INFO - Pipetting from vial liquid_source, amount: 0.053 mL
2025-10-15 10:47:23,779 - DEBUG - Adjusting pump 0 speed to 22
2025-10-15 10:47:27,294 - DEBUG - Aspirating 0.053 mL then waiting 10.0 s
2025-10-15 10:47:40,234 - INFO - Pipetting into vial measurement_vial_0, amount: 0.053 mL
2025-10-15 10:47:43,225 - DEBUG - Adjusting pump 0 speed to 10
2025-10-15 10:47:46,680 - DEBUG - Dispensing 0.053 mL then waiting 0.0 s
2025-10-15 10:47:47,064 - DEBUG - Blowing out 0.014 mL
2025-10-15 10:47:47,064 - DEBUG - Adjusting pump 0 speed to 5
2025-10-15 10:47:58,682 - DEBUG - Selected small_tip for volume 0.053 mL
2025-10-15 10:47:58,684 - INFO - Pipetting from vial liquid_source, amount: 0.053 mL
2025-10-15 10:47:58,686 - DEBUG - Adjusting pump 0 speed to 21
2025-10-15 10:48:02,179 - DEBUG - Aspirating 0.053 mL then waiting 2.996328003020312 s
2025-10-15 10:48:09,831 - INFO - Pipetting into vial measurement_vial_0, amount: 0.053 mL
2025-10-15 10:48:10,017 - DEBUG - Adjusting pump 0 speed to 10
2025-10-15 10:48:13,487 - DEBUG - Dispensing 0.053 mL then waiting 0.0 s
2025-10-15 10:48:23,695 - DEBUG - Selected small_tip for volume 0.060 mL
2025-10-15 10:48:23,702 - INFO - Pipetting from vial liquid_source, amount: 0.06 mL
2025-10-15 10:48:23,705 - DEBUG - Adjusting pump 0 speed to 21
2025-10-15 10:48:27,260 - DEBUG - Aspirating 0.060 mL then waiting 1.4334189186139778e-13 s
2025-10-15 10:48:32,121 - DEBUG - Aspirating 0.000 mL then waiting 0 s
2025-10-15 10:48:32,292 - INFO - Pipetting into vial measurement_vial_0, amount: 0.06 mL
2025-10-15 10:48:32,426 - DEBUG - Adjusting pump 0 speed to 10
2025-10-15 10:48:35,897 - DEBUG - Dispensing 0.060 mL then waiting 0.0 s
2025-10-15 10:48:35,897 - WARNING - Dispense exceeded limit: Dispensing all liquid
2025-10-15 10:48:36,306 - DEBUG - Blowing out 0.000 mL
2025-10-15 10:48:36,306 - DEBUG - Adjusting pump 0 speed to 5
2025-10-15 10:48:49,659 - DEBUG - Selected small_tip for volume 0.050 mL
2025-10-15 10:48:49,659 - INFO - Pipetting from vial liquid_source, amount: 0.05 mL
2025-10-15 10:48:49,675 - DEBUG - Adjusting pump 0 speed to 21
2025-10-15 10:48:53,172 - DEBUG - Aspirating 0.050 mL then waiting 0.0 s
2025-10-15 10:48:57,678 - INFO - Pipetting into vial measurement_vial_0, amount: 0.05 mL
2025-10-15 10:48:57,818 - DEBUG - Adjusting pump 0 speed to 10
2025-10-15 10:49:01,258 - DEBUG - Dispensing 0.050 mL then waiting 0.0 s
2025-10-15 10:49:01,660 - DEBUG - Blowing out 0.200 mL
2025-10-15 10:49:01,660 - DEBUG - Adjusting pump 0 speed to 5
2025-10-15 10:49:12,536 - DEBUG - Selected small_tip for volume 0.053 mL
2025-10-15 10:49:12,536 - INFO - Pipetting from vial liquid_source, amount: 0.053 mL
2025-10-15 10:49:12,536 - DEBUG - Adjusting pump 0 speed to 22
2025-10-15 10:49:16,077 - DEBUG - Aspirating 0.053 mL then waiting 9.999999999999837 s
2025-10-15 10:49:28,953 - DEBUG - Aspirating 0.000 mL then waiting 0 s
2025-10-15 10:49:29,109 - INFO - Pipetting into vial measurement_vial_0, amount: 0.053 mL
2025-10-15 10:49:29,217 - DEBUG - Adjusting pump 0 speed to 24
2025-10-15 10:49:32,680 - DEBUG - Dispensing 0.053 mL then waiting 0.8870874905459785 s
2025-10-15 10:49:36,162 - DEBUG - Blowing out 0.200 mL
2025-10-15 10:49:36,162 - DEBUG - Adjusting pump 0 speed to 5
2025-10-15 10:49:48,500 - DEBUG - Selected small_tip for volume 0.051 mL
2025-10-15 10:49:48,500 - INFO - Pipetting from vial liquid_source, amount: 0.051 mL
2025-10-15 10:49:48,502 - DEBUG - Adjusting pump 0 speed to 20
2025-10-15 10:49:52,034 - DEBUG - Aspirating 0.051 mL then waiting 5.611267375097399e-14 s
2025-10-15 10:49:54,637 - INFO - Pipetting into vial measurement_vial_0, amount: 0.051 mL
2025-10-15 10:49:55,217 - DEBUG - Adjusting pump 0 speed to 35
2025-10-15 10:49:58,658 - DEBUG - Dispensing 0.051 mL then waiting 0.0 s
2025-10-15 10:50:23,647 - DEBUG - Selected small_tip for volume 0.053 mL
2025-10-15 10:50:23,663 - INFO - Pipetting from vial liquid_source, amount: 0.053 mL
2025-10-15 10:50:23,663 - DEBUG - Adjusting pump 0 speed to 22
2025-10-15 10:50:27,185 - DEBUG - Aspirating 0.053 mL then waiting 10.0 s
2025-10-15 10:50:40,298 - INFO - Pipetting into vial measurement_vial_0, amount: 0.053 mL
2025-10-15 10:50:40,419 - DEBUG - Adjusting pump 0 speed to 13
2025-10-15 10:50:43,874 - DEBUG - Dispensing 0.053 mL then waiting 2.433649994996176 s
2025-10-15 10:50:46,791 - DEBUG - Blowing out 0.200 mL
2025-10-15 10:50:46,791 - DEBUG - Adjusting pump 0 speed to 5
2025-10-15 10:51:02,315 - DEBUG - Selected small_tip for volume 0.050 mL
2025-10-15 10:51:02,315 - INFO - Pipetting from vial liquid_source, amount: 0.05 mL
2025-10-15 10:51:02,315 - DEBUG - Adjusting pump 0 speed to 20
2025-10-15 10:51:05,865 - DEBUG - Aspirating 0.050 mL then waiting 1.645771788701984e-14 s
2025-10-15 10:51:08,303 - DEBUG - Aspirating 0.004 mL then waiting 0 s
2025-10-15 10:51:08,872 - INFO - Pipetting into vial measurement_vial_0, amount: 0.05 mL
2025-10-15 10:51:09,804 - DEBUG - Adjusting pump 0 speed to 10
2025-10-15 10:51:13,221 - DEBUG - Dispensing 0.054 mL then waiting 4.7134691714175055e-14 s
2025-10-15 10:51:13,641 - DEBUG - Blowing out 0.000 mL
2025-10-15 10:51:13,641 - DEBUG - Adjusting pump 0 speed to 5
2025-10-15 10:51:25,629 - DEBUG - Selected small_tip for volume 0.053 mL
2025-10-15 10:51:25,629 - INFO - Pipetting from vial liquid_source, amount: 0.053 mL
2025-10-15 10:51:25,629 - DEBUG - Adjusting pump 0 speed to 21
2025-10-15 10:51:29,133 - DEBUG - Aspirating 0.053 mL then waiting 6.131620680767341 s
2025-10-15 10:51:39,980 - INFO - Pipetting into vial measurement_vial_0, amount: 0.053 mL
2025-10-15 10:51:40,218 - DEBUG - Adjusting pump 0 speed to 12
2025-10-15 10:51:43,696 - DEBUG - Dispensing 0.053 mL then waiting 1.0601304644300275e-14 s
2025-10-15 10:51:44,192 - DEBUG - Blowing out 0.200 mL
2025-10-15 10:51:44,192 - DEBUG - Adjusting pump 0 speed to 5
2025-10-15 10:51:59,538 - DEBUG - Selected small_tip for volume 0.050 mL
2025-10-15 10:51:59,540 - INFO - Pipetting from vial liquid_source, amount: 0.05 mL
2025-10-15 10:51:59,541 - DEBUG - Adjusting pump 0 speed to 21
2025-10-15 10:52:03,083 - DEBUG - Aspirating 0.050 mL then waiting 0.0 s
2025-10-15 10:52:07,705 - INFO - Pipetting into vial measurement_vial_0, amount: 0.05 mL
2025-10-15 10:52:07,815 - DEBUG - Adjusting pump 0 speed to 10
2025-10-15 10:52:11,288 - DEBUG - Dispensing 0.050 mL then waiting 7.420033560514372e-15 s
2025-10-15 10:52:11,726 - DEBUG - Blowing out 0.000 mL
2025-10-15 10:52:11,726 - DEBUG - Adjusting pump 0 speed to 5
2025-10-15 10:52:24,434 - DEBUG - Selected small_tip for volume 0.053 mL
2025-10-15 10:52:24,434 - INFO - Pipetting from vial liquid_source, amount: 0.053 mL
2025-10-15 10:52:24,434 - DEBUG - Adjusting pump 0 speed to 32
2025-10-15 10:52:27,991 - DEBUG - Aspirating 0.053 mL then waiting 9.071896522462199 s
2025-10-15 10:52:46,638 - INFO - Pipetting into vial measurement_vial_0, amount: 0.053 mL
2025-10-15 10:52:46,803 - DEBUG - Adjusting pump 0 speed to 10
2025-10-15 10:52:50,253 - DEBUG - Dispensing 0.053 mL then waiting 6.220537865448329e-14 s
2025-10-15 10:52:50,678 - DEBUG - Blowing out 0.173 mL
2025-10-15 10:52:50,678 - DEBUG - Adjusting pump 0 speed to 5
2025-10-15 10:53:02,920 - DEBUG - Selected small_tip for volume 0.053 mL
2025-10-15 10:53:02,921 - INFO - Pipetting from vial liquid_source, amount: 0.053 mL
2025-10-15 10:53:02,923 - DEBUG - Adjusting pump 0 speed to 13
2025-10-15 10:53:06,487 - DEBUG - Aspirating 0.053 mL then waiting 1.874286077333505 s
2025-10-15 10:53:09,310 - INFO - Pipetting into vial measurement_vial_0, amount: 0.053 mL
2025-10-15 10:53:10,411 - DEBUG - Adjusting pump 0 speed to 10
2025-10-15 10:53:13,859 - DEBUG - Dispensing 0.053 mL then waiting 1.5507824799174188e-14 s
2025-10-15 10:53:14,267 - DEBUG - Blowing out 0.200 mL
2025-10-15 10:53:14,267 - DEBUG - Adjusting pump 0 speed to 5
2025-10-15 10:53:18,438 - DEBUG - Selected small_tip for volume 0.053 mL
2025-10-15 10:53:18,439 - INFO - Pipetting from vial liquid_source, amount: 0.053 mL
2025-10-15 10:53:18,441 - DEBUG - Adjusting pump 0 speed to 13
2025-10-15 10:53:22,004 - DEBUG - Aspirating 0.053 mL then waiting 1.874286077333505 s
2025-10-15 10:53:24,823 - INFO - Pipetting into vial measurement_vial_0, amount: 0.053 mL
2025-10-15 10:53:25,027 - DEBUG - Adjusting pump 0 speed to 10
2025-10-15 10:53:28,493 - DEBUG - Dispensing 0.053 mL then waiting 1.5507824799174188e-14 s
2025-10-15 10:53:28,874 - DEBUG - Blowing out 0.200 mL
2025-10-15 10:53:28,874 - DEBUG - Adjusting pump 0 speed to 5
2025-10-15 10:53:32,817 - DEBUG - Selected small_tip for volume 0.053 mL
2025-10-15 10:53:32,817 - INFO - Pipetting from vial liquid_source, amount: 0.053 mL
2025-10-15 10:53:32,826 - DEBUG - Adjusting pump 0 speed to 13
2025-10-15 10:53:36,335 - DEBUG - Aspirating 0.053 mL then waiting 1.874286077333505 s
2025-10-15 10:53:39,202 - INFO - Pipetting into vial measurement_vial_0, amount: 0.053 mL
2025-10-15 10:53:40,814 - DEBUG - Adjusting pump 0 speed to 10
2025-10-15 10:53:44,285 - DEBUG - Dispensing 0.053 mL then waiting 1.5507824799174188e-14 s
2025-10-15 10:53:44,701 - DEBUG - Blowing out 0.200 mL
2025-10-15 10:53:44,701 - DEBUG - Adjusting pump 0 speed to 5
2025-10-15 10:53:48,442 - DEBUG - Selected small_tip for volume 0.053 mL
2025-10-15 10:53:48,443 - INFO - Pipetting from vial liquid_source, amount: 0.053 mL
2025-10-15 10:53:48,445 - DEBUG - Adjusting pump 0 speed to 13
2025-10-15 10:53:51,994 - DEBUG - Aspirating 0.053 mL then waiting 1.874286077333505 s
2025-10-15 10:53:54,826 - INFO - Pipetting into vial measurement_vial_0, amount: 0.053 mL
2025-10-15 10:53:55,018 - DEBUG - Adjusting pump 0 speed to 10
2025-10-15 10:53:58,457 - DEBUG - Dispensing 0.053 mL then waiting 1.5507824799174188e-14 s
2025-10-15 10:53:58,855 - DEBUG - Blowing out 0.200 mL
2025-10-15 10:53:58,855 - DEBUG - Adjusting pump 0 speed to 5
2025-10-15 10:54:06,218 - DEBUG - Selected small_tip for volume 0.053 mL
2025-10-15 10:54:06,218 - INFO - Pipetting from vial liquid_source, amount: 0.053 mL
2025-10-15 10:54:06,218 - DEBUG - Adjusting pump 0 speed to 13
2025-10-15 10:54:09,744 - DEBUG - Aspirating 0.053 mL then waiting 1.874286077333505 s
2025-10-15 10:54:12,579 - INFO - Pipetting into vial measurement_vial_0, amount: 0.053 mL
2025-10-15 10:54:12,820 - DEBUG - Adjusting pump 0 speed to 10
2025-10-15 10:54:16,259 - DEBUG - Dispensing 0.053 mL then waiting 1.5507824799174188e-14 s
2025-10-15 10:54:16,678 - DEBUG - Blowing out 0.200 mL
2025-10-15 10:54:16,678 - DEBUG - Adjusting pump 0 speed to 5
2025-10-15 10:54:20,412 - DEBUG - Selected small_tip for volume 0.053 mL
2025-10-15 10:54:20,412 - INFO - Pipetting from vial liquid_source, amount: 0.053 mL
2025-10-15 10:54:20,429 - DEBUG - Adjusting pump 0 speed to 13
2025-10-15 10:54:23,968 - DEBUG - Aspirating 0.053 mL then waiting 1.874286077333505 s
2025-10-15 10:54:26,790 - INFO - Pipetting into vial measurement_vial_0, amount: 0.053 mL
2025-10-15 10:54:27,820 - DEBUG - Adjusting pump 0 speed to 10
2025-10-15 10:54:31,279 - DEBUG - Dispensing 0.053 mL then waiting 1.5507824799174188e-14 s
2025-10-15 10:54:31,695 - DEBUG - Blowing out 0.200 mL
2025-10-15 10:54:31,695 - DEBUG - Adjusting pump 0 speed to 5
2025-10-15 10:54:35,442 - DEBUG - Selected small_tip for volume 0.025 mL
2025-10-15 10:54:35,456 - DEBUG - Selected small_tip for volume 0.028 mL
2025-10-15 10:54:35,456 - INFO - Pipetting from vial liquid_source, amount: 0.028 mL
2025-10-15 10:54:35,473 - DEBUG - Adjusting pump 0 speed to 13
2025-10-15 10:54:39,004 - DEBUG - Aspirating 0.028 mL then waiting 1.874286077333505 s
2025-10-15 10:54:41,660 - INFO - Pipetting into vial measurement_vial_0, amount: 0.028 mL
2025-10-15 10:54:41,818 - DEBUG - Adjusting pump 0 speed to 10
2025-10-15 10:54:45,262 - DEBUG - Dispensing 0.028 mL then waiting 1.5507824799174188e-14 s
2025-10-15 10:54:45,588 - DEBUG - Blowing out 0.200 mL
2025-10-15 10:54:45,588 - DEBUG - Adjusting pump 0 speed to 5
2025-10-15 10:54:50,060 - DEBUG - Selected small_tip for volume 0.027 mL
2025-10-15 10:54:50,061 - INFO - Pipetting from vial liquid_source, amount: 0.027 mL
2025-10-15 10:54:50,063 - DEBUG - Adjusting pump 0 speed to 13
2025-10-15 10:54:53,588 - DEBUG - Aspirating 0.027 mL then waiting 1.874286077333505 s
2025-10-15 10:54:56,253 - INFO - Pipetting into vial measurement_vial_0, amount: 0.027 mL
2025-10-15 10:54:56,416 - DEBUG - Adjusting pump 0 speed to 10
2025-10-15 10:54:59,884 - DEBUG - Dispensing 0.027 mL then waiting 1.5507824799174188e-14 s
2025-10-15 10:55:00,197 - DEBUG - Blowing out 0.040 mL
2025-10-15 10:55:00,197 - DEBUG - Adjusting pump 0 speed to 5
2025-10-15 10:55:04,037 - DEBUG - Selected small_tip for volume 0.027 mL
2025-10-15 10:55:04,038 - INFO - Pipetting from vial liquid_source, amount: 0.027 mL
2025-10-15 10:55:04,040 - DEBUG - Adjusting pump 0 speed to 13
2025-10-15 10:55:07,619 - DEBUG - Aspirating 0.027 mL then waiting 1.874286077333505 s
2025-10-15 10:55:10,295 - INFO - Pipetting into vial measurement_vial_0, amount: 0.027 mL
2025-10-15 10:55:10,413 - DEBUG - Adjusting pump 0 speed to 10
2025-10-15 10:55:13,874 - DEBUG - Dispensing 0.027 mL then waiting 1.5507824799174188e-14 s
2025-10-15 10:55:14,199 - DEBUG - Blowing out 0.040 mL
2025-10-15 10:55:14,199 - DEBUG - Adjusting pump 0 speed to 5
2025-10-15 10:55:17,840 - DEBUG - Selected small_tip for volume 0.034 mL
2025-10-15 10:55:17,841 - INFO - Pipetting from vial liquid_source, amount: 0.034 mL
2025-10-15 10:55:17,844 - DEBUG - Adjusting pump 0 speed to 13
2025-10-15 10:55:21,393 - DEBUG - Aspirating 0.034 mL then waiting 1.874286077333505 s
2025-10-15 10:55:24,158 - INFO - Pipetting into vial measurement_vial_0, amount: 0.034 mL
2025-10-15 10:55:26,014 - DEBUG - Adjusting pump 0 speed to 10
2025-10-15 10:55:29,513 - DEBUG - Dispensing 0.034 mL then waiting 1.5507824799174188e-14 s
2025-10-15 10:55:29,836 - DEBUG - Blowing out 0.189 mL
2025-10-15 10:55:29,836 - DEBUG - Adjusting pump 0 speed to 5
2025-10-15 10:55:34,449 - DEBUG - Selected small_tip for volume 0.030 mL
2025-10-15 10:55:34,452 - INFO - Pipetting from vial liquid_source, amount: 0.03 mL
2025-10-15 10:55:34,452 - DEBUG - Adjusting pump 0 speed to 13
2025-10-15 10:55:37,993 - DEBUG - Aspirating 0.030 mL then waiting 1.874286077333505 s
2025-10-15 10:55:40,698 - INFO - Pipetting into vial measurement_vial_0, amount: 0.03 mL
2025-10-15 10:55:41,018 - DEBUG - Adjusting pump 0 speed to 10
2025-10-15 10:55:44,505 - DEBUG - Dispensing 0.030 mL then waiting 1.5507824799174188e-14 s
2025-10-15 10:55:44,842 - DEBUG - Blowing out 0.130 mL
2025-10-15 10:55:44,842 - DEBUG - Adjusting pump 0 speed to 5
2025-10-15 10:55:49,252 - DEBUG - Selected small_tip for volume 0.032 mL
2025-10-15 10:55:49,252 - INFO - Pipetting from vial liquid_source, amount: 0.032 mL
2025-10-15 10:55:49,256 - DEBUG - Adjusting pump 0 speed to 13
2025-10-15 10:55:52,790 - DEBUG - Aspirating 0.032 mL then waiting 1.874286077333505 s
2025-10-15 10:55:55,462 - INFO - Pipetting into vial measurement_vial_0, amount: 0.032 mL
2025-10-15 10:55:56,217 - DEBUG - Adjusting pump 0 speed to 10
2025-10-15 10:55:59,684 - DEBUG - Dispensing 0.032 mL then waiting 1.5507824799174188e-14 s
2025-10-15 10:56:00,031 - DEBUG - Blowing out 0.081 mL
2025-10-15 10:56:00,031 - DEBUG - Adjusting pump 0 speed to 5
2025-10-15 10:56:05,456 - DEBUG - Selected small_tip for volume 0.029 mL
2025-10-15 10:56:05,458 - INFO - Pipetting from vial liquid_source, amount: 0.029 mL
2025-10-15 10:56:05,460 - DEBUG - Adjusting pump 0 speed to 13
2025-10-15 10:56:09,020 - DEBUG - Aspirating 0.029 mL then waiting 1.874286077333505 s
2025-10-15 10:56:11,697 - INFO - Pipetting into vial measurement_vial_0, amount: 0.029 mL
2025-10-15 10:56:13,015 - DEBUG - Adjusting pump 0 speed to 10
2025-10-15 10:56:16,457 - DEBUG - Dispensing 0.029 mL then waiting 1.5507824799174188e-14 s
2025-10-15 10:56:16,809 - DEBUG - Blowing out 0.058 mL
2025-10-15 10:56:16,809 - DEBUG - Adjusting pump 0 speed to 5
2025-10-15 10:56:28,346 - DEBUG - Selected small_tip for volume 0.027 mL
2025-10-15 10:56:28,346 - INFO - Pipetting from vial liquid_source, amount: 0.027 mL
2025-10-15 10:56:28,346 - DEBUG - Adjusting pump 0 speed to 13
2025-10-15 10:56:31,882 - DEBUG - Aspirating 0.027 mL then waiting 1.874286077333505 s
2025-10-15 10:56:34,570 - INFO - Pipetting into vial measurement_vial_0, amount: 0.027 mL
2025-10-15 10:56:34,819 - DEBUG - Adjusting pump 0 speed to 10
2025-10-15 10:56:38,281 - DEBUG - Dispensing 0.027 mL then waiting 1.5507824799174188e-14 s
2025-10-15 10:56:47,921 - DEBUG - Selected small_tip for volume 0.026 mL
2025-10-15 10:56:47,937 - INFO - Pipetting from vial liquid_source, amount: 0.026 mL
2025-10-15 10:56:47,937 - DEBUG - Adjusting pump 0 speed to 13
2025-10-15 10:56:51,460 - DEBUG - Aspirating 0.026 mL then waiting 1.874286077333505 s
2025-10-15 10:56:54,140 - INFO - Pipetting into vial measurement_vial_0, amount: 0.026 mL
2025-10-15 10:56:54,420 - DEBUG - Adjusting pump 0 speed to 10
2025-10-15 10:56:57,883 - DEBUG - Dispensing 0.026 mL then waiting 1.5507824799174188e-14 s
2025-10-15 10:56:58,169 - DEBUG - Blowing out 0.056 mL
2025-10-15 10:56:58,169 - DEBUG - Adjusting pump 0 speed to 5
2025-10-15 10:57:12,213 - DEBUG - Selected small_tip for volume 0.028 mL
2025-10-15 10:57:12,213 - INFO - Pipetting from vial liquid_source, amount: 0.028 mL
2025-10-15 10:57:12,213 - DEBUG - Adjusting pump 0 speed to 13
2025-10-15 10:57:15,742 - DEBUG - Aspirating 0.028 mL then waiting 1.874286077333505 s
2025-10-15 10:57:18,456 - INFO - Pipetting into vial measurement_vial_0, amount: 0.028 mL
2025-10-15 10:57:20,620 - DEBUG - Adjusting pump 0 speed to 10
2025-10-15 10:57:24,053 - DEBUG - Dispensing 0.028 mL then waiting 1.5507824799174188e-14 s
2025-10-15 10:57:24,344 - DEBUG - Blowing out 0.041 mL
2025-10-15 10:57:24,344 - DEBUG - Adjusting pump 0 speed to 5
2025-10-15 10:57:27,642 - DEBUG - Selected small_tip for volume 0.028 mL
2025-10-15 10:57:27,644 - INFO - Pipetting from vial liquid_source, amount: 0.028 mL
2025-10-15 10:57:27,646 - DEBUG - Adjusting pump 0 speed to 13
2025-10-15 10:57:31,224 - DEBUG - Aspirating 0.028 mL then waiting 1.874286077333505 s
2025-10-15 10:57:33,928 - INFO - Pipetting into vial measurement_vial_0, amount: 0.028 mL
2025-10-15 10:57:34,215 - DEBUG - Adjusting pump 0 speed to 10
2025-10-15 10:57:37,687 - DEBUG - Dispensing 0.028 mL then waiting 1.5507824799174188e-14 s
2025-10-15 10:57:37,980 - DEBUG - Blowing out 0.041 mL
2025-10-15 10:57:37,980 - DEBUG - Adjusting pump 0 speed to 5
2025-10-15 10:57:41,433 - DEBUG - Selected small_tip for volume 0.028 mL
2025-10-15 10:57:41,433 - INFO - Pipetting from vial liquid_source, amount: 0.028 mL
2025-10-15 10:57:41,433 - DEBUG - Adjusting pump 0 speed to 13
2025-10-15 10:57:44,948 - DEBUG - Aspirating 0.028 mL then waiting 1.874286077333505 s
2025-10-15 10:57:47,603 - INFO - Pipetting into vial measurement_vial_0, amount: 0.028 mL
2025-10-15 10:57:47,826 - DEBUG - Adjusting pump 0 speed to 10
2025-10-15 10:57:51,283 - DEBUG - Dispensing 0.028 mL then waiting 1.5507824799174188e-14 s
2025-10-15 10:57:51,616 - DEBUG - Blowing out 0.041 mL
2025-10-15 10:57:51,616 - DEBUG - Adjusting pump 0 speed to 5
2025-10-15 10:57:55,044 - DEBUG - Selected small_tip for volume 0.028 mL
2025-10-15 10:57:55,050 - INFO - Pipetting from vial liquid_source, amount: 0.028 mL
2025-10-15 10:57:55,057 - DEBUG - Adjusting pump 0 speed to 13
2025-10-15 10:57:58,555 - DEBUG - Aspirating 0.028 mL then waiting 1.874286077333505 s
2025-10-15 10:58:01,238 - INFO - Pipetting into vial measurement_vial_0, amount: 0.028 mL
2025-10-15 10:58:03,607 - DEBUG - Adjusting pump 0 speed to 10
2025-10-15 10:58:07,102 - DEBUG - Dispensing 0.028 mL then waiting 1.5507824799174188e-14 s
2025-10-15 10:58:07,446 - DEBUG - Blowing out 0.041 mL
2025-10-15 10:58:07,446 - DEBUG - Adjusting pump 0 speed to 5
2025-10-15 10:58:18,449 - DEBUG - Selected small_tip for volume 0.027 mL
2025-10-15 10:58:18,449 - INFO - Pipetting from vial liquid_source, amount: 0.027 mL
2025-10-15 10:58:18,449 - DEBUG - Adjusting pump 0 speed to 13
2025-10-15 10:58:21,978 - DEBUG - Aspirating 0.027 mL then waiting 1.874286077333505 s
2025-10-15 10:58:24,664 - INFO - Pipetting into vial measurement_vial_0, amount: 0.027 mL
2025-10-15 10:58:24,824 - DEBUG - Adjusting pump 0 speed to 10
2025-10-15 10:58:28,260 - DEBUG - Dispensing 0.027 mL then waiting 1.5507824799174188e-14 s
2025-10-15 10:58:28,600 - DEBUG - Blowing out 0.031 mL
2025-10-15 10:58:28,600 - DEBUG - Adjusting pump 0 speed to 5
2025-10-15 10:58:41,945 - DEBUG - Selected small_tip for volume 0.030 mL
2025-10-15 10:58:41,945 - INFO - Pipetting from vial liquid_source, amount: 0.03 mL
2025-10-15 10:58:41,945 - DEBUG - Adjusting pump 0 speed to 13
2025-10-15 10:58:45,501 - DEBUG - Aspirating 0.030 mL then waiting 1.874286077333505 s
2025-10-15 10:58:48,177 - INFO - Pipetting into vial measurement_vial_0, amount: 0.03 mL
2025-10-15 10:58:48,417 - DEBUG - Adjusting pump 0 speed to 10
2025-10-15 10:58:51,920 - DEBUG - Dispensing 0.030 mL then waiting 1.5507824799174188e-14 s
2025-10-15 10:58:52,255 - DEBUG - Blowing out 0.048 mL
2025-10-15 10:58:52,255 - DEBUG - Adjusting pump 0 speed to 5
2025-10-15 10:59:06,624 - DEBUG - Selected small_tip for volume 0.027 mL
2025-10-15 10:59:06,624 - INFO - Pipetting from vial liquid_source, amount: 0.027 mL
2025-10-15 10:59:06,624 - DEBUG - Adjusting pump 0 speed to 13
2025-10-15 10:59:10,171 - DEBUG - Aspirating 0.027 mL then waiting 1.874286077333505 s
2025-10-15 10:59:12,867 - INFO - Pipetting into vial measurement_vial_0, amount: 0.027 mL
2025-10-15 10:59:13,018 - DEBUG - Adjusting pump 0 speed to 10
2025-10-15 10:59:16,505 - DEBUG - Dispensing 0.027 mL then waiting 1.5507824799174188e-14 s
2025-10-15 10:59:16,835 - DEBUG - Blowing out 0.137 mL
2025-10-15 10:59:16,835 - DEBUG - Adjusting pump 0 speed to 5
2025-10-15 10:59:28,240 - DEBUG - Selected small_tip for volume 0.028 mL
2025-10-15 10:59:28,240 - INFO - Pipetting from vial liquid_source, amount: 0.028 mL
2025-10-15 10:59:28,240 - DEBUG - Adjusting pump 0 speed to 13
2025-10-15 10:59:31,733 - DEBUG - Aspirating 0.028 mL then waiting 1.874286077333505 s
2025-10-15 10:59:34,391 - INFO - Pipetting into vial measurement_vial_0, amount: 0.028 mL
2025-10-15 10:59:34,627 - DEBUG - Adjusting pump 0 speed to 10
2025-10-15 10:59:38,093 - DEBUG - Dispensing 0.028 mL then waiting 1.5507824799174188e-14 s
2025-10-15 10:59:38,442 - DEBUG - Blowing out 0.046 mL
2025-10-15 10:59:38,442 - DEBUG - Adjusting pump 0 speed to 5
2025-10-15 10:59:50,398 - DEBUG - Selected small_tip for volume 0.028 mL
2025-10-15 10:59:50,398 - INFO - Pipetting from vial liquid_source, amount: 0.028 mL
2025-10-15 10:59:50,398 - DEBUG - Adjusting pump 0 speed to 13
2025-10-15 10:59:53,916 - DEBUG - Aspirating 0.028 mL then waiting 1.874286077333505 s
2025-10-15 10:59:56,586 - INFO - Pipetting into vial measurement_vial_0, amount: 0.028 mL
2025-10-15 10:59:56,821 - DEBUG - Adjusting pump 0 speed to 10
2025-10-15 11:00:00,268 - DEBUG - Dispensing 0.028 mL then waiting 1.5507824799174188e-14 s
2025-10-15 11:00:00,574 - DEBUG - Blowing out 0.038 mL
2025-10-15 11:00:00,574 - DEBUG - Adjusting pump 0 speed to 5
2025-10-15 11:00:04,845 - DEBUG - Selected small_tip for volume 0.028 mL
2025-10-15 11:00:04,846 - INFO - Pipetting from vial liquid_source, amount: 0.028 mL
2025-10-15 11:00:04,847 - DEBUG - Adjusting pump 0 speed to 13
2025-10-15 11:00:08,361 - DEBUG - Aspirating 0.028 mL then waiting 1.874286077333505 s
2025-10-15 11:00:11,064 - INFO - Pipetting into vial measurement_vial_0, amount: 0.028 mL
2025-10-15 11:00:11,221 - DEBUG - Adjusting pump 0 speed to 10
2025-10-15 11:00:14,728 - DEBUG - Dispensing 0.028 mL then waiting 1.5507824799174188e-14 s
2025-10-15 11:00:15,061 - DEBUG - Blowing out 0.038 mL
2025-10-15 11:00:15,061 - DEBUG - Adjusting pump 0 speed to 5
2025-10-15 11:00:18,631 - DEBUG - Selected small_tip for volume 0.028 mL
2025-10-15 11:00:18,631 - INFO - Pipetting from vial liquid_source, amount: 0.028 mL
2025-10-15 11:00:18,631 - DEBUG - Adjusting pump 0 speed to 13
2025-10-15 11:00:22,164 - DEBUG - Aspirating 0.028 mL then waiting 1.874286077333505 s
2025-10-15 11:00:24,860 - INFO - Pipetting into vial measurement_vial_0, amount: 0.028 mL
2025-10-15 11:00:25,028 - DEBUG - Adjusting pump 0 speed to 10
2025-10-15 11:00:28,515 - DEBUG - Dispensing 0.028 mL then waiting 1.5507824799174188e-14 s
2025-10-15 11:00:28,838 - DEBUG - Blowing out 0.038 mL
2025-10-15 11:00:28,838 - DEBUG - Adjusting pump 0 speed to 5
2025-10-15 11:00:32,645 - DEBUG - Selected small_tip for volume 0.028 mL
2025-10-15 11:00:32,648 - INFO - Pipetting from vial liquid_source, amount: 0.028 mL
2025-10-15 11:00:32,659 - DEBUG - Adjusting pump 0 speed to 13
2025-10-15 11:00:36,177 - DEBUG - Aspirating 0.028 mL then waiting 1.874286077333505 s
2025-10-15 11:00:38,891 - INFO - Pipetting into vial measurement_vial_0, amount: 0.028 mL
2025-10-15 11:00:39,824 - DEBUG - Adjusting pump 0 speed to 10
2025-10-15 11:00:43,311 - DEBUG - Dispensing 0.028 mL then waiting 1.5507824799174188e-14 s
2025-10-15 11:00:43,657 - DEBUG - Blowing out 0.038 mL
2025-10-15 11:00:43,657 - DEBUG - Adjusting pump 0 speed to 5
2025-10-15 11:00:46,639 - DEBUG - Selected small_tip for volume 0.028 mL
2025-10-15 11:00:46,642 - INFO - Pipetting from vial liquid_source, amount: 0.028 mL
2025-10-15 11:00:46,652 - DEBUG - Adjusting pump 0 speed to 13
2025-10-15 11:00:50,205 - DEBUG - Aspirating 0.028 mL then waiting 1.874286077333505 s
2025-10-15 11:00:52,915 - INFO - Pipetting into vial measurement_vial_0, amount: 0.028 mL
2025-10-15 11:00:53,020 - DEBUG - Adjusting pump 0 speed to 10
2025-10-15 11:00:56,501 - DEBUG - Dispensing 0.028 mL then waiting 1.5507824799174188e-14 s
2025-10-15 11:00:56,852 - DEBUG - Blowing out 0.038 mL
2025-10-15 11:00:56,852 - DEBUG - Adjusting pump 0 speed to 5
2025-10-15 11:01:01,036 - DEBUG - Selected small_tip for volume 0.028 mL
2025-10-15 11:01:01,041 - INFO - Pipetting from vial liquid_source, amount: 0.028 mL
2025-10-15 11:01:01,048 - DEBUG - Adjusting pump 0 speed to 13
2025-10-15 11:01:04,601 - DEBUG - Aspirating 0.028 mL then waiting 1.874286077333505 s
2025-10-15 11:01:07,310 - INFO - Pipetting into vial measurement_vial_0, amount: 0.028 mL
2025-10-15 11:01:07,408 - DEBUG - Adjusting pump 0 speed to 10
2025-10-15 11:01:10,827 - DEBUG - Dispensing 0.028 mL then waiting 1.5507824799174188e-14 s
2025-10-15 11:01:11,172 - DEBUG - Blowing out 0.038 mL
2025-10-15 11:01:11,173 - DEBUG - Adjusting pump 0 speed to 5
2025-10-15 11:01:16,628 - DEBUG - Selected small_tip for volume 0.100 mL
2025-10-15 11:01:16,643 - DEBUG - Selected small_tip for volume 0.103 mL
2025-10-15 11:01:16,643 - INFO - Pipetting from vial liquid_source, amount: 0.103 mL
2025-10-15 11:01:16,646 - DEBUG - Adjusting pump 0 speed to 13
2025-10-15 11:01:20,212 - DEBUG - Aspirating 0.103 mL then waiting 1.874286077333505 s
2025-10-15 11:01:23,343 - INFO - Pipetting into vial measurement_vial_0, amount: 0.103 mL
2025-10-15 11:01:24,226 - DEBUG - Adjusting pump 0 speed to 10
2025-10-15 11:01:27,714 - DEBUG - Dispensing 0.103 mL then waiting 1.5507824799174188e-14 s
2025-10-15 11:01:28,290 - DEBUG - Blowing out 0.038 mL
2025-10-15 11:01:28,290 - DEBUG - Adjusting pump 0 speed to 5
2025-10-15 11:01:32,221 - DEBUG - Selected small_tip for volume 0.103 mL
2025-10-15 11:01:32,221 - INFO - Pipetting from vial liquid_source, amount: 0.103 mL
2025-10-15 11:01:32,221 - DEBUG - Adjusting pump 0 speed to 13
2025-10-15 11:01:35,759 - DEBUG - Aspirating 0.103 mL then waiting 1.874286077333505 s
2025-10-15 11:01:38,927 - INFO - Pipetting into vial measurement_vial_0, amount: 0.103 mL
2025-10-15 11:01:39,230 - DEBUG - Adjusting pump 0 speed to 10
2025-10-15 11:01:42,685 - DEBUG - Dispensing 0.103 mL then waiting 1.5507824799174188e-14 s
2025-10-15 11:01:43,261 - DEBUG - Blowing out 0.038 mL
2025-10-15 11:01:43,261 - DEBUG - Adjusting pump 0 speed to 5
2025-10-15 11:01:47,444 - DEBUG - Selected small_tip for volume 0.109 mL
2025-10-15 11:01:47,445 - INFO - Pipetting from vial liquid_source, amount: 0.109 mL
2025-10-15 11:01:47,446 - DEBUG - Adjusting pump 0 speed to 13
2025-10-15 11:01:51,003 - DEBUG - Aspirating 0.109 mL then waiting 1.874286077333505 s
2025-10-15 11:01:54,166 - INFO - Pipetting into vial measurement_vial_0, amount: 0.109 mL
2025-10-15 11:01:54,424 - DEBUG - Adjusting pump 0 speed to 10
2025-10-15 11:01:57,865 - DEBUG - Dispensing 0.109 mL then waiting 1.5507824799174188e-14 s
2025-10-15 11:01:58,521 - DEBUG - Blowing out 0.189 mL
2025-10-15 11:01:58,521 - DEBUG - Adjusting pump 0 speed to 5
2025-10-15 11:02:03,248 - DEBUG - Selected small_tip for volume 0.105 mL
2025-10-15 11:02:03,250 - INFO - Pipetting from vial liquid_source, amount: 0.105 mL
2025-10-15 11:02:03,252 - DEBUG - Adjusting pump 0 speed to 13
2025-10-15 11:02:06,822 - DEBUG - Aspirating 0.105 mL then waiting 1.874286077333505 s
2025-10-15 11:02:10,009 - INFO - Pipetting into vial measurement_vial_0, amount: 0.105 mL
2025-10-15 11:02:10,821 - DEBUG - Adjusting pump 0 speed to 10
2025-10-15 11:02:14,276 - DEBUG - Dispensing 0.105 mL then waiting 1.5507824799174188e-14 s
2025-10-15 11:02:14,852 - DEBUG - Blowing out 0.130 mL
2025-10-15 11:02:14,852 - DEBUG - Adjusting pump 0 speed to 5
2025-10-15 11:02:18,482 - DEBUG - Selected small_tip for volume 0.107 mL
2025-10-15 11:02:18,483 - INFO - Pipetting from vial liquid_source, amount: 0.107 mL
2025-10-15 11:02:18,485 - DEBUG - Adjusting pump 0 speed to 13
2025-10-15 11:02:22,049 - DEBUG - Aspirating 0.107 mL then waiting 1.874286077333505 s
2025-10-15 11:02:25,233 - INFO - Pipetting into vial measurement_vial_0, amount: 0.107 mL
2025-10-15 11:02:25,425 - DEBUG - Adjusting pump 0 speed to 10
2025-10-15 11:02:28,863 - DEBUG - Dispensing 0.107 mL then waiting 1.5507824799174188e-14 s
2025-10-15 11:02:29,439 - DEBUG - Blowing out 0.081 mL
2025-10-15 11:02:29,439 - DEBUG - Adjusting pump 0 speed to 5
2025-10-15 11:02:34,059 - DEBUG - Selected small_tip for volume 0.104 mL
2025-10-15 11:02:34,060 - INFO - Pipetting from vial liquid_source, amount: 0.104 mL
2025-10-15 11:02:34,063 - DEBUG - Adjusting pump 0 speed to 13
2025-10-15 11:02:37,629 - DEBUG - Aspirating 0.104 mL then waiting 1.874286077333505 s
2025-10-15 11:02:40,828 - INFO - Pipetting into vial measurement_vial_0, amount: 0.104 mL
2025-10-15 11:02:41,019 - DEBUG - Adjusting pump 0 speed to 10
2025-10-15 11:02:44,459 - DEBUG - Dispensing 0.104 mL then waiting 1.5507824799174188e-14 s
2025-10-15 11:02:45,034 - DEBUG - Blowing out 0.058 mL
2025-10-15 11:02:45,034 - DEBUG - Adjusting pump 0 speed to 5
2025-10-15 11:02:48,442 - DEBUG - Selected small_tip for volume 0.104 mL
2025-10-15 11:02:48,445 - INFO - Pipetting from vial liquid_source, amount: 0.104 mL
2025-10-15 11:02:48,446 - DEBUG - Adjusting pump 0 speed to 13
2025-10-15 11:02:52,040 - DEBUG - Aspirating 0.104 mL then waiting 1.874286077333505 s
2025-10-15 11:02:55,229 - INFO - Pipetting into vial measurement_vial_0, amount: 0.104 mL
2025-10-15 11:02:57,416 - DEBUG - Adjusting pump 0 speed to 10
2025-10-15 11:03:00,885 - DEBUG - Dispensing 0.104 mL then waiting 1.5507824799174188e-14 s
2025-10-15 11:03:01,461 - DEBUG - Blowing out 0.058 mL
2025-10-15 11:03:01,461 - DEBUG - Adjusting pump 0 speed to 5
2025-10-15 11:03:05,620 - DEBUG - Selected small_tip for volume 0.104 mL
2025-10-15 11:03:05,620 - INFO - Pipetting from vial liquid_source, amount: 0.104 mL
2025-10-15 11:03:05,620 - DEBUG - Adjusting pump 0 speed to 13
2025-10-15 11:03:09,171 - DEBUG - Aspirating 0.104 mL then waiting 1.874286077333505 s
2025-10-15 11:03:12,376 - INFO - Pipetting into vial measurement_vial_0, amount: 0.104 mL
2025-10-15 11:03:13,618 - DEBUG - Adjusting pump 0 speed to 10
2025-10-15 11:03:17,105 - DEBUG - Dispensing 0.104 mL then waiting 1.5507824799174188e-14 s
2025-10-15 11:03:17,681 - DEBUG - Blowing out 0.058 mL
2025-10-15 11:03:17,681 - DEBUG - Adjusting pump 0 speed to 5
2025-10-15 11:03:21,424 - DEBUG - Selected small_tip for volume 0.104 mL
2025-10-15 11:03:21,424 - INFO - Pipetting from vial liquid_source, amount: 0.104 mL
2025-10-15 11:03:21,424 - DEBUG - Adjusting pump 0 speed to 13
2025-10-15 11:03:24,974 - DEBUG - Aspirating 0.104 mL then waiting 1.874286077333505 s
2025-10-15 11:03:28,160 - INFO - Pipetting into vial measurement_vial_0, amount: 0.104 mL
2025-10-15 11:03:28,429 - DEBUG - Adjusting pump 0 speed to 10
2025-10-15 11:03:31,916 - DEBUG - Dispensing 0.104 mL then waiting 1.5507824799174188e-14 s
2025-10-15 11:03:32,492 - DEBUG - Blowing out 0.058 mL
2025-10-15 11:03:32,492 - DEBUG - Adjusting pump 0 speed to 5
2025-10-15 11:03:35,819 - DEBUG - Selected small_tip for volume 0.104 mL
2025-10-15 11:03:35,819 - INFO - Pipetting from vial liquid_source, amount: 0.104 mL
2025-10-15 11:03:35,819 - DEBUG - Adjusting pump 0 speed to 13
2025-10-15 11:03:39,386 - DEBUG - Aspirating 0.104 mL then waiting 1.874286077333505 s
2025-10-15 11:03:42,575 - INFO - Pipetting into vial measurement_vial_0, amount: 0.104 mL
2025-10-15 11:03:42,825 - DEBUG - Adjusting pump 0 speed to 10
2025-10-15 11:03:46,264 - DEBUG - Dispensing 0.104 mL then waiting 1.5507824799174188e-14 s
2025-10-15 11:03:46,840 - DEBUG - Blowing out 0.058 mL
2025-10-15 11:03:46,840 - DEBUG - Adjusting pump 0 speed to 5
2025-10-15 11:03:50,631 - DEBUG - Selected small_tip for volume 0.104 mL
2025-10-15 11:03:50,631 - INFO - Pipetting from vial liquid_source, amount: 0.104 mL
2025-10-15 11:03:50,631 - DEBUG - Adjusting pump 0 speed to 13
2025-10-15 11:03:54,181 - DEBUG - Aspirating 0.104 mL then waiting 1.874286077333505 s
2025-10-15 11:03:57,387 - INFO - Pipetting into vial measurement_vial_0, amount: 0.104 mL
2025-10-15 11:03:57,607 - DEBUG - Adjusting pump 0 speed to 10
2025-10-15 11:04:01,091 - DEBUG - Dispensing 0.104 mL then waiting 1.5507824799174188e-14 s
2025-10-15 11:04:01,667 - DEBUG - Blowing out 0.058 mL
2025-10-15 11:04:01,667 - DEBUG - Adjusting pump 0 speed to 5
2025-10-15 11:04:05,026 - INFO - Removing pipet
2025-10-15 11:04:08,417 - INFO - Returning vial measurement_vial_0 to home location: main_8mL_rack index 0
2025-10-15 11:04:08,417 - INFO - Moving vial measurement_vial_0 to main_8mL_rack: 0
2025-10-15 11:04:08,417 - DEBUG - Grabbing vial 0 with index 0
2025-10-15 11:04:10,928 - DEBUG - Dropping off vial 0 at location main_8mL_rack with index 0
2025-10-15 11:04:13,679 - INFO - Moving robot to home position
2025-10-15 11:04:17,292 - INFO - Experiment completed with 36 total trials across 3 volumes
2025-10-15 11:04:17,292 - INFO - Results summary: 3/3 volumes completed successfully
