2025-10-23 10:59:55,580 - INFO - Initializing North Robot...
2025-10-23 10:59:55,582 - DEBUG - Loading robot configuration files...
2025-10-23 10:59:55,582 - DEBUG - Loaded vial positions configuration from robot_state/vial_positions.yaml
2025-10-23 10:59:55,582 - DEBUG - Loaded pipet tips configuration from robot_state/pipet_tips.yaml
2025-10-23 10:59:55,598 - DEBUG - Loaded pipet racks configuration from robot_state/pipet_racks.yaml
2025-10-23 10:59:55,601 - DEBUG - Loaded pump configuration from robot_state/syringe_pumps.yaml
2025-10-23 10:59:55,605 - DEBUG - Loaded robot hardware configuration from robot_state/robot_hardware.yaml
2025-10-23 10:59:55,616 - DEBUG - Loaded wellplate properties configuration from robot_state/wellplates.yaml
2025-10-23 10:59:55,616 - DEBUG - Loading robot state files...
2025-10-23 10:59:55,620 - DEBUG - Loaded vial data from ../utoronto_demo/status/calibration_vials_short.csv
2025-10-23 10:59:55,629 - DEBUG - Loaded robot status from robot_state/robot_status.yaml
2025-10-23 10:59:55,629 - DEBUG - Loaded wellplate positions from robot_state/wellplates.yaml
2025-10-23 10:59:55,629 - DEBUG - Robot status loaded successfully
2025-10-23 10:59:55,629 - DEBUG - Loading pumps from YAML configuration...
2025-10-23 10:59:55,629 - DEBUG - Loaded pump 0: volume=1.0mL, speed=11, liquid=None
2025-10-23 10:59:55,629 - DEBUG - Loaded pump 1: volume=2.5mL, speed=15, liquid=water
2025-10-23 10:59:55,629 - DEBUG - Physical initialization of North Robot...
2025-10-23 10:59:55,629 - INFO - Moving robot to home position
2025-10-23 10:59:55,629 - INFO - Initializing North Track...
2025-10-23 10:59:55,629 - DEBUG - Loading track status from file: robot_state/track_status.yaml
2025-10-23 10:59:55,629 - DEBUG - Getting track status from file: robot_state/track_status.yaml
2025-10-23 10:59:55,629 - DEBUG - Loaded track status from robot_state/track_status.yaml
2025-10-23 10:59:55,629 - DEBUG - Loading track positions from: robot_state/track_positions.yaml
2025-10-23 10:59:55,646 - DEBUG - Loaded track positions configuration from robot_state/track_positions.yaml
2025-10-23 10:59:55,646 - DEBUG - Loading robot hardware configuration from: robot_state/robot_hardware.yaml
2025-10-23 10:59:55,649 - DEBUG - Loaded robot hardware configuration from robot_state/robot_hardware.yaml
2025-10-23 10:59:55,651 - DEBUG - Loaded wellplate properties configuration from robot_state/wellplates.yaml
2025-10-23 10:59:55,651 - DEBUG - Moving North Track to home position
2025-10-23 10:59:55,651 - INFO -     vial_index           vial_name         location  location_index  vial_volume  capped cap_type vial_type    home_location  home_location_index
0            0  measurement_vial_0            clamp               0     3.432202    True     open      8_mL    main_8mL_rack                    0
1            1  measurement_vial_1    main_8mL_rack               1     0.000000    True     open      8_mL    main_8mL_rack                    1
2            2  measurement_vial_2    main_8mL_rack               2     0.000000    True     open      8_mL    main_8mL_rack                    2
3            3  measurement_vial_3    main_8mL_rack               3     0.000000    True     open      8_mL    main_8mL_rack                    3
4            4  measurement_vial_4    main_8mL_rack               4     0.000000    True     open      8_mL    main_8mL_rack                    4
5            5  measurement_vial_5    main_8mL_rack               5     0.000000    True     open      8_mL    main_8mL_rack                    5
6            6  measurement_vial_6    main_8mL_rack               6     0.000000    True     open      8_mL    main_8mL_rack                    6
7            7  measurement_vial_7    main_8mL_rack               7     0.000000    True     open      8_mL    main_8mL_rack                    7
8            8  measurement_vial_8    main_8mL_rack               8     0.000000    True     open      8_mL    main_8mL_rack                    8
9            9  measurement_vial_9    main_8mL_rack               9     0.000000    True     open      8_mL    main_8mL_rack                    9
10          10       liquid_source   50mL_vial_rack               0     3.413538    True     open     50_mL   50mL_vial_rack                    0
11          11     liquid_source_0  large_vial_rack               2    14.567798    True     open     20_mL  large_vial_rack                    2
2025-10-23 10:59:55,669 - INFO - Visualizing vial racks...
2025-10-23 10:59:55,896 - DEBUG - Visualizing rack: Main Rack with filter: main_8mL_rack
2025-10-23 10:59:56,075 - DEBUG - Visualizing rack: Second Rack with filter: large_vial_rack
