2025-11-06 13:47:25,411 - INFO - Initializing North Robot...
2025-11-06 13:47:25,411 - DEBUG - Loading robot configuration files...
2025-11-06 13:47:25,421 - DEBUG - Loaded vial positions configuration from robot_state/vial_positions.yaml
2025-11-06 13:47:25,422 - DEBUG - Loaded pipet tips configuration from robot_state/pipet_tips.yaml
2025-11-06 13:47:25,427 - DEBUG - Loaded pipet racks configuration from robot_state/pipet_racks.yaml
2025-11-06 13:47:25,430 - DEBUG - Loaded pump configuration from robot_state/syringe_pumps.yaml
2025-11-06 13:47:25,434 - DEBUG - Loaded robot hardware configuration from robot_state/robot_hardware.yaml
2025-11-06 13:47:25,438 - DEBUG - Loaded wellplate properties configuration from robot_state/wellplates.yaml
2025-11-06 13:47:25,438 - DEBUG - Loading robot state files...
2025-11-06 13:47:25,444 - DEBUG - Loaded vial data from status/calibration_vials_short.csv
2025-11-06 13:47:25,451 - DEBUG - Loaded robot status from robot_state/robot_status.yaml
2025-11-06 13:47:25,455 - DEBUG - Loaded wellplate positions from robot_state/wellplates.yaml
2025-11-06 13:47:25,455 - DEBUG - Robot status loaded successfully
2025-11-06 13:47:25,455 - DEBUG - Loading pumps from YAML configuration...
2025-11-06 13:47:25,457 - DEBUG - Loaded pump 0: volume=1.0mL, speed=11, liquid=None
2025-11-06 13:47:25,457 - DEBUG - Loaded pump 1: volume=2.5mL, speed=15, liquid=water
2025-11-06 13:47:25,457 - DEBUG - Physical initialization of North Robot...
2025-11-06 13:47:25,459 - WARNING - The robot reports having liquid in its tip... Returning that liquid...
2025-11-06 13:47:25,463 - INFO - Pipetting into vial liquid_source_0, amount: 1.0 mL
2025-11-06 13:47:25,464 - DEBUG - Adjusting pump 0 speed to 13
2025-11-06 13:47:25,466 - DEBUG - Dispensing 1.020 mL then waiting 1.0 s
2025-11-06 13:47:25,467 - DEBUG - Blowing out 0.050 mL
2025-11-06 13:47:25,470 - WARNING - The robot reports having a tip, removing the tip
2025-11-06 13:47:25,470 - INFO - Removing pipet
2025-11-06 13:47:25,471 - INFO - Moving robot to home position
2025-11-06 13:47:25,473 - INFO - Initializing North Track...
2025-11-06 13:47:25,473 - DEBUG - Loading track status from file: robot_state/track_status.yaml
2025-11-06 13:47:25,473 - DEBUG - Getting track status from file: robot_state/track_status.yaml
2025-11-06 13:47:25,474 - DEBUG - Loaded track status from robot_state/track_status.yaml
2025-11-06 13:47:25,474 - DEBUG - Loading track positions from: robot_state/track_positions.yaml
2025-11-06 13:47:25,481 - DEBUG - Loaded track positions configuration from robot_state/track_positions.yaml
2025-11-06 13:47:25,482 - DEBUG - Loading robot hardware configuration from: robot_state/robot_hardware.yaml
2025-11-06 13:47:25,484 - DEBUG - Loaded robot hardware configuration from robot_state/robot_hardware.yaml
2025-11-06 13:47:25,488 - DEBUG - Loaded wellplate properties configuration from robot_state/wellplates.yaml
2025-11-06 13:47:25,489 - DEBUG - Moving North Track to home position
2025-11-06 13:47:25,491 - INFO -     vial_index           vial_name         location  location_index  vial_volume  capped cap_type vial_type    home_location  home_location_index
0            0  measurement_vial_0            clamp               0         5.05    True     open      8_mL    main_8mL_rack                    0
1            1  measurement_vial_1    main_8mL_rack               1         0.00    True     open      8_mL    main_8mL_rack                    1
2            2  measurement_vial_2    main_8mL_rack               2         0.00    True     open      8_mL    main_8mL_rack                    2
3            3  measurement_vial_3    main_8mL_rack               3         0.00    True     open      8_mL    main_8mL_rack                    3
4            4  measurement_vial_4    main_8mL_rack               4         0.00    True     open      8_mL    main_8mL_rack                    4
5            5  measurement_vial_5    main_8mL_rack               5         0.00    True     open      8_mL    main_8mL_rack                    5
6            6  measurement_vial_6    main_8mL_rack               6         0.00    True     open      8_mL    main_8mL_rack                    6
7            7  measurement_vial_7    main_8mL_rack               7         0.00    True     open      8_mL    main_8mL_rack                    7
8            8  measurement_vial_8    main_8mL_rack               8         0.00    True     open      8_mL    main_8mL_rack                    8
9            9  measurement_vial_9    main_8mL_rack               9         0.00    True     open      8_mL    main_8mL_rack                    9
10          10       liquid_source   50mL_vial_rack               0         0.00    True     open     50_mL   50mL_vial_rack                    0
11          11     liquid_source_0  large_vial_rack               2        14.95    True     open     20_mL  large_vial_rack                    2
2025-11-06 13:47:25,512 - INFO - Visualizing vial racks...
2025-11-06 13:47:25,727 - DEBUG - Visualizing rack: Main Rack with filter: main_8mL_rack
2025-11-06 13:47:25,883 - DEBUG - Visualizing rack: Second Rack with filter: large_vial_rack
