2026-06-03 09:39:01,091 - DEBUG - No workflow config provided - using default initialization
2026-06-03 09:39:01,091 - INFO - Launching status review GUI...
2026-06-03 09:39:01,288 - INFO - Detected workflow name: Heating positioning
2026-06-03 09:39:01,728 - INFO - Config editor loaded for workflow: Heating positioning
2026-06-03 09:39:07,082 - INFO - User selected: Run Workflow
2026-06-03 09:39:07,088 - INFO - Status review completed - proceeding with hardware initialization
2026-06-03 09:39:07,103 - INFO - Initializing North Robot...
2026-06-03 09:39:07,104 - DEBUG - Loading robot configuration files...
2026-06-03 09:39:07,123 - DEBUG - Loaded vial positions configuration from robot_state/vial_positions.yaml
2026-06-03 09:39:07,126 - DEBUG - Loaded pipet tips configuration from robot_state/pipet_tips.yaml
2026-06-03 09:39:07,134 - DEBUG - Loaded pipet racks configuration from robot_state/pipet_racks.yaml
2026-06-03 09:39:07,139 - DEBUG - Loaded pump configuration from robot_state/syringe_pumps.yaml
2026-06-03 09:39:07,145 - DEBUG - Loaded robot hardware configuration from robot_state/robot_hardware.yaml
2026-06-03 09:39:07,151 - DEBUG - Loaded wellplate properties configuration from robot_state/wellplates.yaml
2026-06-03 09:39:07,151 - DEBUG - Loading robot state files...
2026-06-03 09:39:07,166 - DEBUG - Loaded vial data from status/heating_mantle_vials.csv
2026-06-03 09:39:07,169 - DEBUG - Loaded robot status from robot_state/robot_status.yaml
2026-06-03 09:39:07,175 - DEBUG - Loaded wellplate positions from robot_state/wellplates.yaml
2026-06-03 09:39:07,175 - DEBUG - Robot status loaded successfully
2026-06-03 09:39:07,175 - INFO - Physical initialization of North Robot...
2026-06-03 09:39:07,177 - DEBUG - Loading pumps from YAML configuration...
2026-06-03 09:39:07,178 - DEBUG - Loaded pump 0: volume=1.0mL, speed=11, liquid=None
2026-06-03 09:39:07,179 - DEBUG - Loaded pump 1: volume=2.5mL, speed=15, liquid=water
2026-06-03 09:39:07,179 - INFO - Moving robot to home position
2026-06-03 09:39:07,180 - DEBUG - Initializing centrifuge controller...
2026-06-03 09:39:07,180 - INFO - Initializing North Track...
2026-06-03 09:39:07,180 - DEBUG - Loading track status from file: robot_state/track_status.yaml
2026-06-03 09:39:07,180 - DEBUG - Getting track status from file: robot_state/track_status.yaml
2026-06-03 09:39:07,184 - DEBUG - Loaded track status from robot_state/track_status.yaml
2026-06-03 09:39:07,184 - DEBUG - Loading track positions from: robot_state/track_positions.yaml
2026-06-03 09:39:07,206 - DEBUG - Loaded track positions configuration from robot_state/track_positions.yaml
2026-06-03 09:39:07,206 - DEBUG - Loading robot hardware configuration from: robot_state/robot_hardware.yaml
2026-06-03 09:39:07,209 - DEBUG - Loaded robot hardware configuration from robot_state/robot_hardware.yaml
2026-06-03 09:39:07,213 - DEBUG - Loaded wellplate properties configuration from robot_state/wellplates.yaml
2026-06-03 09:39:07,215 - DEBUG - Moving North Track to home position
2026-06-03 09:39:07,215 - DEBUG - Detected origin position (0,0) - setting location to 'origin'
2026-06-03 09:39:07,216 - DEBUG - Updated gripper location to: origin at position {'x': 0, 'z': 0}
