2026-02-05 13:35:00,612 - INFO - Initializing North Robot...
2026-02-05 13:35:00,612 - DEBUG - Loading robot configuration files...
2026-02-05 13:35:00,621 - DEBUG - Loaded vial positions configuration from robot_state/vial_positions.yaml
2026-02-05 13:35:00,624 - DEBUG - Loaded pipet tips configuration from robot_state/pipet_tips.yaml
2026-02-05 13:35:00,628 - DEBUG - Loaded pipet racks configuration from robot_state/pipet_racks.yaml
2026-02-05 13:35:00,632 - DEBUG - Loaded pump configuration from robot_state/syringe_pumps.yaml
2026-02-05 13:35:00,632 - DEBUG - Loaded robot hardware configuration from robot_state/robot_hardware.yaml
2026-02-05 13:35:00,637 - DEBUG - Loaded wellplate properties configuration from robot_state/wellplates.yaml
2026-02-05 13:35:00,637 - DEBUG - Loading robot state files...
2026-02-05 13:35:00,642 - DEBUG - Loaded vial data from ../utoronto_demo/status/surfactant_grid_vials_expanded.csv
2026-02-05 13:35:00,644 - DEBUG - Loaded robot status from robot_state/robot_status.yaml
2026-02-05 13:35:00,644 - DEBUG - Loaded wellplate positions from robot_state/wellplates.yaml
2026-02-05 13:35:00,644 - DEBUG - Robot status loaded successfully
2026-02-05 13:35:00,644 - INFO - Physical initialization of North Robot...
2026-02-05 13:35:00,650 - DEBUG - Loading pumps from YAML configuration...
2026-02-05 13:35:00,650 - DEBUG - Loaded pump 0: volume=1.0mL, speed=11, liquid=None
2026-02-05 13:35:00,650 - DEBUG - Loaded pump 1: volume=2.5mL, speed=15, liquid=water
2026-02-05 13:35:00,650 - INFO - Moving robot to home position
2026-02-05 13:35:00,653 - DEBUG - Initializing centrifuge controller...
2026-02-05 13:35:00,662 - DEBUG - Current reader status: <MagicMock name='mock.get_reader_status()' id='2106186764384'>
2026-02-05 13:35:00,662 - INFO - Initializing North Track...
2026-02-05 13:35:00,662 - DEBUG - Loading track status from file: robot_state/track_status.yaml
2026-02-05 13:35:00,662 - DEBUG - Getting track status from file: robot_state/track_status.yaml
2026-02-05 13:35:00,662 - DEBUG - Loaded track status from robot_state/track_status.yaml
2026-02-05 13:35:00,662 - DEBUG - Loading track positions from: robot_state/track_positions.yaml
2026-02-05 13:35:00,662 - DEBUG - Loaded track positions configuration from robot_state/track_positions.yaml
2026-02-05 13:35:00,662 - DEBUG - Loading robot hardware configuration from: robot_state/robot_hardware.yaml
2026-02-05 13:35:00,674 - DEBUG - Loaded robot hardware configuration from robot_state/robot_hardware.yaml
2026-02-05 13:35:00,678 - DEBUG - Loaded wellplate properties configuration from robot_state/wellplates.yaml
2026-02-05 13:35:00,679 - DEBUG - Moving North Track to home position
2026-02-05 13:35:00,679 - INFO - Step 1: Initializing Lash_E coordinator...
2026-02-05 13:35:00,679 - INFO -   Mode: Simulation
2026-02-05 13:35:00,683 - INFO - Experiment: surfactant_grid_SDS_TTAB_20260205_133500
2026-02-05 13:35:00,683 - INFO - Output folder: output\surfactant_grid_SDS_TTAB_20260205_133500
2026-02-05 13:35:00,684 - INFO - Organized subfolders: validation, measurement_backups, substocks, analysis, logs
2026-02-05 13:35:00,684 - INFO - ================================================================================
2026-02-05 13:35:00,684 - INFO - ADAPTIVE SURFACTANT GRID SCREENING WORKFLOW
2026-02-05 13:35:00,684 - INFO - ================================================================================
2026-02-05 13:35:00,684 - INFO - Surfactants: SDS + TTAB
2026-02-05 13:35:00,685 - INFO - Mode: SIMULATION
2026-02-05 13:35:00,685 - INFO - 
2026-02-05 13:35:00,685 - INFO -   Validating robot and track status...
2026-02-05 13:35:00,687 - INFO -     vial_index        vial_name       location  location_index  vial_volume  capped cap_type vial_type  home_location  home_location_index
0            0        SDS_stock  main_8mL_rack               0     4.816435    True     open      8_mL  main_8mL_rack                    0
1            1       TTAB_stock  main_8mL_rack               1     5.216435    True     open      8_mL  main_8mL_rack                    1
2            2      pyrene_DMSO  main_8mL_rack               2     4.565000    True     open      8_mL  main_8mL_rack                    2
3            3            water  main_8mL_rack               3     8.000000    True     open      8_mL  main_8mL_rack                    3
4            4          water_2  main_8mL_rack               4     8.000000    True     open      8_mL  main_8mL_rack                    4
5            5            HEPES  main_8mL_rack               5     0.000000    True     open      8_mL  main_8mL_rack                    5
6            6   SDS_dilution_0  main_8mL_rack               6     5.640000    True     open      8_mL  main_8mL_rack                    6
7            7   SDS_dilution_1  main_8mL_rack               7     4.607990    True     open      8_mL  main_8mL_rack                    7
8            8   SDS_dilution_2  main_8mL_rack               8     5.803986    True     open      8_mL  main_8mL_rack                    8
9            9   SDS_dilution_3  main_8mL_rack               9     5.234093    True     open      8_mL  main_8mL_rack                    9
10          10   SDS_dilution_4  main_8mL_rack              10     4.159395    True     open      8_mL  main_8mL_rack                   10
11          11   SDS_dilution_5  main_8mL_rack              11     4.580327    True     open      8_mL  main_8mL_rack                   11
12          12  TTAB_dilution_0  main_8mL_rack              12     5.640000    True     open      8_mL  main_8mL_rack                   12
13          13  TTAB_dilution_1  main_8mL_rack              13     4.607990    True     open      8_mL  main_8mL_rack                   13
14          14  TTAB_dilution_2  main_8mL_rack              14     5.803986    True     open      8_mL  main_8mL_rack                   14
15          15  TTAB_dilution_3  main_8mL_rack              15     5.234093    True     open      8_mL  main_8mL_rack                   15
16          16  TTAB_dilution_4  main_8mL_rack              16     4.159395    True     open      8_mL  main_8mL_rack                   16
17          17  TTAB_dilution_5  main_8mL_rack              17     4.580327    True     open      8_mL  main_8mL_rack                   17
2026-02-05 13:35:00,708 - INFO - Visualizing vial racks...
2026-02-05 13:35:00,745 - DEBUG - Matplotlib backend: tkagg
2026-02-05 13:35:00,901 - DEBUG - Visualizing rack: Main Rack with filter: main_8mL_rack
2026-02-05 13:35:01,025 - DEBUG - Visualizing rack: Second Rack with filter: large_vial_rack
2026-02-05 13:35:02,111 - DEBUG - Vial visualization displayed successfully
2026-02-05 13:35:02,117 - INFO - --Wellplate status-- 
 Wellplate type: 96 WELL PLATE 
 Number in source: 1 
 Number in waste: 0 
 Active wellplate position: None
2026-02-05 13:35:02,117 - INFO - Visualizing wellplate status...
2026-02-05 13:35:02,117 - DEBUG - Matplotlib backend: tkagg
2026-02-05 13:35:03,412 - DEBUG - Wellplate visualization displayed successfully
2026-02-05 13:35:03,412 - INFO -   Ensuring water vials are full before workflow...
2026-02-05 13:35:03,421 - INFO -     Water vial 'water' already full (8.00mL), skipping fill
2026-02-05 13:35:03,421 - INFO -     Water vial 'water_2' already full (8.00mL), skipping fill
2026-02-05 13:35:03,421 - INFO -   Pipetting validation disabled (set VALIDATE_LIQUIDS=True or VALIDATION_ONLY=True to enable)
2026-02-05 13:35:03,421 - INFO -   Robot ready for operations
2026-02-05 13:35:03,421 - INFO -   Getting fresh wellplate...
2026-02-05 13:35:03,421 - INFO - Getting new wellplate from source stack
2026-02-05 13:35:03,421 - DEBUG - Calculating well plate stack height for num: 1, wp_type: 96 WELL PLATE, stack: source_stack, operation: grab
2026-02-05 13:35:03,421 - DEBUG - Getting 1st wellplate from source at 85500
2026-02-05 13:35:03,421 - INFO - Grabbing wellplate from location: source_stack
2026-02-05 13:35:03,430 - DEBUG - Opening gripper
2026-02-05 13:35:03,431 - DEBUG - Closing gripper
2026-02-05 13:35:03,432 - INFO - Releasing wellplate at location: pipetting_area
2026-02-05 13:35:03,432 - DEBUG - Opening gripper
2026-02-05 13:35:03,432 - DEBUG - Moving North Track to home position
2026-02-05 13:35:03,432 - INFO - + Lash_E initialization complete
2026-02-05 13:35:03,433 - INFO - 
2026-02-05 13:35:03,433 - INFO - Step 2: Creating complete experiment plan...
2026-02-05 13:35:03,433 - INFO -   Calculating adaptive concentration grids...
2026-02-05 13:35:03,433 - INFO - Adaptive grid for SDS: 1.0e-04 to 22.5 mM (9 steps)
2026-02-05 13:35:03,433 - INFO -   Concentrations: ['1.000e-04', '4.667e-04', '2.178e-03', '1.016e-02', '4.743e-02', '2.214e-01', '1.033e+00', '4.821e+00', '2.250e+01']
2026-02-05 13:35:03,433 - INFO - Adaptive grid for TTAB: 1.0e-04 to 22.5 mM (9 steps)
2026-02-05 13:35:03,434 - INFO -   Concentrations: ['1.000e-04', '4.667e-04', '2.178e-03', '1.016e-02', '4.743e-02', '2.214e-01', '1.033e+00', '4.821e+00', '2.250e+01']
2026-02-05 13:35:03,434 - INFO - 
Adaptive concentration grid summary:
2026-02-05 13:35:03,434 - INFO -   SDS: 9 concentrations from 1.000e-04 to 2.250e+01 mM
2026-02-05 13:35:03,434 - INFO -   TTAB: 9 concentrations from 1.000e-04 to 2.250e+01 mM
2026-02-05 13:35:03,434 - INFO -   Total combinations: 9 x 9 = 81 wells (x 1 replicates = 81 total wells)
2026-02-05 13:35:03,434 - INFO -   SDS: 9/9 concentrations achievable
2026-02-05 13:35:03,434 - INFO -   TTAB: 9/9 concentrations achievable
2026-02-05 13:35:03,435 - INFO -   Calculating optimal dilution strategies...
2026-02-05 13:35:03,435 - INFO - 
=== Analyzing dilution strategy for SDS ===
2026-02-05 13:35:03,435 - INFO - Target concentrations: ['1.00e-04', '4.67e-04', '2.18e-03', '1.02e-02', '4.74e-02', '2.21e-01', '1.03e+00', '4.82e+00', '2.25e+01'] mM
2026-02-05 13:35:03,436 - INFO -   1.03e+00 mM: Use SDS_dilution_5 (68.9 uL)
2026-02-05 13:35:03,437 - INFO -   4.82e+00 mM: Use SDS_stock (19.3 uL)
2026-02-05 13:35:03,437 - INFO -   2.25e+01 mM: Use SDS_stock (90.0 uL)
2026-02-05 13:35:03,437 - INFO - 
=== Analyzing dilution strategy for TTAB ===
2026-02-05 13:35:03,437 - INFO - Target concentrations: ['1.00e-04', '4.67e-04', '2.18e-03', '1.02e-02', '4.74e-02', '2.21e-01', '1.03e+00', '4.82e+00', '2.25e+01'] mM
2026-02-05 13:35:03,437 - INFO -   1.03e+00 mM: Use TTAB_dilution_5 (68.9 uL)
2026-02-05 13:35:03,437 - INFO -   4.82e+00 mM: Use TTAB_stock (19.3 uL)
2026-02-05 13:35:03,439 - INFO -   2.25e+01 mM: Use TTAB_stock (90.0 uL)
2026-02-05 13:35:03,439 - INFO - 
=== SUBSTOCK DILUTION RECIPES ===
2026-02-05 13:35:03,439 - INFO - For each substock showing: source + volume -> target_concentration
2026-02-05 13:35:03,440 - INFO - (Using minimum 200uL pipetting volumes for accuracy)
2026-02-05 13:35:03,440 - INFO - 
SDS substocks:
2026-02-05 13:35:03,440 - INFO -   SDS_dilution_5: 360uL SDS_stock + 5640uL water -> 3.00e+00 mM
2026-02-05 13:35:03,440 - INFO -     (Dilution factor: 16.7x from 5.00e+01 mM stock)
2026-02-05 13:35:03,440 - INFO -   SDS_dilution_4: 600uL SDS_dilution_5 + 5400uL water -> 3.00e-01 mM
2026-02-05 13:35:03,441 - INFO -     (Dilution factor: 10.0x from 3.00e+00 mM dilution)
2026-02-05 13:35:03,442 - INFO -   SDS_dilution_3: 1000uL SDS_dilution_4 + 5000uL water -> 5.00e-02 mM
2026-02-05 13:35:03,442 - INFO -     (Dilution factor: 6.0x from 3.00e-01 mM dilution)
2026-02-05 13:35:03,443 - INFO -   SDS_dilution_2: 400uL SDS_dilution_4 + 5600uL water -> 2.00e-02 mM
2026-02-05 13:35:03,443 - INFO -     (Dilution factor: 15.0x from 3.00e-01 mM dilution)
2026-02-05 13:35:03,443 - INFO -   SDS_dilution_1: 360uL SDS_dilution_3 + 5640uL water -> 3.00e-03 mM
2026-02-05 13:35:03,443 - INFO -     (Dilution factor: 16.7x from 5.00e-02 mM dilution)
2026-02-05 13:35:03,443 - INFO -   SDS_dilution_0: 1000uL SDS_dilution_1 + 5000uL water -> 5.00e-04 mM
2026-02-05 13:35:03,443 - INFO -     (Dilution factor: 6.0x from 3.00e-03 mM dilution)
2026-02-05 13:35:03,443 - INFO - 
TTAB substocks:
2026-02-05 13:35:03,444 - INFO -   TTAB_dilution_5: 360uL TTAB_stock + 5640uL water -> 3.00e+00 mM
2026-02-05 13:35:03,444 - INFO -     (Dilution factor: 16.7x from 5.00e+01 mM stock)
2026-02-05 13:35:03,444 - INFO -   TTAB_dilution_4: 600uL TTAB_dilution_5 + 5400uL water -> 3.00e-01 mM
2026-02-05 13:35:03,444 - INFO -     (Dilution factor: 10.0x from 3.00e+00 mM dilution)
2026-02-05 13:35:03,444 - INFO -   TTAB_dilution_3: 1000uL TTAB_dilution_4 + 5000uL water -> 5.00e-02 mM
2026-02-05 13:35:03,444 - INFO -     (Dilution factor: 6.0x from 3.00e-01 mM dilution)
2026-02-05 13:35:03,444 - INFO -   TTAB_dilution_2: 400uL TTAB_dilution_4 + 5600uL water -> 2.00e-02 mM
2026-02-05 13:35:03,444 - INFO -     (Dilution factor: 15.0x from 3.00e-01 mM dilution)
2026-02-05 13:35:03,446 - INFO -   TTAB_dilution_1: 360uL TTAB_dilution_3 + 5640uL water -> 3.00e-03 mM
2026-02-05 13:35:03,446 - INFO -     (Dilution factor: 16.7x from 5.00e-02 mM dilution)
2026-02-05 13:35:03,446 - INFO -   TTAB_dilution_0: 1000uL TTAB_dilution_1 + 5000uL water -> 5.00e-04 mM
2026-02-05 13:35:03,446 - INFO -     (Dilution factor: 6.0x from 3.00e-03 mM dilution)
2026-02-05 13:35:03,446 - INFO -   Creating complete well recipes...
2026-02-05 13:35:03,451 - INFO -   Saved experiment plan: output\surfactant_grid_SDS_TTAB_20260205_133500\experiment_plan_well_recipes.csv
2026-02-05 13:35:03,453 - INFO -   Saved stock solutions plan: output\surfactant_grid_SDS_TTAB_20260205_133500\experiment_plan_stock_solutions.csv
2026-02-05 13:35:03,454 - INFO - + Planning complete: 87 total wells (9 x 9 grid + 6 controls)
2026-02-05 13:35:03,454 - INFO - + Experiment plan created: 87 wells planned
2026-02-05 13:35:03,454 - INFO - + Stock solutions needed: 12
2026-02-05 13:35:03,454 - INFO - Step 4: Creating physical substocks from calculated recipes...
2026-02-05 13:35:03,454 - INFO - Checking for existing substocks and creating 12 new ones as needed
2026-02-05 13:35:03,457 - INFO - Found existing substock: SDS_stock (4.8 mL)
2026-02-05 13:35:03,457 - INFO - Found existing substock: TTAB_stock (5.2 mL)
2026-02-05 13:35:03,459 - INFO - Found existing substock: pyrene_DMSO (4.6 mL)
2026-02-05 13:35:03,460 - INFO - Found existing substock: water (8.0 mL)
2026-02-05 13:35:03,460 - INFO - Found existing substock: water_2 (8.0 mL)
2026-02-05 13:35:03,461 - INFO - Found existing substock: SDS_dilution_0 (5.6 mL)
2026-02-05 13:35:03,461 - INFO - Found existing substock: SDS_dilution_1 (4.6 mL)
2026-02-05 13:35:03,461 - INFO - Found existing substock: SDS_dilution_2 (5.8 mL)
2026-02-05 13:35:03,463 - INFO - Found existing substock: SDS_dilution_3 (5.2 mL)
2026-02-05 13:35:03,464 - INFO - Found existing substock: SDS_dilution_4 (4.2 mL)
2026-02-05 13:35:03,464 - INFO - Found existing substock: SDS_dilution_5 (4.6 mL)
2026-02-05 13:35:03,464 - INFO - Found existing substock: TTAB_dilution_0 (5.6 mL)
2026-02-05 13:35:03,465 - INFO - Found existing substock: TTAB_dilution_1 (4.6 mL)
2026-02-05 13:35:03,465 - INFO - Found existing substock: TTAB_dilution_2 (5.8 mL)
2026-02-05 13:35:03,467 - INFO - Found existing substock: TTAB_dilution_3 (5.2 mL)
2026-02-05 13:35:03,467 - INFO - Found existing substock: TTAB_dilution_4 (4.2 mL)
2026-02-05 13:35:03,468 - INFO - Found existing substock: TTAB_dilution_5 (4.6 mL)
2026-02-05 13:35:03,468 - INFO - Skipping SDS_dilution_0: already exists with 5.6 mL
2026-02-05 13:35:03,468 - INFO - Skipping SDS_dilution_1: already exists with 4.6 mL
2026-02-05 13:35:03,469 - INFO - Skipping SDS_dilution_2: already exists with 5.8 mL
2026-02-05 13:35:03,469 - INFO - Skipping SDS_dilution_3: already exists with 5.2 mL
2026-02-05 13:35:03,469 - INFO - Skipping SDS_dilution_4: already exists with 4.2 mL
2026-02-05 13:35:03,469 - INFO - Skipping SDS_dilution_5: already exists with 4.6 mL
2026-02-05 13:35:03,469 - INFO - Skipping TTAB_dilution_0: already exists with 5.6 mL
2026-02-05 13:35:03,469 - INFO - Skipping TTAB_dilution_1: already exists with 4.6 mL
2026-02-05 13:35:03,469 - INFO - Skipping TTAB_dilution_2: already exists with 5.8 mL
2026-02-05 13:35:03,469 - INFO - Skipping TTAB_dilution_3: already exists with 5.2 mL
2026-02-05 13:35:03,471 - INFO - Skipping TTAB_dilution_4: already exists with 4.2 mL
2026-02-05 13:35:03,471 - INFO - Skipping TTAB_dilution_5: already exists with 4.6 mL
2026-02-05 13:35:03,471 - INFO - Substock summary: 0 newly created, 12 already existed, 12 total available
2026-02-05 13:35:03,471 - INFO - + Substock creation complete: 0 newly created, 12 already existed, 0 failed
2026-02-05 13:35:03,471 - INFO - Substocks already existed (OK):
2026-02-05 13:35:03,471 - INFO -   SDS_dilution_0: already available
2026-02-05 13:35:03,471 - INFO -   SDS_dilution_1: already available
2026-02-05 13:35:03,471 - INFO -   SDS_dilution_2: already available
2026-02-05 13:35:03,472 - INFO -   SDS_dilution_3: already available
2026-02-05 13:35:03,472 - INFO -   SDS_dilution_4: already available
2026-02-05 13:35:03,472 - INFO -   SDS_dilution_5: already available
2026-02-05 13:35:03,472 - INFO -   TTAB_dilution_0: already available
2026-02-05 13:35:03,472 - INFO -   TTAB_dilution_1: already available
2026-02-05 13:35:03,472 - INFO -   TTAB_dilution_2: already available
2026-02-05 13:35:03,472 - INFO -   TTAB_dilution_3: already available
2026-02-05 13:35:03,474 - INFO -   TTAB_dilution_4: already available
2026-02-05 13:35:03,474 - INFO -   TTAB_dilution_5: already available
2026-02-05 13:35:03,475 - INFO - Step 5: Executing dispensing and measurements...
2026-02-05 13:35:03,478 - INFO - Total wells to process: 87
2026-02-05 13:35:03,478 - INFO - 
Processing batch 1: wells 0-86
2026-02-05 13:35:03,488 - INFO - Moving vial SDS_dilution_0 to 36: 0
2026-02-05 13:35:03,490 - DEBUG - Grabbing vial 6 with index 6
2026-02-05 13:35:03,495 - DEBUG - Dropping off vial 6 at location 36 with index 0
2026-02-05 13:35:03,496 - ERROR - No vial_positions_in_Locator defined for location: 36
2026-02-05 13:35:03,496 - WARNING - SIMULATION MODE: Would pause for error: No vial_positions_in_Locator defined for location: 36
2026-02-05 13:35:03,500 - INFO - Moving vial SDS_dilution_1 to 43: 0
2026-02-05 13:35:03,500 - DEBUG - Grabbing vial 7 with index 7
2026-02-05 13:35:03,501 - DEBUG - Dropping off vial 7 at location 43 with index 0
2026-02-05 13:35:03,502 - ERROR - No vial_positions_in_Locator defined for location: 43
2026-02-05 13:35:03,502 - WARNING - SIMULATION MODE: Would pause for error: No vial_positions_in_Locator defined for location: 43
2026-02-05 13:35:03,505 - INFO - Moving vial SDS_dilution_2 to 44: 0
2026-02-05 13:35:03,506 - DEBUG - Grabbing vial 8 with index 8
2026-02-05 13:35:03,507 - DEBUG - Dropping off vial 8 at location 44 with index 0
2026-02-05 13:35:03,507 - ERROR - No vial_positions_in_Locator defined for location: 44
2026-02-05 13:35:03,508 - WARNING - SIMULATION MODE: Would pause for error: No vial_positions_in_Locator defined for location: 44
2026-02-05 13:35:03,514 - INFO - Moving vial SDS_dilution_3 to 45: 0
2026-02-05 13:35:03,514 - DEBUG - Grabbing vial 9 with index 9
2026-02-05 13:35:03,515 - DEBUG - Dropping off vial 9 at location 45 with index 0
2026-02-05 13:35:03,515 - ERROR - No vial_positions_in_Locator defined for location: 45
2026-02-05 13:35:03,516 - WARNING - SIMULATION MODE: Would pause for error: No vial_positions_in_Locator defined for location: 45
2026-02-05 13:35:03,520 - INFO - Moving vial SDS_dilution_4 to 46: 0
2026-02-05 13:35:03,520 - DEBUG - Grabbing vial 10 with index 10
2026-02-05 13:35:03,522 - DEBUG - Dropping off vial 10 at location 46 with index 0
2026-02-05 13:35:03,522 - ERROR - No vial_positions_in_Locator defined for location: 46
2026-02-05 13:35:03,522 - WARNING - SIMULATION MODE: Would pause for error: No vial_positions_in_Locator defined for location: 46
2026-02-05 13:35:03,528 - INFO - Moving vial SDS_dilution_5 to 47: 0
2026-02-05 13:35:03,528 - DEBUG - Grabbing vial 11 with index 11
2026-02-05 13:35:03,530 - DEBUG - Dropping off vial 11 at location 47 with index 0
2026-02-05 13:35:03,530 - ERROR - No vial_positions_in_Locator defined for location: 47
2026-02-05 13:35:03,530 - WARNING - SIMULATION MODE: Would pause for error: No vial_positions_in_Locator defined for location: 47
2026-02-05 13:35:03,534 - INFO - Moving vial SDS_stock to clamp: 0
2026-02-05 13:35:03,534 - DEBUG - Grabbing vial 0 with index 0
2026-02-05 13:35:03,535 - DEBUG - Dropping off vial 0 at location clamp with index 0
2026-02-05 13:35:03,536 - INFO -   Surf A: Dispensing from SDS_dilution_0 to 83 wells
2026-02-05 13:35:03,536 - INFO -     Well 0: 200.0uL from SDS_dilution_0
2026-02-05 13:35:03,545 - DEBUG - Using calibrated aspirate_speed=8 for water at 0.200mL
2026-02-05 13:35:03,545 - DEBUG - Using calibrated dispense_speed=14 for water at 0.200mL
2026-02-05 13:35:03,545 - DEBUG - Using calibrated aspirate_wait_time=0.0 for water at 0.200mL
2026-02-05 13:35:03,545 - DEBUG - Using calibrated dispense_wait_time=3.5437186 for water at 0.200mL
2026-02-05 13:35:03,545 - DEBUG - Using calibrated retract_speed=10 for water at 0.200mL
2026-02-05 13:35:03,545 - DEBUG - Using calibrated blowout_vol=0.016158898 for water at 0.200mL
2026-02-05 13:35:03,545 - DEBUG - Using calibrated post_asp_air_vol=0.010581106 for water at 0.200mL
2026-02-05 13:35:03,545 - DEBUG - Using calibrated overaspirate_vol=0.010501216000000006 for water at 0.200mL
2026-02-05 13:35:03,545 - DEBUG - Using calibrated pre_asp_air_vol=0.0 for water at 0.200mL
2026-02-05 13:35:03,546 - DEBUG - Selected large_tip for volume 0.221 mL
2026-02-05 13:35:03,547 - INFO - Getting large_tip (pipet number 25) from rack: large_tip_rack_1
2026-02-05 13:35:03,550 - ERROR - No pipetting_positions_in_Locator defined for location: 36
2026-02-05 13:35:03,551 - WARNING - SIMULATION MODE: Would pause for error: No pipetting_positions_in_Locator defined for location: 36
2026-02-05 13:35:03,551 - INFO - Pipetting from vial SDS_dilution_0, amount: 0.200 mL
2026-02-05 13:35:03,551 - INFO - Additional volume from calibration, amount: 0.011 mL
2026-02-05 13:35:03,553 - ERROR - No minimum pipetting height defined for location: 36
2026-02-05 13:35:03,553 - WARNING - SIMULATION MODE: Would pause for error: No minimum pipetting height defined for location: 36
