2025-11-07 12:41:04,160 - INFO - Initializing North Robot...
2025-11-07 12:41:04,160 - DEBUG - Loading robot configuration files...
2025-11-07 12:41:04,170 - DEBUG - Loaded vial positions configuration from robot_state/vial_positions.yaml
2025-11-07 12:41:04,171 - DEBUG - Loaded pipet tips configuration from robot_state/pipet_tips.yaml
2025-11-07 12:41:04,175 - DEBUG - Loaded pipet racks configuration from robot_state/pipet_racks.yaml
2025-11-07 12:41:04,178 - DEBUG - Loaded pump configuration from robot_state/syringe_pumps.yaml
2025-11-07 12:41:04,181 - DEBUG - Loaded robot hardware configuration from robot_state/robot_hardware.yaml
2025-11-07 12:41:04,185 - DEBUG - Loaded wellplate properties configuration from robot_state/wellplates.yaml
2025-11-07 12:41:04,185 - DEBUG - Loading robot state files...
2025-11-07 12:41:04,185 - DEBUG - Loaded vial data from status/calibration_vials_short.csv
2025-11-07 12:41:04,195 - DEBUG - Loaded robot status from robot_state/robot_status.yaml
2025-11-07 12:41:04,201 - DEBUG - Loaded wellplate positions from robot_state/wellplates.yaml
2025-11-07 12:41:04,201 - DEBUG - Robot status loaded successfully
2025-11-07 12:41:04,201 - DEBUG - Loading pumps from YAML configuration...
2025-11-07 12:41:04,314 - DEBUG - Loaded pump 0: volume=1.0mL, speed=11, liquid=None
2025-11-07 12:41:04,411 - DEBUG - Loaded pump 1: volume=2.5mL, speed=15, liquid=water
2025-11-07 12:41:04,411 - DEBUG - Physical initialization of North Robot...
2025-11-07 12:41:04,716 - WARNING - The robot reports having liquid in its tip... Returning that liquid...
2025-11-07 12:41:04,724 - INFO - Pipetting into vial liquid_source_0, amount: 1.0 mL
2025-11-07 12:41:04,727 - DEBUG - Adjusting pump 0 speed to 13
