2025-11-27 10:29:48,162 - INFO - Initializing North Robot...
2025-11-27 10:29:48,163 - DEBUG - Loading robot configuration files...
2025-11-27 10:29:48,171 - DEBUG - Loaded vial positions configuration from robot_state/vial_positions.yaml
2025-11-27 10:29:48,172 - DEBUG - Loaded pipet tips configuration from robot_state/pipet_tips.yaml
2025-11-27 10:29:48,177 - DEBUG - Loaded pipet racks configuration from robot_state/pipet_racks.yaml
2025-11-27 10:29:48,180 - DEBUG - Loaded pump configuration from robot_state/syringe_pumps.yaml
2025-11-27 10:29:48,183 - DEBUG - Loaded robot hardware configuration from robot_state/robot_hardware.yaml
2025-11-27 10:29:48,186 - DEBUG - Loaded wellplate properties configuration from robot_state/wellplates.yaml
2025-11-27 10:29:48,186 - DEBUG - Loading robot state files...
2025-11-27 10:29:48,198 - DEBUG - Loaded vial data from ../utoronto_demo/status/calibration_vials_short.csv
2025-11-27 10:29:48,198 - DEBUG - Loaded robot status from robot_state/robot_status.yaml
2025-11-27 10:29:48,208 - DEBUG - Loaded wellplate positions from robot_state/wellplates.yaml
2025-11-27 10:29:48,208 - DEBUG - Robot status loaded successfully
2025-11-27 10:29:48,208 - DEBUG - Loading pumps from YAML configuration...
2025-11-27 10:29:48,210 - DEBUG - Loaded pump 0: volume=1.0mL, speed=11, liquid=None
2025-11-27 10:29:48,210 - DEBUG - Loaded pump 1: volume=2.5mL, speed=15, liquid=water
2025-11-27 10:29:48,210 - DEBUG - Physical initialization of North Robot...
2025-11-27 10:29:48,210 - INFO - Robot reports having a vial index for liquid but only 0.000 mL volume - skipping dispense
2025-11-27 10:29:48,211 - WARNING - The robot reports having a tip, removing the tip
2025-11-27 10:29:48,211 - INFO - Removing pipet
2025-11-27 10:29:48,213 - INFO - Moving robot to home position
2025-11-27 10:29:48,213 - INFO - Initializing North Track...
2025-11-27 10:29:48,214 - DEBUG - Loading track status from file: robot_state/track_status.yaml
2025-11-27 10:29:48,214 - DEBUG - Getting track status from file: robot_state/track_status.yaml
2025-11-27 10:29:48,214 - DEBUG - Loaded track status from robot_state/track_status.yaml
2025-11-27 10:29:48,214 - DEBUG - Loading track positions from: robot_state/track_positions.yaml
2025-11-27 10:29:48,221 - DEBUG - Loaded track positions configuration from robot_state/track_positions.yaml
2025-11-27 10:29:48,221 - DEBUG - Loading robot hardware configuration from: robot_state/robot_hardware.yaml
2025-11-27 10:29:48,224 - DEBUG - Loaded robot hardware configuration from robot_state/robot_hardware.yaml
2025-11-27 10:29:48,228 - DEBUG - Loaded wellplate properties configuration from robot_state/wellplates.yaml
2025-11-27 10:29:48,229 - DEBUG - Moving North Track to home position
2025-11-27 10:29:48,231 - INFO -    vial_index           vial_name         location  location_index  vial_volume  capped cap_type vial_type    home_location  home_location_index
0           0  measurement_vial_0    main_8mL_rack               0          7.0    True     open      8_mL    main_8mL_rack                    0
1           1  measurement_vial_1    main_8mL_rack               1          0.0    True     open      8_mL    main_8mL_rack                    1
2           2  measurement_vial_2    main_8mL_rack               2          0.0    True     open      8_mL    main_8mL_rack                    2
3           3  measurement_vial_3    main_8mL_rack               3          0.0    True     open      8_mL    main_8mL_rack                    3
4           4  measurement_vial_4    main_8mL_rack               4          0.0    True     open      8_mL    main_8mL_rack                    4
5           5     liquid_source_0  large_vial_rack               2         15.8   False     open     20_mL  large_vial_rack                    2
6           6     liquid_source_1  large_vial_rack               0          8.0   False     open     20_mL  large_vial_rack                    0
2025-11-27 10:29:48,246 - INFO - Visualizing vial racks...
2025-11-27 10:29:48,414 - DEBUG - Visualizing rack: Main Rack with filter: main_8mL_rack
2025-11-27 10:29:48,542 - DEBUG - Visualizing rack: Second Rack with filter: large_vial_rack
2025-11-27 10:29:49,559 - INFO - Dispensing 0.100 mL from measurement_vial_0 to measurement_vial_1
2025-11-27 10:29:49,562 - DEBUG - Applied object param asp_disp_cycles=0
2025-11-27 10:29:49,562 - DEBUG - Applied object param aspirate_speed=10
2025-11-27 10:29:49,562 - DEBUG - Applied object param aspirate_wait_time=0.0
2025-11-27 10:29:49,562 - DEBUG - Applied object param blowout_vol=0.0
2025-11-27 10:29:49,562 - DEBUG - Applied object param dispense_speed=10
2025-11-27 10:29:49,562 - DEBUG - Applied object param dispense_wait_time=0.0
2025-11-27 10:29:49,562 - DEBUG - Applied object param overaspirate_vol=0.0
2025-11-27 10:29:49,562 - DEBUG - Applied object param post_asp_air_vol=0.0
2025-11-27 10:29:49,562 - DEBUG - Applied object param pre_asp_air_vol=0.0
2025-11-27 10:29:49,562 - DEBUG - Applied object param retract_speed=10
2025-11-27 10:29:49,562 - DEBUG - Vial move required for pipetting
2025-11-27 10:29:49,564 - INFO - Moving vial 0 to safe pipetting location
2025-11-27 10:29:49,566 - INFO - Moving vial measurement_vial_0 to clamp: 0
2025-11-27 10:29:49,566 - DEBUG - Grabbing vial 0 with index 0
2025-11-27 10:29:49,568 - DEBUG - Dropping off vial 0 at location clamp with index 0
2025-11-27 10:29:49,572 - DEBUG - Vial 0 has open cap, skipping uncap operation
2025-11-27 10:29:49,572 - DEBUG - Selected small_tip for volume 0.100 mL
2025-11-27 10:29:49,572 - INFO - Getting small_tip (pipet number 3) from rack: small_tip_rack_2
2025-11-27 10:29:49,575 - INFO - Pipetting from vial measurement_vial_0, amount: 0.100 mL
2025-11-27 10:29:49,575 - INFO - Additional volume from calibration, amount: 0.000 mL
2025-11-27 10:29:49,577 - DEBUG - Adjusting pump 0 speed to 10
2025-11-27 10:29:49,577 - DEBUG - Aspirating 0.100 mL then waiting 0.0 s
2025-11-27 10:29:49,578 - DEBUG - Applied object param asp_disp_cycles=0
2025-11-27 10:29:49,579 - DEBUG - Applied object param aspirate_speed=10
2025-11-27 10:29:49,579 - DEBUG - Applied object param aspirate_wait_time=0.0
2025-11-27 10:29:49,579 - DEBUG - Applied object param blowout_vol=0.0
2025-11-27 10:29:49,579 - DEBUG - Applied object param dispense_speed=10
2025-11-27 10:29:49,579 - DEBUG - Applied object param dispense_wait_time=0.0
2025-11-27 10:29:49,579 - DEBUG - Applied object param overaspirate_vol=0.0
2025-11-27 10:29:49,579 - DEBUG - Applied object param post_asp_air_vol=0.0
2025-11-27 10:29:49,579 - DEBUG - Applied object param pre_asp_air_vol=0.0
2025-11-27 10:29:49,579 - DEBUG - Applied object param retract_speed=10
2025-11-27 10:29:49,581 - INFO - Pipetting into vial measurement_vial_1, amount: 0.100 mL
2025-11-27 10:29:49,583 - DEBUG - Adjusting pump 0 speed to 10
2025-11-27 10:29:49,584 - DEBUG - Dispensing 0.100 mL then waiting 0.0 s
2025-11-27 10:29:49,586 - INFO - Removing pipet
2025-11-27 10:29:49,592 - INFO - Returning vial measurement_vial_0 to home location: main_8mL_rack index 0
2025-11-27 10:29:49,597 - INFO - Moving vial measurement_vial_0 to main_8mL_rack: 0
2025-11-27 10:29:49,597 - DEBUG - Grabbing vial 0 with index 0
2025-11-27 10:29:49,598 - DEBUG - Dropping off vial 0 at location main_8mL_rack with index 0
2025-11-27 10:29:49,599 - INFO - Moving robot to home position
