2025-11-25 16:31:48,608 - INFO - Initializing North Robot...
2025-11-25 16:31:48,608 - DEBUG - Loading robot configuration files...
2025-11-25 16:31:48,608 - DEBUG - Loaded vial positions configuration from robot_state/vial_positions.yaml
2025-11-25 16:31:48,608 - DEBUG - Loaded pipet tips configuration from robot_state/pipet_tips.yaml
2025-11-25 16:31:48,608 - DEBUG - Loaded pipet racks configuration from robot_state/pipet_racks.yaml
2025-11-25 16:31:48,626 - DEBUG - Loaded pump configuration from robot_state/syringe_pumps.yaml
2025-11-25 16:31:48,630 - DEBUG - Loaded robot hardware configuration from robot_state/robot_hardware.yaml
2025-11-25 16:31:48,631 - DEBUG - Loaded wellplate properties configuration from robot_state/wellplates.yaml
2025-11-25 16:31:48,631 - DEBUG - Loading robot state files...
2025-11-25 16:31:48,635 - DEBUG - Loaded vial data from status/surfactant_grid_vials_expanded.csv
2025-11-25 16:31:48,635 - DEBUG - Loaded robot status from robot_state/robot_status.yaml
2025-11-25 16:31:48,648 - DEBUG - Loaded wellplate positions from robot_state/wellplates.yaml
2025-11-25 16:31:48,648 - DEBUG - Robot status loaded successfully
2025-11-25 16:31:48,648 - DEBUG - Loading pumps from YAML configuration...
2025-11-25 16:31:48,749 - DEBUG - Loaded pump 0: volume=1.0mL, speed=11, liquid=None
2025-11-25 16:31:48,870 - DEBUG - Loaded pump 1: volume=2.5mL, speed=15, liquid=water
2025-11-25 16:31:48,870 - DEBUG - Physical initialization of North Robot...
2025-11-25 16:31:49,195 - INFO - Moving robot to home position
2025-11-25 16:31:54,923 - DEBUG - Current reader status: 0
2025-11-25 16:31:54,923 - INFO - Cytation5 is connected and ready
2025-11-25 16:31:54,923 - INFO - Initializing North Track...
2025-11-25 16:31:54,923 - DEBUG - Loading track status from file: robot_state/track_status.yaml
2025-11-25 16:31:54,923 - DEBUG - Getting track status from file: robot_state/track_status.yaml
2025-11-25 16:31:54,937 - DEBUG - Loaded track status from robot_state/track_status.yaml
2025-11-25 16:31:54,937 - DEBUG - Loading track positions from: robot_state/track_positions.yaml
2025-11-25 16:31:54,943 - DEBUG - Loaded track positions configuration from robot_state/track_positions.yaml
2025-11-25 16:31:54,943 - DEBUG - Loading robot hardware configuration from: robot_state/robot_hardware.yaml
2025-11-25 16:31:54,943 - DEBUG - Loaded robot hardware configuration from robot_state/robot_hardware.yaml
2025-11-25 16:31:54,943 - DEBUG - Loaded wellplate properties configuration from robot_state/wellplates.yaml
2025-11-25 16:31:55,039 - DEBUG - Moving North Track to home position
2025-11-25 16:31:55,039 - INFO - Initialized Lash_E workstation in hardware mode
2025-11-25 16:31:55,039 - INFO - Validating input files - manual interaction required
2025-11-25 16:31:55,039 - INFO -     vial_index        vial_name       location  location_index  vial_volume  capped cap_type vial_type  home_location  home_location_index
0            0        SDS_stock  main_8mL_rack               0        3.601    True     open      8_mL  main_8mL_rack                    0
1            1        NaC_stock  main_8mL_rack               1        7.000    True     open      8_mL  main_8mL_rack                    1
2            2       NaDC_stock  main_8mL_rack               2        7.000    True     open      8_mL  main_8mL_rack                    2
3            3       TTAB_stock  main_8mL_rack               3        7.000    True     open      8_mL  main_8mL_rack                    3
4            4       CTAB_stock  main_8mL_rack               4        3.601    True     open      8_mL  main_8mL_rack                    4
5            5       DTAB_stock  main_8mL_rack               5        7.000    True     open      8_mL  main_8mL_rack                    5
6            6   SDS_dilution_0  main_8mL_rack               6        5.600    True     open      8_mL  main_8mL_rack                    6
7            7   SDS_dilution_1  main_8mL_rack               7        5.800    True     open      8_mL  main_8mL_rack                    7
8            8   SDS_dilution_2  main_8mL_rack               8        5.400    True     open      8_mL  main_8mL_rack                    8
9            9   SDS_dilution_3  main_8mL_rack               9        5.400    True     open      8_mL  main_8mL_rack                    9
10          10   SDS_dilution_4  main_8mL_rack              10        5.400    True     open      8_mL  main_8mL_rack                   10
11          11   SDS_dilution_5  main_8mL_rack              11        6.000    True     open      8_mL  main_8mL_rack                   11
12          12   NaC_dilution_0  main_8mL_rack              12        0.000    True     open      8_mL  main_8mL_rack                   12
13          13   NaC_dilution_1  main_8mL_rack              13        0.000    True     open      8_mL  main_8mL_rack                   13
14          14   NaC_dilution_2  main_8mL_rack              14        0.000    True     open      8_mL  main_8mL_rack                   14
15          15   NaC_dilution_3  main_8mL_rack              15        0.000    True     open      8_mL  main_8mL_rack                   15
16          16   NaC_dilution_4  main_8mL_rack              16        0.000    True     open      8_mL  main_8mL_rack                   16
17          17   NaC_dilution_5  main_8mL_rack              17        0.000    True     open      8_mL  main_8mL_rack                   17
18          18  NaDC_dilution_0  main_8mL_rack              18        0.000    True     open      8_mL  main_8mL_rack                   18
19          19  NaDC_dilution_1  main_8mL_rack              19        0.000    True     open      8_mL  main_8mL_rack                   19
20          20  NaDC_dilution_2  main_8mL_rack              20        0.000    True     open      8_mL  main_8mL_rack                   20
21          21  NaDC_dilution_3  main_8mL_rack              21        0.000    True     open      8_mL  main_8mL_rack                   21
22          22  NaDC_dilution_4  main_8mL_rack              22        0.000    True     open      8_mL  main_8mL_rack                   22
23          23  NaDC_dilution_5  main_8mL_rack              23        0.000    True     open      8_mL  main_8mL_rack                   23
24          24  TTAB_dilution_0  main_8mL_rack              24        0.000    True     open      8_mL  main_8mL_rack                   24
25          25  TTAB_dilution_1  main_8mL_rack              25        0.000    True     open      8_mL  main_8mL_rack                   25
26          26  TTAB_dilution_2  main_8mL_rack              26        0.000    True     open      8_mL  main_8mL_rack                   26
27          27  TTAB_dilution_3  main_8mL_rack              27        0.000    True     open      8_mL  main_8mL_rack                   27
28          28  TTAB_dilution_4  main_8mL_rack              28        0.000    True     open      8_mL  main_8mL_rack                   28
29          29  TTAB_dilution_5  main_8mL_rack              29        0.000    True     open      8_mL  main_8mL_rack                   29
30          30  CTAB_dilution_0  main_8mL_rack              30        5.400    True     open      8_mL  main_8mL_rack                   30
31          31  CTAB_dilution_1  main_8mL_rack              31        5.400    True     open      8_mL  main_8mL_rack                   31
32          32  CTAB_dilution_2  main_8mL_rack              32        4.800    True     open      8_mL  main_8mL_rack                   32
33          33  CTAB_dilution_3  main_8mL_rack              33        5.400    True     open      8_mL  main_8mL_rack                   33
34          34  CTAB_dilution_4  main_8mL_rack              34        0.000    True     open      8_mL  main_8mL_rack                   34
35          35  CTAB_dilution_5  main_8mL_rack              35        0.000    True     open      8_mL  main_8mL_rack                   35
36          36  DTAB_dilution_0  main_8mL_rack              36        0.000    True     open      8_mL  main_8mL_rack                   36
37          37  DTAB_dilution_1  main_8mL_rack              37        0.000    True     open      8_mL  main_8mL_rack                   37
38          38  DTAB_dilution_2  main_8mL_rack              38        0.000    True     open      8_mL  main_8mL_rack                   38
39          39  DTAB_dilution_3  main_8mL_rack              39        0.000    True     open      8_mL  main_8mL_rack                   39
40          40  DTAB_dilution_4  main_8mL_rack              40        0.000    True     open      8_mL  main_8mL_rack                   40
41          41  DTAB_dilution_5  main_8mL_rack              41        0.000    True     open      8_mL  main_8mL_rack                   41
42          42            water  main_8mL_rack              43        1.500    True     open      8_mL  main_8mL_rack                   43
2025-11-25 16:31:55,075 - INFO - Visualizing vial racks...
2025-11-25 16:31:55,210 - DEBUG - Visualizing rack: Main Rack with filter: main_8mL_rack
2025-11-25 16:31:55,398 - DEBUG - Visualizing rack: Second Rack with filter: large_vial_rack
2025-11-25 16:32:43,387 - INFO - --Wellplate status-- 
 Wellplate type: 96 WELL PLATE 
 Number in source: 3 
 Number in waste: 0 
 Active wellplate position: None
2025-11-25 16:32:43,387 - INFO - Visualizing wellplate status...
2025-11-25 16:33:33,861 - INFO - Moving robot to home position
2025-11-25 16:33:34,266 - DEBUG - Moving North Track to home position
2025-11-25 16:33:34,266 - INFO - Homing all robot components...
2025-11-25 16:33:34,266 - DEBUG - Homing carousel...
2025-11-25 16:33:42,055 - DEBUG - Homing robot axes...
2025-11-25 16:33:54,291 - DEBUG - Homing pump 0...
2025-11-25 16:33:56,014 - DEBUG - Homing pump 1...
2025-11-25 16:33:57,709 - DEBUG - Homing track axes...
2025-11-25 16:33:57,709 - DEBUG - Homing track axis z_axis (axis 6)...
2025-11-25 16:34:01,281 - DEBUG - Homing track axis x_axis (axis 7)...
2025-11-25 16:34:05,296 - INFO - All robot components homed successfully
2025-11-25 16:34:05,296 - INFO - Preparing initial wellplate
2025-11-25 16:34:05,296 - INFO - Grabbing new wellplate
2025-11-25 16:34:05,296 - INFO - Moving robot to home position
2025-11-25 16:34:05,680 - INFO - Getting new wellplate from source stack
2025-11-25 16:34:05,680 - DEBUG - Calculating well plate stack height for num: 3, wp_type: 96 WELL PLATE, stack: source_stack, operation: grab
2025-11-25 16:34:05,680 - DEBUG - Getting 3rd wellplate from source at 72700
2025-11-25 16:34:05,680 - INFO - Grabbing wellplate from location: source_stack
2025-11-25 16:34:05,856 - DEBUG - Opening gripper
2025-11-25 16:34:11,645 - DEBUG - Closing gripper
2025-11-25 16:34:15,290 - INFO - Releasing wellplate at location: pipetting_area
2025-11-25 16:34:20,633 - DEBUG - Opening gripper
2025-11-25 16:34:27,512 - DEBUG - Moving North Track to home position
2025-11-25 16:34:27,514 - INFO - Priming reservoir 1 line into vial 42: 0.500 mL
2025-11-25 16:34:27,515 - INFO - Dispensing into vial 42 from reservoir 1: 0.500 mL
2025-11-25 16:34:27,516 - INFO - Moving vial water to clamp: 0
2025-11-25 16:34:27,516 - DEBUG - Grabbing vial 42 with index 42
2025-11-25 16:34:29,481 - DEBUG - Dropping off vial 42 at location clamp with index 0
2025-11-25 16:34:33,197 - INFO - Moving robot to home position
2025-11-25 16:34:40,149 - DEBUG - Dispensing 0.500 mL 1 times
2025-11-25 16:34:46,835 - INFO - Returning vial water to home location: main_8mL_rack index 43
2025-11-25 16:34:46,835 - INFO - Moving vial water to main_8mL_rack: 43
2025-11-25 16:34:46,835 - DEBUG - Grabbing vial 42 with index 42
2025-11-25 16:34:49,522 - DEBUG - Dropping off vial 42 at location main_8mL_rack with index 43
2025-11-25 16:34:53,249 - INFO - Checking for existing substocks in CSV...
2025-11-25 16:34:53,265 - INFO -   Found existing SDS dilution: SDS_dilution_0 = 3.16e-02 mM (5.6 mL)
2025-11-25 16:34:53,265 - INFO -   Found existing SDS dilution: SDS_dilution_1 = 1.00e-01 mM (5.8 mL)
2025-11-25 16:34:53,265 - INFO -   Found existing SDS dilution: SDS_dilution_2 = 3.16e-01 mM (5.4 mL)
2025-11-25 16:34:53,265 - INFO -   Found existing SDS dilution: SDS_dilution_3 = 1.00e+00 mM (5.4 mL)
2025-11-25 16:34:53,265 - INFO -   Found existing SDS dilution: SDS_dilution_4 = 3.16e+00 mM (5.4 mL)
2025-11-25 16:34:53,265 - INFO -   Found existing SDS dilution: SDS_dilution_5 = 1.00e+01 mM (6.0 mL)
2025-11-25 16:34:53,265 - INFO -   Found existing CTAB dilution: CTAB_dilution_0 = 3.16e-02 mM (5.4 mL)
2025-11-25 16:34:53,265 - INFO -   Found existing CTAB dilution: CTAB_dilution_1 = 1.00e-01 mM (5.4 mL)
2025-11-25 16:34:53,265 - INFO -   Found existing CTAB dilution: CTAB_dilution_2 = 3.16e-01 mM (4.8 mL)
2025-11-25 16:34:53,265 - INFO -   Found existing CTAB dilution: CTAB_dilution_3 = 1.00e+00 mM (5.4 mL)
2025-11-25 16:34:53,265 - INFO - Session initialization complete
2025-11-25 16:34:53,272 - INFO - Checking for existing substocks in CSV...
2025-11-25 16:34:53,273 - INFO -   Found existing SDS dilution: SDS_dilution_0 = 3.16e-02 mM (5.6 mL)
2025-11-25 16:34:53,273 - INFO -   Found existing SDS dilution: SDS_dilution_1 = 1.00e-01 mM (5.8 mL)
2025-11-25 16:34:53,273 - INFO -   Found existing SDS dilution: SDS_dilution_2 = 3.16e-01 mM (5.4 mL)
2025-11-25 16:34:53,274 - INFO -   Found existing SDS dilution: SDS_dilution_3 = 1.00e+00 mM (5.4 mL)
2025-11-25 16:34:53,274 - INFO -   Found existing SDS dilution: SDS_dilution_4 = 3.16e+00 mM (5.4 mL)
2025-11-25 16:34:53,274 - INFO -   Found existing SDS dilution: SDS_dilution_5 = 1.00e+01 mM (6.0 mL)
2025-11-25 16:34:53,275 - INFO -   Found existing CTAB dilution: CTAB_dilution_0 = 3.16e-02 mM (5.4 mL)
2025-11-25 16:34:53,276 - INFO -   Found existing CTAB dilution: CTAB_dilution_1 = 1.00e-01 mM (5.4 mL)
2025-11-25 16:34:53,276 - INFO -   Found existing CTAB dilution: CTAB_dilution_2 = 3.16e-01 mM (4.8 mL)
2025-11-25 16:34:53,276 - INFO -   Found existing CTAB dilution: CTAB_dilution_3 = 1.00e+00 mM (5.4 mL)
2025-11-25 16:34:53,278 - INFO - Starting surfactant combination: CTAB vs SDS
2025-11-25 16:34:53,279 - INFO - Moving robot to home position
2025-11-25 16:34:55,830 - INFO - Homing all robot components...
2025-11-25 16:34:55,830 - DEBUG - Homing carousel...
2025-11-25 16:35:03,576 - DEBUG - Homing robot axes...
2025-11-25 16:35:15,834 - DEBUG - Homing pump 0...
2025-11-25 16:35:17,481 - DEBUG - Homing pump 1...
2025-11-25 16:35:19,168 - DEBUG - Homing track axes...
2025-11-25 16:35:19,168 - DEBUG - Homing track axis z_axis (axis 6)...
2025-11-25 16:35:22,712 - DEBUG - Homing track axis x_axis (axis 7)...
2025-11-25 16:35:26,727 - INFO - All robot components homed successfully
2025-11-25 16:35:26,727 - INFO - Priming reservoir 1 line into vial 42: 0.500 mL
2025-11-25 16:35:26,728 - INFO - Dispensing into vial 42 from reservoir 1: 0.500 mL
2025-11-25 16:35:26,728 - INFO - Moving vial water to clamp: 0
2025-11-25 16:35:26,728 - DEBUG - Grabbing vial 42 with index 42
2025-11-25 16:35:28,802 - DEBUG - Dropping off vial 42 at location clamp with index 0
2025-11-25 16:35:32,526 - INFO - Moving robot to home position
2025-11-25 16:35:39,522 - DEBUG - Dispensing 0.500 mL 1 times
2025-11-25 16:35:45,504 - INFO - Returning vial water to home location: main_8mL_rack index 43
2025-11-25 16:35:45,504 - INFO - Moving vial water to main_8mL_rack: 43
2025-11-25 16:35:45,504 - DEBUG - Grabbing vial 42 with index 42
2025-11-25 16:35:48,191 - DEBUG - Dropping off vial 42 at location main_8mL_rack with index 43
2025-11-25 16:35:51,920 - INFO - Preparing dilution series for CTAB and SDS
2025-11-25 16:35:51,920 - DEBUG - Checking substocks for CTAB
2025-11-25 16:35:51,920 - DEBUG - CTAB achievable concentrations: ['3.16e-02', '1.00e-01', '3.16e-01', '1.00e+00', 'None', 'None'] mM
2025-11-25 16:35:51,920 - DEBUG - Checking substocks for SDS
2025-11-25 16:35:51,920 - DEBUG - SDS achievable concentrations: ['3.16e-02', '1.00e-01', '3.16e-01', '1.00e+00', '3.16e+00', '1.00e+01'] mM
2025-11-25 16:35:51,920 - INFO - Starting grid pipetting with interval measurements
2025-11-25 16:35:51,920 - INFO - Starting grid pipetting: 6x6 grid with 1 replicates each
2025-11-25 16:35:51,920 - DEBUG - Skipping combination [4,0]: None + 3.16e-02 mM (vial not available)
2025-11-25 16:35:51,920 - DEBUG - Skipping combination [4,1]: None + 1.00e-01 mM (vial not available)
2025-11-25 16:35:51,920 - DEBUG - Skipping combination [4,2]: None + 3.16e-01 mM (vial not available)
2025-11-25 16:35:51,920 - DEBUG - Skipping combination [4,3]: None + 1.00e+00 mM (vial not available)
2025-11-25 16:35:51,920 - DEBUG - Skipping combination [4,4]: None + 3.16e+00 mM (vial not available)
2025-11-25 16:35:51,920 - DEBUG - Skipping combination [4,5]: None + 1.00e+01 mM (vial not available)
2025-11-25 16:35:51,920 - DEBUG - Skipping combination [5,0]: None + 3.16e-02 mM (vial not available)
2025-11-25 16:35:51,920 - DEBUG - Skipping combination [5,1]: None + 1.00e-01 mM (vial not available)
2025-11-25 16:35:51,920 - DEBUG - Skipping combination [5,2]: None + 3.16e-01 mM (vial not available)
2025-11-25 16:35:51,920 - DEBUG - Skipping combination [5,3]: None + 1.00e+00 mM (vial not available)
2025-11-25 16:35:51,920 - DEBUG - Skipping combination [5,4]: None + 3.16e+00 mM (vial not available)
2025-11-25 16:35:51,920 - DEBUG - Skipping combination [5,5]: None + 1.00e+01 mM (vial not available)
2025-11-25 16:35:51,920 - INFO - Grid summary: 24/36 wells achievable (12 skipped due to non-achievable concentrations)
2025-11-25 16:35:51,935 - DEBUG - Using calibrated aspirate_speed=8 for water at 0.100mL
2025-11-25 16:35:51,935 - DEBUG - Using calibrated dispense_speed=14 for water at 0.100mL
2025-11-25 16:35:51,935 - DEBUG - Using calibrated aspirate_wait_time=0.0 for water at 0.100mL
2025-11-25 16:35:51,935 - DEBUG - Using calibrated dispense_wait_time=3.5437186 for water at 0.100mL
2025-11-25 16:35:51,935 - DEBUG - Using calibrated retract_speed=10 for water at 0.100mL
2025-11-25 16:35:51,935 - DEBUG - Using calibrated blowout_vol=0.016158898 for water at 0.100mL
2025-11-25 16:35:51,935 - DEBUG - Using calibrated post_asp_air_vol=0.010581106 for water at 0.100mL
2025-11-25 16:35:51,935 - DEBUG - Using calibrated overaspirate_vol=0.003481365000000007 for water at 0.100mL
2025-11-25 16:35:51,936 - DEBUG - Vial move required for pipetting
2025-11-25 16:35:51,937 - INFO - Moving vial CTAB_dilution_0 to safe pipetting location
2025-11-25 16:35:51,938 - INFO - Moving vial CTAB_dilution_0 to clamp: 0
2025-11-25 16:35:51,938 - DEBUG - Grabbing vial 30 with index 30
2025-11-25 16:35:54,366 - DEBUG - Dropping off vial 30 at location clamp with index 0
2025-11-25 16:35:57,757 - DEBUG - Vial CTAB_dilution_0 has open cap, skipping uncap operation
2025-11-25 16:35:57,757 - DEBUG - Selected small_tip for volume 0.114 mL
2025-11-25 16:35:57,757 - INFO - Getting small_tip (pipet number 6) from rack: small_tip_rack_1
2025-11-25 16:36:02,840 - INFO - Pipetting from vial CTAB_dilution_0, amount: 0.100 mL
2025-11-25 16:36:02,840 - INFO - Additional volume from calibration, amount: 0.003 mL
2025-11-25 16:36:02,840 - DEBUG - Adjusting pump 0 speed to 8
2025-11-25 16:36:05,722 - INFO - Finalizing screening session
2025-11-25 16:36:05,722 - INFO - Moving robot to home position
