2026-03-31 16:13:00,527 - DEBUG - No workflow config provided - using default initialization
2026-03-31 16:13:00,527 - INFO - Launching status review GUI...
2026-03-31 16:13:00,678 - INFO - Detected workflow name: enhanced_SP_arm_position_program_v1.1_xy_coordinate_system
2026-03-31 16:13:01,059 - INFO - Config editor loaded for workflow: enhanced_SP_arm_position_program_v1.1_xy_coordinate_system
2026-03-31 16:13:04,086 - INFO - User selected: Run Workflow
2026-03-31 16:13:04,092 - INFO - Status review completed - proceeding with hardware initialization
2026-03-31 16:13:04,440 - INFO - Initializing North Robot...
2026-03-31 16:13:04,440 - DEBUG - Loading robot configuration files...
2026-03-31 16:13:04,457 - DEBUG - Loaded vial positions configuration from robot_state/vial_positions.yaml
2026-03-31 16:13:04,459 - DEBUG - Loaded pipet tips configuration from robot_state/pipet_tips.yaml
2026-03-31 16:13:04,463 - DEBUG - Loaded pipet racks configuration from robot_state/pipet_racks.yaml
2026-03-31 16:13:04,463 - DEBUG - Loaded pump configuration from robot_state/syringe_pumps.yaml
2026-03-31 16:13:04,463 - DEBUG - Loaded robot hardware configuration from robot_state/robot_hardware.yaml
2026-03-31 16:13:04,463 - DEBUG - Loaded wellplate properties configuration from robot_state/wellplates.yaml
2026-03-31 16:13:04,463 - DEBUG - Loading robot state files...
2026-03-31 16:13:04,480 - DEBUG - Loaded vial data from status/surfactant_grid_vials_expanded.csv
2026-03-31 16:13:04,484 - DEBUG - Loaded robot status from robot_state/robot_status.yaml
2026-03-31 16:13:04,488 - DEBUG - Loaded wellplate positions from robot_state/wellplates.yaml
2026-03-31 16:13:04,488 - DEBUG - Robot status loaded successfully
2026-03-31 16:13:04,488 - INFO - Physical initialization of North Robot...
2026-03-31 16:13:07,989 - DEBUG - Loading pumps from YAML configuration...
2026-03-31 16:13:08,101 - DEBUG - Loaded pump 0: volume=1.0mL, speed=11, liquid=None
2026-03-31 16:13:08,212 - DEBUG - Loaded pump 1: volume=2.5mL, speed=15, liquid=water
2026-03-31 16:13:08,212 - WARNING - The robot reports having a tip, removing the tip
2026-03-31 16:13:08,212 - INFO - Removing pipet
2026-03-31 16:13:11,647 - INFO - Moving robot to home position
2026-03-31 16:13:13,482 - DEBUG - Initializing centrifuge controller...
2026-03-31 16:13:18,856 - DEBUG - Current reader status: 0
2026-03-31 16:13:18,856 - INFO - Cytation5 is connected and ready
2026-03-31 16:13:18,856 - INFO - Initializing North Track...
2026-03-31 16:13:18,857 - DEBUG - Loading track status from file: robot_state/track_status.yaml
2026-03-31 16:13:18,857 - DEBUG - Getting track status from file: robot_state/track_status.yaml
2026-03-31 16:13:18,858 - DEBUG - Loaded track status from robot_state/track_status.yaml
2026-03-31 16:13:18,858 - DEBUG - Loading track positions from: robot_state/track_positions.yaml
2026-03-31 16:13:18,858 - DEBUG - Loaded track positions configuration from robot_state/track_positions.yaml
2026-03-31 16:13:18,858 - DEBUG - Loading robot hardware configuration from: robot_state/robot_hardware.yaml
2026-03-31 16:13:18,870 - DEBUG - Loaded robot hardware configuration from robot_state/robot_hardware.yaml
2026-03-31 16:13:18,874 - DEBUG - Loaded wellplate properties configuration from robot_state/wellplates.yaml
2026-03-31 16:13:18,944 - DEBUG - Moving North Track to home position
2026-03-31 16:13:18,944 - DEBUG - Detected origin position (0,0) - setting location to 'origin'
2026-03-31 16:13:18,945 - DEBUG - Updated gripper location to: origin at position {'x': 0, 'z': 0}
2026-03-31 16:13:24,835 - INFO - Getting large_tip (pipet number 12) from rack: large_tip_rack_1
