2026-04-02 16:16:33,875 - DEBUG - No workflow config provided - using default initialization
2026-04-02 16:16:33,875 - INFO - Launching status review GUI...
2026-04-02 16:16:34,037 - INFO - Detected workflow name: test_dispense
2026-04-02 16:16:34,366 - INFO - Config editor loaded for workflow: test_dispense
2026-04-02 16:16:39,494 - INFO - User selected: Run Workflow
2026-04-02 16:16:39,508 - INFO - Status review completed - proceeding with hardware initialization
2026-04-02 16:16:40,096 - INFO - Initializing North Robot...
2026-04-02 16:16:40,096 - DEBUG - Loading robot configuration files...
2026-04-02 16:16:40,114 - DEBUG - Loaded vial positions configuration from robot_state/vial_positions.yaml
2026-04-02 16:16:40,115 - DEBUG - Loaded pipet tips configuration from robot_state/pipet_tips.yaml
2026-04-02 16:16:40,119 - DEBUG - Loaded pipet racks configuration from robot_state/pipet_racks.yaml
2026-04-02 16:16:40,122 - DEBUG - Loaded pump configuration from robot_state/syringe_pumps.yaml
2026-04-02 16:16:40,122 - DEBUG - Loaded robot hardware configuration from robot_state/robot_hardware.yaml
2026-04-02 16:16:40,129 - DEBUG - Loaded wellplate properties configuration from robot_state/wellplates.yaml
2026-04-02 16:16:40,129 - DEBUG - Loading robot state files...
2026-04-02 16:16:40,136 - DEBUG - Loaded vial data from ../utoronto_demo/status/color_mixing_vials.csv
2026-04-02 16:16:40,136 - DEBUG - Loaded robot status from robot_state/robot_status.yaml
2026-04-02 16:16:40,141 - DEBUG - Loaded wellplate positions from robot_state/wellplates.yaml
2026-04-02 16:16:40,141 - DEBUG - Robot status loaded successfully
2026-04-02 16:16:40,141 - INFO - Physical initialization of North Robot...
2026-04-02 16:16:43,627 - DEBUG - Loading pumps from YAML configuration...
2026-04-02 16:16:43,728 - DEBUG - Loaded pump 0: volume=1.0mL, speed=11, liquid=None
2026-04-02 16:16:43,828 - DEBUG - Loaded pump 1: volume=2.5mL, speed=15, liquid=water
2026-04-02 16:16:43,828 - WARNING - The robot reports having a tip, removing the tip
2026-04-02 16:16:43,828 - INFO - Removing pipet
2026-04-02 16:16:47,896 - INFO - Moving robot to home position
2026-04-02 16:16:49,747 - DEBUG - Initializing centrifuge controller...
2026-04-02 16:16:49,747 - INFO - Initializing North Track...
2026-04-02 16:16:49,747 - DEBUG - Loading track status from file: robot_state/track_status.yaml
2026-04-02 16:16:49,747 - DEBUG - Getting track status from file: robot_state/track_status.yaml
2026-04-02 16:16:49,748 - DEBUG - Loaded track status from robot_state/track_status.yaml
2026-04-02 16:16:49,748 - DEBUG - Loading track positions from: robot_state/track_positions.yaml
2026-04-02 16:16:49,748 - DEBUG - Loaded track positions configuration from robot_state/track_positions.yaml
2026-04-02 16:16:49,748 - DEBUG - Loading robot hardware configuration from: robot_state/robot_hardware.yaml
2026-04-02 16:16:49,748 - DEBUG - Loaded robot hardware configuration from robot_state/robot_hardware.yaml
2026-04-02 16:16:49,764 - DEBUG - Loaded wellplate properties configuration from robot_state/wellplates.yaml
2026-04-02 16:16:49,833 - DEBUG - Moving North Track to home position
2026-04-02 16:16:49,833 - DEBUG - Detected origin position (0,0) - setting location to 'origin'
2026-04-02 16:16:49,833 - DEBUG - Updated gripper location to: origin at position {'x': 0, 'z': 0}
2026-04-02 16:16:49,847 - DEBUG - Using calibrated aspirate_speed=15 for water at 0.050mL
2026-04-02 16:16:49,847 - DEBUG - Using calibrated dispense_speed=10 for water at 0.050mL
2026-04-02 16:16:49,848 - DEBUG - Using calibrated aspirate_wait_time=0.5 for water at 0.050mL
2026-04-02 16:16:49,848 - DEBUG - Using calibrated dispense_wait_time=1.5 for water at 0.050mL
2026-04-02 16:16:49,848 - DEBUG - Using calibrated retract_speed=5 for water at 0.050mL
2026-04-02 16:16:49,848 - DEBUG - Using calibrated blowout_vol=0.0 for water at 0.050mL
2026-04-02 16:16:49,848 - DEBUG - Using calibrated post_asp_air_vol=0.0 for water at 0.050mL
2026-04-02 16:16:49,848 - DEBUG - Using calibrated overaspirate_vol=0.002999259 for water at 0.050mL
2026-04-02 16:16:49,848 - DEBUG - Using calibrated pre_asp_air_vol=0.112 for water at 0.050mL
2026-04-02 16:16:49,848 - INFO - Dispensing 0.050 mL from yellow to blue
2026-04-02 16:16:49,854 - DEBUG - Using calibrated aspirate_speed=15 for water at 0.050mL
2026-04-02 16:16:49,855 - DEBUG - Using calibrated dispense_speed=10 for water at 0.050mL
2026-04-02 16:16:49,855 - DEBUG - Using calibrated aspirate_wait_time=0.5 for water at 0.050mL
2026-04-02 16:16:49,855 - DEBUG - Using calibrated dispense_wait_time=1.5 for water at 0.050mL
2026-04-02 16:16:49,855 - DEBUG - Using calibrated retract_speed=5 for water at 0.050mL
2026-04-02 16:16:49,855 - DEBUG - Using calibrated blowout_vol=0.0 for water at 0.050mL
2026-04-02 16:16:49,855 - DEBUG - Using calibrated post_asp_air_vol=0.0 for water at 0.050mL
2026-04-02 16:16:49,855 - DEBUG - Using calibrated overaspirate_vol=0.002999259 for water at 0.050mL
2026-04-02 16:16:49,855 - DEBUG - Using calibrated pre_asp_air_vol=0.112 for water at 0.050mL
2026-04-02 16:16:49,855 - DEBUG - Applied object param asp_disp_cycles=0
2026-04-02 16:16:49,855 - DEBUG - Applied object param aspirate_speed=15
2026-04-02 16:16:49,855 - DEBUG - Applied object param aspirate_wait_time=0.5
2026-04-02 16:16:49,855 - DEBUG - Applied object param blowout_vol=0.0
2026-04-02 16:16:49,855 - DEBUG - Applied object param dispense_speed=10
2026-04-02 16:16:49,855 - DEBUG - Applied object param dispense_wait_time=1.5
2026-04-02 16:16:49,855 - DEBUG - Applied object param overaspirate_vol=0.002999259
2026-04-02 16:16:49,855 - DEBUG - Applied object param post_asp_air_vol=0.0
2026-04-02 16:16:49,855 - DEBUG - Applied object param post_retract_wait_time=0.0
2026-04-02 16:16:49,855 - DEBUG - Applied object param pre_asp_air_vol=0.112
2026-04-02 16:16:49,855 - DEBUG - Applied object param retract_speed=5
2026-04-02 16:16:49,856 - DEBUG - Selected small_tip for volume 0.050 mL
2026-04-02 16:16:49,857 - INFO - Getting small_tip (pipet number 32) from rack: small_tip_rack_1
