2026-03-17 12:58:54,228 - DEBUG - No workflow config provided - using default initialization
2026-03-17 12:58:54,228 - INFO - GUI disabled - skipping status review, proceeding directly to hardware initialization
2026-03-17 12:58:54,714 - INFO - Initializing North Robot...
2026-03-17 12:58:54,714 - DEBUG - Loading robot configuration files...
2026-03-17 12:58:54,726 - DEBUG - Loaded vial positions configuration from robot_state/vial_positions.yaml
2026-03-17 12:58:54,728 - DEBUG - Loaded pipet tips configuration from robot_state/pipet_tips.yaml
2026-03-17 12:58:54,728 - DEBUG - Loaded pipet racks configuration from robot_state/pipet_racks.yaml
2026-03-17 12:58:54,728 - DEBUG - Loaded pump configuration from robot_state/syringe_pumps.yaml
2026-03-17 12:58:54,728 - DEBUG - Loaded robot hardware configuration from robot_state/robot_hardware.yaml
2026-03-17 12:58:54,728 - DEBUG - Loaded wellplate properties configuration from robot_state/wellplates.yaml
2026-03-17 12:58:54,728 - DEBUG - Loading robot state files...
2026-03-17 12:58:54,728 - INFO - No vial file provided - operating without vial tracking
2026-03-17 12:58:54,744 - DEBUG - Loaded robot status from robot_state/robot_status.yaml
2026-03-17 12:58:54,747 - DEBUG - Loaded wellplate positions from robot_state/wellplates.yaml
2026-03-17 12:58:54,747 - DEBUG - Robot status loaded successfully
2026-03-17 12:58:54,747 - INFO - Physical initialization of North Robot...
2026-03-17 12:58:58,226 - DEBUG - Loading pumps from YAML configuration...
2026-03-17 12:58:58,327 - DEBUG - Loaded pump 0: volume=1.0mL, speed=11, liquid=None
2026-03-17 12:58:58,426 - DEBUG - Loaded pump 1: volume=2.5mL, speed=15, liquid=water
2026-03-17 12:58:58,426 - INFO - Moving robot to home position
2026-03-17 12:58:58,842 - DEBUG - Initializing centrifuge controller...
2026-03-17 12:58:58,842 - INFO - Initializing North Track...
2026-03-17 12:58:58,842 - DEBUG - Loading track status from file: robot_state/track_status.yaml
2026-03-17 12:58:58,842 - DEBUG - Getting track status from file: robot_state/track_status.yaml
2026-03-17 12:58:58,843 - DEBUG - Loaded track status from robot_state/track_status.yaml
2026-03-17 12:58:58,843 - DEBUG - Loading track positions from: robot_state/track_positions.yaml
2026-03-17 12:58:58,851 - DEBUG - Loaded track positions configuration from robot_state/track_positions.yaml
2026-03-17 12:58:58,851 - DEBUG - Loading robot hardware configuration from: robot_state/robot_hardware.yaml
2026-03-17 12:58:58,853 - DEBUG - Loaded robot hardware configuration from robot_state/robot_hardware.yaml
2026-03-17 12:58:58,857 - DEBUG - Loaded wellplate properties configuration from robot_state/wellplates.yaml
2026-03-17 12:59:01,869 - DEBUG - Moving North Track to home position
2026-03-17 12:59:01,869 - DEBUG - Detected origin position (0,0) - setting location to 'origin'
2026-03-17 12:59:01,870 - DEBUG - Updated gripper location to: origin at position {'x': 0, 'z': 0}
2026-03-17 12:59:01,871 - INFO - Grabbing wellplate from location: lid_storage_96
2026-03-17 12:59:02,974 - DEBUG - Updated gripper location to: cytation_safe_area at position {'x': 47775, 'z': 0}
2026-03-17 12:59:05,030 - DEBUG - Opening gripper
2026-03-17 12:59:07,879 - DEBUG - Closing gripper
2026-03-17 12:59:10,322 - DEBUG - Updated gripper location to: lid_storage_96 at position {'x': 60400, 'z': 75000}
2026-03-17 12:59:10,322 - INFO - Releasing wellplate at location: pipetting_area
2026-03-17 12:59:10,322 - DEBUG - No waypoint locations provided, skipping path movement
2026-03-17 12:59:12,553 - DEBUG - Opening gripper
2026-03-17 12:59:14,939 - DEBUG - Updated gripper location to: pipetting_area at position {'x': 131825, 'z': 75000}
2026-03-17 12:59:14,939 - INFO - Grabbing wellplate from location: pipetting_area
2026-03-17 12:59:16,758 - DEBUG - Updated gripper location to: cytation_safe_area at position {'x': 47775, 'z': 75000}
