2026-02-13 15:25:23,003 - INFO - Initializing North Robot...
2026-02-13 15:25:23,005 - DEBUG - Loading robot configuration files...
2026-02-13 15:25:23,013 - DEBUG - Loaded vial positions configuration from robot_state/vial_positions.yaml
2026-02-13 15:25:23,015 - DEBUG - Loaded pipet tips configuration from robot_state/pipet_tips.yaml
2026-02-13 15:25:23,021 - DEBUG - Loaded pipet racks configuration from robot_state/pipet_racks.yaml
2026-02-13 15:25:23,024 - DEBUG - Loaded pump configuration from robot_state/syringe_pumps.yaml
2026-02-13 15:25:23,028 - DEBUG - Loaded robot hardware configuration from robot_state/robot_hardware.yaml
2026-02-13 15:25:23,030 - DEBUG - Loaded wellplate properties configuration from robot_state/wellplates.yaml
2026-02-13 15:25:23,030 - DEBUG - Loading robot state files...
2026-02-13 15:25:23,030 - DEBUG - Loaded vial data from ../utoronto_demo/status/surfactant_grid_vials_expanded.csv
2026-02-13 15:25:23,045 - DEBUG - Loaded robot status from robot_state/robot_status.yaml
2026-02-13 15:25:23,045 - DEBUG - Loaded wellplate positions from robot_state/wellplates.yaml
2026-02-13 15:25:23,045 - DEBUG - Robot status loaded successfully
2026-02-13 15:25:23,045 - INFO - Physical initialization of North Robot...
2026-02-13 15:25:26,562 - DEBUG - Loading pumps from YAML configuration...
2026-02-13 15:25:26,645 - DEBUG - Loaded pump 0: volume=1.0mL, speed=11, liquid=None
2026-02-13 15:25:26,757 - DEBUG - Loaded pump 1: volume=2.5mL, speed=15, liquid=water
2026-02-13 15:25:26,757 - INFO - Moving robot to home position
2026-02-13 15:25:30,379 - DEBUG - Initializing centrifuge controller...
2026-02-13 15:25:35,700 - DEBUG - Current reader status: 0
2026-02-13 15:25:35,700 - INFO - Cytation5 is connected and ready
2026-02-13 15:25:35,700 - INFO - Initializing North Track...
2026-02-13 15:25:35,701 - DEBUG - Loading track status from file: robot_state/track_status.yaml
2026-02-13 15:25:35,701 - DEBUG - Getting track status from file: robot_state/track_status.yaml
2026-02-13 15:25:35,702 - DEBUG - Loaded track status from robot_state/track_status.yaml
2026-02-13 15:25:35,702 - DEBUG - Loading track positions from: robot_state/track_positions.yaml
2026-02-13 15:25:35,708 - DEBUG - Loaded track positions configuration from robot_state/track_positions.yaml
2026-02-13 15:25:35,708 - DEBUG - Loading robot hardware configuration from: robot_state/robot_hardware.yaml
2026-02-13 15:25:35,708 - DEBUG - Loaded robot hardware configuration from robot_state/robot_hardware.yaml
2026-02-13 15:25:35,708 - DEBUG - Loaded wellplate properties configuration from robot_state/wellplates.yaml
2026-02-13 15:25:35,786 - DEBUG - Moving North Track to home position
2026-02-13 15:25:35,789 - INFO -     vial_index        vial_name       location  location_index  vial_volume  capped cap_type vial_type  home_location  home_location_index
0            0        SDS_stock  main_8mL_rack               0     0.910819    True     open      8_mL  main_8mL_rack                    0
1            1       TTAB_stock  main_8mL_rack               1     0.890026    True     open      8_mL  main_8mL_rack                    1
2            2      pyrene_DMSO  main_8mL_rack               2     2.620000    True     open      8_mL  main_8mL_rack                    2
3            3            water  main_8mL_rack               3     8.000000    True     open      8_mL  main_8mL_rack                    3
4            4          water_2  main_8mL_rack               4     8.000000    True     open      8_mL  main_8mL_rack                    4
5            5            HEPES  main_8mL_rack               5     0.000000    True     open      8_mL  main_8mL_rack                    5
6            6   SDS_dilution_0  main_8mL_rack               6     3.453908    True     open      8_mL  main_8mL_rack                    6
7            7   SDS_dilution_1  main_8mL_rack               7     4.096594    True     open      8_mL  main_8mL_rack                    7
8            8   SDS_dilution_2  main_8mL_rack               8     4.813303    True     open      8_mL  main_8mL_rack                    8
9            9   SDS_dilution_3  main_8mL_rack               9     4.450493    True     open      8_mL  main_8mL_rack                    9
10          10   SDS_dilution_4  main_8mL_rack              10     4.569250    True     open      8_mL  main_8mL_rack                   10
11          11   SDS_dilution_5  main_8mL_rack              11     5.297090    True     open      8_mL  main_8mL_rack                   11
12          12  TTAB_dilution_0  main_8mL_rack              12     3.072810    True     open      8_mL  main_8mL_rack                   12
13          13  TTAB_dilution_1  main_8mL_rack              13     4.030519    True     open      8_mL  main_8mL_rack                   13
14          14  TTAB_dilution_2  main_8mL_rack              14     5.006348    True     open      8_mL  main_8mL_rack                   14
15          15  TTAB_dilution_3  main_8mL_rack              15     4.601280    True     open      8_mL  main_8mL_rack                   15
16          16  TTAB_dilution_4  main_8mL_rack              16     4.582515    True     open      8_mL  main_8mL_rack                   16
17          17  TTAB_dilution_5  main_8mL_rack              17     5.295501    True     open      8_mL  main_8mL_rack                   17
2026-02-13 15:25:35,809 - INFO - Visualizing vial racks...
2026-02-13 15:25:35,958 - DEBUG - Matplotlib backend: qtagg
2026-02-13 15:25:36,072 - DEBUG - Visualizing rack: Main Rack with filter: main_8mL_rack
2026-02-13 15:25:36,274 - DEBUG - Visualizing rack: Second Rack with filter: large_vial_rack
2026-02-13 15:25:38,923 - DEBUG - Vial visualization displayed successfully
