2026-01-30 11:45:27,380 - INFO - Initializing North Robot...
2026-01-30 11:45:27,380 - DEBUG - Loading robot configuration files...
2026-01-30 11:45:27,389 - DEBUG - Loaded vial positions configuration from robot_state/vial_positions.yaml
2026-01-30 11:45:27,390 - DEBUG - Loaded pipet tips configuration from robot_state/pipet_tips.yaml
2026-01-30 11:45:27,394 - DEBUG - Loaded pipet racks configuration from robot_state/pipet_racks.yaml
2026-01-30 11:45:27,398 - DEBUG - Loaded pump configuration from robot_state/syringe_pumps.yaml
2026-01-30 11:45:27,401 - DEBUG - Loaded robot hardware configuration from robot_state/robot_hardware.yaml
2026-01-30 11:45:27,404 - DEBUG - Loaded wellplate properties configuration from robot_state/wellplates.yaml
2026-01-30 11:45:27,404 - DEBUG - Loading robot state files...
2026-01-30 11:45:27,407 - DEBUG - Loaded vial data from ../utoronto_demo/status/sample_capped_vials.csv
2026-01-30 11:45:27,408 - DEBUG - Loaded robot status from robot_state/robot_status.yaml
2026-01-30 11:45:27,408 - DEBUG - Loaded wellplate positions from robot_state/wellplates.yaml
2026-01-30 11:45:27,408 - DEBUG - Robot status loaded successfully
2026-01-30 11:45:27,408 - INFO - Physical initialization of North Robot...
2026-01-30 11:45:30,882 - DEBUG - Loading pumps from YAML configuration...
2026-01-30 11:45:30,996 - DEBUG - Loaded pump 0: volume=1.0mL, speed=11, liquid=None
2026-01-30 11:45:31,082 - DEBUG - Loaded pump 1: volume=2.5mL, speed=15, liquid=water
2026-01-30 11:45:31,082 - INFO - Moving robot to home position
2026-01-30 11:45:31,495 - DEBUG - Initializing centrifuge controller...
2026-01-30 11:45:36,728 - DEBUG - Current reader status: 0
2026-01-30 11:45:36,728 - INFO - Cytation5 is connected and ready
2026-01-30 11:45:36,728 - INFO - Initializing North Track...
2026-01-30 11:45:36,728 - DEBUG - Loading track status from file: robot_state/track_status.yaml
2026-01-30 11:45:36,728 - DEBUG - Getting track status from file: robot_state/track_status.yaml
2026-01-30 11:45:36,728 - DEBUG - Loaded track status from robot_state/track_status.yaml
2026-01-30 11:45:36,728 - DEBUG - Loading track positions from: robot_state/track_positions.yaml
2026-01-30 11:45:36,739 - DEBUG - Loaded track positions configuration from robot_state/track_positions.yaml
2026-01-30 11:45:36,739 - DEBUG - Loading robot hardware configuration from: robot_state/robot_hardware.yaml
2026-01-30 11:45:36,742 - DEBUG - Loaded robot hardware configuration from robot_state/robot_hardware.yaml
2026-01-30 11:45:36,745 - DEBUG - Loaded wellplate properties configuration from robot_state/wellplates.yaml
2026-01-30 11:45:39,740 - DEBUG - Moving North Track to home position
2026-01-30 11:45:39,740 - INFO - Grabbing wellplate from location: lid_storage
2026-01-30 11:45:42,888 - DEBUG - Opening gripper
2026-01-30 11:45:45,454 - DEBUG - Closing gripper
2026-01-30 11:45:47,820 - INFO - Releasing wellplate at location: pipetting_area
2026-01-30 11:45:47,820 - DEBUG - No waypoint locations provided, skipping path movement
2026-01-30 11:45:49,818 - DEBUG - Opening gripper
2026-01-30 11:45:52,102 - INFO - Measuring wellplate 0 with protocols: C:\Protocols\300_900_sweep.prt
2026-01-30 11:45:52,102 - DEBUG - Using robot plate type 'quartz' -> Cytation plate type '96 QUARTZ LID'
2026-01-30 11:45:52,102 - INFO - Moving robot to home position
2026-01-30 11:45:52,313 - INFO - Moving wellplate 0 to Cytation
2026-01-30 11:45:52,313 - DEBUG - Using robot plate type 'quartz' -> Cytation plate type '96 QUARTZ LID' for CarrierIn
2026-01-30 11:45:54,130 - INFO - Grabbing wellplate from location: pipetting_area
2026-01-30 11:45:54,130 - DEBUG - No waypoint locations provided, skipping path movement
2026-01-30 11:45:55,980 - DEBUG - Opening gripper
2026-01-30 11:45:58,866 - DEBUG - Closing gripper
2026-01-30 11:46:05,356 - INFO - Releasing wellplate at location: cytation_tray
2026-01-30 11:46:05,356 - DEBUG - No waypoint locations provided, skipping path movement
2026-01-30 11:46:07,997 - DEBUG - Opening gripper
2026-01-30 11:46:13,023 - DEBUG - Experiment created successfully.
2026-01-30 11:46:13,023 - DEBUG - Experiment Protocol Type: Standard
2026-01-30 11:46:13,023 - DEBUG - Grouping wells for plate type: 96 QUARTZ LID
2026-01-30 11:46:13,035 - INFO - Running plate with wells: ['A1', 'A2', 'A3'] and protocol type: spectra
2026-01-30 11:46:15,425 - INFO - Read started. Waiting for completion...
2026-01-30 11:47:08,447 - INFO - Plate read completed successfully.
2026-01-30 11:47:08,567 - INFO - Moving wellplate 0 back from Cytation
2026-01-30 11:47:08,567 - DEBUG - Using robot plate type 'quartz' -> Cytation plate type '96 QUARTZ LID' for CarrierIn
2026-01-30 11:47:10,767 - INFO - Grabbing wellplate from location: cytation_tray
2026-01-30 11:47:10,767 - DEBUG - No waypoint locations provided, skipping path movement
2026-01-30 11:47:10,852 - DEBUG - Opening gripper
2026-01-30 11:47:13,475 - DEBUG - Closing gripper
2026-01-30 11:47:18,921 - INFO - Releasing wellplate at location: pipetting_area
2026-01-30 11:47:18,921 - DEBUG - No waypoint locations provided, skipping path movement
2026-01-30 11:47:23,203 - DEBUG - Opening gripper
2026-01-30 11:47:30,095 - DEBUG - Moving North Track to home position
2026-01-30 11:47:30,111 - INFO - Grabbing wellplate from location: pipetting_area
2026-01-30 11:47:34,685 - DEBUG - Opening gripper
2026-01-30 11:47:37,141 - DEBUG - Closing gripper
2026-01-30 11:47:39,447 - INFO - Releasing wellplate at location: lid_storage
2026-01-30 11:47:39,448 - DEBUG - No waypoint locations provided, skipping path movement
2026-01-30 11:47:41,500 - DEBUG - Opening gripper
2026-01-30 11:47:43,808 - INFO - Grabbing wellplate from location: lid_storage
2026-01-30 11:47:44,634 - DEBUG - Opening gripper
2026-01-30 11:47:47,213 - DEBUG - Closing gripper
2026-01-30 11:47:49,554 - INFO - Releasing wellplate at location: pipetting_area
2026-01-30 11:47:49,555 - DEBUG - No waypoint locations provided, skipping path movement
2026-01-30 11:47:51,556 - DEBUG - Opening gripper
2026-01-30 11:47:53,843 - INFO - Measuring wellplate 0 with protocols: C:\Protocols\300_900_sweep.prt
2026-01-30 11:47:53,844 - DEBUG - Using robot plate type 'quartz' -> Cytation plate type '96 QUARTZ LID'
2026-01-30 11:47:53,844 - INFO - Moving robot to home position
2026-01-30 11:47:54,040 - INFO - Moving wellplate 0 to Cytation
2026-01-30 11:47:54,040 - DEBUG - Using robot plate type 'quartz' -> Cytation plate type '96 QUARTZ LID' for CarrierIn
2026-01-30 11:47:55,859 - INFO - Grabbing wellplate from location: pipetting_area
2026-01-30 11:47:55,859 - DEBUG - No waypoint locations provided, skipping path movement
2026-01-30 11:47:57,708 - DEBUG - Opening gripper
2026-01-30 11:48:00,577 - DEBUG - Closing gripper
2026-01-30 11:48:07,118 - INFO - Releasing wellplate at location: cytation_tray
2026-01-30 11:48:07,118 - DEBUG - No waypoint locations provided, skipping path movement
2026-01-30 11:48:09,755 - DEBUG - Opening gripper
2026-01-30 11:48:14,761 - DEBUG - Experiment created successfully.
2026-01-30 11:48:14,763 - DEBUG - Experiment Protocol Type: Standard
2026-01-30 11:48:14,764 - DEBUG - Grouping wells for plate type: 96 QUARTZ LID
2026-01-30 11:48:14,768 - INFO - Running plate with wells: ['A1', 'A2', 'A3'] and protocol type: spectra
2026-01-30 11:48:17,146 - INFO - Read started. Waiting for completion...
2026-01-30 11:49:10,204 - INFO - Plate read completed successfully.
2026-01-30 11:49:10,313 - INFO - Moving wellplate 0 back from Cytation
2026-01-30 11:49:10,313 - DEBUG - Using robot plate type 'quartz' -> Cytation plate type '96 QUARTZ LID' for CarrierIn
2026-01-30 11:49:12,514 - INFO - Grabbing wellplate from location: cytation_tray
2026-01-30 11:49:12,514 - DEBUG - No waypoint locations provided, skipping path movement
2026-01-30 11:49:12,597 - DEBUG - Opening gripper
2026-01-30 11:49:15,190 - DEBUG - Closing gripper
2026-01-30 11:49:20,643 - INFO - Releasing wellplate at location: pipetting_area
2026-01-30 11:49:20,643 - DEBUG - No waypoint locations provided, skipping path movement
2026-01-30 11:49:24,947 - DEBUG - Opening gripper
2026-01-30 11:49:31,845 - DEBUG - Moving North Track to home position
2026-01-30 11:49:31,851 - INFO - Grabbing wellplate from location: pipetting_area
2026-01-30 11:49:36,429 - DEBUG - Opening gripper
2026-01-30 11:49:38,898 - DEBUG - Closing gripper
2026-01-30 11:49:41,215 - INFO - Releasing wellplate at location: lid_storage
2026-01-30 11:49:41,215 - DEBUG - No waypoint locations provided, skipping path movement
2026-01-30 11:49:43,257 - DEBUG - Opening gripper
2026-01-30 11:49:45,577 - INFO - Grabbing wellplate from location: lid_storage
2026-01-30 11:49:46,394 - DEBUG - Opening gripper
2026-01-30 11:49:48,974 - DEBUG - Closing gripper
2026-01-30 11:49:51,332 - INFO - Releasing wellplate at location: pipetting_area
2026-01-30 11:49:51,332 - DEBUG - No waypoint locations provided, skipping path movement
2026-01-30 11:49:53,347 - DEBUG - Opening gripper
2026-01-30 11:49:55,625 - INFO - Measuring wellplate 0 with protocols: C:\Protocols\300_900_sweep.prt
2026-01-30 11:49:55,625 - DEBUG - Using robot plate type 'quartz' -> Cytation plate type '96 QUARTZ LID'
2026-01-30 11:49:55,625 - INFO - Moving robot to home position
2026-01-30 11:49:55,831 - INFO - Moving wellplate 0 to Cytation
2026-01-30 11:49:55,832 - DEBUG - Using robot plate type 'quartz' -> Cytation plate type '96 QUARTZ LID' for CarrierIn
2026-01-30 11:49:57,655 - INFO - Grabbing wellplate from location: pipetting_area
2026-01-30 11:49:57,655 - DEBUG - No waypoint locations provided, skipping path movement
2026-01-30 11:49:59,518 - DEBUG - Opening gripper
2026-01-30 11:50:02,397 - DEBUG - Closing gripper
2026-01-30 11:50:08,882 - INFO - Releasing wellplate at location: cytation_tray
2026-01-30 11:50:08,882 - DEBUG - No waypoint locations provided, skipping path movement
2026-01-30 11:50:11,531 - DEBUG - Opening gripper
2026-01-30 11:50:16,530 - DEBUG - Experiment created successfully.
2026-01-30 11:50:16,530 - DEBUG - Experiment Protocol Type: Standard
2026-01-30 11:50:16,530 - DEBUG - Grouping wells for plate type: 96 QUARTZ LID
2026-01-30 11:50:16,549 - INFO - Running plate with wells: ['A1', 'A2', 'A3'] and protocol type: spectra
2026-01-30 11:50:18,933 - INFO - Read started. Waiting for completion...
2026-01-30 11:51:11,984 - INFO - Plate read completed successfully.
2026-01-30 11:51:12,092 - INFO - Moving wellplate 0 back from Cytation
2026-01-30 11:51:12,092 - DEBUG - Using robot plate type 'quartz' -> Cytation plate type '96 QUARTZ LID' for CarrierIn
2026-01-30 11:51:14,303 - INFO - Grabbing wellplate from location: cytation_tray
2026-01-30 11:51:14,303 - DEBUG - No waypoint locations provided, skipping path movement
2026-01-30 11:51:14,377 - DEBUG - Opening gripper
2026-01-30 11:51:16,980 - DEBUG - Closing gripper
2026-01-30 11:51:22,454 - INFO - Releasing wellplate at location: pipetting_area
2026-01-30 11:51:22,455 - DEBUG - No waypoint locations provided, skipping path movement
2026-01-30 11:51:26,734 - DEBUG - Opening gripper
2026-01-30 11:51:33,618 - DEBUG - Moving North Track to home position
2026-01-30 11:51:33,634 - INFO - Grabbing wellplate from location: pipetting_area
2026-01-30 11:51:38,203 - DEBUG - Opening gripper
2026-01-30 11:51:40,665 - DEBUG - Closing gripper
2026-01-30 11:51:42,981 - INFO - Releasing wellplate at location: lid_storage
2026-01-30 11:51:42,981 - DEBUG - No waypoint locations provided, skipping path movement
2026-01-30 11:51:45,048 - DEBUG - Opening gripper
2026-01-30 11:51:47,340 - INFO - Grabbing wellplate from location: lid_storage
2026-01-30 11:51:48,180 - DEBUG - Opening gripper
2026-01-30 11:51:50,750 - DEBUG - Closing gripper
2026-01-30 11:51:53,103 - INFO - Releasing wellplate at location: pipetting_area
2026-01-30 11:51:53,103 - DEBUG - No waypoint locations provided, skipping path movement
2026-01-30 11:51:55,100 - DEBUG - Opening gripper
2026-01-30 11:51:57,376 - INFO - Measuring wellplate 0 with protocols: C:\Protocols\300_900_sweep.prt
2026-01-30 11:51:57,376 - DEBUG - Using robot plate type 'quartz' -> Cytation plate type '96 QUARTZ LID'
2026-01-30 11:51:57,376 - INFO - Moving robot to home position
2026-01-30 11:51:57,577 - INFO - Moving wellplate 0 to Cytation
2026-01-30 11:51:57,577 - DEBUG - Using robot plate type 'quartz' -> Cytation plate type '96 QUARTZ LID' for CarrierIn
2026-01-30 11:51:59,401 - INFO - Grabbing wellplate from location: pipetting_area
2026-01-30 11:51:59,401 - DEBUG - No waypoint locations provided, skipping path movement
2026-01-30 11:52:01,267 - DEBUG - Opening gripper
2026-01-30 11:52:04,143 - DEBUG - Closing gripper
2026-01-30 11:52:10,645 - INFO - Releasing wellplate at location: cytation_tray
2026-01-30 11:52:10,645 - DEBUG - No waypoint locations provided, skipping path movement
2026-01-30 11:52:13,304 - DEBUG - Opening gripper
2026-01-30 11:52:18,309 - DEBUG - Experiment created successfully.
2026-01-30 11:52:18,309 - DEBUG - Experiment Protocol Type: Standard
2026-01-30 11:52:18,309 - DEBUG - Grouping wells for plate type: 96 QUARTZ LID
2026-01-30 11:52:18,309 - INFO - Running plate with wells: ['A1', 'A2', 'A3'] and protocol type: spectra
2026-01-30 11:52:20,713 - INFO - Read started. Waiting for completion...
2026-01-30 11:53:13,745 - INFO - Plate read completed successfully.
2026-01-30 11:53:13,853 - INFO - Moving wellplate 0 back from Cytation
2026-01-30 11:53:13,853 - DEBUG - Using robot plate type 'quartz' -> Cytation plate type '96 QUARTZ LID' for CarrierIn
2026-01-30 11:53:16,049 - INFO - Grabbing wellplate from location: cytation_tray
2026-01-30 11:53:16,049 - DEBUG - No waypoint locations provided, skipping path movement
2026-01-30 11:53:16,124 - DEBUG - Opening gripper
2026-01-30 11:53:18,729 - DEBUG - Closing gripper
2026-01-30 11:53:24,177 - INFO - Releasing wellplate at location: pipetting_area
2026-01-30 11:53:24,177 - DEBUG - No waypoint locations provided, skipping path movement
2026-01-30 11:53:28,474 - DEBUG - Opening gripper
2026-01-30 11:53:35,362 - DEBUG - Moving North Track to home position
2026-01-30 11:53:35,377 - INFO - Grabbing wellplate from location: pipetting_area
2026-01-30 11:53:39,954 - DEBUG - Opening gripper
2026-01-30 11:53:42,436 - DEBUG - Closing gripper
2026-01-30 11:53:44,740 - INFO - Releasing wellplate at location: lid_storage
2026-01-30 11:53:44,740 - DEBUG - No waypoint locations provided, skipping path movement
2026-01-30 11:53:46,802 - DEBUG - Opening gripper
2026-01-30 11:53:49,106 - INFO - Grabbing wellplate from location: lid_storage
2026-01-30 11:53:49,952 - DEBUG - Opening gripper
2026-01-30 11:53:52,519 - DEBUG - Closing gripper
2026-01-30 11:53:54,875 - INFO - Releasing wellplate at location: pipetting_area
2026-01-30 11:53:54,875 - DEBUG - No waypoint locations provided, skipping path movement
2026-01-30 11:53:56,868 - DEBUG - Opening gripper
2026-01-30 11:53:59,143 - INFO - Measuring wellplate 0 with protocols: C:\Protocols\300_900_sweep.prt
2026-01-30 11:53:59,143 - DEBUG - Using robot plate type 'quartz' -> Cytation plate type '96 QUARTZ LID'
2026-01-30 11:53:59,143 - INFO - Moving robot to home position
2026-01-30 11:53:59,364 - INFO - Moving wellplate 0 to Cytation
2026-01-30 11:53:59,364 - DEBUG - Using robot plate type 'quartz' -> Cytation plate type '96 QUARTZ LID' for CarrierIn
2026-01-30 11:54:01,193 - INFO - Grabbing wellplate from location: pipetting_area
2026-01-30 11:54:01,196 - DEBUG - No waypoint locations provided, skipping path movement
2026-01-30 11:54:03,061 - DEBUG - Opening gripper
2026-01-30 11:54:05,943 - DEBUG - Closing gripper
2026-01-30 11:54:12,467 - INFO - Releasing wellplate at location: cytation_tray
2026-01-30 11:54:12,467 - DEBUG - No waypoint locations provided, skipping path movement
2026-01-30 11:54:15,130 - DEBUG - Opening gripper
2026-01-30 11:54:20,138 - DEBUG - Experiment created successfully.
2026-01-30 11:54:20,138 - DEBUG - Experiment Protocol Type: Standard
2026-01-30 11:54:20,138 - DEBUG - Grouping wells for plate type: 96 QUARTZ LID
2026-01-30 11:54:20,145 - INFO - Running plate with wells: ['A1', 'A2', 'A3'] and protocol type: spectra
2026-01-30 11:54:22,544 - INFO - Read started. Waiting for completion...
2026-01-30 11:55:15,594 - INFO - Plate read completed successfully.
2026-01-30 11:55:15,700 - INFO - Moving wellplate 0 back from Cytation
2026-01-30 11:55:15,700 - DEBUG - Using robot plate type 'quartz' -> Cytation plate type '96 QUARTZ LID' for CarrierIn
2026-01-30 11:55:17,895 - INFO - Grabbing wellplate from location: cytation_tray
2026-01-30 11:55:17,895 - DEBUG - No waypoint locations provided, skipping path movement
2026-01-30 11:55:17,986 - DEBUG - Opening gripper
2026-01-30 11:55:20,593 - DEBUG - Closing gripper
2026-01-30 11:55:26,041 - INFO - Releasing wellplate at location: pipetting_area
2026-01-30 11:55:26,041 - DEBUG - No waypoint locations provided, skipping path movement
2026-01-30 11:55:30,358 - DEBUG - Opening gripper
2026-01-30 11:55:37,245 - DEBUG - Moving North Track to home position
2026-01-30 11:55:37,250 - INFO - Grabbing wellplate from location: pipetting_area
2026-01-30 11:55:41,821 - DEBUG - Opening gripper
2026-01-30 11:55:44,301 - DEBUG - Closing gripper
2026-01-30 11:55:46,610 - INFO - Releasing wellplate at location: lid_storage
2026-01-30 11:55:46,610 - DEBUG - No waypoint locations provided, skipping path movement
2026-01-30 11:55:48,661 - DEBUG - Opening gripper
2026-01-30 11:55:50,970 - INFO - Grabbing wellplate from location: lid_storage
2026-01-30 11:55:51,804 - DEBUG - Opening gripper
2026-01-30 11:55:54,373 - DEBUG - Closing gripper
2026-01-30 11:55:56,730 - INFO - Releasing wellplate at location: pipetting_area
2026-01-30 11:55:56,730 - DEBUG - No waypoint locations provided, skipping path movement
2026-01-30 11:55:58,753 - DEBUG - Opening gripper
2026-01-30 11:56:01,022 - INFO - Measuring wellplate 0 with protocols: C:\Protocols\300_900_sweep.prt
2026-01-30 11:56:01,022 - DEBUG - Using robot plate type 'quartz' -> Cytation plate type '96 QUARTZ LID'
2026-01-30 11:56:01,022 - INFO - Moving robot to home position
2026-01-30 11:56:01,227 - INFO - Moving wellplate 0 to Cytation
2026-01-30 11:56:01,227 - DEBUG - Using robot plate type 'quartz' -> Cytation plate type '96 QUARTZ LID' for CarrierIn
2026-01-30 11:56:03,040 - INFO - Grabbing wellplate from location: pipetting_area
2026-01-30 11:56:03,040 - DEBUG - No waypoint locations provided, skipping path movement
2026-01-30 11:56:04,903 - DEBUG - Opening gripper
2026-01-30 11:56:07,771 - DEBUG - Closing gripper
2026-01-30 11:56:14,266 - INFO - Releasing wellplate at location: cytation_tray
2026-01-30 11:56:14,266 - DEBUG - No waypoint locations provided, skipping path movement
2026-01-30 11:56:16,899 - DEBUG - Opening gripper
2026-01-30 11:56:21,924 - DEBUG - Experiment created successfully.
2026-01-30 11:56:21,925 - DEBUG - Experiment Protocol Type: Standard
2026-01-30 11:56:21,925 - DEBUG - Grouping wells for plate type: 96 QUARTZ LID
2026-01-30 11:56:21,933 - INFO - Running plate with wells: ['A1', 'A2', 'A3'] and protocol type: spectra
2026-01-30 11:56:24,321 - INFO - Read started. Waiting for completion...
2026-01-30 11:57:17,362 - INFO - Plate read completed successfully.
2026-01-30 11:57:17,491 - INFO - Moving wellplate 0 back from Cytation
2026-01-30 11:57:17,491 - DEBUG - Using robot plate type 'quartz' -> Cytation plate type '96 QUARTZ LID' for CarrierIn
2026-01-30 11:57:19,681 - INFO - Grabbing wellplate from location: cytation_tray
2026-01-30 11:57:19,681 - DEBUG - No waypoint locations provided, skipping path movement
2026-01-30 11:57:19,764 - DEBUG - Opening gripper
2026-01-30 11:57:22,366 - DEBUG - Closing gripper
2026-01-30 11:57:27,826 - INFO - Releasing wellplate at location: pipetting_area
2026-01-30 11:57:27,826 - DEBUG - No waypoint locations provided, skipping path movement
2026-01-30 11:57:32,128 - DEBUG - Opening gripper
2026-01-30 11:57:39,000 - DEBUG - Moving North Track to home position
2026-01-30 11:57:39,013 - INFO - Grabbing wellplate from location: pipetting_area
2026-01-30 11:57:43,594 - DEBUG - Opening gripper
2026-01-30 11:57:46,054 - DEBUG - Closing gripper
2026-01-30 11:57:48,359 - INFO - Releasing wellplate at location: lid_storage
2026-01-30 11:57:48,360 - DEBUG - No waypoint locations provided, skipping path movement
2026-01-30 11:57:50,409 - DEBUG - Opening gripper
2026-01-30 11:57:52,720 - INFO - Grabbing wellplate from location: lid_storage
2026-01-30 11:57:53,565 - DEBUG - Opening gripper
2026-01-30 11:57:56,119 - DEBUG - Closing gripper
2026-01-30 11:57:58,465 - INFO - Releasing wellplate at location: pipetting_area
2026-01-30 11:57:58,465 - DEBUG - No waypoint locations provided, skipping path movement
2026-01-30 11:58:00,465 - DEBUG - Opening gripper
2026-01-30 11:58:02,758 - INFO - Measuring wellplate 0 with protocols: C:\Protocols\300_900_sweep.prt
2026-01-30 11:58:02,758 - DEBUG - Using robot plate type 'quartz' -> Cytation plate type '96 QUARTZ LID'
2026-01-30 11:58:02,758 - INFO - Moving robot to home position
2026-01-30 11:58:02,949 - INFO - Moving wellplate 0 to Cytation
2026-01-30 11:58:02,949 - DEBUG - Using robot plate type 'quartz' -> Cytation plate type '96 QUARTZ LID' for CarrierIn
2026-01-30 11:58:04,786 - INFO - Grabbing wellplate from location: pipetting_area
2026-01-30 11:58:04,786 - DEBUG - No waypoint locations provided, skipping path movement
2026-01-30 11:58:06,661 - DEBUG - Opening gripper
2026-01-30 11:58:09,520 - DEBUG - Closing gripper
2026-01-30 11:58:16,035 - INFO - Releasing wellplate at location: cytation_tray
2026-01-30 11:58:16,035 - DEBUG - No waypoint locations provided, skipping path movement
2026-01-30 11:58:18,692 - DEBUG - Opening gripper
2026-01-30 11:58:23,710 - DEBUG - Experiment created successfully.
2026-01-30 11:58:23,713 - DEBUG - Experiment Protocol Type: Standard
2026-01-30 11:58:23,714 - DEBUG - Grouping wells for plate type: 96 QUARTZ LID
2026-01-30 11:58:23,719 - INFO - Running plate with wells: ['A1', 'A2', 'A3'] and protocol type: spectra
2026-01-30 11:58:26,097 - INFO - Read started. Waiting for completion...
2026-01-30 11:59:19,154 - INFO - Plate read completed successfully.
2026-01-30 11:59:19,260 - INFO - Moving wellplate 0 back from Cytation
2026-01-30 11:59:19,260 - DEBUG - Using robot plate type 'quartz' -> Cytation plate type '96 QUARTZ LID' for CarrierIn
2026-01-30 11:59:21,458 - INFO - Grabbing wellplate from location: cytation_tray
2026-01-30 11:59:21,458 - DEBUG - No waypoint locations provided, skipping path movement
2026-01-30 11:59:21,543 - DEBUG - Opening gripper
2026-01-30 11:59:24,153 - DEBUG - Closing gripper
2026-01-30 11:59:29,580 - INFO - Releasing wellplate at location: pipetting_area
2026-01-30 11:59:29,580 - DEBUG - No waypoint locations provided, skipping path movement
2026-01-30 11:59:33,872 - DEBUG - Opening gripper
2026-01-30 11:59:40,747 - DEBUG - Moving North Track to home position
2026-01-30 11:59:40,763 - INFO - Grabbing wellplate from location: pipetting_area
2026-01-30 11:59:45,318 - DEBUG - Opening gripper
2026-01-30 11:59:47,794 - DEBUG - Closing gripper
2026-01-30 11:59:50,119 - INFO - Releasing wellplate at location: lid_storage
2026-01-30 11:59:50,119 - DEBUG - No waypoint locations provided, skipping path movement
2026-01-30 11:59:52,191 - DEBUG - Opening gripper
2026-01-30 11:59:54,492 - INFO - Grabbing wellplate from location: lid_storage
2026-01-30 11:59:55,323 - DEBUG - Opening gripper
2026-01-30 11:59:57,895 - DEBUG - Closing gripper
2026-01-30 12:00:00,238 - INFO - Releasing wellplate at location: pipetting_area
2026-01-30 12:00:00,238 - DEBUG - No waypoint locations provided, skipping path movement
2026-01-30 12:00:02,245 - DEBUG - Opening gripper
2026-01-30 12:00:04,540 - INFO - Measuring wellplate 0 with protocols: C:\Protocols\300_900_sweep.prt
2026-01-30 12:00:04,540 - DEBUG - Using robot plate type 'quartz' -> Cytation plate type '96 QUARTZ LID'
2026-01-30 12:00:04,540 - INFO - Moving robot to home position
2026-01-30 12:00:04,730 - INFO - Moving wellplate 0 to Cytation
2026-01-30 12:00:04,730 - DEBUG - Using robot plate type 'quartz' -> Cytation plate type '96 QUARTZ LID' for CarrierIn
2026-01-30 12:00:06,564 - INFO - Grabbing wellplate from location: pipetting_area
2026-01-30 12:00:06,565 - DEBUG - No waypoint locations provided, skipping path movement
2026-01-30 12:00:08,428 - DEBUG - Opening gripper
2026-01-30 12:00:11,298 - DEBUG - Closing gripper
2026-01-30 12:00:17,796 - INFO - Releasing wellplate at location: cytation_tray
2026-01-30 12:00:17,796 - DEBUG - No waypoint locations provided, skipping path movement
2026-01-30 12:00:20,426 - DEBUG - Opening gripper
2026-01-30 12:00:25,441 - DEBUG - Experiment created successfully.
2026-01-30 12:00:25,441 - DEBUG - Experiment Protocol Type: Standard
2026-01-30 12:00:25,441 - DEBUG - Grouping wells for plate type: 96 QUARTZ LID
2026-01-30 12:00:25,447 - INFO - Running plate with wells: ['A1', 'A2', 'A3'] and protocol type: spectra
2026-01-30 12:00:27,833 - INFO - Read started. Waiting for completion...
2026-01-30 12:01:20,882 - INFO - Plate read completed successfully.
2026-01-30 12:01:20,986 - INFO - Moving wellplate 0 back from Cytation
2026-01-30 12:01:20,986 - DEBUG - Using robot plate type 'quartz' -> Cytation plate type '96 QUARTZ LID' for CarrierIn
2026-01-30 12:01:23,181 - INFO - Grabbing wellplate from location: cytation_tray
2026-01-30 12:01:23,181 - DEBUG - No waypoint locations provided, skipping path movement
2026-01-30 12:01:23,260 - DEBUG - Opening gripper
2026-01-30 12:01:25,860 - DEBUG - Closing gripper
2026-01-30 12:01:31,322 - INFO - Releasing wellplate at location: pipetting_area
2026-01-30 12:01:31,322 - DEBUG - No waypoint locations provided, skipping path movement
2026-01-30 12:01:35,632 - DEBUG - Opening gripper
2026-01-30 12:01:42,492 - DEBUG - Moving North Track to home position
2026-01-30 12:01:42,497 - INFO - Grabbing wellplate from location: pipetting_area
2026-01-30 12:01:47,058 - DEBUG - Opening gripper
2026-01-30 12:01:49,532 - DEBUG - Closing gripper
2026-01-30 12:01:51,838 - INFO - Releasing wellplate at location: lid_storage
2026-01-30 12:01:51,838 - DEBUG - No waypoint locations provided, skipping path movement
2026-01-30 12:01:53,900 - DEBUG - Opening gripper
2026-01-30 12:01:56,203 - INFO - Grabbing wellplate from location: lid_storage
2026-01-30 12:01:57,033 - DEBUG - Opening gripper
2026-01-30 12:01:59,614 - DEBUG - Closing gripper
2026-01-30 12:02:01,961 - INFO - Releasing wellplate at location: pipetting_area
2026-01-30 12:02:01,961 - DEBUG - No waypoint locations provided, skipping path movement
2026-01-30 12:02:03,974 - DEBUG - Opening gripper
2026-01-30 12:02:06,261 - INFO - Measuring wellplate 0 with protocols: C:\Protocols\300_900_sweep.prt
2026-01-30 12:02:06,261 - DEBUG - Using robot plate type 'quartz' -> Cytation plate type '96 QUARTZ LID'
2026-01-30 12:02:06,261 - INFO - Moving robot to home position
2026-01-30 12:02:06,460 - INFO - Moving wellplate 0 to Cytation
2026-01-30 12:02:06,460 - DEBUG - Using robot plate type 'quartz' -> Cytation plate type '96 QUARTZ LID' for CarrierIn
2026-01-30 12:02:08,280 - INFO - Grabbing wellplate from location: pipetting_area
2026-01-30 12:02:08,280 - DEBUG - No waypoint locations provided, skipping path movement
2026-01-30 12:02:10,159 - DEBUG - Opening gripper
2026-01-30 12:02:13,035 - DEBUG - Closing gripper
2026-01-30 12:02:19,519 - INFO - Releasing wellplate at location: cytation_tray
2026-01-30 12:02:19,519 - DEBUG - No waypoint locations provided, skipping path movement
2026-01-30 12:02:22,189 - DEBUG - Opening gripper
2026-01-30 12:02:27,208 - DEBUG - Experiment created successfully.
2026-01-30 12:02:27,209 - DEBUG - Experiment Protocol Type: Standard
2026-01-30 12:02:27,210 - DEBUG - Grouping wells for plate type: 96 QUARTZ LID
2026-01-30 12:02:27,217 - INFO - Running plate with wells: ['A1', 'A2', 'A3'] and protocol type: spectra
2026-01-30 12:02:29,606 - INFO - Read started. Waiting for completion...
2026-01-30 12:03:22,646 - INFO - Plate read completed successfully.
2026-01-30 12:03:22,755 - INFO - Moving wellplate 0 back from Cytation
2026-01-30 12:03:22,755 - DEBUG - Using robot plate type 'quartz' -> Cytation plate type '96 QUARTZ LID' for CarrierIn
2026-01-30 12:03:24,961 - INFO - Grabbing wellplate from location: cytation_tray
2026-01-30 12:03:24,961 - DEBUG - No waypoint locations provided, skipping path movement
2026-01-30 12:03:25,040 - DEBUG - Opening gripper
2026-01-30 12:03:27,645 - DEBUG - Closing gripper
2026-01-30 12:03:33,117 - INFO - Releasing wellplate at location: pipetting_area
2026-01-30 12:03:33,117 - DEBUG - No waypoint locations provided, skipping path movement
2026-01-30 12:03:37,405 - DEBUG - Opening gripper
2026-01-30 12:03:44,294 - DEBUG - Moving North Track to home position
2026-01-30 12:03:44,300 - INFO - Grabbing wellplate from location: pipetting_area
2026-01-30 12:03:48,880 - DEBUG - Opening gripper
2026-01-30 12:03:51,350 - DEBUG - Closing gripper
2026-01-30 12:03:53,667 - INFO - Releasing wellplate at location: lid_storage
2026-01-30 12:03:53,667 - DEBUG - No waypoint locations provided, skipping path movement
2026-01-30 12:03:55,713 - DEBUG - Opening gripper
2026-01-30 12:03:58,009 - INFO - Grabbing wellplate from location: lid_storage
2026-01-30 12:03:58,834 - DEBUG - Opening gripper
2026-01-30 12:04:01,418 - DEBUG - Closing gripper
2026-01-30 12:04:03,764 - INFO - Releasing wellplate at location: pipetting_area
2026-01-30 12:04:03,764 - DEBUG - No waypoint locations provided, skipping path movement
2026-01-30 12:04:05,768 - DEBUG - Opening gripper
2026-01-30 12:04:08,051 - INFO - Measuring wellplate 0 with protocols: C:\Protocols\300_900_sweep.prt
2026-01-30 12:04:08,051 - DEBUG - Using robot plate type 'quartz' -> Cytation plate type '96 QUARTZ LID'
2026-01-30 12:04:08,051 - INFO - Moving robot to home position
2026-01-30 12:04:08,254 - INFO - Moving wellplate 0 to Cytation
2026-01-30 12:04:08,254 - DEBUG - Using robot plate type 'quartz' -> Cytation plate type '96 QUARTZ LID' for CarrierIn
2026-01-30 12:04:10,087 - INFO - Grabbing wellplate from location: pipetting_area
2026-01-30 12:04:10,087 - DEBUG - No waypoint locations provided, skipping path movement
2026-01-30 12:04:11,953 - DEBUG - Opening gripper
2026-01-30 12:04:14,833 - DEBUG - Closing gripper
2026-01-30 12:04:21,339 - INFO - Releasing wellplate at location: cytation_tray
2026-01-30 12:04:21,339 - DEBUG - No waypoint locations provided, skipping path movement
2026-01-30 12:04:23,990 - DEBUG - Opening gripper
2026-01-30 12:04:28,999 - DEBUG - Experiment created successfully.
2026-01-30 12:04:28,999 - DEBUG - Experiment Protocol Type: Standard
2026-01-30 12:04:28,999 - DEBUG - Grouping wells for plate type: 96 QUARTZ LID
2026-01-30 12:04:28,999 - INFO - Running plate with wells: ['A1', 'A2', 'A3'] and protocol type: spectra
2026-01-30 12:04:31,393 - INFO - Read started. Waiting for completion...
2026-01-30 12:05:24,413 - INFO - Plate read completed successfully.
2026-01-30 12:05:24,538 - INFO - Moving wellplate 0 back from Cytation
2026-01-30 12:05:24,538 - DEBUG - Using robot plate type 'quartz' -> Cytation plate type '96 QUARTZ LID' for CarrierIn
2026-01-30 12:05:26,745 - INFO - Grabbing wellplate from location: cytation_tray
2026-01-30 12:05:26,745 - DEBUG - No waypoint locations provided, skipping path movement
2026-01-30 12:05:26,816 - DEBUG - Opening gripper
2026-01-30 12:05:29,420 - DEBUG - Closing gripper
2026-01-30 12:05:34,874 - INFO - Releasing wellplate at location: pipetting_area
2026-01-30 12:05:34,874 - DEBUG - No waypoint locations provided, skipping path movement
2026-01-30 12:05:39,184 - DEBUG - Opening gripper
2026-01-30 12:05:46,058 - DEBUG - Moving North Track to home position
2026-01-30 12:05:46,058 - INFO - Grabbing wellplate from location: pipetting_area
2026-01-30 12:05:50,623 - DEBUG - Opening gripper
2026-01-30 12:05:53,083 - DEBUG - Closing gripper
2026-01-30 12:05:55,392 - INFO - Releasing wellplate at location: lid_storage
2026-01-30 12:05:55,392 - DEBUG - No waypoint locations provided, skipping path movement
2026-01-30 12:05:57,460 - DEBUG - Opening gripper
