2026-04-08 19:08:56,454 - DEBUG - No workflow config provided - using default initialization
2026-04-08 19:08:56,455 - INFO - Launching status review GUI...
2026-04-08 19:08:56,631 - INFO - Detected workflow name: ilya_workflow_v2
2026-04-08 19:08:56,961 - INFO - Config editor loaded for workflow: ilya_workflow_v2
2026-04-08 19:09:26,663 - INFO - User selected: Run Workflow
2026-04-08 19:09:26,668 - INFO - Status review completed - proceeding with hardware initialization
2026-04-08 19:09:27,273 - INFO - Initializing North Robot...
2026-04-08 19:09:27,274 - DEBUG - Loading robot configuration files...
2026-04-08 19:09:27,292 - DEBUG - Loaded vial positions configuration from robot_state/vial_positions.yaml
2026-04-08 19:09:27,293 - DEBUG - Loaded pipet tips configuration from robot_state/pipet_tips.yaml
2026-04-08 19:09:27,293 - DEBUG - Loaded pipet racks configuration from robot_state/pipet_racks.yaml
2026-04-08 19:09:27,293 - DEBUG - Loaded pump configuration from robot_state/syringe_pumps.yaml
2026-04-08 19:09:27,293 - DEBUG - Loaded robot hardware configuration from robot_state/robot_hardware.yaml
2026-04-08 19:09:27,304 - DEBUG - Loaded wellplate properties configuration from robot_state/wellplates.yaml
2026-04-08 19:09:27,304 - DEBUG - Loading robot state files...
2026-04-08 19:09:27,315 - DEBUG - Loaded vial data from ../utoronto_demo/status/ilya_input_vials.csv
2026-04-08 19:09:27,321 - DEBUG - Loaded robot status from robot_state/robot_status.yaml
2026-04-08 19:09:27,321 - DEBUG - Loaded wellplate positions from robot_state/wellplates.yaml
2026-04-08 19:09:27,321 - DEBUG - Robot status loaded successfully
2026-04-08 19:09:27,321 - INFO - Physical initialization of North Robot...
2026-04-08 19:09:30,776 - DEBUG - Loading pumps from YAML configuration...
2026-04-08 19:09:30,888 - DEBUG - Loaded pump 0: volume=1.0mL, speed=11, liquid=None
2026-04-08 19:09:30,988 - DEBUG - Loaded pump 1: volume=2.5mL, speed=15, liquid=water
2026-04-08 19:09:30,988 - WARNING - The robot reports having 0.300 mL liquid in its tip... Returning that liquid...
2026-04-08 19:09:30,990 - INFO - Pipetting into vial water_dye, amount: 1.000 mL
2026-04-08 19:09:31,569 - ERROR - Cannot dispense 1.000 mL into vial water_dye: would exceed capacity (8.500 mL > 8.000 mL max)
