2026-03-23 16:41:32,396 - INFO - Workflow config loaded: track_control_gui
2026-03-23 16:41:32,396 - INFO - Config keys updated: 1 (LASH_E_AVAILABLE)
2026-03-23 16:41:32,396 - INFO - SIMULATE mode: False
2026-03-23 16:41:32,396 - INFO - Launching status review GUI...
2026-03-23 16:41:32,695 - INFO - Detected workflow name: track_control_gui
2026-03-23 16:41:34,364 - INFO - Config editor loaded for workflow: track_control_gui
2026-03-23 16:41:43,674 - INFO - User selected: Run Workflow
2026-03-23 16:41:43,674 - INFO - Status review completed - proceeding with hardware initialization
2026-03-23 16:41:43,674 - DEBUG - Reloading config after status check to get updated values
2026-03-23 16:41:43,689 - INFO - Config Manager: Updated 1 workflow constants from track_control_gui.yaml
2026-03-23 16:41:44,251 - INFO - Initializing North Robot...
2026-03-23 16:41:44,251 - DEBUG - Loading robot configuration files...
2026-03-23 16:41:44,267 - DEBUG - Loaded vial positions configuration from robot_state/vial_positions.yaml
2026-03-23 16:41:44,269 - DEBUG - Loaded pipet tips configuration from robot_state/pipet_tips.yaml
2026-03-23 16:41:44,274 - DEBUG - Loaded pipet racks configuration from robot_state/pipet_racks.yaml
2026-03-23 16:41:44,277 - DEBUG - Loaded pump configuration from robot_state/syringe_pumps.yaml
2026-03-23 16:41:44,280 - DEBUG - Loaded robot hardware configuration from robot_state/robot_hardware.yaml
2026-03-23 16:41:44,286 - DEBUG - Loaded wellplate properties configuration from robot_state/wellplates.yaml
2026-03-23 16:41:44,286 - DEBUG - Loading robot state files...
2026-03-23 16:41:44,293 - DEBUG - Loaded vial data from status/experiment_vials.csv
2026-03-23 16:41:44,295 - DEBUG - Loaded robot status from robot_state/robot_status.yaml
2026-03-23 16:41:44,301 - DEBUG - Loaded wellplate positions from robot_state/wellplates.yaml
2026-03-23 16:41:44,301 - DEBUG - Robot status loaded successfully
2026-03-23 16:41:44,301 - INFO - Physical initialization of North Robot...
2026-03-23 16:41:47,831 - DEBUG - Loading pumps from YAML configuration...
2026-03-23 16:41:47,942 - DEBUG - Loaded pump 0: volume=1.0mL, speed=11, liquid=None
2026-03-23 16:41:48,038 - DEBUG - Loaded pump 1: volume=2.5mL, speed=15, liquid=water
2026-03-23 16:41:48,038 - INFO - Moving robot to home position
2026-03-23 16:41:48,459 - DEBUG - Initializing centrifuge controller...
2026-03-23 16:41:54,194 - DEBUG - Current reader status: 0
2026-03-23 16:41:54,194 - INFO - Cytation5 is connected and ready
2026-03-23 16:41:54,194 - INFO - Initializing North Track...
2026-03-23 16:41:54,195 - DEBUG - Loading track status from file: robot_state/track_status.yaml
2026-03-23 16:41:54,195 - DEBUG - Getting track status from file: robot_state/track_status.yaml
2026-03-23 16:41:54,196 - DEBUG - Loaded track status from robot_state/track_status.yaml
2026-03-23 16:41:54,196 - DEBUG - Loading track positions from: robot_state/track_positions.yaml
2026-03-23 16:41:54,209 - DEBUG - Loaded track positions configuration from robot_state/track_positions.yaml
2026-03-23 16:41:54,209 - DEBUG - Loading robot hardware configuration from: robot_state/robot_hardware.yaml
2026-03-23 16:41:54,212 - DEBUG - Loaded robot hardware configuration from robot_state/robot_hardware.yaml
2026-03-23 16:41:54,213 - DEBUG - Loaded wellplate properties configuration from robot_state/wellplates.yaml
2026-03-23 16:41:54,277 - DEBUG - Moving North Track to home position
2026-03-23 16:41:54,289 - DEBUG - Detected origin position (0,0) - setting location to 'origin'
2026-03-23 16:41:54,290 - DEBUG - Updated gripper location to: origin at position {'x': 0, 'z': 0}
2026-03-23 16:41:54,292 - DEBUG - Getting track status from file: robot_state/track_status.yaml
2026-03-23 16:41:54,294 - DEBUG - Loaded track status from robot_state/track_status.yaml
2026-03-23 16:42:02,069 - INFO - Manual X movement: axis 7 to 68425 units (684.2mm)
2026-03-23 16:42:06,115 - INFO - Manual X movement: axis 7 to 68325 units (683.2mm)
2026-03-23 16:42:06,779 - INFO - Manual X movement: axis 7 to 68425 units (684.2mm)
2026-03-23 16:42:07,153 - INFO - Manual X movement: axis 7 to 68525 units (685.2mm)
2026-03-23 16:42:07,327 - INFO - Manual X movement: axis 7 to 68625 units (686.2mm)
2026-03-23 16:42:07,541 - INFO - Manual X movement: axis 7 to 68725 units (687.2mm)
2026-03-23 16:42:07,695 - INFO - Manual X movement: axis 7 to 68825 units (688.2mm)
2026-03-23 16:42:08,116 - INFO - Manual X movement: axis 7 to 68925 units (689.2mm)
2026-03-23 16:42:08,254 - INFO - Manual X movement: axis 7 to 69025 units (690.2mm)
2026-03-23 16:42:10,734 - INFO - Manual X movement: axis 7 to 68925 units (689.2mm)
2026-03-23 16:42:11,158 - INFO - Manual X movement: axis 7 to 68825 units (688.2mm)
2026-03-23 16:42:11,411 - INFO - Manual X movement: axis 7 to 68725 units (687.2mm)
2026-03-23 16:42:11,580 - INFO - Manual X movement: axis 7 to 68625 units (686.2mm)
2026-03-23 16:42:16,117 - INFO - Manual X movement: axis 7 to 68525 units (685.2mm)
2026-03-23 16:42:16,654 - INFO - Manual X movement: axis 7 to 68425 units (684.2mm)
2026-03-23 16:42:17,012 - INFO - Manual X movement: axis 7 to 68325 units (683.2mm)
2026-03-23 16:42:20,680 - INFO - Manual X movement: axis 7 to 68225 units (682.2mm)
2026-03-23 16:42:21,505 - INFO - Manual X movement: axis 7 to 68125 units (681.2mm)
2026-03-23 16:42:21,781 - INFO - Manual X movement: axis 7 to 68025 units (680.2mm)
2026-03-23 16:42:21,934 - INFO - Manual X movement: axis 7 to 67925 units (679.2mm)
2026-03-23 16:42:25,467 - INFO - Manual X movement: axis 7 to 66925 units (669.2mm)
2026-03-23 16:42:25,958 - INFO - Manual X movement: axis 7 to 65925 units (659.2mm)
2026-03-23 16:42:26,347 - INFO - Manual X movement: axis 7 to 64925 units (649.2mm)
2026-03-23 16:42:26,669 - INFO - Manual X movement: axis 7 to 63925 units (639.2mm)
2026-03-23 16:42:26,796 - INFO - Manual X movement: axis 7 to 62925 units (629.2mm)
2026-03-23 16:42:26,946 - INFO - Manual X movement: axis 7 to 61925 units (619.2mm)
2026-03-23 16:42:27,104 - INFO - Manual X movement: axis 7 to 60925 units (609.2mm)
2026-03-23 16:42:27,270 - INFO - Manual X movement: axis 7 to 59925 units (599.2mm)
2026-03-23 16:42:27,421 - INFO - Manual X movement: axis 7 to 58925 units (589.2mm)
2026-03-23 16:42:27,586 - INFO - Manual X movement: axis 7 to 57925 units (579.2mm)
2026-03-23 16:42:27,731 - INFO - Manual X movement: axis 7 to 56925 units (569.2mm)
2026-03-23 16:42:27,905 - INFO - Manual X movement: axis 7 to 55925 units (559.2mm)
2026-03-23 16:42:28,056 - INFO - Manual X movement: axis 7 to 54925 units (549.2mm)
2026-03-23 16:42:28,195 - INFO - Manual X movement: axis 7 to 53925 units (539.2mm)
2026-03-23 16:42:29,411 - INFO - Manual X movement: axis 7 to 52925 units (529.2mm)
2026-03-23 16:42:29,557 - INFO - Manual X movement: axis 7 to 51925 units (519.2mm)
2026-03-23 16:42:29,706 - INFO - Manual X movement: axis 7 to 50925 units (509.2mm)
2026-03-23 16:42:30,049 - INFO - Manual X movement: axis 7 to 49925 units (499.2mm)
2026-03-23 16:42:30,190 - INFO - Manual X movement: axis 7 to 48925 units (489.2mm)
2026-03-23 16:42:30,739 - INFO - Manual X movement: axis 7 to 47925 units (479.2mm)
2026-03-23 16:42:30,888 - INFO - Manual X movement: axis 7 to 46925 units (469.2mm)
2026-03-23 16:42:31,056 - INFO - Manual X movement: axis 7 to 45925 units (459.2mm)
2026-03-23 16:42:40,207 - INFO - Manual X movement: axis 7 to 44925 units (449.2mm)
2026-03-23 16:42:40,372 - INFO - Manual X movement: axis 7 to 43925 units (439.2mm)
2026-03-23 16:42:40,655 - INFO - Manual X movement: axis 7 to 42925 units (429.2mm)
2026-03-23 16:42:40,835 - INFO - Manual X movement: axis 7 to 41925 units (419.2mm)
2026-03-23 16:42:41,146 - INFO - Manual X movement: axis 7 to 40925 units (409.2mm)
2026-03-23 16:42:41,314 - INFO - Manual X movement: axis 7 to 39925 units (399.2mm)
2026-03-23 16:42:41,480 - INFO - Manual X movement: axis 7 to 38925 units (389.2mm)
2026-03-23 16:42:41,630 - INFO - Manual X movement: axis 7 to 37925 units (379.2mm)
2026-03-23 16:42:41,770 - INFO - Manual X movement: axis 7 to 36925 units (369.2mm)
2026-03-23 16:42:41,935 - INFO - Manual X movement: axis 7 to 35925 units (359.2mm)
2026-03-23 16:42:42,103 - INFO - Manual X movement: axis 7 to 34925 units (349.2mm)
2026-03-23 16:42:42,253 - INFO - Manual X movement: axis 7 to 33925 units (339.2mm)
2026-03-23 16:42:42,411 - INFO - Manual X movement: axis 7 to 32925 units (329.2mm)
2026-03-23 16:42:42,549 - INFO - Manual X movement: axis 7 to 31925 units (319.2mm)
2026-03-23 16:42:42,729 - INFO - Manual X movement: axis 7 to 30925 units (309.2mm)
2026-03-23 16:42:42,895 - INFO - Manual X movement: axis 7 to 29925 units (299.2mm)
2026-03-23 16:42:43,030 - INFO - Manual X movement: axis 7 to 28925 units (289.2mm)
2026-03-23 16:42:43,463 - INFO - Manual X movement: axis 7 to 27925 units (279.2mm)
2026-03-23 16:42:43,618 - INFO - Manual X movement: axis 7 to 26925 units (269.2mm)
2026-03-23 16:42:43,781 - INFO - Manual X movement: axis 7 to 25925 units (259.2mm)
2026-03-23 16:42:43,945 - INFO - Manual X movement: axis 7 to 24925 units (249.2mm)
2026-03-23 16:42:46,424 - INFO - Manual X movement: axis 7 to 14925 units (149.2mm)
2026-03-23 16:42:46,780 - INFO - Manual X movement: axis 7 to 4925 units (49.2mm)
2026-03-23 16:43:02,744 - INFO - Manual X movement: axis 7 to 4825 units (48.2mm)
2026-03-23 16:43:02,914 - INFO - Manual X movement: axis 7 to 4725 units (47.2mm)
2026-03-23 16:43:03,088 - INFO - Manual X movement: axis 7 to 4625 units (46.2mm)
2026-03-23 16:43:03,233 - INFO - Manual X movement: axis 7 to 4525 units (45.2mm)
2026-03-23 16:43:03,397 - INFO - Manual X movement: axis 7 to 4425 units (44.2mm)
2026-03-23 16:43:03,540 - INFO - Manual X movement: axis 7 to 4325 units (43.2mm)
2026-03-23 16:43:03,707 - INFO - Manual X movement: axis 7 to 4225 units (42.2mm)
2026-03-23 16:43:03,865 - INFO - Manual X movement: axis 7 to 4125 units (41.2mm)
2026-03-23 16:43:04,015 - INFO - Manual X movement: axis 7 to 4025 units (40.2mm)
2026-03-23 16:43:05,180 - INFO - Manual Z movement: axis 6 to 100 units (1.0mm) - user direction: -1, physical direction: 1
2026-03-23 16:43:05,630 - INFO - Manual Z movement: axis 6 to 200 units (2.0mm) - user direction: -1, physical direction: 1
2026-03-23 16:43:05,795 - INFO - Manual Z movement: axis 6 to 300 units (3.0mm) - user direction: -1, physical direction: 1
2026-03-23 16:43:05,963 - INFO - Manual Z movement: axis 6 to 400 units (4.0mm) - user direction: -1, physical direction: 1
2026-03-23 16:43:06,138 - INFO - Manual Z movement: axis 6 to 500 units (5.0mm) - user direction: -1, physical direction: 1
2026-03-23 16:43:06,312 - INFO - Manual Z movement: axis 6 to 600 units (6.0mm) - user direction: -1, physical direction: 1
2026-03-23 16:43:06,484 - INFO - Manual Z movement: axis 6 to 700 units (7.0mm) - user direction: -1, physical direction: 1
2026-03-23 16:43:06,643 - INFO - Manual Z movement: axis 6 to 800 units (8.0mm) - user direction: -1, physical direction: 1
2026-03-23 16:43:06,802 - INFO - Manual Z movement: axis 6 to 900 units (9.0mm) - user direction: -1, physical direction: 1
2026-03-23 16:43:06,962 - INFO - Manual Z movement: axis 6 to 1000 units (10.0mm) - user direction: -1, physical direction: 1
2026-03-23 16:43:12,096 - INFO - Manual Z movement: axis 6 to 1300 units (13.0mm) - user direction: -1, physical direction: 1
2026-03-23 16:43:12,466 - INFO - Manual Z movement: axis 6 to 1600 units (16.0mm) - user direction: -1, physical direction: 1
2026-03-23 16:43:12,618 - INFO - Manual Z movement: axis 6 to 1900 units (19.0mm) - user direction: -1, physical direction: 1
2026-03-23 16:43:12,780 - INFO - Manual Z movement: axis 6 to 2200 units (22.0mm) - user direction: -1, physical direction: 1
2026-03-23 16:43:12,947 - INFO - Manual Z movement: axis 6 to 2500 units (25.0mm) - user direction: -1, physical direction: 1
2026-03-23 16:43:13,097 - INFO - Manual Z movement: axis 6 to 2800 units (28.0mm) - user direction: -1, physical direction: 1
2026-03-23 16:43:13,269 - INFO - Manual Z movement: axis 6 to 3100 units (31.0mm) - user direction: -1, physical direction: 1
2026-03-23 16:43:13,397 - INFO - Manual Z movement: axis 6 to 3400 units (34.0mm) - user direction: -1, physical direction: 1
2026-03-23 16:43:13,631 - INFO - Manual Z movement: axis 6 to 3700 units (37.0mm) - user direction: -1, physical direction: 1
2026-03-23 16:43:13,798 - INFO - Manual Z movement: axis 6 to 4000 units (40.0mm) - user direction: -1, physical direction: 1
2026-03-23 16:43:13,950 - INFO - Manual Z movement: axis 6 to 4300 units (43.0mm) - user direction: -1, physical direction: 1
2026-03-23 16:43:14,105 - INFO - Manual Z movement: axis 6 to 4600 units (46.0mm) - user direction: -1, physical direction: 1
2026-03-23 16:43:14,271 - INFO - Manual Z movement: axis 6 to 4900 units (49.0mm) - user direction: -1, physical direction: 1
2026-03-23 16:43:14,437 - INFO - Manual Z movement: axis 6 to 5200 units (52.0mm) - user direction: -1, physical direction: 1
2026-03-23 16:43:14,589 - INFO - Manual Z movement: axis 6 to 5500 units (55.0mm) - user direction: -1, physical direction: 1
2026-03-23 16:43:14,756 - INFO - Manual Z movement: axis 6 to 5800 units (58.0mm) - user direction: -1, physical direction: 1
2026-03-23 16:43:14,914 - INFO - Manual Z movement: axis 6 to 6100 units (61.0mm) - user direction: -1, physical direction: 1
2026-03-23 16:43:15,065 - INFO - Manual Z movement: axis 6 to 6400 units (64.0mm) - user direction: -1, physical direction: 1
2026-03-23 16:43:15,215 - INFO - Manual Z movement: axis 6 to 6700 units (67.0mm) - user direction: -1, physical direction: 1
2026-03-23 16:43:15,380 - INFO - Manual Z movement: axis 6 to 7000 units (70.0mm) - user direction: -1, physical direction: 1
2026-03-23 16:43:16,769 - INFO - Manual X movement: axis 7 to 3925 units (39.2mm)
2026-03-23 16:43:16,905 - INFO - Manual X movement: axis 7 to 3825 units (38.2mm)
2026-03-23 16:43:17,064 - INFO - Manual X movement: axis 7 to 3725 units (37.2mm)
2026-03-23 16:43:17,247 - INFO - Manual X movement: axis 7 to 3625 units (36.2mm)
2026-03-23 16:43:17,412 - INFO - Manual X movement: axis 7 to 3525 units (35.2mm)
2026-03-23 16:43:17,596 - INFO - Manual X movement: axis 7 to 3425 units (34.2mm)
2026-03-23 16:43:17,763 - INFO - Manual X movement: axis 7 to 3325 units (33.2mm)
2026-03-23 16:43:17,915 - INFO - Manual X movement: axis 7 to 3225 units (32.2mm)
2026-03-23 16:43:18,080 - INFO - Manual X movement: axis 7 to 3125 units (31.2mm)
2026-03-23 16:43:18,246 - INFO - Manual X movement: axis 7 to 3025 units (30.2mm)
2026-03-23 16:43:18,400 - INFO - Manual X movement: axis 7 to 2925 units (29.2mm)
2026-03-23 16:43:22,805 - INFO - Manual Z movement: axis 6 to 7500 units (75.0mm) - user direction: -1, physical direction: 1
2026-03-23 16:43:23,334 - INFO - Manual Z movement: axis 6 to 8000 units (80.0mm) - user direction: -1, physical direction: 1
2026-03-23 16:43:23,834 - INFO - Manual Z movement: axis 6 to 8500 units (85.0mm) - user direction: -1, physical direction: 1
2026-03-23 16:43:24,069 - INFO - Manual Z movement: axis 6 to 9000 units (90.0mm) - user direction: -1, physical direction: 1
2026-03-23 16:43:24,242 - INFO - Manual Z movement: axis 6 to 9500 units (95.0mm) - user direction: -1, physical direction: 1
2026-03-23 16:43:24,402 - INFO - Manual Z movement: axis 6 to 10000 units (100.0mm) - user direction: -1, physical direction: 1
2026-03-23 16:43:31,110 - DEBUG - Moving North Track to home position
2026-03-23 16:43:31,110 - DEBUG - Detected origin position (0,0) - setting location to 'origin'
2026-03-23 16:43:31,110 - DEBUG - Updated gripper location to: origin at position {'x': 0, 'z': 0}
2026-03-23 16:43:31,110 - DEBUG - Getting track status from file: robot_state/track_status.yaml
2026-03-23 16:43:31,110 - DEBUG - Loaded track status from robot_state/track_status.yaml
2026-03-23 16:43:33,168 - INFO - Manual X movement: axis 7 to 100 units (1.0mm)
2026-03-23 16:43:34,676 - INFO - Manual X movement: axis 7 to 200 units (2.0mm)
2026-03-23 16:43:35,741 - INFO - Manual X movement: axis 7 to 1200 units (12.0mm)
2026-03-23 16:43:36,425 - INFO - Manual X movement: axis 7 to 2200 units (22.0mm)
2026-03-23 16:43:36,641 - INFO - Manual X movement: axis 7 to 3200 units (32.0mm)
2026-03-23 16:43:36,836 - INFO - Manual X movement: axis 7 to 4200 units (42.0mm)
2026-03-23 16:43:37,080 - INFO - Manual X movement: axis 7 to 5200 units (52.0mm)
2026-03-23 16:43:37,250 - INFO - Manual X movement: axis 7 to 6200 units (62.0mm)
2026-03-23 16:43:37,408 - INFO - Manual X movement: axis 7 to 7200 units (72.0mm)
2026-03-23 16:43:37,608 - INFO - Manual X movement: axis 7 to 8200 units (82.0mm)
2026-03-23 16:43:37,757 - INFO - Manual X movement: axis 7 to 9200 units (92.0mm)
2026-03-23 16:43:37,928 - INFO - Manual X movement: axis 7 to 10200 units (102.0mm)
2026-03-23 16:43:38,106 - INFO - Manual X movement: axis 7 to 11200 units (112.0mm)
2026-03-23 16:43:38,273 - INFO - Manual X movement: axis 7 to 12200 units (122.0mm)
2026-03-23 16:43:38,454 - INFO - Manual X movement: axis 7 to 13200 units (132.0mm)
2026-03-23 16:43:38,623 - INFO - Manual X movement: axis 7 to 14200 units (142.0mm)
2026-03-23 16:43:38,792 - INFO - Manual X movement: axis 7 to 15200 units (152.0mm)
2026-03-23 16:43:38,984 - INFO - Manual X movement: axis 7 to 16200 units (162.0mm)
2026-03-23 16:43:39,157 - INFO - Manual X movement: axis 7 to 17200 units (172.0mm)
2026-03-23 16:43:39,307 - INFO - Manual X movement: axis 7 to 18200 units (182.0mm)
2026-03-23 16:43:39,530 - INFO - Manual X movement: axis 7 to 19200 units (192.0mm)
2026-03-23 16:43:39,701 - INFO - Manual X movement: axis 7 to 20200 units (202.0mm)
2026-03-23 16:43:44,464 - DEBUG - Moving North Track to home position
2026-03-23 16:43:44,464 - DEBUG - Detected origin position (0,0) - setting location to 'origin'
2026-03-23 16:43:44,465 - DEBUG - Updated gripper location to: origin at position {'x': 0, 'z': 0}
2026-03-23 16:43:44,465 - DEBUG - Getting track status from file: robot_state/track_status.yaml
2026-03-23 16:43:44,468 - DEBUG - Loaded track status from robot_state/track_status.yaml
2026-03-23 16:43:49,855 - INFO - Manual preset movement to Pipetting Area: X=1317.5mm (131750 units), Z=750.0mm (75000 units)
2026-03-23 16:43:59,708 - INFO - Manual preset movement to Source Stack: X=3.0mm (300 units), Z=0.0mm (0 units)
2026-03-23 16:43:59,724 - ERROR - EMERGENCY STOP activated via GUI
2026-03-23 16:44:14,466 - DEBUG - Moving North Track to home position
2026-03-23 16:44:14,466 - DEBUG - Detected origin position (0,0) - setting location to 'origin'
2026-03-23 16:44:14,466 - DEBUG - Updated gripper location to: origin at position {'x': 0, 'z': 0}
2026-03-23 16:44:14,466 - DEBUG - Getting track status from file: robot_state/track_status.yaml
2026-03-23 16:44:14,466 - DEBUG - Loaded track status from robot_state/track_status.yaml
2026-03-23 16:44:16,606 - INFO - Manual preset movement to Waste Stack: X=147.0mm (14700 units), Z=0.0mm (0 units)
2026-03-23 16:44:18,434 - INFO - Manual preset movement to Cytation Tray: X=683.2mm (68325 units), Z=0.0mm (0 units)
2026-03-23 16:44:21,827 - INFO - Manual preset movement to Lid Storage: X=603.2mm (60325 units), Z=750.0mm (75000 units)
2026-03-23 16:45:13,535 - INFO - Manual X movement: axis 7 to 60225 units (602.2mm)
2026-03-23 16:45:13,963 - INFO - Manual X movement: axis 7 to 60125 units (601.2mm)
2026-03-23 16:45:14,121 - INFO - Manual X movement: axis 7 to 60025 units (600.2mm)
2026-03-23 16:45:14,273 - INFO - Manual X movement: axis 7 to 59925 units (599.2mm)
2026-03-23 16:45:14,414 - INFO - Manual X movement: axis 7 to 59825 units (598.2mm)
2026-03-23 16:45:14,859 - INFO - Manual X movement: axis 7 to 59725 units (597.2mm)
2026-03-23 16:45:15,031 - INFO - Manual X movement: axis 7 to 59625 units (596.2mm)
2026-03-23 16:45:15,158 - INFO - Manual X movement: axis 7 to 59525 units (595.2mm)
2026-03-23 16:45:38,537 - DEBUG - Moving North Track to home position
2026-03-23 16:45:38,537 - DEBUG - Detected origin position (0,0) - setting location to 'origin'
2026-03-23 16:45:38,537 - DEBUG - Updated gripper location to: origin at position {'x': 0, 'z': 0}
2026-03-23 16:45:38,537 - DEBUG - Getting track status from file: robot_state/track_status.yaml
2026-03-23 16:45:38,537 - DEBUG - Loaded track status from robot_state/track_status.yaml
2026-03-23 16:45:42,129 - DEBUG - Closing gripper
2026-03-23 16:45:44,155 - INFO - Manual gripper closed
2026-03-23 16:46:00,841 - DEBUG - Opening gripper
2026-03-23 16:46:02,866 - INFO - Manual gripper opened
