2026-01-14 13:47:49,922 - INFO - Initializing North Robot...
2026-01-14 13:47:49,922 - DEBUG - Loading robot configuration files...
2026-01-14 13:47:49,922 - DEBUG - Loaded vial positions configuration from robot_state/vial_positions.yaml
2026-01-14 13:47:49,922 - DEBUG - Loaded pipet tips configuration from robot_state/pipet_tips.yaml
2026-01-14 13:47:49,922 - DEBUG - Loaded pipet racks configuration from robot_state/pipet_racks.yaml
2026-01-14 13:47:49,939 - DEBUG - Loaded pump configuration from robot_state/syringe_pumps.yaml
2026-01-14 13:47:49,943 - DEBUG - Loaded robot hardware configuration from robot_state/robot_hardware.yaml
2026-01-14 13:47:49,944 - DEBUG - Loaded wellplate properties configuration from robot_state/wellplates.yaml
2026-01-14 13:47:49,944 - DEBUG - Loading robot state files...
2026-01-14 13:47:49,944 - DEBUG - Loaded vial data from ../utoronto_demo/status/sample_input_vials.csv
2026-01-14 13:47:49,944 - DEBUG - Loaded robot status from robot_state/robot_status.yaml
2026-01-14 13:47:49,956 - DEBUG - Loaded wellplate positions from robot_state/wellplates.yaml
2026-01-14 13:47:49,956 - DEBUG - Robot status loaded successfully
2026-01-14 13:47:49,956 - INFO - Physical initialization of North Robot...
2026-01-14 13:47:53,486 - DEBUG - Loading pumps from YAML configuration...
2026-01-14 13:47:53,582 - DEBUG - Loaded pump 0: volume=1.0mL, speed=11, liquid=None
2026-01-14 13:47:53,693 - DEBUG - Loaded pump 1: volume=2.5mL, speed=15, liquid=water
2026-01-14 13:47:53,693 - INFO - Moving robot to home position
2026-01-14 13:47:54,110 - DEBUG - Initializing centrifuge controller...
2026-01-14 13:47:54,110 - INFO - Initializing North Track...
2026-01-14 13:47:54,111 - DEBUG - Loading track status from file: robot_state/track_status.yaml
2026-01-14 13:47:54,111 - DEBUG - Getting track status from file: robot_state/track_status.yaml
2026-01-14 13:47:54,111 - DEBUG - Loaded track status from robot_state/track_status.yaml
2026-01-14 13:47:54,111 - DEBUG - Loading track positions from: robot_state/track_positions.yaml
2026-01-14 13:47:54,111 - DEBUG - Loaded track positions configuration from robot_state/track_positions.yaml
2026-01-14 13:47:54,111 - DEBUG - Loading robot hardware configuration from: robot_state/robot_hardware.yaml
2026-01-14 13:47:54,111 - DEBUG - Loaded robot hardware configuration from robot_state/robot_hardware.yaml
2026-01-14 13:47:54,111 - DEBUG - Loaded wellplate properties configuration from robot_state/wellplates.yaml
2026-01-14 13:47:54,196 - DEBUG - Moving North Track to home position
2026-01-14 13:47:54,198 - INFO - Moving vial target_vial to clamp: 0
2026-01-14 13:47:54,199 - DEBUG - Grabbing vial 2 with index 2
2026-01-14 13:47:56,181 - DEBUG - Dropping off vial 2 at location clamp with index 0
2026-01-14 13:47:59,819 - DEBUG - Removing cap from clamped vial
2026-01-14 13:48:03,818 - INFO - Returning vial target_vial to home location: main_8mL_rack index 45
2026-01-14 13:48:03,818 - DEBUG - Recapping clamped vial
2026-01-14 13:48:08,625 - INFO - Moving vial target_vial to main_8mL_rack: 45
2026-01-14 13:48:08,626 - DEBUG - Grabbing vial 2 with index 2
2026-01-14 13:48:08,908 - DEBUG - Dropping off vial 2 at location main_8mL_rack with index 45
2026-01-14 13:48:12,552 - INFO - Moving robot to home position
2026-01-14 13:48:15,058 - INFO - Moving vial target_vial to clamp: 0
2026-01-14 13:48:15,058 - DEBUG - Grabbing vial 2 with index 2
2026-01-14 13:48:17,063 - DEBUG - Dropping off vial 2 at location clamp with index 0
2026-01-14 13:48:20,700 - DEBUG - Removing cap from clamped vial
2026-01-14 13:48:24,672 - INFO - Returning vial target_vial to home location: main_8mL_rack index 45
2026-01-14 13:48:24,672 - DEBUG - Recapping clamped vial
2026-01-14 13:48:29,479 - INFO - Moving vial target_vial to main_8mL_rack: 45
2026-01-14 13:48:29,479 - DEBUG - Grabbing vial 2 with index 2
2026-01-14 13:48:29,760 - DEBUG - Dropping off vial 2 at location main_8mL_rack with index 45
2026-01-14 13:48:33,397 - INFO - Moving robot to home position
