2026-02-24 11:39:53,763 - INFO - Workflow config loaded: Degradation_serena
2026-02-24 11:39:53,763 - INFO - Config keys updated: 11 (EXPERIMENT_NAME, EXPERIMENT_REPEATS, SIMULATE, VALIDATE_LIQUIDS, PREP_SOLUTIONS, CURRENT_WELL_COUNT, INPUT_VIAL_STATUS_FILE, CYTATION_PROTOCOL_FILE, SCHEDULE_FILE, REPLICATES, ACID_LIBRARY)
2026-02-24 11:39:53,763 - INFO - SIMULATE mode: False
2026-02-24 11:39:53,763 - INFO - Launching status review GUI...
2026-02-24 11:39:53,948 - INFO - Detected workflow name: Degradation_serena
2026-02-24 11:39:54,200 - INFO - Config editor loaded for workflow: Degradation_serena
2026-02-24 11:41:24,825 - INFO - User selected: Run Workflow
2026-02-24 11:41:24,825 - INFO - Status review completed - proceeding with hardware initialization
2026-02-24 11:41:24,834 - DEBUG - Reloading config after status check to get updated values
2026-02-24 11:41:24,857 - INFO - Config Manager: Updated 11 workflow constants from Degradation_serena.yaml
2026-02-24 11:41:25,356 - INFO - Initializing North Robot...
2026-02-24 11:41:25,357 - DEBUG - Loading robot configuration files...
2026-02-24 11:41:25,357 - DEBUG - Loaded vial positions configuration from robot_state/vial_positions.yaml
2026-02-24 11:41:25,357 - DEBUG - Loaded pipet tips configuration from robot_state/pipet_tips.yaml
2026-02-24 11:41:25,357 - DEBUG - Loaded pipet racks configuration from robot_state/pipet_racks.yaml
2026-02-24 11:41:25,371 - DEBUG - Loaded pump configuration from robot_state/syringe_pumps.yaml
2026-02-24 11:41:25,377 - DEBUG - Loaded robot hardware configuration from robot_state/robot_hardware.yaml
2026-02-24 11:41:25,380 - DEBUG - Loaded wellplate properties configuration from robot_state/wellplates.yaml
2026-02-24 11:41:25,380 - DEBUG - Loading robot state files...
2026-02-24 11:41:25,386 - DEBUG - Loaded vial data from ../utoronto_demo/status/degradation_vial_status.csv
2026-02-24 11:41:25,393 - DEBUG - Loaded robot status from robot_state/robot_status.yaml
2026-02-24 11:41:25,397 - DEBUG - Loaded wellplate positions from robot_state/wellplates.yaml
2026-02-24 11:41:25,397 - DEBUG - Robot status loaded successfully
2026-02-24 11:41:25,397 - INFO - Physical initialization of North Robot...
2026-02-24 11:41:28,914 - DEBUG - Loading pumps from YAML configuration...
2026-02-24 11:41:29,026 - DEBUG - Loaded pump 0: volume=1.0mL, speed=11, liquid=None
2026-02-24 11:41:29,127 - DEBUG - Loaded pump 1: volume=2.5mL, speed=15, liquid=water
2026-02-24 11:41:29,127 - INFO - Moving robot to home position
2026-02-24 11:41:29,612 - DEBUG - Initializing centrifuge controller...
2026-02-24 11:41:34,899 - DEBUG - Current reader status: 0
2026-02-24 11:41:34,899 - INFO - Cytation5 is connected and ready
2026-02-24 11:41:34,899 - INFO - Initializing North Track...
2026-02-24 11:41:34,899 - DEBUG - Loading track status from file: robot_state/track_status.yaml
2026-02-24 11:41:34,901 - DEBUG - Getting track status from file: robot_state/track_status.yaml
2026-02-24 11:41:34,902 - DEBUG - Loaded track status from robot_state/track_status.yaml
2026-02-24 11:41:34,902 - DEBUG - Loading track positions from: robot_state/track_positions.yaml
2026-02-24 11:41:34,905 - DEBUG - Loaded track positions configuration from robot_state/track_positions.yaml
2026-02-24 11:41:34,905 - DEBUG - Loading robot hardware configuration from: robot_state/robot_hardware.yaml
2026-02-24 11:41:34,905 - DEBUG - Loaded robot hardware configuration from robot_state/robot_hardware.yaml
2026-02-24 11:41:34,916 - DEBUG - Loaded wellplate properties configuration from robot_state/wellplates.yaml
2026-02-24 11:41:34,989 - DEBUG - Moving North Track to home position
2026-02-24 11:41:34,989 - DEBUG - Detected origin position (0,0) - setting location to 'origin'
2026-02-24 11:41:34,990 - DEBUG - Updated gripper location to: origin at position {'x': 0, 'z': 0}
2026-02-24 11:41:34,991 - DEBUG - Initializing temperature controller...
2026-02-24 11:41:34,994 - INFO - Stock concentration: 1.0 mg/mL
2026-02-24 11:41:34,997 - INFO - Calculated volumes for each sample:
2026-02-24 11:41:34,997 - INFO -   vial_name  concentration(mg/mL)  stock_volume  solvent_volume
1  sample_1                  0.05           0.1             1.9
2  sample_2                  0.05           0.1             1.9
2026-02-24 11:41:35,011 - INFO - Using acid: 6M_HCl
2026-02-24 11:41:35,012 - INFO - Calculated volumes for each sample:
2026-02-24 11:41:35,012 - INFO -   vial_name  acid_molar_excess  acid_volume
1  sample_1               1000     0.012315
2  sample_2               1000     0.012315
2026-02-24 11:41:35,020 - INFO - Stock concentration: 1.0 mg/mL
2026-02-24 11:41:35,495 - INFO - Output directory created at: C:\Users\Imaging Controller\Desktop\SQ\p(IDT-TIT)_1000xHCl_2MeTHF_replicate2and3
2026-02-24 11:41:35,885 - INFO - Homing all robot components...
2026-02-24 11:41:35,885 - DEBUG - Homing carousel...
2026-02-24 11:41:43,720 - DEBUG - Homing robot axes...
2026-02-24 11:41:55,957 - DEBUG - Homing pump 0...
2026-02-24 11:41:57,774 - DEBUG - Homing pump 1...
2026-02-24 11:41:59,427 - DEBUG - Homing track axes...
2026-02-24 11:41:59,427 - DEBUG - Homing track axis z_axis (axis 6)...
2026-02-24 11:42:02,967 - DEBUG - Homing track axis x_axis (axis 7)...
2026-02-24 11:42:04,708 - INFO - All robot components homed successfully
2026-02-24 11:42:04,708 - INFO - 
Adding 1.900 mL solvent to sample_1
2026-02-24 11:42:04,714 - INFO - Setting home location of 2MeTHF to 4 for safe pipetting
2026-02-24 11:42:04,714 - DEBUG - Applied object param asp_disp_cycles=3
2026-02-24 11:42:04,714 - DEBUG - Applied object param aspirate_speed=13
2026-02-24 11:42:04,714 - DEBUG - Applied object param aspirate_wait_time=0.0
2026-02-24 11:42:04,714 - DEBUG - Applied object param blowout_vol=0.0
2026-02-24 11:42:04,714 - DEBUG - Applied object param dispense_speed=13
2026-02-24 11:42:04,714 - DEBUG - Applied object param dispense_wait_time=0.0
2026-02-24 11:42:04,714 - DEBUG - Applied object param overaspirate_vol=0.0
2026-02-24 11:42:04,714 - DEBUG - Applied object param post_asp_air_vol=0.05
2026-02-24 11:42:04,714 - DEBUG - Applied object param post_retract_wait_time=0.0
2026-02-24 11:42:04,714 - DEBUG - Applied object param pre_asp_air_vol=0.3
2026-02-24 11:42:04,714 - DEBUG - Applied object param retract_speed=10
2026-02-24 11:42:04,714 - INFO - Dispensing 1.900 mL from 2MeTHF to sample_1
2026-02-24 11:42:04,714 - INFO - Total tip volume (2.250 mL) exceeds capacity, splitting into 3 transfers of 0.633 mL each
2026-02-24 11:42:04,717 - DEBUG - Applied object param asp_disp_cycles=3
2026-02-24 11:42:04,717 - DEBUG - Applied object param aspirate_speed=13
2026-02-24 11:42:04,718 - DEBUG - Applied object param aspirate_wait_time=0.0
2026-02-24 11:42:04,718 - DEBUG - Applied object param blowout_vol=0.0
2026-02-24 11:42:04,718 - DEBUG - Applied object param dispense_speed=13
2026-02-24 11:42:04,718 - DEBUG - Applied object param dispense_wait_time=0.0
2026-02-24 11:42:04,718 - DEBUG - Applied object param overaspirate_vol=0.0
2026-02-24 11:42:04,718 - DEBUG - Applied object param post_asp_air_vol=0.05
2026-02-24 11:42:04,718 - DEBUG - Applied object param post_retract_wait_time=0.0
2026-02-24 11:42:04,718 - DEBUG - Applied object param pre_asp_air_vol=0.3
2026-02-24 11:42:04,718 - DEBUG - Applied object param retract_speed=10
2026-02-24 11:42:04,719 - DEBUG - Applied object param asp_disp_cycles=3
2026-02-24 11:42:04,719 - DEBUG - Applied object param aspirate_speed=13
2026-02-24 11:42:04,719 - DEBUG - Applied object param aspirate_wait_time=0.0
2026-02-24 11:42:04,719 - DEBUG - Applied object param blowout_vol=0.0
2026-02-24 11:42:04,719 - DEBUG - Applied object param dispense_speed=13
2026-02-24 11:42:04,719 - DEBUG - Applied object param dispense_wait_time=0.0
2026-02-24 11:42:04,719 - DEBUG - Applied object param overaspirate_vol=0.0
2026-02-24 11:42:04,719 - DEBUG - Applied object param post_asp_air_vol=0.05
2026-02-24 11:42:04,719 - DEBUG - Applied object param post_retract_wait_time=0.0
2026-02-24 11:42:04,719 - DEBUG - Applied object param pre_asp_air_vol=0.3
2026-02-24 11:42:04,719 - DEBUG - Applied object param retract_speed=10
2026-02-24 11:42:04,721 - DEBUG - Vial move required for pipetting
2026-02-24 11:42:04,721 - INFO - Moving vial 6 to safe pipetting location
2026-02-24 11:42:04,724 - INFO - Moving vial 2MeTHF to clamp: 0
2026-02-24 11:42:04,724 - DEBUG - Grabbing vial 6 with index 6
2026-02-24 11:42:07,084 - DEBUG - Dropping off vial 6 at location clamp with index 0
2026-02-24 11:42:10,140 - DEBUG - Removing cap from clamped vial
2026-02-24 11:42:14,135 - DEBUG - Selected large_tip for volume 0.683 mL
2026-02-24 11:42:14,135 - INFO - Getting large_tip (pipet number 22) from rack: large_tip_rack_1
2026-02-24 11:42:19,532 - INFO - Pipetting from vial 2MeTHF, amount: 0.633 mL
2026-02-24 11:42:19,532 - INFO - Additional volume from calibration, amount: 0.000 mL
2026-02-24 11:42:19,532 - DEBUG - Adjusting pump 0 speed to 10
2026-02-24 11:42:22,757 - DEBUG - Aspirating 0.300 mL then waiting 0 s
2026-02-24 11:42:24,140 - DEBUG - Adjusting pump 0 speed to 13
2026-02-24 11:42:24,528 - DEBUG - Aspirating 0.633 mL then waiting 0 s
2026-02-24 11:42:28,538 - DEBUG - Dispensing 0.633 mL then waiting 0 s
2026-02-24 11:42:32,478 - DEBUG - Aspirating 0.633 mL then waiting 0 s
2026-02-24 11:42:36,540 - DEBUG - Dispensing 0.633 mL then waiting 0 s
2026-02-24 11:42:40,546 - DEBUG - Aspirating 0.633 mL then waiting 0 s
2026-02-24 11:42:44,572 - DEBUG - Dispensing 0.633 mL then waiting 0 s
2026-02-24 11:42:48,563 - DEBUG - Aspirating 0.633 mL then waiting 0.0 s
2026-02-24 11:42:53,027 - DEBUG - Aspirating 0.050 mL then waiting 0 s
2026-02-24 11:42:53,549 - DEBUG - Applied object param asp_disp_cycles=3
2026-02-24 11:42:53,549 - DEBUG - Applied object param aspirate_speed=13
2026-02-24 11:42:53,549 - DEBUG - Applied object param aspirate_wait_time=0.0
2026-02-24 11:42:53,549 - DEBUG - Applied object param blowout_vol=0.0
2026-02-24 11:42:53,549 - DEBUG - Applied object param dispense_speed=13
2026-02-24 11:42:53,549 - DEBUG - Applied object param dispense_wait_time=0.0
2026-02-24 11:42:53,549 - DEBUG - Applied object param overaspirate_vol=0.0
2026-02-24 11:42:53,549 - DEBUG - Applied object param post_asp_air_vol=0.05
2026-02-24 11:42:53,549 - DEBUG - Applied object param post_retract_wait_time=0.0
2026-02-24 11:42:53,549 - DEBUG - Applied object param pre_asp_air_vol=0.3
2026-02-24 11:42:53,549 - DEBUG - Applied object param retract_speed=10
2026-02-24 11:42:53,549 - DEBUG - Vial move required for pipetting
2026-02-24 11:42:53,549 - INFO - Moving vial 1 to safe pipetting location
2026-02-24 11:42:53,551 - DEBUG - Clamp occupied by vial 6, returning it home first
2026-02-24 11:42:53,551 - INFO - Returning vial 2MeTHF to home location: main_8mL_rack index 4
2026-02-24 11:42:53,551 - DEBUG - Recapping clamped vial
2026-02-24 11:42:58,203 - INFO - Moving vial 2MeTHF to main_8mL_rack: 4
2026-02-24 11:42:58,203 - DEBUG - Grabbing vial 6 with index 6
2026-02-24 11:42:58,485 - DEBUG - Dropping off vial 6 at location main_8mL_rack with index 4
2026-02-24 11:43:01,277 - INFO - Moving vial sample_1 to clamp: 0
2026-02-24 11:43:01,277 - DEBUG - Grabbing vial 1 with index 1
2026-02-24 11:43:03,460 - DEBUG - Dropping off vial 1 at location clamp with index 0
2026-02-24 11:43:06,172 - DEBUG - Removing cap from clamped vial
2026-02-24 11:43:10,162 - INFO - Pipetting into vial sample_1, amount: 0.633 mL
2026-02-24 11:43:10,164 - DEBUG - Adjusting pump 0 speed to 13
2026-02-24 11:43:12,401 - DEBUG - Dispensing 0.983 mL then waiting 0.0 s
2026-02-24 11:43:12,401 - WARNING - Dispense exceeded limit: Dispensing all liquid
2026-02-24 11:43:18,508 - DEBUG - Applied object param asp_disp_cycles=3
2026-02-24 11:43:18,508 - DEBUG - Applied object param aspirate_speed=13
2026-02-24 11:43:18,508 - DEBUG - Applied object param aspirate_wait_time=0.0
2026-02-24 11:43:18,508 - DEBUG - Applied object param blowout_vol=0.0
2026-02-24 11:43:18,508 - DEBUG - Applied object param dispense_speed=13
2026-02-24 11:43:18,508 - DEBUG - Applied object param dispense_wait_time=0.0
2026-02-24 11:43:18,508 - DEBUG - Applied object param overaspirate_vol=0.0
2026-02-24 11:43:18,508 - DEBUG - Applied object param post_asp_air_vol=0.05
2026-02-24 11:43:18,508 - DEBUG - Applied object param post_retract_wait_time=0.0
2026-02-24 11:43:18,508 - DEBUG - Applied object param pre_asp_air_vol=0.3
2026-02-24 11:43:18,508 - DEBUG - Applied object param retract_speed=10
2026-02-24 11:43:18,508 - DEBUG - Vial move required for pipetting
2026-02-24 11:43:18,508 - INFO - Moving vial 6 to safe pipetting location
2026-02-24 11:43:18,508 - DEBUG - Clamp occupied by vial 1, returning it home first
2026-02-24 11:43:18,508 - INFO - Returning vial sample_1 to home location: main_8mL_rack index 1
2026-02-24 11:43:18,508 - DEBUG - Recapping clamped vial
2026-02-24 11:43:23,168 - INFO - Moving vial sample_1 to main_8mL_rack: 1
2026-02-24 11:43:23,168 - DEBUG - Grabbing vial 1 with index 1
2026-02-24 11:43:23,448 - DEBUG - Dropping off vial 1 at location main_8mL_rack with index 1
2026-02-24 11:43:26,201 - INFO - Moving vial 2MeTHF to clamp: 0
2026-02-24 11:43:26,201 - DEBUG - Grabbing vial 6 with index 6
2026-02-24 11:43:28,405 - DEBUG - Dropping off vial 6 at location clamp with index 0
2026-02-24 11:43:31,169 - DEBUG - Removing cap from clamped vial
2026-02-24 11:43:35,170 - DEBUG - Selected large_tip for volume 0.683 mL
2026-02-24 11:43:35,170 - INFO - Pipetting from vial 2MeTHF, amount: 0.633 mL
2026-02-24 11:43:35,170 - INFO - Additional volume from calibration, amount: 0.000 mL
2026-02-24 11:43:35,170 - DEBUG - Adjusting pump 0 speed to 10
2026-02-24 11:43:37,506 - DEBUG - Aspirating 0.300 mL then waiting 0 s
2026-02-24 11:43:38,891 - DEBUG - Adjusting pump 0 speed to 13
2026-02-24 11:43:39,329 - DEBUG - Aspirating 0.633 mL then waiting 0 s
2026-02-24 11:43:43,354 - DEBUG - Dispensing 0.633 mL then waiting 0 s
2026-02-24 11:43:47,344 - DEBUG - Aspirating 0.633 mL then waiting 0 s
2026-02-24 11:43:51,372 - DEBUG - Dispensing 0.633 mL then waiting 0 s
2026-02-24 11:43:55,344 - DEBUG - Aspirating 0.633 mL then waiting 0 s
2026-02-24 11:43:59,391 - DEBUG - Dispensing 0.633 mL then waiting 0 s
2026-02-24 11:44:03,338 - DEBUG - Aspirating 0.633 mL then waiting 0.0 s
2026-02-24 11:44:07,842 - DEBUG - Aspirating 0.050 mL then waiting 0 s
2026-02-24 11:44:08,411 - DEBUG - Applied object param asp_disp_cycles=3
2026-02-24 11:44:08,411 - DEBUG - Applied object param aspirate_speed=13
2026-02-24 11:44:08,411 - DEBUG - Applied object param aspirate_wait_time=0.0
2026-02-24 11:44:08,411 - DEBUG - Applied object param blowout_vol=0.0
2026-02-24 11:44:08,411 - DEBUG - Applied object param dispense_speed=13
2026-02-24 11:44:08,411 - DEBUG - Applied object param dispense_wait_time=0.0
2026-02-24 11:44:08,411 - DEBUG - Applied object param overaspirate_vol=0.0
2026-02-24 11:44:08,411 - DEBUG - Applied object param post_asp_air_vol=0.05
2026-02-24 11:44:08,411 - DEBUG - Applied object param post_retract_wait_time=0.0
2026-02-24 11:44:08,411 - DEBUG - Applied object param pre_asp_air_vol=0.3
2026-02-24 11:44:08,411 - DEBUG - Applied object param retract_speed=10
2026-02-24 11:44:08,411 - DEBUG - Vial move required for pipetting
2026-02-24 11:44:08,411 - INFO - Moving vial 1 to safe pipetting location
2026-02-24 11:44:08,411 - DEBUG - Clamp occupied by vial 6, returning it home first
2026-02-24 11:44:08,411 - INFO - Returning vial 2MeTHF to home location: main_8mL_rack index 4
2026-02-24 11:44:08,411 - DEBUG - Recapping clamped vial
2026-02-24 11:44:13,023 - INFO - Moving vial 2MeTHF to main_8mL_rack: 4
2026-02-24 11:44:13,023 - DEBUG - Grabbing vial 6 with index 6
2026-02-24 11:44:13,306 - DEBUG - Dropping off vial 6 at location main_8mL_rack with index 4
2026-02-24 11:44:16,093 - INFO - Moving vial sample_1 to clamp: 0
2026-02-24 11:44:16,093 - DEBUG - Grabbing vial 1 with index 1
2026-02-24 11:44:18,308 - DEBUG - Dropping off vial 1 at location clamp with index 0
2026-02-24 11:44:21,022 - DEBUG - Removing cap from clamped vial
2026-02-24 11:44:25,038 - INFO - Pipetting into vial sample_1, amount: 0.633 mL
2026-02-24 11:44:25,039 - DEBUG - Adjusting pump 0 speed to 13
2026-02-24 11:44:27,265 - DEBUG - Dispensing 0.983 mL then waiting 0.0 s
2026-02-24 11:44:27,265 - WARNING - Dispense exceeded limit: Dispensing all liquid
2026-02-24 11:44:33,340 - DEBUG - Applied object param asp_disp_cycles=3
2026-02-24 11:44:33,340 - DEBUG - Applied object param aspirate_speed=13
2026-02-24 11:44:33,340 - DEBUG - Applied object param aspirate_wait_time=0.0
2026-02-24 11:44:33,340 - DEBUG - Applied object param blowout_vol=0.0
2026-02-24 11:44:33,340 - DEBUG - Applied object param dispense_speed=13
2026-02-24 11:44:33,340 - DEBUG - Applied object param dispense_wait_time=0.0
2026-02-24 11:44:33,340 - DEBUG - Applied object param overaspirate_vol=0.0
2026-02-24 11:44:33,340 - DEBUG - Applied object param post_asp_air_vol=0.05
2026-02-24 11:44:33,340 - DEBUG - Applied object param post_retract_wait_time=0.0
2026-02-24 11:44:33,340 - DEBUG - Applied object param pre_asp_air_vol=0.3
2026-02-24 11:44:33,340 - DEBUG - Applied object param retract_speed=10
2026-02-24 11:44:33,340 - DEBUG - Vial move required for pipetting
2026-02-24 11:44:33,340 - INFO - Moving vial 6 to safe pipetting location
2026-02-24 11:44:33,340 - DEBUG - Clamp occupied by vial 1, returning it home first
2026-02-24 11:44:33,340 - INFO - Returning vial sample_1 to home location: main_8mL_rack index 1
2026-02-24 11:44:33,340 - DEBUG - Recapping clamped vial
2026-02-24 11:44:38,357 - INFO - Moving vial sample_1 to main_8mL_rack: 1
2026-02-24 11:44:38,357 - DEBUG - Grabbing vial 1 with index 1
2026-02-24 11:44:38,652 - DEBUG - Dropping off vial 1 at location main_8mL_rack with index 1
2026-02-24 11:44:41,404 - INFO - Moving vial 2MeTHF to clamp: 0
2026-02-24 11:44:41,404 - DEBUG - Grabbing vial 6 with index 6
2026-02-24 11:44:43,610 - DEBUG - Dropping off vial 6 at location clamp with index 0
2026-02-24 11:44:46,390 - DEBUG - Removing cap from clamped vial
2026-02-24 11:44:50,395 - DEBUG - Selected large_tip for volume 0.683 mL
2026-02-24 11:44:50,395 - INFO - Pipetting from vial 2MeTHF, amount: 0.633 mL
2026-02-24 11:44:50,395 - INFO - Additional volume from calibration, amount: 0.000 mL
2026-02-24 11:44:50,397 - DEBUG - Adjusting pump 0 speed to 10
2026-02-24 11:44:52,740 - DEBUG - Aspirating 0.300 mL then waiting 0 s
2026-02-24 11:44:54,080 - DEBUG - Adjusting pump 0 speed to 13
2026-02-24 11:44:54,508 - DEBUG - Aspirating 0.633 mL then waiting 0 s
2026-02-24 11:44:58,499 - DEBUG - Dispensing 0.633 mL then waiting 0 s
2026-02-24 11:45:02,504 - DEBUG - Aspirating 0.633 mL then waiting 0 s
2026-02-24 11:45:06,533 - DEBUG - Dispensing 0.633 mL then waiting 0 s
2026-02-24 11:45:10,555 - DEBUG - Aspirating 0.633 mL then waiting 0 s
2026-02-24 11:45:14,631 - DEBUG - Dispensing 0.633 mL then waiting 0 s
2026-02-24 11:45:18,610 - DEBUG - Aspirating 0.633 mL then waiting 0.0 s
2026-02-24 11:45:23,169 - DEBUG - Aspirating 0.050 mL then waiting 0 s
2026-02-24 11:45:23,686 - DEBUG - Applied object param asp_disp_cycles=3
2026-02-24 11:45:23,686 - DEBUG - Applied object param aspirate_speed=13
2026-02-24 11:45:23,686 - DEBUG - Applied object param aspirate_wait_time=0.0
2026-02-24 11:45:23,686 - DEBUG - Applied object param blowout_vol=0.0
2026-02-24 11:45:23,686 - DEBUG - Applied object param dispense_speed=13
2026-02-24 11:45:23,686 - DEBUG - Applied object param dispense_wait_time=0.0
2026-02-24 11:45:23,686 - DEBUG - Applied object param overaspirate_vol=0.0
2026-02-24 11:45:23,686 - DEBUG - Applied object param post_asp_air_vol=0.05
2026-02-24 11:45:23,686 - DEBUG - Applied object param post_retract_wait_time=0.0
2026-02-24 11:45:23,686 - DEBUG - Applied object param pre_asp_air_vol=0.3
2026-02-24 11:45:23,686 - DEBUG - Applied object param retract_speed=10
2026-02-24 11:45:23,686 - DEBUG - Vial move required for pipetting
2026-02-24 11:45:23,686 - INFO - Moving vial 1 to safe pipetting location
2026-02-24 11:45:23,688 - DEBUG - Clamp occupied by vial 6, returning it home first
2026-02-24 11:45:23,688 - INFO - Returning vial 2MeTHF to home location: main_8mL_rack index 4
2026-02-24 11:45:23,688 - DEBUG - Recapping clamped vial
2026-02-24 11:45:28,595 - INFO - Moving vial 2MeTHF to main_8mL_rack: 4
2026-02-24 11:45:28,595 - DEBUG - Grabbing vial 6 with index 6
2026-02-24 11:45:28,878 - DEBUG - Dropping off vial 6 at location main_8mL_rack with index 4
2026-02-24 11:45:31,637 - INFO - Moving vial sample_1 to clamp: 0
2026-02-24 11:45:31,637 - DEBUG - Grabbing vial 1 with index 1
2026-02-24 11:45:33,849 - DEBUG - Dropping off vial 1 at location clamp with index 0
2026-02-24 11:45:36,572 - DEBUG - Removing cap from clamped vial
2026-02-24 11:45:40,577 - INFO - Pipetting into vial sample_1, amount: 0.633 mL
2026-02-24 11:45:40,579 - DEBUG - Adjusting pump 0 speed to 13
2026-02-24 11:45:42,809 - DEBUG - Dispensing 0.983 mL then waiting 0.0 s
2026-02-24 11:45:42,809 - WARNING - Dispense exceeded limit: Dispensing all liquid
2026-02-24 11:45:48,858 - INFO - Removing pipet
2026-02-24 11:45:52,155 - DEBUG - Recapping clamped vial
2026-02-24 11:45:57,441 - INFO - Returning vial sample_1 to home location: main_8mL_rack index 1
2026-02-24 11:45:57,441 - INFO - Moving vial sample_1 to main_8mL_rack: 1
2026-02-24 11:45:57,441 - DEBUG - Grabbing vial 1 with index 1
2026-02-24 11:45:57,727 - DEBUG - Dropping off vial 1 at location main_8mL_rack with index 1
2026-02-24 11:46:00,482 - INFO - Returning vial 2MeTHF to home location: main_8mL_rack index 18
2026-02-24 11:46:00,482 - INFO - Moving vial 2MeTHF to main_8mL_rack: 18
2026-02-24 11:46:00,482 - DEBUG - Grabbing vial 6 with index 6
