2026-02-25 08:58:57,024 - INFO - Workflow config loaded: surfactant_grid_adaptive_concentrations
2026-02-25 08:58:57,025 - INFO - Config keys updated: 34 (SURFACTANT_A, SURFACTANT_B, EXPERIMENT_TAG, SIMULATE, VALIDATE_LIQUIDS, CREATE_WELLPLATE, VALIDATION_ONLY, WORKFLOW_TYPE, ADD_CMC_CONTROLS, CMC_CONTROL_POINTS, MIN_CONC, NUMBER_CONCENTRATIONS, ITERATIVE_CONCENTRATIONS, GRADIENT_SUGGESTIONS_PER_ITERATION, OPTIMIZE_METRIC, N_REPLICATES, WELL_VOLUME_UL, PYRENE_VOLUME_UL, ITERATIVE_MEASUREMENT_TOTAL, ADD_BUFFER, BUFFER_VOLUME_UL, BUFFER_OPTIONS, SELECTED_BUFFER, MAX_WELLS, FINAL_SUBSTOCK_VOLUME, MINIMUM_PIPETTE_VOLUME, MEASUREMENT_INTERVAL, MIN_WELL_PIPETTE_VOLUME_UL, MAX_SURFACTANT_VOLUME_UL, SHAKE_PROTOCOL, TURBIDITY_PROTOCOL_FILE, FLUORESCENCE_PROTOCOL_FILE, INPUT_VIAL_STATUS_FILE, SURFACTANT_LIBRARY)
2026-02-25 08:58:57,025 - INFO - SIMULATE mode: False
2026-02-25 08:58:57,026 - INFO - Launching status review GUI...
2026-02-25 08:58:57,185 - INFO - Detected workflow name: surfactant_grid_adaptive_concentrations
2026-02-25 08:58:57,434 - INFO - Config editor loaded for workflow: surfactant_grid_adaptive_concentrations
2026-02-25 08:59:01,541 - INFO - User selected: Run Workflow
2026-02-25 08:59:01,548 - INFO - Status review completed - proceeding with hardware initialization
2026-02-25 08:59:01,561 - DEBUG - Reloading config after status check to get updated values
2026-02-25 08:59:01,601 - INFO - Config Manager: Updated 34 workflow constants from surfactant_grid_adaptive_concentrations.yaml
2026-02-25 08:59:02,150 - INFO - Initializing North Robot...
2026-02-25 08:59:02,150 - DEBUG - Loading robot configuration files...
2026-02-25 08:59:02,151 - DEBUG - Loaded vial positions configuration from robot_state/vial_positions.yaml
2026-02-25 08:59:02,151 - DEBUG - Loaded pipet tips configuration from robot_state/pipet_tips.yaml
2026-02-25 08:59:02,151 - DEBUG - Loaded pipet racks configuration from robot_state/pipet_racks.yaml
2026-02-25 08:59:02,167 - DEBUG - Loaded pump configuration from robot_state/syringe_pumps.yaml
2026-02-25 08:59:02,170 - DEBUG - Loaded robot hardware configuration from robot_state/robot_hardware.yaml
2026-02-25 08:59:02,173 - DEBUG - Loaded wellplate properties configuration from robot_state/wellplates.yaml
2026-02-25 08:59:02,173 - DEBUG - Loading robot state files...
2026-02-25 08:59:02,173 - DEBUG - Loaded vial data from ../utoronto_demo/status/surfactant_grid_vials_expanded.csv
2026-02-25 08:59:02,173 - DEBUG - Loaded robot status from robot_state/robot_status.yaml
2026-02-25 08:59:02,184 - DEBUG - Loaded wellplate positions from robot_state/wellplates.yaml
2026-02-25 08:59:02,184 - DEBUG - Robot status loaded successfully
2026-02-25 08:59:02,184 - INFO - Physical initialization of North Robot...
2026-02-25 08:59:05,685 - DEBUG - Loading pumps from YAML configuration...
2026-02-25 08:59:05,785 - DEBUG - Loaded pump 0: volume=1.0mL, speed=11, liquid=None
2026-02-25 08:59:05,886 - DEBUG - Loaded pump 1: volume=2.5mL, speed=15, liquid=water
2026-02-25 08:59:05,886 - INFO - Moving robot to home position
2026-02-25 08:59:06,302 - DEBUG - Initializing centrifuge controller...
2026-02-25 08:59:11,676 - DEBUG - Current reader status: 21504
2026-02-25 08:59:11,676 - ERROR - Cytation5 not connected... May need to restart
2026-02-25 08:59:24,815 - INFO - Initializing North Track...
2026-02-25 08:59:24,815 - DEBUG - Loading track status from file: robot_state/track_status.yaml
2026-02-25 08:59:24,815 - DEBUG - Getting track status from file: robot_state/track_status.yaml
2026-02-25 08:59:24,816 - DEBUG - Loaded track status from robot_state/track_status.yaml
2026-02-25 08:59:24,816 - DEBUG - Loading track positions from: robot_state/track_positions.yaml
2026-02-25 08:59:24,836 - DEBUG - Loaded track positions configuration from robot_state/track_positions.yaml
2026-02-25 08:59:24,836 - DEBUG - Loading robot hardware configuration from: robot_state/robot_hardware.yaml
2026-02-25 08:59:24,839 - DEBUG - Loaded robot hardware configuration from robot_state/robot_hardware.yaml
2026-02-25 08:59:24,843 - DEBUG - Loaded wellplate properties configuration from robot_state/wellplates.yaml
2026-02-25 08:59:26,385 - DEBUG - Moving North Track to home position
2026-02-25 08:59:26,385 - DEBUG - Detected origin position (0,0) - setting location to 'origin'
2026-02-25 08:59:26,385 - DEBUG - Updated gripper location to: origin at position {'x': 0, 'z': 0}
2026-02-25 08:59:26,400 - INFO -     Filling water vial 'water': 6.63mL -> 8.00mL (adding 1.37mL)
2026-02-25 08:59:26,400 - INFO - Dispensing into vial 3 from reservoir 1: 1.368 mL
2026-02-25 08:59:26,400 - DEBUG - Reservoir parameters: aspirate_speed=11, dispense_speed=11, overaspirate=0.000 mL
2026-02-25 08:59:26,400 - INFO - Moving vial water to clamp: 0
2026-02-25 08:59:26,400 - DEBUG - Grabbing vial 3 with index 3
