2026-03-15 09:38:49,341 - DEBUG - No workflow config provided - using default initialization
2026-03-15 09:38:49,342 - INFO - Launching status review GUI...
2026-03-15 09:38:49,343 - ERROR - Error launching status GUI: No module named 'PySide6'
2026-03-15 09:38:49,343 - INFO - Initializing North Robot...
2026-03-15 09:38:49,343 - DEBUG - Loading robot configuration files...
2026-03-15 09:38:49,347 - DEBUG - Loaded vial positions configuration from robot_state/vial_positions.yaml
2026-03-15 09:38:49,347 - DEBUG - Loaded pipet tips configuration from robot_state/pipet_tips.yaml
2026-03-15 09:38:49,349 - DEBUG - Loaded pipet racks configuration from robot_state/pipet_racks.yaml
2026-03-15 09:38:49,350 - DEBUG - Loaded pump configuration from robot_state/syringe_pumps.yaml
2026-03-15 09:38:49,351 - DEBUG - Loaded robot hardware configuration from robot_state/robot_hardware.yaml
2026-03-15 09:38:49,352 - DEBUG - Loaded wellplate properties configuration from robot_state/wellplates.yaml
2026-03-15 09:38:49,352 - DEBUG - Loading robot state files...
2026-03-15 09:38:49,353 - DEBUG - Loaded vial data from ../utoronto_demo/status/ilya_input_vials.csv
2026-03-15 09:38:49,353 - ERROR - robot status file not found: robot_state/robot_status.yaml
2026-03-15 09:38:49,353 - WARNING - SIMULATION MODE: Would pause for error: robot status file not found: robot_state/robot_status.yaml
2026-03-15 09:38:49,354 - DEBUG - Loaded wellplate positions from robot_state/wellplates.yaml
2026-03-15 09:38:49,354 - INFO - Physical initialization of North Robot...
2026-03-15 09:38:49,355 - DEBUG - Loading pumps from YAML configuration...
2026-03-15 09:38:49,355 - DEBUG - Loaded pump 0: volume=1.0mL, speed=11, liquid=None
2026-03-15 09:38:49,355 - DEBUG - Loaded pump 1: volume=2.5mL, speed=15, liquid=water
2026-03-15 09:38:49,355 - INFO - Moving robot to home position
2026-03-15 09:38:49,356 - DEBUG - Initializing centrifuge controller...
2026-03-15 09:38:49,356 - DEBUG - Current reader status: <MagicMock name='mock.get_reader_status()' id='1441974614544'>
2026-03-15 09:38:49,357 - INFO - Initializing North Track...
2026-03-15 09:38:49,357 - DEBUG - Loading track status from file: robot_state/track_status.yaml
2026-03-15 09:38:49,357 - DEBUG - Getting track status from file: robot_state/track_status.yaml
2026-03-15 09:38:49,357 - DEBUG - Loaded track status from robot_state/track_status.yaml
2026-03-15 09:38:49,357 - DEBUG - Loading track positions from: robot_state/track_positions.yaml
2026-03-15 09:38:49,359 - DEBUG - Loaded track positions configuration from robot_state/track_positions.yaml
2026-03-15 09:38:49,359 - DEBUG - Loading robot hardware configuration from: robot_state/robot_hardware.yaml
2026-03-15 09:38:49,360 - DEBUG - Loaded robot hardware configuration from robot_state/robot_hardware.yaml
2026-03-15 09:38:49,361 - DEBUG - Loaded wellplate properties configuration from robot_state/wellplates.yaml
2026-03-15 09:38:49,362 - DEBUG - Moving North Track to home position
2026-03-15 09:38:49,362 - DEBUG - Detected origin position (0,0) - setting location to 'origin'
2026-03-15 09:38:49,362 - DEBUG - Updated gripper location to: origin at position {'x': 0, 'z': 0}
2026-03-15 09:38:49,369 - INFO - Getting new wellplate from source stack
2026-03-15 09:38:49,369 - DEBUG - Calculating well plate stack height for num: 0, wp_type: 96 WELL PLATE, stack: source_stack, operation: grab
2026-03-15 09:38:49,369 - ERROR - Wellplate stack is empty
2026-03-15 09:38:49,369 - WARNING - SIMULATION MODE: Would pause for error: Wellplate stack is empty
2026-03-15 09:38:49,373 - DEBUG - Using calibrated aspirate_speed=15 for water at 0.150mL
2026-03-15 09:38:49,373 - DEBUG - Using calibrated dispense_speed=10 for water at 0.150mL
2026-03-15 09:38:49,373 - DEBUG - Using calibrated aspirate_wait_time=0.5 for water at 0.150mL
2026-03-15 09:38:49,373 - DEBUG - Using calibrated dispense_wait_time=1.5 for water at 0.150mL
2026-03-15 09:38:49,373 - DEBUG - Using calibrated retract_speed=5 for water at 0.150mL
2026-03-15 09:38:49,373 - DEBUG - Using calibrated blowout_vol=0.0 for water at 0.150mL
2026-03-15 09:38:49,374 - DEBUG - Using calibrated post_asp_air_vol=0.0 for water at 0.150mL
2026-03-15 09:38:49,374 - DEBUG - Using calibrated overaspirate_vol=0.005139916499999997 for water at 0.150mL
2026-03-15 09:38:49,374 - DEBUG - Using calibrated pre_asp_air_vol=0.112 for water at 0.150mL
2026-03-15 09:38:49,374 - DEBUG - Selected small_tip for volume 0.155 mL
2026-03-15 09:38:49,374 - INFO - Getting small_tip (pipet number 0) from rack: small_tip_rack_1
2026-03-15 09:38:49,375 - INFO - Pipetting from vial water_dye, amount: 0.150 mL
2026-03-15 09:38:49,375 - INFO - Additional volume from calibration, amount: 0.005 mL
2026-03-15 09:38:49,376 - DEBUG - Adjusting pump 0 speed to 10
2026-03-15 09:38:49,376 - DEBUG - Aspirating 0.112 mL then waiting 0 s
2026-03-15 09:38:49,377 - DEBUG - Adjusting pump 0 speed to 15
2026-03-15 09:38:49,377 - DEBUG - Aspirating 0.155 mL then waiting 0.5 s
2026-03-15 09:38:49,379 - DEBUG - Using calibrated aspirate_speed=15 for water at 0.150mL
2026-03-15 09:38:49,379 - DEBUG - Using calibrated dispense_speed=10 for water at 0.150mL
2026-03-15 09:38:49,379 - DEBUG - Using calibrated aspirate_wait_time=0.5 for water at 0.150mL
2026-03-15 09:38:49,379 - DEBUG - Using calibrated dispense_wait_time=1.5 for water at 0.150mL
2026-03-15 09:38:49,379 - DEBUG - Using calibrated retract_speed=5 for water at 0.150mL
2026-03-15 09:38:49,379 - DEBUG - Using calibrated blowout_vol=0.0 for water at 0.150mL
2026-03-15 09:38:49,379 - DEBUG - Using calibrated post_asp_air_vol=0.0 for water at 0.150mL
2026-03-15 09:38:49,379 - DEBUG - Using calibrated overaspirate_vol=0.005139916499999997 for water at 0.150mL
2026-03-15 09:38:49,379 - DEBUG - Using calibrated pre_asp_air_vol=0.112 for water at 0.150mL
2026-03-15 09:38:49,379 - INFO - Pipetting into vial water_dye, amount: 0.150 mL
2026-03-15 09:38:49,380 - DEBUG - Adjusting pump 0 speed to 10
2026-03-15 09:38:49,380 - DEBUG - Dispensing 0.267 mL then waiting 1.5 s
2026-03-15 09:38:49,384 - DEBUG - Using calibrated aspirate_speed=15 for water at 0.150mL
2026-03-15 09:38:49,384 - DEBUG - Using calibrated dispense_speed=10 for water at 0.150mL
2026-03-15 09:38:49,384 - DEBUG - Using calibrated aspirate_wait_time=0.5 for water at 0.150mL
2026-03-15 09:38:49,384 - DEBUG - Using calibrated dispense_wait_time=1.5 for water at 0.150mL
2026-03-15 09:38:49,384 - DEBUG - Using calibrated retract_speed=5 for water at 0.150mL
2026-03-15 09:38:49,384 - DEBUG - Using calibrated blowout_vol=0.0 for water at 0.150mL
2026-03-15 09:38:49,384 - DEBUG - Using calibrated post_asp_air_vol=0.0 for water at 0.150mL
2026-03-15 09:38:49,384 - DEBUG - Using calibrated overaspirate_vol=0.005139916499999997 for water at 0.150mL
2026-03-15 09:38:49,384 - DEBUG - Using calibrated pre_asp_air_vol=0.112 for water at 0.150mL
2026-03-15 09:38:49,385 - DEBUG - Selected small_tip for volume 0.155 mL
2026-03-15 09:38:49,385 - INFO - Pipetting from vial water, amount: 0.150 mL
2026-03-15 09:38:49,385 - INFO - Additional volume from calibration, amount: 0.005 mL
2026-03-15 09:38:49,386 - DEBUG - Adjusting pump 0 speed to 10
2026-03-15 09:38:49,386 - DEBUG - Aspirating 0.112 mL then waiting 0 s
2026-03-15 09:38:49,386 - DEBUG - Adjusting pump 0 speed to 15
2026-03-15 09:38:49,386 - DEBUG - Aspirating 0.155 mL then waiting 0.5 s
2026-03-15 09:38:49,388 - DEBUG - Using calibrated aspirate_speed=15 for water at 0.150mL
2026-03-15 09:38:49,388 - DEBUG - Using calibrated dispense_speed=10 for water at 0.150mL
2026-03-15 09:38:49,388 - DEBUG - Using calibrated aspirate_wait_time=0.5 for water at 0.150mL
2026-03-15 09:38:49,388 - DEBUG - Using calibrated dispense_wait_time=1.5 for water at 0.150mL
2026-03-15 09:38:49,388 - DEBUG - Using calibrated retract_speed=5 for water at 0.150mL
2026-03-15 09:38:49,388 - DEBUG - Using calibrated blowout_vol=0.0 for water at 0.150mL
2026-03-15 09:38:49,388 - DEBUG - Using calibrated post_asp_air_vol=0.0 for water at 0.150mL
2026-03-15 09:38:49,388 - DEBUG - Using calibrated overaspirate_vol=0.005139916499999997 for water at 0.150mL
2026-03-15 09:38:49,388 - DEBUG - Using calibrated pre_asp_air_vol=0.112 for water at 0.150mL
2026-03-15 09:38:49,389 - INFO - Pipetting into vial water, amount: 0.150 mL
2026-03-15 09:38:49,389 - DEBUG - Adjusting pump 0 speed to 10
2026-03-15 09:38:49,390 - DEBUG - Dispensing 0.267 mL then waiting 1.5 s
2026-03-15 09:38:49,397 - DEBUG - Using calibrated aspirate_speed=12 for ethanol at 0.150mL
2026-03-15 09:38:49,397 - DEBUG - Using calibrated dispense_speed=13 for ethanol at 0.150mL
2026-03-15 09:38:49,397 - DEBUG - Using calibrated aspirate_wait_time=0.0 for ethanol at 0.150mL
2026-03-15 09:38:49,397 - DEBUG - Using calibrated dispense_wait_time=1.5 for ethanol at 0.150mL
2026-03-15 09:38:49,397 - DEBUG - Using calibrated retract_speed=15 for ethanol at 0.150mL
2026-03-15 09:38:49,397 - DEBUG - Using calibrated blowout_vol=0.105694662 for ethanol at 0.150mL
2026-03-15 09:38:49,397 - DEBUG - Using calibrated post_asp_air_vol=0.024339267 for ethanol at 0.150mL
2026-03-15 09:38:49,397 - DEBUG - Using calibrated overaspirate_vol=0.002422556599999998 for ethanol at 0.150mL
2026-03-15 09:38:49,397 - DEBUG - Selected small_tip for volume 0.177 mL
2026-03-15 09:38:49,398 - INFO - Pipetting from vial ethanol_dye, amount: 0.150 mL
2026-03-15 09:38:49,398 - INFO - Additional volume from calibration, amount: 0.002 mL
2026-03-15 09:38:49,399 - DEBUG - Adjusting pump 0 speed to 10
2026-03-15 09:38:49,399 - DEBUG - Adjusting pump 0 speed to 12
2026-03-15 09:38:49,399 - DEBUG - Aspirating 0.152 mL then waiting 0.0 s
2026-03-15 09:38:49,399 - DEBUG - Aspirating 0.024 mL then waiting 0 s
2026-03-15 09:38:49,401 - DEBUG - Using calibrated aspirate_speed=12 for ethanol at 0.150mL
2026-03-15 09:38:49,401 - DEBUG - Using calibrated dispense_speed=13 for ethanol at 0.150mL
2026-03-15 09:38:49,401 - DEBUG - Using calibrated aspirate_wait_time=0.0 for ethanol at 0.150mL
2026-03-15 09:38:49,401 - DEBUG - Using calibrated dispense_wait_time=1.5 for ethanol at 0.150mL
2026-03-15 09:38:49,401 - DEBUG - Using calibrated retract_speed=15 for ethanol at 0.150mL
2026-03-15 09:38:49,401 - DEBUG - Using calibrated blowout_vol=0.105694662 for ethanol at 0.150mL
2026-03-15 09:38:49,401 - DEBUG - Using calibrated post_asp_air_vol=0.024339267 for ethanol at 0.150mL
2026-03-15 09:38:49,401 - DEBUG - Using calibrated overaspirate_vol=0.002422556599999998 for ethanol at 0.150mL
2026-03-15 09:38:49,402 - INFO - Pipetting into vial ethanol_dye, amount: 0.150 mL
2026-03-15 09:38:49,402 - DEBUG - Adjusting pump 0 speed to 13
2026-03-15 09:38:49,402 - DEBUG - Dispensing 0.177 mL then waiting 1.5 s
2026-03-15 09:38:49,402 - DEBUG - Blowing out 0.106 mL
2026-03-15 09:38:49,406 - DEBUG - Using calibrated aspirate_speed=12 for ethanol at 0.250mL
2026-03-15 09:38:49,407 - DEBUG - Using calibrated dispense_speed=13 for ethanol at 0.250mL
2026-03-15 09:38:49,407 - DEBUG - Using calibrated aspirate_wait_time=0.0 for ethanol at 0.250mL
2026-03-15 09:38:49,407 - DEBUG - Using calibrated dispense_wait_time=1.5 for ethanol at 0.250mL
2026-03-15 09:38:49,407 - DEBUG - Using calibrated retract_speed=15 for ethanol at 0.250mL
2026-03-15 09:38:49,407 - DEBUG - Using calibrated blowout_vol=0.105694662 for ethanol at 0.250mL
2026-03-15 09:38:49,407 - DEBUG - Using calibrated post_asp_air_vol=0.024339267 for ethanol at 0.250mL
2026-03-15 09:38:49,407 - DEBUG - Using calibrated overaspirate_vol=0.002422556599999998 for ethanol at 0.250mL
2026-03-15 09:38:49,407 - DEBUG - Selected large_tip for volume 0.277 mL
2026-03-15 09:38:49,407 - INFO - Switching from small_tip to large_tip
2026-03-15 09:38:49,407 - INFO - Removing pipet
2026-03-15 09:38:49,408 - INFO - Getting large_tip (pipet number 0) from rack: large_tip_rack_1
2026-03-15 09:38:49,409 - INFO - Pipetting from vial ethanol, amount: 0.250 mL
2026-03-15 09:38:49,409 - INFO - Additional volume from calibration, amount: 0.002 mL
2026-03-15 09:38:49,410 - DEBUG - Adjusting pump 0 speed to 10
2026-03-15 09:38:49,410 - DEBUG - Adjusting pump 0 speed to 12
2026-03-15 09:38:49,410 - DEBUG - Aspirating 0.252 mL then waiting 0.0 s
2026-03-15 09:38:49,410 - DEBUG - Aspirating 0.024 mL then waiting 0 s
2026-03-15 09:38:49,412 - DEBUG - Using calibrated aspirate_speed=12 for ethanol at 0.250mL
2026-03-15 09:38:49,412 - DEBUG - Using calibrated dispense_speed=13 for ethanol at 0.250mL
2026-03-15 09:38:49,412 - DEBUG - Using calibrated aspirate_wait_time=0.0 for ethanol at 0.250mL
2026-03-15 09:38:49,412 - DEBUG - Using calibrated dispense_wait_time=1.5 for ethanol at 0.250mL
2026-03-15 09:38:49,412 - DEBUG - Using calibrated retract_speed=15 for ethanol at 0.250mL
2026-03-15 09:38:49,412 - DEBUG - Using calibrated blowout_vol=0.105694662 for ethanol at 0.250mL
2026-03-15 09:38:49,412 - DEBUG - Using calibrated post_asp_air_vol=0.024339267 for ethanol at 0.250mL
2026-03-15 09:38:49,412 - DEBUG - Using calibrated overaspirate_vol=0.002422556599999998 for ethanol at 0.250mL
2026-03-15 09:38:49,413 - INFO - Pipetting into vial ethanol, amount: 0.250 mL
2026-03-15 09:38:49,413 - DEBUG - Adjusting pump 0 speed to 13
2026-03-15 09:38:49,414 - DEBUG - Dispensing 0.277 mL then waiting 1.5 s
2026-03-15 09:38:49,414 - DEBUG - Blowing out 0.106 mL
2026-03-15 09:38:49,416 - DEBUG - Using calibrated aspirate_speed=12 for ethanol at 0.200mL
2026-03-15 09:38:49,416 - DEBUG - Using calibrated dispense_speed=13 for ethanol at 0.200mL
2026-03-15 09:38:49,416 - DEBUG - Using calibrated aspirate_wait_time=0.0 for ethanol at 0.200mL
2026-03-15 09:38:49,416 - DEBUG - Using calibrated dispense_wait_time=1.5 for ethanol at 0.200mL
2026-03-15 09:38:49,416 - DEBUG - Using calibrated retract_speed=15 for ethanol at 0.200mL
2026-03-15 09:38:49,416 - DEBUG - Using calibrated blowout_vol=0.105694662 for ethanol at 0.200mL
2026-03-15 09:38:49,416 - DEBUG - Using calibrated post_asp_air_vol=0.024339267 for ethanol at 0.200mL
2026-03-15 09:38:49,416 - DEBUG - Using calibrated overaspirate_vol=0.002422556599999998 for ethanol at 0.200mL
2026-03-15 09:38:49,416 - DEBUG - Selected large_tip for volume 0.227 mL
2026-03-15 09:38:49,417 - INFO - Pipetting from vial ethanol, amount: 0.200 mL
2026-03-15 09:38:49,417 - INFO - Additional volume from calibration, amount: 0.002 mL
2026-03-15 09:38:49,418 - DEBUG - Adjusting pump 0 speed to 10
2026-03-15 09:38:49,418 - DEBUG - Adjusting pump 0 speed to 12
2026-03-15 09:38:49,418 - DEBUG - Aspirating 0.202 mL then waiting 0.0 s
2026-03-15 09:38:49,418 - DEBUG - Aspirating 0.024 mL then waiting 0 s
2026-03-15 09:38:49,420 - DEBUG - Using calibrated aspirate_speed=12 for ethanol at 0.200mL
2026-03-15 09:38:49,420 - DEBUG - Using calibrated dispense_speed=13 for ethanol at 0.200mL
2026-03-15 09:38:49,420 - DEBUG - Using calibrated aspirate_wait_time=0.0 for ethanol at 0.200mL
2026-03-15 09:38:49,420 - DEBUG - Using calibrated dispense_wait_time=1.5 for ethanol at 0.200mL
2026-03-15 09:38:49,420 - DEBUG - Using calibrated retract_speed=15 for ethanol at 0.200mL
2026-03-15 09:38:49,420 - DEBUG - Using calibrated blowout_vol=0.105694662 for ethanol at 0.200mL
2026-03-15 09:38:49,420 - DEBUG - Using calibrated post_asp_air_vol=0.024339267 for ethanol at 0.200mL
2026-03-15 09:38:49,420 - DEBUG - Using calibrated overaspirate_vol=0.002422556599999998 for ethanol at 0.200mL
2026-03-15 09:38:49,420 - DEBUG - Adjusting pump 0 speed to 13
2026-03-15 09:38:49,421 - INFO - Transferring 0.200 mL into well #43 of 96 WELL PLATE
2026-03-15 09:38:49,421 - DEBUG - Dispensing 0.227 mL then waiting 1.5 s
2026-03-15 09:38:49,421 - DEBUG - Blowing out 0.106 mL
2026-03-15 09:38:49,423 - DEBUG - Using calibrated aspirate_speed=12 for ethanol at 0.150mL
2026-03-15 09:38:49,423 - DEBUG - Using calibrated dispense_speed=13 for ethanol at 0.150mL
2026-03-15 09:38:49,423 - DEBUG - Using calibrated aspirate_wait_time=0.0 for ethanol at 0.150mL
2026-03-15 09:38:49,423 - DEBUG - Using calibrated dispense_wait_time=1.5 for ethanol at 0.150mL
2026-03-15 09:38:49,423 - DEBUG - Using calibrated retract_speed=15 for ethanol at 0.150mL
2026-03-15 09:38:49,423 - DEBUG - Using calibrated blowout_vol=0.105694662 for ethanol at 0.150mL
2026-03-15 09:38:49,423 - DEBUG - Using calibrated post_asp_air_vol=0.024339267 for ethanol at 0.150mL
2026-03-15 09:38:49,423 - DEBUG - Using calibrated overaspirate_vol=0.002422556599999998 for ethanol at 0.150mL
2026-03-15 09:38:49,423 - DEBUG - Selected small_tip for volume 0.177 mL
2026-03-15 09:38:49,424 - INFO - Switching from large_tip to small_tip
2026-03-15 09:38:49,424 - INFO - Removing pipet
2026-03-15 09:38:49,424 - INFO - Getting small_tip (pipet number 1) from rack: small_tip_rack_1
2026-03-15 09:38:49,424 - INFO - Pipetting from vial ethanol, amount: 0.150 mL
2026-03-15 09:38:49,424 - INFO - Additional volume from calibration, amount: 0.002 mL
2026-03-15 09:38:49,425 - DEBUG - Adjusting pump 0 speed to 10
2026-03-15 09:38:49,425 - DEBUG - Adjusting pump 0 speed to 12
2026-03-15 09:38:49,425 - DEBUG - Aspirating 0.152 mL then waiting 0.0 s
2026-03-15 09:38:49,425 - DEBUG - Aspirating 0.024 mL then waiting 0 s
2026-03-15 09:38:49,428 - DEBUG - Using calibrated aspirate_speed=12 for ethanol at 0.150mL
2026-03-15 09:38:49,428 - DEBUG - Using calibrated dispense_speed=13 for ethanol at 0.150mL
2026-03-15 09:38:49,428 - DEBUG - Using calibrated aspirate_wait_time=0.0 for ethanol at 0.150mL
2026-03-15 09:38:49,428 - DEBUG - Using calibrated dispense_wait_time=1.5 for ethanol at 0.150mL
2026-03-15 09:38:49,428 - DEBUG - Using calibrated retract_speed=15 for ethanol at 0.150mL
2026-03-15 09:38:49,428 - DEBUG - Using calibrated blowout_vol=0.105694662 for ethanol at 0.150mL
2026-03-15 09:38:49,428 - DEBUG - Using calibrated post_asp_air_vol=0.024339267 for ethanol at 0.150mL
2026-03-15 09:38:49,428 - DEBUG - Using calibrated overaspirate_vol=0.002422556599999998 for ethanol at 0.150mL
2026-03-15 09:38:49,428 - DEBUG - Adjusting pump 0 speed to 13
2026-03-15 09:38:49,428 - INFO - Transferring 0.150 mL into well #42 of 96 WELL PLATE
2026-03-15 09:38:49,428 - DEBUG - Dispensing 0.177 mL then waiting 1.5 s
2026-03-15 09:38:49,428 - DEBUG - Blowing out 0.106 mL
2026-03-15 09:38:49,430 - DEBUG - Using calibrated aspirate_speed=12 for ethanol at 0.100mL
2026-03-15 09:38:49,430 - DEBUG - Using calibrated dispense_speed=13 for ethanol at 0.100mL
2026-03-15 09:38:49,430 - DEBUG - Using calibrated aspirate_wait_time=0.0 for ethanol at 0.100mL
2026-03-15 09:38:49,430 - DEBUG - Using calibrated dispense_wait_time=1.5 for ethanol at 0.100mL
2026-03-15 09:38:49,430 - DEBUG - Using calibrated retract_speed=15 for ethanol at 0.100mL
2026-03-15 09:38:49,430 - DEBUG - Using calibrated blowout_vol=0.105694662 for ethanol at 0.100mL
2026-03-15 09:38:49,430 - DEBUG - Using calibrated post_asp_air_vol=0.024339267 for ethanol at 0.100mL
2026-03-15 09:38:49,430 - DEBUG - Using calibrated overaspirate_vol=0.002422556599999998 for ethanol at 0.100mL
2026-03-15 09:38:49,430 - DEBUG - Selected small_tip for volume 0.127 mL
2026-03-15 09:38:49,431 - INFO - Pipetting from vial ethanol, amount: 0.100 mL
2026-03-15 09:38:49,431 - INFO - Additional volume from calibration, amount: 0.002 mL
2026-03-15 09:38:49,432 - DEBUG - Adjusting pump 0 speed to 10
2026-03-15 09:38:49,432 - DEBUG - Adjusting pump 0 speed to 12
2026-03-15 09:38:49,433 - DEBUG - Aspirating 0.102 mL then waiting 0.0 s
2026-03-15 09:38:49,433 - DEBUG - Aspirating 0.024 mL then waiting 0 s
2026-03-15 09:38:49,434 - DEBUG - Using calibrated aspirate_speed=12 for ethanol at 0.100mL
2026-03-15 09:38:49,434 - DEBUG - Using calibrated dispense_speed=13 for ethanol at 0.100mL
2026-03-15 09:38:49,434 - DEBUG - Using calibrated aspirate_wait_time=0.0 for ethanol at 0.100mL
2026-03-15 09:38:49,434 - DEBUG - Using calibrated dispense_wait_time=1.5 for ethanol at 0.100mL
2026-03-15 09:38:49,434 - DEBUG - Using calibrated retract_speed=15 for ethanol at 0.100mL
2026-03-15 09:38:49,434 - DEBUG - Using calibrated blowout_vol=0.105694662 for ethanol at 0.100mL
2026-03-15 09:38:49,434 - DEBUG - Using calibrated post_asp_air_vol=0.024339267 for ethanol at 0.100mL
2026-03-15 09:38:49,434 - DEBUG - Using calibrated overaspirate_vol=0.002422556599999998 for ethanol at 0.100mL
2026-03-15 09:38:49,435 - DEBUG - Adjusting pump 0 speed to 13
2026-03-15 09:38:49,435 - INFO - Transferring 0.100 mL into well #41 of 96 WELL PLATE
2026-03-15 09:38:49,435 - DEBUG - Dispensing 0.127 mL then waiting 1.5 s
2026-03-15 09:38:49,435 - DEBUG - Blowing out 0.106 mL
2026-03-15 09:38:49,437 - DEBUG - Using calibrated aspirate_speed=12 for ethanol at 0.050mL
2026-03-15 09:38:49,437 - DEBUG - Using calibrated dispense_speed=13 for ethanol at 0.050mL
2026-03-15 09:38:49,437 - DEBUG - Using calibrated aspirate_wait_time=0.0 for ethanol at 0.050mL
2026-03-15 09:38:49,437 - DEBUG - Using calibrated dispense_wait_time=1.5 for ethanol at 0.050mL
2026-03-15 09:38:49,437 - DEBUG - Using calibrated retract_speed=15 for ethanol at 0.050mL
2026-03-15 09:38:49,437 - DEBUG - Using calibrated blowout_vol=0.105694662 for ethanol at 0.050mL
2026-03-15 09:38:49,437 - DEBUG - Using calibrated post_asp_air_vol=0.024339267 for ethanol at 0.050mL
2026-03-15 09:38:49,437 - DEBUG - Using calibrated overaspirate_vol=0.0033308795099999977 for ethanol at 0.050mL
2026-03-15 09:38:49,437 - DEBUG - Selected small_tip for volume 0.078 mL
2026-03-15 09:38:49,438 - INFO - Pipetting from vial ethanol, amount: 0.050 mL
2026-03-15 09:38:49,438 - INFO - Additional volume from calibration, amount: 0.003 mL
2026-03-15 09:38:49,439 - DEBUG - Adjusting pump 0 speed to 10
2026-03-15 09:38:49,439 - DEBUG - Adjusting pump 0 speed to 12
2026-03-15 09:38:49,439 - DEBUG - Aspirating 0.053 mL then waiting 0.0 s
2026-03-15 09:38:49,439 - DEBUG - Aspirating 0.024 mL then waiting 0 s
2026-03-15 09:38:49,440 - DEBUG - Using calibrated aspirate_speed=12 for ethanol at 0.050mL
2026-03-15 09:38:49,440 - DEBUG - Using calibrated dispense_speed=13 for ethanol at 0.050mL
2026-03-15 09:38:49,440 - DEBUG - Using calibrated aspirate_wait_time=0.0 for ethanol at 0.050mL
2026-03-15 09:38:49,440 - DEBUG - Using calibrated dispense_wait_time=1.5 for ethanol at 0.050mL
2026-03-15 09:38:49,440 - DEBUG - Using calibrated retract_speed=15 for ethanol at 0.050mL
2026-03-15 09:38:49,440 - DEBUG - Using calibrated blowout_vol=0.105694662 for ethanol at 0.050mL
2026-03-15 09:38:49,440 - DEBUG - Using calibrated post_asp_air_vol=0.024339267 for ethanol at 0.050mL
2026-03-15 09:38:49,440 - DEBUG - Using calibrated overaspirate_vol=0.0033308795099999977 for ethanol at 0.050mL
2026-03-15 09:38:49,440 - DEBUG - Adjusting pump 0 speed to 13
2026-03-15 09:38:49,440 - INFO - Transferring 0.050 mL into well #40 of 96 WELL PLATE
2026-03-15 09:38:49,441 - DEBUG - Dispensing 0.078 mL then waiting 1.5 s
2026-03-15 09:38:49,441 - DEBUG - Blowing out 0.106 mL
2026-03-15 09:38:49,441 - INFO - Measuring wellplate 0 with protocols: C:\Protocols\Ilya_Measurement.prt
2026-03-15 09:38:49,441 - DEBUG - Using robot plate type '96 WELL PLATE' -> Cytation plate type '96 WELL PLATE'
2026-03-15 09:38:49,441 - INFO - Moving robot to home position
2026-03-15 09:38:49,441 - INFO - Moving wellplate 0 to Cytation
2026-03-15 09:38:49,441 - DEBUG - Using robot plate type '96 WELL PLATE' -> Cytation plate type '96 WELL PLATE' for CarrierIn
2026-03-15 09:38:49,441 - DEBUG - Updated gripper location to: cytation_safe_area at position {'x': 47775, 'z': 0}
2026-03-15 09:38:49,441 - INFO - Grabbing wellplate from location: pipetting_area
2026-03-15 09:38:49,442 - DEBUG - No waypoint locations provided, skipping path movement
2026-03-15 09:38:49,442 - DEBUG - Opening gripper
2026-03-15 09:38:49,442 - DEBUG - Closing gripper
2026-03-15 09:38:49,442 - DEBUG - Updated gripper location to: pipetting_area at position {'x': 131825, 'z': 75000}
2026-03-15 09:38:49,442 - DEBUG - Updated gripper location to: cytation_safe_area at position {'x': 47775, 'z': 75000}
2026-03-15 09:38:49,442 - INFO - Releasing wellplate at location: cytation_tray
2026-03-15 09:38:49,442 - DEBUG - No waypoint locations provided, skipping path movement
2026-03-15 09:38:49,442 - DEBUG - Opening gripper
2026-03-15 09:38:49,442 - DEBUG - Updated gripper location to: cytation_tray at position {'x': 68400, 'z': 0}
2026-03-15 09:38:49,442 - INFO - Moving wellplate 0 back from Cytation
2026-03-15 09:38:49,442 - DEBUG - Using robot plate type '96 WELL PLATE' -> Cytation plate type '96 WELL PLATE' for CarrierIn
2026-03-15 09:38:49,442 - INFO - Grabbing wellplate from location: cytation_tray
2026-03-15 09:38:49,443 - DEBUG - No waypoint locations provided, skipping path movement
2026-03-15 09:38:49,443 - DEBUG - Opening gripper
2026-03-15 09:38:49,443 - DEBUG - Closing gripper
2026-03-15 09:38:49,443 - DEBUG - Updated gripper location to: cytation_tray at position {'x': 68400, 'z': 0}
2026-03-15 09:38:49,443 - DEBUG - Updated gripper location to: cytation_safe_area at position {'x': 47775, 'z': 0}
2026-03-15 09:38:49,443 - INFO - Releasing wellplate at location: pipetting_area
2026-03-15 09:38:49,443 - DEBUG - No waypoint locations provided, skipping path movement
2026-03-15 09:38:49,443 - DEBUG - Opening gripper
2026-03-15 09:38:49,443 - DEBUG - Updated gripper location to: pipetting_area at position {'x': 131825, 'z': 75000}
2026-03-15 09:38:49,443 - DEBUG - Moving North Track to home position
2026-03-15 09:38:49,443 - DEBUG - Detected origin position (0,0) - setting location to 'origin'
2026-03-15 09:38:49,443 - DEBUG - Updated gripper location to: origin at position {'x': 0, 'z': 0}
2026-03-15 09:38:49,447 - DEBUG - Using calibrated aspirate_speed=15 for water at 0.150mL
2026-03-15 09:38:49,447 - DEBUG - Using calibrated dispense_speed=10 for water at 0.150mL
2026-03-15 09:38:49,447 - DEBUG - Using calibrated aspirate_wait_time=0.5 for water at 0.150mL
2026-03-15 09:38:49,447 - DEBUG - Using calibrated dispense_wait_time=1.5 for water at 0.150mL
2026-03-15 09:38:49,447 - DEBUG - Using calibrated retract_speed=5 for water at 0.150mL
2026-03-15 09:38:49,447 - DEBUG - Using calibrated blowout_vol=0.0 for water at 0.150mL
2026-03-15 09:38:49,447 - DEBUG - Using calibrated post_asp_air_vol=0.0 for water at 0.150mL
2026-03-15 09:38:49,447 - DEBUG - Using calibrated overaspirate_vol=0.005139916499999997 for water at 0.150mL
2026-03-15 09:38:49,447 - DEBUG - Using calibrated pre_asp_air_vol=0.112 for water at 0.150mL
2026-03-15 09:38:49,447 - DEBUG - Selected small_tip for volume 0.155 mL
2026-03-15 09:38:49,448 - INFO - Pipetting from vial water_dye, amount: 0.150 mL
2026-03-15 09:38:49,448 - INFO - Additional volume from calibration, amount: 0.005 mL
2026-03-15 09:38:49,449 - DEBUG - Adjusting pump 0 speed to 10
2026-03-15 09:38:49,449 - DEBUG - Aspirating 0.112 mL then waiting 0 s
2026-03-15 09:38:49,449 - DEBUG - Adjusting pump 0 speed to 15
2026-03-15 09:38:49,449 - DEBUG - Aspirating 0.155 mL then waiting 0.5 s
2026-03-15 09:38:49,450 - DEBUG - Using calibrated aspirate_speed=15 for water at 0.150mL
2026-03-15 09:38:49,451 - DEBUG - Using calibrated dispense_speed=10 for water at 0.150mL
2026-03-15 09:38:49,451 - DEBUG - Using calibrated aspirate_wait_time=0.5 for water at 0.150mL
2026-03-15 09:38:49,451 - DEBUG - Using calibrated dispense_wait_time=1.5 for water at 0.150mL
2026-03-15 09:38:49,451 - DEBUG - Using calibrated retract_speed=5 for water at 0.150mL
2026-03-15 09:38:49,451 - DEBUG - Using calibrated blowout_vol=0.0 for water at 0.150mL
2026-03-15 09:38:49,451 - DEBUG - Using calibrated post_asp_air_vol=0.0 for water at 0.150mL
2026-03-15 09:38:49,451 - DEBUG - Using calibrated overaspirate_vol=0.005139916499999997 for water at 0.150mL
2026-03-15 09:38:49,451 - DEBUG - Using calibrated pre_asp_air_vol=0.112 for water at 0.150mL
2026-03-15 09:38:49,451 - INFO - Pipetting into vial water_dye, amount: 0.150 mL
2026-03-15 09:38:49,452 - DEBUG - Adjusting pump 0 speed to 10
2026-03-15 09:38:49,452 - DEBUG - Dispensing 0.267 mL then waiting 1.5 s
2026-03-15 09:38:49,455 - DEBUG - Using calibrated aspirate_speed=15 for water at 0.150mL
2026-03-15 09:38:49,455 - DEBUG - Using calibrated dispense_speed=10 for water at 0.150mL
2026-03-15 09:38:49,455 - DEBUG - Using calibrated aspirate_wait_time=0.5 for water at 0.150mL
2026-03-15 09:38:49,455 - DEBUG - Using calibrated dispense_wait_time=1.5 for water at 0.150mL
2026-03-15 09:38:49,455 - DEBUG - Using calibrated retract_speed=5 for water at 0.150mL
2026-03-15 09:38:49,455 - DEBUG - Using calibrated blowout_vol=0.0 for water at 0.150mL
2026-03-15 09:38:49,455 - DEBUG - Using calibrated post_asp_air_vol=0.0 for water at 0.150mL
2026-03-15 09:38:49,455 - DEBUG - Using calibrated overaspirate_vol=0.005139916499999997 for water at 0.150mL
2026-03-15 09:38:49,455 - DEBUG - Using calibrated pre_asp_air_vol=0.112 for water at 0.150mL
2026-03-15 09:38:49,456 - DEBUG - Selected small_tip for volume 0.155 mL
2026-03-15 09:38:49,456 - INFO - Pipetting from vial water, amount: 0.150 mL
2026-03-15 09:38:49,456 - INFO - Additional volume from calibration, amount: 0.005 mL
2026-03-15 09:38:49,457 - DEBUG - Adjusting pump 0 speed to 10
2026-03-15 09:38:49,458 - DEBUG - Aspirating 0.112 mL then waiting 0 s
2026-03-15 09:38:49,458 - DEBUG - Adjusting pump 0 speed to 15
2026-03-15 09:38:49,458 - DEBUG - Aspirating 0.155 mL then waiting 0.5 s
2026-03-15 09:38:49,459 - DEBUG - Using calibrated aspirate_speed=15 for water at 0.150mL
2026-03-15 09:38:49,459 - DEBUG - Using calibrated dispense_speed=10 for water at 0.150mL
2026-03-15 09:38:49,460 - DEBUG - Using calibrated aspirate_wait_time=0.5 for water at 0.150mL
2026-03-15 09:38:49,460 - DEBUG - Using calibrated dispense_wait_time=1.5 for water at 0.150mL
2026-03-15 09:38:49,460 - DEBUG - Using calibrated retract_speed=5 for water at 0.150mL
2026-03-15 09:38:49,460 - DEBUG - Using calibrated blowout_vol=0.0 for water at 0.150mL
2026-03-15 09:38:49,460 - DEBUG - Using calibrated post_asp_air_vol=0.0 for water at 0.150mL
2026-03-15 09:38:49,460 - DEBUG - Using calibrated overaspirate_vol=0.005139916499999997 for water at 0.150mL
2026-03-15 09:38:49,460 - DEBUG - Using calibrated pre_asp_air_vol=0.112 for water at 0.150mL
2026-03-15 09:38:49,460 - INFO - Pipetting into vial water, amount: 0.150 mL
2026-03-15 09:38:49,461 - DEBUG - Adjusting pump 0 speed to 10
2026-03-15 09:38:49,461 - DEBUG - Dispensing 0.267 mL then waiting 1.5 s
2026-03-15 09:38:49,467 - DEBUG - Using calibrated aspirate_speed=12 for ethanol at 0.150mL
2026-03-15 09:38:49,467 - DEBUG - Using calibrated dispense_speed=13 for ethanol at 0.150mL
2026-03-15 09:38:49,467 - DEBUG - Using calibrated aspirate_wait_time=0.0 for ethanol at 0.150mL
2026-03-15 09:38:49,467 - DEBUG - Using calibrated dispense_wait_time=1.5 for ethanol at 0.150mL
2026-03-15 09:38:49,467 - DEBUG - Using calibrated retract_speed=15 for ethanol at 0.150mL
2026-03-15 09:38:49,467 - DEBUG - Using calibrated blowout_vol=0.105694662 for ethanol at 0.150mL
2026-03-15 09:38:49,467 - DEBUG - Using calibrated post_asp_air_vol=0.024339267 for ethanol at 0.150mL
2026-03-15 09:38:49,467 - DEBUG - Using calibrated overaspirate_vol=0.002422556599999998 for ethanol at 0.150mL
2026-03-15 09:38:49,468 - DEBUG - Selected small_tip for volume 0.177 mL
2026-03-15 09:38:49,469 - INFO - Pipetting from vial ethanol_dye, amount: 0.150 mL
2026-03-15 09:38:49,469 - INFO - Additional volume from calibration, amount: 0.002 mL
2026-03-15 09:38:49,469 - DEBUG - Adjusting pump 0 speed to 10
2026-03-15 09:38:49,469 - DEBUG - Adjusting pump 0 speed to 12
2026-03-15 09:38:49,469 - DEBUG - Aspirating 0.152 mL then waiting 0.0 s
2026-03-15 09:38:49,469 - DEBUG - Aspirating 0.024 mL then waiting 0 s
2026-03-15 09:38:49,471 - DEBUG - Using calibrated aspirate_speed=12 for ethanol at 0.150mL
2026-03-15 09:38:49,471 - DEBUG - Using calibrated dispense_speed=13 for ethanol at 0.150mL
2026-03-15 09:38:49,471 - DEBUG - Using calibrated aspirate_wait_time=0.0 for ethanol at 0.150mL
2026-03-15 09:38:49,471 - DEBUG - Using calibrated dispense_wait_time=1.5 for ethanol at 0.150mL
2026-03-15 09:38:49,471 - DEBUG - Using calibrated retract_speed=15 for ethanol at 0.150mL
2026-03-15 09:38:49,471 - DEBUG - Using calibrated blowout_vol=0.105694662 for ethanol at 0.150mL
2026-03-15 09:38:49,471 - DEBUG - Using calibrated post_asp_air_vol=0.024339267 for ethanol at 0.150mL
2026-03-15 09:38:49,471 - DEBUG - Using calibrated overaspirate_vol=0.002422556599999998 for ethanol at 0.150mL
2026-03-15 09:38:49,472 - INFO - Pipetting into vial ethanol_dye, amount: 0.150 mL
2026-03-15 09:38:49,472 - DEBUG - Adjusting pump 0 speed to 13
2026-03-15 09:38:49,472 - DEBUG - Dispensing 0.177 mL then waiting 1.5 s
2026-03-15 09:38:49,472 - DEBUG - Blowing out 0.106 mL
2026-03-15 09:38:49,476 - DEBUG - Using calibrated aspirate_speed=12 for ethanol at 0.250mL
2026-03-15 09:38:49,476 - DEBUG - Using calibrated dispense_speed=13 for ethanol at 0.250mL
2026-03-15 09:38:49,476 - DEBUG - Using calibrated aspirate_wait_time=0.0 for ethanol at 0.250mL
2026-03-15 09:38:49,476 - DEBUG - Using calibrated dispense_wait_time=1.5 for ethanol at 0.250mL
2026-03-15 09:38:49,476 - DEBUG - Using calibrated retract_speed=15 for ethanol at 0.250mL
2026-03-15 09:38:49,476 - DEBUG - Using calibrated blowout_vol=0.105694662 for ethanol at 0.250mL
2026-03-15 09:38:49,476 - DEBUG - Using calibrated post_asp_air_vol=0.024339267 for ethanol at 0.250mL
2026-03-15 09:38:49,476 - DEBUG - Using calibrated overaspirate_vol=0.002422556599999998 for ethanol at 0.250mL
2026-03-15 09:38:49,477 - DEBUG - Selected large_tip for volume 0.277 mL
2026-03-15 09:38:49,477 - INFO - Switching from small_tip to large_tip
2026-03-15 09:38:49,477 - INFO - Removing pipet
2026-03-15 09:38:49,477 - INFO - Getting large_tip (pipet number 1) from rack: large_tip_rack_1
2026-03-15 09:38:49,478 - INFO - Pipetting from vial ethanol, amount: 0.250 mL
2026-03-15 09:38:49,478 - INFO - Additional volume from calibration, amount: 0.002 mL
2026-03-15 09:38:49,479 - DEBUG - Adjusting pump 0 speed to 10
2026-03-15 09:38:49,479 - DEBUG - Adjusting pump 0 speed to 12
2026-03-15 09:38:49,479 - DEBUG - Aspirating 0.252 mL then waiting 0.0 s
2026-03-15 09:38:49,479 - DEBUG - Aspirating 0.024 mL then waiting 0 s
2026-03-15 09:38:49,481 - DEBUG - Using calibrated aspirate_speed=12 for ethanol at 0.250mL
2026-03-15 09:38:49,481 - DEBUG - Using calibrated dispense_speed=13 for ethanol at 0.250mL
2026-03-15 09:38:49,481 - DEBUG - Using calibrated aspirate_wait_time=0.0 for ethanol at 0.250mL
2026-03-15 09:38:49,481 - DEBUG - Using calibrated dispense_wait_time=1.5 for ethanol at 0.250mL
2026-03-15 09:38:49,481 - DEBUG - Using calibrated retract_speed=15 for ethanol at 0.250mL
2026-03-15 09:38:49,481 - DEBUG - Using calibrated blowout_vol=0.105694662 for ethanol at 0.250mL
2026-03-15 09:38:49,481 - DEBUG - Using calibrated post_asp_air_vol=0.024339267 for ethanol at 0.250mL
2026-03-15 09:38:49,481 - DEBUG - Using calibrated overaspirate_vol=0.002422556599999998 for ethanol at 0.250mL
2026-03-15 09:38:49,482 - INFO - Pipetting into vial ethanol, amount: 0.250 mL
2026-03-15 09:38:49,482 - DEBUG - Adjusting pump 0 speed to 13
2026-03-15 09:38:49,483 - DEBUG - Dispensing 0.277 mL then waiting 1.5 s
2026-03-15 09:38:49,483 - DEBUG - Blowing out 0.106 mL
2026-03-15 09:38:49,485 - DEBUG - Using calibrated aspirate_speed=12 for ethanol at 0.200mL
2026-03-15 09:38:49,485 - DEBUG - Using calibrated dispense_speed=13 for ethanol at 0.200mL
2026-03-15 09:38:49,485 - DEBUG - Using calibrated aspirate_wait_time=0.0 for ethanol at 0.200mL
2026-03-15 09:38:49,485 - DEBUG - Using calibrated dispense_wait_time=1.5 for ethanol at 0.200mL
2026-03-15 09:38:49,485 - DEBUG - Using calibrated retract_speed=15 for ethanol at 0.200mL
2026-03-15 09:38:49,485 - DEBUG - Using calibrated blowout_vol=0.105694662 for ethanol at 0.200mL
2026-03-15 09:38:49,485 - DEBUG - Using calibrated post_asp_air_vol=0.024339267 for ethanol at 0.200mL
2026-03-15 09:38:49,485 - DEBUG - Using calibrated overaspirate_vol=0.002422556599999998 for ethanol at 0.200mL
2026-03-15 09:38:49,485 - DEBUG - Selected large_tip for volume 0.227 mL
2026-03-15 09:38:49,486 - INFO - Pipetting from vial ethanol, amount: 0.200 mL
2026-03-15 09:38:49,486 - INFO - Additional volume from calibration, amount: 0.002 mL
2026-03-15 09:38:49,487 - DEBUG - Adjusting pump 0 speed to 10
2026-03-15 09:38:49,487 - DEBUG - Adjusting pump 0 speed to 12
2026-03-15 09:38:49,487 - DEBUG - Aspirating 0.202 mL then waiting 0.0 s
2026-03-15 09:38:49,487 - DEBUG - Aspirating 0.024 mL then waiting 0 s
2026-03-15 09:38:49,489 - DEBUG - Using calibrated aspirate_speed=12 for ethanol at 0.200mL
2026-03-15 09:38:49,489 - DEBUG - Using calibrated dispense_speed=13 for ethanol at 0.200mL
2026-03-15 09:38:49,489 - DEBUG - Using calibrated aspirate_wait_time=0.0 for ethanol at 0.200mL
2026-03-15 09:38:49,489 - DEBUG - Using calibrated dispense_wait_time=1.5 for ethanol at 0.200mL
2026-03-15 09:38:49,489 - DEBUG - Using calibrated retract_speed=15 for ethanol at 0.200mL
2026-03-15 09:38:49,489 - DEBUG - Using calibrated blowout_vol=0.105694662 for ethanol at 0.200mL
2026-03-15 09:38:49,489 - DEBUG - Using calibrated post_asp_air_vol=0.024339267 for ethanol at 0.200mL
2026-03-15 09:38:49,489 - DEBUG - Using calibrated overaspirate_vol=0.002422556599999998 for ethanol at 0.200mL
2026-03-15 09:38:49,489 - DEBUG - Adjusting pump 0 speed to 13
2026-03-15 09:38:49,489 - INFO - Transferring 0.200 mL into well #91 of 96 WELL PLATE
2026-03-15 09:38:49,489 - DEBUG - Dispensing 0.227 mL then waiting 1.5 s
2026-03-15 09:38:49,489 - DEBUG - Blowing out 0.106 mL
2026-03-15 09:38:49,491 - DEBUG - Using calibrated aspirate_speed=12 for ethanol at 0.150mL
2026-03-15 09:38:49,491 - DEBUG - Using calibrated dispense_speed=13 for ethanol at 0.150mL
2026-03-15 09:38:49,491 - DEBUG - Using calibrated aspirate_wait_time=0.0 for ethanol at 0.150mL
2026-03-15 09:38:49,491 - DEBUG - Using calibrated dispense_wait_time=1.5 for ethanol at 0.150mL
2026-03-15 09:38:49,491 - DEBUG - Using calibrated retract_speed=15 for ethanol at 0.150mL
2026-03-15 09:38:49,491 - DEBUG - Using calibrated blowout_vol=0.105694662 for ethanol at 0.150mL
2026-03-15 09:38:49,491 - DEBUG - Using calibrated post_asp_air_vol=0.024339267 for ethanol at 0.150mL
2026-03-15 09:38:49,491 - DEBUG - Using calibrated overaspirate_vol=0.002422556599999998 for ethanol at 0.150mL
2026-03-15 09:38:49,492 - DEBUG - Selected small_tip for volume 0.177 mL
2026-03-15 09:38:49,492 - INFO - Switching from large_tip to small_tip
2026-03-15 09:38:49,492 - INFO - Removing pipet
2026-03-15 09:38:49,492 - INFO - Getting small_tip (pipet number 2) from rack: small_tip_rack_1
2026-03-15 09:38:49,493 - INFO - Pipetting from vial ethanol, amount: 0.150 mL
2026-03-15 09:38:49,493 - INFO - Additional volume from calibration, amount: 0.002 mL
2026-03-15 09:38:49,494 - DEBUG - Adjusting pump 0 speed to 10
2026-03-15 09:38:49,494 - DEBUG - Adjusting pump 0 speed to 12
2026-03-15 09:38:49,494 - DEBUG - Aspirating 0.152 mL then waiting 0.0 s
2026-03-15 09:38:49,494 - DEBUG - Aspirating 0.024 mL then waiting 0 s
2026-03-15 09:38:49,495 - DEBUG - Using calibrated aspirate_speed=12 for ethanol at 0.150mL
2026-03-15 09:38:49,495 - DEBUG - Using calibrated dispense_speed=13 for ethanol at 0.150mL
2026-03-15 09:38:49,495 - DEBUG - Using calibrated aspirate_wait_time=0.0 for ethanol at 0.150mL
2026-03-15 09:38:49,495 - DEBUG - Using calibrated dispense_wait_time=1.5 for ethanol at 0.150mL
2026-03-15 09:38:49,495 - DEBUG - Using calibrated retract_speed=15 for ethanol at 0.150mL
2026-03-15 09:38:49,496 - DEBUG - Using calibrated blowout_vol=0.105694662 for ethanol at 0.150mL
2026-03-15 09:38:49,496 - DEBUG - Using calibrated post_asp_air_vol=0.024339267 for ethanol at 0.150mL
2026-03-15 09:38:49,496 - DEBUG - Using calibrated overaspirate_vol=0.002422556599999998 for ethanol at 0.150mL
2026-03-15 09:38:49,496 - DEBUG - Adjusting pump 0 speed to 13
2026-03-15 09:38:49,496 - INFO - Transferring 0.150 mL into well #90 of 96 WELL PLATE
2026-03-15 09:38:49,496 - DEBUG - Dispensing 0.177 mL then waiting 1.5 s
2026-03-15 09:38:49,496 - DEBUG - Blowing out 0.106 mL
2026-03-15 09:38:49,497 - DEBUG - Using calibrated aspirate_speed=12 for ethanol at 0.100mL
2026-03-15 09:38:49,497 - DEBUG - Using calibrated dispense_speed=13 for ethanol at 0.100mL
2026-03-15 09:38:49,498 - DEBUG - Using calibrated aspirate_wait_time=0.0 for ethanol at 0.100mL
2026-03-15 09:38:49,498 - DEBUG - Using calibrated dispense_wait_time=1.5 for ethanol at 0.100mL
2026-03-15 09:38:49,498 - DEBUG - Using calibrated retract_speed=15 for ethanol at 0.100mL
2026-03-15 09:38:49,498 - DEBUG - Using calibrated blowout_vol=0.105694662 for ethanol at 0.100mL
2026-03-15 09:38:49,498 - DEBUG - Using calibrated post_asp_air_vol=0.024339267 for ethanol at 0.100mL
2026-03-15 09:38:49,498 - DEBUG - Using calibrated overaspirate_vol=0.002422556599999998 for ethanol at 0.100mL
2026-03-15 09:38:49,498 - DEBUG - Selected small_tip for volume 0.127 mL
2026-03-15 09:38:49,499 - INFO - Pipetting from vial ethanol, amount: 0.100 mL
2026-03-15 09:38:49,499 - INFO - Additional volume from calibration, amount: 0.002 mL
2026-03-15 09:38:49,500 - DEBUG - Adjusting pump 0 speed to 10
2026-03-15 09:38:49,500 - DEBUG - Adjusting pump 0 speed to 12
2026-03-15 09:38:49,500 - DEBUG - Aspirating 0.102 mL then waiting 0.0 s
2026-03-15 09:38:49,500 - DEBUG - Aspirating 0.024 mL then waiting 0 s
2026-03-15 09:38:49,502 - DEBUG - Using calibrated aspirate_speed=12 for ethanol at 0.100mL
2026-03-15 09:38:49,502 - DEBUG - Using calibrated dispense_speed=13 for ethanol at 0.100mL
2026-03-15 09:38:49,502 - DEBUG - Using calibrated aspirate_wait_time=0.0 for ethanol at 0.100mL
2026-03-15 09:38:49,502 - DEBUG - Using calibrated dispense_wait_time=1.5 for ethanol at 0.100mL
2026-03-15 09:38:49,502 - DEBUG - Using calibrated retract_speed=15 for ethanol at 0.100mL
2026-03-15 09:38:49,502 - DEBUG - Using calibrated blowout_vol=0.105694662 for ethanol at 0.100mL
2026-03-15 09:38:49,502 - DEBUG - Using calibrated post_asp_air_vol=0.024339267 for ethanol at 0.100mL
2026-03-15 09:38:49,502 - DEBUG - Using calibrated overaspirate_vol=0.002422556599999998 for ethanol at 0.100mL
2026-03-15 09:38:49,502 - DEBUG - Adjusting pump 0 speed to 13
2026-03-15 09:38:49,502 - INFO - Transferring 0.100 mL into well #89 of 96 WELL PLATE
2026-03-15 09:38:49,502 - DEBUG - Dispensing 0.127 mL then waiting 1.5 s
2026-03-15 09:38:49,502 - DEBUG - Blowing out 0.106 mL
2026-03-15 09:38:49,504 - DEBUG - Using calibrated aspirate_speed=12 for ethanol at 0.050mL
2026-03-15 09:38:49,504 - DEBUG - Using calibrated dispense_speed=13 for ethanol at 0.050mL
2026-03-15 09:38:49,504 - DEBUG - Using calibrated aspirate_wait_time=0.0 for ethanol at 0.050mL
2026-03-15 09:38:49,504 - DEBUG - Using calibrated dispense_wait_time=1.5 for ethanol at 0.050mL
2026-03-15 09:38:49,504 - DEBUG - Using calibrated retract_speed=15 for ethanol at 0.050mL
2026-03-15 09:38:49,504 - DEBUG - Using calibrated blowout_vol=0.105694662 for ethanol at 0.050mL
2026-03-15 09:38:49,504 - DEBUG - Using calibrated post_asp_air_vol=0.024339267 for ethanol at 0.050mL
2026-03-15 09:38:49,504 - DEBUG - Using calibrated overaspirate_vol=0.0033308795099999977 for ethanol at 0.050mL
2026-03-15 09:38:49,505 - DEBUG - Selected small_tip for volume 0.078 mL
2026-03-15 09:38:49,505 - INFO - Pipetting from vial ethanol, amount: 0.050 mL
2026-03-15 09:38:49,505 - INFO - Additional volume from calibration, amount: 0.003 mL
2026-03-15 09:38:49,506 - DEBUG - Adjusting pump 0 speed to 10
2026-03-15 09:38:49,506 - DEBUG - Adjusting pump 0 speed to 12
2026-03-15 09:38:49,506 - DEBUG - Aspirating 0.053 mL then waiting 0.0 s
2026-03-15 09:38:49,506 - DEBUG - Aspirating 0.024 mL then waiting 0 s
2026-03-15 09:38:49,508 - DEBUG - Using calibrated aspirate_speed=12 for ethanol at 0.050mL
2026-03-15 09:38:49,508 - DEBUG - Using calibrated dispense_speed=13 for ethanol at 0.050mL
2026-03-15 09:38:49,508 - DEBUG - Using calibrated aspirate_wait_time=0.0 for ethanol at 0.050mL
2026-03-15 09:38:49,508 - DEBUG - Using calibrated dispense_wait_time=1.5 for ethanol at 0.050mL
2026-03-15 09:38:49,508 - DEBUG - Using calibrated retract_speed=15 for ethanol at 0.050mL
2026-03-15 09:38:49,508 - DEBUG - Using calibrated blowout_vol=0.105694662 for ethanol at 0.050mL
2026-03-15 09:38:49,508 - DEBUG - Using calibrated post_asp_air_vol=0.024339267 for ethanol at 0.050mL
2026-03-15 09:38:49,508 - DEBUG - Using calibrated overaspirate_vol=0.0033308795099999977 for ethanol at 0.050mL
2026-03-15 09:38:49,508 - DEBUG - Adjusting pump 0 speed to 13
2026-03-15 09:38:49,508 - INFO - Transferring 0.050 mL into well #88 of 96 WELL PLATE
2026-03-15 09:38:49,508 - DEBUG - Dispensing 0.078 mL then waiting 1.5 s
2026-03-15 09:38:49,508 - DEBUG - Blowing out 0.106 mL
2026-03-15 09:38:49,508 - INFO - Measuring wellplate 0 with protocols: C:\Protocols\Ilya_Measurement.prt
2026-03-15 09:38:49,509 - DEBUG - Using robot plate type '96 WELL PLATE' -> Cytation plate type '96 WELL PLATE'
2026-03-15 09:38:49,509 - INFO - Moving robot to home position
2026-03-15 09:38:49,509 - INFO - Moving wellplate 0 to Cytation
2026-03-15 09:38:49,509 - DEBUG - Using robot plate type '96 WELL PLATE' -> Cytation plate type '96 WELL PLATE' for CarrierIn
2026-03-15 09:38:49,509 - DEBUG - Updated gripper location to: cytation_safe_area at position {'x': 47775, 'z': 0}
2026-03-15 09:38:49,509 - INFO - Grabbing wellplate from location: pipetting_area
2026-03-15 09:38:49,509 - DEBUG - No waypoint locations provided, skipping path movement
2026-03-15 09:38:49,509 - DEBUG - Opening gripper
2026-03-15 09:38:49,509 - DEBUG - Closing gripper
2026-03-15 09:38:49,509 - DEBUG - Updated gripper location to: pipetting_area at position {'x': 131825, 'z': 75000}
2026-03-15 09:38:49,509 - DEBUG - Updated gripper location to: cytation_safe_area at position {'x': 47775, 'z': 75000}
2026-03-15 09:38:49,509 - INFO - Releasing wellplate at location: cytation_tray
2026-03-15 09:38:49,509 - DEBUG - No waypoint locations provided, skipping path movement
2026-03-15 09:38:49,509 - DEBUG - Opening gripper
2026-03-15 09:38:49,509 - DEBUG - Updated gripper location to: cytation_tray at position {'x': 68400, 'z': 0}
2026-03-15 09:38:49,509 - INFO - Moving wellplate 0 back from Cytation
2026-03-15 09:38:49,509 - DEBUG - Using robot plate type '96 WELL PLATE' -> Cytation plate type '96 WELL PLATE' for CarrierIn
2026-03-15 09:38:49,509 - INFO - Grabbing wellplate from location: cytation_tray
2026-03-15 09:38:49,509 - DEBUG - No waypoint locations provided, skipping path movement
2026-03-15 09:38:49,509 - DEBUG - Opening gripper
2026-03-15 09:38:49,509 - DEBUG - Closing gripper
2026-03-15 09:38:49,510 - DEBUG - Updated gripper location to: cytation_tray at position {'x': 68400, 'z': 0}
2026-03-15 09:38:49,510 - DEBUG - Updated gripper location to: cytation_safe_area at position {'x': 47775, 'z': 0}
2026-03-15 09:38:49,510 - INFO - Releasing wellplate at location: pipetting_area
2026-03-15 09:38:49,510 - DEBUG - No waypoint locations provided, skipping path movement
2026-03-15 09:38:49,510 - DEBUG - Opening gripper
2026-03-15 09:38:49,510 - DEBUG - Updated gripper location to: pipetting_area at position {'x': 131825, 'z': 75000}
2026-03-15 09:38:49,510 - DEBUG - Moving North Track to home position
2026-03-15 09:38:49,510 - DEBUG - Detected origin position (0,0) - setting location to 'origin'
2026-03-15 09:38:49,510 - DEBUG - Updated gripper location to: origin at position {'x': 0, 'z': 0}
2026-03-15 09:38:49,510 - DEBUG - Calculating well plate stack height for num: 5, wp_type: 96 WELL PLATE, stack: waste_stack, operation: release
2026-03-15 09:38:49,510 - INFO - Discarding wellplate as the 5th WP in waste stack at height: 57400
2026-03-15 09:38:49,510 - DEBUG - Closing gripper
2026-03-15 09:38:49,510 - INFO - Grabbing wellplate from location: pipetting_area
2026-03-15 09:38:49,510 - DEBUG - Updated gripper location to: transfer_stack at position {'x': 28275, 'z': 0}
2026-03-15 09:38:49,510 - DEBUG - Opening gripper
2026-03-15 09:38:49,510 - DEBUG - Closing gripper
2026-03-15 09:38:49,510 - DEBUG - Updated gripper location to: pipetting_area at position {'x': 131825, 'z': 75000}
2026-03-15 09:38:49,510 - INFO - Releasing wellplate at location: waste_stack
2026-03-15 09:38:49,511 - DEBUG - Updated gripper location to: transfer_stack at position {'x': 28275, 'z': 75000}
2026-03-15 09:38:49,511 - DEBUG - Opening gripper
2026-03-15 09:38:49,511 - DEBUG - Updated gripper location to: waste_stack at position {'x': 14775, 'z': 0}
2026-03-15 09:38:49,511 - DEBUG - Moving North Track to home position
2026-03-15 09:38:49,511 - DEBUG - Detected origin position (0,0) - setting location to 'origin'
2026-03-15 09:38:49,511 - DEBUG - Updated gripper location to: origin at position {'x': 0, 'z': 0}
2026-03-15 09:38:49,511 - INFO - Getting new wellplate from source stack
2026-03-15 09:38:49,511 - DEBUG - Calculating well plate stack height for num: 0, wp_type: 96 WELL PLATE, stack: source_stack, operation: grab
2026-03-15 09:38:49,511 - ERROR - Wellplate stack is empty
2026-03-15 09:38:49,511 - WARNING - SIMULATION MODE: Would pause for error: Wellplate stack is empty
2026-03-15 09:38:49,514 - DEBUG - Using calibrated aspirate_speed=15 for water at 0.150mL
2026-03-15 09:38:49,514 - DEBUG - Using calibrated dispense_speed=10 for water at 0.150mL
2026-03-15 09:38:49,514 - DEBUG - Using calibrated aspirate_wait_time=0.5 for water at 0.150mL
2026-03-15 09:38:49,514 - DEBUG - Using calibrated dispense_wait_time=1.5 for water at 0.150mL
2026-03-15 09:38:49,514 - DEBUG - Using calibrated retract_speed=5 for water at 0.150mL
2026-03-15 09:38:49,514 - DEBUG - Using calibrated blowout_vol=0.0 for water at 0.150mL
2026-03-15 09:38:49,514 - DEBUG - Using calibrated post_asp_air_vol=0.0 for water at 0.150mL
2026-03-15 09:38:49,514 - DEBUG - Using calibrated overaspirate_vol=0.005139916499999997 for water at 0.150mL
2026-03-15 09:38:49,514 - DEBUG - Using calibrated pre_asp_air_vol=0.112 for water at 0.150mL
2026-03-15 09:38:49,514 - DEBUG - Selected small_tip for volume 0.155 mL
2026-03-15 09:38:49,515 - INFO - Pipetting from vial water_dye, amount: 0.150 mL
2026-03-15 09:38:49,515 - INFO - Additional volume from calibration, amount: 0.005 mL
2026-03-15 09:38:49,516 - DEBUG - Adjusting pump 0 speed to 10
2026-03-15 09:38:49,516 - DEBUG - Aspirating 0.112 mL then waiting 0 s
2026-03-15 09:38:49,516 - DEBUG - Adjusting pump 0 speed to 15
2026-03-15 09:38:49,516 - DEBUG - Aspirating 0.155 mL then waiting 0.5 s
2026-03-15 09:38:49,518 - DEBUG - Using calibrated aspirate_speed=15 for water at 0.150mL
2026-03-15 09:38:49,518 - DEBUG - Using calibrated dispense_speed=10 for water at 0.150mL
2026-03-15 09:38:49,518 - DEBUG - Using calibrated aspirate_wait_time=0.5 for water at 0.150mL
2026-03-15 09:38:49,518 - DEBUG - Using calibrated dispense_wait_time=1.5 for water at 0.150mL
2026-03-15 09:38:49,518 - DEBUG - Using calibrated retract_speed=5 for water at 0.150mL
2026-03-15 09:38:49,518 - DEBUG - Using calibrated blowout_vol=0.0 for water at 0.150mL
2026-03-15 09:38:49,518 - DEBUG - Using calibrated post_asp_air_vol=0.0 for water at 0.150mL
2026-03-15 09:38:49,518 - DEBUG - Using calibrated overaspirate_vol=0.005139916499999997 for water at 0.150mL
2026-03-15 09:38:49,518 - DEBUG - Using calibrated pre_asp_air_vol=0.112 for water at 0.150mL
2026-03-15 09:38:49,518 - INFO - Pipetting into vial water_dye, amount: 0.150 mL
2026-03-15 09:38:49,519 - DEBUG - Adjusting pump 0 speed to 10
2026-03-15 09:38:49,519 - DEBUG - Dispensing 0.267 mL then waiting 1.5 s
2026-03-15 09:38:49,522 - DEBUG - Using calibrated aspirate_speed=15 for water at 0.150mL
2026-03-15 09:38:49,522 - DEBUG - Using calibrated dispense_speed=10 for water at 0.150mL
2026-03-15 09:38:49,522 - DEBUG - Using calibrated aspirate_wait_time=0.5 for water at 0.150mL
2026-03-15 09:38:49,522 - DEBUG - Using calibrated dispense_wait_time=1.5 for water at 0.150mL
2026-03-15 09:38:49,522 - DEBUG - Using calibrated retract_speed=5 for water at 0.150mL
2026-03-15 09:38:49,522 - DEBUG - Using calibrated blowout_vol=0.0 for water at 0.150mL
2026-03-15 09:38:49,522 - DEBUG - Using calibrated post_asp_air_vol=0.0 for water at 0.150mL
2026-03-15 09:38:49,522 - DEBUG - Using calibrated overaspirate_vol=0.005139916499999997 for water at 0.150mL
2026-03-15 09:38:49,522 - DEBUG - Using calibrated pre_asp_air_vol=0.112 for water at 0.150mL
2026-03-15 09:38:49,523 - DEBUG - Selected small_tip for volume 0.155 mL
2026-03-15 09:38:49,524 - INFO - Pipetting from vial water, amount: 0.150 mL
2026-03-15 09:38:49,524 - INFO - Additional volume from calibration, amount: 0.005 mL
2026-03-15 09:38:49,525 - DEBUG - Adjusting pump 0 speed to 10
2026-03-15 09:38:49,525 - DEBUG - Aspirating 0.112 mL then waiting 0 s
2026-03-15 09:38:49,525 - DEBUG - Adjusting pump 0 speed to 15
2026-03-15 09:38:49,525 - DEBUG - Aspirating 0.155 mL then waiting 0.5 s
2026-03-15 09:38:49,526 - DEBUG - Using calibrated aspirate_speed=15 for water at 0.150mL
2026-03-15 09:38:49,527 - DEBUG - Using calibrated dispense_speed=10 for water at 0.150mL
2026-03-15 09:38:49,527 - DEBUG - Using calibrated aspirate_wait_time=0.5 for water at 0.150mL
2026-03-15 09:38:49,527 - DEBUG - Using calibrated dispense_wait_time=1.5 for water at 0.150mL
2026-03-15 09:38:49,527 - DEBUG - Using calibrated retract_speed=5 for water at 0.150mL
2026-03-15 09:38:49,527 - DEBUG - Using calibrated blowout_vol=0.0 for water at 0.150mL
2026-03-15 09:38:49,527 - DEBUG - Using calibrated post_asp_air_vol=0.0 for water at 0.150mL
2026-03-15 09:38:49,527 - DEBUG - Using calibrated overaspirate_vol=0.005139916499999997 for water at 0.150mL
2026-03-15 09:38:49,527 - DEBUG - Using calibrated pre_asp_air_vol=0.112 for water at 0.150mL
2026-03-15 09:38:49,527 - INFO - Pipetting into vial water, amount: 0.150 mL
2026-03-15 09:38:49,528 - DEBUG - Adjusting pump 0 speed to 10
2026-03-15 09:38:49,528 - DEBUG - Dispensing 0.267 mL then waiting 1.5 s
2026-03-15 09:38:49,534 - DEBUG - Using calibrated aspirate_speed=12 for ethanol at 0.150mL
2026-03-15 09:38:49,534 - DEBUG - Using calibrated dispense_speed=13 for ethanol at 0.150mL
2026-03-15 09:38:49,534 - DEBUG - Using calibrated aspirate_wait_time=0.0 for ethanol at 0.150mL
2026-03-15 09:38:49,534 - DEBUG - Using calibrated dispense_wait_time=1.5 for ethanol at 0.150mL
2026-03-15 09:38:49,534 - DEBUG - Using calibrated retract_speed=15 for ethanol at 0.150mL
2026-03-15 09:38:49,534 - DEBUG - Using calibrated blowout_vol=0.105694662 for ethanol at 0.150mL
2026-03-15 09:38:49,534 - DEBUG - Using calibrated post_asp_air_vol=0.024339267 for ethanol at 0.150mL
2026-03-15 09:38:49,534 - DEBUG - Using calibrated overaspirate_vol=0.002422556599999998 for ethanol at 0.150mL
2026-03-15 09:38:49,535 - DEBUG - Selected small_tip for volume 0.177 mL
2026-03-15 09:38:49,535 - INFO - Pipetting from vial ethanol_dye, amount: 0.150 mL
2026-03-15 09:38:49,536 - INFO - Additional volume from calibration, amount: 0.002 mL
2026-03-15 09:38:49,537 - DEBUG - Adjusting pump 0 speed to 10
2026-03-15 09:38:49,537 - DEBUG - Adjusting pump 0 speed to 12
2026-03-15 09:38:49,537 - DEBUG - Aspirating 0.152 mL then waiting 0.0 s
2026-03-15 09:38:49,537 - DEBUG - Aspirating 0.024 mL then waiting 0 s
2026-03-15 09:38:49,538 - DEBUG - Using calibrated aspirate_speed=12 for ethanol at 0.150mL
2026-03-15 09:38:49,538 - DEBUG - Using calibrated dispense_speed=13 for ethanol at 0.150mL
2026-03-15 09:38:49,538 - DEBUG - Using calibrated aspirate_wait_time=0.0 for ethanol at 0.150mL
2026-03-15 09:38:49,538 - DEBUG - Using calibrated dispense_wait_time=1.5 for ethanol at 0.150mL
2026-03-15 09:38:49,538 - DEBUG - Using calibrated retract_speed=15 for ethanol at 0.150mL
2026-03-15 09:38:49,538 - DEBUG - Using calibrated blowout_vol=0.105694662 for ethanol at 0.150mL
2026-03-15 09:38:49,538 - DEBUG - Using calibrated post_asp_air_vol=0.024339267 for ethanol at 0.150mL
2026-03-15 09:38:49,538 - DEBUG - Using calibrated overaspirate_vol=0.002422556599999998 for ethanol at 0.150mL
2026-03-15 09:38:49,539 - INFO - Pipetting into vial ethanol_dye, amount: 0.150 mL
2026-03-15 09:38:49,539 - DEBUG - Adjusting pump 0 speed to 13
2026-03-15 09:38:49,540 - DEBUG - Dispensing 0.177 mL then waiting 1.5 s
2026-03-15 09:38:49,540 - DEBUG - Blowing out 0.106 mL
2026-03-15 09:38:49,544 - DEBUG - Using calibrated aspirate_speed=12 for ethanol at 0.250mL
2026-03-15 09:38:49,544 - DEBUG - Using calibrated dispense_speed=13 for ethanol at 0.250mL
2026-03-15 09:38:49,544 - DEBUG - Using calibrated aspirate_wait_time=0.0 for ethanol at 0.250mL
2026-03-15 09:38:49,544 - DEBUG - Using calibrated dispense_wait_time=1.5 for ethanol at 0.250mL
2026-03-15 09:38:49,544 - DEBUG - Using calibrated retract_speed=15 for ethanol at 0.250mL
2026-03-15 09:38:49,544 - DEBUG - Using calibrated blowout_vol=0.105694662 for ethanol at 0.250mL
2026-03-15 09:38:49,544 - DEBUG - Using calibrated post_asp_air_vol=0.024339267 for ethanol at 0.250mL
2026-03-15 09:38:49,544 - DEBUG - Using calibrated overaspirate_vol=0.002422556599999998 for ethanol at 0.250mL
2026-03-15 09:38:49,544 - DEBUG - Selected large_tip for volume 0.277 mL
2026-03-15 09:38:49,545 - INFO - Switching from small_tip to large_tip
2026-03-15 09:38:49,545 - INFO - Removing pipet
2026-03-15 09:38:49,545 - INFO - Getting large_tip (pipet number 2) from rack: large_tip_rack_1
2026-03-15 09:38:49,546 - INFO - Pipetting from vial ethanol, amount: 0.250 mL
2026-03-15 09:38:49,546 - INFO - Additional volume from calibration, amount: 0.002 mL
2026-03-15 09:38:49,546 - DEBUG - Adjusting pump 0 speed to 10
2026-03-15 09:38:49,546 - DEBUG - Adjusting pump 0 speed to 12
2026-03-15 09:38:49,546 - DEBUG - Aspirating 0.252 mL then waiting 0.0 s
2026-03-15 09:38:49,546 - DEBUG - Aspirating 0.024 mL then waiting 0 s
2026-03-15 09:38:49,548 - DEBUG - Using calibrated aspirate_speed=12 for ethanol at 0.250mL
2026-03-15 09:38:49,548 - DEBUG - Using calibrated dispense_speed=13 for ethanol at 0.250mL
2026-03-15 09:38:49,548 - DEBUG - Using calibrated aspirate_wait_time=0.0 for ethanol at 0.250mL
2026-03-15 09:38:49,548 - DEBUG - Using calibrated dispense_wait_time=1.5 for ethanol at 0.250mL
2026-03-15 09:38:49,548 - DEBUG - Using calibrated retract_speed=15 for ethanol at 0.250mL
2026-03-15 09:38:49,548 - DEBUG - Using calibrated blowout_vol=0.105694662 for ethanol at 0.250mL
2026-03-15 09:38:49,548 - DEBUG - Using calibrated post_asp_air_vol=0.024339267 for ethanol at 0.250mL
2026-03-15 09:38:49,549 - DEBUG - Using calibrated overaspirate_vol=0.002422556599999998 for ethanol at 0.250mL
2026-03-15 09:38:49,549 - INFO - Pipetting into vial ethanol, amount: 0.250 mL
2026-03-15 09:38:49,550 - DEBUG - Adjusting pump 0 speed to 13
2026-03-15 09:38:49,550 - DEBUG - Dispensing 0.277 mL then waiting 1.5 s
2026-03-15 09:38:49,550 - DEBUG - Blowing out 0.106 mL
2026-03-15 09:38:49,552 - DEBUG - Using calibrated aspirate_speed=12 for ethanol at 0.200mL
2026-03-15 09:38:49,552 - DEBUG - Using calibrated dispense_speed=13 for ethanol at 0.200mL
2026-03-15 09:38:49,552 - DEBUG - Using calibrated aspirate_wait_time=0.0 for ethanol at 0.200mL
2026-03-15 09:38:49,552 - DEBUG - Using calibrated dispense_wait_time=1.5 for ethanol at 0.200mL
2026-03-15 09:38:49,552 - DEBUG - Using calibrated retract_speed=15 for ethanol at 0.200mL
2026-03-15 09:38:49,553 - DEBUG - Using calibrated blowout_vol=0.105694662 for ethanol at 0.200mL
2026-03-15 09:38:49,553 - DEBUG - Using calibrated post_asp_air_vol=0.024339267 for ethanol at 0.200mL
2026-03-15 09:38:49,553 - DEBUG - Using calibrated overaspirate_vol=0.002422556599999998 for ethanol at 0.200mL
2026-03-15 09:38:49,553 - DEBUG - Selected large_tip for volume 0.227 mL
2026-03-15 09:38:49,554 - INFO - Pipetting from vial ethanol, amount: 0.200 mL
2026-03-15 09:38:49,554 - INFO - Additional volume from calibration, amount: 0.002 mL
2026-03-15 09:38:49,554 - DEBUG - Adjusting pump 0 speed to 10
2026-03-15 09:38:49,554 - DEBUG - Adjusting pump 0 speed to 12
2026-03-15 09:38:49,554 - DEBUG - Aspirating 0.202 mL then waiting 0.0 s
2026-03-15 09:38:49,554 - DEBUG - Aspirating 0.024 mL then waiting 0 s
2026-03-15 09:38:49,556 - DEBUG - Using calibrated aspirate_speed=12 for ethanol at 0.200mL
2026-03-15 09:38:49,556 - DEBUG - Using calibrated dispense_speed=13 for ethanol at 0.200mL
2026-03-15 09:38:49,556 - DEBUG - Using calibrated aspirate_wait_time=0.0 for ethanol at 0.200mL
2026-03-15 09:38:49,556 - DEBUG - Using calibrated dispense_wait_time=1.5 for ethanol at 0.200mL
2026-03-15 09:38:49,556 - DEBUG - Using calibrated retract_speed=15 for ethanol at 0.200mL
2026-03-15 09:38:49,556 - DEBUG - Using calibrated blowout_vol=0.105694662 for ethanol at 0.200mL
2026-03-15 09:38:49,556 - DEBUG - Using calibrated post_asp_air_vol=0.024339267 for ethanol at 0.200mL
2026-03-15 09:38:49,556 - DEBUG - Using calibrated overaspirate_vol=0.002422556599999998 for ethanol at 0.200mL
2026-03-15 09:38:49,556 - DEBUG - Adjusting pump 0 speed to 13
2026-03-15 09:38:49,556 - INFO - Transferring 0.200 mL into well #43 of 96 WELL PLATE
2026-03-15 09:38:49,556 - DEBUG - Dispensing 0.227 mL then waiting 1.5 s
2026-03-15 09:38:49,556 - DEBUG - Blowing out 0.106 mL
2026-03-15 09:38:49,559 - DEBUG - Using calibrated aspirate_speed=12 for ethanol at 0.150mL
2026-03-15 09:38:49,559 - DEBUG - Using calibrated dispense_speed=13 for ethanol at 0.150mL
2026-03-15 09:38:49,559 - DEBUG - Using calibrated aspirate_wait_time=0.0 for ethanol at 0.150mL
2026-03-15 09:38:49,559 - DEBUG - Using calibrated dispense_wait_time=1.5 for ethanol at 0.150mL
2026-03-15 09:38:49,559 - DEBUG - Using calibrated retract_speed=15 for ethanol at 0.150mL
2026-03-15 09:38:49,559 - DEBUG - Using calibrated blowout_vol=0.105694662 for ethanol at 0.150mL
2026-03-15 09:38:49,559 - DEBUG - Using calibrated post_asp_air_vol=0.024339267 for ethanol at 0.150mL
2026-03-15 09:38:49,559 - DEBUG - Using calibrated overaspirate_vol=0.002422556599999998 for ethanol at 0.150mL
2026-03-15 09:38:49,559 - DEBUG - Selected small_tip for volume 0.177 mL
2026-03-15 09:38:49,559 - INFO - Switching from large_tip to small_tip
2026-03-15 09:38:49,560 - INFO - Removing pipet
2026-03-15 09:38:49,560 - INFO - Getting small_tip (pipet number 3) from rack: small_tip_rack_1
2026-03-15 09:38:49,560 - INFO - Pipetting from vial ethanol, amount: 0.150 mL
2026-03-15 09:38:49,560 - INFO - Additional volume from calibration, amount: 0.002 mL
2026-03-15 09:38:49,561 - DEBUG - Adjusting pump 0 speed to 10
2026-03-15 09:38:49,561 - DEBUG - Adjusting pump 0 speed to 12
2026-03-15 09:38:49,561 - DEBUG - Aspirating 0.152 mL then waiting 0.0 s
2026-03-15 09:38:49,561 - DEBUG - Aspirating 0.024 mL then waiting 0 s
2026-03-15 09:38:49,563 - DEBUG - Using calibrated aspirate_speed=12 for ethanol at 0.150mL
2026-03-15 09:38:49,563 - DEBUG - Using calibrated dispense_speed=13 for ethanol at 0.150mL
2026-03-15 09:38:49,563 - DEBUG - Using calibrated aspirate_wait_time=0.0 for ethanol at 0.150mL
2026-03-15 09:38:49,563 - DEBUG - Using calibrated dispense_wait_time=1.5 for ethanol at 0.150mL
2026-03-15 09:38:49,563 - DEBUG - Using calibrated retract_speed=15 for ethanol at 0.150mL
2026-03-15 09:38:49,563 - DEBUG - Using calibrated blowout_vol=0.105694662 for ethanol at 0.150mL
2026-03-15 09:38:49,563 - DEBUG - Using calibrated post_asp_air_vol=0.024339267 for ethanol at 0.150mL
2026-03-15 09:38:49,563 - DEBUG - Using calibrated overaspirate_vol=0.002422556599999998 for ethanol at 0.150mL
2026-03-15 09:38:49,563 - DEBUG - Adjusting pump 0 speed to 13
2026-03-15 09:38:49,563 - INFO - Transferring 0.150 mL into well #42 of 96 WELL PLATE
2026-03-15 09:38:49,563 - DEBUG - Dispensing 0.177 mL then waiting 1.5 s
2026-03-15 09:38:49,563 - DEBUG - Blowing out 0.106 mL
2026-03-15 09:38:49,565 - DEBUG - Using calibrated aspirate_speed=12 for ethanol at 0.100mL
2026-03-15 09:38:49,565 - DEBUG - Using calibrated dispense_speed=13 for ethanol at 0.100mL
2026-03-15 09:38:49,565 - DEBUG - Using calibrated aspirate_wait_time=0.0 for ethanol at 0.100mL
2026-03-15 09:38:49,565 - DEBUG - Using calibrated dispense_wait_time=1.5 for ethanol at 0.100mL
2026-03-15 09:38:49,565 - DEBUG - Using calibrated retract_speed=15 for ethanol at 0.100mL
2026-03-15 09:38:49,565 - DEBUG - Using calibrated blowout_vol=0.105694662 for ethanol at 0.100mL
2026-03-15 09:38:49,565 - DEBUG - Using calibrated post_asp_air_vol=0.024339267 for ethanol at 0.100mL
2026-03-15 09:38:49,565 - DEBUG - Using calibrated overaspirate_vol=0.002422556599999998 for ethanol at 0.100mL
2026-03-15 09:38:49,566 - DEBUG - Selected small_tip for volume 0.127 mL
2026-03-15 09:38:49,566 - INFO - Pipetting from vial ethanol, amount: 0.100 mL
2026-03-15 09:38:49,566 - INFO - Additional volume from calibration, amount: 0.002 mL
2026-03-15 09:38:49,567 - DEBUG - Adjusting pump 0 speed to 10
2026-03-15 09:38:49,567 - DEBUG - Adjusting pump 0 speed to 12
2026-03-15 09:38:49,567 - DEBUG - Aspirating 0.102 mL then waiting 0.0 s
2026-03-15 09:38:49,567 - DEBUG - Aspirating 0.024 mL then waiting 0 s
2026-03-15 09:38:49,569 - DEBUG - Using calibrated aspirate_speed=12 for ethanol at 0.100mL
2026-03-15 09:38:49,569 - DEBUG - Using calibrated dispense_speed=13 for ethanol at 0.100mL
2026-03-15 09:38:49,569 - DEBUG - Using calibrated aspirate_wait_time=0.0 for ethanol at 0.100mL
2026-03-15 09:38:49,569 - DEBUG - Using calibrated dispense_wait_time=1.5 for ethanol at 0.100mL
2026-03-15 09:38:49,569 - DEBUG - Using calibrated retract_speed=15 for ethanol at 0.100mL
2026-03-15 09:38:49,569 - DEBUG - Using calibrated blowout_vol=0.105694662 for ethanol at 0.100mL
2026-03-15 09:38:49,569 - DEBUG - Using calibrated post_asp_air_vol=0.024339267 for ethanol at 0.100mL
2026-03-15 09:38:49,569 - DEBUG - Using calibrated overaspirate_vol=0.002422556599999998 for ethanol at 0.100mL
2026-03-15 09:38:49,569 - DEBUG - Adjusting pump 0 speed to 13
2026-03-15 09:38:49,569 - INFO - Transferring 0.100 mL into well #41 of 96 WELL PLATE
2026-03-15 09:38:49,569 - DEBUG - Dispensing 0.127 mL then waiting 1.5 s
2026-03-15 09:38:49,570 - DEBUG - Blowing out 0.106 mL
2026-03-15 09:38:49,571 - DEBUG - Using calibrated aspirate_speed=12 for ethanol at 0.050mL
2026-03-15 09:38:49,571 - DEBUG - Using calibrated dispense_speed=13 for ethanol at 0.050mL
2026-03-15 09:38:49,571 - DEBUG - Using calibrated aspirate_wait_time=0.0 for ethanol at 0.050mL
2026-03-15 09:38:49,571 - DEBUG - Using calibrated dispense_wait_time=1.5 for ethanol at 0.050mL
2026-03-15 09:38:49,571 - DEBUG - Using calibrated retract_speed=15 for ethanol at 0.050mL
2026-03-15 09:38:49,571 - DEBUG - Using calibrated blowout_vol=0.105694662 for ethanol at 0.050mL
2026-03-15 09:38:49,571 - DEBUG - Using calibrated post_asp_air_vol=0.024339267 for ethanol at 0.050mL
2026-03-15 09:38:49,571 - DEBUG - Using calibrated overaspirate_vol=0.0033308795099999977 for ethanol at 0.050mL
2026-03-15 09:38:49,572 - DEBUG - Selected small_tip for volume 0.078 mL
2026-03-15 09:38:49,572 - INFO - Pipetting from vial ethanol, amount: 0.050 mL
2026-03-15 09:38:49,572 - INFO - Additional volume from calibration, amount: 0.003 mL
2026-03-15 09:38:49,573 - DEBUG - Adjusting pump 0 speed to 10
2026-03-15 09:38:49,573 - DEBUG - Adjusting pump 0 speed to 12
2026-03-15 09:38:49,573 - DEBUG - Aspirating 0.053 mL then waiting 0.0 s
2026-03-15 09:38:49,573 - DEBUG - Aspirating 0.024 mL then waiting 0 s
2026-03-15 09:38:49,575 - DEBUG - Using calibrated aspirate_speed=12 for ethanol at 0.050mL
2026-03-15 09:38:49,575 - DEBUG - Using calibrated dispense_speed=13 for ethanol at 0.050mL
2026-03-15 09:38:49,575 - DEBUG - Using calibrated aspirate_wait_time=0.0 for ethanol at 0.050mL
2026-03-15 09:38:49,575 - DEBUG - Using calibrated dispense_wait_time=1.5 for ethanol at 0.050mL
2026-03-15 09:38:49,576 - DEBUG - Using calibrated retract_speed=15 for ethanol at 0.050mL
2026-03-15 09:38:49,576 - DEBUG - Using calibrated blowout_vol=0.105694662 for ethanol at 0.050mL
2026-03-15 09:38:49,576 - DEBUG - Using calibrated post_asp_air_vol=0.024339267 for ethanol at 0.050mL
2026-03-15 09:38:49,576 - DEBUG - Using calibrated overaspirate_vol=0.0033308795099999977 for ethanol at 0.050mL
2026-03-15 09:38:49,576 - DEBUG - Adjusting pump 0 speed to 13
2026-03-15 09:38:49,576 - INFO - Transferring 0.050 mL into well #40 of 96 WELL PLATE
2026-03-15 09:38:49,576 - DEBUG - Dispensing 0.078 mL then waiting 1.5 s
2026-03-15 09:38:49,576 - DEBUG - Blowing out 0.106 mL
2026-03-15 09:38:49,576 - INFO - Measuring wellplate 0 with protocols: C:\Protocols\Ilya_Measurement.prt
2026-03-15 09:38:49,576 - DEBUG - Using robot plate type '96 WELL PLATE' -> Cytation plate type '96 WELL PLATE'
2026-03-15 09:38:49,576 - INFO - Moving robot to home position
2026-03-15 09:38:49,576 - INFO - Moving wellplate 0 to Cytation
2026-03-15 09:38:49,577 - DEBUG - Using robot plate type '96 WELL PLATE' -> Cytation plate type '96 WELL PLATE' for CarrierIn
2026-03-15 09:38:49,577 - DEBUG - Updated gripper location to: cytation_safe_area at position {'x': 47775, 'z': 0}
2026-03-15 09:38:49,577 - INFO - Grabbing wellplate from location: pipetting_area
2026-03-15 09:38:49,577 - DEBUG - No waypoint locations provided, skipping path movement
2026-03-15 09:38:49,577 - DEBUG - Opening gripper
2026-03-15 09:38:49,577 - DEBUG - Closing gripper
2026-03-15 09:38:49,577 - DEBUG - Updated gripper location to: pipetting_area at position {'x': 131825, 'z': 75000}
2026-03-15 09:38:49,577 - DEBUG - Updated gripper location to: cytation_safe_area at position {'x': 47775, 'z': 75000}
2026-03-15 09:38:49,577 - INFO - Releasing wellplate at location: cytation_tray
2026-03-15 09:38:49,577 - DEBUG - No waypoint locations provided, skipping path movement
2026-03-15 09:38:49,577 - DEBUG - Opening gripper
2026-03-15 09:38:49,577 - DEBUG - Updated gripper location to: cytation_tray at position {'x': 68400, 'z': 0}
2026-03-15 09:38:49,577 - INFO - Moving wellplate 0 back from Cytation
2026-03-15 09:38:49,577 - DEBUG - Using robot plate type '96 WELL PLATE' -> Cytation plate type '96 WELL PLATE' for CarrierIn
2026-03-15 09:38:49,577 - INFO - Grabbing wellplate from location: cytation_tray
2026-03-15 09:38:49,577 - DEBUG - No waypoint locations provided, skipping path movement
2026-03-15 09:38:49,577 - DEBUG - Opening gripper
2026-03-15 09:38:49,577 - DEBUG - Closing gripper
2026-03-15 09:38:49,577 - DEBUG - Updated gripper location to: cytation_tray at position {'x': 68400, 'z': 0}
2026-03-15 09:38:49,577 - DEBUG - Updated gripper location to: cytation_safe_area at position {'x': 47775, 'z': 0}
2026-03-15 09:38:49,577 - INFO - Releasing wellplate at location: pipetting_area
2026-03-15 09:38:49,577 - DEBUG - No waypoint locations provided, skipping path movement
2026-03-15 09:38:49,577 - DEBUG - Opening gripper
2026-03-15 09:38:49,577 - DEBUG - Updated gripper location to: pipetting_area at position {'x': 131825, 'z': 75000}
2026-03-15 09:38:49,578 - DEBUG - Moving North Track to home position
2026-03-15 09:38:49,578 - DEBUG - Detected origin position (0,0) - setting location to 'origin'
2026-03-15 09:38:49,578 - DEBUG - Updated gripper location to: origin at position {'x': 0, 'z': 0}
