2026-02-12 20:43:59,579 - INFO - Initializing North Robot...
2026-02-12 20:43:59,579 - DEBUG - Loading robot configuration files...
2026-02-12 20:43:59,588 - DEBUG - Loaded vial positions configuration from robot_state/vial_positions.yaml
2026-02-12 20:43:59,590 - DEBUG - Loaded pipet tips configuration from robot_state/pipet_tips.yaml
2026-02-12 20:43:59,594 - DEBUG - Loaded pipet racks configuration from robot_state/pipet_racks.yaml
2026-02-12 20:43:59,597 - DEBUG - Loaded pump configuration from robot_state/syringe_pumps.yaml
2026-02-12 20:43:59,600 - DEBUG - Loaded robot hardware configuration from robot_state/robot_hardware.yaml
2026-02-12 20:43:59,603 - DEBUG - Loaded wellplate properties configuration from robot_state/wellplates.yaml
2026-02-12 20:43:59,604 - DEBUG - Loading robot state files...
2026-02-12 20:43:59,607 - DEBUG - Loaded vial data from ../utoronto_demo/status/surfactant_grid_vials_expanded.csv
2026-02-12 20:43:59,608 - DEBUG - Loaded robot status from robot_state/robot_status.yaml
2026-02-12 20:43:59,611 - DEBUG - Loaded wellplate positions from robot_state/wellplates.yaml
2026-02-12 20:43:59,611 - DEBUG - Robot status loaded successfully
2026-02-12 20:43:59,611 - INFO - Physical initialization of North Robot...
2026-02-12 20:44:03,147 - DEBUG - Loading pumps from YAML configuration...
2026-02-12 20:44:03,250 - DEBUG - Loaded pump 0: volume=1.0mL, speed=11, liquid=None
2026-02-12 20:44:03,360 - DEBUG - Loaded pump 1: volume=2.5mL, speed=15, liquid=water
2026-02-12 20:44:03,360 - INFO - Moving robot to home position
2026-02-12 20:44:03,768 - DEBUG - Initializing centrifuge controller...
2026-02-12 20:44:09,784 - DEBUG - Current reader status: 0
2026-02-12 20:44:09,784 - INFO - Cytation5 is connected and ready
2026-02-12 20:44:09,785 - INFO - Initializing North Track...
2026-02-12 20:44:09,785 - DEBUG - Loading track status from file: robot_state/track_status.yaml
2026-02-12 20:44:09,785 - DEBUG - Getting track status from file: robot_state/track_status.yaml
2026-02-12 20:44:09,786 - DEBUG - Loaded track status from robot_state/track_status.yaml
2026-02-12 20:44:09,786 - DEBUG - Loading track positions from: robot_state/track_positions.yaml
2026-02-12 20:44:09,790 - DEBUG - Loaded track positions configuration from robot_state/track_positions.yaml
2026-02-12 20:44:09,790 - DEBUG - Loading robot hardware configuration from: robot_state/robot_hardware.yaml
2026-02-12 20:44:09,790 - DEBUG - Loaded robot hardware configuration from robot_state/robot_hardware.yaml
2026-02-12 20:44:09,790 - DEBUG - Loaded wellplate properties configuration from robot_state/wellplates.yaml
2026-02-12 20:44:09,870 - DEBUG - Moving North Track to home position
2026-02-12 20:44:09,873 - INFO -     vial_index        vial_name       location  location_index  vial_volume  capped cap_type vial_type  home_location  home_location_index
0            0        SDS_stock  main_8mL_rack               0          8.0    True     open      8_mL  main_8mL_rack                    0
1            1       TTAB_stock  main_8mL_rack               1          8.0    True     open      8_mL  main_8mL_rack                    1
2            2      pyrene_DMSO  main_8mL_rack               2          4.0    True     open      8_mL  main_8mL_rack                    2
3            3            water  main_8mL_rack               3          0.0    True     open      8_mL  main_8mL_rack                    3
4            4          water_2  main_8mL_rack               4          0.0    True     open      8_mL  main_8mL_rack                    4
5            5            HEPES  main_8mL_rack               5          0.0    True     open      8_mL  main_8mL_rack                    5
6            6   SDS_dilution_0  main_8mL_rack               6          0.0    True     open      8_mL  main_8mL_rack                    6
7            7   SDS_dilution_1  main_8mL_rack               7          0.0    True     open      8_mL  main_8mL_rack                    7
8            8   SDS_dilution_2  main_8mL_rack               8          0.0    True     open      8_mL  main_8mL_rack                    8
9            9   SDS_dilution_3  main_8mL_rack               9          0.0    True     open      8_mL  main_8mL_rack                    9
10          10   SDS_dilution_4  main_8mL_rack              10          0.0    True     open      8_mL  main_8mL_rack                   10
11          11   SDS_dilution_5  main_8mL_rack              11          0.0    True     open      8_mL  main_8mL_rack                   11
12          12  TTAB_dilution_0  main_8mL_rack              12          0.0    True     open      8_mL  main_8mL_rack                   12
13          13  TTAB_dilution_1  main_8mL_rack              13          0.0    True     open      8_mL  main_8mL_rack                   13
14          14  TTAB_dilution_2  main_8mL_rack              14          0.0    True     open      8_mL  main_8mL_rack                   14
15          15  TTAB_dilution_3  main_8mL_rack              15          0.0    True     open      8_mL  main_8mL_rack                   15
16          16  TTAB_dilution_4  main_8mL_rack              16          0.0    True     open      8_mL  main_8mL_rack                   16
17          17  TTAB_dilution_5  main_8mL_rack              17          0.0    True     open      8_mL  main_8mL_rack                   17
2026-02-12 20:44:09,891 - INFO - Visualizing vial racks...
2026-02-12 20:44:09,953 - DEBUG - Matplotlib backend: qtagg
2026-02-12 20:44:10,011 - DEBUG - Visualizing rack: Main Rack with filter: main_8mL_rack
2026-02-12 20:44:10,167 - DEBUG - Visualizing rack: Second Rack with filter: large_vial_rack
2026-02-12 20:44:19,425 - DEBUG - Vial visualization displayed successfully
2026-02-12 20:44:20,873 - INFO - --Wellplate status-- 
 Wellplate type: 96 WELL PLATE 
 Number in source: 1 
 Number in waste: 0 
 Active wellplate position: None
2026-02-12 20:44:20,873 - INFO - Visualizing wellplate status...
2026-02-12 20:44:20,873 - DEBUG - Matplotlib backend: qtagg
2026-02-12 20:44:22,693 - DEBUG - Wellplate visualization displayed successfully
2026-02-12 20:44:23,826 - INFO -     Filling water vial 'water': 0.00mL -> 8.00mL (adding 8.00mL)
2026-02-12 20:44:23,826 - INFO - Dispensing into vial 3 from reservoir 1: 8.000 mL
2026-02-12 20:44:23,827 - DEBUG - Reservoir parameters: aspirate_speed=11, dispense_speed=11, overaspirate=0.000 mL
2026-02-12 20:44:23,828 - INFO - Moving vial water to clamp: 0
2026-02-12 20:44:23,828 - DEBUG - Grabbing vial 3 with index 3
2026-02-12 20:44:26,403 - DEBUG - Dropping off vial 3 at location clamp with index 0
2026-02-12 20:44:29,147 - INFO - Moving robot to home position
2026-02-12 20:44:34,550 - INFO - DISPENSING DEBUG: simulate=False, volume=8.000mL, overaspirate=0.000mL
2026-02-12 20:44:34,550 - INFO - DISPENSING DEBUG: total_vol=8.000mL, num_dispenses=4, dispense_vol=2.000mL, actual_dispense=2.000mL
2026-02-12 20:44:34,550 - DEBUG - Dispensing 2.000 mL (with 0.000 mL overaspirate) 4 times
2026-02-12 20:44:34,550 - INFO - DISPENSING LOOP 1/4: simulate=False
2026-02-12 20:44:35,151 - INFO - ASPIRATING: 2.000mL from reservoir 1
2026-02-12 20:44:39,390 - INFO - DISPENSING: 2.000mL into vial 3
2026-02-12 20:44:42,997 - INFO - DISPENSING LOOP 2/4: simulate=False
2026-02-12 20:44:43,548 - INFO - ASPIRATING: 2.000mL from reservoir 1
2026-02-12 20:44:47,797 - INFO - DISPENSING: 2.000mL into vial 3
2026-02-12 20:44:51,415 - INFO - DISPENSING LOOP 3/4: simulate=False
2026-02-12 20:44:51,970 - INFO - ASPIRATING: 2.000mL from reservoir 1
2026-02-12 20:44:56,162 - INFO - DISPENSING: 2.000mL into vial 3
2026-02-12 20:44:59,787 - INFO - DISPENSING LOOP 4/4: simulate=False
2026-02-12 20:45:00,354 - INFO - ASPIRATING: 2.000mL from reservoir 1
2026-02-12 20:45:04,613 - INFO - DISPENSING: 2.000mL into vial 3
2026-02-12 20:45:12,669 - INFO - Returning vial water to home location: main_8mL_rack index 3
2026-02-12 20:45:12,671 - INFO - Moving vial water to main_8mL_rack: 3
2026-02-12 20:45:12,672 - DEBUG - Grabbing vial 3 with index 3
2026-02-12 20:45:15,251 - DEBUG - Dropping off vial 3 at location main_8mL_rack with index 3
2026-02-12 20:45:17,982 - INFO -     Water vial 'water' filled successfully to 8.00mL
2026-02-12 20:45:17,982 - INFO -     Filling water vial 'water_2': 0.00mL -> 8.00mL (adding 8.00mL)
2026-02-12 20:45:17,982 - INFO - Dispensing into vial 4 from reservoir 1: 8.000 mL
2026-02-12 20:45:17,982 - DEBUG - Reservoir parameters: aspirate_speed=11, dispense_speed=11, overaspirate=0.000 mL
2026-02-12 20:45:17,982 - INFO - Moving vial water_2 to clamp: 0
2026-02-12 20:45:17,982 - DEBUG - Grabbing vial 4 with index 4
