2026-04-02 12:05:48,563 - DEBUG - No workflow config provided - using default initialization
2026-04-02 12:05:48,563 - INFO - Launching status review GUI...
2026-04-02 12:05:48,743 - INFO - Detected workflow name: color_mixing
2026-04-02 12:05:49,052 - INFO - Config editor loaded for workflow: color_mixing
2026-04-02 12:05:53,130 - INFO - User selected: Run Workflow
2026-04-02 12:05:53,133 - INFO - Status review completed - proceeding with hardware initialization
2026-04-02 12:05:53,150 - INFO - Initializing North Robot...
2026-04-02 12:05:53,152 - DEBUG - Loading robot configuration files...
2026-04-02 12:05:53,185 - DEBUG - Loaded vial positions configuration from robot_state/vial_positions.yaml
2026-04-02 12:05:53,185 - DEBUG - Loaded pipet tips configuration from robot_state/pipet_tips.yaml
2026-04-02 12:05:53,200 - DEBUG - Loaded pipet racks configuration from robot_state/pipet_racks.yaml
2026-04-02 12:05:53,202 - DEBUG - Loaded pump configuration from robot_state/syringe_pumps.yaml
2026-04-02 12:05:53,209 - DEBUG - Loaded robot hardware configuration from robot_state/robot_hardware.yaml
2026-04-02 12:05:53,213 - DEBUG - Loaded wellplate properties configuration from robot_state/wellplates.yaml
2026-04-02 12:05:53,213 - DEBUG - Loading robot state files...
2026-04-02 12:05:53,226 - DEBUG - Loaded vial data from ../utoronto_demo/status/color_mixing_vials.csv
2026-04-02 12:05:53,226 - DEBUG - Loaded robot status from robot_state/robot_status.yaml
2026-04-02 12:05:53,235 - DEBUG - Loaded wellplate positions from robot_state/wellplates.yaml
2026-04-02 12:05:53,235 - DEBUG - Robot status loaded successfully
2026-04-02 12:05:53,235 - INFO - Physical initialization of North Robot...
2026-04-02 12:05:53,235 - DEBUG - Loading pumps from YAML configuration...
2026-04-02 12:05:53,235 - DEBUG - Loaded pump 0: volume=1.0mL, speed=11, liquid=None
2026-04-02 12:05:53,235 - DEBUG - Loaded pump 1: volume=2.5mL, speed=15, liquid=water
2026-04-02 12:05:53,235 - INFO - Moving robot to home position
2026-04-02 12:05:53,235 - DEBUG - Initializing centrifuge controller...
2026-04-02 12:05:53,251 - DEBUG - Current reader status: <MagicMock name='mock.get_reader_status()' id='1463211356128'>
2026-04-02 12:05:53,252 - INFO - Initializing North Track...
2026-04-02 12:05:53,252 - DEBUG - Loading track status from file: robot_state/track_status.yaml
2026-04-02 12:05:53,252 - DEBUG - Getting track status from file: robot_state/track_status.yaml
2026-04-02 12:05:53,252 - DEBUG - Loaded track status from robot_state/track_status.yaml
2026-04-02 12:05:53,252 - DEBUG - Loading track positions from: robot_state/track_positions.yaml
2026-04-02 12:05:53,265 - DEBUG - Loaded track positions configuration from robot_state/track_positions.yaml
2026-04-02 12:05:53,265 - DEBUG - Loading robot hardware configuration from: robot_state/robot_hardware.yaml
2026-04-02 12:05:53,270 - DEBUG - Loaded robot hardware configuration from robot_state/robot_hardware.yaml
2026-04-02 12:05:53,279 - DEBUG - Loaded wellplate properties configuration from robot_state/wellplates.yaml
2026-04-02 12:05:53,279 - DEBUG - Moving North Track to home position
2026-04-02 12:05:53,279 - DEBUG - Detected origin position (0,0) - setting location to 'origin'
2026-04-02 12:05:53,279 - DEBUG - Updated gripper location to: origin at position {'x': 0, 'z': 0}
