2026-04-14 11:47:51,869 - DEBUG - No workflow config provided - using default initialization
2026-04-14 11:47:51,869 - INFO - Launching status review GUI...
2026-04-14 11:47:52,057 - INFO - Detected workflow name: capdecap
2026-04-14 11:47:52,390 - INFO - Config editor loaded for workflow: capdecap
2026-04-14 11:48:03,771 - INFO - User selected: Run Workflow
2026-04-14 11:48:03,779 - INFO - Status review completed - proceeding with hardware initialization
2026-04-14 11:48:04,389 - INFO - Initializing North Robot...
2026-04-14 11:48:04,389 - DEBUG - Loading robot configuration files...
2026-04-14 11:48:04,408 - DEBUG - Loaded vial positions configuration from robot_state/vial_positions.yaml
2026-04-14 11:48:04,409 - DEBUG - Loaded pipet tips configuration from robot_state/pipet_tips.yaml
2026-04-14 11:48:04,411 - DEBUG - Loaded pipet racks configuration from robot_state/pipet_racks.yaml
2026-04-14 11:48:04,411 - DEBUG - Loaded pump configuration from robot_state/syringe_pumps.yaml
2026-04-14 11:48:04,419 - DEBUG - Loaded robot hardware configuration from robot_state/robot_hardware.yaml
2026-04-14 11:48:04,423 - DEBUG - Loaded wellplate properties configuration from robot_state/wellplates.yaml
2026-04-14 11:48:04,423 - DEBUG - Loading robot state files...
2026-04-14 11:48:04,428 - DEBUG - Loaded vial data from ../utoronto_demo/status/sample_input_vials.csv
2026-04-14 11:48:04,430 - DEBUG - Loaded robot status from robot_state/robot_status.yaml
2026-04-14 11:48:04,436 - DEBUG - Loaded wellplate positions from robot_state/wellplates.yaml
2026-04-14 11:48:04,436 - DEBUG - Robot status loaded successfully
2026-04-14 11:48:04,436 - INFO - Physical initialization of North Robot...
2026-04-14 11:48:07,902 - DEBUG - Loading pumps from YAML configuration...
2026-04-14 11:48:09,976 - WARNING - Physical cleanup failed (attempt 1/2): Main: HOME REQUIRED: Home the axis before moving
2026-04-14 11:48:09,977 - INFO - Homing robot components before pump initialization...
2026-04-14 11:48:09,977 - INFO - Homing all robot components...
2026-04-14 11:48:09,977 - DEBUG - Homing carousel...
2026-04-14 11:48:17,720 - DEBUG - Homing robot axes...
2026-04-14 11:49:16,272 - DEBUG - Homing pump 0...
2026-04-14 11:49:21,007 - DEBUG - Homing pump 1...
2026-04-14 11:49:22,674 - DEBUG - Homing track axes...
2026-04-14 11:49:22,674 - DEBUG - Homing track axis z_axis (axis 6)...
2026-04-14 11:49:26,214 - DEBUG - Homing track axis x_axis (axis 7)...
2026-04-14 11:49:30,250 - INFO - All robot components homed successfully
2026-04-14 11:49:30,250 - DEBUG - Loading pumps from YAML configuration...
2026-04-14 11:49:30,353 - DEBUG - Loaded pump 0: volume=1.0mL, speed=11, liquid=None
2026-04-14 11:49:30,461 - DEBUG - Loaded pump 1: volume=2.5mL, speed=15, liquid=water
2026-04-14 11:49:30,461 - WARNING - The robot reports having a tip, removing the tip
2026-04-14 11:49:30,461 - INFO - Removing pipet
2026-04-14 11:49:33,314 - WARNING - The robot reports having a cap in its gripper... Recapping the clamp vial...
2026-04-14 11:49:33,314 - DEBUG - Recapping clamped vial
