2025-09-16 17:59:04,230 - INFO - Initializing North Robot...
2025-09-16 17:59:04,231 - DEBUG - Getting robot status from file: ../utoronto_demo/status/robot_status.yaml
2025-09-16 17:59:04,235 - DEBUG - Physical initialization of North Robot...
2025-09-16 17:59:04,235 - WARNING - The robot reports having a tip, removing the tip
2025-09-16 17:59:04,235 - DEBUG - Removing pipet
2025-09-16 17:59:04,237 - DEBUG - Saving robot status to file: ../utoronto_demo/status/robot_status.yaml
2025-09-16 17:59:04,237 - INFO - Moving robot to home position
2025-09-16 17:59:04,248 - DEBUG - Loading pumps...
2025-09-16 17:59:04,250 - INFO - Initializing North Track...
2025-09-16 17:59:04,325 - DEBUG - Loading track status from file: ../utoronto_demo/status/track_status.yaml
2025-09-16 17:59:04,325 - DEBUG - Getting track status from file: ../utoronto_demo/status/track_status.yaml
2025-09-16 17:59:04,328 - INFO - Dispensing 1.5 mL from Sample_A to Sample_B
2025-09-16 17:59:04,329 - INFO - Volume too high for single dispense, splitting into 2 dispenses of 0.75 mL each
2025-09-16 17:59:04,332 - DEBUG - Getting pipet number: 0 from rack 0
2025-09-16 17:59:04,335 - DEBUG - Saving robot status to file: ../utoronto_demo/status/robot_status.yaml
2025-09-16 17:59:04,337 - INFO - Pipetting from vial Sample_A, amount: 0.75 mL
2025-09-16 17:59:04,351 - DEBUG - Adjusting pump 0 speed to 11
2025-09-16 17:59:04,351 - DEBUG - Aspirating 0.75 mL then waiting 1 s
2025-09-16 17:59:04,351 - DEBUG - Saving robot status to file: ../utoronto_demo/status/robot_status.yaml
2025-09-16 17:59:04,351 - DEBUG - Moving destination vial to clamp to uncap
2025-09-16 17:59:04,352 - INFO - Moving vial Sample_B to clamp: 0
2025-09-16 17:59:04,352 - DEBUG - Grabbing vial 1 with index 1
2025-09-16 17:59:04,355 - DEBUG - Saving robot status to file: ../utoronto_demo/status/robot_status.yaml
2025-09-16 17:59:04,355 - DEBUG - Dropping off vial 1 at location clamp with index 0
2025-09-16 17:59:04,356 - DEBUG - Saving robot status to file: ../utoronto_demo/status/robot_status.yaml
2025-09-16 17:59:04,356 - DEBUG - Removing cap from clamped vial
2025-09-16 17:59:04,358 - DEBUG - Saving robot status to file: ../utoronto_demo/status/robot_status.yaml
2025-09-16 17:59:04,359 - INFO - Pipetting into vial Sample_B, amount: 0.75 mL
2025-09-16 17:59:04,362 - DEBUG - Adjusting pump 0 speed to 11
2025-09-16 17:59:04,362 - DEBUG - Dispensing 0.75 mL then waiting 0 s
2025-09-16 17:59:04,363 - DEBUG - Saving robot status to file: ../utoronto_demo/status/robot_status.yaml
2025-09-16 17:59:04,365 - INFO - Pipetting from vial Sample_A, amount: 0.75 mL
2025-09-16 17:59:04,366 - DEBUG - Adjusting pump 0 speed to 11
2025-09-16 17:59:04,366 - DEBUG - Aspirating 0.75 mL then waiting 1 s
2025-09-16 17:59:04,367 - DEBUG - Saving robot status to file: ../utoronto_demo/status/robot_status.yaml
2025-09-16 17:59:04,367 - INFO - Pipetting into vial Sample_B, amount: 0.75 mL
2025-09-16 17:59:04,368 - DEBUG - Adjusting pump 0 speed to 11
2025-09-16 17:59:04,369 - DEBUG - Dispensing 0.75 mL then waiting 0 s
2025-09-16 17:59:04,369 - DEBUG - Saving robot status to file: ../utoronto_demo/status/robot_status.yaml
