2026-02-19 19:29:09,720 - INFO - Launching status review GUI...
2026-02-19 19:29:09,922 - INFO - Detected workflow name: peroxide_serena_v3
2026-02-19 19:29:09,963 - INFO - Config editor loaded for workflow: peroxide_serena_v3
2026-02-19 19:29:38,428 - INFO - User selected: Run Workflow
2026-02-19 19:29:38,439 - INFO - Status review completed - proceeding with hardware initialization
2026-02-19 19:29:38,456 - INFO - Initializing North Robot...
2026-02-19 19:29:38,456 - DEBUG - Loading robot configuration files...
2026-02-19 19:29:38,469 - DEBUG - Loaded vial positions configuration from robot_state/vial_positions.yaml
2026-02-19 19:29:38,480 - DEBUG - Loaded pipet tips configuration from robot_state/pipet_tips.yaml
2026-02-19 19:29:38,489 - DEBUG - Loaded pipet racks configuration from robot_state/pipet_racks.yaml
2026-02-19 19:29:38,492 - DEBUG - Loaded pump configuration from robot_state/syringe_pumps.yaml
2026-02-19 19:29:38,497 - DEBUG - Loaded robot hardware configuration from robot_state/robot_hardware.yaml
2026-02-19 19:29:38,502 - DEBUG - Loaded wellplate properties configuration from robot_state/wellplates.yaml
2026-02-19 19:29:38,504 - DEBUG - Loading robot state files...
2026-02-19 19:29:38,532 - DEBUG - Loaded vial data from ../utoronto_demo/status/peroxide_assay_vial_status_v3.csv
2026-02-19 19:29:38,535 - DEBUG - Loaded robot status from robot_state/robot_status.yaml
2026-02-19 19:29:38,539 - DEBUG - Loaded wellplate positions from robot_state/wellplates.yaml
2026-02-19 19:29:38,539 - DEBUG - Robot status loaded successfully
2026-02-19 19:29:38,539 - INFO - Physical initialization of North Robot...
2026-02-19 19:29:38,541 - DEBUG - Loading pumps from YAML configuration...
2026-02-19 19:29:38,543 - DEBUG - Loaded pump 0: volume=1.0mL, speed=11, liquid=None
2026-02-19 19:29:38,543 - DEBUG - Loaded pump 1: volume=2.5mL, speed=15, liquid=water
2026-02-19 19:29:38,543 - INFO - Moving robot to home position
2026-02-19 19:29:38,543 - DEBUG - Initializing centrifuge controller...
2026-02-19 19:29:38,560 - DEBUG - Current reader status: <MagicMock name='mock.get_reader_status()' id='1950318687472'>
2026-02-19 19:29:38,561 - INFO - Initializing North Track...
2026-02-19 19:29:38,561 - DEBUG - Loading track status from file: robot_state/track_status.yaml
2026-02-19 19:29:38,561 - DEBUG - Getting track status from file: robot_state/track_status.yaml
2026-02-19 19:29:38,563 - DEBUG - Loaded track status from robot_state/track_status.yaml
2026-02-19 19:29:38,563 - DEBUG - Loading track positions from: robot_state/track_positions.yaml
2026-02-19 19:29:38,572 - DEBUG - Loaded track positions configuration from robot_state/track_positions.yaml
2026-02-19 19:29:38,572 - DEBUG - Loading robot hardware configuration from: robot_state/robot_hardware.yaml
2026-02-19 19:29:38,576 - DEBUG - Loaded robot hardware configuration from robot_state/robot_hardware.yaml
2026-02-19 19:29:38,579 - DEBUG - Loaded wellplate properties configuration from robot_state/wellplates.yaml
2026-02-19 19:29:38,579 - DEBUG - Moving North Track to home position
2026-02-19 19:29:38,595 - INFO - Config Manager: Updated 7 workflow constants from peroxide_serena_v3.yaml
2026-02-19 19:29:38,595 - DEBUG - Simulating robot component homing...
2026-02-19 19:29:38,595 - INFO - Grabbing new wellplate
2026-02-19 19:29:38,595 - INFO - Moving robot to home position
2026-02-19 19:29:38,595 - INFO - Getting new wellplate from source stack
2026-02-19 19:29:38,596 - DEBUG - Calculating well plate stack height for num: 2, wp_type: 96 WELL PLATE, stack: source_stack, operation: grab
2026-02-19 19:29:38,596 - DEBUG - Getting 2nd wellplate from source at 79100
2026-02-19 19:29:38,596 - INFO - Grabbing wellplate from location: source_stack
2026-02-19 19:29:38,596 - DEBUG - Opening gripper
2026-02-19 19:29:38,597 - DEBUG - Closing gripper
2026-02-19 19:29:38,597 - INFO - Releasing wellplate at location: pipetting_area
2026-02-19 19:29:38,597 - DEBUG - Opening gripper
2026-02-19 19:29:38,598 - DEBUG - Moving North Track to home position
2026-02-19 19:29:38,606 - DEBUG - Using calibrated aspirate_speed=8 for water at 1.950mL
2026-02-19 19:29:38,606 - DEBUG - Using calibrated dispense_speed=14 for water at 1.950mL
2026-02-19 19:29:38,606 - DEBUG - Using calibrated aspirate_wait_time=0.0 for water at 1.950mL
2026-02-19 19:29:38,606 - DEBUG - Using calibrated dispense_wait_time=3.5437186 for water at 1.950mL
2026-02-19 19:29:38,606 - DEBUG - Using calibrated retract_speed=10 for water at 1.950mL
2026-02-19 19:29:38,606 - DEBUG - Using calibrated blowout_vol=0.016158898 for water at 1.950mL
2026-02-19 19:29:38,606 - DEBUG - Using calibrated post_asp_air_vol=0.010581106 for water at 1.950mL
2026-02-19 19:29:38,606 - DEBUG - Using calibrated overaspirate_vol=0.012161364999999981 for water at 1.950mL
2026-02-19 19:29:38,606 - DEBUG - Using calibrated pre_asp_air_vol=0.0 for water at 1.950mL
2026-02-19 19:29:38,606 - INFO - Dispensing 1.950 mL from Assay_reagent_1 to 60_min_Reaction_Set1
2026-02-19 19:29:38,607 - INFO - Total tip volume (1.973 mL) exceeds capacity, splitting into 2 transfers of 0.975 mL each
2026-02-19 19:29:38,612 - DEBUG - Using calibrated aspirate_speed=8 for water at 0.975mL
2026-02-19 19:29:38,612 - DEBUG - Using calibrated dispense_speed=14 for water at 0.975mL
2026-02-19 19:29:38,612 - DEBUG - Using calibrated aspirate_wait_time=0.0 for water at 0.975mL
2026-02-19 19:29:38,612 - DEBUG - Using calibrated dispense_wait_time=3.5437186 for water at 0.975mL
2026-02-19 19:29:38,612 - DEBUG - Using calibrated retract_speed=10 for water at 0.975mL
2026-02-19 19:29:38,612 - DEBUG - Using calibrated blowout_vol=0.016158898 for water at 0.975mL
2026-02-19 19:29:38,612 - DEBUG - Using calibrated post_asp_air_vol=0.010581106 for water at 0.975mL
2026-02-19 19:29:38,612 - DEBUG - Using calibrated overaspirate_vol=0.012161364999999981 for water at 0.975mL
2026-02-19 19:29:38,612 - DEBUG - Using calibrated pre_asp_air_vol=0.0 for water at 0.975mL
2026-02-19 19:29:38,612 - DEBUG - Applied object param asp_disp_cycles=0
2026-02-19 19:29:38,612 - DEBUG - Applied object param aspirate_speed=8
2026-02-19 19:29:38,612 - DEBUG - Applied object param aspirate_wait_time=0.0
2026-02-19 19:29:38,613 - DEBUG - Applied object param blowout_vol=0.016158898
2026-02-19 19:29:38,613 - DEBUG - Applied object param dispense_speed=14
2026-02-19 19:29:38,613 - DEBUG - Applied object param dispense_wait_time=3.5437186
2026-02-19 19:29:38,613 - DEBUG - Applied object param overaspirate_vol=0.012161364999999981
2026-02-19 19:29:38,613 - DEBUG - Applied object param post_asp_air_vol=0.010581106
2026-02-19 19:29:38,613 - DEBUG - Applied object param post_retract_wait_time=0.0
2026-02-19 19:29:38,613 - DEBUG - Applied object param pre_asp_air_vol=0.0
2026-02-19 19:29:38,613 - DEBUG - Applied object param retract_speed=10
2026-02-19 19:29:38,613 - DEBUG - Using calibrated aspirate_speed=8 for water at 0.975mL
2026-02-19 19:29:38,613 - DEBUG - Using calibrated dispense_speed=14 for water at 0.975mL
2026-02-19 19:29:38,613 - DEBUG - Using calibrated aspirate_wait_time=0.0 for water at 0.975mL
2026-02-19 19:29:38,613 - DEBUG - Using calibrated dispense_wait_time=3.5437186 for water at 0.975mL
2026-02-19 19:29:38,613 - DEBUG - Using calibrated retract_speed=10 for water at 0.975mL
2026-02-19 19:29:38,613 - DEBUG - Using calibrated blowout_vol=0.016158898 for water at 0.975mL
2026-02-19 19:29:38,613 - DEBUG - Using calibrated post_asp_air_vol=0.010581106 for water at 0.975mL
2026-02-19 19:29:38,613 - DEBUG - Using calibrated overaspirate_vol=0.012161364999999981 for water at 0.975mL
2026-02-19 19:29:38,613 - DEBUG - Using calibrated pre_asp_air_vol=0.0 for water at 0.975mL
2026-02-19 19:29:38,613 - DEBUG - Applied object param asp_disp_cycles=0
2026-02-19 19:29:38,613 - DEBUG - Applied object param aspirate_speed=8
2026-02-19 19:29:38,613 - DEBUG - Applied object param aspirate_wait_time=0.0
2026-02-19 19:29:38,613 - DEBUG - Applied object param blowout_vol=0.016158898
2026-02-19 19:29:38,613 - DEBUG - Applied object param dispense_speed=14
2026-02-19 19:29:38,613 - DEBUG - Applied object param dispense_wait_time=3.5437186
2026-02-19 19:29:38,613 - DEBUG - Applied object param overaspirate_vol=0.012161364999999981
2026-02-19 19:29:38,613 - DEBUG - Applied object param post_asp_air_vol=0.010581106
2026-02-19 19:29:38,613 - DEBUG - Applied object param post_retract_wait_time=0.0
2026-02-19 19:29:38,613 - DEBUG - Applied object param pre_asp_air_vol=0.0
2026-02-19 19:29:38,613 - DEBUG - Applied object param retract_speed=10
2026-02-19 19:29:38,613 - DEBUG - Selected large_tip for volume 0.998 mL
2026-02-19 19:29:38,613 - INFO - Getting large_tip (pipet number 0) from rack: large_tip_rack_1
2026-02-19 19:29:38,623 - INFO - Pipetting from vial Assay_reagent_1, amount: 0.975 mL
2026-02-19 19:29:38,623 - INFO - Additional volume from calibration, amount: 0.012 mL
2026-02-19 19:29:38,624 - DEBUG - Adjusting pump 0 speed to 10
2026-02-19 19:29:38,624 - DEBUG - Adjusting pump 0 speed to 8
2026-02-19 19:29:38,624 - DEBUG - Aspirating 0.987 mL then waiting 0.0 s
2026-02-19 19:29:38,624 - DEBUG - Aspirating 0.011 mL then waiting 0 s
2026-02-19 19:29:38,630 - DEBUG - Using calibrated aspirate_speed=8 for water at 0.975mL
2026-02-19 19:29:38,630 - DEBUG - Using calibrated dispense_speed=14 for water at 0.975mL
2026-02-19 19:29:38,630 - DEBUG - Using calibrated aspirate_wait_time=0.0 for water at 0.975mL
2026-02-19 19:29:38,630 - DEBUG - Using calibrated dispense_wait_time=3.5437186 for water at 0.975mL
2026-02-19 19:29:38,630 - DEBUG - Using calibrated retract_speed=10 for water at 0.975mL
2026-02-19 19:29:38,630 - DEBUG - Using calibrated blowout_vol=0.016158898 for water at 0.975mL
2026-02-19 19:29:38,630 - DEBUG - Using calibrated post_asp_air_vol=0.010581106 for water at 0.975mL
2026-02-19 19:29:38,630 - DEBUG - Using calibrated overaspirate_vol=0.012161364999999981 for water at 0.975mL
2026-02-19 19:29:38,630 - DEBUG - Using calibrated pre_asp_air_vol=0.0 for water at 0.975mL
2026-02-19 19:29:38,630 - DEBUG - Applied object param asp_disp_cycles=0
2026-02-19 19:29:38,630 - DEBUG - Applied object param aspirate_speed=8
2026-02-19 19:29:38,630 - DEBUG - Applied object param aspirate_wait_time=0.0
2026-02-19 19:29:38,630 - DEBUG - Applied object param blowout_vol=0.016158898
2026-02-19 19:29:38,630 - DEBUG - Applied object param dispense_speed=14
2026-02-19 19:29:38,630 - DEBUG - Applied object param dispense_wait_time=3.5437186
2026-02-19 19:29:38,630 - DEBUG - Applied object param overaspirate_vol=0.012161364999999981
2026-02-19 19:29:38,630 - DEBUG - Applied object param post_asp_air_vol=0.010581106
2026-02-19 19:29:38,630 - DEBUG - Applied object param post_retract_wait_time=0.0
2026-02-19 19:29:38,630 - DEBUG - Applied object param pre_asp_air_vol=0.0
2026-02-19 19:29:38,630 - DEBUG - Applied object param retract_speed=10
2026-02-19 19:29:38,634 - INFO - Pipetting into vial 60_min_Reaction_Set1, amount: 0.975 mL
2026-02-19 19:29:38,635 - DEBUG - Adjusting pump 0 speed to 14
2026-02-19 19:29:38,636 - DEBUG - Dispensing 0.998 mL then waiting 3.5437186 s
2026-02-19 19:29:38,637 - DEBUG - Blowing out 0.016 mL
2026-02-19 19:29:38,645 - DEBUG - Using calibrated aspirate_speed=8 for water at 0.975mL
2026-02-19 19:29:38,645 - DEBUG - Using calibrated dispense_speed=14 for water at 0.975mL
2026-02-19 19:29:38,645 - DEBUG - Using calibrated aspirate_wait_time=0.0 for water at 0.975mL
2026-02-19 19:29:38,645 - DEBUG - Using calibrated dispense_wait_time=3.5437186 for water at 0.975mL
2026-02-19 19:29:38,645 - DEBUG - Using calibrated retract_speed=10 for water at 0.975mL
2026-02-19 19:29:38,645 - DEBUG - Using calibrated blowout_vol=0.016158898 for water at 0.975mL
2026-02-19 19:29:38,645 - DEBUG - Using calibrated post_asp_air_vol=0.010581106 for water at 0.975mL
2026-02-19 19:29:38,645 - DEBUG - Using calibrated overaspirate_vol=0.012161364999999981 for water at 0.975mL
2026-02-19 19:29:38,645 - DEBUG - Using calibrated pre_asp_air_vol=0.0 for water at 0.975mL
2026-02-19 19:29:38,645 - DEBUG - Applied object param asp_disp_cycles=0
2026-02-19 19:29:38,645 - DEBUG - Applied object param aspirate_speed=8
2026-02-19 19:29:38,645 - DEBUG - Applied object param aspirate_wait_time=0.0
2026-02-19 19:29:38,645 - DEBUG - Applied object param blowout_vol=0.016158898
2026-02-19 19:29:38,645 - DEBUG - Applied object param dispense_speed=14
2026-02-19 19:29:38,645 - DEBUG - Applied object param dispense_wait_time=3.5437186
2026-02-19 19:29:38,645 - DEBUG - Applied object param overaspirate_vol=0.012161364999999981
2026-02-19 19:29:38,645 - DEBUG - Applied object param post_asp_air_vol=0.010581106
2026-02-19 19:29:38,645 - DEBUG - Applied object param post_retract_wait_time=0.0
2026-02-19 19:29:38,645 - DEBUG - Applied object param pre_asp_air_vol=0.0
2026-02-19 19:29:38,645 - DEBUG - Applied object param retract_speed=10
2026-02-19 19:29:38,646 - DEBUG - Selected large_tip for volume 0.998 mL
2026-02-19 19:29:38,646 - INFO - Pipetting from vial Assay_reagent_1, amount: 0.975 mL
2026-02-19 19:29:38,648 - INFO - Additional volume from calibration, amount: 0.012 mL
2026-02-19 19:29:38,649 - DEBUG - Adjusting pump 0 speed to 10
2026-02-19 19:29:38,649 - DEBUG - Adjusting pump 0 speed to 8
2026-02-19 19:29:38,649 - DEBUG - Aspirating 0.987 mL then waiting 0.0 s
2026-02-19 19:29:38,649 - DEBUG - Aspirating 0.011 mL then waiting 0 s
2026-02-19 19:29:38,656 - DEBUG - Using calibrated aspirate_speed=8 for water at 0.975mL
2026-02-19 19:29:38,656 - DEBUG - Using calibrated dispense_speed=14 for water at 0.975mL
2026-02-19 19:29:38,656 - DEBUG - Using calibrated aspirate_wait_time=0.0 for water at 0.975mL
2026-02-19 19:29:38,656 - DEBUG - Using calibrated dispense_wait_time=3.5437186 for water at 0.975mL
2026-02-19 19:29:38,656 - DEBUG - Using calibrated retract_speed=10 for water at 0.975mL
2026-02-19 19:29:38,656 - DEBUG - Using calibrated blowout_vol=0.016158898 for water at 0.975mL
2026-02-19 19:29:38,656 - DEBUG - Using calibrated post_asp_air_vol=0.010581106 for water at 0.975mL
2026-02-19 19:29:38,656 - DEBUG - Using calibrated overaspirate_vol=0.012161364999999981 for water at 0.975mL
2026-02-19 19:29:38,656 - DEBUG - Using calibrated pre_asp_air_vol=0.0 for water at 0.975mL
2026-02-19 19:29:38,656 - DEBUG - Applied object param asp_disp_cycles=0
2026-02-19 19:29:38,656 - DEBUG - Applied object param aspirate_speed=8
2026-02-19 19:29:38,656 - DEBUG - Applied object param aspirate_wait_time=0.0
2026-02-19 19:29:38,656 - DEBUG - Applied object param blowout_vol=0.016158898
2026-02-19 19:29:38,656 - DEBUG - Applied object param dispense_speed=14
2026-02-19 19:29:38,656 - DEBUG - Applied object param dispense_wait_time=3.5437186
2026-02-19 19:29:38,656 - DEBUG - Applied object param overaspirate_vol=0.012161364999999981
2026-02-19 19:29:38,656 - DEBUG - Applied object param post_asp_air_vol=0.010581106
2026-02-19 19:29:38,656 - DEBUG - Applied object param post_retract_wait_time=0.0
2026-02-19 19:29:38,656 - DEBUG - Applied object param pre_asp_air_vol=0.0
2026-02-19 19:29:38,656 - DEBUG - Applied object param retract_speed=10
2026-02-19 19:29:38,657 - INFO - Pipetting into vial 60_min_Reaction_Set1, amount: 0.975 mL
2026-02-19 19:29:38,659 - DEBUG - Adjusting pump 0 speed to 14
2026-02-19 19:29:38,659 - DEBUG - Dispensing 0.998 mL then waiting 3.5437186 s
2026-02-19 19:29:38,660 - DEBUG - Blowing out 0.016 mL
2026-02-19 19:29:38,660 - INFO - Removing pipet
2026-02-19 19:29:38,663 - DEBUG - Using calibrated aspirate_speed=8 for water at 1.950mL
2026-02-19 19:29:38,663 - DEBUG - Using calibrated dispense_speed=14 for water at 1.950mL
2026-02-19 19:29:38,663 - DEBUG - Using calibrated aspirate_wait_time=0.0 for water at 1.950mL
2026-02-19 19:29:38,663 - DEBUG - Using calibrated dispense_wait_time=3.5437186 for water at 1.950mL
2026-02-19 19:29:38,666 - DEBUG - Using calibrated retract_speed=10 for water at 1.950mL
2026-02-19 19:29:38,666 - DEBUG - Using calibrated blowout_vol=0.016158898 for water at 1.950mL
2026-02-19 19:29:38,666 - DEBUG - Using calibrated post_asp_air_vol=0.010581106 for water at 1.950mL
2026-02-19 19:29:38,666 - DEBUG - Using calibrated overaspirate_vol=0.012161364999999981 for water at 1.950mL
2026-02-19 19:29:38,666 - DEBUG - Using calibrated pre_asp_air_vol=0.0 for water at 1.950mL
2026-02-19 19:29:38,666 - INFO - Dispensing 1.950 mL from Assay_reagent_1 to 120_min_Reaction_Set1
2026-02-19 19:29:38,666 - INFO - Total tip volume (1.973 mL) exceeds capacity, splitting into 2 transfers of 0.975 mL each
2026-02-19 19:29:38,668 - DEBUG - Using calibrated aspirate_speed=8 for water at 0.975mL
2026-02-19 19:29:38,668 - DEBUG - Using calibrated dispense_speed=14 for water at 0.975mL
2026-02-19 19:29:38,668 - DEBUG - Using calibrated aspirate_wait_time=0.0 for water at 0.975mL
2026-02-19 19:29:38,668 - DEBUG - Using calibrated dispense_wait_time=3.5437186 for water at 0.975mL
2026-02-19 19:29:38,668 - DEBUG - Using calibrated retract_speed=10 for water at 0.975mL
2026-02-19 19:29:38,668 - DEBUG - Using calibrated blowout_vol=0.016158898 for water at 0.975mL
2026-02-19 19:29:38,668 - DEBUG - Using calibrated post_asp_air_vol=0.010581106 for water at 0.975mL
2026-02-19 19:29:38,668 - DEBUG - Using calibrated overaspirate_vol=0.012161364999999981 for water at 0.975mL
2026-02-19 19:29:38,668 - DEBUG - Using calibrated pre_asp_air_vol=0.0 for water at 0.975mL
2026-02-19 19:29:38,668 - DEBUG - Applied object param asp_disp_cycles=0
2026-02-19 19:29:38,668 - DEBUG - Applied object param aspirate_speed=8
2026-02-19 19:29:38,668 - DEBUG - Applied object param aspirate_wait_time=0.0
2026-02-19 19:29:38,668 - DEBUG - Applied object param blowout_vol=0.016158898
2026-02-19 19:29:38,668 - DEBUG - Applied object param dispense_speed=14
2026-02-19 19:29:38,668 - DEBUG - Applied object param dispense_wait_time=3.5437186
2026-02-19 19:29:38,668 - DEBUG - Applied object param overaspirate_vol=0.012161364999999981
2026-02-19 19:29:38,668 - DEBUG - Applied object param post_asp_air_vol=0.010581106
2026-02-19 19:29:38,668 - DEBUG - Applied object param post_retract_wait_time=0.0
2026-02-19 19:29:38,668 - DEBUG - Applied object param pre_asp_air_vol=0.0
2026-02-19 19:29:38,668 - DEBUG - Applied object param retract_speed=10
2026-02-19 19:29:38,678 - DEBUG - Using calibrated aspirate_speed=8 for water at 0.975mL
2026-02-19 19:29:38,678 - DEBUG - Using calibrated dispense_speed=14 for water at 0.975mL
2026-02-19 19:29:38,678 - DEBUG - Using calibrated aspirate_wait_time=0.0 for water at 0.975mL
2026-02-19 19:29:38,678 - DEBUG - Using calibrated dispense_wait_time=3.5437186 for water at 0.975mL
2026-02-19 19:29:38,678 - DEBUG - Using calibrated retract_speed=10 for water at 0.975mL
2026-02-19 19:29:38,678 - DEBUG - Using calibrated blowout_vol=0.016158898 for water at 0.975mL
2026-02-19 19:29:38,678 - DEBUG - Using calibrated post_asp_air_vol=0.010581106 for water at 0.975mL
2026-02-19 19:29:38,678 - DEBUG - Using calibrated overaspirate_vol=0.012161364999999981 for water at 0.975mL
2026-02-19 19:29:38,678 - DEBUG - Using calibrated pre_asp_air_vol=0.0 for water at 0.975mL
2026-02-19 19:29:38,678 - DEBUG - Applied object param asp_disp_cycles=0
2026-02-19 19:29:38,678 - DEBUG - Applied object param aspirate_speed=8
2026-02-19 19:29:38,678 - DEBUG - Applied object param aspirate_wait_time=0.0
2026-02-19 19:29:38,678 - DEBUG - Applied object param blowout_vol=0.016158898
2026-02-19 19:29:38,678 - DEBUG - Applied object param dispense_speed=14
2026-02-19 19:29:38,678 - DEBUG - Applied object param dispense_wait_time=3.5437186
2026-02-19 19:29:38,679 - DEBUG - Applied object param overaspirate_vol=0.012161364999999981
2026-02-19 19:29:38,679 - DEBUG - Applied object param post_asp_air_vol=0.010581106
2026-02-19 19:29:38,679 - DEBUG - Applied object param post_retract_wait_time=0.0
2026-02-19 19:29:38,679 - DEBUG - Applied object param pre_asp_air_vol=0.0
2026-02-19 19:29:38,679 - DEBUG - Applied object param retract_speed=10
2026-02-19 19:29:38,680 - DEBUG - Selected large_tip for volume 0.998 mL
2026-02-19 19:29:38,680 - INFO - Getting large_tip (pipet number 1) from rack: large_tip_rack_1
2026-02-19 19:29:38,681 - INFO - Pipetting from vial Assay_reagent_1, amount: 0.975 mL
2026-02-19 19:29:38,682 - INFO - Additional volume from calibration, amount: 0.012 mL
2026-02-19 19:29:38,683 - DEBUG - Adjusting pump 0 speed to 10
2026-02-19 19:29:38,683 - DEBUG - Adjusting pump 0 speed to 8
2026-02-19 19:29:38,683 - DEBUG - Aspirating 0.987 mL then waiting 0.0 s
2026-02-19 19:29:38,683 - DEBUG - Aspirating 0.011 mL then waiting 0 s
2026-02-19 19:29:38,691 - DEBUG - Using calibrated aspirate_speed=8 for water at 0.975mL
2026-02-19 19:29:38,691 - DEBUG - Using calibrated dispense_speed=14 for water at 0.975mL
2026-02-19 19:29:38,691 - DEBUG - Using calibrated aspirate_wait_time=0.0 for water at 0.975mL
2026-02-19 19:29:38,691 - DEBUG - Using calibrated dispense_wait_time=3.5437186 for water at 0.975mL
2026-02-19 19:29:38,691 - DEBUG - Using calibrated retract_speed=10 for water at 0.975mL
2026-02-19 19:29:38,691 - DEBUG - Using calibrated blowout_vol=0.016158898 for water at 0.975mL
2026-02-19 19:29:38,691 - DEBUG - Using calibrated post_asp_air_vol=0.010581106 for water at 0.975mL
2026-02-19 19:29:38,691 - DEBUG - Using calibrated overaspirate_vol=0.012161364999999981 for water at 0.975mL
2026-02-19 19:29:38,691 - DEBUG - Using calibrated pre_asp_air_vol=0.0 for water at 0.975mL
2026-02-19 19:29:38,691 - DEBUG - Applied object param asp_disp_cycles=0
2026-02-19 19:29:38,691 - DEBUG - Applied object param aspirate_speed=8
2026-02-19 19:29:38,691 - DEBUG - Applied object param aspirate_wait_time=0.0
2026-02-19 19:29:38,691 - DEBUG - Applied object param blowout_vol=0.016158898
2026-02-19 19:29:38,691 - DEBUG - Applied object param dispense_speed=14
2026-02-19 19:29:38,691 - DEBUG - Applied object param dispense_wait_time=3.5437186
2026-02-19 19:29:38,691 - DEBUG - Applied object param overaspirate_vol=0.012161364999999981
2026-02-19 19:29:38,691 - DEBUG - Applied object param post_asp_air_vol=0.010581106
2026-02-19 19:29:38,691 - DEBUG - Applied object param post_retract_wait_time=0.0
2026-02-19 19:29:38,691 - DEBUG - Applied object param pre_asp_air_vol=0.0
2026-02-19 19:29:38,691 - DEBUG - Applied object param retract_speed=10
2026-02-19 19:29:38,692 - INFO - Pipetting into vial 120_min_Reaction_Set1, amount: 0.975 mL
2026-02-19 19:29:38,693 - DEBUG - Adjusting pump 0 speed to 14
2026-02-19 19:29:38,694 - DEBUG - Dispensing 0.998 mL then waiting 3.5437186 s
2026-02-19 19:29:38,694 - DEBUG - Blowing out 0.016 mL
2026-02-19 19:29:38,701 - DEBUG - Using calibrated aspirate_speed=8 for water at 0.975mL
2026-02-19 19:29:38,701 - DEBUG - Using calibrated dispense_speed=14 for water at 0.975mL
2026-02-19 19:29:38,701 - DEBUG - Using calibrated aspirate_wait_time=0.0 for water at 0.975mL
2026-02-19 19:29:38,701 - DEBUG - Using calibrated dispense_wait_time=3.5437186 for water at 0.975mL
2026-02-19 19:29:38,701 - DEBUG - Using calibrated retract_speed=10 for water at 0.975mL
2026-02-19 19:29:38,701 - DEBUG - Using calibrated blowout_vol=0.016158898 for water at 0.975mL
2026-02-19 19:29:38,701 - DEBUG - Using calibrated post_asp_air_vol=0.010581106 for water at 0.975mL
2026-02-19 19:29:38,701 - DEBUG - Using calibrated overaspirate_vol=0.012161364999999981 for water at 0.975mL
2026-02-19 19:29:38,701 - DEBUG - Using calibrated pre_asp_air_vol=0.0 for water at 0.975mL
2026-02-19 19:29:38,701 - DEBUG - Applied object param asp_disp_cycles=0
2026-02-19 19:29:38,701 - DEBUG - Applied object param aspirate_speed=8
2026-02-19 19:29:38,701 - DEBUG - Applied object param aspirate_wait_time=0.0
2026-02-19 19:29:38,701 - DEBUG - Applied object param blowout_vol=0.016158898
2026-02-19 19:29:38,701 - DEBUG - Applied object param dispense_speed=14
2026-02-19 19:29:38,701 - DEBUG - Applied object param dispense_wait_time=3.5437186
2026-02-19 19:29:38,701 - DEBUG - Applied object param overaspirate_vol=0.012161364999999981
2026-02-19 19:29:38,701 - DEBUG - Applied object param post_asp_air_vol=0.010581106
2026-02-19 19:29:38,701 - DEBUG - Applied object param post_retract_wait_time=0.0
2026-02-19 19:29:38,701 - DEBUG - Applied object param pre_asp_air_vol=0.0
2026-02-19 19:29:38,701 - DEBUG - Applied object param retract_speed=10
2026-02-19 19:29:38,702 - DEBUG - Selected large_tip for volume 0.998 mL
2026-02-19 19:29:38,703 - INFO - Pipetting from vial Assay_reagent_1, amount: 0.975 mL
2026-02-19 19:29:38,703 - INFO - Additional volume from calibration, amount: 0.012 mL
2026-02-19 19:29:38,705 - DEBUG - Adjusting pump 0 speed to 10
2026-02-19 19:29:38,705 - DEBUG - Adjusting pump 0 speed to 8
2026-02-19 19:29:38,705 - DEBUG - Aspirating 0.987 mL then waiting 0.0 s
2026-02-19 19:29:38,705 - DEBUG - Aspirating 0.011 mL then waiting 0 s
2026-02-19 19:29:38,710 - DEBUG - Using calibrated aspirate_speed=8 for water at 0.975mL
2026-02-19 19:29:38,710 - DEBUG - Using calibrated dispense_speed=14 for water at 0.975mL
2026-02-19 19:29:38,710 - DEBUG - Using calibrated aspirate_wait_time=0.0 for water at 0.975mL
2026-02-19 19:29:38,710 - DEBUG - Using calibrated dispense_wait_time=3.5437186 for water at 0.975mL
2026-02-19 19:29:38,710 - DEBUG - Using calibrated retract_speed=10 for water at 0.975mL
2026-02-19 19:29:38,710 - DEBUG - Using calibrated blowout_vol=0.016158898 for water at 0.975mL
2026-02-19 19:29:38,710 - DEBUG - Using calibrated post_asp_air_vol=0.010581106 for water at 0.975mL
2026-02-19 19:29:38,710 - DEBUG - Using calibrated overaspirate_vol=0.012161364999999981 for water at 0.975mL
2026-02-19 19:29:38,710 - DEBUG - Using calibrated pre_asp_air_vol=0.0 for water at 0.975mL
2026-02-19 19:29:38,710 - DEBUG - Applied object param asp_disp_cycles=0
2026-02-19 19:29:38,710 - DEBUG - Applied object param aspirate_speed=8
2026-02-19 19:29:38,710 - DEBUG - Applied object param aspirate_wait_time=0.0
2026-02-19 19:29:38,710 - DEBUG - Applied object param blowout_vol=0.016158898
2026-02-19 19:29:38,710 - DEBUG - Applied object param dispense_speed=14
2026-02-19 19:29:38,710 - DEBUG - Applied object param dispense_wait_time=3.5437186
2026-02-19 19:29:38,710 - DEBUG - Applied object param overaspirate_vol=0.012161364999999981
2026-02-19 19:29:38,710 - DEBUG - Applied object param post_asp_air_vol=0.010581106
2026-02-19 19:29:38,710 - DEBUG - Applied object param post_retract_wait_time=0.0
2026-02-19 19:29:38,710 - DEBUG - Applied object param pre_asp_air_vol=0.0
2026-02-19 19:29:38,710 - DEBUG - Applied object param retract_speed=10
2026-02-19 19:29:38,712 - INFO - Pipetting into vial 120_min_Reaction_Set1, amount: 0.975 mL
2026-02-19 19:29:38,712 - DEBUG - Adjusting pump 0 speed to 14
2026-02-19 19:29:38,714 - DEBUG - Dispensing 0.998 mL then waiting 3.5437186 s
2026-02-19 19:29:38,714 - DEBUG - Blowing out 0.016 mL
2026-02-19 19:29:38,714 - INFO - Removing pipet
2026-02-19 19:29:38,719 - DEBUG - Using calibrated aspirate_speed=8 for water at 1.950mL
2026-02-19 19:29:38,719 - DEBUG - Using calibrated dispense_speed=14 for water at 1.950mL
2026-02-19 19:29:38,719 - DEBUG - Using calibrated aspirate_wait_time=0.0 for water at 1.950mL
2026-02-19 19:29:38,719 - DEBUG - Using calibrated dispense_wait_time=3.5437186 for water at 1.950mL
2026-02-19 19:29:38,719 - DEBUG - Using calibrated retract_speed=10 for water at 1.950mL
2026-02-19 19:29:38,719 - DEBUG - Using calibrated blowout_vol=0.016158898 for water at 1.950mL
2026-02-19 19:29:38,719 - DEBUG - Using calibrated post_asp_air_vol=0.010581106 for water at 1.950mL
2026-02-19 19:29:38,719 - DEBUG - Using calibrated overaspirate_vol=0.012161364999999981 for water at 1.950mL
2026-02-19 19:29:38,719 - DEBUG - Using calibrated pre_asp_air_vol=0.0 for water at 1.950mL
2026-02-19 19:29:38,719 - INFO - Dispensing 1.950 mL from Assay_reagent_1 to 180_min_Reaction_Set1
2026-02-19 19:29:38,719 - INFO - Total tip volume (1.973 mL) exceeds capacity, splitting into 2 transfers of 0.975 mL each
2026-02-19 19:29:38,727 - DEBUG - Using calibrated aspirate_speed=8 for water at 0.975mL
2026-02-19 19:29:38,727 - DEBUG - Using calibrated dispense_speed=14 for water at 0.975mL
2026-02-19 19:29:38,727 - DEBUG - Using calibrated aspirate_wait_time=0.0 for water at 0.975mL
2026-02-19 19:29:38,729 - DEBUG - Using calibrated dispense_wait_time=3.5437186 for water at 0.975mL
2026-02-19 19:29:38,729 - DEBUG - Using calibrated retract_speed=10 for water at 0.975mL
2026-02-19 19:29:38,729 - DEBUG - Using calibrated blowout_vol=0.016158898 for water at 0.975mL
2026-02-19 19:29:38,729 - DEBUG - Using calibrated post_asp_air_vol=0.010581106 for water at 0.975mL
2026-02-19 19:29:38,729 - DEBUG - Using calibrated overaspirate_vol=0.012161364999999981 for water at 0.975mL
2026-02-19 19:29:38,729 - DEBUG - Using calibrated pre_asp_air_vol=0.0 for water at 0.975mL
2026-02-19 19:29:38,729 - DEBUG - Applied object param asp_disp_cycles=0
2026-02-19 19:29:38,729 - DEBUG - Applied object param aspirate_speed=8
2026-02-19 19:29:38,729 - DEBUG - Applied object param aspirate_wait_time=0.0
2026-02-19 19:29:38,729 - DEBUG - Applied object param blowout_vol=0.016158898
2026-02-19 19:29:38,729 - DEBUG - Applied object param dispense_speed=14
2026-02-19 19:29:38,729 - DEBUG - Applied object param dispense_wait_time=3.5437186
2026-02-19 19:29:38,729 - DEBUG - Applied object param overaspirate_vol=0.012161364999999981
2026-02-19 19:29:38,729 - DEBUG - Applied object param post_asp_air_vol=0.010581106
2026-02-19 19:29:38,729 - DEBUG - Applied object param post_retract_wait_time=0.0
2026-02-19 19:29:38,729 - DEBUG - Applied object param pre_asp_air_vol=0.0
2026-02-19 19:29:38,729 - DEBUG - Applied object param retract_speed=10
2026-02-19 19:29:38,734 - DEBUG - Using calibrated aspirate_speed=8 for water at 0.975mL
2026-02-19 19:29:38,734 - DEBUG - Using calibrated dispense_speed=14 for water at 0.975mL
2026-02-19 19:29:38,734 - DEBUG - Using calibrated aspirate_wait_time=0.0 for water at 0.975mL
2026-02-19 19:29:38,734 - DEBUG - Using calibrated dispense_wait_time=3.5437186 for water at 0.975mL
2026-02-19 19:29:38,734 - DEBUG - Using calibrated retract_speed=10 for water at 0.975mL
2026-02-19 19:29:38,734 - DEBUG - Using calibrated blowout_vol=0.016158898 for water at 0.975mL
2026-02-19 19:29:38,734 - DEBUG - Using calibrated post_asp_air_vol=0.010581106 for water at 0.975mL
2026-02-19 19:29:38,734 - DEBUG - Using calibrated overaspirate_vol=0.012161364999999981 for water at 0.975mL
2026-02-19 19:29:38,734 - DEBUG - Using calibrated pre_asp_air_vol=0.0 for water at 0.975mL
2026-02-19 19:29:38,734 - DEBUG - Applied object param asp_disp_cycles=0
2026-02-19 19:29:38,734 - DEBUG - Applied object param aspirate_speed=8
2026-02-19 19:29:38,734 - DEBUG - Applied object param aspirate_wait_time=0.0
2026-02-19 19:29:38,734 - DEBUG - Applied object param blowout_vol=0.016158898
2026-02-19 19:29:38,734 - DEBUG - Applied object param dispense_speed=14
2026-02-19 19:29:38,734 - DEBUG - Applied object param dispense_wait_time=3.5437186
2026-02-19 19:29:38,734 - DEBUG - Applied object param overaspirate_vol=0.012161364999999981
2026-02-19 19:29:38,735 - DEBUG - Applied object param post_asp_air_vol=0.010581106
2026-02-19 19:29:38,735 - DEBUG - Applied object param post_retract_wait_time=0.0
2026-02-19 19:29:38,735 - DEBUG - Applied object param pre_asp_air_vol=0.0
2026-02-19 19:29:38,735 - DEBUG - Applied object param retract_speed=10
2026-02-19 19:29:38,735 - DEBUG - Selected large_tip for volume 0.998 mL
2026-02-19 19:29:38,735 - INFO - Getting large_tip (pipet number 2) from rack: large_tip_rack_1
2026-02-19 19:29:38,735 - INFO - Pipetting from vial Assay_reagent_1, amount: 0.975 mL
2026-02-19 19:29:38,735 - INFO - Additional volume from calibration, amount: 0.012 mL
2026-02-19 19:29:38,737 - DEBUG - Adjusting pump 0 speed to 10
2026-02-19 19:29:38,737 - DEBUG - Adjusting pump 0 speed to 8
2026-02-19 19:29:38,738 - DEBUG - Aspirating 0.987 mL then waiting 0.0 s
2026-02-19 19:29:38,738 - DEBUG - Aspirating 0.011 mL then waiting 0 s
2026-02-19 19:29:38,743 - DEBUG - Using calibrated aspirate_speed=8 for water at 0.975mL
2026-02-19 19:29:38,743 - DEBUG - Using calibrated dispense_speed=14 for water at 0.975mL
2026-02-19 19:29:38,743 - DEBUG - Using calibrated aspirate_wait_time=0.0 for water at 0.975mL
2026-02-19 19:29:38,743 - DEBUG - Using calibrated dispense_wait_time=3.5437186 for water at 0.975mL
2026-02-19 19:29:38,743 - DEBUG - Using calibrated retract_speed=10 for water at 0.975mL
2026-02-19 19:29:38,743 - DEBUG - Using calibrated blowout_vol=0.016158898 for water at 0.975mL
2026-02-19 19:29:38,743 - DEBUG - Using calibrated post_asp_air_vol=0.010581106 for water at 0.975mL
2026-02-19 19:29:38,743 - DEBUG - Using calibrated overaspirate_vol=0.012161364999999981 for water at 0.975mL
2026-02-19 19:29:38,743 - DEBUG - Using calibrated pre_asp_air_vol=0.0 for water at 0.975mL
2026-02-19 19:29:38,743 - DEBUG - Applied object param asp_disp_cycles=0
2026-02-19 19:29:38,743 - DEBUG - Applied object param aspirate_speed=8
2026-02-19 19:29:38,743 - DEBUG - Applied object param aspirate_wait_time=0.0
2026-02-19 19:29:38,743 - DEBUG - Applied object param blowout_vol=0.016158898
2026-02-19 19:29:38,743 - DEBUG - Applied object param dispense_speed=14
2026-02-19 19:29:38,743 - DEBUG - Applied object param dispense_wait_time=3.5437186
2026-02-19 19:29:38,743 - DEBUG - Applied object param overaspirate_vol=0.012161364999999981
2026-02-19 19:29:38,743 - DEBUG - Applied object param post_asp_air_vol=0.010581106
2026-02-19 19:29:38,743 - DEBUG - Applied object param post_retract_wait_time=0.0
2026-02-19 19:29:38,743 - DEBUG - Applied object param pre_asp_air_vol=0.0
2026-02-19 19:29:38,743 - DEBUG - Applied object param retract_speed=10
2026-02-19 19:29:38,743 - INFO - Pipetting into vial 180_min_Reaction_Set1, amount: 0.975 mL
2026-02-19 19:29:38,747 - DEBUG - Adjusting pump 0 speed to 14
2026-02-19 19:29:38,747 - DEBUG - Dispensing 0.998 mL then waiting 3.5437186 s
2026-02-19 19:29:38,748 - DEBUG - Blowing out 0.016 mL
2026-02-19 19:29:38,753 - DEBUG - Using calibrated aspirate_speed=8 for water at 0.975mL
2026-02-19 19:29:38,753 - DEBUG - Using calibrated dispense_speed=14 for water at 0.975mL
2026-02-19 19:29:38,753 - DEBUG - Using calibrated aspirate_wait_time=0.0 for water at 0.975mL
2026-02-19 19:29:38,753 - DEBUG - Using calibrated dispense_wait_time=3.5437186 for water at 0.975mL
2026-02-19 19:29:38,753 - DEBUG - Using calibrated retract_speed=10 for water at 0.975mL
2026-02-19 19:29:38,753 - DEBUG - Using calibrated blowout_vol=0.016158898 for water at 0.975mL
2026-02-19 19:29:38,753 - DEBUG - Using calibrated post_asp_air_vol=0.010581106 for water at 0.975mL
2026-02-19 19:29:38,753 - DEBUG - Using calibrated overaspirate_vol=0.012161364999999981 for water at 0.975mL
2026-02-19 19:29:38,753 - DEBUG - Using calibrated pre_asp_air_vol=0.0 for water at 0.975mL
2026-02-19 19:29:38,753 - DEBUG - Applied object param asp_disp_cycles=0
2026-02-19 19:29:38,753 - DEBUG - Applied object param aspirate_speed=8
2026-02-19 19:29:38,753 - DEBUG - Applied object param aspirate_wait_time=0.0
2026-02-19 19:29:38,755 - DEBUG - Applied object param blowout_vol=0.016158898
2026-02-19 19:29:38,755 - DEBUG - Applied object param dispense_speed=14
2026-02-19 19:29:38,755 - DEBUG - Applied object param dispense_wait_time=3.5437186
2026-02-19 19:29:38,755 - DEBUG - Applied object param overaspirate_vol=0.012161364999999981
2026-02-19 19:29:38,755 - DEBUG - Applied object param post_asp_air_vol=0.010581106
2026-02-19 19:29:38,755 - DEBUG - Applied object param post_retract_wait_time=0.0
2026-02-19 19:29:38,755 - DEBUG - Applied object param pre_asp_air_vol=0.0
2026-02-19 19:29:38,755 - DEBUG - Applied object param retract_speed=10
2026-02-19 19:29:38,755 - DEBUG - Selected large_tip for volume 0.998 mL
2026-02-19 19:29:38,755 - INFO - Pipetting from vial Assay_reagent_1, amount: 0.975 mL
2026-02-19 19:29:38,755 - INFO - Additional volume from calibration, amount: 0.012 mL
2026-02-19 19:29:38,755 - DEBUG - Adjusting pump 0 speed to 10
2026-02-19 19:29:38,755 - DEBUG - Adjusting pump 0 speed to 8
2026-02-19 19:29:38,755 - DEBUG - Aspirating 0.987 mL then waiting 0.0 s
2026-02-19 19:29:38,755 - DEBUG - Aspirating 0.011 mL then waiting 0 s
2026-02-19 19:29:38,763 - DEBUG - Using calibrated aspirate_speed=8 for water at 0.975mL
2026-02-19 19:29:38,763 - DEBUG - Using calibrated dispense_speed=14 for water at 0.975mL
2026-02-19 19:29:38,763 - DEBUG - Using calibrated aspirate_wait_time=0.0 for water at 0.975mL
2026-02-19 19:29:38,763 - DEBUG - Using calibrated dispense_wait_time=3.5437186 for water at 0.975mL
2026-02-19 19:29:38,763 - DEBUG - Using calibrated retract_speed=10 for water at 0.975mL
2026-02-19 19:29:38,763 - DEBUG - Using calibrated blowout_vol=0.016158898 for water at 0.975mL
2026-02-19 19:29:38,763 - DEBUG - Using calibrated post_asp_air_vol=0.010581106 for water at 0.975mL
2026-02-19 19:29:38,763 - DEBUG - Using calibrated overaspirate_vol=0.012161364999999981 for water at 0.975mL
2026-02-19 19:29:38,763 - DEBUG - Using calibrated pre_asp_air_vol=0.0 for water at 0.975mL
2026-02-19 19:29:38,763 - DEBUG - Applied object param asp_disp_cycles=0
2026-02-19 19:29:38,763 - DEBUG - Applied object param aspirate_speed=8
2026-02-19 19:29:38,763 - DEBUG - Applied object param aspirate_wait_time=0.0
2026-02-19 19:29:38,763 - DEBUG - Applied object param blowout_vol=0.016158898
2026-02-19 19:29:38,763 - DEBUG - Applied object param dispense_speed=14
2026-02-19 19:29:38,763 - DEBUG - Applied object param dispense_wait_time=3.5437186
2026-02-19 19:29:38,763 - DEBUG - Applied object param overaspirate_vol=0.012161364999999981
2026-02-19 19:29:38,763 - DEBUG - Applied object param post_asp_air_vol=0.010581106
2026-02-19 19:29:38,763 - DEBUG - Applied object param post_retract_wait_time=0.0
2026-02-19 19:29:38,763 - DEBUG - Applied object param pre_asp_air_vol=0.0
2026-02-19 19:29:38,763 - DEBUG - Applied object param retract_speed=10
2026-02-19 19:29:38,766 - INFO - Pipetting into vial 180_min_Reaction_Set1, amount: 0.975 mL
2026-02-19 19:29:38,768 - DEBUG - Adjusting pump 0 speed to 14
2026-02-19 19:29:38,768 - DEBUG - Dispensing 0.998 mL then waiting 3.5437186 s
2026-02-19 19:29:38,768 - DEBUG - Blowing out 0.016 mL
2026-02-19 19:29:38,770 - INFO - Removing pipet
2026-02-19 19:29:38,778 - DEBUG - Using calibrated aspirate_speed=8 for water at 1.950mL
2026-02-19 19:29:38,778 - DEBUG - Using calibrated dispense_speed=14 for water at 1.950mL
2026-02-19 19:29:38,778 - DEBUG - Using calibrated aspirate_wait_time=0.0 for water at 1.950mL
2026-02-19 19:29:38,778 - DEBUG - Using calibrated dispense_wait_time=3.5437186 for water at 1.950mL
2026-02-19 19:29:38,778 - DEBUG - Using calibrated retract_speed=10 for water at 1.950mL
2026-02-19 19:29:38,778 - DEBUG - Using calibrated blowout_vol=0.016158898 for water at 1.950mL
2026-02-19 19:29:38,778 - DEBUG - Using calibrated post_asp_air_vol=0.010581106 for water at 1.950mL
2026-02-19 19:29:38,778 - DEBUG - Using calibrated overaspirate_vol=0.012161364999999981 for water at 1.950mL
2026-02-19 19:29:38,778 - DEBUG - Using calibrated pre_asp_air_vol=0.0 for water at 1.950mL
2026-02-19 19:29:38,778 - INFO - Dispensing 1.950 mL from Assay_reagent_1 to 240_min_Reaction_Set1
2026-02-19 19:29:38,778 - INFO - Total tip volume (1.973 mL) exceeds capacity, splitting into 2 transfers of 0.975 mL each
2026-02-19 19:29:38,784 - DEBUG - Using calibrated aspirate_speed=8 for water at 0.975mL
2026-02-19 19:29:38,785 - DEBUG - Using calibrated dispense_speed=14 for water at 0.975mL
2026-02-19 19:29:38,785 - DEBUG - Using calibrated aspirate_wait_time=0.0 for water at 0.975mL
2026-02-19 19:29:38,785 - DEBUG - Using calibrated dispense_wait_time=3.5437186 for water at 0.975mL
2026-02-19 19:29:38,785 - DEBUG - Using calibrated retract_speed=10 for water at 0.975mL
2026-02-19 19:29:38,785 - DEBUG - Using calibrated blowout_vol=0.016158898 for water at 0.975mL
2026-02-19 19:29:38,785 - DEBUG - Using calibrated post_asp_air_vol=0.010581106 for water at 0.975mL
2026-02-19 19:29:38,785 - DEBUG - Using calibrated overaspirate_vol=0.012161364999999981 for water at 0.975mL
2026-02-19 19:29:38,785 - DEBUG - Using calibrated pre_asp_air_vol=0.0 for water at 0.975mL
2026-02-19 19:29:38,785 - DEBUG - Applied object param asp_disp_cycles=0
2026-02-19 19:29:38,785 - DEBUG - Applied object param aspirate_speed=8
2026-02-19 19:29:38,785 - DEBUG - Applied object param aspirate_wait_time=0.0
2026-02-19 19:29:38,785 - DEBUG - Applied object param blowout_vol=0.016158898
2026-02-19 19:29:38,785 - DEBUG - Applied object param dispense_speed=14
2026-02-19 19:29:38,785 - DEBUG - Applied object param dispense_wait_time=3.5437186
2026-02-19 19:29:38,785 - DEBUG - Applied object param overaspirate_vol=0.012161364999999981
2026-02-19 19:29:38,785 - DEBUG - Applied object param post_asp_air_vol=0.010581106
2026-02-19 19:29:38,785 - DEBUG - Applied object param post_retract_wait_time=0.0
2026-02-19 19:29:38,785 - DEBUG - Applied object param pre_asp_air_vol=0.0
2026-02-19 19:29:38,785 - DEBUG - Applied object param retract_speed=10
2026-02-19 19:29:38,792 - DEBUG - Using calibrated aspirate_speed=8 for water at 0.975mL
2026-02-19 19:29:38,792 - DEBUG - Using calibrated dispense_speed=14 for water at 0.975mL
2026-02-19 19:29:38,792 - DEBUG - Using calibrated aspirate_wait_time=0.0 for water at 0.975mL
2026-02-19 19:29:38,792 - DEBUG - Using calibrated dispense_wait_time=3.5437186 for water at 0.975mL
2026-02-19 19:29:38,792 - DEBUG - Using calibrated retract_speed=10 for water at 0.975mL
2026-02-19 19:29:38,792 - DEBUG - Using calibrated blowout_vol=0.016158898 for water at 0.975mL
2026-02-19 19:29:38,792 - DEBUG - Using calibrated post_asp_air_vol=0.010581106 for water at 0.975mL
2026-02-19 19:29:38,792 - DEBUG - Using calibrated overaspirate_vol=0.012161364999999981 for water at 0.975mL
2026-02-19 19:29:38,792 - DEBUG - Using calibrated pre_asp_air_vol=0.0 for water at 0.975mL
2026-02-19 19:29:38,792 - DEBUG - Applied object param asp_disp_cycles=0
2026-02-19 19:29:38,792 - DEBUG - Applied object param aspirate_speed=8
2026-02-19 19:29:38,792 - DEBUG - Applied object param aspirate_wait_time=0.0
2026-02-19 19:29:38,792 - DEBUG - Applied object param blowout_vol=0.016158898
2026-02-19 19:29:38,792 - DEBUG - Applied object param dispense_speed=14
2026-02-19 19:29:38,792 - DEBUG - Applied object param dispense_wait_time=3.5437186
2026-02-19 19:29:38,792 - DEBUG - Applied object param overaspirate_vol=0.012161364999999981
2026-02-19 19:29:38,792 - DEBUG - Applied object param post_asp_air_vol=0.010581106
2026-02-19 19:29:38,792 - DEBUG - Applied object param post_retract_wait_time=0.0
2026-02-19 19:29:38,792 - DEBUG - Applied object param pre_asp_air_vol=0.0
2026-02-19 19:29:38,792 - DEBUG - Applied object param retract_speed=10
2026-02-19 19:29:38,793 - DEBUG - Selected large_tip for volume 0.998 mL
2026-02-19 19:29:38,793 - INFO - Getting large_tip (pipet number 3) from rack: large_tip_rack_1
2026-02-19 19:29:38,795 - INFO - Pipetting from vial Assay_reagent_1, amount: 0.975 mL
2026-02-19 19:29:38,795 - INFO - Additional volume from calibration, amount: 0.012 mL
2026-02-19 19:29:38,796 - DEBUG - Adjusting pump 0 speed to 10
2026-02-19 19:29:38,796 - DEBUG - Adjusting pump 0 speed to 8
2026-02-19 19:29:38,796 - DEBUG - Aspirating 0.987 mL then waiting 0.0 s
2026-02-19 19:29:38,797 - DEBUG - Aspirating 0.011 mL then waiting 0 s
2026-02-19 19:29:38,803 - DEBUG - Using calibrated aspirate_speed=8 for water at 0.975mL
2026-02-19 19:29:38,803 - DEBUG - Using calibrated dispense_speed=14 for water at 0.975mL
2026-02-19 19:29:38,803 - DEBUG - Using calibrated aspirate_wait_time=0.0 for water at 0.975mL
2026-02-19 19:29:38,803 - DEBUG - Using calibrated dispense_wait_time=3.5437186 for water at 0.975mL
2026-02-19 19:29:38,806 - DEBUG - Using calibrated retract_speed=10 for water at 0.975mL
2026-02-19 19:29:38,806 - DEBUG - Using calibrated blowout_vol=0.016158898 for water at 0.975mL
2026-02-19 19:29:38,806 - DEBUG - Using calibrated post_asp_air_vol=0.010581106 for water at 0.975mL
2026-02-19 19:29:38,806 - DEBUG - Using calibrated overaspirate_vol=0.012161364999999981 for water at 0.975mL
2026-02-19 19:29:38,806 - DEBUG - Using calibrated pre_asp_air_vol=0.0 for water at 0.975mL
2026-02-19 19:29:38,806 - DEBUG - Applied object param asp_disp_cycles=0
2026-02-19 19:29:38,806 - DEBUG - Applied object param aspirate_speed=8
2026-02-19 19:29:38,806 - DEBUG - Applied object param aspirate_wait_time=0.0
2026-02-19 19:29:38,806 - DEBUG - Applied object param blowout_vol=0.016158898
2026-02-19 19:29:38,806 - DEBUG - Applied object param dispense_speed=14
2026-02-19 19:29:38,806 - DEBUG - Applied object param dispense_wait_time=3.5437186
2026-02-19 19:29:38,806 - DEBUG - Applied object param overaspirate_vol=0.012161364999999981
2026-02-19 19:29:38,806 - DEBUG - Applied object param post_asp_air_vol=0.010581106
2026-02-19 19:29:38,806 - DEBUG - Applied object param post_retract_wait_time=0.0
2026-02-19 19:29:38,806 - DEBUG - Applied object param pre_asp_air_vol=0.0
2026-02-19 19:29:38,806 - DEBUG - Applied object param retract_speed=10
2026-02-19 19:29:38,809 - INFO - Pipetting into vial 240_min_Reaction_Set1, amount: 0.975 mL
2026-02-19 19:29:38,809 - DEBUG - Adjusting pump 0 speed to 14
2026-02-19 19:29:38,810 - DEBUG - Dispensing 0.998 mL then waiting 3.5437186 s
2026-02-19 19:29:38,810 - DEBUG - Blowing out 0.016 mL
2026-02-19 19:29:38,816 - DEBUG - Using calibrated aspirate_speed=8 for water at 0.975mL
2026-02-19 19:29:38,816 - DEBUG - Using calibrated dispense_speed=14 for water at 0.975mL
2026-02-19 19:29:38,816 - DEBUG - Using calibrated aspirate_wait_time=0.0 for water at 0.975mL
2026-02-19 19:29:38,816 - DEBUG - Using calibrated dispense_wait_time=3.5437186 for water at 0.975mL
2026-02-19 19:29:38,816 - DEBUG - Using calibrated retract_speed=10 for water at 0.975mL
2026-02-19 19:29:38,816 - DEBUG - Using calibrated blowout_vol=0.016158898 for water at 0.975mL
2026-02-19 19:29:38,816 - DEBUG - Using calibrated post_asp_air_vol=0.010581106 for water at 0.975mL
2026-02-19 19:29:38,816 - DEBUG - Using calibrated overaspirate_vol=0.012161364999999981 for water at 0.975mL
2026-02-19 19:29:38,816 - DEBUG - Using calibrated pre_asp_air_vol=0.0 for water at 0.975mL
2026-02-19 19:29:38,816 - DEBUG - Applied object param asp_disp_cycles=0
2026-02-19 19:29:38,816 - DEBUG - Applied object param aspirate_speed=8
2026-02-19 19:29:38,816 - DEBUG - Applied object param aspirate_wait_time=0.0
2026-02-19 19:29:38,816 - DEBUG - Applied object param blowout_vol=0.016158898
2026-02-19 19:29:38,816 - DEBUG - Applied object param dispense_speed=14
2026-02-19 19:29:38,816 - DEBUG - Applied object param dispense_wait_time=3.5437186
2026-02-19 19:29:38,816 - DEBUG - Applied object param overaspirate_vol=0.012161364999999981
2026-02-19 19:29:38,816 - DEBUG - Applied object param post_asp_air_vol=0.010581106
2026-02-19 19:29:38,816 - DEBUG - Applied object param post_retract_wait_time=0.0
2026-02-19 19:29:38,816 - DEBUG - Applied object param pre_asp_air_vol=0.0
2026-02-19 19:29:38,816 - DEBUG - Applied object param retract_speed=10
2026-02-19 19:29:38,817 - DEBUG - Selected large_tip for volume 0.998 mL
2026-02-19 19:29:38,818 - INFO - Pipetting from vial Assay_reagent_1, amount: 0.975 mL
2026-02-19 19:29:38,818 - INFO - Additional volume from calibration, amount: 0.012 mL
2026-02-19 19:29:38,820 - DEBUG - Adjusting pump 0 speed to 10
2026-02-19 19:29:38,820 - DEBUG - Adjusting pump 0 speed to 8
2026-02-19 19:29:38,820 - DEBUG - Aspirating 0.987 mL then waiting 0.0 s
2026-02-19 19:29:38,820 - DEBUG - Aspirating 0.011 mL then waiting 0 s
2026-02-19 19:29:38,827 - DEBUG - Using calibrated aspirate_speed=8 for water at 0.975mL
2026-02-19 19:29:38,827 - DEBUG - Using calibrated dispense_speed=14 for water at 0.975mL
2026-02-19 19:29:38,827 - DEBUG - Using calibrated aspirate_wait_time=0.0 for water at 0.975mL
2026-02-19 19:29:38,827 - DEBUG - Using calibrated dispense_wait_time=3.5437186 for water at 0.975mL
2026-02-19 19:29:38,827 - DEBUG - Using calibrated retract_speed=10 for water at 0.975mL
2026-02-19 19:29:38,827 - DEBUG - Using calibrated blowout_vol=0.016158898 for water at 0.975mL
2026-02-19 19:29:38,827 - DEBUG - Using calibrated post_asp_air_vol=0.010581106 for water at 0.975mL
2026-02-19 19:29:38,827 - DEBUG - Using calibrated overaspirate_vol=0.012161364999999981 for water at 0.975mL
2026-02-19 19:29:38,827 - DEBUG - Using calibrated pre_asp_air_vol=0.0 for water at 0.975mL
2026-02-19 19:29:38,827 - DEBUG - Applied object param asp_disp_cycles=0
2026-02-19 19:29:38,827 - DEBUG - Applied object param aspirate_speed=8
2026-02-19 19:29:38,827 - DEBUG - Applied object param aspirate_wait_time=0.0
2026-02-19 19:29:38,827 - DEBUG - Applied object param blowout_vol=0.016158898
2026-02-19 19:29:38,827 - DEBUG - Applied object param dispense_speed=14
2026-02-19 19:29:38,827 - DEBUG - Applied object param dispense_wait_time=3.5437186
2026-02-19 19:29:38,827 - DEBUG - Applied object param overaspirate_vol=0.012161364999999981
2026-02-19 19:29:38,827 - DEBUG - Applied object param post_asp_air_vol=0.010581106
2026-02-19 19:29:38,827 - DEBUG - Applied object param post_retract_wait_time=0.0
2026-02-19 19:29:38,827 - DEBUG - Applied object param pre_asp_air_vol=0.0
2026-02-19 19:29:38,827 - DEBUG - Applied object param retract_speed=10
2026-02-19 19:29:38,828 - INFO - Pipetting into vial 240_min_Reaction_Set1, amount: 0.975 mL
2026-02-19 19:29:38,829 - DEBUG - Adjusting pump 0 speed to 14
2026-02-19 19:29:38,830 - DEBUG - Dispensing 0.998 mL then waiting 3.5437186 s
2026-02-19 19:29:38,830 - DEBUG - Blowing out 0.016 mL
2026-02-19 19:29:38,831 - INFO - Removing pipet
2026-02-19 19:29:38,835 - DEBUG - Using calibrated aspirate_speed=8 for water at 1.950mL
2026-02-19 19:29:38,839 - DEBUG - Using calibrated dispense_speed=14 for water at 1.950mL
2026-02-19 19:29:38,839 - DEBUG - Using calibrated aspirate_wait_time=0.0 for water at 1.950mL
2026-02-19 19:29:38,839 - DEBUG - Using calibrated dispense_wait_time=3.5437186 for water at 1.950mL
2026-02-19 19:29:38,839 - DEBUG - Using calibrated retract_speed=10 for water at 1.950mL
2026-02-19 19:29:38,839 - DEBUG - Using calibrated blowout_vol=0.016158898 for water at 1.950mL
2026-02-19 19:29:38,839 - DEBUG - Using calibrated post_asp_air_vol=0.010581106 for water at 1.950mL
2026-02-19 19:29:38,839 - DEBUG - Using calibrated overaspirate_vol=0.012161364999999981 for water at 1.950mL
2026-02-19 19:29:38,839 - DEBUG - Using calibrated pre_asp_air_vol=0.0 for water at 1.950mL
2026-02-19 19:29:38,839 - INFO - Dispensing 1.950 mL from Assay_reagent_1 to 300_min_Reaction_Set1
2026-02-19 19:29:38,840 - INFO - Total tip volume (1.973 mL) exceeds capacity, splitting into 2 transfers of 0.975 mL each
2026-02-19 19:29:38,845 - DEBUG - Using calibrated aspirate_speed=8 for water at 0.975mL
2026-02-19 19:29:38,845 - DEBUG - Using calibrated dispense_speed=14 for water at 0.975mL
2026-02-19 19:29:38,845 - DEBUG - Using calibrated aspirate_wait_time=0.0 for water at 0.975mL
2026-02-19 19:29:38,845 - DEBUG - Using calibrated dispense_wait_time=3.5437186 for water at 0.975mL
2026-02-19 19:29:38,845 - DEBUG - Using calibrated retract_speed=10 for water at 0.975mL
2026-02-19 19:29:38,845 - DEBUG - Using calibrated blowout_vol=0.016158898 for water at 0.975mL
2026-02-19 19:29:38,845 - DEBUG - Using calibrated post_asp_air_vol=0.010581106 for water at 0.975mL
2026-02-19 19:29:38,845 - DEBUG - Using calibrated overaspirate_vol=0.012161364999999981 for water at 0.975mL
2026-02-19 19:29:38,845 - DEBUG - Using calibrated pre_asp_air_vol=0.0 for water at 0.975mL
2026-02-19 19:29:38,845 - DEBUG - Applied object param asp_disp_cycles=0
2026-02-19 19:29:38,845 - DEBUG - Applied object param aspirate_speed=8
2026-02-19 19:29:38,845 - DEBUG - Applied object param aspirate_wait_time=0.0
2026-02-19 19:29:38,845 - DEBUG - Applied object param blowout_vol=0.016158898
2026-02-19 19:29:38,845 - DEBUG - Applied object param dispense_speed=14
2026-02-19 19:29:38,845 - DEBUG - Applied object param dispense_wait_time=3.5437186
2026-02-19 19:29:38,845 - DEBUG - Applied object param overaspirate_vol=0.012161364999999981
2026-02-19 19:29:38,845 - DEBUG - Applied object param post_asp_air_vol=0.010581106
2026-02-19 19:29:38,845 - DEBUG - Applied object param post_retract_wait_time=0.0
2026-02-19 19:29:38,845 - DEBUG - Applied object param pre_asp_air_vol=0.0
2026-02-19 19:29:38,845 - DEBUG - Applied object param retract_speed=10
2026-02-19 19:29:38,851 - DEBUG - Using calibrated aspirate_speed=8 for water at 0.975mL
2026-02-19 19:29:38,851 - DEBUG - Using calibrated dispense_speed=14 for water at 0.975mL
2026-02-19 19:29:38,851 - DEBUG - Using calibrated aspirate_wait_time=0.0 for water at 0.975mL
2026-02-19 19:29:38,851 - DEBUG - Using calibrated dispense_wait_time=3.5437186 for water at 0.975mL
2026-02-19 19:29:38,851 - DEBUG - Using calibrated retract_speed=10 for water at 0.975mL
2026-02-19 19:29:38,851 - DEBUG - Using calibrated blowout_vol=0.016158898 for water at 0.975mL
2026-02-19 19:29:38,851 - DEBUG - Using calibrated post_asp_air_vol=0.010581106 for water at 0.975mL
2026-02-19 19:29:38,851 - DEBUG - Using calibrated overaspirate_vol=0.012161364999999981 for water at 0.975mL
2026-02-19 19:29:38,851 - DEBUG - Using calibrated pre_asp_air_vol=0.0 for water at 0.975mL
2026-02-19 19:29:38,851 - DEBUG - Applied object param asp_disp_cycles=0
2026-02-19 19:29:38,851 - DEBUG - Applied object param aspirate_speed=8
2026-02-19 19:29:38,852 - DEBUG - Applied object param aspirate_wait_time=0.0
2026-02-19 19:29:38,852 - DEBUG - Applied object param blowout_vol=0.016158898
2026-02-19 19:29:38,852 - DEBUG - Applied object param dispense_speed=14
2026-02-19 19:29:38,852 - DEBUG - Applied object param dispense_wait_time=3.5437186
2026-02-19 19:29:38,852 - DEBUG - Applied object param overaspirate_vol=0.012161364999999981
2026-02-19 19:29:38,852 - DEBUG - Applied object param post_asp_air_vol=0.010581106
2026-02-19 19:29:38,852 - DEBUG - Applied object param post_retract_wait_time=0.0
2026-02-19 19:29:38,852 - DEBUG - Applied object param pre_asp_air_vol=0.0
2026-02-19 19:29:38,852 - DEBUG - Applied object param retract_speed=10
2026-02-19 19:29:38,852 - DEBUG - Selected large_tip for volume 0.998 mL
2026-02-19 19:29:38,852 - INFO - Getting large_tip (pipet number 4) from rack: large_tip_rack_1
2026-02-19 19:29:38,853 - ERROR - Cannot aspirate more volume than in vial
2026-02-19 19:29:38,853 - WARNING - SIMULATION MODE: Would pause for error: Cannot aspirate more volume than in vial
2026-02-19 19:29:38,855 - INFO - Pipetting from vial Assay_reagent_1, amount: 0.975 mL
2026-02-19 19:29:38,855 - INFO - Additional volume from calibration, amount: 0.012 mL
2026-02-19 19:29:38,856 - DEBUG - Adjusting pump 0 speed to 10
2026-02-19 19:29:38,856 - DEBUG - Adjusting pump 0 speed to 8
2026-02-19 19:29:38,856 - DEBUG - Aspirating 0.987 mL then waiting 0.0 s
2026-02-19 19:29:38,856 - DEBUG - Aspirating 0.011 mL then waiting 0 s
2026-02-19 19:29:38,862 - DEBUG - Using calibrated aspirate_speed=8 for water at 0.975mL
2026-02-19 19:29:38,862 - DEBUG - Using calibrated dispense_speed=14 for water at 0.975mL
2026-02-19 19:29:38,862 - DEBUG - Using calibrated aspirate_wait_time=0.0 for water at 0.975mL
2026-02-19 19:29:38,862 - DEBUG - Using calibrated dispense_wait_time=3.5437186 for water at 0.975mL
2026-02-19 19:29:38,862 - DEBUG - Using calibrated retract_speed=10 for water at 0.975mL
2026-02-19 19:29:38,862 - DEBUG - Using calibrated blowout_vol=0.016158898 for water at 0.975mL
2026-02-19 19:29:38,862 - DEBUG - Using calibrated post_asp_air_vol=0.010581106 for water at 0.975mL
2026-02-19 19:29:38,862 - DEBUG - Using calibrated overaspirate_vol=0.012161364999999981 for water at 0.975mL
2026-02-19 19:29:38,862 - DEBUG - Using calibrated pre_asp_air_vol=0.0 for water at 0.975mL
2026-02-19 19:29:38,862 - DEBUG - Applied object param asp_disp_cycles=0
2026-02-19 19:29:38,862 - DEBUG - Applied object param aspirate_speed=8
2026-02-19 19:29:38,862 - DEBUG - Applied object param aspirate_wait_time=0.0
2026-02-19 19:29:38,862 - DEBUG - Applied object param blowout_vol=0.016158898
2026-02-19 19:29:38,862 - DEBUG - Applied object param dispense_speed=14
2026-02-19 19:29:38,862 - DEBUG - Applied object param dispense_wait_time=3.5437186
2026-02-19 19:29:38,862 - DEBUG - Applied object param overaspirate_vol=0.012161364999999981
2026-02-19 19:29:38,862 - DEBUG - Applied object param post_asp_air_vol=0.010581106
2026-02-19 19:29:38,862 - DEBUG - Applied object param post_retract_wait_time=0.0
2026-02-19 19:29:38,862 - DEBUG - Applied object param pre_asp_air_vol=0.0
2026-02-19 19:29:38,862 - DEBUG - Applied object param retract_speed=10
2026-02-19 19:29:38,863 - INFO - Pipetting into vial 300_min_Reaction_Set1, amount: 0.975 mL
2026-02-19 19:29:38,864 - DEBUG - Adjusting pump 0 speed to 14
2026-02-19 19:29:38,865 - DEBUG - Dispensing 0.998 mL then waiting 3.5437186 s
2026-02-19 19:29:38,865 - DEBUG - Blowing out 0.016 mL
2026-02-19 19:29:38,876 - DEBUG - Using calibrated aspirate_speed=8 for water at 0.975mL
2026-02-19 19:29:38,876 - DEBUG - Using calibrated dispense_speed=14 for water at 0.975mL
2026-02-19 19:29:38,876 - DEBUG - Using calibrated aspirate_wait_time=0.0 for water at 0.975mL
2026-02-19 19:29:38,876 - DEBUG - Using calibrated dispense_wait_time=3.5437186 for water at 0.975mL
2026-02-19 19:29:38,876 - DEBUG - Using calibrated retract_speed=10 for water at 0.975mL
2026-02-19 19:29:38,876 - DEBUG - Using calibrated blowout_vol=0.016158898 for water at 0.975mL
2026-02-19 19:29:38,876 - DEBUG - Using calibrated post_asp_air_vol=0.010581106 for water at 0.975mL
2026-02-19 19:29:38,876 - DEBUG - Using calibrated overaspirate_vol=0.012161364999999981 for water at 0.975mL
2026-02-19 19:29:38,876 - DEBUG - Using calibrated pre_asp_air_vol=0.0 for water at 0.975mL
2026-02-19 19:29:38,876 - DEBUG - Applied object param asp_disp_cycles=0
2026-02-19 19:29:38,876 - DEBUG - Applied object param aspirate_speed=8
2026-02-19 19:29:38,876 - DEBUG - Applied object param aspirate_wait_time=0.0
2026-02-19 19:29:38,876 - DEBUG - Applied object param blowout_vol=0.016158898
2026-02-19 19:29:38,876 - DEBUG - Applied object param dispense_speed=14
2026-02-19 19:29:38,876 - DEBUG - Applied object param dispense_wait_time=3.5437186
2026-02-19 19:29:38,876 - DEBUG - Applied object param overaspirate_vol=0.012161364999999981
2026-02-19 19:29:38,876 - DEBUG - Applied object param post_asp_air_vol=0.010581106
2026-02-19 19:29:38,876 - DEBUG - Applied object param post_retract_wait_time=0.0
2026-02-19 19:29:38,876 - DEBUG - Applied object param pre_asp_air_vol=0.0
2026-02-19 19:29:38,876 - DEBUG - Applied object param retract_speed=10
2026-02-19 19:29:38,877 - DEBUG - Selected large_tip for volume 0.998 mL
2026-02-19 19:29:38,877 - ERROR - Cannot aspirate more volume than in vial
2026-02-19 19:29:38,877 - WARNING - SIMULATION MODE: Would pause for error: Cannot aspirate more volume than in vial
2026-02-19 19:29:38,877 - INFO - Pipetting from vial Assay_reagent_1, amount: 0.975 mL
2026-02-19 19:29:38,877 - INFO - Additional volume from calibration, amount: 0.012 mL
2026-02-19 19:29:38,879 - DEBUG - Adjusting pump 0 speed to 10
2026-02-19 19:29:38,879 - DEBUG - Adjusting pump 0 speed to 8
2026-02-19 19:29:38,879 - DEBUG - Aspirating 0.987 mL then waiting 0.0 s
2026-02-19 19:29:38,879 - DEBUG - Aspirating 0.011 mL then waiting 0 s
2026-02-19 19:29:38,888 - DEBUG - Using calibrated aspirate_speed=8 for water at 0.975mL
2026-02-19 19:29:38,888 - DEBUG - Using calibrated dispense_speed=14 for water at 0.975mL
2026-02-19 19:29:38,888 - DEBUG - Using calibrated aspirate_wait_time=0.0 for water at 0.975mL
2026-02-19 19:29:38,888 - DEBUG - Using calibrated dispense_wait_time=3.5437186 for water at 0.975mL
2026-02-19 19:29:38,888 - DEBUG - Using calibrated retract_speed=10 for water at 0.975mL
2026-02-19 19:29:38,888 - DEBUG - Using calibrated blowout_vol=0.016158898 for water at 0.975mL
2026-02-19 19:29:38,888 - DEBUG - Using calibrated post_asp_air_vol=0.010581106 for water at 0.975mL
2026-02-19 19:29:38,888 - DEBUG - Using calibrated overaspirate_vol=0.012161364999999981 for water at 0.975mL
2026-02-19 19:29:38,888 - DEBUG - Using calibrated pre_asp_air_vol=0.0 for water at 0.975mL
2026-02-19 19:29:38,888 - DEBUG - Applied object param asp_disp_cycles=0
2026-02-19 19:29:38,888 - DEBUG - Applied object param aspirate_speed=8
2026-02-19 19:29:38,889 - DEBUG - Applied object param aspirate_wait_time=0.0
2026-02-19 19:29:38,889 - DEBUG - Applied object param blowout_vol=0.016158898
2026-02-19 19:29:38,889 - DEBUG - Applied object param dispense_speed=14
2026-02-19 19:29:38,889 - DEBUG - Applied object param dispense_wait_time=3.5437186
2026-02-19 19:29:38,889 - DEBUG - Applied object param overaspirate_vol=0.012161364999999981
2026-02-19 19:29:38,889 - DEBUG - Applied object param post_asp_air_vol=0.010581106
2026-02-19 19:29:38,889 - DEBUG - Applied object param post_retract_wait_time=0.0
2026-02-19 19:29:38,889 - DEBUG - Applied object param pre_asp_air_vol=0.0
2026-02-19 19:29:38,889 - DEBUG - Applied object param retract_speed=10
2026-02-19 19:29:38,891 - INFO - Pipetting into vial 300_min_Reaction_Set1, amount: 0.975 mL
2026-02-19 19:29:38,893 - DEBUG - Adjusting pump 0 speed to 14
2026-02-19 19:29:38,895 - DEBUG - Dispensing 0.998 mL then waiting 3.5437186 s
2026-02-19 19:29:38,895 - DEBUG - Blowing out 0.016 mL
2026-02-19 19:29:38,895 - INFO - Removing pipet
2026-02-19 19:29:38,911 - DEBUG - Using calibrated aspirate_speed=8 for water at 1.950mL
2026-02-19 19:29:38,911 - DEBUG - Using calibrated dispense_speed=14 for water at 1.950mL
2026-02-19 19:29:38,911 - DEBUG - Using calibrated aspirate_wait_time=0.0 for water at 1.950mL
2026-02-19 19:29:38,911 - DEBUG - Using calibrated dispense_wait_time=3.5437186 for water at 1.950mL
2026-02-19 19:29:38,912 - DEBUG - Using calibrated retract_speed=10 for water at 1.950mL
2026-02-19 19:29:38,912 - DEBUG - Using calibrated blowout_vol=0.016158898 for water at 1.950mL
2026-02-19 19:29:38,912 - DEBUG - Using calibrated post_asp_air_vol=0.010581106 for water at 1.950mL
2026-02-19 19:29:38,912 - DEBUG - Using calibrated overaspirate_vol=0.012161364999999981 for water at 1.950mL
2026-02-19 19:29:38,912 - DEBUG - Using calibrated pre_asp_air_vol=0.0 for water at 1.950mL
2026-02-19 19:29:38,912 - INFO - Dispensing 1.950 mL from Assay_reagent_1 to 360_min_Reaction_Set1
