2025-10-31 13:17:39,566 - INFO - Initializing North Robot...
2025-10-31 13:17:39,566 - DEBUG - Loading robot configuration files...
2025-10-31 13:17:39,595 - DEBUG - Loaded vial positions configuration from robot_state/vial_positions.yaml
2025-10-31 13:17:39,601 - DEBUG - Loaded pipet tips configuration from robot_state/pipet_tips.yaml
2025-10-31 13:17:39,622 - DEBUG - Loaded pipet racks configuration from robot_state/pipet_racks.yaml
2025-10-31 13:17:39,632 - DEBUG - Loaded pump configuration from robot_state/syringe_pumps.yaml
2025-10-31 13:17:39,644 - DEBUG - Loaded robot hardware configuration from robot_state/robot_hardware.yaml
2025-10-31 13:17:39,654 - DEBUG - Loaded wellplate properties configuration from robot_state/wellplates.yaml
2025-10-31 13:17:39,654 - DEBUG - Loading robot state files...
2025-10-31 13:17:39,674 - DEBUG - Loaded vial data from status/calibration_vials_short.csv
2025-10-31 13:17:39,682 - DEBUG - Loaded robot status from robot_state/robot_status.yaml
2025-10-31 13:17:39,685 - DEBUG - Loaded wellplate positions from robot_state/wellplates.yaml
2025-10-31 13:17:39,685 - DEBUG - Robot status loaded successfully
2025-10-31 13:17:39,686 - DEBUG - Loading pumps from YAML configuration...
2025-10-31 13:17:39,791 - DEBUG - Loaded pump 0: volume=1.0mL, speed=11, liquid=None
2025-10-31 13:17:39,896 - DEBUG - Loaded pump 1: volume=2.5mL, speed=15, liquid=water
2025-10-31 13:17:39,896 - DEBUG - Physical initialization of North Robot...
2025-10-31 13:17:40,213 - WARNING - The robot reports having liquid in its tip... Returning that liquid...
2025-10-31 13:17:40,214 - INFO - Pipetting into vial liquid_source_0, amount: 1.0 mL
2025-10-31 13:17:40,229 - DEBUG - Adjusting pump 0 speed to 13
2025-10-31 13:17:43,648 - DEBUG - Dispensing 1.000 mL then waiting 1.0 s
2025-10-31 13:17:43,648 - WARNING - Dispense exceeded limit: Dispensing all liquid
2025-10-31 13:17:44,815 - DEBUG - Blowing out 0.050 mL
2025-10-31 13:17:46,601 - WARNING - The robot reports having a tip, removing the tip
2025-10-31 13:17:46,601 - INFO - Removing pipet
2025-10-31 13:17:49,833 - INFO - Moving robot to home position
2025-10-31 13:18:05,729 - DEBUG - Current reader status: -2
2025-10-31 13:18:05,729 - WARNING - Cytation5 not connected... May need to restart
2025-10-31 13:18:05,729 - INFO - Initializing North Track...
2025-10-31 13:18:05,729 - DEBUG - Loading track status from file: robot_state/track_status.yaml
2025-10-31 13:18:05,729 - DEBUG - Getting track status from file: robot_state/track_status.yaml
2025-10-31 13:18:05,746 - DEBUG - Loaded track status from robot_state/track_status.yaml
2025-10-31 13:18:05,746 - DEBUG - Loading track positions from: robot_state/track_positions.yaml
2025-10-31 13:18:05,765 - DEBUG - Loaded track positions configuration from robot_state/track_positions.yaml
2025-10-31 13:18:05,765 - DEBUG - Loading robot hardware configuration from: robot_state/robot_hardware.yaml
2025-10-31 13:18:05,765 - DEBUG - Loaded robot hardware configuration from robot_state/robot_hardware.yaml
2025-10-31 13:18:05,765 - DEBUG - Loaded wellplate properties configuration from robot_state/wellplates.yaml
2025-10-31 13:18:05,892 - DEBUG - Moving North Track to home position
2025-10-31 13:18:05,907 - INFO -     vial_index           vial_name         location  location_index  vial_volume  capped cap_type vial_type    home_location  home_location_index
0            0  measurement_vial_0            clamp               0      4.05278    True     open      8_mL    main_8mL_rack                    0
1            1  measurement_vial_1    main_8mL_rack               1      0.00000    True     open      8_mL    main_8mL_rack                    1
2            2  measurement_vial_2    main_8mL_rack               2      0.00000    True     open      8_mL    main_8mL_rack                    2
3            3  measurement_vial_3    main_8mL_rack               3      0.00000    True     open      8_mL    main_8mL_rack                    3
4            4  measurement_vial_4    main_8mL_rack               4      0.00000    True     open      8_mL    main_8mL_rack                    4
5            5  measurement_vial_5    main_8mL_rack               5      0.00000    True     open      8_mL    main_8mL_rack                    5
6            6  measurement_vial_6    main_8mL_rack               6      0.00000    True     open      8_mL    main_8mL_rack                    6
7            7  measurement_vial_7    main_8mL_rack               7      0.00000    True     open      8_mL    main_8mL_rack                    7
8            8  measurement_vial_8    main_8mL_rack               8      0.00000    True     open      8_mL    main_8mL_rack                    8
9            9  measurement_vial_9    main_8mL_rack               9      0.00000    True     open      8_mL    main_8mL_rack                    9
10          10       liquid_source   50mL_vial_rack               0      0.00000    True     open     50_mL   50mL_vial_rack                    0
11          11     liquid_source_0  large_vial_rack               2     12.94722    True     open     20_mL  large_vial_rack                    2
2025-10-31 13:18:05,955 - INFO - Visualizing vial racks...
2025-10-31 13:18:06,151 - DEBUG - Visualizing rack: Main Rack with filter: main_8mL_rack
2025-10-31 13:18:06,295 - DEBUG - Visualizing rack: Second Rack with filter: large_vial_rack
2025-10-31 13:18:12,628 - INFO - --Wellplate status-- 
 Wellplate type: 96 WELL PLATE 
 Number in source: 0 
 Number in waste: 3 
 Active wellplate position: pipetting_area
2025-10-31 13:18:12,628 - INFO - Visualizing wellplate status...
2025-10-31 13:18:15,878 - INFO - Vial measurement_vial_0 already at clamp index 0, no move needed
2025-10-31 13:18:15,883 - INFO - [vial-mgmt] manage_vials called: mode=single cfg_keys=['source_vial', 'measurement_vial', 'waste_vial', 'reservoir_index', 'min_source_ml', 'refill_target_ml', 'max_measurement_ml']
2025-10-31 13:18:15,883 - INFO - [single] Initialized single vial mode with: measurement_vial_0 (already in clamp from startup)
2025-10-31 13:18:15,886 - DEBUG - Selected small_tip for volume 0.008 mL
2025-10-31 13:18:15,886 - INFO - Getting small_tip (pipet number 2) from rack: small_tip_rack_1
2025-10-31 13:18:20,236 - INFO - Pipetting from vial measurement_vial_0, amount: 0.008 mL
2025-10-31 13:18:20,243 - DEBUG - Adjusting pump 0 speed to 10.0
2025-10-31 13:18:20,243 - WARNING - Converting pump speed 10.0 to integer 10
2025-10-31 13:18:23,612 - DEBUG - Aspirating 0.008 mL then waiting 0.0 s
2025-10-31 13:18:24,300 - DEBUG - Aspirating 0.015 mL then waiting 0 s
2025-10-31 13:18:24,630 - INFO - Pipetting into vial measurement_vial_0, amount: 0.008 mL
2025-10-31 13:18:26,279 - DEBUG - Adjusting pump 0 speed to 12.0
2025-10-31 13:18:26,279 - WARNING - Converting pump speed 12.0 to integer 12
2025-10-31 13:18:28,148 - DEBUG - Dispensing 0.023 mL then waiting 2.0 s
2025-10-31 13:18:28,148 - WARNING - Dispense exceeded limit: Dispensing all liquid
2025-10-31 13:18:30,436 - DEBUG - Blowing out 0.021 mL
2025-10-31 13:18:35,283 - INFO - Removing pipet
2025-10-31 13:18:38,678 - INFO - [vial-mgmt] manage_vials called: mode=single cfg_keys=['source_vial', 'measurement_vial', 'waste_vial', 'reservoir_index', 'min_source_ml', 'refill_target_ml', 'max_measurement_ml']
2025-10-31 13:18:38,678 - INFO - [single] Single mode already active with: measurement_vial_0
2025-10-31 13:18:38,678 - DEBUG - Selected small_tip for volume 0.008 mL
2025-10-31 13:18:38,678 - INFO - Getting small_tip (pipet number 3) from rack: small_tip_rack_1
