2026-03-31 14:52:48,092 - DEBUG - No workflow config provided - using default initialization
2026-03-31 14:52:48,092 - INFO - Launching status review GUI...
2026-03-31 14:52:48,274 - INFO - Detected workflow name: enhanced_SP_arm_position_program_v1.1_xy_coordinate_system
2026-03-31 14:52:48,668 - INFO - Config editor loaded for workflow: enhanced_SP_arm_position_program_v1.1_xy_coordinate_system
2026-03-31 14:52:51,871 - INFO - User selected: Run Workflow
2026-03-31 14:52:51,877 - INFO - Status review completed - proceeding with hardware initialization
2026-03-31 14:52:52,208 - INFO - Initializing North Robot...
2026-03-31 14:52:52,208 - DEBUG - Loading robot configuration files...
2026-03-31 14:52:52,226 - DEBUG - Loaded vial positions configuration from robot_state/vial_positions.yaml
2026-03-31 14:52:52,228 - DEBUG - Loaded pipet tips configuration from robot_state/pipet_tips.yaml
2026-03-31 14:52:52,231 - DEBUG - Loaded pipet racks configuration from robot_state/pipet_racks.yaml
2026-03-31 14:52:52,231 - DEBUG - Loaded pump configuration from robot_state/syringe_pumps.yaml
2026-03-31 14:52:52,231 - DEBUG - Loaded robot hardware configuration from robot_state/robot_hardware.yaml
2026-03-31 14:52:52,242 - DEBUG - Loaded wellplate properties configuration from robot_state/wellplates.yaml
2026-03-31 14:52:52,242 - DEBUG - Loading robot state files...
2026-03-31 14:52:52,250 - DEBUG - Loaded vial data from status/surfactant_grid_vials_expanded.csv
2026-03-31 14:52:52,250 - DEBUG - Loaded robot status from robot_state/robot_status.yaml
2026-03-31 14:52:52,258 - DEBUG - Loaded wellplate positions from robot_state/wellplates.yaml
2026-03-31 14:52:52,259 - DEBUG - Robot status loaded successfully
2026-03-31 14:52:52,259 - INFO - Physical initialization of North Robot...
2026-03-31 14:52:55,710 - DEBUG - Loading pumps from YAML configuration...
2026-03-31 14:52:55,809 - DEBUG - Loaded pump 0: volume=1.0mL, speed=11, liquid=None
2026-03-31 14:52:55,910 - DEBUG - Loaded pump 1: volume=2.5mL, speed=15, liquid=water
2026-03-31 14:52:55,910 - INFO - Moving robot to home position
2026-03-31 14:52:59,479 - DEBUG - Initializing centrifuge controller...
2026-03-31 14:53:00,330 - DEBUG - Current reader status: -2
2026-03-31 14:53:00,330 - ERROR - Cytation5 not connected... May need to restart
2026-03-31 14:53:04,148 - INFO - Initializing North Track...
2026-03-31 14:53:04,148 - DEBUG - Loading track status from file: robot_state/track_status.yaml
2026-03-31 14:53:04,148 - DEBUG - Getting track status from file: robot_state/track_status.yaml
2026-03-31 14:53:04,148 - DEBUG - Loaded track status from robot_state/track_status.yaml
2026-03-31 14:53:04,148 - DEBUG - Loading track positions from: robot_state/track_positions.yaml
2026-03-31 14:53:04,171 - DEBUG - Loaded track positions configuration from robot_state/track_positions.yaml
2026-03-31 14:53:04,171 - DEBUG - Loading robot hardware configuration from: robot_state/robot_hardware.yaml
2026-03-31 14:53:04,174 - DEBUG - Loaded robot hardware configuration from robot_state/robot_hardware.yaml
2026-03-31 14:53:04,174 - DEBUG - Loaded wellplate properties configuration from robot_state/wellplates.yaml
2026-03-31 14:53:04,239 - DEBUG - Moving North Track to home position
2026-03-31 14:53:04,239 - DEBUG - Detected origin position (0,0) - setting location to 'origin'
2026-03-31 14:53:04,239 - DEBUG - Updated gripper location to: origin at position {'x': 0, 'z': 0}
