2026-06-01 16:19:41,789 - DEBUG - No workflow config provided - using default initialization
2026-06-01 16:19:41,789 - INFO - GUI disabled - skipping status review, proceeding directly to hardware initialization
2026-06-01 16:19:42,009 - INFO - Initializing North Robot...
2026-06-01 16:19:42,009 - DEBUG - Loading robot configuration files...
2026-06-01 16:19:42,025 - DEBUG - Loaded vial positions configuration from robot_state/vial_positions.yaml
2026-06-01 16:19:42,025 - DEBUG - Loaded pipet tips configuration from robot_state/pipet_tips.yaml
2026-06-01 16:19:42,025 - DEBUG - Loaded pipet racks configuration from robot_state/pipet_racks.yaml
2026-06-01 16:19:42,025 - DEBUG - Loaded pump configuration from robot_state/syringe_pumps.yaml
2026-06-01 16:19:42,025 - DEBUG - Loaded robot hardware configuration from robot_state/robot_hardware.yaml
2026-06-01 16:19:42,045 - DEBUG - Loaded wellplate properties configuration from robot_state/wellplates.yaml
2026-06-01 16:19:42,045 - DEBUG - Loading robot state files...
2026-06-01 16:19:42,045 - DEBUG - Loaded vial data from status/calibration_vials_short.csv
2026-06-01 16:19:42,045 - DEBUG - Loaded robot status from robot_state/robot_status.yaml
2026-06-01 16:19:42,059 - DEBUG - Loaded wellplate positions from robot_state/wellplates.yaml
2026-06-01 16:19:42,059 - DEBUG - Robot status loaded successfully
2026-06-01 16:19:42,059 - INFO - Physical initialization of North Robot...
2026-06-01 16:19:45,652 - DEBUG - Loading pumps from YAML configuration...
2026-06-01 16:19:45,773 - DEBUG - Loaded pump 0: volume=1.0mL, speed=11, liquid=None
2026-06-01 16:19:45,867 - DEBUG - Loaded pump 1: volume=2.5mL, speed=15, liquid=water
2026-06-01 16:19:45,867 - INFO - Moving robot to home position
2026-06-01 16:19:46,274 - DEBUG - Initializing centrifuge controller...
2026-06-01 16:19:46,274 - INFO - Initializing North Track...
2026-06-01 16:19:46,274 - DEBUG - Loading track status from file: robot_state/track_status.yaml
2026-06-01 16:19:46,274 - DEBUG - Getting track status from file: robot_state/track_status.yaml
2026-06-01 16:19:46,274 - DEBUG - Loaded track status from robot_state/track_status.yaml
2026-06-01 16:19:46,274 - DEBUG - Loading track positions from: robot_state/track_positions.yaml
2026-06-01 16:19:46,274 - DEBUG - Loaded track positions configuration from robot_state/track_positions.yaml
2026-06-01 16:19:46,274 - DEBUG - Loading robot hardware configuration from: robot_state/robot_hardware.yaml
2026-06-01 16:19:46,274 - DEBUG - Loaded robot hardware configuration from robot_state/robot_hardware.yaml
2026-06-01 16:19:46,290 - DEBUG - Loaded wellplate properties configuration from robot_state/wellplates.yaml
2026-06-01 16:19:46,362 - DEBUG - Moving North Track to home position
2026-06-01 16:19:46,362 - DEBUG - Detected origin position (0,0) - setting location to 'origin'
2026-06-01 16:19:46,363 - DEBUG - Updated gripper location to: origin at position {'x': 0, 'z': 0}
2026-06-01 16:19:46,363 - INFO - Homing all robot components...
2026-06-01 16:19:46,363 - DEBUG - Homing carousel...
2026-06-01 16:19:54,183 - DEBUG - Homing robot axes...
2026-06-01 16:20:06,390 - DEBUG - Homing pump 0...
2026-06-01 16:20:08,088 - DEBUG - Homing pump 1...
2026-06-01 16:20:09,722 - DEBUG - Homing track axes...
2026-06-01 16:20:09,722 - DEBUG - Homing track axis z_axis (axis 6)...
2026-06-01 16:20:13,261 - DEBUG - Homing track axis x_axis (axis 7)...
2026-06-01 16:20:17,313 - INFO - All robot components homed successfully
2026-06-01 16:20:17,313 - INFO - Moving vial agar_water_4% to clamp: 0
2026-06-01 16:20:17,313 - DEBUG - Grabbing vial 1 with index 1
2026-06-01 16:20:19,544 - DEBUG - Dropping off vial 1 at location clamp with index 0
2026-06-01 16:20:22,777 - DEBUG - Vial move required for pipetting
2026-06-01 16:20:22,779 - INFO - Moving vial agar_water_4% to safe pipetting location
2026-06-01 16:20:22,779 - INFO - Vial 1 already at clamp index 0, no move needed
2026-06-01 16:20:22,779 - DEBUG - Removing cap from clamped vial
2026-06-01 16:20:27,159 - INFO - Vial agar_water_4% already at clamp index 0, no move needed
2026-06-01 16:20:31,157 - DEBUG - Applied dict param aspirate_speed=10
2026-06-01 16:20:31,157 - DEBUG - Applied dict param dispense_speed=10
2026-06-01 16:20:31,157 - DEBUG - Applied dict param aspirate_wait_time=0.0
2026-06-01 16:20:31,157 - DEBUG - Applied dict param dispense_wait_time=1.5
2026-06-01 16:20:31,157 - DEBUG - Applied dict param pre_asp_air_vol=0.0
2026-06-01 16:20:31,157 - DEBUG - Applied dict param retract_speed=5.0
2026-06-01 16:20:31,157 - DEBUG - Applied dict param blowout_vol=0.0
2026-06-01 16:20:31,157 - DEBUG - Applied dict param post_asp_air_vol=0.0
2026-06-01 16:20:31,157 - DEBUG - Applied dict param post_retract_wait_time=0.0
2026-06-01 16:20:31,157 - DEBUG - Applied dict param overaspirate_vol=0.0
2026-06-01 16:20:31,157 - DEBUG - Applied dict param asp_disp_cycles=0
2026-06-01 16:20:31,159 - DEBUG - Selected small_tip for volume 0.050 mL
2026-06-01 16:20:31,160 - INFO - Getting small_tip (pipet number 3) from rack: small_tip_rack_1
2026-06-01 16:20:35,738 - INFO - Pipetting from vial agar_water_4%, amount: 0.050 mL
2026-06-01 16:20:35,739 - INFO - Additional volume from calibration, amount: 0.000 mL
2026-06-01 16:20:35,739 - DEBUG - Adjusting pump 0 speed to 10
2026-06-01 16:20:38,051 - DEBUG - Adjusting pump 0 speed to 10
2026-06-01 16:20:38,926 - DEBUG - Aspirating 0.050 mL then waiting 0.0 s
2026-06-01 16:20:40,013 - DEBUG - Applied dict param aspirate_speed=10
2026-06-01 16:20:40,013 - DEBUG - Applied dict param dispense_speed=10
2026-06-01 16:20:40,013 - DEBUG - Applied dict param aspirate_wait_time=0.0
2026-06-01 16:20:40,013 - DEBUG - Applied dict param dispense_wait_time=1.5
2026-06-01 16:20:40,013 - DEBUG - Applied dict param pre_asp_air_vol=0.0
2026-06-01 16:20:40,013 - DEBUG - Applied dict param retract_speed=5.0
2026-06-01 16:20:40,013 - DEBUG - Applied dict param blowout_vol=0.0
2026-06-01 16:20:40,013 - DEBUG - Applied dict param post_asp_air_vol=0.0
2026-06-01 16:20:40,013 - DEBUG - Applied dict param post_retract_wait_time=0.0
2026-06-01 16:20:40,013 - DEBUG - Applied dict param overaspirate_vol=0.0
2026-06-01 16:20:40,013 - DEBUG - Applied dict param asp_disp_cycles=0
2026-06-01 16:20:40,015 - INFO - Pipetting into vial agar_water_4%, amount: 0.050 mL
2026-06-01 16:20:40,015 - DEBUG - Adjusting pump 0 speed to 10
2026-06-01 16:20:41,766 - INFO - Short wait time (1.0s), allowing scale to settle after robot positioning...
2026-06-01 16:20:42,774 - INFO - Started continuous mass monitoring with pre-dispense baseline
2026-06-01 16:20:42,957 - DEBUG - Mass: 14.7561g at 0.000s (baseline_pre) steady=True
2026-06-01 16:20:43,357 - DEBUG - Mass: 14.7561g at 0.397s (baseline_pre) steady=True
2026-06-01 16:20:43,757 - DEBUG - Mass: 14.7561g at 0.792s (baseline_pre) steady=True
2026-06-01 16:20:44,158 - DEBUG - Mass: 14.7561g at 1.200s (baseline_pre) steady=True
2026-06-01 16:20:44,557 - DEBUG - Mass: 14.7561g at 1.593s (baseline_pre) steady=True
2026-06-01 16:20:44,783 - DEBUG - Dispensing 0.050 mL then waiting 1.5 s
2026-06-01 16:20:44,947 - DEBUG - Mass: 14.7561g at 1.994s (baseline_pre) steady=True
2026-06-01 16:20:45,344 - DEBUG - Mass: 14.7599g at 2.395s (dispensing) steady=False
2026-06-01 16:20:45,756 - DEBUG - Mass: 14.7597g at 2.785s (dispensing) steady=False
2026-06-01 16:20:46,156 - DEBUG - Mass: 14.7588g at 3.185s (dispensing) steady=False
2026-06-01 16:20:46,549 - DEBUG - Mass: 14.7588g at 3.586s (dispensing) steady=False
2026-06-01 16:20:46,925 - INFO - Dispensing took 2.142s, collecting post-dispense baseline
2026-06-01 16:20:46,956 - DEBUG - Mass: 14.7593g at 3.998s (dispensing) steady=False
2026-06-01 16:20:47,342 - DEBUG - Mass: 14.7587g at 4.387s (baseline_post) steady=False
2026-06-01 16:20:47,744 - DEBUG - Mass: 14.7592g at 4.785s (baseline_post) steady=True
2026-06-01 16:20:48,157 - DEBUG - Mass: 14.7592g at 5.186s (baseline_post) steady=True
2026-06-01 16:20:48,557 - DEBUG - Mass: 14.7592g at 5.587s (baseline_post) steady=True
2026-06-01 16:20:48,957 - DEBUG - Mass: 14.7592g at 5.987s (baseline_post) steady=True
2026-06-01 16:20:49,158 - INFO - Stopped continuous mass monitoring. Collected 16 data points
2026-06-01 16:20:49,163 - INFO - Pre-baseline: 6 stable readings, avg=14.756100g
2026-06-01 16:20:49,163 - INFO - Post-baseline: 4 stable readings, avg=14.759200g
2026-06-01 16:20:49,164 - INFO - INDEPENDENT BASELINE calculation:
2026-06-01 16:20:49,164 - INFO - Pre: STABLE, Post: STABLE, Mass difference: 0.003100g
2026-06-01 16:20:49,165 - INFO - Reading summary: 6 pre-readings (6 stable), 5 post-readings (4 stable)
2026-06-01 16:20:49,165 - INFO - Baseline variability: pre_std=0.000000g, post_std=0.000224g
2026-06-01 16:20:49,165 - INFO - Target: 0.050 mL = ~0.050000 g for water
2026-06-01 16:20:49,168 - INFO - Saved 16 mass measurements to output\mass_measurements\experiment_log2026-06-01_16-19-41\mass_data_agar_water_4%_20260601_162049.csv
2026-06-01 16:20:49,634 - INFO - Saved dispense mass vs time plot to output\mass_measurements\experiment_log2026-06-01_16-19-41\mass_plot_agar_water_4%_20260601_162049.png
2026-06-01 16:20:49,634 - INFO - Removing pipet
2026-06-01 16:20:52,961 - INFO - Vial agar_water_4% already at clamp index 0, no move needed
2026-06-01 16:20:53,560 - INFO - Vial agar_water_4% already at clamp index 0, no move needed
2026-06-01 16:20:53,757 - DEBUG - Applied dict param aspirate_speed=10
2026-06-01 16:20:53,757 - DEBUG - Applied dict param dispense_speed=10
2026-06-01 16:20:53,757 - DEBUG - Applied dict param aspirate_wait_time=0.0
2026-06-01 16:20:53,757 - DEBUG - Applied dict param dispense_wait_time=1.5
2026-06-01 16:20:53,757 - DEBUG - Applied dict param pre_asp_air_vol=0.0
2026-06-01 16:20:53,757 - DEBUG - Applied dict param retract_speed=5.0
2026-06-01 16:20:53,757 - DEBUG - Applied dict param blowout_vol=0.0
2026-06-01 16:20:53,757 - DEBUG - Applied dict param post_asp_air_vol=0.0
2026-06-01 16:20:53,757 - DEBUG - Applied dict param post_retract_wait_time=0.0
2026-06-01 16:20:53,757 - DEBUG - Applied dict param overaspirate_vol=0.0
2026-06-01 16:20:53,757 - DEBUG - Applied dict param asp_disp_cycles=0
2026-06-01 16:20:53,757 - DEBUG - Selected small_tip for volume 0.050 mL
2026-06-01 16:20:53,757 - INFO - Getting small_tip (pipet number 4) from rack: small_tip_rack_1
2026-06-01 16:20:56,629 - INFO - Pipetting from vial agar_water_4%, amount: 0.050 mL
2026-06-01 16:20:56,629 - INFO - Additional volume from calibration, amount: 0.000 mL
2026-06-01 16:20:56,629 - DEBUG - Adjusting pump 0 speed to 10
2026-06-01 16:20:58,835 - DEBUG - Adjusting pump 0 speed to 10
2026-06-01 16:20:59,733 - DEBUG - Aspirating 0.050 mL then waiting 0.0 s
2026-06-01 16:21:00,772 - DEBUG - Applied dict param aspirate_speed=10
2026-06-01 16:21:00,772 - DEBUG - Applied dict param dispense_speed=10
2026-06-01 16:21:00,772 - DEBUG - Applied dict param aspirate_wait_time=0.0
2026-06-01 16:21:00,772 - DEBUG - Applied dict param dispense_wait_time=1.5
2026-06-01 16:21:00,772 - DEBUG - Applied dict param pre_asp_air_vol=0.0
2026-06-01 16:21:00,772 - DEBUG - Applied dict param retract_speed=5.0
2026-06-01 16:21:00,772 - DEBUG - Applied dict param blowout_vol=0.0
2026-06-01 16:21:00,772 - DEBUG - Applied dict param post_asp_air_vol=0.0
2026-06-01 16:21:00,772 - DEBUG - Applied dict param post_retract_wait_time=0.0
2026-06-01 16:21:00,772 - DEBUG - Applied dict param overaspirate_vol=0.0
2026-06-01 16:21:00,772 - DEBUG - Applied dict param asp_disp_cycles=0
2026-06-01 16:21:00,772 - INFO - Pipetting into vial agar_water_4%, amount: 0.050 mL
2026-06-01 16:21:00,782 - DEBUG - Adjusting pump 0 speed to 10
2026-06-01 16:21:02,537 - INFO - Short wait time (1.0s), allowing scale to settle after robot positioning...
2026-06-01 16:21:03,538 - INFO - Started continuous mass monitoring with pre-dispense baseline
2026-06-01 16:21:03,755 - DEBUG - Mass: 14.7489g at 0.000s (baseline_pre) steady=False
2026-06-01 16:21:04,151 - DEBUG - Mass: 14.7489g at 0.423s (baseline_pre) steady=True
2026-06-01 16:21:04,558 - DEBUG - Mass: 14.7489g at 0.828s (baseline_pre) steady=True
2026-06-01 16:21:04,957 - DEBUG - Mass: 14.7489g at 1.229s (baseline_pre) steady=True
2026-06-01 16:21:05,347 - DEBUG - Mass: 14.7489g at 1.626s (baseline_pre) steady=True
2026-06-01 16:21:05,547 - DEBUG - Dispensing 0.050 mL then waiting 1.5 s
2026-06-01 16:21:05,757 - DEBUG - Mass: 14.7489g at 2.025s (dispensing) steady=True
2026-06-01 16:21:06,156 - DEBUG - Mass: 14.7508g at 2.424s (dispensing) steady=False
2026-06-01 16:21:06,556 - DEBUG - Mass: 14.7496g at 2.830s (dispensing) steady=False
2026-06-01 16:21:06,950 - DEBUG - Mass: 14.7486g at 3.225s (dispensing) steady=False
2026-06-01 16:21:07,350 - DEBUG - Mass: 14.7483g at 3.620s (dispensing) steady=False
2026-06-01 16:21:07,398 - INFO - Dispensing took 1.851s, collecting post-dispense baseline
2026-06-01 16:21:07,757 - DEBUG - Mass: 14.7490g at 4.028s (baseline_post) steady=True
2026-06-01 16:21:08,157 - DEBUG - Mass: 14.7490g at 4.428s (baseline_post) steady=True
2026-06-01 16:21:08,549 - DEBUG - Mass: 14.7490g at 4.831s (baseline_post) steady=True
2026-06-01 16:21:08,953 - DEBUG - Mass: 14.7490g at 5.225s (baseline_post) steady=True
2026-06-01 16:21:09,353 - DEBUG - Mass: 14.7490g at 5.628s (baseline_post) steady=True
2026-06-01 16:21:09,565 - INFO - Stopped continuous mass monitoring. Collected 15 data points
2026-06-01 16:21:09,569 - INFO - Pre-baseline: 4 stable readings, avg=14.748900g
2026-06-01 16:21:09,569 - INFO - Post-baseline: 5 stable readings, avg=14.749000g
2026-06-01 16:21:09,569 - INFO - INDEPENDENT BASELINE calculation:
2026-06-01 16:21:09,569 - INFO - Pre: STABLE, Post: STABLE, Mass difference: 0.000100g
2026-06-01 16:21:09,572 - INFO - Reading summary: 5 pre-readings (4 stable), 5 post-readings (5 stable)
2026-06-01 16:21:09,572 - INFO - Baseline variability: pre_std=0.000000g, post_std=0.000000g
2026-06-01 16:21:09,572 - INFO - Target: 0.050 mL = ~0.050000 g for water
2026-06-01 16:21:09,574 - INFO - Saved 15 mass measurements to output\mass_measurements\experiment_log2026-06-01_16-19-41\mass_data_agar_water_4%_20260601_162109.csv
2026-06-01 16:21:10,000 - INFO - Saved dispense mass vs time plot to output\mass_measurements\experiment_log2026-06-01_16-19-41\mass_plot_agar_water_4%_20260601_162109.png
2026-06-01 16:21:10,000 - INFO - Removing pipet
2026-06-01 16:21:13,314 - INFO - Vial agar_water_4% already at clamp index 0, no move needed
2026-06-01 16:21:14,957 - INFO - Vial agar_water_4% already at clamp index 0, no move needed
2026-06-01 16:21:15,158 - DEBUG - Applied dict param aspirate_speed=10
2026-06-01 16:21:15,158 - DEBUG - Applied dict param dispense_speed=10
2026-06-01 16:21:15,158 - DEBUG - Applied dict param aspirate_wait_time=0.0
2026-06-01 16:21:15,158 - DEBUG - Applied dict param dispense_wait_time=1.5
2026-06-01 16:21:15,158 - DEBUG - Applied dict param pre_asp_air_vol=0.0
2026-06-01 16:21:15,158 - DEBUG - Applied dict param retract_speed=5.0
2026-06-01 16:21:15,158 - DEBUG - Applied dict param blowout_vol=0.0
2026-06-01 16:21:15,158 - DEBUG - Applied dict param post_asp_air_vol=0.0
2026-06-01 16:21:15,158 - DEBUG - Applied dict param post_retract_wait_time=0.0
2026-06-01 16:21:15,158 - DEBUG - Applied dict param overaspirate_vol=0.0
2026-06-01 16:21:15,158 - DEBUG - Applied dict param asp_disp_cycles=0
2026-06-01 16:21:15,158 - DEBUG - Selected small_tip for volume 0.050 mL
2026-06-01 16:21:15,158 - INFO - Getting small_tip (pipet number 5) from rack: small_tip_rack_1
2026-06-01 16:21:18,028 - INFO - Pipetting from vial agar_water_4%, amount: 0.050 mL
2026-06-01 16:21:18,028 - INFO - Additional volume from calibration, amount: 0.000 mL
2026-06-01 16:21:18,028 - DEBUG - Adjusting pump 0 speed to 10
2026-06-01 16:21:20,210 - DEBUG - Adjusting pump 0 speed to 10
2026-06-01 16:21:21,109 - DEBUG - Aspirating 0.050 mL then waiting 0.0 s
2026-06-01 16:21:22,173 - DEBUG - Applied dict param aspirate_speed=10
2026-06-01 16:21:22,173 - DEBUG - Applied dict param dispense_speed=10
2026-06-01 16:21:22,173 - DEBUG - Applied dict param aspirate_wait_time=0.0
2026-06-01 16:21:22,175 - DEBUG - Applied dict param dispense_wait_time=1.5
2026-06-01 16:21:22,175 - DEBUG - Applied dict param pre_asp_air_vol=0.0
2026-06-01 16:21:22,175 - DEBUG - Applied dict param retract_speed=5.0
2026-06-01 16:21:22,175 - DEBUG - Applied dict param blowout_vol=0.0
2026-06-01 16:21:22,175 - DEBUG - Applied dict param post_asp_air_vol=0.0
2026-06-01 16:21:22,175 - DEBUG - Applied dict param post_retract_wait_time=0.0
2026-06-01 16:21:22,175 - DEBUG - Applied dict param overaspirate_vol=0.0
2026-06-01 16:21:22,175 - DEBUG - Applied dict param asp_disp_cycles=0
2026-06-01 16:21:22,175 - INFO - Pipetting into vial agar_water_4%, amount: 0.050 mL
2026-06-01 16:21:22,175 - DEBUG - Adjusting pump 0 speed to 10
2026-06-01 16:21:23,911 - INFO - Short wait time (1.0s), allowing scale to settle after robot positioning...
2026-06-01 16:21:24,922 - INFO - Started continuous mass monitoring with pre-dispense baseline
2026-06-01 16:21:25,156 - DEBUG - Mass: 14.7388g at 0.000s (baseline_pre) steady=True
2026-06-01 16:21:25,558 - DEBUG - Mass: 14.7388g at 0.440s (baseline_pre) steady=True
2026-06-01 16:21:25,947 - DEBUG - Mass: 14.7388g at 0.840s (baseline_pre) steady=True
2026-06-01 16:21:26,342 - DEBUG - Mass: 14.7388g at 1.245s (baseline_pre) steady=True
2026-06-01 16:21:26,751 - DEBUG - Mass: 14.7388g at 1.649s (baseline_pre) steady=True
2026-06-01 16:21:26,927 - DEBUG - Dispensing 0.050 mL then waiting 1.5 s
2026-06-01 16:21:27,150 - DEBUG - Mass: 14.7388g at 2.052s (dispensing) steady=True
2026-06-01 16:21:27,545 - DEBUG - Mass: 14.7405g at 2.450s (dispensing) steady=False
2026-06-01 16:21:27,956 - DEBUG - Mass: 14.7453g at 2.846s (dispensing) steady=False
2026-06-01 16:21:28,356 - DEBUG - Mass: 14.7469g at 3.249s (dispensing) steady=False
2026-06-01 16:21:28,756 - DEBUG - Mass: 14.7462g at 3.641s (dispensing) steady=False
2026-06-01 16:21:28,812 - INFO - Dispensing took 1.886s, collecting post-dispense baseline
2026-06-01 16:21:29,155 - DEBUG - Mass: 14.7463g at 4.038s (baseline_post) steady=False
2026-06-01 16:21:29,547 - DEBUG - Mass: 14.7469g at 4.436s (baseline_post) steady=False
2026-06-01 16:21:29,945 - DEBUG - Mass: 14.7467g at 4.841s (baseline_post) steady=False
2026-06-01 16:21:30,355 - DEBUG - Mass: 14.7465g at 5.240s (baseline_post) steady=True
2026-06-01 16:21:30,754 - DEBUG - Mass: 14.7465g at 5.642s (baseline_post) steady=True
2026-06-01 16:21:30,969 - INFO - Stopped continuous mass monitoring. Collected 15 data points
2026-06-01 16:21:30,969 - INFO - Pre-baseline: 5 stable readings, avg=14.738800g
2026-06-01 16:21:30,969 - INFO - Post-baseline: 2 stable readings, avg=14.746500g
2026-06-01 16:21:30,969 - INFO - INDEPENDENT BASELINE calculation:
2026-06-01 16:21:30,969 - INFO - Pre: STABLE, Post: STABLE, Mass difference: 0.007700g
2026-06-01 16:21:30,976 - INFO - Reading summary: 5 pre-readings (5 stable), 5 post-readings (2 stable)
2026-06-01 16:21:30,976 - INFO - Baseline variability: pre_std=0.000000g, post_std=0.000228g
2026-06-01 16:21:30,976 - INFO - Target: 0.050 mL = ~0.050000 g for water
2026-06-01 16:21:30,978 - INFO - Saved 15 mass measurements to output\mass_measurements\experiment_log2026-06-01_16-19-41\mass_data_agar_water_4%_20260601_162130.csv
2026-06-01 16:21:31,420 - INFO - Saved dispense mass vs time plot to output\mass_measurements\experiment_log2026-06-01_16-19-41\mass_plot_agar_water_4%_20260601_162130.png
2026-06-01 16:21:31,420 - INFO - Removing pipet
2026-06-01 16:21:34,735 - INFO - Vial agar_water_4% already at clamp index 0, no move needed
2026-06-01 16:21:35,949 - INFO - Removing pipet
2026-06-01 16:21:37,243 - INFO - Returning vial agar_water_4% to home location: main_8mL_rack index 25
2026-06-01 16:21:37,244 - DEBUG - Recapping clamped vial
2026-06-01 16:21:46,009 - INFO - Moving vial agar_water_4% to main_8mL_rack: 25
2026-06-01 16:21:46,011 - DEBUG - Grabbing vial 1 with index 1
2026-06-01 16:21:46,300 - DEBUG - Dropping off vial 1 at location main_8mL_rack with index 25
2026-06-01 16:21:49,526 - INFO - Moving robot to home position
