2025-09-17 15:59:54,878 - INFO - Initializing North Robot...
2025-09-17 15:59:54,879 - DEBUG - Getting robot status from file: ../utoronto_demo/status/robot_status.yaml
2025-09-17 15:59:54,883 - DEBUG - Physical initialization of North Robot...
2025-09-17 15:59:55,204 - INFO - Moving robot to home position
2025-09-17 15:59:57,625 - DEBUG - Loading pumps...
2025-09-17 15:59:57,742 - INFO - Initializing North Track...
2025-09-17 15:59:57,743 - DEBUG - Loading track status from file: ../utoronto_demo/status/track_status.yaml
2025-09-17 15:59:57,743 - DEBUG - Getting track status from file: ../utoronto_demo/status/track_status.yaml
2025-09-17 15:59:57,759 - INFO -    vial_index vial_name       location  location_index  vial_volume  capped cap_type vial_type  home_location  home_location_index
0           0  Sample_A  main_8mL_rack               0          8.0    True   closed      8_mL  main_8mL_rack                    0
1           1  Sample_B  main_8mL_rack               1          0.0    True   closed      8_mL  main_8mL_rack                    1
2025-09-17 15:59:57,813 - INFO - Visualizing vial racks...
2025-09-17 15:59:57,984 - DEBUG - Visualizing rack: Main Rack with filter: main_8mL_rack
2025-09-17 15:59:58,090 - DEBUG - Visualizing rack: Second Rack with filter: large_vial_rack
2025-09-17 16:00:10,664 - INFO - Dispensing 0.5 mL from Sample_A to Sample_B
2025-09-17 16:00:10,667 - DEBUG - Moving source vial to clamp to uncap
2025-09-17 16:00:10,680 - INFO - Moving vial Sample_A to clamp: 0
2025-09-17 16:00:10,681 - DEBUG - Grabbing vial 0 with index 0
2025-09-17 16:00:13,429 - DEBUG - Saving robot status to file: ../utoronto_demo/status/robot_status.yaml
2025-09-17 16:00:13,444 - DEBUG - Dropping off vial 0 at location clamp with index 0
2025-09-17 16:00:16,193 - DEBUG - Saving robot status to file: ../utoronto_demo/status/robot_status.yaml
2025-09-17 16:00:16,193 - DEBUG - Removing cap from clamped vial
2025-09-17 16:00:19,802 - DEBUG - Saving robot status to file: ../utoronto_demo/status/robot_status.yaml
2025-09-17 16:00:19,804 - DEBUG - Getting pipet number: 0 from rack 0
2025-09-17 16:00:25,316 - DEBUG - Saving robot status to file: ../utoronto_demo/status/robot_status.yaml
2025-09-17 16:00:25,325 - INFO - Pipetting from vial Sample_A, amount: 0.5 mL
2025-09-17 16:00:25,325 - DEBUG - Adjusting pump 0 speed to 11
2025-09-17 16:00:28,753 - DEBUG - Aspirating 0.5 mL then waiting 1 s
2025-09-17 16:00:32,738 - DEBUG - Saving robot status to file: ../utoronto_demo/status/robot_status.yaml
2025-09-17 16:00:32,746 - DEBUG - Recapping clamped vial
2025-09-17 16:00:37,193 - DEBUG - Saving robot status to file: ../utoronto_demo/status/robot_status.yaml
2025-09-17 16:00:37,193 - INFO - Returning vial Sample_A to home location
2025-09-17 16:00:37,193 - INFO - Moving vial Sample_A to main_8mL_rack: 0
2025-09-17 16:00:37,193 - DEBUG - Grabbing vial 0 with index 0
2025-09-17 16:00:37,521 - DEBUG - Saving robot status to file: ../utoronto_demo/status/robot_status.yaml
2025-09-17 16:00:37,527 - DEBUG - Dropping off vial 0 at location main_8mL_rack with index 0
2025-09-17 16:00:40,280 - DEBUG - Saving robot status to file: ../utoronto_demo/status/robot_status.yaml
2025-09-17 16:00:40,282 - DEBUG - Saving robot status to file: ../utoronto_demo/status/robot_status.yaml
2025-09-17 16:00:40,282 - DEBUG - Moving destination vial to clamp to uncap
2025-09-17 16:00:40,285 - INFO - Moving vial Sample_B to clamp: 0
2025-09-17 16:00:40,285 - DEBUG - Grabbing vial 1 with index 1
2025-09-17 16:00:42,399 - DEBUG - Saving robot status to file: ../utoronto_demo/status/robot_status.yaml
2025-09-17 16:00:42,399 - DEBUG - Dropping off vial 1 at location clamp with index 0
2025-09-17 16:00:45,196 - DEBUG - Saving robot status to file: ../utoronto_demo/status/robot_status.yaml
2025-09-17 16:00:45,196 - DEBUG - Removing cap from clamped vial
2025-09-17 16:00:48,784 - DEBUG - Saving robot status to file: ../utoronto_demo/status/robot_status.yaml
2025-09-17 16:00:48,784 - INFO - Pipetting into vial Sample_B, amount: 0.5 mL
2025-09-17 16:00:48,800 - DEBUG - Adjusting pump 0 speed to 11
2025-09-17 16:00:51,110 - DEBUG - Dispensing 0.5 mL then waiting 0 s
2025-09-17 16:00:53,468 - DEBUG - Saving robot status to file: ../utoronto_demo/status/robot_status.yaml
2025-09-17 16:00:53,468 - DEBUG - Recapping clamped vial
2025-09-17 16:00:57,903 - DEBUG - Saving robot status to file: ../utoronto_demo/status/robot_status.yaml
2025-09-17 16:00:57,903 - INFO - Returning vial Sample_B to home location
2025-09-17 16:00:57,903 - INFO - Moving vial Sample_B to main_8mL_rack: 1
2025-09-17 16:00:57,903 - DEBUG - Grabbing vial 1 with index 1
2025-09-17 16:00:58,250 - DEBUG - Saving robot status to file: ../utoronto_demo/status/robot_status.yaml
2025-09-17 16:00:58,259 - DEBUG - Dropping off vial 1 at location main_8mL_rack with index 1
2025-09-17 16:01:01,058 - DEBUG - Saving robot status to file: ../utoronto_demo/status/robot_status.yaml
2025-09-17 16:01:01,059 - DEBUG - Saving robot status to file: ../utoronto_demo/status/robot_status.yaml
