2026-02-10 17:06:04,041 - INFO - Initializing North Robot...
2026-02-10 17:06:04,041 - DEBUG - Loading robot configuration files...
2026-02-10 17:06:04,050 - DEBUG - Loaded vial positions configuration from robot_state/vial_positions.yaml
2026-02-10 17:06:04,052 - DEBUG - Loaded pipet tips configuration from robot_state/pipet_tips.yaml
2026-02-10 17:06:04,056 - DEBUG - Loaded pipet racks configuration from robot_state/pipet_racks.yaml
2026-02-10 17:06:04,058 - DEBUG - Loaded pump configuration from robot_state/syringe_pumps.yaml
2026-02-10 17:06:04,061 - DEBUG - Loaded robot hardware configuration from robot_state/robot_hardware.yaml
2026-02-10 17:06:04,063 - DEBUG - Loaded wellplate properties configuration from robot_state/wellplates.yaml
2026-02-10 17:06:04,063 - DEBUG - Loading robot state files...
2026-02-10 17:06:04,063 - DEBUG - Loaded vial data from status/calibration_vials_short.csv
2026-02-10 17:06:04,063 - DEBUG - Loaded robot status from robot_state/robot_status.yaml
2026-02-10 17:06:04,063 - DEBUG - Loaded wellplate positions from robot_state/wellplates.yaml
2026-02-10 17:06:04,063 - DEBUG - Robot status loaded successfully
2026-02-10 17:06:04,063 - INFO - Physical initialization of North Robot...
2026-02-10 17:06:07,598 - DEBUG - Loading pumps from YAML configuration...
2026-02-10 17:06:07,694 - DEBUG - Loaded pump 0: volume=1.0mL, speed=11, liquid=None
2026-02-10 17:06:07,805 - DEBUG - Loaded pump 1: volume=2.5mL, speed=15, liquid=water
2026-02-10 17:06:07,805 - INFO - Moving robot to home position
2026-02-10 17:06:08,297 - DEBUG - Initializing centrifuge controller...
2026-02-10 17:06:08,297 - INFO - Initializing North Track...
2026-02-10 17:06:08,297 - DEBUG - Loading track status from file: robot_state/track_status.yaml
2026-02-10 17:06:08,297 - DEBUG - Getting track status from file: robot_state/track_status.yaml
2026-02-10 17:06:08,297 - DEBUG - Loaded track status from robot_state/track_status.yaml
2026-02-10 17:06:08,297 - DEBUG - Loading track positions from: robot_state/track_positions.yaml
2026-02-10 17:06:08,297 - DEBUG - Loaded track positions configuration from robot_state/track_positions.yaml
2026-02-10 17:06:08,297 - DEBUG - Loading robot hardware configuration from: robot_state/robot_hardware.yaml
2026-02-10 17:06:08,297 - DEBUG - Loaded robot hardware configuration from robot_state/robot_hardware.yaml
2026-02-10 17:06:08,297 - DEBUG - Loaded wellplate properties configuration from robot_state/wellplates.yaml
2026-02-10 17:06:08,383 - DEBUG - Moving North Track to home position
2026-02-10 17:06:08,384 - INFO - Homing all robot components...
2026-02-10 17:06:08,385 - DEBUG - Homing carousel...
2026-02-10 17:06:16,106 - DEBUG - Homing robot axes...
2026-02-10 17:06:28,348 - DEBUG - Homing pump 0...
2026-02-10 17:06:30,089 - DEBUG - Homing pump 1...
2026-02-10 17:06:31,737 - DEBUG - Homing track axes...
2026-02-10 17:06:31,737 - DEBUG - Homing track axis z_axis (axis 6)...
2026-02-10 17:06:35,279 - DEBUG - Homing track axis x_axis (axis 7)...
2026-02-10 17:06:39,278 - INFO - All robot components homed successfully
2026-02-10 17:06:39,278 - INFO - Moving vial liquid_source_0 to clamp: 0
2026-02-10 17:06:39,278 - DEBUG - Grabbing vial 0 with index 0
2026-02-10 17:06:41,279 - DEBUG - Dropping off vial 0 at location clamp with index 0
2026-02-10 17:06:44,894 - DEBUG - Applied object param asp_disp_cycles=0
2026-02-10 17:06:44,894 - DEBUG - Applied object param aspirate_speed=15
2026-02-10 17:06:44,894 - DEBUG - Applied object param aspirate_wait_time=0.0
2026-02-10 17:06:44,894 - DEBUG - Applied object param blowout_vol=0.5
2026-02-10 17:06:44,894 - DEBUG - Applied object param dispense_speed=5
2026-02-10 17:06:44,894 - DEBUG - Applied object param dispense_wait_time=0.0
2026-02-10 17:06:44,894 - DEBUG - Applied object param overaspirate_vol=0.0
2026-02-10 17:06:44,894 - DEBUG - Applied object param post_asp_air_vol=0.0
2026-02-10 17:06:44,894 - DEBUG - Applied object param post_retract_wait_time=0.0
2026-02-10 17:06:44,894 - DEBUG - Applied object param pre_asp_air_vol=0.0
2026-02-10 17:06:44,894 - DEBUG - Applied object param retract_speed=10
2026-02-10 17:06:44,895 - DEBUG - Selected small_tip for volume 0.150 mL
2026-02-10 17:06:44,895 - INFO - Getting small_tip (pipet number 21) from rack: small_tip_rack_1
2026-02-10 17:06:50,003 - INFO - Pipetting from vial liquid_source_0, amount: 0.150 mL
2026-02-10 17:06:50,003 - INFO - Additional volume from calibration, amount: 0.000 mL
2026-02-10 17:06:50,003 - DEBUG - Adjusting pump 0 speed to 10
2026-02-10 17:06:52,340 - DEBUG - Adjusting pump 0 speed to 15
2026-02-10 17:06:53,473 - DEBUG - Aspirating 0.150 mL then waiting 0.0 s
2026-02-10 17:06:55,228 - DEBUG - Applied object param asp_disp_cycles=0
2026-02-10 17:06:55,228 - DEBUG - Applied object param aspirate_speed=15
2026-02-10 17:06:55,228 - DEBUG - Applied object param aspirate_wait_time=0.0
2026-02-10 17:06:55,228 - DEBUG - Applied object param blowout_vol=0.5
2026-02-10 17:06:55,228 - DEBUG - Applied object param dispense_speed=5
2026-02-10 17:06:55,228 - DEBUG - Applied object param dispense_wait_time=0.0
2026-02-10 17:06:55,228 - DEBUG - Applied object param overaspirate_vol=0.0
2026-02-10 17:06:55,228 - DEBUG - Applied object param post_asp_air_vol=0.0
2026-02-10 17:06:55,228 - DEBUG - Applied object param post_retract_wait_time=0.0
2026-02-10 17:06:55,228 - DEBUG - Applied object param pre_asp_air_vol=0.0
2026-02-10 17:06:55,228 - DEBUG - Applied object param retract_speed=10
2026-02-10 17:06:55,230 - INFO - Pipetting into vial liquid_source_0, amount: 0.150 mL
2026-02-10 17:06:55,231 - DEBUG - Adjusting pump 0 speed to 5
2026-02-10 17:06:55,337 - DEBUG - Dispensing 0.150 mL then waiting 0.0 s
2026-02-10 17:06:55,872 - DEBUG - Blowing out 0.500 mL
2026-02-10 17:06:58,961 - DEBUG - Applied object param asp_disp_cycles=0
2026-02-10 17:06:58,961 - DEBUG - Applied object param aspirate_speed=15
2026-02-10 17:06:58,961 - DEBUG - Applied object param aspirate_wait_time=0.0
2026-02-10 17:06:58,961 - DEBUG - Applied object param blowout_vol=0.5
2026-02-10 17:06:58,961 - DEBUG - Applied object param dispense_speed=5
2026-02-10 17:06:58,961 - DEBUG - Applied object param dispense_wait_time=0.0
2026-02-10 17:06:58,961 - DEBUG - Applied object param overaspirate_vol=0.0
2026-02-10 17:06:58,961 - DEBUG - Applied object param post_asp_air_vol=0.0
2026-02-10 17:06:58,961 - DEBUG - Applied object param post_retract_wait_time=0.0
2026-02-10 17:06:58,961 - DEBUG - Applied object param pre_asp_air_vol=0.0
2026-02-10 17:06:58,961 - DEBUG - Applied object param retract_speed=10
2026-02-10 17:06:58,961 - DEBUG - Selected small_tip for volume 0.150 mL
2026-02-10 17:06:58,961 - INFO - Pipetting from vial liquid_source_0, amount: 0.150 mL
2026-02-10 17:06:58,961 - INFO - Additional volume from calibration, amount: 0.000 mL
2026-02-10 17:06:58,982 - DEBUG - Adjusting pump 0 speed to 10
2026-02-10 17:06:59,090 - DEBUG - Adjusting pump 0 speed to 15
2026-02-10 17:06:59,222 - DEBUG - Aspirating 0.150 mL then waiting 0.0 s
2026-02-10 17:07:01,024 - DEBUG - Applied object param asp_disp_cycles=0
2026-02-10 17:07:01,024 - DEBUG - Applied object param aspirate_speed=15
2026-02-10 17:07:01,024 - DEBUG - Applied object param aspirate_wait_time=0.0
2026-02-10 17:07:01,024 - DEBUG - Applied object param blowout_vol=0.5
2026-02-10 17:07:01,024 - DEBUG - Applied object param dispense_speed=5
2026-02-10 17:07:01,024 - DEBUG - Applied object param dispense_wait_time=0.0
2026-02-10 17:07:01,024 - DEBUG - Applied object param overaspirate_vol=0.0
2026-02-10 17:07:01,024 - DEBUG - Applied object param post_asp_air_vol=0.0
2026-02-10 17:07:01,024 - DEBUG - Applied object param post_retract_wait_time=0.0
2026-02-10 17:07:01,024 - DEBUG - Applied object param pre_asp_air_vol=0.0
2026-02-10 17:07:01,024 - DEBUG - Applied object param retract_speed=10
2026-02-10 17:07:01,026 - INFO - Pipetting into vial liquid_source_0, amount: 0.150 mL
2026-02-10 17:07:01,026 - DEBUG - Adjusting pump 0 speed to 5
2026-02-10 17:07:01,123 - DEBUG - Dispensing 0.150 mL then waiting 0.0 s
2026-02-10 17:07:01,659 - DEBUG - Blowing out 0.500 mL
2026-02-10 17:07:04,796 - DEBUG - Applied object param asp_disp_cycles=0
2026-02-10 17:07:04,796 - DEBUG - Applied object param aspirate_speed=15
2026-02-10 17:07:04,796 - DEBUG - Applied object param aspirate_wait_time=0.0
2026-02-10 17:07:04,796 - DEBUG - Applied object param blowout_vol=0.5
2026-02-10 17:07:04,796 - DEBUG - Applied object param dispense_speed=5
2026-02-10 17:07:04,796 - DEBUG - Applied object param dispense_wait_time=0.0
2026-02-10 17:07:04,796 - DEBUG - Applied object param overaspirate_vol=0.0
2026-02-10 17:07:04,796 - DEBUG - Applied object param post_asp_air_vol=0.0
2026-02-10 17:07:04,796 - DEBUG - Applied object param post_retract_wait_time=0.0
2026-02-10 17:07:04,796 - DEBUG - Applied object param pre_asp_air_vol=0.0
2026-02-10 17:07:04,796 - DEBUG - Applied object param retract_speed=10
2026-02-10 17:07:04,796 - DEBUG - Selected small_tip for volume 0.150 mL
2026-02-10 17:07:04,796 - INFO - Pipetting from vial liquid_source_0, amount: 0.150 mL
2026-02-10 17:07:04,796 - INFO - Additional volume from calibration, amount: 0.000 mL
2026-02-10 17:07:04,818 - DEBUG - Adjusting pump 0 speed to 10
2026-02-10 17:07:04,925 - DEBUG - Adjusting pump 0 speed to 15
2026-02-10 17:07:05,063 - DEBUG - Aspirating 0.150 mL then waiting 0.0 s
2026-02-10 17:07:06,858 - DEBUG - Applied object param asp_disp_cycles=0
2026-02-10 17:07:06,858 - DEBUG - Applied object param aspirate_speed=15
2026-02-10 17:07:06,858 - DEBUG - Applied object param aspirate_wait_time=0.0
2026-02-10 17:07:06,858 - DEBUG - Applied object param blowout_vol=0.5
2026-02-10 17:07:06,858 - DEBUG - Applied object param dispense_speed=5
2026-02-10 17:07:06,858 - DEBUG - Applied object param dispense_wait_time=0.0
2026-02-10 17:07:06,858 - DEBUG - Applied object param overaspirate_vol=0.0
2026-02-10 17:07:06,858 - DEBUG - Applied object param post_asp_air_vol=0.0
2026-02-10 17:07:06,858 - DEBUG - Applied object param post_retract_wait_time=0.0
2026-02-10 17:07:06,858 - DEBUG - Applied object param pre_asp_air_vol=0.0
2026-02-10 17:07:06,858 - DEBUG - Applied object param retract_speed=10
2026-02-10 17:07:06,860 - INFO - Pipetting into vial liquid_source_0, amount: 0.150 mL
2026-02-10 17:07:06,861 - DEBUG - Adjusting pump 0 speed to 5
2026-02-10 17:07:06,958 - DEBUG - Dispensing 0.150 mL then waiting 0.0 s
2026-02-10 17:07:07,465 - DEBUG - Blowing out 0.500 mL
2026-02-10 17:07:10,583 - DEBUG - Applied object param asp_disp_cycles=0
2026-02-10 17:07:10,583 - DEBUG - Applied object param aspirate_speed=15
2026-02-10 17:07:10,583 - DEBUG - Applied object param aspirate_wait_time=0.0
2026-02-10 17:07:10,583 - DEBUG - Applied object param blowout_vol=0.5
2026-02-10 17:07:10,583 - DEBUG - Applied object param dispense_speed=5
2026-02-10 17:07:10,583 - DEBUG - Applied object param dispense_wait_time=0.0
2026-02-10 17:07:10,583 - DEBUG - Applied object param overaspirate_vol=0.0
2026-02-10 17:07:10,583 - DEBUG - Applied object param post_asp_air_vol=0.0
2026-02-10 17:07:10,583 - DEBUG - Applied object param post_retract_wait_time=0.0
2026-02-10 17:07:10,583 - DEBUG - Applied object param pre_asp_air_vol=0.0
2026-02-10 17:07:10,583 - DEBUG - Applied object param retract_speed=10
2026-02-10 17:07:10,583 - DEBUG - Selected small_tip for volume 0.150 mL
2026-02-10 17:07:10,583 - INFO - Pipetting from vial liquid_source_0, amount: 0.150 mL
2026-02-10 17:07:10,583 - INFO - Additional volume from calibration, amount: 0.000 mL
2026-02-10 17:07:10,606 - DEBUG - Adjusting pump 0 speed to 10
2026-02-10 17:07:10,711 - DEBUG - Adjusting pump 0 speed to 15
2026-02-10 17:07:10,843 - DEBUG - Aspirating 0.150 mL then waiting 0.0 s
2026-02-10 17:07:12,629 - DEBUG - Applied object param asp_disp_cycles=0
2026-02-10 17:07:12,629 - DEBUG - Applied object param aspirate_speed=15
2026-02-10 17:07:12,629 - DEBUG - Applied object param aspirate_wait_time=0.0
2026-02-10 17:07:12,629 - DEBUG - Applied object param blowout_vol=0.5
2026-02-10 17:07:12,629 - DEBUG - Applied object param dispense_speed=5
2026-02-10 17:07:12,629 - DEBUG - Applied object param dispense_wait_time=0.0
2026-02-10 17:07:12,629 - DEBUG - Applied object param overaspirate_vol=0.0
2026-02-10 17:07:12,629 - DEBUG - Applied object param post_asp_air_vol=0.0
2026-02-10 17:07:12,629 - DEBUG - Applied object param post_retract_wait_time=0.0
2026-02-10 17:07:12,629 - DEBUG - Applied object param pre_asp_air_vol=0.0
2026-02-10 17:07:12,629 - DEBUG - Applied object param retract_speed=10
2026-02-10 17:07:12,629 - INFO - Pipetting into vial liquid_source_0, amount: 0.150 mL
2026-02-10 17:07:12,629 - DEBUG - Adjusting pump 0 speed to 5
2026-02-10 17:07:12,729 - DEBUG - Dispensing 0.150 mL then waiting 0.0 s
2026-02-10 17:07:13,237 - DEBUG - Blowing out 0.500 mL
2026-02-10 17:07:16,404 - INFO - Moving robot to home position
2026-02-10 17:07:19,686 - INFO - Removing pipet
2026-02-10 17:07:22,365 - INFO - Returning vial liquid_source_0 to home location: main_8mL_rack index 45
2026-02-10 17:07:22,365 - INFO - Moving vial liquid_source_0 to main_8mL_rack: 45
2026-02-10 17:07:22,365 - DEBUG - Grabbing vial 0 with index 0
2026-02-10 17:07:24,748 - DEBUG - Dropping off vial 0 at location main_8mL_rack with index 45
2026-02-10 17:07:28,371 - INFO - Moving robot to home position
