2026-01-14 14:53:10,779 - INFO - Initializing North Robot...
2026-01-14 14:53:10,782 - DEBUG - Loading robot configuration files...
2026-01-14 14:53:10,783 - DEBUG - Loaded vial positions configuration from robot_state/vial_positions.yaml
2026-01-14 14:53:10,783 - DEBUG - Loaded pipet tips configuration from robot_state/pipet_tips.yaml
2026-01-14 14:53:10,796 - DEBUG - Loaded pipet racks configuration from robot_state/pipet_racks.yaml
2026-01-14 14:53:10,798 - DEBUG - Loaded pump configuration from robot_state/syringe_pumps.yaml
2026-01-14 14:53:10,803 - DEBUG - Loaded robot hardware configuration from robot_state/robot_hardware.yaml
2026-01-14 14:53:10,803 - DEBUG - Loaded wellplate properties configuration from robot_state/wellplates.yaml
2026-01-14 14:53:10,803 - DEBUG - Loading robot state files...
2026-01-14 14:53:10,816 - DEBUG - Loaded vial data from ../utoronto_demo/status/sample_input_vials.csv
2026-01-14 14:53:10,816 - DEBUG - Loaded robot status from robot_state/robot_status.yaml
2026-01-14 14:53:10,824 - DEBUG - Loaded wellplate positions from robot_state/wellplates.yaml
2026-01-14 14:53:10,824 - DEBUG - Robot status loaded successfully
2026-01-14 14:53:10,824 - INFO - Physical initialization of North Robot...
2026-01-14 14:53:14,344 - DEBUG - Loading pumps from YAML configuration...
2026-01-14 14:53:14,447 - DEBUG - Loaded pump 0: volume=1.0mL, speed=11, liquid=None
2026-01-14 14:53:14,559 - DEBUG - Loaded pump 1: volume=2.5mL, speed=15, liquid=water
2026-01-14 14:53:14,559 - INFO - Moving robot to home position
2026-01-14 14:53:14,980 - DEBUG - Initializing centrifuge controller...
2026-01-14 14:53:14,980 - INFO - Initializing North Track...
2026-01-14 14:53:14,980 - DEBUG - Loading track status from file: robot_state/track_status.yaml
2026-01-14 14:53:14,980 - DEBUG - Getting track status from file: robot_state/track_status.yaml
2026-01-14 14:53:14,980 - DEBUG - Loaded track status from robot_state/track_status.yaml
2026-01-14 14:53:14,980 - DEBUG - Loading track positions from: robot_state/track_positions.yaml
2026-01-14 14:53:14,982 - DEBUG - Loaded track positions configuration from robot_state/track_positions.yaml
2026-01-14 14:53:14,982 - DEBUG - Loading robot hardware configuration from: robot_state/robot_hardware.yaml
2026-01-14 14:53:14,982 - DEBUG - Loaded robot hardware configuration from robot_state/robot_hardware.yaml
2026-01-14 14:53:14,982 - DEBUG - Loaded wellplate properties configuration from robot_state/wellplates.yaml
2026-01-14 14:53:15,067 - DEBUG - Moving North Track to home position
2026-01-14 14:53:15,068 - INFO - Dispensing 0.150 mL from 0 to 2
2026-01-14 14:53:15,069 - DEBUG - Applied object param asp_disp_cycles=0
2026-01-14 14:53:15,069 - DEBUG - Applied object param aspirate_speed=10
2026-01-14 14:53:15,069 - DEBUG - Applied object param aspirate_wait_time=0.0
2026-01-14 14:53:15,069 - DEBUG - Applied object param blowout_vol=0.0
2026-01-14 14:53:15,069 - DEBUG - Applied object param dispense_speed=10
2026-01-14 14:53:15,069 - DEBUG - Applied object param dispense_wait_time=0.0
2026-01-14 14:53:15,069 - DEBUG - Applied object param overaspirate_vol=0.0
2026-01-14 14:53:15,069 - DEBUG - Applied object param post_asp_air_vol=0.0
2026-01-14 14:53:15,069 - DEBUG - Applied object param post_retract_wait_time=0.0
2026-01-14 14:53:15,069 - DEBUG - Applied object param pre_asp_air_vol=0.0
2026-01-14 14:53:15,069 - DEBUG - Applied object param retract_speed=10
2026-01-14 14:53:15,069 - DEBUG - Vial move required for pipetting
2026-01-14 14:53:15,077 - INFO - Moving vial 0 to safe pipetting location
2026-01-14 14:53:15,080 - INFO - Moving vial source_vial_a to clamp: 0
2026-01-14 14:53:15,080 - DEBUG - Grabbing vial 0 with index 0
2026-01-14 14:53:17,035 - DEBUG - Dropping off vial 0 at location clamp with index 0
2026-01-14 14:53:20,720 - DEBUG - Vial 0 has open cap, skipping uncap operation
2026-01-14 14:53:20,720 - DEBUG - Selected small_tip for volume 0.150 mL
2026-01-14 14:53:20,720 - INFO - Getting small_tip (pipet number 0) from rack: small_tip_rack_1
2026-01-14 14:53:25,857 - INFO - Pipetting from vial source_vial_a, amount: 0.150 mL
2026-01-14 14:53:25,858 - INFO - Additional volume from calibration, amount: 0.000 mL
2026-01-14 14:53:25,859 - DEBUG - Adjusting pump 0 speed to 10
2026-01-14 14:53:28,220 - DEBUG - Adjusting pump 0 speed to 10
2026-01-14 14:53:29,143 - DEBUG - Aspirating 0.150 mL then waiting 0.0 s
2026-01-14 14:53:30,385 - DEBUG - Applied object param asp_disp_cycles=0
2026-01-14 14:53:30,385 - DEBUG - Applied object param aspirate_speed=10
2026-01-14 14:53:30,385 - DEBUG - Applied object param aspirate_wait_time=0.0
2026-01-14 14:53:30,385 - DEBUG - Applied object param blowout_vol=0.0
2026-01-14 14:53:30,385 - DEBUG - Applied object param dispense_speed=10
2026-01-14 14:53:30,385 - DEBUG - Applied object param dispense_wait_time=0.0
2026-01-14 14:53:30,385 - DEBUG - Applied object param overaspirate_vol=0.0
2026-01-14 14:53:30,385 - DEBUG - Applied object param post_asp_air_vol=0.0
2026-01-14 14:53:30,385 - DEBUG - Applied object param post_retract_wait_time=0.0
2026-01-14 14:53:30,385 - DEBUG - Applied object param pre_asp_air_vol=0.0
2026-01-14 14:53:30,385 - DEBUG - Applied object param retract_speed=10
2026-01-14 14:53:30,387 - INFO - Pipetting into vial target_vial, amount: 0.150 mL
2026-01-14 14:53:30,388 - DEBUG - Adjusting pump 0 speed to 10
2026-01-14 14:53:34,006 - DEBUG - Dispensing 0.150 mL then waiting 0.0 s
2026-01-14 14:53:34,721 - INFO - Removing pipet
2026-01-14 14:53:37,981 - INFO - Returning vial source_vial_a to home location: main_8mL_rack index 43
2026-01-14 14:53:37,981 - INFO - Moving vial source_vial_a to main_8mL_rack: 43
2026-01-14 14:53:37,981 - DEBUG - Grabbing vial 0 with index 0
2026-01-14 14:53:40,355 - DEBUG - Dropping off vial 0 at location main_8mL_rack with index 43
2026-01-14 14:53:44,047 - INFO - Moving vial target_vial to photoreactor_array: 0
2026-01-14 14:53:44,047 - DEBUG - Grabbing vial 2 with index 2
2026-01-14 14:53:46,208 - DEBUG - Dropping off vial 2 at location photoreactor_array with index 0
2026-01-14 14:53:50,235 - INFO - Dispensing 0.150 mL from 2 to 1
2026-01-14 14:53:50,235 - DEBUG - Applied object param asp_disp_cycles=0
2026-01-14 14:53:50,235 - DEBUG - Applied object param aspirate_speed=10
2026-01-14 14:53:50,235 - DEBUG - Applied object param aspirate_wait_time=0.0
2026-01-14 14:53:50,235 - DEBUG - Applied object param blowout_vol=0.0
2026-01-14 14:53:50,235 - DEBUG - Applied object param dispense_speed=10
2026-01-14 14:53:50,235 - DEBUG - Applied object param dispense_wait_time=0.0
2026-01-14 14:53:50,235 - DEBUG - Applied object param overaspirate_vol=0.0
2026-01-14 14:53:50,235 - DEBUG - Applied object param post_asp_air_vol=0.0
2026-01-14 14:53:50,235 - DEBUG - Applied object param post_retract_wait_time=0.0
2026-01-14 14:53:50,235 - DEBUG - Applied object param pre_asp_air_vol=0.0
2026-01-14 14:53:50,235 - DEBUG - Applied object param retract_speed=10
2026-01-14 14:53:50,235 - DEBUG - Selected small_tip for volume 0.150 mL
2026-01-14 14:53:50,235 - INFO - Getting small_tip (pipet number 1) from rack: small_tip_rack_1
2026-01-14 14:53:54,516 - INFO - Pipetting from vial target_vial, amount: 0.150 mL
2026-01-14 14:53:54,517 - INFO - Additional volume from calibration, amount: 0.000 mL
2026-01-14 14:53:54,518 - DEBUG - Adjusting pump 0 speed to 10
2026-01-14 14:53:55,998 - DEBUG - Adjusting pump 0 speed to 10
2026-01-14 14:53:57,076 - DEBUG - Aspirating 0.150 mL then waiting 0.0 s
2026-01-14 14:53:58,333 - DEBUG - Applied object param asp_disp_cycles=0
2026-01-14 14:53:58,333 - DEBUG - Applied object param aspirate_speed=10
2026-01-14 14:53:58,333 - DEBUG - Applied object param aspirate_wait_time=0.0
2026-01-14 14:53:58,333 - DEBUG - Applied object param blowout_vol=0.0
2026-01-14 14:53:58,333 - DEBUG - Applied object param dispense_speed=10
2026-01-14 14:53:58,333 - DEBUG - Applied object param dispense_wait_time=0.0
2026-01-14 14:53:58,333 - DEBUG - Applied object param overaspirate_vol=0.0
2026-01-14 14:53:58,335 - DEBUG - Applied object param post_asp_air_vol=0.0
2026-01-14 14:53:58,335 - DEBUG - Applied object param post_retract_wait_time=0.0
2026-01-14 14:53:58,335 - DEBUG - Applied object param pre_asp_air_vol=0.0
2026-01-14 14:53:58,335 - DEBUG - Applied object param retract_speed=10
2026-01-14 14:53:58,335 - INFO - Pipetting into vial source_vial_b, amount: 0.150 mL
2026-01-14 14:53:58,335 - DEBUG - Adjusting pump 0 speed to 10
2026-01-14 14:54:02,787 - DEBUG - Dispensing 0.150 mL then waiting 0.0 s
2026-01-14 14:54:03,560 - INFO - Removing pipet
2026-01-14 14:54:06,835 - INFO - Returning vial target_vial to home location: main_8mL_rack index 45
2026-01-14 14:54:06,835 - INFO - Moving vial target_vial to main_8mL_rack: 45
2026-01-14 14:54:06,835 - DEBUG - Grabbing vial 2 with index 2
2026-01-14 14:54:08,651 - DEBUG - Dropping off vial 2 at location main_8mL_rack with index 45
