2026-04-06 19:27:51,248 - DEBUG - No workflow config provided - using default initialization
2026-04-06 19:27:51,248 - INFO - GUI disabled - skipping status review, proceeding directly to hardware initialization
2026-04-06 19:27:51,249 - INFO - Initializing North Robot...
2026-04-06 19:27:51,249 - DEBUG - Loading robot configuration files...
2026-04-06 19:27:51,264 - DEBUG - Loaded vial positions configuration from robot_state/vial_positions.yaml
2026-04-06 19:27:51,265 - DEBUG - Loaded pipet tips configuration from robot_state/pipet_tips.yaml
2026-04-06 19:27:51,280 - DEBUG - Loaded pipet racks configuration from robot_state/pipet_racks.yaml
2026-04-06 19:27:51,282 - DEBUG - Loaded pump configuration from robot_state/syringe_pumps.yaml
2026-04-06 19:27:51,285 - DEBUG - Loaded robot hardware configuration from robot_state/robot_hardware.yaml
2026-04-06 19:27:51,289 - DEBUG - Loaded wellplate properties configuration from robot_state/wellplates.yaml
2026-04-06 19:27:51,289 - DEBUG - Loading robot state files...
2026-04-06 19:27:51,290 - DEBUG - Loaded vial data from status/calibration_vials_short.csv
2026-04-06 19:27:51,292 - DEBUG - Loaded robot status from robot_state/robot_status.yaml
2026-04-06 19:27:51,296 - DEBUG - Loaded wellplate positions from robot_state/wellplates.yaml
2026-04-06 19:27:51,296 - DEBUG - Robot status loaded successfully
2026-04-06 19:27:51,296 - INFO - Physical initialization of North Robot...
2026-04-06 19:27:51,298 - DEBUG - Loading pumps from YAML configuration...
2026-04-06 19:27:51,299 - DEBUG - Loaded pump 0: volume=1.0mL, speed=11, liquid=None
2026-04-06 19:27:51,299 - DEBUG - Loaded pump 1: volume=2.5mL, speed=15, liquid=water
2026-04-06 19:27:51,299 - INFO - Moving robot to home position
2026-04-06 19:27:51,301 - DEBUG - Initializing centrifuge controller...
2026-04-06 19:27:51,301 - INFO - Initializing North Track...
2026-04-06 19:27:51,301 - DEBUG - Loading track status from file: robot_state/track_status.yaml
2026-04-06 19:27:51,301 - DEBUG - Getting track status from file: robot_state/track_status.yaml
2026-04-06 19:27:51,303 - DEBUG - Loaded track status from robot_state/track_status.yaml
2026-04-06 19:27:51,303 - DEBUG - Loading track positions from: robot_state/track_positions.yaml
2026-04-06 19:27:51,310 - DEBUG - Loaded track positions configuration from robot_state/track_positions.yaml
2026-04-06 19:27:51,310 - DEBUG - Loading robot hardware configuration from: robot_state/robot_hardware.yaml
2026-04-06 19:27:51,314 - DEBUG - Loaded robot hardware configuration from robot_state/robot_hardware.yaml
2026-04-06 19:27:51,317 - DEBUG - Loaded wellplate properties configuration from robot_state/wellplates.yaml
2026-04-06 19:27:51,318 - DEBUG - Moving North Track to home position
2026-04-06 19:27:51,318 - DEBUG - Detected origin position (0,0) - setting location to 'origin'
2026-04-06 19:27:51,318 - DEBUG - Updated gripper location to: origin at position {'x': 0, 'z': 0}
2026-04-06 19:27:51,319 - DEBUG - Simulating robot component homing...
2026-04-06 19:27:51,320 - INFO - Moving vial 6M_TFA to clamp: 0
2026-04-06 19:27:51,320 - DEBUG - Grabbing vial 0 with index 0
2026-04-06 19:27:51,322 - DEBUG - Dropping off vial 0 at location clamp with index 0
2026-04-06 19:27:51,323 - DEBUG - Applied object param asp_disp_cycles=0
2026-04-06 19:27:51,323 - DEBUG - Applied object param aspirate_speed=15
2026-04-06 19:27:51,323 - DEBUG - Applied object param aspirate_wait_time=0.0
2026-04-06 19:27:51,323 - DEBUG - Applied object param blowout_vol=0.5
2026-04-06 19:27:51,323 - DEBUG - Applied object param dispense_speed=5
2026-04-06 19:27:51,323 - DEBUG - Applied object param dispense_wait_time=0.0
2026-04-06 19:27:51,323 - DEBUG - Applied object param overaspirate_vol=0.0
2026-04-06 19:27:51,323 - DEBUG - Applied object param post_asp_air_vol=0.0
2026-04-06 19:27:51,323 - DEBUG - Applied object param post_retract_wait_time=0.0
2026-04-06 19:27:51,323 - DEBUG - Applied object param pre_asp_air_vol=0.0
2026-04-06 19:27:51,323 - DEBUG - Applied object param retract_speed=10
2026-04-06 19:27:51,324 - DEBUG - Selected small_tip for volume 0.060 mL
2026-04-06 19:27:51,324 - INFO - Getting small_tip (pipet number 0) from rack: small_tip_rack_1
2026-04-06 19:27:51,327 - DEBUG - Vial move required for pipetting
2026-04-06 19:27:51,328 - INFO - Moving vial 6M_TFA to safe pipetting location
2026-04-06 19:27:51,330 - INFO - Vial 0 already at clamp index 0, no move needed
2026-04-06 19:27:51,331 - DEBUG - Removing cap from clamped vial
2026-04-06 19:27:51,335 - INFO - Pipetting from vial 6M_TFA, amount: 0.060 mL
2026-04-06 19:27:51,335 - INFO - Additional volume from calibration, amount: 0.000 mL
2026-04-06 19:27:51,338 - DEBUG - Adjusting pump 0 speed to 10
2026-04-06 19:27:51,338 - DEBUG - Adjusting pump 0 speed to 15
2026-04-06 19:27:51,338 - DEBUG - Aspirating 0.060 mL then waiting 0.0 s
2026-04-06 19:27:51,339 - DEBUG - Applied object param asp_disp_cycles=0
2026-04-06 19:27:51,339 - DEBUG - Applied object param aspirate_speed=15
2026-04-06 19:27:51,339 - DEBUG - Applied object param aspirate_wait_time=0.0
2026-04-06 19:27:51,339 - DEBUG - Applied object param blowout_vol=0.5
2026-04-06 19:27:51,339 - DEBUG - Applied object param dispense_speed=5
2026-04-06 19:27:51,340 - DEBUG - Applied object param dispense_wait_time=0.0
2026-04-06 19:27:51,340 - DEBUG - Applied object param overaspirate_vol=0.0
2026-04-06 19:27:51,340 - DEBUG - Applied object param post_asp_air_vol=0.0
2026-04-06 19:27:51,340 - DEBUG - Applied object param post_retract_wait_time=0.0
2026-04-06 19:27:51,340 - DEBUG - Applied object param pre_asp_air_vol=0.0
2026-04-06 19:27:51,340 - DEBUG - Applied object param retract_speed=10
2026-04-06 19:27:51,341 - INFO - Pipetting into vial 6M_TFA, amount: 0.060 mL
2026-04-06 19:27:51,342 - DEBUG - Adjusting pump 0 speed to 5
2026-04-06 19:27:51,343 - DEBUG - Dispensing 0.060 mL then waiting 0.0 s
2026-04-06 19:27:51,343 - DEBUG - Blowing out 0.500 mL
2026-04-06 19:27:51,345 - DEBUG - Applied object param asp_disp_cycles=0
2026-04-06 19:27:51,345 - DEBUG - Applied object param aspirate_speed=15
2026-04-06 19:27:51,345 - DEBUG - Applied object param aspirate_wait_time=0.0
2026-04-06 19:27:51,345 - DEBUG - Applied object param blowout_vol=0.5
2026-04-06 19:27:51,345 - DEBUG - Applied object param dispense_speed=5
2026-04-06 19:27:51,345 - DEBUG - Applied object param dispense_wait_time=0.0
2026-04-06 19:27:51,345 - DEBUG - Applied object param overaspirate_vol=0.0
2026-04-06 19:27:51,345 - DEBUG - Applied object param post_asp_air_vol=0.0
2026-04-06 19:27:51,345 - DEBUG - Applied object param post_retract_wait_time=0.0
2026-04-06 19:27:51,345 - DEBUG - Applied object param pre_asp_air_vol=0.0
2026-04-06 19:27:51,345 - DEBUG - Applied object param retract_speed=10
2026-04-06 19:27:51,346 - DEBUG - Selected small_tip for volume 0.060 mL
2026-04-06 19:27:51,348 - INFO - Pipetting from vial 6M_TFA, amount: 0.060 mL
2026-04-06 19:27:51,348 - INFO - Additional volume from calibration, amount: 0.000 mL
2026-04-06 19:27:51,350 - DEBUG - Adjusting pump 0 speed to 10
2026-04-06 19:27:51,350 - DEBUG - Adjusting pump 0 speed to 15
2026-04-06 19:27:51,350 - DEBUG - Aspirating 0.060 mL then waiting 0.0 s
2026-04-06 19:27:51,350 - DEBUG - Applied object param asp_disp_cycles=0
2026-04-06 19:27:51,350 - DEBUG - Applied object param aspirate_speed=15
2026-04-06 19:27:51,350 - DEBUG - Applied object param aspirate_wait_time=0.0
2026-04-06 19:27:51,350 - DEBUG - Applied object param blowout_vol=0.5
2026-04-06 19:27:51,350 - DEBUG - Applied object param dispense_speed=5
2026-04-06 19:27:51,350 - DEBUG - Applied object param dispense_wait_time=0.0
2026-04-06 19:27:51,350 - DEBUG - Applied object param overaspirate_vol=0.0
2026-04-06 19:27:51,350 - DEBUG - Applied object param post_asp_air_vol=0.0
2026-04-06 19:27:51,350 - DEBUG - Applied object param post_retract_wait_time=0.0
2026-04-06 19:27:51,350 - DEBUG - Applied object param pre_asp_air_vol=0.0
2026-04-06 19:27:51,350 - DEBUG - Applied object param retract_speed=10
2026-04-06 19:27:51,352 - INFO - Pipetting into vial 6M_TFA, amount: 0.060 mL
2026-04-06 19:27:51,352 - DEBUG - Adjusting pump 0 speed to 5
2026-04-06 19:27:51,354 - DEBUG - Dispensing 0.060 mL then waiting 0.0 s
2026-04-06 19:27:51,354 - DEBUG - Blowing out 0.500 mL
2026-04-06 19:27:51,354 - DEBUG - Applied object param asp_disp_cycles=0
2026-04-06 19:27:51,354 - DEBUG - Applied object param aspirate_speed=15
2026-04-06 19:27:51,354 - DEBUG - Applied object param aspirate_wait_time=0.0
2026-04-06 19:27:51,354 - DEBUG - Applied object param blowout_vol=0.5
2026-04-06 19:27:51,354 - DEBUG - Applied object param dispense_speed=5
2026-04-06 19:27:51,354 - DEBUG - Applied object param dispense_wait_time=0.0
2026-04-06 19:27:51,354 - DEBUG - Applied object param overaspirate_vol=0.0
2026-04-06 19:27:51,354 - DEBUG - Applied object param post_asp_air_vol=0.0
2026-04-06 19:27:51,354 - DEBUG - Applied object param post_retract_wait_time=0.0
2026-04-06 19:27:51,354 - DEBUG - Applied object param pre_asp_air_vol=0.0
2026-04-06 19:27:51,354 - DEBUG - Applied object param retract_speed=10
2026-04-06 19:27:51,355 - DEBUG - Selected small_tip for volume 0.060 mL
2026-04-06 19:27:51,356 - INFO - Pipetting from vial 6M_TFA, amount: 0.060 mL
2026-04-06 19:27:51,356 - INFO - Additional volume from calibration, amount: 0.000 mL
2026-04-06 19:27:51,357 - DEBUG - Adjusting pump 0 speed to 10
2026-04-06 19:27:51,357 - DEBUG - Adjusting pump 0 speed to 15
2026-04-06 19:27:51,357 - DEBUG - Aspirating 0.060 mL then waiting 0.0 s
2026-04-06 19:27:51,357 - DEBUG - Applied object param asp_disp_cycles=0
2026-04-06 19:27:51,357 - DEBUG - Applied object param aspirate_speed=15
2026-04-06 19:27:51,357 - DEBUG - Applied object param aspirate_wait_time=0.0
2026-04-06 19:27:51,357 - DEBUG - Applied object param blowout_vol=0.5
2026-04-06 19:27:51,357 - DEBUG - Applied object param dispense_speed=5
2026-04-06 19:27:51,357 - DEBUG - Applied object param dispense_wait_time=0.0
2026-04-06 19:27:51,357 - DEBUG - Applied object param overaspirate_vol=0.0
2026-04-06 19:27:51,357 - DEBUG - Applied object param post_asp_air_vol=0.0
2026-04-06 19:27:51,357 - DEBUG - Applied object param post_retract_wait_time=0.0
2026-04-06 19:27:51,357 - DEBUG - Applied object param pre_asp_air_vol=0.0
2026-04-06 19:27:51,358 - DEBUG - Applied object param retract_speed=10
2026-04-06 19:27:51,359 - INFO - Pipetting into vial 6M_TFA, amount: 0.060 mL
2026-04-06 19:27:51,359 - DEBUG - Adjusting pump 0 speed to 5
2026-04-06 19:27:51,360 - DEBUG - Dispensing 0.060 mL then waiting 0.0 s
2026-04-06 19:27:51,360 - DEBUG - Blowing out 0.500 mL
2026-04-06 19:27:51,360 - DEBUG - Applied object param asp_disp_cycles=0
2026-04-06 19:27:51,360 - DEBUG - Applied object param aspirate_speed=15
2026-04-06 19:27:51,360 - DEBUG - Applied object param aspirate_wait_time=0.0
2026-04-06 19:27:51,360 - DEBUG - Applied object param blowout_vol=0.5
2026-04-06 19:27:51,360 - DEBUG - Applied object param dispense_speed=5
2026-04-06 19:27:51,360 - DEBUG - Applied object param dispense_wait_time=0.0
2026-04-06 19:27:51,360 - DEBUG - Applied object param overaspirate_vol=0.0
2026-04-06 19:27:51,361 - DEBUG - Applied object param post_asp_air_vol=0.0
2026-04-06 19:27:51,361 - DEBUG - Applied object param post_retract_wait_time=0.0
2026-04-06 19:27:51,361 - DEBUG - Applied object param pre_asp_air_vol=0.0
2026-04-06 19:27:51,361 - DEBUG - Applied object param retract_speed=10
2026-04-06 19:27:51,362 - DEBUG - Selected small_tip for volume 0.060 mL
2026-04-06 19:27:51,364 - INFO - Pipetting from vial 6M_TFA, amount: 0.060 mL
2026-04-06 19:27:51,365 - INFO - Additional volume from calibration, amount: 0.000 mL
2026-04-06 19:27:51,365 - DEBUG - Adjusting pump 0 speed to 10
2026-04-06 19:27:51,365 - DEBUG - Adjusting pump 0 speed to 15
2026-04-06 19:27:51,365 - DEBUG - Aspirating 0.060 mL then waiting 0.0 s
2026-04-06 19:27:51,365 - DEBUG - Applied object param asp_disp_cycles=0
2026-04-06 19:27:51,365 - DEBUG - Applied object param aspirate_speed=15
2026-04-06 19:27:51,366 - DEBUG - Applied object param aspirate_wait_time=0.0
2026-04-06 19:27:51,366 - DEBUG - Applied object param blowout_vol=0.5
2026-04-06 19:27:51,366 - DEBUG - Applied object param dispense_speed=5
2026-04-06 19:27:51,366 - DEBUG - Applied object param dispense_wait_time=0.0
2026-04-06 19:27:51,366 - DEBUG - Applied object param overaspirate_vol=0.0
2026-04-06 19:27:51,366 - DEBUG - Applied object param post_asp_air_vol=0.0
2026-04-06 19:27:51,366 - DEBUG - Applied object param post_retract_wait_time=0.0
2026-04-06 19:27:51,366 - DEBUG - Applied object param pre_asp_air_vol=0.0
2026-04-06 19:27:51,366 - DEBUG - Applied object param retract_speed=10
2026-04-06 19:27:51,367 - INFO - Pipetting into vial 6M_TFA, amount: 0.060 mL
2026-04-06 19:27:51,368 - DEBUG - Adjusting pump 0 speed to 5
2026-04-06 19:27:51,369 - DEBUG - Dispensing 0.060 mL then waiting 0.0 s
2026-04-06 19:27:51,369 - DEBUG - Blowing out 0.500 mL
2026-04-06 19:27:51,370 - INFO - Moving robot to home position
2026-04-06 19:27:51,371 - DEBUG - Applied dict param aspirate_speed=10
2026-04-06 19:27:51,371 - DEBUG - Applied dict param dispense_speed=10
2026-04-06 19:27:51,371 - DEBUG - Applied dict param aspirate_wait_time=0.0
2026-04-06 19:27:51,371 - DEBUG - Applied dict param dispense_wait_time=1.5
2026-04-06 19:27:51,371 - DEBUG - Applied dict param pre_asp_air_vol=0.0
2026-04-06 19:27:51,371 - DEBUG - Applied dict param retract_speed=5
2026-04-06 19:27:51,371 - DEBUG - Applied dict param blowout_vol=0.0
2026-04-06 19:27:51,371 - DEBUG - Applied dict param post_asp_air_vol=0.0
2026-04-06 19:27:51,371 - DEBUG - Applied dict param post_retract_wait_time=0.0
2026-04-06 19:27:51,371 - DEBUG - Applied dict param overaspirate_vol=0.004
2026-04-06 19:27:51,371 - DEBUG - Applied dict param asp_disp_cycles=0
2026-04-06 19:27:51,372 - DEBUG - Selected small_tip for volume 0.104 mL
2026-04-06 19:27:51,373 - INFO - Pipetting from vial 6M_TFA, amount: 0.100 mL
2026-04-06 19:27:51,374 - INFO - Additional volume from calibration, amount: 0.004 mL
2026-04-06 19:27:51,375 - DEBUG - Adjusting pump 0 speed to 10
2026-04-06 19:27:51,375 - DEBUG - Adjusting pump 0 speed to 10
2026-04-06 19:27:51,375 - DEBUG - Aspirating 0.104 mL then waiting 0.0 s
2026-04-06 19:27:51,376 - DEBUG - Applied dict param aspirate_speed=10
2026-04-06 19:27:51,376 - DEBUG - Applied dict param dispense_speed=10
2026-04-06 19:27:51,376 - DEBUG - Applied dict param aspirate_wait_time=0.0
2026-04-06 19:27:51,376 - DEBUG - Applied dict param dispense_wait_time=1.5
2026-04-06 19:27:51,376 - DEBUG - Applied dict param pre_asp_air_vol=0.0
2026-04-06 19:27:51,376 - DEBUG - Applied dict param retract_speed=5
2026-04-06 19:27:51,376 - DEBUG - Applied dict param blowout_vol=0.0
2026-04-06 19:27:51,376 - DEBUG - Applied dict param post_asp_air_vol=0.0
2026-04-06 19:27:51,376 - DEBUG - Applied dict param post_retract_wait_time=0.0
2026-04-06 19:27:51,376 - DEBUG - Applied dict param overaspirate_vol=0.004
2026-04-06 19:27:51,376 - DEBUG - Applied dict param asp_disp_cycles=0
2026-04-06 19:27:51,377 - INFO - Pipetting into vial 6M_TFA, amount: 0.100 mL
2026-04-06 19:27:51,379 - INFO - Simulation mode - initial mass set to 0
2026-04-06 19:27:51,379 - DEBUG - Adjusting pump 0 speed to 10
2026-04-06 19:27:51,381 - DEBUG - Dispensing 0.104 mL then waiting 1.5 s
2026-04-06 19:27:51,381 - INFO - Simulation mode - final mass set to 0
2026-04-06 19:27:51,381 - INFO - Mass difference: 0.000000 g (target: 0.100 mL = ~0.100000 g for water)
2026-04-06 19:27:51,388 - DEBUG - Applied dict param aspirate_speed=10
2026-04-06 19:27:51,388 - DEBUG - Applied dict param dispense_speed=10
2026-04-06 19:27:51,388 - DEBUG - Applied dict param aspirate_wait_time=0.0
2026-04-06 19:27:51,388 - DEBUG - Applied dict param dispense_wait_time=1.5
2026-04-06 19:27:51,388 - DEBUG - Applied dict param pre_asp_air_vol=0.0
2026-04-06 19:27:51,388 - DEBUG - Applied dict param retract_speed=5
2026-04-06 19:27:51,388 - DEBUG - Applied dict param blowout_vol=0.0
2026-04-06 19:27:51,388 - DEBUG - Applied dict param post_asp_air_vol=0.0
2026-04-06 19:27:51,397 - DEBUG - Applied dict param post_retract_wait_time=0.0
2026-04-06 19:27:51,398 - DEBUG - Applied dict param overaspirate_vol=0.004
2026-04-06 19:27:51,402 - DEBUG - Applied dict param asp_disp_cycles=0
2026-04-06 19:27:51,411 - DEBUG - Selected small_tip for volume 0.104 mL
2026-04-06 19:27:51,414 - INFO - Pipetting from vial 6M_TFA, amount: 0.100 mL
2026-04-06 19:27:51,414 - INFO - Additional volume from calibration, amount: 0.004 mL
2026-04-06 19:27:51,415 - DEBUG - Adjusting pump 0 speed to 10
2026-04-06 19:27:51,415 - DEBUG - Adjusting pump 0 speed to 10
2026-04-06 19:27:51,416 - DEBUG - Aspirating 0.104 mL then waiting 0.0 s
2026-04-06 19:27:51,416 - DEBUG - Applied dict param aspirate_speed=10
2026-04-06 19:27:51,416 - DEBUG - Applied dict param dispense_speed=10
2026-04-06 19:27:51,416 - DEBUG - Applied dict param aspirate_wait_time=0.0
2026-04-06 19:27:51,416 - DEBUG - Applied dict param dispense_wait_time=1.5
2026-04-06 19:27:51,416 - DEBUG - Applied dict param pre_asp_air_vol=0.0
2026-04-06 19:27:51,416 - DEBUG - Applied dict param retract_speed=5
2026-04-06 19:27:51,416 - DEBUG - Applied dict param blowout_vol=0.0
2026-04-06 19:27:51,416 - DEBUG - Applied dict param post_asp_air_vol=0.0
2026-04-06 19:27:51,416 - DEBUG - Applied dict param post_retract_wait_time=0.0
2026-04-06 19:27:51,417 - DEBUG - Applied dict param overaspirate_vol=0.004
2026-04-06 19:27:51,417 - DEBUG - Applied dict param asp_disp_cycles=0
2026-04-06 19:27:51,418 - INFO - Pipetting into vial 6M_TFA, amount: 0.100 mL
2026-04-06 19:27:51,419 - INFO - Simulation mode - initial mass set to 0
2026-04-06 19:27:51,419 - DEBUG - Adjusting pump 0 speed to 10
2026-04-06 19:27:51,421 - DEBUG - Dispensing 0.104 mL then waiting 1.5 s
2026-04-06 19:27:51,421 - INFO - Simulation mode - final mass set to 0
2026-04-06 19:27:51,421 - INFO - Mass difference: 0.000000 g (target: 0.100 mL = ~0.100000 g for water)
2026-04-06 19:27:51,422 - DEBUG - Applied dict param aspirate_speed=10
2026-04-06 19:27:51,422 - DEBUG - Applied dict param dispense_speed=10
2026-04-06 19:27:51,422 - DEBUG - Applied dict param aspirate_wait_time=0.0
2026-04-06 19:27:51,422 - DEBUG - Applied dict param dispense_wait_time=1.5
2026-04-06 19:27:51,422 - DEBUG - Applied dict param pre_asp_air_vol=0.0
2026-04-06 19:27:51,422 - DEBUG - Applied dict param retract_speed=5
2026-04-06 19:27:51,422 - DEBUG - Applied dict param blowout_vol=0.0
2026-04-06 19:27:51,422 - DEBUG - Applied dict param post_asp_air_vol=0.0
2026-04-06 19:27:51,422 - DEBUG - Applied dict param post_retract_wait_time=0.0
2026-04-06 19:27:51,422 - DEBUG - Applied dict param overaspirate_vol=0.004
2026-04-06 19:27:51,422 - DEBUG - Applied dict param asp_disp_cycles=0
2026-04-06 19:27:51,423 - DEBUG - Selected small_tip for volume 0.104 mL
2026-04-06 19:27:51,424 - INFO - Pipetting from vial 6M_TFA, amount: 0.100 mL
2026-04-06 19:27:51,425 - INFO - Additional volume from calibration, amount: 0.004 mL
2026-04-06 19:27:51,426 - DEBUG - Adjusting pump 0 speed to 10
2026-04-06 19:27:51,427 - DEBUG - Adjusting pump 0 speed to 10
2026-04-06 19:27:51,427 - DEBUG - Aspirating 0.104 mL then waiting 0.0 s
2026-04-06 19:27:51,427 - DEBUG - Applied dict param aspirate_speed=10
2026-04-06 19:27:51,427 - DEBUG - Applied dict param dispense_speed=10
2026-04-06 19:27:51,427 - DEBUG - Applied dict param aspirate_wait_time=0.0
2026-04-06 19:27:51,427 - DEBUG - Applied dict param dispense_wait_time=1.5
2026-04-06 19:27:51,427 - DEBUG - Applied dict param pre_asp_air_vol=0.0
2026-04-06 19:27:51,427 - DEBUG - Applied dict param retract_speed=5
2026-04-06 19:27:51,427 - DEBUG - Applied dict param blowout_vol=0.0
2026-04-06 19:27:51,427 - DEBUG - Applied dict param post_asp_air_vol=0.0
2026-04-06 19:27:51,427 - DEBUG - Applied dict param post_retract_wait_time=0.0
2026-04-06 19:27:51,427 - DEBUG - Applied dict param overaspirate_vol=0.004
2026-04-06 19:27:51,427 - DEBUG - Applied dict param asp_disp_cycles=0
2026-04-06 19:27:51,429 - INFO - Pipetting into vial 6M_TFA, amount: 0.100 mL
2026-04-06 19:27:51,431 - INFO - Simulation mode - initial mass set to 0
2026-04-06 19:27:51,431 - DEBUG - Adjusting pump 0 speed to 10
2026-04-06 19:27:51,432 - DEBUG - Dispensing 0.104 mL then waiting 1.5 s
2026-04-06 19:27:51,432 - INFO - Simulation mode - final mass set to 0
2026-04-06 19:27:51,433 - INFO - Mass difference: 0.000000 g (target: 0.100 mL = ~0.100000 g for water)
