2025-11-26 17:55:16,679 - INFO - Initializing North Robot...
2025-11-26 17:55:16,679 - DEBUG - Loading robot configuration files...
2025-11-26 17:55:16,679 - DEBUG - Loaded vial positions configuration from robot_state/vial_positions.yaml
2025-11-26 17:55:16,695 - DEBUG - Loaded pipet tips configuration from robot_state/pipet_tips.yaml
2025-11-26 17:55:16,700 - DEBUG - Loaded pipet racks configuration from robot_state/pipet_racks.yaml
2025-11-26 17:55:16,703 - DEBUG - Loaded pump configuration from robot_state/syringe_pumps.yaml
2025-11-26 17:55:16,708 - DEBUG - Loaded robot hardware configuration from robot_state/robot_hardware.yaml
2025-11-26 17:55:16,711 - DEBUG - Loaded wellplate properties configuration from robot_state/wellplates.yaml
2025-11-26 17:55:16,711 - DEBUG - Loading robot state files...
2025-11-26 17:55:16,738 - DEBUG - Loaded vial data from status/surfactant_grid_vials_expanded.csv
2025-11-26 17:55:16,750 - DEBUG - Loaded robot status from robot_state/robot_status.yaml
2025-11-26 17:55:16,750 - DEBUG - Loaded wellplate positions from robot_state/wellplates.yaml
2025-11-26 17:55:16,750 - DEBUG - Robot status loaded successfully
2025-11-26 17:55:16,750 - DEBUG - Loading pumps from YAML configuration...
2025-11-26 17:55:16,857 - DEBUG - Loaded pump 0: volume=1.0mL, speed=11, liquid=None
2025-11-26 17:55:16,962 - DEBUG - Loaded pump 1: volume=2.5mL, speed=15, liquid=water
2025-11-26 17:55:16,962 - DEBUG - Physical initialization of North Robot...
2025-11-26 17:55:17,279 - WARNING - The robot reports having 0.960 mL liquid in its tip... Returning that liquid...
2025-11-26 17:55:17,281 - INFO - Pipetting into vial NaDC_stock, amount: 1.000 mL
2025-11-26 17:55:17,281 - DEBUG - Adjusting pump 0 speed to 10
2025-11-26 17:55:20,858 - DEBUG - Dispensing 1.000 mL then waiting 0.0 s
2025-11-26 17:55:20,858 - WARNING - Dispense exceeded limit: Dispensing all liquid
2025-11-26 17:55:21,010 - WARNING - The robot reports having a tip, removing the tip
2025-11-26 17:55:21,010 - INFO - Removing pipet
