2026-02-09 15:30:30,716 - INFO - Initializing North Robot...
2026-02-09 15:30:30,718 - DEBUG - Loading robot configuration files...
2026-02-09 15:30:30,724 - DEBUG - Loaded vial positions configuration from robot_state/vial_positions.yaml
2026-02-09 15:30:30,724 - DEBUG - Loaded pipet tips configuration from robot_state/pipet_tips.yaml
2026-02-09 15:30:30,724 - DEBUG - Loaded pipet racks configuration from robot_state/pipet_racks.yaml
2026-02-09 15:30:30,724 - DEBUG - Loaded pump configuration from robot_state/syringe_pumps.yaml
2026-02-09 15:30:30,724 - DEBUG - Loaded robot hardware configuration from robot_state/robot_hardware.yaml
2026-02-09 15:30:30,740 - DEBUG - Loaded wellplate properties configuration from robot_state/wellplates.yaml
2026-02-09 15:30:30,740 - DEBUG - Loading robot state files...
2026-02-09 15:30:30,744 - DEBUG - Loaded vial data from status/calibration_vials_short.csv
2026-02-09 15:30:30,747 - DEBUG - Loaded robot status from robot_state/robot_status.yaml
2026-02-09 15:30:30,757 - DEBUG - Loaded wellplate positions from robot_state/wellplates.yaml
2026-02-09 15:30:30,757 - DEBUG - Robot status loaded successfully
2026-02-09 15:30:30,757 - INFO - Physical initialization of North Robot...
2026-02-09 15:30:34,251 - DEBUG - Loading pumps from YAML configuration...
2026-02-09 15:30:34,347 - DEBUG - Loaded pump 0: volume=1.0mL, speed=11, liquid=None
2026-02-09 15:30:34,458 - DEBUG - Loaded pump 1: volume=2.5mL, speed=15, liquid=water
2026-02-09 15:30:34,458 - INFO - Moving robot to home position
2026-02-09 15:30:34,926 - DEBUG - Initializing centrifuge controller...
2026-02-09 15:30:34,926 - INFO - Initializing North Track...
2026-02-09 15:30:34,926 - DEBUG - Loading track status from file: robot_state/track_status.yaml
2026-02-09 15:30:34,927 - DEBUG - Getting track status from file: robot_state/track_status.yaml
2026-02-09 15:30:34,927 - DEBUG - Loaded track status from robot_state/track_status.yaml
2026-02-09 15:30:34,927 - DEBUG - Loading track positions from: robot_state/track_positions.yaml
2026-02-09 15:30:34,927 - DEBUG - Loaded track positions configuration from robot_state/track_positions.yaml
2026-02-09 15:30:34,927 - DEBUG - Loading robot hardware configuration from: robot_state/robot_hardware.yaml
2026-02-09 15:30:34,927 - DEBUG - Loaded robot hardware configuration from robot_state/robot_hardware.yaml
2026-02-09 15:30:34,927 - DEBUG - Loaded wellplate properties configuration from robot_state/wellplates.yaml
2026-02-09 15:30:35,013 - DEBUG - Moving North Track to home position
2026-02-09 15:30:35,014 - INFO - Homing all robot components...
2026-02-09 15:30:35,014 - DEBUG - Homing carousel...
2026-02-09 15:30:42,669 - DEBUG - Homing robot axes...
2026-02-09 15:30:54,910 - DEBUG - Homing pump 0...
2026-02-09 15:30:56,668 - DEBUG - Homing pump 1...
2026-02-09 15:30:58,320 - DEBUG - Homing track axes...
2026-02-09 15:30:58,320 - DEBUG - Homing track axis z_axis (axis 6)...
2026-02-09 15:31:01,874 - DEBUG - Homing track axis x_axis (axis 7)...
2026-02-09 15:31:05,876 - INFO - All robot components homed successfully
2026-02-09 15:31:05,876 - INFO - Moving vial liquid_source_0 to clamp: 0
2026-02-09 15:31:05,876 - DEBUG - Grabbing vial 1 with index 1
2026-02-09 15:31:07,853 - DEBUG - Dropping off vial 1 at location clamp with index 0
2026-02-09 15:31:11,513 - DEBUG - Applied object param asp_disp_cycles=0
2026-02-09 15:31:11,513 - DEBUG - Applied object param aspirate_speed=15
2026-02-09 15:31:11,513 - DEBUG - Applied object param aspirate_wait_time=0.0
2026-02-09 15:31:11,513 - DEBUG - Applied object param blowout_vol=0.5
2026-02-09 15:31:11,513 - DEBUG - Applied object param dispense_speed=5
2026-02-09 15:31:11,513 - DEBUG - Applied object param dispense_wait_time=0.0
2026-02-09 15:31:11,513 - DEBUG - Applied object param overaspirate_vol=0.0
2026-02-09 15:31:11,513 - DEBUG - Applied object param post_asp_air_vol=0.0
2026-02-09 15:31:11,514 - DEBUG - Applied object param post_retract_wait_time=0.0
2026-02-09 15:31:11,514 - DEBUG - Applied object param pre_asp_air_vol=0.0
2026-02-09 15:31:11,514 - DEBUG - Applied object param retract_speed=10
2026-02-09 15:31:11,515 - DEBUG - Selected small_tip for volume 0.050 mL
2026-02-09 15:31:11,515 - INFO - Getting small_tip (pipet number 5) from rack: small_tip_rack_1
2026-02-09 15:31:16,569 - INFO - Pipetting from vial liquid_source_0, amount: 0.050 mL
2026-02-09 15:31:16,570 - INFO - Additional volume from calibration, amount: 0.000 mL
2026-02-09 15:31:16,571 - DEBUG - Adjusting pump 0 speed to 10
2026-02-09 15:31:18,856 - DEBUG - Adjusting pump 0 speed to 15
2026-02-09 15:31:20,032 - DEBUG - Aspirating 0.050 mL then waiting 0.0 s
2026-02-09 15:31:20,791 - DEBUG - Applied object param asp_disp_cycles=0
2026-02-09 15:31:20,791 - DEBUG - Applied object param aspirate_speed=15
2026-02-09 15:31:20,791 - DEBUG - Applied object param aspirate_wait_time=0.0
2026-02-09 15:31:20,791 - DEBUG - Applied object param blowout_vol=0.5
2026-02-09 15:31:20,791 - DEBUG - Applied object param dispense_speed=5
2026-02-09 15:31:20,791 - DEBUG - Applied object param dispense_wait_time=0.0
2026-02-09 15:31:20,791 - DEBUG - Applied object param overaspirate_vol=0.0
2026-02-09 15:31:20,791 - DEBUG - Applied object param post_asp_air_vol=0.0
2026-02-09 15:31:20,791 - DEBUG - Applied object param post_retract_wait_time=0.0
2026-02-09 15:31:20,791 - DEBUG - Applied object param pre_asp_air_vol=0.0
2026-02-09 15:31:20,791 - DEBUG - Applied object param retract_speed=10
2026-02-09 15:31:20,791 - INFO - Pipetting into vial liquid_source_0, amount: 0.050 mL
2026-02-09 15:31:20,791 - DEBUG - Adjusting pump 0 speed to 5
2026-02-09 15:31:20,898 - DEBUG - Dispensing 0.050 mL then waiting 0.0 s
2026-02-09 15:31:21,243 - DEBUG - Blowing out 0.500 mL
2026-02-09 15:31:24,284 - DEBUG - Applied object param asp_disp_cycles=0
2026-02-09 15:31:24,284 - DEBUG - Applied object param aspirate_speed=15
2026-02-09 15:31:24,284 - DEBUG - Applied object param aspirate_wait_time=0.0
2026-02-09 15:31:24,284 - DEBUG - Applied object param blowout_vol=0.5
2026-02-09 15:31:24,284 - DEBUG - Applied object param dispense_speed=5
2026-02-09 15:31:24,284 - DEBUG - Applied object param dispense_wait_time=0.0
2026-02-09 15:31:24,284 - DEBUG - Applied object param overaspirate_vol=0.0
2026-02-09 15:31:24,284 - DEBUG - Applied object param post_asp_air_vol=0.0
2026-02-09 15:31:24,284 - DEBUG - Applied object param post_retract_wait_time=0.0
2026-02-09 15:31:24,284 - DEBUG - Applied object param pre_asp_air_vol=0.0
2026-02-09 15:31:24,284 - DEBUG - Applied object param retract_speed=10
2026-02-09 15:31:24,284 - DEBUG - Selected small_tip for volume 0.050 mL
2026-02-09 15:31:24,284 - INFO - Pipetting from vial liquid_source_0, amount: 0.050 mL
2026-02-09 15:31:24,284 - INFO - Additional volume from calibration, amount: 0.000 mL
2026-02-09 15:31:24,305 - DEBUG - Adjusting pump 0 speed to 10
2026-02-09 15:31:24,416 - DEBUG - Adjusting pump 0 speed to 15
2026-02-09 15:31:24,553 - DEBUG - Aspirating 0.050 mL then waiting 0.0 s
2026-02-09 15:31:25,356 - DEBUG - Applied object param asp_disp_cycles=0
2026-02-09 15:31:25,356 - DEBUG - Applied object param aspirate_speed=15
2026-02-09 15:31:25,356 - DEBUG - Applied object param aspirate_wait_time=0.0
2026-02-09 15:31:25,356 - DEBUG - Applied object param blowout_vol=0.5
2026-02-09 15:31:25,356 - DEBUG - Applied object param dispense_speed=5
2026-02-09 15:31:25,356 - DEBUG - Applied object param dispense_wait_time=0.0
2026-02-09 15:31:25,356 - DEBUG - Applied object param overaspirate_vol=0.0
2026-02-09 15:31:25,356 - DEBUG - Applied object param post_asp_air_vol=0.0
2026-02-09 15:31:25,356 - DEBUG - Applied object param post_retract_wait_time=0.0
2026-02-09 15:31:25,356 - DEBUG - Applied object param pre_asp_air_vol=0.0
2026-02-09 15:31:25,356 - DEBUG - Applied object param retract_speed=10
2026-02-09 15:31:25,356 - INFO - Pipetting into vial liquid_source_0, amount: 0.050 mL
2026-02-09 15:31:25,356 - DEBUG - Adjusting pump 0 speed to 5
2026-02-09 15:31:25,464 - DEBUG - Dispensing 0.050 mL then waiting 0.0 s
2026-02-09 15:31:25,801 - DEBUG - Blowing out 0.500 mL
2026-02-09 15:31:28,916 - DEBUG - Applied object param asp_disp_cycles=0
2026-02-09 15:31:28,916 - DEBUG - Applied object param aspirate_speed=15
2026-02-09 15:31:28,916 - DEBUG - Applied object param aspirate_wait_time=0.0
2026-02-09 15:31:28,916 - DEBUG - Applied object param blowout_vol=0.5
2026-02-09 15:31:28,916 - DEBUG - Applied object param dispense_speed=5
2026-02-09 15:31:28,916 - DEBUG - Applied object param dispense_wait_time=0.0
2026-02-09 15:31:28,916 - DEBUG - Applied object param overaspirate_vol=0.0
2026-02-09 15:31:28,916 - DEBUG - Applied object param post_asp_air_vol=0.0
2026-02-09 15:31:28,916 - DEBUG - Applied object param post_retract_wait_time=0.0
2026-02-09 15:31:28,916 - DEBUG - Applied object param pre_asp_air_vol=0.0
2026-02-09 15:31:28,916 - DEBUG - Applied object param retract_speed=10
2026-02-09 15:31:28,918 - DEBUG - Selected small_tip for volume 0.050 mL
2026-02-09 15:31:28,918 - INFO - Pipetting from vial liquid_source_0, amount: 0.050 mL
2026-02-09 15:31:28,918 - INFO - Additional volume from calibration, amount: 0.000 mL
2026-02-09 15:31:28,937 - DEBUG - Adjusting pump 0 speed to 10
2026-02-09 15:31:29,037 - DEBUG - Adjusting pump 0 speed to 15
2026-02-09 15:31:29,166 - DEBUG - Aspirating 0.050 mL then waiting 0.0 s
2026-02-09 15:31:29,939 - DEBUG - Applied object param asp_disp_cycles=0
2026-02-09 15:31:29,939 - DEBUG - Applied object param aspirate_speed=15
2026-02-09 15:31:29,939 - DEBUG - Applied object param aspirate_wait_time=0.0
2026-02-09 15:31:29,939 - DEBUG - Applied object param blowout_vol=0.5
2026-02-09 15:31:29,939 - DEBUG - Applied object param dispense_speed=5
2026-02-09 15:31:29,939 - DEBUG - Applied object param dispense_wait_time=0.0
2026-02-09 15:31:29,939 - DEBUG - Applied object param overaspirate_vol=0.0
2026-02-09 15:31:29,939 - DEBUG - Applied object param post_asp_air_vol=0.0
2026-02-09 15:31:29,939 - DEBUG - Applied object param post_retract_wait_time=0.0
2026-02-09 15:31:29,939 - DEBUG - Applied object param pre_asp_air_vol=0.0
2026-02-09 15:31:29,939 - DEBUG - Applied object param retract_speed=10
2026-02-09 15:31:29,941 - INFO - Pipetting into vial liquid_source_0, amount: 0.050 mL
2026-02-09 15:31:29,942 - DEBUG - Adjusting pump 0 speed to 5
2026-02-09 15:31:30,054 - DEBUG - Dispensing 0.050 mL then waiting 0.0 s
2026-02-09 15:31:30,403 - DEBUG - Blowing out 0.500 mL
2026-02-09 15:31:33,487 - DEBUG - Applied object param asp_disp_cycles=0
2026-02-09 15:31:33,487 - DEBUG - Applied object param aspirate_speed=15
2026-02-09 15:31:33,487 - DEBUG - Applied object param aspirate_wait_time=0.0
2026-02-09 15:31:33,487 - DEBUG - Applied object param blowout_vol=0.5
2026-02-09 15:31:33,487 - DEBUG - Applied object param dispense_speed=5
2026-02-09 15:31:33,487 - DEBUG - Applied object param dispense_wait_time=0.0
2026-02-09 15:31:33,487 - DEBUG - Applied object param overaspirate_vol=0.0
2026-02-09 15:31:33,487 - DEBUG - Applied object param post_asp_air_vol=0.0
2026-02-09 15:31:33,487 - DEBUG - Applied object param post_retract_wait_time=0.0
2026-02-09 15:31:33,487 - DEBUG - Applied object param pre_asp_air_vol=0.0
2026-02-09 15:31:33,487 - DEBUG - Applied object param retract_speed=10
2026-02-09 15:31:33,489 - DEBUG - Selected small_tip for volume 0.050 mL
2026-02-09 15:31:33,490 - INFO - Pipetting from vial liquid_source_0, amount: 0.050 mL
2026-02-09 15:31:33,491 - INFO - Additional volume from calibration, amount: 0.000 mL
2026-02-09 15:31:33,507 - DEBUG - Adjusting pump 0 speed to 10
2026-02-09 15:31:33,610 - DEBUG - Adjusting pump 0 speed to 15
2026-02-09 15:31:33,757 - DEBUG - Aspirating 0.050 mL then waiting 0.0 s
2026-02-09 15:31:34,506 - DEBUG - Applied object param asp_disp_cycles=0
2026-02-09 15:31:34,507 - DEBUG - Applied object param aspirate_speed=15
2026-02-09 15:31:34,507 - DEBUG - Applied object param aspirate_wait_time=0.0
2026-02-09 15:31:34,507 - DEBUG - Applied object param blowout_vol=0.5
2026-02-09 15:31:34,507 - DEBUG - Applied object param dispense_speed=5
2026-02-09 15:31:34,507 - DEBUG - Applied object param dispense_wait_time=0.0
2026-02-09 15:31:34,507 - DEBUG - Applied object param overaspirate_vol=0.0
2026-02-09 15:31:34,507 - DEBUG - Applied object param post_asp_air_vol=0.0
2026-02-09 15:31:34,507 - DEBUG - Applied object param post_retract_wait_time=0.0
2026-02-09 15:31:34,507 - DEBUG - Applied object param pre_asp_air_vol=0.0
2026-02-09 15:31:34,507 - DEBUG - Applied object param retract_speed=10
2026-02-09 15:31:34,509 - INFO - Pipetting into vial liquid_source_0, amount: 0.050 mL
2026-02-09 15:31:34,510 - DEBUG - Adjusting pump 0 speed to 5
2026-02-09 15:31:34,606 - DEBUG - Dispensing 0.050 mL then waiting 0.0 s
2026-02-09 15:31:34,938 - DEBUG - Blowing out 0.500 mL
2026-02-09 15:31:37,942 - INFO - Moving robot to home position
2026-02-09 15:31:41,275 - INFO - Removing pipet
2026-02-09 15:31:43,970 - INFO - Returning vial liquid_source_0 to home location: main_8mL_rack index 44
2026-02-09 15:31:43,974 - INFO - Moving vial liquid_source_0 to main_8mL_rack: 44
2026-02-09 15:31:43,974 - DEBUG - Grabbing vial 1 with index 1
2026-02-09 15:31:46,332 - DEBUG - Dropping off vial 1 at location main_8mL_rack with index 44
2026-02-09 15:31:49,999 - INFO - Moving robot to home position
