2025-11-27 17:56:16,049 - INFO - Initializing North Robot...
2025-11-27 17:56:16,049 - DEBUG - Loading robot configuration files...
2025-11-27 17:56:16,066 - DEBUG - Loaded vial positions configuration from robot_state/vial_positions.yaml
2025-11-27 17:56:16,066 - DEBUG - Loaded pipet tips configuration from robot_state/pipet_tips.yaml
2025-11-27 17:56:16,066 - DEBUG - Loaded pipet racks configuration from robot_state/pipet_racks.yaml
2025-11-27 17:56:16,066 - DEBUG - Loaded pump configuration from robot_state/syringe_pumps.yaml
2025-11-27 17:56:16,066 - DEBUG - Loaded robot hardware configuration from robot_state/robot_hardware.yaml
2025-11-27 17:56:16,086 - DEBUG - Loaded wellplate properties configuration from robot_state/wellplates.yaml
2025-11-27 17:56:16,086 - DEBUG - Loading robot state files...
2025-11-27 17:56:16,088 - DEBUG - Loaded vial data from status/surfactant_grid_vials_expanded.csv
2025-11-27 17:56:16,088 - DEBUG - Loaded robot status from robot_state/robot_status.yaml
2025-11-27 17:56:16,088 - DEBUG - Loaded wellplate positions from robot_state/wellplates.yaml
2025-11-27 17:56:16,088 - DEBUG - Robot status loaded successfully
2025-11-27 17:56:16,088 - DEBUG - Loading pumps from YAML configuration...
2025-11-27 17:56:16,199 - DEBUG - Loaded pump 0: volume=1.0mL, speed=11, liquid=None
2025-11-27 17:56:16,316 - DEBUG - Loaded pump 1: volume=2.5mL, speed=15, liquid=water
2025-11-27 17:56:16,316 - DEBUG - Physical initialization of North Robot...
2025-11-27 17:56:16,629 - INFO - Robot reports having a vial index for liquid but only 0.000 mL volume - skipping dispense
2025-11-27 17:56:16,629 - WARNING - The robot reports having a tip, removing the tip
2025-11-27 17:56:16,629 - INFO - Removing pipet
2025-11-27 17:56:19,534 - INFO - Moving robot to home position
2025-11-27 17:56:27,192 - DEBUG - Current reader status: 0
2025-11-27 17:56:27,192 - INFO - Cytation5 is connected and ready
2025-11-27 17:56:27,192 - INFO - Initializing North Track...
2025-11-27 17:56:27,205 - DEBUG - Loading track status from file: robot_state/track_status.yaml
2025-11-27 17:56:27,205 - DEBUG - Getting track status from file: robot_state/track_status.yaml
2025-11-27 17:56:27,206 - DEBUG - Loaded track status from robot_state/track_status.yaml
2025-11-27 17:56:27,206 - DEBUG - Loading track positions from: robot_state/track_positions.yaml
2025-11-27 17:56:27,210 - DEBUG - Loaded track positions configuration from robot_state/track_positions.yaml
2025-11-27 17:56:27,210 - DEBUG - Loading robot hardware configuration from: robot_state/robot_hardware.yaml
2025-11-27 17:56:27,210 - DEBUG - Loaded robot hardware configuration from robot_state/robot_hardware.yaml
2025-11-27 17:56:27,210 - DEBUG - Loaded wellplate properties configuration from robot_state/wellplates.yaml
2025-11-27 17:56:27,314 - DEBUG - Moving North Track to home position
2025-11-27 17:56:27,316 - INFO - Initialized Lash_E workstation in hardware mode
2025-11-27 17:56:27,317 - INFO - Validating input files - manual interaction required
2025-11-27 17:56:27,318 - INFO -     vial_index        vial_name       location  location_index  vial_volume  capped cap_type vial_type  home_location  home_location_index
0            0        SDS_stock  main_8mL_rack               0        3.601    True     open      8_mL  main_8mL_rack                    0
1            1        NaC_stock  main_8mL_rack               1        3.601    True     open      8_mL  main_8mL_rack                    1
2            2       NaDC_stock  main_8mL_rack               2        1.202    True     open      8_mL  main_8mL_rack                    2
3            3       TTAB_stock  main_8mL_rack               3        3.601    True     open      8_mL  main_8mL_rack                    3
4            4       CTAB_stock  main_8mL_rack               4        3.601    True     open      8_mL  main_8mL_rack                    4
5            5       DTAB_stock  main_8mL_rack               5        3.601    True     open      8_mL  main_8mL_rack                    5
6            6   SDS_dilution_0  main_8mL_rack               6        4.000    True     open      8_mL  main_8mL_rack                    6
7            7   SDS_dilution_1  main_8mL_rack               7        4.200    True     open      8_mL  main_8mL_rack                    7
8            8   SDS_dilution_2  main_8mL_rack               8        3.800    True     open      8_mL  main_8mL_rack                    8
9            9   SDS_dilution_3  main_8mL_rack               9        3.800    True     open      8_mL  main_8mL_rack                    9
10          10   SDS_dilution_4  main_8mL_rack              10        3.800    True     open      8_mL  main_8mL_rack                   10
11          11   SDS_dilution_5  main_8mL_rack              11        4.400    True     open      8_mL  main_8mL_rack                   11
12          12   NaC_dilution_0  main_8mL_rack              12        5.200    True     open      8_mL  main_8mL_rack                   12
13          13   NaC_dilution_1  main_8mL_rack              13        5.600    True     open      8_mL  main_8mL_rack                   13
14          14   NaC_dilution_2  main_8mL_rack              14        5.000    True     open      8_mL  main_8mL_rack                   14
15          15   NaC_dilution_3  main_8mL_rack              15        5.000    True     open      8_mL  main_8mL_rack                   15
16          16   NaC_dilution_4  main_8mL_rack              16        5.000    True     open      8_mL  main_8mL_rack                   16
17          17   NaC_dilution_5  main_8mL_rack              17        5.600    True     open      8_mL  main_8mL_rack                   17
18          18  NaDC_dilution_0  main_8mL_rack              18        4.400    True     open      8_mL  main_8mL_rack                   18
19          19  NaDC_dilution_1  main_8mL_rack              19        4.400    True     open      8_mL  main_8mL_rack                   19
20          20  NaDC_dilution_2  main_8mL_rack              20        3.800    True     open      8_mL  main_8mL_rack                   20
21          21  NaDC_dilution_3  main_8mL_rack              21        3.800    True     open      8_mL  main_8mL_rack                   21
22          22  NaDC_dilution_4  main_8mL_rack              22        3.800    True     open      8_mL  main_8mL_rack                   22
23          23  NaDC_dilution_5  main_8mL_rack              23        4.400    True     open      8_mL  main_8mL_rack                   23
24          24  TTAB_dilution_0  main_8mL_rack              24        4.800    True     open      8_mL  main_8mL_rack                   24
25          25  TTAB_dilution_1  main_8mL_rack              25        4.800    True     open      8_mL  main_8mL_rack                   25
26          26  TTAB_dilution_2  main_8mL_rack              26        4.200    True     open      8_mL  main_8mL_rack                   26
27          27  TTAB_dilution_3  main_8mL_rack              27        4.200    True     open      8_mL  main_8mL_rack                   27
28          28  TTAB_dilution_4  main_8mL_rack              28        4.200    True     open      8_mL  main_8mL_rack                   28
29          29  TTAB_dilution_5  main_8mL_rack              29        4.800    True     open      8_mL  main_8mL_rack                   29
30          30  CTAB_dilution_0  main_8mL_rack              30        3.600    True     open      8_mL  main_8mL_rack                   30
31          31  CTAB_dilution_1  main_8mL_rack              31        3.600    True     open      8_mL  main_8mL_rack                   31
32          32  CTAB_dilution_2  main_8mL_rack              32        3.000    True     open      8_mL  main_8mL_rack                   32
33          33  CTAB_dilution_3  main_8mL_rack              33        3.600    True     open      8_mL  main_8mL_rack                   33
34          34  CTAB_dilution_4  main_8mL_rack              34        0.000    True     open      8_mL  main_8mL_rack                   34
35          35  CTAB_dilution_5  main_8mL_rack              35        0.000    True     open      8_mL  main_8mL_rack                   35
36          36  DTAB_dilution_0  main_8mL_rack              36        4.200    True     open      8_mL  main_8mL_rack                   36
37          37  DTAB_dilution_1  main_8mL_rack              37        4.200    True     open      8_mL  main_8mL_rack                   37
38          38  DTAB_dilution_2  main_8mL_rack              38        3.600    True     open      8_mL  main_8mL_rack                   38
39          39  DTAB_dilution_3  main_8mL_rack              39        3.600    True     open      8_mL  main_8mL_rack                   39
40          40  DTAB_dilution_4  main_8mL_rack              40        3.600    True     open      8_mL  main_8mL_rack                   40
41          41  DTAB_dilution_5  main_8mL_rack              41        4.200    True     open      8_mL  main_8mL_rack                   41
42          42            water  main_8mL_rack              43        3.000    True     open      8_mL  main_8mL_rack                   43
2025-11-27 17:56:27,342 - INFO - Visualizing vial racks...
2025-11-27 17:56:27,484 - DEBUG - Visualizing rack: Main Rack with filter: main_8mL_rack
2025-11-27 17:56:27,660 - DEBUG - Visualizing rack: Second Rack with filter: large_vial_rack
2025-11-27 17:56:37,810 - INFO - --Wellplate status-- 
 Wellplate type: 96 WELL PLATE 
 Number in source: 1 
 Number in waste: 0 
 Active wellplate position: None
2025-11-27 17:56:37,811 - INFO - Visualizing wellplate status...
2025-11-27 17:56:41,993 - INFO - Moving robot to home position
2025-11-27 17:56:42,429 - DEBUG - Moving North Track to home position
2025-11-27 17:56:42,429 - INFO - Homing all robot components...
2025-11-27 17:56:42,430 - DEBUG - Homing carousel...
2025-11-27 17:56:50,172 - DEBUG - Homing robot axes...
2025-11-27 17:57:02,408 - DEBUG - Homing pump 0...
2025-11-27 17:57:04,095 - DEBUG - Homing pump 1...
2025-11-27 17:57:05,773 - DEBUG - Homing track axes...
2025-11-27 17:57:05,773 - DEBUG - Homing track axis z_axis (axis 6)...
2025-11-27 17:57:09,333 - DEBUG - Homing track axis x_axis (axis 7)...
2025-11-27 17:57:13,364 - INFO - All robot components homed successfully
2025-11-27 17:57:13,364 - INFO - Preparing initial wellplate
2025-11-27 17:57:13,364 - INFO - Grabbing new wellplate
2025-11-27 17:57:13,364 - INFO - Moving robot to home position
2025-11-27 17:57:13,748 - INFO - Getting new wellplate from source stack
2025-11-27 17:57:13,748 - DEBUG - Calculating well plate stack height for num: 1, wp_type: 96 WELL PLATE, stack: source_stack, operation: grab
2025-11-27 17:57:13,748 - DEBUG - Getting 1st wellplate from source at 85500
2025-11-27 17:57:13,748 - INFO - Grabbing wellplate from location: source_stack
2025-11-27 17:57:13,914 - DEBUG - Opening gripper
2025-11-27 17:57:20,354 - DEBUG - Closing gripper
2025-11-27 17:57:24,273 - INFO - Releasing wellplate at location: pipetting_area
2025-11-27 17:57:29,711 - DEBUG - Opening gripper
2025-11-27 17:57:36,653 - DEBUG - Moving North Track to home position
2025-11-27 17:57:36,653 - INFO - Priming reservoir 1 line into vial 42: 0.500 mL
2025-11-27 17:57:36,653 - INFO - Dispensing into vial 42 from reservoir 1: 0.500 mL
2025-11-27 17:57:36,655 - INFO - Moving vial water to clamp: 0
2025-11-27 17:57:36,655 - DEBUG - Grabbing vial 42 with index 42
2025-11-27 17:57:38,718 - DEBUG - Dropping off vial 42 at location clamp with index 0
