2026-04-06 18:31:50,996 - DEBUG - No workflow config provided - using default initialization
2026-04-06 18:31:50,996 - INFO - GUI disabled - skipping status review, proceeding directly to hardware initialization
2026-04-06 18:31:50,996 - INFO - Initializing North Robot...
2026-04-06 18:31:50,997 - DEBUG - Loading robot configuration files...
2026-04-06 18:31:51,014 - DEBUG - Loaded vial positions configuration from robot_state/vial_positions.yaml
2026-04-06 18:31:51,016 - DEBUG - Loaded pipet tips configuration from robot_state/pipet_tips.yaml
2026-04-06 18:31:51,021 - DEBUG - Loaded pipet racks configuration from robot_state/pipet_racks.yaml
2026-04-06 18:31:51,023 - DEBUG - Loaded pump configuration from robot_state/syringe_pumps.yaml
2026-04-06 18:31:51,026 - DEBUG - Loaded robot hardware configuration from robot_state/robot_hardware.yaml
2026-04-06 18:31:51,029 - DEBUG - Loaded wellplate properties configuration from robot_state/wellplates.yaml
2026-04-06 18:31:51,029 - DEBUG - Loading robot state files...
2026-04-06 18:31:51,034 - DEBUG - Loaded vial data from status/calibration_vials_short.csv
2026-04-06 18:31:51,035 - DEBUG - Loaded robot status from robot_state/robot_status.yaml
2026-04-06 18:31:51,038 - DEBUG - Loaded wellplate positions from robot_state/wellplates.yaml
2026-04-06 18:31:51,038 - DEBUG - Robot status loaded successfully
2026-04-06 18:31:51,038 - INFO - Physical initialization of North Robot...
2026-04-06 18:31:51,040 - DEBUG - Loading pumps from YAML configuration...
2026-04-06 18:31:51,042 - DEBUG - Loaded pump 0: volume=1.0mL, speed=11, liquid=None
2026-04-06 18:31:51,042 - DEBUG - Loaded pump 1: volume=2.5mL, speed=15, liquid=water
2026-04-06 18:31:51,042 - INFO - Moving robot to home position
2026-04-06 18:31:51,044 - DEBUG - Initializing centrifuge controller...
2026-04-06 18:31:51,044 - INFO - Initializing North Track...
2026-04-06 18:31:51,044 - DEBUG - Loading track status from file: robot_state/track_status.yaml
2026-04-06 18:31:51,044 - DEBUG - Getting track status from file: robot_state/track_status.yaml
2026-04-06 18:31:51,045 - DEBUG - Loaded track status from robot_state/track_status.yaml
2026-04-06 18:31:51,045 - DEBUG - Loading track positions from: robot_state/track_positions.yaml
2026-04-06 18:31:51,053 - DEBUG - Loaded track positions configuration from robot_state/track_positions.yaml
2026-04-06 18:31:51,053 - DEBUG - Loading robot hardware configuration from: robot_state/robot_hardware.yaml
2026-04-06 18:31:51,056 - DEBUG - Loaded robot hardware configuration from robot_state/robot_hardware.yaml
2026-04-06 18:31:51,060 - DEBUG - Loaded wellplate properties configuration from robot_state/wellplates.yaml
2026-04-06 18:31:51,061 - DEBUG - Moving North Track to home position
2026-04-06 18:31:51,061 - DEBUG - Detected origin position (0,0) - setting location to 'origin'
2026-04-06 18:31:51,061 - DEBUG - Updated gripper location to: origin at position {'x': 0, 'z': 0}
2026-04-06 18:31:51,062 - DEBUG - Simulating robot component homing...
2026-04-06 18:31:51,063 - DEBUG - Applied dict param aspirate_speed=10.0
2026-04-06 18:31:51,063 - DEBUG - Applied dict param dispense_speed=10.0
2026-04-06 18:31:51,063 - DEBUG - Applied dict param aspirate_wait_time=0.0
2026-04-06 18:31:51,063 - DEBUG - Applied dict param dispense_wait_time=1.5
2026-04-06 18:31:51,063 - DEBUG - Applied dict param pre_asp_air_vol=0.0
2026-04-06 18:31:51,063 - DEBUG - Applied dict param retract_speed=5.0
2026-04-06 18:31:51,063 - DEBUG - Applied dict param blowout_vol=0.0
2026-04-06 18:31:51,063 - DEBUG - Applied dict param post_asp_air_vol=0.0
2026-04-06 18:31:51,063 - DEBUG - Applied dict param post_retract_wait_time=0.0
2026-04-06 18:31:51,063 - DEBUG - Applied dict param overaspirate_vol=0.004
2026-04-06 18:31:51,063 - DEBUG - Applied dict param asp_disp_cycles=0.0
