2025-12-22 17:59:05,281 - INFO - Initializing North Robot...
2025-12-22 17:59:05,281 - DEBUG - Loading robot configuration files...
2025-12-22 17:59:05,289 - DEBUG - Loaded vial positions configuration from robot_state/vial_positions.yaml
2025-12-22 17:59:05,291 - DEBUG - Loaded pipet tips configuration from robot_state/pipet_tips.yaml
2025-12-22 17:59:05,295 - DEBUG - Loaded pipet racks configuration from robot_state/pipet_racks.yaml
2025-12-22 17:59:05,297 - DEBUG - Loaded pump configuration from robot_state/syringe_pumps.yaml
2025-12-22 17:59:05,301 - DEBUG - Loaded robot hardware configuration from robot_state/robot_hardware.yaml
2025-12-22 17:59:05,304 - DEBUG - Loaded wellplate properties configuration from robot_state/wellplates.yaml
2025-12-22 17:59:05,304 - DEBUG - Loading robot state files...
2025-12-22 17:59:05,304 - DEBUG - Loaded vial data from ../utoronto_demo/status/color_mixing_vials.csv
2025-12-22 17:59:05,304 - DEBUG - Loaded robot status from robot_state/robot_status.yaml
2025-12-22 17:59:05,320 - DEBUG - Loaded wellplate positions from robot_state/wellplates.yaml
2025-12-22 17:59:05,320 - DEBUG - Robot status loaded successfully
2025-12-22 17:59:05,320 - DEBUG - Physical initialization of North Robot...
2025-12-22 17:59:05,734 - DEBUG - Loading pumps from YAML configuration...
2025-12-22 17:59:05,847 - DEBUG - Loaded pump 0: volume=1.0mL, speed=11, liquid=None
2025-12-22 17:59:05,955 - DEBUG - Loaded pump 1: volume=2.5mL, speed=15, liquid=water
2025-12-22 17:59:05,955 - WARNING - The robot reports having 0.150 mL liquid in its tip... Returning that liquid...
2025-12-22 17:59:05,955 - INFO - Pipetting into vial water, amount: 1.000 mL
2025-12-22 17:59:05,955 - DEBUG - Adjusting pump 0 speed to 10
2025-12-22 17:59:07,813 - DEBUG - Dispensing 1.000 mL then waiting 0.0 s
2025-12-22 17:59:07,813 - WARNING - Dispense exceeded limit: Dispensing all liquid
2025-12-22 17:59:08,679 - WARNING - The robot reports having a tip, removing the tip
2025-12-22 17:59:08,679 - INFO - Removing pipet
2025-12-22 17:59:12,174 - INFO - Moving robot to home position
2025-12-22 17:59:14,091 - DEBUG - Initializing centrifuge controller...
2025-12-22 17:59:19,336 - DEBUG - Current reader status: 0
2025-12-22 17:59:19,336 - INFO - Cytation5 is connected and ready
2025-12-22 17:59:19,336 - INFO - Initializing North Track...
2025-12-22 17:59:19,337 - DEBUG - Loading track status from file: robot_state/track_status.yaml
2025-12-22 17:59:19,337 - DEBUG - Getting track status from file: robot_state/track_status.yaml
2025-12-22 17:59:19,337 - DEBUG - Loaded track status from robot_state/track_status.yaml
2025-12-22 17:59:19,337 - DEBUG - Loading track positions from: robot_state/track_positions.yaml
2025-12-22 17:59:19,344 - DEBUG - Loaded track positions configuration from robot_state/track_positions.yaml
2025-12-22 17:59:19,344 - DEBUG - Loading robot hardware configuration from: robot_state/robot_hardware.yaml
2025-12-22 17:59:19,348 - DEBUG - Loaded robot hardware configuration from robot_state/robot_hardware.yaml
2025-12-22 17:59:19,351 - DEBUG - Loaded wellplate properties configuration from robot_state/wellplates.yaml
2025-12-22 17:59:19,472 - DEBUG - Moving North Track to home position
2025-12-22 17:59:21,721 - INFO - Vial water already at clamp index 0, no move needed
2025-12-22 17:59:21,731 - DEBUG - Using calibrated aspirate_speed=8 for water at 0.150mL
2025-12-22 17:59:21,731 - DEBUG - Using calibrated dispense_speed=14 for water at 0.150mL
2025-12-22 17:59:21,731 - DEBUG - Using calibrated aspirate_wait_time=0.0 for water at 0.150mL
2025-12-22 17:59:21,731 - DEBUG - Using calibrated dispense_wait_time=3.5437186 for water at 0.150mL
2025-12-22 17:59:21,732 - DEBUG - Using calibrated retract_speed=10 for water at 0.150mL
2025-12-22 17:59:21,732 - DEBUG - Using calibrated blowout_vol=0.016158898 for water at 0.150mL
2025-12-22 17:59:21,732 - DEBUG - Using calibrated post_asp_air_vol=0.010581106 for water at 0.150mL
2025-12-22 17:59:21,732 - DEBUG - Using calibrated overaspirate_vol=0.0069912905000000065 for water at 0.150mL
2025-12-22 17:59:21,732 - INFO - Dispensing 0.150 mL from water to water
2025-12-22 17:59:21,738 - DEBUG - Using calibrated aspirate_speed=8 for water at 0.150mL
2025-12-22 17:59:21,738 - DEBUG - Using calibrated dispense_speed=14 for water at 0.150mL
2025-12-22 17:59:21,738 - DEBUG - Using calibrated aspirate_wait_time=0.0 for water at 0.150mL
2025-12-22 17:59:21,738 - DEBUG - Using calibrated dispense_wait_time=3.5437186 for water at 0.150mL
2025-12-22 17:59:21,738 - DEBUG - Using calibrated retract_speed=10 for water at 0.150mL
2025-12-22 17:59:21,738 - DEBUG - Using calibrated blowout_vol=0.016158898 for water at 0.150mL
2025-12-22 17:59:21,738 - DEBUG - Using calibrated post_asp_air_vol=0.010581106 for water at 0.150mL
2025-12-22 17:59:21,738 - DEBUG - Using calibrated overaspirate_vol=0.0069912905000000065 for water at 0.150mL
2025-12-22 17:59:21,738 - DEBUG - Applied object param asp_disp_cycles=0
2025-12-22 17:59:21,738 - DEBUG - Applied object param aspirate_speed=8
2025-12-22 17:59:21,738 - DEBUG - Applied object param aspirate_wait_time=0.0
2025-12-22 17:59:21,738 - DEBUG - Applied object param blowout_vol=0.016158898
2025-12-22 17:59:21,738 - DEBUG - Applied object param dispense_speed=14
2025-12-22 17:59:21,738 - DEBUG - Applied object param dispense_wait_time=3.5437186
2025-12-22 17:59:21,738 - DEBUG - Applied object param overaspirate_vol=0.0069912905000000065
2025-12-22 17:59:21,738 - DEBUG - Applied object param post_asp_air_vol=0.010581106
2025-12-22 17:59:21,738 - DEBUG - Applied object param post_retract_wait_time=0.0
2025-12-22 17:59:21,738 - DEBUG - Applied object param pre_asp_air_vol=0.0
2025-12-22 17:59:21,738 - DEBUG - Applied object param retract_speed=10
2025-12-22 17:59:21,739 - DEBUG - Selected small_tip for volume 0.168 mL
2025-12-22 17:59:21,739 - INFO - Getting small_tip (pipet number 18) from rack: small_tip_rack_1
2025-12-22 17:59:26,014 - INFO - Pipetting from vial water, amount: 0.150 mL
2025-12-22 17:59:26,014 - INFO - Additional volume from calibration, amount: 0.007 mL
2025-12-22 17:59:26,014 - DEBUG - Adjusting pump 0 speed to 10
2025-12-22 17:59:28,332 - DEBUG - Adjusting pump 0 speed to 8
2025-12-22 17:59:29,356 - DEBUG - Aspirating 0.157 mL then waiting 0.0 s
2025-12-22 17:59:30,540 - DEBUG - Aspirating 0.011 mL then waiting 0 s
2025-12-22 17:59:30,860 - DEBUG - Using calibrated aspirate_speed=8 for water at 0.150mL
2025-12-22 17:59:30,860 - DEBUG - Using calibrated dispense_speed=14 for water at 0.150mL
2025-12-22 17:59:30,860 - DEBUG - Using calibrated aspirate_wait_time=0.0 for water at 0.150mL
2025-12-22 17:59:30,860 - DEBUG - Using calibrated dispense_wait_time=3.5437186 for water at 0.150mL
2025-12-22 17:59:30,860 - DEBUG - Using calibrated retract_speed=10 for water at 0.150mL
2025-12-22 17:59:30,860 - DEBUG - Using calibrated blowout_vol=0.016158898 for water at 0.150mL
2025-12-22 17:59:30,860 - DEBUG - Using calibrated post_asp_air_vol=0.010581106 for water at 0.150mL
2025-12-22 17:59:30,860 - DEBUG - Using calibrated overaspirate_vol=0.0069912905000000065 for water at 0.150mL
2025-12-22 17:59:30,860 - DEBUG - Applied object param asp_disp_cycles=0
2025-12-22 17:59:30,860 - DEBUG - Applied object param aspirate_speed=8
2025-12-22 17:59:30,860 - DEBUG - Applied object param aspirate_wait_time=0.0
2025-12-22 17:59:30,860 - DEBUG - Applied object param blowout_vol=0.016158898
2025-12-22 17:59:30,860 - DEBUG - Applied object param dispense_speed=14
2025-12-22 17:59:30,860 - DEBUG - Applied object param dispense_wait_time=3.5437186
2025-12-22 17:59:30,860 - DEBUG - Applied object param overaspirate_vol=0.0069912905000000065
2025-12-22 17:59:30,860 - DEBUG - Applied object param post_asp_air_vol=0.010581106
2025-12-22 17:59:30,860 - DEBUG - Applied object param post_retract_wait_time=0.0
2025-12-22 17:59:30,860 - DEBUG - Applied object param pre_asp_air_vol=0.0
2025-12-22 17:59:30,860 - DEBUG - Applied object param retract_speed=10
2025-12-22 17:59:30,860 - INFO - Pipetting into vial water, amount: 0.150 mL
2025-12-22 17:59:33,634 - INFO - Initial mass reading: 0.002000 g
2025-12-22 17:59:33,634 - DEBUG - Adjusting pump 0 speed to 14
2025-12-22 17:59:35,482 - DEBUG - Dispensing 0.168 mL then waiting 3.5437186 s
2025-12-22 17:59:35,482 - WARNING - Dispense exceeded limit: Dispensing all liquid
2025-12-22 17:59:40,424 - DEBUG - Blowing out 0.016 mL
2025-12-22 17:59:44,244 - INFO - Final mass reading: 0.159500 g
2025-12-22 17:59:44,244 - INFO - Mass difference: 0.157500 g (target: 0.150 mL = ~0.150000 g for water)
2025-12-22 17:59:44,244 - DEBUG - Using calibrated aspirate_speed=8 for water at 0.150mL
2025-12-22 17:59:44,244 - DEBUG - Using calibrated dispense_speed=14 for water at 0.150mL
2025-12-22 17:59:44,244 - DEBUG - Using calibrated aspirate_wait_time=0.0 for water at 0.150mL
2025-12-22 17:59:44,244 - DEBUG - Using calibrated dispense_wait_time=3.5437186 for water at 0.150mL
2025-12-22 17:59:44,244 - DEBUG - Using calibrated retract_speed=10 for water at 0.150mL
2025-12-22 17:59:44,244 - DEBUG - Using calibrated blowout_vol=0.016158898 for water at 0.150mL
2025-12-22 17:59:44,244 - DEBUG - Using calibrated post_asp_air_vol=0.010581106 for water at 0.150mL
2025-12-22 17:59:44,244 - DEBUG - Using calibrated overaspirate_vol=0.0069912905000000065 for water at 0.150mL
2025-12-22 17:59:44,244 - INFO - Dispensing 0.150 mL from water to water
2025-12-22 17:59:44,259 - DEBUG - Using calibrated aspirate_speed=8 for water at 0.150mL
2025-12-22 17:59:44,259 - DEBUG - Using calibrated dispense_speed=14 for water at 0.150mL
2025-12-22 17:59:44,259 - DEBUG - Using calibrated aspirate_wait_time=0.0 for water at 0.150mL
2025-12-22 17:59:44,259 - DEBUG - Using calibrated dispense_wait_time=3.5437186 for water at 0.150mL
2025-12-22 17:59:44,259 - DEBUG - Using calibrated retract_speed=10 for water at 0.150mL
2025-12-22 17:59:44,259 - DEBUG - Using calibrated blowout_vol=0.016158898 for water at 0.150mL
2025-12-22 17:59:44,259 - DEBUG - Using calibrated post_asp_air_vol=0.010581106 for water at 0.150mL
2025-12-22 17:59:44,259 - DEBUG - Using calibrated overaspirate_vol=0.0069912905000000065 for water at 0.150mL
2025-12-22 17:59:44,259 - DEBUG - Applied object param asp_disp_cycles=0
2025-12-22 17:59:44,259 - DEBUG - Applied object param aspirate_speed=8
2025-12-22 17:59:44,259 - DEBUG - Applied object param aspirate_wait_time=0.0
2025-12-22 17:59:44,259 - DEBUG - Applied object param blowout_vol=0.016158898
2025-12-22 17:59:44,259 - DEBUG - Applied object param dispense_speed=14
2025-12-22 17:59:44,259 - DEBUG - Applied object param dispense_wait_time=3.5437186
2025-12-22 17:59:44,259 - DEBUG - Applied object param overaspirate_vol=0.0069912905000000065
2025-12-22 17:59:44,259 - DEBUG - Applied object param post_asp_air_vol=0.010581106
2025-12-22 17:59:44,259 - DEBUG - Applied object param post_retract_wait_time=0.0
2025-12-22 17:59:44,259 - DEBUG - Applied object param pre_asp_air_vol=0.0
2025-12-22 17:59:44,259 - DEBUG - Applied object param retract_speed=10
2025-12-22 17:59:44,259 - DEBUG - Selected small_tip for volume 0.168 mL
2025-12-22 17:59:44,259 - INFO - Pipetting from vial water, amount: 0.150 mL
2025-12-22 17:59:44,259 - INFO - Additional volume from calibration, amount: 0.007 mL
2025-12-22 17:59:44,263 - DEBUG - Adjusting pump 0 speed to 10
2025-12-22 17:59:45,382 - DEBUG - Adjusting pump 0 speed to 8
2025-12-22 17:59:46,390 - DEBUG - Aspirating 0.157 mL then waiting 0.0 s
2025-12-22 17:59:47,605 - DEBUG - Aspirating 0.011 mL then waiting 0 s
2025-12-22 17:59:47,926 - DEBUG - Using calibrated aspirate_speed=8 for water at 0.150mL
2025-12-22 17:59:47,926 - DEBUG - Using calibrated dispense_speed=14 for water at 0.150mL
2025-12-22 17:59:47,926 - DEBUG - Using calibrated aspirate_wait_time=0.0 for water at 0.150mL
2025-12-22 17:59:47,926 - DEBUG - Using calibrated dispense_wait_time=3.5437186 for water at 0.150mL
2025-12-22 17:59:47,926 - DEBUG - Using calibrated retract_speed=10 for water at 0.150mL
2025-12-22 17:59:47,926 - DEBUG - Using calibrated blowout_vol=0.016158898 for water at 0.150mL
2025-12-22 17:59:47,926 - DEBUG - Using calibrated post_asp_air_vol=0.010581106 for water at 0.150mL
2025-12-22 17:59:47,926 - DEBUG - Using calibrated overaspirate_vol=0.0069912905000000065 for water at 0.150mL
2025-12-22 17:59:47,926 - DEBUG - Applied object param asp_disp_cycles=0
2025-12-22 17:59:47,926 - DEBUG - Applied object param aspirate_speed=8
2025-12-22 17:59:47,926 - DEBUG - Applied object param aspirate_wait_time=0.0
2025-12-22 17:59:47,926 - DEBUG - Applied object param blowout_vol=0.016158898
2025-12-22 17:59:47,926 - DEBUG - Applied object param dispense_speed=14
2025-12-22 17:59:47,926 - DEBUG - Applied object param dispense_wait_time=3.5437186
2025-12-22 17:59:47,926 - DEBUG - Applied object param overaspirate_vol=0.0069912905000000065
2025-12-22 17:59:47,926 - DEBUG - Applied object param post_asp_air_vol=0.010581106
2025-12-22 17:59:47,926 - DEBUG - Applied object param post_retract_wait_time=0.0
2025-12-22 17:59:47,926 - DEBUG - Applied object param pre_asp_air_vol=0.0
2025-12-22 17:59:47,926 - DEBUG - Applied object param retract_speed=10
2025-12-22 17:59:47,932 - INFO - Pipetting into vial water, amount: 0.150 mL
2025-12-22 17:59:52,244 - INFO - Initial mass reading: 0.000000 g
2025-12-22 17:59:52,244 - DEBUG - Adjusting pump 0 speed to 14
2025-12-22 17:59:54,147 - DEBUG - Dispensing 0.168 mL then waiting 3.5437186 s
2025-12-22 17:59:54,147 - WARNING - Dispense exceeded limit: Dispensing all liquid
2025-12-22 17:59:59,105 - DEBUG - Blowing out 0.016 mL
2025-12-22 18:00:02,036 - INFO - Final mass reading: 0.158300 g
2025-12-22 18:00:02,048 - INFO - Mass difference: 0.158300 g (target: 0.150 mL = ~0.150000 g for water)
2025-12-22 18:00:02,054 - DEBUG - Using calibrated aspirate_speed=8 for water at 0.150mL
2025-12-22 18:00:02,054 - DEBUG - Using calibrated dispense_speed=14 for water at 0.150mL
2025-12-22 18:00:02,054 - DEBUG - Using calibrated aspirate_wait_time=0.0 for water at 0.150mL
2025-12-22 18:00:02,054 - DEBUG - Using calibrated dispense_wait_time=3.5437186 for water at 0.150mL
2025-12-22 18:00:02,054 - DEBUG - Using calibrated retract_speed=10 for water at 0.150mL
2025-12-22 18:00:02,054 - DEBUG - Using calibrated blowout_vol=0.016158898 for water at 0.150mL
2025-12-22 18:00:02,054 - DEBUG - Using calibrated post_asp_air_vol=0.010581106 for water at 0.150mL
2025-12-22 18:00:02,054 - DEBUG - Using calibrated overaspirate_vol=0.0069912905000000065 for water at 0.150mL
2025-12-22 18:00:02,054 - INFO - Dispensing 0.150 mL from water to water
2025-12-22 18:00:02,058 - DEBUG - Using calibrated aspirate_speed=8 for water at 0.150mL
2025-12-22 18:00:02,058 - DEBUG - Using calibrated dispense_speed=14 for water at 0.150mL
2025-12-22 18:00:02,058 - DEBUG - Using calibrated aspirate_wait_time=0.0 for water at 0.150mL
2025-12-22 18:00:02,058 - DEBUG - Using calibrated dispense_wait_time=3.5437186 for water at 0.150mL
2025-12-22 18:00:02,058 - DEBUG - Using calibrated retract_speed=10 for water at 0.150mL
2025-12-22 18:00:02,058 - DEBUG - Using calibrated blowout_vol=0.016158898 for water at 0.150mL
2025-12-22 18:00:02,058 - DEBUG - Using calibrated post_asp_air_vol=0.010581106 for water at 0.150mL
2025-12-22 18:00:02,058 - DEBUG - Using calibrated overaspirate_vol=0.0069912905000000065 for water at 0.150mL
2025-12-22 18:00:02,058 - DEBUG - Applied object param asp_disp_cycles=0
2025-12-22 18:00:02,059 - DEBUG - Applied object param aspirate_speed=8
2025-12-22 18:00:02,059 - DEBUG - Applied object param aspirate_wait_time=0.0
2025-12-22 18:00:02,059 - DEBUG - Applied object param blowout_vol=0.016158898
2025-12-22 18:00:02,059 - DEBUG - Applied object param dispense_speed=14
2025-12-22 18:00:02,059 - DEBUG - Applied object param dispense_wait_time=3.5437186
2025-12-22 18:00:02,059 - DEBUG - Applied object param overaspirate_vol=0.0069912905000000065
2025-12-22 18:00:02,059 - DEBUG - Applied object param post_asp_air_vol=0.010581106
2025-12-22 18:00:02,059 - DEBUG - Applied object param post_retract_wait_time=0.0
2025-12-22 18:00:02,059 - DEBUG - Applied object param pre_asp_air_vol=0.0
2025-12-22 18:00:02,059 - DEBUG - Applied object param retract_speed=10
2025-12-22 18:00:02,060 - DEBUG - Selected small_tip for volume 0.168 mL
2025-12-22 18:00:02,060 - INFO - Pipetting from vial water, amount: 0.150 mL
2025-12-22 18:00:02,060 - INFO - Additional volume from calibration, amount: 0.007 mL
2025-12-22 18:00:02,062 - DEBUG - Adjusting pump 0 speed to 10
2025-12-22 18:00:03,183 - DEBUG - Adjusting pump 0 speed to 8
2025-12-22 18:00:04,207 - DEBUG - Aspirating 0.157 mL then waiting 0.0 s
2025-12-22 18:00:05,327 - DEBUG - Aspirating 0.011 mL then waiting 0 s
2025-12-22 18:00:05,570 - DEBUG - Using calibrated aspirate_speed=8 for water at 0.150mL
2025-12-22 18:00:05,570 - DEBUG - Using calibrated dispense_speed=14 for water at 0.150mL
2025-12-22 18:00:05,570 - DEBUG - Using calibrated aspirate_wait_time=0.0 for water at 0.150mL
2025-12-22 18:00:05,570 - DEBUG - Using calibrated dispense_wait_time=3.5437186 for water at 0.150mL
2025-12-22 18:00:05,570 - DEBUG - Using calibrated retract_speed=10 for water at 0.150mL
2025-12-22 18:00:05,570 - DEBUG - Using calibrated blowout_vol=0.016158898 for water at 0.150mL
2025-12-22 18:00:05,570 - DEBUG - Using calibrated post_asp_air_vol=0.010581106 for water at 0.150mL
2025-12-22 18:00:05,570 - DEBUG - Using calibrated overaspirate_vol=0.0069912905000000065 for water at 0.150mL
2025-12-22 18:00:05,570 - DEBUG - Applied object param asp_disp_cycles=0
2025-12-22 18:00:05,570 - DEBUG - Applied object param aspirate_speed=8
2025-12-22 18:00:05,570 - DEBUG - Applied object param aspirate_wait_time=0.0
2025-12-22 18:00:05,570 - DEBUG - Applied object param blowout_vol=0.016158898
2025-12-22 18:00:05,570 - DEBUG - Applied object param dispense_speed=14
2025-12-22 18:00:05,570 - DEBUG - Applied object param dispense_wait_time=3.5437186
2025-12-22 18:00:05,570 - DEBUG - Applied object param overaspirate_vol=0.0069912905000000065
2025-12-22 18:00:05,570 - DEBUG - Applied object param post_asp_air_vol=0.010581106
2025-12-22 18:00:05,570 - DEBUG - Applied object param post_retract_wait_time=0.0
2025-12-22 18:00:05,570 - DEBUG - Applied object param pre_asp_air_vol=0.0
2025-12-22 18:00:05,570 - DEBUG - Applied object param retract_speed=10
2025-12-22 18:00:05,574 - INFO - Pipetting into vial water, amount: 0.150 mL
2025-12-22 18:00:07,646 - INFO - Initial mass reading: 0.001600 g
2025-12-22 18:00:07,646 - DEBUG - Adjusting pump 0 speed to 14
2025-12-22 18:00:09,501 - DEBUG - Dispensing 0.168 mL then waiting 3.5437186 s
2025-12-22 18:00:09,501 - WARNING - Dispense exceeded limit: Dispensing all liquid
2025-12-22 18:00:14,539 - DEBUG - Blowing out 0.016 mL
2025-12-22 18:00:19,049 - INFO - Final mass reading: 0.160900 g
2025-12-22 18:00:19,049 - INFO - Mass difference: 0.159300 g (target: 0.150 mL = ~0.150000 g for water)
2025-12-22 18:00:19,049 - DEBUG - Using calibrated aspirate_speed=8 for water at 0.150mL
2025-12-22 18:00:19,049 - DEBUG - Using calibrated dispense_speed=14 for water at 0.150mL
2025-12-22 18:00:19,049 - DEBUG - Using calibrated aspirate_wait_time=0.0 for water at 0.150mL
2025-12-22 18:00:19,049 - DEBUG - Using calibrated dispense_wait_time=3.5437186 for water at 0.150mL
2025-12-22 18:00:19,049 - DEBUG - Using calibrated retract_speed=10 for water at 0.150mL
2025-12-22 18:00:19,049 - DEBUG - Using calibrated blowout_vol=0.016158898 for water at 0.150mL
2025-12-22 18:00:19,049 - DEBUG - Using calibrated post_asp_air_vol=0.010581106 for water at 0.150mL
2025-12-22 18:00:19,049 - DEBUG - Using calibrated overaspirate_vol=0.0069912905000000065 for water at 0.150mL
2025-12-22 18:00:19,049 - INFO - Dispensing 0.150 mL from water to water
2025-12-22 18:00:19,060 - DEBUG - Using calibrated aspirate_speed=8 for water at 0.150mL
2025-12-22 18:00:19,060 - DEBUG - Using calibrated dispense_speed=14 for water at 0.150mL
2025-12-22 18:00:19,060 - DEBUG - Using calibrated aspirate_wait_time=0.0 for water at 0.150mL
2025-12-22 18:00:19,060 - DEBUG - Using calibrated dispense_wait_time=3.5437186 for water at 0.150mL
2025-12-22 18:00:19,060 - DEBUG - Using calibrated retract_speed=10 for water at 0.150mL
2025-12-22 18:00:19,061 - DEBUG - Using calibrated blowout_vol=0.016158898 for water at 0.150mL
2025-12-22 18:00:19,061 - DEBUG - Using calibrated post_asp_air_vol=0.010581106 for water at 0.150mL
2025-12-22 18:00:19,061 - DEBUG - Using calibrated overaspirate_vol=0.0069912905000000065 for water at 0.150mL
2025-12-22 18:00:19,061 - DEBUG - Applied object param asp_disp_cycles=0
2025-12-22 18:00:19,061 - DEBUG - Applied object param aspirate_speed=8
2025-12-22 18:00:19,061 - DEBUG - Applied object param aspirate_wait_time=0.0
2025-12-22 18:00:19,061 - DEBUG - Applied object param blowout_vol=0.016158898
2025-12-22 18:00:19,061 - DEBUG - Applied object param dispense_speed=14
2025-12-22 18:00:19,061 - DEBUG - Applied object param dispense_wait_time=3.5437186
2025-12-22 18:00:19,061 - DEBUG - Applied object param overaspirate_vol=0.0069912905000000065
2025-12-22 18:00:19,061 - DEBUG - Applied object param post_asp_air_vol=0.010581106
2025-12-22 18:00:19,061 - DEBUG - Applied object param post_retract_wait_time=0.0
2025-12-22 18:00:19,061 - DEBUG - Applied object param pre_asp_air_vol=0.0
2025-12-22 18:00:19,061 - DEBUG - Applied object param retract_speed=10
2025-12-22 18:00:19,063 - DEBUG - Selected small_tip for volume 0.168 mL
2025-12-22 18:00:19,063 - INFO - Pipetting from vial water, amount: 0.150 mL
2025-12-22 18:00:19,063 - INFO - Additional volume from calibration, amount: 0.007 mL
2025-12-22 18:00:19,065 - DEBUG - Adjusting pump 0 speed to 10
2025-12-22 18:00:20,185 - DEBUG - Adjusting pump 0 speed to 8
2025-12-22 18:00:21,224 - DEBUG - Aspirating 0.157 mL then waiting 0.0 s
2025-12-22 18:00:22,359 - DEBUG - Aspirating 0.011 mL then waiting 0 s
2025-12-22 18:00:22,590 - DEBUG - Using calibrated aspirate_speed=8 for water at 0.150mL
2025-12-22 18:00:22,590 - DEBUG - Using calibrated dispense_speed=14 for water at 0.150mL
2025-12-22 18:00:22,590 - DEBUG - Using calibrated aspirate_wait_time=0.0 for water at 0.150mL
2025-12-22 18:00:22,590 - DEBUG - Using calibrated dispense_wait_time=3.5437186 for water at 0.150mL
2025-12-22 18:00:22,590 - DEBUG - Using calibrated retract_speed=10 for water at 0.150mL
2025-12-22 18:00:22,590 - DEBUG - Using calibrated blowout_vol=0.016158898 for water at 0.150mL
2025-12-22 18:00:22,590 - DEBUG - Using calibrated post_asp_air_vol=0.010581106 for water at 0.150mL
2025-12-22 18:00:22,590 - DEBUG - Using calibrated overaspirate_vol=0.0069912905000000065 for water at 0.150mL
2025-12-22 18:00:22,590 - DEBUG - Applied object param asp_disp_cycles=0
2025-12-22 18:00:22,590 - DEBUG - Applied object param aspirate_speed=8
2025-12-22 18:00:22,590 - DEBUG - Applied object param aspirate_wait_time=0.0
2025-12-22 18:00:22,590 - DEBUG - Applied object param blowout_vol=0.016158898
2025-12-22 18:00:22,590 - DEBUG - Applied object param dispense_speed=14
2025-12-22 18:00:22,590 - DEBUG - Applied object param dispense_wait_time=3.5437186
2025-12-22 18:00:22,590 - DEBUG - Applied object param overaspirate_vol=0.0069912905000000065
2025-12-22 18:00:22,590 - DEBUG - Applied object param post_asp_air_vol=0.010581106
2025-12-22 18:00:22,590 - DEBUG - Applied object param post_retract_wait_time=0.0
2025-12-22 18:00:22,590 - DEBUG - Applied object param pre_asp_air_vol=0.0
2025-12-22 18:00:22,590 - DEBUG - Applied object param retract_speed=10
2025-12-22 18:00:22,590 - INFO - Pipetting into vial water, amount: 0.150 mL
2025-12-22 18:00:25,638 - INFO - Initial mass reading: 0.005200 g
2025-12-22 18:00:25,638 - DEBUG - Adjusting pump 0 speed to 14
2025-12-22 18:00:27,524 - DEBUG - Dispensing 0.168 mL then waiting 3.5437186 s
2025-12-22 18:00:27,524 - WARNING - Dispense exceeded limit: Dispensing all liquid
2025-12-22 18:00:32,543 - DEBUG - Blowing out 0.016 mL
2025-12-22 18:00:35,842 - INFO - Final mass reading: 0.166600 g
2025-12-22 18:00:35,842 - INFO - Mass difference: 0.161400 g (target: 0.150 mL = ~0.150000 g for water)
2025-12-22 18:00:35,844 - DEBUG - Using calibrated aspirate_speed=8 for water at 0.150mL
2025-12-22 18:00:35,844 - DEBUG - Using calibrated dispense_speed=14 for water at 0.150mL
2025-12-22 18:00:35,844 - DEBUG - Using calibrated aspirate_wait_time=0.0 for water at 0.150mL
2025-12-22 18:00:35,844 - DEBUG - Using calibrated dispense_wait_time=3.5437186 for water at 0.150mL
2025-12-22 18:00:35,844 - DEBUG - Using calibrated retract_speed=10 for water at 0.150mL
2025-12-22 18:00:35,844 - DEBUG - Using calibrated blowout_vol=0.016158898 for water at 0.150mL
2025-12-22 18:00:35,844 - DEBUG - Using calibrated post_asp_air_vol=0.010581106 for water at 0.150mL
2025-12-22 18:00:35,844 - DEBUG - Using calibrated overaspirate_vol=0.0069912905000000065 for water at 0.150mL
2025-12-22 18:00:35,844 - INFO - Dispensing 0.150 mL from water to water
2025-12-22 18:00:35,853 - DEBUG - Using calibrated aspirate_speed=8 for water at 0.150mL
2025-12-22 18:00:35,853 - DEBUG - Using calibrated dispense_speed=14 for water at 0.150mL
2025-12-22 18:00:35,853 - DEBUG - Using calibrated aspirate_wait_time=0.0 for water at 0.150mL
2025-12-22 18:00:35,853 - DEBUG - Using calibrated dispense_wait_time=3.5437186 for water at 0.150mL
2025-12-22 18:00:35,853 - DEBUG - Using calibrated retract_speed=10 for water at 0.150mL
2025-12-22 18:00:35,853 - DEBUG - Using calibrated blowout_vol=0.016158898 for water at 0.150mL
2025-12-22 18:00:35,853 - DEBUG - Using calibrated post_asp_air_vol=0.010581106 for water at 0.150mL
2025-12-22 18:00:35,853 - DEBUG - Using calibrated overaspirate_vol=0.0069912905000000065 for water at 0.150mL
2025-12-22 18:00:35,853 - DEBUG - Applied object param asp_disp_cycles=0
2025-12-22 18:00:35,853 - DEBUG - Applied object param aspirate_speed=8
2025-12-22 18:00:35,853 - DEBUG - Applied object param aspirate_wait_time=0.0
2025-12-22 18:00:35,853 - DEBUG - Applied object param blowout_vol=0.016158898
2025-12-22 18:00:35,853 - DEBUG - Applied object param dispense_speed=14
2025-12-22 18:00:35,853 - DEBUG - Applied object param dispense_wait_time=3.5437186
2025-12-22 18:00:35,853 - DEBUG - Applied object param overaspirate_vol=0.0069912905000000065
2025-12-22 18:00:35,853 - DEBUG - Applied object param post_asp_air_vol=0.010581106
2025-12-22 18:00:35,853 - DEBUG - Applied object param post_retract_wait_time=0.0
2025-12-22 18:00:35,853 - DEBUG - Applied object param pre_asp_air_vol=0.0
2025-12-22 18:00:35,854 - DEBUG - Applied object param retract_speed=10
2025-12-22 18:00:35,854 - DEBUG - Selected small_tip for volume 0.168 mL
2025-12-22 18:00:35,855 - INFO - Pipetting from vial water, amount: 0.150 mL
2025-12-22 18:00:35,855 - INFO - Additional volume from calibration, amount: 0.007 mL
2025-12-22 18:00:35,855 - DEBUG - Adjusting pump 0 speed to 10
2025-12-22 18:00:36,994 - DEBUG - Adjusting pump 0 speed to 8
2025-12-22 18:00:38,017 - DEBUG - Aspirating 0.157 mL then waiting 0.0 s
2025-12-22 18:00:39,168 - DEBUG - Aspirating 0.011 mL then waiting 0 s
2025-12-22 18:00:39,469 - DEBUG - Using calibrated aspirate_speed=8 for water at 0.150mL
2025-12-22 18:00:39,469 - DEBUG - Using calibrated dispense_speed=14 for water at 0.150mL
2025-12-22 18:00:39,469 - DEBUG - Using calibrated aspirate_wait_time=0.0 for water at 0.150mL
2025-12-22 18:00:39,469 - DEBUG - Using calibrated dispense_wait_time=3.5437186 for water at 0.150mL
2025-12-22 18:00:39,469 - DEBUG - Using calibrated retract_speed=10 for water at 0.150mL
2025-12-22 18:00:39,469 - DEBUG - Using calibrated blowout_vol=0.016158898 for water at 0.150mL
2025-12-22 18:00:39,469 - DEBUG - Using calibrated post_asp_air_vol=0.010581106 for water at 0.150mL
2025-12-22 18:00:39,469 - DEBUG - Using calibrated overaspirate_vol=0.0069912905000000065 for water at 0.150mL
2025-12-22 18:00:39,469 - DEBUG - Applied object param asp_disp_cycles=0
2025-12-22 18:00:39,469 - DEBUG - Applied object param aspirate_speed=8
2025-12-22 18:00:39,469 - DEBUG - Applied object param aspirate_wait_time=0.0
2025-12-22 18:00:39,469 - DEBUG - Applied object param blowout_vol=0.016158898
2025-12-22 18:00:39,469 - DEBUG - Applied object param dispense_speed=14
2025-12-22 18:00:39,469 - DEBUG - Applied object param dispense_wait_time=3.5437186
2025-12-22 18:00:39,469 - DEBUG - Applied object param overaspirate_vol=0.0069912905000000065
2025-12-22 18:00:39,469 - DEBUG - Applied object param post_asp_air_vol=0.010581106
2025-12-22 18:00:39,469 - DEBUG - Applied object param post_retract_wait_time=0.0
2025-12-22 18:00:39,469 - DEBUG - Applied object param pre_asp_air_vol=0.0
2025-12-22 18:00:39,469 - DEBUG - Applied object param retract_speed=10
2025-12-22 18:00:39,469 - INFO - Pipetting into vial water, amount: 0.150 mL
2025-12-22 18:00:41,036 - INFO - Initial mass reading: 0.009900 g
2025-12-22 18:00:41,036 - DEBUG - Adjusting pump 0 speed to 14
2025-12-22 18:00:42,912 - DEBUG - Dispensing 0.168 mL then waiting 3.5437186 s
2025-12-22 18:00:42,912 - WARNING - Dispense exceeded limit: Dispensing all liquid
2025-12-22 18:00:47,869 - DEBUG - Blowing out 0.016 mL
2025-12-22 18:00:50,844 - INFO - Final mass reading: 0.173300 g
2025-12-22 18:00:50,845 - INFO - Mass difference: 0.163400 g (target: 0.150 mL = ~0.150000 g for water)
2025-12-22 18:00:50,850 - DEBUG - Using calibrated aspirate_speed=8 for water at 0.100mL
2025-12-22 18:00:50,850 - DEBUG - Using calibrated dispense_speed=14 for water at 0.100mL
2025-12-22 18:00:50,850 - DEBUG - Using calibrated aspirate_wait_time=0.0 for water at 0.100mL
2025-12-22 18:00:50,850 - DEBUG - Using calibrated dispense_wait_time=3.5437186 for water at 0.100mL
2025-12-22 18:00:50,850 - DEBUG - Using calibrated retract_speed=10 for water at 0.100mL
2025-12-22 18:00:50,850 - DEBUG - Using calibrated blowout_vol=0.016158898 for water at 0.100mL
2025-12-22 18:00:50,850 - DEBUG - Using calibrated post_asp_air_vol=0.010581106 for water at 0.100mL
2025-12-22 18:00:50,850 - DEBUG - Using calibrated overaspirate_vol=0.003481365000000007 for water at 0.100mL
2025-12-22 18:00:50,850 - INFO - Dispensing 0.100 mL from water to water
2025-12-22 18:00:50,855 - DEBUG - Using calibrated aspirate_speed=8 for water at 0.100mL
2025-12-22 18:00:50,855 - DEBUG - Using calibrated dispense_speed=14 for water at 0.100mL
2025-12-22 18:00:50,855 - DEBUG - Using calibrated aspirate_wait_time=0.0 for water at 0.100mL
2025-12-22 18:00:50,855 - DEBUG - Using calibrated dispense_wait_time=3.5437186 for water at 0.100mL
2025-12-22 18:00:50,855 - DEBUG - Using calibrated retract_speed=10 for water at 0.100mL
2025-12-22 18:00:50,855 - DEBUG - Using calibrated blowout_vol=0.016158898 for water at 0.100mL
2025-12-22 18:00:50,855 - DEBUG - Using calibrated post_asp_air_vol=0.010581106 for water at 0.100mL
2025-12-22 18:00:50,855 - DEBUG - Using calibrated overaspirate_vol=0.003481365000000007 for water at 0.100mL
2025-12-22 18:00:50,855 - DEBUG - Applied object param asp_disp_cycles=0
2025-12-22 18:00:50,855 - DEBUG - Applied object param aspirate_speed=8
2025-12-22 18:00:50,855 - DEBUG - Applied object param aspirate_wait_time=0.0
2025-12-22 18:00:50,855 - DEBUG - Applied object param blowout_vol=0.016158898
2025-12-22 18:00:50,855 - DEBUG - Applied object param dispense_speed=14
2025-12-22 18:00:50,855 - DEBUG - Applied object param dispense_wait_time=3.5437186
2025-12-22 18:00:50,856 - DEBUG - Applied object param overaspirate_vol=0.003481365000000007
2025-12-22 18:00:50,856 - DEBUG - Applied object param post_asp_air_vol=0.010581106
2025-12-22 18:00:50,856 - DEBUG - Applied object param post_retract_wait_time=0.0
2025-12-22 18:00:50,856 - DEBUG - Applied object param pre_asp_air_vol=0.0
2025-12-22 18:00:50,856 - DEBUG - Applied object param retract_speed=10
2025-12-22 18:00:50,856 - DEBUG - Selected small_tip for volume 0.114 mL
2025-12-22 18:00:50,857 - INFO - Pipetting from vial water, amount: 0.100 mL
2025-12-22 18:00:50,857 - INFO - Additional volume from calibration, amount: 0.003 mL
2025-12-22 18:00:50,859 - DEBUG - Adjusting pump 0 speed to 10
2025-12-22 18:00:51,932 - DEBUG - Adjusting pump 0 speed to 8
2025-12-22 18:00:52,955 - DEBUG - Aspirating 0.103 mL then waiting 0.0 s
2025-12-22 18:00:53,947 - DEBUG - Aspirating 0.011 mL then waiting 0 s
2025-12-22 18:00:54,272 - DEBUG - Using calibrated aspirate_speed=8 for water at 0.100mL
2025-12-22 18:00:54,272 - DEBUG - Using calibrated dispense_speed=14 for water at 0.100mL
2025-12-22 18:00:54,272 - DEBUG - Using calibrated aspirate_wait_time=0.0 for water at 0.100mL
2025-12-22 18:00:54,272 - DEBUG - Using calibrated dispense_wait_time=3.5437186 for water at 0.100mL
2025-12-22 18:00:54,272 - DEBUG - Using calibrated retract_speed=10 for water at 0.100mL
2025-12-22 18:00:54,272 - DEBUG - Using calibrated blowout_vol=0.016158898 for water at 0.100mL
2025-12-22 18:00:54,272 - DEBUG - Using calibrated post_asp_air_vol=0.010581106 for water at 0.100mL
2025-12-22 18:00:54,272 - DEBUG - Using calibrated overaspirate_vol=0.003481365000000007 for water at 0.100mL
2025-12-22 18:00:54,272 - DEBUG - Applied object param asp_disp_cycles=0
2025-12-22 18:00:54,272 - DEBUG - Applied object param aspirate_speed=8
2025-12-22 18:00:54,272 - DEBUG - Applied object param aspirate_wait_time=0.0
2025-12-22 18:00:54,272 - DEBUG - Applied object param blowout_vol=0.016158898
2025-12-22 18:00:54,272 - DEBUG - Applied object param dispense_speed=14
2025-12-22 18:00:54,272 - DEBUG - Applied object param dispense_wait_time=3.5437186
2025-12-22 18:00:54,272 - DEBUG - Applied object param overaspirate_vol=0.003481365000000007
2025-12-22 18:00:54,272 - DEBUG - Applied object param post_asp_air_vol=0.010581106
2025-12-22 18:00:54,272 - DEBUG - Applied object param post_retract_wait_time=0.0
2025-12-22 18:00:54,272 - DEBUG - Applied object param pre_asp_air_vol=0.0
2025-12-22 18:00:54,272 - DEBUG - Applied object param retract_speed=10
2025-12-22 18:00:54,272 - INFO - Pipetting into vial water, amount: 0.100 mL
