2025-10-23 16:27:48,611 - INFO - Initializing North Robot...
2025-10-23 16:27:48,611 - DEBUG - Loading robot configuration files...
2025-10-23 16:27:48,621 - DEBUG - Loaded vial positions configuration from robot_state/vial_positions.yaml
2025-10-23 16:27:48,621 - DEBUG - Loaded pipet tips configuration from robot_state/pipet_tips.yaml
2025-10-23 16:27:48,630 - DEBUG - Loaded pipet racks configuration from robot_state/pipet_racks.yaml
2025-10-23 16:27:48,633 - DEBUG - Loaded pump configuration from robot_state/syringe_pumps.yaml
2025-10-23 16:27:48,633 - DEBUG - Loaded robot hardware configuration from robot_state/robot_hardware.yaml
2025-10-23 16:27:48,642 - DEBUG - Loaded wellplate properties configuration from robot_state/wellplates.yaml
2025-10-23 16:27:48,642 - DEBUG - Loading robot state files...
2025-10-23 16:27:48,653 - DEBUG - Loaded vial data from status/calibration_vials_short.csv
2025-10-23 16:27:48,653 - DEBUG - Loaded robot status from robot_state/robot_status.yaml
2025-10-23 16:27:48,653 - DEBUG - Loaded wellplate positions from robot_state/wellplates.yaml
2025-10-23 16:27:48,653 - DEBUG - Robot status loaded successfully
2025-10-23 16:27:48,653 - DEBUG - Loading pumps from YAML configuration...
2025-10-23 16:27:48,653 - DEBUG - Loaded pump 0: volume=1.0mL, speed=11, liquid=None
2025-10-23 16:27:48,653 - DEBUG - Loaded pump 1: volume=2.5mL, speed=15, liquid=water
2025-10-23 16:27:48,653 - DEBUG - Physical initialization of North Robot...
2025-10-23 16:27:48,653 - INFO - Moving robot to home position
2025-10-23 16:27:48,653 - INFO - Initializing North Track...
2025-10-23 16:27:48,653 - DEBUG - Loading track status from file: robot_state/track_status.yaml
2025-10-23 16:27:48,653 - DEBUG - Getting track status from file: robot_state/track_status.yaml
2025-10-23 16:27:48,653 - DEBUG - Loaded track status from robot_state/track_status.yaml
2025-10-23 16:27:48,653 - DEBUG - Loading track positions from: robot_state/track_positions.yaml
2025-10-23 16:27:48,666 - DEBUG - Loaded track positions configuration from robot_state/track_positions.yaml
2025-10-23 16:27:48,666 - DEBUG - Loading robot hardware configuration from: robot_state/robot_hardware.yaml
2025-10-23 16:27:48,666 - DEBUG - Loaded robot hardware configuration from robot_state/robot_hardware.yaml
2025-10-23 16:27:48,666 - DEBUG - Loaded wellplate properties configuration from robot_state/wellplates.yaml
2025-10-23 16:27:48,666 - DEBUG - Moving North Track to home position
2025-10-23 16:27:48,666 - INFO - Creating new Lash_E controller
2025-10-23 16:27:48,680 - INFO -     vial_index           vial_name         location  location_index  vial_volume  capped cap_type vial_type    home_location  home_location_index
0            0  measurement_vial_0    main_8mL_rack               0     3.601186    True     open      8_mL    main_8mL_rack                    0
1            1  measurement_vial_1    main_8mL_rack               1     0.000000    True     open      8_mL    main_8mL_rack                    1
2            2  measurement_vial_2    main_8mL_rack               2     0.000000    True     open      8_mL    main_8mL_rack                    2
3            3  measurement_vial_3    main_8mL_rack               3     0.000000    True     open      8_mL    main_8mL_rack                    3
4            4  measurement_vial_4    main_8mL_rack               4     0.000000    True     open      8_mL    main_8mL_rack                    4
5            5  measurement_vial_5    main_8mL_rack               5     0.000000    True     open      8_mL    main_8mL_rack                    5
6            6  measurement_vial_6    main_8mL_rack               6     0.000000    True     open      8_mL    main_8mL_rack                    6
7            7  measurement_vial_7    main_8mL_rack               7     0.000000    True     open      8_mL    main_8mL_rack                    7
8            8  measurement_vial_8    main_8mL_rack               8     0.000000    True     open      8_mL    main_8mL_rack                    8
9            9  measurement_vial_9    main_8mL_rack               9     0.000000    True     open      8_mL    main_8mL_rack                    9
10          10       liquid_source   50mL_vial_rack               0     3.413538    True     open     50_mL   50mL_vial_rack                    0
11          11     liquid_source_0  large_vial_rack               2    16.665802    True     open     20_mL  large_vial_rack                    2
2025-10-23 16:27:48,702 - INFO - Visualizing vial racks...
2025-10-23 16:27:48,904 - DEBUG - Visualizing rack: Main Rack with filter: main_8mL_rack
2025-10-23 16:27:49,044 - DEBUG - Visualizing rack: Second Rack with filter: large_vial_rack
2025-10-23 16:27:50,222 - INFO - Moving vial measurement_vial_0 to clamp: 0
2025-10-23 16:27:50,222 - DEBUG - Grabbing vial 0 with index 0
2025-10-23 16:27:50,225 - DEBUG - Dropping off vial 0 at location clamp with index 0
2025-10-23 16:27:50,225 - INFO - Vial management mode: legacy
2025-10-23 16:27:50,225 - INFO - Starting calibration experiment - liquid: water, volumes: [0.1, 0.05, 0.025]
2025-10-23 16:27:50,225 - INFO - Configuration: seed=7, simulate=True
2025-10-23 16:27:50,247 - INFO - Dynamic cutoffs disabled: no historical data available
2025-10-23 16:27:50,250 - INFO - VOLUME 100uL: Accuracy-only calibration (no time constraints)
2025-10-23 16:27:50,252 - DEBUG - Selected small_tip for volume 0.100 mL
2025-10-23 16:27:50,572 - DEBUG - Selected small_tip for volume 0.110 mL
2025-10-23 16:27:50,572 - INFO - Getting small_tip (pipet number 21) from rack: small_tip_rack_2
2025-10-23 16:27:50,572 - INFO - Pipetting from vial liquid_source_0, amount: 0.11 mL
2025-10-23 16:27:50,577 - DEBUG - Adjusting pump 0 speed to 15
2025-10-23 16:27:50,577 - DEBUG - Aspirating 0.110 mL then waiting 22.48070776462555 s
2025-10-23 16:27:50,577 - DEBUG - Aspirating 0.036 mL then waiting 0 s
2025-10-23 16:27:50,579 - INFO - Pipetting into vial measurement_vial_0, amount: 0.11 mL
2025-10-23 16:27:50,579 - DEBUG - Adjusting pump 0 speed to 14
2025-10-23 16:27:50,581 - DEBUG - Dispensing 0.146 mL then waiting 5.529413223266602 s
2025-10-23 16:27:50,581 - DEBUG - Blowing out 0.153 mL
2025-10-23 16:27:50,581 - DEBUG - Adjusting pump 0 speed to 5
2025-10-23 16:27:50,805 - DEBUG - Selected small_tip for volume 0.105 mL
2025-10-23 16:27:50,807 - INFO - Pipetting from vial liquid_source_0, amount: 0.105 mL
2025-10-23 16:27:50,808 - DEBUG - Adjusting pump 0 speed to 35
2025-10-23 16:27:50,808 - DEBUG - Aspirating 0.105 mL then waiting 12.393135940656066 s
2025-10-23 16:27:50,808 - DEBUG - Aspirating 0.070 mL then waiting 0 s
2025-10-23 16:27:50,810 - INFO - Pipetting into vial measurement_vial_0, amount: 0.105 mL
2025-10-23 16:27:50,810 - DEBUG - Adjusting pump 0 speed to 25
2025-10-23 16:27:50,811 - DEBUG - Dispensing 0.175 mL then waiting 19.006759207695723 s
2025-10-23 16:27:50,811 - DEBUG - Blowing out 0.018 mL
2025-10-23 16:27:50,811 - DEBUG - Adjusting pump 0 speed to 5
2025-10-23 16:27:51,034 - DEBUG - Selected small_tip for volume 0.101 mL
2025-10-23 16:27:51,034 - INFO - Pipetting from vial liquid_source_0, amount: 0.101 mL
2025-10-23 16:27:51,056 - DEBUG - Adjusting pump 0 speed to 26
2025-10-23 16:27:51,056 - DEBUG - Aspirating 0.101 mL then waiting 28.394931005313993 s
2025-10-23 16:27:51,056 - DEBUG - Aspirating 0.021 mL then waiting 0 s
2025-10-23 16:27:51,069 - INFO - Pipetting into vial measurement_vial_0, amount: 0.101 mL
2025-10-23 16:27:51,072 - DEBUG - Adjusting pump 0 speed to 20
2025-10-23 16:27:51,072 - DEBUG - Dispensing 0.122 mL then waiting 12.44194284081459 s
2025-10-23 16:27:51,072 - DEBUG - Blowing out 0.056 mL
2025-10-23 16:27:51,072 - DEBUG - Adjusting pump 0 speed to 5
2025-10-23 16:27:51,335 - DEBUG - Selected small_tip for volume 0.105 mL
2025-10-23 16:27:51,336 - INFO - Pipetting from vial liquid_source_0, amount: 0.105 mL
2025-10-23 16:27:51,337 - DEBUG - Adjusting pump 0 speed to 19
2025-10-23 16:27:51,339 - DEBUG - Aspirating 0.105 mL then waiting 4.259606637060642 s
2025-10-23 16:27:51,339 - DEBUG - Aspirating 0.085 mL then waiting 0 s
2025-10-23 16:27:51,340 - INFO - Pipetting into vial measurement_vial_0, amount: 0.105 mL
2025-10-23 16:27:51,340 - DEBUG - Adjusting pump 0 speed to 31
2025-10-23 16:27:51,341 - DEBUG - Dispensing 0.190 mL then waiting 27.09417167119682 s
2025-10-23 16:27:51,341 - DEBUG - Blowing out 0.116 mL
2025-10-23 16:27:51,341 - DEBUG - Adjusting pump 0 speed to 5
2025-10-23 16:27:51,558 - DEBUG - Selected small_tip for volume 0.102 mL
2025-10-23 16:27:51,562 - INFO - Pipetting from vial liquid_source_0, amount: 0.102 mL
2025-10-23 16:27:51,571 - DEBUG - Adjusting pump 0 speed to 17
2025-10-23 16:27:51,571 - DEBUG - Aspirating 0.102 mL then waiting 8.865606626495719 s
2025-10-23 16:27:51,572 - DEBUG - Aspirating 0.010 mL then waiting 0 s
2025-10-23 16:27:51,579 - INFO - Pipetting into vial measurement_vial_0, amount: 0.102 mL
2025-10-23 16:27:51,583 - DEBUG - Adjusting pump 0 speed to 18
2025-10-23 16:27:51,586 - DEBUG - Dispensing 0.112 mL then waiting 25.507228514179587 s
2025-10-23 16:27:51,586 - DEBUG - Blowing out 0.179 mL
2025-10-23 16:27:51,586 - DEBUG - Adjusting pump 0 speed to 5
2025-10-23 16:27:51,814 - DEBUG - Selected small_tip for volume 0.055 mL
2025-10-23 16:27:51,814 - INFO - Pipetting from vial liquid_source_0, amount: 0.055 mL
2025-10-23 16:27:51,833 - DEBUG - Adjusting pump 0 speed to 35
2025-10-23 16:27:51,833 - DEBUG - Aspirating 0.055 mL then waiting 12.393135940656066 s
2025-10-23 16:27:51,834 - DEBUG - Aspirating 0.070 mL then waiting 0 s
2025-10-23 16:27:51,836 - INFO - Pipetting into vial measurement_vial_0, amount: 0.055 mL
2025-10-23 16:27:51,844 - DEBUG - Adjusting pump 0 speed to 25
2025-10-23 16:27:51,848 - DEBUG - Dispensing 0.125 mL then waiting 19.006759207695723 s
2025-10-23 16:27:51,848 - DEBUG - Blowing out 0.018 mL
2025-10-23 16:27:51,848 - DEBUG - Adjusting pump 0 speed to 5
2025-10-23 16:27:52,064 - DEBUG - Selected small_tip for volume 0.030 mL
2025-10-23 16:27:52,064 - INFO - Pipetting from vial liquid_source_0, amount: 0.03 mL
2025-10-23 16:27:52,083 - DEBUG - Adjusting pump 0 speed to 35
2025-10-23 16:27:52,085 - DEBUG - Aspirating 0.030 mL then waiting 12.393135940656066 s
2025-10-23 16:27:52,085 - DEBUG - Aspirating 0.070 mL then waiting 0 s
2025-10-23 16:27:52,085 - INFO - Pipetting into vial measurement_vial_0, amount: 0.03 mL
2025-10-23 16:27:52,095 - DEBUG - Adjusting pump 0 speed to 25
2025-10-23 16:27:52,099 - DEBUG - Dispensing 0.100 mL then waiting 19.006759207695723 s
2025-10-23 16:27:52,099 - DEBUG - Blowing out 0.018 mL
2025-10-23 16:27:52,099 - DEBUG - Adjusting pump 0 speed to 5
2025-10-23 16:27:52,860 - DEBUG - Selected small_tip for volume 0.107 mL
2025-10-23 16:27:52,860 - INFO - Pipetting from vial liquid_source_0, amount: 0.107 mL
2025-10-23 16:27:52,880 - DEBUG - Adjusting pump 0 speed to 23
2025-10-23 16:27:52,880 - DEBUG - Aspirating 0.107 mL then waiting 18.480767849832773 s
2025-10-23 16:27:52,880 - DEBUG - Aspirating 0.097 mL then waiting 0 s
2025-10-23 16:27:52,887 - INFO - Pipetting into vial measurement_vial_0, amount: 0.107 mL
2025-10-23 16:27:52,889 - DEBUG - Adjusting pump 0 speed to 34
2025-10-23 16:27:52,892 - DEBUG - Dispensing 0.204 mL then waiting 9.92737378925085 s
2025-10-23 16:27:52,892 - DEBUG - Blowing out 0.042 mL
2025-10-23 16:27:52,892 - DEBUG - Adjusting pump 0 speed to 5
2025-10-23 16:27:53,132 - DEBUG - Selected small_tip for volume 0.102 mL
2025-10-23 16:27:53,132 - INFO - Pipetting from vial liquid_source_0, amount: 0.102 mL
2025-10-23 16:27:53,152 - DEBUG - Adjusting pump 0 speed to 17
2025-10-23 16:27:53,152 - DEBUG - Aspirating 0.102 mL then waiting 8.865606626495719 s
2025-10-23 16:27:53,152 - DEBUG - Aspirating 0.010 mL then waiting 0 s
2025-10-23 16:27:53,152 - INFO - Pipetting into vial measurement_vial_0, amount: 0.102 mL
2025-10-23 16:27:53,163 - DEBUG - Adjusting pump 0 speed to 18
2025-10-23 16:27:53,166 - DEBUG - Dispensing 0.112 mL then waiting 25.507228514179587 s
2025-10-23 16:27:53,167 - DEBUG - Blowing out 0.179 mL
2025-10-23 16:27:53,167 - DEBUG - Adjusting pump 0 speed to 5
2025-10-23 16:27:53,379 - DEBUG - Selected small_tip for volume 0.102 mL
2025-10-23 16:27:53,385 - INFO - Pipetting from vial liquid_source_0, amount: 0.102 mL
2025-10-23 16:27:53,395 - DEBUG - Adjusting pump 0 speed to 17
2025-10-23 16:27:53,396 - DEBUG - Aspirating 0.102 mL then waiting 8.865606626495719 s
2025-10-23 16:27:53,396 - DEBUG - Aspirating 0.010 mL then waiting 0 s
2025-10-23 16:27:53,404 - INFO - Pipetting into vial measurement_vial_0, amount: 0.102 mL
2025-10-23 16:27:53,405 - DEBUG - Adjusting pump 0 speed to 18
2025-10-23 16:27:53,405 - DEBUG - Dispensing 0.112 mL then waiting 25.507228514179587 s
2025-10-23 16:27:53,405 - DEBUG - Blowing out 0.179 mL
2025-10-23 16:27:53,405 - DEBUG - Adjusting pump 0 speed to 5
2025-10-23 16:27:53,614 - DEBUG - Selected small_tip for volume 0.102 mL
2025-10-23 16:27:53,614 - INFO - Pipetting from vial liquid_source_0, amount: 0.102 mL
2025-10-23 16:27:53,633 - DEBUG - Adjusting pump 0 speed to 17
2025-10-23 16:27:53,634 - DEBUG - Aspirating 0.102 mL then waiting 8.865606626495719 s
2025-10-23 16:27:53,634 - DEBUG - Aspirating 0.010 mL then waiting 0 s
2025-10-23 16:27:53,641 - INFO - Pipetting into vial measurement_vial_0, amount: 0.102 mL
2025-10-23 16:27:53,644 - DEBUG - Adjusting pump 0 speed to 18
2025-10-23 16:27:53,645 - DEBUG - Dispensing 0.112 mL then waiting 25.507228514179587 s
2025-10-23 16:27:53,645 - DEBUG - Blowing out 0.179 mL
2025-10-23 16:27:53,645 - DEBUG - Adjusting pump 0 speed to 5
2025-10-23 16:27:53,865 - DEBUG - Selected small_tip for volume 0.107 mL
2025-10-23 16:27:53,865 - INFO - Pipetting from vial liquid_source_0, amount: 0.107 mL
2025-10-23 16:27:53,883 - DEBUG - Adjusting pump 0 speed to 23
2025-10-23 16:27:53,884 - DEBUG - Aspirating 0.107 mL then waiting 18.480767849832773 s
2025-10-23 16:27:53,884 - DEBUG - Aspirating 0.097 mL then waiting 0 s
2025-10-23 16:27:53,892 - INFO - Pipetting into vial measurement_vial_0, amount: 0.107 mL
2025-10-23 16:27:53,893 - DEBUG - Adjusting pump 0 speed to 34
2025-10-23 16:27:53,893 - DEBUG - Dispensing 0.204 mL then waiting 9.92737378925085 s
2025-10-23 16:27:53,893 - DEBUG - Blowing out 0.042 mL
2025-10-23 16:27:53,893 - DEBUG - Adjusting pump 0 speed to 5
2025-10-23 16:27:54,121 - DEBUG - Selected small_tip for volume 0.107 mL
2025-10-23 16:27:54,127 - INFO - Pipetting from vial liquid_source_0, amount: 0.107 mL
2025-10-23 16:27:54,135 - DEBUG - Adjusting pump 0 speed to 23
2025-10-23 16:27:54,136 - DEBUG - Aspirating 0.107 mL then waiting 18.480767849832773 s
2025-10-23 16:27:54,136 - DEBUG - Aspirating 0.097 mL then waiting 0 s
2025-10-23 16:27:54,136 - INFO - Pipetting into vial measurement_vial_0, amount: 0.107 mL
2025-10-23 16:27:54,148 - DEBUG - Adjusting pump 0 speed to 34
2025-10-23 16:27:54,151 - DEBUG - Dispensing 0.204 mL then waiting 9.92737378925085 s
2025-10-23 16:27:54,152 - DEBUG - Blowing out 0.042 mL
2025-10-23 16:27:54,152 - DEBUG - Adjusting pump 0 speed to 5
2025-10-23 16:27:54,366 - DEBUG - Selected small_tip for volume 0.107 mL
2025-10-23 16:27:54,366 - INFO - Pipetting from vial liquid_source_0, amount: 0.107 mL
2025-10-23 16:27:54,384 - DEBUG - Adjusting pump 0 speed to 23
2025-10-23 16:27:54,386 - DEBUG - Aspirating 0.107 mL then waiting 18.480767849832773 s
2025-10-23 16:27:54,386 - DEBUG - Aspirating 0.097 mL then waiting 0 s
2025-10-23 16:27:54,386 - INFO - Pipetting into vial measurement_vial_0, amount: 0.107 mL
2025-10-23 16:27:54,396 - DEBUG - Adjusting pump 0 speed to 34
2025-10-23 16:27:54,399 - DEBUG - Dispensing 0.204 mL then waiting 9.92737378925085 s
2025-10-23 16:27:54,400 - DEBUG - Blowing out 0.042 mL
2025-10-23 16:27:54,400 - DEBUG - Adjusting pump 0 speed to 5
2025-10-23 16:27:54,617 - DEBUG - Selected small_tip for volume 0.105 mL
2025-10-23 16:27:54,617 - INFO - Pipetting from vial liquid_source_0, amount: 0.105 mL
2025-10-23 16:27:54,636 - DEBUG - Adjusting pump 0 speed to 19
2025-10-23 16:27:54,636 - DEBUG - Aspirating 0.105 mL then waiting 4.259606637060642 s
2025-10-23 16:27:54,636 - DEBUG - Aspirating 0.085 mL then waiting 0 s
2025-10-23 16:27:54,636 - INFO - Pipetting into vial measurement_vial_0, amount: 0.105 mL
2025-10-23 16:27:54,647 - DEBUG - Adjusting pump 0 speed to 31
2025-10-23 16:27:54,651 - DEBUG - Dispensing 0.190 mL then waiting 27.09417167119682 s
2025-10-23 16:27:54,651 - DEBUG - Blowing out 0.116 mL
2025-10-23 16:27:54,652 - DEBUG - Adjusting pump 0 speed to 5
2025-10-23 16:27:54,865 - DEBUG - Selected small_tip for volume 0.105 mL
2025-10-23 16:27:54,865 - INFO - Pipetting from vial liquid_source_0, amount: 0.105 mL
2025-10-23 16:27:54,884 - DEBUG - Adjusting pump 0 speed to 19
2025-10-23 16:27:54,885 - DEBUG - Aspirating 0.105 mL then waiting 4.259606637060642 s
2025-10-23 16:27:54,885 - DEBUG - Aspirating 0.085 mL then waiting 0 s
2025-10-23 16:27:54,889 - INFO - Pipetting into vial measurement_vial_0, amount: 0.105 mL
2025-10-23 16:27:54,896 - DEBUG - Adjusting pump 0 speed to 31
2025-10-23 16:27:54,900 - DEBUG - Dispensing 0.190 mL then waiting 27.09417167119682 s
2025-10-23 16:27:54,900 - DEBUG - Blowing out 0.116 mL
2025-10-23 16:27:54,900 - DEBUG - Adjusting pump 0 speed to 5
2025-10-23 16:27:55,118 - DEBUG - Selected small_tip for volume 0.105 mL
2025-10-23 16:27:55,118 - INFO - Pipetting from vial liquid_source_0, amount: 0.105 mL
2025-10-23 16:27:55,127 - DEBUG - Adjusting pump 0 speed to 19
2025-10-23 16:27:55,127 - DEBUG - Aspirating 0.105 mL then waiting 4.259606637060642 s
2025-10-23 16:27:55,128 - DEBUG - Aspirating 0.085 mL then waiting 0 s
2025-10-23 16:27:55,129 - INFO - Pipetting into vial measurement_vial_0, amount: 0.105 mL
2025-10-23 16:27:55,130 - DEBUG - Adjusting pump 0 speed to 31
2025-10-23 16:27:55,130 - DEBUG - Dispensing 0.190 mL then waiting 27.09417167119682 s
2025-10-23 16:27:55,131 - DEBUG - Blowing out 0.116 mL
2025-10-23 16:27:55,131 - DEBUG - Adjusting pump 0 speed to 5
2025-10-23 16:27:55,336 - DEBUG - Selected small_tip for volume 0.105 mL
2025-10-23 16:27:55,337 - INFO - Pipetting from vial liquid_source_0, amount: 0.105 mL
2025-10-23 16:27:55,338 - DEBUG - Adjusting pump 0 speed to 19
2025-10-23 16:27:55,338 - DEBUG - Aspirating 0.105 mL then waiting 4.259606637060642 s
2025-10-23 16:27:55,338 - DEBUG - Aspirating 0.085 mL then waiting 0 s
2025-10-23 16:27:55,340 - INFO - Pipetting into vial measurement_vial_0, amount: 0.105 mL
2025-10-23 16:27:55,340 - DEBUG - Adjusting pump 0 speed to 31
2025-10-23 16:27:55,341 - DEBUG - Dispensing 0.190 mL then waiting 27.09417167119682 s
2025-10-23 16:27:55,341 - DEBUG - Blowing out 0.116 mL
2025-10-23 16:27:55,341 - DEBUG - Adjusting pump 0 speed to 5
2025-10-23 16:27:55,348 - INFO - VOLUME 50uL: Accuracy-only calibration (no time constraints)
2025-10-23 16:27:55,349 - DEBUG - Selected small_tip for volume 0.050 mL
2025-10-23 16:27:55,573 - DEBUG - Selected small_tip for volume 0.060 mL
2025-10-23 16:27:55,578 - INFO - Pipetting from vial liquid_source_0, amount: 0.06 mL
2025-10-23 16:27:55,586 - DEBUG - Adjusting pump 0 speed to 19
2025-10-23 16:27:55,586 - DEBUG - Aspirating 0.060 mL then waiting 4.259606637060642 s
2025-10-23 16:27:55,587 - DEBUG - Aspirating 0.085 mL then waiting 0 s
2025-10-23 16:27:55,594 - INFO - Pipetting into vial measurement_vial_0, amount: 0.06 mL
2025-10-23 16:27:55,597 - DEBUG - Adjusting pump 0 speed to 31
2025-10-23 16:27:55,602 - DEBUG - Dispensing 0.145 mL then waiting 27.09417167119682 s
2025-10-23 16:27:55,602 - DEBUG - Blowing out 0.153 mL
2025-10-23 16:27:55,602 - DEBUG - Adjusting pump 0 speed to 5
2025-10-23 16:27:55,831 - DEBUG - Selected small_tip for volume 0.051 mL
2025-10-23 16:27:55,831 - INFO - Pipetting from vial liquid_source_0, amount: 0.051 mL
2025-10-23 16:27:55,849 - DEBUG - Adjusting pump 0 speed to 19
2025-10-23 16:27:55,849 - DEBUG - Aspirating 0.051 mL then waiting 4.259606637060642 s
2025-10-23 16:27:55,850 - DEBUG - Aspirating 0.085 mL then waiting 0 s
2025-10-23 16:27:55,858 - INFO - Pipetting into vial measurement_vial_0, amount: 0.051 mL
2025-10-23 16:27:55,860 - DEBUG - Adjusting pump 0 speed to 31
2025-10-23 16:27:55,862 - DEBUG - Dispensing 0.136 mL then waiting 27.09417167119682 s
2025-10-23 16:27:55,862 - DEBUG - Blowing out 0.040 mL
2025-10-23 16:27:55,862 - DEBUG - Adjusting pump 0 speed to 5
2025-10-23 16:27:56,117 - DEBUG - Selected small_tip for volume 0.060 mL
2025-10-23 16:27:56,119 - INFO - Pipetting from vial liquid_source_0, amount: 0.06 mL
2025-10-23 16:27:56,119 - DEBUG - Adjusting pump 0 speed to 19
2025-10-23 16:27:56,119 - DEBUG - Aspirating 0.060 mL then waiting 4.259606637060642 s
2025-10-23 16:27:56,119 - DEBUG - Aspirating 0.085 mL then waiting 0 s
2025-10-23 16:27:56,119 - INFO - Pipetting into vial measurement_vial_0, amount: 0.06 mL
2025-10-23 16:27:56,119 - DEBUG - Adjusting pump 0 speed to 31
2025-10-23 16:27:56,123 - DEBUG - Dispensing 0.145 mL then waiting 27.09417167119682 s
2025-10-23 16:27:56,123 - DEBUG - Blowing out 0.153 mL
2025-10-23 16:27:56,123 - DEBUG - Adjusting pump 0 speed to 5
2025-10-23 16:27:56,337 - DEBUG - Selected small_tip for volume 0.060 mL
2025-10-23 16:27:56,344 - INFO - Pipetting from vial liquid_source_0, amount: 0.06 mL
2025-10-23 16:27:56,351 - DEBUG - Adjusting pump 0 speed to 19
2025-10-23 16:27:56,354 - DEBUG - Aspirating 0.060 mL then waiting 4.259606637060642 s
2025-10-23 16:27:56,354 - DEBUG - Aspirating 0.085 mL then waiting 0 s
2025-10-23 16:27:56,356 - INFO - Pipetting into vial measurement_vial_0, amount: 0.06 mL
2025-10-23 16:27:56,369 - DEBUG - Adjusting pump 0 speed to 31
2025-10-23 16:27:56,370 - DEBUG - Dispensing 0.145 mL then waiting 27.09417167119682 s
2025-10-23 16:27:56,370 - DEBUG - Blowing out 0.153 mL
2025-10-23 16:27:56,370 - DEBUG - Adjusting pump 0 speed to 5
2025-10-23 16:27:56,638 - DEBUG - Selected small_tip for volume 0.055 mL
2025-10-23 16:27:56,643 - INFO - Pipetting from vial liquid_source_0, amount: 0.055 mL
2025-10-23 16:27:56,650 - DEBUG - Adjusting pump 0 speed to 19
2025-10-23 16:27:56,651 - DEBUG - Aspirating 0.055 mL then waiting 4.259606637060642 s
2025-10-23 16:27:56,651 - DEBUG - Aspirating 0.085 mL then waiting 0 s
2025-10-23 16:27:56,658 - INFO - Pipetting into vial measurement_vial_0, amount: 0.055 mL
2025-10-23 16:27:56,661 - DEBUG - Adjusting pump 0 speed to 31
2025-10-23 16:27:56,661 - DEBUG - Dispensing 0.140 mL then waiting 27.09417167119682 s
2025-10-23 16:27:56,661 - DEBUG - Blowing out 0.189 mL
2025-10-23 16:27:56,661 - DEBUG - Adjusting pump 0 speed to 5
2025-10-23 16:27:56,917 - DEBUG - Selected small_tip for volume 0.060 mL
2025-10-23 16:27:56,917 - INFO - Pipetting from vial liquid_source_0, amount: 0.06 mL
2025-10-23 16:27:56,936 - DEBUG - Adjusting pump 0 speed to 19
2025-10-23 16:27:56,937 - DEBUG - Aspirating 0.060 mL then waiting 4.259606637060642 s
2025-10-23 16:27:56,937 - DEBUG - Aspirating 0.085 mL then waiting 0 s
2025-10-23 16:27:56,937 - INFO - Pipetting into vial measurement_vial_0, amount: 0.06 mL
2025-10-23 16:27:56,947 - DEBUG - Adjusting pump 0 speed to 31
2025-10-23 16:27:56,951 - DEBUG - Dispensing 0.145 mL then waiting 27.09417167119682 s
2025-10-23 16:27:56,951 - DEBUG - Blowing out 0.153 mL
2025-10-23 16:27:56,952 - DEBUG - Adjusting pump 0 speed to 5
2025-10-23 16:27:57,174 - DEBUG - Selected small_tip for volume 0.060 mL
2025-10-23 16:27:57,179 - INFO - Pipetting from vial liquid_source_0, amount: 0.06 mL
2025-10-23 16:27:57,187 - DEBUG - Adjusting pump 0 speed to 19
2025-10-23 16:27:57,187 - DEBUG - Aspirating 0.060 mL then waiting 4.259606637060642 s
2025-10-23 16:27:57,188 - DEBUG - Aspirating 0.085 mL then waiting 0 s
2025-10-23 16:27:57,195 - INFO - Pipetting into vial measurement_vial_0, amount: 0.06 mL
2025-10-23 16:27:57,195 - DEBUG - Adjusting pump 0 speed to 31
2025-10-23 16:27:57,202 - DEBUG - Dispensing 0.145 mL then waiting 27.09417167119682 s
2025-10-23 16:27:57,202 - DEBUG - Blowing out 0.153 mL
2025-10-23 16:27:57,202 - DEBUG - Adjusting pump 0 speed to 5
2025-10-23 16:27:57,448 - DEBUG - Selected small_tip for volume 0.053 mL
2025-10-23 16:27:57,448 - INFO - Pipetting from vial liquid_source_0, amount: 0.053 mL
2025-10-23 16:27:57,466 - DEBUG - Adjusting pump 0 speed to 19
2025-10-23 16:27:57,467 - DEBUG - Aspirating 0.053 mL then waiting 4.259606637060642 s
2025-10-23 16:27:57,467 - DEBUG - Aspirating 0.085 mL then waiting 0 s
2025-10-23 16:27:57,475 - INFO - Pipetting into vial measurement_vial_0, amount: 0.053 mL
2025-10-23 16:27:57,478 - DEBUG - Adjusting pump 0 speed to 31
2025-10-23 16:27:57,479 - DEBUG - Dispensing 0.137 mL then waiting 27.09417167119682 s
2025-10-23 16:27:57,479 - DEBUG - Blowing out 0.130 mL
2025-10-23 16:27:57,479 - DEBUG - Adjusting pump 0 speed to 5
2025-10-23 16:27:57,709 - DEBUG - Selected small_tip for volume 0.060 mL
2025-10-23 16:27:57,715 - INFO - Pipetting from vial liquid_source_0, amount: 0.06 mL
2025-10-23 16:27:57,722 - DEBUG - Adjusting pump 0 speed to 19
2025-10-23 16:27:57,723 - DEBUG - Aspirating 0.060 mL then waiting 4.259606637060642 s
2025-10-23 16:27:57,723 - DEBUG - Aspirating 0.085 mL then waiting 0 s
2025-10-23 16:27:57,730 - INFO - Pipetting into vial measurement_vial_0, amount: 0.06 mL
2025-10-23 16:27:57,730 - DEBUG - Adjusting pump 0 speed to 31
2025-10-23 16:27:57,737 - DEBUG - Dispensing 0.145 mL then waiting 27.09417167119682 s
2025-10-23 16:27:57,737 - DEBUG - Blowing out 0.153 mL
2025-10-23 16:27:57,737 - DEBUG - Adjusting pump 0 speed to 5
2025-10-23 16:27:57,999 - DEBUG - Selected small_tip for volume 0.054 mL
2025-10-23 16:27:57,999 - INFO - Pipetting from vial liquid_source_0, amount: 0.054 mL
2025-10-23 16:27:58,017 - DEBUG - Adjusting pump 0 speed to 19
2025-10-23 16:27:58,018 - DEBUG - Aspirating 0.054 mL then waiting 4.259606637060642 s
2025-10-23 16:27:58,018 - DEBUG - Aspirating 0.085 mL then waiting 0 s
2025-10-23 16:27:58,026 - INFO - Pipetting into vial measurement_vial_0, amount: 0.054 mL
2025-10-23 16:27:58,029 - DEBUG - Adjusting pump 0 speed to 31
2025-10-23 16:27:58,029 - DEBUG - Dispensing 0.139 mL then waiting 27.09417167119682 s
2025-10-23 16:27:58,029 - DEBUG - Blowing out 0.081 mL
2025-10-23 16:27:58,029 - DEBUG - Adjusting pump 0 speed to 5
2025-10-23 16:27:58,284 - DEBUG - Selected small_tip for volume 0.060 mL
2025-10-23 16:27:58,284 - INFO - Pipetting from vial liquid_source_0, amount: 0.06 mL
2025-10-23 16:27:58,303 - DEBUG - Adjusting pump 0 speed to 19
2025-10-23 16:27:58,304 - DEBUG - Aspirating 0.060 mL then waiting 4.259606637060642 s
2025-10-23 16:27:58,304 - DEBUG - Aspirating 0.085 mL then waiting 0 s
2025-10-23 16:27:58,304 - INFO - Pipetting into vial measurement_vial_0, amount: 0.06 mL
2025-10-23 16:27:58,314 - DEBUG - Adjusting pump 0 speed to 31
2025-10-23 16:27:58,316 - DEBUG - Dispensing 0.145 mL then waiting 27.09417167119682 s
2025-10-23 16:27:58,318 - DEBUG - Blowing out 0.153 mL
2025-10-23 16:27:58,318 - DEBUG - Adjusting pump 0 speed to 5
2025-10-23 16:27:58,534 - DEBUG - Selected small_tip for volume 0.060 mL
2025-10-23 16:27:58,534 - INFO - Pipetting from vial liquid_source_0, amount: 0.06 mL
2025-10-23 16:27:58,553 - DEBUG - Adjusting pump 0 speed to 19
2025-10-23 16:27:58,554 - DEBUG - Aspirating 0.060 mL then waiting 4.259606637060642 s
2025-10-23 16:27:58,554 - DEBUG - Aspirating 0.085 mL then waiting 0 s
2025-10-23 16:27:58,554 - INFO - Pipetting into vial measurement_vial_0, amount: 0.06 mL
2025-10-23 16:27:58,565 - DEBUG - Adjusting pump 0 speed to 31
2025-10-23 16:27:58,568 - DEBUG - Dispensing 0.145 mL then waiting 27.09417167119682 s
2025-10-23 16:27:58,568 - DEBUG - Blowing out 0.153 mL
2025-10-23 16:27:58,568 - DEBUG - Adjusting pump 0 speed to 5
2025-10-23 16:27:58,784 - DEBUG - Selected small_tip for volume 0.060 mL
2025-10-23 16:27:58,785 - INFO - Pipetting from vial liquid_source_0, amount: 0.06 mL
2025-10-23 16:27:58,787 - DEBUG - Adjusting pump 0 speed to 19
2025-10-23 16:27:58,787 - DEBUG - Aspirating 0.060 mL then waiting 4.259606637060642 s
2025-10-23 16:27:58,787 - DEBUG - Aspirating 0.085 mL then waiting 0 s
2025-10-23 16:27:58,787 - INFO - Pipetting into vial measurement_vial_0, amount: 0.06 mL
2025-10-23 16:27:58,787 - DEBUG - Adjusting pump 0 speed to 31
2025-10-23 16:27:58,791 - DEBUG - Dispensing 0.145 mL then waiting 27.09417167119682 s
2025-10-23 16:27:58,791 - DEBUG - Blowing out 0.153 mL
2025-10-23 16:27:58,791 - DEBUG - Adjusting pump 0 speed to 5
2025-10-23 16:27:59,000 - DEBUG - Selected small_tip for volume 0.060 mL
2025-10-23 16:27:59,000 - INFO - Pipetting from vial liquid_source_0, amount: 0.06 mL
2025-10-23 16:27:59,020 - DEBUG - Adjusting pump 0 speed to 19
2025-10-23 16:27:59,020 - DEBUG - Aspirating 0.060 mL then waiting 4.259606637060642 s
2025-10-23 16:27:59,020 - DEBUG - Aspirating 0.085 mL then waiting 0 s
2025-10-23 16:27:59,029 - INFO - Pipetting into vial measurement_vial_0, amount: 0.06 mL
2025-10-23 16:27:59,032 - DEBUG - Adjusting pump 0 speed to 31
2025-10-23 16:27:59,032 - DEBUG - Dispensing 0.145 mL then waiting 27.09417167119682 s
2025-10-23 16:27:59,032 - DEBUG - Blowing out 0.153 mL
2025-10-23 16:27:59,032 - DEBUG - Adjusting pump 0 speed to 5
2025-10-23 16:27:59,044 - INFO - VOLUME 25uL: Accuracy-only calibration (no time constraints)
2025-10-23 16:27:59,046 - DEBUG - Selected small_tip for volume 0.025 mL
2025-10-23 16:27:59,254 - DEBUG - Selected small_tip for volume 0.032 mL
2025-10-23 16:27:59,254 - INFO - Pipetting from vial liquid_source_0, amount: 0.032 mL
2025-10-23 16:27:59,274 - DEBUG - Adjusting pump 0 speed to 19
2025-10-23 16:27:59,274 - DEBUG - Aspirating 0.032 mL then waiting 4.259606637060642 s
2025-10-23 16:27:59,275 - DEBUG - Aspirating 0.085 mL then waiting 0 s
2025-10-23 16:27:59,280 - INFO - Pipetting into vial measurement_vial_0, amount: 0.032 mL
2025-10-23 16:27:59,281 - DEBUG - Adjusting pump 0 speed to 31
2025-10-23 16:27:59,281 - DEBUG - Dispensing 0.117 mL then waiting 27.09417167119682 s
2025-10-23 16:27:59,281 - DEBUG - Blowing out 0.042 mL
2025-10-23 16:27:59,281 - DEBUG - Adjusting pump 0 speed to 5
2025-10-23 16:27:59,490 - DEBUG - Selected small_tip for volume 0.032 mL
2025-10-23 16:27:59,492 - INFO - Pipetting from vial liquid_source_0, amount: 0.032 mL
2025-10-23 16:27:59,494 - DEBUG - Adjusting pump 0 speed to 19
2025-10-23 16:27:59,494 - DEBUG - Aspirating 0.032 mL then waiting 4.259606637060642 s
2025-10-23 16:27:59,494 - DEBUG - Aspirating 0.085 mL then waiting 0 s
2025-10-23 16:27:59,496 - INFO - Pipetting into vial measurement_vial_0, amount: 0.032 mL
2025-10-23 16:27:59,497 - DEBUG - Adjusting pump 0 speed to 31
2025-10-23 16:27:59,497 - DEBUG - Dispensing 0.117 mL then waiting 27.09417167119682 s
2025-10-23 16:27:59,498 - DEBUG - Blowing out 0.042 mL
2025-10-23 16:27:59,498 - DEBUG - Adjusting pump 0 speed to 5
2025-10-23 16:27:59,715 - DEBUG - Selected small_tip for volume 0.026 mL
2025-10-23 16:27:59,715 - INFO - Pipetting from vial liquid_source_0, amount: 0.026 mL
2025-10-23 16:27:59,715 - DEBUG - Adjusting pump 0 speed to 19
2025-10-23 16:27:59,715 - DEBUG - Aspirating 0.026 mL then waiting 4.259606637060642 s
2025-10-23 16:27:59,715 - DEBUG - Aspirating 0.085 mL then waiting 0 s
2025-10-23 16:27:59,715 - INFO - Pipetting into vial measurement_vial_0, amount: 0.026 mL
2025-10-23 16:27:59,715 - DEBUG - Adjusting pump 0 speed to 31
2025-10-23 16:27:59,723 - DEBUG - Dispensing 0.111 mL then waiting 27.09417167119682 s
2025-10-23 16:27:59,723 - DEBUG - Blowing out 0.040 mL
2025-10-23 16:27:59,723 - DEBUG - Adjusting pump 0 speed to 5
2025-10-23 16:27:59,936 - DEBUG - Selected small_tip for volume 0.032 mL
2025-10-23 16:27:59,936 - INFO - Pipetting from vial liquid_source_0, amount: 0.032 mL
2025-10-23 16:27:59,956 - DEBUG - Adjusting pump 0 speed to 19
2025-10-23 16:27:59,956 - DEBUG - Aspirating 0.032 mL then waiting 4.259606637060642 s
2025-10-23 16:27:59,956 - DEBUG - Aspirating 0.085 mL then waiting 0 s
2025-10-23 16:27:59,956 - INFO - Pipetting into vial measurement_vial_0, amount: 0.032 mL
2025-10-23 16:27:59,967 - DEBUG - Adjusting pump 0 speed to 31
2025-10-23 16:27:59,972 - DEBUG - Dispensing 0.117 mL then waiting 27.09417167119682 s
2025-10-23 16:27:59,972 - DEBUG - Blowing out 0.042 mL
2025-10-23 16:27:59,972 - DEBUG - Adjusting pump 0 speed to 5
2025-10-23 16:28:00,189 - DEBUG - Selected small_tip for volume 0.032 mL
2025-10-23 16:28:00,190 - INFO - Pipetting from vial liquid_source_0, amount: 0.032 mL
2025-10-23 16:28:00,191 - DEBUG - Adjusting pump 0 speed to 19
2025-10-23 16:28:00,192 - DEBUG - Aspirating 0.032 mL then waiting 4.259606637060642 s
2025-10-23 16:28:00,192 - DEBUG - Aspirating 0.085 mL then waiting 0 s
2025-10-23 16:28:00,193 - INFO - Pipetting into vial measurement_vial_0, amount: 0.032 mL
2025-10-23 16:28:00,194 - DEBUG - Adjusting pump 0 speed to 31
2025-10-23 16:28:00,194 - DEBUG - Dispensing 0.117 mL then waiting 27.09417167119682 s
2025-10-23 16:28:00,195 - DEBUG - Blowing out 0.042 mL
2025-10-23 16:28:00,195 - DEBUG - Adjusting pump 0 speed to 5
2025-10-23 16:28:00,403 - DEBUG - Selected small_tip for volume 0.032 mL
2025-10-23 16:28:00,403 - INFO - Pipetting from vial liquid_source_0, amount: 0.032 mL
2025-10-23 16:28:00,417 - DEBUG - Adjusting pump 0 speed to 19
2025-10-23 16:28:00,417 - DEBUG - Aspirating 0.032 mL then waiting 4.259606637060642 s
2025-10-23 16:28:00,418 - DEBUG - Aspirating 0.085 mL then waiting 0 s
2025-10-23 16:28:00,424 - INFO - Pipetting into vial measurement_vial_0, amount: 0.032 mL
2025-10-23 16:28:00,429 - DEBUG - Adjusting pump 0 speed to 31
2025-10-23 16:28:00,431 - DEBUG - Dispensing 0.117 mL then waiting 27.09417167119682 s
2025-10-23 16:28:00,431 - DEBUG - Blowing out 0.042 mL
2025-10-23 16:28:00,431 - DEBUG - Adjusting pump 0 speed to 5
2025-10-23 16:28:00,651 - DEBUG - Selected small_tip for volume 0.032 mL
2025-10-23 16:28:00,651 - INFO - Pipetting from vial liquid_source_0, amount: 0.032 mL
2025-10-23 16:28:00,670 - DEBUG - Adjusting pump 0 speed to 19
2025-10-23 16:28:00,671 - DEBUG - Aspirating 0.032 mL then waiting 4.259606637060642 s
2025-10-23 16:28:00,671 - DEBUG - Aspirating 0.085 mL then waiting 0 s
2025-10-23 16:28:00,675 - INFO - Pipetting into vial measurement_vial_0, amount: 0.032 mL
2025-10-23 16:28:00,681 - DEBUG - Adjusting pump 0 speed to 31
2025-10-23 16:28:00,684 - DEBUG - Dispensing 0.117 mL then waiting 27.09417167119682 s
2025-10-23 16:28:00,685 - DEBUG - Blowing out 0.042 mL
2025-10-23 16:28:00,685 - DEBUG - Adjusting pump 0 speed to 5
2025-10-23 16:28:00,692 - INFO - Removing pipet
2025-10-23 16:28:00,694 - INFO - Returning vial measurement_vial_0 to home location: main_8mL_rack index 0
2025-10-23 16:28:00,695 - INFO - Moving vial measurement_vial_0 to main_8mL_rack: 0
2025-10-23 16:28:00,696 - DEBUG - Grabbing vial 0 with index 0
2025-10-23 16:28:00,697 - DEBUG - Dropping off vial 0 at location main_8mL_rack with index 0
2025-10-23 16:28:00,698 - INFO - Moving robot to home position
2025-10-23 16:28:04,215 - INFO - Completed experiment: 3/3 volumes successful
