2025-11-25 12:34:59,049 - INFO - Initializing North Robot...
2025-11-25 12:34:59,049 - DEBUG - Loading robot configuration files...
2025-11-25 12:34:59,088 - DEBUG - Loaded vial positions configuration from robot_state/vial_positions.yaml
2025-11-25 12:34:59,090 - DEBUG - Loaded pipet tips configuration from robot_state/pipet_tips.yaml
2025-11-25 12:34:59,096 - DEBUG - Loaded pipet racks configuration from robot_state/pipet_racks.yaml
2025-11-25 12:34:59,099 - DEBUG - Loaded pump configuration from robot_state/syringe_pumps.yaml
2025-11-25 12:34:59,114 - DEBUG - Loaded robot hardware configuration from robot_state/robot_hardware.yaml
2025-11-25 12:34:59,118 - DEBUG - Loaded wellplate properties configuration from robot_state/wellplates.yaml
2025-11-25 12:34:59,118 - DEBUG - Loading robot state files...
2025-11-25 12:34:59,122 - DEBUG - Loaded vial data from status/surfactant_grid_vials_expanded.csv
2025-11-25 12:34:59,128 - DEBUG - Loaded robot status from robot_state/robot_status.yaml
2025-11-25 12:34:59,128 - DEBUG - Loaded wellplate positions from robot_state/wellplates.yaml
2025-11-25 12:34:59,128 - DEBUG - Robot status loaded successfully
2025-11-25 12:34:59,128 - DEBUG - Loading pumps from YAML configuration...
2025-11-25 12:34:59,128 - DEBUG - Loaded pump 0: volume=1.0mL, speed=11, liquid=None
2025-11-25 12:34:59,135 - DEBUG - Loaded pump 1: volume=2.5mL, speed=15, liquid=water
2025-11-25 12:34:59,135 - DEBUG - Physical initialization of North Robot...
2025-11-25 12:34:59,135 - INFO - Moving robot to home position
2025-11-25 12:34:59,135 - DEBUG - Current reader status: <MagicMock name='mock.get_reader_status()' id='2290109746288'>
2025-11-25 12:34:59,135 - INFO - Initializing North Track...
2025-11-25 12:34:59,135 - DEBUG - Loading track status from file: robot_state/track_status.yaml
2025-11-25 12:34:59,135 - DEBUG - Getting track status from file: robot_state/track_status.yaml
2025-11-25 12:34:59,135 - DEBUG - Loaded track status from robot_state/track_status.yaml
2025-11-25 12:34:59,135 - DEBUG - Loading track positions from: robot_state/track_positions.yaml
2025-11-25 12:34:59,146 - DEBUG - Loaded track positions configuration from robot_state/track_positions.yaml
2025-11-25 12:34:59,146 - DEBUG - Loading robot hardware configuration from: robot_state/robot_hardware.yaml
2025-11-25 12:34:59,149 - DEBUG - Loaded robot hardware configuration from robot_state/robot_hardware.yaml
2025-11-25 12:34:59,151 - DEBUG - Loaded wellplate properties configuration from robot_state/wellplates.yaml
2025-11-25 12:34:59,151 - DEBUG - Moving North Track to home position
2025-11-25 12:34:59,151 - INFO - Starting surfactant grid screening: TTAB vs NaDC
2025-11-25 12:34:59,151 - INFO - Surfactant A: TTAB (Tetradecyltrimethylammonium Bromide, 50 mM stock)
2025-11-25 12:34:59,151 - INFO - Surfactant B: NaDC (Sodium Docusate, 25 mM stock)
2025-11-25 12:34:59,151 - INFO - Initializing North Robot...
2025-11-25 12:34:59,151 - DEBUG - Loading robot configuration files...
2025-11-25 12:34:59,164 - DEBUG - Loaded vial positions configuration from robot_state/vial_positions.yaml
2025-11-25 12:34:59,166 - DEBUG - Loaded pipet tips configuration from robot_state/pipet_tips.yaml
2025-11-25 12:34:59,170 - DEBUG - Loaded pipet racks configuration from robot_state/pipet_racks.yaml
2025-11-25 12:34:59,172 - DEBUG - Loaded pump configuration from robot_state/syringe_pumps.yaml
2025-11-25 12:34:59,172 - DEBUG - Loaded robot hardware configuration from robot_state/robot_hardware.yaml
2025-11-25 12:34:59,178 - DEBUG - Loaded wellplate properties configuration from robot_state/wellplates.yaml
2025-11-25 12:34:59,178 - DEBUG - Loading robot state files...
2025-11-25 12:34:59,182 - DEBUG - Loaded vial data from status/surfactant_grid_vials_expanded.csv
2025-11-25 12:34:59,184 - DEBUG - Loaded robot status from robot_state/robot_status.yaml
2025-11-25 12:34:59,188 - DEBUG - Loaded wellplate positions from robot_state/wellplates.yaml
2025-11-25 12:34:59,188 - DEBUG - Robot status loaded successfully
2025-11-25 12:34:59,188 - DEBUG - Loading pumps from YAML configuration...
2025-11-25 12:34:59,188 - DEBUG - Loaded pump 0: volume=1.0mL, speed=11, liquid=None
2025-11-25 12:34:59,188 - DEBUG - Loaded pump 1: volume=2.5mL, speed=15, liquid=water
2025-11-25 12:34:59,188 - DEBUG - Physical initialization of North Robot...
2025-11-25 12:34:59,188 - INFO - Moving robot to home position
2025-11-25 12:34:59,188 - DEBUG - Current reader status: <MagicMock name='mock.get_reader_status()' id='2290122441056'>
2025-11-25 12:34:59,194 - INFO - Initializing North Track...
2025-11-25 12:34:59,194 - DEBUG - Loading track status from file: robot_state/track_status.yaml
2025-11-25 12:34:59,194 - DEBUG - Getting track status from file: robot_state/track_status.yaml
2025-11-25 12:34:59,195 - DEBUG - Loaded track status from robot_state/track_status.yaml
2025-11-25 12:34:59,195 - DEBUG - Loading track positions from: robot_state/track_positions.yaml
2025-11-25 12:34:59,202 - DEBUG - Loaded track positions configuration from robot_state/track_positions.yaml
2025-11-25 12:34:59,203 - DEBUG - Loading robot hardware configuration from: robot_state/robot_hardware.yaml
2025-11-25 12:34:59,204 - DEBUG - Loaded robot hardware configuration from robot_state/robot_hardware.yaml
2025-11-25 12:34:59,204 - DEBUG - Loaded wellplate properties configuration from robot_state/wellplates.yaml
2025-11-25 12:34:59,204 - DEBUG - Moving North Track to home position
2025-11-25 12:34:59,204 - INFO - Initialized Lash_E workstation in simulation mode
2025-11-25 12:34:59,212 - INFO - Estimated wellplates needed: 1
2025-11-25 12:34:59,212 - DEBUG - Moving robot components to home positions
2025-11-25 12:34:59,212 - INFO - Moving robot to home position
2025-11-25 12:34:59,212 - DEBUG - Moving North Track to home position
2025-11-25 12:34:59,212 - DEBUG - Simulating robot component homing...
2025-11-25 12:34:59,212 - INFO - Validating input files and preparing new wellplate
2025-11-25 12:34:59,217 - INFO -     vial_index        vial_name       location  location_index  vial_volume  capped cap_type vial_type  home_location  home_location_index
0            0        SDS_stock  main_8mL_rack               0          7.0    True     open      8_mL  main_8mL_rack                    0
1            1        NaC_stock  main_8mL_rack               1          7.0    True     open      8_mL  main_8mL_rack                    1
2            2       NaDC_stock  main_8mL_rack               2          7.0    True     open      8_mL  main_8mL_rack                    2
3            3       TTAB_stock  main_8mL_rack               3          7.0    True     open      8_mL  main_8mL_rack                    3
4            4       CTAB_stock  main_8mL_rack               4          7.0    True     open      8_mL  main_8mL_rack                    4
5            5       DTAB_stock  main_8mL_rack               5          7.0    True     open      8_mL  main_8mL_rack                    5
6            6   SDS_dilution_0  main_8mL_rack               6          0.0    True     open      8_mL  main_8mL_rack                    6
7            7   SDS_dilution_1  main_8mL_rack               7          0.0    True     open      8_mL  main_8mL_rack                    7
8            8   SDS_dilution_2  main_8mL_rack               8          0.0    True     open      8_mL  main_8mL_rack                    8
9            9   SDS_dilution_3  main_8mL_rack               9          0.0    True     open      8_mL  main_8mL_rack                    9
10          10   SDS_dilution_4  main_8mL_rack              10          0.0    True     open      8_mL  main_8mL_rack                   10
11          11   SDS_dilution_5  main_8mL_rack              11          0.0    True     open      8_mL  main_8mL_rack                   11
12          12   NaC_dilution_0  main_8mL_rack              12          0.0    True     open      8_mL  main_8mL_rack                   12
13          13   NaC_dilution_1  main_8mL_rack              13          0.0    True     open      8_mL  main_8mL_rack                   13
14          14   NaC_dilution_2  main_8mL_rack              14          0.0    True     open      8_mL  main_8mL_rack                   14
15          15   NaC_dilution_3  main_8mL_rack              15          0.0    True     open      8_mL  main_8mL_rack                   15
16          16   NaC_dilution_4  main_8mL_rack              16          0.0    True     open      8_mL  main_8mL_rack                   16
17          17   NaC_dilution_5  main_8mL_rack              17          0.0    True     open      8_mL  main_8mL_rack                   17
18          18  NaDC_dilution_0  main_8mL_rack              18          0.0    True     open      8_mL  main_8mL_rack                   18
19          19  NaDC_dilution_1  main_8mL_rack              19          0.0    True     open      8_mL  main_8mL_rack                   19
20          20  NaDC_dilution_2  main_8mL_rack              20          0.0    True     open      8_mL  main_8mL_rack                   20
21          21  NaDC_dilution_3  main_8mL_rack              21          0.0    True     open      8_mL  main_8mL_rack                   21
22          22  NaDC_dilution_4  main_8mL_rack              22          0.0    True     open      8_mL  main_8mL_rack                   22
23          23  NaDC_dilution_5  main_8mL_rack              23          0.0    True     open      8_mL  main_8mL_rack                   23
24          24  TTAB_dilution_0  main_8mL_rack              24          0.0    True     open      8_mL  main_8mL_rack                   24
25          25  TTAB_dilution_1  main_8mL_rack              25          0.0    True     open      8_mL  main_8mL_rack                   25
26          26  TTAB_dilution_2  main_8mL_rack              26          0.0    True     open      8_mL  main_8mL_rack                   26
27          27  TTAB_dilution_3  main_8mL_rack              27          0.0    True     open      8_mL  main_8mL_rack                   27
28          28  TTAB_dilution_4  main_8mL_rack              28          0.0    True     open      8_mL  main_8mL_rack                   28
29          29  TTAB_dilution_5  main_8mL_rack              29          0.0    True     open      8_mL  main_8mL_rack                   29
30          30  CTAB_dilution_0  main_8mL_rack              30          0.0    True     open      8_mL  main_8mL_rack                   30
31          31  CTAB_dilution_1  main_8mL_rack              31          0.0    True     open      8_mL  main_8mL_rack                   31
32          32  CTAB_dilution_2  main_8mL_rack              32          0.0    True     open      8_mL  main_8mL_rack                   32
33          33  CTAB_dilution_3  main_8mL_rack              33          0.0    True     open      8_mL  main_8mL_rack                   33
34          34  CTAB_dilution_4  main_8mL_rack              34          0.0    True     open      8_mL  main_8mL_rack                   34
35          35  CTAB_dilution_5  main_8mL_rack              35          0.0    True     open      8_mL  main_8mL_rack                   35
36          36  DTAB_dilution_0  main_8mL_rack              36          0.0    True     open      8_mL  main_8mL_rack                   36
37          37  DTAB_dilution_1  main_8mL_rack              37          0.0    True     open      8_mL  main_8mL_rack                   37
38          38  DTAB_dilution_2  main_8mL_rack              38          0.0    True     open      8_mL  main_8mL_rack                   38
39          39  DTAB_dilution_3  main_8mL_rack              39          0.0    True     open      8_mL  main_8mL_rack                   39
40          40  DTAB_dilution_4  main_8mL_rack              40          0.0    True     open      8_mL  main_8mL_rack                   40
41          41  DTAB_dilution_5  main_8mL_rack              41          0.0    True     open      8_mL  main_8mL_rack                   41
42          42            water  main_8mL_rack              43          0.5    True     open      8_mL  main_8mL_rack                   43
2025-11-25 12:34:59,239 - INFO - Visualizing vial racks...
2025-11-25 12:34:59,340 - DEBUG - Visualizing rack: Main Rack with filter: main_8mL_rack
2025-11-25 12:34:59,446 - DEBUG - Visualizing rack: Second Rack with filter: large_vial_rack
2025-11-25 12:35:01,293 - INFO - --Wellplate status-- 
 Wellplate type: 96 WELL PLATE 
 Number in source: 4 
 Number in waste: 0 
 Active wellplate position: None
2025-11-25 12:35:01,293 - INFO - Visualizing wellplate status...
2025-11-25 12:35:02,566 - INFO - Grabbing new wellplate
2025-11-25 12:35:02,566 - INFO - Moving robot to home position
2025-11-25 12:35:02,566 - INFO - Getting new wellplate from source stack
2025-11-25 12:35:02,566 - DEBUG - Calculating well plate stack height for num: 4, wp_type: 96 WELL PLATE, stack: source_stack, operation: grab
2025-11-25 12:35:02,566 - DEBUG - Getting 4th wellplate from source at 66300
2025-11-25 12:35:02,566 - INFO - Grabbing wellplate from location: source_stack
2025-11-25 12:35:02,566 - DEBUG - Opening gripper
2025-11-25 12:35:02,576 - DEBUG - Closing gripper
2025-11-25 12:35:02,576 - INFO - Releasing wellplate at location: pipetting_area
2025-11-25 12:35:02,576 - DEBUG - Opening gripper
2025-11-25 12:35:02,576 - DEBUG - Moving North Track to home position
2025-11-25 12:35:02,578 - INFO - Priming reservoir 1 line into vial 42: 0.500 mL
2025-11-25 12:35:02,579 - INFO - Dispensing into vial 42 from reservoir 1: 0.500 mL
2025-11-25 12:35:02,583 - INFO - Moving vial water to clamp: 0
2025-11-25 12:35:02,583 - DEBUG - Grabbing vial 42 with index 42
2025-11-25 12:35:02,587 - DEBUG - Dropping off vial 42 at location clamp with index 0
2025-11-25 12:35:02,589 - INFO - Moving robot to home position
2025-11-25 12:35:02,589 - DEBUG - Dispensing 0.500 mL 1 times
2025-11-25 12:35:02,594 - INFO - Returning vial water to home location: main_8mL_rack index 43
2025-11-25 12:35:02,597 - INFO - Moving vial water to main_8mL_rack: 43
2025-11-25 12:35:02,597 - DEBUG - Grabbing vial 42 with index 42
2025-11-25 12:35:02,598 - DEBUG - Dropping off vial 42 at location main_8mL_rack with index 43
2025-11-25 12:35:02,599 - INFO - Preparing dilution series for TTAB and NaDC
2025-11-25 12:35:02,599 - DEBUG - Checking substocks for TTAB
2025-11-25 12:35:02,599 - DEBUG - TTAB achievable concentrations: ['1.00e-02', '3.16e-02', '1.00e-01', '3.16e-01', '1.00e+00', '3.16e+00', '1.00e+01'] mM
2025-11-25 12:35:02,599 - DEBUG - Creating TTAB_dilution_0: 2500.0x dilution from TTAB_stock
2025-11-25 12:35:02,599 - DEBUG - Volumes - stock: 0.002mL, water: 5.998mL
2025-11-25 12:35:02,601 - DEBUG - Successfully created TTAB_dilution_0 with target concentration 1.00e-02 mM
2025-11-25 12:35:02,601 - DEBUG - Creating TTAB_dilution_1: 790.6x dilution from TTAB_stock
2025-11-25 12:35:02,601 - DEBUG - Volumes - stock: 0.008mL, water: 5.992mL
2025-11-25 12:35:02,601 - DEBUG - Successfully created TTAB_dilution_1 with target concentration 3.16e-02 mM
2025-11-25 12:35:02,601 - DEBUG - Creating TTAB_dilution_2: 250.0x dilution from TTAB_stock
2025-11-25 12:35:02,601 - DEBUG - Volumes - stock: 0.024mL, water: 5.976mL
2025-11-25 12:35:02,601 - DEBUG - Successfully created TTAB_dilution_2 with target concentration 1.00e-01 mM
2025-11-25 12:35:02,601 - DEBUG - Creating TTAB_dilution_3: 79.1x dilution from TTAB_stock
2025-11-25 12:35:02,601 - DEBUG - Volumes - stock: 0.076mL, water: 5.924mL
2025-11-25 12:35:02,601 - DEBUG - Successfully created TTAB_dilution_3 with target concentration 3.16e-01 mM
2025-11-25 12:35:02,602 - DEBUG - Creating TTAB_dilution_4: 25.0x dilution from TTAB_stock
2025-11-25 12:35:02,602 - DEBUG - Volumes - stock: 0.240mL, water: 5.760mL
2025-11-25 12:35:02,603 - DEBUG - Successfully created TTAB_dilution_4 with target concentration 1.00e+00 mM
2025-11-25 12:35:02,603 - DEBUG - Creating TTAB_dilution_5: 7.9x dilution from TTAB_stock
2025-11-25 12:35:02,603 - DEBUG - Volumes - stock: 0.759mL, water: 5.241mL
2025-11-25 12:35:02,603 - DEBUG - Successfully created TTAB_dilution_5 with target concentration 3.16e+00 mM
2025-11-25 12:35:02,603 - DEBUG - Creating TTAB_dilution_6: 2.5x dilution from TTAB_stock
2025-11-25 12:35:02,603 - DEBUG - Volumes - stock: 2.400mL, water: 3.600mL
2025-11-25 12:35:02,604 - DEBUG - Successfully created TTAB_dilution_6 with target concentration 1.00e+01 mM
2025-11-25 12:35:02,604 - DEBUG - Checking substocks for NaDC
2025-11-25 12:35:02,604 - DEBUG - NaDC achievable concentrations: ['1.00e-02', '3.16e-02', '1.00e-01', '3.16e-01', '1.00e+00', '3.16e+00', '1.00e+01'] mM
2025-11-25 12:35:02,604 - DEBUG - Creating NaDC_dilution_0: 1250.0x dilution from NaDC_stock
2025-11-25 12:35:02,604 - DEBUG - Volumes - stock: 0.005mL, water: 5.995mL
2025-11-25 12:35:02,604 - DEBUG - Successfully created NaDC_dilution_0 with target concentration 1.00e-02 mM
2025-11-25 12:35:02,604 - DEBUG - Creating NaDC_dilution_1: 395.3x dilution from NaDC_stock
2025-11-25 12:35:02,604 - DEBUG - Volumes - stock: 0.015mL, water: 5.985mL
2025-11-25 12:35:02,604 - DEBUG - Successfully created NaDC_dilution_1 with target concentration 3.16e-02 mM
2025-11-25 12:35:02,604 - DEBUG - Creating NaDC_dilution_2: 125.0x dilution from NaDC_stock
2025-11-25 12:35:02,605 - DEBUG - Volumes - stock: 0.048mL, water: 5.952mL
2025-11-25 12:35:02,605 - DEBUG - Successfully created NaDC_dilution_2 with target concentration 1.00e-01 mM
2025-11-25 12:35:02,605 - DEBUG - Creating NaDC_dilution_3: 39.5x dilution from NaDC_stock
2025-11-25 12:35:02,605 - DEBUG - Volumes - stock: 0.152mL, water: 5.848mL
2025-11-25 12:35:02,605 - DEBUG - Successfully created NaDC_dilution_3 with target concentration 3.16e-01 mM
2025-11-25 12:35:02,605 - DEBUG - Creating NaDC_dilution_4: 12.5x dilution from NaDC_stock
2025-11-25 12:35:02,605 - DEBUG - Volumes - stock: 0.480mL, water: 5.520mL
2025-11-25 12:35:02,605 - DEBUG - Successfully created NaDC_dilution_4 with target concentration 1.00e+00 mM
2025-11-25 12:35:02,605 - DEBUG - Creating NaDC_dilution_5: 4.0x dilution from NaDC_stock
2025-11-25 12:35:02,605 - DEBUG - Volumes - stock: 1.518mL, water: 4.482mL
2025-11-25 12:35:02,607 - DEBUG - Successfully created NaDC_dilution_5 with target concentration 3.16e+00 mM
2025-11-25 12:35:02,607 - DEBUG - Creating NaDC_dilution_6: 1.2x dilution from NaDC_stock
2025-11-25 12:35:02,607 - DEBUG - Volumes - stock: 4.800mL, water: 1.200mL
2025-11-25 12:35:02,607 - DEBUG - Successfully created NaDC_dilution_6 with target concentration 1.00e+01 mM
2025-11-25 12:35:02,607 - INFO - Starting grid pipetting with interval measurements
2025-11-25 12:35:02,607 - INFO - Starting grid pipetting: 7x7 grid with 1 replicates each
2025-11-25 12:35:02,612 - DEBUG - Using calibrated aspirate_speed=8 for water at 0.100mL
2025-11-25 12:35:02,612 - DEBUG - Using calibrated dispense_speed=14 for water at 0.100mL
2025-11-25 12:35:02,612 - DEBUG - Using calibrated aspirate_wait_time=0.0 for water at 0.100mL
2025-11-25 12:35:02,612 - DEBUG - Using calibrated dispense_wait_time=3.5437186 for water at 0.100mL
2025-11-25 12:35:02,612 - DEBUG - Using calibrated retract_speed=10 for water at 0.100mL
2025-11-25 12:35:02,612 - DEBUG - Using calibrated blowout_vol=0.016158898 for water at 0.100mL
2025-11-25 12:35:02,612 - DEBUG - Using calibrated post_asp_air_vol=0.010581106 for water at 0.100mL
2025-11-25 12:35:02,612 - DEBUG - Using calibrated overaspirate_vol=0.003481365000000007 for water at 0.100mL
2025-11-25 12:35:02,613 - DEBUG - Vial move required for pipetting
2025-11-25 12:35:02,613 - INFO - Moving vial TTAB_dilution_0 to safe pipetting location
2025-11-25 12:35:02,616 - INFO - Moving vial TTAB_dilution_0 to clamp: 0
2025-11-25 12:35:02,616 - DEBUG - Grabbing vial 24 with index 24
2025-11-25 12:35:02,618 - DEBUG - Dropping off vial 24 at location clamp with index 0
2025-11-25 12:35:02,619 - DEBUG - Vial TTAB_dilution_0 has open cap, skipping uncap operation
2025-11-25 12:35:02,620 - DEBUG - Selected small_tip for volume 0.114 mL
2025-11-25 12:35:02,620 - INFO - Getting small_tip (pipet number 34) from rack: small_tip_rack_2
2025-11-25 12:35:02,625 - ERROR - Cannot aspirate more volume than in vial
2025-11-25 12:35:02,625 - WARNING - SIMULATION MODE: Would pause for error: Cannot aspirate more volume than in vial
2025-11-25 12:35:02,625 - INFO - Pipetting from vial TTAB_dilution_0, amount: 0.100 mL
2025-11-25 12:35:02,625 - INFO - Additional volume from calibration, amount: 0.003 mL
2025-11-25 12:35:02,630 - DEBUG - Adjusting pump 0 speed to 8
2025-11-25 12:35:02,630 - DEBUG - Aspirating 0.103 mL then waiting 0.0 s
2025-11-25 12:35:02,630 - DEBUG - Aspirating 0.011 mL then waiting 0 s
2025-11-25 12:35:02,637 - DEBUG - Using calibrated aspirate_speed=8 for water at 0.100mL
2025-11-25 12:35:02,637 - DEBUG - Using calibrated dispense_speed=14 for water at 0.100mL
2025-11-25 12:35:02,637 - DEBUG - Using calibrated aspirate_wait_time=0.0 for water at 0.100mL
2025-11-25 12:35:02,637 - DEBUG - Using calibrated dispense_wait_time=3.5437186 for water at 0.100mL
2025-11-25 12:35:02,637 - DEBUG - Using calibrated retract_speed=10 for water at 0.100mL
2025-11-25 12:35:02,637 - DEBUG - Using calibrated blowout_vol=0.016158898 for water at 0.100mL
2025-11-25 12:35:02,637 - DEBUG - Using calibrated post_asp_air_vol=0.010581106 for water at 0.100mL
2025-11-25 12:35:02,637 - DEBUG - Using calibrated overaspirate_vol=0.003481365000000007 for water at 0.100mL
2025-11-25 12:35:02,637 - DEBUG - Adjusting pump 0 speed to 14
2025-11-25 12:35:02,637 - INFO - Transferring 0.100 mL into well #0 of 96 WELL PLATE
2025-11-25 12:35:02,638 - DEBUG - Dispensing 0.114 mL then waiting 3.5437186 s
2025-11-25 12:35:02,638 - DEBUG - Blowing out 0.016 mL
2025-11-25 12:35:02,640 - DEBUG - Using calibrated aspirate_speed=8 for water at 0.100mL
2025-11-25 12:35:02,640 - DEBUG - Using calibrated dispense_speed=14 for water at 0.100mL
2025-11-25 12:35:02,640 - DEBUG - Using calibrated aspirate_wait_time=0.0 for water at 0.100mL
2025-11-25 12:35:02,640 - DEBUG - Using calibrated dispense_wait_time=3.5437186 for water at 0.100mL
2025-11-25 12:35:02,640 - DEBUG - Using calibrated retract_speed=10 for water at 0.100mL
2025-11-25 12:35:02,640 - DEBUG - Using calibrated blowout_vol=0.016158898 for water at 0.100mL
2025-11-25 12:35:02,640 - DEBUG - Using calibrated post_asp_air_vol=0.010581106 for water at 0.100mL
2025-11-25 12:35:02,640 - DEBUG - Using calibrated overaspirate_vol=0.003481365000000007 for water at 0.100mL
2025-11-25 12:35:02,640 - DEBUG - Vial move required for pipetting
2025-11-25 12:35:02,640 - INFO - Moving vial TTAB_dilution_0 to safe pipetting location
2025-11-25 12:35:02,646 - INFO - Vial 24 already at clamp index 0, no move needed
2025-11-25 12:35:02,646 - DEBUG - Vial TTAB_dilution_0 has open cap, skipping uncap operation
2025-11-25 12:35:02,646 - DEBUG - Selected small_tip for volume 0.114 mL
2025-11-25 12:35:02,647 - ERROR - Cannot aspirate more volume than in vial
2025-11-25 12:35:02,647 - WARNING - SIMULATION MODE: Would pause for error: Cannot aspirate more volume than in vial
2025-11-25 12:35:02,647 - INFO - Pipetting from vial TTAB_dilution_0, amount: 0.100 mL
2025-11-25 12:35:02,649 - INFO - Additional volume from calibration, amount: 0.003 mL
2025-11-25 12:35:02,651 - DEBUG - Adjusting pump 0 speed to 8
2025-11-25 12:35:02,651 - DEBUG - Aspirating 0.103 mL then waiting 0.0 s
2025-11-25 12:35:02,651 - DEBUG - Aspirating 0.011 mL then waiting 0 s
2025-11-25 12:35:02,656 - DEBUG - Using calibrated aspirate_speed=8 for water at 0.100mL
2025-11-25 12:35:02,656 - DEBUG - Using calibrated dispense_speed=14 for water at 0.100mL
2025-11-25 12:35:02,656 - DEBUG - Using calibrated aspirate_wait_time=0.0 for water at 0.100mL
2025-11-25 12:35:02,656 - DEBUG - Using calibrated dispense_wait_time=3.5437186 for water at 0.100mL
2025-11-25 12:35:02,656 - DEBUG - Using calibrated retract_speed=10 for water at 0.100mL
2025-11-25 12:35:02,656 - DEBUG - Using calibrated blowout_vol=0.016158898 for water at 0.100mL
2025-11-25 12:35:02,656 - DEBUG - Using calibrated post_asp_air_vol=0.010581106 for water at 0.100mL
2025-11-25 12:35:02,656 - DEBUG - Using calibrated overaspirate_vol=0.003481365000000007 for water at 0.100mL
2025-11-25 12:35:02,658 - DEBUG - Adjusting pump 0 speed to 14
2025-11-25 12:35:02,658 - INFO - Transferring 0.100 mL into well #1 of 96 WELL PLATE
2025-11-25 12:35:02,658 - DEBUG - Dispensing 0.114 mL then waiting 3.5437186 s
2025-11-25 12:35:02,658 - DEBUG - Blowing out 0.016 mL
2025-11-25 12:35:02,663 - DEBUG - Using calibrated aspirate_speed=8 for water at 0.100mL
2025-11-25 12:35:02,663 - DEBUG - Using calibrated dispense_speed=14 for water at 0.100mL
2025-11-25 12:35:02,663 - DEBUG - Using calibrated aspirate_wait_time=0.0 for water at 0.100mL
2025-11-25 12:35:02,663 - DEBUG - Using calibrated dispense_wait_time=3.5437186 for water at 0.100mL
2025-11-25 12:35:02,663 - DEBUG - Using calibrated retract_speed=10 for water at 0.100mL
2025-11-25 12:35:02,663 - DEBUG - Using calibrated blowout_vol=0.016158898 for water at 0.100mL
2025-11-25 12:35:02,663 - DEBUG - Using calibrated post_asp_air_vol=0.010581106 for water at 0.100mL
2025-11-25 12:35:02,663 - DEBUG - Using calibrated overaspirate_vol=0.003481365000000007 for water at 0.100mL
2025-11-25 12:35:02,664 - DEBUG - Vial move required for pipetting
2025-11-25 12:35:02,665 - INFO - Moving vial TTAB_dilution_0 to safe pipetting location
2025-11-25 12:35:02,670 - INFO - Vial 24 already at clamp index 0, no move needed
2025-11-25 12:35:02,670 - DEBUG - Vial TTAB_dilution_0 has open cap, skipping uncap operation
2025-11-25 12:35:02,672 - DEBUG - Selected small_tip for volume 0.114 mL
2025-11-25 12:35:02,672 - ERROR - Cannot aspirate more volume than in vial
2025-11-25 12:35:02,672 - WARNING - SIMULATION MODE: Would pause for error: Cannot aspirate more volume than in vial
2025-11-25 12:35:02,673 - INFO - Pipetting from vial TTAB_dilution_0, amount: 0.100 mL
2025-11-25 12:35:02,673 - INFO - Additional volume from calibration, amount: 0.003 mL
2025-11-25 12:35:02,676 - DEBUG - Adjusting pump 0 speed to 8
2025-11-25 12:35:02,676 - DEBUG - Aspirating 0.103 mL then waiting 0.0 s
2025-11-25 12:35:02,676 - DEBUG - Aspirating 0.011 mL then waiting 0 s
2025-11-25 12:35:02,681 - DEBUG - Using calibrated aspirate_speed=8 for water at 0.100mL
2025-11-25 12:35:02,681 - DEBUG - Using calibrated dispense_speed=14 for water at 0.100mL
2025-11-25 12:35:02,681 - DEBUG - Using calibrated aspirate_wait_time=0.0 for water at 0.100mL
2025-11-25 12:35:02,681 - DEBUG - Using calibrated dispense_wait_time=3.5437186 for water at 0.100mL
2025-11-25 12:35:02,681 - DEBUG - Using calibrated retract_speed=10 for water at 0.100mL
2025-11-25 12:35:02,681 - DEBUG - Using calibrated blowout_vol=0.016158898 for water at 0.100mL
2025-11-25 12:35:02,681 - DEBUG - Using calibrated post_asp_air_vol=0.010581106 for water at 0.100mL
2025-11-25 12:35:02,681 - DEBUG - Using calibrated overaspirate_vol=0.003481365000000007 for water at 0.100mL
2025-11-25 12:35:02,681 - DEBUG - Adjusting pump 0 speed to 14
2025-11-25 12:35:02,681 - INFO - Transferring 0.100 mL into well #2 of 96 WELL PLATE
2025-11-25 12:35:02,683 - DEBUG - Dispensing 0.114 mL then waiting 3.5437186 s
2025-11-25 12:35:02,683 - DEBUG - Blowing out 0.016 mL
2025-11-25 12:35:02,689 - DEBUG - Using calibrated aspirate_speed=8 for water at 0.100mL
2025-11-25 12:35:02,689 - DEBUG - Using calibrated dispense_speed=14 for water at 0.100mL
2025-11-25 12:35:02,689 - DEBUG - Using calibrated aspirate_wait_time=0.0 for water at 0.100mL
2025-11-25 12:35:02,689 - DEBUG - Using calibrated dispense_wait_time=3.5437186 for water at 0.100mL
2025-11-25 12:35:02,689 - DEBUG - Using calibrated retract_speed=10 for water at 0.100mL
2025-11-25 12:35:02,689 - DEBUG - Using calibrated blowout_vol=0.016158898 for water at 0.100mL
2025-11-25 12:35:02,689 - DEBUG - Using calibrated post_asp_air_vol=0.010581106 for water at 0.100mL
2025-11-25 12:35:02,689 - DEBUG - Using calibrated overaspirate_vol=0.003481365000000007 for water at 0.100mL
2025-11-25 12:35:02,690 - DEBUG - Vial move required for pipetting
2025-11-25 12:35:02,691 - INFO - Moving vial TTAB_dilution_0 to safe pipetting location
2025-11-25 12:35:02,693 - INFO - Vial 24 already at clamp index 0, no move needed
2025-11-25 12:35:02,693 - DEBUG - Vial TTAB_dilution_0 has open cap, skipping uncap operation
2025-11-25 12:35:02,693 - DEBUG - Selected small_tip for volume 0.114 mL
2025-11-25 12:35:02,694 - ERROR - Cannot aspirate more volume than in vial
2025-11-25 12:35:02,695 - WARNING - SIMULATION MODE: Would pause for error: Cannot aspirate more volume than in vial
2025-11-25 12:35:02,695 - INFO - Pipetting from vial TTAB_dilution_0, amount: 0.100 mL
2025-11-25 12:35:02,695 - INFO - Additional volume from calibration, amount: 0.003 mL
2025-11-25 12:35:02,698 - DEBUG - Adjusting pump 0 speed to 8
2025-11-25 12:35:02,698 - DEBUG - Aspirating 0.103 mL then waiting 0.0 s
2025-11-25 12:35:02,698 - DEBUG - Aspirating 0.011 mL then waiting 0 s
2025-11-25 12:35:02,702 - DEBUG - Using calibrated aspirate_speed=8 for water at 0.100mL
2025-11-25 12:35:02,702 - DEBUG - Using calibrated dispense_speed=14 for water at 0.100mL
2025-11-25 12:35:02,702 - DEBUG - Using calibrated aspirate_wait_time=0.0 for water at 0.100mL
2025-11-25 12:35:02,702 - DEBUG - Using calibrated dispense_wait_time=3.5437186 for water at 0.100mL
2025-11-25 12:35:02,702 - DEBUG - Using calibrated retract_speed=10 for water at 0.100mL
2025-11-25 12:35:02,702 - DEBUG - Using calibrated blowout_vol=0.016158898 for water at 0.100mL
2025-11-25 12:35:02,702 - DEBUG - Using calibrated post_asp_air_vol=0.010581106 for water at 0.100mL
2025-11-25 12:35:02,702 - DEBUG - Using calibrated overaspirate_vol=0.003481365000000007 for water at 0.100mL
2025-11-25 12:35:02,702 - DEBUG - Adjusting pump 0 speed to 14
2025-11-25 12:35:02,702 - INFO - Transferring 0.100 mL into well #3 of 96 WELL PLATE
2025-11-25 12:35:02,702 - DEBUG - Dispensing 0.114 mL then waiting 3.5437186 s
2025-11-25 12:35:02,702 - DEBUG - Blowing out 0.016 mL
2025-11-25 12:35:02,711 - DEBUG - Using calibrated aspirate_speed=8 for water at 0.100mL
2025-11-25 12:35:02,711 - DEBUG - Using calibrated dispense_speed=14 for water at 0.100mL
2025-11-25 12:35:02,711 - DEBUG - Using calibrated aspirate_wait_time=0.0 for water at 0.100mL
2025-11-25 12:35:02,711 - DEBUG - Using calibrated dispense_wait_time=3.5437186 for water at 0.100mL
2025-11-25 12:35:02,711 - DEBUG - Using calibrated retract_speed=10 for water at 0.100mL
2025-11-25 12:35:02,711 - DEBUG - Using calibrated blowout_vol=0.016158898 for water at 0.100mL
2025-11-25 12:35:02,711 - DEBUG - Using calibrated post_asp_air_vol=0.010581106 for water at 0.100mL
2025-11-25 12:35:02,711 - DEBUG - Using calibrated overaspirate_vol=0.003481365000000007 for water at 0.100mL
2025-11-25 12:35:02,711 - DEBUG - Vial move required for pipetting
2025-11-25 12:35:02,712 - INFO - Moving vial TTAB_dilution_0 to safe pipetting location
2025-11-25 12:35:02,715 - INFO - Vial 24 already at clamp index 0, no move needed
2025-11-25 12:35:02,715 - DEBUG - Vial TTAB_dilution_0 has open cap, skipping uncap operation
2025-11-25 12:35:02,715 - DEBUG - Selected small_tip for volume 0.114 mL
2025-11-25 12:35:02,716 - ERROR - Cannot aspirate more volume than in vial
2025-11-25 12:35:02,716 - WARNING - SIMULATION MODE: Would pause for error: Cannot aspirate more volume than in vial
2025-11-25 12:35:02,717 - INFO - Pipetting from vial TTAB_dilution_0, amount: 0.100 mL
2025-11-25 12:35:02,717 - INFO - Additional volume from calibration, amount: 0.003 mL
2025-11-25 12:35:02,719 - DEBUG - Adjusting pump 0 speed to 8
2025-11-25 12:35:02,719 - DEBUG - Aspirating 0.103 mL then waiting 0.0 s
2025-11-25 12:35:02,719 - DEBUG - Aspirating 0.011 mL then waiting 0 s
2025-11-25 12:35:02,719 - DEBUG - Using calibrated aspirate_speed=8 for water at 0.100mL
2025-11-25 12:35:02,719 - DEBUG - Using calibrated dispense_speed=14 for water at 0.100mL
2025-11-25 12:35:02,719 - DEBUG - Using calibrated aspirate_wait_time=0.0 for water at 0.100mL
2025-11-25 12:35:02,719 - DEBUG - Using calibrated dispense_wait_time=3.5437186 for water at 0.100mL
2025-11-25 12:35:02,719 - DEBUG - Using calibrated retract_speed=10 for water at 0.100mL
2025-11-25 12:35:02,719 - DEBUG - Using calibrated blowout_vol=0.016158898 for water at 0.100mL
2025-11-25 12:35:02,719 - DEBUG - Using calibrated post_asp_air_vol=0.010581106 for water at 0.100mL
2025-11-25 12:35:02,719 - DEBUG - Using calibrated overaspirate_vol=0.003481365000000007 for water at 0.100mL
2025-11-25 12:35:02,719 - DEBUG - Adjusting pump 0 speed to 14
2025-11-25 12:35:02,719 - INFO - Transferring 0.100 mL into well #4 of 96 WELL PLATE
2025-11-25 12:35:02,719 - DEBUG - Dispensing 0.114 mL then waiting 3.5437186 s
2025-11-25 12:35:02,719 - DEBUG - Blowing out 0.016 mL
2025-11-25 12:35:02,731 - DEBUG - Using calibrated aspirate_speed=8 for water at 0.100mL
2025-11-25 12:35:02,731 - DEBUG - Using calibrated dispense_speed=14 for water at 0.100mL
2025-11-25 12:35:02,731 - DEBUG - Using calibrated aspirate_wait_time=0.0 for water at 0.100mL
2025-11-25 12:35:02,731 - DEBUG - Using calibrated dispense_wait_time=3.5437186 for water at 0.100mL
2025-11-25 12:35:02,731 - DEBUG - Using calibrated retract_speed=10 for water at 0.100mL
2025-11-25 12:35:02,732 - DEBUG - Using calibrated blowout_vol=0.016158898 for water at 0.100mL
2025-11-25 12:35:02,732 - DEBUG - Using calibrated post_asp_air_vol=0.010581106 for water at 0.100mL
2025-11-25 12:35:02,732 - DEBUG - Using calibrated overaspirate_vol=0.003481365000000007 for water at 0.100mL
2025-11-25 12:35:02,733 - DEBUG - Vial move required for pipetting
2025-11-25 12:35:02,733 - INFO - Moving vial TTAB_dilution_0 to safe pipetting location
2025-11-25 12:35:02,736 - INFO - Vial 24 already at clamp index 0, no move needed
2025-11-25 12:35:02,736 - DEBUG - Vial TTAB_dilution_0 has open cap, skipping uncap operation
2025-11-25 12:35:02,736 - DEBUG - Selected small_tip for volume 0.114 mL
2025-11-25 12:35:02,738 - ERROR - Cannot aspirate more volume than in vial
2025-11-25 12:35:02,738 - WARNING - SIMULATION MODE: Would pause for error: Cannot aspirate more volume than in vial
2025-11-25 12:35:02,739 - INFO - Pipetting from vial TTAB_dilution_0, amount: 0.100 mL
2025-11-25 12:35:02,739 - INFO - Additional volume from calibration, amount: 0.003 mL
2025-11-25 12:35:02,740 - DEBUG - Adjusting pump 0 speed to 8
2025-11-25 12:35:02,740 - DEBUG - Aspirating 0.103 mL then waiting 0.0 s
2025-11-25 12:35:02,741 - DEBUG - Aspirating 0.011 mL then waiting 0 s
2025-11-25 12:35:02,743 - DEBUG - Using calibrated aspirate_speed=8 for water at 0.100mL
2025-11-25 12:35:02,743 - DEBUG - Using calibrated dispense_speed=14 for water at 0.100mL
2025-11-25 12:35:02,743 - DEBUG - Using calibrated aspirate_wait_time=0.0 for water at 0.100mL
2025-11-25 12:35:02,743 - DEBUG - Using calibrated dispense_wait_time=3.5437186 for water at 0.100mL
2025-11-25 12:35:02,743 - DEBUG - Using calibrated retract_speed=10 for water at 0.100mL
2025-11-25 12:35:02,743 - DEBUG - Using calibrated blowout_vol=0.016158898 for water at 0.100mL
2025-11-25 12:35:02,743 - DEBUG - Using calibrated post_asp_air_vol=0.010581106 for water at 0.100mL
2025-11-25 12:35:02,743 - DEBUG - Using calibrated overaspirate_vol=0.003481365000000007 for water at 0.100mL
2025-11-25 12:35:02,743 - DEBUG - Adjusting pump 0 speed to 14
2025-11-25 12:35:02,743 - INFO - Transferring 0.100 mL into well #5 of 96 WELL PLATE
2025-11-25 12:35:02,743 - DEBUG - Dispensing 0.114 mL then waiting 3.5437186 s
2025-11-25 12:35:02,743 - DEBUG - Blowing out 0.016 mL
2025-11-25 12:35:02,754 - DEBUG - Using calibrated aspirate_speed=8 for water at 0.100mL
2025-11-25 12:35:02,755 - DEBUG - Using calibrated dispense_speed=14 for water at 0.100mL
2025-11-25 12:35:02,755 - DEBUG - Using calibrated aspirate_wait_time=0.0 for water at 0.100mL
2025-11-25 12:35:02,755 - DEBUG - Using calibrated dispense_wait_time=3.5437186 for water at 0.100mL
2025-11-25 12:35:02,755 - DEBUG - Using calibrated retract_speed=10 for water at 0.100mL
2025-11-25 12:35:02,755 - DEBUG - Using calibrated blowout_vol=0.016158898 for water at 0.100mL
2025-11-25 12:35:02,755 - DEBUG - Using calibrated post_asp_air_vol=0.010581106 for water at 0.100mL
2025-11-25 12:35:02,755 - DEBUG - Using calibrated overaspirate_vol=0.003481365000000007 for water at 0.100mL
2025-11-25 12:35:02,756 - DEBUG - Vial move required for pipetting
2025-11-25 12:35:02,756 - INFO - Moving vial TTAB_dilution_0 to safe pipetting location
2025-11-25 12:35:02,759 - INFO - Vial 24 already at clamp index 0, no move needed
2025-11-25 12:35:02,759 - DEBUG - Vial TTAB_dilution_0 has open cap, skipping uncap operation
2025-11-25 12:35:02,759 - DEBUG - Selected small_tip for volume 0.114 mL
2025-11-25 12:35:02,760 - ERROR - Cannot aspirate more volume than in vial
2025-11-25 12:35:02,760 - WARNING - SIMULATION MODE: Would pause for error: Cannot aspirate more volume than in vial
2025-11-25 12:35:02,762 - INFO - Pipetting from vial TTAB_dilution_0, amount: 0.100 mL
2025-11-25 12:35:02,762 - INFO - Additional volume from calibration, amount: 0.003 mL
2025-11-25 12:35:02,763 - DEBUG - Adjusting pump 0 speed to 8
2025-11-25 12:35:02,763 - DEBUG - Aspirating 0.103 mL then waiting 0.0 s
2025-11-25 12:35:02,763 - DEBUG - Aspirating 0.011 mL then waiting 0 s
2025-11-25 12:35:02,770 - DEBUG - Using calibrated aspirate_speed=8 for water at 0.100mL
2025-11-25 12:35:02,770 - DEBUG - Using calibrated dispense_speed=14 for water at 0.100mL
2025-11-25 12:35:02,770 - DEBUG - Using calibrated aspirate_wait_time=0.0 for water at 0.100mL
2025-11-25 12:35:02,770 - DEBUG - Using calibrated dispense_wait_time=3.5437186 for water at 0.100mL
2025-11-25 12:35:02,770 - DEBUG - Using calibrated retract_speed=10 for water at 0.100mL
2025-11-25 12:35:02,770 - DEBUG - Using calibrated blowout_vol=0.016158898 for water at 0.100mL
2025-11-25 12:35:02,770 - DEBUG - Using calibrated post_asp_air_vol=0.010581106 for water at 0.100mL
2025-11-25 12:35:02,770 - DEBUG - Using calibrated overaspirate_vol=0.003481365000000007 for water at 0.100mL
2025-11-25 12:35:02,770 - DEBUG - Adjusting pump 0 speed to 14
2025-11-25 12:35:02,770 - INFO - Transferring 0.100 mL into well #6 of 96 WELL PLATE
2025-11-25 12:35:02,770 - DEBUG - Dispensing 0.114 mL then waiting 3.5437186 s
2025-11-25 12:35:02,771 - DEBUG - Blowing out 0.016 mL
2025-11-25 12:35:02,771 - INFO - Removing pipet
2025-11-25 12:35:02,773 - INFO - Returning vial TTAB_dilution_0 to home location: main_8mL_rack index 24
2025-11-25 12:35:02,775 - INFO - Moving vial TTAB_dilution_0 to main_8mL_rack: 24
2025-11-25 12:35:02,775 - DEBUG - Grabbing vial 24 with index 24
2025-11-25 12:35:02,776 - DEBUG - Dropping off vial 24 at location main_8mL_rack with index 24
2025-11-25 12:35:02,783 - DEBUG - Using calibrated aspirate_speed=8 for water at 0.100mL
2025-11-25 12:35:02,783 - DEBUG - Using calibrated dispense_speed=14 for water at 0.100mL
2025-11-25 12:35:02,783 - DEBUG - Using calibrated aspirate_wait_time=0.0 for water at 0.100mL
2025-11-25 12:35:02,783 - DEBUG - Using calibrated dispense_wait_time=3.5437186 for water at 0.100mL
2025-11-25 12:35:02,783 - DEBUG - Using calibrated retract_speed=10 for water at 0.100mL
2025-11-25 12:35:02,783 - DEBUG - Using calibrated blowout_vol=0.016158898 for water at 0.100mL
2025-11-25 12:35:02,783 - DEBUG - Using calibrated post_asp_air_vol=0.010581106 for water at 0.100mL
2025-11-25 12:35:02,783 - DEBUG - Using calibrated overaspirate_vol=0.003481365000000007 for water at 0.100mL
2025-11-25 12:35:02,784 - DEBUG - Vial move required for pipetting
2025-11-25 12:35:02,784 - INFO - Moving vial TTAB_dilution_1 to safe pipetting location
2025-11-25 12:35:02,784 - INFO - Moving vial TTAB_dilution_1 to clamp: 0
2025-11-25 12:35:02,784 - DEBUG - Grabbing vial 25 with index 25
2025-11-25 12:35:02,784 - DEBUG - Dropping off vial 25 at location clamp with index 0
2025-11-25 12:35:02,788 - DEBUG - Vial TTAB_dilution_1 has open cap, skipping uncap operation
2025-11-25 12:35:02,788 - DEBUG - Selected small_tip for volume 0.114 mL
2025-11-25 12:35:02,788 - INFO - Getting small_tip (pipet number 35) from rack: small_tip_rack_2
2025-11-25 12:35:02,788 - ERROR - Cannot aspirate more volume than in vial
2025-11-25 12:35:02,788 - WARNING - SIMULATION MODE: Would pause for error: Cannot aspirate more volume than in vial
2025-11-25 12:35:02,788 - INFO - Pipetting from vial TTAB_dilution_1, amount: 0.100 mL
2025-11-25 12:35:02,788 - INFO - Additional volume from calibration, amount: 0.003 mL
2025-11-25 12:35:02,792 - DEBUG - Adjusting pump 0 speed to 8
2025-11-25 12:35:02,792 - DEBUG - Aspirating 0.103 mL then waiting 0.0 s
2025-11-25 12:35:02,792 - DEBUG - Aspirating 0.011 mL then waiting 0 s
2025-11-25 12:35:02,796 - DEBUG - Using calibrated aspirate_speed=8 for water at 0.100mL
2025-11-25 12:35:02,797 - DEBUG - Using calibrated dispense_speed=14 for water at 0.100mL
2025-11-25 12:35:02,797 - DEBUG - Using calibrated aspirate_wait_time=0.0 for water at 0.100mL
2025-11-25 12:35:02,797 - DEBUG - Using calibrated dispense_wait_time=3.5437186 for water at 0.100mL
2025-11-25 12:35:02,797 - DEBUG - Using calibrated retract_speed=10 for water at 0.100mL
2025-11-25 12:35:02,797 - DEBUG - Using calibrated blowout_vol=0.016158898 for water at 0.100mL
2025-11-25 12:35:02,797 - DEBUG - Using calibrated post_asp_air_vol=0.010581106 for water at 0.100mL
2025-11-25 12:35:02,797 - DEBUG - Using calibrated overaspirate_vol=0.003481365000000007 for water at 0.100mL
2025-11-25 12:35:02,797 - DEBUG - Adjusting pump 0 speed to 14
2025-11-25 12:35:02,797 - INFO - Transferring 0.100 mL into well #7 of 96 WELL PLATE
2025-11-25 12:35:02,797 - DEBUG - Dispensing 0.114 mL then waiting 3.5437186 s
2025-11-25 12:35:02,797 - DEBUG - Blowing out 0.016 mL
2025-11-25 12:35:02,804 - DEBUG - Using calibrated aspirate_speed=8 for water at 0.100mL
2025-11-25 12:35:02,804 - DEBUG - Using calibrated dispense_speed=14 for water at 0.100mL
2025-11-25 12:35:02,804 - DEBUG - Using calibrated aspirate_wait_time=0.0 for water at 0.100mL
2025-11-25 12:35:02,804 - DEBUG - Using calibrated dispense_wait_time=3.5437186 for water at 0.100mL
2025-11-25 12:35:02,804 - DEBUG - Using calibrated retract_speed=10 for water at 0.100mL
2025-11-25 12:35:02,804 - DEBUG - Using calibrated blowout_vol=0.016158898 for water at 0.100mL
2025-11-25 12:35:02,804 - DEBUG - Using calibrated post_asp_air_vol=0.010581106 for water at 0.100mL
2025-11-25 12:35:02,804 - DEBUG - Using calibrated overaspirate_vol=0.003481365000000007 for water at 0.100mL
2025-11-25 12:35:02,805 - DEBUG - Vial move required for pipetting
2025-11-25 12:35:02,805 - INFO - Moving vial TTAB_dilution_1 to safe pipetting location
2025-11-25 12:35:02,807 - INFO - Vial 25 already at clamp index 0, no move needed
2025-11-25 12:35:02,808 - DEBUG - Vial TTAB_dilution_1 has open cap, skipping uncap operation
2025-11-25 12:35:02,808 - DEBUG - Selected small_tip for volume 0.114 mL
2025-11-25 12:35:02,810 - ERROR - Cannot aspirate more volume than in vial
2025-11-25 12:35:02,810 - WARNING - SIMULATION MODE: Would pause for error: Cannot aspirate more volume than in vial
2025-11-25 12:35:02,811 - INFO - Pipetting from vial TTAB_dilution_1, amount: 0.100 mL
2025-11-25 12:35:02,811 - INFO - Additional volume from calibration, amount: 0.003 mL
2025-11-25 12:35:02,813 - DEBUG - Adjusting pump 0 speed to 8
2025-11-25 12:35:02,813 - DEBUG - Aspirating 0.103 mL then waiting 0.0 s
2025-11-25 12:35:02,813 - DEBUG - Aspirating 0.011 mL then waiting 0 s
2025-11-25 12:35:02,820 - DEBUG - Using calibrated aspirate_speed=8 for water at 0.100mL
2025-11-25 12:35:02,820 - DEBUG - Using calibrated dispense_speed=14 for water at 0.100mL
2025-11-25 12:35:02,820 - DEBUG - Using calibrated aspirate_wait_time=0.0 for water at 0.100mL
2025-11-25 12:35:02,820 - DEBUG - Using calibrated dispense_wait_time=3.5437186 for water at 0.100mL
2025-11-25 12:35:02,820 - DEBUG - Using calibrated retract_speed=10 for water at 0.100mL
2025-11-25 12:35:02,820 - DEBUG - Using calibrated blowout_vol=0.016158898 for water at 0.100mL
2025-11-25 12:35:02,820 - DEBUG - Using calibrated post_asp_air_vol=0.010581106 for water at 0.100mL
2025-11-25 12:35:02,820 - DEBUG - Using calibrated overaspirate_vol=0.003481365000000007 for water at 0.100mL
2025-11-25 12:35:02,820 - DEBUG - Adjusting pump 0 speed to 14
2025-11-25 12:35:02,820 - INFO - Transferring 0.100 mL into well #8 of 96 WELL PLATE
2025-11-25 12:35:02,820 - DEBUG - Dispensing 0.114 mL then waiting 3.5437186 s
2025-11-25 12:35:02,820 - DEBUG - Blowing out 0.016 mL
2025-11-25 12:35:02,823 - DEBUG - Using calibrated aspirate_speed=8 for water at 0.100mL
2025-11-25 12:35:02,823 - DEBUG - Using calibrated dispense_speed=14 for water at 0.100mL
2025-11-25 12:35:02,823 - DEBUG - Using calibrated aspirate_wait_time=0.0 for water at 0.100mL
2025-11-25 12:35:02,823 - DEBUG - Using calibrated dispense_wait_time=3.5437186 for water at 0.100mL
2025-11-25 12:35:02,823 - DEBUG - Using calibrated retract_speed=10 for water at 0.100mL
2025-11-25 12:35:02,823 - DEBUG - Using calibrated blowout_vol=0.016158898 for water at 0.100mL
2025-11-25 12:35:02,823 - DEBUG - Using calibrated post_asp_air_vol=0.010581106 for water at 0.100mL
2025-11-25 12:35:02,823 - DEBUG - Using calibrated overaspirate_vol=0.003481365000000007 for water at 0.100mL
2025-11-25 12:35:02,823 - DEBUG - Vial move required for pipetting
2025-11-25 12:35:02,823 - INFO - Moving vial TTAB_dilution_1 to safe pipetting location
2025-11-25 12:35:02,828 - INFO - Vial 25 already at clamp index 0, no move needed
2025-11-25 12:35:02,829 - DEBUG - Vial TTAB_dilution_1 has open cap, skipping uncap operation
2025-11-25 12:35:02,829 - DEBUG - Selected small_tip for volume 0.114 mL
2025-11-25 12:35:02,829 - ERROR - Cannot aspirate more volume than in vial
2025-11-25 12:35:02,830 - WARNING - SIMULATION MODE: Would pause for error: Cannot aspirate more volume than in vial
2025-11-25 12:35:02,830 - INFO - Pipetting from vial TTAB_dilution_1, amount: 0.100 mL
2025-11-25 12:35:02,830 - INFO - Additional volume from calibration, amount: 0.003 mL
2025-11-25 12:35:02,832 - DEBUG - Adjusting pump 0 speed to 8
2025-11-25 12:35:02,832 - DEBUG - Aspirating 0.103 mL then waiting 0.0 s
2025-11-25 12:35:02,832 - DEBUG - Aspirating 0.011 mL then waiting 0 s
2025-11-25 12:35:02,838 - DEBUG - Using calibrated aspirate_speed=8 for water at 0.100mL
2025-11-25 12:35:02,838 - DEBUG - Using calibrated dispense_speed=14 for water at 0.100mL
2025-11-25 12:35:02,838 - DEBUG - Using calibrated aspirate_wait_time=0.0 for water at 0.100mL
2025-11-25 12:35:02,838 - DEBUG - Using calibrated dispense_wait_time=3.5437186 for water at 0.100mL
2025-11-25 12:35:02,838 - DEBUG - Using calibrated retract_speed=10 for water at 0.100mL
2025-11-25 12:35:02,838 - DEBUG - Using calibrated blowout_vol=0.016158898 for water at 0.100mL
2025-11-25 12:35:02,838 - DEBUG - Using calibrated post_asp_air_vol=0.010581106 for water at 0.100mL
2025-11-25 12:35:02,838 - DEBUG - Using calibrated overaspirate_vol=0.003481365000000007 for water at 0.100mL
2025-11-25 12:35:02,838 - DEBUG - Adjusting pump 0 speed to 14
2025-11-25 12:35:02,838 - INFO - Transferring 0.100 mL into well #9 of 96 WELL PLATE
2025-11-25 12:35:02,838 - DEBUG - Dispensing 0.114 mL then waiting 3.5437186 s
2025-11-25 12:35:02,839 - DEBUG - Blowing out 0.016 mL
2025-11-25 12:35:02,841 - DEBUG - Using calibrated aspirate_speed=8 for water at 0.100mL
2025-11-25 12:35:02,841 - DEBUG - Using calibrated dispense_speed=14 for water at 0.100mL
2025-11-25 12:35:02,841 - DEBUG - Using calibrated aspirate_wait_time=0.0 for water at 0.100mL
2025-11-25 12:35:02,841 - DEBUG - Using calibrated dispense_wait_time=3.5437186 for water at 0.100mL
2025-11-25 12:35:02,841 - DEBUG - Using calibrated retract_speed=10 for water at 0.100mL
2025-11-25 12:35:02,841 - DEBUG - Using calibrated blowout_vol=0.016158898 for water at 0.100mL
2025-11-25 12:35:02,841 - DEBUG - Using calibrated post_asp_air_vol=0.010581106 for water at 0.100mL
2025-11-25 12:35:02,841 - DEBUG - Using calibrated overaspirate_vol=0.003481365000000007 for water at 0.100mL
2025-11-25 12:35:02,845 - DEBUG - Vial move required for pipetting
2025-11-25 12:35:02,845 - INFO - Moving vial TTAB_dilution_1 to safe pipetting location
2025-11-25 12:35:02,847 - INFO - Vial 25 already at clamp index 0, no move needed
2025-11-25 12:35:02,848 - DEBUG - Vial TTAB_dilution_1 has open cap, skipping uncap operation
2025-11-25 12:35:02,848 - DEBUG - Selected small_tip for volume 0.114 mL
2025-11-25 12:35:02,850 - ERROR - Cannot aspirate more volume than in vial
2025-11-25 12:35:02,850 - WARNING - SIMULATION MODE: Would pause for error: Cannot aspirate more volume than in vial
2025-11-25 12:35:02,851 - INFO - Pipetting from vial TTAB_dilution_1, amount: 0.100 mL
2025-11-25 12:35:02,851 - INFO - Additional volume from calibration, amount: 0.003 mL
2025-11-25 12:35:02,852 - DEBUG - Adjusting pump 0 speed to 8
2025-11-25 12:35:02,852 - DEBUG - Aspirating 0.103 mL then waiting 0.0 s
2025-11-25 12:35:02,853 - DEBUG - Aspirating 0.011 mL then waiting 0 s
2025-11-25 12:35:02,857 - DEBUG - Using calibrated aspirate_speed=8 for water at 0.100mL
2025-11-25 12:35:02,857 - DEBUG - Using calibrated dispense_speed=14 for water at 0.100mL
2025-11-25 12:35:02,857 - DEBUG - Using calibrated aspirate_wait_time=0.0 for water at 0.100mL
2025-11-25 12:35:02,857 - DEBUG - Using calibrated dispense_wait_time=3.5437186 for water at 0.100mL
2025-11-25 12:35:02,857 - DEBUG - Using calibrated retract_speed=10 for water at 0.100mL
2025-11-25 12:35:02,857 - DEBUG - Using calibrated blowout_vol=0.016158898 for water at 0.100mL
2025-11-25 12:35:02,857 - DEBUG - Using calibrated post_asp_air_vol=0.010581106 for water at 0.100mL
2025-11-25 12:35:02,857 - DEBUG - Using calibrated overaspirate_vol=0.003481365000000007 for water at 0.100mL
2025-11-25 12:35:02,857 - DEBUG - Adjusting pump 0 speed to 14
2025-11-25 12:35:02,858 - INFO - Transferring 0.100 mL into well #10 of 96 WELL PLATE
2025-11-25 12:35:02,858 - DEBUG - Dispensing 0.114 mL then waiting 3.5437186 s
2025-11-25 12:35:02,858 - DEBUG - Blowing out 0.016 mL
2025-11-25 12:35:02,862 - DEBUG - Using calibrated aspirate_speed=8 for water at 0.100mL
2025-11-25 12:35:02,864 - DEBUG - Using calibrated dispense_speed=14 for water at 0.100mL
2025-11-25 12:35:02,864 - DEBUG - Using calibrated aspirate_wait_time=0.0 for water at 0.100mL
2025-11-25 12:35:02,864 - DEBUG - Using calibrated dispense_wait_time=3.5437186 for water at 0.100mL
2025-11-25 12:35:02,864 - DEBUG - Using calibrated retract_speed=10 for water at 0.100mL
2025-11-25 12:35:02,864 - DEBUG - Using calibrated blowout_vol=0.016158898 for water at 0.100mL
2025-11-25 12:35:02,864 - DEBUG - Using calibrated post_asp_air_vol=0.010581106 for water at 0.100mL
2025-11-25 12:35:02,864 - DEBUG - Using calibrated overaspirate_vol=0.003481365000000007 for water at 0.100mL
2025-11-25 12:35:02,865 - DEBUG - Vial move required for pipetting
2025-11-25 12:35:02,866 - INFO - Moving vial TTAB_dilution_1 to safe pipetting location
2025-11-25 12:35:02,867 - INFO - Vial 25 already at clamp index 0, no move needed
2025-11-25 12:35:02,868 - DEBUG - Vial TTAB_dilution_1 has open cap, skipping uncap operation
2025-11-25 12:35:02,868 - DEBUG - Selected small_tip for volume 0.114 mL
2025-11-25 12:35:02,869 - ERROR - Cannot aspirate more volume than in vial
2025-11-25 12:35:02,869 - WARNING - SIMULATION MODE: Would pause for error: Cannot aspirate more volume than in vial
2025-11-25 12:35:02,871 - INFO - Pipetting from vial TTAB_dilution_1, amount: 0.100 mL
2025-11-25 12:35:02,871 - INFO - Additional volume from calibration, amount: 0.003 mL
2025-11-25 12:35:02,872 - DEBUG - Adjusting pump 0 speed to 8
2025-11-25 12:35:02,873 - DEBUG - Aspirating 0.103 mL then waiting 0.0 s
2025-11-25 12:35:02,873 - DEBUG - Aspirating 0.011 mL then waiting 0 s
2025-11-25 12:35:02,877 - DEBUG - Using calibrated aspirate_speed=8 for water at 0.100mL
2025-11-25 12:35:02,877 - DEBUG - Using calibrated dispense_speed=14 for water at 0.100mL
2025-11-25 12:35:02,877 - DEBUG - Using calibrated aspirate_wait_time=0.0 for water at 0.100mL
2025-11-25 12:35:02,877 - DEBUG - Using calibrated dispense_wait_time=3.5437186 for water at 0.100mL
2025-11-25 12:35:02,877 - DEBUG - Using calibrated retract_speed=10 for water at 0.100mL
2025-11-25 12:35:02,877 - DEBUG - Using calibrated blowout_vol=0.016158898 for water at 0.100mL
2025-11-25 12:35:02,877 - DEBUG - Using calibrated post_asp_air_vol=0.010581106 for water at 0.100mL
2025-11-25 12:35:02,877 - DEBUG - Using calibrated overaspirate_vol=0.003481365000000007 for water at 0.100mL
2025-11-25 12:35:02,877 - DEBUG - Adjusting pump 0 speed to 14
2025-11-25 12:35:02,877 - INFO - Transferring 0.100 mL into well #11 of 96 WELL PLATE
2025-11-25 12:35:02,877 - DEBUG - Dispensing 0.114 mL then waiting 3.5437186 s
2025-11-25 12:35:02,877 - DEBUG - Blowing out 0.016 mL
2025-11-25 12:35:02,877 - INFO - Removing pipet
2025-11-25 12:35:02,877 - INFO - Returning vial TTAB_dilution_1 to home location: main_8mL_rack index 25
2025-11-25 12:35:02,881 - INFO - Moving vial TTAB_dilution_1 to main_8mL_rack: 25
2025-11-25 12:35:02,881 - DEBUG - Grabbing vial 25 with index 25
2025-11-25 12:35:02,883 - DEBUG - Dropping off vial 25 at location main_8mL_rack with index 25
2025-11-25 12:35:02,889 - DEBUG - Using calibrated aspirate_speed=8 for water at 0.100mL
2025-11-25 12:35:02,889 - DEBUG - Using calibrated dispense_speed=14 for water at 0.100mL
2025-11-25 12:35:02,889 - DEBUG - Using calibrated aspirate_wait_time=0.0 for water at 0.100mL
2025-11-25 12:35:02,889 - DEBUG - Using calibrated dispense_wait_time=3.5437186 for water at 0.100mL
2025-11-25 12:35:02,889 - DEBUG - Using calibrated retract_speed=10 for water at 0.100mL
2025-11-25 12:35:02,889 - DEBUG - Using calibrated blowout_vol=0.016158898 for water at 0.100mL
2025-11-25 12:35:02,889 - DEBUG - Using calibrated post_asp_air_vol=0.010581106 for water at 0.100mL
2025-11-25 12:35:02,889 - DEBUG - Using calibrated overaspirate_vol=0.003481365000000007 for water at 0.100mL
2025-11-25 12:35:02,890 - DEBUG - Vial move required for pipetting
2025-11-25 12:35:02,890 - INFO - Moving vial NaDC_dilution_0 to safe pipetting location
2025-11-25 12:35:02,892 - INFO - Moving vial NaDC_dilution_0 to clamp: 0
2025-11-25 12:35:02,893 - DEBUG - Grabbing vial 18 with index 18
2025-11-25 12:35:02,894 - DEBUG - Dropping off vial 18 at location clamp with index 0
2025-11-25 12:35:02,895 - DEBUG - Vial NaDC_dilution_0 has open cap, skipping uncap operation
2025-11-25 12:35:02,895 - DEBUG - Selected small_tip for volume 0.114 mL
2025-11-25 12:35:02,895 - INFO - Getting small_tip (pipet number 36) from rack: small_tip_rack_2
2025-11-25 12:35:02,896 - ERROR - Cannot aspirate more volume than in vial
2025-11-25 12:35:02,896 - WARNING - SIMULATION MODE: Would pause for error: Cannot aspirate more volume than in vial
2025-11-25 12:35:02,897 - INFO - Pipetting from vial NaDC_dilution_0, amount: 0.100 mL
2025-11-25 12:35:02,897 - INFO - Additional volume from calibration, amount: 0.003 mL
2025-11-25 12:35:02,900 - DEBUG - Adjusting pump 0 speed to 8
2025-11-25 12:35:02,900 - DEBUG - Aspirating 0.103 mL then waiting 0.0 s
2025-11-25 12:35:02,901 - DEBUG - Aspirating 0.011 mL then waiting 0 s
2025-11-25 12:35:02,906 - DEBUG - Using calibrated aspirate_speed=8 for water at 0.100mL
2025-11-25 12:35:02,906 - DEBUG - Using calibrated dispense_speed=14 for water at 0.100mL
2025-11-25 12:35:02,906 - DEBUG - Using calibrated aspirate_wait_time=0.0 for water at 0.100mL
2025-11-25 12:35:02,906 - DEBUG - Using calibrated dispense_wait_time=3.5437186 for water at 0.100mL
2025-11-25 12:35:02,906 - DEBUG - Using calibrated retract_speed=10 for water at 0.100mL
2025-11-25 12:35:02,906 - DEBUG - Using calibrated blowout_vol=0.016158898 for water at 0.100mL
2025-11-25 12:35:02,906 - DEBUG - Using calibrated post_asp_air_vol=0.010581106 for water at 0.100mL
2025-11-25 12:35:02,906 - DEBUG - Using calibrated overaspirate_vol=0.003481365000000007 for water at 0.100mL
2025-11-25 12:35:02,906 - DEBUG - Adjusting pump 0 speed to 14
2025-11-25 12:35:02,906 - INFO - Transferring 0.100 mL into well #0 of 96 WELL PLATE
2025-11-25 12:35:02,906 - DEBUG - Dispensing 0.114 mL then waiting 3.5437186 s
2025-11-25 12:35:02,906 - DEBUG - Blowing out 0.016 mL
2025-11-25 12:35:02,912 - DEBUG - Using calibrated aspirate_speed=8 for water at 0.100mL
2025-11-25 12:35:02,912 - DEBUG - Using calibrated dispense_speed=14 for water at 0.100mL
2025-11-25 12:35:02,912 - DEBUG - Using calibrated aspirate_wait_time=0.0 for water at 0.100mL
2025-11-25 12:35:02,912 - DEBUG - Using calibrated dispense_wait_time=3.5437186 for water at 0.100mL
2025-11-25 12:35:02,912 - DEBUG - Using calibrated retract_speed=10 for water at 0.100mL
2025-11-25 12:35:02,912 - DEBUG - Using calibrated blowout_vol=0.016158898 for water at 0.100mL
2025-11-25 12:35:02,912 - DEBUG - Using calibrated post_asp_air_vol=0.010581106 for water at 0.100mL
2025-11-25 12:35:02,912 - DEBUG - Using calibrated overaspirate_vol=0.003481365000000007 for water at 0.100mL
2025-11-25 12:35:02,913 - DEBUG - Vial move required for pipetting
2025-11-25 12:35:02,914 - INFO - Moving vial NaDC_dilution_0 to safe pipetting location
2025-11-25 12:35:02,916 - INFO - Vial 18 already at clamp index 0, no move needed
2025-11-25 12:35:02,917 - DEBUG - Vial NaDC_dilution_0 has open cap, skipping uncap operation
2025-11-25 12:35:02,917 - DEBUG - Selected small_tip for volume 0.114 mL
2025-11-25 12:35:02,917 - ERROR - Cannot aspirate more volume than in vial
2025-11-25 12:35:02,917 - WARNING - SIMULATION MODE: Would pause for error: Cannot aspirate more volume than in vial
2025-11-25 12:35:02,917 - INFO - Pipetting from vial NaDC_dilution_0, amount: 0.100 mL
2025-11-25 12:35:02,917 - INFO - Additional volume from calibration, amount: 0.003 mL
2025-11-25 12:35:02,920 - DEBUG - Adjusting pump 0 speed to 8
2025-11-25 12:35:02,920 - DEBUG - Aspirating 0.103 mL then waiting 0.0 s
2025-11-25 12:35:02,920 - DEBUG - Aspirating 0.011 mL then waiting 0 s
2025-11-25 12:35:02,925 - DEBUG - Using calibrated aspirate_speed=8 for water at 0.100mL
2025-11-25 12:35:02,925 - DEBUG - Using calibrated dispense_speed=14 for water at 0.100mL
2025-11-25 12:35:02,925 - DEBUG - Using calibrated aspirate_wait_time=0.0 for water at 0.100mL
2025-11-25 12:35:02,925 - DEBUG - Using calibrated dispense_wait_time=3.5437186 for water at 0.100mL
2025-11-25 12:35:02,925 - DEBUG - Using calibrated retract_speed=10 for water at 0.100mL
2025-11-25 12:35:02,925 - DEBUG - Using calibrated blowout_vol=0.016158898 for water at 0.100mL
2025-11-25 12:35:02,925 - DEBUG - Using calibrated post_asp_air_vol=0.010581106 for water at 0.100mL
2025-11-25 12:35:02,925 - DEBUG - Using calibrated overaspirate_vol=0.003481365000000007 for water at 0.100mL
2025-11-25 12:35:02,925 - DEBUG - Adjusting pump 0 speed to 14
2025-11-25 12:35:02,926 - INFO - Transferring 0.100 mL into well #7 of 96 WELL PLATE
2025-11-25 12:35:02,926 - DEBUG - Dispensing 0.114 mL then waiting 3.5437186 s
2025-11-25 12:35:02,926 - DEBUG - Blowing out 0.016 mL
2025-11-25 12:35:02,926 - INFO - Removing pipet
2025-11-25 12:35:02,927 - INFO - Returning vial NaDC_dilution_0 to home location: main_8mL_rack index 18
2025-11-25 12:35:02,929 - INFO - Moving vial NaDC_dilution_0 to main_8mL_rack: 18
2025-11-25 12:35:02,929 - DEBUG - Grabbing vial 18 with index 18
2025-11-25 12:35:02,929 - DEBUG - Dropping off vial 18 at location main_8mL_rack with index 18
2025-11-25 12:35:02,936 - DEBUG - Using calibrated aspirate_speed=8 for water at 0.100mL
2025-11-25 12:35:02,936 - DEBUG - Using calibrated dispense_speed=14 for water at 0.100mL
2025-11-25 12:35:02,936 - DEBUG - Using calibrated aspirate_wait_time=0.0 for water at 0.100mL
2025-11-25 12:35:02,936 - DEBUG - Using calibrated dispense_wait_time=3.5437186 for water at 0.100mL
2025-11-25 12:35:02,936 - DEBUG - Using calibrated retract_speed=10 for water at 0.100mL
2025-11-25 12:35:02,936 - DEBUG - Using calibrated blowout_vol=0.016158898 for water at 0.100mL
2025-11-25 12:35:02,936 - DEBUG - Using calibrated post_asp_air_vol=0.010581106 for water at 0.100mL
2025-11-25 12:35:02,937 - DEBUG - Using calibrated overaspirate_vol=0.003481365000000007 for water at 0.100mL
2025-11-25 12:35:02,937 - DEBUG - Vial move required for pipetting
2025-11-25 12:35:02,937 - INFO - Moving vial NaDC_dilution_1 to safe pipetting location
2025-11-25 12:35:02,939 - INFO - Moving vial NaDC_dilution_1 to clamp: 0
2025-11-25 12:35:02,939 - DEBUG - Grabbing vial 19 with index 19
2025-11-25 12:35:02,940 - DEBUG - Dropping off vial 19 at location clamp with index 0
2025-11-25 12:35:02,940 - DEBUG - Vial NaDC_dilution_1 has open cap, skipping uncap operation
2025-11-25 12:35:02,940 - DEBUG - Selected small_tip for volume 0.114 mL
2025-11-25 12:35:02,940 - INFO - Getting small_tip (pipet number 37) from rack: small_tip_rack_2
2025-11-25 12:35:02,940 - ERROR - Cannot aspirate more volume than in vial
2025-11-25 12:35:02,940 - WARNING - SIMULATION MODE: Would pause for error: Cannot aspirate more volume than in vial
2025-11-25 12:35:02,940 - INFO - Pipetting from vial NaDC_dilution_1, amount: 0.100 mL
2025-11-25 12:35:02,940 - INFO - Additional volume from calibration, amount: 0.003 mL
2025-11-25 12:35:02,946 - DEBUG - Adjusting pump 0 speed to 8
2025-11-25 12:35:02,946 - DEBUG - Aspirating 0.103 mL then waiting 0.0 s
2025-11-25 12:35:02,946 - DEBUG - Aspirating 0.011 mL then waiting 0 s
2025-11-25 12:35:02,951 - DEBUG - Using calibrated aspirate_speed=8 for water at 0.100mL
2025-11-25 12:35:02,951 - DEBUG - Using calibrated dispense_speed=14 for water at 0.100mL
2025-11-25 12:35:02,951 - DEBUG - Using calibrated aspirate_wait_time=0.0 for water at 0.100mL
2025-11-25 12:35:02,951 - DEBUG - Using calibrated dispense_wait_time=3.5437186 for water at 0.100mL
2025-11-25 12:35:02,951 - DEBUG - Using calibrated retract_speed=10 for water at 0.100mL
2025-11-25 12:35:02,952 - DEBUG - Using calibrated blowout_vol=0.016158898 for water at 0.100mL
2025-11-25 12:35:02,952 - DEBUG - Using calibrated post_asp_air_vol=0.010581106 for water at 0.100mL
2025-11-25 12:35:02,952 - DEBUG - Using calibrated overaspirate_vol=0.003481365000000007 for water at 0.100mL
2025-11-25 12:35:02,952 - DEBUG - Adjusting pump 0 speed to 14
2025-11-25 12:35:02,952 - INFO - Transferring 0.100 mL into well #1 of 96 WELL PLATE
2025-11-25 12:35:02,952 - DEBUG - Dispensing 0.114 mL then waiting 3.5437186 s
2025-11-25 12:35:02,954 - DEBUG - Blowing out 0.016 mL
2025-11-25 12:35:02,959 - DEBUG - Using calibrated aspirate_speed=8 for water at 0.100mL
2025-11-25 12:35:02,959 - DEBUG - Using calibrated dispense_speed=14 for water at 0.100mL
2025-11-25 12:35:02,959 - DEBUG - Using calibrated aspirate_wait_time=0.0 for water at 0.100mL
2025-11-25 12:35:02,959 - DEBUG - Using calibrated dispense_wait_time=3.5437186 for water at 0.100mL
2025-11-25 12:35:02,959 - DEBUG - Using calibrated retract_speed=10 for water at 0.100mL
2025-11-25 12:35:02,959 - DEBUG - Using calibrated blowout_vol=0.016158898 for water at 0.100mL
2025-11-25 12:35:02,959 - DEBUG - Using calibrated post_asp_air_vol=0.010581106 for water at 0.100mL
2025-11-25 12:35:02,959 - DEBUG - Using calibrated overaspirate_vol=0.003481365000000007 for water at 0.100mL
2025-11-25 12:35:02,960 - DEBUG - Vial move required for pipetting
2025-11-25 12:35:02,960 - INFO - Moving vial NaDC_dilution_1 to safe pipetting location
2025-11-25 12:35:02,961 - INFO - Vial 19 already at clamp index 0, no move needed
2025-11-25 12:35:02,961 - DEBUG - Vial NaDC_dilution_1 has open cap, skipping uncap operation
2025-11-25 12:35:02,961 - DEBUG - Selected small_tip for volume 0.114 mL
2025-11-25 12:35:02,963 - ERROR - Cannot aspirate more volume than in vial
2025-11-25 12:35:02,963 - WARNING - SIMULATION MODE: Would pause for error: Cannot aspirate more volume than in vial
2025-11-25 12:35:02,965 - INFO - Pipetting from vial NaDC_dilution_1, amount: 0.100 mL
2025-11-25 12:35:02,965 - INFO - Additional volume from calibration, amount: 0.003 mL
2025-11-25 12:35:02,968 - DEBUG - Adjusting pump 0 speed to 8
2025-11-25 12:35:02,968 - DEBUG - Aspirating 0.103 mL then waiting 0.0 s
2025-11-25 12:35:02,968 - DEBUG - Aspirating 0.011 mL then waiting 0 s
2025-11-25 12:35:02,972 - DEBUG - Using calibrated aspirate_speed=8 for water at 0.100mL
2025-11-25 12:35:02,972 - DEBUG - Using calibrated dispense_speed=14 for water at 0.100mL
2025-11-25 12:35:02,972 - DEBUG - Using calibrated aspirate_wait_time=0.0 for water at 0.100mL
2025-11-25 12:35:02,972 - DEBUG - Using calibrated dispense_wait_time=3.5437186 for water at 0.100mL
2025-11-25 12:35:02,972 - DEBUG - Using calibrated retract_speed=10 for water at 0.100mL
2025-11-25 12:35:02,972 - DEBUG - Using calibrated blowout_vol=0.016158898 for water at 0.100mL
2025-11-25 12:35:02,972 - DEBUG - Using calibrated post_asp_air_vol=0.010581106 for water at 0.100mL
2025-11-25 12:35:02,972 - DEBUG - Using calibrated overaspirate_vol=0.003481365000000007 for water at 0.100mL
2025-11-25 12:35:02,972 - DEBUG - Adjusting pump 0 speed to 14
2025-11-25 12:35:02,972 - INFO - Transferring 0.100 mL into well #8 of 96 WELL PLATE
2025-11-25 12:35:02,972 - DEBUG - Dispensing 0.114 mL then waiting 3.5437186 s
2025-11-25 12:35:02,972 - DEBUG - Blowing out 0.016 mL
2025-11-25 12:35:02,972 - INFO - Removing pipet
2025-11-25 12:35:02,974 - INFO - Returning vial NaDC_dilution_1 to home location: main_8mL_rack index 19
2025-11-25 12:35:02,975 - INFO - Moving vial NaDC_dilution_1 to main_8mL_rack: 19
2025-11-25 12:35:02,975 - DEBUG - Grabbing vial 19 with index 19
2025-11-25 12:35:02,977 - DEBUG - Dropping off vial 19 at location main_8mL_rack with index 19
2025-11-25 12:35:02,983 - DEBUG - Using calibrated aspirate_speed=8 for water at 0.100mL
2025-11-25 12:35:02,983 - DEBUG - Using calibrated dispense_speed=14 for water at 0.100mL
2025-11-25 12:35:02,983 - DEBUG - Using calibrated aspirate_wait_time=0.0 for water at 0.100mL
2025-11-25 12:35:02,983 - DEBUG - Using calibrated dispense_wait_time=3.5437186 for water at 0.100mL
2025-11-25 12:35:02,983 - DEBUG - Using calibrated retract_speed=10 for water at 0.100mL
2025-11-25 12:35:02,983 - DEBUG - Using calibrated blowout_vol=0.016158898 for water at 0.100mL
2025-11-25 12:35:02,983 - DEBUG - Using calibrated post_asp_air_vol=0.010581106 for water at 0.100mL
2025-11-25 12:35:02,983 - DEBUG - Using calibrated overaspirate_vol=0.003481365000000007 for water at 0.100mL
2025-11-25 12:35:02,984 - DEBUG - Vial move required for pipetting
2025-11-25 12:35:02,985 - INFO - Moving vial NaDC_dilution_2 to safe pipetting location
2025-11-25 12:35:02,986 - INFO - Moving vial NaDC_dilution_2 to clamp: 0
2025-11-25 12:35:02,987 - DEBUG - Grabbing vial 20 with index 20
2025-11-25 12:35:02,988 - DEBUG - Dropping off vial 20 at location clamp with index 0
2025-11-25 12:35:02,989 - DEBUG - Vial NaDC_dilution_2 has open cap, skipping uncap operation
2025-11-25 12:35:02,989 - DEBUG - Selected small_tip for volume 0.114 mL
2025-11-25 12:35:02,989 - INFO - Getting small_tip (pipet number 38) from rack: small_tip_rack_2
2025-11-25 12:35:02,992 - ERROR - Cannot aspirate more volume than in vial
2025-11-25 12:35:02,992 - WARNING - SIMULATION MODE: Would pause for error: Cannot aspirate more volume than in vial
2025-11-25 12:35:02,992 - INFO - Pipetting from vial NaDC_dilution_2, amount: 0.100 mL
2025-11-25 12:35:02,992 - INFO - Additional volume from calibration, amount: 0.003 mL
2025-11-25 12:35:02,994 - DEBUG - Adjusting pump 0 speed to 8
2025-11-25 12:35:02,994 - DEBUG - Aspirating 0.103 mL then waiting 0.0 s
2025-11-25 12:35:02,994 - DEBUG - Aspirating 0.011 mL then waiting 0 s
2025-11-25 12:35:03,001 - DEBUG - Using calibrated aspirate_speed=8 for water at 0.100mL
2025-11-25 12:35:03,001 - DEBUG - Using calibrated dispense_speed=14 for water at 0.100mL
2025-11-25 12:35:03,001 - DEBUG - Using calibrated aspirate_wait_time=0.0 for water at 0.100mL
2025-11-25 12:35:03,001 - DEBUG - Using calibrated dispense_wait_time=3.5437186 for water at 0.100mL
2025-11-25 12:35:03,001 - DEBUG - Using calibrated retract_speed=10 for water at 0.100mL
2025-11-25 12:35:03,001 - DEBUG - Using calibrated blowout_vol=0.016158898 for water at 0.100mL
2025-11-25 12:35:03,001 - DEBUG - Using calibrated post_asp_air_vol=0.010581106 for water at 0.100mL
2025-11-25 12:35:03,002 - DEBUG - Using calibrated overaspirate_vol=0.003481365000000007 for water at 0.100mL
2025-11-25 12:35:03,002 - DEBUG - Adjusting pump 0 speed to 14
2025-11-25 12:35:03,002 - INFO - Transferring 0.100 mL into well #2 of 96 WELL PLATE
2025-11-25 12:35:03,002 - DEBUG - Dispensing 0.114 mL then waiting 3.5437186 s
2025-11-25 12:35:03,003 - DEBUG - Blowing out 0.016 mL
2025-11-25 12:35:03,007 - DEBUG - Using calibrated aspirate_speed=8 for water at 0.100mL
2025-11-25 12:35:03,007 - DEBUG - Using calibrated dispense_speed=14 for water at 0.100mL
2025-11-25 12:35:03,007 - DEBUG - Using calibrated aspirate_wait_time=0.0 for water at 0.100mL
2025-11-25 12:35:03,007 - DEBUG - Using calibrated dispense_wait_time=3.5437186 for water at 0.100mL
2025-11-25 12:35:03,007 - DEBUG - Using calibrated retract_speed=10 for water at 0.100mL
2025-11-25 12:35:03,007 - DEBUG - Using calibrated blowout_vol=0.016158898 for water at 0.100mL
2025-11-25 12:35:03,007 - DEBUG - Using calibrated post_asp_air_vol=0.010581106 for water at 0.100mL
2025-11-25 12:35:03,007 - DEBUG - Using calibrated overaspirate_vol=0.003481365000000007 for water at 0.100mL
2025-11-25 12:35:03,008 - DEBUG - Vial move required for pipetting
2025-11-25 12:35:03,008 - INFO - Moving vial NaDC_dilution_2 to safe pipetting location
2025-11-25 12:35:03,010 - INFO - Vial 20 already at clamp index 0, no move needed
2025-11-25 12:35:03,010 - DEBUG - Vial NaDC_dilution_2 has open cap, skipping uncap operation
2025-11-25 12:35:03,010 - DEBUG - Selected small_tip for volume 0.114 mL
2025-11-25 12:35:03,011 - ERROR - Cannot aspirate more volume than in vial
2025-11-25 12:35:03,011 - WARNING - SIMULATION MODE: Would pause for error: Cannot aspirate more volume than in vial
2025-11-25 12:35:03,011 - INFO - Pipetting from vial NaDC_dilution_2, amount: 0.100 mL
2025-11-25 12:35:03,012 - INFO - Additional volume from calibration, amount: 0.003 mL
2025-11-25 12:35:03,014 - DEBUG - Adjusting pump 0 speed to 8
2025-11-25 12:35:03,015 - DEBUG - Aspirating 0.103 mL then waiting 0.0 s
2025-11-25 12:35:03,015 - DEBUG - Aspirating 0.011 mL then waiting 0 s
2025-11-25 12:35:03,021 - DEBUG - Using calibrated aspirate_speed=8 for water at 0.100mL
2025-11-25 12:35:03,021 - DEBUG - Using calibrated dispense_speed=14 for water at 0.100mL
2025-11-25 12:35:03,021 - DEBUG - Using calibrated aspirate_wait_time=0.0 for water at 0.100mL
2025-11-25 12:35:03,021 - DEBUG - Using calibrated dispense_wait_time=3.5437186 for water at 0.100mL
2025-11-25 12:35:03,021 - DEBUG - Using calibrated retract_speed=10 for water at 0.100mL
2025-11-25 12:35:03,021 - DEBUG - Using calibrated blowout_vol=0.016158898 for water at 0.100mL
2025-11-25 12:35:03,021 - DEBUG - Using calibrated post_asp_air_vol=0.010581106 for water at 0.100mL
2025-11-25 12:35:03,021 - DEBUG - Using calibrated overaspirate_vol=0.003481365000000007 for water at 0.100mL
2025-11-25 12:35:03,021 - DEBUG - Adjusting pump 0 speed to 14
2025-11-25 12:35:03,021 - INFO - Transferring 0.100 mL into well #9 of 96 WELL PLATE
2025-11-25 12:35:03,021 - DEBUG - Dispensing 0.114 mL then waiting 3.5437186 s
2025-11-25 12:35:03,022 - DEBUG - Blowing out 0.016 mL
2025-11-25 12:35:03,022 - INFO - Removing pipet
2025-11-25 12:35:03,023 - INFO - Returning vial NaDC_dilution_2 to home location: main_8mL_rack index 20
2025-11-25 12:35:03,024 - INFO - Moving vial NaDC_dilution_2 to main_8mL_rack: 20
2025-11-25 12:35:03,024 - DEBUG - Grabbing vial 20 with index 20
2025-11-25 12:35:03,024 - DEBUG - Dropping off vial 20 at location main_8mL_rack with index 20
2025-11-25 12:35:03,033 - DEBUG - Using calibrated aspirate_speed=8 for water at 0.100mL
2025-11-25 12:35:03,033 - DEBUG - Using calibrated dispense_speed=14 for water at 0.100mL
2025-11-25 12:35:03,033 - DEBUG - Using calibrated aspirate_wait_time=0.0 for water at 0.100mL
2025-11-25 12:35:03,033 - DEBUG - Using calibrated dispense_wait_time=3.5437186 for water at 0.100mL
2025-11-25 12:35:03,033 - DEBUG - Using calibrated retract_speed=10 for water at 0.100mL
2025-11-25 12:35:03,033 - DEBUG - Using calibrated blowout_vol=0.016158898 for water at 0.100mL
2025-11-25 12:35:03,033 - DEBUG - Using calibrated post_asp_air_vol=0.010581106 for water at 0.100mL
2025-11-25 12:35:03,033 - DEBUG - Using calibrated overaspirate_vol=0.003481365000000007 for water at 0.100mL
2025-11-25 12:35:03,034 - DEBUG - Vial move required for pipetting
2025-11-25 12:35:03,035 - INFO - Moving vial NaDC_dilution_3 to safe pipetting location
2025-11-25 12:35:03,037 - INFO - Moving vial NaDC_dilution_3 to clamp: 0
2025-11-25 12:35:03,038 - DEBUG - Grabbing vial 21 with index 21
2025-11-25 12:35:03,039 - DEBUG - Dropping off vial 21 at location clamp with index 0
2025-11-25 12:35:03,040 - DEBUG - Vial NaDC_dilution_3 has open cap, skipping uncap operation
2025-11-25 12:35:03,040 - DEBUG - Selected small_tip for volume 0.114 mL
2025-11-25 12:35:03,040 - INFO - Getting small_tip (pipet number 39) from rack: small_tip_rack_2
2025-11-25 12:35:03,041 - ERROR - Cannot aspirate more volume than in vial
2025-11-25 12:35:03,042 - WARNING - SIMULATION MODE: Would pause for error: Cannot aspirate more volume than in vial
2025-11-25 12:35:03,042 - INFO - Pipetting from vial NaDC_dilution_3, amount: 0.100 mL
2025-11-25 12:35:03,042 - INFO - Additional volume from calibration, amount: 0.003 mL
2025-11-25 12:35:03,044 - DEBUG - Adjusting pump 0 speed to 8
2025-11-25 12:35:03,044 - DEBUG - Aspirating 0.103 mL then waiting 0.0 s
2025-11-25 12:35:03,044 - DEBUG - Aspirating 0.011 mL then waiting 0 s
2025-11-25 12:35:03,050 - DEBUG - Using calibrated aspirate_speed=8 for water at 0.100mL
2025-11-25 12:35:03,050 - DEBUG - Using calibrated dispense_speed=14 for water at 0.100mL
2025-11-25 12:35:03,050 - DEBUG - Using calibrated aspirate_wait_time=0.0 for water at 0.100mL
2025-11-25 12:35:03,050 - DEBUG - Using calibrated dispense_wait_time=3.5437186 for water at 0.100mL
2025-11-25 12:35:03,050 - DEBUG - Using calibrated retract_speed=10 for water at 0.100mL
2025-11-25 12:35:03,050 - DEBUG - Using calibrated blowout_vol=0.016158898 for water at 0.100mL
2025-11-25 12:35:03,051 - DEBUG - Using calibrated post_asp_air_vol=0.010581106 for water at 0.100mL
2025-11-25 12:35:03,051 - DEBUG - Using calibrated overaspirate_vol=0.003481365000000007 for water at 0.100mL
2025-11-25 12:35:03,051 - DEBUG - Adjusting pump 0 speed to 14
2025-11-25 12:35:03,051 - INFO - Transferring 0.100 mL into well #3 of 96 WELL PLATE
2025-11-25 12:35:03,051 - DEBUG - Dispensing 0.114 mL then waiting 3.5437186 s
2025-11-25 12:35:03,051 - DEBUG - Blowing out 0.016 mL
2025-11-25 12:35:03,057 - DEBUG - Using calibrated aspirate_speed=8 for water at 0.100mL
2025-11-25 12:35:03,057 - DEBUG - Using calibrated dispense_speed=14 for water at 0.100mL
2025-11-25 12:35:03,057 - DEBUG - Using calibrated aspirate_wait_time=0.0 for water at 0.100mL
2025-11-25 12:35:03,057 - DEBUG - Using calibrated dispense_wait_time=3.5437186 for water at 0.100mL
2025-11-25 12:35:03,057 - DEBUG - Using calibrated retract_speed=10 for water at 0.100mL
2025-11-25 12:35:03,057 - DEBUG - Using calibrated blowout_vol=0.016158898 for water at 0.100mL
2025-11-25 12:35:03,057 - DEBUG - Using calibrated post_asp_air_vol=0.010581106 for water at 0.100mL
2025-11-25 12:35:03,057 - DEBUG - Using calibrated overaspirate_vol=0.003481365000000007 for water at 0.100mL
2025-11-25 12:35:03,058 - DEBUG - Vial move required for pipetting
2025-11-25 12:35:03,058 - INFO - Moving vial NaDC_dilution_3 to safe pipetting location
2025-11-25 12:35:03,060 - INFO - Vial 21 already at clamp index 0, no move needed
2025-11-25 12:35:03,061 - DEBUG - Vial NaDC_dilution_3 has open cap, skipping uncap operation
2025-11-25 12:35:03,061 - DEBUG - Selected small_tip for volume 0.114 mL
2025-11-25 12:35:03,062 - ERROR - Cannot aspirate more volume than in vial
2025-11-25 12:35:03,062 - WARNING - SIMULATION MODE: Would pause for error: Cannot aspirate more volume than in vial
2025-11-25 12:35:03,062 - INFO - Pipetting from vial NaDC_dilution_3, amount: 0.100 mL
2025-11-25 12:35:03,062 - INFO - Additional volume from calibration, amount: 0.003 mL
2025-11-25 12:35:03,064 - DEBUG - Adjusting pump 0 speed to 8
2025-11-25 12:35:03,065 - DEBUG - Aspirating 0.103 mL then waiting 0.0 s
2025-11-25 12:35:03,065 - DEBUG - Aspirating 0.011 mL then waiting 0 s
2025-11-25 12:35:03,071 - DEBUG - Using calibrated aspirate_speed=8 for water at 0.100mL
2025-11-25 12:35:03,072 - DEBUG - Using calibrated dispense_speed=14 for water at 0.100mL
2025-11-25 12:35:03,072 - DEBUG - Using calibrated aspirate_wait_time=0.0 for water at 0.100mL
2025-11-25 12:35:03,072 - DEBUG - Using calibrated dispense_wait_time=3.5437186 for water at 0.100mL
2025-11-25 12:35:03,072 - DEBUG - Using calibrated retract_speed=10 for water at 0.100mL
2025-11-25 12:35:03,072 - DEBUG - Using calibrated blowout_vol=0.016158898 for water at 0.100mL
2025-11-25 12:35:03,072 - DEBUG - Using calibrated post_asp_air_vol=0.010581106 for water at 0.100mL
2025-11-25 12:35:03,072 - DEBUG - Using calibrated overaspirate_vol=0.003481365000000007 for water at 0.100mL
2025-11-25 12:35:03,072 - DEBUG - Adjusting pump 0 speed to 14
2025-11-25 12:35:03,072 - INFO - Transferring 0.100 mL into well #10 of 96 WELL PLATE
2025-11-25 12:35:03,072 - DEBUG - Dispensing 0.114 mL then waiting 3.5437186 s
2025-11-25 12:35:03,073 - DEBUG - Blowing out 0.016 mL
2025-11-25 12:35:03,073 - INFO - Removing pipet
2025-11-25 12:35:03,074 - INFO - Returning vial NaDC_dilution_3 to home location: main_8mL_rack index 21
2025-11-25 12:35:03,075 - INFO - Moving vial NaDC_dilution_3 to main_8mL_rack: 21
2025-11-25 12:35:03,076 - DEBUG - Grabbing vial 21 with index 21
2025-11-25 12:35:03,077 - DEBUG - Dropping off vial 21 at location main_8mL_rack with index 21
2025-11-25 12:35:03,084 - DEBUG - Using calibrated aspirate_speed=8 for water at 0.100mL
2025-11-25 12:35:03,084 - DEBUG - Using calibrated dispense_speed=14 for water at 0.100mL
2025-11-25 12:35:03,084 - DEBUG - Using calibrated aspirate_wait_time=0.0 for water at 0.100mL
2025-11-25 12:35:03,084 - DEBUG - Using calibrated dispense_wait_time=3.5437186 for water at 0.100mL
2025-11-25 12:35:03,084 - DEBUG - Using calibrated retract_speed=10 for water at 0.100mL
2025-11-25 12:35:03,084 - DEBUG - Using calibrated blowout_vol=0.016158898 for water at 0.100mL
2025-11-25 12:35:03,084 - DEBUG - Using calibrated post_asp_air_vol=0.010581106 for water at 0.100mL
2025-11-25 12:35:03,084 - DEBUG - Using calibrated overaspirate_vol=0.003481365000000007 for water at 0.100mL
2025-11-25 12:35:03,085 - DEBUG - Vial move required for pipetting
2025-11-25 12:35:03,086 - INFO - Moving vial NaDC_dilution_4 to safe pipetting location
2025-11-25 12:35:03,088 - INFO - Moving vial NaDC_dilution_4 to clamp: 0
2025-11-25 12:35:03,088 - DEBUG - Grabbing vial 22 with index 22
2025-11-25 12:35:03,089 - DEBUG - Dropping off vial 22 at location clamp with index 0
2025-11-25 12:35:03,090 - DEBUG - Vial NaDC_dilution_4 has open cap, skipping uncap operation
2025-11-25 12:35:03,090 - DEBUG - Selected small_tip for volume 0.114 mL
2025-11-25 12:35:03,090 - INFO - Getting small_tip (pipet number 40) from rack: small_tip_rack_2
2025-11-25 12:35:03,091 - ERROR - Cannot aspirate more volume than in vial
2025-11-25 12:35:03,091 - WARNING - SIMULATION MODE: Would pause for error: Cannot aspirate more volume than in vial
2025-11-25 12:35:03,091 - INFO - Pipetting from vial NaDC_dilution_4, amount: 0.100 mL
2025-11-25 12:35:03,092 - INFO - Additional volume from calibration, amount: 0.003 mL
2025-11-25 12:35:03,093 - DEBUG - Adjusting pump 0 speed to 8
2025-11-25 12:35:03,094 - DEBUG - Aspirating 0.103 mL then waiting 0.0 s
2025-11-25 12:35:03,094 - DEBUG - Aspirating 0.011 mL then waiting 0 s
2025-11-25 12:35:03,100 - DEBUG - Using calibrated aspirate_speed=8 for water at 0.100mL
2025-11-25 12:35:03,100 - DEBUG - Using calibrated dispense_speed=14 for water at 0.100mL
2025-11-25 12:35:03,100 - DEBUG - Using calibrated aspirate_wait_time=0.0 for water at 0.100mL
2025-11-25 12:35:03,100 - DEBUG - Using calibrated dispense_wait_time=3.5437186 for water at 0.100mL
2025-11-25 12:35:03,100 - DEBUG - Using calibrated retract_speed=10 for water at 0.100mL
2025-11-25 12:35:03,100 - DEBUG - Using calibrated blowout_vol=0.016158898 for water at 0.100mL
2025-11-25 12:35:03,101 - DEBUG - Using calibrated post_asp_air_vol=0.010581106 for water at 0.100mL
2025-11-25 12:35:03,101 - DEBUG - Using calibrated overaspirate_vol=0.003481365000000007 for water at 0.100mL
2025-11-25 12:35:03,101 - DEBUG - Adjusting pump 0 speed to 14
2025-11-25 12:35:03,101 - INFO - Transferring 0.100 mL into well #4 of 96 WELL PLATE
2025-11-25 12:35:03,101 - DEBUG - Dispensing 0.114 mL then waiting 3.5437186 s
2025-11-25 12:35:03,102 - DEBUG - Blowing out 0.016 mL
2025-11-25 12:35:03,106 - DEBUG - Using calibrated aspirate_speed=8 for water at 0.100mL
2025-11-25 12:35:03,106 - DEBUG - Using calibrated dispense_speed=14 for water at 0.100mL
2025-11-25 12:35:03,106 - DEBUG - Using calibrated aspirate_wait_time=0.0 for water at 0.100mL
2025-11-25 12:35:03,106 - DEBUG - Using calibrated dispense_wait_time=3.5437186 for water at 0.100mL
2025-11-25 12:35:03,106 - DEBUG - Using calibrated retract_speed=10 for water at 0.100mL
2025-11-25 12:35:03,106 - DEBUG - Using calibrated blowout_vol=0.016158898 for water at 0.100mL
2025-11-25 12:35:03,106 - DEBUG - Using calibrated post_asp_air_vol=0.010581106 for water at 0.100mL
2025-11-25 12:35:03,106 - DEBUG - Using calibrated overaspirate_vol=0.003481365000000007 for water at 0.100mL
2025-11-25 12:35:03,106 - DEBUG - Vial move required for pipetting
2025-11-25 12:35:03,106 - INFO - Moving vial NaDC_dilution_4 to safe pipetting location
2025-11-25 12:35:03,110 - INFO - Vial 22 already at clamp index 0, no move needed
2025-11-25 12:35:03,112 - DEBUG - Vial NaDC_dilution_4 has open cap, skipping uncap operation
2025-11-25 12:35:03,112 - DEBUG - Selected small_tip for volume 0.114 mL
2025-11-25 12:35:03,113 - ERROR - Cannot aspirate more volume than in vial
2025-11-25 12:35:03,113 - WARNING - SIMULATION MODE: Would pause for error: Cannot aspirate more volume than in vial
2025-11-25 12:35:03,113 - INFO - Pipetting from vial NaDC_dilution_4, amount: 0.100 mL
2025-11-25 12:35:03,114 - INFO - Additional volume from calibration, amount: 0.003 mL
2025-11-25 12:35:03,116 - DEBUG - Adjusting pump 0 speed to 8
2025-11-25 12:35:03,116 - DEBUG - Aspirating 0.103 mL then waiting 0.0 s
2025-11-25 12:35:03,116 - DEBUG - Aspirating 0.011 mL then waiting 0 s
2025-11-25 12:35:03,124 - DEBUG - Using calibrated aspirate_speed=8 for water at 0.100mL
2025-11-25 12:35:03,124 - DEBUG - Using calibrated dispense_speed=14 for water at 0.100mL
2025-11-25 12:35:03,124 - DEBUG - Using calibrated aspirate_wait_time=0.0 for water at 0.100mL
2025-11-25 12:35:03,124 - DEBUG - Using calibrated dispense_wait_time=3.5437186 for water at 0.100mL
2025-11-25 12:35:03,124 - DEBUG - Using calibrated retract_speed=10 for water at 0.100mL
2025-11-25 12:35:03,124 - DEBUG - Using calibrated blowout_vol=0.016158898 for water at 0.100mL
2025-11-25 12:35:03,124 - DEBUG - Using calibrated post_asp_air_vol=0.010581106 for water at 0.100mL
2025-11-25 12:35:03,124 - DEBUG - Using calibrated overaspirate_vol=0.003481365000000007 for water at 0.100mL
2025-11-25 12:35:03,124 - DEBUG - Adjusting pump 0 speed to 14
2025-11-25 12:35:03,124 - INFO - Transferring 0.100 mL into well #11 of 96 WELL PLATE
2025-11-25 12:35:03,124 - DEBUG - Dispensing 0.114 mL then waiting 3.5437186 s
2025-11-25 12:35:03,124 - DEBUG - Blowing out 0.016 mL
2025-11-25 12:35:03,124 - INFO - Removing pipet
2025-11-25 12:35:03,126 - INFO - Returning vial NaDC_dilution_4 to home location: main_8mL_rack index 22
2025-11-25 12:35:03,126 - INFO - Moving vial NaDC_dilution_4 to main_8mL_rack: 22
2025-11-25 12:35:03,126 - DEBUG - Grabbing vial 22 with index 22
2025-11-25 12:35:03,126 - DEBUG - Dropping off vial 22 at location main_8mL_rack with index 22
2025-11-25 12:35:03,136 - DEBUG - Using calibrated aspirate_speed=8 for water at 0.100mL
2025-11-25 12:35:03,136 - DEBUG - Using calibrated dispense_speed=14 for water at 0.100mL
2025-11-25 12:35:03,137 - DEBUG - Using calibrated aspirate_wait_time=0.0 for water at 0.100mL
2025-11-25 12:35:03,137 - DEBUG - Using calibrated dispense_wait_time=3.5437186 for water at 0.100mL
2025-11-25 12:35:03,137 - DEBUG - Using calibrated retract_speed=10 for water at 0.100mL
2025-11-25 12:35:03,137 - DEBUG - Using calibrated blowout_vol=0.016158898 for water at 0.100mL
2025-11-25 12:35:03,137 - DEBUG - Using calibrated post_asp_air_vol=0.010581106 for water at 0.100mL
2025-11-25 12:35:03,137 - DEBUG - Using calibrated overaspirate_vol=0.003481365000000007 for water at 0.100mL
2025-11-25 12:35:03,138 - DEBUG - Vial move required for pipetting
2025-11-25 12:35:03,138 - INFO - Moving vial NaDC_dilution_5 to safe pipetting location
2025-11-25 12:35:03,141 - INFO - Moving vial NaDC_dilution_5 to clamp: 0
2025-11-25 12:35:03,141 - DEBUG - Grabbing vial 23 with index 23
2025-11-25 12:35:03,141 - DEBUG - Dropping off vial 23 at location clamp with index 0
2025-11-25 12:35:03,141 - DEBUG - Vial NaDC_dilution_5 has open cap, skipping uncap operation
2025-11-25 12:35:03,141 - DEBUG - Selected small_tip for volume 0.114 mL
2025-11-25 12:35:03,141 - INFO - Getting small_tip (pipet number 41) from rack: small_tip_rack_2
2025-11-25 12:35:03,141 - ERROR - Cannot aspirate more volume than in vial
2025-11-25 12:35:03,141 - WARNING - SIMULATION MODE: Would pause for error: Cannot aspirate more volume than in vial
2025-11-25 12:35:03,141 - INFO - Pipetting from vial NaDC_dilution_5, amount: 0.100 mL
2025-11-25 12:35:03,141 - INFO - Additional volume from calibration, amount: 0.003 mL
2025-11-25 12:35:03,141 - DEBUG - Adjusting pump 0 speed to 8
2025-11-25 12:35:03,141 - DEBUG - Aspirating 0.103 mL then waiting 0.0 s
2025-11-25 12:35:03,147 - DEBUG - Aspirating 0.011 mL then waiting 0 s
2025-11-25 12:35:03,154 - DEBUG - Using calibrated aspirate_speed=8 for water at 0.100mL
2025-11-25 12:35:03,154 - DEBUG - Using calibrated dispense_speed=14 for water at 0.100mL
2025-11-25 12:35:03,154 - DEBUG - Using calibrated aspirate_wait_time=0.0 for water at 0.100mL
2025-11-25 12:35:03,154 - DEBUG - Using calibrated dispense_wait_time=3.5437186 for water at 0.100mL
2025-11-25 12:35:03,154 - DEBUG - Using calibrated retract_speed=10 for water at 0.100mL
2025-11-25 12:35:03,154 - DEBUG - Using calibrated blowout_vol=0.016158898 for water at 0.100mL
2025-11-25 12:35:03,154 - DEBUG - Using calibrated post_asp_air_vol=0.010581106 for water at 0.100mL
2025-11-25 12:35:03,154 - DEBUG - Using calibrated overaspirate_vol=0.003481365000000007 for water at 0.100mL
2025-11-25 12:35:03,154 - DEBUG - Adjusting pump 0 speed to 14
2025-11-25 12:35:03,154 - INFO - Transferring 0.100 mL into well #5 of 96 WELL PLATE
2025-11-25 12:35:03,154 - DEBUG - Dispensing 0.114 mL then waiting 3.5437186 s
2025-11-25 12:35:03,155 - DEBUG - Blowing out 0.016 mL
2025-11-25 12:35:03,155 - INFO - Removing pipet
2025-11-25 12:35:03,157 - INFO - Returning vial NaDC_dilution_5 to home location: main_8mL_rack index 23
2025-11-25 12:35:03,159 - INFO - Moving vial NaDC_dilution_5 to main_8mL_rack: 23
2025-11-25 12:35:03,160 - DEBUG - Grabbing vial 23 with index 23
2025-11-25 12:35:03,161 - DEBUG - Dropping off vial 23 at location main_8mL_rack with index 23
2025-11-25 12:35:03,170 - DEBUG - Using calibrated aspirate_speed=8 for water at 0.100mL
2025-11-25 12:35:03,170 - DEBUG - Using calibrated dispense_speed=14 for water at 0.100mL
2025-11-25 12:35:03,170 - DEBUG - Using calibrated aspirate_wait_time=0.0 for water at 0.100mL
2025-11-25 12:35:03,170 - DEBUG - Using calibrated dispense_wait_time=3.5437186 for water at 0.100mL
2025-11-25 12:35:03,170 - DEBUG - Using calibrated retract_speed=10 for water at 0.100mL
2025-11-25 12:35:03,170 - DEBUG - Using calibrated blowout_vol=0.016158898 for water at 0.100mL
2025-11-25 12:35:03,170 - DEBUG - Using calibrated post_asp_air_vol=0.010581106 for water at 0.100mL
2025-11-25 12:35:03,170 - DEBUG - Using calibrated overaspirate_vol=0.003481365000000007 for water at 0.100mL
