2025-10-21 14:16:55,281 - INFO - Initializing North Robot...
2025-10-21 14:16:55,281 - DEBUG - Loading robot configuration files...
2025-10-21 14:16:55,292 - DEBUG - Loaded vial positions configuration from robot_state/vial_positions.yaml
2025-10-21 14:16:55,293 - DEBUG - Loaded pipet tips configuration from robot_state/pipet_tips.yaml
2025-10-21 14:16:55,297 - DEBUG - Loaded pipet racks configuration from robot_state/pipet_racks.yaml
2025-10-21 14:16:55,300 - DEBUG - Loaded pump configuration from robot_state/syringe_pumps.yaml
2025-10-21 14:16:55,303 - DEBUG - Loaded robot hardware configuration from robot_state/robot_hardware.yaml
2025-10-21 14:16:55,306 - DEBUG - Loaded wellplate properties configuration from robot_state/wellplates.yaml
2025-10-21 14:16:55,306 - DEBUG - Loading robot state files...
2025-10-21 14:16:55,310 - DEBUG - Loaded vial data from ../utoronto_demo/status/sample_capped_vials.csv
2025-10-21 14:16:55,311 - DEBUG - Loaded robot status from robot_state/robot_status.yaml
2025-10-21 14:16:55,315 - DEBUG - Loaded wellplate positions from robot_state/wellplates.yaml
2025-10-21 14:16:55,315 - DEBUG - Robot status loaded successfully
2025-10-21 14:16:55,315 - DEBUG - Loading pumps from YAML configuration...
2025-10-21 14:16:55,432 - DEBUG - Loaded pump 0: volume=1.0mL, speed=11, liquid=None
2025-10-21 14:16:55,534 - DEBUG - Loaded pump 1: volume=2.5mL, speed=15, liquid=water
2025-10-21 14:16:55,534 - DEBUG - Physical initialization of North Robot...
2025-10-21 14:16:55,836 - INFO - Moving robot to home position
2025-10-21 14:17:01,664 - DEBUG - Current reader status: 0
2025-10-21 14:17:01,664 - INFO - Cytation5 is connected and ready
2025-10-21 14:17:01,664 - INFO - Initializing North Track...
2025-10-21 14:17:01,665 - DEBUG - Loading track status from file: robot_state/track_status.yaml
2025-10-21 14:17:01,665 - DEBUG - Getting track status from file: robot_state/track_status.yaml
2025-10-21 14:17:01,667 - DEBUG - Loaded track status from robot_state/track_status.yaml
2025-10-21 14:17:01,667 - DEBUG - Loading track positions from: robot_state/track_positions.yaml
2025-10-21 14:17:01,675 - DEBUG - Loaded track positions configuration from robot_state/track_positions.yaml
2025-10-21 14:17:01,675 - DEBUG - Loading robot hardware configuration from: robot_state/robot_hardware.yaml
2025-10-21 14:17:01,678 - DEBUG - Loaded robot hardware configuration from robot_state/robot_hardware.yaml
2025-10-21 14:17:01,682 - DEBUG - Loaded wellplate properties configuration from robot_state/wellplates.yaml
2025-10-21 14:17:06,132 - DEBUG - Moving North Track to home position
2025-10-21 14:17:06,132 - INFO - --Wellplate status-- 
 Wellplate type: 48 WELL PLATE 
 Number in source: 1 
 Number in waste: 0 
 Active wellplate position: None
2025-10-21 14:17:06,132 - INFO - Visualizing wellplate status...
2025-10-21 14:17:10,327 - INFO - Grabbing new wellplate
2025-10-21 14:17:10,328 - INFO - Moving robot to home position
2025-10-21 14:17:10,639 - INFO - Getting new wellplate from source stack
2025-10-21 14:17:10,639 - DEBUG - Calculating well plate stack height for num: 1, wp_type: 48 WELL PLATE, stack: source_stack, operation: grab
2025-10-21 14:17:10,639 - DEBUG - Getting 1st wellplate from source at 83500
2025-10-21 14:17:10,639 - INFO - Grabbing wellplate from location: source_stack
2025-10-21 14:17:10,926 - DEBUG - Opening gripper
2025-10-21 14:17:17,296 - DEBUG - Closing gripper
2025-10-21 14:17:21,183 - INFO - Releasing wellplate at location: pipetting_area
2025-10-21 14:17:26,542 - DEBUG - Opening gripper
2025-10-21 14:17:33,466 - DEBUG - Moving North Track to home position
2025-10-21 14:17:33,466 - INFO - Discarding used wellplate
2025-10-21 14:17:33,466 - INFO - Moving robot to home position
2025-10-21 14:17:33,802 - DEBUG - Calculating well plate stack height for num: 1, wp_type: 48 WELL PLATE, stack: waste_stack, operation: release
2025-10-21 14:17:33,802 - INFO - Discarding wellplate as the 1st WP in waste stack at height: 83000
2025-10-21 14:17:33,802 - DEBUG - Closing gripper
2025-10-21 14:17:35,838 - INFO - Grabbing wellplate from location: pipetting_area
2025-10-21 14:17:40,490 - DEBUG - Opening gripper
2025-10-21 14:17:43,353 - DEBUG - Closing gripper
2025-10-21 14:17:45,846 - INFO - Releasing wellplate at location: waste_stack
2025-10-21 14:17:54,510 - DEBUG - Opening gripper
2025-10-21 14:17:58,887 - DEBUG - Moving North Track to home position
