2026-03-23 16:46:22,878 - INFO - Workflow config loaded: surfactant_grid_adaptive_concentrations
2026-03-23 16:46:22,879 - INFO - Config keys updated: 40 (SURFACTANT_A, SURFACTANT_B, WORKFLOW_TYPE, EXPERIMENT_TAG, SIMULATE, VALIDATE_LIQUIDS, MIN_CONC, FINAL_SUBSTOCK_VOLUME_ML, PAIRING_QUEUE, NUM_SUBSTOCKS, ITERATIVE_CONCENTRATIONS, GRADIENT_SUGGESTIONS_PER_ITERATION, OPTIMIZE_METRIC, RECOMMENDER_TYPE, ITERATIVE_MEASUREMENT_TOTAL, ADD_CMC_CONTROLS, CMC_CONTROL_POINTS, ADD_BUFFER, BUFFER_VOLUME_UL, BUFFER_OPTIONS, SELECTED_BUFFER, VALIDATION_ONLY, CREATE_WELLPLATE, MAX_WELLS, NUMBER_CONCENTRATIONS, N_REPLICATES, WELL_VOLUME_UL, PYRENE_VOLUME_UL, MINIMUM_PIPETTE_VOLUME, MIN_SUBSTOCK_VOLUME_UL, MEASUREMENT_INTERVAL, MIN_WELL_PIPETTE_VOLUME_UL, MAX_SURFACTANT_VOLUME_UL, KINETICS_SEQUENCE, SHAKE_WAIT_PROTOCOL, TURBIDITY_PROTOCOL_FILE, FLUORESCENCE_PROTOCOL_FILE, SHAKE_PROTOCOL, INPUT_VIAL_STATUS_FILE, SURFACTANT_LIBRARY)
2026-03-23 16:46:22,879 - INFO - SIMULATE mode: False
2026-03-23 16:46:22,880 - INFO - Launching status review GUI...
2026-03-23 16:46:23,044 - INFO - Detected workflow name: surfactant_grid_adaptive_concentrations
2026-03-23 16:46:23,731 - INFO - Config editor loaded for workflow: surfactant_grid_adaptive_concentrations
2026-03-23 16:56:39,777 - INFO - User selected: Run Workflow
2026-03-23 16:56:39,777 - INFO - Status review completed - proceeding with hardware initialization
2026-03-23 16:56:39,808 - DEBUG - Reloading config after status check to get updated values
2026-03-23 16:56:39,855 - INFO - Config Manager: Updated 40 workflow constants from surfactant_grid_adaptive_concentrations.yaml
2026-03-23 16:56:39,857 - INFO - SIMULATE flag updated: False -> True
2026-03-23 16:56:39,857 - DEBUG - No components needed simulate flag update
2026-03-23 16:56:39,861 - INFO - Initializing North Robot...
2026-03-23 16:56:39,862 - DEBUG - Loading robot configuration files...
2026-03-23 16:56:39,884 - DEBUG - Loaded vial positions configuration from robot_state/vial_positions.yaml
2026-03-23 16:56:39,884 - DEBUG - Loaded pipet tips configuration from robot_state/pipet_tips.yaml
2026-03-23 16:56:39,894 - DEBUG - Loaded pipet racks configuration from robot_state/pipet_racks.yaml
2026-03-23 16:56:39,900 - DEBUG - Loaded pump configuration from robot_state/syringe_pumps.yaml
2026-03-23 16:56:39,903 - DEBUG - Loaded robot hardware configuration from robot_state/robot_hardware.yaml
2026-03-23 16:56:39,910 - DEBUG - Loaded wellplate properties configuration from robot_state/wellplates.yaml
2026-03-23 16:56:39,910 - DEBUG - Loading robot state files...
2026-03-23 16:56:39,943 - DEBUG - Loaded vial data from ../utoronto_demo/status/surfactant_grid_vials_expanded.csv
2026-03-23 16:56:39,947 - DEBUG - Loaded robot status from robot_state/robot_status.yaml
2026-03-23 16:56:39,954 - DEBUG - Loaded wellplate positions from robot_state/wellplates.yaml
2026-03-23 16:56:39,954 - DEBUG - Robot status loaded successfully
2026-03-23 16:56:39,954 - INFO - Physical initialization of North Robot...
2026-03-23 16:56:39,956 - DEBUG - Loading pumps from YAML configuration...
2026-03-23 16:56:39,958 - DEBUG - Loaded pump 0: volume=1.0mL, speed=11, liquid=None
2026-03-23 16:56:39,958 - DEBUG - Loaded pump 1: volume=2.5mL, speed=15, liquid=water
2026-03-23 16:56:39,958 - INFO - Moving robot to home position
2026-03-23 16:56:39,961 - DEBUG - Initializing centrifuge controller...
2026-03-23 16:56:39,968 - DEBUG - Current reader status: <MagicMock name='mock.get_reader_status()' id='2026977755920'>
2026-03-23 16:56:39,968 - INFO - Initializing North Track...
2026-03-23 16:56:39,968 - DEBUG - Loading track status from file: robot_state/track_status.yaml
2026-03-23 16:56:39,968 - DEBUG - Getting track status from file: robot_state/track_status.yaml
2026-03-23 16:56:39,979 - DEBUG - Loaded track status from robot_state/track_status.yaml
2026-03-23 16:56:39,979 - DEBUG - Loading track positions from: robot_state/track_positions.yaml
2026-03-23 16:56:39,983 - DEBUG - Loaded track positions configuration from robot_state/track_positions.yaml
2026-03-23 16:56:39,983 - DEBUG - Loading robot hardware configuration from: robot_state/robot_hardware.yaml
2026-03-23 16:56:39,996 - DEBUG - Loaded robot hardware configuration from robot_state/robot_hardware.yaml
2026-03-23 16:56:40,002 - DEBUG - Loaded wellplate properties configuration from robot_state/wellplates.yaml
2026-03-23 16:56:40,003 - DEBUG - Moving North Track to home position
2026-03-23 16:56:40,003 - DEBUG - Detected origin position (0,0) - setting location to 'origin'
2026-03-23 16:56:40,003 - DEBUG - Updated gripper location to: origin at position {'x': 0, 'z': 0}
2026-03-23 16:56:40,017 - INFO -     Filling water vial 'water': 0.00mL -> 8.00mL (adding 8.00mL)
2026-03-23 16:56:40,017 - INFO - Dispensing into vial 3 from reservoir 1: 8.000 mL
2026-03-23 16:56:40,017 - DEBUG - Reservoir parameters: aspirate_speed=11, dispense_speed=11, overaspirate=0.000 mL
2026-03-23 16:56:40,025 - INFO - Moving vial water to clamp: 0
2026-03-23 16:56:40,025 - DEBUG - Grabbing vial 3 with index 3
2026-03-23 16:56:40,029 - DEBUG - Dropping off vial 3 at location clamp with index 0
2026-03-23 16:56:40,031 - INFO - Moving robot to home position
2026-03-23 16:56:40,031 - INFO - DISPENSING DEBUG: simulate=True, volume=8.000mL, overaspirate=0.000mL
2026-03-23 16:56:40,031 - INFO - DISPENSING DEBUG: total_vol=8.000mL, num_dispenses=4, dispense_vol=2.000mL, actual_dispense=2.000mL
2026-03-23 16:56:40,031 - DEBUG - Dispensing 2.000 mL (with 0.000 mL overaspirate) 4 times
2026-03-23 16:56:40,033 - INFO - DISPENSING LOOP 1/4: simulate=True
2026-03-23 16:56:40,033 - INFO - ASPIRATING: 2.000mL from reservoir 1
2026-03-23 16:56:40,035 - INFO - DISPENSING: 2.000mL into vial 3
2026-03-23 16:56:40,036 - INFO - DISPENSING LOOP 2/4: simulate=True
2026-03-23 16:56:40,036 - INFO - ASPIRATING: 2.000mL from reservoir 1
2026-03-23 16:56:40,037 - INFO - DISPENSING: 2.000mL into vial 3
2026-03-23 16:56:40,037 - INFO - DISPENSING LOOP 3/4: simulate=True
2026-03-23 16:56:40,037 - INFO - ASPIRATING: 2.000mL from reservoir 1
2026-03-23 16:56:40,037 - INFO - DISPENSING: 2.000mL into vial 3
2026-03-23 16:56:40,038 - INFO - DISPENSING LOOP 4/4: simulate=True
2026-03-23 16:56:40,038 - INFO - ASPIRATING: 2.000mL from reservoir 1
2026-03-23 16:56:40,038 - INFO - DISPENSING: 2.000mL into vial 3
2026-03-23 16:56:40,040 - INFO - Returning vial water to home location: main_8mL_rack index 3
2026-03-23 16:56:40,042 - INFO - Moving vial water to main_8mL_rack: 3
2026-03-23 16:56:40,042 - DEBUG - Grabbing vial 3 with index 3
2026-03-23 16:56:40,044 - DEBUG - Dropping off vial 3 at location main_8mL_rack with index 3
2026-03-23 16:56:40,046 - INFO -     Water vial 'water' filled successfully to 8.00mL
2026-03-23 16:56:40,047 - INFO -     Filling water vial 'water_2': 0.00mL -> 8.00mL (adding 8.00mL)
2026-03-23 16:56:40,048 - INFO - Dispensing into vial 4 from reservoir 1: 8.000 mL
2026-03-23 16:56:40,048 - DEBUG - Reservoir parameters: aspirate_speed=11, dispense_speed=11, overaspirate=0.000 mL
2026-03-23 16:56:40,049 - INFO - Moving vial water_2 to clamp: 0
2026-03-23 16:56:40,050 - DEBUG - Grabbing vial 4 with index 4
2026-03-23 16:56:40,050 - DEBUG - Dropping off vial 4 at location clamp with index 0
2026-03-23 16:56:40,050 - INFO - Moving robot to home position
2026-03-23 16:56:40,050 - INFO - DISPENSING DEBUG: simulate=True, volume=8.000mL, overaspirate=0.000mL
2026-03-23 16:56:40,050 - INFO - DISPENSING DEBUG: total_vol=8.000mL, num_dispenses=4, dispense_vol=2.000mL, actual_dispense=2.000mL
2026-03-23 16:56:40,050 - DEBUG - Dispensing 2.000 mL (with 0.000 mL overaspirate) 4 times
2026-03-23 16:56:40,050 - INFO - DISPENSING LOOP 1/4: simulate=True
2026-03-23 16:56:40,053 - INFO - ASPIRATING: 2.000mL from reservoir 1
2026-03-23 16:56:40,053 - INFO - DISPENSING: 2.000mL into vial 4
2026-03-23 16:56:40,053 - INFO - DISPENSING LOOP 2/4: simulate=True
2026-03-23 16:56:40,053 - INFO - ASPIRATING: 2.000mL from reservoir 1
2026-03-23 16:56:40,053 - INFO - DISPENSING: 2.000mL into vial 4
2026-03-23 16:56:40,053 - INFO - DISPENSING LOOP 3/4: simulate=True
2026-03-23 16:56:40,054 - INFO - ASPIRATING: 2.000mL from reservoir 1
2026-03-23 16:56:40,054 - INFO - DISPENSING: 2.000mL into vial 4
2026-03-23 16:56:40,054 - INFO - DISPENSING LOOP 4/4: simulate=True
2026-03-23 16:56:40,054 - INFO - ASPIRATING: 2.000mL from reservoir 1
2026-03-23 16:56:40,054 - INFO - DISPENSING: 2.000mL into vial 4
2026-03-23 16:56:40,055 - INFO - Returning vial water_2 to home location: main_8mL_rack index 4
2026-03-23 16:56:40,058 - INFO - Moving vial water_2 to main_8mL_rack: 4
2026-03-23 16:56:40,058 - DEBUG - Grabbing vial 4 with index 4
2026-03-23 16:56:40,059 - DEBUG - Dropping off vial 4 at location main_8mL_rack with index 4
2026-03-23 16:56:40,060 - INFO -     Water vial 'water_2' filled successfully to 8.00mL
2026-03-23 16:56:40,065 - INFO - Experiment: surfactant_grid_DSS_TTAB_Mar_23_Experiment_20260323_165640
2026-03-23 16:56:40,065 - INFO - Output folder: output\surfactant_grid_DSS_TTAB_Mar_23_Experiment_20260323_165640
2026-03-23 16:56:40,065 - INFO - Organized subfolders: validation, measurement_backups
2026-03-23 16:56:40,065 - INFO - ================================================================================
2026-03-23 16:56:40,065 - INFO - ADAPTIVE SURFACTANT GRID SCREENING WORKFLOW
2026-03-23 16:56:40,066 - INFO - ================================================================================
2026-03-23 16:56:40,066 - INFO - Surfactants: DSS + TTAB
2026-03-23 16:56:40,066 - INFO - Mode: SIMULATION
2026-03-23 16:56:40,066 - INFO - 
2026-03-23 16:56:40,066 - DEBUG - Simulating robot component homing...
2026-03-23 16:56:40,066 - INFO - Grabbing new wellplate
2026-03-23 16:56:40,066 - INFO - Moving robot to home position
2026-03-23 16:56:40,067 - INFO - Getting new wellplate from source stack
2026-03-23 16:56:40,067 - DEBUG - Calculating well plate stack height for num: 4, wp_type: 96 WELL PLATE, stack: source_stack, operation: grab
2026-03-23 16:56:40,067 - DEBUG - Getting 4th wellplate from source at 66300
2026-03-23 16:56:40,067 - INFO - Grabbing wellplate from location: source_stack
2026-03-23 16:56:40,067 - DEBUG - Detected origin position (0,0) - setting location to 'origin'
2026-03-23 16:56:40,067 - DEBUG - Updated gripper location to: origin at position {'x': 0, 'z': 0}
2026-03-23 16:56:40,067 - DEBUG - Opening gripper
2026-03-23 16:56:40,068 - DEBUG - Closing gripper
2026-03-23 16:56:40,068 - DEBUG - Updated gripper location to: source_stack at position {'x': 300, 'z': 0}
2026-03-23 16:56:40,068 - INFO - Releasing wellplate at location: pipetting_area
2026-03-23 16:56:40,068 - DEBUG - Updated gripper location to: transfer_stack at position {'x': 28275, 'z': 0}
2026-03-23 16:56:40,068 - DEBUG - Opening gripper
2026-03-23 16:56:40,068 - DEBUG - Updated gripper location to: pipetting_area at position {'x': 131750, 'z': 75000}
2026-03-23 16:56:40,069 - DEBUG - Moving North Track to home position
2026-03-23 16:56:40,069 - DEBUG - Detected origin position (0,0) - setting location to 'origin'
2026-03-23 16:56:40,069 - DEBUG - Updated gripper location to: origin at position {'x': 0, 'z': 0}
2026-03-23 16:56:40,069 - INFO - Using existing Lash_E instance for workflow stage...
2026-03-23 16:56:40,069 - INFO -   Refilling water vials to reset volume tracking...
2026-03-23 16:56:40,069 - INFO -     Water vial 'water' already full (8.00mL), skipping fill
2026-03-23 16:56:40,069 - INFO -     Water vial 'water_2' already full (8.00mL), skipping fill
2026-03-23 16:56:40,069 - INFO -   Refilling surfactant stock vials...
