2026-04-13 16:39:22,488 - DEBUG - No workflow config provided - using default initialization
2026-04-13 16:39:22,488 - INFO - Launching status review GUI...
2026-04-13 16:39:22,669 - INFO - Detected workflow name: color_mixing
2026-04-13 16:39:23,325 - INFO - Config editor loaded for workflow: color_mixing
2026-04-13 16:39:26,522 - INFO - User selected: Run Workflow
2026-04-13 16:39:26,536 - INFO - Status review completed - proceeding with hardware initialization
2026-04-13 16:39:27,195 - INFO - Initializing North Robot...
2026-04-13 16:39:27,197 - DEBUG - Loading robot configuration files...
2026-04-13 16:39:27,213 - DEBUG - Loaded vial positions configuration from robot_state/vial_positions.yaml
2026-04-13 16:39:27,213 - DEBUG - Loaded pipet tips configuration from robot_state/pipet_tips.yaml
2026-04-13 16:39:27,221 - DEBUG - Loaded pipet racks configuration from robot_state/pipet_racks.yaml
2026-04-13 16:39:27,224 - DEBUG - Loaded pump configuration from robot_state/syringe_pumps.yaml
2026-04-13 16:39:27,227 - DEBUG - Loaded robot hardware configuration from robot_state/robot_hardware.yaml
2026-04-13 16:39:27,229 - DEBUG - Loaded wellplate properties configuration from robot_state/wellplates.yaml
2026-04-13 16:39:27,229 - DEBUG - Loading robot state files...
2026-04-13 16:39:27,238 - DEBUG - Loaded vial data from ../utoronto_demo/status/color_mixing_vials.csv
2026-04-13 16:39:27,238 - DEBUG - Loaded robot status from robot_state/robot_status.yaml
2026-04-13 16:39:27,238 - DEBUG - Loaded wellplate positions from robot_state/wellplates.yaml
2026-04-13 16:39:27,238 - DEBUG - Robot status loaded successfully
2026-04-13 16:39:27,238 - INFO - Physical initialization of North Robot...
2026-04-13 16:39:30,672 - DEBUG - Loading pumps from YAML configuration...
2026-04-13 16:39:30,784 - DEBUG - Loaded pump 0: volume=1.0mL, speed=11, liquid=None
2026-04-13 16:39:30,885 - DEBUG - Loaded pump 1: volume=2.5mL, speed=15, liquid=water
2026-04-13 16:39:30,885 - INFO - Robot reports having a vial index for liquid but only 0.000 mL volume - skipping dispense
2026-04-13 16:39:30,885 - WARNING - The robot reports having a tip, removing the tip
2026-04-13 16:39:30,885 - INFO - Removing pipet
2026-04-13 16:39:35,555 - INFO - Moving robot to home position
