2025-12-03 17:59:10,120 - INFO - Initializing North Robot...
2025-12-03 17:59:10,120 - DEBUG - Loading robot configuration files...
2025-12-03 17:59:10,123 - DEBUG - Loaded vial positions configuration from robot_state/vial_positions.yaml
2025-12-03 17:59:10,123 - DEBUG - Loaded pipet tips configuration from robot_state/pipet_tips.yaml
2025-12-03 17:59:10,123 - DEBUG - Loaded pipet racks configuration from robot_state/pipet_racks.yaml
2025-12-03 17:59:10,123 - DEBUG - Loaded pump configuration from robot_state/syringe_pumps.yaml
2025-12-03 17:59:10,142 - DEBUG - Loaded robot hardware configuration from robot_state/robot_hardware.yaml
2025-12-03 17:59:10,145 - DEBUG - Loaded wellplate properties configuration from robot_state/wellplates.yaml
2025-12-03 17:59:10,145 - DEBUG - Loading robot state files...
2025-12-03 17:59:10,145 - DEBUG - Loaded vial data from status/calibration_vials_short.csv
2025-12-03 17:59:10,145 - DEBUG - Loaded robot status from robot_state/robot_status.yaml
2025-12-03 17:59:10,145 - DEBUG - Loaded wellplate positions from robot_state/wellplates.yaml
2025-12-03 17:59:10,145 - DEBUG - Robot status loaded successfully
2025-12-03 17:59:10,145 - DEBUG - Physical initialization of North Robot...
2025-12-03 17:59:10,478 - DEBUG - Loading pumps from YAML configuration...
2025-12-03 17:59:10,591 - DEBUG - Loaded pump 0: volume=1.0mL, speed=11, liquid=None
2025-12-03 17:59:10,695 - DEBUG - Loaded pump 1: volume=2.5mL, speed=15, liquid=water
2025-12-03 17:59:10,695 - INFO - Moving robot to home position
2025-12-03 17:59:11,178 - DEBUG - Initializing centrifuge controller...
2025-12-03 17:59:11,178 - INFO - Initializing North Track...
2025-12-03 17:59:11,178 - DEBUG - Loading track status from file: robot_state/track_status.yaml
2025-12-03 17:59:11,178 - DEBUG - Getting track status from file: robot_state/track_status.yaml
2025-12-03 17:59:11,178 - DEBUG - Loaded track status from robot_state/track_status.yaml
2025-12-03 17:59:11,178 - DEBUG - Loading track positions from: robot_state/track_positions.yaml
2025-12-03 17:59:11,178 - DEBUG - Loaded track positions configuration from robot_state/track_positions.yaml
2025-12-03 17:59:11,178 - DEBUG - Loading robot hardware configuration from: robot_state/robot_hardware.yaml
2025-12-03 17:59:11,178 - DEBUG - Loaded robot hardware configuration from robot_state/robot_hardware.yaml
2025-12-03 17:59:11,178 - DEBUG - Loaded wellplate properties configuration from robot_state/wellplates.yaml
2025-12-03 17:59:11,277 - DEBUG - Moving North Track to home position
2025-12-03 17:59:11,278 - INFO -    vial_index           vial_name         location  location_index  vial_volume  capped cap_type vial_type    home_location  home_location_index
0           0  measurement_vial_0            clamp               0        0.000    True     open      8_mL    main_8mL_rack                   43
1           1  measurement_vial_1    main_8mL_rack               1        0.150    True   closed      8_mL    main_8mL_rack                    1
2           2  measurement_vial_2    main_8mL_rack               2        0.000    True     open      8_mL    main_8mL_rack                    2
3           3  measurement_vial_3    main_8mL_rack               3        0.000    True     open      8_mL    main_8mL_rack                    3
4           4  measurement_vial_4    main_8mL_rack               4        0.000    True     open      8_mL    main_8mL_rack                    4
5           5     liquid_source_0  large_vial_rack               2        4.575   False     open     20_mL  large_vial_rack                    2
6           6     liquid_source_1  large_vial_rack               0        8.000   False     open     20_mL  large_vial_rack                    0
2025-12-03 17:59:11,294 - INFO - Visualizing vial racks...
2025-12-03 17:59:11,294 - DEBUG - Visualizing rack: Main Rack with filter: main_8mL_rack
2025-12-03 17:59:11,427 - DEBUG - Visualizing rack: Second Rack with filter: large_vial_rack
2025-12-03 17:59:12,678 - INFO - Vial measurement_vial_0 already at clamp index 0, no move needed
2025-12-03 17:59:12,678 - DEBUG - Applied dict param aspirate_speed=32
2025-12-03 17:59:12,678 - DEBUG - Applied dict param dispense_speed=11
2025-12-03 17:59:12,678 - DEBUG - Applied dict param aspirate_wait_time=26.200000000000003
2025-12-03 17:59:12,678 - DEBUG - Applied dict param dispense_wait_time=25.65417217116392
2025-12-03 17:59:12,678 - DEBUG - Applied dict param pre_asp_air_vol=0.001
2025-12-03 17:59:12,678 - DEBUG - Applied dict param retract_speed=8
2025-12-03 17:59:12,678 - DEBUG - Applied dict param blowout_vol=0.249
2025-12-03 17:59:12,678 - DEBUG - Applied dict param post_asp_air_vol=0.012
2025-12-03 17:59:12,678 - DEBUG - Applied dict param overaspirate_vol=0.009
2025-12-03 17:59:12,678 - DEBUG - Selected small_tip for volume 0.051 mL
2025-12-03 17:59:12,811 - ERROR - All small_tip racks are empty! Please refill tips then hit enter on the terminal!
2025-12-03 18:04:52,326 - INFO - Resetting all pipet rack counters to 0 after refill
2025-12-03 18:04:52,326 - INFO - Getting small_tip (pipet number 0) from rack: small_tip_rack_1
2025-12-03 18:04:56,676 - INFO - Pipetting from vial liquid_source_0, amount: 0.030 mL
2025-12-03 18:04:56,676 - INFO - Additional volume from calibration, amount: 0.009 mL
2025-12-03 18:04:56,676 - DEBUG - Adjusting pump 0 speed to 32
2025-12-03 18:04:59,777 - DEBUG - Aspirating 0.001 mL then waiting 0 s
2025-12-03 18:05:01,201 - DEBUG - Aspirating 0.039 mL then waiting 26.200000000000003 s
2025-12-03 18:05:33,829 - DEBUG - Aspirating 0.012 mL then waiting 0 s
2025-12-03 18:05:36,252 - DEBUG - Applied dict param aspirate_speed=32
2025-12-03 18:05:36,254 - DEBUG - Applied dict param dispense_speed=11
2025-12-03 18:05:36,254 - DEBUG - Applied dict param aspirate_wait_time=26.200000000000003
2025-12-03 18:05:36,254 - DEBUG - Applied dict param dispense_wait_time=25.65417217116392
2025-12-03 18:05:36,254 - DEBUG - Applied dict param pre_asp_air_vol=0.001
2025-12-03 18:05:36,254 - DEBUG - Applied dict param retract_speed=8
2025-12-03 18:05:36,254 - DEBUG - Applied dict param blowout_vol=0.249
2025-12-03 18:05:36,254 - DEBUG - Applied dict param post_asp_air_vol=0.012
2025-12-03 18:05:36,254 - DEBUG - Applied dict param overaspirate_vol=0.009
2025-12-03 18:05:36,254 - INFO - Pipetting into vial measurement_vial_0, amount: 0.030 mL
2025-12-03 18:05:36,492 - DEBUG - Adjusting pump 0 speed to 11
2025-12-03 18:05:39,957 - DEBUG - Dispensing 0.052 mL then waiting 25.65417217116392 s
2025-12-03 18:06:06,012 - DEBUG - Blowing out 0.249 mL
2025-12-03 18:06:11,509 - INFO - Removing pipet
2025-12-03 18:06:14,893 - DEBUG - Applied dict param aspirate_speed=32
2025-12-03 18:06:14,893 - DEBUG - Applied dict param dispense_speed=11
2025-12-03 18:06:14,893 - DEBUG - Applied dict param aspirate_wait_time=26.200000000000003
2025-12-03 18:06:14,893 - DEBUG - Applied dict param dispense_wait_time=25.65417217116392
2025-12-03 18:06:14,893 - DEBUG - Applied dict param pre_asp_air_vol=0.001
2025-12-03 18:06:14,893 - DEBUG - Applied dict param retract_speed=8
2025-12-03 18:06:14,893 - DEBUG - Applied dict param blowout_vol=0.249
2025-12-03 18:06:14,893 - DEBUG - Applied dict param post_asp_air_vol=0.012
2025-12-03 18:06:14,893 - DEBUG - Applied dict param overaspirate_vol=0.009
2025-12-03 18:06:14,893 - DEBUG - Selected small_tip for volume 0.051 mL
2025-12-03 18:06:14,893 - INFO - Getting small_tip (pipet number 1) from rack: small_tip_rack_1
2025-12-03 18:06:17,832 - INFO - Pipetting from vial liquid_source_0, amount: 0.030 mL
2025-12-03 18:06:17,832 - INFO - Additional volume from calibration, amount: 0.009 mL
2025-12-03 18:06:17,836 - DEBUG - Adjusting pump 0 speed to 32
2025-12-03 18:06:20,920 - DEBUG - Aspirating 0.001 mL then waiting 0 s
2025-12-03 18:06:22,407 - DEBUG - Aspirating 0.039 mL then waiting 26.200000000000003 s
2025-12-03 18:06:54,990 - DEBUG - Aspirating 0.012 mL then waiting 0 s
2025-12-03 18:06:57,436 - DEBUG - Applied dict param aspirate_speed=32
2025-12-03 18:06:57,436 - DEBUG - Applied dict param dispense_speed=11
2025-12-03 18:06:57,436 - DEBUG - Applied dict param aspirate_wait_time=26.200000000000003
2025-12-03 18:06:57,436 - DEBUG - Applied dict param dispense_wait_time=25.65417217116392
2025-12-03 18:06:57,436 - DEBUG - Applied dict param pre_asp_air_vol=0.001
2025-12-03 18:06:57,436 - DEBUG - Applied dict param retract_speed=8
2025-12-03 18:06:57,436 - DEBUG - Applied dict param blowout_vol=0.249
2025-12-03 18:06:57,436 - DEBUG - Applied dict param post_asp_air_vol=0.012
2025-12-03 18:06:57,436 - DEBUG - Applied dict param overaspirate_vol=0.009
2025-12-03 18:06:57,436 - INFO - Pipetting into vial measurement_vial_0, amount: 0.030 mL
2025-12-03 18:07:00,303 - DEBUG - Adjusting pump 0 speed to 11
2025-12-03 18:07:03,739 - DEBUG - Dispensing 0.052 mL then waiting 25.65417217116392 s
2025-12-03 18:07:29,816 - DEBUG - Blowing out 0.249 mL
2025-12-03 18:07:35,105 - INFO - Removing pipet
2025-12-03 18:07:38,406 - DEBUG - Applied dict param aspirate_speed=32
2025-12-03 18:07:38,406 - DEBUG - Applied dict param dispense_speed=11
2025-12-03 18:07:38,406 - DEBUG - Applied dict param aspirate_wait_time=26.200000000000003
2025-12-03 18:07:38,406 - DEBUG - Applied dict param dispense_wait_time=25.65417217116392
2025-12-03 18:07:38,406 - DEBUG - Applied dict param pre_asp_air_vol=0.001
2025-12-03 18:07:38,406 - DEBUG - Applied dict param retract_speed=8
2025-12-03 18:07:38,406 - DEBUG - Applied dict param blowout_vol=0.249
2025-12-03 18:07:38,406 - DEBUG - Applied dict param post_asp_air_vol=0.012
2025-12-03 18:07:38,406 - DEBUG - Applied dict param overaspirate_vol=0.009
2025-12-03 18:07:38,421 - DEBUG - Selected small_tip for volume 0.051 mL
2025-12-03 18:07:38,422 - INFO - Getting small_tip (pipet number 2) from rack: small_tip_rack_1
2025-12-03 18:07:41,360 - INFO - Pipetting from vial liquid_source_0, amount: 0.030 mL
2025-12-03 18:07:41,360 - INFO - Additional volume from calibration, amount: 0.009 mL
2025-12-03 18:07:41,360 - DEBUG - Adjusting pump 0 speed to 32
2025-12-03 18:07:44,376 - DEBUG - Aspirating 0.001 mL then waiting 0 s
2025-12-03 18:07:45,826 - DEBUG - Aspirating 0.039 mL then waiting 26.200000000000003 s
2025-12-03 18:08:18,451 - DEBUG - Aspirating 0.012 mL then waiting 0 s
2025-12-03 18:08:20,873 - DEBUG - Applied dict param aspirate_speed=32
2025-12-03 18:08:20,873 - DEBUG - Applied dict param dispense_speed=11
2025-12-03 18:08:20,873 - DEBUG - Applied dict param aspirate_wait_time=26.200000000000003
2025-12-03 18:08:20,873 - DEBUG - Applied dict param dispense_wait_time=25.65417217116392
2025-12-03 18:08:20,873 - DEBUG - Applied dict param pre_asp_air_vol=0.001
2025-12-03 18:08:20,873 - DEBUG - Applied dict param retract_speed=8
2025-12-03 18:08:20,873 - DEBUG - Applied dict param blowout_vol=0.249
2025-12-03 18:08:20,873 - DEBUG - Applied dict param post_asp_air_vol=0.012
2025-12-03 18:08:20,873 - DEBUG - Applied dict param overaspirate_vol=0.009
2025-12-03 18:08:20,873 - INFO - Pipetting into vial measurement_vial_0, amount: 0.030 mL
2025-12-03 18:08:21,095 - DEBUG - Adjusting pump 0 speed to 11
2025-12-03 18:08:24,545 - DEBUG - Dispensing 0.052 mL then waiting 25.65417217116392 s
2025-12-03 18:08:50,614 - DEBUG - Blowing out 0.249 mL
2025-12-03 18:08:55,912 - INFO - Removing pipet
2025-12-03 18:08:59,258 - DEBUG - Applied dict param aspirate_speed=32
2025-12-03 18:08:59,258 - DEBUG - Applied dict param dispense_speed=11
2025-12-03 18:08:59,258 - DEBUG - Applied dict param aspirate_wait_time=26.200000000000003
2025-12-03 18:08:59,258 - DEBUG - Applied dict param dispense_wait_time=25.65417217116392
2025-12-03 18:08:59,258 - DEBUG - Applied dict param pre_asp_air_vol=0.001
2025-12-03 18:08:59,258 - DEBUG - Applied dict param retract_speed=8
2025-12-03 18:08:59,258 - DEBUG - Applied dict param blowout_vol=0.249
2025-12-03 18:08:59,258 - DEBUG - Applied dict param post_asp_air_vol=0.012
2025-12-03 18:08:59,258 - DEBUG - Applied dict param overaspirate_vol=0.009
2025-12-03 18:08:59,259 - DEBUG - Selected small_tip for volume 0.051 mL
2025-12-03 18:08:59,259 - INFO - Getting small_tip (pipet number 3) from rack: small_tip_rack_1
2025-12-03 18:09:02,233 - INFO - Pipetting from vial liquid_source_0, amount: 0.030 mL
2025-12-03 18:09:02,233 - INFO - Additional volume from calibration, amount: 0.009 mL
2025-12-03 18:09:02,235 - DEBUG - Adjusting pump 0 speed to 32
2025-12-03 18:09:05,253 - DEBUG - Aspirating 0.001 mL then waiting 0 s
2025-12-03 18:09:06,757 - DEBUG - Aspirating 0.039 mL then waiting 26.200000000000003 s
2025-12-03 18:09:39,354 - DEBUG - Aspirating 0.012 mL then waiting 0 s
2025-12-03 18:09:41,754 - DEBUG - Applied dict param aspirate_speed=32
2025-12-03 18:09:41,754 - DEBUG - Applied dict param dispense_speed=11
2025-12-03 18:09:41,754 - DEBUG - Applied dict param aspirate_wait_time=26.200000000000003
2025-12-03 18:09:41,754 - DEBUG - Applied dict param dispense_wait_time=25.65417217116392
2025-12-03 18:09:41,754 - DEBUG - Applied dict param pre_asp_air_vol=0.001
2025-12-03 18:09:41,754 - DEBUG - Applied dict param retract_speed=8
2025-12-03 18:09:41,754 - DEBUG - Applied dict param blowout_vol=0.249
2025-12-03 18:09:41,754 - DEBUG - Applied dict param post_asp_air_vol=0.012
2025-12-03 18:09:41,754 - DEBUG - Applied dict param overaspirate_vol=0.009
2025-12-03 18:09:41,754 - INFO - Pipetting into vial measurement_vial_0, amount: 0.030 mL
2025-12-03 18:09:44,106 - DEBUG - Adjusting pump 0 speed to 11
2025-12-03 18:09:47,544 - DEBUG - Dispensing 0.052 mL then waiting 25.65417217116392 s
2025-12-03 18:10:13,599 - DEBUG - Blowing out 0.249 mL
2025-12-03 18:10:21,710 - INFO - Removing pipet
2025-12-03 18:10:25,056 - DEBUG - Applied dict param aspirate_speed=32
2025-12-03 18:10:25,056 - DEBUG - Applied dict param dispense_speed=11
2025-12-03 18:10:25,056 - DEBUG - Applied dict param aspirate_wait_time=26.200000000000003
2025-12-03 18:10:25,056 - DEBUG - Applied dict param dispense_wait_time=25.65417217116392
2025-12-03 18:10:25,056 - DEBUG - Applied dict param pre_asp_air_vol=0.001
2025-12-03 18:10:25,056 - DEBUG - Applied dict param retract_speed=8
2025-12-03 18:10:25,056 - DEBUG - Applied dict param blowout_vol=0.249
2025-12-03 18:10:25,056 - DEBUG - Applied dict param post_asp_air_vol=0.012
2025-12-03 18:10:25,056 - DEBUG - Applied dict param overaspirate_vol=0.009
2025-12-03 18:10:25,056 - DEBUG - Selected small_tip for volume 0.051 mL
2025-12-03 18:10:25,056 - INFO - Getting small_tip (pipet number 4) from rack: small_tip_rack_1
2025-12-03 18:10:27,980 - INFO - Pipetting from vial liquid_source_0, amount: 0.030 mL
2025-12-03 18:10:27,980 - INFO - Additional volume from calibration, amount: 0.009 mL
2025-12-03 18:10:27,984 - DEBUG - Adjusting pump 0 speed to 32
2025-12-03 18:10:31,030 - DEBUG - Aspirating 0.001 mL then waiting 0 s
2025-12-03 18:10:32,554 - DEBUG - Aspirating 0.039 mL then waiting 26.200000000000003 s
2025-12-03 18:11:05,168 - DEBUG - Aspirating 0.012 mL then waiting 0 s
2025-12-03 18:11:07,565 - DEBUG - Applied dict param aspirate_speed=32
2025-12-03 18:11:07,565 - DEBUG - Applied dict param dispense_speed=11
2025-12-03 18:11:07,565 - DEBUG - Applied dict param aspirate_wait_time=26.200000000000003
2025-12-03 18:11:07,565 - DEBUG - Applied dict param dispense_wait_time=25.65417217116392
2025-12-03 18:11:07,565 - DEBUG - Applied dict param pre_asp_air_vol=0.001
2025-12-03 18:11:07,565 - DEBUG - Applied dict param retract_speed=8
2025-12-03 18:11:07,565 - DEBUG - Applied dict param blowout_vol=0.249
2025-12-03 18:11:07,565 - DEBUG - Applied dict param post_asp_air_vol=0.012
2025-12-03 18:11:07,565 - DEBUG - Applied dict param overaspirate_vol=0.009
2025-12-03 18:11:07,567 - INFO - Pipetting into vial measurement_vial_0, amount: 0.030 mL
2025-12-03 18:11:09,109 - DEBUG - Adjusting pump 0 speed to 11
2025-12-03 18:11:12,574 - DEBUG - Dispensing 0.052 mL then waiting 25.65417217116392 s
2025-12-03 18:11:38,614 - DEBUG - Blowing out 0.249 mL
2025-12-03 18:11:43,314 - INFO - Removing pipet
2025-12-03 18:11:46,673 - DEBUG - Applied dict param aspirate_speed=32
2025-12-03 18:11:46,673 - DEBUG - Applied dict param dispense_speed=11
2025-12-03 18:11:46,673 - DEBUG - Applied dict param aspirate_wait_time=26.200000000000003
2025-12-03 18:11:46,673 - DEBUG - Applied dict param dispense_wait_time=25.65417217116392
2025-12-03 18:11:46,673 - DEBUG - Applied dict param pre_asp_air_vol=0.001
2025-12-03 18:11:46,674 - DEBUG - Applied dict param retract_speed=8
2025-12-03 18:11:46,674 - DEBUG - Applied dict param blowout_vol=0.249
2025-12-03 18:11:46,674 - DEBUG - Applied dict param post_asp_air_vol=0.012
2025-12-03 18:11:46,674 - DEBUG - Applied dict param overaspirate_vol=0.009
2025-12-03 18:11:46,675 - DEBUG - Selected small_tip for volume 0.081 mL
2025-12-03 18:11:46,675 - INFO - Getting small_tip (pipet number 5) from rack: small_tip_rack_1
2025-12-03 18:11:49,572 - INFO - Pipetting from vial liquid_source_0, amount: 0.060 mL
2025-12-03 18:11:49,574 - INFO - Additional volume from calibration, amount: 0.009 mL
2025-12-03 18:11:49,574 - DEBUG - Adjusting pump 0 speed to 32
2025-12-03 18:11:52,588 - DEBUG - Aspirating 0.001 mL then waiting 0 s
2025-12-03 18:11:54,065 - DEBUG - Aspirating 0.069 mL then waiting 26.200000000000003 s
2025-12-03 18:12:30,213 - DEBUG - Aspirating 0.012 mL then waiting 0 s
2025-12-03 18:12:32,616 - DEBUG - Applied dict param aspirate_speed=32
2025-12-03 18:12:32,616 - DEBUG - Applied dict param dispense_speed=11
2025-12-03 18:12:32,616 - DEBUG - Applied dict param aspirate_wait_time=26.200000000000003
2025-12-03 18:12:32,616 - DEBUG - Applied dict param dispense_wait_time=25.65417217116392
2025-12-03 18:12:32,616 - DEBUG - Applied dict param pre_asp_air_vol=0.001
2025-12-03 18:12:32,617 - DEBUG - Applied dict param retract_speed=8
2025-12-03 18:12:32,617 - DEBUG - Applied dict param blowout_vol=0.249
2025-12-03 18:12:32,617 - DEBUG - Applied dict param post_asp_air_vol=0.012
2025-12-03 18:12:32,617 - DEBUG - Applied dict param overaspirate_vol=0.009
2025-12-03 18:12:32,618 - INFO - Pipetting into vial measurement_vial_0, amount: 0.060 mL
2025-12-03 18:12:36,116 - DEBUG - Adjusting pump 0 speed to 11
2025-12-03 18:12:39,571 - DEBUG - Dispensing 0.082 mL then waiting 25.65417217116392 s
2025-12-03 18:13:05,790 - DEBUG - Blowing out 0.249 mL
2025-12-03 18:13:10,892 - INFO - Removing pipet
2025-12-03 18:13:14,235 - DEBUG - Applied dict param aspirate_speed=32
2025-12-03 18:13:14,235 - DEBUG - Applied dict param dispense_speed=11
2025-12-03 18:13:14,235 - DEBUG - Applied dict param aspirate_wait_time=26.200000000000003
2025-12-03 18:13:14,235 - DEBUG - Applied dict param dispense_wait_time=25.65417217116392
2025-12-03 18:13:14,235 - DEBUG - Applied dict param pre_asp_air_vol=0.001
2025-12-03 18:13:14,235 - DEBUG - Applied dict param retract_speed=8
2025-12-03 18:13:14,235 - DEBUG - Applied dict param blowout_vol=0.249
2025-12-03 18:13:14,235 - DEBUG - Applied dict param post_asp_air_vol=0.012
2025-12-03 18:13:14,235 - DEBUG - Applied dict param overaspirate_vol=0.009
2025-12-03 18:13:14,237 - DEBUG - Selected small_tip for volume 0.081 mL
2025-12-03 18:13:14,237 - INFO - Getting small_tip (pipet number 6) from rack: small_tip_rack_1
2025-12-03 18:13:17,145 - INFO - Pipetting from vial liquid_source_0, amount: 0.060 mL
2025-12-03 18:13:17,145 - INFO - Additional volume from calibration, amount: 0.009 mL
2025-12-03 18:13:17,148 - DEBUG - Adjusting pump 0 speed to 32
2025-12-03 18:13:20,182 - DEBUG - Aspirating 0.001 mL then waiting 0 s
2025-12-03 18:13:21,638 - DEBUG - Aspirating 0.069 mL then waiting 26.200000000000003 s
2025-12-03 18:13:57,831 - DEBUG - Aspirating 0.012 mL then waiting 0 s
2025-12-03 18:14:00,268 - DEBUG - Applied dict param aspirate_speed=32
2025-12-03 18:14:00,268 - DEBUG - Applied dict param dispense_speed=11
2025-12-03 18:14:00,268 - DEBUG - Applied dict param aspirate_wait_time=26.200000000000003
2025-12-03 18:14:00,268 - DEBUG - Applied dict param dispense_wait_time=25.65417217116392
2025-12-03 18:14:00,268 - DEBUG - Applied dict param pre_asp_air_vol=0.001
2025-12-03 18:14:00,268 - DEBUG - Applied dict param retract_speed=8
2025-12-03 18:14:00,268 - DEBUG - Applied dict param blowout_vol=0.249
2025-12-03 18:14:00,271 - DEBUG - Applied dict param post_asp_air_vol=0.012
2025-12-03 18:14:00,271 - DEBUG - Applied dict param overaspirate_vol=0.009
2025-12-03 18:14:00,271 - INFO - Pipetting into vial measurement_vial_0, amount: 0.060 mL
2025-12-03 18:14:02,498 - DEBUG - Adjusting pump 0 speed to 11
2025-12-03 18:14:05,944 - DEBUG - Dispensing 0.082 mL then waiting 25.65417217116392 s
2025-12-03 18:14:32,160 - DEBUG - Blowing out 0.249 mL
2025-12-03 18:14:38,111 - INFO - Removing pipet
2025-12-03 18:14:41,437 - DEBUG - Applied dict param aspirate_speed=32
2025-12-03 18:14:41,437 - DEBUG - Applied dict param dispense_speed=11
2025-12-03 18:14:41,437 - DEBUG - Applied dict param aspirate_wait_time=26.200000000000003
2025-12-03 18:14:41,437 - DEBUG - Applied dict param dispense_wait_time=25.65417217116392
2025-12-03 18:14:41,437 - DEBUG - Applied dict param pre_asp_air_vol=0.001
2025-12-03 18:14:41,437 - DEBUG - Applied dict param retract_speed=8
2025-12-03 18:14:41,437 - DEBUG - Applied dict param blowout_vol=0.249
2025-12-03 18:14:41,437 - DEBUG - Applied dict param post_asp_air_vol=0.012
2025-12-03 18:14:41,437 - DEBUG - Applied dict param overaspirate_vol=0.009
2025-12-03 18:14:41,437 - DEBUG - Selected small_tip for volume 0.081 mL
2025-12-03 18:14:41,437 - INFO - Getting small_tip (pipet number 7) from rack: small_tip_rack_1
2025-12-03 18:14:44,315 - INFO - Pipetting from vial liquid_source_0, amount: 0.060 mL
2025-12-03 18:14:44,315 - INFO - Additional volume from calibration, amount: 0.009 mL
2025-12-03 18:14:44,315 - DEBUG - Adjusting pump 0 speed to 32
2025-12-03 18:14:47,270 - DEBUG - Aspirating 0.001 mL then waiting 0 s
2025-12-03 18:14:48,777 - DEBUG - Aspirating 0.069 mL then waiting 26.200000000000003 s
2025-12-03 18:15:24,960 - DEBUG - Aspirating 0.012 mL then waiting 0 s
2025-12-03 18:15:27,359 - DEBUG - Applied dict param aspirate_speed=32
2025-12-03 18:15:27,359 - DEBUG - Applied dict param dispense_speed=11
2025-12-03 18:15:27,359 - DEBUG - Applied dict param aspirate_wait_time=26.200000000000003
2025-12-03 18:15:27,359 - DEBUG - Applied dict param dispense_wait_time=25.65417217116392
2025-12-03 18:15:27,359 - DEBUG - Applied dict param pre_asp_air_vol=0.001
2025-12-03 18:15:27,359 - DEBUG - Applied dict param retract_speed=8
2025-12-03 18:15:27,359 - DEBUG - Applied dict param blowout_vol=0.249
2025-12-03 18:15:27,359 - DEBUG - Applied dict param post_asp_air_vol=0.012
2025-12-03 18:15:27,359 - DEBUG - Applied dict param overaspirate_vol=0.009
2025-12-03 18:15:27,359 - INFO - Pipetting into vial measurement_vial_0, amount: 0.060 mL
2025-12-03 18:15:28,497 - DEBUG - Adjusting pump 0 speed to 11
2025-12-03 18:15:31,949 - DEBUG - Dispensing 0.082 mL then waiting 25.65417217116392 s
2025-12-03 18:15:58,142 - DEBUG - Blowing out 0.249 mL
2025-12-03 18:16:05,715 - INFO - Removing pipet
2025-12-03 18:16:09,090 - DEBUG - Applied dict param aspirate_speed=32
2025-12-03 18:16:09,090 - DEBUG - Applied dict param dispense_speed=11
2025-12-03 18:16:09,090 - DEBUG - Applied dict param aspirate_wait_time=26.200000000000003
2025-12-03 18:16:09,090 - DEBUG - Applied dict param dispense_wait_time=25.65417217116392
2025-12-03 18:16:09,090 - DEBUG - Applied dict param pre_asp_air_vol=0.001
2025-12-03 18:16:09,090 - DEBUG - Applied dict param retract_speed=8
2025-12-03 18:16:09,090 - DEBUG - Applied dict param blowout_vol=0.249
2025-12-03 18:16:09,090 - DEBUG - Applied dict param post_asp_air_vol=0.012
2025-12-03 18:16:09,090 - DEBUG - Applied dict param overaspirate_vol=0.009
2025-12-03 18:16:09,090 - DEBUG - Selected small_tip for volume 0.081 mL
2025-12-03 18:16:09,090 - INFO - Getting small_tip (pipet number 8) from rack: small_tip_rack_1
2025-12-03 18:16:11,941 - INFO - Pipetting from vial liquid_source_0, amount: 0.060 mL
2025-12-03 18:16:11,941 - INFO - Additional volume from calibration, amount: 0.009 mL
2025-12-03 18:16:11,942 - DEBUG - Adjusting pump 0 speed to 32
2025-12-03 18:16:14,864 - DEBUG - Aspirating 0.001 mL then waiting 0 s
2025-12-03 18:16:16,352 - DEBUG - Aspirating 0.069 mL then waiting 26.200000000000003 s
2025-12-03 18:16:52,565 - DEBUG - Aspirating 0.012 mL then waiting 0 s
2025-12-03 18:16:54,974 - DEBUG - Applied dict param aspirate_speed=32
2025-12-03 18:16:54,974 - DEBUG - Applied dict param dispense_speed=11
2025-12-03 18:16:54,974 - DEBUG - Applied dict param aspirate_wait_time=26.200000000000003
2025-12-03 18:16:54,974 - DEBUG - Applied dict param dispense_wait_time=25.65417217116392
2025-12-03 18:16:54,974 - DEBUG - Applied dict param pre_asp_air_vol=0.001
2025-12-03 18:16:54,974 - DEBUG - Applied dict param retract_speed=8
2025-12-03 18:16:54,974 - DEBUG - Applied dict param blowout_vol=0.249
2025-12-03 18:16:54,974 - DEBUG - Applied dict param post_asp_air_vol=0.012
2025-12-03 18:16:54,974 - DEBUG - Applied dict param overaspirate_vol=0.009
2025-12-03 18:16:54,974 - INFO - Pipetting into vial measurement_vial_0, amount: 0.060 mL
2025-12-03 18:16:58,115 - DEBUG - Adjusting pump 0 speed to 11
2025-12-03 18:17:01,552 - DEBUG - Dispensing 0.082 mL then waiting 25.65417217116392 s
2025-12-03 18:17:27,719 - DEBUG - Blowing out 0.249 mL
2025-12-03 18:17:33,113 - INFO - Removing pipet
2025-12-03 18:17:36,455 - DEBUG - Applied dict param aspirate_speed=32
2025-12-03 18:17:36,455 - DEBUG - Applied dict param dispense_speed=11
2025-12-03 18:17:36,455 - DEBUG - Applied dict param aspirate_wait_time=26.200000000000003
2025-12-03 18:17:36,455 - DEBUG - Applied dict param dispense_wait_time=25.65417217116392
2025-12-03 18:17:36,455 - DEBUG - Applied dict param pre_asp_air_vol=0.001
2025-12-03 18:17:36,455 - DEBUG - Applied dict param retract_speed=8
2025-12-03 18:17:36,455 - DEBUG - Applied dict param blowout_vol=0.249
2025-12-03 18:17:36,455 - DEBUG - Applied dict param post_asp_air_vol=0.012
2025-12-03 18:17:36,455 - DEBUG - Applied dict param overaspirate_vol=0.009
2025-12-03 18:17:36,455 - DEBUG - Selected small_tip for volume 0.081 mL
2025-12-03 18:17:36,455 - INFO - Getting small_tip (pipet number 9) from rack: small_tip_rack_1
2025-12-03 18:17:39,320 - INFO - Pipetting from vial liquid_source_0, amount: 0.060 mL
2025-12-03 18:17:39,322 - INFO - Additional volume from calibration, amount: 0.009 mL
2025-12-03 18:17:39,322 - DEBUG - Adjusting pump 0 speed to 32
2025-12-03 18:17:42,271 - DEBUG - Aspirating 0.001 mL then waiting 0 s
2025-12-03 18:17:43,749 - DEBUG - Aspirating 0.069 mL then waiting 26.200000000000003 s
2025-12-03 18:18:19,914 - DEBUG - Aspirating 0.012 mL then waiting 0 s
2025-12-03 18:18:22,302 - DEBUG - Applied dict param aspirate_speed=32
2025-12-03 18:18:22,302 - DEBUG - Applied dict param dispense_speed=11
2025-12-03 18:18:22,302 - DEBUG - Applied dict param aspirate_wait_time=26.200000000000003
2025-12-03 18:18:22,302 - DEBUG - Applied dict param dispense_wait_time=25.65417217116392
2025-12-03 18:18:22,302 - DEBUG - Applied dict param pre_asp_air_vol=0.001
2025-12-03 18:18:22,302 - DEBUG - Applied dict param retract_speed=8
2025-12-03 18:18:22,302 - DEBUG - Applied dict param blowout_vol=0.249
2025-12-03 18:18:22,302 - DEBUG - Applied dict param post_asp_air_vol=0.012
2025-12-03 18:18:22,302 - DEBUG - Applied dict param overaspirate_vol=0.009
2025-12-03 18:18:22,302 - INFO - Pipetting into vial measurement_vial_0, amount: 0.060 mL
2025-12-03 18:18:24,921 - DEBUG - Adjusting pump 0 speed to 11
2025-12-03 18:18:28,373 - DEBUG - Dispensing 0.082 mL then waiting 25.65417217116392 s
2025-12-03 18:18:54,592 - DEBUG - Blowing out 0.249 mL
2025-12-03 18:18:59,306 - INFO - Removing pipet
2025-12-03 18:19:02,658 - DEBUG - Applied dict param aspirate_speed=32
2025-12-03 18:19:02,658 - DEBUG - Applied dict param dispense_speed=11
2025-12-03 18:19:02,658 - DEBUG - Applied dict param aspirate_wait_time=26.200000000000003
2025-12-03 18:19:02,658 - DEBUG - Applied dict param dispense_wait_time=25.65417217116392
2025-12-03 18:19:02,658 - DEBUG - Applied dict param pre_asp_air_vol=0.001
2025-12-03 18:19:02,658 - DEBUG - Applied dict param retract_speed=8
2025-12-03 18:19:02,658 - DEBUG - Applied dict param blowout_vol=0.249
2025-12-03 18:19:02,658 - DEBUG - Applied dict param post_asp_air_vol=0.012
2025-12-03 18:19:02,658 - DEBUG - Applied dict param overaspirate_vol=0.009
2025-12-03 18:19:02,658 - DEBUG - Selected small_tip for volume 0.111 mL
2025-12-03 18:19:02,658 - INFO - Getting small_tip (pipet number 10) from rack: small_tip_rack_1
2025-12-03 18:19:05,484 - INFO - Pipetting from vial liquid_source_0, amount: 0.090 mL
2025-12-03 18:19:05,484 - INFO - Additional volume from calibration, amount: 0.009 mL
2025-12-03 18:19:05,488 - DEBUG - Adjusting pump 0 speed to 32
2025-12-03 18:19:08,395 - DEBUG - Aspirating 0.001 mL then waiting 0 s
2025-12-03 18:19:09,867 - DEBUG - Aspirating 0.099 mL then waiting 26.200000000000003 s
2025-12-03 18:19:49,679 - DEBUG - Aspirating 0.012 mL then waiting 0 s
2025-12-03 18:19:52,126 - DEBUG - Applied dict param aspirate_speed=32
2025-12-03 18:19:52,126 - DEBUG - Applied dict param dispense_speed=11
2025-12-03 18:19:52,126 - DEBUG - Applied dict param aspirate_wait_time=26.200000000000003
2025-12-03 18:19:52,126 - DEBUG - Applied dict param dispense_wait_time=25.65417217116392
2025-12-03 18:19:52,126 - DEBUG - Applied dict param pre_asp_air_vol=0.001
2025-12-03 18:19:52,126 - DEBUG - Applied dict param retract_speed=8
2025-12-03 18:19:52,126 - DEBUG - Applied dict param blowout_vol=0.249
2025-12-03 18:19:52,126 - DEBUG - Applied dict param post_asp_air_vol=0.012
2025-12-03 18:19:52,126 - DEBUG - Applied dict param overaspirate_vol=0.009
2025-12-03 18:19:52,126 - INFO - Pipetting into vial measurement_vial_0, amount: 0.090 mL
2025-12-03 18:19:55,110 - DEBUG - Adjusting pump 0 speed to 11
2025-12-03 18:19:58,556 - DEBUG - Dispensing 0.112 mL then waiting 25.65417217116392 s
2025-12-03 18:20:24,849 - DEBUG - Blowing out 0.249 mL
2025-12-03 18:20:30,513 - INFO - Removing pipet
2025-12-03 18:20:33,893 - DEBUG - Applied dict param aspirate_speed=32
2025-12-03 18:20:33,893 - DEBUG - Applied dict param dispense_speed=11
2025-12-03 18:20:33,893 - DEBUG - Applied dict param aspirate_wait_time=26.200000000000003
2025-12-03 18:20:33,893 - DEBUG - Applied dict param dispense_wait_time=25.65417217116392
2025-12-03 18:20:33,893 - DEBUG - Applied dict param pre_asp_air_vol=0.001
2025-12-03 18:20:33,893 - DEBUG - Applied dict param retract_speed=8
2025-12-03 18:20:33,893 - DEBUG - Applied dict param blowout_vol=0.249
2025-12-03 18:20:33,893 - DEBUG - Applied dict param post_asp_air_vol=0.012
2025-12-03 18:20:33,893 - DEBUG - Applied dict param overaspirate_vol=0.009
2025-12-03 18:20:33,893 - DEBUG - Selected small_tip for volume 0.111 mL
2025-12-03 18:20:33,893 - INFO - Getting small_tip (pipet number 11) from rack: small_tip_rack_1
2025-12-03 18:20:36,741 - INFO - Pipetting from vial liquid_source_0, amount: 0.090 mL
2025-12-03 18:20:36,741 - INFO - Additional volume from calibration, amount: 0.009 mL
2025-12-03 18:20:36,743 - DEBUG - Adjusting pump 0 speed to 32
2025-12-03 18:20:39,631 - DEBUG - Aspirating 0.001 mL then waiting 0 s
2025-12-03 18:20:41,087 - DEBUG - Aspirating 0.099 mL then waiting 26.200000000000003 s
2025-12-03 18:21:20,898 - DEBUG - Aspirating 0.012 mL then waiting 0 s
2025-12-03 18:21:23,312 - DEBUG - Applied dict param aspirate_speed=32
2025-12-03 18:21:23,312 - DEBUG - Applied dict param dispense_speed=11
2025-12-03 18:21:23,312 - DEBUG - Applied dict param aspirate_wait_time=26.200000000000003
2025-12-03 18:21:23,313 - DEBUG - Applied dict param dispense_wait_time=25.65417217116392
2025-12-03 18:21:23,313 - DEBUG - Applied dict param pre_asp_air_vol=0.001
2025-12-03 18:21:23,313 - DEBUG - Applied dict param retract_speed=8
2025-12-03 18:21:23,313 - DEBUG - Applied dict param blowout_vol=0.249
2025-12-03 18:21:23,313 - DEBUG - Applied dict param post_asp_air_vol=0.012
2025-12-03 18:21:23,313 - DEBUG - Applied dict param overaspirate_vol=0.009
2025-12-03 18:21:23,315 - INFO - Pipetting into vial measurement_vial_0, amount: 0.090 mL
2025-12-03 18:21:24,498 - DEBUG - Adjusting pump 0 speed to 11
2025-12-03 18:21:27,904 - DEBUG - Dispensing 0.112 mL then waiting 25.65417217116392 s
2025-12-03 18:21:54,218 - DEBUG - Blowing out 0.249 mL
2025-12-03 18:21:59,910 - INFO - Removing pipet
2025-12-03 18:22:03,241 - DEBUG - Applied dict param aspirate_speed=32
2025-12-03 18:22:03,241 - DEBUG - Applied dict param dispense_speed=11
2025-12-03 18:22:03,241 - DEBUG - Applied dict param aspirate_wait_time=26.200000000000003
2025-12-03 18:22:03,241 - DEBUG - Applied dict param dispense_wait_time=25.65417217116392
2025-12-03 18:22:03,241 - DEBUG - Applied dict param pre_asp_air_vol=0.001
2025-12-03 18:22:03,242 - DEBUG - Applied dict param retract_speed=8
2025-12-03 18:22:03,242 - DEBUG - Applied dict param blowout_vol=0.249
2025-12-03 18:22:03,242 - DEBUG - Applied dict param post_asp_air_vol=0.012
2025-12-03 18:22:03,242 - DEBUG - Applied dict param overaspirate_vol=0.009
2025-12-03 18:22:03,243 - DEBUG - Selected small_tip for volume 0.111 mL
2025-12-03 18:22:03,243 - INFO - Getting small_tip (pipet number 12) from rack: small_tip_rack_1
2025-12-03 18:22:06,036 - INFO - Pipetting from vial liquid_source_0, amount: 0.090 mL
2025-12-03 18:22:06,036 - INFO - Additional volume from calibration, amount: 0.009 mL
2025-12-03 18:22:06,036 - DEBUG - Adjusting pump 0 speed to 32
2025-12-03 18:22:08,915 - DEBUG - Aspirating 0.001 mL then waiting 0 s
2025-12-03 18:22:10,369 - DEBUG - Aspirating 0.099 mL then waiting 26.200000000000003 s
2025-12-03 18:22:50,186 - DEBUG - Aspirating 0.012 mL then waiting 0 s
2025-12-03 18:22:52,638 - DEBUG - Applied dict param aspirate_speed=32
2025-12-03 18:22:52,638 - DEBUG - Applied dict param dispense_speed=11
2025-12-03 18:22:52,638 - DEBUG - Applied dict param aspirate_wait_time=26.200000000000003
2025-12-03 18:22:52,638 - DEBUG - Applied dict param dispense_wait_time=25.65417217116392
2025-12-03 18:22:52,638 - DEBUG - Applied dict param pre_asp_air_vol=0.001
2025-12-03 18:22:52,638 - DEBUG - Applied dict param retract_speed=8
2025-12-03 18:22:52,638 - DEBUG - Applied dict param blowout_vol=0.249
2025-12-03 18:22:52,638 - DEBUG - Applied dict param post_asp_air_vol=0.012
2025-12-03 18:22:52,638 - DEBUG - Applied dict param overaspirate_vol=0.009
2025-12-03 18:22:52,641 - INFO - Pipetting into vial measurement_vial_0, amount: 0.090 mL
2025-12-03 18:22:55,903 - DEBUG - Adjusting pump 0 speed to 11
2025-12-03 18:22:59,348 - DEBUG - Dispensing 0.112 mL then waiting 25.65417217116392 s
2025-12-03 18:23:25,705 - DEBUG - Blowing out 0.249 mL
2025-12-03 18:23:30,312 - INFO - Removing pipet
2025-12-03 18:23:33,641 - DEBUG - Applied dict param aspirate_speed=32
2025-12-03 18:23:33,641 - DEBUG - Applied dict param dispense_speed=11
2025-12-03 18:23:33,641 - DEBUG - Applied dict param aspirate_wait_time=26.200000000000003
2025-12-03 18:23:33,641 - DEBUG - Applied dict param dispense_wait_time=25.65417217116392
2025-12-03 18:23:33,641 - DEBUG - Applied dict param pre_asp_air_vol=0.001
2025-12-03 18:23:33,641 - DEBUG - Applied dict param retract_speed=8
2025-12-03 18:23:33,641 - DEBUG - Applied dict param blowout_vol=0.249
2025-12-03 18:23:33,641 - DEBUG - Applied dict param post_asp_air_vol=0.012
2025-12-03 18:23:33,641 - DEBUG - Applied dict param overaspirate_vol=0.009
2025-12-03 18:23:33,641 - DEBUG - Selected small_tip for volume 0.111 mL
2025-12-03 18:23:33,641 - INFO - Getting small_tip (pipet number 13) from rack: small_tip_rack_1
2025-12-03 18:23:36,425 - INFO - Pipetting from vial liquid_source_0, amount: 0.090 mL
2025-12-03 18:23:36,425 - INFO - Additional volume from calibration, amount: 0.009 mL
2025-12-03 18:23:36,429 - DEBUG - Adjusting pump 0 speed to 32
2025-12-03 18:23:39,240 - DEBUG - Aspirating 0.001 mL then waiting 0 s
2025-12-03 18:23:40,742 - DEBUG - Aspirating 0.099 mL then waiting 26.200000000000003 s
2025-12-03 18:24:20,586 - DEBUG - Aspirating 0.012 mL then waiting 0 s
2025-12-03 18:24:23,016 - DEBUG - Applied dict param aspirate_speed=32
2025-12-03 18:24:23,016 - DEBUG - Applied dict param dispense_speed=11
2025-12-03 18:24:23,016 - DEBUG - Applied dict param aspirate_wait_time=26.200000000000003
2025-12-03 18:24:23,016 - DEBUG - Applied dict param dispense_wait_time=25.65417217116392
2025-12-03 18:24:23,016 - DEBUG - Applied dict param pre_asp_air_vol=0.001
2025-12-03 18:24:23,016 - DEBUG - Applied dict param retract_speed=8
2025-12-03 18:24:23,016 - DEBUG - Applied dict param blowout_vol=0.249
2025-12-03 18:24:23,016 - DEBUG - Applied dict param post_asp_air_vol=0.012
2025-12-03 18:24:23,016 - DEBUG - Applied dict param overaspirate_vol=0.009
2025-12-03 18:24:23,016 - INFO - Pipetting into vial measurement_vial_0, amount: 0.090 mL
2025-12-03 18:24:24,309 - DEBUG - Adjusting pump 0 speed to 11
2025-12-03 18:24:27,721 - DEBUG - Dispensing 0.112 mL then waiting 25.65417217116392 s
2025-12-03 18:24:54,039 - DEBUG - Blowing out 0.249 mL
2025-12-03 18:25:00,308 - INFO - Removing pipet
2025-12-03 18:25:03,631 - DEBUG - Applied dict param aspirate_speed=32
2025-12-03 18:25:03,631 - DEBUG - Applied dict param dispense_speed=11
2025-12-03 18:25:03,631 - DEBUG - Applied dict param aspirate_wait_time=26.200000000000003
2025-12-03 18:25:03,631 - DEBUG - Applied dict param dispense_wait_time=25.65417217116392
2025-12-03 18:25:03,631 - DEBUG - Applied dict param pre_asp_air_vol=0.001
2025-12-03 18:25:03,631 - DEBUG - Applied dict param retract_speed=8
2025-12-03 18:25:03,631 - DEBUG - Applied dict param blowout_vol=0.249
2025-12-03 18:25:03,631 - DEBUG - Applied dict param post_asp_air_vol=0.012
2025-12-03 18:25:03,631 - DEBUG - Applied dict param overaspirate_vol=0.009
2025-12-03 18:25:03,631 - DEBUG - Selected small_tip for volume 0.111 mL
2025-12-03 18:25:03,631 - INFO - Getting small_tip (pipet number 14) from rack: small_tip_rack_1
2025-12-03 18:25:06,397 - INFO - Pipetting from vial liquid_source_0, amount: 0.090 mL
2025-12-03 18:25:06,397 - INFO - Additional volume from calibration, amount: 0.009 mL
2025-12-03 18:25:06,397 - DEBUG - Adjusting pump 0 speed to 32
2025-12-03 18:25:09,188 - DEBUG - Aspirating 0.001 mL then waiting 0 s
2025-12-03 18:25:10,661 - DEBUG - Aspirating 0.099 mL then waiting 26.200000000000003 s
2025-12-03 18:25:50,559 - DEBUG - Aspirating 0.012 mL then waiting 0 s
2025-12-03 18:25:52,984 - DEBUG - Applied dict param aspirate_speed=32
2025-12-03 18:25:52,984 - DEBUG - Applied dict param dispense_speed=11
2025-12-03 18:25:52,984 - DEBUG - Applied dict param aspirate_wait_time=26.200000000000003
2025-12-03 18:25:52,984 - DEBUG - Applied dict param dispense_wait_time=25.65417217116392
2025-12-03 18:25:52,984 - DEBUG - Applied dict param pre_asp_air_vol=0.001
2025-12-03 18:25:52,984 - DEBUG - Applied dict param retract_speed=8
2025-12-03 18:25:52,984 - DEBUG - Applied dict param blowout_vol=0.249
2025-12-03 18:25:52,984 - DEBUG - Applied dict param post_asp_air_vol=0.012
2025-12-03 18:25:52,984 - DEBUG - Applied dict param overaspirate_vol=0.009
2025-12-03 18:25:52,984 - INFO - Pipetting into vial measurement_vial_0, amount: 0.090 mL
2025-12-03 18:25:53,904 - DEBUG - Adjusting pump 0 speed to 11
2025-12-03 18:25:57,325 - DEBUG - Dispensing 0.112 mL then waiting 25.65417217116392 s
2025-12-03 18:26:23,634 - DEBUG - Blowing out 0.249 mL
2025-12-03 18:26:28,915 - INFO - Removing pipet
