2025-11-27 16:44:55,581 - INFO - Initializing North Robot...
2025-11-27 16:44:55,581 - DEBUG - Loading robot configuration files...
2025-11-27 16:44:55,596 - DEBUG - Loaded vial positions configuration from robot_state/vial_positions.yaml
2025-11-27 16:44:55,599 - DEBUG - Loaded pipet tips configuration from robot_state/pipet_tips.yaml
2025-11-27 16:44:55,601 - DEBUG - Loaded pipet racks configuration from robot_state/pipet_racks.yaml
2025-11-27 16:44:55,606 - DEBUG - Loaded pump configuration from robot_state/syringe_pumps.yaml
2025-11-27 16:44:55,609 - DEBUG - Loaded robot hardware configuration from robot_state/robot_hardware.yaml
2025-11-27 16:44:55,613 - DEBUG - Loaded wellplate properties configuration from robot_state/wellplates.yaml
2025-11-27 16:44:55,613 - DEBUG - Loading robot state files...
2025-11-27 16:44:55,627 - DEBUG - Loaded vial data from status/calibration_vials_overnight.csv
2025-11-27 16:44:55,627 - DEBUG - Loaded robot status from robot_state/robot_status.yaml
2025-11-27 16:44:55,641 - DEBUG - Loaded wellplate positions from robot_state/wellplates.yaml
2025-11-27 16:44:55,641 - DEBUG - Robot status loaded successfully
2025-11-27 16:44:55,641 - DEBUG - Loading pumps from YAML configuration...
2025-11-27 16:44:55,741 - DEBUG - Loaded pump 0: volume=1.0mL, speed=11, liquid=None
2025-11-27 16:44:55,841 - DEBUG - Loaded pump 1: volume=2.5mL, speed=15, liquid=water
2025-11-27 16:44:55,841 - DEBUG - Physical initialization of North Robot...
2025-11-27 16:44:56,157 - INFO - Moving robot to home position
2025-11-27 16:45:03,135 - DEBUG - Current reader status: 0
2025-11-27 16:45:03,135 - INFO - Cytation5 is connected and ready
2025-11-27 16:45:03,135 - INFO - Initializing North Track...
2025-11-27 16:45:03,136 - DEBUG - Loading track status from file: robot_state/track_status.yaml
2025-11-27 16:45:03,136 - DEBUG - Getting track status from file: robot_state/track_status.yaml
2025-11-27 16:45:03,137 - DEBUG - Loaded track status from robot_state/track_status.yaml
2025-11-27 16:45:03,137 - DEBUG - Loading track positions from: robot_state/track_positions.yaml
2025-11-27 16:45:03,143 - DEBUG - Loaded track positions configuration from robot_state/track_positions.yaml
2025-11-27 16:45:03,143 - DEBUG - Loading robot hardware configuration from: robot_state/robot_hardware.yaml
2025-11-27 16:45:03,147 - DEBUG - Loaded robot hardware configuration from robot_state/robot_hardware.yaml
2025-11-27 16:45:03,152 - DEBUG - Loaded wellplate properties configuration from robot_state/wellplates.yaml
2025-11-27 16:45:03,241 - DEBUG - Moving North Track to home position
2025-11-27 16:45:03,245 - INFO -    vial_index           vial_name       location  location_index  vial_volume  capped cap_type vial_type  home_location  home_location_index
0           0     liquid_source_0  main_8mL_rack              43          7.0    True     open      8_mL  main_8mL_rack                   43
1           1  measurement_vial_0  main_8mL_rack              44          0.0    True     open      8_mL  main_8mL_rack                   44
2025-11-27 16:45:03,265 - INFO - Visualizing vial racks...
2025-11-27 16:45:03,426 - DEBUG - Visualizing rack: Main Rack with filter: main_8mL_rack
2025-11-27 16:45:03,585 - DEBUG - Visualizing rack: Second Rack with filter: large_vial_rack
2025-11-27 16:45:40,063 - INFO - Moving vial measurement_vial_0 to clamp: 0
2025-11-27 16:45:40,063 - DEBUG - Grabbing vial 1 with index 1
2025-11-27 16:45:42,148 - DEBUG - Dropping off vial 1 at location clamp with index 0
2025-11-27 16:45:45,885 - DEBUG - Applied dict param aspirate_speed=20
2025-11-27 16:45:45,885 - DEBUG - Applied dict param dispense_speed=15
2025-11-27 16:45:45,885 - DEBUG - Applied dict param aspirate_wait_time=2.0
2025-11-27 16:45:45,885 - DEBUG - Applied dict param dispense_wait_time=1.0
2025-11-27 16:45:45,885 - DEBUG - Applied dict param pre_asp_air_vol=0.1
2025-11-27 16:45:45,885 - DEBUG - Applied dict param retract_speed=5.0
2025-11-27 16:45:45,885 - DEBUG - Applied dict param blowout_vol=0.02
2025-11-27 16:45:45,885 - DEBUG - Applied dict param post_asp_air_vol=0.01
2025-11-27 16:45:45,885 - DEBUG - Applied dict param overaspirate_vol=0.005000000000000001
2025-11-27 16:45:45,885 - DEBUG - Vial move required for pipetting
2025-11-27 16:45:45,885 - INFO - Moving vial liquid_source_0 to safe pipetting location
2025-11-27 16:45:45,885 - DEBUG - Clamp occupied by vial 1, returning it home first
2025-11-27 16:45:45,885 - INFO - Returning vial measurement_vial_0 to home location: main_8mL_rack index 44
2025-11-27 16:45:45,900 - INFO - Moving vial measurement_vial_0 to main_8mL_rack: 44
2025-11-27 16:45:45,900 - DEBUG - Grabbing vial 1 with index 1
2025-11-27 16:45:46,209 - DEBUG - Dropping off vial 1 at location main_8mL_rack with index 44
2025-11-27 16:45:49,920 - INFO - Moving vial liquid_source_0 to clamp: 0
2025-11-27 16:45:49,920 - DEBUG - Grabbing vial 0 with index 0
2025-11-27 16:45:52,122 - DEBUG - Dropping off vial 0 at location clamp with index 0
2025-11-27 16:45:55,857 - DEBUG - Vial liquid_source_0 has open cap, skipping uncap operation
2025-11-27 16:45:55,857 - DEBUG - Selected small_tip for volume 0.040 mL
2025-11-27 16:45:55,857 - INFO - Getting small_tip (pipet number 0) from rack: small_tip_rack_1
