2026-04-13 11:28:18,117 - DEBUG - No workflow config provided - using default initialization
2026-04-13 11:28:18,117 - INFO - GUI disabled - skipping status review, proceeding directly to hardware initialization
2026-04-13 11:28:18,118 - INFO - Initializing North Robot...
2026-04-13 11:28:18,118 - DEBUG - Loading robot configuration files...
2026-04-13 11:28:18,135 - DEBUG - Loaded vial positions configuration from robot_state/vial_positions.yaml
2026-04-13 11:28:18,137 - DEBUG - Loaded pipet tips configuration from robot_state/pipet_tips.yaml
2026-04-13 11:28:18,142 - DEBUG - Loaded pipet racks configuration from robot_state/pipet_racks.yaml
2026-04-13 11:28:18,145 - DEBUG - Loaded pump configuration from robot_state/syringe_pumps.yaml
2026-04-13 11:28:18,148 - DEBUG - Loaded robot hardware configuration from robot_state/robot_hardware.yaml
2026-04-13 11:28:18,152 - DEBUG - Loaded wellplate properties configuration from robot_state/wellplates.yaml
2026-04-13 11:28:18,152 - DEBUG - Loading robot state files...
2026-04-13 11:28:18,154 - DEBUG - Loaded vial data from status/calibration_vials_short.csv
2026-04-13 11:28:18,166 - DEBUG - Loaded robot status from robot_state/robot_status.yaml
2026-04-13 11:28:18,170 - DEBUG - Loaded wellplate positions from robot_state/wellplates.yaml
2026-04-13 11:28:18,171 - DEBUG - Robot status loaded successfully
2026-04-13 11:28:18,171 - INFO - Physical initialization of North Robot...
2026-04-13 11:28:18,172 - DEBUG - Loading pumps from YAML configuration...
2026-04-13 11:28:18,173 - DEBUG - Loaded pump 0: volume=1.0mL, speed=11, liquid=None
2026-04-13 11:28:18,173 - DEBUG - Loaded pump 1: volume=2.5mL, speed=15, liquid=water
2026-04-13 11:28:18,173 - INFO - Robot reports having a vial index for liquid but only 0.000 mL volume - skipping dispense
2026-04-13 11:28:18,174 - WARNING - The robot reports having a tip, removing the tip
2026-04-13 11:28:18,174 - INFO - Removing pipet
2026-04-13 11:28:18,175 - INFO - Moving robot to home position
2026-04-13 11:28:18,176 - DEBUG - Initializing centrifuge controller...
2026-04-13 11:28:18,176 - INFO - Initializing North Track...
2026-04-13 11:28:18,177 - DEBUG - Loading track status from file: robot_state/track_status.yaml
2026-04-13 11:28:18,177 - DEBUG - Getting track status from file: robot_state/track_status.yaml
2026-04-13 11:28:18,182 - DEBUG - Loaded track status from robot_state/track_status.yaml
2026-04-13 11:28:18,182 - DEBUG - Loading track positions from: robot_state/track_positions.yaml
2026-04-13 11:28:18,189 - DEBUG - Loaded track positions configuration from robot_state/track_positions.yaml
2026-04-13 11:28:18,189 - DEBUG - Loading robot hardware configuration from: robot_state/robot_hardware.yaml
2026-04-13 11:28:18,192 - DEBUG - Loaded robot hardware configuration from robot_state/robot_hardware.yaml
2026-04-13 11:28:18,195 - DEBUG - Loaded wellplate properties configuration from robot_state/wellplates.yaml
2026-04-13 11:28:18,197 - DEBUG - Moving North Track to home position
2026-04-13 11:28:18,197 - DEBUG - Detected origin position (0,0) - setting location to 'origin'
2026-04-13 11:28:18,197 - DEBUG - Updated gripper location to: origin at position {'x': 0, 'z': 0}
2026-04-13 11:28:18,197 - DEBUG - Simulating robot component homing...
2026-04-13 11:28:18,199 - INFO - Vial PVA already at clamp index 0, no move needed
2026-04-13 11:28:18,199 - DEBUG - Applied object param asp_disp_cycles=0
2026-04-13 11:28:18,199 - DEBUG - Applied object param aspirate_speed=15
2026-04-13 11:28:18,199 - DEBUG - Applied object param aspirate_wait_time=0.0
2026-04-13 11:28:18,199 - DEBUG - Applied object param blowout_vol=0.5
2026-04-13 11:28:18,199 - DEBUG - Applied object param dispense_speed=5
2026-04-13 11:28:18,199 - DEBUG - Applied object param dispense_wait_time=0.0
2026-04-13 11:28:18,199 - DEBUG - Applied object param overaspirate_vol=0.0
2026-04-13 11:28:18,199 - DEBUG - Applied object param post_asp_air_vol=0.0
2026-04-13 11:28:18,199 - DEBUG - Applied object param post_retract_wait_time=0.0
2026-04-13 11:28:18,200 - DEBUG - Applied object param pre_asp_air_vol=0.0
2026-04-13 11:28:18,200 - DEBUG - Applied object param retract_speed=10
2026-04-13 11:28:18,200 - DEBUG - Selected small_tip for volume 0.060 mL
2026-04-13 11:28:18,201 - INFO - Getting small_tip (pipet number 1) from rack: small_tip_rack_1
2026-04-13 11:28:18,204 - INFO - Pipetting from vial PVA, amount: 0.060 mL
2026-04-13 11:28:18,204 - INFO - Additional volume from calibration, amount: 0.000 mL
2026-04-13 11:28:18,206 - DEBUG - Adjusting pump 0 speed to 10
2026-04-13 11:28:18,206 - DEBUG - Adjusting pump 0 speed to 15
2026-04-13 11:28:18,206 - DEBUG - Aspirating 0.060 mL then waiting 0.0 s
2026-04-13 11:28:18,207 - DEBUG - Applied object param asp_disp_cycles=0
2026-04-13 11:28:18,207 - DEBUG - Applied object param aspirate_speed=15
2026-04-13 11:28:18,207 - DEBUG - Applied object param aspirate_wait_time=0.0
2026-04-13 11:28:18,207 - DEBUG - Applied object param blowout_vol=0.5
2026-04-13 11:28:18,208 - DEBUG - Applied object param dispense_speed=5
2026-04-13 11:28:18,208 - DEBUG - Applied object param dispense_wait_time=0.0
2026-04-13 11:28:18,208 - DEBUG - Applied object param overaspirate_vol=0.0
2026-04-13 11:28:18,208 - DEBUG - Applied object param post_asp_air_vol=0.0
2026-04-13 11:28:18,208 - DEBUG - Applied object param post_retract_wait_time=0.0
2026-04-13 11:28:18,208 - DEBUG - Applied object param pre_asp_air_vol=0.0
2026-04-13 11:28:18,208 - DEBUG - Applied object param retract_speed=10
2026-04-13 11:28:18,209 - INFO - Pipetting into vial PVA, amount: 0.060 mL
2026-04-13 11:28:18,211 - DEBUG - Adjusting pump 0 speed to 5
2026-04-13 11:28:18,212 - DEBUG - Dispensing 0.060 mL then waiting 0.0 s
2026-04-13 11:28:18,213 - DEBUG - Blowing out 0.500 mL
2026-04-13 11:28:18,213 - DEBUG - Adjusting pump 0 speed to 5
2026-04-13 11:28:18,215 - DEBUG - Adjusting pump 0 speed to 5
2026-04-13 11:28:18,216 - DEBUG - Applied object param asp_disp_cycles=0
2026-04-13 11:28:18,216 - DEBUG - Applied object param aspirate_speed=15
2026-04-13 11:28:18,216 - DEBUG - Applied object param aspirate_wait_time=0.0
2026-04-13 11:28:18,216 - DEBUG - Applied object param blowout_vol=0.5
2026-04-13 11:28:18,216 - DEBUG - Applied object param dispense_speed=5
2026-04-13 11:28:18,216 - DEBUG - Applied object param dispense_wait_time=0.0
2026-04-13 11:28:18,216 - DEBUG - Applied object param overaspirate_vol=0.0
2026-04-13 11:28:18,216 - DEBUG - Applied object param post_asp_air_vol=0.0
2026-04-13 11:28:18,216 - DEBUG - Applied object param post_retract_wait_time=0.0
2026-04-13 11:28:18,216 - DEBUG - Applied object param pre_asp_air_vol=0.0
2026-04-13 11:28:18,216 - DEBUG - Applied object param retract_speed=10
2026-04-13 11:28:18,217 - DEBUG - Selected small_tip for volume 0.060 mL
2026-04-13 11:28:18,219 - INFO - Pipetting from vial PVA, amount: 0.060 mL
2026-04-13 11:28:18,219 - INFO - Additional volume from calibration, amount: 0.000 mL
2026-04-13 11:28:18,219 - DEBUG - Adjusting pump 0 speed to 10
2026-04-13 11:28:18,219 - DEBUG - Adjusting pump 0 speed to 15
2026-04-13 11:28:18,219 - DEBUG - Aspirating 0.060 mL then waiting 0.0 s
2026-04-13 11:28:18,220 - DEBUG - Applied object param asp_disp_cycles=0
2026-04-13 11:28:18,220 - DEBUG - Applied object param aspirate_speed=15
2026-04-13 11:28:18,220 - DEBUG - Applied object param aspirate_wait_time=0.0
2026-04-13 11:28:18,220 - DEBUG - Applied object param blowout_vol=0.5
2026-04-13 11:28:18,220 - DEBUG - Applied object param dispense_speed=5
2026-04-13 11:28:18,220 - DEBUG - Applied object param dispense_wait_time=0.0
2026-04-13 11:28:18,220 - DEBUG - Applied object param overaspirate_vol=0.0
2026-04-13 11:28:18,220 - DEBUG - Applied object param post_asp_air_vol=0.0
2026-04-13 11:28:18,220 - DEBUG - Applied object param post_retract_wait_time=0.0
2026-04-13 11:28:18,220 - DEBUG - Applied object param pre_asp_air_vol=0.0
2026-04-13 11:28:18,220 - DEBUG - Applied object param retract_speed=10
2026-04-13 11:28:18,221 - INFO - Pipetting into vial PVA, amount: 0.060 mL
2026-04-13 11:28:18,222 - DEBUG - Adjusting pump 0 speed to 5
2026-04-13 11:28:18,223 - DEBUG - Dispensing 0.060 mL then waiting 0.0 s
2026-04-13 11:28:18,223 - DEBUG - Blowing out 0.500 mL
2026-04-13 11:28:18,223 - DEBUG - Adjusting pump 0 speed to 5
2026-04-13 11:28:18,223 - DEBUG - Adjusting pump 0 speed to 5
2026-04-13 11:28:18,224 - DEBUG - Applied object param asp_disp_cycles=0
2026-04-13 11:28:18,224 - DEBUG - Applied object param aspirate_speed=15
2026-04-13 11:28:18,224 - DEBUG - Applied object param aspirate_wait_time=0.0
2026-04-13 11:28:18,224 - DEBUG - Applied object param blowout_vol=0.5
2026-04-13 11:28:18,224 - DEBUG - Applied object param dispense_speed=5
2026-04-13 11:28:18,224 - DEBUG - Applied object param dispense_wait_time=0.0
2026-04-13 11:28:18,224 - DEBUG - Applied object param overaspirate_vol=0.0
2026-04-13 11:28:18,224 - DEBUG - Applied object param post_asp_air_vol=0.0
2026-04-13 11:28:18,224 - DEBUG - Applied object param post_retract_wait_time=0.0
2026-04-13 11:28:18,224 - DEBUG - Applied object param pre_asp_air_vol=0.0
2026-04-13 11:28:18,224 - DEBUG - Applied object param retract_speed=10
2026-04-13 11:28:18,225 - DEBUG - Selected small_tip for volume 0.060 mL
2026-04-13 11:28:18,228 - INFO - Pipetting from vial PVA, amount: 0.060 mL
2026-04-13 11:28:18,230 - INFO - Additional volume from calibration, amount: 0.000 mL
2026-04-13 11:28:18,230 - DEBUG - Adjusting pump 0 speed to 10
2026-04-13 11:28:18,231 - DEBUG - Adjusting pump 0 speed to 15
2026-04-13 11:28:18,231 - DEBUG - Aspirating 0.060 mL then waiting 0.0 s
2026-04-13 11:28:18,231 - DEBUG - Applied object param asp_disp_cycles=0
2026-04-13 11:28:18,231 - DEBUG - Applied object param aspirate_speed=15
2026-04-13 11:28:18,231 - DEBUG - Applied object param aspirate_wait_time=0.0
2026-04-13 11:28:18,231 - DEBUG - Applied object param blowout_vol=0.5
2026-04-13 11:28:18,231 - DEBUG - Applied object param dispense_speed=5
2026-04-13 11:28:18,231 - DEBUG - Applied object param dispense_wait_time=0.0
2026-04-13 11:28:18,231 - DEBUG - Applied object param overaspirate_vol=0.0
2026-04-13 11:28:18,231 - DEBUG - Applied object param post_asp_air_vol=0.0
2026-04-13 11:28:18,231 - DEBUG - Applied object param post_retract_wait_time=0.0
2026-04-13 11:28:18,231 - DEBUG - Applied object param pre_asp_air_vol=0.0
2026-04-13 11:28:18,231 - DEBUG - Applied object param retract_speed=10
2026-04-13 11:28:18,233 - INFO - Pipetting into vial PVA, amount: 0.060 mL
2026-04-13 11:28:18,234 - DEBUG - Adjusting pump 0 speed to 5
2026-04-13 11:28:18,235 - DEBUG - Dispensing 0.060 mL then waiting 0.0 s
2026-04-13 11:28:18,235 - DEBUG - Blowing out 0.500 mL
2026-04-13 11:28:18,235 - DEBUG - Adjusting pump 0 speed to 5
2026-04-13 11:28:18,235 - DEBUG - Adjusting pump 0 speed to 5
2026-04-13 11:28:18,235 - DEBUG - Applied object param asp_disp_cycles=0
2026-04-13 11:28:18,235 - DEBUG - Applied object param aspirate_speed=15
2026-04-13 11:28:18,235 - DEBUG - Applied object param aspirate_wait_time=0.0
2026-04-13 11:28:18,235 - DEBUG - Applied object param blowout_vol=0.5
2026-04-13 11:28:18,235 - DEBUG - Applied object param dispense_speed=5
2026-04-13 11:28:18,235 - DEBUG - Applied object param dispense_wait_time=0.0
2026-04-13 11:28:18,235 - DEBUG - Applied object param overaspirate_vol=0.0
2026-04-13 11:28:18,236 - DEBUG - Applied object param post_asp_air_vol=0.0
2026-04-13 11:28:18,236 - DEBUG - Applied object param post_retract_wait_time=0.0
2026-04-13 11:28:18,236 - DEBUG - Applied object param pre_asp_air_vol=0.0
2026-04-13 11:28:18,236 - DEBUG - Applied object param retract_speed=10
2026-04-13 11:28:18,237 - DEBUG - Selected small_tip for volume 0.060 mL
2026-04-13 11:28:18,238 - INFO - Pipetting from vial PVA, amount: 0.060 mL
2026-04-13 11:28:18,239 - INFO - Additional volume from calibration, amount: 0.000 mL
2026-04-13 11:28:18,239 - DEBUG - Adjusting pump 0 speed to 10
2026-04-13 11:28:18,239 - DEBUG - Adjusting pump 0 speed to 15
2026-04-13 11:28:18,239 - DEBUG - Aspirating 0.060 mL then waiting 0.0 s
2026-04-13 11:28:18,239 - DEBUG - Applied object param asp_disp_cycles=0
2026-04-13 11:28:18,239 - DEBUG - Applied object param aspirate_speed=15
2026-04-13 11:28:18,239 - DEBUG - Applied object param aspirate_wait_time=0.0
2026-04-13 11:28:18,239 - DEBUG - Applied object param blowout_vol=0.5
2026-04-13 11:28:18,239 - DEBUG - Applied object param dispense_speed=5
2026-04-13 11:28:18,239 - DEBUG - Applied object param dispense_wait_time=0.0
2026-04-13 11:28:18,239 - DEBUG - Applied object param overaspirate_vol=0.0
2026-04-13 11:28:18,240 - DEBUG - Applied object param post_asp_air_vol=0.0
2026-04-13 11:28:18,240 - DEBUG - Applied object param post_retract_wait_time=0.0
2026-04-13 11:28:18,240 - DEBUG - Applied object param pre_asp_air_vol=0.0
2026-04-13 11:28:18,240 - DEBUG - Applied object param retract_speed=10
2026-04-13 11:28:18,241 - INFO - Pipetting into vial PVA, amount: 0.060 mL
2026-04-13 11:28:18,242 - DEBUG - Adjusting pump 0 speed to 5
2026-04-13 11:28:18,243 - DEBUG - Dispensing 0.060 mL then waiting 0.0 s
2026-04-13 11:28:18,243 - DEBUG - Blowing out 0.500 mL
2026-04-13 11:28:18,243 - DEBUG - Adjusting pump 0 speed to 5
2026-04-13 11:28:18,244 - DEBUG - Adjusting pump 0 speed to 5
2026-04-13 11:28:18,244 - INFO - Moving robot to home position
2026-04-13 11:28:18,245 - DEBUG - Applied dict param aspirate_speed=10
2026-04-13 11:28:18,245 - DEBUG - Applied dict param dispense_speed=10
2026-04-13 11:28:18,245 - DEBUG - Applied dict param aspirate_wait_time=0.0
2026-04-13 11:28:18,245 - DEBUG - Applied dict param dispense_wait_time=1.5
2026-04-13 11:28:18,245 - DEBUG - Applied dict param pre_asp_air_vol=0.0
2026-04-13 11:28:18,245 - DEBUG - Applied dict param retract_speed=5
2026-04-13 11:28:18,245 - DEBUG - Applied dict param blowout_vol=0.0
2026-04-13 11:28:18,245 - DEBUG - Applied dict param post_asp_air_vol=0.0
2026-04-13 11:28:18,245 - DEBUG - Applied dict param post_retract_wait_time=0.0
2026-04-13 11:28:18,245 - DEBUG - Applied dict param overaspirate_vol=0.004
2026-04-13 11:28:18,245 - DEBUG - Applied dict param asp_disp_cycles=0
2026-04-13 11:28:18,248 - DEBUG - Selected small_tip for volume 0.100 mL
2026-04-13 11:28:18,250 - INFO - Pipetting from vial PVA, amount: 0.100 mL
2026-04-13 11:28:18,250 - INFO - Additional volume from calibration, amount: 0.004 mL
2026-04-13 11:28:18,252 - DEBUG - Adjusting pump 0 speed to 10
2026-04-13 11:28:18,252 - DEBUG - Adjusting pump 0 speed to 10
2026-04-13 11:28:18,252 - DEBUG - Aspirating 0.104 mL then waiting 0.0 s
2026-04-13 11:28:18,252 - DEBUG - Applied dict param aspirate_speed=10
2026-04-13 11:28:18,252 - DEBUG - Applied dict param dispense_speed=10
2026-04-13 11:28:18,252 - DEBUG - Applied dict param aspirate_wait_time=0.0
2026-04-13 11:28:18,252 - DEBUG - Applied dict param dispense_wait_time=1.5
2026-04-13 11:28:18,252 - DEBUG - Applied dict param pre_asp_air_vol=0.0
2026-04-13 11:28:18,252 - DEBUG - Applied dict param retract_speed=5
2026-04-13 11:28:18,253 - DEBUG - Applied dict param blowout_vol=0.0
2026-04-13 11:28:18,253 - DEBUG - Applied dict param post_asp_air_vol=0.0
2026-04-13 11:28:18,253 - DEBUG - Applied dict param post_retract_wait_time=0.0
2026-04-13 11:28:18,253 - DEBUG - Applied dict param overaspirate_vol=0.004
2026-04-13 11:28:18,253 - DEBUG - Applied dict param asp_disp_cycles=0
2026-04-13 11:28:18,254 - INFO - Pipetting into vial PVA, amount: 0.100 mL
2026-04-13 11:28:18,255 - INFO - Simulation mode - initial mass set to 0
2026-04-13 11:28:18,255 - DEBUG - Adjusting pump 0 speed to 10
2026-04-13 11:28:18,256 - DEBUG - Dispensing 0.104 mL then waiting 1.5 s
2026-04-13 11:28:18,256 - INFO - Simulation mode - final mass set to 0
2026-04-13 11:28:18,256 - INFO - Mass difference: 0.000000 g (target: 0.100 mL = ~0.100000 g for water)
2026-04-13 11:28:18,263 - DEBUG - Applied dict param aspirate_speed=10
2026-04-13 11:28:18,263 - DEBUG - Applied dict param dispense_speed=10
2026-04-13 11:28:18,263 - DEBUG - Applied dict param aspirate_wait_time=0.0
2026-04-13 11:28:18,263 - DEBUG - Applied dict param dispense_wait_time=1.5
2026-04-13 11:28:18,263 - DEBUG - Applied dict param pre_asp_air_vol=0.0
2026-04-13 11:28:18,264 - DEBUG - Applied dict param retract_speed=5
2026-04-13 11:28:18,264 - DEBUG - Applied dict param blowout_vol=0.0
2026-04-13 11:28:18,264 - DEBUG - Applied dict param post_asp_air_vol=0.0
2026-04-13 11:28:18,264 - DEBUG - Applied dict param post_retract_wait_time=0.0
2026-04-13 11:28:18,264 - DEBUG - Applied dict param overaspirate_vol=0.004
2026-04-13 11:28:18,264 - DEBUG - Applied dict param asp_disp_cycles=0
2026-04-13 11:28:18,266 - DEBUG - Selected small_tip for volume 0.100 mL
2026-04-13 11:28:18,267 - INFO - Pipetting from vial PVA, amount: 0.100 mL
2026-04-13 11:28:18,284 - INFO - Additional volume from calibration, amount: 0.004 mL
2026-04-13 11:28:18,287 - DEBUG - Adjusting pump 0 speed to 10
2026-04-13 11:28:18,293 - DEBUG - Adjusting pump 0 speed to 10
2026-04-13 11:28:18,294 - DEBUG - Aspirating 0.104 mL then waiting 0.0 s
2026-04-13 11:28:18,294 - DEBUG - Applied dict param aspirate_speed=10
2026-04-13 11:28:18,294 - DEBUG - Applied dict param dispense_speed=10
2026-04-13 11:28:18,294 - DEBUG - Applied dict param aspirate_wait_time=0.0
2026-04-13 11:28:18,294 - DEBUG - Applied dict param dispense_wait_time=1.5
2026-04-13 11:28:18,294 - DEBUG - Applied dict param pre_asp_air_vol=0.0
2026-04-13 11:28:18,294 - DEBUG - Applied dict param retract_speed=5
2026-04-13 11:28:18,295 - DEBUG - Applied dict param blowout_vol=0.0
2026-04-13 11:28:18,295 - DEBUG - Applied dict param post_asp_air_vol=0.0
2026-04-13 11:28:18,295 - DEBUG - Applied dict param post_retract_wait_time=0.0
2026-04-13 11:28:18,295 - DEBUG - Applied dict param overaspirate_vol=0.004
2026-04-13 11:28:18,295 - DEBUG - Applied dict param asp_disp_cycles=0
2026-04-13 11:28:18,297 - INFO - Pipetting into vial PVA, amount: 0.100 mL
2026-04-13 11:28:18,299 - INFO - Simulation mode - initial mass set to 0
2026-04-13 11:28:18,299 - DEBUG - Adjusting pump 0 speed to 10
2026-04-13 11:28:18,300 - DEBUG - Dispensing 0.104 mL then waiting 1.5 s
2026-04-13 11:28:18,300 - INFO - Simulation mode - final mass set to 0
2026-04-13 11:28:18,300 - INFO - Mass difference: 0.000000 g (target: 0.100 mL = ~0.100000 g for water)
2026-04-13 11:28:18,302 - DEBUG - Applied dict param aspirate_speed=10
2026-04-13 11:28:18,302 - DEBUG - Applied dict param dispense_speed=10
2026-04-13 11:28:18,302 - DEBUG - Applied dict param aspirate_wait_time=0.0
2026-04-13 11:28:18,302 - DEBUG - Applied dict param dispense_wait_time=1.5
2026-04-13 11:28:18,302 - DEBUG - Applied dict param pre_asp_air_vol=0.0
2026-04-13 11:28:18,302 - DEBUG - Applied dict param retract_speed=5
2026-04-13 11:28:18,302 - DEBUG - Applied dict param blowout_vol=0.0
2026-04-13 11:28:18,302 - DEBUG - Applied dict param post_asp_air_vol=0.0
2026-04-13 11:28:18,302 - DEBUG - Applied dict param post_retract_wait_time=0.0
2026-04-13 11:28:18,302 - DEBUG - Applied dict param overaspirate_vol=0.004
2026-04-13 11:28:18,303 - DEBUG - Applied dict param asp_disp_cycles=0
2026-04-13 11:28:18,303 - DEBUG - Selected small_tip for volume 0.100 mL
2026-04-13 11:28:18,305 - INFO - Pipetting from vial PVA, amount: 0.100 mL
2026-04-13 11:28:18,305 - INFO - Additional volume from calibration, amount: 0.004 mL
2026-04-13 11:28:18,307 - DEBUG - Adjusting pump 0 speed to 10
2026-04-13 11:28:18,307 - DEBUG - Adjusting pump 0 speed to 10
2026-04-13 11:28:18,307 - DEBUG - Aspirating 0.104 mL then waiting 0.0 s
2026-04-13 11:28:18,307 - DEBUG - Applied dict param aspirate_speed=10
2026-04-13 11:28:18,307 - DEBUG - Applied dict param dispense_speed=10
2026-04-13 11:28:18,307 - DEBUG - Applied dict param aspirate_wait_time=0.0
2026-04-13 11:28:18,307 - DEBUG - Applied dict param dispense_wait_time=1.5
2026-04-13 11:28:18,307 - DEBUG - Applied dict param pre_asp_air_vol=0.0
2026-04-13 11:28:18,307 - DEBUG - Applied dict param retract_speed=5
2026-04-13 11:28:18,307 - DEBUG - Applied dict param blowout_vol=0.0
2026-04-13 11:28:18,308 - DEBUG - Applied dict param post_asp_air_vol=0.0
2026-04-13 11:28:18,308 - DEBUG - Applied dict param post_retract_wait_time=0.0
2026-04-13 11:28:18,308 - DEBUG - Applied dict param overaspirate_vol=0.004
2026-04-13 11:28:18,308 - DEBUG - Applied dict param asp_disp_cycles=0
2026-04-13 11:28:18,309 - INFO - Pipetting into vial PVA, amount: 0.100 mL
2026-04-13 11:28:18,311 - INFO - Simulation mode - initial mass set to 0
2026-04-13 11:28:18,312 - DEBUG - Adjusting pump 0 speed to 10
2026-04-13 11:28:18,313 - DEBUG - Dispensing 0.104 mL then waiting 1.5 s
2026-04-13 11:28:18,313 - INFO - Simulation mode - final mass set to 0
2026-04-13 11:28:18,313 - INFO - Mass difference: 0.000000 g (target: 0.100 mL = ~0.100000 g for water)
