2025-11-12 12:07:21,029 - INFO - Initializing North Robot...
2025-11-12 12:07:21,037 - DEBUG - Loading robot configuration files...
2025-11-12 12:07:21,050 - DEBUG - Loaded vial positions configuration from robot_state/vial_positions.yaml
2025-11-12 12:07:21,052 - DEBUG - Loaded pipet tips configuration from robot_state/pipet_tips.yaml
2025-11-12 12:07:21,057 - DEBUG - Loaded pipet racks configuration from robot_state/pipet_racks.yaml
2025-11-12 12:07:21,061 - DEBUG - Loaded pump configuration from robot_state/syringe_pumps.yaml
2025-11-12 12:07:21,071 - DEBUG - Loaded robot hardware configuration from robot_state/robot_hardware.yaml
2025-11-12 12:07:21,076 - DEBUG - Loaded wellplate properties configuration from robot_state/wellplates.yaml
2025-11-12 12:07:21,076 - DEBUG - Loading robot state files...
2025-11-12 12:07:21,076 - DEBUG - Loaded vial data from status/calibration_vials_short.csv
2025-11-12 12:07:21,076 - DEBUG - Loaded robot status from robot_state/robot_status.yaml
2025-11-12 12:07:21,076 - DEBUG - Loaded wellplate positions from robot_state/wellplates.yaml
2025-11-12 12:07:21,076 - DEBUG - Robot status loaded successfully
2025-11-12 12:07:21,076 - DEBUG - Loading pumps from YAML configuration...
2025-11-12 12:07:21,076 - DEBUG - Loaded pump 0: volume=1.0mL, speed=11, liquid=None
2025-11-12 12:07:21,076 - DEBUG - Loaded pump 1: volume=2.5mL, speed=15, liquid=water
2025-11-12 12:07:21,076 - DEBUG - Physical initialization of North Robot...
2025-11-12 12:07:21,076 - INFO - Moving robot to home position
2025-11-12 12:07:21,089 - INFO - Initializing North Track...
2025-11-12 12:07:21,089 - DEBUG - Loading track status from file: robot_state/track_status.yaml
2025-11-12 12:07:21,089 - DEBUG - Getting track status from file: robot_state/track_status.yaml
2025-11-12 12:07:21,091 - DEBUG - Loaded track status from robot_state/track_status.yaml
2025-11-12 12:07:21,091 - DEBUG - Loading track positions from: robot_state/track_positions.yaml
2025-11-12 12:07:21,091 - DEBUG - Loaded track positions configuration from robot_state/track_positions.yaml
2025-11-12 12:07:21,091 - DEBUG - Loading robot hardware configuration from: robot_state/robot_hardware.yaml
2025-11-12 12:07:21,091 - DEBUG - Loaded robot hardware configuration from robot_state/robot_hardware.yaml
2025-11-12 12:07:21,091 - DEBUG - Loaded wellplate properties configuration from robot_state/wellplates.yaml
2025-11-12 12:07:21,091 - DEBUG - Moving North Track to home position
2025-11-12 12:07:21,091 - INFO -     vial_index           vial_name         location  location_index  vial_volume  capped cap_type vial_type    home_location  home_location_index
0            0  measurement_vial_0            clamp               0          2.2    True     open      8_mL    main_8mL_rack                    0
1            1  measurement_vial_1    main_8mL_rack               1          0.0    True     open      8_mL    main_8mL_rack                    1
2            2  measurement_vial_2    main_8mL_rack               2          0.0    True     open      8_mL    main_8mL_rack                    2
3            3  measurement_vial_3    main_8mL_rack               3          0.0    True     open      8_mL    main_8mL_rack                    3
4            4  measurement_vial_4    main_8mL_rack               4          0.0    True     open      8_mL    main_8mL_rack                    4
5            5  measurement_vial_5    main_8mL_rack               5          0.0    True     open      8_mL    main_8mL_rack                    5
6            6  measurement_vial_6    main_8mL_rack               6          0.0    True     open      8_mL    main_8mL_rack                    6
7            7  measurement_vial_7    main_8mL_rack               7          0.0    True     open      8_mL    main_8mL_rack                    7
8            8  measurement_vial_8    main_8mL_rack               8          0.0    True     open      8_mL    main_8mL_rack                    8
9            9  measurement_vial_9    main_8mL_rack               9          0.0    True     open      8_mL    main_8mL_rack                    9
10          10       liquid_source   50mL_vial_rack               0          0.0    True     open     50_mL   50mL_vial_rack                    0
11          11     liquid_source_0  large_vial_rack               2         12.8    True     open     20_mL  large_vial_rack                    2
2025-11-12 12:07:21,120 - INFO - Visualizing vial racks...
2025-11-12 12:07:21,295 - DEBUG - Visualizing rack: Main Rack with filter: main_8mL_rack
2025-11-12 12:07:21,371 - DEBUG - Visualizing rack: Second Rack with filter: large_vial_rack
2025-11-12 12:07:33,626 - INFO - Vial measurement_vial_0 already at clamp index 0, no move needed
2025-11-12 12:07:33,629 - DEBUG - Selected small_tip for volume 0.050 mL
2025-11-12 12:07:33,876 - DEBUG - Selected small_tip for volume 0.094 mL
2025-11-12 12:07:33,878 - INFO - Getting small_tip (pipet number 11) from rack: small_tip_rack_1
2025-11-12 12:07:33,881 - INFO - Pipetting from vial liquid_source_0, amount: 0.05 mL
2025-11-12 12:07:33,881 - INFO - Additional volume from calibration, amount: 0.007 mL
2025-11-12 12:07:33,882 - DEBUG - Adjusting pump 0 speed to 15
2025-11-12 12:07:33,882 - DEBUG - Aspirating 0.057 mL then waiting 22.48070776462555 s
2025-11-12 12:07:33,882 - DEBUG - Aspirating 0.036 mL then waiting 0 s
2025-11-12 12:07:33,886 - INFO - Pipetting into vial measurement_vial_0, amount: 0.05 mL
2025-11-12 12:07:33,886 - DEBUG - Adjusting pump 0 speed to 14
2025-11-12 12:07:33,887 - DEBUG - Dispensing 0.094 mL then waiting 5.529413223266602 s
2025-11-12 12:07:33,888 - DEBUG - Blowing out 0.153 mL
2025-11-12 12:07:33,889 - INFO - Removing pipet
2025-11-12 12:07:34,103 - DEBUG - Selected small_tip for volume 0.094 mL
2025-11-12 12:07:34,103 - INFO - Getting small_tip (pipet number 12) from rack: small_tip_rack_1
2025-11-12 12:07:34,105 - INFO - Pipetting from vial liquid_source_0, amount: 0.05 mL
2025-11-12 12:07:34,105 - INFO - Additional volume from calibration, amount: 0.007 mL
2025-11-12 12:07:34,106 - DEBUG - Adjusting pump 0 speed to 15
2025-11-12 12:07:34,106 - DEBUG - Aspirating 0.057 mL then waiting 22.48070776462555 s
2025-11-12 12:07:34,106 - DEBUG - Aspirating 0.036 mL then waiting 0 s
2025-11-12 12:07:34,106 - INFO - Pipetting into vial measurement_vial_0, amount: 0.05 mL
2025-11-12 12:07:34,106 - DEBUG - Adjusting pump 0 speed to 14
2025-11-12 12:07:34,110 - DEBUG - Dispensing 0.094 mL then waiting 5.529413223266602 s
2025-11-12 12:07:34,110 - DEBUG - Blowing out 0.153 mL
2025-11-12 12:07:34,110 - INFO - Removing pipet
2025-11-12 12:07:34,328 - DEBUG - Selected small_tip for volume 0.094 mL
2025-11-12 12:07:34,328 - INFO - Getting small_tip (pipet number 13) from rack: small_tip_rack_1
2025-11-12 12:07:34,331 - INFO - Pipetting from vial liquid_source_0, amount: 0.05 mL
2025-11-12 12:07:34,331 - INFO - Additional volume from calibration, amount: 0.007 mL
2025-11-12 12:07:34,333 - DEBUG - Adjusting pump 0 speed to 15
2025-11-12 12:07:34,335 - DEBUG - Aspirating 0.057 mL then waiting 22.48070776462555 s
2025-11-12 12:07:34,335 - DEBUG - Aspirating 0.036 mL then waiting 0 s
2025-11-12 12:07:34,337 - INFO - Pipetting into vial measurement_vial_0, amount: 0.05 mL
2025-11-12 12:07:34,339 - DEBUG - Adjusting pump 0 speed to 14
2025-11-12 12:07:34,339 - DEBUG - Dispensing 0.094 mL then waiting 5.529413223266602 s
2025-11-12 12:07:34,339 - DEBUG - Blowing out 0.153 mL
2025-11-12 12:07:34,339 - INFO - Removing pipet
2025-11-12 12:07:34,586 - DEBUG - Selected small_tip for volume 0.124 mL
2025-11-12 12:07:34,586 - INFO - Getting small_tip (pipet number 14) from rack: small_tip_rack_1
2025-11-12 12:07:34,591 - INFO - Pipetting from vial liquid_source_0, amount: 0.05 mL
2025-11-12 12:07:34,591 - INFO - Additional volume from calibration, amount: 0.004 mL
2025-11-12 12:07:34,593 - DEBUG - Adjusting pump 0 speed to 35
2025-11-12 12:07:34,594 - DEBUG - Aspirating 0.054 mL then waiting 12.393135940656066 s
2025-11-12 12:07:34,594 - DEBUG - Aspirating 0.070 mL then waiting 0 s
2025-11-12 12:07:34,595 - INFO - Pipetting into vial measurement_vial_0, amount: 0.05 mL
2025-11-12 12:07:34,597 - DEBUG - Adjusting pump 0 speed to 25
2025-11-12 12:07:34,597 - DEBUG - Dispensing 0.124 mL then waiting 19.006759207695723 s
2025-11-12 12:07:34,597 - DEBUG - Blowing out 0.018 mL
2025-11-12 12:07:34,597 - INFO - Removing pipet
2025-11-12 12:07:34,804 - DEBUG - Selected small_tip for volume 0.124 mL
2025-11-12 12:07:34,804 - INFO - Getting small_tip (pipet number 15) from rack: small_tip_rack_1
2025-11-12 12:07:34,805 - INFO - Pipetting from vial liquid_source_0, amount: 0.05 mL
2025-11-12 12:07:34,805 - INFO - Additional volume from calibration, amount: 0.004 mL
2025-11-12 12:07:34,807 - DEBUG - Adjusting pump 0 speed to 35
2025-11-12 12:07:34,807 - DEBUG - Aspirating 0.054 mL then waiting 12.393135940656066 s
2025-11-12 12:07:34,807 - DEBUG - Aspirating 0.070 mL then waiting 0 s
2025-11-12 12:07:34,807 - INFO - Pipetting into vial measurement_vial_0, amount: 0.05 mL
2025-11-12 12:07:34,807 - DEBUG - Adjusting pump 0 speed to 25
2025-11-12 12:07:34,810 - DEBUG - Dispensing 0.124 mL then waiting 19.006759207695723 s
2025-11-12 12:07:34,810 - DEBUG - Blowing out 0.018 mL
2025-11-12 12:07:34,810 - INFO - Removing pipet
2025-11-12 12:07:35,019 - DEBUG - Selected small_tip for volume 0.124 mL
2025-11-12 12:07:35,019 - INFO - Getting small_tip (pipet number 16) from rack: small_tip_rack_1
2025-11-12 12:07:35,019 - INFO - Pipetting from vial liquid_source_0, amount: 0.05 mL
2025-11-12 12:07:35,022 - INFO - Additional volume from calibration, amount: 0.004 mL
2025-11-12 12:07:35,024 - DEBUG - Adjusting pump 0 speed to 35
2025-11-12 12:07:35,024 - DEBUG - Aspirating 0.054 mL then waiting 12.393135940656066 s
2025-11-12 12:07:35,024 - DEBUG - Aspirating 0.070 mL then waiting 0 s
2025-11-12 12:07:35,025 - INFO - Pipetting into vial measurement_vial_0, amount: 0.05 mL
2025-11-12 12:07:35,027 - DEBUG - Adjusting pump 0 speed to 25
2025-11-12 12:07:35,028 - DEBUG - Dispensing 0.124 mL then waiting 19.006759207695723 s
2025-11-12 12:07:35,028 - DEBUG - Blowing out 0.018 mL
2025-11-12 12:07:35,029 - INFO - Removing pipet
2025-11-12 12:07:35,271 - DEBUG - Selected small_tip for volume 0.072 mL
2025-11-12 12:07:35,271 - INFO - Getting small_tip (pipet number 17) from rack: small_tip_rack_1
2025-11-12 12:07:35,274 - INFO - Pipetting from vial liquid_source_0, amount: 0.05 mL
2025-11-12 12:07:35,274 - INFO - Additional volume from calibration, amount: 0.0 mL
2025-11-12 12:07:35,275 - DEBUG - Adjusting pump 0 speed to 26
2025-11-12 12:07:35,276 - DEBUG - Aspirating 0.050 mL then waiting 28.394931005313993 s
2025-11-12 12:07:35,276 - DEBUG - Aspirating 0.021 mL then waiting 0 s
2025-11-12 12:07:35,278 - INFO - Pipetting into vial measurement_vial_0, amount: 0.05 mL
2025-11-12 12:07:35,279 - DEBUG - Adjusting pump 0 speed to 20
2025-11-12 12:07:35,281 - DEBUG - Dispensing 0.072 mL then waiting 12.44194284081459 s
2025-11-12 12:07:35,281 - DEBUG - Blowing out 0.056 mL
2025-11-12 12:07:35,281 - INFO - Removing pipet
2025-11-12 12:07:35,499 - DEBUG - Selected small_tip for volume 0.072 mL
2025-11-12 12:07:35,499 - INFO - Getting small_tip (pipet number 18) from rack: small_tip_rack_1
2025-11-12 12:07:35,499 - INFO - Pipetting from vial liquid_source_0, amount: 0.05 mL
2025-11-12 12:07:35,508 - INFO - Additional volume from calibration, amount: 0.0 mL
2025-11-12 12:07:35,513 - DEBUG - Adjusting pump 0 speed to 26
2025-11-12 12:07:35,513 - DEBUG - Aspirating 0.050 mL then waiting 28.394931005313993 s
2025-11-12 12:07:35,513 - DEBUG - Aspirating 0.021 mL then waiting 0 s
2025-11-12 12:07:35,515 - INFO - Pipetting into vial measurement_vial_0, amount: 0.05 mL
2025-11-12 12:07:35,515 - DEBUG - Adjusting pump 0 speed to 20
2025-11-12 12:07:35,517 - DEBUG - Dispensing 0.072 mL then waiting 12.44194284081459 s
2025-11-12 12:07:35,517 - DEBUG - Blowing out 0.056 mL
2025-11-12 12:07:35,518 - INFO - Removing pipet
2025-11-12 12:07:35,736 - DEBUG - Selected small_tip for volume 0.072 mL
2025-11-12 12:07:35,736 - INFO - Getting small_tip (pipet number 19) from rack: small_tip_rack_1
2025-11-12 12:07:35,736 - INFO - Pipetting from vial liquid_source_0, amount: 0.05 mL
2025-11-12 12:07:35,736 - INFO - Additional volume from calibration, amount: 0.0 mL
2025-11-12 12:07:35,738 - DEBUG - Adjusting pump 0 speed to 26
2025-11-12 12:07:35,738 - DEBUG - Aspirating 0.050 mL then waiting 28.394931005313993 s
2025-11-12 12:07:35,738 - DEBUG - Aspirating 0.021 mL then waiting 0 s
2025-11-12 12:07:35,738 - INFO - Pipetting into vial measurement_vial_0, amount: 0.05 mL
2025-11-12 12:07:35,738 - DEBUG - Adjusting pump 0 speed to 20
2025-11-12 12:07:35,741 - DEBUG - Dispensing 0.072 mL then waiting 12.44194284081459 s
2025-11-12 12:07:35,741 - DEBUG - Blowing out 0.056 mL
2025-11-12 12:07:35,743 - INFO - Removing pipet
2025-11-12 12:07:35,983 - DEBUG - Selected small_tip for volume 0.139 mL
2025-11-12 12:07:35,983 - INFO - Getting small_tip (pipet number 20) from rack: small_tip_rack_1
2025-11-12 12:07:35,983 - INFO - Pipetting from vial liquid_source_0, amount: 0.05 mL
2025-11-12 12:07:35,983 - INFO - Additional volume from calibration, amount: 0.004 mL
2025-11-12 12:07:35,983 - DEBUG - Adjusting pump 0 speed to 19
2025-11-12 12:07:35,983 - DEBUG - Aspirating 0.054 mL then waiting 4.259606637060642 s
2025-11-12 12:07:35,983 - DEBUG - Aspirating 0.085 mL then waiting 0 s
2025-11-12 12:07:35,983 - INFO - Pipetting into vial measurement_vial_0, amount: 0.05 mL
2025-11-12 12:07:35,991 - DEBUG - Adjusting pump 0 speed to 31
2025-11-12 12:07:35,992 - DEBUG - Dispensing 0.139 mL then waiting 27.09417167119682 s
2025-11-12 12:07:35,992 - DEBUG - Blowing out 0.116 mL
2025-11-12 12:07:35,992 - INFO - Removing pipet
2025-11-12 12:07:36,203 - DEBUG - Selected small_tip for volume 0.139 mL
2025-11-12 12:07:36,203 - INFO - Getting small_tip (pipet number 21) from rack: small_tip_rack_1
2025-11-12 12:07:36,203 - INFO - Pipetting from vial liquid_source_0, amount: 0.05 mL
2025-11-12 12:07:36,203 - INFO - Additional volume from calibration, amount: 0.004 mL
2025-11-12 12:07:36,203 - DEBUG - Adjusting pump 0 speed to 19
2025-11-12 12:07:36,203 - DEBUG - Aspirating 0.054 mL then waiting 4.259606637060642 s
2025-11-12 12:07:36,203 - DEBUG - Aspirating 0.085 mL then waiting 0 s
2025-11-12 12:07:36,208 - INFO - Pipetting into vial measurement_vial_0, amount: 0.05 mL
2025-11-12 12:07:36,208 - DEBUG - Adjusting pump 0 speed to 31
2025-11-12 12:07:36,210 - DEBUG - Dispensing 0.139 mL then waiting 27.09417167119682 s
2025-11-12 12:07:36,210 - DEBUG - Blowing out 0.116 mL
2025-11-12 12:07:36,210 - INFO - Removing pipet
2025-11-12 12:07:36,417 - DEBUG - Selected small_tip for volume 0.139 mL
2025-11-12 12:07:36,417 - INFO - Getting small_tip (pipet number 22) from rack: small_tip_rack_1
2025-11-12 12:07:36,420 - INFO - Pipetting from vial liquid_source_0, amount: 0.05 mL
2025-11-12 12:07:36,420 - INFO - Additional volume from calibration, amount: 0.004 mL
2025-11-12 12:07:36,422 - DEBUG - Adjusting pump 0 speed to 19
2025-11-12 12:07:36,422 - DEBUG - Aspirating 0.054 mL then waiting 4.259606637060642 s
2025-11-12 12:07:36,422 - DEBUG - Aspirating 0.085 mL then waiting 0 s
2025-11-12 12:07:36,424 - INFO - Pipetting into vial measurement_vial_0, amount: 0.05 mL
2025-11-12 12:07:36,432 - DEBUG - Adjusting pump 0 speed to 31
2025-11-12 12:07:36,434 - DEBUG - Dispensing 0.139 mL then waiting 27.09417167119682 s
2025-11-12 12:07:36,434 - DEBUG - Blowing out 0.116 mL
2025-11-12 12:07:36,434 - INFO - Removing pipet
2025-11-12 12:07:36,687 - DEBUG - Selected small_tip for volume 0.061 mL
2025-11-12 12:07:36,687 - INFO - Getting small_tip (pipet number 23) from rack: small_tip_rack_1
2025-11-12 12:07:36,689 - INFO - Pipetting from vial liquid_source_0, amount: 0.05 mL
2025-11-12 12:07:36,689 - INFO - Additional volume from calibration, amount: 0.001 mL
2025-11-12 12:07:36,690 - DEBUG - Adjusting pump 0 speed to 17
2025-11-12 12:07:36,690 - DEBUG - Aspirating 0.051 mL then waiting 8.865606626495719 s
2025-11-12 12:07:36,690 - DEBUG - Aspirating 0.010 mL then waiting 0 s
2025-11-12 12:07:36,692 - INFO - Pipetting into vial measurement_vial_0, amount: 0.05 mL
2025-11-12 12:07:36,692 - DEBUG - Adjusting pump 0 speed to 18
2025-11-12 12:07:36,693 - DEBUG - Dispensing 0.061 mL then waiting 25.507228514179587 s
2025-11-12 12:07:36,693 - DEBUG - Blowing out 0.179 mL
2025-11-12 12:07:36,693 - INFO - Removing pipet
2025-11-12 12:07:36,905 - DEBUG - Selected small_tip for volume 0.061 mL
2025-11-12 12:07:36,905 - INFO - Getting small_tip (pipet number 24) from rack: small_tip_rack_1
2025-11-12 12:07:36,906 - INFO - Pipetting from vial liquid_source_0, amount: 0.05 mL
2025-11-12 12:07:36,906 - INFO - Additional volume from calibration, amount: 0.001 mL
2025-11-12 12:07:36,906 - DEBUG - Adjusting pump 0 speed to 17
2025-11-12 12:07:36,906 - DEBUG - Aspirating 0.051 mL then waiting 8.865606626495719 s
2025-11-12 12:07:36,906 - DEBUG - Aspirating 0.010 mL then waiting 0 s
2025-11-12 12:07:36,906 - INFO - Pipetting into vial measurement_vial_0, amount: 0.05 mL
2025-11-12 12:07:36,906 - DEBUG - Adjusting pump 0 speed to 18
2025-11-12 12:07:36,906 - DEBUG - Dispensing 0.061 mL then waiting 25.507228514179587 s
2025-11-12 12:07:36,911 - DEBUG - Blowing out 0.179 mL
2025-11-12 12:07:36,911 - INFO - Removing pipet
2025-11-12 12:07:37,116 - DEBUG - Selected small_tip for volume 0.061 mL
2025-11-12 12:07:37,116 - INFO - Getting small_tip (pipet number 25) from rack: small_tip_rack_1
2025-11-12 12:07:37,116 - INFO - Pipetting from vial liquid_source_0, amount: 0.05 mL
2025-11-12 12:07:37,121 - INFO - Additional volume from calibration, amount: 0.001 mL
2025-11-12 12:07:37,121 - DEBUG - Adjusting pump 0 speed to 17
2025-11-12 12:07:37,121 - DEBUG - Aspirating 0.051 mL then waiting 8.865606626495719 s
2025-11-12 12:07:37,121 - DEBUG - Aspirating 0.010 mL then waiting 0 s
2025-11-12 12:07:37,121 - INFO - Pipetting into vial measurement_vial_0, amount: 0.05 mL
2025-11-12 12:07:37,125 - DEBUG - Adjusting pump 0 speed to 18
2025-11-12 12:07:37,125 - DEBUG - Dispensing 0.061 mL then waiting 25.507228514179587 s
2025-11-12 12:07:37,126 - DEBUG - Blowing out 0.179 mL
2025-11-12 12:07:37,126 - INFO - Removing pipet
2025-11-12 12:07:37,420 - DEBUG - Selected small_tip for volume 0.099 mL
2025-11-12 12:07:37,421 - INFO - Getting small_tip (pipet number 26) from rack: small_tip_rack_1
2025-11-12 12:07:37,421 - INFO - Pipetting from vial liquid_source_0, amount: 0.025 mL
2025-11-12 12:07:37,421 - INFO - Additional volume from calibration, amount: 0.004 mL
2025-11-12 12:07:37,421 - DEBUG - Adjusting pump 0 speed to 35
2025-11-12 12:07:37,421 - DEBUG - Aspirating 0.029 mL then waiting 12.393135940656066 s
2025-11-12 12:07:37,421 - DEBUG - Aspirating 0.070 mL then waiting 0 s
2025-11-12 12:07:37,421 - INFO - Pipetting into vial measurement_vial_0, amount: 0.025 mL
2025-11-12 12:07:37,421 - DEBUG - Adjusting pump 0 speed to 25
2025-11-12 12:07:37,426 - DEBUG - Dispensing 0.099 mL then waiting 19.006759207695723 s
2025-11-12 12:07:37,426 - DEBUG - Blowing out 0.018 mL
2025-11-12 12:07:37,426 - INFO - Removing pipet
2025-11-12 12:07:37,635 - DEBUG - Selected small_tip for volume 0.103 mL
2025-11-12 12:07:37,636 - INFO - Getting small_tip (pipet number 27) from rack: small_tip_rack_1
2025-11-12 12:07:37,638 - INFO - Pipetting from vial liquid_source_0, amount: 0.025 mL
2025-11-12 12:07:37,638 - INFO - Additional volume from calibration, amount: 0.008 mL
2025-11-12 12:07:37,638 - DEBUG - Adjusting pump 0 speed to 35
2025-11-12 12:07:37,638 - DEBUG - Aspirating 0.033 mL then waiting 12.393135940656066 s
2025-11-12 12:07:37,638 - DEBUG - Aspirating 0.070 mL then waiting 0 s
2025-11-12 12:07:37,638 - INFO - Pipetting into vial measurement_vial_0, amount: 0.025 mL
2025-11-12 12:07:37,638 - DEBUG - Adjusting pump 0 speed to 25
2025-11-12 12:07:37,645 - DEBUG - Dispensing 0.103 mL then waiting 19.006759207695723 s
2025-11-12 12:07:37,645 - DEBUG - Blowing out 0.018 mL
2025-11-12 12:07:37,645 - INFO - Removing pipet
2025-11-12 12:07:37,867 - DEBUG - Selected small_tip for volume 0.174 mL
2025-11-12 12:07:37,867 - INFO - Getting small_tip (pipet number 28) from rack: small_tip_rack_1
2025-11-12 12:07:37,869 - INFO - Pipetting from vial liquid_source_0, amount: 0.1 mL
2025-11-12 12:07:37,869 - INFO - Additional volume from calibration, amount: 0.004 mL
2025-11-12 12:07:37,872 - DEBUG - Adjusting pump 0 speed to 35
2025-11-12 12:07:37,872 - DEBUG - Aspirating 0.104 mL then waiting 12.393135940656066 s
2025-11-12 12:07:37,872 - DEBUG - Aspirating 0.070 mL then waiting 0 s
2025-11-12 12:07:37,872 - INFO - Pipetting into vial measurement_vial_0, amount: 0.1 mL
2025-11-12 12:07:37,874 - DEBUG - Adjusting pump 0 speed to 25
2025-11-12 12:07:37,875 - DEBUG - Dispensing 0.174 mL then waiting 19.006759207695723 s
2025-11-12 12:07:37,876 - DEBUG - Blowing out 0.018 mL
2025-11-12 12:07:37,877 - INFO - Removing pipet
2025-11-12 12:07:38,113 - DEBUG - Selected small_tip for volume 0.183 mL
2025-11-12 12:07:38,113 - INFO - Getting small_tip (pipet number 29) from rack: small_tip_rack_1
2025-11-12 12:07:38,113 - INFO - Pipetting from vial liquid_source_0, amount: 0.1 mL
2025-11-12 12:07:38,115 - INFO - Additional volume from calibration, amount: 0.013 mL
2025-11-12 12:07:38,116 - DEBUG - Adjusting pump 0 speed to 35
2025-11-12 12:07:38,116 - DEBUG - Aspirating 0.113 mL then waiting 12.393135940656066 s
2025-11-12 12:07:38,116 - DEBUG - Aspirating 0.070 mL then waiting 0 s
2025-11-12 12:07:38,118 - INFO - Pipetting into vial measurement_vial_0, amount: 0.1 mL
2025-11-12 12:07:38,120 - DEBUG - Adjusting pump 0 speed to 25
2025-11-12 12:07:38,122 - DEBUG - Dispensing 0.183 mL then waiting 19.006759207695723 s
2025-11-12 12:07:38,122 - DEBUG - Blowing out 0.018 mL
2025-11-12 12:07:38,122 - INFO - Removing pipet
2025-11-12 12:07:38,337 - DEBUG - Selected small_tip for volume 0.096 mL
2025-11-12 12:07:38,337 - INFO - Getting small_tip (pipet number 30) from rack: small_tip_rack_1
2025-11-12 12:07:38,341 - INFO - Pipetting from vial liquid_source_0, amount: 0.025 mL
2025-11-12 12:07:38,345 - INFO - Additional volume from calibration, amount: 0.001 mL
2025-11-12 12:07:38,353 - DEBUG - Adjusting pump 0 speed to 35
2025-11-12 12:07:38,354 - DEBUG - Aspirating 0.026 mL then waiting 12.393135940656066 s
2025-11-12 12:07:38,354 - DEBUG - Aspirating 0.070 mL then waiting 0 s
2025-11-12 12:07:38,356 - INFO - Pipetting into vial measurement_vial_0, amount: 0.025 mL
2025-11-12 12:07:38,359 - DEBUG - Adjusting pump 0 speed to 25
2025-11-12 12:07:38,361 - DEBUG - Dispensing 0.096 mL then waiting 19.006759207695723 s
2025-11-12 12:07:38,361 - DEBUG - Blowing out 0.018 mL
2025-11-12 12:07:38,361 - INFO - Removing pipet
2025-11-12 12:07:38,570 - DEBUG - Selected small_tip for volume 0.096 mL
2025-11-12 12:07:38,570 - INFO - Getting small_tip (pipet number 31) from rack: small_tip_rack_1
2025-11-12 12:07:38,572 - INFO - Pipetting from vial liquid_source_0, amount: 0.025 mL
2025-11-12 12:07:38,572 - INFO - Additional volume from calibration, amount: 0.001 mL
2025-11-12 12:07:38,596 - DEBUG - Adjusting pump 0 speed to 35
2025-11-12 12:07:38,596 - DEBUG - Aspirating 0.026 mL then waiting 12.393135940656066 s
2025-11-12 12:07:38,596 - DEBUG - Aspirating 0.070 mL then waiting 0 s
2025-11-12 12:07:38,597 - INFO - Pipetting into vial measurement_vial_0, amount: 0.025 mL
2025-11-12 12:07:38,600 - DEBUG - Adjusting pump 0 speed to 25
2025-11-12 12:07:38,601 - DEBUG - Dispensing 0.096 mL then waiting 19.006759207695723 s
2025-11-12 12:07:38,601 - DEBUG - Blowing out 0.018 mL
2025-11-12 12:07:38,601 - INFO - Removing pipet
2025-11-12 12:07:38,816 - DEBUG - Selected small_tip for volume 0.096 mL
2025-11-12 12:07:38,818 - INFO - Getting small_tip (pipet number 32) from rack: small_tip_rack_1
2025-11-12 12:07:38,819 - INFO - Pipetting from vial liquid_source_0, amount: 0.025 mL
2025-11-12 12:07:38,819 - INFO - Additional volume from calibration, amount: 0.001 mL
2025-11-12 12:07:38,820 - DEBUG - Adjusting pump 0 speed to 35
2025-11-12 12:07:38,820 - DEBUG - Aspirating 0.026 mL then waiting 12.393135940656066 s
2025-11-12 12:07:38,820 - DEBUG - Aspirating 0.070 mL then waiting 0 s
2025-11-12 12:07:38,822 - INFO - Pipetting into vial measurement_vial_0, amount: 0.025 mL
2025-11-12 12:07:38,824 - DEBUG - Adjusting pump 0 speed to 25
2025-11-12 12:07:38,829 - DEBUG - Dispensing 0.096 mL then waiting 19.006759207695723 s
2025-11-12 12:07:38,830 - DEBUG - Blowing out 0.018 mL
2025-11-12 12:07:38,830 - INFO - Removing pipet
2025-11-12 12:07:39,125 - DEBUG - Selected small_tip for volume 0.180 mL
2025-11-12 12:07:39,126 - INFO - Getting small_tip (pipet number 33) from rack: small_tip_rack_1
2025-11-12 12:07:39,152 - INFO - Pipetting from vial liquid_source_0, amount: 0.1 mL
2025-11-12 12:07:39,157 - INFO - Additional volume from calibration, amount: 0.009 mL
2025-11-12 12:07:39,161 - DEBUG - Adjusting pump 0 speed to 35
2025-11-12 12:07:39,161 - DEBUG - Aspirating 0.109 mL then waiting 12.393135940656066 s
2025-11-12 12:07:39,161 - DEBUG - Aspirating 0.070 mL then waiting 0 s
2025-11-12 12:07:39,163 - INFO - Pipetting into vial measurement_vial_0, amount: 0.1 mL
2025-11-12 12:07:39,163 - DEBUG - Adjusting pump 0 speed to 25
2025-11-12 12:07:39,164 - DEBUG - Dispensing 0.180 mL then waiting 19.006759207695723 s
2025-11-12 12:07:39,164 - DEBUG - Blowing out 0.018 mL
2025-11-12 12:07:39,164 - INFO - Removing pipet
2025-11-12 12:07:39,371 - DEBUG - Selected small_tip for volume 0.180 mL
2025-11-12 12:07:39,371 - INFO - Getting small_tip (pipet number 34) from rack: small_tip_rack_1
2025-11-12 12:07:39,371 - INFO - Pipetting from vial liquid_source_0, amount: 0.1 mL
2025-11-12 12:07:39,373 - INFO - Additional volume from calibration, amount: 0.009 mL
2025-11-12 12:07:39,373 - DEBUG - Adjusting pump 0 speed to 35
2025-11-12 12:07:39,373 - DEBUG - Aspirating 0.109 mL then waiting 12.393135940656066 s
2025-11-12 12:07:39,373 - DEBUG - Aspirating 0.070 mL then waiting 0 s
2025-11-12 12:07:39,375 - INFO - Pipetting into vial measurement_vial_0, amount: 0.1 mL
2025-11-12 12:07:39,377 - DEBUG - Adjusting pump 0 speed to 25
2025-11-12 12:07:39,381 - DEBUG - Dispensing 0.180 mL then waiting 19.006759207695723 s
2025-11-12 12:07:39,382 - DEBUG - Blowing out 0.018 mL
2025-11-12 12:07:39,383 - INFO - Removing pipet
2025-11-12 12:07:39,590 - DEBUG - Selected small_tip for volume 0.180 mL
2025-11-12 12:07:39,590 - INFO - Getting small_tip (pipet number 35) from rack: small_tip_rack_1
2025-11-12 12:07:39,590 - INFO - Pipetting from vial liquid_source_0, amount: 0.1 mL
2025-11-12 12:07:39,590 - INFO - Additional volume from calibration, amount: 0.009 mL
2025-11-12 12:07:39,590 - DEBUG - Adjusting pump 0 speed to 35
2025-11-12 12:07:39,590 - DEBUG - Aspirating 0.109 mL then waiting 12.393135940656066 s
2025-11-12 12:07:39,590 - DEBUG - Aspirating 0.070 mL then waiting 0 s
2025-11-12 12:07:39,590 - INFO - Pipetting into vial measurement_vial_0, amount: 0.1 mL
2025-11-12 12:07:39,600 - DEBUG - Adjusting pump 0 speed to 25
2025-11-12 12:07:39,600 - DEBUG - Dispensing 0.180 mL then waiting 19.006759207695723 s
2025-11-12 12:07:39,600 - DEBUG - Blowing out 0.018 mL
2025-11-12 12:07:39,600 - INFO - Removing pipet
