2025-10-29 16:19:26,301 - INFO - Initializing North Robot...
2025-10-29 16:19:26,301 - DEBUG - Loading robot configuration files...
2025-10-29 16:19:26,313 - DEBUG - Loaded vial positions configuration from robot_state/vial_positions.yaml
2025-10-29 16:19:26,317 - DEBUG - Loaded pipet tips configuration from robot_state/pipet_tips.yaml
2025-10-29 16:19:26,320 - DEBUG - Loaded pipet racks configuration from robot_state/pipet_racks.yaml
2025-10-29 16:19:26,322 - DEBUG - Loaded pump configuration from robot_state/syringe_pumps.yaml
2025-10-29 16:19:26,334 - DEBUG - Loaded robot hardware configuration from robot_state/robot_hardware.yaml
2025-10-29 16:19:26,338 - DEBUG - Loaded wellplate properties configuration from robot_state/wellplates.yaml
2025-10-29 16:19:26,338 - DEBUG - Loading robot state files...
2025-10-29 16:19:26,341 - DEBUG - Loaded vial data from status/calibration_vials_short.csv
2025-10-29 16:19:26,341 - DEBUG - Loaded robot status from robot_state/robot_status.yaml
2025-10-29 16:19:26,346 - DEBUG - Loaded wellplate positions from robot_state/wellplates.yaml
2025-10-29 16:19:26,346 - DEBUG - Robot status loaded successfully
2025-10-29 16:19:26,346 - DEBUG - Loading pumps from YAML configuration...
2025-10-29 16:19:26,348 - DEBUG - Loaded pump 0: volume=1.0mL, speed=11, liquid=None
2025-10-29 16:19:26,348 - DEBUG - Loaded pump 1: volume=2.5mL, speed=15, liquid=water
2025-10-29 16:19:26,348 - DEBUG - Physical initialization of North Robot...
2025-10-29 16:19:26,350 - WARNING - The robot reports having a tip, removing the tip
2025-10-29 16:19:26,350 - INFO - Removing pipet
2025-10-29 16:19:26,352 - INFO - Moving robot to home position
2025-10-29 16:19:26,352 - INFO - Initializing North Track...
2025-10-29 16:19:26,352 - DEBUG - Loading track status from file: robot_state/track_status.yaml
2025-10-29 16:19:26,352 - DEBUG - Getting track status from file: robot_state/track_status.yaml
2025-10-29 16:19:26,352 - DEBUG - Loaded track status from robot_state/track_status.yaml
2025-10-29 16:19:26,352 - DEBUG - Loading track positions from: robot_state/track_positions.yaml
2025-10-29 16:19:26,352 - DEBUG - Loaded track positions configuration from robot_state/track_positions.yaml
2025-10-29 16:19:26,352 - DEBUG - Loading robot hardware configuration from: robot_state/robot_hardware.yaml
2025-10-29 16:19:26,363 - DEBUG - Loaded robot hardware configuration from robot_state/robot_hardware.yaml
2025-10-29 16:19:26,368 - DEBUG - Loaded wellplate properties configuration from robot_state/wellplates.yaml
2025-10-29 16:19:26,368 - DEBUG - Moving North Track to home position
2025-10-29 16:19:26,371 - INFO -     vial_index           vial_name         location  location_index  vial_volume  capped cap_type vial_type    home_location  home_location_index
0            0  measurement_vial_0            clamp               0     0.057371    True     open      8_mL    main_8mL_rack                    0
1            1  measurement_vial_1    main_8mL_rack               1     0.000000    True     open      8_mL    main_8mL_rack                    1
2            2  measurement_vial_2    main_8mL_rack               2     0.000000    True     open      8_mL    main_8mL_rack                    2
3            3  measurement_vial_3    main_8mL_rack               3     0.000000    True     open      8_mL    main_8mL_rack                    3
4            4  measurement_vial_4    main_8mL_rack               4     0.000000    True     open      8_mL    main_8mL_rack                    4
5            5  measurement_vial_5    main_8mL_rack               5     0.000000    True     open      8_mL    main_8mL_rack                    5
6            6  measurement_vial_6    main_8mL_rack               6     0.000000    True     open      8_mL    main_8mL_rack                    6
7            7  measurement_vial_7    main_8mL_rack               7     0.000000    True     open      8_mL    main_8mL_rack                    7
8            8  measurement_vial_8    main_8mL_rack               8     0.000000    True     open      8_mL    main_8mL_rack                    8
9            9  measurement_vial_9    main_8mL_rack               9     0.000000    True     open      8_mL    main_8mL_rack                    9
10          10       liquid_source   50mL_vial_rack               0     3.413538    True     open     50_mL   50mL_vial_rack                    0
11          11     liquid_source_0  large_vial_rack               2     7.616636    True     open     20_mL  large_vial_rack                    2
2025-10-29 16:19:26,386 - INFO - Visualizing vial racks...
2025-10-29 16:19:26,569 - DEBUG - Visualizing rack: Main Rack with filter: main_8mL_rack
2025-10-29 16:19:26,702 - DEBUG - Visualizing rack: Second Rack with filter: large_vial_rack
2025-10-29 16:19:27,958 - INFO - Vial measurement_vial_0 already at clamp index 0, no move needed
2025-10-29 16:19:27,960 - DEBUG - Selected small_tip for volume 0.050 mL
2025-10-29 16:19:27,982 - INFO - [vial-mgmt] manage_vials called: mode=maintain cfg_keys=['source_vial', 'measurement_vial', 'waste_vial', 'reservoir_index', 'min_source_ml', 'refill_target_ml', 'max_measurement_ml']
2025-10-29 16:19:27,985 - INFO - [vial-mgmt] Using current source vial: liquid_source_0
2025-10-29 16:19:28,187 - DEBUG - Selected small_tip for volume 0.057 mL
2025-10-29 16:19:28,187 - INFO - Getting small_tip (pipet number 3) from rack: small_tip_rack_1
2025-10-29 16:19:28,190 - INFO - Pipetting from vial liquid_source_0, amount: 0.057 mL
2025-10-29 16:19:28,192 - DEBUG - Adjusting pump 0 speed to 15
2025-10-29 16:19:28,192 - DEBUG - Aspirating 0.057 mL then waiting 22.48070776462555 s
2025-10-29 16:19:28,192 - DEBUG - Aspirating 0.036 mL then waiting 0 s
2025-10-29 16:19:28,192 - INFO - Pipetting into vial measurement_vial_0, amount: 0.057 mL
2025-10-29 16:19:28,192 - DEBUG - Adjusting pump 0 speed to 14
2025-10-29 16:19:28,196 - DEBUG - Dispensing 0.094 mL then waiting 5.529413223266602 s
2025-10-29 16:19:28,196 - DEBUG - Blowing out 0.153 mL
2025-10-29 16:19:28,196 - DEBUG - Adjusting pump 0 speed to 5
2025-10-29 16:19:28,197 - INFO - Removing pipet
2025-10-29 16:19:28,416 - DEBUG - Selected small_tip for volume 0.057 mL
2025-10-29 16:19:28,416 - INFO - Getting small_tip (pipet number 4) from rack: small_tip_rack_1
2025-10-29 16:19:28,419 - INFO - Pipetting from vial liquid_source_0, amount: 0.057 mL
2025-10-29 16:19:28,421 - DEBUG - Adjusting pump 0 speed to 15
2025-10-29 16:19:28,421 - DEBUG - Aspirating 0.057 mL then waiting 22.48070776462555 s
2025-10-29 16:19:28,421 - DEBUG - Aspirating 0.036 mL then waiting 0 s
2025-10-29 16:19:28,422 - INFO - Pipetting into vial measurement_vial_0, amount: 0.057 mL
2025-10-29 16:19:28,422 - DEBUG - Adjusting pump 0 speed to 14
2025-10-29 16:19:28,423 - DEBUG - Dispensing 0.094 mL then waiting 5.529413223266602 s
2025-10-29 16:19:28,423 - DEBUG - Blowing out 0.153 mL
2025-10-29 16:19:28,423 - DEBUG - Adjusting pump 0 speed to 5
2025-10-29 16:19:28,423 - INFO - Removing pipet
2025-10-29 16:19:28,633 - DEBUG - Selected small_tip for volume 0.057 mL
2025-10-29 16:19:28,633 - INFO - Getting small_tip (pipet number 5) from rack: small_tip_rack_1
2025-10-29 16:19:28,633 - INFO - Pipetting from vial liquid_source_0, amount: 0.057 mL
2025-10-29 16:19:28,633 - DEBUG - Adjusting pump 0 speed to 15
2025-10-29 16:19:28,633 - DEBUG - Aspirating 0.057 mL then waiting 22.48070776462555 s
2025-10-29 16:19:28,633 - DEBUG - Aspirating 0.036 mL then waiting 0 s
2025-10-29 16:19:28,640 - INFO - Pipetting into vial measurement_vial_0, amount: 0.057 mL
2025-10-29 16:19:28,640 - DEBUG - Adjusting pump 0 speed to 14
2025-10-29 16:19:28,640 - DEBUG - Dispensing 0.094 mL then waiting 5.529413223266602 s
2025-10-29 16:19:28,641 - DEBUG - Blowing out 0.153 mL
2025-10-29 16:19:28,641 - DEBUG - Adjusting pump 0 speed to 5
2025-10-29 16:19:28,643 - INFO - Removing pipet
2025-10-29 16:19:28,668 - INFO - [vial-mgmt] manage_vials called: mode=maintain cfg_keys=['source_vial', 'measurement_vial', 'waste_vial', 'reservoir_index', 'min_source_ml', 'refill_target_ml', 'max_measurement_ml']
2025-10-29 16:19:28,671 - INFO - [vial-mgmt] Using current source vial: liquid_source_0
2025-10-29 16:19:28,883 - DEBUG - Selected small_tip for volume 0.054 mL
2025-10-29 16:19:28,883 - INFO - Getting small_tip (pipet number 6) from rack: small_tip_rack_1
2025-10-29 16:19:28,883 - INFO - Pipetting from vial liquid_source_0, amount: 0.054 mL
2025-10-29 16:19:28,883 - DEBUG - Adjusting pump 0 speed to 35
2025-10-29 16:19:28,883 - DEBUG - Aspirating 0.054 mL then waiting 12.393135940656066 s
2025-10-29 16:19:28,883 - DEBUG - Aspirating 0.070 mL then waiting 0 s
2025-10-29 16:19:28,883 - INFO - Pipetting into vial measurement_vial_0, amount: 0.054 mL
2025-10-29 16:19:28,883 - DEBUG - Adjusting pump 0 speed to 25
2025-10-29 16:19:28,891 - DEBUG - Dispensing 0.124 mL then waiting 19.006759207695723 s
2025-10-29 16:19:28,891 - DEBUG - Blowing out 0.018 mL
2025-10-29 16:19:28,891 - DEBUG - Adjusting pump 0 speed to 5
2025-10-29 16:19:28,892 - INFO - Removing pipet
2025-10-29 16:19:29,104 - DEBUG - Selected small_tip for volume 0.054 mL
2025-10-29 16:19:29,104 - INFO - Getting small_tip (pipet number 7) from rack: small_tip_rack_1
2025-10-29 16:19:29,106 - INFO - Pipetting from vial liquid_source_0, amount: 0.054 mL
2025-10-29 16:19:29,108 - DEBUG - Adjusting pump 0 speed to 35
2025-10-29 16:19:29,108 - DEBUG - Aspirating 0.054 mL then waiting 12.393135940656066 s
2025-10-29 16:19:29,108 - DEBUG - Aspirating 0.070 mL then waiting 0 s
2025-10-29 16:19:29,109 - INFO - Pipetting into vial measurement_vial_0, amount: 0.054 mL
2025-10-29 16:19:29,109 - DEBUG - Adjusting pump 0 speed to 25
2025-10-29 16:19:29,110 - DEBUG - Dispensing 0.124 mL then waiting 19.006759207695723 s
2025-10-29 16:19:29,110 - DEBUG - Blowing out 0.018 mL
2025-10-29 16:19:29,110 - DEBUG - Adjusting pump 0 speed to 5
2025-10-29 16:19:29,110 - INFO - Removing pipet
2025-10-29 16:19:29,332 - DEBUG - Selected small_tip for volume 0.054 mL
2025-10-29 16:19:29,332 - INFO - Getting small_tip (pipet number 8) from rack: small_tip_rack_1
2025-10-29 16:19:29,332 - INFO - Pipetting from vial liquid_source_0, amount: 0.054 mL
2025-10-29 16:19:29,336 - DEBUG - Adjusting pump 0 speed to 35
2025-10-29 16:19:29,336 - DEBUG - Aspirating 0.054 mL then waiting 12.393135940656066 s
2025-10-29 16:19:29,336 - DEBUG - Aspirating 0.070 mL then waiting 0 s
2025-10-29 16:19:29,336 - INFO - Pipetting into vial measurement_vial_0, amount: 0.054 mL
2025-10-29 16:19:29,339 - DEBUG - Adjusting pump 0 speed to 25
2025-10-29 16:19:29,340 - DEBUG - Dispensing 0.124 mL then waiting 19.006759207695723 s
2025-10-29 16:19:29,340 - DEBUG - Blowing out 0.018 mL
2025-10-29 16:19:29,340 - DEBUG - Adjusting pump 0 speed to 5
2025-10-29 16:19:29,340 - INFO - Removing pipet
2025-10-29 16:19:29,388 - INFO - [vial-mgmt] manage_vials called: mode=maintain cfg_keys=['source_vial', 'measurement_vial', 'waste_vial', 'reservoir_index', 'min_source_ml', 'refill_target_ml', 'max_measurement_ml']
2025-10-29 16:19:29,391 - INFO - [vial-mgmt] Using current source vial: liquid_source_0
2025-10-29 16:19:29,599 - DEBUG - Selected small_tip for volume 0.050 mL
2025-10-29 16:19:29,599 - INFO - Getting small_tip (pipet number 9) from rack: small_tip_rack_1
2025-10-29 16:19:29,599 - INFO - Pipetting from vial liquid_source_0, amount: 0.05 mL
2025-10-29 16:19:29,602 - DEBUG - Adjusting pump 0 speed to 26
2025-10-29 16:19:29,602 - DEBUG - Aspirating 0.050 mL then waiting 28.394931005313993 s
2025-10-29 16:19:29,602 - DEBUG - Aspirating 0.021 mL then waiting 0 s
2025-10-29 16:19:29,604 - INFO - Pipetting into vial measurement_vial_0, amount: 0.05 mL
2025-10-29 16:19:29,605 - DEBUG - Adjusting pump 0 speed to 20
2025-10-29 16:19:29,605 - DEBUG - Dispensing 0.072 mL then waiting 12.44194284081459 s
2025-10-29 16:19:29,605 - DEBUG - Blowing out 0.056 mL
2025-10-29 16:19:29,605 - DEBUG - Adjusting pump 0 speed to 5
2025-10-29 16:19:29,606 - INFO - Removing pipet
2025-10-29 16:19:29,811 - DEBUG - Selected small_tip for volume 0.050 mL
2025-10-29 16:19:29,811 - INFO - Getting small_tip (pipet number 10) from rack: small_tip_rack_1
2025-10-29 16:19:29,813 - INFO - Pipetting from vial liquid_source_0, amount: 0.05 mL
2025-10-29 16:19:29,813 - DEBUG - Adjusting pump 0 speed to 26
2025-10-29 16:19:29,813 - DEBUG - Aspirating 0.050 mL then waiting 28.394931005313993 s
2025-10-29 16:19:29,813 - DEBUG - Aspirating 0.021 mL then waiting 0 s
2025-10-29 16:19:29,816 - INFO - Pipetting into vial measurement_vial_0, amount: 0.05 mL
2025-10-29 16:19:29,817 - DEBUG - Adjusting pump 0 speed to 20
2025-10-29 16:19:29,818 - DEBUG - Dispensing 0.072 mL then waiting 12.44194284081459 s
2025-10-29 16:19:29,819 - DEBUG - Blowing out 0.056 mL
2025-10-29 16:19:29,819 - DEBUG - Adjusting pump 0 speed to 5
2025-10-29 16:19:29,819 - INFO - Removing pipet
2025-10-29 16:19:30,033 - DEBUG - Selected small_tip for volume 0.050 mL
2025-10-29 16:19:30,033 - INFO - Getting small_tip (pipet number 11) from rack: small_tip_rack_1
2025-10-29 16:19:30,033 - INFO - Pipetting from vial liquid_source_0, amount: 0.05 mL
2025-10-29 16:19:30,033 - DEBUG - Adjusting pump 0 speed to 26
2025-10-29 16:19:30,033 - DEBUG - Aspirating 0.050 mL then waiting 28.394931005313993 s
2025-10-29 16:19:30,033 - DEBUG - Aspirating 0.021 mL then waiting 0 s
2025-10-29 16:19:30,033 - INFO - Pipetting into vial measurement_vial_0, amount: 0.05 mL
2025-10-29 16:19:30,042 - DEBUG - Adjusting pump 0 speed to 20
2025-10-29 16:19:30,042 - DEBUG - Dispensing 0.072 mL then waiting 12.44194284081459 s
2025-10-29 16:19:30,042 - DEBUG - Blowing out 0.056 mL
2025-10-29 16:19:30,042 - DEBUG - Adjusting pump 0 speed to 5
2025-10-29 16:19:30,043 - INFO - Removing pipet
2025-10-29 16:19:30,076 - INFO - [vial-mgmt] manage_vials called: mode=maintain cfg_keys=['source_vial', 'measurement_vial', 'waste_vial', 'reservoir_index', 'min_source_ml', 'refill_target_ml', 'max_measurement_ml']
2025-10-29 16:19:30,078 - INFO - [vial-mgmt] Using current source vial: liquid_source_0
2025-10-29 16:19:30,293 - DEBUG - Selected small_tip for volume 0.054 mL
2025-10-29 16:19:30,293 - INFO - Getting small_tip (pipet number 12) from rack: small_tip_rack_1
2025-10-29 16:19:30,297 - INFO - Pipetting from vial liquid_source_0, amount: 0.054 mL
2025-10-29 16:19:30,297 - DEBUG - Adjusting pump 0 speed to 19
2025-10-29 16:19:30,297 - DEBUG - Aspirating 0.054 mL then waiting 4.259606637060642 s
2025-10-29 16:19:30,297 - DEBUG - Aspirating 0.085 mL then waiting 0 s
2025-10-29 16:19:30,297 - INFO - Pipetting into vial measurement_vial_0, amount: 0.054 mL
2025-10-29 16:19:30,302 - DEBUG - Adjusting pump 0 speed to 31
2025-10-29 16:19:30,302 - DEBUG - Dispensing 0.139 mL then waiting 27.09417167119682 s
2025-10-29 16:19:30,302 - DEBUG - Blowing out 0.116 mL
2025-10-29 16:19:30,302 - DEBUG - Adjusting pump 0 speed to 5
2025-10-29 16:19:30,302 - INFO - Removing pipet
2025-10-29 16:19:30,517 - DEBUG - Selected small_tip for volume 0.054 mL
2025-10-29 16:19:30,517 - INFO - Getting small_tip (pipet number 13) from rack: small_tip_rack_1
2025-10-29 16:19:30,517 - INFO - Pipetting from vial liquid_source_0, amount: 0.054 mL
2025-10-29 16:19:30,520 - DEBUG - Adjusting pump 0 speed to 19
2025-10-29 16:19:30,520 - DEBUG - Aspirating 0.054 mL then waiting 4.259606637060642 s
2025-10-29 16:19:30,520 - DEBUG - Aspirating 0.085 mL then waiting 0 s
2025-10-29 16:19:30,521 - INFO - Pipetting into vial measurement_vial_0, amount: 0.054 mL
2025-10-29 16:19:30,523 - DEBUG - Adjusting pump 0 speed to 31
2025-10-29 16:19:30,524 - DEBUG - Dispensing 0.139 mL then waiting 27.09417167119682 s
2025-10-29 16:19:30,525 - DEBUG - Blowing out 0.116 mL
2025-10-29 16:19:30,525 - DEBUG - Adjusting pump 0 speed to 5
2025-10-29 16:19:30,525 - INFO - Removing pipet
2025-10-29 16:19:30,734 - DEBUG - Selected small_tip for volume 0.054 mL
2025-10-29 16:19:30,735 - INFO - Getting small_tip (pipet number 14) from rack: small_tip_rack_1
2025-10-29 16:19:30,735 - INFO - Pipetting from vial liquid_source_0, amount: 0.054 mL
2025-10-29 16:19:30,737 - DEBUG - Adjusting pump 0 speed to 19
2025-10-29 16:19:30,737 - DEBUG - Aspirating 0.054 mL then waiting 4.259606637060642 s
2025-10-29 16:19:30,737 - DEBUG - Aspirating 0.085 mL then waiting 0 s
2025-10-29 16:19:30,737 - INFO - Pipetting into vial measurement_vial_0, amount: 0.054 mL
2025-10-29 16:19:30,739 - DEBUG - Adjusting pump 0 speed to 31
2025-10-29 16:19:30,740 - DEBUG - Dispensing 0.139 mL then waiting 27.09417167119682 s
2025-10-29 16:19:30,740 - DEBUG - Blowing out 0.116 mL
2025-10-29 16:19:30,740 - DEBUG - Adjusting pump 0 speed to 5
2025-10-29 16:19:30,740 - INFO - Removing pipet
2025-10-29 16:19:30,774 - INFO - [vial-mgmt] manage_vials called: mode=maintain cfg_keys=['source_vial', 'measurement_vial', 'waste_vial', 'reservoir_index', 'min_source_ml', 'refill_target_ml', 'max_measurement_ml']
2025-10-29 16:19:30,777 - INFO - [vial-mgmt] Using current source vial: liquid_source_0
2025-10-29 16:19:30,980 - DEBUG - Selected small_tip for volume 0.051 mL
2025-10-29 16:19:30,980 - INFO - Getting small_tip (pipet number 15) from rack: small_tip_rack_1
2025-10-29 16:19:30,983 - INFO - Pipetting from vial liquid_source_0, amount: 0.051 mL
2025-10-29 16:19:30,984 - DEBUG - Adjusting pump 0 speed to 17
2025-10-29 16:19:30,984 - DEBUG - Aspirating 0.051 mL then waiting 8.865606626495719 s
2025-10-29 16:19:30,984 - DEBUG - Aspirating 0.010 mL then waiting 0 s
2025-10-29 16:19:30,985 - INFO - Pipetting into vial measurement_vial_0, amount: 0.051 mL
2025-10-29 16:19:30,986 - DEBUG - Adjusting pump 0 speed to 18
2025-10-29 16:19:30,987 - DEBUG - Dispensing 0.061 mL then waiting 25.507228514179587 s
2025-10-29 16:19:30,987 - DEBUG - Blowing out 0.179 mL
2025-10-29 16:19:30,987 - DEBUG - Adjusting pump 0 speed to 5
2025-10-29 16:19:30,987 - INFO - Removing pipet
2025-10-29 16:19:31,201 - DEBUG - Selected small_tip for volume 0.051 mL
2025-10-29 16:19:31,202 - INFO - Getting small_tip (pipet number 16) from rack: small_tip_rack_1
2025-10-29 16:19:31,203 - INFO - Pipetting from vial liquid_source_0, amount: 0.051 mL
2025-10-29 16:19:31,204 - DEBUG - Adjusting pump 0 speed to 17
2025-10-29 16:19:31,204 - DEBUG - Aspirating 0.051 mL then waiting 8.865606626495719 s
2025-10-29 16:19:31,204 - DEBUG - Aspirating 0.010 mL then waiting 0 s
2025-10-29 16:19:31,205 - INFO - Pipetting into vial measurement_vial_0, amount: 0.051 mL
2025-10-29 16:19:31,207 - DEBUG - Adjusting pump 0 speed to 18
2025-10-29 16:19:31,207 - DEBUG - Dispensing 0.061 mL then waiting 25.507228514179587 s
2025-10-29 16:19:31,207 - DEBUG - Blowing out 0.179 mL
2025-10-29 16:19:31,207 - DEBUG - Adjusting pump 0 speed to 5
2025-10-29 16:19:31,208 - INFO - Removing pipet
2025-10-29 16:19:31,416 - DEBUG - Selected small_tip for volume 0.051 mL
2025-10-29 16:19:31,416 - INFO - Getting small_tip (pipet number 17) from rack: small_tip_rack_1
2025-10-29 16:19:31,416 - INFO - Pipetting from vial liquid_source_0, amount: 0.051 mL
2025-10-29 16:19:31,416 - DEBUG - Adjusting pump 0 speed to 17
2025-10-29 16:19:31,416 - DEBUG - Aspirating 0.051 mL then waiting 8.865606626495719 s
2025-10-29 16:19:31,416 - DEBUG - Aspirating 0.010 mL then waiting 0 s
2025-10-29 16:19:31,416 - INFO - Pipetting into vial measurement_vial_0, amount: 0.051 mL
2025-10-29 16:19:31,423 - DEBUG - Adjusting pump 0 speed to 18
2025-10-29 16:19:31,425 - DEBUG - Dispensing 0.061 mL then waiting 25.507228514179587 s
2025-10-29 16:19:31,426 - DEBUG - Blowing out 0.179 mL
2025-10-29 16:19:31,426 - DEBUG - Adjusting pump 0 speed to 5
2025-10-29 16:19:31,427 - INFO - Removing pipet
2025-10-29 16:19:31,464 - INFO - [vial-mgmt] manage_vials called: mode=maintain cfg_keys=['source_vial', 'measurement_vial', 'waste_vial', 'reservoir_index', 'min_source_ml', 'refill_target_ml', 'max_measurement_ml']
2025-10-29 16:19:31,465 - INFO - [vial-mgmt] Using current source vial: liquid_source_0
2025-10-29 16:19:31,681 - DEBUG - Selected small_tip for volume 0.055 mL
2025-10-29 16:19:31,681 - INFO - Getting small_tip (pipet number 18) from rack: small_tip_rack_1
2025-10-29 16:19:31,681 - INFO - Pipetting from vial liquid_source_0, amount: 0.055 mL
2025-10-29 16:19:31,681 - DEBUG - Adjusting pump 0 speed to 23
2025-10-29 16:19:31,681 - DEBUG - Aspirating 0.055 mL then waiting 18.480767849832773 s
2025-10-29 16:19:31,681 - DEBUG - Aspirating 0.097 mL then waiting 0 s
2025-10-29 16:19:31,681 - INFO - Pipetting into vial measurement_vial_0, amount: 0.055 mL
2025-10-29 16:19:31,689 - DEBUG - Adjusting pump 0 speed to 34
2025-10-29 16:19:31,690 - DEBUG - Dispensing 0.152 mL then waiting 9.92737378925085 s
2025-10-29 16:19:31,690 - DEBUG - Blowing out 0.042 mL
2025-10-29 16:19:31,690 - DEBUG - Adjusting pump 0 speed to 5
2025-10-29 16:19:31,690 - INFO - Removing pipet
2025-10-29 16:19:31,897 - DEBUG - Selected small_tip for volume 0.055 mL
2025-10-29 16:19:31,897 - INFO - Getting small_tip (pipet number 19) from rack: small_tip_rack_1
2025-10-29 16:19:31,901 - INFO - Pipetting from vial liquid_source_0, amount: 0.055 mL
2025-10-29 16:19:31,902 - DEBUG - Adjusting pump 0 speed to 23
2025-10-29 16:19:31,902 - DEBUG - Aspirating 0.055 mL then waiting 18.480767849832773 s
2025-10-29 16:19:31,902 - DEBUG - Aspirating 0.097 mL then waiting 0 s
2025-10-29 16:19:31,904 - INFO - Pipetting into vial measurement_vial_0, amount: 0.055 mL
2025-10-29 16:19:31,904 - DEBUG - Adjusting pump 0 speed to 34
2025-10-29 16:19:31,905 - DEBUG - Dispensing 0.152 mL then waiting 9.92737378925085 s
2025-10-29 16:19:31,905 - DEBUG - Blowing out 0.042 mL
2025-10-29 16:19:31,905 - DEBUG - Adjusting pump 0 speed to 5
2025-10-29 16:19:31,906 - INFO - Removing pipet
2025-10-29 16:19:32,128 - DEBUG - Selected small_tip for volume 0.055 mL
2025-10-29 16:19:32,128 - INFO - Getting small_tip (pipet number 20) from rack: small_tip_rack_1
2025-10-29 16:19:32,131 - INFO - Pipetting from vial liquid_source_0, amount: 0.055 mL
2025-10-29 16:19:32,134 - DEBUG - Adjusting pump 0 speed to 23
2025-10-29 16:19:32,134 - DEBUG - Aspirating 0.055 mL then waiting 18.480767849832773 s
2025-10-29 16:19:32,134 - DEBUG - Aspirating 0.097 mL then waiting 0 s
2025-10-29 16:19:32,135 - INFO - Pipetting into vial measurement_vial_0, amount: 0.055 mL
2025-10-29 16:19:32,135 - DEBUG - Adjusting pump 0 speed to 34
2025-10-29 16:19:32,138 - DEBUG - Dispensing 0.152 mL then waiting 9.92737378925085 s
2025-10-29 16:19:32,138 - DEBUG - Blowing out 0.042 mL
2025-10-29 16:19:32,138 - DEBUG - Adjusting pump 0 speed to 5
2025-10-29 16:19:32,138 - INFO - Removing pipet
2025-10-29 16:19:32,177 - INFO - [vial-mgmt] manage_vials called: mode=maintain cfg_keys=['source_vial', 'measurement_vial', 'waste_vial', 'reservoir_index', 'min_source_ml', 'refill_target_ml', 'max_measurement_ml']
2025-10-29 16:19:32,178 - INFO - [vial-mgmt] Using current source vial: liquid_source_0
2025-10-29 16:19:32,396 - DEBUG - Selected small_tip for volume 0.056 mL
2025-10-29 16:19:32,396 - INFO - Getting small_tip (pipet number 21) from rack: small_tip_rack_1
2025-10-29 16:19:32,396 - INFO - Pipetting from vial liquid_source_0, amount: 0.056 mL
2025-10-29 16:19:32,396 - DEBUG - Adjusting pump 0 speed to 31
2025-10-29 16:19:32,396 - DEBUG - Aspirating 0.056 mL then waiting 0.7320817932486534 s
2025-10-29 16:19:32,396 - DEBUG - Aspirating 0.045 mL then waiting 0 s
2025-10-29 16:19:32,396 - INFO - Pipetting into vial measurement_vial_0, amount: 0.056 mL
2025-10-29 16:19:32,402 - DEBUG - Adjusting pump 0 speed to 11
2025-10-29 16:19:32,402 - DEBUG - Dispensing 0.100 mL then waiting 18.36072424426675 s
2025-10-29 16:19:32,402 - DEBUG - Blowing out 0.080 mL
2025-10-29 16:19:32,402 - DEBUG - Adjusting pump 0 speed to 5
2025-10-29 16:19:32,402 - INFO - Removing pipet
2025-10-29 16:19:32,615 - DEBUG - Selected small_tip for volume 0.056 mL
2025-10-29 16:19:32,615 - INFO - Getting small_tip (pipet number 22) from rack: small_tip_rack_1
2025-10-29 16:19:32,615 - INFO - Pipetting from vial liquid_source_0, amount: 0.056 mL
2025-10-29 16:19:32,620 - DEBUG - Adjusting pump 0 speed to 31
2025-10-29 16:19:32,620 - DEBUG - Aspirating 0.056 mL then waiting 0.7320817932486534 s
2025-10-29 16:19:32,620 - DEBUG - Aspirating 0.045 mL then waiting 0 s
2025-10-29 16:19:32,620 - INFO - Pipetting into vial measurement_vial_0, amount: 0.056 mL
2025-10-29 16:19:32,622 - DEBUG - Adjusting pump 0 speed to 11
2025-10-29 16:19:32,622 - DEBUG - Dispensing 0.100 mL then waiting 18.36072424426675 s
2025-10-29 16:19:32,622 - DEBUG - Blowing out 0.080 mL
2025-10-29 16:19:32,622 - DEBUG - Adjusting pump 0 speed to 5
2025-10-29 16:19:32,623 - INFO - Removing pipet
2025-10-29 16:19:32,842 - DEBUG - Selected small_tip for volume 0.056 mL
2025-10-29 16:19:32,842 - INFO - Getting small_tip (pipet number 23) from rack: small_tip_rack_1
2025-10-29 16:19:32,843 - INFO - Pipetting from vial liquid_source_0, amount: 0.056 mL
2025-10-29 16:19:32,843 - DEBUG - Adjusting pump 0 speed to 31
2025-10-29 16:19:32,843 - DEBUG - Aspirating 0.056 mL then waiting 0.7320817932486534 s
2025-10-29 16:19:32,843 - DEBUG - Aspirating 0.045 mL then waiting 0 s
2025-10-29 16:19:32,843 - INFO - Pipetting into vial measurement_vial_0, amount: 0.056 mL
2025-10-29 16:19:32,843 - DEBUG - Adjusting pump 0 speed to 11
2025-10-29 16:19:32,849 - DEBUG - Dispensing 0.100 mL then waiting 18.36072424426675 s
2025-10-29 16:19:32,849 - DEBUG - Blowing out 0.080 mL
2025-10-29 16:19:32,849 - DEBUG - Adjusting pump 0 speed to 5
2025-10-29 16:19:32,849 - INFO - Removing pipet
2025-10-29 16:19:32,864 - INFO - [vial-mgmt] manage_vials called: mode=maintain cfg_keys=['source_vial', 'measurement_vial', 'waste_vial', 'reservoir_index', 'min_source_ml', 'refill_target_ml', 'max_measurement_ml']
2025-10-29 16:19:32,865 - INFO - [vial-mgmt] Using current source vial: liquid_source_0
2025-10-29 16:19:33,082 - DEBUG - Selected small_tip for volume 0.029 mL
2025-10-29 16:19:33,082 - INFO - Getting small_tip (pipet number 24) from rack: small_tip_rack_1
2025-10-29 16:19:33,082 - INFO - Pipetting from vial liquid_source_0, amount: 0.029 mL
2025-10-29 16:19:33,082 - DEBUG - Adjusting pump 0 speed to 19
2025-10-29 16:19:33,082 - DEBUG - Aspirating 0.029 mL then waiting 4.259606637060642 s
2025-10-29 16:19:33,082 - DEBUG - Aspirating 0.085 mL then waiting 0 s
2025-10-29 16:19:33,082 - INFO - Pipetting into vial measurement_vial_0, amount: 0.029 mL
2025-10-29 16:19:33,089 - DEBUG - Adjusting pump 0 speed to 31
2025-10-29 16:19:33,091 - DEBUG - Dispensing 0.114 mL then waiting 27.09417167119682 s
2025-10-29 16:19:33,091 - DEBUG - Blowing out 0.116 mL
2025-10-29 16:19:33,091 - DEBUG - Adjusting pump 0 speed to 5
2025-10-29 16:19:33,091 - INFO - Removing pipet
2025-10-29 16:19:33,096 - INFO - [vial-mgmt] manage_vials called: mode=maintain cfg_keys=['source_vial', 'measurement_vial', 'waste_vial', 'reservoir_index', 'min_source_ml', 'refill_target_ml', 'max_measurement_ml']
2025-10-29 16:19:33,097 - INFO - [vial-mgmt] Using current source vial: liquid_source_0
2025-10-29 16:19:33,304 - DEBUG - Selected small_tip for volume 0.029 mL
2025-10-29 16:19:33,304 - INFO - Getting small_tip (pipet number 25) from rack: small_tip_rack_1
2025-10-29 16:19:33,305 - INFO - Pipetting from vial liquid_source_0, amount: 0.029 mL
2025-10-29 16:19:33,306 - DEBUG - Adjusting pump 0 speed to 19
2025-10-29 16:19:33,306 - DEBUG - Aspirating 0.029 mL then waiting 4.259606637060642 s
2025-10-29 16:19:33,307 - DEBUG - Aspirating 0.085 mL then waiting 0 s
2025-10-29 16:19:33,308 - INFO - Pipetting into vial measurement_vial_0, amount: 0.029 mL
2025-10-29 16:19:33,308 - DEBUG - Adjusting pump 0 speed to 31
2025-10-29 16:19:33,309 - DEBUG - Dispensing 0.114 mL then waiting 27.09417167119682 s
2025-10-29 16:19:33,309 - DEBUG - Blowing out 0.116 mL
2025-10-29 16:19:33,310 - DEBUG - Adjusting pump 0 speed to 5
2025-10-29 16:19:33,310 - INFO - Removing pipet
2025-10-29 16:19:33,316 - DEBUG - Selected small_tip for volume 0.025 mL
