2025-10-21 16:31:28,525 - INFO - Initializing North Robot...
2025-10-21 16:31:28,525 - DEBUG - Loading robot configuration files...
2025-10-21 16:31:28,541 - DEBUG - Loaded vial positions configuration from robot_state/vial_positions.yaml
2025-10-21 16:31:28,541 - DEBUG - Loaded pipet tips configuration from robot_state/pipet_tips.yaml
2025-10-21 16:31:28,541 - DEBUG - Loaded pipet racks configuration from robot_state/pipet_racks.yaml
2025-10-21 16:31:28,541 - DEBUG - Loaded pump configuration from robot_state/syringe_pumps.yaml
2025-10-21 16:31:28,558 - DEBUG - Loaded robot hardware configuration from robot_state/robot_hardware.yaml
2025-10-21 16:31:28,562 - DEBUG - Loaded wellplate properties configuration from robot_state/wellplates.yaml
2025-10-21 16:31:28,562 - DEBUG - Loading robot state files...
2025-10-21 16:31:28,563 - DEBUG - Loaded vial data from ../utoronto_demo/status/sample_capped_vials.csv
2025-10-21 16:31:28,563 - DEBUG - Loaded robot status from robot_state/robot_status.yaml
2025-10-21 16:31:28,563 - DEBUG - Loaded wellplate positions from robot_state/wellplates.yaml
2025-10-21 16:31:28,563 - DEBUG - Robot status loaded successfully
2025-10-21 16:31:28,563 - DEBUG - Loading pumps from YAML configuration...
2025-10-21 16:31:28,676 - DEBUG - Loaded pump 0: volume=1.0mL, speed=11, liquid=None
2025-10-21 16:31:28,781 - DEBUG - Loaded pump 1: volume=2.5mL, speed=15, liquid=water
2025-10-21 16:31:28,782 - DEBUG - Physical initialization of North Robot...
2025-10-21 16:31:29,107 - INFO - Moving robot to home position
2025-10-21 16:31:34,953 - DEBUG - Current reader status: 0
2025-10-21 16:31:34,953 - INFO - Cytation5 is connected and ready
2025-10-21 16:31:34,953 - INFO - Initializing North Track...
2025-10-21 16:31:34,953 - DEBUG - Loading track status from file: robot_state/track_status.yaml
2025-10-21 16:31:34,953 - DEBUG - Getting track status from file: robot_state/track_status.yaml
2025-10-21 16:31:34,957 - DEBUG - Loaded track status from robot_state/track_status.yaml
2025-10-21 16:31:34,957 - DEBUG - Loading track positions from: robot_state/track_positions.yaml
2025-10-21 16:31:34,965 - DEBUG - Loaded track positions configuration from robot_state/track_positions.yaml
2025-10-21 16:31:34,965 - DEBUG - Loading robot hardware configuration from: robot_state/robot_hardware.yaml
2025-10-21 16:31:34,968 - DEBUG - Loaded robot hardware configuration from robot_state/robot_hardware.yaml
2025-10-21 16:31:34,971 - DEBUG - Loaded wellplate properties configuration from robot_state/wellplates.yaml
2025-10-21 16:31:35,083 - DEBUG - Moving North Track to home position
2025-10-21 16:31:35,096 - INFO - Measuring wellplate 0 with protocols: None
2025-10-21 16:31:35,096 - DEBUG - Using robot plate type 'quartz' -> Cytation plate type '96 WELL PLATE'
2025-10-21 16:31:35,096 - INFO - Moving robot to home position
2025-10-21 16:31:35,377 - INFO - Moving wellplate 0 to Cytation
2025-10-21 16:31:35,377 - DEBUG - Using robot plate type 'quartz' -> Cytation plate type '96 WELL PLATE' for CarrierIn
2025-10-21 16:31:36,481 - INFO - Grabbing wellplate from location: pipetting_area
2025-10-21 16:31:36,482 - DEBUG - No waypoint locations provided, skipping path movement
2025-10-21 16:31:39,968 - DEBUG - Opening gripper
2025-10-21 16:31:42,855 - DEBUG - Closing gripper
2025-10-21 16:31:49,403 - INFO - Releasing wellplate at location: cytation_tray
2025-10-21 16:31:49,403 - DEBUG - No waypoint locations provided, skipping path movement
2025-10-21 16:31:52,093 - DEBUG - Opening gripper
