2025-11-03 18:04:08,074 - INFO - Initializing North Robot...
2025-11-03 18:04:08,074 - DEBUG - Loading robot configuration files...
2025-11-03 18:04:08,086 - DEBUG - Loaded vial positions configuration from robot_state/vial_positions.yaml
2025-11-03 18:04:08,088 - DEBUG - Loaded pipet tips configuration from robot_state/pipet_tips.yaml
2025-11-03 18:04:08,091 - DEBUG - Loaded pipet racks configuration from robot_state/pipet_racks.yaml
2025-11-03 18:04:08,094 - DEBUG - Loaded pump configuration from robot_state/syringe_pumps.yaml
2025-11-03 18:04:08,096 - DEBUG - Loaded robot hardware configuration from robot_state/robot_hardware.yaml
2025-11-03 18:04:08,101 - DEBUG - Loaded wellplate properties configuration from robot_state/wellplates.yaml
2025-11-03 18:04:08,101 - DEBUG - Loading robot state files...
2025-11-03 18:04:08,101 - DEBUG - Loaded vial data from status/calibration_vials_short.csv
2025-11-03 18:04:08,108 - DEBUG - Loaded robot status from robot_state/robot_status.yaml
2025-11-03 18:04:08,110 - DEBUG - Loaded wellplate positions from robot_state/wellplates.yaml
2025-11-03 18:04:08,110 - DEBUG - Robot status loaded successfully
2025-11-03 18:04:08,110 - DEBUG - Loading pumps from YAML configuration...
2025-11-03 18:04:08,113 - DEBUG - Loaded pump 0: volume=1.0mL, speed=11, liquid=None
2025-11-03 18:04:08,114 - DEBUG - Loaded pump 1: volume=2.5mL, speed=15, liquid=water
2025-11-03 18:04:08,114 - DEBUG - Physical initialization of North Robot...
2025-11-03 18:04:08,115 - WARNING - The robot reports having liquid in its tip... Returning that liquid...
2025-11-03 18:04:08,117 - INFO - Pipetting into vial liquid_source_0, amount: 1.0 mL
2025-11-03 18:04:08,119 - DEBUG - Adjusting pump 0 speed to 13
2025-11-03 18:04:08,119 - DEBUG - Dispensing 1.000 mL then waiting 1.0 s
2025-11-03 18:04:08,119 - DEBUG - Blowing out 0.050 mL
2025-11-03 18:04:08,119 - WARNING - The robot reports having a tip, removing the tip
2025-11-03 18:04:08,119 - INFO - Removing pipet
2025-11-03 18:04:08,124 - INFO - Moving robot to home position
2025-11-03 18:04:08,125 - INFO - Initializing North Track...
2025-11-03 18:04:08,125 - DEBUG - Loading track status from file: robot_state/track_status.yaml
2025-11-03 18:04:08,126 - DEBUG - Getting track status from file: robot_state/track_status.yaml
2025-11-03 18:04:08,126 - DEBUG - Loaded track status from robot_state/track_status.yaml
2025-11-03 18:04:08,126 - DEBUG - Loading track positions from: robot_state/track_positions.yaml
2025-11-03 18:04:08,131 - DEBUG - Loaded track positions configuration from robot_state/track_positions.yaml
2025-11-03 18:04:08,131 - DEBUG - Loading robot hardware configuration from: robot_state/robot_hardware.yaml
2025-11-03 18:04:08,131 - DEBUG - Loaded robot hardware configuration from robot_state/robot_hardware.yaml
2025-11-03 18:04:08,131 - DEBUG - Loaded wellplate properties configuration from robot_state/wellplates.yaml
2025-11-03 18:04:08,131 - DEBUG - Moving North Track to home position
2025-11-03 18:04:08,131 - INFO -     vial_index           vial_name         location  location_index  vial_volume  capped cap_type vial_type    home_location  home_location_index
0            0  measurement_vial_0            clamp               0     3.260259    True     open      8_mL    main_8mL_rack                    0
1            1  measurement_vial_1    main_8mL_rack               1     0.000000    True     open      8_mL    main_8mL_rack                    1
2            2  measurement_vial_2    main_8mL_rack               2     0.000000    True     open      8_mL    main_8mL_rack                    2
3            3  measurement_vial_3    main_8mL_rack               3     0.000000    True     open      8_mL    main_8mL_rack                    3
4            4  measurement_vial_4    main_8mL_rack               4     0.000000    True     open      8_mL    main_8mL_rack                    4
5            5  measurement_vial_5    main_8mL_rack               5     0.000000    True     open      8_mL    main_8mL_rack                    5
6            6  measurement_vial_6    main_8mL_rack               6     0.000000    True     open      8_mL    main_8mL_rack                    6
7            7  measurement_vial_7    main_8mL_rack               7     0.000000    True     open      8_mL    main_8mL_rack                    7
8            8  measurement_vial_8    main_8mL_rack               8     0.000000    True     open      8_mL    main_8mL_rack                    8
9            9  measurement_vial_9    main_8mL_rack               9     0.000000    True     open      8_mL    main_8mL_rack                    9
10          10       liquid_source   50mL_vial_rack               0     0.000000    True     open     50_mL   50mL_vial_rack                    0
11          11     liquid_source_0  large_vial_rack               2    14.713650    True     open     20_mL  large_vial_rack                    2
2025-11-03 18:04:08,153 - INFO - Visualizing vial racks...
2025-11-03 18:04:08,353 - DEBUG - Visualizing rack: Main Rack with filter: main_8mL_rack
2025-11-03 18:04:08,511 - DEBUG - Visualizing rack: Second Rack with filter: large_vial_rack
2025-11-03 18:04:10,847 - INFO - Vial measurement_vial_0 already at clamp index 0, no move needed
2025-11-03 18:04:10,847 - DEBUG - Selected small_tip for volume 0.050 mL
2025-11-03 18:04:11,102 - DEBUG - Selected small_tip for volume 0.057 mL
2025-11-03 18:04:11,103 - INFO - Getting small_tip (pipet number 18) from rack: small_tip_rack_2
2025-11-03 18:04:11,104 - INFO - Pipetting from vial liquid_source_0, amount: 0.057 mL
2025-11-03 18:04:11,106 - DEBUG - Adjusting pump 0 speed to 15
2025-11-03 18:04:11,106 - DEBUG - Aspirating 0.057 mL then waiting 22.48070776462555 s
2025-11-03 18:04:11,106 - DEBUG - Aspirating 0.036 mL then waiting 0 s
2025-11-03 18:04:11,108 - INFO - Pipetting into vial measurement_vial_0, amount: 0.057 mL
2025-11-03 18:04:11,109 - DEBUG - Adjusting pump 0 speed to 14
2025-11-03 18:04:11,110 - DEBUG - Dispensing 0.094 mL then waiting 5.529413223266602 s
2025-11-03 18:04:11,110 - DEBUG - Blowing out 0.153 mL
2025-11-03 18:04:11,110 - INFO - Removing pipet
2025-11-03 18:04:11,319 - DEBUG - Selected small_tip for volume 0.057 mL
2025-11-03 18:04:11,319 - INFO - Getting small_tip (pipet number 19) from rack: small_tip_rack_2
2025-11-03 18:04:11,335 - INFO - Pipetting from vial liquid_source_0, amount: 0.057 mL
2025-11-03 18:04:11,343 - DEBUG - Adjusting pump 0 speed to 15
2025-11-03 18:04:11,343 - DEBUG - Aspirating 0.057 mL then waiting 22.48070776462555 s
2025-11-03 18:04:11,344 - DEBUG - Aspirating 0.036 mL then waiting 0 s
2025-11-03 18:04:11,352 - INFO - Pipetting into vial measurement_vial_0, amount: 0.057 mL
2025-11-03 18:04:11,355 - DEBUG - Adjusting pump 0 speed to 14
2025-11-03 18:04:11,360 - DEBUG - Dispensing 0.094 mL then waiting 5.529413223266602 s
2025-11-03 18:04:11,360 - DEBUG - Blowing out 0.153 mL
2025-11-03 18:04:11,361 - INFO - Removing pipet
2025-11-03 18:04:11,587 - DEBUG - Selected small_tip for volume 0.057 mL
2025-11-03 18:04:11,588 - INFO - Getting small_tip (pipet number 20) from rack: small_tip_rack_2
2025-11-03 18:04:11,595 - INFO - Pipetting from vial liquid_source_0, amount: 0.057 mL
2025-11-03 18:04:11,603 - DEBUG - Adjusting pump 0 speed to 15
2025-11-03 18:04:11,603 - DEBUG - Aspirating 0.057 mL then waiting 22.48070776462555 s
2025-11-03 18:04:11,604 - DEBUG - Aspirating 0.036 mL then waiting 0 s
2025-11-03 18:04:11,611 - INFO - Pipetting into vial measurement_vial_0, amount: 0.057 mL
2025-11-03 18:04:11,615 - DEBUG - Adjusting pump 0 speed to 14
2025-11-03 18:04:11,619 - DEBUG - Dispensing 0.094 mL then waiting 5.529413223266602 s
2025-11-03 18:04:11,619 - DEBUG - Blowing out 0.153 mL
2025-11-03 18:04:11,620 - INFO - Removing pipet
2025-11-03 18:04:11,903 - DEBUG - Selected small_tip for volume 0.054 mL
2025-11-03 18:04:11,903 - INFO - Getting small_tip (pipet number 21) from rack: small_tip_rack_2
2025-11-03 18:04:11,909 - INFO - Pipetting from vial liquid_source_0, amount: 0.054 mL
2025-11-03 18:04:11,916 - DEBUG - Adjusting pump 0 speed to 35
2025-11-03 18:04:11,917 - DEBUG - Aspirating 0.054 mL then waiting 12.393135940656066 s
2025-11-03 18:04:11,917 - DEBUG - Aspirating 0.070 mL then waiting 0 s
2025-11-03 18:04:11,925 - INFO - Pipetting into vial measurement_vial_0, amount: 0.054 mL
2025-11-03 18:04:11,928 - DEBUG - Adjusting pump 0 speed to 25
2025-11-03 18:04:11,932 - DEBUG - Dispensing 0.124 mL then waiting 19.006759207695723 s
2025-11-03 18:04:11,932 - DEBUG - Blowing out 0.018 mL
2025-11-03 18:04:11,932 - INFO - Removing pipet
2025-11-03 18:04:12,144 - DEBUG - Selected small_tip for volume 0.054 mL
2025-11-03 18:04:12,144 - INFO - Getting small_tip (pipet number 22) from rack: small_tip_rack_2
2025-11-03 18:04:12,157 - INFO - Pipetting from vial liquid_source_0, amount: 0.054 mL
2025-11-03 18:04:12,165 - DEBUG - Adjusting pump 0 speed to 35
2025-11-03 18:04:12,166 - DEBUG - Aspirating 0.054 mL then waiting 12.393135940656066 s
2025-11-03 18:04:12,166 - DEBUG - Aspirating 0.070 mL then waiting 0 s
2025-11-03 18:04:12,167 - INFO - Pipetting into vial measurement_vial_0, amount: 0.054 mL
2025-11-03 18:04:12,175 - DEBUG - Adjusting pump 0 speed to 25
2025-11-03 18:04:12,177 - DEBUG - Dispensing 0.124 mL then waiting 19.006759207695723 s
2025-11-03 18:04:12,177 - DEBUG - Blowing out 0.018 mL
2025-11-03 18:04:12,177 - INFO - Removing pipet
2025-11-03 18:04:12,394 - DEBUG - Selected small_tip for volume 0.054 mL
2025-11-03 18:04:12,394 - INFO - Getting small_tip (pipet number 23) from rack: small_tip_rack_2
2025-11-03 18:04:12,406 - INFO - Pipetting from vial liquid_source_0, amount: 0.054 mL
2025-11-03 18:04:12,413 - DEBUG - Adjusting pump 0 speed to 35
2025-11-03 18:04:12,414 - DEBUG - Aspirating 0.054 mL then waiting 12.393135940656066 s
2025-11-03 18:04:12,414 - DEBUG - Aspirating 0.070 mL then waiting 0 s
2025-11-03 18:04:12,419 - INFO - Pipetting into vial measurement_vial_0, amount: 0.054 mL
2025-11-03 18:04:12,422 - DEBUG - Adjusting pump 0 speed to 25
2025-11-03 18:04:12,423 - DEBUG - Dispensing 0.124 mL then waiting 19.006759207695723 s
2025-11-03 18:04:12,423 - DEBUG - Blowing out 0.018 mL
2025-11-03 18:04:12,424 - INFO - Removing pipet
2025-11-03 18:04:12,660 - DEBUG - Selected small_tip for volume 0.050 mL
2025-11-03 18:04:12,660 - INFO - Getting small_tip (pipet number 24) from rack: small_tip_rack_2
2025-11-03 18:04:12,668 - INFO - Pipetting from vial liquid_source_0, amount: 0.05 mL
2025-11-03 18:04:12,671 - DEBUG - Adjusting pump 0 speed to 26
2025-11-03 18:04:12,671 - DEBUG - Aspirating 0.050 mL then waiting 28.394931005313993 s
2025-11-03 18:04:12,671 - DEBUG - Aspirating 0.021 mL then waiting 0 s
2025-11-03 18:04:12,678 - INFO - Pipetting into vial measurement_vial_0, amount: 0.05 mL
2025-11-03 18:04:12,679 - DEBUG - Adjusting pump 0 speed to 20
2025-11-03 18:04:12,680 - DEBUG - Dispensing 0.072 mL then waiting 12.44194284081459 s
2025-11-03 18:04:12,681 - DEBUG - Blowing out 0.056 mL
2025-11-03 18:04:12,681 - INFO - Removing pipet
2025-11-03 18:04:12,894 - DEBUG - Selected small_tip for volume 0.050 mL
2025-11-03 18:04:12,894 - INFO - Getting small_tip (pipet number 25) from rack: small_tip_rack_2
2025-11-03 18:04:12,907 - INFO - Pipetting from vial liquid_source_0, amount: 0.05 mL
2025-11-03 18:04:12,917 - DEBUG - Adjusting pump 0 speed to 26
2025-11-03 18:04:12,917 - DEBUG - Aspirating 0.050 mL then waiting 28.394931005313993 s
2025-11-03 18:04:12,918 - DEBUG - Aspirating 0.021 mL then waiting 0 s
2025-11-03 18:04:12,927 - INFO - Pipetting into vial measurement_vial_0, amount: 0.05 mL
2025-11-03 18:04:12,930 - DEBUG - Adjusting pump 0 speed to 20
2025-11-03 18:04:12,932 - DEBUG - Dispensing 0.072 mL then waiting 12.44194284081459 s
2025-11-03 18:04:12,932 - DEBUG - Blowing out 0.056 mL
2025-11-03 18:04:12,932 - INFO - Removing pipet
2025-11-03 18:04:13,149 - DEBUG - Selected small_tip for volume 0.050 mL
2025-11-03 18:04:13,149 - INFO - Getting small_tip (pipet number 26) from rack: small_tip_rack_2
2025-11-03 18:04:13,156 - INFO - Pipetting from vial liquid_source_0, amount: 0.05 mL
2025-11-03 18:04:13,164 - DEBUG - Adjusting pump 0 speed to 26
2025-11-03 18:04:13,165 - DEBUG - Aspirating 0.050 mL then waiting 28.394931005313993 s
2025-11-03 18:04:13,165 - DEBUG - Aspirating 0.021 mL then waiting 0 s
2025-11-03 18:04:13,172 - INFO - Pipetting into vial measurement_vial_0, amount: 0.05 mL
2025-11-03 18:04:13,176 - DEBUG - Adjusting pump 0 speed to 20
2025-11-03 18:04:13,180 - DEBUG - Dispensing 0.072 mL then waiting 12.44194284081459 s
2025-11-03 18:04:13,180 - DEBUG - Blowing out 0.056 mL
2025-11-03 18:04:13,181 - INFO - Removing pipet
2025-11-03 18:04:13,454 - DEBUG - Selected small_tip for volume 0.054 mL
2025-11-03 18:04:13,455 - INFO - Getting small_tip (pipet number 27) from rack: small_tip_rack_2
2025-11-03 18:04:13,462 - INFO - Pipetting from vial liquid_source_0, amount: 0.054 mL
2025-11-03 18:04:13,469 - DEBUG - Adjusting pump 0 speed to 19
2025-11-03 18:04:13,470 - DEBUG - Aspirating 0.054 mL then waiting 4.259606637060642 s
2025-11-03 18:04:13,470 - DEBUG - Aspirating 0.085 mL then waiting 0 s
2025-11-03 18:04:13,477 - INFO - Pipetting into vial measurement_vial_0, amount: 0.054 mL
2025-11-03 18:04:13,478 - DEBUG - Adjusting pump 0 speed to 31
2025-11-03 18:04:13,484 - DEBUG - Dispensing 0.139 mL then waiting 27.09417167119682 s
2025-11-03 18:04:13,484 - DEBUG - Blowing out 0.116 mL
2025-11-03 18:04:13,485 - INFO - Removing pipet
2025-11-03 18:04:13,705 - DEBUG - Selected small_tip for volume 0.054 mL
2025-11-03 18:04:13,706 - INFO - Getting small_tip (pipet number 28) from rack: small_tip_rack_2
2025-11-03 18:04:13,712 - INFO - Pipetting from vial liquid_source_0, amount: 0.054 mL
2025-11-03 18:04:13,720 - DEBUG - Adjusting pump 0 speed to 19
2025-11-03 18:04:13,720 - DEBUG - Aspirating 0.054 mL then waiting 4.259606637060642 s
2025-11-03 18:04:13,722 - DEBUG - Aspirating 0.085 mL then waiting 0 s
2025-11-03 18:04:13,728 - INFO - Pipetting into vial measurement_vial_0, amount: 0.054 mL
2025-11-03 18:04:13,729 - DEBUG - Adjusting pump 0 speed to 31
2025-11-03 18:04:13,734 - DEBUG - Dispensing 0.139 mL then waiting 27.09417167119682 s
2025-11-03 18:04:13,734 - DEBUG - Blowing out 0.116 mL
2025-11-03 18:04:13,735 - INFO - Removing pipet
2025-11-03 18:04:13,949 - DEBUG - Selected small_tip for volume 0.054 mL
2025-11-03 18:04:13,949 - INFO - Getting small_tip (pipet number 29) from rack: small_tip_rack_2
2025-11-03 18:04:13,955 - INFO - Pipetting from vial liquid_source_0, amount: 0.054 mL
2025-11-03 18:04:13,963 - DEBUG - Adjusting pump 0 speed to 19
2025-11-03 18:04:13,964 - DEBUG - Aspirating 0.054 mL then waiting 4.259606637060642 s
2025-11-03 18:04:13,964 - DEBUG - Aspirating 0.085 mL then waiting 0 s
2025-11-03 18:04:13,971 - INFO - Pipetting into vial measurement_vial_0, amount: 0.054 mL
2025-11-03 18:04:13,974 - DEBUG - Adjusting pump 0 speed to 31
2025-11-03 18:04:13,978 - DEBUG - Dispensing 0.139 mL then waiting 27.09417167119682 s
2025-11-03 18:04:13,978 - DEBUG - Blowing out 0.116 mL
2025-11-03 18:04:13,979 - INFO - Removing pipet
2025-11-03 18:04:14,235 - DEBUG - Selected small_tip for volume 0.051 mL
2025-11-03 18:04:14,235 - INFO - Getting small_tip (pipet number 30) from rack: small_tip_rack_2
2025-11-03 18:04:14,240 - INFO - Pipetting from vial liquid_source_0, amount: 0.051 mL
2025-11-03 18:04:14,246 - DEBUG - Adjusting pump 0 speed to 17
2025-11-03 18:04:14,247 - DEBUG - Aspirating 0.051 mL then waiting 8.865606626495719 s
2025-11-03 18:04:14,247 - DEBUG - Aspirating 0.010 mL then waiting 0 s
2025-11-03 18:04:14,252 - INFO - Pipetting into vial measurement_vial_0, amount: 0.051 mL
2025-11-03 18:04:14,255 - DEBUG - Adjusting pump 0 speed to 18
2025-11-03 18:04:14,257 - DEBUG - Dispensing 0.061 mL then waiting 25.507228514179587 s
2025-11-03 18:04:14,257 - DEBUG - Blowing out 0.179 mL
2025-11-03 18:04:14,257 - INFO - Removing pipet
2025-11-03 18:04:14,471 - DEBUG - Selected small_tip for volume 0.051 mL
2025-11-03 18:04:14,472 - INFO - Getting small_tip (pipet number 31) from rack: small_tip_rack_2
2025-11-03 18:04:14,478 - INFO - Pipetting from vial liquid_source_0, amount: 0.051 mL
2025-11-03 18:04:14,486 - DEBUG - Adjusting pump 0 speed to 17
2025-11-03 18:04:14,486 - DEBUG - Aspirating 0.051 mL then waiting 8.865606626495719 s
2025-11-03 18:04:14,487 - DEBUG - Aspirating 0.010 mL then waiting 0 s
2025-11-03 18:04:14,493 - INFO - Pipetting into vial measurement_vial_0, amount: 0.051 mL
2025-11-03 18:04:14,495 - DEBUG - Adjusting pump 0 speed to 18
2025-11-03 18:04:14,500 - DEBUG - Dispensing 0.061 mL then waiting 25.507228514179587 s
2025-11-03 18:04:14,501 - DEBUG - Blowing out 0.179 mL
2025-11-03 18:04:14,501 - INFO - Removing pipet
2025-11-03 18:04:14,716 - DEBUG - Selected small_tip for volume 0.051 mL
2025-11-03 18:04:14,716 - INFO - Getting small_tip (pipet number 32) from rack: small_tip_rack_2
2025-11-03 18:04:14,729 - INFO - Pipetting from vial liquid_source_0, amount: 0.051 mL
2025-11-03 18:04:14,734 - DEBUG - Adjusting pump 0 speed to 17
2025-11-03 18:04:14,734 - DEBUG - Aspirating 0.051 mL then waiting 8.865606626495719 s
2025-11-03 18:04:14,734 - DEBUG - Aspirating 0.010 mL then waiting 0 s
2025-11-03 18:04:14,734 - INFO - Pipetting into vial measurement_vial_0, amount: 0.051 mL
2025-11-03 18:04:14,748 - DEBUG - Adjusting pump 0 speed to 18
2025-11-03 18:04:14,750 - DEBUG - Dispensing 0.061 mL then waiting 25.507228514179587 s
2025-11-03 18:04:14,750 - DEBUG - Blowing out 0.179 mL
2025-11-03 18:04:14,750 - INFO - Removing pipet
2025-11-03 18:04:15,047 - DEBUG - Selected small_tip for volume 0.056 mL
2025-11-03 18:04:15,047 - INFO - Getting small_tip (pipet number 33) from rack: small_tip_rack_2
2025-11-03 18:04:15,056 - INFO - Pipetting from vial liquid_source_0, amount: 0.056 mL
2025-11-03 18:04:15,063 - DEBUG - Adjusting pump 0 speed to 15
2025-11-03 18:04:15,064 - DEBUG - Aspirating 0.056 mL then waiting 22.48070776462555 s
2025-11-03 18:04:15,064 - DEBUG - Aspirating 0.036 mL then waiting 0 s
2025-11-03 18:04:15,069 - INFO - Pipetting into vial measurement_vial_0, amount: 0.056 mL
2025-11-03 18:04:15,072 - DEBUG - Adjusting pump 0 speed to 14
2025-11-03 18:04:15,074 - DEBUG - Dispensing 0.092 mL then waiting 5.529413223266602 s
2025-11-03 18:04:15,074 - DEBUG - Blowing out 0.153 mL
2025-11-03 18:04:15,075 - INFO - Removing pipet
2025-11-03 18:04:15,291 - DEBUG - Selected small_tip for volume 0.056 mL
2025-11-03 18:04:15,297 - INFO - Getting small_tip (pipet number 34) from rack: small_tip_rack_2
2025-11-03 18:04:15,305 - INFO - Pipetting from vial liquid_source_0, amount: 0.056 mL
2025-11-03 18:04:15,313 - DEBUG - Adjusting pump 0 speed to 15
2025-11-03 18:04:15,314 - DEBUG - Aspirating 0.056 mL then waiting 22.48070776462555 s
2025-11-03 18:04:15,315 - DEBUG - Aspirating 0.036 mL then waiting 0 s
2025-11-03 18:04:15,322 - INFO - Pipetting into vial measurement_vial_0, amount: 0.056 mL
2025-11-03 18:04:15,325 - DEBUG - Adjusting pump 0 speed to 14
2025-11-03 18:04:15,329 - DEBUG - Dispensing 0.092 mL then waiting 5.529413223266602 s
2025-11-03 18:04:15,330 - DEBUG - Blowing out 0.153 mL
2025-11-03 18:04:15,330 - INFO - Removing pipet
2025-11-03 18:04:15,551 - DEBUG - Selected small_tip for volume 0.056 mL
2025-11-03 18:04:15,551 - INFO - Getting small_tip (pipet number 35) from rack: small_tip_rack_2
2025-11-03 18:04:15,553 - INFO - Pipetting from vial liquid_source_0, amount: 0.056 mL
2025-11-03 18:04:15,556 - DEBUG - Adjusting pump 0 speed to 15
2025-11-03 18:04:15,556 - DEBUG - Aspirating 0.056 mL then waiting 22.48070776462555 s
2025-11-03 18:04:15,556 - DEBUG - Aspirating 0.036 mL then waiting 0 s
2025-11-03 18:04:15,559 - INFO - Pipetting into vial measurement_vial_0, amount: 0.056 mL
2025-11-03 18:04:15,559 - DEBUG - Adjusting pump 0 speed to 14
2025-11-03 18:04:15,560 - DEBUG - Dispensing 0.092 mL then waiting 5.529413223266602 s
2025-11-03 18:04:15,560 - DEBUG - Blowing out 0.153 mL
2025-11-03 18:04:15,560 - INFO - Removing pipet
2025-11-03 18:04:15,790 - DEBUG - Selected small_tip for volume 0.026 mL
2025-11-03 18:04:15,790 - INFO - Getting small_tip (pipet number 36) from rack: small_tip_rack_2
2025-11-03 18:04:15,797 - INFO - Pipetting from vial liquid_source_0, amount: 0.026 mL
2025-11-03 18:04:15,805 - DEBUG - Adjusting pump 0 speed to 17
2025-11-03 18:04:15,805 - DEBUG - Aspirating 0.026 mL then waiting 8.865606626495719 s
2025-11-03 18:04:15,807 - DEBUG - Aspirating 0.010 mL then waiting 0 s
2025-11-03 18:04:15,813 - INFO - Pipetting into vial measurement_vial_0, amount: 0.026 mL
2025-11-03 18:04:15,816 - DEBUG - Adjusting pump 0 speed to 18
2025-11-03 18:04:15,818 - DEBUG - Dispensing 0.036 mL then waiting 25.507228514179587 s
2025-11-03 18:04:15,819 - DEBUG - Blowing out 0.179 mL
2025-11-03 18:04:15,819 - INFO - Removing pipet
2025-11-03 18:04:16,032 - DEBUG - Selected small_tip for volume 0.101 mL
2025-11-03 18:04:16,032 - INFO - Getting small_tip (pipet number 37) from rack: small_tip_rack_2
2025-11-03 18:04:16,032 - INFO - Pipetting from vial liquid_source_0, amount: 0.101 mL
2025-11-03 18:04:16,032 - DEBUG - Adjusting pump 0 speed to 17
2025-11-03 18:04:16,032 - DEBUG - Aspirating 0.101 mL then waiting 8.865606626495719 s
2025-11-03 18:04:16,032 - DEBUG - Aspirating 0.010 mL then waiting 0 s
2025-11-03 18:04:16,032 - INFO - Pipetting into vial measurement_vial_0, amount: 0.101 mL
2025-11-03 18:04:16,032 - DEBUG - Adjusting pump 0 speed to 18
2025-11-03 18:04:16,040 - DEBUG - Dispensing 0.111 mL then waiting 25.507228514179587 s
2025-11-03 18:04:16,040 - DEBUG - Blowing out 0.179 mL
2025-11-03 18:04:16,041 - INFO - Removing pipet
2025-11-03 18:04:16,261 - DEBUG - Selected small_tip for volume 0.026 mL
2025-11-03 18:04:16,261 - INFO - Getting small_tip (pipet number 38) from rack: small_tip_rack_2
2025-11-03 18:04:16,263 - INFO - Pipetting from vial liquid_source_0, amount: 0.026 mL
2025-11-03 18:04:16,265 - DEBUG - Adjusting pump 0 speed to 17
2025-11-03 18:04:16,265 - DEBUG - Aspirating 0.026 mL then waiting 8.865606626495719 s
2025-11-03 18:04:16,265 - DEBUG - Aspirating 0.010 mL then waiting 0 s
2025-11-03 18:04:16,267 - INFO - Pipetting into vial measurement_vial_0, amount: 0.026 mL
2025-11-03 18:04:16,268 - DEBUG - Adjusting pump 0 speed to 18
2025-11-03 18:04:16,268 - DEBUG - Dispensing 0.036 mL then waiting 25.507228514179587 s
2025-11-03 18:04:16,268 - DEBUG - Blowing out 0.179 mL
2025-11-03 18:04:16,270 - INFO - Removing pipet
2025-11-03 18:04:16,477 - DEBUG - Selected small_tip for volume 0.026 mL
2025-11-03 18:04:16,479 - INFO - Getting small_tip (pipet number 39) from rack: small_tip_rack_2
2025-11-03 18:04:16,479 - INFO - Pipetting from vial liquid_source_0, amount: 0.026 mL
2025-11-03 18:04:16,481 - DEBUG - Adjusting pump 0 speed to 17
2025-11-03 18:04:16,481 - DEBUG - Aspirating 0.026 mL then waiting 8.865606626495719 s
2025-11-03 18:04:16,481 - DEBUG - Aspirating 0.010 mL then waiting 0 s
2025-11-03 18:04:16,484 - INFO - Pipetting into vial measurement_vial_0, amount: 0.026 mL
2025-11-03 18:04:16,484 - DEBUG - Adjusting pump 0 speed to 18
2025-11-03 18:04:16,485 - DEBUG - Dispensing 0.036 mL then waiting 25.507228514179587 s
2025-11-03 18:04:16,485 - DEBUG - Blowing out 0.179 mL
2025-11-03 18:04:16,485 - INFO - Removing pipet
2025-11-03 18:04:16,698 - DEBUG - Selected small_tip for volume 0.026 mL
2025-11-03 18:04:16,698 - INFO - Getting small_tip (pipet number 40) from rack: small_tip_rack_2
2025-11-03 18:04:16,698 - INFO - Pipetting from vial liquid_source_0, amount: 0.026 mL
2025-11-03 18:04:16,703 - DEBUG - Adjusting pump 0 speed to 17
2025-11-03 18:04:16,703 - DEBUG - Aspirating 0.026 mL then waiting 8.865606626495719 s
2025-11-03 18:04:16,703 - DEBUG - Aspirating 0.010 mL then waiting 0 s
2025-11-03 18:04:16,705 - INFO - Pipetting into vial measurement_vial_0, amount: 0.026 mL
2025-11-03 18:04:16,705 - DEBUG - Adjusting pump 0 speed to 18
2025-11-03 18:04:16,707 - DEBUG - Dispensing 0.036 mL then waiting 25.507228514179587 s
2025-11-03 18:04:16,708 - DEBUG - Blowing out 0.179 mL
2025-11-03 18:04:16,708 - INFO - Removing pipet
