2026-01-07 12:52:33,293 - INFO - Initializing North Robot...
2026-01-07 12:52:33,293 - DEBUG - Loading robot configuration files...
2026-01-07 12:52:33,309 - DEBUG - Loaded vial positions configuration from robot_state/vial_positions.yaml
2026-01-07 12:52:33,312 - DEBUG - Loaded pipet tips configuration from robot_state/pipet_tips.yaml
2026-01-07 12:52:33,315 - DEBUG - Loaded pipet racks configuration from robot_state/pipet_racks.yaml
2026-01-07 12:52:33,315 - DEBUG - Loaded pump configuration from robot_state/syringe_pumps.yaml
2026-01-07 12:52:33,315 - DEBUG - Loaded robot hardware configuration from robot_state/robot_hardware.yaml
2026-01-07 12:52:33,315 - DEBUG - Loaded wellplate properties configuration from robot_state/wellplates.yaml
2026-01-07 12:52:33,325 - DEBUG - Loading robot state files...
2026-01-07 12:52:33,327 - DEBUG - Loaded vial data from ../utoronto_demo/status/sample_input_vials.csv
2026-01-07 12:52:33,327 - DEBUG - Loaded robot status from robot_state/robot_status.yaml
2026-01-07 12:52:33,327 - DEBUG - Loaded wellplate positions from robot_state/wellplates.yaml
2026-01-07 12:52:33,327 - DEBUG - Robot status loaded successfully
2026-01-07 12:52:33,327 - INFO - Physical initialization of North Robot...
2026-01-07 12:52:36,777 - DEBUG - Loading pumps from YAML configuration...
2026-01-07 12:52:36,892 - DEBUG - Loaded pump 0: volume=1.0mL, speed=11, liquid=None
2026-01-07 12:52:36,993 - DEBUG - Loaded pump 1: volume=2.5mL, speed=15, liquid=water
2026-01-07 12:52:36,993 - INFO - Moving robot to home position
2026-01-07 12:52:37,494 - DEBUG - Initializing centrifuge controller...
2026-01-07 12:52:42,699 - DEBUG - Current reader status: 0
2026-01-07 12:52:42,699 - INFO - Cytation5 is connected and ready
2026-01-07 12:52:42,699 - INFO - Initializing North Track...
2026-01-07 12:52:42,713 - DEBUG - Loading track status from file: robot_state/track_status.yaml
2026-01-07 12:52:42,713 - DEBUG - Getting track status from file: robot_state/track_status.yaml
2026-01-07 12:52:42,714 - DEBUG - Loaded track status from robot_state/track_status.yaml
2026-01-07 12:52:42,714 - DEBUG - Loading track positions from: robot_state/track_positions.yaml
2026-01-07 12:52:42,719 - DEBUG - Loaded track positions configuration from robot_state/track_positions.yaml
2026-01-07 12:52:42,719 - DEBUG - Loading robot hardware configuration from: robot_state/robot_hardware.yaml
2026-01-07 12:52:42,719 - DEBUG - Loaded robot hardware configuration from robot_state/robot_hardware.yaml
2026-01-07 12:52:42,719 - DEBUG - Loaded wellplate properties configuration from robot_state/wellplates.yaml
2026-01-07 12:52:42,847 - DEBUG - Moving North Track to home position
2026-01-07 12:52:42,847 - INFO - Measuring wellplate 0 with protocols: C:\Protocols\300_900_sweep.prt
2026-01-07 12:52:42,847 - DEBUG - Using robot plate type 'quartz' -> Cytation plate type '96 QUARTZ LID'
2026-01-07 12:52:42,847 - INFO - Moving robot to home position
2026-01-07 12:52:43,194 - INFO - Moving wellplate 0 to Cytation
2026-01-07 12:52:43,194 - DEBUG - Using robot plate type 'quartz' -> Cytation plate type '96 QUARTZ LID' for CarrierIn
2026-01-07 12:52:44,295 - INFO - Grabbing wellplate from location: pipetting_area
2026-01-07 12:52:44,295 - DEBUG - No waypoint locations provided, skipping path movement
2026-01-07 12:52:47,816 - DEBUG - Opening gripper
2026-01-07 12:52:50,740 - DEBUG - Closing gripper
2026-01-07 12:52:57,322 - INFO - Releasing wellplate at location: cytation_tray
2026-01-07 12:52:57,322 - DEBUG - No waypoint locations provided, skipping path movement
2026-01-07 12:52:59,987 - DEBUG - Opening gripper
2026-01-07 12:53:05,934 - DEBUG - Experiment created successfully.
2026-01-07 12:53:05,935 - DEBUG - Experiment Protocol Type: Standard
2026-01-07 12:53:05,935 - DEBUG - Grouping wells for plate type: 96 QUARTZ LID
2026-01-07 12:53:05,941 - INFO - Running plate with wells: ['A1', 'A2', 'A3'] and protocol type: spectra
2026-01-07 12:53:08,495 - INFO - Read started. Waiting for completion...
2026-01-07 12:54:02,799 - INFO - Plate read completed successfully.
2026-01-07 12:54:02,891 - INFO - Moving wellplate 0 back from Cytation
2026-01-07 12:54:02,891 - DEBUG - Using robot plate type 'quartz' -> Cytation plate type '96 QUARTZ LID' for CarrierIn
2026-01-07 12:54:05,095 - INFO - Grabbing wellplate from location: cytation_tray
2026-01-07 12:54:05,095 - DEBUG - No waypoint locations provided, skipping path movement
2026-01-07 12:54:05,209 - DEBUG - Opening gripper
2026-01-07 12:54:07,848 - DEBUG - Closing gripper
2026-01-07 12:54:13,375 - INFO - Releasing wellplate at location: pipetting_area
2026-01-07 12:54:13,375 - DEBUG - No waypoint locations provided, skipping path movement
2026-01-07 12:54:17,716 - DEBUG - Opening gripper
2026-01-07 12:54:24,664 - DEBUG - Moving North Track to home position
