2026-06-02 17:40:52,313 - DEBUG - No workflow config provided - using default initialization
2026-06-02 17:40:52,313 - INFO - GUI disabled - skipping status review, proceeding directly to hardware initialization
2026-06-02 17:40:52,315 - INFO - Initializing North Robot...
2026-06-02 17:40:52,315 - DEBUG - Loading robot configuration files...
2026-06-02 17:40:52,325 - DEBUG - Loaded vial positions configuration from robot_state/vial_positions.yaml
2026-06-02 17:40:52,333 - DEBUG - Loaded pipet tips configuration from robot_state/pipet_tips.yaml
2026-06-02 17:40:52,339 - DEBUG - Loaded pipet racks configuration from robot_state/pipet_racks.yaml
2026-06-02 17:40:52,342 - DEBUG - Loaded pump configuration from robot_state/syringe_pumps.yaml
2026-06-02 17:40:52,345 - DEBUG - Loaded robot hardware configuration from robot_state/robot_hardware.yaml
2026-06-02 17:40:52,348 - DEBUG - Loaded wellplate properties configuration from robot_state/wellplates.yaml
2026-06-02 17:40:52,348 - DEBUG - Loading robot state files...
2026-06-02 17:40:52,349 - DEBUG - Loaded vial data from status/calibration_vials_short.csv
2026-06-02 17:40:52,349 - DEBUG - Loaded robot status from robot_state/robot_status.yaml
2026-06-02 17:40:52,349 - DEBUG - Loaded wellplate positions from robot_state/wellplates.yaml
2026-06-02 17:40:52,349 - DEBUG - Robot status loaded successfully
2026-06-02 17:40:52,349 - INFO - Physical initialization of North Robot...
2026-06-02 17:40:52,349 - DEBUG - Loading pumps from YAML configuration...
2026-06-02 17:40:52,349 - DEBUG - Loaded pump 0: volume=1.0mL, speed=11, liquid=None
2026-06-02 17:40:52,349 - DEBUG - Loaded pump 1: volume=2.5mL, speed=15, liquid=water
2026-06-02 17:40:52,349 - INFO - Moving robot to home position
2026-06-02 17:40:52,349 - DEBUG - Initializing centrifuge controller...
2026-06-02 17:40:52,349 - INFO - Initializing North Track...
2026-06-02 17:40:52,349 - DEBUG - Loading track status from file: robot_state/track_status.yaml
2026-06-02 17:40:52,349 - DEBUG - Getting track status from file: robot_state/track_status.yaml
2026-06-02 17:40:52,362 - DEBUG - Loaded track status from robot_state/track_status.yaml
2026-06-02 17:40:52,362 - DEBUG - Loading track positions from: robot_state/track_positions.yaml
2026-06-02 17:40:52,370 - DEBUG - Loaded track positions configuration from robot_state/track_positions.yaml
2026-06-02 17:40:52,371 - DEBUG - Loading robot hardware configuration from: robot_state/robot_hardware.yaml
2026-06-02 17:40:52,374 - DEBUG - Loaded robot hardware configuration from robot_state/robot_hardware.yaml
2026-06-02 17:40:52,377 - DEBUG - Loaded wellplate properties configuration from robot_state/wellplates.yaml
2026-06-02 17:40:52,378 - DEBUG - Moving North Track to home position
2026-06-02 17:40:52,378 - DEBUG - Detected origin position (0,0) - setting location to 'origin'
2026-06-02 17:40:52,378 - DEBUG - Updated gripper location to: origin at position {'x': 0, 'z': 0}
2026-06-02 17:40:52,379 - DEBUG - Simulating robot component homing...
2026-06-02 17:40:52,381 - INFO - Moving vial glycerol to clamp: 0
2026-06-02 17:40:52,381 - DEBUG - Grabbing vial 0 with index 0
2026-06-02 17:40:52,383 - DEBUG - Dropping off vial 0 at location clamp with index 0
2026-06-02 17:40:52,386 - DEBUG - Vial move required for pipetting
2026-06-02 17:40:52,387 - INFO - Moving vial glycerol to safe pipetting location
2026-06-02 17:40:52,387 - INFO - Vial 0 already at clamp index 0, no move needed
2026-06-02 17:40:52,389 - DEBUG - Removing cap from clamped vial
2026-06-02 17:40:52,394 - DEBUG - Applied dict param aspirate_speed=3.0
2026-06-02 17:40:52,394 - DEBUG - Applied dict param dispense_speed=16.0
2026-06-02 17:40:52,394 - DEBUG - Applied dict param aspirate_wait_time=9.3
2026-06-02 17:40:52,394 - DEBUG - Applied dict param dispense_wait_time=3.0
2026-06-02 17:40:52,394 - DEBUG - Applied dict param pre_asp_air_vol=0.111
2026-06-02 17:40:52,394 - DEBUG - Applied dict param retract_speed=5.0
2026-06-02 17:40:52,394 - DEBUG - Applied dict param blowout_vol=0.424
2026-06-02 17:40:52,395 - DEBUG - Applied dict param post_asp_air_vol=0.0
2026-06-02 17:40:52,395 - DEBUG - Applied dict param post_retract_wait_time=0.0
2026-06-02 17:40:52,395 - DEBUG - Applied dict param overaspirate_vol=0.0475
2026-06-02 17:40:52,395 - DEBUG - Applied dict param asp_disp_cycles=0
2026-06-02 17:40:52,396 - DEBUG - Selected small_tip for volume 0.025 mL
2026-06-02 17:40:52,398 - INFO - Getting small_tip (pipet number 0) from rack: small_tip_rack_1
2026-06-02 17:40:52,401 - INFO - Pipetting from vial glycerol, amount: 0.025 mL
2026-06-02 17:40:52,401 - INFO - Additional volume from calibration, amount: 0.048 mL
2026-06-02 17:40:52,403 - DEBUG - Adjusting pump 0 speed to 10
2026-06-02 17:40:52,403 - DEBUG - Aspirating 0.111 mL then waiting 0 s
2026-06-02 17:40:52,404 - DEBUG - Adjusting pump 0 speed to 3.0
2026-06-02 17:40:52,404 - WARNING - Converting pump speed 3.0 to integer 3
2026-06-02 17:40:52,404 - DEBUG - Aspirating 0.073 mL then waiting 9.3 s
2026-06-02 17:40:52,404 - DEBUG - Applied dict param aspirate_speed=3.0
2026-06-02 17:40:52,405 - DEBUG - Applied dict param dispense_speed=16.0
2026-06-02 17:40:52,405 - DEBUG - Applied dict param aspirate_wait_time=9.3
2026-06-02 17:40:52,405 - DEBUG - Applied dict param dispense_wait_time=3.0
2026-06-02 17:40:52,405 - DEBUG - Applied dict param pre_asp_air_vol=0.111
2026-06-02 17:40:52,405 - DEBUG - Applied dict param retract_speed=5.0
2026-06-02 17:40:52,405 - DEBUG - Applied dict param blowout_vol=0.424
2026-06-02 17:40:52,405 - DEBUG - Applied dict param post_asp_air_vol=0.0
2026-06-02 17:40:52,405 - DEBUG - Applied dict param post_retract_wait_time=0.0
2026-06-02 17:40:52,405 - DEBUG - Applied dict param overaspirate_vol=0.0475
2026-06-02 17:40:52,405 - DEBUG - Applied dict param asp_disp_cycles=0
2026-06-02 17:40:52,406 - INFO - Pipetting into vial glycerol, amount: 0.025 mL
2026-06-02 17:40:52,407 - INFO - Simulation mode - initial mass set to 0
2026-06-02 17:40:52,407 - DEBUG - Adjusting pump 0 speed to 16.0
2026-06-02 17:40:52,407 - WARNING - Converting pump speed 16.0 to integer 16
2026-06-02 17:40:52,407 - DEBUG - Dispensing 0.183 mL then waiting 3.0 s
2026-06-02 17:40:52,407 - DEBUG - Blowing out 0.424 mL
2026-06-02 17:40:52,407 - DEBUG - Adjusting pump 0 speed to 5
2026-06-02 17:40:52,407 - DEBUG - Adjusting pump 0 speed to 16
2026-06-02 17:40:52,407 - INFO - Simulation mode - final mass set to 0
2026-06-02 17:40:52,407 - INFO - Mass difference: 0.000000 g (target: 0.025 mL = ~0.025000 g for water)
2026-06-02 17:40:52,407 - DEBUG - Applied dict param aspirate_speed=3.0
2026-06-02 17:40:52,407 - DEBUG - Applied dict param dispense_speed=16.0
2026-06-02 17:40:52,407 - DEBUG - Applied dict param aspirate_wait_time=9.3
2026-06-02 17:40:52,407 - DEBUG - Applied dict param dispense_wait_time=3.0
2026-06-02 17:40:52,407 - DEBUG - Applied dict param pre_asp_air_vol=0.111
2026-06-02 17:40:52,407 - DEBUG - Applied dict param retract_speed=5.0
2026-06-02 17:40:52,407 - DEBUG - Applied dict param blowout_vol=0.424
2026-06-02 17:40:52,407 - DEBUG - Applied dict param post_asp_air_vol=0.0
2026-06-02 17:40:52,407 - DEBUG - Applied dict param post_retract_wait_time=0.0
2026-06-02 17:40:52,407 - DEBUG - Applied dict param overaspirate_vol=0.0475
2026-06-02 17:40:52,407 - DEBUG - Applied dict param asp_disp_cycles=0
2026-06-02 17:40:52,407 - DEBUG - Selected small_tip for volume 0.025 mL
2026-06-02 17:40:52,413 - INFO - Pipetting from vial glycerol, amount: 0.025 mL
2026-06-02 17:40:52,413 - INFO - Additional volume from calibration, amount: 0.048 mL
2026-06-02 17:40:52,416 - DEBUG - Adjusting pump 0 speed to 10
2026-06-02 17:40:52,417 - DEBUG - Aspirating 0.111 mL then waiting 0 s
2026-06-02 17:40:52,417 - DEBUG - Adjusting pump 0 speed to 3.0
2026-06-02 17:40:52,417 - WARNING - Converting pump speed 3.0 to integer 3
2026-06-02 17:40:52,417 - DEBUG - Aspirating 0.073 mL then waiting 9.3 s
2026-06-02 17:40:52,417 - DEBUG - Applied dict param aspirate_speed=3.0
2026-06-02 17:40:52,417 - DEBUG - Applied dict param dispense_speed=16.0
2026-06-02 17:40:52,417 - DEBUG - Applied dict param aspirate_wait_time=9.3
2026-06-02 17:40:52,417 - DEBUG - Applied dict param dispense_wait_time=3.0
2026-06-02 17:40:52,417 - DEBUG - Applied dict param pre_asp_air_vol=0.111
2026-06-02 17:40:52,417 - DEBUG - Applied dict param retract_speed=5.0
2026-06-02 17:40:52,417 - DEBUG - Applied dict param blowout_vol=0.424
2026-06-02 17:40:52,417 - DEBUG - Applied dict param post_asp_air_vol=0.0
2026-06-02 17:40:52,417 - DEBUG - Applied dict param post_retract_wait_time=0.0
2026-06-02 17:40:52,417 - DEBUG - Applied dict param overaspirate_vol=0.0475
2026-06-02 17:40:52,417 - DEBUG - Applied dict param asp_disp_cycles=0
2026-06-02 17:40:52,419 - INFO - Pipetting into vial glycerol, amount: 0.025 mL
2026-06-02 17:40:52,420 - INFO - Simulation mode - initial mass set to 0
2026-06-02 17:40:52,420 - DEBUG - Adjusting pump 0 speed to 16.0
2026-06-02 17:40:52,420 - WARNING - Converting pump speed 16.0 to integer 16
2026-06-02 17:40:52,422 - DEBUG - Dispensing 0.183 mL then waiting 3.0 s
2026-06-02 17:40:52,422 - DEBUG - Blowing out 0.424 mL
2026-06-02 17:40:52,422 - DEBUG - Adjusting pump 0 speed to 5
2026-06-02 17:40:52,423 - DEBUG - Adjusting pump 0 speed to 16
2026-06-02 17:40:52,423 - INFO - Simulation mode - final mass set to 0
2026-06-02 17:40:52,423 - INFO - Mass difference: 0.000000 g (target: 0.025 mL = ~0.025000 g for water)
2026-06-02 17:40:52,424 - DEBUG - Applied dict param aspirate_speed=3.0
2026-06-02 17:40:52,424 - DEBUG - Applied dict param dispense_speed=16.0
2026-06-02 17:40:52,424 - DEBUG - Applied dict param aspirate_wait_time=9.3
2026-06-02 17:40:52,424 - DEBUG - Applied dict param dispense_wait_time=3.0
2026-06-02 17:40:52,424 - DEBUG - Applied dict param pre_asp_air_vol=0.111
2026-06-02 17:40:52,424 - DEBUG - Applied dict param retract_speed=5.0
2026-06-02 17:40:52,424 - DEBUG - Applied dict param blowout_vol=0.424
2026-06-02 17:40:52,425 - DEBUG - Applied dict param post_asp_air_vol=0.0
2026-06-02 17:40:52,425 - DEBUG - Applied dict param post_retract_wait_time=0.0
2026-06-02 17:40:52,425 - DEBUG - Applied dict param overaspirate_vol=0.0475
2026-06-02 17:40:52,425 - DEBUG - Applied dict param asp_disp_cycles=0
2026-06-02 17:40:52,425 - DEBUG - Selected small_tip for volume 0.025 mL
2026-06-02 17:40:52,428 - INFO - Pipetting from vial glycerol, amount: 0.025 mL
2026-06-02 17:40:52,428 - INFO - Additional volume from calibration, amount: 0.048 mL
2026-06-02 17:40:52,429 - DEBUG - Adjusting pump 0 speed to 10
2026-06-02 17:40:52,430 - DEBUG - Aspirating 0.111 mL then waiting 0 s
2026-06-02 17:40:52,430 - DEBUG - Adjusting pump 0 speed to 3.0
2026-06-02 17:40:52,430 - WARNING - Converting pump speed 3.0 to integer 3
2026-06-02 17:40:52,430 - DEBUG - Aspirating 0.073 mL then waiting 9.3 s
2026-06-02 17:40:52,430 - DEBUG - Applied dict param aspirate_speed=3.0
2026-06-02 17:40:52,430 - DEBUG - Applied dict param dispense_speed=16.0
2026-06-02 17:40:52,430 - DEBUG - Applied dict param aspirate_wait_time=9.3
2026-06-02 17:40:52,430 - DEBUG - Applied dict param dispense_wait_time=3.0
2026-06-02 17:40:52,430 - DEBUG - Applied dict param pre_asp_air_vol=0.111
2026-06-02 17:40:52,430 - DEBUG - Applied dict param retract_speed=5.0
2026-06-02 17:40:52,430 - DEBUG - Applied dict param blowout_vol=0.424
2026-06-02 17:40:52,430 - DEBUG - Applied dict param post_asp_air_vol=0.0
2026-06-02 17:40:52,430 - DEBUG - Applied dict param post_retract_wait_time=0.0
2026-06-02 17:40:52,430 - DEBUG - Applied dict param overaspirate_vol=0.0475
2026-06-02 17:40:52,430 - DEBUG - Applied dict param asp_disp_cycles=0
2026-06-02 17:40:52,432 - INFO - Pipetting into vial glycerol, amount: 0.025 mL
2026-06-02 17:40:52,433 - INFO - Simulation mode - initial mass set to 0
2026-06-02 17:40:52,433 - DEBUG - Adjusting pump 0 speed to 16.0
2026-06-02 17:40:52,433 - WARNING - Converting pump speed 16.0 to integer 16
2026-06-02 17:40:52,433 - DEBUG - Dispensing 0.183 mL then waiting 3.0 s
2026-06-02 17:40:52,433 - DEBUG - Blowing out 0.424 mL
2026-06-02 17:40:52,433 - DEBUG - Adjusting pump 0 speed to 5
2026-06-02 17:40:52,434 - DEBUG - Adjusting pump 0 speed to 16
2026-06-02 17:40:52,434 - INFO - Simulation mode - final mass set to 0
2026-06-02 17:40:52,434 - INFO - Mass difference: 0.000000 g (target: 0.025 mL = ~0.025000 g for water)
2026-06-02 17:40:52,436 - DEBUG - Applied dict param aspirate_speed=3.0
2026-06-02 17:40:52,436 - DEBUG - Applied dict param dispense_speed=16.0
2026-06-02 17:40:52,436 - DEBUG - Applied dict param aspirate_wait_time=9.3
2026-06-02 17:40:52,436 - DEBUG - Applied dict param dispense_wait_time=3.0
2026-06-02 17:40:52,436 - DEBUG - Applied dict param pre_asp_air_vol=0.111
2026-06-02 17:40:52,436 - DEBUG - Applied dict param retract_speed=5.0
2026-06-02 17:40:52,436 - DEBUG - Applied dict param blowout_vol=0.424
2026-06-02 17:40:52,436 - DEBUG - Applied dict param post_asp_air_vol=0.0
2026-06-02 17:40:52,436 - DEBUG - Applied dict param post_retract_wait_time=0.0
2026-06-02 17:40:52,436 - DEBUG - Applied dict param overaspirate_vol=0.004363209263252413
2026-06-02 17:40:52,436 - DEBUG - Applied dict param asp_disp_cycles=0
2026-06-02 17:40:52,437 - DEBUG - Selected small_tip for volume 0.025 mL
2026-06-02 17:40:52,440 - INFO - Pipetting from vial glycerol, amount: 0.025 mL
2026-06-02 17:40:52,440 - INFO - Additional volume from calibration, amount: 0.004 mL
2026-06-02 17:40:52,441 - DEBUG - Adjusting pump 0 speed to 10
2026-06-02 17:40:52,441 - DEBUG - Aspirating 0.111 mL then waiting 0 s
2026-06-02 17:40:52,441 - DEBUG - Adjusting pump 0 speed to 3.0
2026-06-02 17:40:52,442 - WARNING - Converting pump speed 3.0 to integer 3
2026-06-02 17:40:52,442 - DEBUG - Aspirating 0.029 mL then waiting 9.3 s
2026-06-02 17:40:52,442 - DEBUG - Applied dict param aspirate_speed=3.0
2026-06-02 17:40:52,442 - DEBUG - Applied dict param dispense_speed=16.0
2026-06-02 17:40:52,442 - DEBUG - Applied dict param aspirate_wait_time=9.3
2026-06-02 17:40:52,442 - DEBUG - Applied dict param dispense_wait_time=3.0
2026-06-02 17:40:52,442 - DEBUG - Applied dict param pre_asp_air_vol=0.111
2026-06-02 17:40:52,442 - DEBUG - Applied dict param retract_speed=5.0
2026-06-02 17:40:52,442 - DEBUG - Applied dict param blowout_vol=0.424
2026-06-02 17:40:52,442 - DEBUG - Applied dict param post_asp_air_vol=0.0
2026-06-02 17:40:52,442 - DEBUG - Applied dict param post_retract_wait_time=0.0
2026-06-02 17:40:52,442 - DEBUG - Applied dict param overaspirate_vol=0.004363209263252413
2026-06-02 17:40:52,442 - DEBUG - Applied dict param asp_disp_cycles=0
2026-06-02 17:40:52,444 - INFO - Pipetting into vial glycerol, amount: 0.025 mL
2026-06-02 17:40:52,444 - INFO - Simulation mode - initial mass set to 0
2026-06-02 17:40:52,445 - DEBUG - Adjusting pump 0 speed to 16.0
2026-06-02 17:40:52,445 - WARNING - Converting pump speed 16.0 to integer 16
2026-06-02 17:40:52,446 - DEBUG - Dispensing 0.140 mL then waiting 3.0 s
2026-06-02 17:40:52,446 - DEBUG - Blowing out 0.424 mL
2026-06-02 17:40:52,446 - DEBUG - Adjusting pump 0 speed to 5
2026-06-02 17:40:52,446 - DEBUG - Adjusting pump 0 speed to 16
2026-06-02 17:40:52,446 - INFO - Simulation mode - final mass set to 0
2026-06-02 17:40:52,446 - INFO - Mass difference: 0.000000 g (target: 0.025 mL = ~0.025000 g for water)
2026-06-02 17:40:52,446 - DEBUG - Applied dict param aspirate_speed=3.0
2026-06-02 17:40:52,447 - DEBUG - Applied dict param dispense_speed=16.0
2026-06-02 17:40:52,447 - DEBUG - Applied dict param aspirate_wait_time=9.3
2026-06-02 17:40:52,447 - DEBUG - Applied dict param dispense_wait_time=3.0
2026-06-02 17:40:52,447 - DEBUG - Applied dict param pre_asp_air_vol=0.111
2026-06-02 17:40:52,447 - DEBUG - Applied dict param retract_speed=5.0
2026-06-02 17:40:52,447 - DEBUG - Applied dict param blowout_vol=0.424
2026-06-02 17:40:52,447 - DEBUG - Applied dict param post_asp_air_vol=0.0
2026-06-02 17:40:52,447 - DEBUG - Applied dict param post_retract_wait_time=0.0
2026-06-02 17:40:52,447 - DEBUG - Applied dict param overaspirate_vol=0.004363209263252413
2026-06-02 17:40:52,447 - DEBUG - Applied dict param asp_disp_cycles=0
2026-06-02 17:40:52,448 - DEBUG - Selected small_tip for volume 0.025 mL
2026-06-02 17:40:52,450 - INFO - Pipetting from vial glycerol, amount: 0.025 mL
2026-06-02 17:40:52,450 - INFO - Additional volume from calibration, amount: 0.004 mL
2026-06-02 17:40:52,454 - DEBUG - Adjusting pump 0 speed to 10
2026-06-02 17:40:52,454 - DEBUG - Aspirating 0.111 mL then waiting 0 s
2026-06-02 17:40:52,454 - DEBUG - Adjusting pump 0 speed to 3.0
2026-06-02 17:40:52,454 - WARNING - Converting pump speed 3.0 to integer 3
2026-06-02 17:40:52,454 - DEBUG - Aspirating 0.029 mL then waiting 9.3 s
2026-06-02 17:40:52,454 - DEBUG - Applied dict param aspirate_speed=3.0
2026-06-02 17:40:52,454 - DEBUG - Applied dict param dispense_speed=16.0
2026-06-02 17:40:52,454 - DEBUG - Applied dict param aspirate_wait_time=9.3
2026-06-02 17:40:52,454 - DEBUG - Applied dict param dispense_wait_time=3.0
2026-06-02 17:40:52,454 - DEBUG - Applied dict param pre_asp_air_vol=0.111
2026-06-02 17:40:52,454 - DEBUG - Applied dict param retract_speed=5.0
2026-06-02 17:40:52,454 - DEBUG - Applied dict param blowout_vol=0.424
2026-06-02 17:40:52,454 - DEBUG - Applied dict param post_asp_air_vol=0.0
2026-06-02 17:40:52,454 - DEBUG - Applied dict param post_retract_wait_time=0.0
2026-06-02 17:40:52,454 - DEBUG - Applied dict param overaspirate_vol=0.004363209263252413
2026-06-02 17:40:52,454 - DEBUG - Applied dict param asp_disp_cycles=0
2026-06-02 17:40:52,455 - INFO - Pipetting into vial glycerol, amount: 0.025 mL
2026-06-02 17:40:52,457 - INFO - Simulation mode - initial mass set to 0
2026-06-02 17:40:52,457 - DEBUG - Adjusting pump 0 speed to 16.0
2026-06-02 17:40:52,457 - WARNING - Converting pump speed 16.0 to integer 16
2026-06-02 17:40:52,457 - DEBUG - Dispensing 0.140 mL then waiting 3.0 s
2026-06-02 17:40:52,457 - DEBUG - Blowing out 0.424 mL
2026-06-02 17:40:52,457 - DEBUG - Adjusting pump 0 speed to 5
2026-06-02 17:40:52,457 - DEBUG - Adjusting pump 0 speed to 16
2026-06-02 17:40:52,457 - INFO - Simulation mode - final mass set to 0
2026-06-02 17:40:52,457 - INFO - Mass difference: 0.000000 g (target: 0.025 mL = ~0.025000 g for water)
2026-06-02 17:40:52,457 - DEBUG - Applied dict param aspirate_speed=3.0
2026-06-02 17:40:52,457 - DEBUG - Applied dict param dispense_speed=16.0
2026-06-02 17:40:52,457 - DEBUG - Applied dict param aspirate_wait_time=9.3
2026-06-02 17:40:52,457 - DEBUG - Applied dict param dispense_wait_time=3.0
2026-06-02 17:40:52,457 - DEBUG - Applied dict param pre_asp_air_vol=0.111
2026-06-02 17:40:52,457 - DEBUG - Applied dict param retract_speed=5.0
2026-06-02 17:40:52,457 - DEBUG - Applied dict param blowout_vol=0.424
2026-06-02 17:40:52,457 - DEBUG - Applied dict param post_asp_air_vol=0.0
2026-06-02 17:40:52,457 - DEBUG - Applied dict param post_retract_wait_time=0.0
2026-06-02 17:40:52,457 - DEBUG - Applied dict param overaspirate_vol=0.004363209263252413
2026-06-02 17:40:52,461 - DEBUG - Applied dict param asp_disp_cycles=0
2026-06-02 17:40:52,461 - DEBUG - Selected small_tip for volume 0.025 mL
2026-06-02 17:40:52,464 - INFO - Pipetting from vial glycerol, amount: 0.025 mL
2026-06-02 17:40:52,464 - INFO - Additional volume from calibration, amount: 0.004 mL
2026-06-02 17:40:52,465 - DEBUG - Adjusting pump 0 speed to 10
2026-06-02 17:40:52,466 - DEBUG - Aspirating 0.111 mL then waiting 0 s
2026-06-02 17:40:52,466 - DEBUG - Adjusting pump 0 speed to 3.0
2026-06-02 17:40:52,466 - WARNING - Converting pump speed 3.0 to integer 3
2026-06-02 17:40:52,466 - DEBUG - Aspirating 0.029 mL then waiting 9.3 s
2026-06-02 17:40:52,467 - DEBUG - Applied dict param aspirate_speed=3.0
2026-06-02 17:40:52,467 - DEBUG - Applied dict param dispense_speed=16.0
2026-06-02 17:40:52,467 - DEBUG - Applied dict param aspirate_wait_time=9.3
2026-06-02 17:40:52,467 - DEBUG - Applied dict param dispense_wait_time=3.0
2026-06-02 17:40:52,467 - DEBUG - Applied dict param pre_asp_air_vol=0.111
2026-06-02 17:40:52,467 - DEBUG - Applied dict param retract_speed=5.0
2026-06-02 17:40:52,467 - DEBUG - Applied dict param blowout_vol=0.424
2026-06-02 17:40:52,467 - DEBUG - Applied dict param post_asp_air_vol=0.0
2026-06-02 17:40:52,467 - DEBUG - Applied dict param post_retract_wait_time=0.0
2026-06-02 17:40:52,467 - DEBUG - Applied dict param overaspirate_vol=0.004363209263252413
2026-06-02 17:40:52,467 - DEBUG - Applied dict param asp_disp_cycles=0
2026-06-02 17:40:52,468 - INFO - Pipetting into vial glycerol, amount: 0.025 mL
2026-06-02 17:40:52,469 - INFO - Simulation mode - initial mass set to 0
2026-06-02 17:40:52,469 - DEBUG - Adjusting pump 0 speed to 16.0
2026-06-02 17:40:52,469 - WARNING - Converting pump speed 16.0 to integer 16
2026-06-02 17:40:52,470 - DEBUG - Dispensing 0.140 mL then waiting 3.0 s
2026-06-02 17:40:52,471 - DEBUG - Blowing out 0.424 mL
2026-06-02 17:40:52,471 - DEBUG - Adjusting pump 0 speed to 5
2026-06-02 17:40:52,471 - DEBUG - Adjusting pump 0 speed to 16
2026-06-02 17:40:52,471 - INFO - Simulation mode - final mass set to 0
2026-06-02 17:40:52,471 - INFO - Mass difference: 0.000000 g (target: 0.025 mL = ~0.025000 g for water)
2026-06-02 17:40:52,472 - DEBUG - Applied dict param aspirate_speed=3.0
2026-06-02 17:40:52,472 - DEBUG - Applied dict param dispense_speed=16.0
2026-06-02 17:40:52,472 - DEBUG - Applied dict param aspirate_wait_time=9.3
2026-06-02 17:40:52,472 - DEBUG - Applied dict param dispense_wait_time=3.0
2026-06-02 17:40:52,472 - DEBUG - Applied dict param pre_asp_air_vol=0.111
2026-06-02 17:40:52,472 - DEBUG - Applied dict param retract_speed=5.0
2026-06-02 17:40:52,472 - DEBUG - Applied dict param blowout_vol=0.424
2026-06-02 17:40:52,472 - DEBUG - Applied dict param post_asp_air_vol=0.0
2026-06-02 17:40:52,472 - DEBUG - Applied dict param post_retract_wait_time=0.0
2026-06-02 17:40:52,472 - DEBUG - Applied dict param overaspirate_vol=0.00482887651259499
2026-06-02 17:40:52,472 - DEBUG - Applied dict param asp_disp_cycles=0
2026-06-02 17:40:52,473 - DEBUG - Selected small_tip for volume 0.025 mL
2026-06-02 17:40:52,476 - INFO - Pipetting from vial glycerol, amount: 0.025 mL
2026-06-02 17:40:52,476 - INFO - Additional volume from calibration, amount: 0.005 mL
2026-06-02 17:40:52,478 - DEBUG - Adjusting pump 0 speed to 10
2026-06-02 17:40:52,478 - DEBUG - Aspirating 0.111 mL then waiting 0 s
2026-06-02 17:40:52,478 - DEBUG - Adjusting pump 0 speed to 3.0
2026-06-02 17:40:52,478 - WARNING - Converting pump speed 3.0 to integer 3
2026-06-02 17:40:52,478 - DEBUG - Aspirating 0.030 mL then waiting 9.3 s
2026-06-02 17:40:52,478 - DEBUG - Applied dict param aspirate_speed=3.0
2026-06-02 17:40:52,478 - DEBUG - Applied dict param dispense_speed=16.0
2026-06-02 17:40:52,478 - DEBUG - Applied dict param aspirate_wait_time=9.3
2026-06-02 17:40:52,478 - DEBUG - Applied dict param dispense_wait_time=3.0
2026-06-02 17:40:52,479 - DEBUG - Applied dict param pre_asp_air_vol=0.111
2026-06-02 17:40:52,479 - DEBUG - Applied dict param retract_speed=5.0
2026-06-02 17:40:52,479 - DEBUG - Applied dict param blowout_vol=0.424
2026-06-02 17:40:52,479 - DEBUG - Applied dict param post_asp_air_vol=0.0
2026-06-02 17:40:52,479 - DEBUG - Applied dict param post_retract_wait_time=0.0
2026-06-02 17:40:52,479 - DEBUG - Applied dict param overaspirate_vol=0.00482887651259499
2026-06-02 17:40:52,479 - DEBUG - Applied dict param asp_disp_cycles=0
2026-06-02 17:40:52,480 - INFO - Pipetting into vial glycerol, amount: 0.025 mL
2026-06-02 17:40:52,481 - INFO - Simulation mode - initial mass set to 0
2026-06-02 17:40:52,481 - DEBUG - Adjusting pump 0 speed to 16.0
2026-06-02 17:40:52,481 - WARNING - Converting pump speed 16.0 to integer 16
2026-06-02 17:40:52,481 - DEBUG - Dispensing 0.141 mL then waiting 3.0 s
2026-06-02 17:40:52,481 - DEBUG - Blowing out 0.424 mL
2026-06-02 17:40:52,484 - DEBUG - Adjusting pump 0 speed to 5
2026-06-02 17:40:52,484 - DEBUG - Adjusting pump 0 speed to 16
2026-06-02 17:40:52,484 - INFO - Simulation mode - final mass set to 0
2026-06-02 17:40:52,484 - INFO - Mass difference: 0.000000 g (target: 0.025 mL = ~0.025000 g for water)
2026-06-02 17:40:52,486 - DEBUG - Applied dict param aspirate_speed=3.0
2026-06-02 17:40:52,486 - DEBUG - Applied dict param dispense_speed=16.0
2026-06-02 17:40:52,486 - DEBUG - Applied dict param aspirate_wait_time=9.3
2026-06-02 17:40:52,486 - DEBUG - Applied dict param dispense_wait_time=3.0
2026-06-02 17:40:52,486 - DEBUG - Applied dict param pre_asp_air_vol=0.111
2026-06-02 17:40:52,486 - DEBUG - Applied dict param retract_speed=5.0
2026-06-02 17:40:52,486 - DEBUG - Applied dict param blowout_vol=0.424
2026-06-02 17:40:52,486 - DEBUG - Applied dict param post_asp_air_vol=0.0
2026-06-02 17:40:52,486 - DEBUG - Applied dict param post_retract_wait_time=0.0
2026-06-02 17:40:52,487 - DEBUG - Applied dict param overaspirate_vol=0.00482887651259499
2026-06-02 17:40:52,487 - DEBUG - Applied dict param asp_disp_cycles=0
2026-06-02 17:40:52,489 - DEBUG - Selected small_tip for volume 0.025 mL
2026-06-02 17:40:52,489 - INFO - Pipetting from vial glycerol, amount: 0.025 mL
2026-06-02 17:40:52,489 - INFO - Additional volume from calibration, amount: 0.005 mL
2026-06-02 17:40:52,495 - DEBUG - Adjusting pump 0 speed to 10
2026-06-02 17:40:52,495 - DEBUG - Aspirating 0.111 mL then waiting 0 s
2026-06-02 17:40:52,495 - DEBUG - Adjusting pump 0 speed to 3.0
2026-06-02 17:40:52,495 - WARNING - Converting pump speed 3.0 to integer 3
2026-06-02 17:40:52,496 - DEBUG - Aspirating 0.030 mL then waiting 9.3 s
2026-06-02 17:40:52,496 - DEBUG - Applied dict param aspirate_speed=3.0
2026-06-02 17:40:52,496 - DEBUG - Applied dict param dispense_speed=16.0
2026-06-02 17:40:52,496 - DEBUG - Applied dict param aspirate_wait_time=9.3
2026-06-02 17:40:52,496 - DEBUG - Applied dict param dispense_wait_time=3.0
2026-06-02 17:40:52,496 - DEBUG - Applied dict param pre_asp_air_vol=0.111
2026-06-02 17:40:52,496 - DEBUG - Applied dict param retract_speed=5.0
2026-06-02 17:40:52,496 - DEBUG - Applied dict param blowout_vol=0.424
2026-06-02 17:40:52,496 - DEBUG - Applied dict param post_asp_air_vol=0.0
2026-06-02 17:40:52,496 - DEBUG - Applied dict param post_retract_wait_time=0.0
2026-06-02 17:40:52,496 - DEBUG - Applied dict param overaspirate_vol=0.00482887651259499
2026-06-02 17:40:52,496 - DEBUG - Applied dict param asp_disp_cycles=0
2026-06-02 17:40:52,497 - INFO - Pipetting into vial glycerol, amount: 0.025 mL
2026-06-02 17:40:52,498 - INFO - Simulation mode - initial mass set to 0
2026-06-02 17:40:52,498 - DEBUG - Adjusting pump 0 speed to 16.0
2026-06-02 17:40:52,498 - WARNING - Converting pump speed 16.0 to integer 16
2026-06-02 17:40:52,499 - DEBUG - Dispensing 0.141 mL then waiting 3.0 s
2026-06-02 17:40:52,499 - DEBUG - Blowing out 0.424 mL
2026-06-02 17:40:52,499 - DEBUG - Adjusting pump 0 speed to 5
2026-06-02 17:40:52,499 - DEBUG - Adjusting pump 0 speed to 16
2026-06-02 17:40:52,500 - INFO - Simulation mode - final mass set to 0
2026-06-02 17:40:52,500 - INFO - Mass difference: 0.000000 g (target: 0.025 mL = ~0.025000 g for water)
2026-06-02 17:40:52,501 - DEBUG - Applied dict param aspirate_speed=3.0
2026-06-02 17:40:52,501 - DEBUG - Applied dict param dispense_speed=16.0
2026-06-02 17:40:52,501 - DEBUG - Applied dict param aspirate_wait_time=9.3
2026-06-02 17:40:52,501 - DEBUG - Applied dict param dispense_wait_time=3.0
2026-06-02 17:40:52,501 - DEBUG - Applied dict param pre_asp_air_vol=0.111
2026-06-02 17:40:52,501 - DEBUG - Applied dict param retract_speed=5.0
2026-06-02 17:40:52,501 - DEBUG - Applied dict param blowout_vol=0.424
2026-06-02 17:40:52,501 - DEBUG - Applied dict param post_asp_air_vol=0.0
2026-06-02 17:40:52,501 - DEBUG - Applied dict param post_retract_wait_time=0.0
2026-06-02 17:40:52,501 - DEBUG - Applied dict param overaspirate_vol=0.00482887651259499
2026-06-02 17:40:52,501 - DEBUG - Applied dict param asp_disp_cycles=0
2026-06-02 17:40:52,502 - DEBUG - Selected small_tip for volume 0.025 mL
2026-06-02 17:40:52,505 - INFO - Pipetting from vial glycerol, amount: 0.025 mL
2026-06-02 17:40:52,505 - INFO - Additional volume from calibration, amount: 0.005 mL
2026-06-02 17:40:52,506 - DEBUG - Adjusting pump 0 speed to 10
2026-06-02 17:40:52,507 - DEBUG - Aspirating 0.111 mL then waiting 0 s
2026-06-02 17:40:52,507 - DEBUG - Adjusting pump 0 speed to 3.0
2026-06-02 17:40:52,507 - WARNING - Converting pump speed 3.0 to integer 3
2026-06-02 17:40:52,507 - DEBUG - Aspirating 0.030 mL then waiting 9.3 s
2026-06-02 17:40:52,507 - DEBUG - Applied dict param aspirate_speed=3.0
2026-06-02 17:40:52,507 - DEBUG - Applied dict param dispense_speed=16.0
2026-06-02 17:40:52,507 - DEBUG - Applied dict param aspirate_wait_time=9.3
2026-06-02 17:40:52,507 - DEBUG - Applied dict param dispense_wait_time=3.0
2026-06-02 17:40:52,507 - DEBUG - Applied dict param pre_asp_air_vol=0.111
2026-06-02 17:40:52,507 - DEBUG - Applied dict param retract_speed=5.0
2026-06-02 17:40:52,507 - DEBUG - Applied dict param blowout_vol=0.424
2026-06-02 17:40:52,507 - DEBUG - Applied dict param post_asp_air_vol=0.0
2026-06-02 17:40:52,507 - DEBUG - Applied dict param post_retract_wait_time=0.0
2026-06-02 17:40:52,507 - DEBUG - Applied dict param overaspirate_vol=0.00482887651259499
2026-06-02 17:40:52,507 - DEBUG - Applied dict param asp_disp_cycles=0
2026-06-02 17:40:52,507 - INFO - Pipetting into vial glycerol, amount: 0.025 mL
2026-06-02 17:40:52,507 - INFO - Simulation mode - initial mass set to 0
2026-06-02 17:40:52,507 - DEBUG - Adjusting pump 0 speed to 16.0
2026-06-02 17:40:52,507 - WARNING - Converting pump speed 16.0 to integer 16
2026-06-02 17:40:52,512 - DEBUG - Dispensing 0.141 mL then waiting 3.0 s
2026-06-02 17:40:52,512 - DEBUG - Blowing out 0.424 mL
2026-06-02 17:40:52,512 - DEBUG - Adjusting pump 0 speed to 5
2026-06-02 17:40:52,512 - DEBUG - Adjusting pump 0 speed to 16
2026-06-02 17:40:52,512 - INFO - Simulation mode - final mass set to 0
2026-06-02 17:40:52,512 - INFO - Mass difference: 0.000000 g (target: 0.025 mL = ~0.025000 g for water)
2026-06-02 17:40:52,514 - INFO - Removing pipet
2026-06-02 17:40:52,519 - INFO - Returning vial glycerol to home location: main_8mL_rack index 24
2026-06-02 17:40:52,519 - DEBUG - Recapping clamped vial
2026-06-02 17:40:52,522 - INFO - Moving vial glycerol to main_8mL_rack: 24
2026-06-02 17:40:52,522 - DEBUG - Grabbing vial 0 with index 0
2026-06-02 17:40:52,523 - DEBUG - Dropping off vial 0 at location main_8mL_rack with index 24
2026-06-02 17:40:52,525 - INFO - Moving robot to home position
2026-06-02 17:40:52,575 - DEBUG - No workflow config provided - using default initialization
2026-06-02 17:40:52,575 - INFO - GUI disabled - skipping status review, proceeding directly to hardware initialization
2026-06-02 17:40:52,575 - INFO - Initializing North Robot...
2026-06-02 17:40:52,575 - DEBUG - Loading robot configuration files...
2026-06-02 17:40:52,596 - DEBUG - Loaded vial positions configuration from robot_state/vial_positions.yaml
2026-06-02 17:40:52,597 - DEBUG - Loaded pipet tips configuration from robot_state/pipet_tips.yaml
2026-06-02 17:40:52,602 - DEBUG - Loaded pipet racks configuration from robot_state/pipet_racks.yaml
2026-06-02 17:40:52,602 - DEBUG - Loaded pump configuration from robot_state/syringe_pumps.yaml
2026-06-02 17:40:52,606 - DEBUG - Loaded robot hardware configuration from robot_state/robot_hardware.yaml
2026-06-02 17:40:52,606 - DEBUG - Loaded wellplate properties configuration from robot_state/wellplates.yaml
2026-06-02 17:40:52,606 - DEBUG - Loading robot state files...
2026-06-02 17:40:52,606 - DEBUG - Loaded vial data from status/calibration_vials_short.csv
2026-06-02 17:40:52,615 - DEBUG - Loaded robot status from robot_state/robot_status.yaml
2026-06-02 17:40:52,619 - DEBUG - Loaded wellplate positions from robot_state/wellplates.yaml
2026-06-02 17:40:52,619 - DEBUG - Robot status loaded successfully
2026-06-02 17:40:52,619 - INFO - Physical initialization of North Robot...
2026-06-02 17:40:52,620 - DEBUG - Loading pumps from YAML configuration...
2026-06-02 17:40:52,622 - DEBUG - Loaded pump 0: volume=1.0mL, speed=11, liquid=None
2026-06-02 17:40:52,622 - DEBUG - Loaded pump 1: volume=2.5mL, speed=15, liquid=water
2026-06-02 17:40:52,622 - INFO - Moving robot to home position
2026-06-02 17:40:52,624 - DEBUG - Initializing centrifuge controller...
2026-06-02 17:40:52,624 - INFO - Initializing North Track...
2026-06-02 17:40:52,624 - DEBUG - Loading track status from file: robot_state/track_status.yaml
2026-06-02 17:40:52,624 - DEBUG - Getting track status from file: robot_state/track_status.yaml
2026-06-02 17:40:52,625 - DEBUG - Loaded track status from robot_state/track_status.yaml
2026-06-02 17:40:52,626 - DEBUG - Loading track positions from: robot_state/track_positions.yaml
2026-06-02 17:40:52,630 - DEBUG - Loaded track positions configuration from robot_state/track_positions.yaml
2026-06-02 17:40:52,630 - DEBUG - Loading robot hardware configuration from: robot_state/robot_hardware.yaml
2026-06-02 17:40:52,636 - DEBUG - Loaded robot hardware configuration from robot_state/robot_hardware.yaml
2026-06-02 17:40:52,638 - DEBUG - Loaded wellplate properties configuration from robot_state/wellplates.yaml
2026-06-02 17:40:52,638 - DEBUG - Moving North Track to home position
2026-06-02 17:40:52,638 - DEBUG - Detected origin position (0,0) - setting location to 'origin'
2026-06-02 17:40:52,638 - DEBUG - Updated gripper location to: origin at position {'x': 0, 'z': 0}
2026-06-02 17:40:52,638 - DEBUG - Simulating robot component homing...
2026-06-02 17:40:52,638 - INFO - Moving vial glycerol to clamp: 0
2026-06-02 17:40:52,638 - DEBUG - Grabbing vial 0 with index 0
2026-06-02 17:40:52,648 - DEBUG - Dropping off vial 0 at location clamp with index 0
2026-06-02 17:40:52,651 - DEBUG - Vial move required for pipetting
2026-06-02 17:40:52,652 - INFO - Moving vial glycerol to safe pipetting location
2026-06-02 17:40:52,653 - INFO - Vial 0 already at clamp index 0, no move needed
2026-06-02 17:40:52,653 - DEBUG - Removing cap from clamped vial
2026-06-02 17:40:52,657 - DEBUG - Applied dict param aspirate_speed=3.0
2026-06-02 17:40:52,657 - DEBUG - Applied dict param dispense_speed=16.0
2026-06-02 17:40:52,657 - DEBUG - Applied dict param aspirate_wait_time=9.3
2026-06-02 17:40:52,657 - DEBUG - Applied dict param dispense_wait_time=3.0
2026-06-02 17:40:52,657 - DEBUG - Applied dict param pre_asp_air_vol=0.111
2026-06-02 17:40:52,657 - DEBUG - Applied dict param retract_speed=5.0
2026-06-02 17:40:52,657 - DEBUG - Applied dict param blowout_vol=0.424
2026-06-02 17:40:52,657 - DEBUG - Applied dict param post_asp_air_vol=0.0
2026-06-02 17:40:52,657 - DEBUG - Applied dict param post_retract_wait_time=0.0
2026-06-02 17:40:52,657 - DEBUG - Applied dict param overaspirate_vol=0.0475
2026-06-02 17:40:52,657 - DEBUG - Applied dict param asp_disp_cycles=0
2026-06-02 17:40:52,658 - DEBUG - Selected small_tip for volume 0.050 mL
2026-06-02 17:40:52,659 - INFO - Getting small_tip (pipet number 0) from rack: small_tip_rack_1
2026-06-02 17:40:52,662 - INFO - Pipetting from vial glycerol, amount: 0.050 mL
2026-06-02 17:40:52,662 - INFO - Additional volume from calibration, amount: 0.048 mL
2026-06-02 17:40:52,664 - DEBUG - Adjusting pump 0 speed to 10
2026-06-02 17:40:52,664 - DEBUG - Aspirating 0.111 mL then waiting 0 s
2026-06-02 17:40:52,664 - DEBUG - Adjusting pump 0 speed to 3.0
2026-06-02 17:40:52,665 - WARNING - Converting pump speed 3.0 to integer 3
2026-06-02 17:40:52,666 - DEBUG - Aspirating 0.098 mL then waiting 9.3 s
2026-06-02 17:40:52,666 - DEBUG - Applied dict param aspirate_speed=3.0
2026-06-02 17:40:52,666 - DEBUG - Applied dict param dispense_speed=16.0
2026-06-02 17:40:52,666 - DEBUG - Applied dict param aspirate_wait_time=9.3
2026-06-02 17:40:52,666 - DEBUG - Applied dict param dispense_wait_time=3.0
2026-06-02 17:40:52,666 - DEBUG - Applied dict param pre_asp_air_vol=0.111
2026-06-02 17:40:52,666 - DEBUG - Applied dict param retract_speed=5.0
2026-06-02 17:40:52,666 - DEBUG - Applied dict param blowout_vol=0.424
2026-06-02 17:40:52,666 - DEBUG - Applied dict param post_asp_air_vol=0.0
2026-06-02 17:40:52,666 - DEBUG - Applied dict param post_retract_wait_time=0.0
2026-06-02 17:40:52,666 - DEBUG - Applied dict param overaspirate_vol=0.0475
2026-06-02 17:40:52,666 - DEBUG - Applied dict param asp_disp_cycles=0
2026-06-02 17:40:52,667 - INFO - Pipetting into vial glycerol, amount: 0.050 mL
2026-06-02 17:40:52,669 - INFO - Simulation mode - initial mass set to 0
2026-06-02 17:40:52,669 - DEBUG - Adjusting pump 0 speed to 16.0
2026-06-02 17:40:52,669 - WARNING - Converting pump speed 16.0 to integer 16
2026-06-02 17:40:52,669 - DEBUG - Dispensing 0.209 mL then waiting 3.0 s
2026-06-02 17:40:52,671 - DEBUG - Blowing out 0.424 mL
2026-06-02 17:40:52,671 - DEBUG - Adjusting pump 0 speed to 5
2026-06-02 17:40:52,672 - DEBUG - Adjusting pump 0 speed to 16
2026-06-02 17:40:52,672 - INFO - Simulation mode - final mass set to 0
2026-06-02 17:40:52,672 - INFO - Mass difference: 0.000000 g (target: 0.050 mL = ~0.050000 g for water)
2026-06-02 17:40:52,674 - DEBUG - Applied dict param aspirate_speed=3.0
2026-06-02 17:40:52,674 - DEBUG - Applied dict param dispense_speed=16.0
2026-06-02 17:40:52,674 - DEBUG - Applied dict param aspirate_wait_time=9.3
2026-06-02 17:40:52,674 - DEBUG - Applied dict param dispense_wait_time=3.0
2026-06-02 17:40:52,674 - DEBUG - Applied dict param pre_asp_air_vol=0.111
2026-06-02 17:40:52,674 - DEBUG - Applied dict param retract_speed=5.0
2026-06-02 17:40:52,674 - DEBUG - Applied dict param blowout_vol=0.424
2026-06-02 17:40:52,674 - DEBUG - Applied dict param post_asp_air_vol=0.0
2026-06-02 17:40:52,674 - DEBUG - Applied dict param post_retract_wait_time=0.0
2026-06-02 17:40:52,674 - DEBUG - Applied dict param overaspirate_vol=0.0475
2026-06-02 17:40:52,674 - DEBUG - Applied dict param asp_disp_cycles=0
2026-06-02 17:40:52,675 - DEBUG - Selected small_tip for volume 0.050 mL
2026-06-02 17:40:52,678 - INFO - Pipetting from vial glycerol, amount: 0.050 mL
2026-06-02 17:40:52,679 - INFO - Additional volume from calibration, amount: 0.048 mL
2026-06-02 17:40:52,680 - DEBUG - Adjusting pump 0 speed to 10
2026-06-02 17:40:52,680 - DEBUG - Aspirating 0.111 mL then waiting 0 s
2026-06-02 17:40:52,680 - DEBUG - Adjusting pump 0 speed to 3.0
2026-06-02 17:40:52,680 - WARNING - Converting pump speed 3.0 to integer 3
2026-06-02 17:40:52,681 - DEBUG - Aspirating 0.098 mL then waiting 9.3 s
2026-06-02 17:40:52,681 - DEBUG - Applied dict param aspirate_speed=3.0
2026-06-02 17:40:52,681 - DEBUG - Applied dict param dispense_speed=16.0
2026-06-02 17:40:52,681 - DEBUG - Applied dict param aspirate_wait_time=9.3
2026-06-02 17:40:52,681 - DEBUG - Applied dict param dispense_wait_time=3.0
2026-06-02 17:40:52,681 - DEBUG - Applied dict param pre_asp_air_vol=0.111
2026-06-02 17:40:52,681 - DEBUG - Applied dict param retract_speed=5.0
2026-06-02 17:40:52,681 - DEBUG - Applied dict param blowout_vol=0.424
2026-06-02 17:40:52,681 - DEBUG - Applied dict param post_asp_air_vol=0.0
2026-06-02 17:40:52,681 - DEBUG - Applied dict param post_retract_wait_time=0.0
2026-06-02 17:40:52,681 - DEBUG - Applied dict param overaspirate_vol=0.0475
2026-06-02 17:40:52,681 - DEBUG - Applied dict param asp_disp_cycles=0
2026-06-02 17:40:52,683 - INFO - Pipetting into vial glycerol, amount: 0.050 mL
2026-06-02 17:40:52,684 - INFO - Simulation mode - initial mass set to 0
2026-06-02 17:40:52,684 - DEBUG - Adjusting pump 0 speed to 16.0
2026-06-02 17:40:52,684 - WARNING - Converting pump speed 16.0 to integer 16
2026-06-02 17:40:52,685 - DEBUG - Dispensing 0.209 mL then waiting 3.0 s
2026-06-02 17:40:52,685 - DEBUG - Blowing out 0.424 mL
2026-06-02 17:40:52,685 - DEBUG - Adjusting pump 0 speed to 5
2026-06-02 17:40:52,685 - DEBUG - Adjusting pump 0 speed to 16
2026-06-02 17:40:52,685 - INFO - Simulation mode - final mass set to 0
2026-06-02 17:40:52,685 - INFO - Mass difference: 0.000000 g (target: 0.050 mL = ~0.050000 g for water)
2026-06-02 17:40:52,686 - DEBUG - Applied dict param aspirate_speed=3.0
2026-06-02 17:40:52,686 - DEBUG - Applied dict param dispense_speed=16.0
2026-06-02 17:40:52,686 - DEBUG - Applied dict param aspirate_wait_time=9.3
2026-06-02 17:40:52,687 - DEBUG - Applied dict param dispense_wait_time=3.0
2026-06-02 17:40:52,687 - DEBUG - Applied dict param pre_asp_air_vol=0.111
2026-06-02 17:40:52,687 - DEBUG - Applied dict param retract_speed=5.0
2026-06-02 17:40:52,687 - DEBUG - Applied dict param blowout_vol=0.424
2026-06-02 17:40:52,687 - DEBUG - Applied dict param post_asp_air_vol=0.0
2026-06-02 17:40:52,687 - DEBUG - Applied dict param post_retract_wait_time=0.0
2026-06-02 17:40:52,687 - DEBUG - Applied dict param overaspirate_vol=0.0475
2026-06-02 17:40:52,687 - DEBUG - Applied dict param asp_disp_cycles=0
2026-06-02 17:40:52,688 - DEBUG - Selected small_tip for volume 0.050 mL
2026-06-02 17:40:52,688 - INFO - Pipetting from vial glycerol, amount: 0.050 mL
2026-06-02 17:40:52,688 - INFO - Additional volume from calibration, amount: 0.048 mL
2026-06-02 17:40:52,692 - DEBUG - Adjusting pump 0 speed to 10
2026-06-02 17:40:52,692 - DEBUG - Aspirating 0.111 mL then waiting 0 s
2026-06-02 17:40:52,692 - DEBUG - Adjusting pump 0 speed to 3.0
2026-06-02 17:40:52,692 - WARNING - Converting pump speed 3.0 to integer 3
2026-06-02 17:40:52,692 - DEBUG - Aspirating 0.098 mL then waiting 9.3 s
2026-06-02 17:40:52,693 - DEBUG - Applied dict param aspirate_speed=3.0
2026-06-02 17:40:52,693 - DEBUG - Applied dict param dispense_speed=16.0
2026-06-02 17:40:52,693 - DEBUG - Applied dict param aspirate_wait_time=9.3
2026-06-02 17:40:52,693 - DEBUG - Applied dict param dispense_wait_time=3.0
2026-06-02 17:40:52,693 - DEBUG - Applied dict param pre_asp_air_vol=0.111
2026-06-02 17:40:52,693 - DEBUG - Applied dict param retract_speed=5.0
2026-06-02 17:40:52,693 - DEBUG - Applied dict param blowout_vol=0.424
2026-06-02 17:40:52,693 - DEBUG - Applied dict param post_asp_air_vol=0.0
2026-06-02 17:40:52,693 - DEBUG - Applied dict param post_retract_wait_time=0.0
2026-06-02 17:40:52,693 - DEBUG - Applied dict param overaspirate_vol=0.0475
2026-06-02 17:40:52,693 - DEBUG - Applied dict param asp_disp_cycles=0
2026-06-02 17:40:52,694 - INFO - Pipetting into vial glycerol, amount: 0.050 mL
2026-06-02 17:40:52,696 - INFO - Simulation mode - initial mass set to 0
2026-06-02 17:40:52,696 - DEBUG - Adjusting pump 0 speed to 16.0
2026-06-02 17:40:52,696 - WARNING - Converting pump speed 16.0 to integer 16
2026-06-02 17:40:52,697 - DEBUG - Dispensing 0.209 mL then waiting 3.0 s
2026-06-02 17:40:52,697 - DEBUG - Blowing out 0.424 mL
2026-06-02 17:40:52,697 - DEBUG - Adjusting pump 0 speed to 5
2026-06-02 17:40:52,697 - DEBUG - Adjusting pump 0 speed to 16
2026-06-02 17:40:52,697 - INFO - Simulation mode - final mass set to 0
2026-06-02 17:40:52,697 - INFO - Mass difference: 0.000000 g (target: 0.050 mL = ~0.050000 g for water)
2026-06-02 17:40:52,697 - DEBUG - Applied dict param aspirate_speed=3.0
2026-06-02 17:40:52,697 - DEBUG - Applied dict param dispense_speed=16.0
2026-06-02 17:40:52,697 - DEBUG - Applied dict param aspirate_wait_time=9.3
2026-06-02 17:40:52,697 - DEBUG - Applied dict param dispense_wait_time=3.0
2026-06-02 17:40:52,697 - DEBUG - Applied dict param pre_asp_air_vol=0.111
2026-06-02 17:40:52,697 - DEBUG - Applied dict param retract_speed=5.0
2026-06-02 17:40:52,697 - DEBUG - Applied dict param blowout_vol=0.424
2026-06-02 17:40:52,697 - DEBUG - Applied dict param post_asp_air_vol=0.0
2026-06-02 17:40:52,697 - DEBUG - Applied dict param post_retract_wait_time=0.0
2026-06-02 17:40:52,697 - DEBUG - Applied dict param overaspirate_vol=0.008764123284043225
2026-06-02 17:40:52,697 - DEBUG - Applied dict param asp_disp_cycles=0
2026-06-02 17:40:52,700 - DEBUG - Selected small_tip for volume 0.050 mL
2026-06-02 17:40:52,702 - INFO - Pipetting from vial glycerol, amount: 0.050 mL
2026-06-02 17:40:52,702 - INFO - Additional volume from calibration, amount: 0.009 mL
2026-06-02 17:40:52,705 - DEBUG - Adjusting pump 0 speed to 10
2026-06-02 17:40:52,705 - DEBUG - Aspirating 0.111 mL then waiting 0 s
2026-06-02 17:40:52,705 - DEBUG - Adjusting pump 0 speed to 3.0
2026-06-02 17:40:52,705 - WARNING - Converting pump speed 3.0 to integer 3
2026-06-02 17:40:52,705 - DEBUG - Aspirating 0.059 mL then waiting 9.3 s
2026-06-02 17:40:52,706 - DEBUG - Applied dict param aspirate_speed=3.0
2026-06-02 17:40:52,706 - DEBUG - Applied dict param dispense_speed=16.0
2026-06-02 17:40:52,706 - DEBUG - Applied dict param aspirate_wait_time=9.3
2026-06-02 17:40:52,706 - DEBUG - Applied dict param dispense_wait_time=3.0
2026-06-02 17:40:52,706 - DEBUG - Applied dict param pre_asp_air_vol=0.111
2026-06-02 17:40:52,706 - DEBUG - Applied dict param retract_speed=5.0
2026-06-02 17:40:52,706 - DEBUG - Applied dict param blowout_vol=0.424
2026-06-02 17:40:52,706 - DEBUG - Applied dict param post_asp_air_vol=0.0
2026-06-02 17:40:52,706 - DEBUG - Applied dict param post_retract_wait_time=0.0
2026-06-02 17:40:52,706 - DEBUG - Applied dict param overaspirate_vol=0.008764123284043225
2026-06-02 17:40:52,706 - DEBUG - Applied dict param asp_disp_cycles=0
2026-06-02 17:40:52,707 - INFO - Pipetting into vial glycerol, amount: 0.050 mL
2026-06-02 17:40:52,708 - INFO - Simulation mode - initial mass set to 0
2026-06-02 17:40:52,708 - DEBUG - Adjusting pump 0 speed to 16.0
2026-06-02 17:40:52,708 - WARNING - Converting pump speed 16.0 to integer 16
2026-06-02 17:40:52,709 - DEBUG - Dispensing 0.170 mL then waiting 3.0 s
2026-06-02 17:40:52,709 - DEBUG - Blowing out 0.424 mL
2026-06-02 17:40:52,710 - DEBUG - Adjusting pump 0 speed to 5
2026-06-02 17:40:52,710 - DEBUG - Adjusting pump 0 speed to 16
2026-06-02 17:40:52,710 - INFO - Simulation mode - final mass set to 0
2026-06-02 17:40:52,710 - INFO - Mass difference: 0.000000 g (target: 0.050 mL = ~0.050000 g for water)
2026-06-02 17:40:52,711 - DEBUG - Applied dict param aspirate_speed=3.0
2026-06-02 17:40:52,711 - DEBUG - Applied dict param dispense_speed=16.0
2026-06-02 17:40:52,711 - DEBUG - Applied dict param aspirate_wait_time=9.3
2026-06-02 17:40:52,711 - DEBUG - Applied dict param dispense_wait_time=3.0
2026-06-02 17:40:52,711 - DEBUG - Applied dict param pre_asp_air_vol=0.111
2026-06-02 17:40:52,711 - DEBUG - Applied dict param retract_speed=5.0
2026-06-02 17:40:52,711 - DEBUG - Applied dict param blowout_vol=0.424
2026-06-02 17:40:52,711 - DEBUG - Applied dict param post_asp_air_vol=0.0
2026-06-02 17:40:52,712 - DEBUG - Applied dict param post_retract_wait_time=0.0
2026-06-02 17:40:52,712 - DEBUG - Applied dict param overaspirate_vol=0.008764123284043225
2026-06-02 17:40:52,712 - DEBUG - Applied dict param asp_disp_cycles=0
2026-06-02 17:40:52,712 - DEBUG - Selected small_tip for volume 0.050 mL
2026-06-02 17:40:52,715 - INFO - Pipetting from vial glycerol, amount: 0.050 mL
2026-06-02 17:40:52,715 - INFO - Additional volume from calibration, amount: 0.009 mL
2026-06-02 17:40:52,717 - DEBUG - Adjusting pump 0 speed to 10
2026-06-02 17:40:52,717 - DEBUG - Aspirating 0.111 mL then waiting 0 s
2026-06-02 17:40:52,718 - DEBUG - Adjusting pump 0 speed to 3.0
2026-06-02 17:40:52,718 - WARNING - Converting pump speed 3.0 to integer 3
2026-06-02 17:40:52,718 - DEBUG - Aspirating 0.059 mL then waiting 9.3 s
2026-06-02 17:40:52,718 - DEBUG - Applied dict param aspirate_speed=3.0
2026-06-02 17:40:52,718 - DEBUG - Applied dict param dispense_speed=16.0
2026-06-02 17:40:52,718 - DEBUG - Applied dict param aspirate_wait_time=9.3
2026-06-02 17:40:52,718 - DEBUG - Applied dict param dispense_wait_time=3.0
2026-06-02 17:40:52,718 - DEBUG - Applied dict param pre_asp_air_vol=0.111
2026-06-02 17:40:52,718 - DEBUG - Applied dict param retract_speed=5.0
2026-06-02 17:40:52,718 - DEBUG - Applied dict param blowout_vol=0.424
2026-06-02 17:40:52,718 - DEBUG - Applied dict param post_asp_air_vol=0.0
2026-06-02 17:40:52,718 - DEBUG - Applied dict param post_retract_wait_time=0.0
2026-06-02 17:40:52,718 - DEBUG - Applied dict param overaspirate_vol=0.008764123284043225
2026-06-02 17:40:52,718 - DEBUG - Applied dict param asp_disp_cycles=0
2026-06-02 17:40:52,720 - INFO - Pipetting into vial glycerol, amount: 0.050 mL
2026-06-02 17:40:52,721 - INFO - Simulation mode - initial mass set to 0
2026-06-02 17:40:52,721 - DEBUG - Adjusting pump 0 speed to 16.0
2026-06-02 17:40:52,721 - WARNING - Converting pump speed 16.0 to integer 16
2026-06-02 17:40:52,722 - DEBUG - Dispensing 0.170 mL then waiting 3.0 s
2026-06-02 17:40:52,722 - DEBUG - Blowing out 0.424 mL
2026-06-02 17:40:52,722 - DEBUG - Adjusting pump 0 speed to 5
2026-06-02 17:40:52,722 - DEBUG - Adjusting pump 0 speed to 16
2026-06-02 17:40:52,722 - INFO - Simulation mode - final mass set to 0
2026-06-02 17:40:52,722 - INFO - Mass difference: 0.000000 g (target: 0.050 mL = ~0.050000 g for water)
2026-06-02 17:40:52,722 - DEBUG - Applied dict param aspirate_speed=3.0
2026-06-02 17:40:52,722 - DEBUG - Applied dict param dispense_speed=16.0
2026-06-02 17:40:52,723 - DEBUG - Applied dict param aspirate_wait_time=9.3
2026-06-02 17:40:52,723 - DEBUG - Applied dict param dispense_wait_time=3.0
2026-06-02 17:40:52,723 - DEBUG - Applied dict param pre_asp_air_vol=0.111
2026-06-02 17:40:52,723 - DEBUG - Applied dict param retract_speed=5.0
2026-06-02 17:40:52,723 - DEBUG - Applied dict param blowout_vol=0.424
2026-06-02 17:40:52,723 - DEBUG - Applied dict param post_asp_air_vol=0.0
2026-06-02 17:40:52,723 - DEBUG - Applied dict param post_retract_wait_time=0.0
2026-06-02 17:40:52,723 - DEBUG - Applied dict param overaspirate_vol=0.008764123284043225
2026-06-02 17:40:52,723 - DEBUG - Applied dict param asp_disp_cycles=0
2026-06-02 17:40:52,724 - DEBUG - Selected small_tip for volume 0.050 mL
2026-06-02 17:40:52,726 - INFO - Pipetting from vial glycerol, amount: 0.050 mL
2026-06-02 17:40:52,726 - INFO - Additional volume from calibration, amount: 0.009 mL
2026-06-02 17:40:52,728 - DEBUG - Adjusting pump 0 speed to 10
2026-06-02 17:40:52,729 - DEBUG - Aspirating 0.111 mL then waiting 0 s
2026-06-02 17:40:52,729 - DEBUG - Adjusting pump 0 speed to 3.0
2026-06-02 17:40:52,729 - WARNING - Converting pump speed 3.0 to integer 3
2026-06-02 17:40:52,729 - DEBUG - Aspirating 0.059 mL then waiting 9.3 s
2026-06-02 17:40:52,729 - DEBUG - Applied dict param aspirate_speed=3.0
2026-06-02 17:40:52,729 - DEBUG - Applied dict param dispense_speed=16.0
2026-06-02 17:40:52,729 - DEBUG - Applied dict param aspirate_wait_time=9.3
2026-06-02 17:40:52,729 - DEBUG - Applied dict param dispense_wait_time=3.0
2026-06-02 17:40:52,729 - DEBUG - Applied dict param pre_asp_air_vol=0.111
2026-06-02 17:40:52,729 - DEBUG - Applied dict param retract_speed=5.0
2026-06-02 17:40:52,729 - DEBUG - Applied dict param blowout_vol=0.424
2026-06-02 17:40:52,729 - DEBUG - Applied dict param post_asp_air_vol=0.0
2026-06-02 17:40:52,729 - DEBUG - Applied dict param post_retract_wait_time=0.0
2026-06-02 17:40:52,729 - DEBUG - Applied dict param overaspirate_vol=0.008764123284043225
2026-06-02 17:40:52,729 - DEBUG - Applied dict param asp_disp_cycles=0
2026-06-02 17:40:52,730 - INFO - Pipetting into vial glycerol, amount: 0.050 mL
2026-06-02 17:40:52,731 - INFO - Simulation mode - initial mass set to 0
2026-06-02 17:40:52,731 - DEBUG - Adjusting pump 0 speed to 16.0
2026-06-02 17:40:52,731 - WARNING - Converting pump speed 16.0 to integer 16
2026-06-02 17:40:52,734 - DEBUG - Dispensing 0.170 mL then waiting 3.0 s
2026-06-02 17:40:52,734 - DEBUG - Blowing out 0.424 mL
2026-06-02 17:40:52,734 - DEBUG - Adjusting pump 0 speed to 5
2026-06-02 17:40:52,734 - DEBUG - Adjusting pump 0 speed to 16
2026-06-02 17:40:52,735 - INFO - Simulation mode - final mass set to 0
2026-06-02 17:40:52,735 - INFO - Mass difference: 0.000000 g (target: 0.050 mL = ~0.050000 g for water)
2026-06-02 17:40:52,736 - DEBUG - Applied dict param aspirate_speed=3.0
2026-06-02 17:40:52,736 - DEBUG - Applied dict param dispense_speed=16.0
2026-06-02 17:40:52,736 - DEBUG - Applied dict param aspirate_wait_time=9.3
2026-06-02 17:40:52,736 - DEBUG - Applied dict param dispense_wait_time=3.0
2026-06-02 17:40:52,736 - DEBUG - Applied dict param pre_asp_air_vol=0.111
2026-06-02 17:40:52,736 - DEBUG - Applied dict param retract_speed=5.0
2026-06-02 17:40:52,736 - DEBUG - Applied dict param blowout_vol=0.424
2026-06-02 17:40:52,736 - DEBUG - Applied dict param post_asp_air_vol=0.0
2026-06-02 17:40:52,736 - DEBUG - Applied dict param post_retract_wait_time=0.0
2026-06-02 17:40:52,736 - DEBUG - Applied dict param overaspirate_vol=0.01069905183633443
2026-06-02 17:40:52,736 - DEBUG - Applied dict param asp_disp_cycles=0
2026-06-02 17:40:52,737 - DEBUG - Selected small_tip for volume 0.050 mL
2026-06-02 17:40:52,740 - INFO - Pipetting from vial glycerol, amount: 0.050 mL
2026-06-02 17:40:52,740 - INFO - Additional volume from calibration, amount: 0.011 mL
2026-06-02 17:40:52,743 - DEBUG - Adjusting pump 0 speed to 10
2026-06-02 17:40:52,743 - DEBUG - Aspirating 0.111 mL then waiting 0 s
2026-06-02 17:40:52,743 - DEBUG - Adjusting pump 0 speed to 3.0
2026-06-02 17:40:52,743 - WARNING - Converting pump speed 3.0 to integer 3
2026-06-02 17:40:52,743 - DEBUG - Aspirating 0.061 mL then waiting 9.3 s
2026-06-02 17:40:52,743 - DEBUG - Applied dict param aspirate_speed=3.0
2026-06-02 17:40:52,743 - DEBUG - Applied dict param dispense_speed=16.0
2026-06-02 17:40:52,743 - DEBUG - Applied dict param aspirate_wait_time=9.3
2026-06-02 17:40:52,743 - DEBUG - Applied dict param dispense_wait_time=3.0
2026-06-02 17:40:52,743 - DEBUG - Applied dict param pre_asp_air_vol=0.111
2026-06-02 17:40:52,744 - DEBUG - Applied dict param retract_speed=5.0
2026-06-02 17:40:52,744 - DEBUG - Applied dict param blowout_vol=0.424
2026-06-02 17:40:52,744 - DEBUG - Applied dict param post_asp_air_vol=0.0
2026-06-02 17:40:52,744 - DEBUG - Applied dict param post_retract_wait_time=0.0
2026-06-02 17:40:52,744 - DEBUG - Applied dict param overaspirate_vol=0.01069905183633443
2026-06-02 17:40:52,744 - DEBUG - Applied dict param asp_disp_cycles=0
2026-06-02 17:40:52,745 - INFO - Pipetting into vial glycerol, amount: 0.050 mL
2026-06-02 17:40:52,746 - INFO - Simulation mode - initial mass set to 0
2026-06-02 17:40:52,746 - DEBUG - Adjusting pump 0 speed to 16.0
2026-06-02 17:40:52,746 - WARNING - Converting pump speed 16.0 to integer 16
2026-06-02 17:40:52,747 - DEBUG - Dispensing 0.172 mL then waiting 3.0 s
2026-06-02 17:40:52,747 - DEBUG - Blowing out 0.424 mL
2026-06-02 17:40:52,747 - DEBUG - Adjusting pump 0 speed to 5
2026-06-02 17:40:52,747 - DEBUG - Adjusting pump 0 speed to 16
2026-06-02 17:40:52,747 - INFO - Simulation mode - final mass set to 0
2026-06-02 17:40:52,748 - INFO - Mass difference: 0.000000 g (target: 0.050 mL = ~0.050000 g for water)
2026-06-02 17:40:52,749 - DEBUG - Applied dict param aspirate_speed=3.0
2026-06-02 17:40:52,749 - DEBUG - Applied dict param dispense_speed=16.0
2026-06-02 17:40:52,749 - DEBUG - Applied dict param aspirate_wait_time=9.3
2026-06-02 17:40:52,749 - DEBUG - Applied dict param dispense_wait_time=3.0
2026-06-02 17:40:52,749 - DEBUG - Applied dict param pre_asp_air_vol=0.111
2026-06-02 17:40:52,749 - DEBUG - Applied dict param retract_speed=5.0
2026-06-02 17:40:52,749 - DEBUG - Applied dict param blowout_vol=0.424
2026-06-02 17:40:52,749 - DEBUG - Applied dict param post_asp_air_vol=0.0
2026-06-02 17:40:52,749 - DEBUG - Applied dict param post_retract_wait_time=0.0
2026-06-02 17:40:52,749 - DEBUG - Applied dict param overaspirate_vol=0.01069905183633443
2026-06-02 17:40:52,749 - DEBUG - Applied dict param asp_disp_cycles=0
2026-06-02 17:40:52,750 - DEBUG - Selected small_tip for volume 0.050 mL
2026-06-02 17:40:52,752 - INFO - Pipetting from vial glycerol, amount: 0.050 mL
2026-06-02 17:40:52,752 - INFO - Additional volume from calibration, amount: 0.011 mL
2026-06-02 17:40:52,754 - DEBUG - Adjusting pump 0 speed to 10
2026-06-02 17:40:52,754 - DEBUG - Aspirating 0.111 mL then waiting 0 s
2026-06-02 17:40:52,754 - DEBUG - Adjusting pump 0 speed to 3.0
2026-06-02 17:40:52,754 - WARNING - Converting pump speed 3.0 to integer 3
2026-06-02 17:40:52,754 - DEBUG - Aspirating 0.061 mL then waiting 9.3 s
2026-06-02 17:40:52,754 - DEBUG - Applied dict param aspirate_speed=3.0
2026-06-02 17:40:52,754 - DEBUG - Applied dict param dispense_speed=16.0
2026-06-02 17:40:52,754 - DEBUG - Applied dict param aspirate_wait_time=9.3
2026-06-02 17:40:52,754 - DEBUG - Applied dict param dispense_wait_time=3.0
2026-06-02 17:40:52,754 - DEBUG - Applied dict param pre_asp_air_vol=0.111
2026-06-02 17:40:52,755 - DEBUG - Applied dict param retract_speed=5.0
2026-06-02 17:40:52,755 - DEBUG - Applied dict param blowout_vol=0.424
2026-06-02 17:40:52,755 - DEBUG - Applied dict param post_asp_air_vol=0.0
2026-06-02 17:40:52,755 - DEBUG - Applied dict param post_retract_wait_time=0.0
2026-06-02 17:40:52,755 - DEBUG - Applied dict param overaspirate_vol=0.01069905183633443
2026-06-02 17:40:52,755 - DEBUG - Applied dict param asp_disp_cycles=0
2026-06-02 17:40:52,756 - INFO - Pipetting into vial glycerol, amount: 0.050 mL
2026-06-02 17:40:52,756 - INFO - Simulation mode - initial mass set to 0
2026-06-02 17:40:52,756 - DEBUG - Adjusting pump 0 speed to 16.0
2026-06-02 17:40:52,757 - WARNING - Converting pump speed 16.0 to integer 16
2026-06-02 17:40:52,758 - DEBUG - Dispensing 0.172 mL then waiting 3.0 s
2026-06-02 17:40:52,758 - DEBUG - Blowing out 0.424 mL
2026-06-02 17:40:52,758 - DEBUG - Adjusting pump 0 speed to 5
2026-06-02 17:40:52,758 - DEBUG - Adjusting pump 0 speed to 16
2026-06-02 17:40:52,759 - INFO - Simulation mode - final mass set to 0
2026-06-02 17:40:52,759 - INFO - Mass difference: 0.000000 g (target: 0.050 mL = ~0.050000 g for water)
2026-06-02 17:40:52,760 - DEBUG - Applied dict param aspirate_speed=3.0
2026-06-02 17:40:52,760 - DEBUG - Applied dict param dispense_speed=16.0
2026-06-02 17:40:52,760 - DEBUG - Applied dict param aspirate_wait_time=9.3
2026-06-02 17:40:52,760 - DEBUG - Applied dict param dispense_wait_time=3.0
2026-06-02 17:40:52,760 - DEBUG - Applied dict param pre_asp_air_vol=0.111
2026-06-02 17:40:52,760 - DEBUG - Applied dict param retract_speed=5.0
2026-06-02 17:40:52,760 - DEBUG - Applied dict param blowout_vol=0.424
2026-06-02 17:40:52,760 - DEBUG - Applied dict param post_asp_air_vol=0.0
2026-06-02 17:40:52,761 - DEBUG - Applied dict param post_retract_wait_time=0.0
2026-06-02 17:40:52,761 - DEBUG - Applied dict param overaspirate_vol=0.01069905183633443
2026-06-02 17:40:52,761 - DEBUG - Applied dict param asp_disp_cycles=0
2026-06-02 17:40:52,761 - DEBUG - Selected small_tip for volume 0.050 mL
2026-06-02 17:40:52,764 - INFO - Pipetting from vial glycerol, amount: 0.050 mL
2026-06-02 17:40:52,764 - INFO - Additional volume from calibration, amount: 0.011 mL
2026-06-02 17:40:52,766 - DEBUG - Adjusting pump 0 speed to 10
2026-06-02 17:40:52,766 - DEBUG - Aspirating 0.111 mL then waiting 0 s
2026-06-02 17:40:52,766 - DEBUG - Adjusting pump 0 speed to 3.0
2026-06-02 17:40:52,766 - WARNING - Converting pump speed 3.0 to integer 3
2026-06-02 17:40:52,767 - DEBUG - Aspirating 0.061 mL then waiting 9.3 s
2026-06-02 17:40:52,767 - DEBUG - Applied dict param aspirate_speed=3.0
2026-06-02 17:40:52,767 - DEBUG - Applied dict param dispense_speed=16.0
2026-06-02 17:40:52,767 - DEBUG - Applied dict param aspirate_wait_time=9.3
2026-06-02 17:40:52,767 - DEBUG - Applied dict param dispense_wait_time=3.0
2026-06-02 17:40:52,767 - DEBUG - Applied dict param pre_asp_air_vol=0.111
2026-06-02 17:40:52,767 - DEBUG - Applied dict param retract_speed=5.0
2026-06-02 17:40:52,767 - DEBUG - Applied dict param blowout_vol=0.424
2026-06-02 17:40:52,767 - DEBUG - Applied dict param post_asp_air_vol=0.0
2026-06-02 17:40:52,767 - DEBUG - Applied dict param post_retract_wait_time=0.0
2026-06-02 17:40:52,767 - DEBUG - Applied dict param overaspirate_vol=0.01069905183633443
2026-06-02 17:40:52,767 - DEBUG - Applied dict param asp_disp_cycles=0
2026-06-02 17:40:52,768 - INFO - Pipetting into vial glycerol, amount: 0.050 mL
2026-06-02 17:40:52,769 - INFO - Simulation mode - initial mass set to 0
2026-06-02 17:40:52,769 - DEBUG - Adjusting pump 0 speed to 16.0
2026-06-02 17:40:52,769 - WARNING - Converting pump speed 16.0 to integer 16
2026-06-02 17:40:52,770 - DEBUG - Dispensing 0.172 mL then waiting 3.0 s
2026-06-02 17:40:52,771 - DEBUG - Blowing out 0.424 mL
2026-06-02 17:40:52,771 - DEBUG - Adjusting pump 0 speed to 5
2026-06-02 17:40:52,771 - DEBUG - Adjusting pump 0 speed to 16
2026-06-02 17:40:52,771 - INFO - Simulation mode - final mass set to 0
2026-06-02 17:40:52,771 - INFO - Mass difference: 0.000000 g (target: 0.050 mL = ~0.050000 g for water)
2026-06-02 17:40:52,772 - INFO - Removing pipet
2026-06-02 17:40:52,774 - INFO - Returning vial glycerol to home location: main_8mL_rack index 24
2026-06-02 17:40:52,774 - DEBUG - Recapping clamped vial
2026-06-02 17:40:52,776 - INFO - Moving vial glycerol to main_8mL_rack: 24
2026-06-02 17:40:52,777 - DEBUG - Grabbing vial 0 with index 0
2026-06-02 17:40:52,778 - DEBUG - Dropping off vial 0 at location main_8mL_rack with index 24
2026-06-02 17:40:52,778 - INFO - Moving robot to home position
2026-06-02 17:40:52,829 - DEBUG - No workflow config provided - using default initialization
2026-06-02 17:40:52,829 - INFO - GUI disabled - skipping status review, proceeding directly to hardware initialization
2026-06-02 17:40:52,831 - INFO - Initializing North Robot...
2026-06-02 17:40:52,831 - DEBUG - Loading robot configuration files...
2026-06-02 17:40:52,848 - DEBUG - Loaded vial positions configuration from robot_state/vial_positions.yaml
2026-06-02 17:40:52,850 - DEBUG - Loaded pipet tips configuration from robot_state/pipet_tips.yaml
2026-06-02 17:40:52,856 - DEBUG - Loaded pipet racks configuration from robot_state/pipet_racks.yaml
2026-06-02 17:40:52,856 - DEBUG - Loaded pump configuration from robot_state/syringe_pumps.yaml
2026-06-02 17:40:52,856 - DEBUG - Loaded robot hardware configuration from robot_state/robot_hardware.yaml
2026-06-02 17:40:52,856 - DEBUG - Loaded wellplate properties configuration from robot_state/wellplates.yaml
2026-06-02 17:40:52,856 - DEBUG - Loading robot state files...
2026-06-02 17:40:52,856 - DEBUG - Loaded vial data from status/calibration_vials_short.csv
2026-06-02 17:40:52,856 - DEBUG - Loaded robot status from robot_state/robot_status.yaml
2026-06-02 17:40:52,872 - DEBUG - Loaded wellplate positions from robot_state/wellplates.yaml
2026-06-02 17:40:52,872 - DEBUG - Robot status loaded successfully
2026-06-02 17:40:52,872 - INFO - Physical initialization of North Robot...
2026-06-02 17:40:52,873 - DEBUG - Loading pumps from YAML configuration...
2026-06-02 17:40:52,875 - DEBUG - Loaded pump 0: volume=1.0mL, speed=11, liquid=None
2026-06-02 17:40:52,875 - DEBUG - Loaded pump 1: volume=2.5mL, speed=15, liquid=water
2026-06-02 17:40:52,875 - INFO - Moving robot to home position
2026-06-02 17:40:52,876 - DEBUG - Initializing centrifuge controller...
2026-06-02 17:40:52,876 - INFO - Initializing North Track...
2026-06-02 17:40:52,877 - DEBUG - Loading track status from file: robot_state/track_status.yaml
2026-06-02 17:40:52,877 - DEBUG - Getting track status from file: robot_state/track_status.yaml
2026-06-02 17:40:52,878 - DEBUG - Loaded track status from robot_state/track_status.yaml
2026-06-02 17:40:52,878 - DEBUG - Loading track positions from: robot_state/track_positions.yaml
2026-06-02 17:40:53,015 - DEBUG - Loaded track positions configuration from robot_state/track_positions.yaml
2026-06-02 17:40:53,015 - DEBUG - Loading robot hardware configuration from: robot_state/robot_hardware.yaml
2026-06-02 17:40:53,018 - DEBUG - Loaded robot hardware configuration from robot_state/robot_hardware.yaml
2026-06-02 17:40:53,021 - DEBUG - Loaded wellplate properties configuration from robot_state/wellplates.yaml
2026-06-02 17:40:53,022 - DEBUG - Moving North Track to home position
2026-06-02 17:40:53,022 - DEBUG - Detected origin position (0,0) - setting location to 'origin'
2026-06-02 17:40:53,022 - DEBUG - Updated gripper location to: origin at position {'x': 0, 'z': 0}
2026-06-02 17:40:53,022 - DEBUG - Simulating robot component homing...
2026-06-02 17:40:53,024 - INFO - Moving vial glycerol to clamp: 0
2026-06-02 17:40:53,024 - DEBUG - Grabbing vial 0 with index 0
2026-06-02 17:40:53,027 - DEBUG - Dropping off vial 0 at location clamp with index 0
2026-06-02 17:40:53,030 - DEBUG - Vial move required for pipetting
2026-06-02 17:40:53,030 - INFO - Moving vial glycerol to safe pipetting location
2026-06-02 17:40:53,032 - INFO - Vial 0 already at clamp index 0, no move needed
2026-06-02 17:40:53,032 - DEBUG - Removing cap from clamped vial
2026-06-02 17:40:53,036 - DEBUG - Applied dict param aspirate_speed=3.0
2026-06-02 17:40:53,036 - DEBUG - Applied dict param dispense_speed=16.0
2026-06-02 17:40:53,036 - DEBUG - Applied dict param aspirate_wait_time=9.3
2026-06-02 17:40:53,036 - DEBUG - Applied dict param dispense_wait_time=3.0
2026-06-02 17:40:53,036 - DEBUG - Applied dict param pre_asp_air_vol=0.111
2026-06-02 17:40:53,036 - DEBUG - Applied dict param retract_speed=5.0
2026-06-02 17:40:53,036 - DEBUG - Applied dict param blowout_vol=0.424
2026-06-02 17:40:53,036 - DEBUG - Applied dict param post_asp_air_vol=0.0
2026-06-02 17:40:53,036 - DEBUG - Applied dict param post_retract_wait_time=0.0
2026-06-02 17:40:53,036 - DEBUG - Applied dict param overaspirate_vol=0.0475
2026-06-02 17:40:53,036 - DEBUG - Applied dict param asp_disp_cycles=0
2026-06-02 17:40:53,037 - DEBUG - Selected small_tip for volume 0.075 mL
2026-06-02 17:40:53,039 - INFO - Getting small_tip (pipet number 0) from rack: small_tip_rack_1
2026-06-02 17:40:53,041 - INFO - Pipetting from vial glycerol, amount: 0.075 mL
2026-06-02 17:40:53,041 - INFO - Additional volume from calibration, amount: 0.048 mL
2026-06-02 17:40:53,044 - DEBUG - Adjusting pump 0 speed to 10
2026-06-02 17:40:53,044 - DEBUG - Aspirating 0.111 mL then waiting 0 s
2026-06-02 17:40:53,044 - DEBUG - Adjusting pump 0 speed to 3.0
2026-06-02 17:40:53,045 - WARNING - Converting pump speed 3.0 to integer 3
2026-06-02 17:40:53,045 - DEBUG - Aspirating 0.122 mL then waiting 9.3 s
2026-06-02 17:40:53,045 - DEBUG - Applied dict param aspirate_speed=3.0
2026-06-02 17:40:53,045 - DEBUG - Applied dict param dispense_speed=16.0
2026-06-02 17:40:53,045 - DEBUG - Applied dict param aspirate_wait_time=9.3
2026-06-02 17:40:53,045 - DEBUG - Applied dict param dispense_wait_time=3.0
2026-06-02 17:40:53,045 - DEBUG - Applied dict param pre_asp_air_vol=0.111
2026-06-02 17:40:53,045 - DEBUG - Applied dict param retract_speed=5.0
2026-06-02 17:40:53,045 - DEBUG - Applied dict param blowout_vol=0.424
2026-06-02 17:40:53,045 - DEBUG - Applied dict param post_asp_air_vol=0.0
2026-06-02 17:40:53,045 - DEBUG - Applied dict param post_retract_wait_time=0.0
2026-06-02 17:40:53,045 - DEBUG - Applied dict param overaspirate_vol=0.0475
2026-06-02 17:40:53,045 - DEBUG - Applied dict param asp_disp_cycles=0
2026-06-02 17:40:53,047 - INFO - Pipetting into vial glycerol, amount: 0.075 mL
2026-06-02 17:40:53,048 - INFO - Simulation mode - initial mass set to 0
2026-06-02 17:40:53,048 - DEBUG - Adjusting pump 0 speed to 16.0
2026-06-02 17:40:53,048 - WARNING - Converting pump speed 16.0 to integer 16
2026-06-02 17:40:53,049 - DEBUG - Dispensing 0.233 mL then waiting 3.0 s
2026-06-02 17:40:53,049 - DEBUG - Blowing out 0.424 mL
2026-06-02 17:40:53,049 - DEBUG - Adjusting pump 0 speed to 5
2026-06-02 17:40:53,051 - DEBUG - Adjusting pump 0 speed to 16
2026-06-02 17:40:53,052 - INFO - Simulation mode - final mass set to 0
2026-06-02 17:40:53,052 - INFO - Mass difference: 0.000000 g (target: 0.075 mL = ~0.075000 g for water)
2026-06-02 17:40:53,053 - DEBUG - Applied dict param aspirate_speed=3.0
2026-06-02 17:40:53,053 - DEBUG - Applied dict param dispense_speed=16.0
2026-06-02 17:40:53,053 - DEBUG - Applied dict param aspirate_wait_time=9.3
2026-06-02 17:40:53,053 - DEBUG - Applied dict param dispense_wait_time=3.0
2026-06-02 17:40:53,053 - DEBUG - Applied dict param pre_asp_air_vol=0.111
2026-06-02 17:40:53,053 - DEBUG - Applied dict param retract_speed=5.0
2026-06-02 17:40:53,053 - DEBUG - Applied dict param blowout_vol=0.424
2026-06-02 17:40:53,053 - DEBUG - Applied dict param post_asp_air_vol=0.0
2026-06-02 17:40:53,053 - DEBUG - Applied dict param post_retract_wait_time=0.0
2026-06-02 17:40:53,053 - DEBUG - Applied dict param overaspirate_vol=0.0475
2026-06-02 17:40:53,053 - DEBUG - Applied dict param asp_disp_cycles=0
2026-06-02 17:40:53,055 - DEBUG - Selected small_tip for volume 0.075 mL
2026-06-02 17:40:53,057 - INFO - Pipetting from vial glycerol, amount: 0.075 mL
2026-06-02 17:40:53,058 - INFO - Additional volume from calibration, amount: 0.048 mL
2026-06-02 17:40:53,059 - DEBUG - Adjusting pump 0 speed to 10
2026-06-02 17:40:53,059 - DEBUG - Aspirating 0.111 mL then waiting 0 s
2026-06-02 17:40:53,059 - DEBUG - Adjusting pump 0 speed to 3.0
2026-06-02 17:40:53,059 - WARNING - Converting pump speed 3.0 to integer 3
2026-06-02 17:40:53,060 - DEBUG - Aspirating 0.122 mL then waiting 9.3 s
2026-06-02 17:40:53,060 - DEBUG - Applied dict param aspirate_speed=3.0
2026-06-02 17:40:53,060 - DEBUG - Applied dict param dispense_speed=16.0
2026-06-02 17:40:53,060 - DEBUG - Applied dict param aspirate_wait_time=9.3
2026-06-02 17:40:53,060 - DEBUG - Applied dict param dispense_wait_time=3.0
2026-06-02 17:40:53,060 - DEBUG - Applied dict param pre_asp_air_vol=0.111
2026-06-02 17:40:53,060 - DEBUG - Applied dict param retract_speed=5.0
2026-06-02 17:40:53,060 - DEBUG - Applied dict param blowout_vol=0.424
2026-06-02 17:40:53,060 - DEBUG - Applied dict param post_asp_air_vol=0.0
2026-06-02 17:40:53,060 - DEBUG - Applied dict param post_retract_wait_time=0.0
2026-06-02 17:40:53,060 - DEBUG - Applied dict param overaspirate_vol=0.0475
2026-06-02 17:40:53,060 - DEBUG - Applied dict param asp_disp_cycles=0
2026-06-02 17:40:53,062 - INFO - Pipetting into vial glycerol, amount: 0.075 mL
2026-06-02 17:40:53,063 - INFO - Simulation mode - initial mass set to 0
2026-06-02 17:40:53,063 - DEBUG - Adjusting pump 0 speed to 16.0
2026-06-02 17:40:53,063 - WARNING - Converting pump speed 16.0 to integer 16
2026-06-02 17:40:53,063 - DEBUG - Dispensing 0.233 mL then waiting 3.0 s
2026-06-02 17:40:53,064 - DEBUG - Blowing out 0.424 mL
2026-06-02 17:40:53,064 - DEBUG - Adjusting pump 0 speed to 5
2026-06-02 17:40:53,064 - DEBUG - Adjusting pump 0 speed to 16
2026-06-02 17:40:53,064 - INFO - Simulation mode - final mass set to 0
2026-06-02 17:40:53,064 - INFO - Mass difference: 0.000000 g (target: 0.075 mL = ~0.075000 g for water)
2026-06-02 17:40:53,065 - DEBUG - Applied dict param aspirate_speed=3.0
2026-06-02 17:40:53,065 - DEBUG - Applied dict param dispense_speed=16.0
2026-06-02 17:40:53,065 - DEBUG - Applied dict param aspirate_wait_time=9.3
2026-06-02 17:40:53,065 - DEBUG - Applied dict param dispense_wait_time=3.0
2026-06-02 17:40:53,065 - DEBUG - Applied dict param pre_asp_air_vol=0.111
2026-06-02 17:40:53,065 - DEBUG - Applied dict param retract_speed=5.0
2026-06-02 17:40:53,065 - DEBUG - Applied dict param blowout_vol=0.424
2026-06-02 17:40:53,065 - DEBUG - Applied dict param post_asp_air_vol=0.0
2026-06-02 17:40:53,065 - DEBUG - Applied dict param post_retract_wait_time=0.0
2026-06-02 17:40:53,065 - DEBUG - Applied dict param overaspirate_vol=0.0475
2026-06-02 17:40:53,065 - DEBUG - Applied dict param asp_disp_cycles=0
2026-06-02 17:40:53,066 - DEBUG - Selected small_tip for volume 0.075 mL
2026-06-02 17:40:53,069 - INFO - Pipetting from vial glycerol, amount: 0.075 mL
2026-06-02 17:40:53,069 - INFO - Additional volume from calibration, amount: 0.048 mL
2026-06-02 17:40:53,071 - DEBUG - Adjusting pump 0 speed to 10
2026-06-02 17:40:53,071 - DEBUG - Aspirating 0.111 mL then waiting 0 s
2026-06-02 17:40:53,071 - DEBUG - Adjusting pump 0 speed to 3.0
2026-06-02 17:40:53,071 - WARNING - Converting pump speed 3.0 to integer 3
2026-06-02 17:40:53,071 - DEBUG - Aspirating 0.122 mL then waiting 9.3 s
2026-06-02 17:40:53,071 - DEBUG - Applied dict param aspirate_speed=3.0
2026-06-02 17:40:53,071 - DEBUG - Applied dict param dispense_speed=16.0
2026-06-02 17:40:53,071 - DEBUG - Applied dict param aspirate_wait_time=9.3
2026-06-02 17:40:53,071 - DEBUG - Applied dict param dispense_wait_time=3.0
2026-06-02 17:40:53,071 - DEBUG - Applied dict param pre_asp_air_vol=0.111
2026-06-02 17:40:53,071 - DEBUG - Applied dict param retract_speed=5.0
2026-06-02 17:40:53,071 - DEBUG - Applied dict param blowout_vol=0.424
2026-06-02 17:40:53,072 - DEBUG - Applied dict param post_asp_air_vol=0.0
2026-06-02 17:40:53,072 - DEBUG - Applied dict param post_retract_wait_time=0.0
2026-06-02 17:40:53,072 - DEBUG - Applied dict param overaspirate_vol=0.0475
2026-06-02 17:40:53,072 - DEBUG - Applied dict param asp_disp_cycles=0
2026-06-02 17:40:53,073 - INFO - Pipetting into vial glycerol, amount: 0.075 mL
2026-06-02 17:40:53,074 - INFO - Simulation mode - initial mass set to 0
2026-06-02 17:40:53,074 - DEBUG - Adjusting pump 0 speed to 16.0
2026-06-02 17:40:53,074 - WARNING - Converting pump speed 16.0 to integer 16
2026-06-02 17:40:53,075 - DEBUG - Dispensing 0.233 mL then waiting 3.0 s
2026-06-02 17:40:53,075 - DEBUG - Blowing out 0.424 mL
2026-06-02 17:40:53,075 - DEBUG - Adjusting pump 0 speed to 5
2026-06-02 17:40:53,076 - DEBUG - Adjusting pump 0 speed to 16
2026-06-02 17:40:53,076 - INFO - Simulation mode - final mass set to 0
2026-06-02 17:40:53,076 - INFO - Mass difference: 0.000000 g (target: 0.075 mL = ~0.075000 g for water)
2026-06-02 17:40:53,077 - DEBUG - Applied dict param aspirate_speed=3.0
2026-06-02 17:40:53,077 - DEBUG - Applied dict param dispense_speed=16.0
2026-06-02 17:40:53,077 - DEBUG - Applied dict param aspirate_wait_time=9.3
2026-06-02 17:40:53,077 - DEBUG - Applied dict param dispense_wait_time=3.0
2026-06-02 17:40:53,078 - DEBUG - Applied dict param pre_asp_air_vol=0.111
2026-06-02 17:40:53,078 - DEBUG - Applied dict param retract_speed=5.0
2026-06-02 17:40:53,078 - DEBUG - Applied dict param blowout_vol=0.424
2026-06-02 17:40:53,078 - DEBUG - Applied dict param post_asp_air_vol=0.0
2026-06-02 17:40:53,078 - DEBUG - Applied dict param post_retract_wait_time=0.0
2026-06-02 17:40:53,078 - DEBUG - Applied dict param overaspirate_vol=0.013159422981217375
2026-06-02 17:40:53,078 - DEBUG - Applied dict param asp_disp_cycles=0
2026-06-02 17:40:53,079 - DEBUG - Selected small_tip for volume 0.075 mL
2026-06-02 17:40:53,081 - INFO - Pipetting from vial glycerol, amount: 0.075 mL
2026-06-02 17:40:53,081 - INFO - Additional volume from calibration, amount: 0.013 mL
2026-06-02 17:40:53,083 - DEBUG - Adjusting pump 0 speed to 10
2026-06-02 17:40:53,084 - DEBUG - Aspirating 0.111 mL then waiting 0 s
2026-06-02 17:40:53,084 - DEBUG - Adjusting pump 0 speed to 3.0
2026-06-02 17:40:53,084 - WARNING - Converting pump speed 3.0 to integer 3
2026-06-02 17:40:53,084 - DEBUG - Aspirating 0.088 mL then waiting 9.3 s
2026-06-02 17:40:53,084 - DEBUG - Applied dict param aspirate_speed=3.0
2026-06-02 17:40:53,084 - DEBUG - Applied dict param dispense_speed=16.0
2026-06-02 17:40:53,084 - DEBUG - Applied dict param aspirate_wait_time=9.3
2026-06-02 17:40:53,085 - DEBUG - Applied dict param dispense_wait_time=3.0
2026-06-02 17:40:53,085 - DEBUG - Applied dict param pre_asp_air_vol=0.111
2026-06-02 17:40:53,085 - DEBUG - Applied dict param retract_speed=5.0
2026-06-02 17:40:53,085 - DEBUG - Applied dict param blowout_vol=0.424
2026-06-02 17:40:53,085 - DEBUG - Applied dict param post_asp_air_vol=0.0
2026-06-02 17:40:53,085 - DEBUG - Applied dict param post_retract_wait_time=0.0
2026-06-02 17:40:53,085 - DEBUG - Applied dict param overaspirate_vol=0.013159422981217375
2026-06-02 17:40:53,085 - DEBUG - Applied dict param asp_disp_cycles=0
2026-06-02 17:40:53,087 - INFO - Pipetting into vial glycerol, amount: 0.075 mL
2026-06-02 17:40:53,087 - INFO - Simulation mode - initial mass set to 0
2026-06-02 17:40:53,088 - DEBUG - Adjusting pump 0 speed to 16.0
2026-06-02 17:40:53,088 - WARNING - Converting pump speed 16.0 to integer 16
2026-06-02 17:40:53,089 - DEBUG - Dispensing 0.199 mL then waiting 3.0 s
2026-06-02 17:40:53,089 - DEBUG - Blowing out 0.424 mL
2026-06-02 17:40:53,089 - DEBUG - Adjusting pump 0 speed to 5
2026-06-02 17:40:53,089 - DEBUG - Adjusting pump 0 speed to 16
2026-06-02 17:40:53,090 - INFO - Simulation mode - final mass set to 0
2026-06-02 17:40:53,090 - INFO - Mass difference: 0.000000 g (target: 0.075 mL = ~0.075000 g for water)
2026-06-02 17:40:53,091 - DEBUG - Applied dict param aspirate_speed=3.0
2026-06-02 17:40:53,091 - DEBUG - Applied dict param dispense_speed=16.0
2026-06-02 17:40:53,092 - DEBUG - Applied dict param aspirate_wait_time=9.3
2026-06-02 17:40:53,092 - DEBUG - Applied dict param dispense_wait_time=3.0
2026-06-02 17:40:53,092 - DEBUG - Applied dict param pre_asp_air_vol=0.111
2026-06-02 17:40:53,092 - DEBUG - Applied dict param retract_speed=5.0
2026-06-02 17:40:53,092 - DEBUG - Applied dict param blowout_vol=0.424
2026-06-02 17:40:53,092 - DEBUG - Applied dict param post_asp_air_vol=0.0
2026-06-02 17:40:53,092 - DEBUG - Applied dict param post_retract_wait_time=0.0
2026-06-02 17:40:53,092 - DEBUG - Applied dict param overaspirate_vol=0.013159422981217375
2026-06-02 17:40:53,092 - DEBUG - Applied dict param asp_disp_cycles=0
2026-06-02 17:40:53,092 - DEBUG - Selected small_tip for volume 0.075 mL
2026-06-02 17:40:53,095 - INFO - Pipetting from vial glycerol, amount: 0.075 mL
2026-06-02 17:40:53,095 - INFO - Additional volume from calibration, amount: 0.013 mL
2026-06-02 17:40:53,097 - DEBUG - Adjusting pump 0 speed to 10
2026-06-02 17:40:53,097 - DEBUG - Aspirating 0.111 mL then waiting 0 s
2026-06-02 17:40:53,097 - DEBUG - Adjusting pump 0 speed to 3.0
2026-06-02 17:40:53,097 - WARNING - Converting pump speed 3.0 to integer 3
2026-06-02 17:40:53,097 - DEBUG - Aspirating 0.088 mL then waiting 9.3 s
2026-06-02 17:40:53,097 - DEBUG - Applied dict param aspirate_speed=3.0
2026-06-02 17:40:53,097 - DEBUG - Applied dict param dispense_speed=16.0
2026-06-02 17:40:53,097 - DEBUG - Applied dict param aspirate_wait_time=9.3
2026-06-02 17:40:53,097 - DEBUG - Applied dict param dispense_wait_time=3.0
2026-06-02 17:40:53,098 - DEBUG - Applied dict param pre_asp_air_vol=0.111
2026-06-02 17:40:53,098 - DEBUG - Applied dict param retract_speed=5.0
2026-06-02 17:40:53,098 - DEBUG - Applied dict param blowout_vol=0.424
2026-06-02 17:40:53,098 - DEBUG - Applied dict param post_asp_air_vol=0.0
2026-06-02 17:40:53,098 - DEBUG - Applied dict param post_retract_wait_time=0.0
2026-06-02 17:40:53,098 - DEBUG - Applied dict param overaspirate_vol=0.013159422981217375
2026-06-02 17:40:53,098 - DEBUG - Applied dict param asp_disp_cycles=0
2026-06-02 17:40:53,099 - INFO - Pipetting into vial glycerol, amount: 0.075 mL
2026-06-02 17:40:53,100 - INFO - Simulation mode - initial mass set to 0
2026-06-02 17:40:53,100 - DEBUG - Adjusting pump 0 speed to 16.0
2026-06-02 17:40:53,100 - WARNING - Converting pump speed 16.0 to integer 16
2026-06-02 17:40:53,101 - DEBUG - Dispensing 0.199 mL then waiting 3.0 s
2026-06-02 17:40:53,101 - DEBUG - Blowing out 0.424 mL
2026-06-02 17:40:53,101 - DEBUG - Adjusting pump 0 speed to 5
2026-06-02 17:40:53,101 - DEBUG - Adjusting pump 0 speed to 16
2026-06-02 17:40:53,101 - INFO - Simulation mode - final mass set to 0
2026-06-02 17:40:53,101 - INFO - Mass difference: 0.000000 g (target: 0.075 mL = ~0.075000 g for water)
2026-06-02 17:40:53,102 - DEBUG - Applied dict param aspirate_speed=3.0
2026-06-02 17:40:53,102 - DEBUG - Applied dict param dispense_speed=16.0
2026-06-02 17:40:53,102 - DEBUG - Applied dict param aspirate_wait_time=9.3
2026-06-02 17:40:53,102 - DEBUG - Applied dict param dispense_wait_time=3.0
2026-06-02 17:40:53,102 - DEBUG - Applied dict param pre_asp_air_vol=0.111
2026-06-02 17:40:53,102 - DEBUG - Applied dict param retract_speed=5.0
2026-06-02 17:40:53,103 - DEBUG - Applied dict param blowout_vol=0.424
2026-06-02 17:40:53,103 - DEBUG - Applied dict param post_asp_air_vol=0.0
2026-06-02 17:40:53,103 - DEBUG - Applied dict param post_retract_wait_time=0.0
2026-06-02 17:40:53,103 - DEBUG - Applied dict param overaspirate_vol=0.013159422981217375
2026-06-02 17:40:53,103 - DEBUG - Applied dict param asp_disp_cycles=0
2026-06-02 17:40:53,104 - DEBUG - Selected small_tip for volume 0.075 mL
2026-06-02 17:40:53,106 - INFO - Pipetting from vial glycerol, amount: 0.075 mL
2026-06-02 17:40:53,106 - INFO - Additional volume from calibration, amount: 0.013 mL
2026-06-02 17:40:53,108 - DEBUG - Adjusting pump 0 speed to 10
2026-06-02 17:40:53,108 - DEBUG - Aspirating 0.111 mL then waiting 0 s
2026-06-02 17:40:53,108 - DEBUG - Adjusting pump 0 speed to 3.0
2026-06-02 17:40:53,108 - WARNING - Converting pump speed 3.0 to integer 3
2026-06-02 17:40:53,109 - DEBUG - Aspirating 0.088 mL then waiting 9.3 s
2026-06-02 17:40:53,109 - DEBUG - Applied dict param aspirate_speed=3.0
2026-06-02 17:40:53,109 - DEBUG - Applied dict param dispense_speed=16.0
2026-06-02 17:40:53,109 - DEBUG - Applied dict param aspirate_wait_time=9.3
2026-06-02 17:40:53,109 - DEBUG - Applied dict param dispense_wait_time=3.0
2026-06-02 17:40:53,109 - DEBUG - Applied dict param pre_asp_air_vol=0.111
2026-06-02 17:40:53,109 - DEBUG - Applied dict param retract_speed=5.0
2026-06-02 17:40:53,109 - DEBUG - Applied dict param blowout_vol=0.424
2026-06-02 17:40:53,109 - DEBUG - Applied dict param post_asp_air_vol=0.0
2026-06-02 17:40:53,109 - DEBUG - Applied dict param post_retract_wait_time=0.0
2026-06-02 17:40:53,109 - DEBUG - Applied dict param overaspirate_vol=0.013159422981217375
2026-06-02 17:40:53,109 - DEBUG - Applied dict param asp_disp_cycles=0
2026-06-02 17:40:53,111 - INFO - Pipetting into vial glycerol, amount: 0.075 mL
2026-06-02 17:40:53,112 - INFO - Simulation mode - initial mass set to 0
2026-06-02 17:40:53,112 - DEBUG - Adjusting pump 0 speed to 16.0
2026-06-02 17:40:53,112 - WARNING - Converting pump speed 16.0 to integer 16
2026-06-02 17:40:53,113 - DEBUG - Dispensing 0.199 mL then waiting 3.0 s
2026-06-02 17:40:53,114 - DEBUG - Blowing out 0.424 mL
2026-06-02 17:40:53,114 - DEBUG - Adjusting pump 0 speed to 5
2026-06-02 17:40:53,114 - DEBUG - Adjusting pump 0 speed to 16
2026-06-02 17:40:53,114 - INFO - Simulation mode - final mass set to 0
2026-06-02 17:40:53,114 - INFO - Mass difference: 0.000000 g (target: 0.075 mL = ~0.075000 g for water)
2026-06-02 17:40:53,116 - DEBUG - Applied dict param aspirate_speed=3.0
2026-06-02 17:40:53,116 - DEBUG - Applied dict param dispense_speed=16.0
2026-06-02 17:40:53,116 - DEBUG - Applied dict param aspirate_wait_time=9.3
2026-06-02 17:40:53,116 - DEBUG - Applied dict param dispense_wait_time=3.0
2026-06-02 17:40:53,116 - DEBUG - Applied dict param pre_asp_air_vol=0.111
2026-06-02 17:40:53,116 - DEBUG - Applied dict param retract_speed=5.0
2026-06-02 17:40:53,116 - DEBUG - Applied dict param blowout_vol=0.424
2026-06-02 17:40:53,116 - DEBUG - Applied dict param post_asp_air_vol=0.0
2026-06-02 17:40:53,116 - DEBUG - Applied dict param post_retract_wait_time=0.0
2026-06-02 17:40:53,116 - DEBUG - Applied dict param overaspirate_vol=0.013865380092008576
2026-06-02 17:40:53,116 - DEBUG - Applied dict param asp_disp_cycles=0
2026-06-02 17:40:53,117 - DEBUG - Selected small_tip for volume 0.075 mL
2026-06-02 17:40:53,119 - INFO - Pipetting from vial glycerol, amount: 0.075 mL
2026-06-02 17:40:53,120 - INFO - Additional volume from calibration, amount: 0.014 mL
2026-06-02 17:40:53,122 - DEBUG - Adjusting pump 0 speed to 10
2026-06-02 17:40:53,122 - DEBUG - Aspirating 0.111 mL then waiting 0 s
2026-06-02 17:40:53,122 - DEBUG - Adjusting pump 0 speed to 3.0
2026-06-02 17:40:53,122 - WARNING - Converting pump speed 3.0 to integer 3
2026-06-02 17:40:53,122 - DEBUG - Aspirating 0.089 mL then waiting 9.3 s
2026-06-02 17:40:53,122 - DEBUG - Applied dict param aspirate_speed=3.0
2026-06-02 17:40:53,122 - DEBUG - Applied dict param dispense_speed=16.0
2026-06-02 17:40:53,122 - DEBUG - Applied dict param aspirate_wait_time=9.3
2026-06-02 17:40:53,122 - DEBUG - Applied dict param dispense_wait_time=3.0
2026-06-02 17:40:53,122 - DEBUG - Applied dict param pre_asp_air_vol=0.111
2026-06-02 17:40:53,122 - DEBUG - Applied dict param retract_speed=5.0
2026-06-02 17:40:53,122 - DEBUG - Applied dict param blowout_vol=0.424
2026-06-02 17:40:53,123 - DEBUG - Applied dict param post_asp_air_vol=0.0
2026-06-02 17:40:53,123 - DEBUG - Applied dict param post_retract_wait_time=0.0
2026-06-02 17:40:53,123 - DEBUG - Applied dict param overaspirate_vol=0.013865380092008576
2026-06-02 17:40:53,123 - DEBUG - Applied dict param asp_disp_cycles=0
2026-06-02 17:40:53,124 - INFO - Pipetting into vial glycerol, amount: 0.075 mL
2026-06-02 17:40:53,125 - INFO - Simulation mode - initial mass set to 0
2026-06-02 17:40:53,125 - DEBUG - Adjusting pump 0 speed to 16.0
2026-06-02 17:40:53,125 - WARNING - Converting pump speed 16.0 to integer 16
2026-06-02 17:40:53,126 - DEBUG - Dispensing 0.200 mL then waiting 3.0 s
2026-06-02 17:40:53,126 - DEBUG - Blowing out 0.424 mL
2026-06-02 17:40:53,126 - DEBUG - Adjusting pump 0 speed to 5
2026-06-02 17:40:53,127 - DEBUG - Adjusting pump 0 speed to 16
2026-06-02 17:40:53,127 - INFO - Simulation mode - final mass set to 0
2026-06-02 17:40:53,127 - INFO - Mass difference: 0.000000 g (target: 0.075 mL = ~0.075000 g for water)
2026-06-02 17:40:53,128 - DEBUG - Applied dict param aspirate_speed=3.0
2026-06-02 17:40:53,128 - DEBUG - Applied dict param dispense_speed=16.0
2026-06-02 17:40:53,128 - DEBUG - Applied dict param aspirate_wait_time=9.3
2026-06-02 17:40:53,128 - DEBUG - Applied dict param dispense_wait_time=3.0
2026-06-02 17:40:53,129 - DEBUG - Applied dict param pre_asp_air_vol=0.111
2026-06-02 17:40:53,129 - DEBUG - Applied dict param retract_speed=5.0
2026-06-02 17:40:53,129 - DEBUG - Applied dict param blowout_vol=0.424
2026-06-02 17:40:53,129 - DEBUG - Applied dict param post_asp_air_vol=0.0
2026-06-02 17:40:53,129 - DEBUG - Applied dict param post_retract_wait_time=0.0
2026-06-02 17:40:53,129 - DEBUG - Applied dict param overaspirate_vol=0.013865380092008576
2026-06-02 17:40:53,129 - DEBUG - Applied dict param asp_disp_cycles=0
2026-06-02 17:40:53,129 - DEBUG - Selected small_tip for volume 0.075 mL
2026-06-02 17:40:53,131 - INFO - Pipetting from vial glycerol, amount: 0.075 mL
2026-06-02 17:40:53,131 - INFO - Additional volume from calibration, amount: 0.014 mL
2026-06-02 17:40:53,134 - DEBUG - Adjusting pump 0 speed to 10
2026-06-02 17:40:53,134 - DEBUG - Aspirating 0.111 mL then waiting 0 s
2026-06-02 17:40:53,134 - DEBUG - Adjusting pump 0 speed to 3.0
2026-06-02 17:40:53,134 - WARNING - Converting pump speed 3.0 to integer 3
2026-06-02 17:40:53,134 - DEBUG - Aspirating 0.089 mL then waiting 9.3 s
2026-06-02 17:40:53,134 - DEBUG - Applied dict param aspirate_speed=3.0
2026-06-02 17:40:53,134 - DEBUG - Applied dict param dispense_speed=16.0
2026-06-02 17:40:53,134 - DEBUG - Applied dict param aspirate_wait_time=9.3
2026-06-02 17:40:53,134 - DEBUG - Applied dict param dispense_wait_time=3.0
2026-06-02 17:40:53,134 - DEBUG - Applied dict param pre_asp_air_vol=0.111
2026-06-02 17:40:53,135 - DEBUG - Applied dict param retract_speed=5.0
2026-06-02 17:40:53,135 - DEBUG - Applied dict param blowout_vol=0.424
2026-06-02 17:40:53,135 - DEBUG - Applied dict param post_asp_air_vol=0.0
2026-06-02 17:40:53,135 - DEBUG - Applied dict param post_retract_wait_time=0.0
2026-06-02 17:40:53,135 - DEBUG - Applied dict param overaspirate_vol=0.013865380092008576
2026-06-02 17:40:53,135 - DEBUG - Applied dict param asp_disp_cycles=0
2026-06-02 17:40:53,136 - INFO - Pipetting into vial glycerol, amount: 0.075 mL
2026-06-02 17:40:53,137 - INFO - Simulation mode - initial mass set to 0
2026-06-02 17:40:53,137 - DEBUG - Adjusting pump 0 speed to 16.0
2026-06-02 17:40:53,137 - WARNING - Converting pump speed 16.0 to integer 16
2026-06-02 17:40:53,138 - DEBUG - Dispensing 0.200 mL then waiting 3.0 s
2026-06-02 17:40:53,138 - DEBUG - Blowing out 0.424 mL
2026-06-02 17:40:53,138 - DEBUG - Adjusting pump 0 speed to 5
2026-06-02 17:40:53,138 - DEBUG - Adjusting pump 0 speed to 16
2026-06-02 17:40:53,138 - INFO - Simulation mode - final mass set to 0
2026-06-02 17:40:53,138 - INFO - Mass difference: 0.000000 g (target: 0.075 mL = ~0.075000 g for water)
2026-06-02 17:40:53,140 - DEBUG - Applied dict param aspirate_speed=3.0
2026-06-02 17:40:53,140 - DEBUG - Applied dict param dispense_speed=16.0
2026-06-02 17:40:53,140 - DEBUG - Applied dict param aspirate_wait_time=9.3
2026-06-02 17:40:53,140 - DEBUG - Applied dict param dispense_wait_time=3.0
2026-06-02 17:40:53,140 - DEBUG - Applied dict param pre_asp_air_vol=0.111
2026-06-02 17:40:53,140 - DEBUG - Applied dict param retract_speed=5.0
2026-06-02 17:40:53,140 - DEBUG - Applied dict param blowout_vol=0.424
2026-06-02 17:40:53,140 - DEBUG - Applied dict param post_asp_air_vol=0.0
2026-06-02 17:40:53,141 - DEBUG - Applied dict param post_retract_wait_time=0.0
2026-06-02 17:40:53,141 - DEBUG - Applied dict param overaspirate_vol=0.013865380092008576
2026-06-02 17:40:53,141 - DEBUG - Applied dict param asp_disp_cycles=0
2026-06-02 17:40:53,141 - DEBUG - Selected small_tip for volume 0.075 mL
2026-06-02 17:40:53,144 - INFO - Pipetting from vial glycerol, amount: 0.075 mL
2026-06-02 17:40:53,144 - INFO - Additional volume from calibration, amount: 0.014 mL
2026-06-02 17:40:53,146 - DEBUG - Adjusting pump 0 speed to 10
2026-06-02 17:40:53,147 - DEBUG - Aspirating 0.111 mL then waiting 0 s
2026-06-02 17:40:53,147 - DEBUG - Adjusting pump 0 speed to 3.0
2026-06-02 17:40:53,147 - WARNING - Converting pump speed 3.0 to integer 3
2026-06-02 17:40:53,148 - DEBUG - Aspirating 0.089 mL then waiting 9.3 s
2026-06-02 17:40:53,148 - DEBUG - Applied dict param aspirate_speed=3.0
2026-06-02 17:40:53,148 - DEBUG - Applied dict param dispense_speed=16.0
2026-06-02 17:40:53,148 - DEBUG - Applied dict param aspirate_wait_time=9.3
2026-06-02 17:40:53,148 - DEBUG - Applied dict param dispense_wait_time=3.0
2026-06-02 17:40:53,148 - DEBUG - Applied dict param pre_asp_air_vol=0.111
2026-06-02 17:40:53,148 - DEBUG - Applied dict param retract_speed=5.0
2026-06-02 17:40:53,148 - DEBUG - Applied dict param blowout_vol=0.424
2026-06-02 17:40:53,148 - DEBUG - Applied dict param post_asp_air_vol=0.0
2026-06-02 17:40:53,148 - DEBUG - Applied dict param post_retract_wait_time=0.0
2026-06-02 17:40:53,148 - DEBUG - Applied dict param overaspirate_vol=0.013865380092008576
2026-06-02 17:40:53,148 - DEBUG - Applied dict param asp_disp_cycles=0
2026-06-02 17:40:53,150 - INFO - Pipetting into vial glycerol, amount: 0.075 mL
2026-06-02 17:40:53,150 - INFO - Simulation mode - initial mass set to 0
2026-06-02 17:40:53,150 - DEBUG - Adjusting pump 0 speed to 16.0
2026-06-02 17:40:53,150 - WARNING - Converting pump speed 16.0 to integer 16
2026-06-02 17:40:53,151 - DEBUG - Dispensing 0.200 mL then waiting 3.0 s
2026-06-02 17:40:53,151 - DEBUG - Blowing out 0.424 mL
2026-06-02 17:40:53,151 - DEBUG - Adjusting pump 0 speed to 5
2026-06-02 17:40:53,152 - DEBUG - Adjusting pump 0 speed to 16
2026-06-02 17:40:53,152 - INFO - Simulation mode - final mass set to 0
2026-06-02 17:40:53,152 - INFO - Mass difference: 0.000000 g (target: 0.075 mL = ~0.075000 g for water)
2026-06-02 17:40:53,153 - INFO - Removing pipet
2026-06-02 17:40:53,155 - INFO - Returning vial glycerol to home location: main_8mL_rack index 24
2026-06-02 17:40:53,155 - DEBUG - Recapping clamped vial
2026-06-02 17:40:53,157 - INFO - Moving vial glycerol to main_8mL_rack: 24
2026-06-02 17:40:53,158 - DEBUG - Grabbing vial 0 with index 0
2026-06-02 17:40:53,159 - DEBUG - Dropping off vial 0 at location main_8mL_rack with index 24
2026-06-02 17:40:53,160 - INFO - Moving robot to home position
