2026-03-17 12:46:08,839 - DEBUG - No workflow config provided - using default initialization
2026-03-17 12:46:08,839 - INFO - GUI disabled - skipping status review, proceeding directly to hardware initialization
2026-03-17 12:46:09,291 - INFO - Initializing North Robot...
2026-03-17 12:46:09,291 - DEBUG - Loading robot configuration files...
2026-03-17 12:46:09,307 - DEBUG - Loaded vial positions configuration from robot_state/vial_positions.yaml
2026-03-17 12:46:09,309 - DEBUG - Loaded pipet tips configuration from robot_state/pipet_tips.yaml
2026-03-17 12:46:09,313 - DEBUG - Loaded pipet racks configuration from robot_state/pipet_racks.yaml
2026-03-17 12:46:09,316 - DEBUG - Loaded pump configuration from robot_state/syringe_pumps.yaml
2026-03-17 12:46:09,319 - DEBUG - Loaded robot hardware configuration from robot_state/robot_hardware.yaml
2026-03-17 12:46:09,324 - DEBUG - Loaded wellplate properties configuration from robot_state/wellplates.yaml
2026-03-17 12:46:09,324 - DEBUG - Loading robot state files...
2026-03-17 12:46:09,324 - INFO - No vial file provided - operating without vial tracking
2026-03-17 12:46:09,324 - DEBUG - Loaded robot status from robot_state/robot_status.yaml
2026-03-17 12:46:09,329 - DEBUG - Loaded wellplate positions from robot_state/wellplates.yaml
2026-03-17 12:46:09,329 - DEBUG - Robot status loaded successfully
2026-03-17 12:46:09,329 - INFO - Physical initialization of North Robot...
2026-03-17 12:46:12,834 - DEBUG - Loading pumps from YAML configuration...
2026-03-17 12:46:12,932 - DEBUG - Loaded pump 0: volume=1.0mL, speed=11, liquid=None
2026-03-17 12:46:13,043 - DEBUG - Loaded pump 1: volume=2.5mL, speed=15, liquid=water
2026-03-17 12:46:13,043 - INFO - Moving robot to home position
2026-03-17 12:46:13,462 - DEBUG - Initializing centrifuge controller...
2026-03-17 12:46:13,462 - INFO - Initializing North Track...
2026-03-17 12:46:13,462 - DEBUG - Loading track status from file: robot_state/track_status.yaml
2026-03-17 12:46:13,462 - DEBUG - Getting track status from file: robot_state/track_status.yaml
2026-03-17 12:46:13,468 - DEBUG - Loaded track status from robot_state/track_status.yaml
2026-03-17 12:46:13,468 - DEBUG - Loading track positions from: robot_state/track_positions.yaml
2026-03-17 12:46:13,468 - DEBUG - Loaded track positions configuration from robot_state/track_positions.yaml
2026-03-17 12:46:13,468 - DEBUG - Loading robot hardware configuration from: robot_state/robot_hardware.yaml
2026-03-17 12:46:13,479 - DEBUG - Loaded robot hardware configuration from robot_state/robot_hardware.yaml
2026-03-17 12:46:13,482 - DEBUG - Loaded wellplate properties configuration from robot_state/wellplates.yaml
2026-03-17 12:46:17,916 - DEBUG - Moving North Track to home position
2026-03-17 12:46:17,916 - DEBUG - Detected origin position (0,0) - setting location to 'origin'
2026-03-17 12:46:17,917 - DEBUG - Updated gripper location to: origin at position {'x': 0, 'z': 0}
2026-03-17 12:46:17,918 - INFO - Grabbing wellplate from location: lid_storage
2026-03-17 12:46:19,027 - DEBUG - Updated gripper location to: cytation_safe_area at position {'x': 47775, 'z': 0}
2026-03-17 12:46:21,068 - DEBUG - Opening gripper
2026-03-17 12:46:23,883 - DEBUG - Closing gripper
