2026-01-22 16:36:39,966 - INFO - Initializing North Robot...
2026-01-22 16:36:39,966 - DEBUG - Loading robot configuration files...
2026-01-22 16:36:39,966 - DEBUG - Loaded vial positions configuration from robot_state/vial_positions.yaml
2026-01-22 16:36:39,966 - DEBUG - Loaded pipet tips configuration from robot_state/pipet_tips.yaml
2026-01-22 16:36:39,985 - DEBUG - Loaded pipet racks configuration from robot_state/pipet_racks.yaml
2026-01-22 16:36:39,988 - DEBUG - Loaded pump configuration from robot_state/syringe_pumps.yaml
2026-01-22 16:36:39,989 - DEBUG - Loaded robot hardware configuration from robot_state/robot_hardware.yaml
2026-01-22 16:36:39,989 - DEBUG - Loaded wellplate properties configuration from robot_state/wellplates.yaml
2026-01-22 16:36:39,989 - DEBUG - Loading robot state files...
2026-01-22 16:36:39,989 - DEBUG - Loaded vial data from status/calibration_vials_short.csv
2026-01-22 16:36:40,005 - DEBUG - Loaded robot status from robot_state/robot_status.yaml
2026-01-22 16:36:40,008 - DEBUG - Loaded wellplate positions from robot_state/wellplates.yaml
2026-01-22 16:36:40,008 - DEBUG - Robot status loaded successfully
2026-01-22 16:36:40,008 - INFO - Physical initialization of North Robot...
2026-01-22 16:36:43,533 - DEBUG - Loading pumps from YAML configuration...
2026-01-22 16:36:43,637 - DEBUG - Loaded pump 0: volume=1.0mL, speed=11, liquid=None
2026-01-22 16:36:43,749 - DEBUG - Loaded pump 1: volume=2.5mL, speed=15, liquid=water
2026-01-22 16:36:43,749 - WARNING - The robot reports having 0.100 mL liquid in its tip... Returning that liquid...
2026-01-22 16:36:43,751 - INFO - Pipetting into vial liquid_source_0, amount: 1.000 mL
2026-01-22 16:36:43,755 - DEBUG - Adjusting pump 0 speed to 10
2026-01-22 16:36:46,300 - DEBUG - Dispensing 1.000 mL then waiting 0.0 s
2026-01-22 16:36:46,300 - WARNING - Dispense exceeded limit: Dispensing all liquid
2026-01-22 16:36:46,443 - WARNING - The robot reports having a tip, removing the tip
2026-01-22 16:36:46,443 - INFO - Removing pipet
2026-01-22 16:36:49,910 - INFO - Moving robot to home position
2026-01-22 16:36:51,783 - DEBUG - Initializing centrifuge controller...
2026-01-22 16:36:51,783 - INFO - Initializing North Track...
2026-01-22 16:36:51,783 - DEBUG - Loading track status from file: robot_state/track_status.yaml
2026-01-22 16:36:51,783 - DEBUG - Getting track status from file: robot_state/track_status.yaml
2026-01-22 16:36:51,783 - DEBUG - Loaded track status from robot_state/track_status.yaml
2026-01-22 16:36:51,783 - DEBUG - Loading track positions from: robot_state/track_positions.yaml
2026-01-22 16:36:51,789 - DEBUG - Loaded track positions configuration from robot_state/track_positions.yaml
2026-01-22 16:36:51,789 - DEBUG - Loading robot hardware configuration from: robot_state/robot_hardware.yaml
2026-01-22 16:36:51,793 - DEBUG - Loaded robot hardware configuration from robot_state/robot_hardware.yaml
2026-01-22 16:36:51,795 - DEBUG - Loaded wellplate properties configuration from robot_state/wellplates.yaml
2026-01-22 16:36:51,868 - DEBUG - Moving North Track to home position
2026-01-22 16:36:51,870 - INFO -    vial_index           vial_name         location  location_index  vial_volume  capped cap_type vial_type    home_location  home_location_index
0           0  measurement_vial_0            clamp               0        0.000    True     open      8_mL    main_8mL_rack                   44
1           1     liquid_source_0    main_8mL_rack              43        7.000    True     open      8_mL    main_8mL_rack                   43
2           2  measurement_vial_2    main_8mL_rack               2        0.000    True     open      8_mL    main_8mL_rack                    2
3           3  measurement_vial_3    main_8mL_rack               3        0.000    True     open      8_mL    main_8mL_rack                    3
4           4  measurement_vial_4    main_8mL_rack               4        0.000    True     open      8_mL    main_8mL_rack                    4
5           5     liquid_source_2  large_vial_rack               2        2.785   False     open     20_mL  large_vial_rack                    2
6           6     liquid_source_1  large_vial_rack               0        8.000   False     open     20_mL  large_vial_rack                    0
2026-01-22 16:36:51,885 - INFO - Visualizing vial racks...
2026-01-22 16:36:51,911 - DEBUG - Matplotlib backend: tkagg
2026-01-22 16:36:52,030 - DEBUG - Visualizing rack: Main Rack with filter: main_8mL_rack
2026-01-22 16:36:52,158 - DEBUG - Visualizing rack: Second Rack with filter: large_vial_rack
2026-01-22 16:36:58,309 - DEBUG - Vial visualization displayed successfully
