2025-10-07 17:00:44,904 - INFO - Initializing North Robot...
2025-10-07 17:00:44,905 - DEBUG - Loading robot configuration files...
2025-10-07 17:00:44,907 - DEBUG - Loaded vial positions configuration from robot_state/vial_positions.yaml
2025-10-07 17:00:44,908 - DEBUG - Loaded pipet tips configuration from robot_state/pipet_tips.yaml
2025-10-07 17:00:44,909 - DEBUG - Loaded pipet racks configuration from robot_state/pipet_racks.yaml
2025-10-07 17:00:44,910 - DEBUG - Loaded pump configuration from robot_state/syringe_pumps.yaml
2025-10-07 17:00:44,911 - DEBUG - Loaded robot hardware configuration from robot_state/robot_hardware.yaml
2025-10-07 17:00:44,912 - DEBUG - Loaded wellplate properties configuration from robot_state/wellplates.yaml
2025-10-07 17:00:44,912 - DEBUG - Loading robot state files...
2025-10-07 17:00:44,912 - DEBUG - Loaded vial data from ../utoronto_demo/status/degradation_vial_status.csv
2025-10-07 17:00:44,913 - DEBUG - Loaded robot status from robot_state/robot_status.yaml
2025-10-07 17:00:44,914 - DEBUG - Loaded wellplate positions from robot_state/wellplates.yaml
2025-10-07 17:00:44,914 - DEBUG - Robot status loaded successfully
2025-10-07 17:00:44,914 - DEBUG - Physical initialization of North Robot...
2025-10-07 17:00:44,914 - WARNING - The robot reports having liquid in its tip... Returning that liquid...
2025-10-07 17:00:44,914 - DEBUG - Vial move required for pipetting
2025-10-07 17:00:44,915 - INFO - Moving vial 3 to safe pipetting location
2025-10-07 17:00:44,915 - INFO - Moving vial 6M_HCl to clamp: 0
2025-10-07 17:00:44,915 - DEBUG - Grabbing vial 3 with index 3
2025-10-07 17:00:44,916 - DEBUG - Dropping off vial 3 at location clamp with index 0
2025-10-07 17:00:44,917 - DEBUG - Removing cap from clamped vial
2025-10-07 17:00:44,918 - INFO - Pipetting into vial 6M_HCl, amount: 0.312 mL
2025-10-07 17:00:44,918 - DEBUG - Adjusting pump 0 speed to 11
2025-10-07 17:00:44,918 - WARNING - Physical cleanup failed (attempt 1/2): 'North_Robot' object has no attribute 'CURRENT_PUMP_SPEEDS'
2025-10-07 17:00:44,918 - INFO - Homing robot components before pump initialization...
2025-10-07 17:00:44,918 - DEBUG - Simulating robot component homing...
2025-10-07 17:00:44,918 - WARNING - The robot reports having liquid in its tip... Returning that liquid...
2025-10-07 17:00:44,919 - INFO - Pipetting into vial 6M_HCl, amount: 0.312 mL
2025-10-07 17:00:44,919 - DEBUG - Adjusting pump 0 speed to 11
2025-10-07 17:00:44,919 - WARNING - Physical cleanup failed (attempt 2/2): 'North_Robot' object has no attribute 'CURRENT_PUMP_SPEEDS'
2025-10-07 17:00:44,919 - INFO - Homing robot components before pump initialization...
2025-10-07 17:00:44,919 - DEBUG - Simulating robot component homing...
2025-10-07 17:00:44,919 - ERROR - Failed to complete physical cleanup after 2 attempts: 'North_Robot' object has no attribute 'CURRENT_PUMP_SPEEDS'
