2026-06-04 12:03:17,616 - DEBUG - No workflow config provided - using default initialization
2026-06-04 12:03:17,617 - INFO - Launching status review GUI...
2026-06-04 12:03:17,974 - INFO - Detected workflow name: two_point_series_calibration_demo
2026-06-04 12:03:18,422 - INFO - Config editor loaded for workflow: two_point_series_calibration_demo
2026-06-04 12:03:23,508 - INFO - User selected: Run Workflow
2026-06-04 12:03:23,517 - INFO - Status review completed - proceeding with hardware initialization
2026-06-04 12:03:24,202 - INFO - Initializing North Robot...
2026-06-04 12:03:24,203 - DEBUG - Loading robot configuration files...
2026-06-04 12:03:24,219 - DEBUG - Loaded vial positions configuration from robot_state/vial_positions.yaml
2026-06-04 12:03:24,220 - DEBUG - Loaded pipet tips configuration from robot_state/pipet_tips.yaml
2026-06-04 12:03:24,226 - DEBUG - Loaded pipet racks configuration from robot_state/pipet_racks.yaml
2026-06-04 12:03:24,229 - DEBUG - Loaded pump configuration from robot_state/syringe_pumps.yaml
2026-06-04 12:03:24,232 - DEBUG - Loaded robot hardware configuration from robot_state/robot_hardware.yaml
2026-06-04 12:03:24,235 - DEBUG - Loaded wellplate properties configuration from robot_state/wellplates.yaml
2026-06-04 12:03:24,235 - DEBUG - Loading robot state files...
2026-06-04 12:03:24,238 - DEBUG - Loaded vial data from status/calibration_vials_short.csv
2026-06-04 12:03:24,238 - DEBUG - Loaded robot status from robot_state/robot_status.yaml
2026-06-04 12:03:24,238 - DEBUG - Loaded wellplate positions from robot_state/wellplates.yaml
2026-06-04 12:03:24,238 - DEBUG - Robot status loaded successfully
2026-06-04 12:03:24,238 - INFO - Physical initialization of North Robot...
2026-06-04 12:03:27,769 - DEBUG - Loading pumps from YAML configuration...
2026-06-04 12:03:27,866 - DEBUG - Loaded pump 0: volume=1.0mL, speed=11, liquid=None
2026-06-04 12:03:27,968 - DEBUG - Loaded pump 1: volume=2.5mL, speed=15, liquid=water
2026-06-04 12:03:27,968 - INFO - Moving robot to home position
2026-06-04 12:03:28,386 - DEBUG - Initializing centrifuge controller...
2026-06-04 12:03:28,386 - INFO - Initializing North Track...
2026-06-04 12:03:28,386 - DEBUG - Loading track status from file: robot_state/track_status.yaml
2026-06-04 12:03:28,386 - DEBUG - Getting track status from file: robot_state/track_status.yaml
2026-06-04 12:03:28,388 - DEBUG - Loaded track status from robot_state/track_status.yaml
2026-06-04 12:03:28,388 - DEBUG - Loading track positions from: robot_state/track_positions.yaml
2026-06-04 12:03:28,396 - DEBUG - Loaded track positions configuration from robot_state/track_positions.yaml
2026-06-04 12:03:28,396 - DEBUG - Loading robot hardware configuration from: robot_state/robot_hardware.yaml
2026-06-04 12:03:28,398 - DEBUG - Loaded robot hardware configuration from robot_state/robot_hardware.yaml
2026-06-04 12:03:28,402 - DEBUG - Loaded wellplate properties configuration from robot_state/wellplates.yaml
2026-06-04 12:03:28,470 - DEBUG - Moving North Track to home position
2026-06-04 12:03:28,470 - DEBUG - Detected origin position (0,0) - setting location to 'origin'
2026-06-04 12:03:28,470 - DEBUG - Updated gripper location to: origin at position {'x': 0, 'z': 0}
2026-06-04 12:03:28,470 - INFO - Homing all robot components...
2026-06-04 12:03:28,470 - DEBUG - Homing carousel...
2026-06-04 12:03:36,349 - DEBUG - Homing robot axes...
2026-06-04 12:03:48,538 - DEBUG - Homing pump 0...
2026-06-04 12:03:50,177 - DEBUG - Homing pump 1...
2026-06-04 12:03:51,865 - DEBUG - Homing track axes...
2026-06-04 12:03:51,865 - DEBUG - Homing track axis z_axis (axis 6)...
2026-06-04 12:03:55,410 - DEBUG - Homing track axis x_axis (axis 7)...
2026-06-04 12:03:59,453 - INFO - All robot components homed successfully
2026-06-04 12:03:59,460 - INFO - Moving vial glycerol to clamp: 0
2026-06-04 12:03:59,461 - DEBUG - Grabbing vial 0 with index 0
2026-06-04 12:04:01,767 - DEBUG - Dropping off vial 0 at location clamp with index 0
2026-06-04 12:04:04,941 - DEBUG - Vial move required for pipetting
2026-06-04 12:04:04,942 - INFO - Moving vial glycerol to safe pipetting location
2026-06-04 12:04:04,943 - INFO - Vial 0 already at clamp index 0, no move needed
2026-06-04 12:04:04,943 - DEBUG - Removing cap from clamped vial
2026-06-04 12:04:09,356 - INFO - Vial glycerol already at clamp index 0, no move needed
2026-06-04 12:04:12,861 - DEBUG - Applied dict param aspirate_speed=25.0
2026-06-04 12:04:12,861 - DEBUG - Applied dict param dispense_speed=15.0
2026-06-04 12:04:12,861 - DEBUG - Applied dict param aspirate_wait_time=23.1
2026-06-04 12:04:12,861 - DEBUG - Applied dict param dispense_wait_time=3.0
2026-06-04 12:04:12,861 - DEBUG - Applied dict param pre_asp_air_vol=0.088
2026-06-04 12:04:12,861 - DEBUG - Applied dict param retract_speed=5.0
2026-06-04 12:04:12,861 - DEBUG - Applied dict param blowout_vol=0.131
2026-06-04 12:04:12,861 - DEBUG - Applied dict param post_asp_air_vol=0.0
2026-06-04 12:04:12,861 - DEBUG - Applied dict param post_retract_wait_time=5.0
2026-06-04 12:04:12,861 - DEBUG - Applied dict param overaspirate_vol=0.0283670896326169
2026-06-04 12:04:12,861 - DEBUG - Applied dict param asp_disp_cycles=0
2026-06-04 12:04:12,862 - DEBUG - Selected small_tip for volume 0.025 mL
2026-06-04 12:04:12,863 - INFO - Getting small_tip (pipet number 30) from rack: small_tip_rack_2
2026-06-04 12:04:17,167 - INFO - Pipetting from vial glycerol, amount: 0.025 mL
2026-06-04 12:04:17,168 - INFO - Additional volume from calibration, amount: 0.028 mL
2026-06-04 12:04:17,169 - DEBUG - Adjusting pump 0 speed to 10
2026-06-04 12:04:20,055 - DEBUG - Aspirating 0.088 mL then waiting 0 s
2026-06-04 12:04:20,595 - DEBUG - Adjusting pump 0 speed to 25.0
2026-06-04 12:04:20,595 - WARNING - Converting pump speed 25.0 to integer 25
2026-06-04 12:04:20,929 - DEBUG - Aspirating 0.053 mL then waiting 23.1 s
2026-06-04 12:04:52,764 - DEBUG - Applied dict param aspirate_speed=25.0
2026-06-04 12:04:52,764 - DEBUG - Applied dict param dispense_speed=15.0
2026-06-04 12:04:52,764 - DEBUG - Applied dict param aspirate_wait_time=23.1
2026-06-04 12:04:52,764 - DEBUG - Applied dict param dispense_wait_time=3.0
2026-06-04 12:04:52,764 - DEBUG - Applied dict param pre_asp_air_vol=0.088
2026-06-04 12:04:52,764 - DEBUG - Applied dict param retract_speed=5.0
2026-06-04 12:04:52,764 - DEBUG - Applied dict param blowout_vol=0.131
2026-06-04 12:04:52,764 - DEBUG - Applied dict param post_asp_air_vol=0.0
2026-06-04 12:04:52,764 - DEBUG - Applied dict param post_retract_wait_time=5.0
2026-06-04 12:04:52,764 - DEBUG - Applied dict param overaspirate_vol=0.0283670896326169
2026-06-04 12:04:52,764 - DEBUG - Applied dict param asp_disp_cycles=0
2026-06-04 12:04:52,764 - INFO - Pipetting into vial glycerol, amount: 0.025 mL
2026-06-04 12:04:52,768 - DEBUG - Adjusting pump 0 speed to 15.0
2026-06-04 12:04:52,768 - WARNING - Converting pump speed 15.0 to integer 15
2026-06-04 12:04:54,614 - INFO - Short wait time (1.0s), allowing scale to settle after robot positioning...
2026-06-04 12:04:55,615 - INFO - Started continuous mass monitoring with pre-dispense baseline
2026-06-04 12:04:55,859 - DEBUG - Mass: 17.8113g at 0.001s (baseline_pre) steady=False
2026-06-04 12:04:56,261 - DEBUG - Mass: 17.8116g at 0.448s (baseline_pre) steady=True
2026-06-04 12:04:56,661 - DEBUG - Mass: 17.8116g at 0.847s (baseline_pre) steady=True
2026-06-04 12:04:57,061 - DEBUG - Mass: 17.8116g at 1.250s (baseline_pre) steady=True
2026-06-04 12:04:57,461 - DEBUG - Mass: 17.8116g at 1.649s (baseline_pre) steady=True
2026-06-04 12:04:57,631 - DEBUG - Dispensing 0.141 mL then waiting 3.0 s
2026-06-04 12:04:57,861 - DEBUG - Mass: 17.8116g at 2.050s (dispensing) steady=True
2026-06-04 12:04:58,259 - DEBUG - Mass: 17.8161g at 2.450s (dispensing) steady=False
2026-06-04 12:04:58,659 - DEBUG - Mass: 17.8162g at 2.849s (dispensing) steady=False
2026-06-04 12:04:59,058 - DEBUG - Mass: 17.8160g at 3.250s (dispensing) steady=False
2026-06-04 12:04:59,182 - DEBUG - Blowing out 0.131 mL
2026-06-04 12:04:59,182 - DEBUG - Adjusting pump 0 speed to 5
2026-06-04 12:04:59,459 - DEBUG - Mass: 17.8185g at 3.651s (dispensing) steady=False
2026-06-04 12:04:59,860 - DEBUG - Mass: 17.8340g at 4.049s (dispensing) steady=False
2026-06-04 12:05:00,260 - DEBUG - Mass: 17.8350g at 4.450s (dispensing) steady=False
2026-06-04 12:05:00,449 - DEBUG - Adjusting pump 0 speed to 15
2026-06-04 12:05:00,659 - DEBUG - Mass: 17.8386g at 4.850s (dispensing) steady=False
2026-06-04 12:05:01,058 - DEBUG - Mass: 17.8510g at 5.252s (dispensing) steady=False
2026-06-04 12:05:01,459 - DEBUG - Mass: 17.8521g at 5.652s (dispensing) steady=False
2026-06-04 12:05:01,860 - DEBUG - Mass: 17.8604g at 6.051s (dispensing) steady=False
2026-06-04 12:05:02,259 - DEBUG - Mass: 17.8604g at 6.451s (dispensing) steady=False
2026-06-04 12:05:02,660 - DEBUG - Mass: 17.8596g at 6.852s (dispensing) steady=False
2026-06-04 12:05:03,059 - DEBUG - Mass: 17.8572g at 7.253s (dispensing) steady=False
2026-06-04 12:05:03,459 - DEBUG - Mass: 17.8589g at 7.650s (dispensing) steady=False
2026-06-04 12:05:03,859 - DEBUG - Mass: 17.8592g at 8.052s (dispensing) steady=False
2026-06-04 12:05:04,259 - DEBUG - Mass: 17.8625g at 8.451s (dispensing) steady=False
2026-06-04 12:05:04,660 - DEBUG - Mass: 17.8631g at 8.851s (dispensing) steady=False
2026-06-04 12:05:05,053 - DEBUG - Mass: 17.8625g at 9.254s (dispensing) steady=False
2026-06-04 12:05:05,459 - DEBUG - Mass: 17.8624g at 9.654s (dispensing) steady=False
2026-06-04 12:05:05,736 - INFO - Dispensing took 8.104s, collecting post-dispense baseline
2026-06-04 12:05:05,861 - DEBUG - Mass: 17.8630g at 10.054s (dispensing) steady=True
2026-06-04 12:05:06,261 - DEBUG - Mass: 17.8630g at 10.454s (baseline_post) steady=True
2026-06-04 12:05:06,661 - DEBUG - Mass: 17.8630g at 10.851s (baseline_post) steady=True
2026-06-04 12:05:07,061 - DEBUG - Mass: 17.8630g at 11.250s (baseline_post) steady=True
2026-06-04 12:05:07,461 - DEBUG - Mass: 17.8630g at 11.653s (baseline_post) steady=True
2026-06-04 12:05:07,861 - DEBUG - Mass: 17.8630g at 12.057s (baseline_post) steady=True
2026-06-04 12:05:08,071 - INFO - Stopped continuous mass monitoring. Collected 31 data points
2026-06-04 12:05:08,071 - INFO - Pre-baseline: 4 stable readings, avg=17.811600g
2026-06-04 12:05:08,071 - INFO - Post-baseline: 5 stable readings, avg=17.863000g
2026-06-04 12:05:08,071 - INFO - INDEPENDENT BASELINE calculation:
2026-06-04 12:05:08,071 - INFO - Pre: STABLE, Post: STABLE, Mass difference: 0.051400g
2026-06-04 12:05:08,081 - INFO - Reading summary: 5 pre-readings (4 stable), 5 post-readings (5 stable)
2026-06-04 12:05:08,081 - INFO - Baseline variability: pre_std=0.000134g, post_std=0.000000g
2026-06-04 12:05:08,081 - INFO - Target: 0.025 mL = ~0.025000 g for water
2026-06-04 12:05:08,084 - INFO - Saved 31 mass measurements to output\mass_measurements\experiment_log2026-06-04_12-03-17\mass_data_glycerol_20260604_120508.csv
2026-06-04 12:05:08,671 - INFO - Saved dispense mass vs time plot to output\mass_measurements\experiment_log2026-06-04_12-03-17\mass_plot_glycerol_20260604_120508.png
2026-06-04 12:05:08,671 - INFO - Removing pipet
2026-06-04 12:05:11,998 - INFO - Vial glycerol already at clamp index 0, no move needed
2026-06-04 12:05:13,467 - INFO - Vial glycerol already at clamp index 0, no move needed
2026-06-04 12:05:13,659 - DEBUG - Applied dict param aspirate_speed=25.0
2026-06-04 12:05:13,659 - DEBUG - Applied dict param dispense_speed=15.0
2026-06-04 12:05:13,659 - DEBUG - Applied dict param aspirate_wait_time=23.1
2026-06-04 12:05:13,661 - DEBUG - Applied dict param dispense_wait_time=3.0
2026-06-04 12:05:13,661 - DEBUG - Applied dict param pre_asp_air_vol=0.088
2026-06-04 12:05:13,661 - DEBUG - Applied dict param retract_speed=5.0
2026-06-04 12:05:13,661 - DEBUG - Applied dict param blowout_vol=0.131
2026-06-04 12:05:13,661 - DEBUG - Applied dict param post_asp_air_vol=0.0
2026-06-04 12:05:13,661 - DEBUG - Applied dict param post_retract_wait_time=5.0
2026-06-04 12:05:13,661 - DEBUG - Applied dict param overaspirate_vol=0.0283670896326169
2026-06-04 12:05:13,661 - DEBUG - Applied dict param asp_disp_cycles=0
2026-06-04 12:05:13,662 - DEBUG - Selected small_tip for volume 0.025 mL
2026-06-04 12:05:13,663 - INFO - Getting small_tip (pipet number 31) from rack: small_tip_rack_2
2026-06-04 12:05:16,218 - INFO - Pipetting from vial glycerol, amount: 0.025 mL
2026-06-04 12:05:16,218 - INFO - Additional volume from calibration, amount: 0.028 mL
2026-06-04 12:05:16,220 - DEBUG - Adjusting pump 0 speed to 10
2026-06-04 12:05:19,147 - DEBUG - Aspirating 0.088 mL then waiting 0 s
2026-06-04 12:05:19,675 - DEBUG - Adjusting pump 0 speed to 25.0
2026-06-04 12:05:19,675 - WARNING - Converting pump speed 25.0 to integer 25
2026-06-04 12:05:20,009 - DEBUG - Aspirating 0.053 mL then waiting 23.1 s
2026-06-04 12:05:51,777 - DEBUG - Applied dict param aspirate_speed=25.0
2026-06-04 12:05:51,777 - DEBUG - Applied dict param dispense_speed=15.0
2026-06-04 12:05:51,777 - DEBUG - Applied dict param aspirate_wait_time=23.1
2026-06-04 12:05:51,777 - DEBUG - Applied dict param dispense_wait_time=3.0
2026-06-04 12:05:51,777 - DEBUG - Applied dict param pre_asp_air_vol=0.088
2026-06-04 12:05:51,777 - DEBUG - Applied dict param retract_speed=5.0
2026-06-04 12:05:51,777 - DEBUG - Applied dict param blowout_vol=0.131
2026-06-04 12:05:51,777 - DEBUG - Applied dict param post_asp_air_vol=0.0
2026-06-04 12:05:51,777 - DEBUG - Applied dict param post_retract_wait_time=5.0
2026-06-04 12:05:51,777 - DEBUG - Applied dict param overaspirate_vol=0.0283670896326169
2026-06-04 12:05:51,777 - DEBUG - Applied dict param asp_disp_cycles=0
2026-06-04 12:05:51,777 - INFO - Pipetting into vial glycerol, amount: 0.025 mL
2026-06-04 12:05:51,777 - DEBUG - Adjusting pump 0 speed to 15.0
2026-06-04 12:05:51,777 - WARNING - Converting pump speed 15.0 to integer 15
2026-06-04 12:05:53,626 - INFO - Short wait time (1.0s), allowing scale to settle after robot positioning...
2026-06-04 12:05:54,629 - INFO - Started continuous mass monitoring with pre-dispense baseline
2026-06-04 12:05:54,860 - DEBUG - Mass: 17.8183g at 0.001s (baseline_pre) steady=False
2026-06-04 12:05:55,261 - DEBUG - Mass: 17.8183g at 0.434s (baseline_pre) steady=True
2026-06-04 12:05:55,661 - DEBUG - Mass: 17.8183g at 0.834s (baseline_pre) steady=True
2026-06-04 12:05:56,061 - DEBUG - Mass: 17.8183g at 1.234s (baseline_pre) steady=True
2026-06-04 12:05:56,461 - DEBUG - Mass: 17.8183g at 1.635s (baseline_pre) steady=True
2026-06-04 12:05:56,629 - DEBUG - Dispensing 0.141 mL then waiting 3.0 s
2026-06-04 12:05:56,861 - DEBUG - Mass: 17.8183g at 2.035s (dispensing) steady=True
2026-06-04 12:05:57,260 - DEBUG - Mass: 17.8231g at 2.434s (dispensing) steady=False
2026-06-04 12:05:57,660 - DEBUG - Mass: 17.8238g at 2.835s (dispensing) steady=False
2026-06-04 12:05:58,059 - DEBUG - Mass: 17.8224g at 3.234s (dispensing) steady=False
2026-06-04 12:05:58,178 - DEBUG - Blowing out 0.131 mL
2026-06-04 12:05:58,178 - DEBUG - Adjusting pump 0 speed to 5
2026-06-04 12:05:58,460 - DEBUG - Mass: 17.8258g at 3.634s (dispensing) steady=False
2026-06-04 12:05:58,860 - DEBUG - Mass: 17.8423g at 4.035s (dispensing) steady=False
2026-06-04 12:05:59,260 - DEBUG - Mass: 17.8419g at 4.434s (dispensing) steady=False
2026-06-04 12:05:59,447 - DEBUG - Adjusting pump 0 speed to 15
2026-06-04 12:05:59,660 - DEBUG - Mass: 17.8456g at 4.835s (dispensing) steady=False
2026-06-04 12:06:00,059 - DEBUG - Mass: 17.8572g at 5.235s (dispensing) steady=False
2026-06-04 12:06:00,460 - DEBUG - Mass: 17.8571g at 5.634s (dispensing) steady=False
2026-06-04 12:06:00,860 - DEBUG - Mass: 17.8673g at 6.035s (dispensing) steady=False
2026-06-04 12:06:01,259 - DEBUG - Mass: 17.8667g at 6.436s (dispensing) steady=False
2026-06-04 12:06:01,660 - DEBUG - Mass: 17.8659g at 6.835s (dispensing) steady=False
2026-06-04 12:06:02,060 - DEBUG - Mass: 17.8618g at 7.236s (dispensing) steady=False
2026-06-04 12:06:02,459 - DEBUG - Mass: 17.8617g at 7.646s (dispensing) steady=False
2026-06-04 12:06:02,860 - DEBUG - Mass: 17.8647g at 8.037s (dispensing) steady=False
2026-06-04 12:06:03,259 - DEBUG - Mass: 17.8678g at 8.438s (dispensing) steady=False
2026-06-04 12:06:03,659 - DEBUG - Mass: 17.8690g at 8.838s (dispensing) steady=False
2026-06-04 12:06:04,060 - DEBUG - Mass: 17.8691g at 9.238s (dispensing) steady=False
2026-06-04 12:06:04,459 - DEBUG - Mass: 17.8696g at 9.637s (dispensing) steady=False
2026-06-04 12:06:04,733 - INFO - Dispensing took 8.104s, collecting post-dispense baseline
2026-06-04 12:06:04,861 - DEBUG - Mass: 17.8694g at 10.038s (dispensing) steady=True
2026-06-04 12:06:05,261 - DEBUG - Mass: 17.8694g at 10.439s (baseline_post) steady=True
2026-06-04 12:06:05,660 - DEBUG - Mass: 17.8694g at 10.838s (baseline_post) steady=True
2026-06-04 12:06:06,062 - DEBUG - Mass: 17.8694g at 11.237s (baseline_post) steady=True
2026-06-04 12:06:06,461 - DEBUG - Mass: 17.8694g at 11.637s (baseline_post) steady=True
2026-06-04 12:06:06,861 - DEBUG - Mass: 17.8694g at 12.035s (baseline_post) steady=True
2026-06-04 12:06:07,066 - INFO - Stopped continuous mass monitoring. Collected 31 data points
2026-06-04 12:06:07,071 - INFO - Pre-baseline: 4 stable readings, avg=17.818300g
2026-06-04 12:06:07,072 - INFO - Post-baseline: 5 stable readings, avg=17.869400g
2026-06-04 12:06:07,072 - INFO - INDEPENDENT BASELINE calculation:
2026-06-04 12:06:07,072 - INFO - Pre: STABLE, Post: STABLE, Mass difference: 0.051100g
2026-06-04 12:06:07,073 - INFO - Reading summary: 5 pre-readings (4 stable), 5 post-readings (5 stable)
2026-06-04 12:06:07,074 - INFO - Baseline variability: pre_std=0.000000g, post_std=0.000000g
2026-06-04 12:06:07,074 - INFO - Target: 0.025 mL = ~0.025000 g for water
2026-06-04 12:06:07,076 - INFO - Saved 31 mass measurements to output\mass_measurements\experiment_log2026-06-04_12-03-17\mass_data_glycerol_20260604_120607.csv
2026-06-04 12:06:07,536 - INFO - Saved dispense mass vs time plot to output\mass_measurements\experiment_log2026-06-04_12-03-17\mass_plot_glycerol_20260604_120607.png
2026-06-04 12:06:07,536 - INFO - Removing pipet
2026-06-04 12:06:10,842 - INFO - Vial glycerol already at clamp index 0, no move needed
2026-06-04 12:06:12,255 - INFO - Vial glycerol already at clamp index 0, no move needed
2026-06-04 12:06:12,461 - DEBUG - Applied dict param aspirate_speed=25.0
2026-06-04 12:06:12,461 - DEBUG - Applied dict param dispense_speed=15.0
2026-06-04 12:06:12,461 - DEBUG - Applied dict param aspirate_wait_time=23.1
2026-06-04 12:06:12,461 - DEBUG - Applied dict param dispense_wait_time=3.0
2026-06-04 12:06:12,461 - DEBUG - Applied dict param pre_asp_air_vol=0.088
2026-06-04 12:06:12,461 - DEBUG - Applied dict param retract_speed=5.0
2026-06-04 12:06:12,461 - DEBUG - Applied dict param blowout_vol=0.131
2026-06-04 12:06:12,461 - DEBUG - Applied dict param post_asp_air_vol=0.0
2026-06-04 12:06:12,461 - DEBUG - Applied dict param post_retract_wait_time=5.0
2026-06-04 12:06:12,461 - DEBUG - Applied dict param overaspirate_vol=0.0283670896326169
2026-06-04 12:06:12,461 - DEBUG - Applied dict param asp_disp_cycles=0
2026-06-04 12:06:12,462 - DEBUG - Selected small_tip for volume 0.025 mL
2026-06-04 12:06:12,463 - INFO - Getting small_tip (pipet number 32) from rack: small_tip_rack_2
2026-06-04 12:06:15,242 - INFO - Pipetting from vial glycerol, amount: 0.025 mL
2026-06-04 12:06:15,243 - INFO - Additional volume from calibration, amount: 0.028 mL
2026-06-04 12:06:15,244 - DEBUG - Adjusting pump 0 speed to 10
2026-06-04 12:06:17,864 - DEBUG - Aspirating 0.088 mL then waiting 0 s
2026-06-04 12:06:18,407 - DEBUG - Adjusting pump 0 speed to 25.0
2026-06-04 12:06:18,407 - WARNING - Converting pump speed 25.0 to integer 25
2026-06-04 12:06:18,725 - DEBUG - Aspirating 0.053 mL then waiting 23.1 s
2026-06-04 12:06:50,525 - DEBUG - Applied dict param aspirate_speed=25.0
2026-06-04 12:06:50,525 - DEBUG - Applied dict param dispense_speed=15.0
2026-06-04 12:06:50,525 - DEBUG - Applied dict param aspirate_wait_time=23.1
2026-06-04 12:06:50,525 - DEBUG - Applied dict param dispense_wait_time=3.0
2026-06-04 12:06:50,525 - DEBUG - Applied dict param pre_asp_air_vol=0.088
2026-06-04 12:06:50,525 - DEBUG - Applied dict param retract_speed=5.0
2026-06-04 12:06:50,525 - DEBUG - Applied dict param blowout_vol=0.131
2026-06-04 12:06:50,525 - DEBUG - Applied dict param post_asp_air_vol=0.0
2026-06-04 12:06:50,525 - DEBUG - Applied dict param post_retract_wait_time=5.0
2026-06-04 12:06:50,525 - DEBUG - Applied dict param overaspirate_vol=0.0283670896326169
2026-06-04 12:06:50,525 - DEBUG - Applied dict param asp_disp_cycles=0
2026-06-04 12:06:50,525 - INFO - Pipetting into vial glycerol, amount: 0.025 mL
2026-06-04 12:06:50,525 - DEBUG - Adjusting pump 0 speed to 15.0
2026-06-04 12:06:50,525 - WARNING - Converting pump speed 15.0 to integer 15
2026-06-04 12:06:52,365 - INFO - Short wait time (1.0s), allowing scale to settle after robot positioning...
2026-06-04 12:06:53,377 - INFO - Started continuous mass monitoring with pre-dispense baseline
2026-06-04 12:06:53,660 - DEBUG - Mass: 17.8338g at 0.001s (baseline_pre) steady=False
2026-06-04 12:06:54,059 - DEBUG - Mass: 17.8343g at 0.486s (baseline_pre) steady=False
2026-06-04 12:06:54,460 - DEBUG - Mass: 17.8341g at 0.886s (baseline_pre) steady=True
2026-06-04 12:06:54,861 - DEBUG - Mass: 17.8341g at 1.301s (baseline_pre) steady=True
2026-06-04 12:06:55,261 - DEBUG - Mass: 17.8341g at 1.701s (baseline_pre) steady=True
2026-06-04 12:06:55,377 - DEBUG - Dispensing 0.141 mL then waiting 3.0 s
2026-06-04 12:06:55,661 - DEBUG - Mass: 17.8341g at 2.101s (dispensing) steady=True
2026-06-04 12:06:56,060 - DEBUG - Mass: 17.8386g at 2.502s (dispensing) steady=False
2026-06-04 12:06:56,459 - DEBUG - Mass: 17.8388g at 2.885s (dispensing) steady=False
2026-06-04 12:06:56,861 - DEBUG - Mass: 17.8387g at 3.285s (dispensing) steady=True
2026-06-04 12:06:56,925 - DEBUG - Blowing out 0.131 mL
2026-06-04 12:06:56,925 - DEBUG - Adjusting pump 0 speed to 5
2026-06-04 12:06:57,260 - DEBUG - Mass: 17.8463g at 3.687s (dispensing) steady=False
2026-06-04 12:06:57,660 - DEBUG - Mass: 17.8521g at 4.086s (dispensing) steady=False
2026-06-04 12:06:57,928 - DEBUG - Adjusting pump 0 speed to 15
2026-06-04 12:06:58,060 - DEBUG - Mass: 17.8539g at 4.486s (dispensing) steady=False
2026-06-04 12:06:58,460 - DEBUG - Mass: 17.8657g at 4.886s (dispensing) steady=False
2026-06-04 12:06:58,860 - DEBUG - Mass: 17.8647g at 5.287s (dispensing) steady=False
2026-06-04 12:06:59,260 - DEBUG - Mass: 17.8783g at 5.687s (dispensing) steady=False
2026-06-04 12:06:59,660 - DEBUG - Mass: 17.8778g at 6.086s (dispensing) steady=False
2026-06-04 12:07:00,060 - DEBUG - Mass: 17.8767g at 6.487s (dispensing) steady=False
2026-06-04 12:07:00,460 - DEBUG - Mass: 17.8720g at 6.887s (dispensing) steady=False
2026-06-04 12:07:00,860 - DEBUG - Mass: 17.8716g at 7.288s (dispensing) steady=False
2026-06-04 12:07:01,260 - DEBUG - Mass: 17.8710g at 7.687s (dispensing) steady=False
2026-06-04 12:07:01,660 - DEBUG - Mass: 17.8718g at 8.087s (dispensing) steady=False
2026-06-04 12:07:02,060 - DEBUG - Mass: 17.8714g at 8.488s (dispensing) steady=False
2026-06-04 12:07:02,462 - DEBUG - Mass: 17.8715g at 8.888s (dispensing) steady=True
2026-06-04 12:07:02,862 - DEBUG - Mass: 17.8715g at 9.288s (dispensing) steady=True
2026-06-04 12:07:03,114 - INFO - Dispensing took 7.737s, collecting post-dispense baseline
2026-06-04 12:07:03,262 - DEBUG - Mass: 17.8715g at 9.689s (dispensing) steady=True
2026-06-04 12:07:03,662 - DEBUG - Mass: 17.8715g at 10.089s (baseline_post) steady=True
2026-06-04 12:07:04,060 - DEBUG - Mass: 17.8757g at 10.489s (baseline_post) steady=False
2026-06-04 12:07:04,460 - DEBUG - Mass: 17.8761g at 10.889s (baseline_post) steady=False
2026-06-04 12:07:04,860 - DEBUG - Mass: 17.8763g at 11.289s (baseline_post) steady=False
2026-06-04 12:07:05,260 - DEBUG - Mass: 17.8759g at 11.689s (baseline_post) steady=False
2026-06-04 12:07:05,465 - INFO - Stopped continuous mass monitoring. Collected 30 data points
2026-06-04 12:07:05,470 - INFO - Pre-baseline: 3 stable readings, avg=17.834100g
2026-06-04 12:07:05,470 - INFO - Post-baseline: 1 stable readings, avg=17.871500g
2026-06-04 12:07:05,470 - INFO - INDEPENDENT BASELINE calculation:
2026-06-04 12:07:05,470 - INFO - Pre: STABLE, Post: STABLE, Mass difference: 0.037400g
2026-06-04 12:07:05,471 - INFO - Reading summary: 5 pre-readings (3 stable), 5 post-readings (1 stable)
2026-06-04 12:07:05,471 - INFO - Baseline variability: pre_std=0.000179g, post_std=0.002025g
2026-06-04 12:07:05,471 - INFO - Target: 0.025 mL = ~0.025000 g for water
2026-06-04 12:07:05,473 - INFO - Saved 30 mass measurements to output\mass_measurements\experiment_log2026-06-04_12-03-17\mass_data_glycerol_20260604_120705.csv
2026-06-04 12:07:05,932 - INFO - Saved dispense mass vs time plot to output\mass_measurements\experiment_log2026-06-04_12-03-17\mass_plot_glycerol_20260604_120705.png
2026-06-04 12:07:05,932 - INFO - Removing pipet
2026-06-04 12:07:09,269 - INFO - Vial glycerol already at clamp index 0, no move needed
2026-06-04 12:07:10,866 - INFO - Vial glycerol already at clamp index 0, no move needed
2026-06-04 12:07:11,061 - DEBUG - Applied dict param aspirate_speed=25.0
2026-06-04 12:07:11,061 - DEBUG - Applied dict param dispense_speed=15.0
2026-06-04 12:07:11,061 - DEBUG - Applied dict param aspirate_wait_time=23.1
2026-06-04 12:07:11,061 - DEBUG - Applied dict param dispense_wait_time=3.0
2026-06-04 12:07:11,061 - DEBUG - Applied dict param pre_asp_air_vol=0.088
2026-06-04 12:07:11,061 - DEBUG - Applied dict param retract_speed=5.0
2026-06-04 12:07:11,061 - DEBUG - Applied dict param blowout_vol=0.131
2026-06-04 12:07:11,061 - DEBUG - Applied dict param post_asp_air_vol=0.0
2026-06-04 12:07:11,061 - DEBUG - Applied dict param post_retract_wait_time=5.0
2026-06-04 12:07:11,061 - DEBUG - Applied dict param overaspirate_vol=0.015606507622034676
2026-06-04 12:07:11,061 - DEBUG - Applied dict param asp_disp_cycles=0
2026-06-04 12:07:11,062 - DEBUG - Selected small_tip for volume 0.025 mL
2026-06-04 12:07:11,063 - INFO - Getting small_tip (pipet number 33) from rack: small_tip_rack_2
2026-06-04 12:07:13,850 - INFO - Pipetting from vial glycerol, amount: 0.025 mL
2026-06-04 12:07:13,850 - INFO - Additional volume from calibration, amount: 0.016 mL
2026-06-04 12:07:13,853 - DEBUG - Adjusting pump 0 speed to 10
2026-06-04 12:07:16,470 - DEBUG - Aspirating 0.088 mL then waiting 0 s
2026-06-04 12:07:17,004 - DEBUG - Adjusting pump 0 speed to 25.0
2026-06-04 12:07:17,004 - WARNING - Converting pump speed 25.0 to integer 25
2026-06-04 12:07:17,322 - DEBUG - Aspirating 0.041 mL then waiting 23.1 s
2026-06-04 12:07:48,471 - DEBUG - Applied dict param aspirate_speed=25.0
2026-06-04 12:07:48,471 - DEBUG - Applied dict param dispense_speed=15.0
2026-06-04 12:07:48,471 - DEBUG - Applied dict param aspirate_wait_time=23.1
2026-06-04 12:07:48,471 - DEBUG - Applied dict param dispense_wait_time=3.0
2026-06-04 12:07:48,471 - DEBUG - Applied dict param pre_asp_air_vol=0.088
2026-06-04 12:07:48,471 - DEBUG - Applied dict param retract_speed=5.0
2026-06-04 12:07:48,471 - DEBUG - Applied dict param blowout_vol=0.131
2026-06-04 12:07:48,471 - DEBUG - Applied dict param post_asp_air_vol=0.0
2026-06-04 12:07:48,471 - DEBUG - Applied dict param post_retract_wait_time=5.0
2026-06-04 12:07:48,471 - DEBUG - Applied dict param overaspirate_vol=0.015606507622034676
2026-06-04 12:07:48,471 - DEBUG - Applied dict param asp_disp_cycles=0
2026-06-04 12:07:48,471 - INFO - Pipetting into vial glycerol, amount: 0.025 mL
2026-06-04 12:07:48,471 - DEBUG - Adjusting pump 0 speed to 15.0
2026-06-04 12:07:48,471 - WARNING - Converting pump speed 15.0 to integer 15
2026-06-04 12:07:50,305 - INFO - Short wait time (1.0s), allowing scale to settle after robot positioning...
2026-06-04 12:07:51,306 - INFO - Started continuous mass monitoring with pre-dispense baseline
2026-06-04 12:07:51,460 - DEBUG - Mass: 17.8777g at 0.000s (baseline_pre) steady=False
2026-06-04 12:07:51,860 - DEBUG - Mass: 17.8782g at 0.365s (baseline_pre) steady=False
2026-06-04 12:07:52,260 - DEBUG - Mass: 17.8776g at 0.766s (baseline_pre) steady=False
2026-06-04 12:07:52,661 - DEBUG - Mass: 17.8781g at 1.166s (baseline_pre) steady=True
2026-06-04 12:07:53,062 - DEBUG - Mass: 17.8781g at 1.566s (baseline_pre) steady=True
2026-06-04 12:07:53,322 - DEBUG - Dispensing 0.129 mL then waiting 3.0 s
2026-06-04 12:07:53,462 - DEBUG - Mass: 17.8781g at 1.966s (baseline_pre) steady=True
2026-06-04 12:07:53,862 - DEBUG - Mass: 17.8781g at 2.366s (dispensing) steady=True
2026-06-04 12:07:54,261 - DEBUG - Mass: 17.8822g at 2.766s (dispensing) steady=False
2026-06-04 12:07:54,660 - DEBUG - Mass: 17.8858g at 3.167s (dispensing) steady=False
2026-06-04 12:07:54,872 - DEBUG - Blowing out 0.131 mL
2026-06-04 12:07:54,872 - DEBUG - Adjusting pump 0 speed to 5
2026-06-04 12:07:55,060 - DEBUG - Mass: 17.8845g at 3.566s (dispensing) steady=False
2026-06-04 12:07:55,459 - DEBUG - Mass: 17.8888g at 3.967s (dispensing) steady=False
2026-06-04 12:07:55,859 - DEBUG - Mass: 17.8866g at 4.367s (dispensing) steady=False
2026-06-04 12:07:56,073 - DEBUG - Adjusting pump 0 speed to 15
2026-06-04 12:07:56,259 - DEBUG - Mass: 17.8832g at 4.767s (dispensing) steady=False
2026-06-04 12:07:56,660 - DEBUG - Mass: 17.8885g at 5.169s (dispensing) steady=False
2026-06-04 12:07:57,060 - DEBUG - Mass: 17.8865g at 5.569s (dispensing) steady=False
2026-06-04 12:07:57,459 - DEBUG - Mass: 17.8862g at 5.969s (dispensing) steady=False
2026-06-04 12:07:57,859 - DEBUG - Mass: 17.8855g at 6.369s (dispensing) steady=False
2026-06-04 12:07:58,261 - DEBUG - Mass: 17.8862g at 6.768s (dispensing) steady=True
2026-06-04 12:07:58,659 - DEBUG - Mass: 17.8813g at 7.170s (dispensing) steady=False
2026-06-04 12:07:59,060 - DEBUG - Mass: 17.8807g at 7.570s (dispensing) steady=False
2026-06-04 12:07:59,460 - DEBUG - Mass: 17.8814g at 7.970s (dispensing) steady=False
2026-06-04 12:07:59,860 - DEBUG - Mass: 17.8808g at 8.370s (dispensing) steady=False
2026-06-04 12:08:00,260 - DEBUG - Mass: 17.8803g at 8.770s (dispensing) steady=False
2026-06-04 12:08:00,661 - DEBUG - Mass: 17.8808g at 9.155s (dispensing) steady=True
2026-06-04 12:08:01,061 - DEBUG - Mass: 17.8808g at 9.570s (dispensing) steady=True
2026-06-04 12:08:01,343 - INFO - Dispensing took 8.021s, collecting post-dispense baseline
2026-06-04 12:08:01,461 - DEBUG - Mass: 17.8808g at 9.971s (dispensing) steady=True
2026-06-04 12:08:01,861 - DEBUG - Mass: 17.8808g at 10.371s (baseline_post) steady=True
2026-06-04 12:08:02,262 - DEBUG - Mass: 17.8808g at 10.770s (baseline_post) steady=True
2026-06-04 12:08:02,662 - DEBUG - Mass: 17.8808g at 11.171s (baseline_post) steady=True
2026-06-04 12:08:03,061 - DEBUG - Mass: 17.8808g at 11.571s (baseline_post) steady=True
2026-06-04 12:08:03,462 - DEBUG - Mass: 17.8808g at 11.957s (baseline_post) steady=True
2026-06-04 12:08:03,663 - INFO - Stopped continuous mass monitoring. Collected 31 data points
2026-06-04 12:08:03,666 - INFO - Pre-baseline: 3 stable readings, avg=17.878100g
2026-06-04 12:08:03,667 - INFO - Post-baseline: 5 stable readings, avg=17.880800g
2026-06-04 12:08:03,667 - INFO - INDEPENDENT BASELINE calculation:
2026-06-04 12:08:03,667 - INFO - Pre: STABLE, Post: STABLE, Mass difference: 0.002700g
2026-06-04 12:08:03,669 - INFO - Reading summary: 6 pre-readings (3 stable), 5 post-readings (5 stable)
2026-06-04 12:08:03,669 - INFO - Baseline variability: pre_std=0.000250g, post_std=0.000000g
2026-06-04 12:08:03,669 - INFO - Target: 0.025 mL = ~0.025000 g for water
2026-06-04 12:08:03,671 - INFO - Saved 31 mass measurements to output\mass_measurements\experiment_log2026-06-04_12-03-17\mass_data_glycerol_20260604_120803.csv
2026-06-04 12:08:04,129 - INFO - Saved dispense mass vs time plot to output\mass_measurements\experiment_log2026-06-04_12-03-17\mass_plot_glycerol_20260604_120803.png
2026-06-04 12:08:04,129 - INFO - Removing pipet
2026-06-04 12:08:07,461 - INFO - Vial glycerol already at clamp index 0, no move needed
2026-06-04 12:08:08,668 - INFO - Vial glycerol already at clamp index 0, no move needed
2026-06-04 12:08:08,862 - DEBUG - Applied dict param aspirate_speed=25.0
2026-06-04 12:08:08,862 - DEBUG - Applied dict param dispense_speed=15.0
2026-06-04 12:08:08,862 - DEBUG - Applied dict param aspirate_wait_time=23.1
2026-06-04 12:08:08,862 - DEBUG - Applied dict param dispense_wait_time=3.0
2026-06-04 12:08:08,862 - DEBUG - Applied dict param pre_asp_air_vol=0.088
2026-06-04 12:08:08,862 - DEBUG - Applied dict param retract_speed=5.0
2026-06-04 12:08:08,862 - DEBUG - Applied dict param blowout_vol=0.131
2026-06-04 12:08:08,862 - DEBUG - Applied dict param post_asp_air_vol=0.0
2026-06-04 12:08:08,862 - DEBUG - Applied dict param post_retract_wait_time=5.0
2026-06-04 12:08:08,862 - DEBUG - Applied dict param overaspirate_vol=0.015606507622034676
2026-06-04 12:08:08,862 - DEBUG - Applied dict param asp_disp_cycles=0
2026-06-04 12:08:08,864 - DEBUG - Selected small_tip for volume 0.025 mL
2026-06-04 12:08:08,865 - INFO - Getting small_tip (pipet number 34) from rack: small_tip_rack_2
2026-06-04 12:08:11,649 - INFO - Pipetting from vial glycerol, amount: 0.025 mL
2026-06-04 12:08:11,649 - INFO - Additional volume from calibration, amount: 0.016 mL
2026-06-04 12:08:11,652 - DEBUG - Adjusting pump 0 speed to 10
2026-06-04 12:08:14,262 - DEBUG - Aspirating 0.088 mL then waiting 0 s
2026-06-04 12:08:14,832 - DEBUG - Adjusting pump 0 speed to 25.0
2026-06-04 12:08:14,832 - WARNING - Converting pump speed 25.0 to integer 25
2026-06-04 12:08:15,167 - DEBUG - Aspirating 0.041 mL then waiting 23.1 s
2026-06-04 12:08:46,337 - DEBUG - Applied dict param aspirate_speed=25.0
2026-06-04 12:08:46,337 - DEBUG - Applied dict param dispense_speed=15.0
2026-06-04 12:08:46,337 - DEBUG - Applied dict param aspirate_wait_time=23.1
2026-06-04 12:08:46,337 - DEBUG - Applied dict param dispense_wait_time=3.0
2026-06-04 12:08:46,337 - DEBUG - Applied dict param pre_asp_air_vol=0.088
2026-06-04 12:08:46,337 - DEBUG - Applied dict param retract_speed=5.0
2026-06-04 12:08:46,337 - DEBUG - Applied dict param blowout_vol=0.131
2026-06-04 12:08:46,337 - DEBUG - Applied dict param post_asp_air_vol=0.0
2026-06-04 12:08:46,337 - DEBUG - Applied dict param post_retract_wait_time=5.0
2026-06-04 12:08:46,337 - DEBUG - Applied dict param overaspirate_vol=0.015606507622034676
2026-06-04 12:08:46,337 - DEBUG - Applied dict param asp_disp_cycles=0
2026-06-04 12:08:46,339 - INFO - Pipetting into vial glycerol, amount: 0.025 mL
2026-06-04 12:08:46,339 - DEBUG - Adjusting pump 0 speed to 15.0
2026-06-04 12:08:46,339 - WARNING - Converting pump speed 15.0 to integer 15
2026-06-04 12:08:48,201 - INFO - Short wait time (1.0s), allowing scale to settle after robot positioning...
2026-06-04 12:08:49,203 - INFO - Started continuous mass monitoring with pre-dispense baseline
2026-06-04 12:08:49,462 - DEBUG - Mass: 17.8445g at 0.001s (baseline_pre) steady=True
2026-06-04 12:08:49,862 - DEBUG - Mass: 17.8445g at 0.466s (baseline_pre) steady=True
2026-06-04 12:08:50,262 - DEBUG - Mass: 17.8445g at 0.865s (baseline_pre) steady=True
2026-06-04 12:08:50,662 - DEBUG - Mass: 17.8445g at 1.266s (baseline_pre) steady=True
2026-06-04 12:08:51,062 - DEBUG - Mass: 17.8445g at 1.667s (baseline_pre) steady=True
2026-06-04 12:08:51,204 - DEBUG - Dispensing 0.129 mL then waiting 3.0 s
2026-06-04 12:08:51,462 - DEBUG - Mass: 17.8445g at 2.066s (dispensing) steady=True
2026-06-04 12:08:51,860 - DEBUG - Mass: 17.8488g at 2.467s (dispensing) steady=False
2026-06-04 12:08:52,260 - DEBUG - Mass: 17.8495g at 2.867s (dispensing) steady=False
2026-06-04 12:08:52,662 - DEBUG - Mass: 17.8491g at 3.267s (dispensing) steady=True
2026-06-04 12:08:52,736 - DEBUG - Blowing out 0.131 mL
2026-06-04 12:08:52,736 - DEBUG - Adjusting pump 0 speed to 5
2026-06-04 12:08:53,060 - DEBUG - Mass: 17.8550g at 3.668s (dispensing) steady=False
2026-06-04 12:08:53,460 - DEBUG - Mass: 17.8640g at 4.067s (dispensing) steady=False
2026-06-04 12:08:53,860 - DEBUG - Mass: 17.8673g at 4.468s (dispensing) steady=False
2026-06-04 12:08:53,936 - DEBUG - Adjusting pump 0 speed to 15
2026-06-04 12:08:54,255 - DEBUG - Mass: 17.8701g at 4.867s (dispensing) steady=False
2026-06-04 12:08:54,660 - DEBUG - Mass: 17.8810g at 5.269s (dispensing) steady=False
2026-06-04 12:08:55,061 - DEBUG - Mass: 17.8803g at 5.669s (dispensing) steady=False
2026-06-04 12:08:55,461 - DEBUG - Mass: 17.8792g at 6.068s (dispensing) steady=False
2026-06-04 12:08:55,860 - DEBUG - Mass: 17.8793g at 6.469s (dispensing) steady=False
2026-06-04 12:08:56,260 - DEBUG - Mass: 17.8793g at 6.869s (dispensing) steady=False
2026-06-04 12:08:56,660 - DEBUG - Mass: 17.8781g at 7.269s (dispensing) steady=False
2026-06-04 12:08:57,060 - DEBUG - Mass: 17.8781g at 7.670s (dispensing) steady=False
2026-06-04 12:08:57,461 - DEBUG - Mass: 17.8779g at 8.070s (dispensing) steady=False
2026-06-04 12:08:57,861 - DEBUG - Mass: 17.8777g at 8.469s (dispensing) steady=False
2026-06-04 12:08:58,262 - DEBUG - Mass: 17.8779g at 8.871s (dispensing) steady=True
2026-06-04 12:08:58,662 - DEBUG - Mass: 17.8779g at 9.270s (dispensing) steady=True
2026-06-04 12:08:58,940 - INFO - Dispensing took 7.736s, collecting post-dispense baseline
2026-06-04 12:08:59,062 - DEBUG - Mass: 17.8779g at 9.669s (dispensing) steady=True
2026-06-04 12:08:59,462 - DEBUG - Mass: 17.8779g at 10.071s (baseline_post) steady=True
2026-06-04 12:08:59,862 - DEBUG - Mass: 17.8779g at 10.471s (baseline_post) steady=True
2026-06-04 12:09:00,262 - DEBUG - Mass: 17.8779g at 10.871s (baseline_post) steady=True
2026-06-04 12:09:00,662 - DEBUG - Mass: 17.8779g at 11.271s (baseline_post) steady=True
2026-06-04 12:09:01,062 - DEBUG - Mass: 17.8779g at 11.672s (baseline_post) steady=True
2026-06-04 12:09:01,274 - INFO - Stopped continuous mass monitoring. Collected 30 data points
2026-06-04 12:09:01,275 - INFO - Pre-baseline: 5 stable readings, avg=17.844500g
2026-06-04 12:09:01,275 - INFO - Post-baseline: 5 stable readings, avg=17.877900g
2026-06-04 12:09:01,275 - INFO - INDEPENDENT BASELINE calculation:
2026-06-04 12:09:01,275 - INFO - Pre: STABLE, Post: STABLE, Mass difference: 0.033400g
2026-06-04 12:09:01,282 - INFO - Reading summary: 5 pre-readings (5 stable), 5 post-readings (5 stable)
2026-06-04 12:09:01,283 - INFO - Baseline variability: pre_std=0.000000g, post_std=0.000000g
2026-06-04 12:09:01,283 - INFO - Target: 0.025 mL = ~0.025000 g for water
2026-06-04 12:09:01,284 - INFO - Saved 30 mass measurements to output\mass_measurements\experiment_log2026-06-04_12-03-17\mass_data_glycerol_20260604_120901.csv
2026-06-04 12:09:01,753 - INFO - Saved dispense mass vs time plot to output\mass_measurements\experiment_log2026-06-04_12-03-17\mass_plot_glycerol_20260604_120901.png
2026-06-04 12:09:01,754 - INFO - Removing pipet
2026-06-04 12:09:05,076 - INFO - Vial glycerol already at clamp index 0, no move needed
2026-06-04 12:09:07,262 - INFO - Vial glycerol already at clamp index 0, no move needed
2026-06-04 12:09:07,462 - DEBUG - Applied dict param aspirate_speed=25.0
2026-06-04 12:09:07,462 - DEBUG - Applied dict param dispense_speed=15.0
2026-06-04 12:09:07,462 - DEBUG - Applied dict param aspirate_wait_time=23.1
2026-06-04 12:09:07,462 - DEBUG - Applied dict param dispense_wait_time=3.0
2026-06-04 12:09:07,462 - DEBUG - Applied dict param pre_asp_air_vol=0.088
2026-06-04 12:09:07,462 - DEBUG - Applied dict param retract_speed=5.0
2026-06-04 12:09:07,462 - DEBUG - Applied dict param blowout_vol=0.131
2026-06-04 12:09:07,462 - DEBUG - Applied dict param post_asp_air_vol=0.0
2026-06-04 12:09:07,462 - DEBUG - Applied dict param post_retract_wait_time=5.0
2026-06-04 12:09:07,462 - DEBUG - Applied dict param overaspirate_vol=0.015606507622034676
2026-06-04 12:09:07,462 - DEBUG - Applied dict param asp_disp_cycles=0
2026-06-04 12:09:07,463 - DEBUG - Selected small_tip for volume 0.025 mL
2026-06-04 12:09:07,465 - INFO - Getting small_tip (pipet number 35) from rack: small_tip_rack_2
2026-06-04 12:09:10,215 - INFO - Pipetting from vial glycerol, amount: 0.025 mL
2026-06-04 12:09:10,215 - INFO - Additional volume from calibration, amount: 0.016 mL
2026-06-04 12:09:10,228 - DEBUG - Adjusting pump 0 speed to 10
2026-06-04 12:09:12,859 - DEBUG - Aspirating 0.088 mL then waiting 0 s
2026-06-04 12:09:13,445 - DEBUG - Adjusting pump 0 speed to 25.0
2026-06-04 12:09:13,445 - WARNING - Converting pump speed 25.0 to integer 25
2026-06-04 12:09:13,774 - DEBUG - Aspirating 0.041 mL then waiting 23.1 s
2026-06-04 12:09:44,899 - DEBUG - Applied dict param aspirate_speed=25.0
2026-06-04 12:09:44,899 - DEBUG - Applied dict param dispense_speed=15.0
2026-06-04 12:09:44,899 - DEBUG - Applied dict param aspirate_wait_time=23.1
2026-06-04 12:09:44,899 - DEBUG - Applied dict param dispense_wait_time=3.0
2026-06-04 12:09:44,899 - DEBUG - Applied dict param pre_asp_air_vol=0.088
2026-06-04 12:09:44,899 - DEBUG - Applied dict param retract_speed=5.0
2026-06-04 12:09:44,899 - DEBUG - Applied dict param blowout_vol=0.131
2026-06-04 12:09:44,899 - DEBUG - Applied dict param post_asp_air_vol=0.0
2026-06-04 12:09:44,899 - DEBUG - Applied dict param post_retract_wait_time=5.0
2026-06-04 12:09:44,899 - DEBUG - Applied dict param overaspirate_vol=0.015606507622034676
2026-06-04 12:09:44,899 - DEBUG - Applied dict param asp_disp_cycles=0
2026-06-04 12:09:44,902 - INFO - Pipetting into vial glycerol, amount: 0.025 mL
2026-06-04 12:09:44,902 - DEBUG - Adjusting pump 0 speed to 15.0
2026-06-04 12:09:44,902 - WARNING - Converting pump speed 15.0 to integer 15
2026-06-04 12:09:46,760 - INFO - Short wait time (1.0s), allowing scale to settle after robot positioning...
2026-06-04 12:09:47,766 - INFO - Started continuous mass monitoring with pre-dispense baseline
2026-06-04 12:09:47,860 - DEBUG - Mass: 17.8820g at 0.001s (baseline_pre) steady=False
2026-06-04 12:09:48,260 - DEBUG - Mass: 17.8822g at 0.300s (baseline_pre) steady=False
2026-06-04 12:09:48,662 - DEBUG - Mass: 17.8824g at 0.699s (baseline_pre) steady=True
2026-06-04 12:09:49,062 - DEBUG - Mass: 17.8824g at 1.101s (baseline_pre) steady=True
2026-06-04 12:09:49,463 - DEBUG - Mass: 17.8824g at 1.500s (baseline_pre) steady=True
2026-06-04 12:09:49,766 - DEBUG - Dispensing 0.129 mL then waiting 3.0 s
2026-06-04 12:09:49,862 - DEBUG - Mass: 17.8824g at 1.901s (baseline_pre) steady=True
2026-06-04 12:09:50,262 - DEBUG - Mass: 17.8824g at 2.301s (dispensing) steady=True
2026-06-04 12:09:50,660 - DEBUG - Mass: 17.8871g at 2.701s (dispensing) steady=False
2026-06-04 12:09:51,061 - DEBUG - Mass: 17.8870g at 3.101s (dispensing) steady=False
2026-06-04 12:09:51,316 - DEBUG - Blowing out 0.131 mL
2026-06-04 12:09:51,317 - DEBUG - Adjusting pump 0 speed to 5
2026-06-04 12:09:51,461 - DEBUG - Mass: 17.8851g at 3.500s (dispensing) steady=False
2026-06-04 12:09:51,861 - DEBUG - Mass: 17.8903g at 3.902s (dispensing) steady=False
2026-06-04 12:09:52,260 - DEBUG - Mass: 17.8894g at 4.300s (dispensing) steady=False
2026-06-04 12:09:52,449 - DEBUG - Adjusting pump 0 speed to 15
2026-06-04 12:09:52,660 - DEBUG - Mass: 17.8847g at 4.703s (dispensing) steady=False
2026-06-04 12:09:53,060 - DEBUG - Mass: 17.8910g at 5.103s (dispensing) steady=False
2026-06-04 12:09:53,461 - DEBUG - Mass: 17.8867g at 5.503s (dispensing) steady=False
2026-06-04 12:09:53,861 - DEBUG - Mass: 17.8872g at 5.903s (dispensing) steady=False
2026-06-04 12:09:54,263 - DEBUG - Mass: 17.8873g at 6.303s (dispensing) steady=True
2026-06-04 12:09:54,662 - DEBUG - Mass: 17.8873g at 6.704s (dispensing) steady=True
2026-06-04 12:09:55,060 - DEBUG - Mass: 17.8823g at 7.104s (dispensing) steady=False
2026-06-04 12:09:55,460 - DEBUG - Mass: 17.8821g at 7.503s (dispensing) steady=False
2026-06-04 12:09:55,861 - DEBUG - Mass: 17.8819g at 7.904s (dispensing) steady=False
2026-06-04 12:09:56,261 - DEBUG - Mass: 17.8819g at 8.303s (dispensing) steady=False
2026-06-04 12:09:56,662 - DEBUG - Mass: 17.8819g at 8.704s (dispensing) steady=True
2026-06-04 12:09:57,062 - DEBUG - Mass: 17.8819g at 9.104s (dispensing) steady=True
2026-06-04 12:09:57,462 - DEBUG - Mass: 17.8819g at 9.504s (dispensing) steady=True
2026-06-04 12:09:57,736 - INFO - Dispensing took 7.969s, collecting post-dispense baseline
2026-06-04 12:09:57,862 - DEBUG - Mass: 17.8819g at 9.905s (dispensing) steady=True
2026-06-04 12:09:58,254 - DEBUG - Mass: 17.8819g at 10.304s (baseline_post) steady=True
2026-06-04 12:09:58,662 - DEBUG - Mass: 17.8819g at 10.704s (baseline_post) steady=True
2026-06-04 12:09:59,063 - DEBUG - Mass: 17.8819g at 11.105s (baseline_post) steady=True
2026-06-04 12:09:59,461 - DEBUG - Mass: 17.8819g at 11.505s (baseline_post) steady=True
2026-06-04 12:09:59,855 - DEBUG - Mass: 17.8819g at 11.906s (baseline_post) steady=True
2026-06-04 12:10:00,071 - INFO - Stopped continuous mass monitoring. Collected 31 data points
2026-06-04 12:10:00,071 - INFO - Pre-baseline: 4 stable readings, avg=17.882400g
2026-06-04 12:10:00,071 - INFO - Post-baseline: 5 stable readings, avg=17.881900g
2026-06-04 12:10:00,071 - INFO - INDEPENDENT BASELINE calculation:
2026-06-04 12:10:00,071 - INFO - Pre: STABLE, Post: STABLE, Mass difference: -0.000500g
2026-06-04 12:10:00,071 - INFO - Reading summary: 6 pre-readings (4 stable), 5 post-readings (5 stable)
2026-06-04 12:10:00,071 - INFO - Baseline variability: pre_std=0.000167g, post_std=0.000000g
2026-06-04 12:10:00,071 - INFO - Target: 0.025 mL = ~0.025000 g for water
2026-06-04 12:10:00,071 - INFO - Saved 31 mass measurements to output\mass_measurements\experiment_log2026-06-04_12-03-17\mass_data_glycerol_20260604_121000.csv
2026-06-04 12:10:00,553 - INFO - Saved dispense mass vs time plot to output\mass_measurements\experiment_log2026-06-04_12-03-17\mass_plot_glycerol_20260604_121000.png
2026-06-04 12:10:00,553 - INFO - Removing pipet
2026-06-04 12:10:03,878 - INFO - Vial glycerol already at clamp index 0, no move needed
2026-06-04 12:10:04,858 - INFO - Vial glycerol already at clamp index 0, no move needed
2026-06-04 12:10:05,062 - DEBUG - Applied dict param aspirate_speed=25.0
2026-06-04 12:10:05,062 - DEBUG - Applied dict param dispense_speed=15.0
2026-06-04 12:10:05,062 - DEBUG - Applied dict param aspirate_wait_time=23.1
2026-06-04 12:10:05,062 - DEBUG - Applied dict param dispense_wait_time=3.0
2026-06-04 12:10:05,062 - DEBUG - Applied dict param pre_asp_air_vol=0.088
2026-06-04 12:10:05,062 - DEBUG - Applied dict param retract_speed=5.0
2026-06-04 12:10:05,062 - DEBUG - Applied dict param blowout_vol=0.131
2026-06-04 12:10:05,062 - DEBUG - Applied dict param post_asp_air_vol=0.0
2026-06-04 12:10:05,062 - DEBUG - Applied dict param post_retract_wait_time=5.0
2026-06-04 12:10:05,062 - DEBUG - Applied dict param overaspirate_vol=0.02599451467670799
2026-06-04 12:10:05,062 - DEBUG - Applied dict param asp_disp_cycles=0
2026-06-04 12:10:05,063 - DEBUG - Selected small_tip for volume 0.025 mL
2026-06-04 12:10:05,064 - INFO - Getting small_tip (pipet number 36) from rack: small_tip_rack_2
2026-06-04 12:10:07,811 - INFO - Pipetting from vial glycerol, amount: 0.025 mL
2026-06-04 12:10:07,812 - INFO - Additional volume from calibration, amount: 0.026 mL
2026-06-04 12:10:07,813 - DEBUG - Adjusting pump 0 speed to 10
2026-06-04 12:10:10,453 - DEBUG - Aspirating 0.088 mL then waiting 0 s
2026-06-04 12:10:11,042 - DEBUG - Adjusting pump 0 speed to 25.0
2026-06-04 12:10:11,042 - WARNING - Converting pump speed 25.0 to integer 25
2026-06-04 12:10:11,365 - DEBUG - Aspirating 0.051 mL then waiting 23.1 s
