2026-04-01 13:12:32,688 - DEBUG - No workflow config provided - using default initialization
2026-04-01 13:12:32,689 - INFO - Launching status review GUI...
2026-04-01 13:12:32,850 - INFO - Detected workflow name: reset
2026-04-01 13:12:32,875 - INFO - Config editor loaded for workflow: reset
2026-04-01 13:12:37,659 - INFO - User selected: Run Workflow
2026-04-01 13:12:37,672 - INFO - Status review completed - proceeding with hardware initialization
2026-04-01 13:12:38,277 - INFO - Initializing North Robot...
2026-04-01 13:12:38,277 - DEBUG - Loading robot configuration files...
2026-04-01 13:12:38,310 - DEBUG - Loaded vial positions configuration from robot_state/vial_positions.yaml
2026-04-01 13:12:38,312 - DEBUG - Loaded pipet tips configuration from robot_state/pipet_tips.yaml
2026-04-01 13:12:38,316 - DEBUG - Loaded pipet racks configuration from robot_state/pipet_racks.yaml
2026-04-01 13:12:38,316 - DEBUG - Loaded pump configuration from robot_state/syringe_pumps.yaml
2026-04-01 13:12:38,316 - DEBUG - Loaded robot hardware configuration from robot_state/robot_hardware.yaml
2026-04-01 13:12:38,327 - DEBUG - Loaded wellplate properties configuration from robot_state/wellplates.yaml
2026-04-01 13:12:38,328 - DEBUG - Loading robot state files...
2026-04-01 13:12:38,330 - INFO - No vial file provided - operating without vial tracking
2026-04-01 13:12:38,332 - DEBUG - Loaded robot status from robot_state/robot_status.yaml
2026-04-01 13:12:38,332 - DEBUG - Loaded wellplate positions from robot_state/wellplates.yaml
2026-04-01 13:12:38,332 - DEBUG - Robot status loaded successfully
2026-04-01 13:12:38,332 - INFO - Physical initialization of North Robot...
2026-04-01 13:12:41,794 - DEBUG - Loading pumps from YAML configuration...
2026-04-01 13:12:41,906 - DEBUG - Loaded pump 0: volume=1.0mL, speed=11, liquid=None
2026-04-01 13:12:42,011 - DEBUG - Loaded pump 1: volume=2.5mL, speed=15, liquid=water
2026-04-01 13:12:42,011 - INFO - Moving robot to home position
2026-04-01 13:12:45,045 - DEBUG - Initializing centrifuge controller...
2026-04-01 13:12:45,045 - INFO - Initializing North Track...
2026-04-01 13:12:45,045 - DEBUG - Loading track status from file: robot_state/track_status.yaml
2026-04-01 13:12:45,045 - DEBUG - Getting track status from file: robot_state/track_status.yaml
2026-04-01 13:12:45,047 - DEBUG - Loaded track status from robot_state/track_status.yaml
2026-04-01 13:12:45,047 - DEBUG - Loading track positions from: robot_state/track_positions.yaml
2026-04-01 13:12:45,054 - DEBUG - Loaded track positions configuration from robot_state/track_positions.yaml
2026-04-01 13:12:45,054 - DEBUG - Loading robot hardware configuration from: robot_state/robot_hardware.yaml
2026-04-01 13:12:45,056 - DEBUG - Loaded robot hardware configuration from robot_state/robot_hardware.yaml
2026-04-01 13:12:45,061 - DEBUG - Loaded wellplate properties configuration from robot_state/wellplates.yaml
2026-04-01 13:12:45,134 - DEBUG - Moving North Track to home position
2026-04-01 13:12:45,134 - DEBUG - Detected origin position (0,0) - setting location to 'origin'
2026-04-01 13:12:45,134 - DEBUG - Updated gripper location to: origin at position {'x': 0, 'z': 0}
