2026-02-19 20:15:28,934 - INFO - Launching status review GUI...
2026-02-19 20:15:29,123 - INFO - Detected workflow name: peroxide_serena_v3
2026-02-19 20:15:29,183 - INFO - Config editor loaded for workflow: peroxide_serena_v3
2026-02-19 20:15:40,232 - INFO - User selected: Run Workflow
2026-02-19 20:15:40,246 - INFO - Status review completed - proceeding with hardware initialization
2026-02-19 20:15:40,261 - INFO - Initializing North Robot...
2026-02-19 20:15:40,262 - DEBUG - Loading robot configuration files...
2026-02-19 20:15:40,275 - DEBUG - Loaded vial positions configuration from robot_state/vial_positions.yaml
2026-02-19 20:15:40,278 - DEBUG - Loaded pipet tips configuration from robot_state/pipet_tips.yaml
2026-02-19 20:15:40,284 - DEBUG - Loaded pipet racks configuration from robot_state/pipet_racks.yaml
2026-02-19 20:15:40,288 - DEBUG - Loaded pump configuration from robot_state/syringe_pumps.yaml
2026-02-19 20:15:40,294 - DEBUG - Loaded robot hardware configuration from robot_state/robot_hardware.yaml
2026-02-19 20:15:40,297 - DEBUG - Loaded wellplate properties configuration from robot_state/wellplates.yaml
2026-02-19 20:15:40,297 - DEBUG - Loading robot state files...
2026-02-19 20:15:40,370 - DEBUG - Loaded vial data from ../utoronto_demo/status/peroxide_assay_vial_status_v3.csv
2026-02-19 20:15:40,377 - DEBUG - Loaded robot status from robot_state/robot_status.yaml
2026-02-19 20:15:40,382 - DEBUG - Loaded wellplate positions from robot_state/wellplates.yaml
2026-02-19 20:15:40,382 - DEBUG - Robot status loaded successfully
2026-02-19 20:15:40,382 - INFO - Physical initialization of North Robot...
2026-02-19 20:15:40,386 - DEBUG - Loading pumps from YAML configuration...
2026-02-19 20:15:40,388 - DEBUG - Loaded pump 0: volume=1.0mL, speed=11, liquid=None
2026-02-19 20:15:40,388 - DEBUG - Loaded pump 1: volume=2.5mL, speed=15, liquid=water
2026-02-19 20:15:40,388 - INFO - Moving robot to home position
2026-02-19 20:15:40,390 - DEBUG - Initializing centrifuge controller...
2026-02-19 20:15:40,402 - DEBUG - Current reader status: <MagicMock name='mock.get_reader_status()' id='2262128672928'>
2026-02-19 20:15:40,402 - INFO - Initializing North Track...
2026-02-19 20:15:40,402 - DEBUG - Loading track status from file: robot_state/track_status.yaml
2026-02-19 20:15:40,403 - DEBUG - Getting track status from file: robot_state/track_status.yaml
2026-02-19 20:15:40,405 - DEBUG - Loaded track status from robot_state/track_status.yaml
2026-02-19 20:15:40,406 - DEBUG - Loading track positions from: robot_state/track_positions.yaml
2026-02-19 20:15:40,413 - DEBUG - Loaded track positions configuration from robot_state/track_positions.yaml
2026-02-19 20:15:40,414 - DEBUG - Loading robot hardware configuration from: robot_state/robot_hardware.yaml
2026-02-19 20:15:40,418 - DEBUG - Loaded robot hardware configuration from robot_state/robot_hardware.yaml
2026-02-19 20:15:40,423 - DEBUG - Loaded wellplate properties configuration from robot_state/wellplates.yaml
2026-02-19 20:15:40,424 - DEBUG - Moving North Track to home position
2026-02-19 20:15:40,442 - INFO - Config Manager: Updated 7 workflow constants from peroxide_serena_v3.yaml
2026-02-19 20:15:40,442 - DEBUG - Simulating robot component homing...
2026-02-19 20:15:40,443 - INFO - Grabbing new wellplate
2026-02-19 20:15:40,443 - INFO - Moving robot to home position
2026-02-19 20:15:40,443 - INFO - Getting new wellplate from source stack
2026-02-19 20:15:40,443 - DEBUG - Calculating well plate stack height for num: 2, wp_type: 96 WELL PLATE, stack: source_stack, operation: grab
2026-02-19 20:15:40,443 - DEBUG - Getting 2nd wellplate from source at 79100
2026-02-19 20:15:40,443 - INFO - Grabbing wellplate from location: source_stack
2026-02-19 20:15:40,444 - DEBUG - Opening gripper
2026-02-19 20:15:40,444 - DEBUG - Closing gripper
2026-02-19 20:15:40,444 - INFO - Releasing wellplate at location: pipetting_area
2026-02-19 20:15:40,445 - DEBUG - Opening gripper
2026-02-19 20:15:40,445 - DEBUG - Moving North Track to home position
2026-02-19 20:15:40,452 - DEBUG - Using calibrated aspirate_speed=8 for water at 1.950mL
2026-02-19 20:15:40,452 - DEBUG - Using calibrated dispense_speed=14 for water at 1.950mL
2026-02-19 20:15:40,452 - DEBUG - Using calibrated aspirate_wait_time=0.0 for water at 1.950mL
2026-02-19 20:15:40,452 - DEBUG - Using calibrated dispense_wait_time=3.5437186 for water at 1.950mL
2026-02-19 20:15:40,452 - DEBUG - Using calibrated retract_speed=10 for water at 1.950mL
2026-02-19 20:15:40,452 - DEBUG - Using calibrated blowout_vol=0.016158898 for water at 1.950mL
2026-02-19 20:15:40,452 - DEBUG - Using calibrated post_asp_air_vol=0.010581106 for water at 1.950mL
2026-02-19 20:15:40,452 - DEBUG - Using calibrated overaspirate_vol=0.012161364999999981 for water at 1.950mL
2026-02-19 20:15:40,452 - DEBUG - Using calibrated pre_asp_air_vol=0.0 for water at 1.950mL
2026-02-19 20:15:40,452 - INFO - Dispensing 1.950 mL from Assay_reagent_1 to 60_min_Reaction_Set1
