2025-10-21 16:51:12,327 - INFO - Initializing North Robot...
2025-10-21 16:51:12,327 - DEBUG - Loading robot configuration files...
2025-10-21 16:51:12,337 - DEBUG - Loaded vial positions configuration from robot_state/vial_positions.yaml
2025-10-21 16:51:12,339 - DEBUG - Loaded pipet tips configuration from robot_state/pipet_tips.yaml
2025-10-21 16:51:12,343 - DEBUG - Loaded pipet racks configuration from robot_state/pipet_racks.yaml
2025-10-21 16:51:12,346 - DEBUG - Loaded pump configuration from robot_state/syringe_pumps.yaml
2025-10-21 16:51:12,349 - DEBUG - Loaded robot hardware configuration from robot_state/robot_hardware.yaml
2025-10-21 16:51:12,361 - DEBUG - Loaded wellplate properties configuration from robot_state/wellplates.yaml
2025-10-21 16:51:12,361 - DEBUG - Loading robot state files...
2025-10-21 16:51:12,368 - DEBUG - Loaded vial data from ../utoronto_demo/status/sample_capped_vials.csv
2025-10-21 16:51:12,368 - DEBUG - Loaded robot status from robot_state/robot_status.yaml
2025-10-21 16:51:12,368 - DEBUG - Loaded wellplate positions from robot_state/wellplates.yaml
2025-10-21 16:51:12,368 - DEBUG - Robot status loaded successfully
2025-10-21 16:51:12,368 - DEBUG - Loading pumps from YAML configuration...
2025-10-21 16:51:12,483 - DEBUG - Loaded pump 0: volume=1.0mL, speed=11, liquid=None
2025-10-21 16:51:12,588 - DEBUG - Loaded pump 1: volume=2.5mL, speed=15, liquid=water
2025-10-21 16:51:12,588 - DEBUG - Physical initialization of North Robot...
2025-10-21 16:51:12,922 - INFO - Moving robot to home position
2025-10-21 16:51:18,734 - DEBUG - Current reader status: 0
2025-10-21 16:51:18,734 - INFO - Cytation5 is connected and ready
2025-10-21 16:51:18,734 - INFO - Initializing North Track...
2025-10-21 16:51:18,735 - DEBUG - Loading track status from file: robot_state/track_status.yaml
2025-10-21 16:51:18,735 - DEBUG - Getting track status from file: robot_state/track_status.yaml
2025-10-21 16:51:18,736 - DEBUG - Loaded track status from robot_state/track_status.yaml
2025-10-21 16:51:18,736 - DEBUG - Loading track positions from: robot_state/track_positions.yaml
2025-10-21 16:51:18,742 - DEBUG - Loaded track positions configuration from robot_state/track_positions.yaml
2025-10-21 16:51:18,742 - DEBUG - Loading robot hardware configuration from: robot_state/robot_hardware.yaml
2025-10-21 16:51:18,742 - DEBUG - Loaded robot hardware configuration from robot_state/robot_hardware.yaml
2025-10-21 16:51:18,742 - DEBUG - Loaded wellplate properties configuration from robot_state/wellplates.yaml
2025-10-21 16:51:20,336 - DEBUG - Moving North Track to home position
2025-10-21 16:51:20,336 - INFO - Measuring wellplate 0 with protocols: None
2025-10-21 16:51:20,336 - DEBUG - Using robot plate type 'quartz' -> Cytation plate type '96 QUARTZ LID'
2025-10-21 16:51:20,336 - INFO - Moving robot to home position
2025-10-21 16:51:20,670 - INFO - Moving wellplate 0 to Cytation
2025-10-21 16:51:20,670 - DEBUG - Using robot plate type 'quartz' -> Cytation plate type '96 QUARTZ LID' for CarrierIn
2025-10-21 16:51:21,775 - INFO - Grabbing wellplate from location: pipetting_area
2025-10-21 16:51:21,775 - DEBUG - No waypoint locations provided, skipping path movement
2025-10-21 16:51:25,278 - DEBUG - Opening gripper
2025-10-21 16:51:28,206 - DEBUG - Closing gripper
2025-10-21 16:51:34,798 - INFO - Releasing wellplate at location: cytation_tray
2025-10-21 16:51:34,798 - DEBUG - No waypoint locations provided, skipping path movement
2025-10-21 16:51:37,515 - DEBUG - Opening gripper
2025-10-21 16:51:43,366 - INFO - Moving wellplate 0 back from Cytation
2025-10-21 16:51:43,367 - DEBUG - Using robot plate type 'quartz' -> Cytation plate type '96 QUARTZ LID' for CarrierIn
2025-10-21 16:51:45,582 - INFO - Grabbing wellplate from location: cytation_tray
2025-10-21 16:51:45,582 - DEBUG - No waypoint locations provided, skipping path movement
2025-10-21 16:51:45,703 - DEBUG - Opening gripper
2025-10-21 16:51:48,357 - DEBUG - Closing gripper
2025-10-21 16:51:53,928 - INFO - Releasing wellplate at location: pipetting_area
2025-10-21 16:51:53,928 - DEBUG - No waypoint locations provided, skipping path movement
2025-10-21 16:51:58,307 - DEBUG - Opening gripper
2025-10-21 16:52:05,283 - DEBUG - Moving North Track to home position
