2026-04-28 10:25:44,104 - DEBUG - No workflow config provided - using default initialization
2026-04-28 10:25:44,104 - INFO - Launching status review GUI...
2026-04-28 10:25:44,260 - INFO - Detected workflow name: glycerol_dispense_baseline
2026-04-28 10:25:44,282 - INFO - Config editor loaded for workflow: glycerol_dispense_baseline
2026-04-28 10:26:04,278 - INFO - Status review completed - proceeding with hardware initialization
2026-04-28 10:26:04,291 - INFO - Initializing North Robot...
2026-04-28 10:26:04,305 - DEBUG - Loading robot configuration files...
2026-04-28 10:26:04,332 - DEBUG - Loaded vial positions configuration from robot_state/vial_positions.yaml
2026-04-28 10:26:04,336 - DEBUG - Loaded pipet tips configuration from robot_state/pipet_tips.yaml
2026-04-28 10:26:04,347 - DEBUG - Loaded pipet racks configuration from robot_state/pipet_racks.yaml
2026-04-28 10:26:04,351 - DEBUG - Loaded pump configuration from robot_state/syringe_pumps.yaml
2026-04-28 10:26:04,358 - DEBUG - Loaded robot hardware configuration from robot_state/robot_hardware.yaml
2026-04-28 10:26:04,365 - DEBUG - Loaded wellplate properties configuration from robot_state/wellplates.yaml
2026-04-28 10:26:04,365 - DEBUG - Loading robot state files...
2026-04-28 10:26:04,378 - DEBUG - Loaded vial data from status/calibration_vials.csv
2026-04-28 10:26:04,378 - DEBUG - Loaded robot status from robot_state/robot_status.yaml
2026-04-28 10:26:04,391 - DEBUG - Loaded wellplate positions from robot_state/wellplates.yaml
2026-04-28 10:26:04,392 - DEBUG - Robot status loaded successfully
2026-04-28 10:26:04,392 - INFO - Physical initialization of North Robot...
2026-04-28 10:26:04,396 - DEBUG - Loading pumps from YAML configuration...
2026-04-28 10:26:04,396 - DEBUG - Loaded pump 0: volume=1.0mL, speed=11, liquid=None
2026-04-28 10:26:04,400 - DEBUG - Loaded pump 1: volume=2.5mL, speed=15, liquid=water
2026-04-28 10:26:04,400 - INFO - Moving robot to home position
2026-04-28 10:26:04,400 - DEBUG - Initializing centrifuge controller...
2026-04-28 10:26:04,400 - INFO - Initializing North Track...
2026-04-28 10:26:04,400 - DEBUG - Loading track status from file: robot_state/track_status.yaml
2026-04-28 10:26:04,404 - DEBUG - Getting track status from file: robot_state/track_status.yaml
2026-04-28 10:26:04,405 - DEBUG - Loaded track status from robot_state/track_status.yaml
2026-04-28 10:26:04,405 - DEBUG - Loading track positions from: robot_state/track_positions.yaml
2026-04-28 10:26:04,405 - DEBUG - Loaded track positions configuration from robot_state/track_positions.yaml
2026-04-28 10:26:04,405 - DEBUG - Loading robot hardware configuration from: robot_state/robot_hardware.yaml
2026-04-28 10:26:04,405 - DEBUG - Loaded robot hardware configuration from robot_state/robot_hardware.yaml
2026-04-28 10:26:04,422 - DEBUG - Loaded wellplate properties configuration from robot_state/wellplates.yaml
2026-04-28 10:26:04,422 - DEBUG - Moving North Track to home position
2026-04-28 10:26:04,422 - DEBUG - Detected origin position (0,0) - setting location to 'origin'
2026-04-28 10:26:04,422 - DEBUG - Updated gripper location to: origin at position {'x': 0, 'z': 0}
2026-04-28 10:26:04,422 - DEBUG - Simulating robot component homing...
2026-04-28 10:26:04,422 - INFO - Vial vial_0 already at clamp index 0, no move needed
2026-04-28 10:26:04,461 - DEBUG - Applied object param asp_disp_cycles=0
2026-04-28 10:26:04,461 - DEBUG - Applied object param aspirate_speed=38
2026-04-28 10:26:04,461 - DEBUG - Applied object param aspirate_wait_time=35.059887897223234
2026-04-28 10:26:04,461 - DEBUG - Applied object param blowout_vol=0.3762645442038775
2026-04-28 10:26:04,461 - DEBUG - Applied object param dispense_speed=25
2026-04-28 10:26:04,461 - DEBUG - Applied object param dispense_wait_time=10.595937576144934
2026-04-28 10:26:04,461 - DEBUG - Applied object param overaspirate_vol=0.008863890072553293
2026-04-28 10:26:04,461 - DEBUG - Applied object param post_asp_air_vol=0
2026-04-28 10:26:04,461 - DEBUG - Applied object param post_retract_wait_time=5
2026-04-28 10:26:04,461 - DEBUG - Applied object param pre_asp_air_vol=0.05026872595772147
2026-04-28 10:26:04,461 - DEBUG - Applied object param retract_speed=2
2026-04-28 10:26:04,461 - DEBUG - Selected small_tip for volume 0.135 mL
2026-04-28 10:26:04,461 - INFO - Getting small_tip (pipet number 0) from rack: small_tip_rack_1
2026-04-28 10:26:04,461 - INFO - Pipetting from vial vial_0, amount: 0.135 mL
2026-04-28 10:26:04,461 - INFO - Additional volume from calibration, amount: 0.009 mL
2026-04-28 10:26:04,474 - DEBUG - Adjusting pump 0 speed to 10
2026-04-28 10:26:04,474 - DEBUG - Aspirating 0.050 mL then waiting 0 s
2026-04-28 10:26:04,475 - DEBUG - Adjusting pump 0 speed to 38
2026-04-28 10:26:04,475 - DEBUG - Aspirating 0.144 mL then waiting 35.059887897223234 s
2026-04-28 10:26:04,476 - DEBUG - Applied object param asp_disp_cycles=0
2026-04-28 10:26:04,478 - DEBUG - Applied object param aspirate_speed=38
2026-04-28 10:26:04,478 - DEBUG - Applied object param aspirate_wait_time=35.059887897223234
2026-04-28 10:26:04,478 - DEBUG - Applied object param blowout_vol=0.3762645442038775
2026-04-28 10:26:04,478 - DEBUG - Applied object param dispense_speed=25
2026-04-28 10:26:04,478 - DEBUG - Applied object param dispense_wait_time=10.595937576144934
2026-04-28 10:26:04,478 - DEBUG - Applied object param overaspirate_vol=0.008863890072553293
2026-04-28 10:26:04,478 - DEBUG - Applied object param post_asp_air_vol=0
2026-04-28 10:26:04,478 - DEBUG - Applied object param post_retract_wait_time=5
2026-04-28 10:26:04,478 - DEBUG - Applied object param pre_asp_air_vol=0.05026872595772147
2026-04-28 10:26:04,478 - DEBUG - Applied object param retract_speed=2
2026-04-28 10:26:04,480 - INFO - Pipetting into vial vial_0, amount: 0.135 mL
2026-04-28 10:26:04,480 - DEBUG - Adjusting pump 0 speed to 25
2026-04-28 10:26:04,481 - INFO - Short wait time (1.0s), allowing scale to settle after robot positioning...
2026-04-28 10:26:04,486 - INFO - Started continuous mass monitoring with pre-dispense baseline
2026-04-28 10:26:04,502 - DEBUG - Dispensing 0.194 mL then waiting 10.595937576144934 s
2026-04-28 10:26:04,502 - DEBUG - Blowing out 0.376 mL
2026-04-28 10:26:04,502 - DEBUG - Adjusting pump 0 speed to 5
2026-04-28 10:26:04,503 - DEBUG - Adjusting pump 0 speed to 25
2026-04-28 10:26:04,518 - INFO - Dispensing took 0.016s, collecting post-dispense baseline
2026-04-28 10:26:04,525 - INFO - Stopped continuous mass monitoring. Collected 0 data points
2026-04-28 10:26:04,525 - INFO - Removing pipet
2026-04-28 10:26:04,529 - DEBUG - Applied object param asp_disp_cycles=0
2026-04-28 10:26:04,529 - DEBUG - Applied object param aspirate_speed=27
2026-04-28 10:26:04,529 - DEBUG - Applied object param aspirate_wait_time=27.751536928117275
2026-04-28 10:26:04,529 - DEBUG - Applied object param blowout_vol=0.6742762997746468
2026-04-28 10:26:04,529 - DEBUG - Applied object param dispense_speed=24
2026-04-28 10:26:04,529 - DEBUG - Applied object param dispense_wait_time=13.093401230871676
2026-04-28 10:26:04,529 - DEBUG - Applied object param overaspirate_vol=0.02533712449349768
2026-04-28 10:26:04,529 - DEBUG - Applied object param post_asp_air_vol=0
2026-04-28 10:26:04,529 - DEBUG - Applied object param post_retract_wait_time=5
2026-04-28 10:26:04,529 - DEBUG - Applied object param pre_asp_air_vol=0.0757891433313489
2026-04-28 10:26:04,529 - DEBUG - Applied object param retract_speed=2
2026-04-28 10:26:04,530 - DEBUG - Selected small_tip for volume 0.107 mL
2026-04-28 10:26:04,531 - INFO - Getting small_tip (pipet number 1) from rack: small_tip_rack_1
2026-04-28 10:26:04,532 - INFO - Pipetting from vial vial_0, amount: 0.107 mL
2026-04-28 10:26:04,532 - INFO - Additional volume from calibration, amount: 0.025 mL
2026-04-28 10:26:04,534 - DEBUG - Adjusting pump 0 speed to 10
2026-04-28 10:26:04,534 - DEBUG - Aspirating 0.076 mL then waiting 0 s
2026-04-28 10:26:04,534 - DEBUG - Adjusting pump 0 speed to 27
2026-04-28 10:26:04,534 - DEBUG - Aspirating 0.132 mL then waiting 27.751536928117275 s
2026-04-28 10:26:04,535 - DEBUG - Applied object param asp_disp_cycles=0
2026-04-28 10:26:04,535 - DEBUG - Applied object param aspirate_speed=27
2026-04-28 10:26:04,535 - DEBUG - Applied object param aspirate_wait_time=27.751536928117275
2026-04-28 10:26:04,535 - DEBUG - Applied object param blowout_vol=0.6742762997746468
2026-04-28 10:26:04,535 - DEBUG - Applied object param dispense_speed=24
2026-04-28 10:26:04,535 - DEBUG - Applied object param dispense_wait_time=13.093401230871676
2026-04-28 10:26:04,535 - DEBUG - Applied object param overaspirate_vol=0.02533712449349768
2026-04-28 10:26:04,535 - DEBUG - Applied object param post_asp_air_vol=0
2026-04-28 10:26:04,535 - DEBUG - Applied object param post_retract_wait_time=5
2026-04-28 10:26:04,535 - DEBUG - Applied object param pre_asp_air_vol=0.0757891433313489
2026-04-28 10:26:04,535 - DEBUG - Applied object param retract_speed=2
2026-04-28 10:26:04,536 - INFO - Pipetting into vial vial_0, amount: 0.107 mL
2026-04-28 10:26:04,537 - DEBUG - Adjusting pump 0 speed to 24
2026-04-28 10:26:04,538 - INFO - Short wait time (1.0s), allowing scale to settle after robot positioning...
2026-04-28 10:26:04,549 - INFO - Started continuous mass monitoring with pre-dispense baseline
2026-04-28 10:26:04,571 - DEBUG - Dispensing 0.208 mL then waiting 13.093401230871676 s
2026-04-28 10:26:04,586 - DEBUG - Blowing out 0.674 mL
2026-04-28 10:26:04,605 - DEBUG - Adjusting pump 0 speed to 5
2026-04-28 10:26:04,613 - DEBUG - Adjusting pump 0 speed to 24
2026-04-28 10:26:04,613 - INFO - Dispensing took 0.042s, collecting post-dispense baseline
2026-04-28 10:26:04,621 - INFO - Stopped continuous mass monitoring. Collected 0 data points
2026-04-28 10:26:04,622 - INFO - Removing pipet
2026-04-28 10:26:04,624 - DEBUG - Applied object param asp_disp_cycles=0
2026-04-28 10:26:04,624 - DEBUG - Applied object param aspirate_speed=18
2026-04-28 10:26:04,624 - DEBUG - Applied object param aspirate_wait_time=39.71804860979319
2026-04-28 10:26:04,624 - DEBUG - Applied object param blowout_vol=0.4796917047351599
2026-04-28 10:26:04,624 - DEBUG - Applied object param dispense_speed=11
2026-04-28 10:26:04,624 - DEBUG - Applied object param dispense_wait_time=21.99488488957286
2026-04-28 10:26:04,624 - DEBUG - Applied object param overaspirate_vol=0.01756856455008552
2026-04-28 10:26:04,624 - DEBUG - Applied object param post_asp_air_vol=0
2026-04-28 10:26:04,624 - DEBUG - Applied object param post_retract_wait_time=5
2026-04-28 10:26:04,624 - DEBUG - Applied object param pre_asp_air_vol=0.24362192885018885
2026-04-28 10:26:04,624 - DEBUG - Applied object param retract_speed=2
2026-04-28 10:26:04,625 - DEBUG - Selected small_tip for volume 0.088 mL
2026-04-28 10:26:04,626 - INFO - Getting small_tip (pipet number 2) from rack: small_tip_rack_1
2026-04-28 10:26:04,628 - INFO - Pipetting from vial vial_0, amount: 0.088 mL
2026-04-28 10:26:04,629 - INFO - Additional volume from calibration, amount: 0.018 mL
2026-04-28 10:26:04,630 - DEBUG - Adjusting pump 0 speed to 10
2026-04-28 10:26:04,630 - DEBUG - Aspirating 0.244 mL then waiting 0 s
2026-04-28 10:26:04,631 - DEBUG - Adjusting pump 0 speed to 18
2026-04-28 10:26:04,631 - DEBUG - Aspirating 0.105 mL then waiting 39.71804860979319 s
2026-04-28 10:26:04,631 - DEBUG - Applied object param asp_disp_cycles=0
2026-04-28 10:26:04,631 - DEBUG - Applied object param aspirate_speed=18
2026-04-28 10:26:04,631 - DEBUG - Applied object param aspirate_wait_time=39.71804860979319
2026-04-28 10:26:04,631 - DEBUG - Applied object param blowout_vol=0.4796917047351599
2026-04-28 10:26:04,631 - DEBUG - Applied object param dispense_speed=11
2026-04-28 10:26:04,631 - DEBUG - Applied object param dispense_wait_time=21.99488488957286
2026-04-28 10:26:04,631 - DEBUG - Applied object param overaspirate_vol=0.01756856455008552
2026-04-28 10:26:04,631 - DEBUG - Applied object param post_asp_air_vol=0
2026-04-28 10:26:04,631 - DEBUG - Applied object param post_retract_wait_time=5
2026-04-28 10:26:04,631 - DEBUG - Applied object param pre_asp_air_vol=0.24362192885018885
2026-04-28 10:26:04,631 - DEBUG - Applied object param retract_speed=2
2026-04-28 10:26:04,633 - INFO - Pipetting into vial vial_0, amount: 0.088 mL
2026-04-28 10:26:04,634 - DEBUG - Adjusting pump 0 speed to 11
2026-04-28 10:26:04,635 - INFO - Short wait time (1.0s), allowing scale to settle after robot positioning...
2026-04-28 10:26:04,652 - INFO - Started continuous mass monitoring with pre-dispense baseline
2026-04-28 10:26:04,668 - DEBUG - Dispensing 0.349 mL then waiting 21.99488488957286 s
2026-04-28 10:26:04,684 - DEBUG - Blowing out 0.480 mL
2026-04-28 10:26:04,684 - DEBUG - Adjusting pump 0 speed to 5
2026-04-28 10:26:04,684 - DEBUG - Adjusting pump 0 speed to 11
2026-04-28 10:26:04,684 - INFO - Dispensing took 0.016s, collecting post-dispense baseline
2026-04-28 10:26:04,701 - INFO - Stopped continuous mass monitoring. Collected 0 data points
2026-04-28 10:26:04,701 - INFO - Removing pipet
2026-04-28 10:26:04,703 - DEBUG - Applied object param asp_disp_cycles=0
2026-04-28 10:26:04,703 - DEBUG - Applied object param aspirate_speed=4
2026-04-28 10:26:04,703 - DEBUG - Applied object param aspirate_wait_time=42.15000847354531
2026-04-28 10:26:04,704 - DEBUG - Applied object param blowout_vol=0.4511796683073044
2026-04-28 10:26:04,704 - DEBUG - Applied object param dispense_speed=12
2026-04-28 10:26:04,704 - DEBUG - Applied object param dispense_wait_time=11.572731463238595
2026-04-28 10:26:04,704 - DEBUG - Applied object param overaspirate_vol=0.017981740400505732
2026-04-28 10:26:04,704 - DEBUG - Applied object param post_asp_air_vol=0
2026-04-28 10:26:04,704 - DEBUG - Applied object param post_retract_wait_time=5
2026-04-28 10:26:04,704 - DEBUG - Applied object param pre_asp_air_vol=0.017900389852002263
2026-04-28 10:26:04,704 - DEBUG - Applied object param retract_speed=2
2026-04-28 10:26:04,705 - DEBUG - Selected small_tip for volume 0.141 mL
2026-04-28 10:26:04,706 - INFO - Getting small_tip (pipet number 3) from rack: small_tip_rack_1
2026-04-28 10:26:04,707 - INFO - Pipetting from vial vial_0, amount: 0.141 mL
2026-04-28 10:26:04,707 - INFO - Additional volume from calibration, amount: 0.018 mL
2026-04-28 10:26:04,710 - DEBUG - Adjusting pump 0 speed to 10
2026-04-28 10:26:04,710 - DEBUG - Aspirating 0.018 mL then waiting 0 s
2026-04-28 10:26:04,710 - DEBUG - Adjusting pump 0 speed to 4
2026-04-28 10:26:04,710 - DEBUG - Aspirating 0.159 mL then waiting 42.15000847354531 s
2026-04-28 10:26:04,711 - DEBUG - Applied object param asp_disp_cycles=0
2026-04-28 10:26:04,711 - DEBUG - Applied object param aspirate_speed=4
2026-04-28 10:26:04,711 - DEBUG - Applied object param aspirate_wait_time=42.15000847354531
2026-04-28 10:26:04,711 - DEBUG - Applied object param blowout_vol=0.4511796683073044
2026-04-28 10:26:04,711 - DEBUG - Applied object param dispense_speed=12
2026-04-28 10:26:04,711 - DEBUG - Applied object param dispense_wait_time=11.572731463238595
2026-04-28 10:26:04,711 - DEBUG - Applied object param overaspirate_vol=0.017981740400505732
2026-04-28 10:26:04,711 - DEBUG - Applied object param post_asp_air_vol=0
2026-04-28 10:26:04,711 - DEBUG - Applied object param post_retract_wait_time=5
2026-04-28 10:26:04,711 - DEBUG - Applied object param pre_asp_air_vol=0.017900389852002263
2026-04-28 10:26:04,711 - DEBUG - Applied object param retract_speed=2
2026-04-28 10:26:04,713 - INFO - Pipetting into vial vial_0, amount: 0.141 mL
2026-04-28 10:26:04,714 - DEBUG - Adjusting pump 0 speed to 12
2026-04-28 10:26:04,714 - INFO - Short wait time (1.0s), allowing scale to settle after robot positioning...
2026-04-28 10:26:04,735 - INFO - Started continuous mass monitoring with pre-dispense baseline
2026-04-28 10:26:04,751 - DEBUG - Dispensing 0.177 mL then waiting 11.572731463238595 s
2026-04-28 10:26:04,766 - DEBUG - Blowing out 0.451 mL
2026-04-28 10:26:04,766 - DEBUG - Adjusting pump 0 speed to 5
2026-04-28 10:26:04,766 - DEBUG - Adjusting pump 0 speed to 12
2026-04-28 10:26:04,766 - INFO - Dispensing took 0.016s, collecting post-dispense baseline
2026-04-28 10:26:04,796 - INFO - Stopped continuous mass monitoring. Collected 0 data points
2026-04-28 10:26:04,797 - INFO - Removing pipet
2026-04-28 10:26:04,798 - DEBUG - Applied object param asp_disp_cycles=0
2026-04-28 10:26:04,798 - DEBUG - Applied object param aspirate_speed=19
2026-04-28 10:26:04,798 - DEBUG - Applied object param aspirate_wait_time=40.84349624812603
2026-04-28 10:26:04,798 - DEBUG - Applied object param blowout_vol=0.6194440219551325
2026-04-28 10:26:04,798 - DEBUG - Applied object param dispense_speed=5
2026-04-28 10:26:04,798 - DEBUG - Applied object param dispense_wait_time=15.860272580757735
2026-04-28 10:26:04,798 - DEBUG - Applied object param overaspirate_vol=0.0047436731900983705
2026-04-28 10:26:04,798 - DEBUG - Applied object param post_asp_air_vol=0
2026-04-28 10:26:04,798 - DEBUG - Applied object param post_retract_wait_time=5
2026-04-28 10:26:04,798 - DEBUG - Applied object param pre_asp_air_vol=0.1977023754734546
2026-04-28 10:26:04,799 - DEBUG - Applied object param retract_speed=2
2026-04-28 10:26:04,799 - DEBUG - Selected small_tip for volume 0.026 mL
2026-04-28 10:26:04,800 - INFO - Getting small_tip (pipet number 4) from rack: small_tip_rack_1
2026-04-28 10:26:04,801 - INFO - Pipetting from vial vial_0, amount: 0.026 mL
2026-04-28 10:26:04,802 - INFO - Additional volume from calibration, amount: 0.005 mL
2026-04-28 10:26:04,803 - DEBUG - Adjusting pump 0 speed to 10
2026-04-28 10:26:04,804 - DEBUG - Aspirating 0.198 mL then waiting 0 s
2026-04-28 10:26:04,804 - DEBUG - Adjusting pump 0 speed to 19
2026-04-28 10:26:04,804 - DEBUG - Aspirating 0.031 mL then waiting 40.84349624812603 s
2026-04-28 10:26:04,804 - DEBUG - Applied object param asp_disp_cycles=0
2026-04-28 10:26:04,804 - DEBUG - Applied object param aspirate_speed=19
2026-04-28 10:26:04,804 - DEBUG - Applied object param aspirate_wait_time=40.84349624812603
2026-04-28 10:26:04,804 - DEBUG - Applied object param blowout_vol=0.6194440219551325
2026-04-28 10:26:04,804 - DEBUG - Applied object param dispense_speed=5
2026-04-28 10:26:04,804 - DEBUG - Applied object param dispense_wait_time=15.860272580757735
2026-04-28 10:26:04,804 - DEBUG - Applied object param overaspirate_vol=0.0047436731900983705
2026-04-28 10:26:04,804 - DEBUG - Applied object param post_asp_air_vol=0
2026-04-28 10:26:04,804 - DEBUG - Applied object param post_retract_wait_time=5
2026-04-28 10:26:04,804 - DEBUG - Applied object param pre_asp_air_vol=0.1977023754734546
2026-04-28 10:26:04,804 - DEBUG - Applied object param retract_speed=2
2026-04-28 10:26:04,806 - INFO - Pipetting into vial vial_0, amount: 0.026 mL
2026-04-28 10:26:04,808 - DEBUG - Adjusting pump 0 speed to 5
2026-04-28 10:26:04,809 - INFO - Short wait time (1.0s), allowing scale to settle after robot positioning...
2026-04-28 10:26:04,828 - INFO - Started continuous mass monitoring with pre-dispense baseline
2026-04-28 10:26:04,851 - DEBUG - Dispensing 0.228 mL then waiting 15.860272580757735 s
2026-04-28 10:26:04,867 - DEBUG - Blowing out 0.619 mL
2026-04-28 10:26:04,876 - DEBUG - Adjusting pump 0 speed to 5
2026-04-28 10:26:04,890 - DEBUG - Adjusting pump 0 speed to 5
2026-04-28 10:26:04,905 - INFO - Dispensing took 0.054s, collecting post-dispense baseline
2026-04-28 10:26:04,926 - INFO - Stopped continuous mass monitoring. Collected 0 data points
2026-04-28 10:26:04,926 - INFO - Removing pipet
2026-04-28 10:26:04,926 - DEBUG - Applied object param asp_disp_cycles=0
2026-04-28 10:26:04,926 - DEBUG - Applied object param aspirate_speed=2
2026-04-28 10:26:04,926 - DEBUG - Applied object param aspirate_wait_time=54.930536951869726
2026-04-28 10:26:04,926 - DEBUG - Applied object param blowout_vol=0.06848467234522104
2026-04-28 10:26:04,926 - DEBUG - Applied object param dispense_speed=30
2026-04-28 10:26:04,926 - DEBUG - Applied object param dispense_wait_time=11.701961047947409
2026-04-28 10:26:04,926 - DEBUG - Applied object param overaspirate_vol=0.004795164132741703
2026-04-28 10:26:04,926 - DEBUG - Applied object param post_asp_air_vol=0
2026-04-28 10:26:04,926 - DEBUG - Applied object param post_retract_wait_time=5
2026-04-28 10:26:04,926 - DEBUG - Applied object param pre_asp_air_vol=0.07358744251541793
2026-04-28 10:26:04,926 - DEBUG - Applied object param retract_speed=2
2026-04-28 10:26:04,926 - DEBUG - Selected small_tip for volume 0.022 mL
2026-04-28 10:26:04,926 - INFO - Getting small_tip (pipet number 5) from rack: small_tip_rack_1
2026-04-28 10:26:04,926 - INFO - Pipetting from vial vial_0, amount: 0.022 mL
2026-04-28 10:26:04,926 - INFO - Additional volume from calibration, amount: 0.005 mL
2026-04-28 10:26:04,926 - DEBUG - Adjusting pump 0 speed to 10
2026-04-28 10:26:04,926 - DEBUG - Aspirating 0.074 mL then waiting 0 s
2026-04-28 10:26:04,926 - DEBUG - Adjusting pump 0 speed to 2
2026-04-28 10:26:04,926 - DEBUG - Aspirating 0.026 mL then waiting 54.930536951869726 s
2026-04-28 10:26:04,926 - DEBUG - Applied object param asp_disp_cycles=0
2026-04-28 10:26:04,926 - DEBUG - Applied object param aspirate_speed=2
2026-04-28 10:26:04,926 - DEBUG - Applied object param aspirate_wait_time=54.930536951869726
2026-04-28 10:26:04,926 - DEBUG - Applied object param blowout_vol=0.06848467234522104
2026-04-28 10:26:04,926 - DEBUG - Applied object param dispense_speed=30
2026-04-28 10:26:04,926 - DEBUG - Applied object param dispense_wait_time=11.701961047947409
2026-04-28 10:26:04,926 - DEBUG - Applied object param overaspirate_vol=0.004795164132741703
2026-04-28 10:26:04,926 - DEBUG - Applied object param post_asp_air_vol=0
2026-04-28 10:26:04,926 - DEBUG - Applied object param post_retract_wait_time=5
2026-04-28 10:26:04,926 - DEBUG - Applied object param pre_asp_air_vol=0.07358744251541793
2026-04-28 10:26:04,926 - DEBUG - Applied object param retract_speed=2
2026-04-28 10:26:04,937 - INFO - Pipetting into vial vial_0, amount: 0.022 mL
2026-04-28 10:26:04,938 - DEBUG - Adjusting pump 0 speed to 30
2026-04-28 10:26:04,940 - INFO - Short wait time (1.0s), allowing scale to settle after robot positioning...
2026-04-28 10:26:04,954 - INFO - Started continuous mass monitoring with pre-dispense baseline
2026-04-28 10:26:04,987 - DEBUG - Dispensing 0.100 mL then waiting 11.701961047947409 s
2026-04-28 10:26:04,993 - DEBUG - Blowing out 0.068 mL
2026-04-28 10:26:04,993 - DEBUG - Adjusting pump 0 speed to 5
2026-04-28 10:26:04,993 - DEBUG - Adjusting pump 0 speed to 30
2026-04-28 10:26:04,993 - INFO - Dispensing took 0.005s, collecting post-dispense baseline
2026-04-28 10:26:05,021 - INFO - Stopped continuous mass monitoring. Collected 0 data points
2026-04-28 10:26:05,021 - INFO - Removing pipet
2026-04-28 10:26:05,024 - DEBUG - Applied object param asp_disp_cycles=0
2026-04-28 10:26:05,024 - DEBUG - Applied object param aspirate_speed=12
2026-04-28 10:26:05,024 - DEBUG - Applied object param aspirate_wait_time=27.15295784175396
2026-04-28 10:26:05,024 - DEBUG - Applied object param blowout_vol=0.7778967749327421
2026-04-28 10:26:05,025 - DEBUG - Applied object param dispense_speed=7
2026-04-28 10:26:05,025 - DEBUG - Applied object param dispense_wait_time=9.29178119637072
2026-04-28 10:26:05,025 - DEBUG - Applied object param overaspirate_vol=0.017324565897319993
2026-04-28 10:26:05,025 - DEBUG - Applied object param post_asp_air_vol=0
2026-04-28 10:26:05,025 - DEBUG - Applied object param post_retract_wait_time=5
2026-04-28 10:26:05,025 - DEBUG - Applied object param pre_asp_air_vol=0.19203183380886912
2026-04-28 10:26:05,025 - DEBUG - Applied object param retract_speed=2
2026-04-28 10:26:05,026 - DEBUG - Selected small_tip for volume 0.148 mL
2026-04-28 10:26:05,026 - INFO - Getting small_tip (pipet number 6) from rack: small_tip_rack_1
2026-04-28 10:26:05,029 - INFO - Pipetting from vial vial_0, amount: 0.148 mL
2026-04-28 10:26:05,029 - INFO - Additional volume from calibration, amount: 0.017 mL
2026-04-28 10:26:05,031 - DEBUG - Adjusting pump 0 speed to 10
2026-04-28 10:26:05,031 - DEBUG - Aspirating 0.192 mL then waiting 0 s
2026-04-28 10:26:05,031 - DEBUG - Adjusting pump 0 speed to 12
2026-04-28 10:26:05,031 - DEBUG - Aspirating 0.166 mL then waiting 27.15295784175396 s
2026-04-28 10:26:05,031 - DEBUG - Applied object param asp_disp_cycles=0
2026-04-28 10:26:05,032 - DEBUG - Applied object param aspirate_speed=12
2026-04-28 10:26:05,032 - DEBUG - Applied object param aspirate_wait_time=27.15295784175396
2026-04-28 10:26:05,032 - DEBUG - Applied object param blowout_vol=0.7778967749327421
2026-04-28 10:26:05,032 - DEBUG - Applied object param dispense_speed=7
2026-04-28 10:26:05,032 - DEBUG - Applied object param dispense_wait_time=9.29178119637072
2026-04-28 10:26:05,032 - DEBUG - Applied object param overaspirate_vol=0.017324565897319993
2026-04-28 10:26:05,032 - DEBUG - Applied object param post_asp_air_vol=0
2026-04-28 10:26:05,032 - DEBUG - Applied object param post_retract_wait_time=5
2026-04-28 10:26:05,032 - DEBUG - Applied object param pre_asp_air_vol=0.19203183380886912
2026-04-28 10:26:05,032 - DEBUG - Applied object param retract_speed=2
2026-04-28 10:26:05,034 - INFO - Pipetting into vial vial_0, amount: 0.148 mL
2026-04-28 10:26:05,035 - DEBUG - Adjusting pump 0 speed to 7
2026-04-28 10:26:05,036 - INFO - Short wait time (1.0s), allowing scale to settle after robot positioning...
2026-04-28 10:26:05,055 - INFO - Started continuous mass monitoring with pre-dispense baseline
2026-04-28 10:26:05,088 - DEBUG - Dispensing 0.358 mL then waiting 9.29178119637072 s
2026-04-28 10:26:05,101 - DEBUG - Blowing out 0.778 mL
2026-04-28 10:26:05,107 - DEBUG - Adjusting pump 0 speed to 5
2026-04-28 10:26:05,122 - DEBUG - Adjusting pump 0 speed to 7
2026-04-28 10:26:05,122 - INFO - Dispensing took 0.034s, collecting post-dispense baseline
2026-04-28 10:26:05,137 - INFO - Stopped continuous mass monitoring. Collected 0 data points
2026-04-28 10:26:05,137 - INFO - Removing pipet
2026-04-28 10:26:05,140 - DEBUG - Applied object param asp_disp_cycles=0
2026-04-28 10:26:05,140 - DEBUG - Applied object param aspirate_speed=18
2026-04-28 10:26:05,140 - DEBUG - Applied object param aspirate_wait_time=14.70331298187375
2026-04-28 10:26:05,140 - DEBUG - Applied object param blowout_vol=0.6587688187137246
2026-04-28 10:26:05,140 - DEBUG - Applied object param dispense_speed=14
2026-04-28 10:26:05,140 - DEBUG - Applied object param dispense_wait_time=27.71028625778854
2026-04-28 10:26:05,140 - DEBUG - Applied object param overaspirate_vol=0.008074312687687558
2026-04-28 10:26:05,140 - DEBUG - Applied object param post_asp_air_vol=0
2026-04-28 10:26:05,140 - DEBUG - Applied object param post_retract_wait_time=5
2026-04-28 10:26:05,140 - DEBUG - Applied object param pre_asp_air_vol=0.1941923736594617
2026-04-28 10:26:05,140 - DEBUG - Applied object param retract_speed=2
2026-04-28 10:26:05,142 - DEBUG - Selected small_tip for volume 0.126 mL
2026-04-28 10:26:05,143 - INFO - Getting small_tip (pipet number 7) from rack: small_tip_rack_1
2026-04-28 10:26:05,144 - INFO - Pipetting from vial vial_0, amount: 0.126 mL
2026-04-28 10:26:05,144 - INFO - Additional volume from calibration, amount: 0.008 mL
2026-04-28 10:26:05,146 - DEBUG - Adjusting pump 0 speed to 10
2026-04-28 10:26:05,146 - DEBUG - Aspirating 0.194 mL then waiting 0 s
2026-04-28 10:26:05,146 - DEBUG - Adjusting pump 0 speed to 18
2026-04-28 10:26:05,146 - DEBUG - Aspirating 0.134 mL then waiting 14.70331298187375 s
2026-04-28 10:26:05,146 - DEBUG - Applied object param asp_disp_cycles=0
2026-04-28 10:26:05,146 - DEBUG - Applied object param aspirate_speed=18
2026-04-28 10:26:05,146 - DEBUG - Applied object param aspirate_wait_time=14.70331298187375
2026-04-28 10:26:05,146 - DEBUG - Applied object param blowout_vol=0.6587688187137246
2026-04-28 10:26:05,146 - DEBUG - Applied object param dispense_speed=14
2026-04-28 10:26:05,147 - DEBUG - Applied object param dispense_wait_time=27.71028625778854
2026-04-28 10:26:05,147 - DEBUG - Applied object param overaspirate_vol=0.008074312687687558
2026-04-28 10:26:05,147 - DEBUG - Applied object param post_asp_air_vol=0
2026-04-28 10:26:05,147 - DEBUG - Applied object param post_retract_wait_time=5
2026-04-28 10:26:05,147 - DEBUG - Applied object param pre_asp_air_vol=0.1941923736594617
2026-04-28 10:26:05,147 - DEBUG - Applied object param retract_speed=2
2026-04-28 10:26:05,148 - INFO - Pipetting into vial vial_0, amount: 0.126 mL
2026-04-28 10:26:05,149 - DEBUG - Adjusting pump 0 speed to 14
2026-04-28 10:26:05,150 - INFO - Short wait time (1.0s), allowing scale to settle after robot positioning...
2026-04-28 10:26:05,171 - INFO - Started continuous mass monitoring with pre-dispense baseline
2026-04-28 10:26:05,204 - DEBUG - Dispensing 0.328 mL then waiting 27.71028625778854 s
2026-04-28 10:26:05,204 - DEBUG - Blowing out 0.659 mL
2026-04-28 10:26:05,222 - DEBUG - Adjusting pump 0 speed to 5
2026-04-28 10:26:05,222 - DEBUG - Adjusting pump 0 speed to 14
2026-04-28 10:26:05,222 - INFO - Dispensing took 0.018s, collecting post-dispense baseline
2026-04-28 10:26:05,237 - INFO - Stopped continuous mass monitoring. Collected 0 data points
2026-04-28 10:26:05,237 - INFO - Removing pipet
2026-04-28 10:26:05,239 - DEBUG - Applied object param asp_disp_cycles=0
2026-04-28 10:26:05,239 - DEBUG - Applied object param aspirate_speed=3
2026-04-28 10:26:05,239 - DEBUG - Applied object param aspirate_wait_time=44.87775061279535
2026-04-28 10:26:05,239 - DEBUG - Applied object param blowout_vol=0.14836055878549814
2026-04-28 10:26:05,239 - DEBUG - Applied object param dispense_speed=11
2026-04-28 10:26:05,240 - DEBUG - Applied object param dispense_wait_time=7.354194838553667
2026-04-28 10:26:05,240 - DEBUG - Applied object param overaspirate_vol=0.004947280220862144
2026-04-28 10:26:05,240 - DEBUG - Applied object param post_asp_air_vol=0
2026-04-28 10:26:05,240 - DEBUG - Applied object param post_retract_wait_time=5
2026-04-28 10:26:05,240 - DEBUG - Applied object param pre_asp_air_vol=0.21452701720409093
2026-04-28 10:26:05,240 - DEBUG - Applied object param retract_speed=2
2026-04-28 10:26:05,240 - DEBUG - Selected small_tip for volume 0.043 mL
2026-04-28 10:26:05,241 - INFO - Getting small_tip (pipet number 8) from rack: small_tip_rack_1
2026-04-28 10:26:05,243 - INFO - Pipetting from vial vial_0, amount: 0.043 mL
2026-04-28 10:26:05,243 - INFO - Additional volume from calibration, amount: 0.005 mL
2026-04-28 10:26:05,245 - DEBUG - Adjusting pump 0 speed to 10
2026-04-28 10:26:05,245 - DEBUG - Aspirating 0.215 mL then waiting 0 s
2026-04-28 10:26:05,245 - DEBUG - Adjusting pump 0 speed to 3
2026-04-28 10:26:05,245 - DEBUG - Aspirating 0.048 mL then waiting 44.87775061279535 s
2026-04-28 10:26:05,245 - DEBUG - Applied object param asp_disp_cycles=0
2026-04-28 10:26:05,245 - DEBUG - Applied object param aspirate_speed=3
2026-04-28 10:26:05,245 - DEBUG - Applied object param aspirate_wait_time=44.87775061279535
2026-04-28 10:26:05,245 - DEBUG - Applied object param blowout_vol=0.14836055878549814
2026-04-28 10:26:05,245 - DEBUG - Applied object param dispense_speed=11
2026-04-28 10:26:05,246 - DEBUG - Applied object param dispense_wait_time=7.354194838553667
2026-04-28 10:26:05,246 - DEBUG - Applied object param overaspirate_vol=0.004947280220862144
2026-04-28 10:26:05,246 - DEBUG - Applied object param post_asp_air_vol=0
2026-04-28 10:26:05,246 - DEBUG - Applied object param post_retract_wait_time=5
2026-04-28 10:26:05,246 - DEBUG - Applied object param pre_asp_air_vol=0.21452701720409093
2026-04-28 10:26:05,246 - DEBUG - Applied object param retract_speed=2
2026-04-28 10:26:05,247 - INFO - Pipetting into vial vial_0, amount: 0.043 mL
2026-04-28 10:26:05,248 - DEBUG - Adjusting pump 0 speed to 11
2026-04-28 10:26:05,248 - INFO - Short wait time (1.0s), allowing scale to settle after robot positioning...
2026-04-28 10:26:05,256 - INFO - Started continuous mass monitoring with pre-dispense baseline
2026-04-28 10:26:05,286 - DEBUG - Dispensing 0.262 mL then waiting 7.354194838553667 s
2026-04-28 10:26:05,305 - DEBUG - Blowing out 0.148 mL
2026-04-28 10:26:05,320 - DEBUG - Adjusting pump 0 speed to 5
2026-04-28 10:26:05,336 - DEBUG - Adjusting pump 0 speed to 11
2026-04-28 10:26:05,352 - INFO - Dispensing took 0.066s, collecting post-dispense baseline
2026-04-28 10:26:05,365 - INFO - Stopped continuous mass monitoring. Collected 0 data points
2026-04-28 10:26:05,366 - INFO - Removing pipet
2026-04-28 10:26:05,366 - DEBUG - Applied object param asp_disp_cycles=0
2026-04-28 10:26:05,366 - DEBUG - Applied object param aspirate_speed=25
2026-04-28 10:26:05,367 - DEBUG - Applied object param aspirate_wait_time=4.543282650411129
2026-04-28 10:26:05,367 - DEBUG - Applied object param blowout_vol=0.0364347156137228
2026-04-28 10:26:05,367 - DEBUG - Applied object param dispense_speed=17
2026-04-28 10:26:05,367 - DEBUG - Applied object param dispense_wait_time=21.12103197723627
2026-04-28 10:26:05,367 - DEBUG - Applied object param overaspirate_vol=0.0001212616298745996
2026-04-28 10:26:05,367 - DEBUG - Applied object param post_asp_air_vol=0
2026-04-28 10:26:05,367 - DEBUG - Applied object param post_retract_wait_time=5
2026-04-28 10:26:05,367 - DEBUG - Applied object param pre_asp_air_vol=0.02834123163484037
2026-04-28 10:26:05,367 - DEBUG - Applied object param retract_speed=2
2026-04-28 10:26:05,368 - DEBUG - Selected small_tip for volume 0.094 mL
2026-04-28 10:26:05,369 - INFO - Getting small_tip (pipet number 9) from rack: small_tip_rack_1
2026-04-28 10:26:05,371 - INFO - Pipetting from vial vial_0, amount: 0.094 mL
2026-04-28 10:26:05,371 - INFO - Additional volume from calibration, amount: 0.000 mL
2026-04-28 10:26:05,373 - DEBUG - Adjusting pump 0 speed to 10
2026-04-28 10:26:05,373 - DEBUG - Aspirating 0.028 mL then waiting 0 s
2026-04-28 10:26:05,374 - DEBUG - Adjusting pump 0 speed to 25
2026-04-28 10:26:05,374 - DEBUG - Aspirating 0.094 mL then waiting 4.543282650411129 s
2026-04-28 10:26:05,374 - DEBUG - Applied object param asp_disp_cycles=0
2026-04-28 10:26:05,374 - DEBUG - Applied object param aspirate_speed=25
2026-04-28 10:26:05,375 - DEBUG - Applied object param aspirate_wait_time=4.543282650411129
2026-04-28 10:26:05,375 - DEBUG - Applied object param blowout_vol=0.0364347156137228
2026-04-28 10:26:05,375 - DEBUG - Applied object param dispense_speed=17
2026-04-28 10:26:05,375 - DEBUG - Applied object param dispense_wait_time=21.12103197723627
2026-04-28 10:26:05,375 - DEBUG - Applied object param overaspirate_vol=0.0001212616298745996
2026-04-28 10:26:05,375 - DEBUG - Applied object param post_asp_air_vol=0
2026-04-28 10:26:05,375 - DEBUG - Applied object param post_retract_wait_time=5
2026-04-28 10:26:05,375 - DEBUG - Applied object param pre_asp_air_vol=0.02834123163484037
2026-04-28 10:26:05,375 - DEBUG - Applied object param retract_speed=2
2026-04-28 10:26:05,377 - INFO - Pipetting into vial vial_0, amount: 0.094 mL
2026-04-28 10:26:05,378 - DEBUG - Adjusting pump 0 speed to 17
2026-04-28 10:26:05,378 - INFO - Short wait time (1.0s), allowing scale to settle after robot positioning...
2026-04-28 10:26:05,389 - INFO - Started continuous mass monitoring with pre-dispense baseline
2026-04-28 10:26:05,421 - DEBUG - Dispensing 0.122 mL then waiting 21.12103197723627 s
2026-04-28 10:26:05,438 - DEBUG - Blowing out 0.036 mL
2026-04-28 10:26:05,438 - DEBUG - Adjusting pump 0 speed to 5
2026-04-28 10:26:05,438 - DEBUG - Adjusting pump 0 speed to 17
2026-04-28 10:26:05,438 - INFO - Dispensing took 0.017s, collecting post-dispense baseline
2026-04-28 10:26:05,454 - INFO - Stopped continuous mass monitoring. Collected 0 data points
2026-04-28 10:26:05,455 - INFO - Removing pipet
2026-04-28 10:26:05,457 - DEBUG - Applied object param asp_disp_cycles=0
2026-04-28 10:26:05,457 - DEBUG - Applied object param aspirate_speed=30
2026-04-28 10:26:05,457 - DEBUG - Applied object param aspirate_wait_time=20.064664967358112
2026-04-28 10:26:05,457 - DEBUG - Applied object param blowout_vol=0.8318845890462399
2026-04-28 10:26:05,457 - DEBUG - Applied object param dispense_speed=19
2026-04-28 10:26:05,457 - DEBUG - Applied object param dispense_wait_time=14.04790498316288
2026-04-28 10:26:05,457 - DEBUG - Applied object param overaspirate_vol=0.025604727774358405
2026-04-28 10:26:05,457 - DEBUG - Applied object param post_asp_air_vol=0
2026-04-28 10:26:05,457 - DEBUG - Applied object param post_retract_wait_time=5
2026-04-28 10:26:05,457 - DEBUG - Applied object param pre_asp_air_vol=0.2241750054527074
2026-04-28 10:26:05,457 - DEBUG - Applied object param retract_speed=2
2026-04-28 10:26:05,458 - DEBUG - Selected small_tip for volume 0.144 mL
2026-04-28 10:26:05,459 - INFO - Getting small_tip (pipet number 10) from rack: small_tip_rack_1
2026-04-28 10:26:05,461 - INFO - Pipetting from vial vial_0, amount: 0.144 mL
2026-04-28 10:26:05,461 - INFO - Additional volume from calibration, amount: 0.026 mL
2026-04-28 10:26:05,462 - DEBUG - Adjusting pump 0 speed to 10
2026-04-28 10:26:05,463 - DEBUG - Aspirating 0.224 mL then waiting 0 s
2026-04-28 10:26:05,463 - DEBUG - Adjusting pump 0 speed to 30
2026-04-28 10:26:05,463 - DEBUG - Aspirating 0.169 mL then waiting 20.064664967358112 s
2026-04-28 10:26:05,463 - DEBUG - Applied object param asp_disp_cycles=0
2026-04-28 10:26:05,463 - DEBUG - Applied object param aspirate_speed=30
2026-04-28 10:26:05,463 - DEBUG - Applied object param aspirate_wait_time=20.064664967358112
2026-04-28 10:26:05,463 - DEBUG - Applied object param blowout_vol=0.8318845890462399
2026-04-28 10:26:05,463 - DEBUG - Applied object param dispense_speed=19
2026-04-28 10:26:05,463 - DEBUG - Applied object param dispense_wait_time=14.04790498316288
2026-04-28 10:26:05,463 - DEBUG - Applied object param overaspirate_vol=0.025604727774358405
2026-04-28 10:26:05,463 - DEBUG - Applied object param post_asp_air_vol=0
2026-04-28 10:26:05,463 - DEBUG - Applied object param post_retract_wait_time=5
2026-04-28 10:26:05,463 - DEBUG - Applied object param pre_asp_air_vol=0.2241750054527074
2026-04-28 10:26:05,463 - DEBUG - Applied object param retract_speed=2
2026-04-28 10:26:05,465 - INFO - Pipetting into vial vial_0, amount: 0.144 mL
2026-04-28 10:26:05,465 - DEBUG - Adjusting pump 0 speed to 19
2026-04-28 10:26:05,467 - INFO - Short wait time (1.0s), allowing scale to settle after robot positioning...
2026-04-28 10:26:05,472 - INFO - Started continuous mass monitoring with pre-dispense baseline
2026-04-28 10:26:05,488 - DEBUG - Dispensing 0.394 mL then waiting 14.04790498316288 s
2026-04-28 10:26:05,505 - DEBUG - Blowing out 0.832 mL
2026-04-28 10:26:05,505 - DEBUG - Adjusting pump 0 speed to 5
2026-04-28 10:26:05,506 - DEBUG - Adjusting pump 0 speed to 19
2026-04-28 10:26:05,506 - INFO - Dispensing took 0.018s, collecting post-dispense baseline
2026-04-28 10:26:05,538 - INFO - Stopped continuous mass monitoring. Collected 0 data points
2026-04-28 10:26:05,539 - INFO - Removing pipet
2026-04-28 10:26:05,541 - DEBUG - Applied object param asp_disp_cycles=0
2026-04-28 10:26:05,541 - DEBUG - Applied object param aspirate_speed=4
2026-04-28 10:26:05,541 - DEBUG - Applied object param aspirate_wait_time=51.42521342262626
2026-04-28 10:26:05,541 - DEBUG - Applied object param blowout_vol=0.9227671371772884
2026-04-28 10:26:05,541 - DEBUG - Applied object param dispense_speed=19
2026-04-28 10:26:05,541 - DEBUG - Applied object param dispense_wait_time=16.7432579677552
2026-04-28 10:26:05,541 - DEBUG - Applied object param overaspirate_vol=0.005833221700514132
2026-04-28 10:26:05,541 - DEBUG - Applied object param post_asp_air_vol=0
2026-04-28 10:26:05,542 - DEBUG - Applied object param post_retract_wait_time=5
2026-04-28 10:26:05,542 - DEBUG - Applied object param pre_asp_air_vol=0.0785377339925617
2026-04-28 10:26:05,542 - DEBUG - Applied object param retract_speed=2
2026-04-28 10:26:05,542 - DEBUG - Selected small_tip for volume 0.108 mL
2026-04-28 10:26:05,543 - INFO - Getting small_tip (pipet number 11) from rack: small_tip_rack_1
2026-04-28 10:26:05,545 - INFO - Pipetting from vial vial_0, amount: 0.108 mL
2026-04-28 10:26:05,546 - INFO - Additional volume from calibration, amount: 0.006 mL
2026-04-28 10:26:05,547 - DEBUG - Adjusting pump 0 speed to 10
2026-04-28 10:26:05,547 - DEBUG - Aspirating 0.079 mL then waiting 0 s
2026-04-28 10:26:05,547 - DEBUG - Adjusting pump 0 speed to 4
2026-04-28 10:26:05,547 - DEBUG - Aspirating 0.114 mL then waiting 51.42521342262626 s
2026-04-28 10:26:05,547 - DEBUG - Applied object param asp_disp_cycles=0
2026-04-28 10:26:05,547 - DEBUG - Applied object param aspirate_speed=4
2026-04-28 10:26:05,548 - DEBUG - Applied object param aspirate_wait_time=51.42521342262626
2026-04-28 10:26:05,548 - DEBUG - Applied object param blowout_vol=0.9227671371772884
2026-04-28 10:26:05,548 - DEBUG - Applied object param dispense_speed=19
2026-04-28 10:26:05,548 - DEBUG - Applied object param dispense_wait_time=16.7432579677552
2026-04-28 10:26:05,548 - DEBUG - Applied object param overaspirate_vol=0.005833221700514132
2026-04-28 10:26:05,548 - DEBUG - Applied object param post_asp_air_vol=0
2026-04-28 10:26:05,548 - DEBUG - Applied object param post_retract_wait_time=5
2026-04-28 10:26:05,548 - DEBUG - Applied object param pre_asp_air_vol=0.0785377339925617
2026-04-28 10:26:05,548 - DEBUG - Applied object param retract_speed=2
2026-04-28 10:26:05,549 - INFO - Pipetting into vial vial_0, amount: 0.108 mL
2026-04-28 10:26:05,550 - DEBUG - Adjusting pump 0 speed to 19
2026-04-28 10:26:05,550 - INFO - Short wait time (1.0s), allowing scale to settle after robot positioning...
2026-04-28 10:26:05,557 - INFO - Started continuous mass monitoring with pre-dispense baseline
2026-04-28 10:26:05,588 - DEBUG - Dispensing 0.192 mL then waiting 16.7432579677552 s
2026-04-28 10:26:05,603 - DEBUG - Blowing out 0.923 mL
2026-04-28 10:26:05,603 - DEBUG - Adjusting pump 0 speed to 5
2026-04-28 10:26:05,603 - DEBUG - Adjusting pump 0 speed to 19
2026-04-28 10:26:05,603 - INFO - Dispensing took 0.015s, collecting post-dispense baseline
2026-04-28 10:26:05,622 - INFO - Stopped continuous mass monitoring. Collected 0 data points
2026-04-28 10:26:05,623 - INFO - Removing pipet
2026-04-28 10:26:05,624 - DEBUG - Applied object param asp_disp_cycles=0
2026-04-28 10:26:05,624 - DEBUG - Applied object param aspirate_speed=7
2026-04-28 10:26:05,624 - DEBUG - Applied object param aspirate_wait_time=58.48019432276487
2026-04-28 10:26:05,625 - DEBUG - Applied object param blowout_vol=0.97020526509732
2026-04-28 10:26:05,625 - DEBUG - Applied object param dispense_speed=11
2026-04-28 10:26:05,625 - DEBUG - Applied object param dispense_wait_time=29.66079538688064
2026-04-28 10:26:05,625 - DEBUG - Applied object param overaspirate_vol=0.011534958707405616
2026-04-28 10:26:05,625 - DEBUG - Applied object param post_asp_air_vol=0
2026-04-28 10:26:05,625 - DEBUG - Applied object param post_retract_wait_time=5
2026-04-28 10:26:05,625 - DEBUG - Applied object param pre_asp_air_vol=0.03433087863959372
2026-04-28 10:26:05,625 - DEBUG - Applied object param retract_speed=2
2026-04-28 10:26:05,626 - DEBUG - Selected small_tip for volume 0.061 mL
2026-04-28 10:26:05,626 - INFO - Getting small_tip (pipet number 12) from rack: small_tip_rack_1
2026-04-28 10:26:05,628 - INFO - Pipetting from vial vial_0, amount: 0.061 mL
2026-04-28 10:26:05,628 - INFO - Additional volume from calibration, amount: 0.012 mL
2026-04-28 10:26:05,629 - DEBUG - Adjusting pump 0 speed to 10
2026-04-28 10:26:05,631 - DEBUG - Aspirating 0.034 mL then waiting 0 s
2026-04-28 10:26:05,631 - DEBUG - Adjusting pump 0 speed to 7
2026-04-28 10:26:05,631 - DEBUG - Aspirating 0.072 mL then waiting 58.48019432276487 s
2026-04-28 10:26:05,631 - DEBUG - Applied object param asp_disp_cycles=0
2026-04-28 10:26:05,631 - DEBUG - Applied object param aspirate_speed=7
2026-04-28 10:26:05,631 - DEBUG - Applied object param aspirate_wait_time=58.48019432276487
2026-04-28 10:26:05,631 - DEBUG - Applied object param blowout_vol=0.97020526509732
2026-04-28 10:26:05,631 - DEBUG - Applied object param dispense_speed=11
2026-04-28 10:26:05,631 - DEBUG - Applied object param dispense_wait_time=29.66079538688064
2026-04-28 10:26:05,631 - DEBUG - Applied object param overaspirate_vol=0.011534958707405616
2026-04-28 10:26:05,631 - DEBUG - Applied object param post_asp_air_vol=0
2026-04-28 10:26:05,631 - DEBUG - Applied object param post_retract_wait_time=5
2026-04-28 10:26:05,631 - DEBUG - Applied object param pre_asp_air_vol=0.03433087863959372
2026-04-28 10:26:05,631 - DEBUG - Applied object param retract_speed=2
2026-04-28 10:26:05,633 - INFO - Pipetting into vial vial_0, amount: 0.061 mL
2026-04-28 10:26:05,633 - DEBUG - Adjusting pump 0 speed to 11
2026-04-28 10:26:05,634 - INFO - Short wait time (1.0s), allowing scale to settle after robot positioning...
2026-04-28 10:26:05,654 - INFO - Started continuous mass monitoring with pre-dispense baseline
2026-04-28 10:26:05,670 - DEBUG - Dispensing 0.106 mL then waiting 29.66079538688064 s
2026-04-28 10:26:05,689 - DEBUG - Blowing out 0.970 mL
2026-04-28 10:26:05,689 - DEBUG - Adjusting pump 0 speed to 5
2026-04-28 10:26:05,689 - DEBUG - Adjusting pump 0 speed to 11
2026-04-28 10:26:05,689 - INFO - Dispensing took 0.018s, collecting post-dispense baseline
2026-04-28 10:26:05,703 - INFO - Stopped continuous mass monitoring. Collected 0 data points
2026-04-28 10:26:05,704 - INFO - Removing pipet
2026-04-28 10:26:05,706 - DEBUG - Applied object param asp_disp_cycles=0
2026-04-28 10:26:05,706 - DEBUG - Applied object param aspirate_speed=10
2026-04-28 10:26:05,706 - DEBUG - Applied object param aspirate_wait_time=45.74620133265853
2026-04-28 10:26:05,706 - DEBUG - Applied object param blowout_vol=0.7179198507219553
2026-04-28 10:26:05,706 - DEBUG - Applied object param dispense_speed=13
2026-04-28 10:26:05,706 - DEBUG - Applied object param dispense_wait_time=13.215698478743434
2026-04-28 10:26:05,706 - DEBUG - Applied object param overaspirate_vol=0.015961956737028164
2026-04-28 10:26:05,706 - DEBUG - Applied object param post_asp_air_vol=0
2026-04-28 10:26:05,706 - DEBUG - Applied object param post_retract_wait_time=5
2026-04-28 10:26:05,706 - DEBUG - Applied object param pre_asp_air_vol=0.1903225255664438
2026-04-28 10:26:05,706 - DEBUG - Applied object param retract_speed=2
2026-04-28 10:26:05,707 - DEBUG - Selected small_tip for volume 0.108 mL
2026-04-28 10:26:05,708 - INFO - Getting small_tip (pipet number 13) from rack: small_tip_rack_1
2026-04-28 10:26:05,710 - INFO - Pipetting from vial vial_0, amount: 0.108 mL
2026-04-28 10:26:05,710 - INFO - Additional volume from calibration, amount: 0.016 mL
2026-04-28 10:26:05,712 - DEBUG - Adjusting pump 0 speed to 10
2026-04-28 10:26:05,712 - DEBUG - Aspirating 0.190 mL then waiting 0 s
2026-04-28 10:26:05,712 - DEBUG - Adjusting pump 0 speed to 10
2026-04-28 10:26:05,712 - DEBUG - Aspirating 0.124 mL then waiting 45.74620133265853 s
2026-04-28 10:26:05,712 - DEBUG - Applied object param asp_disp_cycles=0
2026-04-28 10:26:05,712 - DEBUG - Applied object param aspirate_speed=10
2026-04-28 10:26:05,712 - DEBUG - Applied object param aspirate_wait_time=45.74620133265853
2026-04-28 10:26:05,712 - DEBUG - Applied object param blowout_vol=0.7179198507219553
2026-04-28 10:26:05,713 - DEBUG - Applied object param dispense_speed=13
2026-04-28 10:26:05,713 - DEBUG - Applied object param dispense_wait_time=13.215698478743434
2026-04-28 10:26:05,713 - DEBUG - Applied object param overaspirate_vol=0.015961956737028164
2026-04-28 10:26:05,713 - DEBUG - Applied object param post_asp_air_vol=0
2026-04-28 10:26:05,713 - DEBUG - Applied object param post_retract_wait_time=5
2026-04-28 10:26:05,713 - DEBUG - Applied object param pre_asp_air_vol=0.1903225255664438
2026-04-28 10:26:05,713 - DEBUG - Applied object param retract_speed=2
2026-04-28 10:26:05,714 - INFO - Pipetting into vial vial_0, amount: 0.108 mL
2026-04-28 10:26:05,715 - DEBUG - Adjusting pump 0 speed to 13
2026-04-28 10:26:05,715 - INFO - Short wait time (1.0s), allowing scale to settle after robot positioning...
2026-04-28 10:26:05,722 - INFO - Started continuous mass monitoring with pre-dispense baseline
2026-04-28 10:26:05,738 - DEBUG - Dispensing 0.315 mL then waiting 13.215698478743434 s
2026-04-28 10:26:05,738 - DEBUG - Blowing out 0.718 mL
2026-04-28 10:26:05,738 - DEBUG - Adjusting pump 0 speed to 5
2026-04-28 10:26:05,738 - DEBUG - Adjusting pump 0 speed to 13
2026-04-28 10:26:05,738 - INFO - Dispensing took 0.000s, collecting post-dispense baseline
2026-04-28 10:26:05,754 - INFO - Stopped continuous mass monitoring. Collected 0 data points
2026-04-28 10:26:05,755 - INFO - Removing pipet
2026-04-28 10:26:05,757 - DEBUG - Applied object param asp_disp_cycles=0
2026-04-28 10:26:05,757 - DEBUG - Applied object param aspirate_speed=38
2026-04-28 10:26:05,757 - DEBUG - Applied object param aspirate_wait_time=7.888294234871864
2026-04-28 10:26:05,757 - DEBUG - Applied object param blowout_vol=0.7903119483962655
2026-04-28 10:26:05,757 - DEBUG - Applied object param dispense_speed=21
2026-04-28 10:26:05,757 - DEBUG - Applied object param dispense_wait_time=2.5741427298635244
2026-04-28 10:26:05,757 - DEBUG - Applied object param overaspirate_vol=0.019145718786186865
2026-04-28 10:26:05,757 - DEBUG - Applied object param post_asp_air_vol=0
2026-04-28 10:26:05,757 - DEBUG - Applied object param post_retract_wait_time=5
2026-04-28 10:26:05,757 - DEBUG - Applied object param pre_asp_air_vol=0.16094381734728813
2026-04-28 10:26:05,757 - DEBUG - Applied object param retract_speed=2
2026-04-28 10:26:05,758 - DEBUG - Selected small_tip for volume 0.141 mL
2026-04-28 10:26:05,759 - INFO - Getting small_tip (pipet number 14) from rack: small_tip_rack_1
2026-04-28 10:26:05,760 - INFO - Pipetting from vial vial_0, amount: 0.141 mL
2026-04-28 10:26:05,760 - INFO - Additional volume from calibration, amount: 0.019 mL
2026-04-28 10:26:05,760 - DEBUG - Adjusting pump 0 speed to 10
2026-04-28 10:26:05,760 - DEBUG - Aspirating 0.161 mL then waiting 0 s
2026-04-28 10:26:05,760 - DEBUG - Adjusting pump 0 speed to 38
2026-04-28 10:26:05,760 - DEBUG - Aspirating 0.160 mL then waiting 7.888294234871864 s
2026-04-28 10:26:05,760 - DEBUG - Applied object param asp_disp_cycles=0
2026-04-28 10:26:05,760 - DEBUG - Applied object param aspirate_speed=38
2026-04-28 10:26:05,760 - DEBUG - Applied object param aspirate_wait_time=7.888294234871864
2026-04-28 10:26:05,760 - DEBUG - Applied object param blowout_vol=0.7903119483962655
2026-04-28 10:26:05,760 - DEBUG - Applied object param dispense_speed=21
2026-04-28 10:26:05,760 - DEBUG - Applied object param dispense_wait_time=2.5741427298635244
2026-04-28 10:26:05,760 - DEBUG - Applied object param overaspirate_vol=0.019145718786186865
2026-04-28 10:26:05,760 - DEBUG - Applied object param post_asp_air_vol=0
2026-04-28 10:26:05,760 - DEBUG - Applied object param post_retract_wait_time=5
2026-04-28 10:26:05,760 - DEBUG - Applied object param pre_asp_air_vol=0.16094381734728813
2026-04-28 10:26:05,760 - DEBUG - Applied object param retract_speed=2
2026-04-28 10:26:05,760 - INFO - Pipetting into vial vial_0, amount: 0.141 mL
2026-04-28 10:26:05,760 - DEBUG - Adjusting pump 0 speed to 21
2026-04-28 10:26:05,760 - INFO - Short wait time (1.0s), allowing scale to settle after robot positioning...
2026-04-28 10:26:05,788 - INFO - Started continuous mass monitoring with pre-dispense baseline
2026-04-28 10:26:05,804 - DEBUG - Dispensing 0.321 mL then waiting 2.5741427298635244 s
2026-04-28 10:26:05,804 - DEBUG - Blowing out 0.790 mL
2026-04-28 10:26:05,804 - DEBUG - Adjusting pump 0 speed to 5
2026-04-28 10:26:05,804 - DEBUG - Adjusting pump 0 speed to 21
2026-04-28 10:26:05,804 - INFO - Dispensing took 0.000s, collecting post-dispense baseline
2026-04-28 10:26:05,822 - INFO - Stopped continuous mass monitoring. Collected 0 data points
2026-04-28 10:26:05,823 - INFO - Removing pipet
2026-04-28 10:26:05,824 - DEBUG - Applied object param asp_disp_cycles=0
2026-04-28 10:26:05,824 - DEBUG - Applied object param aspirate_speed=28
2026-04-28 10:26:05,824 - DEBUG - Applied object param aspirate_wait_time=29.51676657423377
2026-04-28 10:26:05,824 - DEBUG - Applied object param blowout_vol=0.12002335209399462
2026-04-28 10:26:05,824 - DEBUG - Applied object param dispense_speed=17
2026-04-28 10:26:05,825 - DEBUG - Applied object param dispense_wait_time=1.8005052767693996
2026-04-28 10:26:05,825 - DEBUG - Applied object param overaspirate_vol=0.015222878439929617
2026-04-28 10:26:05,825 - DEBUG - Applied object param post_asp_air_vol=0
2026-04-28 10:26:05,825 - DEBUG - Applied object param post_retract_wait_time=5
2026-04-28 10:26:05,825 - DEBUG - Applied object param pre_asp_air_vol=0.17911271518096328
2026-04-28 10:26:05,825 - DEBUG - Applied object param retract_speed=2
2026-04-28 10:26:05,826 - DEBUG - Selected small_tip for volume 0.136 mL
2026-04-28 10:26:05,826 - INFO - Getting small_tip (pipet number 15) from rack: small_tip_rack_1
2026-04-28 10:26:05,828 - INFO - Pipetting from vial vial_0, amount: 0.136 mL
2026-04-28 10:26:05,828 - INFO - Additional volume from calibration, amount: 0.015 mL
2026-04-28 10:26:05,831 - DEBUG - Adjusting pump 0 speed to 10
2026-04-28 10:26:05,831 - DEBUG - Aspirating 0.179 mL then waiting 0 s
2026-04-28 10:26:05,831 - DEBUG - Adjusting pump 0 speed to 28
2026-04-28 10:26:05,831 - DEBUG - Aspirating 0.151 mL then waiting 29.51676657423377 s
2026-04-28 10:26:05,831 - DEBUG - Applied object param asp_disp_cycles=0
2026-04-28 10:26:05,831 - DEBUG - Applied object param aspirate_speed=28
2026-04-28 10:26:05,831 - DEBUG - Applied object param aspirate_wait_time=29.51676657423377
2026-04-28 10:26:05,831 - DEBUG - Applied object param blowout_vol=0.12002335209399462
2026-04-28 10:26:05,831 - DEBUG - Applied object param dispense_speed=17
2026-04-28 10:26:05,831 - DEBUG - Applied object param dispense_wait_time=1.8005052767693996
2026-04-28 10:26:05,831 - DEBUG - Applied object param overaspirate_vol=0.015222878439929617
2026-04-28 10:26:05,831 - DEBUG - Applied object param post_asp_air_vol=0
2026-04-28 10:26:05,831 - DEBUG - Applied object param post_retract_wait_time=5
2026-04-28 10:26:05,831 - DEBUG - Applied object param pre_asp_air_vol=0.17911271518096328
2026-04-28 10:26:05,832 - DEBUG - Applied object param retract_speed=2
2026-04-28 10:26:05,833 - INFO - Pipetting into vial vial_0, amount: 0.136 mL
2026-04-28 10:26:05,833 - DEBUG - Adjusting pump 0 speed to 17
2026-04-28 10:26:05,834 - INFO - Short wait time (1.0s), allowing scale to settle after robot positioning...
2026-04-28 10:26:05,855 - INFO - Started continuous mass monitoring with pre-dispense baseline
2026-04-28 10:26:05,886 - DEBUG - Dispensing 0.331 mL then waiting 1.8005052767693996 s
2026-04-28 10:26:05,886 - DEBUG - Blowing out 0.120 mL
2026-04-28 10:26:05,904 - DEBUG - Adjusting pump 0 speed to 5
2026-04-28 10:26:05,904 - DEBUG - Adjusting pump 0 speed to 17
2026-04-28 10:26:05,904 - INFO - Dispensing took 0.019s, collecting post-dispense baseline
2026-04-28 10:26:05,935 - INFO - Stopped continuous mass monitoring. Collected 0 data points
2026-04-28 10:26:05,936 - INFO - Removing pipet
2026-04-28 10:26:05,938 - DEBUG - Applied object param asp_disp_cycles=0
2026-04-28 10:26:05,938 - DEBUG - Applied object param aspirate_speed=20
2026-04-28 10:26:05,938 - DEBUG - Applied object param aspirate_wait_time=58.92270566895604
2026-04-28 10:26:05,938 - DEBUG - Applied object param blowout_vol=0.6674977038055658
2026-04-28 10:26:05,938 - DEBUG - Applied object param dispense_speed=18
2026-04-28 10:26:05,939 - DEBUG - Applied object param dispense_wait_time=25.582298738881946
2026-04-28 10:26:05,939 - DEBUG - Applied object param overaspirate_vol=0.0017070442291941496
2026-04-28 10:26:05,939 - DEBUG - Applied object param post_asp_air_vol=0
2026-04-28 10:26:05,939 - DEBUG - Applied object param post_retract_wait_time=5
2026-04-28 10:26:05,939 - DEBUG - Applied object param pre_asp_air_vol=0.0883942258078605
2026-04-28 10:26:05,939 - DEBUG - Applied object param retract_speed=2
2026-04-28 10:26:05,939 - DEBUG - Selected small_tip for volume 0.039 mL
2026-04-28 10:26:05,940 - INFO - Getting small_tip (pipet number 16) from rack: small_tip_rack_1
2026-04-28 10:26:05,942 - INFO - Pipetting from vial vial_0, amount: 0.039 mL
2026-04-28 10:26:05,942 - INFO - Additional volume from calibration, amount: 0.002 mL
2026-04-28 10:26:05,944 - DEBUG - Adjusting pump 0 speed to 10
2026-04-28 10:26:05,944 - DEBUG - Aspirating 0.088 mL then waiting 0 s
2026-04-28 10:26:05,944 - DEBUG - Adjusting pump 0 speed to 20
2026-04-28 10:26:05,944 - DEBUG - Aspirating 0.041 mL then waiting 58.92270566895604 s
2026-04-28 10:26:05,944 - DEBUG - Applied object param asp_disp_cycles=0
2026-04-28 10:26:05,944 - DEBUG - Applied object param aspirate_speed=20
2026-04-28 10:26:05,944 - DEBUG - Applied object param aspirate_wait_time=58.92270566895604
2026-04-28 10:26:05,944 - DEBUG - Applied object param blowout_vol=0.6674977038055658
2026-04-28 10:26:05,944 - DEBUG - Applied object param dispense_speed=18
2026-04-28 10:26:05,944 - DEBUG - Applied object param dispense_wait_time=25.582298738881946
2026-04-28 10:26:05,944 - DEBUG - Applied object param overaspirate_vol=0.0017070442291941496
2026-04-28 10:26:05,944 - DEBUG - Applied object param post_asp_air_vol=0
2026-04-28 10:26:05,944 - DEBUG - Applied object param post_retract_wait_time=5
2026-04-28 10:26:05,945 - DEBUG - Applied object param pre_asp_air_vol=0.0883942258078605
2026-04-28 10:26:05,945 - DEBUG - Applied object param retract_speed=2
2026-04-28 10:26:05,946 - INFO - Pipetting into vial vial_0, amount: 0.039 mL
2026-04-28 10:26:05,946 - DEBUG - Adjusting pump 0 speed to 18
2026-04-28 10:26:05,948 - INFO - Short wait time (1.0s), allowing scale to settle after robot positioning...
2026-04-28 10:26:05,956 - INFO - Started continuous mass monitoring with pre-dispense baseline
2026-04-28 10:26:05,972 - DEBUG - Dispensing 0.129 mL then waiting 25.582298738881946 s
2026-04-28 10:26:05,972 - DEBUG - Blowing out 0.667 mL
2026-04-28 10:26:05,988 - DEBUG - Adjusting pump 0 speed to 5
2026-04-28 10:26:05,988 - DEBUG - Adjusting pump 0 speed to 18
2026-04-28 10:26:05,988 - INFO - Dispensing took 0.016s, collecting post-dispense baseline
2026-04-28 10:26:06,005 - INFO - Stopped continuous mass monitoring. Collected 0 data points
2026-04-28 10:26:06,006 - INFO - Removing pipet
2026-04-28 10:26:06,007 - DEBUG - Applied object param asp_disp_cycles=0
2026-04-28 10:26:06,007 - DEBUG - Applied object param aspirate_speed=7
2026-04-28 10:26:06,007 - DEBUG - Applied object param aspirate_wait_time=45.11604147031903
2026-04-28 10:26:06,007 - DEBUG - Applied object param blowout_vol=0.5665753753855824
2026-04-28 10:26:06,007 - DEBUG - Applied object param dispense_speed=17
2026-04-28 10:26:06,008 - DEBUG - Applied object param dispense_wait_time=22.38959038630128
2026-04-28 10:26:06,008 - DEBUG - Applied object param overaspirate_vol=0.01570190807748153
2026-04-28 10:26:06,008 - DEBUG - Applied object param post_asp_air_vol=0
2026-04-28 10:26:06,008 - DEBUG - Applied object param post_retract_wait_time=5
2026-04-28 10:26:06,008 - DEBUG - Applied object param pre_asp_air_vol=0.1544955400750041
2026-04-28 10:26:06,008 - DEBUG - Applied object param retract_speed=2
2026-04-28 10:26:06,009 - DEBUG - Selected small_tip for volume 0.089 mL
2026-04-28 10:26:06,009 - INFO - Getting small_tip (pipet number 17) from rack: small_tip_rack_1
2026-04-28 10:26:06,011 - INFO - Pipetting from vial vial_0, amount: 0.089 mL
2026-04-28 10:26:06,011 - INFO - Additional volume from calibration, amount: 0.016 mL
2026-04-28 10:26:06,013 - DEBUG - Adjusting pump 0 speed to 10
2026-04-28 10:26:06,013 - DEBUG - Aspirating 0.154 mL then waiting 0 s
2026-04-28 10:26:06,013 - DEBUG - Adjusting pump 0 speed to 7
2026-04-28 10:26:06,013 - DEBUG - Aspirating 0.104 mL then waiting 45.11604147031903 s
2026-04-28 10:26:06,013 - DEBUG - Applied object param asp_disp_cycles=0
2026-04-28 10:26:06,013 - DEBUG - Applied object param aspirate_speed=7
2026-04-28 10:26:06,013 - DEBUG - Applied object param aspirate_wait_time=45.11604147031903
2026-04-28 10:26:06,014 - DEBUG - Applied object param blowout_vol=0.5665753753855824
2026-04-28 10:26:06,014 - DEBUG - Applied object param dispense_speed=17
2026-04-28 10:26:06,014 - DEBUG - Applied object param dispense_wait_time=22.38959038630128
2026-04-28 10:26:06,014 - DEBUG - Applied object param overaspirate_vol=0.01570190807748153
2026-04-28 10:26:06,014 - DEBUG - Applied object param post_asp_air_vol=0
2026-04-28 10:26:06,014 - DEBUG - Applied object param post_retract_wait_time=5
2026-04-28 10:26:06,014 - DEBUG - Applied object param pre_asp_air_vol=0.1544955400750041
2026-04-28 10:26:06,014 - DEBUG - Applied object param retract_speed=2
2026-04-28 10:26:06,015 - INFO - Pipetting into vial vial_0, amount: 0.089 mL
2026-04-28 10:26:06,017 - DEBUG - Adjusting pump 0 speed to 17
2026-04-28 10:26:06,017 - INFO - Short wait time (1.0s), allowing scale to settle after robot positioning...
2026-04-28 10:26:06,038 - INFO - Started continuous mass monitoring with pre-dispense baseline
2026-04-28 10:26:06,070 - DEBUG - Dispensing 0.259 mL then waiting 22.38959038630128 s
2026-04-28 10:26:06,070 - DEBUG - Blowing out 0.567 mL
2026-04-28 10:26:06,070 - DEBUG - Adjusting pump 0 speed to 5
2026-04-28 10:26:06,070 - DEBUG - Adjusting pump 0 speed to 17
2026-04-28 10:26:06,070 - INFO - Dispensing took 0.000s, collecting post-dispense baseline
2026-04-28 10:26:06,088 - INFO - Stopped continuous mass monitoring. Collected 0 data points
2026-04-28 10:26:06,089 - INFO - Removing pipet
2026-04-28 10:26:06,090 - DEBUG - Applied object param asp_disp_cycles=0
2026-04-28 10:26:06,090 - DEBUG - Applied object param aspirate_speed=38
2026-04-28 10:26:06,090 - DEBUG - Applied object param aspirate_wait_time=53.54427359998226
2026-04-28 10:26:06,090 - DEBUG - Applied object param blowout_vol=0.7815829310566187
2026-04-28 10:26:06,090 - DEBUG - Applied object param dispense_speed=11
2026-04-28 10:26:06,090 - DEBUG - Applied object param dispense_wait_time=4.195013931021094
2026-04-28 10:26:06,090 - DEBUG - Applied object param overaspirate_vol=0.007672538617581701
2026-04-28 10:26:06,090 - DEBUG - Applied object param post_asp_air_vol=0
2026-04-28 10:26:06,090 - DEBUG - Applied object param post_retract_wait_time=5
2026-04-28 10:26:06,092 - DEBUG - Applied object param pre_asp_air_vol=0.05523749138228595
2026-04-28 10:26:06,092 - DEBUG - Applied object param retract_speed=2
2026-04-28 10:26:06,092 - DEBUG - Selected small_tip for volume 0.034 mL
2026-04-28 10:26:06,093 - INFO - Getting small_tip (pipet number 18) from rack: small_tip_rack_1
2026-04-28 10:26:06,095 - INFO - Pipetting from vial vial_0, amount: 0.034 mL
2026-04-28 10:26:06,095 - INFO - Additional volume from calibration, amount: 0.008 mL
2026-04-28 10:26:06,097 - DEBUG - Adjusting pump 0 speed to 10
2026-04-28 10:26:06,097 - DEBUG - Aspirating 0.055 mL then waiting 0 s
2026-04-28 10:26:06,097 - DEBUG - Adjusting pump 0 speed to 38
2026-04-28 10:26:06,097 - DEBUG - Aspirating 0.042 mL then waiting 53.54427359998226 s
2026-04-28 10:26:06,097 - DEBUG - Applied object param asp_disp_cycles=0
2026-04-28 10:26:06,097 - DEBUG - Applied object param aspirate_speed=38
2026-04-28 10:26:06,097 - DEBUG - Applied object param aspirate_wait_time=53.54427359998226
2026-04-28 10:26:06,097 - DEBUG - Applied object param blowout_vol=0.7815829310566187
2026-04-28 10:26:06,097 - DEBUG - Applied object param dispense_speed=11
2026-04-28 10:26:06,097 - DEBUG - Applied object param dispense_wait_time=4.195013931021094
2026-04-28 10:26:06,097 - DEBUG - Applied object param overaspirate_vol=0.007672538617581701
2026-04-28 10:26:06,097 - DEBUG - Applied object param post_asp_air_vol=0
2026-04-28 10:26:06,097 - DEBUG - Applied object param post_retract_wait_time=5
2026-04-28 10:26:06,097 - DEBUG - Applied object param pre_asp_air_vol=0.05523749138228595
2026-04-28 10:26:06,097 - DEBUG - Applied object param retract_speed=2
2026-04-28 10:26:06,099 - INFO - Pipetting into vial vial_0, amount: 0.034 mL
2026-04-28 10:26:06,099 - DEBUG - Adjusting pump 0 speed to 11
2026-04-28 10:26:06,100 - INFO - Short wait time (1.0s), allowing scale to settle after robot positioning...
2026-04-28 10:26:06,106 - INFO - Started continuous mass monitoring with pre-dispense baseline
2026-04-28 10:26:06,122 - DEBUG - Dispensing 0.097 mL then waiting 4.195013931021094 s
2026-04-28 10:26:06,138 - DEBUG - Blowing out 0.782 mL
2026-04-28 10:26:06,138 - DEBUG - Adjusting pump 0 speed to 5
2026-04-28 10:26:06,138 - DEBUG - Adjusting pump 0 speed to 11
2026-04-28 10:26:06,138 - INFO - Dispensing took 0.016s, collecting post-dispense baseline
2026-04-28 10:26:06,155 - INFO - Stopped continuous mass monitoring. Collected 0 data points
2026-04-28 10:26:06,156 - INFO - Removing pipet
2026-04-28 10:26:06,158 - DEBUG - Applied object param asp_disp_cycles=0
2026-04-28 10:26:06,159 - DEBUG - Applied object param aspirate_speed=2
2026-04-28 10:26:06,159 - DEBUG - Applied object param aspirate_wait_time=38.028818126767874
2026-04-28 10:26:06,159 - DEBUG - Applied object param blowout_vol=0.8148719212040305
2026-04-28 10:26:06,159 - DEBUG - Applied object param dispense_speed=23
2026-04-28 10:26:06,159 - DEBUG - Applied object param dispense_wait_time=10.36029984243214
2026-04-28 10:26:06,159 - DEBUG - Applied object param overaspirate_vol=0.0022011246738175166
2026-04-28 10:26:06,159 - DEBUG - Applied object param post_asp_air_vol=0
2026-04-28 10:26:06,159 - DEBUG - Applied object param post_retract_wait_time=5
2026-04-28 10:26:06,159 - DEBUG - Applied object param pre_asp_air_vol=0.24768351833336053
2026-04-28 10:26:06,159 - DEBUG - Applied object param retract_speed=2
2026-04-28 10:26:06,160 - DEBUG - Selected small_tip for volume 0.046 mL
2026-04-28 10:26:06,161 - INFO - Getting small_tip (pipet number 19) from rack: small_tip_rack_1
2026-04-28 10:26:06,162 - INFO - Pipetting from vial vial_0, amount: 0.046 mL
2026-04-28 10:26:06,162 - INFO - Additional volume from calibration, amount: 0.002 mL
2026-04-28 10:26:06,164 - DEBUG - Adjusting pump 0 speed to 10
2026-04-28 10:26:06,164 - DEBUG - Aspirating 0.248 mL then waiting 0 s
2026-04-28 10:26:06,164 - DEBUG - Adjusting pump 0 speed to 2
2026-04-28 10:26:06,164 - DEBUG - Aspirating 0.048 mL then waiting 38.028818126767874 s
2026-04-28 10:26:06,164 - DEBUG - Applied object param asp_disp_cycles=0
2026-04-28 10:26:06,164 - DEBUG - Applied object param aspirate_speed=2
2026-04-28 10:26:06,164 - DEBUG - Applied object param aspirate_wait_time=38.028818126767874
2026-04-28 10:26:06,164 - DEBUG - Applied object param blowout_vol=0.8148719212040305
2026-04-28 10:26:06,164 - DEBUG - Applied object param dispense_speed=23
2026-04-28 10:26:06,164 - DEBUG - Applied object param dispense_wait_time=10.36029984243214
2026-04-28 10:26:06,164 - DEBUG - Applied object param overaspirate_vol=0.0022011246738175166
2026-04-28 10:26:06,165 - DEBUG - Applied object param post_asp_air_vol=0
2026-04-28 10:26:06,165 - DEBUG - Applied object param post_retract_wait_time=5
2026-04-28 10:26:06,165 - DEBUG - Applied object param pre_asp_air_vol=0.24768351833336053
2026-04-28 10:26:06,165 - DEBUG - Applied object param retract_speed=2
2026-04-28 10:26:06,166 - INFO - Pipetting into vial vial_0, amount: 0.046 mL
2026-04-28 10:26:06,167 - DEBUG - Adjusting pump 0 speed to 23
2026-04-28 10:26:06,167 - INFO - Short wait time (1.0s), allowing scale to settle after robot positioning...
2026-04-28 10:26:06,173 - INFO - Started continuous mass monitoring with pre-dispense baseline
2026-04-28 10:26:06,189 - DEBUG - Dispensing 0.296 mL then waiting 10.36029984243214 s
2026-04-28 10:26:06,189 - DEBUG - Blowing out 0.815 mL
2026-04-28 10:26:06,189 - DEBUG - Adjusting pump 0 speed to 5
2026-04-28 10:26:06,205 - DEBUG - Adjusting pump 0 speed to 23
2026-04-28 10:26:06,205 - INFO - Dispensing took 0.016s, collecting post-dispense baseline
2026-04-28 10:26:06,221 - INFO - Stopped continuous mass monitoring. Collected 0 data points
2026-04-28 10:26:06,221 - INFO - Removing pipet
2026-04-28 10:26:06,228 - INFO - Moving robot to home position
2026-04-28 10:26:06,239 - INFO - Returning vial vial_0 to home location: main_8mL_rack index 44
2026-04-28 10:26:06,240 - INFO - Moving vial vial_0 to main_8mL_rack: 44
2026-04-28 10:26:06,241 - DEBUG - Grabbing vial 9 with index 9
2026-04-28 10:26:06,243 - DEBUG - Dropping off vial 9 at location main_8mL_rack with index 44
