2026-04-21 17:11:42,365 - DEBUG - No workflow config provided - using default initialization
2026-04-21 17:11:42,365 - INFO - GUI disabled - skipping status review, proceeding directly to hardware initialization
2026-04-21 17:11:42,764 - INFO - Initializing North Robot...
2026-04-21 17:11:42,764 - DEBUG - Loading robot configuration files...
2026-04-21 17:11:42,782 - DEBUG - Loaded vial positions configuration from robot_state/vial_positions.yaml
2026-04-21 17:11:42,784 - DEBUG - Loaded pipet tips configuration from robot_state/pipet_tips.yaml
2026-04-21 17:11:42,789 - DEBUG - Loaded pipet racks configuration from robot_state/pipet_racks.yaml
2026-04-21 17:11:42,793 - DEBUG - Loaded pump configuration from robot_state/syringe_pumps.yaml
2026-04-21 17:11:42,796 - DEBUG - Loaded robot hardware configuration from robot_state/robot_hardware.yaml
2026-04-21 17:11:42,800 - DEBUG - Loaded wellplate properties configuration from robot_state/wellplates.yaml
2026-04-21 17:11:42,800 - DEBUG - Loading robot state files...
2026-04-21 17:11:42,802 - DEBUG - Loaded vial data from status/calibration_vials_short.csv
2026-04-21 17:11:42,812 - DEBUG - Loaded robot status from robot_state/robot_status.yaml
2026-04-21 17:11:42,816 - DEBUG - Loaded wellplate positions from robot_state/wellplates.yaml
2026-04-21 17:11:42,816 - DEBUG - Robot status loaded successfully
2026-04-21 17:11:42,816 - INFO - Physical initialization of North Robot...
2026-04-21 17:11:46,331 - DEBUG - Loading pumps from YAML configuration...
2026-04-21 17:11:46,440 - DEBUG - Loaded pump 0: volume=1.0mL, speed=11, liquid=None
2026-04-21 17:11:46,551 - DEBUG - Loaded pump 1: volume=2.5mL, speed=15, liquid=water
2026-04-21 17:11:46,551 - INFO - Robot reports having a vial index for liquid but only 0.000 mL volume - skipping dispense
2026-04-21 17:11:46,551 - WARNING - The robot reports having a tip, removing the tip
2026-04-21 17:11:46,551 - INFO - Removing pipet
2026-04-21 17:11:50,014 - INFO - Moving robot to home position
2026-04-21 17:11:51,863 - DEBUG - Initializing centrifuge controller...
2026-04-21 17:11:51,863 - INFO - Initializing North Track...
2026-04-21 17:11:51,863 - DEBUG - Loading track status from file: robot_state/track_status.yaml
2026-04-21 17:11:51,863 - DEBUG - Getting track status from file: robot_state/track_status.yaml
2026-04-21 17:11:51,865 - DEBUG - Loaded track status from robot_state/track_status.yaml
2026-04-21 17:11:51,865 - DEBUG - Loading track positions from: robot_state/track_positions.yaml
2026-04-21 17:11:51,872 - DEBUG - Loaded track positions configuration from robot_state/track_positions.yaml
2026-04-21 17:11:51,872 - DEBUG - Loading robot hardware configuration from: robot_state/robot_hardware.yaml
2026-04-21 17:11:51,875 - DEBUG - Loaded robot hardware configuration from robot_state/robot_hardware.yaml
2026-04-21 17:11:51,879 - DEBUG - Loaded wellplate properties configuration from robot_state/wellplates.yaml
2026-04-21 17:11:51,950 - DEBUG - Moving North Track to home position
2026-04-21 17:11:51,950 - DEBUG - Detected origin position (0,0) - setting location to 'origin'
2026-04-21 17:11:51,951 - DEBUG - Updated gripper location to: origin at position {'x': 0, 'z': 0}
2026-04-21 17:11:51,952 - INFO - Vial PVA_DMSO already at clamp index 0, no move needed
2026-04-21 17:11:51,953 - DEBUG - Applied object param asp_disp_cycles=0
2026-04-21 17:11:51,953 - DEBUG - Applied object param aspirate_speed=15
2026-04-21 17:11:51,953 - DEBUG - Applied object param aspirate_wait_time=0.0
2026-04-21 17:11:51,953 - DEBUG - Applied object param blowout_vol=0.5
2026-04-21 17:11:51,953 - DEBUG - Applied object param dispense_speed=5
2026-04-21 17:11:51,953 - DEBUG - Applied object param dispense_wait_time=0.0
2026-04-21 17:11:51,953 - DEBUG - Applied object param overaspirate_vol=0.0
2026-04-21 17:11:51,953 - DEBUG - Applied object param post_asp_air_vol=0.0
2026-04-21 17:11:51,953 - DEBUG - Applied object param post_retract_wait_time=0.0
2026-04-21 17:11:51,953 - DEBUG - Applied object param pre_asp_air_vol=0.0
2026-04-21 17:11:51,953 - DEBUG - Applied object param retract_speed=10
2026-04-21 17:11:51,954 - DEBUG - Selected small_tip for volume 0.060 mL
2026-04-21 17:11:51,955 - INFO - Getting small_tip (pipet number 34) from rack: small_tip_rack_1
2026-04-21 17:11:56,156 - INFO - Pipetting from vial PVA_DMSO, amount: 0.060 mL
2026-04-21 17:11:56,157 - INFO - Additional volume from calibration, amount: 0.000 mL
2026-04-21 17:11:56,158 - DEBUG - Adjusting pump 0 speed to 10
2026-04-21 17:11:58,608 - DEBUG - Adjusting pump 0 speed to 15
2026-04-21 17:11:59,638 - DEBUG - Aspirating 0.060 mL then waiting 0.0 s
2026-04-21 17:12:00,476 - DEBUG - Applied object param asp_disp_cycles=0
2026-04-21 17:12:00,476 - DEBUG - Applied object param aspirate_speed=15
2026-04-21 17:12:00,476 - DEBUG - Applied object param aspirate_wait_time=0.0
2026-04-21 17:12:00,476 - DEBUG - Applied object param blowout_vol=0.5
2026-04-21 17:12:00,476 - DEBUG - Applied object param dispense_speed=5
2026-04-21 17:12:00,476 - DEBUG - Applied object param dispense_wait_time=0.0
2026-04-21 17:12:00,476 - DEBUG - Applied object param overaspirate_vol=0.0
2026-04-21 17:12:00,478 - DEBUG - Applied object param post_asp_air_vol=0.0
2026-04-21 17:12:00,478 - DEBUG - Applied object param post_retract_wait_time=0.0
2026-04-21 17:12:00,478 - DEBUG - Applied object param pre_asp_air_vol=0.0
2026-04-21 17:12:00,478 - DEBUG - Applied object param retract_speed=10
2026-04-21 17:12:00,479 - INFO - Pipetting into vial PVA_DMSO, amount: 0.060 mL
2026-04-21 17:12:00,480 - DEBUG - Adjusting pump 0 speed to 5
2026-04-21 17:12:00,598 - DEBUG - Dispensing 0.060 mL then waiting 0.0 s
2026-04-21 17:12:00,911 - DEBUG - Blowing out 0.500 mL
2026-04-21 17:12:00,911 - DEBUG - Adjusting pump 0 speed to 5
2026-04-21 17:12:02,493 - DEBUG - Adjusting pump 0 speed to 5
2026-04-21 17:12:04,011 - DEBUG - Applied object param asp_disp_cycles=0
2026-04-21 17:12:04,011 - DEBUG - Applied object param aspirate_speed=15
2026-04-21 17:12:04,011 - DEBUG - Applied object param aspirate_wait_time=0.0
2026-04-21 17:12:04,011 - DEBUG - Applied object param blowout_vol=0.5
2026-04-21 17:12:04,011 - DEBUG - Applied object param dispense_speed=5
2026-04-21 17:12:04,011 - DEBUG - Applied object param dispense_wait_time=0.0
2026-04-21 17:12:04,011 - DEBUG - Applied object param overaspirate_vol=0.0
2026-04-21 17:12:04,011 - DEBUG - Applied object param post_asp_air_vol=0.0
2026-04-21 17:12:04,011 - DEBUG - Applied object param post_retract_wait_time=0.0
2026-04-21 17:12:04,011 - DEBUG - Applied object param pre_asp_air_vol=0.0
2026-04-21 17:12:04,011 - DEBUG - Applied object param retract_speed=10
2026-04-21 17:12:04,013 - DEBUG - Selected small_tip for volume 0.060 mL
2026-04-21 17:12:04,015 - INFO - Pipetting from vial PVA_DMSO, amount: 0.060 mL
2026-04-21 17:12:04,015 - INFO - Additional volume from calibration, amount: 0.000 mL
2026-04-21 17:12:04,031 - DEBUG - Adjusting pump 0 speed to 10
2026-04-21 17:12:04,150 - DEBUG - Adjusting pump 0 speed to 15
2026-04-21 17:12:04,296 - DEBUG - Aspirating 0.060 mL then waiting 0.0 s
2026-04-21 17:12:05,174 - DEBUG - Applied object param asp_disp_cycles=0
2026-04-21 17:12:05,174 - DEBUG - Applied object param aspirate_speed=15
2026-04-21 17:12:05,174 - DEBUG - Applied object param aspirate_wait_time=0.0
2026-04-21 17:12:05,174 - DEBUG - Applied object param blowout_vol=0.5
2026-04-21 17:12:05,174 - DEBUG - Applied object param dispense_speed=5
2026-04-21 17:12:05,174 - DEBUG - Applied object param dispense_wait_time=0.0
2026-04-21 17:12:05,174 - DEBUG - Applied object param overaspirate_vol=0.0
2026-04-21 17:12:05,174 - DEBUG - Applied object param post_asp_air_vol=0.0
2026-04-21 17:12:05,175 - DEBUG - Applied object param post_retract_wait_time=0.0
2026-04-21 17:12:05,175 - DEBUG - Applied object param pre_asp_air_vol=0.0
2026-04-21 17:12:05,175 - DEBUG - Applied object param retract_speed=10
2026-04-21 17:12:05,176 - INFO - Pipetting into vial PVA_DMSO, amount: 0.060 mL
2026-04-21 17:12:05,177 - DEBUG - Adjusting pump 0 speed to 5
2026-04-21 17:12:05,294 - DEBUG - Dispensing 0.060 mL then waiting 0.0 s
2026-04-21 17:12:05,653 - DEBUG - Blowing out 0.500 mL
2026-04-21 17:12:05,653 - DEBUG - Adjusting pump 0 speed to 5
2026-04-21 17:12:07,251 - DEBUG - Adjusting pump 0 speed to 5
2026-04-21 17:12:08,823 - DEBUG - Applied object param asp_disp_cycles=0
2026-04-21 17:12:08,823 - DEBUG - Applied object param aspirate_speed=15
2026-04-21 17:12:08,824 - DEBUG - Applied object param aspirate_wait_time=0.0
2026-04-21 17:12:08,824 - DEBUG - Applied object param blowout_vol=0.5
2026-04-21 17:12:08,824 - DEBUG - Applied object param dispense_speed=5
2026-04-21 17:12:08,824 - DEBUG - Applied object param dispense_wait_time=0.0
2026-04-21 17:12:08,824 - DEBUG - Applied object param overaspirate_vol=0.0
2026-04-21 17:12:08,824 - DEBUG - Applied object param post_asp_air_vol=0.0
2026-04-21 17:12:08,824 - DEBUG - Applied object param post_retract_wait_time=0.0
2026-04-21 17:12:08,824 - DEBUG - Applied object param pre_asp_air_vol=0.0
2026-04-21 17:12:08,824 - DEBUG - Applied object param retract_speed=10
2026-04-21 17:12:08,826 - DEBUG - Selected small_tip for volume 0.060 mL
2026-04-21 17:12:08,828 - INFO - Pipetting from vial PVA_DMSO, amount: 0.060 mL
2026-04-21 17:12:08,828 - INFO - Additional volume from calibration, amount: 0.000 mL
2026-04-21 17:12:08,844 - DEBUG - Adjusting pump 0 speed to 10
2026-04-21 17:12:08,964 - DEBUG - Adjusting pump 0 speed to 15
2026-04-21 17:12:09,110 - DEBUG - Aspirating 0.060 mL then waiting 0.0 s
2026-04-21 17:12:09,985 - DEBUG - Applied object param asp_disp_cycles=0
2026-04-21 17:12:09,985 - DEBUG - Applied object param aspirate_speed=15
2026-04-21 17:12:09,985 - DEBUG - Applied object param aspirate_wait_time=0.0
2026-04-21 17:12:09,985 - DEBUG - Applied object param blowout_vol=0.5
2026-04-21 17:12:09,985 - DEBUG - Applied object param dispense_speed=5
2026-04-21 17:12:09,985 - DEBUG - Applied object param dispense_wait_time=0.0
2026-04-21 17:12:09,985 - DEBUG - Applied object param overaspirate_vol=0.0
2026-04-21 17:12:09,985 - DEBUG - Applied object param post_asp_air_vol=0.0
2026-04-21 17:12:09,985 - DEBUG - Applied object param post_retract_wait_time=0.0
2026-04-21 17:12:09,985 - DEBUG - Applied object param pre_asp_air_vol=0.0
2026-04-21 17:12:09,985 - DEBUG - Applied object param retract_speed=10
2026-04-21 17:12:09,986 - INFO - Pipetting into vial PVA_DMSO, amount: 0.060 mL
2026-04-21 17:12:09,987 - DEBUG - Adjusting pump 0 speed to 5
2026-04-21 17:12:10,105 - DEBUG - Dispensing 0.060 mL then waiting 0.0 s
2026-04-21 17:12:10,467 - DEBUG - Blowing out 0.500 mL
2026-04-21 17:12:10,467 - DEBUG - Adjusting pump 0 speed to 5
2026-04-21 17:12:12,066 - DEBUG - Adjusting pump 0 speed to 5
2026-04-21 17:12:13,646 - DEBUG - Applied object param asp_disp_cycles=0
2026-04-21 17:12:13,646 - DEBUG - Applied object param aspirate_speed=15
2026-04-21 17:12:13,646 - DEBUG - Applied object param aspirate_wait_time=0.0
2026-04-21 17:12:13,646 - DEBUG - Applied object param blowout_vol=0.5
2026-04-21 17:12:13,646 - DEBUG - Applied object param dispense_speed=5
2026-04-21 17:12:13,646 - DEBUG - Applied object param dispense_wait_time=0.0
2026-04-21 17:12:13,646 - DEBUG - Applied object param overaspirate_vol=0.0
2026-04-21 17:12:13,646 - DEBUG - Applied object param post_asp_air_vol=0.0
2026-04-21 17:12:13,646 - DEBUG - Applied object param post_retract_wait_time=0.0
2026-04-21 17:12:13,646 - DEBUG - Applied object param pre_asp_air_vol=0.0
2026-04-21 17:12:13,646 - DEBUG - Applied object param retract_speed=10
2026-04-21 17:12:13,647 - DEBUG - Selected small_tip for volume 0.060 mL
2026-04-21 17:12:13,649 - INFO - Pipetting from vial PVA_DMSO, amount: 0.060 mL
2026-04-21 17:12:13,649 - INFO - Additional volume from calibration, amount: 0.000 mL
2026-04-21 17:12:13,665 - DEBUG - Adjusting pump 0 speed to 10
2026-04-21 17:12:13,784 - DEBUG - Adjusting pump 0 speed to 15
2026-04-21 17:12:13,930 - DEBUG - Aspirating 0.060 mL then waiting 0.0 s
2026-04-21 17:12:14,777 - DEBUG - Applied object param asp_disp_cycles=0
2026-04-21 17:12:14,777 - DEBUG - Applied object param aspirate_speed=15
2026-04-21 17:12:14,777 - DEBUG - Applied object param aspirate_wait_time=0.0
2026-04-21 17:12:14,777 - DEBUG - Applied object param blowout_vol=0.5
2026-04-21 17:12:14,777 - DEBUG - Applied object param dispense_speed=5
2026-04-21 17:12:14,777 - DEBUG - Applied object param dispense_wait_time=0.0
2026-04-21 17:12:14,777 - DEBUG - Applied object param overaspirate_vol=0.0
2026-04-21 17:12:14,777 - DEBUG - Applied object param post_asp_air_vol=0.0
2026-04-21 17:12:14,777 - DEBUG - Applied object param post_retract_wait_time=0.0
2026-04-21 17:12:14,777 - DEBUG - Applied object param pre_asp_air_vol=0.0
2026-04-21 17:12:14,777 - DEBUG - Applied object param retract_speed=10
2026-04-21 17:12:14,779 - INFO - Pipetting into vial PVA_DMSO, amount: 0.060 mL
2026-04-21 17:12:14,780 - DEBUG - Adjusting pump 0 speed to 5
2026-04-21 17:12:14,897 - DEBUG - Dispensing 0.060 mL then waiting 0.0 s
2026-04-21 17:12:15,196 - DEBUG - Blowing out 0.500 mL
2026-04-21 17:12:15,196 - DEBUG - Adjusting pump 0 speed to 5
2026-04-21 17:12:16,803 - DEBUG - Adjusting pump 0 speed to 5
2026-04-21 17:12:28,006 - INFO - Vial PVA_DMSO already at clamp index 0, no move needed
2026-04-21 17:12:28,125 - DEBUG - Applied dict param aspirate_speed=25
2026-04-21 17:12:28,125 - DEBUG - Applied dict param dispense_speed=25
2026-04-21 17:12:28,125 - DEBUG - Applied dict param aspirate_wait_time=3.0
2026-04-21 17:12:28,125 - DEBUG - Applied dict param dispense_wait_time=0.0
2026-04-21 17:12:28,125 - DEBUG - Applied dict param pre_asp_air_vol=0.0
2026-04-21 17:12:28,125 - DEBUG - Applied dict param retract_speed=5.0
2026-04-21 17:12:28,127 - DEBUG - Applied dict param blowout_vol=0.379
2026-04-21 17:12:28,127 - DEBUG - Applied dict param post_asp_air_vol=0.0
2026-04-21 17:12:28,127 - DEBUG - Applied dict param post_retract_wait_time=0.0
2026-04-21 17:12:28,127 - DEBUG - Applied dict param overaspirate_vol=0.0
2026-04-21 17:12:28,127 - DEBUG - Applied dict param asp_disp_cycles=0
2026-04-21 17:12:28,128 - DEBUG - Selected small_tip for volume 0.050 mL
2026-04-21 17:12:28,130 - INFO - Pipetting from vial PVA_DMSO, amount: 0.050 mL
2026-04-21 17:12:28,130 - INFO - Additional volume from calibration, amount: 0.000 mL
2026-04-21 17:12:28,132 - DEBUG - Adjusting pump 0 speed to 10
2026-04-21 17:12:29,088 - DEBUG - Adjusting pump 0 speed to 25
2026-04-21 17:12:30,133 - DEBUG - Aspirating 0.050 mL then waiting 3.0 s
2026-04-21 17:12:36,919 - DEBUG - Applied dict param aspirate_speed=25
2026-04-21 17:12:36,919 - DEBUG - Applied dict param dispense_speed=25
2026-04-21 17:12:36,919 - DEBUG - Applied dict param aspirate_wait_time=3.0
2026-04-21 17:12:36,919 - DEBUG - Applied dict param dispense_wait_time=0.0
2026-04-21 17:12:36,919 - DEBUG - Applied dict param pre_asp_air_vol=0.0
2026-04-21 17:12:36,920 - DEBUG - Applied dict param retract_speed=5.0
2026-04-21 17:12:36,920 - DEBUG - Applied dict param blowout_vol=0.379
2026-04-21 17:12:36,920 - DEBUG - Applied dict param post_asp_air_vol=0.0
2026-04-21 17:12:36,920 - DEBUG - Applied dict param post_retract_wait_time=0.0
2026-04-21 17:12:36,920 - DEBUG - Applied dict param overaspirate_vol=0.0
2026-04-21 17:12:36,920 - DEBUG - Applied dict param asp_disp_cycles=0
2026-04-21 17:12:36,922 - INFO - Pipetting into vial PVA_DMSO, amount: 0.050 mL
2026-04-21 17:12:36,922 - DEBUG - Adjusting pump 0 speed to 25
2026-04-21 17:12:38,679 - INFO - Short wait time (1.0s), allowing scale to settle after robot positioning...
2026-04-21 17:12:39,684 - INFO - Started continuous mass monitoring with pre-dispense baseline
2026-04-21 17:12:39,926 - DEBUG - Mass: -0.0509g at 0.000s (baseline_pre) steady=True
2026-04-21 17:12:40,327 - DEBUG - Mass: -0.0509g at 0.453s (baseline_pre) steady=True
2026-04-21 17:12:40,727 - DEBUG - Mass: -0.0509g at 0.846s (baseline_pre) steady=True
2026-04-21 17:12:41,127 - DEBUG - Mass: -0.0509g at 1.255s (baseline_pre) steady=True
2026-04-21 17:12:41,526 - DEBUG - Mass: -0.0509g at 1.647s (baseline_pre) steady=True
2026-04-21 17:12:41,691 - DEBUG - Dispensing 0.050 mL then waiting 0.0 s
2026-04-21 17:12:41,927 - DEBUG - Mass: -0.0509g at 2.055s (dispensing) steady=True
2026-04-21 17:12:42,325 - DEBUG - Mass: -0.0467g at 2.447s (dispensing) steady=False
2026-04-21 17:12:42,725 - DEBUG - Mass: -0.0398g at 2.855s (dispensing) steady=False
2026-04-21 17:12:43,125 - DEBUG - Mass: -0.0319g at 3.245s (dispensing) steady=False
2026-04-21 17:12:43,525 - DEBUG - Mass: -0.0232g at 3.653s (dispensing) steady=False
2026-04-21 17:12:43,924 - DEBUG - Mass: -0.0146g at 4.045s (dispensing) steady=False
2026-04-21 17:12:44,325 - DEBUG - Mass: -0.0059g at 4.452s (dispensing) steady=False
2026-04-21 17:12:44,403 - DEBUG - Blowing out 0.379 mL
2026-04-21 17:12:44,403 - DEBUG - Adjusting pump 0 speed to 5
2026-04-21 17:12:44,725 - DEBUG - Mass: -0.0003g at 4.845s (dispensing) steady=False
2026-04-21 17:12:45,124 - DEBUG - Mass: 0.0061g at 5.253s (dispensing) steady=False
2026-04-21 17:12:45,524 - DEBUG - Mass: 0.0070g at 5.643s (dispensing) steady=False
2026-04-21 17:12:45,925 - DEBUG - Mass: 0.0057g at 6.051s (dispensing) steady=False
2026-04-21 17:12:46,003 - DEBUG - Adjusting pump 0 speed to 25
2026-04-21 17:12:46,324 - DEBUG - Mass: 0.0040g at 6.446s (dispensing) steady=False
2026-04-21 17:12:46,724 - DEBUG - Mass: 0.0064g at 6.854s (dispensing) steady=False
2026-04-21 17:12:47,125 - DEBUG - Mass: 0.0050g at 7.244s (dispensing) steady=False
2026-04-21 17:12:47,524 - DEBUG - Mass: 0.0054g at 7.649s (dispensing) steady=False
2026-04-21 17:12:47,924 - DEBUG - Mass: 0.0051g at 8.044s (dispensing) steady=False
2026-04-21 17:12:48,326 - DEBUG - Mass: 0.0054g at 8.447s (dispensing) steady=True
2026-04-21 17:12:48,725 - DEBUG - Mass: 0.0054g at 8.857s (dispensing) steady=True
2026-04-21 17:12:49,126 - DEBUG - Mass: 0.0054g at 9.252s (dispensing) steady=True
2026-04-21 17:12:49,525 - DEBUG - Mass: 0.0054g at 9.643s (dispensing) steady=True
2026-04-21 17:12:49,925 - DEBUG - Mass: 0.0054g at 10.050s (dispensing) steady=True
2026-04-21 17:12:50,326 - DEBUG - Mass: 0.0054g at 10.445s (dispensing) steady=True
2026-04-21 17:12:50,725 - DEBUG - Mass: 0.0054g at 10.852s (dispensing) steady=True
2026-04-21 17:12:51,125 - DEBUG - Mass: 0.0054g at 11.244s (dispensing) steady=True
2026-04-21 17:12:51,526 - DEBUG - Mass: 0.0053g at 11.651s (dispensing) steady=True
2026-04-21 17:12:51,926 - DEBUG - Mass: 0.0053g at 12.056s (dispensing) steady=True
2026-04-21 17:12:52,326 - DEBUG - Mass: 0.0053g at 12.448s (dispensing) steady=True
2026-04-21 17:12:52,726 - DEBUG - Mass: 0.0053g at 12.856s (dispensing) steady=True
2026-04-21 17:12:53,126 - DEBUG - Mass: 0.0053g at 13.246s (dispensing) steady=True
2026-04-21 17:12:53,526 - DEBUG - Mass: 0.0053g at 13.653s (dispensing) steady=True
2026-04-21 17:12:53,925 - DEBUG - Mass: 0.0054g at 14.046s (dispensing) steady=True
2026-04-21 17:12:54,326 - DEBUG - Mass: 0.0054g at 14.456s (dispensing) steady=True
2026-04-21 17:12:54,726 - DEBUG - Mass: 0.0054g at 14.845s (dispensing) steady=True
2026-04-21 17:12:55,125 - DEBUG - Mass: 0.0054g at 15.253s (dispensing) steady=True
2026-04-21 17:12:55,512 - DEBUG - Mass: 0.0054g at 15.645s (dispensing) steady=True
2026-04-21 17:12:55,914 - DEBUG - Mass: 0.0054g at 16.044s (dispensing) steady=True
2026-04-21 17:12:56,321 - DEBUG - Mass: 0.0054g at 16.444s (dispensing) steady=True
2026-04-21 17:12:56,720 - DEBUG - Mass: 0.0054g at 16.845s (dispensing) steady=True
2026-04-21 17:12:57,115 - DEBUG - Mass: 0.0054g at 17.244s (dispensing) steady=True
2026-04-21 17:12:57,520 - DEBUG - Mass: 0.0054g at 17.645s (dispensing) steady=True
2026-04-21 17:12:57,920 - DEBUG - Mass: 0.0054g at 18.044s (dispensing) steady=True
2026-04-21 17:12:58,313 - DEBUG - Mass: 0.0054g at 18.444s (dispensing) steady=True
2026-04-21 17:12:58,713 - DEBUG - Mass: 0.0054g at 18.845s (dispensing) steady=True
2026-04-21 17:12:59,113 - DEBUG - Mass: 0.0054g at 19.245s (dispensing) steady=True
2026-04-21 17:12:59,513 - DEBUG - Mass: 0.0054g at 19.645s (dispensing) steady=True
2026-04-21 17:12:59,916 - DEBUG - Mass: 0.0054g at 20.045s (dispensing) steady=True
2026-04-21 17:13:00,316 - DEBUG - Mass: 0.0054g at 20.445s (dispensing) steady=True
2026-04-21 17:13:00,715 - DEBUG - Mass: 0.0054g at 20.846s (dispensing) steady=True
2026-04-21 17:13:01,116 - DEBUG - Mass: 0.0054g at 21.246s (dispensing) steady=True
2026-04-21 17:13:01,516 - DEBUG - Mass: 0.0054g at 21.646s (dispensing) steady=True
2026-04-21 17:13:01,926 - DEBUG - Mass: 0.0054g at 22.047s (dispensing) steady=True
2026-04-21 17:13:02,326 - DEBUG - Mass: 0.0054g at 22.446s (dispensing) steady=True
2026-04-21 17:13:02,725 - DEBUG - Mass: 0.0054g at 22.853s (dispensing) steady=True
2026-04-21 17:13:03,126 - DEBUG - Mass: 0.0054g at 23.246s (dispensing) steady=True
2026-04-21 17:13:03,526 - DEBUG - Mass: 0.0054g at 23.655s (dispensing) steady=True
2026-04-21 17:13:03,926 - DEBUG - Mass: 0.0054g at 24.046s (dispensing) steady=True
2026-04-21 17:13:04,326 - DEBUG - Mass: 0.0054g at 24.450s (dispensing) steady=True
2026-04-21 17:13:04,715 - DEBUG - Mass: 0.0054g at 24.849s (dispensing) steady=True
2026-04-21 17:13:05,126 - DEBUG - Mass: 0.0054g at 25.249s (dispensing) steady=True
2026-04-21 17:13:05,514 - DEBUG - Mass: 0.0054g at 25.650s (dispensing) steady=True
2026-04-21 17:13:05,578 - INFO - Dispensing took 23.887s, collecting post-dispense baseline
2026-04-21 17:13:05,924 - DEBUG - Mass: 0.0020g at 26.049s (baseline_post) steady=False
2026-04-21 17:13:06,318 - DEBUG - Mass: 0.0010g at 26.441s (baseline_post) steady=False
2026-04-21 17:13:06,724 - DEBUG - Mass: 0.0010g at 26.847s (baseline_post) steady=False
2026-04-21 17:13:07,124 - DEBUG - Mass: 0.0007g at 27.249s (baseline_post) steady=False
2026-04-21 17:13:07,519 - DEBUG - Mass: 0.0000g at 27.649s (baseline_post) steady=True
2026-04-21 17:13:07,734 - INFO - Stopped continuous mass monitoring. Collected 70 data points
2026-04-21 17:13:07,738 - INFO - Pre-baseline: 5 stable readings, avg=-0.050900g
2026-04-21 17:13:07,739 - INFO - Post-baseline: 1 stable readings, avg=0.000000g
2026-04-21 17:13:07,739 - INFO - INDEPENDENT BASELINE calculation:
2026-04-21 17:13:07,739 - INFO - Pre: STABLE, Post: STABLE, Mass difference: 0.050900g
2026-04-21 17:13:07,740 - INFO - Reading summary: 5 pre-readings (5 stable), 5 post-readings (1 stable)
2026-04-21 17:13:07,740 - INFO - Baseline variability: pre_std=0.000000g, post_std=0.000720g
2026-04-21 17:13:07,740 - INFO - Target: 0.050 mL = ~0.050000 g for water
2026-04-21 17:13:07,743 - INFO - Saved 70 mass measurements to output\mass_measurements\experiment_log2026-04-21_17-11-42\mass_data_PVA_DMSO_20260421_171307.csv
2026-04-21 17:13:08,474 - INFO - Saved dispense mass vs time plot to output\mass_measurements\experiment_log2026-04-21_17-11-42\mass_plot_PVA_DMSO_20260421_171307.png
2026-04-21 17:13:08,480 - INFO - Vial PVA_DMSO already at clamp index 0, no move needed
2026-04-21 17:13:08,718 - DEBUG - Applied dict param aspirate_speed=25
2026-04-21 17:13:08,718 - DEBUG - Applied dict param dispense_speed=25
2026-04-21 17:13:08,718 - DEBUG - Applied dict param aspirate_wait_time=3.0
2026-04-21 17:13:08,718 - DEBUG - Applied dict param dispense_wait_time=0.0
2026-04-21 17:13:08,718 - DEBUG - Applied dict param pre_asp_air_vol=0.0
2026-04-21 17:13:08,718 - DEBUG - Applied dict param retract_speed=5.0
2026-04-21 17:13:08,718 - DEBUG - Applied dict param blowout_vol=0.379
2026-04-21 17:13:08,718 - DEBUG - Applied dict param post_asp_air_vol=0.0
2026-04-21 17:13:08,718 - DEBUG - Applied dict param post_retract_wait_time=0.0
2026-04-21 17:13:08,718 - DEBUG - Applied dict param overaspirate_vol=0.0
2026-04-21 17:13:08,718 - DEBUG - Applied dict param asp_disp_cycles=0
2026-04-21 17:13:08,718 - DEBUG - Selected small_tip for volume 0.050 mL
2026-04-21 17:13:08,718 - INFO - Pipetting from vial PVA_DMSO, amount: 0.050 mL
2026-04-21 17:13:08,718 - INFO - Additional volume from calibration, amount: 0.000 mL
2026-04-21 17:13:08,718 - DEBUG - Adjusting pump 0 speed to 10
2026-04-21 17:13:09,811 - DEBUG - Adjusting pump 0 speed to 25
2026-04-21 17:13:10,837 - DEBUG - Aspirating 0.050 mL then waiting 3.0 s
2026-04-21 17:13:17,542 - DEBUG - Applied dict param aspirate_speed=25
2026-04-21 17:13:17,542 - DEBUG - Applied dict param dispense_speed=25
2026-04-21 17:13:17,542 - DEBUG - Applied dict param aspirate_wait_time=3.0
2026-04-21 17:13:17,542 - DEBUG - Applied dict param dispense_wait_time=0.0
2026-04-21 17:13:17,542 - DEBUG - Applied dict param pre_asp_air_vol=0.0
2026-04-21 17:13:17,542 - DEBUG - Applied dict param retract_speed=5.0
2026-04-21 17:13:17,542 - DEBUG - Applied dict param blowout_vol=0.379
2026-04-21 17:13:17,542 - DEBUG - Applied dict param post_asp_air_vol=0.0
2026-04-21 17:13:17,542 - DEBUG - Applied dict param post_retract_wait_time=0.0
2026-04-21 17:13:17,542 - DEBUG - Applied dict param overaspirate_vol=0.0
2026-04-21 17:13:17,542 - DEBUG - Applied dict param asp_disp_cycles=0
2026-04-21 17:13:17,543 - INFO - Pipetting into vial PVA_DMSO, amount: 0.050 mL
2026-04-21 17:13:17,544 - DEBUG - Adjusting pump 0 speed to 25
2026-04-21 17:13:19,280 - INFO - Short wait time (1.0s), allowing scale to settle after robot positioning...
2026-04-21 17:13:20,288 - INFO - Started continuous mass monitoring with pre-dispense baseline
2026-04-21 17:13:20,523 - DEBUG - Mass: -0.0535g at 0.000s (baseline_pre) steady=False
2026-04-21 17:13:20,914 - DEBUG - Mass: -0.0535g at 0.451s (baseline_pre) steady=True
2026-04-21 17:13:21,324 - DEBUG - Mass: -0.0535g at 0.850s (baseline_pre) steady=True
2026-04-21 17:13:21,726 - DEBUG - Mass: -0.0535g at 1.243s (baseline_pre) steady=True
2026-04-21 17:13:22,127 - DEBUG - Mass: -0.0535g at 1.644s (baseline_pre) steady=True
2026-04-21 17:13:22,291 - DEBUG - Dispensing 0.050 mL then waiting 0.0 s
2026-04-21 17:13:22,527 - DEBUG - Mass: -0.0535g at 2.044s (dispensing) steady=True
2026-04-21 17:13:22,926 - DEBUG - Mass: -0.0496g at 2.451s (dispensing) steady=False
2026-04-21 17:13:23,325 - DEBUG - Mass: -0.0421g at 2.838s (dispensing) steady=False
2026-04-21 17:13:23,724 - DEBUG - Mass: -0.0344g at 3.253s (dispensing) steady=False
2026-04-21 17:13:24,126 - DEBUG - Mass: -0.0257g at 3.649s (dispensing) steady=False
2026-04-21 17:13:24,525 - DEBUG - Mass: -0.0174g at 4.043s (dispensing) steady=False
2026-04-21 17:13:24,925 - DEBUG - Mass: -0.0093g at 4.450s (dispensing) steady=False
2026-04-21 17:13:24,991 - DEBUG - Blowing out 0.379 mL
2026-04-21 17:13:24,991 - DEBUG - Adjusting pump 0 speed to 5
2026-04-21 17:13:25,325 - DEBUG - Mass: -0.0034g at 4.845s (dispensing) steady=False
2026-04-21 17:13:25,724 - DEBUG - Mass: 0.0027g at 5.249s (dispensing) steady=False
2026-04-21 17:13:26,125 - DEBUG - Mass: 0.0039g at 5.639s (dispensing) steady=False
2026-04-21 17:13:26,525 - DEBUG - Mass: 0.0028g at 6.047s (dispensing) steady=False
2026-04-21 17:13:26,603 - DEBUG - Adjusting pump 0 speed to 25
2026-04-21 17:13:26,924 - DEBUG - Mass: 0.0002g at 6.438s (dispensing) steady=False
2026-04-21 17:13:27,325 - DEBUG - Mass: 0.0045g at 6.850s (dispensing) steady=False
2026-04-21 17:13:27,725 - DEBUG - Mass: 0.0022g at 7.242s (dispensing) steady=False
2026-04-21 17:13:28,124 - DEBUG - Mass: 0.0045g at 7.651s (dispensing) steady=False
2026-04-21 17:13:28,525 - DEBUG - Mass: 0.0048g at 8.044s (dispensing) steady=False
2026-04-21 17:13:28,925 - DEBUG - Mass: 0.0050g at 8.452s (dispensing) steady=False
2026-04-21 17:13:29,324 - DEBUG - Mass: 0.0049g at 8.842s (dispensing) steady=False
2026-04-21 17:13:29,725 - DEBUG - Mass: 0.0051g at 9.250s (dispensing) steady=False
2026-04-21 17:13:30,125 - DEBUG - Mass: 0.0045g at 9.643s (dispensing) steady=False
2026-04-21 17:13:30,526 - DEBUG - Mass: 0.0044g at 10.049s (dispensing) steady=True
2026-04-21 17:13:30,926 - DEBUG - Mass: 0.0044g at 10.442s (dispensing) steady=True
2026-04-21 17:13:31,326 - DEBUG - Mass: 0.0044g at 10.848s (dispensing) steady=True
2026-04-21 17:13:31,726 - DEBUG - Mass: 0.0044g at 11.242s (dispensing) steady=True
2026-04-21 17:13:32,124 - DEBUG - Mass: 0.0062g at 11.648s (dispensing) steady=False
2026-04-21 17:13:32,525 - DEBUG - Mass: 0.0054g at 12.040s (dispensing) steady=False
2026-04-21 17:13:32,924 - DEBUG - Mass: 0.0060g at 12.448s (dispensing) steady=False
2026-04-21 17:13:33,326 - DEBUG - Mass: 0.0056g at 12.840s (dispensing) steady=True
2026-04-21 17:13:33,726 - DEBUG - Mass: 0.0056g at 13.249s (dispensing) steady=True
2026-04-21 17:13:34,127 - DEBUG - Mass: 0.0056g at 13.639s (dispensing) steady=True
2026-04-21 17:13:34,526 - DEBUG - Mass: 0.0056g at 14.047s (dispensing) steady=True
2026-04-21 17:13:34,925 - DEBUG - Mass: 0.0056g at 14.439s (dispensing) steady=True
2026-04-21 17:13:35,327 - DEBUG - Mass: 0.0055g at 14.848s (dispensing) steady=True
2026-04-21 17:13:35,726 - DEBUG - Mass: 0.0055g at 15.242s (dispensing) steady=True
2026-04-21 17:13:36,126 - DEBUG - Mass: 0.0055g at 15.650s (dispensing) steady=True
2026-04-21 17:13:36,525 - DEBUG - Mass: 0.0055g at 16.040s (dispensing) steady=True
2026-04-21 17:13:36,924 - DEBUG - Mass: 0.0046g at 16.447s (dispensing) steady=False
2026-04-21 17:13:37,325 - DEBUG - Mass: 0.0044g at 16.837s (dispensing) steady=False
2026-04-21 17:13:37,724 - DEBUG - Mass: 0.0045g at 17.260s (dispensing) steady=False
2026-04-21 17:13:38,126 - DEBUG - Mass: 0.0048g at 17.643s (dispensing) steady=True
2026-04-21 17:13:38,526 - DEBUG - Mass: 0.0048g at 18.044s (dispensing) steady=True
2026-04-21 17:13:38,926 - DEBUG - Mass: 0.0048g at 18.444s (dispensing) steady=True
2026-04-21 17:13:39,312 - DEBUG - Mass: 0.0048g at 18.844s (dispensing) steady=True
2026-04-21 17:13:39,726 - DEBUG - Mass: 0.0047g at 19.246s (dispensing) steady=True
2026-04-21 17:13:40,126 - DEBUG - Mass: 0.0047g at 19.654s (dispensing) steady=True
2026-04-21 17:13:40,518 - DEBUG - Mass: 0.0047g at 20.044s (dispensing) steady=True
2026-04-21 17:13:40,926 - DEBUG - Mass: 0.0047g at 20.445s (dispensing) steady=True
2026-04-21 17:13:41,326 - DEBUG - Mass: 0.0047g at 20.841s (dispensing) steady=True
2026-04-21 17:13:41,726 - DEBUG - Mass: 0.0047g at 21.246s (dispensing) steady=True
2026-04-21 17:13:42,114 - DEBUG - Mass: 0.0047g at 21.645s (dispensing) steady=True
2026-04-21 17:13:42,519 - DEBUG - Mass: 0.0047g at 22.046s (dispensing) steady=True
2026-04-21 17:13:42,916 - DEBUG - Mass: 0.0047g at 22.443s (dispensing) steady=True
2026-04-21 17:13:43,326 - DEBUG - Mass: 0.0047g at 22.843s (dispensing) steady=True
2026-04-21 17:13:43,717 - DEBUG - Mass: 0.0047g at 23.247s (dispensing) steady=True
2026-04-21 17:13:44,121 - DEBUG - Mass: 0.0047g at 23.646s (dispensing) steady=True
2026-04-21 17:13:44,522 - DEBUG - Mass: 0.0047g at 24.042s (dispensing) steady=True
2026-04-21 17:13:44,923 - DEBUG - Mass: 0.0037g at 24.438s (dispensing) steady=False
2026-04-21 17:13:45,323 - DEBUG - Mass: 0.0053g at 24.843s (dispensing) steady=False
2026-04-21 17:13:45,723 - DEBUG - Mass: 0.0037g at 25.248s (dispensing) steady=False
2026-04-21 17:13:46,117 - DEBUG - Mass: 0.0037g at 25.637s (dispensing) steady=False
2026-04-21 17:13:46,181 - INFO - Dispensing took 23.889s, collecting post-dispense baseline
2026-04-21 17:13:46,524 - DEBUG - Mass: 0.0002g at 26.047s (baseline_post) steady=False
2026-04-21 17:13:46,924 - DEBUG - Mass: -0.0002g at 26.442s (baseline_post) steady=False
2026-04-21 17:13:47,323 - DEBUG - Mass: -0.0006g at 26.847s (baseline_post) steady=False
2026-04-21 17:13:47,725 - DEBUG - Mass: 0.0000g at 27.249s (baseline_post) steady=True
2026-04-21 17:13:48,123 - DEBUG - Mass: 0.0000g at 27.648s (baseline_post) steady=True
2026-04-21 17:13:48,328 - INFO - Stopped continuous mass monitoring. Collected 70 data points
2026-04-21 17:13:48,328 - INFO - Pre-baseline: 4 stable readings, avg=-0.053500g
2026-04-21 17:13:48,328 - INFO - Post-baseline: 2 stable readings, avg=0.000000g
2026-04-21 17:13:48,328 - INFO - INDEPENDENT BASELINE calculation:
2026-04-21 17:13:48,328 - INFO - Pre: STABLE, Post: STABLE, Mass difference: 0.053500g
2026-04-21 17:13:48,336 - INFO - Reading summary: 5 pre-readings (4 stable), 5 post-readings (2 stable)
2026-04-21 17:13:48,336 - INFO - Baseline variability: pre_std=0.000000g, post_std=0.000303g
2026-04-21 17:13:48,336 - INFO - Target: 0.050 mL = ~0.050000 g for water
2026-04-21 17:13:48,338 - INFO - Saved 70 mass measurements to output\mass_measurements\experiment_log2026-04-21_17-11-42\mass_data_PVA_DMSO_20260421_171348.csv
2026-04-21 17:13:48,786 - INFO - Saved dispense mass vs time plot to output\mass_measurements\experiment_log2026-04-21_17-11-42\mass_plot_PVA_DMSO_20260421_171348.png
2026-04-21 17:13:59,171 - INFO - Vial PVA_DMSO already at clamp index 0, no move needed
2026-04-21 17:13:59,325 - DEBUG - Applied dict param aspirate_speed=30
2026-04-21 17:13:59,325 - DEBUG - Applied dict param dispense_speed=2
2026-04-21 17:13:59,325 - DEBUG - Applied dict param aspirate_wait_time=2.5
2026-04-21 17:13:59,325 - DEBUG - Applied dict param dispense_wait_time=0.0
2026-04-21 17:13:59,326 - DEBUG - Applied dict param pre_asp_air_vol=0.0
2026-04-21 17:13:59,326 - DEBUG - Applied dict param retract_speed=5.0
2026-04-21 17:13:59,326 - DEBUG - Applied dict param blowout_vol=0.0
2026-04-21 17:13:59,326 - DEBUG - Applied dict param post_asp_air_vol=0.0
2026-04-21 17:13:59,326 - DEBUG - Applied dict param post_retract_wait_time=0.0
2026-04-21 17:13:59,326 - DEBUG - Applied dict param overaspirate_vol=0.0
2026-04-21 17:13:59,326 - DEBUG - Applied dict param asp_disp_cycles=0
2026-04-21 17:13:59,328 - DEBUG - Selected small_tip for volume 0.050 mL
2026-04-21 17:13:59,330 - INFO - Pipetting from vial PVA_DMSO, amount: 0.050 mL
2026-04-21 17:13:59,331 - INFO - Additional volume from calibration, amount: 0.000 mL
2026-04-21 17:13:59,332 - DEBUG - Adjusting pump 0 speed to 10
2026-04-21 17:14:00,430 - DEBUG - Adjusting pump 0 speed to 30
2026-04-21 17:14:01,467 - DEBUG - Aspirating 0.050 mL then waiting 2.5 s
2026-04-21 17:14:09,721 - DEBUG - Applied dict param aspirate_speed=30
2026-04-21 17:14:09,721 - DEBUG - Applied dict param dispense_speed=2
2026-04-21 17:14:09,721 - DEBUG - Applied dict param aspirate_wait_time=2.5
2026-04-21 17:14:09,721 - DEBUG - Applied dict param dispense_wait_time=0.0
2026-04-21 17:14:09,721 - DEBUG - Applied dict param pre_asp_air_vol=0.0
2026-04-21 17:14:09,721 - DEBUG - Applied dict param retract_speed=5.0
2026-04-21 17:14:09,721 - DEBUG - Applied dict param blowout_vol=0.0
2026-04-21 17:14:09,721 - DEBUG - Applied dict param post_asp_air_vol=0.0
2026-04-21 17:14:09,721 - DEBUG - Applied dict param post_retract_wait_time=0.0
2026-04-21 17:14:09,721 - DEBUG - Applied dict param overaspirate_vol=0.0
2026-04-21 17:14:09,721 - DEBUG - Applied dict param asp_disp_cycles=0
2026-04-21 17:14:09,722 - INFO - Pipetting into vial PVA_DMSO, amount: 0.050 mL
2026-04-21 17:14:09,724 - DEBUG - Adjusting pump 0 speed to 2
2026-04-21 17:14:11,566 - INFO - Short wait time (1.0s), allowing scale to settle after robot positioning...
2026-04-21 17:14:12,566 - INFO - Started continuous mass monitoring with pre-dispense baseline
2026-04-21 17:14:12,717 - DEBUG - Mass: -0.0541g at 0.000s (baseline_pre) steady=True
2026-04-21 17:14:13,118 - DEBUG - Mass: -0.0541g at 0.366s (baseline_pre) steady=True
2026-04-21 17:14:13,518 - DEBUG - Mass: -0.0541g at 0.767s (baseline_pre) steady=True
2026-04-21 17:14:13,927 - DEBUG - Mass: -0.0541g at 1.168s (baseline_pre) steady=True
2026-04-21 17:14:14,319 - DEBUG - Mass: -0.0541g at 1.562s (baseline_pre) steady=True
2026-04-21 17:14:14,580 - DEBUG - Dispensing 0.050 mL then waiting 0.0 s
2026-04-21 17:14:14,724 - DEBUG - Mass: -0.0540g at 1.966s (baseline_pre) steady=True
2026-04-21 17:14:15,115 - DEBUG - Mass: -0.0371g at 2.367s (dispensing) steady=False
2026-04-21 17:14:15,195 - INFO - Dispensing took 0.614s, collecting post-dispense baseline
2026-04-21 17:14:15,526 - DEBUG - Mass: -0.0141g at 2.771s (baseline_post) steady=False
2026-04-21 17:14:15,920 - DEBUG - Mass: -0.0069g at 3.170s (baseline_post) steady=False
2026-04-21 17:14:16,319 - DEBUG - Mass: -0.0063g at 3.568s (baseline_post) steady=False
2026-04-21 17:14:16,725 - DEBUG - Mass: -0.0069g at 3.972s (baseline_post) steady=False
2026-04-21 17:14:17,123 - DEBUG - Mass: -0.0062g at 4.371s (baseline_post) steady=False
2026-04-21 17:14:17,328 - INFO - Stopped continuous mass monitoring. Collected 12 data points
2026-04-21 17:14:17,332 - INFO - Pre-baseline: 6 stable readings, avg=-0.054083g
2026-04-21 17:14:17,333 - INFO - Post-baseline: No stable readings, using time-based avg=-0.008080g
2026-04-21 17:14:17,333 - INFO - INDEPENDENT BASELINE calculation:
2026-04-21 17:14:17,333 - INFO - Pre: STABLE, Post: TIME-BASED, Mass difference: 0.046003g
2026-04-21 17:14:17,334 - INFO - Reading summary: 6 pre-readings (6 stable), 5 post-readings (0 stable)
2026-04-21 17:14:17,334 - INFO - Baseline variability: pre_std=0.000041g, post_std=0.003381g
2026-04-21 17:14:17,335 - INFO - Target: 0.050 mL = ~0.050000 g for water
2026-04-21 17:14:17,336 - INFO - Saved 12 mass measurements to output\mass_measurements\experiment_log2026-04-21_17-11-42\mass_data_PVA_DMSO_20260421_171417.csv
2026-04-21 17:14:17,766 - INFO - Saved dispense mass vs time plot to output\mass_measurements\experiment_log2026-04-21_17-11-42\mass_plot_PVA_DMSO_20260421_171417.png
2026-04-21 17:14:17,766 - INFO - Vial PVA_DMSO already at clamp index 0, no move needed
2026-04-21 17:14:18,324 - DEBUG - Applied dict param aspirate_speed=30
2026-04-21 17:14:18,324 - DEBUG - Applied dict param dispense_speed=2
2026-04-21 17:14:18,324 - DEBUG - Applied dict param aspirate_wait_time=2.5
2026-04-21 17:14:18,324 - DEBUG - Applied dict param dispense_wait_time=0.0
2026-04-21 17:14:18,324 - DEBUG - Applied dict param pre_asp_air_vol=0.0
2026-04-21 17:14:18,324 - DEBUG - Applied dict param retract_speed=5.0
2026-04-21 17:14:18,324 - DEBUG - Applied dict param blowout_vol=0.0
2026-04-21 17:14:18,324 - DEBUG - Applied dict param post_asp_air_vol=0.0
2026-04-21 17:14:18,324 - DEBUG - Applied dict param post_retract_wait_time=0.0
2026-04-21 17:14:18,324 - DEBUG - Applied dict param overaspirate_vol=0.0
2026-04-21 17:14:18,324 - DEBUG - Applied dict param asp_disp_cycles=0
2026-04-21 17:14:18,324 - DEBUG - Selected small_tip for volume 0.050 mL
2026-04-21 17:14:18,324 - INFO - Pipetting from vial PVA_DMSO, amount: 0.050 mL
2026-04-21 17:14:18,324 - INFO - Additional volume from calibration, amount: 0.000 mL
2026-04-21 17:14:18,324 - DEBUG - Adjusting pump 0 speed to 10
2026-04-21 17:14:19,405 - DEBUG - Adjusting pump 0 speed to 30
2026-04-21 17:14:20,423 - DEBUG - Aspirating 0.050 mL then waiting 2.5 s
2026-04-21 17:14:28,640 - DEBUG - Applied dict param aspirate_speed=30
2026-04-21 17:14:28,640 - DEBUG - Applied dict param dispense_speed=2
2026-04-21 17:14:28,640 - DEBUG - Applied dict param aspirate_wait_time=2.5
2026-04-21 17:14:28,640 - DEBUG - Applied dict param dispense_wait_time=0.0
2026-04-21 17:14:28,640 - DEBUG - Applied dict param pre_asp_air_vol=0.0
2026-04-21 17:14:28,640 - DEBUG - Applied dict param retract_speed=5.0
2026-04-21 17:14:28,640 - DEBUG - Applied dict param blowout_vol=0.0
2026-04-21 17:14:28,640 - DEBUG - Applied dict param post_asp_air_vol=0.0
2026-04-21 17:14:28,640 - DEBUG - Applied dict param post_retract_wait_time=0.0
2026-04-21 17:14:28,641 - DEBUG - Applied dict param overaspirate_vol=0.0
2026-04-21 17:14:28,641 - DEBUG - Applied dict param asp_disp_cycles=0
2026-04-21 17:14:28,642 - INFO - Pipetting into vial PVA_DMSO, amount: 0.050 mL
2026-04-21 17:14:28,643 - DEBUG - Adjusting pump 0 speed to 2
2026-04-21 17:14:30,475 - INFO - Short wait time (1.0s), allowing scale to settle after robot positioning...
2026-04-21 17:14:31,477 - INFO - Started continuous mass monitoring with pre-dispense baseline
2026-04-21 17:14:31,727 - DEBUG - Mass: -0.0593g at 0.000s (baseline_pre) steady=True
2026-04-21 17:14:32,127 - DEBUG - Mass: -0.0593g at 0.450s (baseline_pre) steady=True
2026-04-21 17:14:32,526 - DEBUG - Mass: -0.0593g at 0.866s (baseline_pre) steady=True
2026-04-21 17:14:32,926 - DEBUG - Mass: -0.0593g at 1.251s (baseline_pre) steady=True
2026-04-21 17:14:33,317 - DEBUG - Mass: -0.0593g at 1.665s (baseline_pre) steady=True
2026-04-21 17:14:33,478 - DEBUG - Dispensing 0.050 mL then waiting 0.0 s
2026-04-21 17:14:33,725 - DEBUG - Mass: -0.0593g at 2.054s (dispensing) steady=True
2026-04-21 17:14:33,805 - INFO - Dispensing took 0.327s, collecting post-dispense baseline
2026-04-21 17:14:34,124 - DEBUG - Mass: -0.0246g at 2.451s (baseline_post) steady=False
2026-04-21 17:14:34,525 - DEBUG - Mass: -0.0123g at 2.851s (baseline_post) steady=False
2026-04-21 17:14:34,915 - DEBUG - Mass: -0.0095g at 3.251s (baseline_post) steady=False
2026-04-21 17:14:35,312 - DEBUG - Mass: -0.0093g at 3.651s (baseline_post) steady=False
2026-04-21 17:14:35,713 - DEBUG - Mass: -0.0096g at 4.050s (baseline_post) steady=False
2026-04-21 17:14:35,929 - INFO - Stopped continuous mass monitoring. Collected 11 data points
2026-04-21 17:14:35,933 - INFO - Pre-baseline: 5 stable readings, avg=-0.059300g
2026-04-21 17:14:35,933 - INFO - Post-baseline: No stable readings, using time-based avg=-0.013060g
2026-04-21 17:14:35,934 - INFO - INDEPENDENT BASELINE calculation:
2026-04-21 17:14:35,934 - INFO - Pre: STABLE, Post: TIME-BASED, Mass difference: 0.046240g
2026-04-21 17:14:35,935 - INFO - Reading summary: 5 pre-readings (5 stable), 5 post-readings (0 stable)
2026-04-21 17:14:35,935 - INFO - Baseline variability: pre_std=0.000000g, post_std=0.006568g
2026-04-21 17:14:35,935 - INFO - Target: 0.050 mL = ~0.050000 g for water
2026-04-21 17:14:35,937 - INFO - Saved 11 mass measurements to output\mass_measurements\experiment_log2026-04-21_17-11-42\mass_data_PVA_DMSO_20260421_171435.csv
2026-04-21 17:14:36,401 - INFO - Saved dispense mass vs time plot to output\mass_measurements\experiment_log2026-04-21_17-11-42\mass_plot_PVA_DMSO_20260421_171435.png
2026-04-21 17:14:46,246 - INFO - Vial PVA_DMSO already at clamp index 0, no move needed
2026-04-21 17:14:46,527 - DEBUG - Applied dict param aspirate_speed=6
2026-04-21 17:14:46,527 - DEBUG - Applied dict param dispense_speed=18
2026-04-21 17:14:46,527 - DEBUG - Applied dict param aspirate_wait_time=3.3000000000000003
2026-04-21 17:14:46,527 - DEBUG - Applied dict param dispense_wait_time=0.0
2026-04-21 17:14:46,527 - DEBUG - Applied dict param pre_asp_air_vol=0.0
2026-04-21 17:14:46,527 - DEBUG - Applied dict param retract_speed=5.0
2026-04-21 17:14:46,527 - DEBUG - Applied dict param blowout_vol=0.217
2026-04-21 17:14:46,527 - DEBUG - Applied dict param post_asp_air_vol=0.0
2026-04-21 17:14:46,527 - DEBUG - Applied dict param post_retract_wait_time=0.0
2026-04-21 17:14:46,527 - DEBUG - Applied dict param overaspirate_vol=0.0
2026-04-21 17:14:46,527 - DEBUG - Applied dict param asp_disp_cycles=0
2026-04-21 17:14:46,528 - DEBUG - Selected small_tip for volume 0.050 mL
2026-04-21 17:14:46,530 - INFO - Pipetting from vial PVA_DMSO, amount: 0.050 mL
2026-04-21 17:14:46,530 - INFO - Additional volume from calibration, amount: 0.000 mL
2026-04-21 17:14:46,532 - DEBUG - Adjusting pump 0 speed to 10
2026-04-21 17:14:47,610 - DEBUG - Adjusting pump 0 speed to 6
2026-04-21 17:14:48,628 - DEBUG - Aspirating 0.050 mL then waiting 3.3000000000000003 s
2026-04-21 17:14:53,050 - DEBUG - Applied dict param aspirate_speed=6
2026-04-21 17:14:53,050 - DEBUG - Applied dict param dispense_speed=18
2026-04-21 17:14:53,050 - DEBUG - Applied dict param aspirate_wait_time=3.3000000000000003
2026-04-21 17:14:53,050 - DEBUG - Applied dict param dispense_wait_time=0.0
2026-04-21 17:14:53,050 - DEBUG - Applied dict param pre_asp_air_vol=0.0
2026-04-21 17:14:53,050 - DEBUG - Applied dict param retract_speed=5.0
2026-04-21 17:14:53,050 - DEBUG - Applied dict param blowout_vol=0.217
2026-04-21 17:14:53,050 - DEBUG - Applied dict param post_asp_air_vol=0.0
2026-04-21 17:14:53,050 - DEBUG - Applied dict param post_retract_wait_time=0.0
2026-04-21 17:14:53,050 - DEBUG - Applied dict param overaspirate_vol=0.0
2026-04-21 17:14:53,050 - DEBUG - Applied dict param asp_disp_cycles=0
2026-04-21 17:14:53,052 - INFO - Pipetting into vial PVA_DMSO, amount: 0.050 mL
2026-04-21 17:14:53,052 - DEBUG - Adjusting pump 0 speed to 18
2026-04-21 17:14:54,905 - INFO - Short wait time (1.0s), allowing scale to settle after robot positioning...
2026-04-21 17:14:55,907 - INFO - Started continuous mass monitoring with pre-dispense baseline
2026-04-21 17:14:56,126 - DEBUG - Mass: -0.0602g at 0.000s (baseline_pre) steady=True
2026-04-21 17:14:56,521 - DEBUG - Mass: -0.0602g at 0.436s (baseline_pre) steady=True
2026-04-21 17:14:56,924 - DEBUG - Mass: -0.0602g at 0.821s (baseline_pre) steady=True
2026-04-21 17:14:57,317 - DEBUG - Mass: -0.0602g at 1.231s (baseline_pre) steady=True
2026-04-21 17:14:57,727 - DEBUG - Mass: -0.0602g at 1.629s (baseline_pre) steady=True
2026-04-21 17:14:57,907 - DEBUG - Dispensing 0.050 mL then waiting 0.0 s
2026-04-21 17:14:58,127 - DEBUG - Mass: -0.0602g at 2.034s (dispensing) steady=True
2026-04-21 17:14:58,524 - DEBUG - Mass: -0.0558g at 2.424s (dispensing) steady=False
2026-04-21 17:14:58,925 - DEBUG - Mass: -0.0439g at 2.832s (dispensing) steady=False
2026-04-21 17:14:59,326 - DEBUG - Mass: -0.0324g at 3.223s (dispensing) steady=False
2026-04-21 17:14:59,725 - DEBUG - Mass: -0.0174g at 3.628s (dispensing) steady=False
2026-04-21 17:14:59,803 - DEBUG - Blowing out 0.217 mL
2026-04-21 17:14:59,803 - DEBUG - Adjusting pump 0 speed to 5
2026-04-21 17:15:00,125 - DEBUG - Mass: -0.0075g at 4.021s (dispensing) steady=False
2026-04-21 17:15:00,525 - DEBUG - Mass: -0.0017g at 4.430s (dispensing) steady=False
2026-04-21 17:15:00,925 - DEBUG - Mass: -0.0020g at 4.835s (dispensing) steady=False
2026-04-21 17:15:00,995 - DEBUG - Adjusting pump 0 speed to 18
2026-04-21 17:15:01,325 - DEBUG - Mass: -0.0056g at 5.229s (dispensing) steady=False
2026-04-21 17:15:01,726 - DEBUG - Mass: -0.0023g at 5.620s (dispensing) steady=False
2026-04-21 17:15:02,125 - DEBUG - Mass: -0.0035g at 6.029s (dispensing) steady=False
2026-04-21 17:15:02,525 - DEBUG - Mass: 0.0041g at 6.420s (dispensing) steady=False
2026-04-21 17:15:02,925 - DEBUG - Mass: 0.0044g at 6.828s (dispensing) steady=False
2026-04-21 17:15:03,325 - DEBUG - Mass: 0.0049g at 7.219s (dispensing) steady=False
2026-04-21 17:15:03,725 - DEBUG - Mass: 0.0048g at 7.626s (dispensing) steady=False
2026-04-21 17:15:04,125 - DEBUG - Mass: 0.0048g at 8.031s (dispensing) steady=False
2026-04-21 17:15:04,527 - DEBUG - Mass: 0.0050g at 8.421s (dispensing) steady=True
2026-04-21 17:15:04,926 - DEBUG - Mass: 0.0050g at 8.831s (dispensing) steady=True
2026-04-21 17:15:05,326 - DEBUG - Mass: 0.0050g at 9.224s (dispensing) steady=True
2026-04-21 17:15:05,727 - DEBUG - Mass: 0.0050g at 9.632s (dispensing) steady=True
2026-04-21 17:15:06,126 - DEBUG - Mass: 0.0050g at 10.025s (dispensing) steady=True
2026-04-21 17:15:06,526 - DEBUG - Mass: 0.0050g at 10.431s (dispensing) steady=True
2026-04-21 17:15:06,927 - DEBUG - Mass: 0.0050g at 10.821s (dispensing) steady=True
2026-04-21 17:15:07,326 - DEBUG - Mass: 0.0050g at 11.234s (dispensing) steady=True
2026-04-21 17:15:07,726 - DEBUG - Mass: 0.0050g at 11.627s (dispensing) steady=True
2026-04-21 17:15:08,127 - DEBUG - Mass: 0.0050g at 12.020s (dispensing) steady=True
2026-04-21 17:15:08,526 - DEBUG - Mass: 0.0050g at 12.426s (dispensing) steady=True
2026-04-21 17:15:08,603 - INFO - Dispensing took 10.696s, collecting post-dispense baseline
2026-04-21 17:15:08,924 - DEBUG - Mass: 0.0009g at 12.824s (baseline_post) steady=False
2026-04-21 17:15:09,324 - DEBUG - Mass: 0.0006g at 13.229s (baseline_post) steady=False
2026-04-21 17:15:09,724 - DEBUG - Mass: 0.0007g at 13.622s (baseline_post) steady=False
2026-04-21 17:15:10,126 - DEBUG - Mass: 0.0000g at 14.032s (baseline_post) steady=True
2026-04-21 17:15:10,526 - DEBUG - Mass: 0.0000g at 14.425s (baseline_post) steady=True
2026-04-21 17:15:10,741 - INFO - Stopped continuous mass monitoring. Collected 37 data points
2026-04-21 17:15:10,745 - INFO - Pre-baseline: 5 stable readings, avg=-0.060200g
2026-04-21 17:15:10,745 - INFO - Post-baseline: 2 stable readings, avg=0.000000g
2026-04-21 17:15:10,745 - INFO - INDEPENDENT BASELINE calculation:
2026-04-21 17:15:10,745 - INFO - Pre: STABLE, Post: STABLE, Mass difference: 0.060200g
2026-04-21 17:15:10,747 - INFO - Reading summary: 5 pre-readings (5 stable), 5 post-readings (2 stable)
2026-04-21 17:15:10,747 - INFO - Baseline variability: pre_std=0.000000g, post_std=0.000416g
2026-04-21 17:15:10,747 - INFO - Target: 0.050 mL = ~0.050000 g for water
2026-04-21 17:15:10,750 - INFO - Saved 37 mass measurements to output\mass_measurements\experiment_log2026-04-21_17-11-42\mass_data_PVA_DMSO_20260421_171510.csv
2026-04-21 17:15:11,331 - INFO - Saved dispense mass vs time plot to output\mass_measurements\experiment_log2026-04-21_17-11-42\mass_plot_PVA_DMSO_20260421_171510.png
2026-04-21 17:15:11,336 - INFO - Vial PVA_DMSO already at clamp index 0, no move needed
2026-04-21 17:15:11,526 - DEBUG - Applied dict param aspirate_speed=6
2026-04-21 17:15:11,526 - DEBUG - Applied dict param dispense_speed=18
2026-04-21 17:15:11,526 - DEBUG - Applied dict param aspirate_wait_time=3.3000000000000003
2026-04-21 17:15:11,526 - DEBUG - Applied dict param dispense_wait_time=0.0
2026-04-21 17:15:11,526 - DEBUG - Applied dict param pre_asp_air_vol=0.0
2026-04-21 17:15:11,526 - DEBUG - Applied dict param retract_speed=5.0
2026-04-21 17:15:11,526 - DEBUG - Applied dict param blowout_vol=0.217
2026-04-21 17:15:11,526 - DEBUG - Applied dict param post_asp_air_vol=0.0
2026-04-21 17:15:11,526 - DEBUG - Applied dict param post_retract_wait_time=0.0
2026-04-21 17:15:11,526 - DEBUG - Applied dict param overaspirate_vol=0.0
2026-04-21 17:15:11,526 - DEBUG - Applied dict param asp_disp_cycles=0
2026-04-21 17:15:11,527 - DEBUG - Selected small_tip for volume 0.050 mL
2026-04-21 17:15:11,529 - INFO - Pipetting from vial PVA_DMSO, amount: 0.050 mL
2026-04-21 17:15:11,529 - INFO - Additional volume from calibration, amount: 0.000 mL
2026-04-21 17:15:11,532 - DEBUG - Adjusting pump 0 speed to 10
2026-04-21 17:15:12,642 - DEBUG - Adjusting pump 0 speed to 6
2026-04-21 17:15:13,677 - DEBUG - Aspirating 0.050 mL then waiting 3.3000000000000003 s
2026-04-21 17:15:18,130 - DEBUG - Applied dict param aspirate_speed=6
2026-04-21 17:15:18,130 - DEBUG - Applied dict param dispense_speed=18
2026-04-21 17:15:18,130 - DEBUG - Applied dict param aspirate_wait_time=3.3000000000000003
2026-04-21 17:15:18,130 - DEBUG - Applied dict param dispense_wait_time=0.0
2026-04-21 17:15:18,130 - DEBUG - Applied dict param pre_asp_air_vol=0.0
2026-04-21 17:15:18,130 - DEBUG - Applied dict param retract_speed=5.0
2026-04-21 17:15:18,130 - DEBUG - Applied dict param blowout_vol=0.217
2026-04-21 17:15:18,130 - DEBUG - Applied dict param post_asp_air_vol=0.0
2026-04-21 17:15:18,130 - DEBUG - Applied dict param post_retract_wait_time=0.0
2026-04-21 17:15:18,130 - DEBUG - Applied dict param overaspirate_vol=0.0
2026-04-21 17:15:18,130 - DEBUG - Applied dict param asp_disp_cycles=0
2026-04-21 17:15:18,132 - INFO - Pipetting into vial PVA_DMSO, amount: 0.050 mL
2026-04-21 17:15:18,133 - DEBUG - Adjusting pump 0 speed to 18
2026-04-21 17:15:19,999 - INFO - Short wait time (1.0s), allowing scale to settle after robot positioning...
2026-04-21 17:15:21,015 - INFO - Started continuous mass monitoring with pre-dispense baseline
2026-04-21 17:15:21,125 - DEBUG - Mass: -0.0533g at 0.000s (baseline_pre) steady=False
2026-04-21 17:15:21,525 - DEBUG - Mass: -0.0535g at 0.316s (baseline_pre) steady=False
2026-04-21 17:15:21,926 - DEBUG - Mass: -0.0537g at 0.723s (baseline_pre) steady=True
2026-04-21 17:15:22,328 - DEBUG - Mass: -0.0537g at 1.114s (baseline_pre) steady=True
2026-04-21 17:15:22,727 - DEBUG - Mass: -0.0537g at 1.523s (baseline_pre) steady=True
2026-04-21 17:15:23,025 - DEBUG - Dispensing 0.050 mL then waiting 0.0 s
2026-04-21 17:15:23,127 - DEBUG - Mass: -0.0537g at 1.914s (baseline_pre) steady=True
2026-04-21 17:15:23,526 - DEBUG - Mass: -0.0502g at 2.321s (dispensing) steady=False
2026-04-21 17:15:23,925 - DEBUG - Mass: -0.0429g at 2.715s (dispensing) steady=False
2026-04-21 17:15:24,325 - DEBUG - Mass: -0.0309g at 3.122s (dispensing) steady=False
2026-04-21 17:15:24,726 - DEBUG - Mass: -0.0175g at 3.513s (dispensing) steady=False
2026-04-21 17:15:24,871 - DEBUG - Blowing out 0.217 mL
2026-04-21 17:15:24,871 - DEBUG - Adjusting pump 0 speed to 5
2026-04-21 17:15:25,125 - DEBUG - Mass: -0.0101g at 3.920s (dispensing) steady=False
2026-04-21 17:15:25,525 - DEBUG - Mass: 0.0075g at 4.313s (dispensing) steady=False
2026-04-21 17:15:25,925 - DEBUG - Mass: 0.0021g at 4.721s (dispensing) steady=False
2026-04-21 17:15:26,324 - DEBUG - Mass: 0.0032g at 5.115s (dispensing) steady=False
2026-04-21 17:15:26,395 - DEBUG - Adjusting pump 0 speed to 18
2026-04-21 17:15:26,725 - DEBUG - Mass: 0.0016g at 5.522s (dispensing) steady=False
2026-04-21 17:15:27,124 - DEBUG - Mass: 0.0034g at 5.914s (dispensing) steady=False
2026-04-21 17:15:27,524 - DEBUG - Mass: 0.0035g at 6.321s (dispensing) steady=False
2026-04-21 17:15:27,924 - DEBUG - Mass: 0.0041g at 6.713s (dispensing) steady=False
2026-04-21 17:15:28,325 - DEBUG - Mass: 0.0041g at 7.119s (dispensing) steady=False
2026-04-21 17:15:28,725 - DEBUG - Mass: 0.0035g at 7.512s (dispensing) steady=False
2026-04-21 17:15:29,124 - DEBUG - Mass: 0.0038g at 7.920s (dispensing) steady=False
2026-04-21 17:15:29,526 - DEBUG - Mass: 0.0040g at 8.313s (dispensing) steady=True
2026-04-21 17:15:29,927 - DEBUG - Mass: 0.0040g at 8.720s (dispensing) steady=True
2026-04-21 17:15:30,326 - DEBUG - Mass: 0.0040g at 9.115s (dispensing) steady=True
2026-04-21 17:15:30,726 - DEBUG - Mass: 0.0040g at 9.522s (dispensing) steady=True
2026-04-21 17:15:31,127 - DEBUG - Mass: 0.0040g at 9.914s (dispensing) steady=True
2026-04-21 17:15:31,527 - DEBUG - Mass: 0.0040g at 10.320s (dispensing) steady=True
2026-04-21 17:15:31,926 - DEBUG - Mass: 0.0040g at 10.718s (dispensing) steady=True
2026-04-21 17:15:32,327 - DEBUG - Mass: 0.0040g at 11.125s (dispensing) steady=True
2026-04-21 17:15:32,726 - DEBUG - Mass: 0.0040g at 11.524s (dispensing) steady=True
2026-04-21 17:15:33,126 - DEBUG - Mass: 0.0040g at 11.916s (dispensing) steady=True
2026-04-21 17:15:33,527 - DEBUG - Mass: 0.0040g at 12.324s (dispensing) steady=True
2026-04-21 17:15:33,927 - DEBUG - Mass: 0.0040g at 12.718s (dispensing) steady=True
2026-04-21 17:15:33,998 - INFO - Dispensing took 10.973s, collecting post-dispense baseline
2026-04-21 17:15:34,324 - DEBUG - Mass: 0.0001g at 13.124s (baseline_post) steady=False
2026-04-21 17:15:34,725 - DEBUG - Mass: -0.0001g at 13.516s (baseline_post) steady=False
2026-04-21 17:15:35,126 - DEBUG - Mass: -0.0001g at 13.924s (baseline_post) steady=False
2026-04-21 17:15:35,525 - DEBUG - Mass: -0.0003g at 14.318s (baseline_post) steady=False
2026-04-21 17:15:35,926 - DEBUG - Mass: 0.0000g at 14.725s (baseline_post) steady=True
2026-04-21 17:15:36,136 - INFO - Stopped continuous mass monitoring. Collected 38 data points
2026-04-21 17:15:36,140 - INFO - Pre-baseline: 4 stable readings, avg=-0.053700g
2026-04-21 17:15:36,140 - INFO - Post-baseline: 1 stable readings, avg=0.000000g
2026-04-21 17:15:36,140 - INFO - INDEPENDENT BASELINE calculation:
2026-04-21 17:15:36,140 - INFO - Pre: STABLE, Post: STABLE, Mass difference: 0.053700g
2026-04-21 17:15:36,141 - INFO - Reading summary: 6 pre-readings (4 stable), 5 post-readings (1 stable)
2026-04-21 17:15:36,141 - INFO - Baseline variability: pre_std=0.000167g, post_std=0.000148g
2026-04-21 17:15:36,141 - INFO - Target: 0.050 mL = ~0.050000 g for water
2026-04-21 17:15:36,143 - INFO - Saved 38 mass measurements to output\mass_measurements\experiment_log2026-04-21_17-11-42\mass_data_PVA_DMSO_20260421_171536.csv
2026-04-21 17:15:36,623 - INFO - Saved dispense mass vs time plot to output\mass_measurements\experiment_log2026-04-21_17-11-42\mass_plot_PVA_DMSO_20260421_171536.png
2026-04-21 17:15:47,737 - INFO - Vial PVA_DMSO already at clamp index 0, no move needed
2026-04-21 17:15:47,926 - DEBUG - Applied dict param aspirate_speed=19
2026-04-21 17:15:47,926 - DEBUG - Applied dict param dispense_speed=20
2026-04-21 17:15:47,926 - DEBUG - Applied dict param aspirate_wait_time=2.5
2026-04-21 17:15:47,926 - DEBUG - Applied dict param dispense_wait_time=5.0
2026-04-21 17:15:47,926 - DEBUG - Applied dict param pre_asp_air_vol=0.0
2026-04-21 17:15:47,926 - DEBUG - Applied dict param retract_speed=5.0
2026-04-21 17:15:47,926 - DEBUG - Applied dict param blowout_vol=0.226
2026-04-21 17:15:47,926 - DEBUG - Applied dict param post_asp_air_vol=0.0
2026-04-21 17:15:47,926 - DEBUG - Applied dict param post_retract_wait_time=0.0
2026-04-21 17:15:47,927 - DEBUG - Applied dict param overaspirate_vol=0.001
2026-04-21 17:15:47,927 - DEBUG - Applied dict param asp_disp_cycles=0
2026-04-21 17:15:47,928 - DEBUG - Selected small_tip for volume 0.050 mL
2026-04-21 17:15:47,931 - INFO - Pipetting from vial PVA_DMSO, amount: 0.050 mL
2026-04-21 17:15:47,931 - INFO - Additional volume from calibration, amount: 0.001 mL
2026-04-21 17:15:47,933 - DEBUG - Adjusting pump 0 speed to 10
2026-04-21 17:15:49,043 - DEBUG - Adjusting pump 0 speed to 19
2026-04-21 17:15:50,081 - DEBUG - Aspirating 0.051 mL then waiting 2.5 s
2026-04-21 17:15:55,394 - DEBUG - Applied dict param aspirate_speed=19
2026-04-21 17:15:55,394 - DEBUG - Applied dict param dispense_speed=20
2026-04-21 17:15:55,394 - DEBUG - Applied dict param aspirate_wait_time=2.5
2026-04-21 17:15:55,394 - DEBUG - Applied dict param dispense_wait_time=5.0
2026-04-21 17:15:55,394 - DEBUG - Applied dict param pre_asp_air_vol=0.0
2026-04-21 17:15:55,394 - DEBUG - Applied dict param retract_speed=5.0
2026-04-21 17:15:55,394 - DEBUG - Applied dict param blowout_vol=0.226
2026-04-21 17:15:55,394 - DEBUG - Applied dict param post_asp_air_vol=0.0
2026-04-21 17:15:55,394 - DEBUG - Applied dict param post_retract_wait_time=0.0
2026-04-21 17:15:55,394 - DEBUG - Applied dict param overaspirate_vol=0.001
2026-04-21 17:15:55,394 - DEBUG - Applied dict param asp_disp_cycles=0
2026-04-21 17:15:55,396 - INFO - Pipetting into vial PVA_DMSO, amount: 0.050 mL
2026-04-21 17:15:55,396 - DEBUG - Adjusting pump 0 speed to 20
2026-04-21 17:15:57,258 - INFO - Short wait time (1.0s), allowing scale to settle after robot positioning...
2026-04-21 17:15:58,267 - INFO - Started continuous mass monitoring with pre-dispense baseline
2026-04-21 17:15:58,527 - DEBUG - Mass: -0.0542g at 0.000s (baseline_pre) steady=True
2026-04-21 17:15:58,928 - DEBUG - Mass: -0.0542g at 0.470s (baseline_pre) steady=True
2026-04-21 17:15:59,327 - DEBUG - Mass: -0.0542g at 0.875s (baseline_pre) steady=True
2026-04-21 17:15:59,723 - DEBUG - Mass: -0.0542g at 1.272s (baseline_pre) steady=True
2026-04-21 17:16:00,128 - DEBUG - Mass: -0.0542g at 1.671s (baseline_pre) steady=True
2026-04-21 17:16:00,272 - DEBUG - Dispensing 0.051 mL then waiting 5.0 s
2026-04-21 17:16:00,527 - DEBUG - Mass: -0.0542g at 2.071s (dispensing) steady=True
2026-04-21 17:16:00,926 - DEBUG - Mass: -0.0498g at 2.462s (dispensing) steady=False
2026-04-21 17:16:01,326 - DEBUG - Mass: -0.0377g at 2.865s (dispensing) steady=False
2026-04-21 17:16:01,725 - DEBUG - Mass: -0.0269g at 3.273s (dispensing) steady=False
2026-04-21 17:16:02,126 - DEBUG - Mass: -0.0162g at 3.665s (dispensing) steady=False
2026-04-21 17:16:02,198 - DEBUG - Blowing out 0.226 mL
2026-04-21 17:16:02,198 - DEBUG - Adjusting pump 0 speed to 5
2026-04-21 17:16:02,526 - DEBUG - Mass: -0.0053g at 4.063s (dispensing) steady=False
2026-04-21 17:16:02,924 - DEBUG - Mass: 0.0044g at 4.473s (dispensing) steady=False
2026-04-21 17:16:03,325 - DEBUG - Mass: 0.0035g at 4.865s (dispensing) steady=False
2026-04-21 17:16:03,391 - DEBUG - Adjusting pump 0 speed to 20
2026-04-21 17:16:03,725 - DEBUG - Mass: -0.0026g at 5.259s (dispensing) steady=False
2026-04-21 17:16:04,122 - DEBUG - Mass: -0.0031g at 5.673s (dispensing) steady=False
2026-04-21 17:16:04,525 - DEBUG - Mass: 0.0080g at 6.074s (dispensing) steady=False
2026-04-21 17:16:04,925 - DEBUG - Mass: 0.0008g at 6.463s (dispensing) steady=False
2026-04-21 17:16:05,325 - DEBUG - Mass: 0.0039g at 6.874s (dispensing) steady=False
2026-04-21 17:16:05,725 - DEBUG - Mass: 0.0049g at 7.274s (dispensing) steady=False
2026-04-21 17:16:06,125 - DEBUG - Mass: 0.0052g at 7.671s (dispensing) steady=False
2026-04-21 17:16:06,526 - DEBUG - Mass: 0.0051g at 8.064s (dispensing) steady=True
2026-04-21 17:16:06,926 - DEBUG - Mass: 0.0051g at 8.460s (dispensing) steady=True
2026-04-21 17:16:07,324 - DEBUG - Mass: 0.0051g at 8.865s (dispensing) steady=True
2026-04-21 17:16:07,727 - DEBUG - Mass: 0.0051g at 9.259s (dispensing) steady=True
2026-04-21 17:16:08,126 - DEBUG - Mass: 0.0051g at 9.675s (dispensing) steady=True
2026-04-21 17:16:08,513 - DEBUG - Mass: 0.0051g at 10.070s (dispensing) steady=True
2026-04-21 17:16:08,919 - DEBUG - Mass: 0.0051g at 10.475s (dispensing) steady=True
2026-04-21 17:16:09,326 - DEBUG - Mass: 0.0051g at 10.875s (dispensing) steady=True
2026-04-21 17:16:09,716 - DEBUG - Mass: 0.0050g at 11.260s (dispensing) steady=True
2026-04-21 17:16:10,125 - DEBUG - Mass: 0.0050g at 11.664s (dispensing) steady=True
2026-04-21 17:16:10,527 - DEBUG - Mass: 0.0050g at 12.060s (dispensing) steady=True
2026-04-21 17:16:10,911 - DEBUG - Mass: 0.0050g at 12.467s (dispensing) steady=True
2026-04-21 17:16:11,325 - DEBUG - Mass: 0.0050g at 12.859s (dispensing) steady=True
2026-04-21 17:16:11,716 - DEBUG - Mass: 0.0050g at 13.261s (dispensing) steady=True
2026-04-21 17:16:12,117 - DEBUG - Mass: 0.0050g at 13.661s (dispensing) steady=True
2026-04-21 17:16:12,512 - DEBUG - Mass: 0.0050g at 14.061s (dispensing) steady=True
2026-04-21 17:16:12,913 - DEBUG - Mass: 0.0050g at 14.462s (dispensing) steady=True
2026-04-21 17:16:13,325 - DEBUG - Mass: 0.0003g at 14.862s (dispensing) steady=False
2026-04-21 17:16:13,725 - DEBUG - Mass: 0.0000g at 15.262s (dispensing) steady=False
2026-04-21 17:16:14,125 - DEBUG - Mass: -0.0005g at 15.660s (dispensing) steady=False
2026-04-21 17:16:14,525 - DEBUG - Mass: -0.0001g at 16.062s (dispensing) steady=False
2026-04-21 17:16:14,925 - DEBUG - Mass: 0.0001g at 16.463s (dispensing) steady=False
2026-04-21 17:16:15,325 - DEBUG - Mass: -0.0003g at 16.861s (dispensing) steady=False
2026-04-21 17:16:15,723 - DEBUG - Mass: 0.0000g at 17.263s (dispensing) steady=True
2026-04-21 17:16:16,124 - DEBUG - Mass: 0.0000g at 17.675s (dispensing) steady=True
2026-04-21 17:16:16,518 - DEBUG - Mass: 0.0000g at 18.072s (dispensing) steady=True
2026-04-21 17:16:16,916 - DEBUG - Mass: 0.0000g at 18.471s (dispensing) steady=True
2026-04-21 17:16:17,314 - DEBUG - Mass: 0.0000g at 18.869s (dispensing) steady=True
2026-04-21 17:16:17,725 - INFO - Dispensing took 17.453s, collecting post-dispense baseline
2026-04-21 17:16:17,726 - DEBUG - Mass: 0.0000g at 19.267s (dispensing) steady=True
2026-04-21 17:16:18,126 - DEBUG - Mass: 0.0000g at 19.664s (baseline_post) steady=True
2026-04-21 17:16:18,519 - DEBUG - Mass: 0.0000g at 20.066s (baseline_post) steady=True
2026-04-21 17:16:18,923 - DEBUG - Mass: 0.0000g at 20.462s (baseline_post) steady=True
2026-04-21 17:16:19,317 - DEBUG - Mass: 0.0000g at 20.864s (baseline_post) steady=True
2026-04-21 17:16:19,717 - DEBUG - Mass: 0.0000g at 21.264s (baseline_post) steady=True
2026-04-21 17:16:19,928 - INFO - Stopped continuous mass monitoring. Collected 54 data points
2026-04-21 17:16:19,928 - INFO - Pre-baseline: 5 stable readings, avg=-0.054200g
2026-04-21 17:16:19,928 - INFO - Post-baseline: 5 stable readings, avg=0.000000g
2026-04-21 17:16:19,928 - INFO - INDEPENDENT BASELINE calculation:
2026-04-21 17:16:19,928 - INFO - Pre: STABLE, Post: STABLE, Mass difference: 0.054200g
2026-04-21 17:16:19,928 - INFO - Reading summary: 5 pre-readings (5 stable), 5 post-readings (5 stable)
2026-04-21 17:16:19,928 - INFO - Baseline variability: pre_std=0.000000g, post_std=0.000000g
2026-04-21 17:16:19,928 - INFO - Target: 0.050 mL = ~0.050000 g for water
2026-04-21 17:16:19,936 - INFO - Saved 54 mass measurements to output\mass_measurements\experiment_log2026-04-21_17-11-42\mass_data_PVA_DMSO_20260421_171619.csv
2026-04-21 17:16:20,392 - INFO - Saved dispense mass vs time plot to output\mass_measurements\experiment_log2026-04-21_17-11-42\mass_plot_PVA_DMSO_20260421_171619.png
2026-04-21 17:16:20,397 - INFO - Vial PVA_DMSO already at clamp index 0, no move needed
2026-04-21 17:16:20,514 - DEBUG - Applied dict param aspirate_speed=19
2026-04-21 17:16:20,514 - DEBUG - Applied dict param dispense_speed=20
2026-04-21 17:16:20,514 - DEBUG - Applied dict param aspirate_wait_time=2.5
2026-04-21 17:16:20,514 - DEBUG - Applied dict param dispense_wait_time=5.0
2026-04-21 17:16:20,514 - DEBUG - Applied dict param pre_asp_air_vol=0.0
2026-04-21 17:16:20,514 - DEBUG - Applied dict param retract_speed=5.0
2026-04-21 17:16:20,514 - DEBUG - Applied dict param blowout_vol=0.226
2026-04-21 17:16:20,514 - DEBUG - Applied dict param post_asp_air_vol=0.0
2026-04-21 17:16:20,514 - DEBUG - Applied dict param post_retract_wait_time=0.0
2026-04-21 17:16:20,514 - DEBUG - Applied dict param overaspirate_vol=0.001
2026-04-21 17:16:20,514 - DEBUG - Applied dict param asp_disp_cycles=0
2026-04-21 17:16:20,514 - DEBUG - Selected small_tip for volume 0.050 mL
2026-04-21 17:16:20,530 - INFO - Pipetting from vial PVA_DMSO, amount: 0.050 mL
2026-04-21 17:16:20,530 - INFO - Additional volume from calibration, amount: 0.001 mL
2026-04-21 17:16:20,530 - DEBUG - Adjusting pump 0 speed to 10
2026-04-21 17:16:21,617 - DEBUG - Adjusting pump 0 speed to 19
2026-04-21 17:16:22,632 - DEBUG - Aspirating 0.051 mL then waiting 2.5 s
2026-04-21 17:16:27,994 - DEBUG - Applied dict param aspirate_speed=19
2026-04-21 17:16:27,994 - DEBUG - Applied dict param dispense_speed=20
2026-04-21 17:16:27,994 - DEBUG - Applied dict param aspirate_wait_time=2.5
2026-04-21 17:16:27,994 - DEBUG - Applied dict param dispense_wait_time=5.0
2026-04-21 17:16:27,994 - DEBUG - Applied dict param pre_asp_air_vol=0.0
2026-04-21 17:16:27,994 - DEBUG - Applied dict param retract_speed=5.0
2026-04-21 17:16:27,994 - DEBUG - Applied dict param blowout_vol=0.226
2026-04-21 17:16:27,994 - DEBUG - Applied dict param post_asp_air_vol=0.0
2026-04-21 17:16:27,994 - DEBUG - Applied dict param post_retract_wait_time=0.0
2026-04-21 17:16:27,994 - DEBUG - Applied dict param overaspirate_vol=0.001
2026-04-21 17:16:27,994 - DEBUG - Applied dict param asp_disp_cycles=0
2026-04-21 17:16:27,995 - INFO - Pipetting into vial PVA_DMSO, amount: 0.050 mL
2026-04-21 17:16:27,996 - DEBUG - Adjusting pump 0 speed to 20
2026-04-21 17:16:29,865 - INFO - Short wait time (1.0s), allowing scale to settle after robot positioning...
2026-04-21 17:16:30,873 - INFO - Started continuous mass monitoring with pre-dispense baseline
2026-04-21 17:16:31,127 - DEBUG - Mass: -0.0547g at 0.000s (baseline_pre) steady=True
2026-04-21 17:16:31,527 - DEBUG - Mass: -0.0547g at 0.469s (baseline_pre) steady=True
2026-04-21 17:16:31,927 - DEBUG - Mass: -0.0547g at 0.857s (baseline_pre) steady=True
2026-04-21 17:16:32,327 - DEBUG - Mass: -0.0547g at 1.263s (baseline_pre) steady=True
2026-04-21 17:16:32,727 - DEBUG - Mass: -0.0547g at 1.669s (baseline_pre) steady=True
2026-04-21 17:16:32,887 - DEBUG - Dispensing 0.051 mL then waiting 5.0 s
2026-04-21 17:16:33,128 - DEBUG - Mass: -0.0547g at 2.062s (dispensing) steady=True
2026-04-21 17:16:33,526 - DEBUG - Mass: -0.0501g at 2.465s (dispensing) steady=False
2026-04-21 17:16:33,926 - DEBUG - Mass: -0.0389g at 2.858s (dispensing) steady=False
2026-04-21 17:16:34,326 - DEBUG - Mass: -0.0273g at 3.265s (dispensing) steady=False
2026-04-21 17:16:34,725 - DEBUG - Mass: -0.0158g at 3.656s (dispensing) steady=False
2026-04-21 17:16:34,859 - DEBUG - Blowing out 0.226 mL
2026-04-21 17:16:34,859 - DEBUG - Adjusting pump 0 speed to 5
2026-04-21 17:16:35,126 - DEBUG - Mass: -0.0086g at 4.065s (dispensing) steady=False
2026-04-21 17:16:35,524 - DEBUG - Mass: 0.0083g at 4.468s (dispensing) steady=False
2026-04-21 17:16:35,925 - DEBUG - Mass: 0.0015g at 4.860s (dispensing) steady=False
2026-04-21 17:16:36,325 - DEBUG - Mass: 0.0022g at 5.266s (dispensing) steady=False
2026-04-21 17:16:36,393 - DEBUG - Adjusting pump 0 speed to 20
2026-04-21 17:16:36,725 - DEBUG - Mass: 0.0000g at 5.661s (dispensing) steady=False
2026-04-21 17:16:37,125 - DEBUG - Mass: 0.0033g at 6.054s (dispensing) steady=False
2026-04-21 17:16:37,525 - DEBUG - Mass: 0.0042g at 6.461s (dispensing) steady=False
2026-04-21 17:16:37,925 - DEBUG - Mass: 0.0048g at 6.854s (dispensing) steady=False
2026-04-21 17:16:38,325 - DEBUG - Mass: 0.0042g at 7.260s (dispensing) steady=False
2026-04-21 17:16:38,725 - DEBUG - Mass: 0.0049g at 7.662s (dispensing) steady=False
2026-04-21 17:16:39,124 - DEBUG - Mass: 0.0046g at 8.056s (dispensing) steady=False
2026-04-21 17:16:39,525 - DEBUG - Mass: 0.0042g at 8.462s (dispensing) steady=False
2026-04-21 17:16:39,926 - DEBUG - Mass: 0.0045g at 8.856s (dispensing) steady=True
2026-04-21 17:16:40,327 - DEBUG - Mass: 0.0045g at 9.262s (dispensing) steady=True
2026-04-21 17:16:40,727 - DEBUG - Mass: 0.0045g at 9.669s (dispensing) steady=True
2026-04-21 17:16:41,126 - DEBUG - Mass: 0.0045g at 10.061s (dispensing) steady=True
2026-04-21 17:16:41,527 - DEBUG - Mass: 0.0045g at 10.456s (dispensing) steady=True
2026-04-21 17:16:41,912 - DEBUG - Mass: 0.0045g at 10.865s (dispensing) steady=True
2026-04-21 17:16:42,311 - DEBUG - Mass: 0.0045g at 11.263s (dispensing) steady=True
2026-04-21 17:16:42,725 - DEBUG - Mass: 0.0045g at 11.661s (dispensing) steady=True
2026-04-21 17:16:43,126 - DEBUG - Mass: 0.0045g at 12.058s (dispensing) steady=True
2026-04-21 17:16:43,523 - DEBUG - Mass: 0.0045g at 12.456s (dispensing) steady=True
2026-04-21 17:16:43,918 - DEBUG - Mass: 0.0045g at 12.869s (dispensing) steady=True
2026-04-21 17:16:44,324 - DEBUG - Mass: 0.0030g at 13.266s (dispensing) steady=False
2026-04-21 17:16:44,716 - DEBUG - Mass: 0.0036g at 13.664s (dispensing) steady=False
2026-04-21 17:16:45,110 - DEBUG - Mass: 0.0026g at 14.062s (dispensing) steady=False
2026-04-21 17:16:45,524 - DEBUG - Mass: 0.0001g at 14.460s (dispensing) steady=False
2026-04-21 17:16:45,924 - DEBUG - Mass: 0.0002g at 14.858s (dispensing) steady=False
2026-04-21 17:16:46,323 - DEBUG - Mass: 0.0000g at 15.258s (dispensing) steady=False
2026-04-21 17:16:46,721 - DEBUG - Mass: 0.0006g at 15.656s (dispensing) steady=False
2026-04-21 17:16:47,118 - DEBUG - Mass: 0.0007g at 16.055s (dispensing) steady=False
2026-04-21 17:16:47,524 - DEBUG - Mass: 0.0000g at 16.467s (dispensing) steady=True
2026-04-21 17:16:47,913 - DEBUG - Mass: 0.0000g at 16.865s (dispensing) steady=True
2026-04-21 17:16:48,327 - DEBUG - Mass: 0.0000g at 17.263s (dispensing) steady=True
2026-04-21 17:16:48,723 - DEBUG - Mass: 0.0000g at 17.660s (dispensing) steady=True
2026-04-21 17:16:49,120 - DEBUG - Mass: 0.0000g at 18.056s (dispensing) steady=True
2026-04-21 17:16:49,525 - DEBUG - Mass: 0.0000g at 18.469s (dispensing) steady=True
2026-04-21 17:16:49,926 - DEBUG - Mass: 0.0000g at 18.867s (dispensing) steady=True
2026-04-21 17:16:49,996 - INFO - Dispensing took 17.109s, collecting post-dispense baseline
2026-04-21 17:16:50,324 - DEBUG - Mass: 0.0000g at 19.257s (baseline_post) steady=True
2026-04-21 17:16:50,725 - DEBUG - Mass: 0.0000g at 19.654s (baseline_post) steady=True
2026-04-21 17:16:51,124 - DEBUG - Mass: 0.0000g at 20.066s (baseline_post) steady=True
2026-04-21 17:16:51,526 - DEBUG - Mass: 0.0000g at 20.459s (baseline_post) steady=True
2026-04-21 17:16:51,914 - DEBUG - Mass: 0.0000g at 20.868s (baseline_post) steady=True
2026-04-21 17:16:52,136 - INFO - Stopped continuous mass monitoring. Collected 53 data points
2026-04-21 17:16:52,136 - INFO - Pre-baseline: 5 stable readings, avg=-0.054700g
2026-04-21 17:16:52,136 - INFO - Post-baseline: 5 stable readings, avg=0.000000g
2026-04-21 17:16:52,136 - INFO - INDEPENDENT BASELINE calculation:
2026-04-21 17:16:52,136 - INFO - Pre: STABLE, Post: STABLE, Mass difference: 0.054700g
2026-04-21 17:16:52,136 - INFO - Reading summary: 5 pre-readings (5 stable), 5 post-readings (5 stable)
2026-04-21 17:16:52,136 - INFO - Baseline variability: pre_std=0.000000g, post_std=0.000000g
2026-04-21 17:16:52,136 - INFO - Target: 0.050 mL = ~0.050000 g for water
2026-04-21 17:16:52,136 - INFO - Saved 53 mass measurements to output\mass_measurements\experiment_log2026-04-21_17-11-42\mass_data_PVA_DMSO_20260421_171652.csv
2026-04-21 17:16:52,632 - INFO - Saved dispense mass vs time plot to output\mass_measurements\experiment_log2026-04-21_17-11-42\mass_plot_PVA_DMSO_20260421_171652.png
2026-04-21 17:16:52,669 - INFO - Removing pipet
2026-04-21 17:16:55,988 - INFO - Returning vial PVA_DMSO to home location: main_8mL_rack index 39
2026-04-21 17:16:56,004 - INFO - Moving vial PVA_DMSO to main_8mL_rack: 39
2026-04-21 17:16:56,004 - DEBUG - Grabbing vial 3 with index 3
2026-04-21 17:16:58,361 - DEBUG - Dropping off vial 3 at location main_8mL_rack with index 39
2026-04-21 17:17:01,846 - INFO - Moving robot to home position
