2025-10-08 18:09:12,177 - INFO - Initializing North Robot...
2025-10-08 18:09:12,178 - DEBUG - Loading robot configuration files...
2025-10-08 18:09:12,186 - DEBUG - Loaded vial positions configuration from robot_state/vial_positions.yaml
2025-10-08 18:09:12,187 - DEBUG - Loaded pipet tips configuration from robot_state/pipet_tips.yaml
2025-10-08 18:09:12,192 - DEBUG - Loaded pipet racks configuration from robot_state/pipet_racks.yaml
2025-10-08 18:09:12,195 - DEBUG - Loaded pump configuration from robot_state/syringe_pumps.yaml
2025-10-08 18:09:12,198 - DEBUG - Loaded robot hardware configuration from robot_state/robot_hardware.yaml
2025-10-08 18:09:12,200 - DEBUG - Loaded wellplate properties configuration from robot_state/wellplates.yaml
2025-10-08 18:09:12,200 - DEBUG - Loading robot state files...
2025-10-08 18:09:12,202 - DEBUG - Loaded vial data from ../utoronto_demo/status/degradation_vial_status.csv
2025-10-08 18:09:12,203 - DEBUG - Loaded robot status from robot_state/robot_status.yaml
2025-10-08 18:09:12,205 - DEBUG - Loaded wellplate positions from robot_state/wellplates.yaml
2025-10-08 18:09:12,205 - DEBUG - Robot status loaded successfully
2025-10-08 18:09:12,205 - DEBUG - Physical initialization of North Robot...
2025-10-08 18:09:12,207 - INFO - Moving robot to home position
2025-10-08 18:09:12,209 - DEBUG - Loading pumps from YAML configuration...
2025-10-08 18:09:12,211 - DEBUG - Loaded pump 0: volume=1.0mL, speed=11, liquid=None
2025-10-08 18:09:12,211 - DEBUG - Loaded pump 1: volume=2.5mL, speed=15, liquid=water
2025-10-08 18:09:12,218 - DEBUG - Current reader status: <MagicMock name='mock.get_reader_status()' id='2134164282752'>
2025-10-08 18:09:12,219 - INFO - Initializing North Track...
2025-10-08 18:09:12,219 - DEBUG - Loading track status from file: robot_state/track_status.yaml
2025-10-08 18:09:12,219 - DEBUG - Getting track status from file: robot_state/track_status.yaml
2025-10-08 18:09:12,220 - DEBUG - Loaded track status from robot_state/track_status.yaml
2025-10-08 18:09:12,220 - DEBUG - Loading track positions from: robot_state/track_positions.yaml
2025-10-08 18:09:12,260 - DEBUG - Loaded track positions configuration from robot_state/track_positions.yaml
2025-10-08 18:09:12,260 - DEBUG - Loading robot hardware configuration from: robot_state/robot_hardware.yaml
2025-10-08 18:09:12,263 - DEBUG - Loaded robot hardware configuration from robot_state/robot_hardware.yaml
2025-10-08 18:09:12,265 - DEBUG - Loaded wellplate properties configuration from robot_state/wellplates.yaml
2025-10-08 18:09:12,268 - INFO -    vial_index      vial_name       location  location_index  vial_volume  capped cap_type vial_type  home_location  home_location_index  concentration
0           0  polymer_stock  main_8mL_rack               0            4    True    close      8_mL  main_8mL_rack                    0           10.0
1           1         2MeTHF  main_8mL_rack              24            8    True    close      8_mL  main_8mL_rack                   24            0.0
2           2          water  main_8mL_rack              26            8    True    close      8_mL  main_8mL_rack                   26            0.0
3           3         6M_HCl  main_8mL_rack               1            4    True    close      8_mL  main_8mL_rack                    1            0.0
4           4       sample_1  main_8mL_rack               2            0    True    close      8_mL  main_8mL_rack                    2            0.5
5           5       sample_2  main_8mL_rack               3            0    True    close      8_mL  main_8mL_rack                    3            1.0
6           8        acetone  main_8mL_rack              27            8    True    close      8_mL  main_8mL_rack                   27            0.0
7           9          waste  main_8mL_rack              28            0    True    close      8_mL  main_8mL_rack                   28            0.0
2025-10-08 18:09:12,287 - INFO - Visualizing vial racks...
2025-10-08 18:09:12,477 - DEBUG - Visualizing rack: Main Rack with filter: main_8mL_rack
2025-10-08 18:09:12,578 - DEBUG - Visualizing rack: Second Rack with filter: large_vial_rack
2025-10-08 18:09:13,937 - INFO - Dispensing 0.150 mL from polymer_stock to sample_1
2025-10-08 18:09:13,938 - DEBUG - Vial move required for pipetting
2025-10-08 18:09:13,938 - INFO - Moving vial 0 to safe pipetting location
2025-10-08 18:09:13,940 - INFO - Moving vial polymer_stock to clamp: 0
2025-10-08 18:09:13,941 - DEBUG - Grabbing vial 0 with index 0
2025-10-08 18:09:13,944 - DEBUG - Dropping off vial 0 at location clamp with index 0
2025-10-08 18:09:13,945 - DEBUG - Removing cap from clamped vial
2025-10-08 18:09:13,949 - DEBUG - Selected small_tip for volume 0.150 mL
2025-10-08 18:09:13,949 - INFO - Getting small_tip (pipet number 10) from rack: small_tip_rack_1
2025-10-08 18:09:13,952 - INFO - Pipetting from vial polymer_stock, amount: 0.15 mL
2025-10-08 18:09:13,956 - DEBUG - Adjusting pump 0 speed to 13
2025-10-08 18:09:13,956 - DEBUG - Aspirating 0.150 mL then waiting 1.0 s
2025-10-08 18:09:13,959 - DEBUG - Vial move required for pipetting
2025-10-08 18:09:13,960 - INFO - Moving vial 4 to safe pipetting location
2025-10-08 18:09:13,961 - DEBUG - Clamp occupied by vial 0, returning it home first
2025-10-08 18:09:13,962 - INFO - Returning vial polymer_stock to home location
2025-10-08 18:09:13,964 - DEBUG - Recapping clamped vial
2025-10-08 18:09:13,966 - INFO - Moving vial polymer_stock to main_8mL_rack: 0
2025-10-08 18:09:13,966 - DEBUG - Grabbing vial 0 with index 0
2025-10-08 18:09:13,967 - DEBUG - Dropping off vial 0 at location main_8mL_rack with index 0
2025-10-08 18:09:13,969 - INFO - Moving vial sample_1 to clamp: 0
2025-10-08 18:09:13,969 - DEBUG - Grabbing vial 4 with index 4
2025-10-08 18:09:13,971 - DEBUG - Dropping off vial 4 at location clamp with index 0
2025-10-08 18:09:13,972 - DEBUG - Removing cap from clamped vial
2025-10-08 18:09:13,974 - INFO - Pipetting into vial sample_1, amount: 0.15 mL
2025-10-08 18:09:13,975 - DEBUG - Adjusting pump 0 speed to 13
2025-10-08 18:09:13,976 - DEBUG - Dispensing 0.150 mL then waiting 1.0 s
2025-10-08 18:09:13,977 - DEBUG - Blowing out 0.050 mL
2025-10-08 18:09:13,977 - INFO - Removing pipet
2025-10-08 18:09:13,979 - DEBUG - Recapping clamped vial
2025-10-08 18:09:13,980 - INFO - Returning vial sample_1 to home location
2025-10-08 18:09:13,982 - INFO - Moving vial sample_1 to main_8mL_rack: 2
2025-10-08 18:09:13,983 - DEBUG - Grabbing vial 4 with index 4
2025-10-08 18:09:13,984 - DEBUG - Dropping off vial 4 at location main_8mL_rack with index 2
2025-10-08 18:09:13,985 - INFO - Removing pipet
2025-10-08 18:09:13,988 - INFO - Dispensing 0.300 mL from polymer_stock to sample_2
2025-10-08 18:09:13,991 - DEBUG - Vial move required for pipetting
2025-10-08 18:09:13,993 - INFO - Moving vial 0 to safe pipetting location
2025-10-08 18:09:13,996 - INFO - Moving vial polymer_stock to clamp: 0
2025-10-08 18:09:13,996 - DEBUG - Grabbing vial 0 with index 0
2025-10-08 18:09:13,998 - DEBUG - Dropping off vial 0 at location clamp with index 0
2025-10-08 18:09:13,999 - DEBUG - Removing cap from clamped vial
2025-10-08 18:09:14,002 - DEBUG - Selected large_tip for volume 0.300 mL
2025-10-08 18:09:14,002 - INFO - Getting large_tip (pipet number 6) from rack: large_tip_rack_1
2025-10-08 18:09:14,005 - INFO - Pipetting from vial polymer_stock, amount: 0.3 mL
2025-10-08 18:09:14,006 - DEBUG - Adjusting pump 0 speed to 11
2025-10-08 18:09:14,007 - DEBUG - Aspirating 0.300 mL then waiting 1.0 s
2025-10-08 18:09:14,007 - DEBUG - Vial move required for pipetting
2025-10-08 18:09:14,008 - INFO - Moving vial 5 to safe pipetting location
2025-10-08 18:09:14,009 - DEBUG - Clamp occupied by vial 0, returning it home first
2025-10-08 18:09:14,010 - INFO - Returning vial polymer_stock to home location
2025-10-08 18:09:14,011 - DEBUG - Recapping clamped vial
2025-10-08 18:09:14,012 - INFO - Moving vial polymer_stock to main_8mL_rack: 0
2025-10-08 18:09:14,013 - DEBUG - Grabbing vial 0 with index 0
2025-10-08 18:09:14,014 - DEBUG - Dropping off vial 0 at location main_8mL_rack with index 0
2025-10-08 18:09:14,016 - INFO - Moving vial sample_2 to clamp: 0
2025-10-08 18:09:14,016 - DEBUG - Grabbing vial 5 with index 5
2025-10-08 18:09:14,018 - DEBUG - Dropping off vial 5 at location clamp with index 0
2025-10-08 18:09:14,020 - DEBUG - Removing cap from clamped vial
2025-10-08 18:09:14,020 - INFO - Pipetting into vial sample_2, amount: 0.3 mL
2025-10-08 18:09:14,020 - DEBUG - Adjusting pump 0 speed to 11
2025-10-08 18:09:14,020 - DEBUG - Dispensing 0.300 mL then waiting 1.0 s
2025-10-08 18:09:14,020 - DEBUG - Blowing out 0.050 mL
2025-10-08 18:09:14,020 - INFO - Removing pipet
2025-10-08 18:09:14,020 - DEBUG - Recapping clamped vial
2025-10-08 18:09:14,026 - INFO - Returning vial sample_2 to home location
2025-10-08 18:09:14,029 - INFO - Moving vial sample_2 to main_8mL_rack: 3
2025-10-08 18:09:14,029 - DEBUG - Grabbing vial 5 with index 5
2025-10-08 18:09:14,031 - DEBUG - Dropping off vial 5 at location main_8mL_rack with index 3
2025-10-08 18:09:14,031 - INFO - Removing pipet
2025-10-08 18:09:14,033 - INFO - Moving vial 2MeTHF to main_8mL_rack: 5
2025-10-08 18:09:14,034 - DEBUG - Grabbing vial 1 with index 1
2025-10-08 18:09:14,036 - DEBUG - Dropping off vial 1 at location main_8mL_rack with index 5
2025-10-08 18:09:14,039 - INFO - Dispensing 2.850 mL from 2MeTHF to sample_1
2025-10-08 18:09:14,040 - INFO - Volume too high for single transfer, splitting into 3 transfers of 0.95 mL each
2025-10-08 18:09:14,042 - DEBUG - Vial move required for pipetting
2025-10-08 18:09:14,043 - INFO - Moving vial 1.0 to safe pipetting location
2025-10-08 18:09:14,044 - INFO - Moving vial 2MeTHF to clamp: 0
2025-10-08 18:09:14,045 - DEBUG - Grabbing vial 1.0 with index 1.0
