2025-11-10 13:03:42,191 - INFO - Initializing North Robot...
2025-11-10 13:03:42,192 - DEBUG - Loading robot configuration files...
2025-11-10 13:03:42,200 - DEBUG - Loaded vial positions configuration from robot_state/vial_positions.yaml
2025-11-10 13:03:42,202 - DEBUG - Loaded pipet tips configuration from robot_state/pipet_tips.yaml
2025-11-10 13:03:42,207 - DEBUG - Loaded pipet racks configuration from robot_state/pipet_racks.yaml
2025-11-10 13:03:42,209 - DEBUG - Loaded pump configuration from robot_state/syringe_pumps.yaml
2025-11-10 13:03:42,212 - DEBUG - Loaded robot hardware configuration from robot_state/robot_hardware.yaml
2025-11-10 13:03:42,216 - DEBUG - Loaded wellplate properties configuration from robot_state/wellplates.yaml
2025-11-10 13:03:42,216 - DEBUG - Loading robot state files...
2025-11-10 13:03:42,218 - DEBUG - Loaded vial data from ../utoronto_demo/status/degradation_vial_status.csv
2025-11-10 13:03:42,230 - DEBUG - Loaded robot status from robot_state/robot_status.yaml
2025-11-10 13:03:42,233 - DEBUG - Loaded wellplate positions from robot_state/wellplates.yaml
2025-11-10 13:03:42,233 - DEBUG - Robot status loaded successfully
2025-11-10 13:03:42,233 - DEBUG - Loading pumps from YAML configuration...
2025-11-10 13:03:42,373 - DEBUG - Loaded pump 0: volume=1.0mL, speed=11, liquid=None
2025-11-10 13:03:42,470 - DEBUG - Loaded pump 1: volume=2.5mL, speed=15, liquid=water
2025-11-10 13:03:42,470 - DEBUG - Physical initialization of North Robot...
2025-11-10 13:03:42,789 - INFO - Moving robot to home position
2025-11-10 13:03:48,948 - DEBUG - Current reader status: 0
2025-11-10 13:03:48,948 - INFO - Cytation5 is connected and ready
2025-11-10 13:03:48,948 - INFO - Initializing North Track...
2025-11-10 13:03:48,948 - DEBUG - Loading track status from file: robot_state/track_status.yaml
2025-11-10 13:03:48,948 - DEBUG - Getting track status from file: robot_state/track_status.yaml
2025-11-10 13:03:48,948 - DEBUG - Loaded track status from robot_state/track_status.yaml
2025-11-10 13:03:48,948 - DEBUG - Loading track positions from: robot_state/track_positions.yaml
2025-11-10 13:03:48,948 - DEBUG - Loaded track positions configuration from robot_state/track_positions.yaml
2025-11-10 13:03:48,948 - DEBUG - Loading robot hardware configuration from: robot_state/robot_hardware.yaml
2025-11-10 13:03:48,961 - DEBUG - Loaded robot hardware configuration from robot_state/robot_hardware.yaml
2025-11-10 13:03:48,965 - DEBUG - Loaded wellplate properties configuration from robot_state/wellplates.yaml
2025-11-10 13:03:49,079 - DEBUG - Moving North Track to home position
2025-11-10 13:03:49,084 - DEBUG - Initializing temperature controller...
2025-11-10 13:03:49,086 - INFO - Homing all robot components...
2025-11-10 13:03:49,086 - DEBUG - Homing carousel...
2025-11-10 13:03:56,868 - DEBUG - Homing robot axes...
2025-11-10 13:04:09,087 - DEBUG - Homing pump 0...
2025-11-10 13:04:10,736 - DEBUG - Homing pump 1...
2025-11-10 13:04:12,386 - DEBUG - Homing track axes...
2025-11-10 13:04:12,386 - DEBUG - Homing track axis z_axis (axis 6)...
2025-11-10 13:04:15,926 - DEBUG - Homing track axis x_axis (axis 7)...
2025-11-10 13:04:19,949 - INFO - All robot components homed successfully
2025-11-10 13:04:19,964 - INFO -    vial_index      vial_name       location  location_index  ...  vial_type  home_location home_location_index concentration
0           0  polymer_stock          clamp               0  ...       8_mL  main_8mL_rack                   0          10.0
1           1         6M_HCl  main_8mL_rack               1  ...       8_mL  main_8mL_rack                   1           0.0
2           2       sample_1  main_8mL_rack               2  ...       8_mL  main_8mL_rack                   2           5.0
3           3       sample_2  main_8mL_rack               3  ...       8_mL  main_8mL_rack                   3           5.0
4           4         2MeTHF  main_8mL_rack              18  ...       8_mL  main_8mL_rack                  18           0.0
5           5          water  main_8mL_rack              20  ...       8_mL  main_8mL_rack                  20           0.0
6           6        acetone  main_8mL_rack              19  ...       8_mL  main_8mL_rack                  19           0.0
7           7        waste_0  main_8mL_rack              30  ...       8_mL  main_8mL_rack                  30           0.0
8           8        waste_1  main_8mL_rack              31  ...       8_mL  main_8mL_rack                  31           0.0
9           9        waste_2  main_8mL_rack              32  ...       8_mL  main_8mL_rack                  32           0.0

[10 rows x 11 columns]
2025-11-10 13:04:20,028 - INFO - Visualizing vial racks...
2025-11-10 13:04:20,198 - DEBUG - Visualizing rack: Main Rack with filter: main_8mL_rack
2025-11-10 13:04:20,340 - DEBUG - Visualizing rack: Second Rack with filter: large_vial_rack
