2026-02-24 11:58:10,976 - DEBUG - No workflow config provided - using default initialization
2026-02-24 11:58:10,976 - INFO - Launching status review GUI...
2026-02-24 11:58:11,141 - INFO - Detected workflow name: capdecap
2026-02-24 11:58:11,343 - INFO - Config editor loaded for workflow: capdecap
2026-02-24 11:58:15,061 - INFO - User selected: Run Workflow
2026-02-24 11:58:15,061 - INFO - Status review completed - proceeding with hardware initialization
2026-02-24 11:58:15,646 - INFO - Initializing North Robot...
2026-02-24 11:58:15,646 - DEBUG - Loading robot configuration files...
2026-02-24 11:58:15,646 - DEBUG - Loaded vial positions configuration from robot_state/vial_positions.yaml
2026-02-24 11:58:15,661 - DEBUG - Loaded pipet tips configuration from robot_state/pipet_tips.yaml
2026-02-24 11:58:15,665 - DEBUG - Loaded pipet racks configuration from robot_state/pipet_racks.yaml
2026-02-24 11:58:15,668 - DEBUG - Loaded pump configuration from robot_state/syringe_pumps.yaml
2026-02-24 11:58:15,671 - DEBUG - Loaded robot hardware configuration from robot_state/robot_hardware.yaml
2026-02-24 11:58:15,674 - DEBUG - Loaded wellplate properties configuration from robot_state/wellplates.yaml
2026-02-24 11:58:15,674 - DEBUG - Loading robot state files...
2026-02-24 11:58:15,682 - DEBUG - Loaded vial data from ../utoronto_demo/status/sample_input_vials.csv
2026-02-24 11:58:15,683 - DEBUG - Loaded robot status from robot_state/robot_status.yaml
2026-02-24 11:58:15,686 - DEBUG - Loaded wellplate positions from robot_state/wellplates.yaml
2026-02-24 11:58:15,686 - DEBUG - Robot status loaded successfully
2026-02-24 11:58:15,686 - INFO - Physical initialization of North Robot...
2026-02-24 11:58:19,163 - DEBUG - Loading pumps from YAML configuration...
2026-02-24 11:58:19,262 - DEBUG - Loaded pump 0: volume=1.0mL, speed=11, liquid=None
2026-02-24 11:58:19,360 - DEBUG - Loaded pump 1: volume=2.5mL, speed=15, liquid=water
2026-02-24 11:58:19,360 - INFO - Moving robot to home position
2026-02-24 11:58:19,780 - DEBUG - Initializing centrifuge controller...
2026-02-24 11:58:25,067 - DEBUG - Current reader status: 0
2026-02-24 11:58:25,067 - INFO - Cytation5 is connected and ready
2026-02-24 11:58:25,067 - INFO - Initializing North Track...
2026-02-24 11:58:25,067 - DEBUG - Loading track status from file: robot_state/track_status.yaml
2026-02-24 11:58:25,067 - DEBUG - Getting track status from file: robot_state/track_status.yaml
2026-02-24 11:58:25,069 - DEBUG - Loaded track status from robot_state/track_status.yaml
2026-02-24 11:58:25,069 - DEBUG - Loading track positions from: robot_state/track_positions.yaml
2026-02-24 11:58:25,073 - DEBUG - Loaded track positions configuration from robot_state/track_positions.yaml
2026-02-24 11:58:25,073 - DEBUG - Loading robot hardware configuration from: robot_state/robot_hardware.yaml
2026-02-24 11:58:25,073 - DEBUG - Loaded robot hardware configuration from robot_state/robot_hardware.yaml
2026-02-24 11:58:25,073 - DEBUG - Loaded wellplate properties configuration from robot_state/wellplates.yaml
2026-02-24 11:58:25,154 - DEBUG - Moving North Track to home position
2026-02-24 11:58:25,154 - DEBUG - Detected origin position (0,0) - setting location to 'origin'
2026-02-24 11:58:25,155 - DEBUG - Updated gripper location to: origin at position {'x': 0, 'z': 0}
2026-02-24 11:58:25,159 - INFO - Moving vial water to clamp: 0
2026-02-24 11:58:25,159 - DEBUG - Grabbing vial 4 with index 4
2026-02-24 11:58:27,307 - DEBUG - Dropping off vial 4 at location clamp with index 0
2026-02-24 11:58:30,686 - DEBUG - Removing cap from clamped vial
2026-02-24 11:58:34,714 - INFO - Moving robot to home position
2026-02-24 11:58:38,092 - DEBUG - Recapping clamped vial
2026-02-24 11:58:47,669 - INFO - Moving robot to home position
2026-02-24 11:58:51,074 - INFO - Vial water already at clamp index 0, no move needed
2026-02-24 11:58:51,075 - DEBUG - Removing cap from clamped vial
2026-02-24 11:58:57,367 - INFO - Moving robot to home position
2026-02-24 11:59:00,757 - DEBUG - Recapping clamped vial
2026-02-24 11:59:13,640 - INFO - Moving robot to home position
2026-02-24 11:59:17,044 - INFO - Vial water already at clamp index 0, no move needed
2026-02-24 11:59:17,044 - DEBUG - Removing cap from clamped vial
2026-02-24 11:59:23,336 - INFO - Moving robot to home position
2026-02-24 11:59:26,727 - DEBUG - Recapping clamped vial
2026-02-24 11:59:36,354 - INFO - Moving robot to home position
2026-02-24 11:59:39,763 - INFO - Returning vial water to home location: main_8mL_rack index 31
2026-02-24 11:59:39,764 - INFO - Moving vial water to main_8mL_rack: 31
2026-02-24 11:59:39,765 - DEBUG - Grabbing vial 4 with index 4
2026-02-24 11:59:42,350 - DEBUG - Dropping off vial 4 at location main_8mL_rack with index 31
2026-02-24 11:59:45,717 - INFO - Moving robot to home position
