2025-10-17 17:44:44,318 - INFO - Initializing North Robot...
2025-10-17 17:44:44,318 - DEBUG - Loading robot configuration files...
2025-10-17 17:44:44,326 - DEBUG - Loaded vial positions configuration from robot_state/vial_positions.yaml
2025-10-17 17:44:44,328 - DEBUG - Loaded pipet tips configuration from robot_state/pipet_tips.yaml
2025-10-17 17:44:44,331 - DEBUG - Loaded pipet racks configuration from robot_state/pipet_racks.yaml
2025-10-17 17:44:44,331 - DEBUG - Loaded pump configuration from robot_state/syringe_pumps.yaml
2025-10-17 17:44:44,347 - DEBUG - Loaded robot hardware configuration from robot_state/robot_hardware.yaml
2025-10-17 17:44:44,350 - DEBUG - Loaded wellplate properties configuration from robot_state/wellplates.yaml
2025-10-17 17:44:44,350 - DEBUG - Loading robot state files...
2025-10-17 17:44:44,351 - DEBUG - Loaded vial data from status/calibration_vials_short.csv
2025-10-17 17:44:44,351 - DEBUG - Loaded robot status from robot_state/robot_status.yaml
2025-10-17 17:44:44,357 - DEBUG - Loaded wellplate positions from robot_state/wellplates.yaml
2025-10-17 17:44:44,357 - DEBUG - Robot status loaded successfully
2025-10-17 17:44:44,357 - DEBUG - Loading pumps from YAML configuration...
2025-10-17 17:44:44,358 - DEBUG - Loaded pump 0: volume=1.0mL, speed=11, liquid=None
2025-10-17 17:44:44,358 - DEBUG - Loaded pump 1: volume=2.5mL, speed=15, liquid=water
2025-10-17 17:44:44,358 - DEBUG - Physical initialization of North Robot...
2025-10-17 17:44:44,360 - INFO - Moving robot to home position
2025-10-17 17:44:44,362 - INFO - Initializing North Track...
2025-10-17 17:44:44,362 - DEBUG - Loading track status from file: robot_state/track_status.yaml
2025-10-17 17:44:44,362 - DEBUG - Getting track status from file: robot_state/track_status.yaml
2025-10-17 17:44:44,366 - DEBUG - Loaded track status from robot_state/track_status.yaml
2025-10-17 17:44:44,366 - DEBUG - Loading track positions from: robot_state/track_positions.yaml
2025-10-17 17:44:44,366 - DEBUG - Loaded track positions configuration from robot_state/track_positions.yaml
2025-10-17 17:44:44,366 - DEBUG - Loading robot hardware configuration from: robot_state/robot_hardware.yaml
2025-10-17 17:44:44,375 - DEBUG - Loaded robot hardware configuration from robot_state/robot_hardware.yaml
2025-10-17 17:44:44,378 - DEBUG - Loaded wellplate properties configuration from robot_state/wellplates.yaml
2025-10-17 17:44:44,379 - DEBUG - Moving North Track to home position
2025-10-17 17:44:44,380 - INFO -     vial_index           vial_name         location  location_index  vial_volume  capped cap_type vial_type    home_location  home_location_index
0            0  measurement_vial_0    main_8mL_rack               0     7.047348    True     open      8_mL    main_8mL_rack                    0
1            1  measurement_vial_1    main_8mL_rack               1     7.120276    True     open      8_mL    main_8mL_rack                    1
2            2  measurement_vial_2    main_8mL_rack               2     7.074795    True     open      8_mL    main_8mL_rack                    2
3            3  measurement_vial_3    main_8mL_rack               3     7.109268    True     open      8_mL    main_8mL_rack                    3
4            4  measurement_vial_4    main_8mL_rack               4     7.111734    True     open      8_mL    main_8mL_rack                    4
5            5  measurement_vial_5    main_8mL_rack               5     7.079070    True     open      8_mL    main_8mL_rack                    5
6            6  measurement_vial_6    main_8mL_rack               6     4.043972    True     open      8_mL    main_8mL_rack                    6
7            7  measurement_vial_7    main_8mL_rack               7     0.000000    True     open      8_mL    main_8mL_rack                    7
8            8  measurement_vial_8    main_8mL_rack               8     0.000000    True     open      8_mL    main_8mL_rack                    8
9            9  measurement_vial_9    main_8mL_rack               9     0.000000    True     open      8_mL    main_8mL_rack                    9
10          10       liquid_source   50mL_vial_rack               0     3.413538    True     open     50_mL   50mL_vial_rack                    0
11          11     liquid_source_2  large_vial_rack               2    20.000000    True     open     20_mL  large_vial_rack                    2
2025-10-17 17:44:44,396 - INFO - Visualizing vial racks...
2025-10-17 17:44:44,564 - DEBUG - Visualizing rack: Main Rack with filter: main_8mL_rack
2025-10-17 17:44:44,651 - DEBUG - Visualizing rack: Second Rack with filter: large_vial_rack
2025-10-17 17:44:45,720 - INFO - Moving vial measurement_vial_0 to clamp: 0
2025-10-17 17:44:45,721 - DEBUG - Grabbing vial 0 with index 0
2025-10-17 17:44:45,725 - DEBUG - Dropping off vial 0 at location clamp with index 0
2025-10-17 17:44:45,732 - DEBUG - Selected small_tip for volume 0.050 mL
2025-10-17 17:44:45,803 - INFO - Removing pipet
2025-10-17 17:44:45,805 - INFO - Returning vial measurement_vial_0 to home location: main_8mL_rack index 0
2025-10-17 17:44:45,806 - INFO - Moving vial measurement_vial_0 to main_8mL_rack: 0
2025-10-17 17:44:45,806 - DEBUG - Grabbing vial 0 with index 0
2025-10-17 17:44:45,808 - DEBUG - Dropping off vial 0 at location main_8mL_rack with index 0
2025-10-17 17:44:45,809 - INFO - [info] Switching to new measurement vial: measurement_vial_1
2025-10-17 17:44:45,810 - INFO - Moving vial measurement_vial_1 to clamp: 0
2025-10-17 17:44:45,810 - DEBUG - Grabbing vial 1 with index 1
2025-10-17 17:44:45,812 - DEBUG - Dropping off vial 1 at location clamp with index 0
2025-10-17 17:44:46,030 - INFO - Removing pipet
2025-10-17 17:44:46,035 - INFO - Returning vial measurement_vial_1 to home location: main_8mL_rack index 1
2025-10-17 17:44:46,038 - INFO - Moving vial measurement_vial_1 to main_8mL_rack: 1
2025-10-17 17:44:46,038 - DEBUG - Grabbing vial 1 with index 1
2025-10-17 17:44:46,045 - DEBUG - Dropping off vial 1 at location main_8mL_rack with index 1
2025-10-17 17:44:46,046 - INFO - [info] Switching to new measurement vial: measurement_vial_2
2025-10-17 17:44:46,048 - INFO - Moving vial measurement_vial_2 to clamp: 0
2025-10-17 17:44:46,048 - DEBUG - Grabbing vial 2 with index 2
2025-10-17 17:44:46,051 - DEBUG - Dropping off vial 2 at location clamp with index 0
2025-10-17 17:44:46,269 - INFO - Removing pipet
2025-10-17 17:44:46,270 - INFO - Returning vial measurement_vial_2 to home location: main_8mL_rack index 2
2025-10-17 17:44:46,272 - INFO - Moving vial measurement_vial_2 to main_8mL_rack: 2
2025-10-17 17:44:46,272 - DEBUG - Grabbing vial 2 with index 2
2025-10-17 17:44:46,274 - DEBUG - Dropping off vial 2 at location main_8mL_rack with index 2
2025-10-17 17:44:46,275 - INFO - [info] Switching to new measurement vial: measurement_vial_3
2025-10-17 17:44:46,277 - INFO - Moving vial measurement_vial_3 to clamp: 0
2025-10-17 17:44:46,277 - DEBUG - Grabbing vial 3 with index 3
2025-10-17 17:44:46,278 - DEBUG - Dropping off vial 3 at location clamp with index 0
2025-10-17 17:44:46,500 - INFO - Removing pipet
2025-10-17 17:44:46,502 - INFO - Returning vial measurement_vial_3 to home location: main_8mL_rack index 3
2025-10-17 17:44:46,503 - INFO - Moving vial measurement_vial_3 to main_8mL_rack: 3
2025-10-17 17:44:46,503 - DEBUG - Grabbing vial 3 with index 3
2025-10-17 17:44:46,504 - DEBUG - Dropping off vial 3 at location main_8mL_rack with index 3
2025-10-17 17:44:46,505 - INFO - [info] Switching to new measurement vial: measurement_vial_4
2025-10-17 17:44:46,506 - INFO - Moving vial measurement_vial_4 to clamp: 0
2025-10-17 17:44:46,506 - DEBUG - Grabbing vial 4 with index 4
2025-10-17 17:44:46,507 - DEBUG - Dropping off vial 4 at location clamp with index 0
2025-10-17 17:44:46,724 - INFO - Removing pipet
2025-10-17 17:44:46,726 - INFO - Returning vial measurement_vial_4 to home location: main_8mL_rack index 4
2025-10-17 17:44:46,727 - INFO - Moving vial measurement_vial_4 to main_8mL_rack: 4
2025-10-17 17:44:46,727 - DEBUG - Grabbing vial 4 with index 4
2025-10-17 17:44:46,729 - DEBUG - Dropping off vial 4 at location main_8mL_rack with index 4
2025-10-17 17:44:46,730 - INFO - [info] Switching to new measurement vial: measurement_vial_5
2025-10-17 17:44:46,732 - INFO - Moving vial measurement_vial_5 to clamp: 0
2025-10-17 17:44:46,732 - DEBUG - Grabbing vial 5 with index 5
2025-10-17 17:44:46,733 - DEBUG - Dropping off vial 5 at location clamp with index 0
2025-10-17 17:44:46,947 - INFO - Removing pipet
2025-10-17 17:44:46,949 - INFO - Returning vial measurement_vial_5 to home location: main_8mL_rack index 5
2025-10-17 17:44:46,950 - INFO - Moving vial measurement_vial_5 to main_8mL_rack: 5
2025-10-17 17:44:46,950 - DEBUG - Grabbing vial 5 with index 5
2025-10-17 17:44:46,952 - DEBUG - Dropping off vial 5 at location main_8mL_rack with index 5
2025-10-17 17:44:46,952 - INFO - [info] Switching to new measurement vial: measurement_vial_6
2025-10-17 17:44:46,954 - INFO - Moving vial measurement_vial_6 to clamp: 0
2025-10-17 17:44:46,954 - DEBUG - Grabbing vial 6 with index 6
2025-10-17 17:44:46,955 - DEBUG - Dropping off vial 6 at location clamp with index 0
2025-10-17 17:44:50,022 - DEBUG - Selected small_tip for volume 0.025 mL
2025-10-17 17:44:50,890 - DEBUG - Selected small_tip for volume 0.010 mL
2025-10-17 17:44:55,364 - INFO - Removing pipet
2025-10-17 17:44:55,364 - INFO - Returning vial measurement_vial_6 to home location: main_8mL_rack index 6
2025-10-17 17:44:55,371 - INFO - Moving vial measurement_vial_6 to main_8mL_rack: 6
2025-10-17 17:44:55,371 - DEBUG - Grabbing vial 6 with index 6
2025-10-17 17:44:55,374 - DEBUG - Dropping off vial 6 at location main_8mL_rack with index 6
2025-10-17 17:44:55,374 - INFO - Moving robot to home position
