2026-03-20 15:48:38,057 - DEBUG - No workflow config provided - using default initialization
2026-03-20 15:48:38,057 - INFO - Launching status review GUI...
2026-03-20 15:48:38,255 - INFO - Detected workflow name: test_wp_stack
2026-03-20 15:48:38,544 - INFO - Config editor loaded for workflow: test_wp_stack
2026-03-20 15:49:06,793 - INFO - User selected: Run Workflow
2026-03-20 15:49:06,793 - INFO - Status review completed - proceeding with hardware initialization
2026-03-20 15:49:07,391 - INFO - Initializing North Robot...
2026-03-20 15:49:07,391 - DEBUG - Loading robot configuration files...
2026-03-20 15:49:07,411 - DEBUG - Loaded vial positions configuration from robot_state/vial_positions.yaml
2026-03-20 15:49:07,413 - DEBUG - Loaded pipet tips configuration from robot_state/pipet_tips.yaml
2026-03-20 15:49:07,420 - DEBUG - Loaded pipet racks configuration from robot_state/pipet_racks.yaml
2026-03-20 15:49:07,424 - DEBUG - Loaded pump configuration from robot_state/syringe_pumps.yaml
2026-03-20 15:49:07,427 - DEBUG - Loaded robot hardware configuration from robot_state/robot_hardware.yaml
2026-03-20 15:49:07,429 - DEBUG - Loaded wellplate properties configuration from robot_state/wellplates.yaml
2026-03-20 15:49:07,429 - DEBUG - Loading robot state files...
2026-03-20 15:49:07,429 - DEBUG - Loaded vial data from ../utoronto_demo/status/sample_capped_vials.csv
2026-03-20 15:49:07,429 - DEBUG - Loaded robot status from robot_state/robot_status.yaml
2026-03-20 15:49:07,444 - DEBUG - Loaded wellplate positions from robot_state/wellplates.yaml
2026-03-20 15:49:07,444 - DEBUG - Robot status loaded successfully
2026-03-20 15:49:07,444 - INFO - Physical initialization of North Robot...
2026-03-20 15:49:10,926 - DEBUG - Loading pumps from YAML configuration...
2026-03-20 15:49:11,022 - DEBUG - Loaded pump 0: volume=1.0mL, speed=11, liquid=None
2026-03-20 15:49:11,125 - DEBUG - Loaded pump 1: volume=2.5mL, speed=15, liquid=water
2026-03-20 15:49:11,125 - INFO - Moving robot to home position
2026-03-20 15:49:11,548 - DEBUG - Initializing centrifuge controller...
2026-03-20 15:49:17,072 - DEBUG - Current reader status: 0
2026-03-20 15:49:17,072 - INFO - Cytation5 is connected and ready
2026-03-20 15:49:17,073 - INFO - Initializing North Track...
2026-03-20 15:49:17,073 - DEBUG - Loading track status from file: robot_state/track_status.yaml
2026-03-20 15:49:17,073 - DEBUG - Getting track status from file: robot_state/track_status.yaml
2026-03-20 15:49:17,080 - DEBUG - Loaded track status from robot_state/track_status.yaml
2026-03-20 15:49:17,080 - DEBUG - Loading track positions from: robot_state/track_positions.yaml
2026-03-20 15:49:17,091 - DEBUG - Loaded track positions configuration from robot_state/track_positions.yaml
2026-03-20 15:49:17,091 - DEBUG - Loading robot hardware configuration from: robot_state/robot_hardware.yaml
2026-03-20 15:49:17,094 - DEBUG - Loaded robot hardware configuration from robot_state/robot_hardware.yaml
2026-03-20 15:49:17,096 - DEBUG - Loaded wellplate properties configuration from robot_state/wellplates.yaml
2026-03-20 15:49:17,213 - DEBUG - Moving North Track to home position
2026-03-20 15:49:17,213 - DEBUG - Detected origin position (0,0) - setting location to 'origin'
2026-03-20 15:49:17,213 - DEBUG - Updated gripper location to: origin at position {'x': 0, 'z': 0}
2026-03-20 15:49:17,213 - INFO - Measuring wellplate 0 with protocols: None
2026-03-20 15:49:17,213 - DEBUG - Using robot plate type '96 WELL PLATE' -> Cytation plate type '96 WELL PLATE'
2026-03-20 15:49:17,213 - INFO - Moving robot to home position
2026-03-20 15:49:17,410 - INFO - Moving wellplate 0 to Cytation
2026-03-20 15:49:17,410 - DEBUG - Using robot plate type '96 WELL PLATE' -> Cytation plate type '96 WELL PLATE' for CarrierIn
2026-03-20 15:49:18,517 - DEBUG - Updated gripper location to: cytation_safe_area at position {'x': 47775, 'z': 0}
2026-03-20 15:49:18,517 - INFO - Grabbing wellplate from location: pipetting_area
2026-03-20 15:49:18,517 - DEBUG - No waypoint locations provided, skipping path movement
2026-03-20 15:49:21,987 - DEBUG - Opening gripper
2026-03-20 15:49:24,833 - DEBUG - Closing gripper
2026-03-20 15:49:27,289 - DEBUG - Updated gripper location to: pipetting_area at position {'x': 131750, 'z': 75000}
2026-03-20 15:49:29,122 - DEBUG - Updated gripper location to: cytation_safe_area at position {'x': 47775, 'z': 75000}
2026-03-20 15:49:31,203 - INFO - Releasing wellplate at location: cytation_tray
2026-03-20 15:49:31,203 - DEBUG - No waypoint locations provided, skipping path movement
2026-03-20 15:49:33,876 - DEBUG - Opening gripper
2026-03-20 15:49:36,185 - DEBUG - Updated gripper location to: cytation_tray at position {'x': 68325, 'z': 0}
2026-03-20 15:49:39,060 - INFO - Moving wellplate 0 back from Cytation
2026-03-20 15:49:39,060 - DEBUG - Using robot plate type '96 WELL PLATE' -> Cytation plate type '96 WELL PLATE' for CarrierIn
2026-03-20 15:49:41,155 - INFO - Grabbing wellplate from location: cytation_tray
2026-03-20 15:49:41,155 - DEBUG - No waypoint locations provided, skipping path movement
2026-03-20 15:49:41,229 - DEBUG - Opening gripper
2026-03-20 15:49:43,801 - DEBUG - Closing gripper
2026-03-20 15:49:46,144 - DEBUG - Updated gripper location to: cytation_tray at position {'x': 68325, 'z': 0}
2026-03-20 15:49:46,694 - DEBUG - Updated gripper location to: cytation_safe_area at position {'x': 47775, 'z': 0}
2026-03-20 15:49:49,112 - INFO - Releasing wellplate at location: pipetting_area
2026-03-20 15:49:49,112 - DEBUG - No waypoint locations provided, skipping path movement
2026-03-20 15:49:53,369 - DEBUG - Opening gripper
2026-03-20 15:49:55,792 - DEBUG - Updated gripper location to: pipetting_area at position {'x': 131750, 'z': 75000}
2026-03-20 15:50:00,238 - DEBUG - Moving North Track to home position
2026-03-20 15:50:00,238 - DEBUG - Detected origin position (0,0) - setting location to 'origin'
2026-03-20 15:50:00,238 - DEBUG - Updated gripper location to: origin at position {'x': 0, 'z': 0}
