2025-09-23 13:08:45,423 - INFO - Initializing North Robot...
2025-09-23 13:08:45,423 - DEBUG - Loading robot configuration files...
2025-09-23 13:08:45,431 - DEBUG - Loaded vial positions configuration from ../utoronto_demo/robot_state/vial_positions.yaml
2025-09-23 13:08:45,432 - DEBUG - Loaded pipet tips configuration from ../utoronto_demo/robot_state/pipet_tips.yaml
2025-09-23 13:08:45,436 - DEBUG - Loaded pipet racks configuration from ../utoronto_demo/robot_state/pipet_racks.yaml
2025-09-23 13:08:45,438 - DEBUG - Loaded pump configuration from ../utoronto_demo/robot_state/syringe_pumps.yaml
2025-09-23 13:08:45,441 - DEBUG - Loaded robot hardware configuration from ../utoronto_demo/robot_state/robot_hardware.yaml
2025-09-23 13:08:45,444 - DEBUG - Loaded wellplate properties configuration from ../utoronto_demo/robot_state/wellplates.yaml
2025-09-23 13:08:45,444 - DEBUG - Loading robot state files...
2025-09-23 13:08:45,447 - DEBUG - Loaded vial data from ../utoronto_demo/status/sample_capped_vials.csv
2025-09-23 13:08:45,447 - DEBUG - Loaded robot status from ../utoronto_demo/robot_state/robot_status.yaml
2025-09-23 13:08:45,447 - DEBUG - Loaded wellplate positions from ../utoronto_demo/robot_state/wellplates.yaml
2025-09-23 13:08:45,447 - DEBUG - Physical initialization of North Robot...
2025-09-23 13:08:45,447 - INFO - Homing robot components before pump initialization...
2025-09-23 13:08:45,447 - DEBUG - Simulating robot component homing...
2025-09-23 13:08:45,447 - DEBUG - Loading pumps from YAML configuration...
2025-09-23 13:08:45,456 - DEBUG - Loaded pump 0: volume=1.0mL, speed=11, liquid=None
2025-09-23 13:08:45,456 - DEBUG - Loaded pump 1: volume=2.5mL, speed=15, liquid=water
2025-09-23 13:08:45,456 - INFO - Moving robot to home position
2025-09-23 13:08:45,456 - INFO - Initializing North Track...
2025-09-23 13:08:45,456 - DEBUG - Loading track status from file: ../utoronto_demo/robot_state/track_status.yaml
2025-09-23 13:08:45,456 - DEBUG - Getting track status from file: ../utoronto_demo/robot_state/track_status.yaml
2025-09-23 13:08:45,456 - DEBUG - Loaded track status from ../utoronto_demo/robot_state/track_status.yaml
2025-09-23 13:08:45,456 - DEBUG - Loading track positions from: ../utoronto_demo/robot_state/track_positions.yaml
2025-09-23 13:08:45,463 - DEBUG - Loaded track positions configuration from ../utoronto_demo/robot_state/track_positions.yaml
2025-09-23 13:08:45,463 - DEBUG - Loading robot hardware configuration from: ../utoronto_demo/robot_state/robot_hardware.yaml
2025-09-23 13:08:45,467 - DEBUG - Loaded robot hardware configuration from ../utoronto_demo/robot_state/robot_hardware.yaml
2025-09-23 13:08:45,470 - DEBUG - Loaded wellplate properties configuration from ../utoronto_demo/robot_state/wellplates.yaml
2025-09-23 13:08:45,472 - INFO -    vial_index vial_name       location  location_index  vial_volume  capped cap_type vial_type  home_location  home_location_index
0           0  Sample_A  main_8mL_rack               0          5.2   False   closed      8_mL  main_8mL_rack                    0
1           1  Sample_B  main_8mL_rack               1          2.5    True   closed      8_mL  main_8mL_rack                    1
2025-09-23 13:08:45,486 - INFO - Visualizing vial racks...
2025-09-23 13:08:45,669 - DEBUG - Visualizing rack: Main Rack with filter: main_8mL_rack
2025-09-23 13:08:45,760 - DEBUG - Visualizing rack: Second Rack with filter: large_vial_rack
2025-09-23 13:08:46,844 - INFO - Dispensing 1.100 mL from Sample_A to Sample_B
2025-09-23 13:08:46,847 - INFO - Volume too high for single transfer, splitting into 2 transfers of 0.55 mL each
2025-09-23 13:08:46,848 - DEBUG - Selected large_tip for volume 0.550 mL
2025-09-23 13:08:46,848 - INFO - Getting large_tip (pipet number 3) from rack: large_tip_rack_1
2025-09-23 13:08:46,853 - INFO - Pipetting from vial Sample_A, amount: 0.55 mL
2025-09-23 13:08:46,855 - DEBUG - Adjusting pump 0 speed to 11
2025-09-23 13:08:46,855 - DEBUG - Aspirating 0.550 mL then waiting 1.0 s
2025-09-23 13:08:46,857 - DEBUG - Vial move required for pipetting
2025-09-23 13:08:46,859 - INFO - Moving vial 1 to safe pipetting location
2025-09-23 13:08:46,877 - INFO - Moving vial Sample_B to clamp: 0
2025-09-23 13:08:46,880 - DEBUG - Grabbing vial 1 with index 1
2025-09-23 13:08:46,880 - DEBUG - Dropping off vial 1 at location clamp with index 0
2025-09-23 13:08:46,884 - DEBUG - Removing cap from clamped vial
2025-09-23 13:08:46,887 - INFO - Pipetting into vial Sample_B, amount: 0.55 mL
2025-09-23 13:08:46,888 - DEBUG - Adjusting pump 0 speed to 11
2025-09-23 13:08:46,889 - DEBUG - Dispensing 0.550 mL then waiting 0.0 s
2025-09-23 13:08:46,890 - DEBUG - Selected large_tip for volume 0.550 mL
2025-09-23 13:08:46,891 - INFO - Pipetting from vial Sample_A, amount: 0.55 mL
2025-09-23 13:08:46,892 - DEBUG - Adjusting pump 0 speed to 11
2025-09-23 13:08:46,892 - DEBUG - Aspirating 0.550 mL then waiting 1.0 s
2025-09-23 13:08:46,893 - INFO - Pipetting into vial Sample_B, amount: 0.55 mL
2025-09-23 13:08:46,894 - DEBUG - Adjusting pump 0 speed to 11
2025-09-23 13:08:46,895 - DEBUG - Dispensing 0.550 mL then waiting 0.0 s
2025-09-23 13:08:46,895 - INFO - Removing pipet
2025-09-23 13:08:46,896 - DEBUG - Recapping clamped vial
2025-09-23 13:08:46,899 - INFO - Returning vial Sample_B to home location
2025-09-23 13:08:46,899 - INFO - Moving vial Sample_B to main_8mL_rack: 1
2025-09-23 13:08:46,899 - DEBUG - Grabbing vial 1 with index 1
2025-09-23 13:08:46,899 - DEBUG - Dropping off vial 1 at location main_8mL_rack with index 1
2025-09-23 13:08:46,904 - INFO - Moving robot to home position
