2025-11-19 12:01:00,096 - INFO - Initializing North Robot...
2025-11-19 12:01:00,096 - DEBUG - Loading robot configuration files...
2025-11-19 12:01:00,109 - DEBUG - Loaded vial positions configuration from robot_state/vial_positions.yaml
2025-11-19 12:01:00,111 - DEBUG - Loaded pipet tips configuration from robot_state/pipet_tips.yaml
2025-11-19 12:01:00,115 - DEBUG - Loaded pipet racks configuration from robot_state/pipet_racks.yaml
2025-11-19 12:01:00,117 - DEBUG - Loaded pump configuration from robot_state/syringe_pumps.yaml
2025-11-19 12:01:00,121 - DEBUG - Loaded robot hardware configuration from robot_state/robot_hardware.yaml
2025-11-19 12:01:00,124 - DEBUG - Loaded wellplate properties configuration from robot_state/wellplates.yaml
2025-11-19 12:01:00,124 - DEBUG - Loading robot state files...
2025-11-19 12:01:00,135 - DEBUG - Loaded vial data from status/calibration_vials_short.csv
2025-11-19 12:01:00,136 - DEBUG - Loaded robot status from robot_state/robot_status.yaml
2025-11-19 12:01:00,141 - DEBUG - Loaded wellplate positions from robot_state/wellplates.yaml
2025-11-19 12:01:00,141 - DEBUG - Robot status loaded successfully
2025-11-19 12:01:00,141 - DEBUG - Loading pumps from YAML configuration...
2025-11-19 12:01:00,270 - DEBUG - Loaded pump 0: volume=1.0mL, speed=11, liquid=None
2025-11-19 12:01:00,385 - DEBUG - Loaded pump 1: volume=2.5mL, speed=15, liquid=water
2025-11-19 12:01:00,385 - DEBUG - Physical initialization of North Robot...
2025-11-19 12:01:00,701 - INFO - Moving robot to home position
2025-11-19 12:01:14,982 - DEBUG - Current reader status: -2
2025-11-19 12:01:14,982 - WARNING - Cytation5 not connected... May need to restart
2025-11-19 12:01:14,982 - INFO - Initializing North Track...
2025-11-19 12:01:14,983 - DEBUG - Loading track status from file: robot_state/track_status.yaml
2025-11-19 12:01:14,983 - DEBUG - Getting track status from file: robot_state/track_status.yaml
2025-11-19 12:01:14,983 - DEBUG - Loaded track status from robot_state/track_status.yaml
2025-11-19 12:01:14,983 - DEBUG - Loading track positions from: robot_state/track_positions.yaml
2025-11-19 12:01:14,990 - DEBUG - Loaded track positions configuration from robot_state/track_positions.yaml
2025-11-19 12:01:14,990 - DEBUG - Loading robot hardware configuration from: robot_state/robot_hardware.yaml
2025-11-19 12:01:14,993 - DEBUG - Loaded robot hardware configuration from robot_state/robot_hardware.yaml
2025-11-19 12:01:14,996 - DEBUG - Loaded wellplate properties configuration from robot_state/wellplates.yaml
2025-11-19 12:01:15,092 - DEBUG - Moving North Track to home position
2025-11-19 12:01:15,094 - INFO -    vial_index           vial_name         location  location_index  vial_volume  capped cap_type vial_type    home_location  home_location_index
0           0  measurement_vial_0    main_8mL_rack               0            0    True     open      8_mL    main_8mL_rack                    0
1           1     liquid_source_0  large_vial_rack               2           18   False     open     20_mL  large_vial_rack                    2
2025-11-19 12:01:15,094 - INFO - Visualizing vial racks...
2025-11-19 12:01:15,249 - DEBUG - Visualizing rack: Main Rack with filter: main_8mL_rack
2025-11-19 12:01:15,385 - DEBUG - Visualizing rack: Second Rack with filter: large_vial_rack
2025-11-19 12:01:20,530 - INFO - --Wellplate status-- 
 Wellplate type: 96 WELL PLATE 
 Number in source: 4 
 Number in waste: 0 
 Active wellplate position: pipetting_area
2025-11-19 12:01:20,531 - INFO - Visualizing wellplate status...
2025-11-19 12:01:23,164 - INFO - Moving vial measurement_vial_0 to clamp: 0
2025-11-19 12:01:23,164 - DEBUG - Grabbing vial 0 with index 0
