2025-12-12 17:21:05,637 - INFO - Initializing North Robot...
2025-12-12 17:21:05,638 - DEBUG - Loading robot configuration files...
2025-12-12 17:21:05,662 - DEBUG - Loaded vial positions configuration from robot_state/vial_positions.yaml
2025-12-12 17:21:05,670 - DEBUG - Loaded pipet tips configuration from robot_state/pipet_tips.yaml
2025-12-12 17:21:05,683 - DEBUG - Loaded pipet racks configuration from robot_state/pipet_racks.yaml
2025-12-12 17:21:05,699 - DEBUG - Loaded pump configuration from robot_state/syringe_pumps.yaml
2025-12-12 17:21:05,712 - DEBUG - Loaded robot hardware configuration from robot_state/robot_hardware.yaml
2025-12-12 17:21:05,729 - DEBUG - Loaded wellplate properties configuration from robot_state/wellplates.yaml
2025-12-12 17:21:05,729 - DEBUG - Loading robot state files...
2025-12-12 17:21:05,750 - DEBUG - Loaded vial data from ../utoronto_demo/status/sample_capped_vial.txt
2025-12-12 17:21:05,759 - DEBUG - Loaded robot status from robot_state/robot_status.yaml
2025-12-12 17:21:05,763 - DEBUG - Loaded wellplate positions from robot_state/wellplates.yaml
2025-12-12 17:21:05,763 - DEBUG - Robot status loaded successfully
2025-12-12 17:21:05,763 - DEBUG - Physical initialization of North Robot...
2025-12-12 17:21:06,082 - DEBUG - Loading pumps from YAML configuration...
2025-12-12 17:21:06,131 - WARNING - Physical cleanup failed (attempt 1/2): name 'C9Error' is not defined
2025-12-12 17:21:06,131 - INFO - Homing robot components before pump initialization...
2025-12-12 17:21:06,132 - INFO - Homing all robot components...
2025-12-12 17:21:06,132 - DEBUG - Homing carousel...
2025-12-12 17:21:13,868 - DEBUG - Homing robot axes...
2025-12-12 17:21:32,494 - DEBUG - Homing pump 0...
2025-12-12 17:21:34,422 - DEBUG - Homing pump 1...
2025-12-12 17:21:36,099 - DEBUG - Homing track axes...
2025-12-12 17:21:36,099 - DEBUG - Homing track axis z_axis (axis 6)...
2025-12-12 17:21:39,639 - DEBUG - Homing track axis x_axis (axis 7)...
2025-12-12 17:21:43,636 - INFO - All robot components homed successfully
2025-12-12 17:21:43,636 - DEBUG - Loading pumps from YAML configuration...
2025-12-12 17:21:43,758 - DEBUG - Loaded pump 0: volume=1.0mL, speed=11, liquid=None
2025-12-12 17:21:43,868 - DEBUG - Loaded pump 1: volume=2.5mL, speed=15, liquid=water
2025-12-12 17:21:43,868 - INFO - Moving robot to home position
2025-12-12 17:21:44,417 - DEBUG - Initializing centrifuge controller...
2025-12-12 17:21:44,417 - INFO - Initializing North Track...
2025-12-12 17:21:44,417 - DEBUG - Loading track status from file: robot_state/track_status.yaml
2025-12-12 17:21:44,417 - DEBUG - Getting track status from file: robot_state/track_status.yaml
2025-12-12 17:21:44,419 - DEBUG - Loaded track status from robot_state/track_status.yaml
2025-12-12 17:21:44,419 - DEBUG - Loading track positions from: robot_state/track_positions.yaml
2025-12-12 17:21:44,438 - DEBUG - Loaded track positions configuration from robot_state/track_positions.yaml
2025-12-12 17:21:44,438 - DEBUG - Loading robot hardware configuration from: robot_state/robot_hardware.yaml
2025-12-12 17:21:44,442 - DEBUG - Loaded robot hardware configuration from robot_state/robot_hardware.yaml
2025-12-12 17:21:44,446 - DEBUG - Loaded wellplate properties configuration from robot_state/wellplates.yaml
2025-12-12 17:21:44,531 - DEBUG - Moving North Track to home position
2025-12-12 17:21:44,533 - DEBUG - Initializing temperature controller...
2025-12-12 17:21:44,533 - DEBUG - Turning on stirring at speed 10000
2025-12-12 17:21:48,331 - DEBUG - Turning off stirring
