2025-11-12 15:25:39,658 - INFO - Initializing North Robot...
2025-11-12 15:25:39,659 - DEBUG - Loading robot configuration files...
2025-11-12 15:25:39,660 - DEBUG - Loaded vial positions configuration from robot_state/vial_positions.yaml
2025-11-12 15:25:39,660 - DEBUG - Loaded pipet tips configuration from robot_state/pipet_tips.yaml
2025-11-12 15:25:39,660 - DEBUG - Loaded pipet racks configuration from robot_state/pipet_racks.yaml
2025-11-12 15:25:39,676 - DEBUG - Loaded pump configuration from robot_state/syringe_pumps.yaml
2025-11-12 15:25:39,678 - DEBUG - Loaded robot hardware configuration from robot_state/robot_hardware.yaml
2025-11-12 15:25:39,682 - DEBUG - Loaded wellplate properties configuration from robot_state/wellplates.yaml
2025-11-12 15:25:39,682 - DEBUG - Loading robot state files...
2025-11-12 15:25:39,694 - DEBUG - Loaded vial data from ../utoronto_demo/status/calibration_vials_short.csv
2025-11-12 15:25:39,694 - DEBUG - Loaded robot status from robot_state/robot_status.yaml
2025-11-12 15:25:39,704 - DEBUG - Loaded wellplate positions from robot_state/wellplates.yaml
2025-11-12 15:25:39,704 - DEBUG - Robot status loaded successfully
2025-11-12 15:25:39,704 - DEBUG - Loading pumps from YAML configuration...
2025-11-12 15:25:39,826 - DEBUG - Loaded pump 0: volume=1.0mL, speed=11, liquid=None
2025-11-12 15:25:39,928 - DEBUG - Loaded pump 1: volume=2.5mL, speed=15, liquid=water
2025-11-12 15:25:39,928 - DEBUG - Physical initialization of North Robot...
2025-11-12 15:25:40,245 - WARNING - The robot reports having a vial in the gripper... Returning that vial home...
2025-11-12 15:25:40,245 - DEBUG - Dropping off vial 1 at location main_8mL_rack with index 1
2025-11-12 15:25:43,928 - INFO - Moving robot to home position
2025-11-12 15:25:47,629 - INFO - Initializing North Track...
2025-11-12 15:25:47,629 - DEBUG - Loading track status from file: robot_state/track_status.yaml
2025-11-12 15:25:47,629 - DEBUG - Getting track status from file: robot_state/track_status.yaml
2025-11-12 15:25:47,629 - DEBUG - Loaded track status from robot_state/track_status.yaml
2025-11-12 15:25:47,629 - DEBUG - Loading track positions from: robot_state/track_positions.yaml
2025-11-12 15:25:47,629 - DEBUG - Loaded track positions configuration from robot_state/track_positions.yaml
2025-11-12 15:25:47,629 - DEBUG - Loading robot hardware configuration from: robot_state/robot_hardware.yaml
2025-11-12 15:25:47,629 - DEBUG - Loaded robot hardware configuration from robot_state/robot_hardware.yaml
2025-11-12 15:25:47,629 - DEBUG - Loaded wellplate properties configuration from robot_state/wellplates.yaml
2025-11-12 15:25:47,733 - DEBUG - Moving North Track to home position
