2025-10-08 11:40:47,235 - INFO - Initializing North Robot...
2025-10-08 11:40:47,235 - DEBUG - Loading robot configuration files...
2025-10-08 11:40:47,268 - DEBUG - Loaded vial positions configuration from robot_state/vial_positions.yaml
2025-10-08 11:40:47,270 - DEBUG - Loaded pipet tips configuration from robot_state/pipet_tips.yaml
2025-10-08 11:40:47,273 - DEBUG - Loaded pipet racks configuration from robot_state/pipet_racks.yaml
2025-10-08 11:40:47,277 - DEBUG - Loaded pump configuration from robot_state/syringe_pumps.yaml
2025-10-08 11:40:47,277 - DEBUG - Loaded robot hardware configuration from robot_state/robot_hardware.yaml
2025-10-08 11:40:47,277 - DEBUG - Loaded wellplate properties configuration from robot_state/wellplates.yaml
2025-10-08 11:40:47,277 - DEBUG - Loading robot state files...
2025-10-08 11:40:47,277 - DEBUG - Loaded vial data from ../utoronto_demo/status/calibration_vials_short.csv
2025-10-08 11:40:47,277 - DEBUG - Loaded robot status from robot_state/robot_status.yaml
2025-10-08 11:40:47,292 - DEBUG - Loaded wellplate positions from robot_state/wellplates.yaml
2025-10-08 11:40:47,292 - DEBUG - Robot status loaded successfully
2025-10-08 11:40:47,292 - DEBUG - Physical initialization of North Robot...
2025-10-08 11:40:47,293 - INFO - Moving robot to home position
2025-10-08 11:40:47,295 - DEBUG - Loading pumps from YAML configuration...
2025-10-08 11:40:47,297 - DEBUG - Loaded pump 0: volume=1.0mL, speed=11, liquid=None
2025-10-08 11:40:47,297 - DEBUG - Loaded pump 1: volume=2.5mL, speed=15, liquid=water
2025-10-08 11:40:47,297 - INFO - Initializing North Track...
2025-10-08 11:40:47,297 - DEBUG - Loading track status from file: robot_state/track_status.yaml
2025-10-08 11:40:47,297 - DEBUG - Getting track status from file: robot_state/track_status.yaml
2025-10-08 11:40:47,298 - DEBUG - Loaded track status from robot_state/track_status.yaml
2025-10-08 11:40:47,298 - DEBUG - Loading track positions from: robot_state/track_positions.yaml
2025-10-08 11:40:47,304 - DEBUG - Loaded track positions configuration from robot_state/track_positions.yaml
2025-10-08 11:40:47,304 - DEBUG - Loading robot hardware configuration from: robot_state/robot_hardware.yaml
2025-10-08 11:40:47,307 - DEBUG - Loaded robot hardware configuration from robot_state/robot_hardware.yaml
2025-10-08 11:40:47,310 - DEBUG - Loaded wellplate properties configuration from robot_state/wellplates.yaml
2025-10-08 11:40:47,313 - INFO -    vial_index           vial_name               location  location_index  ...  cap_type  vial_type          home_location home_location_index
0           0  measurement_vial_0          main_8mL_rack               0  ...      open       8_mL          main_8mL_rack                   0
1           1  measurement_vial_1          main_8mL_rack               1  ...      open       8_mL          main_8mL_rack                   1
2           2  measurement_vial_2          main_8mL_rack               2  ...      open       8_mL          main_8mL_rack                   2
3           3       liquid_source  extra_large_vial_rack               0  ...      open      50_mL  extra_large_vial_rack                   0
4           4     liquid_source_2        large_vial_rack               0  ...      open      20_mL        large_vial_rack                   0

[5 rows x 10 columns]
2025-10-08 11:40:47,332 - INFO - Visualizing vial racks...
2025-10-08 11:40:47,482 - DEBUG - Visualizing rack: Main Rack with filter: main_8mL_rack
2025-10-08 11:40:47,621 - DEBUG - Visualizing rack: Second Rack with filter: large_vial_rack
2025-10-08 11:40:57,085 - INFO - Dispensing 0.100 mL from liquid_source to liquid_source_2
2025-10-08 11:40:57,087 - DEBUG - Selected small_tip for volume 0.100 mL
2025-10-08 11:40:57,088 - INFO - Getting small_tip (pipet number 11) from rack: small_tip_rack_1
2025-10-08 11:40:57,091 - ERROR - No pipetting_positions_in_Locator defined for location: extra_large_vial_rack
2025-10-08 11:40:57,091 - WARNING - SIMULATION MODE: Would pause for error: No pipetting_positions_in_Locator defined for location: extra_large_vial_rack
2025-10-08 11:40:57,092 - INFO - Pipetting from vial liquid_source, amount: 0.1 mL
2025-10-08 11:40:57,093 - ERROR - No minimum pipetting height defined for location: extra_large_vial_rack
2025-10-08 11:40:57,093 - WARNING - SIMULATION MODE: Would pause for error: No minimum pipetting height defined for location: extra_large_vial_rack
