2025-10-27 16:58:38,488 - INFO - Initializing North Robot...
2025-10-27 16:58:38,488 - DEBUG - Loading robot configuration files...
2025-10-27 16:58:38,488 - DEBUG - Loaded vial positions configuration from robot_state/vial_positions.yaml
2025-10-27 16:58:38,488 - DEBUG - Loaded pipet tips configuration from robot_state/pipet_tips.yaml
2025-10-27 16:58:38,488 - DEBUG - Loaded pipet racks configuration from robot_state/pipet_racks.yaml
2025-10-27 16:58:38,488 - DEBUG - Loaded pump configuration from robot_state/syringe_pumps.yaml
2025-10-27 16:58:38,521 - DEBUG - Loaded robot hardware configuration from robot_state/robot_hardware.yaml
2025-10-27 16:58:38,524 - DEBUG - Loaded wellplate properties configuration from robot_state/wellplates.yaml
2025-10-27 16:58:38,524 - DEBUG - Loading robot state files...
2025-10-27 16:58:38,530 - DEBUG - Loaded vial data from status/calibration_vials_short.csv
2025-10-27 16:58:38,543 - DEBUG - Loaded robot status from robot_state/robot_status.yaml
2025-10-27 16:58:38,543 - DEBUG - Loaded wellplate positions from robot_state/wellplates.yaml
2025-10-27 16:58:38,543 - DEBUG - Robot status loaded successfully
2025-10-27 16:58:38,543 - DEBUG - Loading pumps from YAML configuration...
2025-10-27 16:58:38,543 - DEBUG - Loaded pump 0: volume=1.0mL, speed=11, liquid=None
2025-10-27 16:58:38,543 - DEBUG - Loaded pump 1: volume=2.5mL, speed=15, liquid=water
2025-10-27 16:58:38,543 - DEBUG - Physical initialization of North Robot...
2025-10-27 16:58:38,543 - WARNING - The robot reports having a tip, removing the tip
2025-10-27 16:58:38,543 - INFO - Removing pipet
2025-10-27 16:58:38,557 - INFO - Moving robot to home position
2025-10-27 16:58:38,558 - INFO - Initializing North Track...
2025-10-27 16:58:38,559 - DEBUG - Loading track status from file: robot_state/track_status.yaml
2025-10-27 16:58:38,559 - DEBUG - Getting track status from file: robot_state/track_status.yaml
2025-10-27 16:58:38,560 - DEBUG - Loaded track status from robot_state/track_status.yaml
2025-10-27 16:58:38,560 - DEBUG - Loading track positions from: robot_state/track_positions.yaml
2025-10-27 16:58:38,565 - DEBUG - Loaded track positions configuration from robot_state/track_positions.yaml
2025-10-27 16:58:38,565 - DEBUG - Loading robot hardware configuration from: robot_state/robot_hardware.yaml
2025-10-27 16:58:38,567 - DEBUG - Loaded robot hardware configuration from robot_state/robot_hardware.yaml
2025-10-27 16:58:38,570 - DEBUG - Loaded wellplate properties configuration from robot_state/wellplates.yaml
2025-10-27 16:58:38,572 - DEBUG - Moving North Track to home position
2025-10-27 16:58:38,573 - INFO - Creating new Lash_E controller
2025-10-27 16:58:38,576 - INFO -     vial_index           vial_name         location  location_index  vial_volume  capped cap_type vial_type    home_location  home_location_index
0            0  measurement_vial_0            clamp               0     0.057371    True     open      8_mL    main_8mL_rack                    0
1            1  measurement_vial_1    main_8mL_rack               1     0.000000    True     open      8_mL    main_8mL_rack                    1
2            2  measurement_vial_2    main_8mL_rack               2     0.000000    True     open      8_mL    main_8mL_rack                    2
3            3  measurement_vial_3    main_8mL_rack               3     0.000000    True     open      8_mL    main_8mL_rack                    3
4            4  measurement_vial_4    main_8mL_rack               4     0.000000    True     open      8_mL    main_8mL_rack                    4
5            5  measurement_vial_5    main_8mL_rack               5     0.000000    True     open      8_mL    main_8mL_rack                    5
6            6  measurement_vial_6    main_8mL_rack               6     0.000000    True     open      8_mL    main_8mL_rack                    6
7            7  measurement_vial_7    main_8mL_rack               7     0.000000    True     open      8_mL    main_8mL_rack                    7
8            8  measurement_vial_8    main_8mL_rack               8     0.000000    True     open      8_mL    main_8mL_rack                    8
9            9  measurement_vial_9    main_8mL_rack               9     0.000000    True     open      8_mL    main_8mL_rack                    9
10          10       liquid_source   50mL_vial_rack               0     3.413538    True     open     50_mL   50mL_vial_rack                    0
11          11     liquid_source_0  large_vial_rack               2     7.616636    True     open     20_mL  large_vial_rack                    2
2025-10-27 16:58:38,589 - INFO - Visualizing vial racks...
2025-10-27 16:58:39,486 - DEBUG - Visualizing rack: Main Rack with filter: main_8mL_rack
2025-10-27 16:58:39,624 - DEBUG - Visualizing rack: Second Rack with filter: large_vial_rack
2025-10-27 16:58:53,755 - INFO - Vial measurement_vial_0 already at clamp index 0, no move needed
2025-10-27 16:58:53,761 - DEBUG - Selected small_tip for volume 0.050 mL
2025-10-27 16:58:54,054 - DEBUG - Selected small_tip for volume 0.057 mL
2025-10-27 16:58:54,054 - INFO - Getting small_tip (pipet number 3) from rack: small_tip_rack_1
2025-10-27 16:58:54,059 - INFO - Pipetting from vial liquid_source_0, amount: 0.057 mL
2025-10-27 16:58:54,062 - DEBUG - Adjusting pump 0 speed to 15
2025-10-27 16:58:54,062 - DEBUG - Aspirating 0.057 mL then waiting 22.48070776462555 s
2025-10-27 16:58:54,063 - DEBUG - Aspirating 0.036 mL then waiting 0 s
2025-10-27 16:58:54,066 - INFO - Pipetting into vial measurement_vial_0, amount: 0.057 mL
2025-10-27 16:58:54,067 - DEBUG - Adjusting pump 0 speed to 14
2025-10-27 16:58:54,068 - DEBUG - Dispensing 0.094 mL then waiting 5.529413223266602 s
2025-10-27 16:58:54,068 - DEBUG - Blowing out 0.153 mL
2025-10-27 16:58:54,068 - DEBUG - Adjusting pump 0 speed to 5
2025-10-27 16:58:54,069 - INFO - Removing pipet
2025-10-27 16:58:54,275 - DEBUG - Selected small_tip for volume 0.057 mL
2025-10-27 16:58:54,275 - INFO - Getting small_tip (pipet number 4) from rack: small_tip_rack_1
2025-10-27 16:58:54,275 - INFO - Pipetting from vial liquid_source_0, amount: 0.057 mL
2025-10-27 16:58:54,275 - DEBUG - Adjusting pump 0 speed to 15
2025-10-27 16:58:54,275 - DEBUG - Aspirating 0.057 mL then waiting 22.48070776462555 s
2025-10-27 16:58:54,275 - DEBUG - Aspirating 0.036 mL then waiting 0 s
2025-10-27 16:58:54,280 - INFO - Pipetting into vial measurement_vial_0, amount: 0.057 mL
2025-10-27 16:58:54,280 - DEBUG - Adjusting pump 0 speed to 14
2025-10-27 16:58:54,282 - DEBUG - Dispensing 0.094 mL then waiting 5.529413223266602 s
2025-10-27 16:58:54,282 - DEBUG - Blowing out 0.153 mL
2025-10-27 16:58:54,282 - DEBUG - Adjusting pump 0 speed to 5
2025-10-27 16:58:54,283 - INFO - Removing pipet
2025-10-27 16:58:54,487 - DEBUG - Selected small_tip for volume 0.057 mL
2025-10-27 16:58:54,489 - INFO - Getting small_tip (pipet number 5) from rack: small_tip_rack_1
2025-10-27 16:58:54,489 - INFO - Pipetting from vial liquid_source_0, amount: 0.057 mL
2025-10-27 16:58:54,491 - DEBUG - Adjusting pump 0 speed to 15
2025-10-27 16:58:54,491 - DEBUG - Aspirating 0.057 mL then waiting 22.48070776462555 s
2025-10-27 16:58:54,491 - DEBUG - Aspirating 0.036 mL then waiting 0 s
2025-10-27 16:58:54,491 - INFO - Pipetting into vial measurement_vial_0, amount: 0.057 mL
2025-10-27 16:58:54,491 - DEBUG - Adjusting pump 0 speed to 14
2025-10-27 16:58:54,491 - DEBUG - Dispensing 0.094 mL then waiting 5.529413223266602 s
2025-10-27 16:58:54,491 - DEBUG - Blowing out 0.153 mL
2025-10-27 16:58:54,494 - DEBUG - Adjusting pump 0 speed to 5
2025-10-27 16:58:54,494 - INFO - Removing pipet
2025-10-27 16:58:54,721 - DEBUG - Selected small_tip for volume 0.054 mL
2025-10-27 16:58:54,721 - INFO - Getting small_tip (pipet number 6) from rack: small_tip_rack_1
2025-10-27 16:58:54,723 - INFO - Pipetting from vial liquid_source_0, amount: 0.054 mL
2025-10-27 16:58:54,724 - DEBUG - Adjusting pump 0 speed to 35
2025-10-27 16:58:54,724 - DEBUG - Aspirating 0.054 mL then waiting 12.393135940656066 s
2025-10-27 16:58:54,724 - DEBUG - Aspirating 0.070 mL then waiting 0 s
2025-10-27 16:58:54,724 - INFO - Pipetting into vial measurement_vial_0, amount: 0.054 mL
2025-10-27 16:58:54,724 - DEBUG - Adjusting pump 0 speed to 25
2025-10-27 16:58:54,727 - DEBUG - Dispensing 0.124 mL then waiting 19.006759207695723 s
2025-10-27 16:58:54,727 - DEBUG - Blowing out 0.018 mL
2025-10-27 16:58:54,727 - DEBUG - Adjusting pump 0 speed to 5
2025-10-27 16:58:54,727 - INFO - Removing pipet
2025-10-27 16:58:54,937 - DEBUG - Selected small_tip for volume 0.054 mL
2025-10-27 16:58:54,937 - INFO - Getting small_tip (pipet number 7) from rack: small_tip_rack_1
2025-10-27 16:58:54,937 - INFO - Pipetting from vial liquid_source_0, amount: 0.054 mL
2025-10-27 16:58:54,937 - DEBUG - Adjusting pump 0 speed to 35
2025-10-27 16:58:54,937 - DEBUG - Aspirating 0.054 mL then waiting 12.393135940656066 s
2025-10-27 16:58:54,937 - DEBUG - Aspirating 0.070 mL then waiting 0 s
2025-10-27 16:58:54,937 - INFO - Pipetting into vial measurement_vial_0, amount: 0.054 mL
2025-10-27 16:58:54,937 - DEBUG - Adjusting pump 0 speed to 25
2025-10-27 16:58:54,937 - DEBUG - Dispensing 0.124 mL then waiting 19.006759207695723 s
2025-10-27 16:58:54,944 - DEBUG - Blowing out 0.018 mL
2025-10-27 16:58:54,944 - DEBUG - Adjusting pump 0 speed to 5
2025-10-27 16:58:54,944 - INFO - Removing pipet
2025-10-27 16:58:55,155 - DEBUG - Selected small_tip for volume 0.054 mL
2025-10-27 16:58:55,155 - INFO - Getting small_tip (pipet number 8) from rack: small_tip_rack_1
2025-10-27 16:58:55,158 - INFO - Pipetting from vial liquid_source_0, amount: 0.054 mL
2025-10-27 16:58:55,159 - DEBUG - Adjusting pump 0 speed to 35
2025-10-27 16:58:55,161 - DEBUG - Aspirating 0.054 mL then waiting 12.393135940656066 s
2025-10-27 16:58:55,161 - DEBUG - Aspirating 0.070 mL then waiting 0 s
2025-10-27 16:58:55,161 - INFO - Pipetting into vial measurement_vial_0, amount: 0.054 mL
2025-10-27 16:58:55,163 - DEBUG - Adjusting pump 0 speed to 25
2025-10-27 16:58:55,165 - DEBUG - Dispensing 0.124 mL then waiting 19.006759207695723 s
2025-10-27 16:58:55,165 - DEBUG - Blowing out 0.018 mL
2025-10-27 16:58:55,165 - DEBUG - Adjusting pump 0 speed to 5
2025-10-27 16:58:55,165 - INFO - Removing pipet
2025-10-27 16:58:55,386 - DEBUG - Selected small_tip for volume 0.050 mL
2025-10-27 16:58:55,386 - INFO - Getting small_tip (pipet number 9) from rack: small_tip_rack_1
2025-10-27 16:58:55,388 - INFO - Pipetting from vial liquid_source_0, amount: 0.05 mL
2025-10-27 16:58:55,388 - DEBUG - Adjusting pump 0 speed to 26
2025-10-27 16:58:55,388 - DEBUG - Aspirating 0.050 mL then waiting 28.394931005313993 s
2025-10-27 16:58:55,388 - DEBUG - Aspirating 0.021 mL then waiting 0 s
2025-10-27 16:58:55,388 - INFO - Pipetting into vial measurement_vial_0, amount: 0.05 mL
2025-10-27 16:58:55,388 - DEBUG - Adjusting pump 0 speed to 20
2025-10-27 16:58:55,393 - DEBUG - Dispensing 0.072 mL then waiting 12.44194284081459 s
2025-10-27 16:58:55,393 - DEBUG - Blowing out 0.056 mL
2025-10-27 16:58:55,393 - DEBUG - Adjusting pump 0 speed to 5
2025-10-27 16:58:55,393 - INFO - Removing pipet
2025-10-27 16:58:55,599 - DEBUG - Selected small_tip for volume 0.050 mL
2025-10-27 16:58:55,599 - INFO - Getting small_tip (pipet number 10) from rack: small_tip_rack_1
2025-10-27 16:58:55,599 - INFO - Pipetting from vial liquid_source_0, amount: 0.05 mL
2025-10-27 16:58:55,599 - DEBUG - Adjusting pump 0 speed to 26
2025-10-27 16:58:55,599 - DEBUG - Aspirating 0.050 mL then waiting 28.394931005313993 s
2025-10-27 16:58:55,599 - DEBUG - Aspirating 0.021 mL then waiting 0 s
2025-10-27 16:58:55,599 - INFO - Pipetting into vial measurement_vial_0, amount: 0.05 mL
2025-10-27 16:58:55,599 - DEBUG - Adjusting pump 0 speed to 20
2025-10-27 16:58:55,609 - DEBUG - Dispensing 0.072 mL then waiting 12.44194284081459 s
2025-10-27 16:58:55,610 - DEBUG - Blowing out 0.056 mL
2025-10-27 16:58:55,610 - DEBUG - Adjusting pump 0 speed to 5
2025-10-27 16:58:55,610 - INFO - Removing pipet
2025-10-27 16:58:55,822 - DEBUG - Selected small_tip for volume 0.050 mL
2025-10-27 16:58:55,822 - INFO - Getting small_tip (pipet number 11) from rack: small_tip_rack_1
2025-10-27 16:58:55,823 - INFO - Pipetting from vial liquid_source_0, amount: 0.05 mL
2025-10-27 16:58:55,824 - DEBUG - Adjusting pump 0 speed to 26
2025-10-27 16:58:55,825 - DEBUG - Aspirating 0.050 mL then waiting 28.394931005313993 s
2025-10-27 16:58:55,825 - DEBUG - Aspirating 0.021 mL then waiting 0 s
2025-10-27 16:58:55,826 - INFO - Pipetting into vial measurement_vial_0, amount: 0.05 mL
2025-10-27 16:58:55,826 - DEBUG - Adjusting pump 0 speed to 20
2025-10-27 16:58:55,828 - DEBUG - Dispensing 0.072 mL then waiting 12.44194284081459 s
2025-10-27 16:58:55,828 - DEBUG - Blowing out 0.056 mL
2025-10-27 16:58:55,828 - DEBUG - Adjusting pump 0 speed to 5
2025-10-27 16:58:55,828 - INFO - Removing pipet
2025-10-27 16:58:56,045 - DEBUG - Selected small_tip for volume 0.054 mL
2025-10-27 16:58:56,045 - INFO - Getting small_tip (pipet number 12) from rack: small_tip_rack_1
2025-10-27 16:58:56,045 - INFO - Pipetting from vial liquid_source_0, amount: 0.054 mL
2025-10-27 16:58:56,045 - DEBUG - Adjusting pump 0 speed to 19
2025-10-27 16:58:56,045 - DEBUG - Aspirating 0.054 mL then waiting 4.259606637060642 s
2025-10-27 16:58:56,045 - DEBUG - Aspirating 0.085 mL then waiting 0 s
2025-10-27 16:58:56,045 - INFO - Pipetting into vial measurement_vial_0, amount: 0.054 mL
2025-10-27 16:58:56,045 - DEBUG - Adjusting pump 0 speed to 31
2025-10-27 16:58:56,045 - DEBUG - Dispensing 0.139 mL then waiting 27.09417167119682 s
2025-10-27 16:58:56,045 - DEBUG - Blowing out 0.116 mL
2025-10-27 16:58:56,045 - DEBUG - Adjusting pump 0 speed to 5
2025-10-27 16:58:56,052 - INFO - Removing pipet
2025-10-27 16:58:56,271 - DEBUG - Selected small_tip for volume 0.054 mL
2025-10-27 16:58:56,271 - INFO - Getting small_tip (pipet number 13) from rack: small_tip_rack_1
2025-10-27 16:58:56,275 - INFO - Pipetting from vial liquid_source_0, amount: 0.054 mL
2025-10-27 16:58:56,278 - DEBUG - Adjusting pump 0 speed to 19
2025-10-27 16:58:56,279 - DEBUG - Aspirating 0.054 mL then waiting 4.259606637060642 s
2025-10-27 16:58:56,279 - DEBUG - Aspirating 0.085 mL then waiting 0 s
2025-10-27 16:58:56,281 - INFO - Pipetting into vial measurement_vial_0, amount: 0.054 mL
2025-10-27 16:58:56,282 - DEBUG - Adjusting pump 0 speed to 31
2025-10-27 16:58:56,283 - DEBUG - Dispensing 0.139 mL then waiting 27.09417167119682 s
2025-10-27 16:58:56,283 - DEBUG - Blowing out 0.116 mL
2025-10-27 16:58:56,283 - DEBUG - Adjusting pump 0 speed to 5
2025-10-27 16:58:56,283 - INFO - Removing pipet
2025-10-27 16:58:56,501 - DEBUG - Selected small_tip for volume 0.054 mL
2025-10-27 16:58:56,501 - INFO - Getting small_tip (pipet number 14) from rack: small_tip_rack_1
2025-10-27 16:58:56,503 - INFO - Pipetting from vial liquid_source_0, amount: 0.054 mL
2025-10-27 16:58:56,503 - DEBUG - Adjusting pump 0 speed to 19
2025-10-27 16:58:56,503 - DEBUG - Aspirating 0.054 mL then waiting 4.259606637060642 s
2025-10-27 16:58:56,503 - DEBUG - Aspirating 0.085 mL then waiting 0 s
2025-10-27 16:58:56,503 - INFO - Pipetting into vial measurement_vial_0, amount: 0.054 mL
2025-10-27 16:58:56,507 - DEBUG - Adjusting pump 0 speed to 31
2025-10-27 16:58:56,507 - DEBUG - Dispensing 0.139 mL then waiting 27.09417167119682 s
2025-10-27 16:58:56,507 - DEBUG - Blowing out 0.116 mL
2025-10-27 16:58:56,507 - DEBUG - Adjusting pump 0 speed to 5
2025-10-27 16:58:56,507 - INFO - Removing pipet
2025-10-27 16:58:56,738 - DEBUG - Selected small_tip for volume 0.051 mL
2025-10-27 16:58:56,738 - INFO - Getting small_tip (pipet number 15) from rack: small_tip_rack_1
2025-10-27 16:58:56,740 - INFO - Pipetting from vial liquid_source_0, amount: 0.051 mL
2025-10-27 16:58:56,741 - DEBUG - Adjusting pump 0 speed to 17
2025-10-27 16:58:56,741 - DEBUG - Aspirating 0.051 mL then waiting 8.865606626495719 s
2025-10-27 16:58:56,741 - DEBUG - Aspirating 0.010 mL then waiting 0 s
2025-10-27 16:58:56,742 - INFO - Pipetting into vial measurement_vial_0, amount: 0.051 mL
2025-10-27 16:58:56,743 - DEBUG - Adjusting pump 0 speed to 18
2025-10-27 16:58:56,743 - DEBUG - Dispensing 0.061 mL then waiting 25.507228514179587 s
2025-10-27 16:58:56,743 - DEBUG - Blowing out 0.179 mL
2025-10-27 16:58:56,743 - DEBUG - Adjusting pump 0 speed to 5
2025-10-27 16:58:56,743 - INFO - Removing pipet
2025-10-27 16:58:56,954 - DEBUG - Selected small_tip for volume 0.051 mL
2025-10-27 16:58:56,955 - INFO - Getting small_tip (pipet number 16) from rack: small_tip_rack_1
2025-10-27 16:58:56,956 - INFO - Pipetting from vial liquid_source_0, amount: 0.051 mL
2025-10-27 16:58:56,957 - DEBUG - Adjusting pump 0 speed to 17
2025-10-27 16:58:56,957 - DEBUG - Aspirating 0.051 mL then waiting 8.865606626495719 s
2025-10-27 16:58:56,957 - DEBUG - Aspirating 0.010 mL then waiting 0 s
2025-10-27 16:58:56,959 - INFO - Pipetting into vial measurement_vial_0, amount: 0.051 mL
2025-10-27 16:58:56,959 - DEBUG - Adjusting pump 0 speed to 18
2025-10-27 16:58:56,960 - DEBUG - Dispensing 0.061 mL then waiting 25.507228514179587 s
2025-10-27 16:58:56,960 - DEBUG - Blowing out 0.179 mL
2025-10-27 16:58:56,960 - DEBUG - Adjusting pump 0 speed to 5
2025-10-27 16:58:56,960 - INFO - Removing pipet
2025-10-27 16:58:57,172 - DEBUG - Selected small_tip for volume 0.051 mL
2025-10-27 16:58:57,172 - INFO - Getting small_tip (pipet number 17) from rack: small_tip_rack_1
2025-10-27 16:58:57,174 - INFO - Pipetting from vial liquid_source_0, amount: 0.051 mL
2025-10-27 16:58:57,176 - DEBUG - Adjusting pump 0 speed to 17
2025-10-27 16:58:57,176 - DEBUG - Aspirating 0.051 mL then waiting 8.865606626495719 s
2025-10-27 16:58:57,176 - DEBUG - Aspirating 0.010 mL then waiting 0 s
2025-10-27 16:58:57,176 - INFO - Pipetting into vial measurement_vial_0, amount: 0.051 mL
2025-10-27 16:58:57,176 - DEBUG - Adjusting pump 0 speed to 18
2025-10-27 16:58:57,176 - DEBUG - Dispensing 0.061 mL then waiting 25.507228514179587 s
2025-10-27 16:58:57,176 - DEBUG - Blowing out 0.179 mL
2025-10-27 16:58:57,176 - DEBUG - Adjusting pump 0 speed to 5
2025-10-27 16:58:57,176 - INFO - Removing pipet
2025-10-27 16:58:57,388 - DEBUG - Selected small_tip for volume 0.029 mL
2025-10-27 16:58:57,388 - INFO - Getting small_tip (pipet number 18) from rack: small_tip_rack_1
2025-10-27 16:58:57,390 - INFO - Pipetting from vial liquid_source_0, amount: 0.029 mL
2025-10-27 16:58:57,390 - DEBUG - Adjusting pump 0 speed to 35
2025-10-27 16:58:57,390 - DEBUG - Aspirating 0.029 mL then waiting 12.393135940656066 s
2025-10-27 16:58:57,390 - DEBUG - Aspirating 0.070 mL then waiting 0 s
2025-10-27 16:58:57,390 - INFO - Pipetting into vial measurement_vial_0, amount: 0.029 mL
2025-10-27 16:58:57,390 - DEBUG - Adjusting pump 0 speed to 25
2025-10-27 16:58:57,390 - DEBUG - Dispensing 0.099 mL then waiting 19.006759207695723 s
2025-10-27 16:58:57,390 - DEBUG - Blowing out 0.018 mL
2025-10-27 16:58:57,390 - DEBUG - Adjusting pump 0 speed to 5
2025-10-27 16:58:57,396 - INFO - Removing pipet
2025-10-27 16:58:57,604 - DEBUG - Selected small_tip for volume 0.029 mL
2025-10-27 16:58:57,604 - INFO - Getting small_tip (pipet number 19) from rack: small_tip_rack_1
2025-10-27 16:58:57,604 - INFO - Pipetting from vial liquid_source_0, amount: 0.029 mL
2025-10-27 16:58:57,604 - DEBUG - Adjusting pump 0 speed to 35
2025-10-27 16:58:57,604 - DEBUG - Aspirating 0.029 mL then waiting 12.393135940656066 s
2025-10-27 16:58:57,604 - DEBUG - Aspirating 0.070 mL then waiting 0 s
2025-10-27 16:58:57,604 - INFO - Pipetting into vial measurement_vial_0, amount: 0.029 mL
2025-10-27 16:58:57,604 - DEBUG - Adjusting pump 0 speed to 25
2025-10-27 16:58:57,604 - DEBUG - Dispensing 0.099 mL then waiting 19.006759207695723 s
2025-10-27 16:58:57,604 - DEBUG - Blowing out 0.018 mL
2025-10-27 16:58:57,604 - DEBUG - Adjusting pump 0 speed to 5
2025-10-27 16:58:57,611 - INFO - Removing pipet
2025-10-27 16:58:57,824 - DEBUG - Selected small_tip for volume 0.029 mL
2025-10-27 16:58:57,825 - INFO - Getting small_tip (pipet number 20) from rack: small_tip_rack_1
2025-10-27 16:58:57,826 - INFO - Pipetting from vial liquid_source_0, amount: 0.029 mL
2025-10-27 16:58:57,827 - DEBUG - Adjusting pump 0 speed to 35
2025-10-27 16:58:57,827 - DEBUG - Aspirating 0.029 mL then waiting 12.393135940656066 s
2025-10-27 16:58:57,828 - DEBUG - Aspirating 0.070 mL then waiting 0 s
2025-10-27 16:58:57,829 - INFO - Pipetting into vial measurement_vial_0, amount: 0.029 mL
2025-10-27 16:58:57,830 - DEBUG - Adjusting pump 0 speed to 25
2025-10-27 16:58:57,830 - DEBUG - Dispensing 0.099 mL then waiting 19.006759207695723 s
2025-10-27 16:58:57,830 - DEBUG - Blowing out 0.018 mL
2025-10-27 16:58:57,830 - DEBUG - Adjusting pump 0 speed to 5
2025-10-27 16:58:57,830 - INFO - Removing pipet
2025-10-27 16:58:58,038 - DEBUG - Selected small_tip for volume 0.029 mL
2025-10-27 16:58:58,038 - INFO - Getting small_tip (pipet number 21) from rack: small_tip_rack_1
2025-10-27 16:58:58,039 - INFO - Pipetting from vial liquid_source_0, amount: 0.029 mL
2025-10-27 16:58:58,039 - DEBUG - Adjusting pump 0 speed to 35
2025-10-27 16:58:58,039 - DEBUG - Aspirating 0.029 mL then waiting 12.393135940656066 s
2025-10-27 16:58:58,039 - DEBUG - Aspirating 0.070 mL then waiting 0 s
2025-10-27 16:58:58,039 - INFO - Pipetting into vial measurement_vial_0, amount: 0.029 mL
2025-10-27 16:58:58,039 - DEBUG - Adjusting pump 0 speed to 25
2025-10-27 16:58:58,044 - DEBUG - Dispensing 0.099 mL then waiting 19.006759207695723 s
2025-10-27 16:58:58,044 - DEBUG - Blowing out 0.018 mL
2025-10-27 16:58:58,044 - DEBUG - Adjusting pump 0 speed to 5
2025-10-27 16:58:58,044 - INFO - Removing pipet
2025-10-27 16:58:58,252 - DEBUG - Selected small_tip for volume 0.014 mL
2025-10-27 16:58:58,252 - INFO - Getting small_tip (pipet number 22) from rack: small_tip_rack_1
2025-10-27 16:58:58,252 - INFO - Pipetting from vial liquid_source_0, amount: 0.014 mL
2025-10-27 16:58:58,252 - DEBUG - Adjusting pump 0 speed to 35
2025-10-27 16:58:58,252 - DEBUG - Aspirating 0.014 mL then waiting 12.393135940656066 s
2025-10-27 16:58:58,252 - DEBUG - Aspirating 0.070 mL then waiting 0 s
2025-10-27 16:58:58,252 - INFO - Pipetting into vial measurement_vial_0, amount: 0.014 mL
2025-10-27 16:58:58,260 - DEBUG - Adjusting pump 0 speed to 25
2025-10-27 16:58:58,261 - DEBUG - Dispensing 0.084 mL then waiting 19.006759207695723 s
2025-10-27 16:58:58,261 - DEBUG - Blowing out 0.018 mL
2025-10-27 16:58:58,261 - DEBUG - Adjusting pump 0 speed to 5
2025-10-27 16:58:58,261 - INFO - Removing pipet
2025-10-27 16:58:58,474 - DEBUG - Selected small_tip for volume 0.014 mL
2025-10-27 16:58:58,474 - INFO - Getting small_tip (pipet number 23) from rack: small_tip_rack_1
2025-10-27 16:58:58,474 - INFO - Pipetting from vial liquid_source_0, amount: 0.014 mL
2025-10-27 16:58:58,477 - DEBUG - Adjusting pump 0 speed to 35
2025-10-27 16:58:58,477 - DEBUG - Aspirating 0.014 mL then waiting 12.393135940656066 s
2025-10-27 16:58:58,477 - DEBUG - Aspirating 0.070 mL then waiting 0 s
2025-10-27 16:58:58,478 - INFO - Pipetting into vial measurement_vial_0, amount: 0.014 mL
2025-10-27 16:58:58,481 - DEBUG - Adjusting pump 0 speed to 25
2025-10-27 16:58:58,482 - DEBUG - Dispensing 0.084 mL then waiting 19.006759207695723 s
2025-10-27 16:58:58,482 - DEBUG - Blowing out 0.018 mL
2025-10-27 16:58:58,482 - DEBUG - Adjusting pump 0 speed to 5
2025-10-27 16:58:58,483 - INFO - Removing pipet
2025-10-27 16:58:58,687 - DEBUG - Selected small_tip for volume 0.014 mL
2025-10-27 16:58:58,687 - INFO - Getting small_tip (pipet number 24) from rack: small_tip_rack_1
2025-10-27 16:58:58,690 - INFO - Pipetting from vial liquid_source_0, amount: 0.014 mL
2025-10-27 16:58:58,691 - DEBUG - Adjusting pump 0 speed to 35
2025-10-27 16:58:58,691 - DEBUG - Aspirating 0.014 mL then waiting 12.393135940656066 s
2025-10-27 16:58:58,691 - DEBUG - Aspirating 0.070 mL then waiting 0 s
2025-10-27 16:58:58,691 - INFO - Pipetting into vial measurement_vial_0, amount: 0.014 mL
2025-10-27 16:58:58,694 - DEBUG - Adjusting pump 0 speed to 25
2025-10-27 16:58:58,694 - DEBUG - Dispensing 0.084 mL then waiting 19.006759207695723 s
2025-10-27 16:58:58,694 - DEBUG - Blowing out 0.018 mL
2025-10-27 16:58:58,694 - DEBUG - Adjusting pump 0 speed to 5
2025-10-27 16:58:58,694 - INFO - Removing pipet
2025-10-27 16:58:58,905 - DEBUG - Selected small_tip for volume 0.014 mL
2025-10-27 16:58:58,905 - INFO - Getting small_tip (pipet number 25) from rack: small_tip_rack_1
2025-10-27 16:58:58,905 - INFO - Pipetting from vial liquid_source_0, amount: 0.014 mL
2025-10-27 16:58:58,905 - DEBUG - Adjusting pump 0 speed to 35
2025-10-27 16:58:58,905 - DEBUG - Aspirating 0.014 mL then waiting 12.393135940656066 s
2025-10-27 16:58:58,905 - DEBUG - Aspirating 0.070 mL then waiting 0 s
2025-10-27 16:58:58,905 - INFO - Pipetting into vial measurement_vial_0, amount: 0.014 mL
2025-10-27 16:58:58,905 - DEBUG - Adjusting pump 0 speed to 25
2025-10-27 16:58:58,905 - DEBUG - Dispensing 0.084 mL then waiting 19.006759207695723 s
2025-10-27 16:58:58,905 - DEBUG - Blowing out 0.018 mL
2025-10-27 16:58:58,905 - DEBUG - Adjusting pump 0 speed to 5
2025-10-27 16:58:58,905 - INFO - Removing pipet
