2026-02-03 13:15:45,515 - INFO - Initializing North Robot...
2026-02-03 13:15:45,516 - DEBUG - Loading robot configuration files...
2026-02-03 13:15:45,524 - DEBUG - Loaded vial positions configuration from robot_state/vial_positions.yaml
2026-02-03 13:15:45,526 - DEBUG - Loaded pipet tips configuration from robot_state/pipet_tips.yaml
2026-02-03 13:15:45,530 - DEBUG - Loaded pipet racks configuration from robot_state/pipet_racks.yaml
2026-02-03 13:15:45,530 - DEBUG - Loaded pump configuration from robot_state/syringe_pumps.yaml
2026-02-03 13:15:45,530 - DEBUG - Loaded robot hardware configuration from robot_state/robot_hardware.yaml
2026-02-03 13:15:45,530 - DEBUG - Loaded wellplate properties configuration from robot_state/wellplates.yaml
2026-02-03 13:15:45,530 - DEBUG - Loading robot state files...
2026-02-03 13:15:45,542 - DEBUG - Loaded vial data from ../utoronto_demo/status/sample_input_vials.csv
2026-02-03 13:15:45,552 - DEBUG - Loaded robot status from robot_state/robot_status.yaml
2026-02-03 13:15:45,552 - DEBUG - Loaded wellplate positions from robot_state/wellplates.yaml
2026-02-03 13:15:45,552 - DEBUG - Robot status loaded successfully
2026-02-03 13:15:45,552 - INFO - Physical initialization of North Robot...
2026-02-03 13:15:49,076 - DEBUG - Loading pumps from YAML configuration...
2026-02-03 13:15:49,176 - DEBUG - Loaded pump 0: volume=1.0mL, speed=11, liquid=None
2026-02-03 13:15:49,277 - DEBUG - Loaded pump 1: volume=2.5mL, speed=15, liquid=water
2026-02-03 13:15:49,277 - INFO - Robot reports having a vial index for liquid but only 0.000 mL volume - skipping dispense
2026-02-03 13:15:49,277 - WARNING - The robot reports having a tip, removing the tip
2026-02-03 13:15:49,277 - INFO - Removing pipet
2026-02-03 13:15:51,631 - INFO - Moving robot to home position
2026-02-03 13:15:53,474 - DEBUG - Initializing centrifuge controller...
2026-02-03 13:15:53,474 - INFO - Initializing North Track...
2026-02-03 13:15:53,474 - DEBUG - Loading track status from file: robot_state/track_status.yaml
2026-02-03 13:15:53,474 - DEBUG - Getting track status from file: robot_state/track_status.yaml
2026-02-03 13:15:53,474 - DEBUG - Loaded track status from robot_state/track_status.yaml
2026-02-03 13:15:53,474 - DEBUG - Loading track positions from: robot_state/track_positions.yaml
2026-02-03 13:15:53,474 - DEBUG - Loaded track positions configuration from robot_state/track_positions.yaml
2026-02-03 13:15:53,474 - DEBUG - Loading robot hardware configuration from: robot_state/robot_hardware.yaml
2026-02-03 13:15:53,474 - DEBUG - Loaded robot hardware configuration from robot_state/robot_hardware.yaml
2026-02-03 13:15:53,474 - DEBUG - Loaded wellplate properties configuration from robot_state/wellplates.yaml
2026-02-03 13:15:53,562 - DEBUG - Moving North Track to home position
2026-02-03 13:15:53,564 - INFO - Moving vial target_vial to clamp: 0
2026-02-03 13:15:53,564 - DEBUG - Grabbing vial 2 with index 2
2026-02-03 13:15:56,142 - DEBUG - Dropping off vial 2 at location clamp with index 0
