2026-05-25 15:40:33,503 - DEBUG - No workflow config provided - using default initialization
2026-05-25 15:40:33,504 - INFO - Launching status review GUI...
2026-05-25 15:40:33,815 - INFO - Detected workflow name: batch_calibration_automation
2026-05-25 15:40:34,227 - INFO - Config editor loaded for workflow: batch_calibration_automation
2026-05-25 15:40:38,219 - INFO - User selected: Run Workflow
2026-05-25 15:40:38,227 - INFO - Status review completed - proceeding with hardware initialization
2026-05-25 15:40:38,914 - INFO - Initializing North Robot...
2026-05-25 15:40:38,914 - DEBUG - Loading robot configuration files...
2026-05-25 15:40:38,931 - DEBUG - Loaded vial positions configuration from robot_state/vial_positions.yaml
2026-05-25 15:40:38,933 - DEBUG - Loaded pipet tips configuration from robot_state/pipet_tips.yaml
2026-05-25 15:40:38,938 - DEBUG - Loaded pipet racks configuration from robot_state/pipet_racks.yaml
2026-05-25 15:40:38,941 - DEBUG - Loaded pump configuration from robot_state/syringe_pumps.yaml
2026-05-25 15:40:38,944 - DEBUG - Loaded robot hardware configuration from robot_state/robot_hardware.yaml
2026-05-25 15:40:38,948 - DEBUG - Loaded wellplate properties configuration from robot_state/wellplates.yaml
2026-05-25 15:40:38,948 - DEBUG - Loading robot state files...
2026-05-25 15:40:38,965 - DEBUG - Loaded vial data from status/calibration_vials_short.csv
2026-05-25 15:40:38,967 - DEBUG - Loaded robot status from robot_state/robot_status.yaml
2026-05-25 15:40:38,971 - DEBUG - Loaded wellplate positions from robot_state/wellplates.yaml
2026-05-25 15:40:38,971 - DEBUG - Robot status loaded successfully
2026-05-25 15:40:38,971 - INFO - Physical initialization of North Robot...
2026-05-25 15:40:42,448 - DEBUG - Loading pumps from YAML configuration...
2026-05-25 15:40:42,551 - DEBUG - Loaded pump 0: volume=1.0mL, speed=11, liquid=None
2026-05-25 15:40:42,662 - DEBUG - Loaded pump 1: volume=2.5mL, speed=15, liquid=water
2026-05-25 15:40:42,662 - INFO - Moving robot to home position
2026-05-25 15:40:44,520 - DEBUG - Initializing centrifuge controller...
2026-05-25 15:40:44,520 - INFO - Initializing North Track...
2026-05-25 15:40:44,521 - DEBUG - Loading track status from file: robot_state/track_status.yaml
2026-05-25 15:40:44,521 - DEBUG - Getting track status from file: robot_state/track_status.yaml
2026-05-25 15:40:44,522 - DEBUG - Loaded track status from robot_state/track_status.yaml
2026-05-25 15:40:44,522 - DEBUG - Loading track positions from: robot_state/track_positions.yaml
2026-05-25 15:40:44,530 - DEBUG - Loaded track positions configuration from robot_state/track_positions.yaml
2026-05-25 15:40:44,530 - DEBUG - Loading robot hardware configuration from: robot_state/robot_hardware.yaml
2026-05-25 15:40:44,533 - DEBUG - Loaded robot hardware configuration from robot_state/robot_hardware.yaml
2026-05-25 15:40:44,536 - DEBUG - Loaded wellplate properties configuration from robot_state/wellplates.yaml
2026-05-25 15:40:44,608 - DEBUG - Moving North Track to home position
2026-05-25 15:40:44,608 - DEBUG - Detected origin position (0,0) - setting location to 'origin'
2026-05-25 15:40:44,610 - DEBUG - Updated gripper location to: origin at position {'x': 0, 'z': 0}
2026-05-25 15:56:35,894 - INFO - Moving robot to home position
