2025-09-23 13:03:22,782 - INFO - Initializing North Robot...
2025-09-23 13:03:22,782 - DEBUG - Loading robot configuration files...
2025-09-23 13:03:22,798 - DEBUG - Loaded vial positions configuration from ../utoronto_demo/robot_state/vial_positions.yaml
2025-09-23 13:03:22,805 - DEBUG - Loaded pipet tips configuration from ../utoronto_demo/robot_state/pipet_tips.yaml
2025-09-23 13:03:22,805 - DEBUG - Loaded pipet racks configuration from ../utoronto_demo/robot_state/pipet_racks.yaml
2025-09-23 13:03:22,805 - DEBUG - Loaded pump configuration from ../utoronto_demo/robot_state/syringe_pumps.yaml
2025-09-23 13:03:22,815 - DEBUG - Loaded robot hardware configuration from ../utoronto_demo/robot_state/robot_hardware.yaml
2025-09-23 13:03:22,821 - DEBUG - Loaded wellplate properties configuration from ../utoronto_demo/robot_state/wellplates.yaml
2025-09-23 13:03:22,821 - DEBUG - Loading robot state files...
2025-09-23 13:03:22,822 - DEBUG - Loaded vial data from ../utoronto_demo/status/sample_capped_vials.csv
2025-09-23 13:03:22,822 - DEBUG - Loaded robot status from ../utoronto_demo/robot_state/robot_status.yaml
2025-09-23 13:03:22,832 - DEBUG - Loaded wellplate positions from ../utoronto_demo/robot_state/wellplates.yaml
2025-09-23 13:03:22,832 - DEBUG - Loading pumps from YAML configuration...
2025-09-23 13:03:22,833 - DEBUG - Loaded pump 0: volume=1.0mL, speed=11, liquid=None
2025-09-23 13:03:22,833 - DEBUG - Loaded pump 1: volume=2.5mL, speed=15, liquid=water
2025-09-23 13:03:22,833 - DEBUG - Physical initialization of North Robot...
2025-09-23 13:03:22,835 - INFO - Moving robot to home position
2025-09-23 13:03:22,835 - INFO - Initializing North Track...
2025-09-23 13:03:22,835 - DEBUG - Loading track status from file: ../utoronto_demo/robot_state/track_status.yaml
2025-09-23 13:03:22,835 - DEBUG - Getting track status from file: ../utoronto_demo/robot_state/track_status.yaml
2025-09-23 13:03:22,835 - DEBUG - Loaded track status from ../utoronto_demo/robot_state/track_status.yaml
2025-09-23 13:03:22,835 - DEBUG - Loading track positions from: ../utoronto_demo/robot_state/track_positions.yaml
2025-09-23 13:03:22,835 - DEBUG - Loaded track positions configuration from ../utoronto_demo/robot_state/track_positions.yaml
2025-09-23 13:03:22,835 - DEBUG - Loading robot hardware configuration from: ../utoronto_demo/robot_state/robot_hardware.yaml
2025-09-23 13:03:22,850 - DEBUG - Loaded robot hardware configuration from ../utoronto_demo/robot_state/robot_hardware.yaml
2025-09-23 13:03:22,853 - DEBUG - Loaded wellplate properties configuration from ../utoronto_demo/robot_state/wellplates.yaml
2025-09-23 13:03:22,854 - INFO -    vial_index vial_name       location  location_index  vial_volume  capped cap_type vial_type  home_location  home_location_index
0           0  Sample_A  main_8mL_rack               0          5.2    True   closed      8_mL  main_8mL_rack                    0
1           1  Sample_B  main_8mL_rack               1          2.5   False   closed      8_mL  main_8mL_rack                    1
2025-09-23 13:03:22,867 - INFO - Visualizing vial racks...
2025-09-23 13:03:23,033 - DEBUG - Visualizing rack: Main Rack with filter: main_8mL_rack
2025-09-23 13:03:23,126 - DEBUG - Visualizing rack: Second Rack with filter: large_vial_rack
2025-09-23 13:03:24,223 - INFO - Dispensing 1.100 mL from Sample_A to Sample_B
2025-09-23 13:03:24,235 - INFO - Volume too high for single transfer, splitting into 2 transfers of 0.55 mL each
2025-09-23 13:03:24,241 - DEBUG - Vial move required for pipetting
2025-09-23 13:03:24,243 - INFO - Moving vial 0 to safe pipetting location
2025-09-23 13:03:24,245 - INFO - Moving vial Sample_A to clamp: 0
2025-09-23 13:03:24,245 - DEBUG - Grabbing vial 0 with index 0
2025-09-23 13:03:24,251 - DEBUG - Dropping off vial 0 at location clamp with index 0
2025-09-23 13:03:24,251 - DEBUG - Removing cap from clamped vial
2025-09-23 13:03:24,251 - DEBUG - Selected large_tip for volume 0.550 mL
2025-09-23 13:03:24,251 - INFO - Getting large_tip (pipet number 3) from rack: large_tip_rack_1
2025-09-23 13:03:24,258 - INFO - Pipetting from vial Sample_A, amount: 0.55 mL
2025-09-23 13:03:24,262 - DEBUG - Adjusting pump 0 speed to 11
2025-09-23 13:03:24,262 - DEBUG - Aspirating 0.550 mL then waiting 1.0 s
2025-09-23 13:03:24,264 - INFO - Pipetting into vial Sample_B, amount: 0.55 mL
2025-09-23 13:03:24,264 - DEBUG - Adjusting pump 0 speed to 11
2025-09-23 13:03:24,266 - DEBUG - Dispensing 0.550 mL then waiting 0.0 s
2025-09-23 13:03:24,267 - DEBUG - Selected large_tip for volume 0.550 mL
2025-09-23 13:03:24,267 - INFO - Pipetting from vial Sample_A, amount: 0.55 mL
2025-09-23 13:03:24,270 - DEBUG - Adjusting pump 0 speed to 11
2025-09-23 13:03:24,270 - DEBUG - Aspirating 0.550 mL then waiting 1.0 s
2025-09-23 13:03:24,272 - INFO - Pipetting into vial Sample_B, amount: 0.55 mL
2025-09-23 13:03:24,272 - DEBUG - Adjusting pump 0 speed to 11
2025-09-23 13:03:24,274 - DEBUG - Dispensing 0.550 mL then waiting 0.0 s
2025-09-23 13:03:24,274 - INFO - Removing pipet
2025-09-23 13:03:24,274 - DEBUG - Recapping clamped vial
2025-09-23 13:03:24,278 - INFO - Returning vial Sample_A to home location
2025-09-23 13:03:24,280 - INFO - Moving vial Sample_A to main_8mL_rack: 0
2025-09-23 13:03:24,280 - DEBUG - Grabbing vial 0 with index 0
2025-09-23 13:03:24,282 - DEBUG - Dropping off vial 0 at location main_8mL_rack with index 0
2025-09-23 13:03:24,283 - INFO - Moving robot to home position
