2025-10-17 16:48:36,963 - INFO - Initializing North Robot...
2025-10-17 16:48:36,963 - DEBUG - Loading robot configuration files...
2025-10-17 16:48:36,972 - DEBUG - Loaded vial positions configuration from robot_state/vial_positions.yaml
2025-10-17 16:48:36,973 - DEBUG - Loaded pipet tips configuration from robot_state/pipet_tips.yaml
2025-10-17 16:48:36,977 - DEBUG - Loaded pipet racks configuration from robot_state/pipet_racks.yaml
2025-10-17 16:48:36,979 - DEBUG - Loaded pump configuration from robot_state/syringe_pumps.yaml
2025-10-17 16:48:36,982 - DEBUG - Loaded robot hardware configuration from robot_state/robot_hardware.yaml
2025-10-17 16:48:36,985 - DEBUG - Loaded wellplate properties configuration from robot_state/wellplates.yaml
2025-10-17 16:48:36,985 - DEBUG - Loading robot state files...
2025-10-17 16:48:36,990 - DEBUG - Loaded vial data from status/calibration_vials_short.csv
2025-10-17 16:48:36,992 - DEBUG - Loaded robot status from robot_state/robot_status.yaml
2025-10-17 16:48:36,996 - DEBUG - Loaded wellplate positions from robot_state/wellplates.yaml
2025-10-17 16:48:36,996 - DEBUG - Robot status loaded successfully
2025-10-17 16:48:36,996 - DEBUG - Loading pumps from YAML configuration...
2025-10-17 16:48:36,998 - DEBUG - Loaded pump 0: volume=1.0mL, speed=11, liquid=None
2025-10-17 16:48:36,998 - DEBUG - Loaded pump 1: volume=2.5mL, speed=15, liquid=water
2025-10-17 16:48:36,998 - DEBUG - Physical initialization of North Robot...
2025-10-17 16:48:36,999 - INFO - Moving robot to home position
2025-10-17 16:48:37,000 - INFO - Initializing North Track...
2025-10-17 16:48:37,000 - DEBUG - Loading track status from file: robot_state/track_status.yaml
2025-10-17 16:48:37,000 - DEBUG - Getting track status from file: robot_state/track_status.yaml
2025-10-17 16:48:37,002 - DEBUG - Loaded track status from robot_state/track_status.yaml
2025-10-17 16:48:37,002 - DEBUG - Loading track positions from: robot_state/track_positions.yaml
2025-10-17 16:48:37,009 - DEBUG - Loaded track positions configuration from robot_state/track_positions.yaml
2025-10-17 16:48:37,009 - DEBUG - Loading robot hardware configuration from: robot_state/robot_hardware.yaml
2025-10-17 16:48:37,012 - DEBUG - Loaded robot hardware configuration from robot_state/robot_hardware.yaml
2025-10-17 16:48:37,015 - DEBUG - Loaded wellplate properties configuration from robot_state/wellplates.yaml
2025-10-17 16:48:37,015 - DEBUG - Moving North Track to home position
2025-10-17 16:48:37,017 - INFO -     vial_index           vial_name         location  location_index  vial_volume  capped cap_type vial_type    home_location  home_location_index
0            0  measurement_vial_0    main_8mL_rack               0     7.047348    True     open      8_mL    main_8mL_rack                    0
1            1  measurement_vial_1    main_8mL_rack               1     7.120276    True     open      8_mL    main_8mL_rack                    1
2            2  measurement_vial_2    main_8mL_rack               2     7.074795    True     open      8_mL    main_8mL_rack                    2
3            3  measurement_vial_3    main_8mL_rack               3     7.109268    True     open      8_mL    main_8mL_rack                    3
4            4  measurement_vial_4    main_8mL_rack               4     7.111734    True     open      8_mL    main_8mL_rack                    4
5            5  measurement_vial_5    main_8mL_rack               5     7.079070    True     open      8_mL    main_8mL_rack                    5
6            6  measurement_vial_6    main_8mL_rack               6     4.043972    True     open      8_mL    main_8mL_rack                    6
7            7  measurement_vial_7    main_8mL_rack               7     0.000000    True     open      8_mL    main_8mL_rack                    7
8            8  measurement_vial_8    main_8mL_rack               8     0.000000    True     open      8_mL    main_8mL_rack                    8
9            9  measurement_vial_9    main_8mL_rack               9     0.000000    True     open      8_mL    main_8mL_rack                    9
10          10       liquid_source   50mL_vial_rack               0     3.413538    True     open     50_mL   50mL_vial_rack                    0
11          11     liquid_source_2  large_vial_rack               2    20.000000    True     open     20_mL  large_vial_rack                    2
2025-10-17 16:48:37,038 - INFO - Visualizing vial racks...
2025-10-17 16:48:37,200 - DEBUG - Visualizing rack: Main Rack with filter: main_8mL_rack
2025-10-17 16:48:37,317 - DEBUG - Visualizing rack: Second Rack with filter: large_vial_rack
2025-10-17 16:48:40,596 - INFO - Moving vial measurement_vial_0 to clamp: 0
2025-10-17 16:48:40,596 - DEBUG - Grabbing vial 0 with index 0
2025-10-17 16:48:40,601 - DEBUG - Dropping off vial 0 at location clamp with index 0
2025-10-17 16:48:40,601 - DEBUG - Selected small_tip for volume 0.050 mL
2025-10-17 16:48:40,726 - INFO - Removing pipet
2025-10-17 16:48:40,731 - INFO - Returning vial measurement_vial_0 to home location: main_8mL_rack index 0
2025-10-17 16:48:40,732 - INFO - Moving vial measurement_vial_0 to main_8mL_rack: 0
2025-10-17 16:48:40,732 - DEBUG - Grabbing vial 0 with index 0
2025-10-17 16:48:40,734 - DEBUG - Dropping off vial 0 at location main_8mL_rack with index 0
2025-10-17 16:48:40,735 - INFO - [info] Switching to new measurement vial: measurement_vial_1
2025-10-17 16:48:40,736 - INFO - Moving vial measurement_vial_1 to clamp: 0
2025-10-17 16:48:40,736 - DEBUG - Grabbing vial 1 with index 1
2025-10-17 16:48:40,737 - DEBUG - Dropping off vial 1 at location clamp with index 0
2025-10-17 16:48:40,945 - INFO - Removing pipet
2025-10-17 16:48:40,952 - INFO - Returning vial measurement_vial_1 to home location: main_8mL_rack index 1
2025-10-17 16:48:40,954 - INFO - Moving vial measurement_vial_1 to main_8mL_rack: 1
2025-10-17 16:48:40,954 - DEBUG - Grabbing vial 1 with index 1
2025-10-17 16:48:40,955 - DEBUG - Dropping off vial 1 at location main_8mL_rack with index 1
2025-10-17 16:48:40,956 - INFO - [info] Switching to new measurement vial: measurement_vial_2
2025-10-17 16:48:40,957 - INFO - Moving vial measurement_vial_2 to clamp: 0
2025-10-17 16:48:40,957 - DEBUG - Grabbing vial 2 with index 2
2025-10-17 16:48:40,958 - DEBUG - Dropping off vial 2 at location clamp with index 0
2025-10-17 16:48:41,164 - INFO - Removing pipet
2025-10-17 16:48:41,171 - INFO - Returning vial measurement_vial_2 to home location: main_8mL_rack index 2
2025-10-17 16:48:41,172 - INFO - Moving vial measurement_vial_2 to main_8mL_rack: 2
2025-10-17 16:48:41,172 - DEBUG - Grabbing vial 2 with index 2
2025-10-17 16:48:41,173 - DEBUG - Dropping off vial 2 at location main_8mL_rack with index 2
2025-10-17 16:48:41,174 - INFO - [info] Switching to new measurement vial: measurement_vial_3
2025-10-17 16:48:41,176 - INFO - Moving vial measurement_vial_3 to clamp: 0
2025-10-17 16:48:41,176 - DEBUG - Grabbing vial 3 with index 3
2025-10-17 16:48:41,178 - DEBUG - Dropping off vial 3 at location clamp with index 0
2025-10-17 16:48:41,390 - INFO - Removing pipet
2025-10-17 16:48:41,401 - INFO - Returning vial measurement_vial_3 to home location: main_8mL_rack index 3
2025-10-17 16:48:41,402 - INFO - Moving vial measurement_vial_3 to main_8mL_rack: 3
2025-10-17 16:48:41,402 - DEBUG - Grabbing vial 3 with index 3
2025-10-17 16:48:41,403 - DEBUG - Dropping off vial 3 at location main_8mL_rack with index 3
2025-10-17 16:48:41,403 - INFO - [info] Switching to new measurement vial: measurement_vial_4
2025-10-17 16:48:41,404 - INFO - Moving vial measurement_vial_4 to clamp: 0
2025-10-17 16:48:41,404 - DEBUG - Grabbing vial 4 with index 4
2025-10-17 16:48:41,406 - DEBUG - Dropping off vial 4 at location clamp with index 0
2025-10-17 16:48:41,626 - INFO - Removing pipet
2025-10-17 16:48:41,627 - INFO - Returning vial measurement_vial_4 to home location: main_8mL_rack index 4
2025-10-17 16:48:41,628 - INFO - Moving vial measurement_vial_4 to main_8mL_rack: 4
2025-10-17 16:48:41,629 - DEBUG - Grabbing vial 4 with index 4
2025-10-17 16:48:41,630 - DEBUG - Dropping off vial 4 at location main_8mL_rack with index 4
2025-10-17 16:48:41,630 - INFO - [info] Switching to new measurement vial: measurement_vial_5
2025-10-17 16:48:41,632 - INFO - Moving vial measurement_vial_5 to clamp: 0
2025-10-17 16:48:41,632 - DEBUG - Grabbing vial 5 with index 5
2025-10-17 16:48:41,634 - DEBUG - Dropping off vial 5 at location clamp with index 0
2025-10-17 16:48:41,857 - INFO - Removing pipet
2025-10-17 16:48:41,863 - INFO - Returning vial measurement_vial_5 to home location: main_8mL_rack index 5
2025-10-17 16:48:41,866 - INFO - Moving vial measurement_vial_5 to main_8mL_rack: 5
2025-10-17 16:48:41,867 - DEBUG - Grabbing vial 5 with index 5
2025-10-17 16:48:41,870 - DEBUG - Dropping off vial 5 at location main_8mL_rack with index 5
2025-10-17 16:48:41,872 - INFO - [info] Switching to new measurement vial: measurement_vial_6
2025-10-17 16:48:41,874 - INFO - Moving vial measurement_vial_6 to clamp: 0
2025-10-17 16:48:41,874 - DEBUG - Grabbing vial 6 with index 6
2025-10-17 16:48:41,878 - DEBUG - Dropping off vial 6 at location clamp with index 0
2025-10-17 16:49:05,335 - DEBUG - Selected small_tip for volume 0.025 mL
2025-10-17 16:49:05,392 - DEBUG - Selected small_tip for volume 0.010 mL
2025-10-17 16:49:05,442 - INFO - Removing pipet
2025-10-17 16:49:05,444 - INFO - Returning vial measurement_vial_6 to home location: main_8mL_rack index 6
2025-10-17 16:49:05,444 - INFO - Moving vial measurement_vial_6 to main_8mL_rack: 6
2025-10-17 16:49:05,446 - DEBUG - Grabbing vial 6 with index 6
2025-10-17 16:49:05,446 - DEBUG - Dropping off vial 6 at location main_8mL_rack with index 6
2025-10-17 16:49:05,446 - INFO - Moving robot to home position
