2026-04-06 16:21:12,605 - DEBUG - No workflow config provided - using default initialization
2026-04-06 16:21:12,606 - INFO - Launching status review GUI...
2026-04-06 16:21:12,790 - INFO - Detected workflow name: test_dispense
2026-04-06 16:21:13,133 - INFO - Config editor loaded for workflow: test_dispense
2026-04-06 16:21:21,789 - INFO - User selected: Run Workflow
2026-04-06 16:21:21,789 - INFO - Status review completed - proceeding with hardware initialization
2026-04-06 16:21:22,372 - INFO - Initializing North Robot...
2026-04-06 16:21:22,372 - DEBUG - Loading robot configuration files...
2026-04-06 16:21:22,394 - DEBUG - Loaded vial positions configuration from robot_state/vial_positions.yaml
2026-04-06 16:21:22,394 - DEBUG - Loaded pipet tips configuration from robot_state/pipet_tips.yaml
2026-04-06 16:21:22,394 - DEBUG - Loaded pipet racks configuration from robot_state/pipet_racks.yaml
2026-04-06 16:21:22,407 - DEBUG - Loaded pump configuration from robot_state/syringe_pumps.yaml
2026-04-06 16:21:22,407 - DEBUG - Loaded robot hardware configuration from robot_state/robot_hardware.yaml
2026-04-06 16:21:22,407 - DEBUG - Loaded wellplate properties configuration from robot_state/wellplates.yaml
2026-04-06 16:21:22,407 - DEBUG - Loading robot state files...
2026-04-06 16:21:22,428 - DEBUG - Loaded vial data from ../utoronto_demo/status/color_mixing_vials.csv
2026-04-06 16:21:22,428 - DEBUG - Loaded robot status from robot_state/robot_status.yaml
2026-04-06 16:21:22,428 - DEBUG - Loaded wellplate positions from robot_state/wellplates.yaml
2026-04-06 16:21:22,428 - DEBUG - Robot status loaded successfully
2026-04-06 16:21:22,428 - INFO - Physical initialization of North Robot...
2026-04-06 16:21:25,908 - DEBUG - Loading pumps from YAML configuration...
2026-04-06 16:21:26,004 - DEBUG - Loaded pump 0: volume=1.0mL, speed=11, liquid=None
2026-04-06 16:21:26,107 - DEBUG - Loaded pump 1: volume=2.5mL, speed=15, liquid=water
2026-04-06 16:21:26,107 - INFO - Moving robot to home position
2026-04-06 16:21:27,960 - DEBUG - Initializing centrifuge controller...
2026-04-06 16:21:27,960 - INFO - Initializing North Track...
2026-04-06 16:21:27,960 - DEBUG - Loading track status from file: robot_state/track_status.yaml
2026-04-06 16:21:27,960 - DEBUG - Getting track status from file: robot_state/track_status.yaml
2026-04-06 16:21:27,960 - DEBUG - Loaded track status from robot_state/track_status.yaml
2026-04-06 16:21:27,960 - DEBUG - Loading track positions from: robot_state/track_positions.yaml
2026-04-06 16:21:27,960 - DEBUG - Loaded track positions configuration from robot_state/track_positions.yaml
2026-04-06 16:21:27,960 - DEBUG - Loading robot hardware configuration from: robot_state/robot_hardware.yaml
2026-04-06 16:21:27,960 - DEBUG - Loaded robot hardware configuration from robot_state/robot_hardware.yaml
2026-04-06 16:21:27,977 - DEBUG - Loaded wellplate properties configuration from robot_state/wellplates.yaml
2026-04-06 16:21:28,042 - DEBUG - Moving North Track to home position
2026-04-06 16:21:28,042 - DEBUG - Detected origin position (0,0) - setting location to 'origin'
2026-04-06 16:21:28,042 - DEBUG - Updated gripper location to: origin at position {'x': 0, 'z': 0}
2026-04-06 16:21:28,058 - DEBUG - Using calibrated aspirate_speed=15 for water at 0.050mL
2026-04-06 16:21:28,058 - DEBUG - Using calibrated dispense_speed=10 for water at 0.050mL
2026-04-06 16:21:28,058 - DEBUG - Using calibrated aspirate_wait_time=0.5 for water at 0.050mL
2026-04-06 16:21:28,058 - DEBUG - Using calibrated dispense_wait_time=1.5 for water at 0.050mL
2026-04-06 16:21:28,058 - DEBUG - Using calibrated retract_speed=5 for water at 0.050mL
2026-04-06 16:21:28,058 - DEBUG - Using calibrated blowout_vol=0.0 for water at 0.050mL
2026-04-06 16:21:28,058 - DEBUG - Using calibrated post_asp_air_vol=0.0 for water at 0.050mL
2026-04-06 16:21:28,058 - DEBUG - Using calibrated overaspirate_vol=0.002999259 for water at 0.050mL
2026-04-06 16:21:28,058 - DEBUG - Using calibrated pre_asp_air_vol=0.112 for water at 0.050mL
2026-04-06 16:21:28,058 - INFO - Dispensing 0.050 mL from yellow to blue
2026-04-06 16:21:28,058 - DEBUG - Using calibrated aspirate_speed=15 for water at 0.050mL
2026-04-06 16:21:28,058 - DEBUG - Using calibrated dispense_speed=10 for water at 0.050mL
2026-04-06 16:21:28,058 - DEBUG - Using calibrated aspirate_wait_time=0.5 for water at 0.050mL
2026-04-06 16:21:28,058 - DEBUG - Using calibrated dispense_wait_time=1.5 for water at 0.050mL
2026-04-06 16:21:28,058 - DEBUG - Using calibrated retract_speed=5 for water at 0.050mL
2026-04-06 16:21:28,058 - DEBUG - Using calibrated blowout_vol=0.0 for water at 0.050mL
2026-04-06 16:21:28,058 - DEBUG - Using calibrated post_asp_air_vol=0.0 for water at 0.050mL
2026-04-06 16:21:28,058 - DEBUG - Using calibrated overaspirate_vol=0.002999259 for water at 0.050mL
2026-04-06 16:21:28,058 - DEBUG - Using calibrated pre_asp_air_vol=0.112 for water at 0.050mL
2026-04-06 16:21:28,058 - DEBUG - Applied object param asp_disp_cycles=0
2026-04-06 16:21:28,058 - DEBUG - Applied object param aspirate_speed=15
2026-04-06 16:21:28,058 - DEBUG - Applied object param aspirate_wait_time=0.5
2026-04-06 16:21:28,058 - DEBUG - Applied object param blowout_vol=0.0
2026-04-06 16:21:28,058 - DEBUG - Applied object param dispense_speed=10
2026-04-06 16:21:28,058 - DEBUG - Applied object param dispense_wait_time=1.5
2026-04-06 16:21:28,058 - DEBUG - Applied object param overaspirate_vol=0.002999259
2026-04-06 16:21:28,058 - DEBUG - Applied object param post_asp_air_vol=0.0
2026-04-06 16:21:28,058 - DEBUG - Applied object param post_retract_wait_time=0.0
2026-04-06 16:21:28,058 - DEBUG - Applied object param pre_asp_air_vol=0.112
2026-04-06 16:21:28,058 - DEBUG - Applied object param retract_speed=5
2026-04-06 16:21:28,058 - DEBUG - Selected small_tip for volume 0.050 mL
2026-04-06 16:21:28,058 - INFO - Getting small_tip (pipet number 16) from rack: small_tip_rack_1
2026-04-06 16:21:32,325 - INFO - Pipetting from vial yellow, amount: 0.050 mL
2026-04-06 16:21:32,327 - INFO - Additional volume from calibration, amount: 0.003 mL
2026-04-06 16:21:32,327 - DEBUG - Adjusting pump 0 speed to 10
2026-04-06 16:21:35,715 - DEBUG - Aspirating 0.112 mL then waiting 0 s
2026-04-06 16:21:36,418 - DEBUG - Adjusting pump 0 speed to 15
2026-04-06 16:21:36,920 - DEBUG - Aspirating 0.053 mL then waiting 0.5 s
2026-04-06 16:21:39,393 - DEBUG - Using calibrated aspirate_speed=15 for water at 0.050mL
2026-04-06 16:21:39,393 - DEBUG - Using calibrated dispense_speed=10 for water at 0.050mL
2026-04-06 16:21:39,393 - DEBUG - Using calibrated aspirate_wait_time=0.5 for water at 0.050mL
2026-04-06 16:21:39,393 - DEBUG - Using calibrated dispense_wait_time=1.5 for water at 0.050mL
2026-04-06 16:21:39,393 - DEBUG - Using calibrated retract_speed=5 for water at 0.050mL
2026-04-06 16:21:39,393 - DEBUG - Using calibrated blowout_vol=0.0 for water at 0.050mL
2026-04-06 16:21:39,393 - DEBUG - Using calibrated post_asp_air_vol=0.0 for water at 0.050mL
2026-04-06 16:21:39,393 - DEBUG - Using calibrated overaspirate_vol=0.002999259 for water at 0.050mL
2026-04-06 16:21:39,393 - DEBUG - Using calibrated pre_asp_air_vol=0.112 for water at 0.050mL
2026-04-06 16:21:39,393 - DEBUG - Applied object param asp_disp_cycles=0
2026-04-06 16:21:39,393 - DEBUG - Applied object param aspirate_speed=15
2026-04-06 16:21:39,393 - DEBUG - Applied object param aspirate_wait_time=0.5
2026-04-06 16:21:39,393 - DEBUG - Applied object param blowout_vol=0.0
2026-04-06 16:21:39,393 - DEBUG - Applied object param dispense_speed=10
2026-04-06 16:21:39,393 - DEBUG - Applied object param dispense_wait_time=1.5
2026-04-06 16:21:39,393 - DEBUG - Applied object param overaspirate_vol=0.002999259
2026-04-06 16:21:39,393 - DEBUG - Applied object param post_asp_air_vol=0.0
2026-04-06 16:21:39,393 - DEBUG - Applied object param post_retract_wait_time=0.0
2026-04-06 16:21:39,393 - DEBUG - Applied object param pre_asp_air_vol=0.112
2026-04-06 16:21:39,393 - DEBUG - Applied object param retract_speed=5
2026-04-06 16:21:39,393 - INFO - Pipetting into vial blue, amount: 0.050 mL
2026-04-06 16:21:39,393 - DEBUG - Adjusting pump 0 speed to 10
2026-04-06 16:21:42,519 - DEBUG - Dispensing 0.165 mL then waiting 1.5 s
2026-04-06 16:21:44,793 - DEBUG - Using calibrated aspirate_speed=15 for water at 0.050mL
2026-04-06 16:21:44,793 - DEBUG - Using calibrated dispense_speed=10 for water at 0.050mL
2026-04-06 16:21:44,793 - DEBUG - Using calibrated aspirate_wait_time=0.5 for water at 0.050mL
2026-04-06 16:21:44,793 - DEBUG - Using calibrated dispense_wait_time=1.5 for water at 0.050mL
2026-04-06 16:21:44,793 - DEBUG - Using calibrated retract_speed=5 for water at 0.050mL
2026-04-06 16:21:44,793 - DEBUG - Using calibrated blowout_vol=0.0 for water at 0.050mL
2026-04-06 16:21:44,793 - DEBUG - Using calibrated post_asp_air_vol=0.0 for water at 0.050mL
2026-04-06 16:21:44,793 - DEBUG - Using calibrated overaspirate_vol=0.002999259 for water at 0.050mL
2026-04-06 16:21:44,793 - DEBUG - Using calibrated pre_asp_air_vol=0.112 for water at 0.050mL
2026-04-06 16:21:44,793 - INFO - Dispensing 0.050 mL from yellow to blue
2026-04-06 16:21:44,793 - DEBUG - Using calibrated aspirate_speed=15 for water at 0.050mL
2026-04-06 16:21:44,793 - DEBUG - Using calibrated dispense_speed=10 for water at 0.050mL
2026-04-06 16:21:44,793 - DEBUG - Using calibrated aspirate_wait_time=0.5 for water at 0.050mL
2026-04-06 16:21:44,793 - DEBUG - Using calibrated dispense_wait_time=1.5 for water at 0.050mL
2026-04-06 16:21:44,793 - DEBUG - Using calibrated retract_speed=5 for water at 0.050mL
2026-04-06 16:21:44,793 - DEBUG - Using calibrated blowout_vol=0.0 for water at 0.050mL
2026-04-06 16:21:44,793 - DEBUG - Using calibrated post_asp_air_vol=0.0 for water at 0.050mL
2026-04-06 16:21:44,793 - DEBUG - Using calibrated overaspirate_vol=0.002999259 for water at 0.050mL
2026-04-06 16:21:44,793 - DEBUG - Using calibrated pre_asp_air_vol=0.112 for water at 0.050mL
2026-04-06 16:21:44,793 - DEBUG - Applied object param asp_disp_cycles=0
2026-04-06 16:21:44,793 - DEBUG - Applied object param aspirate_speed=15
2026-04-06 16:21:44,793 - DEBUG - Applied object param aspirate_wait_time=0.5
2026-04-06 16:21:44,793 - DEBUG - Applied object param blowout_vol=0.0
2026-04-06 16:21:44,793 - DEBUG - Applied object param dispense_speed=10
2026-04-06 16:21:44,793 - DEBUG - Applied object param dispense_wait_time=1.5
2026-04-06 16:21:44,793 - DEBUG - Applied object param overaspirate_vol=0.002999259
2026-04-06 16:21:44,793 - DEBUG - Applied object param post_asp_air_vol=0.0
2026-04-06 16:21:44,793 - DEBUG - Applied object param post_retract_wait_time=0.0
2026-04-06 16:21:44,793 - DEBUG - Applied object param pre_asp_air_vol=0.112
2026-04-06 16:21:44,793 - DEBUG - Applied object param retract_speed=5
2026-04-06 16:21:44,793 - DEBUG - Selected small_tip for volume 0.050 mL
2026-04-06 16:21:44,793 - INFO - Pipetting from vial yellow, amount: 0.050 mL
2026-04-06 16:21:44,793 - INFO - Additional volume from calibration, amount: 0.003 mL
2026-04-06 16:21:44,808 - DEBUG - Adjusting pump 0 speed to 10
2026-04-06 16:21:47,842 - DEBUG - Aspirating 0.112 mL then waiting 0 s
2026-04-06 16:21:48,527 - DEBUG - Adjusting pump 0 speed to 15
2026-04-06 16:21:49,021 - DEBUG - Aspirating 0.053 mL then waiting 0.5 s
2026-04-06 16:21:51,482 - DEBUG - Using calibrated aspirate_speed=15 for water at 0.050mL
2026-04-06 16:21:51,482 - DEBUG - Using calibrated dispense_speed=10 for water at 0.050mL
2026-04-06 16:21:51,482 - DEBUG - Using calibrated aspirate_wait_time=0.5 for water at 0.050mL
2026-04-06 16:21:51,482 - DEBUG - Using calibrated dispense_wait_time=1.5 for water at 0.050mL
2026-04-06 16:21:51,482 - DEBUG - Using calibrated retract_speed=5 for water at 0.050mL
2026-04-06 16:21:51,482 - DEBUG - Using calibrated blowout_vol=0.0 for water at 0.050mL
2026-04-06 16:21:51,482 - DEBUG - Using calibrated post_asp_air_vol=0.0 for water at 0.050mL
2026-04-06 16:21:51,482 - DEBUG - Using calibrated overaspirate_vol=0.002999259 for water at 0.050mL
2026-04-06 16:21:51,482 - DEBUG - Using calibrated pre_asp_air_vol=0.112 for water at 0.050mL
2026-04-06 16:21:51,482 - DEBUG - Applied object param asp_disp_cycles=0
2026-04-06 16:21:51,482 - DEBUG - Applied object param aspirate_speed=15
2026-04-06 16:21:51,482 - DEBUG - Applied object param aspirate_wait_time=0.5
2026-04-06 16:21:51,482 - DEBUG - Applied object param blowout_vol=0.0
2026-04-06 16:21:51,482 - DEBUG - Applied object param dispense_speed=10
2026-04-06 16:21:51,482 - DEBUG - Applied object param dispense_wait_time=1.5
2026-04-06 16:21:51,482 - DEBUG - Applied object param overaspirate_vol=0.002999259
2026-04-06 16:21:51,482 - DEBUG - Applied object param post_asp_air_vol=0.0
2026-04-06 16:21:51,482 - DEBUG - Applied object param post_retract_wait_time=0.0
2026-04-06 16:21:51,482 - DEBUG - Applied object param pre_asp_air_vol=0.112
2026-04-06 16:21:51,482 - DEBUG - Applied object param retract_speed=5
2026-04-06 16:21:51,482 - INFO - Pipetting into vial blue, amount: 0.050 mL
2026-04-06 16:21:51,482 - DEBUG - Adjusting pump 0 speed to 10
2026-04-06 16:21:54,605 - DEBUG - Dispensing 0.165 mL then waiting 1.5 s
2026-04-06 16:21:56,902 - DEBUG - Using calibrated aspirate_speed=15 for water at 0.050mL
2026-04-06 16:21:56,902 - DEBUG - Using calibrated dispense_speed=10 for water at 0.050mL
2026-04-06 16:21:56,902 - DEBUG - Using calibrated aspirate_wait_time=0.5 for water at 0.050mL
2026-04-06 16:21:56,902 - DEBUG - Using calibrated dispense_wait_time=1.5 for water at 0.050mL
2026-04-06 16:21:56,902 - DEBUG - Using calibrated retract_speed=5 for water at 0.050mL
2026-04-06 16:21:56,902 - DEBUG - Using calibrated blowout_vol=0.0 for water at 0.050mL
2026-04-06 16:21:56,902 - DEBUG - Using calibrated post_asp_air_vol=0.0 for water at 0.050mL
2026-04-06 16:21:56,902 - DEBUG - Using calibrated overaspirate_vol=0.002999259 for water at 0.050mL
2026-04-06 16:21:56,902 - DEBUG - Using calibrated pre_asp_air_vol=0.112 for water at 0.050mL
2026-04-06 16:21:56,902 - INFO - Dispensing 0.050 mL from yellow to blue
2026-04-06 16:21:56,902 - DEBUG - Using calibrated aspirate_speed=15 for water at 0.050mL
2026-04-06 16:21:56,902 - DEBUG - Using calibrated dispense_speed=10 for water at 0.050mL
2026-04-06 16:21:56,902 - DEBUG - Using calibrated aspirate_wait_time=0.5 for water at 0.050mL
2026-04-06 16:21:56,902 - DEBUG - Using calibrated dispense_wait_time=1.5 for water at 0.050mL
2026-04-06 16:21:56,902 - DEBUG - Using calibrated retract_speed=5 for water at 0.050mL
2026-04-06 16:21:56,902 - DEBUG - Using calibrated blowout_vol=0.0 for water at 0.050mL
2026-04-06 16:21:56,902 - DEBUG - Using calibrated post_asp_air_vol=0.0 for water at 0.050mL
2026-04-06 16:21:56,902 - DEBUG - Using calibrated overaspirate_vol=0.002999259 for water at 0.050mL
2026-04-06 16:21:56,902 - DEBUG - Using calibrated pre_asp_air_vol=0.112 for water at 0.050mL
2026-04-06 16:21:56,902 - DEBUG - Applied object param asp_disp_cycles=0
2026-04-06 16:21:56,902 - DEBUG - Applied object param aspirate_speed=15
2026-04-06 16:21:56,902 - DEBUG - Applied object param aspirate_wait_time=0.5
2026-04-06 16:21:56,902 - DEBUG - Applied object param blowout_vol=0.0
2026-04-06 16:21:56,902 - DEBUG - Applied object param dispense_speed=10
2026-04-06 16:21:56,902 - DEBUG - Applied object param dispense_wait_time=1.5
2026-04-06 16:21:56,902 - DEBUG - Applied object param overaspirate_vol=0.002999259
2026-04-06 16:21:56,902 - DEBUG - Applied object param post_asp_air_vol=0.0
2026-04-06 16:21:56,902 - DEBUG - Applied object param post_retract_wait_time=0.0
2026-04-06 16:21:56,902 - DEBUG - Applied object param pre_asp_air_vol=0.112
2026-04-06 16:21:56,902 - DEBUG - Applied object param retract_speed=5
2026-04-06 16:21:56,902 - DEBUG - Selected small_tip for volume 0.050 mL
2026-04-06 16:21:56,902 - INFO - Pipetting from vial yellow, amount: 0.050 mL
2026-04-06 16:21:56,902 - INFO - Additional volume from calibration, amount: 0.003 mL
2026-04-06 16:21:56,918 - DEBUG - Adjusting pump 0 speed to 10
2026-04-06 16:21:59,956 - DEBUG - Aspirating 0.112 mL then waiting 0 s
2026-04-06 16:22:00,621 - DEBUG - Adjusting pump 0 speed to 15
2026-04-06 16:22:01,108 - DEBUG - Aspirating 0.053 mL then waiting 0.5 s
2026-04-06 16:22:03,601 - DEBUG - Using calibrated aspirate_speed=15 for water at 0.050mL
2026-04-06 16:22:03,601 - DEBUG - Using calibrated dispense_speed=10 for water at 0.050mL
2026-04-06 16:22:03,601 - DEBUG - Using calibrated aspirate_wait_time=0.5 for water at 0.050mL
2026-04-06 16:22:03,601 - DEBUG - Using calibrated dispense_wait_time=1.5 for water at 0.050mL
2026-04-06 16:22:03,601 - DEBUG - Using calibrated retract_speed=5 for water at 0.050mL
2026-04-06 16:22:03,601 - DEBUG - Using calibrated blowout_vol=0.0 for water at 0.050mL
2026-04-06 16:22:03,601 - DEBUG - Using calibrated post_asp_air_vol=0.0 for water at 0.050mL
2026-04-06 16:22:03,601 - DEBUG - Using calibrated overaspirate_vol=0.002999259 for water at 0.050mL
2026-04-06 16:22:03,601 - DEBUG - Using calibrated pre_asp_air_vol=0.112 for water at 0.050mL
2026-04-06 16:22:03,601 - DEBUG - Applied object param asp_disp_cycles=0
2026-04-06 16:22:03,601 - DEBUG - Applied object param aspirate_speed=15
2026-04-06 16:22:03,601 - DEBUG - Applied object param aspirate_wait_time=0.5
2026-04-06 16:22:03,601 - DEBUG - Applied object param blowout_vol=0.0
2026-04-06 16:22:03,601 - DEBUG - Applied object param dispense_speed=10
2026-04-06 16:22:03,601 - DEBUG - Applied object param dispense_wait_time=1.5
2026-04-06 16:22:03,601 - DEBUG - Applied object param overaspirate_vol=0.002999259
2026-04-06 16:22:03,601 - DEBUG - Applied object param post_asp_air_vol=0.0
2026-04-06 16:22:03,601 - DEBUG - Applied object param post_retract_wait_time=0.0
2026-04-06 16:22:03,601 - DEBUG - Applied object param pre_asp_air_vol=0.112
2026-04-06 16:22:03,603 - DEBUG - Applied object param retract_speed=5
2026-04-06 16:22:03,603 - INFO - Pipetting into vial blue, amount: 0.050 mL
2026-04-06 16:22:03,603 - DEBUG - Adjusting pump 0 speed to 10
2026-04-06 16:22:06,743 - DEBUG - Dispensing 0.165 mL then waiting 1.5 s
2026-04-06 16:22:09,076 - DEBUG - Using calibrated aspirate_speed=15 for water at 0.050mL
2026-04-06 16:22:09,076 - DEBUG - Using calibrated dispense_speed=10 for water at 0.050mL
2026-04-06 16:22:09,076 - DEBUG - Using calibrated aspirate_wait_time=0.5 for water at 0.050mL
2026-04-06 16:22:09,076 - DEBUG - Using calibrated dispense_wait_time=1.5 for water at 0.050mL
2026-04-06 16:22:09,076 - DEBUG - Using calibrated retract_speed=5 for water at 0.050mL
2026-04-06 16:22:09,076 - DEBUG - Using calibrated blowout_vol=0.0 for water at 0.050mL
2026-04-06 16:22:09,076 - DEBUG - Using calibrated post_asp_air_vol=0.0 for water at 0.050mL
2026-04-06 16:22:09,076 - DEBUG - Using calibrated overaspirate_vol=0.002999259 for water at 0.050mL
2026-04-06 16:22:09,076 - DEBUG - Using calibrated pre_asp_air_vol=0.112 for water at 0.050mL
2026-04-06 16:22:09,076 - INFO - Dispensing 0.050 mL from yellow to blue
2026-04-06 16:22:09,076 - DEBUG - Using calibrated aspirate_speed=15 for water at 0.050mL
2026-04-06 16:22:09,076 - DEBUG - Using calibrated dispense_speed=10 for water at 0.050mL
2026-04-06 16:22:09,076 - DEBUG - Using calibrated aspirate_wait_time=0.5 for water at 0.050mL
2026-04-06 16:22:09,076 - DEBUG - Using calibrated dispense_wait_time=1.5 for water at 0.050mL
2026-04-06 16:22:09,076 - DEBUG - Using calibrated retract_speed=5 for water at 0.050mL
2026-04-06 16:22:09,076 - DEBUG - Using calibrated blowout_vol=0.0 for water at 0.050mL
2026-04-06 16:22:09,076 - DEBUG - Using calibrated post_asp_air_vol=0.0 for water at 0.050mL
2026-04-06 16:22:09,076 - DEBUG - Using calibrated overaspirate_vol=0.002999259 for water at 0.050mL
2026-04-06 16:22:09,076 - DEBUG - Using calibrated pre_asp_air_vol=0.112 for water at 0.050mL
2026-04-06 16:22:09,076 - DEBUG - Applied object param asp_disp_cycles=0
2026-04-06 16:22:09,076 - DEBUG - Applied object param aspirate_speed=15
2026-04-06 16:22:09,076 - DEBUG - Applied object param aspirate_wait_time=0.5
2026-04-06 16:22:09,076 - DEBUG - Applied object param blowout_vol=0.0
2026-04-06 16:22:09,076 - DEBUG - Applied object param dispense_speed=10
2026-04-06 16:22:09,076 - DEBUG - Applied object param dispense_wait_time=1.5
2026-04-06 16:22:09,076 - DEBUG - Applied object param overaspirate_vol=0.002999259
2026-04-06 16:22:09,076 - DEBUG - Applied object param post_asp_air_vol=0.0
2026-04-06 16:22:09,076 - DEBUG - Applied object param post_retract_wait_time=0.0
2026-04-06 16:22:09,076 - DEBUG - Applied object param pre_asp_air_vol=0.112
2026-04-06 16:22:09,076 - DEBUG - Applied object param retract_speed=5
2026-04-06 16:22:09,076 - DEBUG - Selected small_tip for volume 0.050 mL
2026-04-06 16:22:09,076 - INFO - Pipetting from vial yellow, amount: 0.050 mL
2026-04-06 16:22:09,076 - INFO - Additional volume from calibration, amount: 0.003 mL
2026-04-06 16:22:09,091 - DEBUG - Adjusting pump 0 speed to 10
2026-04-06 16:22:12,116 - DEBUG - Aspirating 0.112 mL then waiting 0 s
2026-04-06 16:22:12,747 - DEBUG - Adjusting pump 0 speed to 15
2026-04-06 16:22:13,248 - DEBUG - Aspirating 0.053 mL then waiting 0.5 s
2026-04-06 16:22:15,733 - DEBUG - Using calibrated aspirate_speed=15 for water at 0.050mL
2026-04-06 16:22:15,733 - DEBUG - Using calibrated dispense_speed=10 for water at 0.050mL
2026-04-06 16:22:15,733 - DEBUG - Using calibrated aspirate_wait_time=0.5 for water at 0.050mL
2026-04-06 16:22:15,733 - DEBUG - Using calibrated dispense_wait_time=1.5 for water at 0.050mL
2026-04-06 16:22:15,733 - DEBUG - Using calibrated retract_speed=5 for water at 0.050mL
2026-04-06 16:22:15,733 - DEBUG - Using calibrated blowout_vol=0.0 for water at 0.050mL
2026-04-06 16:22:15,733 - DEBUG - Using calibrated post_asp_air_vol=0.0 for water at 0.050mL
2026-04-06 16:22:15,733 - DEBUG - Using calibrated overaspirate_vol=0.002999259 for water at 0.050mL
2026-04-06 16:22:15,733 - DEBUG - Using calibrated pre_asp_air_vol=0.112 for water at 0.050mL
2026-04-06 16:22:15,733 - DEBUG - Applied object param asp_disp_cycles=0
2026-04-06 16:22:15,733 - DEBUG - Applied object param aspirate_speed=15
2026-04-06 16:22:15,733 - DEBUG - Applied object param aspirate_wait_time=0.5
2026-04-06 16:22:15,733 - DEBUG - Applied object param blowout_vol=0.0
2026-04-06 16:22:15,733 - DEBUG - Applied object param dispense_speed=10
2026-04-06 16:22:15,733 - DEBUG - Applied object param dispense_wait_time=1.5
2026-04-06 16:22:15,733 - DEBUG - Applied object param overaspirate_vol=0.002999259
2026-04-06 16:22:15,733 - DEBUG - Applied object param post_asp_air_vol=0.0
2026-04-06 16:22:15,733 - DEBUG - Applied object param post_retract_wait_time=0.0
2026-04-06 16:22:15,733 - DEBUG - Applied object param pre_asp_air_vol=0.112
2026-04-06 16:22:15,733 - DEBUG - Applied object param retract_speed=5
2026-04-06 16:22:15,733 - INFO - Pipetting into vial blue, amount: 0.050 mL
2026-04-06 16:22:15,733 - DEBUG - Adjusting pump 0 speed to 10
2026-04-06 16:22:18,861 - DEBUG - Dispensing 0.165 mL then waiting 1.5 s
2026-04-06 16:22:21,202 - DEBUG - Using calibrated aspirate_speed=15 for water at 0.050mL
2026-04-06 16:22:21,202 - DEBUG - Using calibrated dispense_speed=10 for water at 0.050mL
2026-04-06 16:22:21,202 - DEBUG - Using calibrated aspirate_wait_time=0.5 for water at 0.050mL
2026-04-06 16:22:21,202 - DEBUG - Using calibrated dispense_wait_time=1.5 for water at 0.050mL
2026-04-06 16:22:21,202 - DEBUG - Using calibrated retract_speed=5 for water at 0.050mL
2026-04-06 16:22:21,202 - DEBUG - Using calibrated blowout_vol=0.0 for water at 0.050mL
2026-04-06 16:22:21,202 - DEBUG - Using calibrated post_asp_air_vol=0.0 for water at 0.050mL
2026-04-06 16:22:21,202 - DEBUG - Using calibrated overaspirate_vol=0.002999259 for water at 0.050mL
2026-04-06 16:22:21,202 - DEBUG - Using calibrated pre_asp_air_vol=0.112 for water at 0.050mL
2026-04-06 16:22:21,202 - INFO - Dispensing 0.050 mL from yellow to blue
2026-04-06 16:22:21,202 - DEBUG - Using calibrated aspirate_speed=15 for water at 0.050mL
2026-04-06 16:22:21,202 - DEBUG - Using calibrated dispense_speed=10 for water at 0.050mL
2026-04-06 16:22:21,202 - DEBUG - Using calibrated aspirate_wait_time=0.5 for water at 0.050mL
2026-04-06 16:22:21,202 - DEBUG - Using calibrated dispense_wait_time=1.5 for water at 0.050mL
2026-04-06 16:22:21,202 - DEBUG - Using calibrated retract_speed=5 for water at 0.050mL
2026-04-06 16:22:21,202 - DEBUG - Using calibrated blowout_vol=0.0 for water at 0.050mL
2026-04-06 16:22:21,202 - DEBUG - Using calibrated post_asp_air_vol=0.0 for water at 0.050mL
2026-04-06 16:22:21,202 - DEBUG - Using calibrated overaspirate_vol=0.002999259 for water at 0.050mL
2026-04-06 16:22:21,202 - DEBUG - Using calibrated pre_asp_air_vol=0.112 for water at 0.050mL
2026-04-06 16:22:21,202 - DEBUG - Applied object param asp_disp_cycles=0
2026-04-06 16:22:21,202 - DEBUG - Applied object param aspirate_speed=15
2026-04-06 16:22:21,202 - DEBUG - Applied object param aspirate_wait_time=0.5
2026-04-06 16:22:21,202 - DEBUG - Applied object param blowout_vol=0.0
2026-04-06 16:22:21,202 - DEBUG - Applied object param dispense_speed=10
2026-04-06 16:22:21,202 - DEBUG - Applied object param dispense_wait_time=1.5
2026-04-06 16:22:21,202 - DEBUG - Applied object param overaspirate_vol=0.002999259
2026-04-06 16:22:21,202 - DEBUG - Applied object param post_asp_air_vol=0.0
2026-04-06 16:22:21,202 - DEBUG - Applied object param post_retract_wait_time=0.0
2026-04-06 16:22:21,202 - DEBUG - Applied object param pre_asp_air_vol=0.112
2026-04-06 16:22:21,202 - DEBUG - Applied object param retract_speed=5
2026-04-06 16:22:21,202 - DEBUG - Selected small_tip for volume 0.050 mL
2026-04-06 16:22:21,202 - INFO - Pipetting from vial yellow, amount: 0.050 mL
2026-04-06 16:22:21,202 - INFO - Additional volume from calibration, amount: 0.003 mL
2026-04-06 16:22:21,218 - DEBUG - Adjusting pump 0 speed to 10
2026-04-06 16:22:24,235 - DEBUG - Aspirating 0.112 mL then waiting 0 s
2026-04-06 16:22:24,904 - DEBUG - Adjusting pump 0 speed to 15
2026-04-06 16:22:25,413 - DEBUG - Aspirating 0.053 mL then waiting 0.5 s
2026-04-06 16:22:27,899 - DEBUG - Using calibrated aspirate_speed=15 for water at 0.050mL
2026-04-06 16:22:27,899 - DEBUG - Using calibrated dispense_speed=10 for water at 0.050mL
2026-04-06 16:22:27,901 - DEBUG - Using calibrated aspirate_wait_time=0.5 for water at 0.050mL
2026-04-06 16:22:27,901 - DEBUG - Using calibrated dispense_wait_time=1.5 for water at 0.050mL
2026-04-06 16:22:27,901 - DEBUG - Using calibrated retract_speed=5 for water at 0.050mL
2026-04-06 16:22:27,901 - DEBUG - Using calibrated blowout_vol=0.0 for water at 0.050mL
2026-04-06 16:22:27,901 - DEBUG - Using calibrated post_asp_air_vol=0.0 for water at 0.050mL
2026-04-06 16:22:27,901 - DEBUG - Using calibrated overaspirate_vol=0.002999259 for water at 0.050mL
2026-04-06 16:22:27,901 - DEBUG - Using calibrated pre_asp_air_vol=0.112 for water at 0.050mL
2026-04-06 16:22:27,901 - DEBUG - Applied object param asp_disp_cycles=0
2026-04-06 16:22:27,901 - DEBUG - Applied object param aspirate_speed=15
2026-04-06 16:22:27,901 - DEBUG - Applied object param aspirate_wait_time=0.5
2026-04-06 16:22:27,901 - DEBUG - Applied object param blowout_vol=0.0
2026-04-06 16:22:27,901 - DEBUG - Applied object param dispense_speed=10
2026-04-06 16:22:27,901 - DEBUG - Applied object param dispense_wait_time=1.5
2026-04-06 16:22:27,901 - DEBUG - Applied object param overaspirate_vol=0.002999259
2026-04-06 16:22:27,901 - DEBUG - Applied object param post_asp_air_vol=0.0
2026-04-06 16:22:27,901 - DEBUG - Applied object param post_retract_wait_time=0.0
2026-04-06 16:22:27,901 - DEBUG - Applied object param pre_asp_air_vol=0.112
2026-04-06 16:22:27,901 - DEBUG - Applied object param retract_speed=5
2026-04-06 16:22:27,901 - INFO - Pipetting into vial blue, amount: 0.050 mL
2026-04-06 16:22:27,901 - DEBUG - Adjusting pump 0 speed to 10
2026-04-06 16:22:31,043 - DEBUG - Dispensing 0.165 mL then waiting 1.5 s
2026-04-06 16:22:33,337 - INFO - Removing pipet
