2026-03-10 13:42:12,848 - DEBUG - No workflow config provided - using default initialization
2026-03-10 13:42:12,848 - INFO - Launching status review GUI...
2026-03-10 13:42:13,024 - INFO - Detected workflow name: run_calibration
2026-03-10 13:42:13,294 - INFO - Config editor loaded for workflow: run_calibration
2026-03-10 13:42:17,108 - INFO - User selected: Run Workflow
2026-03-10 13:42:17,108 - INFO - Status review completed - proceeding with hardware initialization
2026-03-10 13:42:17,677 - INFO - Initializing North Robot...
2026-03-10 13:42:17,677 - DEBUG - Loading robot configuration files...
2026-03-10 13:42:17,686 - DEBUG - Loaded vial positions configuration from robot_state/vial_positions.yaml
2026-03-10 13:42:17,687 - DEBUG - Loaded pipet tips configuration from robot_state/pipet_tips.yaml
2026-03-10 13:42:17,692 - DEBUG - Loaded pipet racks configuration from robot_state/pipet_racks.yaml
2026-03-10 13:42:17,694 - DEBUG - Loaded pump configuration from robot_state/syringe_pumps.yaml
2026-03-10 13:42:17,698 - DEBUG - Loaded robot hardware configuration from robot_state/robot_hardware.yaml
2026-03-10 13:42:17,698 - DEBUG - Loaded wellplate properties configuration from robot_state/wellplates.yaml
2026-03-10 13:42:17,698 - DEBUG - Loading robot state files...
2026-03-10 13:42:17,707 - DEBUG - Loaded vial data from status/calibration_vials_short.csv
2026-03-10 13:42:17,708 - DEBUG - Loaded robot status from robot_state/robot_status.yaml
2026-03-10 13:42:17,708 - DEBUG - Loaded wellplate positions from robot_state/wellplates.yaml
2026-03-10 13:42:17,708 - DEBUG - Robot status loaded successfully
2026-03-10 13:42:17,708 - INFO - Physical initialization of North Robot...
2026-03-10 13:42:21,212 - DEBUG - Loading pumps from YAML configuration...
2026-03-10 13:42:21,324 - DEBUG - Loaded pump 0: volume=1.0mL, speed=11, liquid=None
2026-03-10 13:42:21,425 - DEBUG - Loaded pump 1: volume=2.5mL, speed=15, liquid=water
2026-03-10 13:42:21,425 - INFO - Moving robot to home position
2026-03-10 13:42:24,109 - DEBUG - Initializing centrifuge controller...
2026-03-10 13:42:24,109 - INFO - Initializing North Track...
2026-03-10 13:42:24,109 - DEBUG - Loading track status from file: robot_state/track_status.yaml
2026-03-10 13:42:24,109 - DEBUG - Getting track status from file: robot_state/track_status.yaml
2026-03-10 13:42:24,110 - DEBUG - Loaded track status from robot_state/track_status.yaml
2026-03-10 13:42:24,110 - DEBUG - Loading track positions from: robot_state/track_positions.yaml
2026-03-10 13:42:24,110 - DEBUG - Loaded track positions configuration from robot_state/track_positions.yaml
2026-03-10 13:42:24,110 - DEBUG - Loading robot hardware configuration from: robot_state/robot_hardware.yaml
2026-03-10 13:42:24,110 - DEBUG - Loaded robot hardware configuration from robot_state/robot_hardware.yaml
2026-03-10 13:42:24,110 - DEBUG - Loaded wellplate properties configuration from robot_state/wellplates.yaml
2026-03-10 13:42:24,198 - DEBUG - Moving North Track to home position
2026-03-10 13:42:24,198 - DEBUG - Detected origin position (0,0) - setting location to 'origin'
2026-03-10 13:42:24,198 - DEBUG - Updated gripper location to: origin at position {'x': 0, 'z': 0}
2026-03-10 13:42:24,200 - INFO - Homing all robot components...
2026-03-10 13:42:24,200 - DEBUG - Homing carousel...
