2025-09-30 17:31:09,138 - INFO - Initializing North Robot...
2025-09-30 17:31:09,138 - DEBUG - Loading robot configuration files...
2025-09-30 17:31:09,156 - DEBUG - Loaded vial positions configuration from ../utoronto_demo/robot_state/vial_positions.yaml
2025-09-30 17:31:09,157 - DEBUG - Loaded pipet tips configuration from ../utoronto_demo/robot_state/pipet_tips.yaml
2025-09-30 17:31:09,162 - DEBUG - Loaded pipet racks configuration from ../utoronto_demo/robot_state/pipet_racks.yaml
2025-09-30 17:31:09,162 - DEBUG - Loaded pump configuration from ../utoronto_demo/robot_state/syringe_pumps.yaml
2025-09-30 17:31:09,162 - DEBUG - Loaded robot hardware configuration from ../utoronto_demo/robot_state/robot_hardware.yaml
2025-09-30 17:31:09,162 - DEBUG - Loaded wellplate properties configuration from ../utoronto_demo/robot_state/wellplates.yaml
2025-09-30 17:31:09,162 - DEBUG - Loading robot state files...
2025-09-30 17:31:09,162 - DEBUG - Loaded vial data from ../utoronto_demo/status/sample_capped_vials.csv
2025-09-30 17:31:09,162 - DEBUG - Loaded robot status from ../utoronto_demo/robot_state/robot_status.yaml
2025-09-30 17:31:09,179 - DEBUG - Loaded wellplate positions from ../utoronto_demo/robot_state/wellplates.yaml
2025-09-30 17:31:09,179 - DEBUG - Physical initialization of North Robot...
2025-09-30 17:31:09,493 - INFO - Moving robot to home position
2025-09-30 17:31:12,070 - DEBUG - Loading pumps from YAML configuration...
2025-09-30 17:31:12,194 - DEBUG - Loaded pump 0: volume=1.0mL, speed=11, liquid=None
2025-09-30 17:31:12,310 - DEBUG - Loaded pump 1: volume=2.5mL, speed=15, liquid=water
2025-09-30 17:31:12,526 - INFO - Initializing North Track...
2025-09-30 17:31:12,526 - DEBUG - Loading track status from file: ../utoronto_demo/robot_state/track_status.yaml
2025-09-30 17:31:12,527 - DEBUG - Getting track status from file: ../utoronto_demo/robot_state/track_status.yaml
2025-09-30 17:31:12,531 - DEBUG - Loaded track status from ../utoronto_demo/robot_state/track_status.yaml
2025-09-30 17:31:12,531 - DEBUG - Loading track positions from: ../utoronto_demo/robot_state/track_positions.yaml
2025-09-30 17:31:12,551 - DEBUG - Loaded track positions configuration from ../utoronto_demo/robot_state/track_positions.yaml
2025-09-30 17:31:12,551 - DEBUG - Loading robot hardware configuration from: ../utoronto_demo/robot_state/robot_hardware.yaml
2025-09-30 17:31:12,563 - DEBUG - Loaded robot hardware configuration from ../utoronto_demo/robot_state/robot_hardware.yaml
2025-09-30 17:31:12,568 - DEBUG - Loaded wellplate properties configuration from ../utoronto_demo/robot_state/wellplates.yaml
2025-09-30 17:31:13,573 - DEBUG - Moving North Track to home position
