2025-11-11 15:51:19,389 - INFO - Initializing North Robot...
2025-11-11 15:51:19,389 - DEBUG - Loading robot configuration files...
2025-11-11 15:51:19,409 - DEBUG - Loaded vial positions configuration from robot_state/vial_positions.yaml
2025-11-11 15:51:19,411 - DEBUG - Loaded pipet tips configuration from robot_state/pipet_tips.yaml
2025-11-11 15:51:19,424 - DEBUG - Loaded pipet racks configuration from robot_state/pipet_racks.yaml
2025-11-11 15:51:19,439 - DEBUG - Loaded pump configuration from robot_state/syringe_pumps.yaml
2025-11-11 15:51:19,441 - DEBUG - Loaded robot hardware configuration from robot_state/robot_hardware.yaml
2025-11-11 15:51:19,457 - DEBUG - Loaded wellplate properties configuration from robot_state/wellplates.yaml
2025-11-11 15:51:19,457 - DEBUG - Loading robot state files...
2025-11-11 15:51:19,481 - DEBUG - Loaded vial data from status/calibration_vials_short.csv
2025-11-11 15:51:19,481 - DEBUG - Loaded robot status from robot_state/robot_status.yaml
2025-11-11 15:51:19,487 - DEBUG - Loaded wellplate positions from robot_state/wellplates.yaml
2025-11-11 15:51:19,487 - DEBUG - Robot status loaded successfully
2025-11-11 15:51:19,487 - DEBUG - Loading pumps from YAML configuration...
2025-11-11 15:51:19,606 - DEBUG - Loaded pump 0: volume=1.0mL, speed=11, liquid=None
2025-11-11 15:51:19,738 - DEBUG - Loaded pump 1: volume=2.5mL, speed=15, liquid=water
2025-11-11 15:51:19,738 - DEBUG - Physical initialization of North Robot...
2025-11-11 15:51:20,045 - INFO - Moving robot to home position
2025-11-11 15:51:21,989 - INFO - Initializing North Track...
2025-11-11 15:51:21,989 - DEBUG - Loading track status from file: robot_state/track_status.yaml
2025-11-11 15:51:21,989 - DEBUG - Getting track status from file: robot_state/track_status.yaml
2025-11-11 15:51:21,991 - DEBUG - Loaded track status from robot_state/track_status.yaml
2025-11-11 15:51:21,991 - DEBUG - Loading track positions from: robot_state/track_positions.yaml
2025-11-11 15:51:22,011 - DEBUG - Loaded track positions configuration from robot_state/track_positions.yaml
2025-11-11 15:51:22,011 - DEBUG - Loading robot hardware configuration from: robot_state/robot_hardware.yaml
2025-11-11 15:51:22,011 - DEBUG - Loaded robot hardware configuration from robot_state/robot_hardware.yaml
2025-11-11 15:51:22,025 - DEBUG - Loaded wellplate properties configuration from robot_state/wellplates.yaml
2025-11-11 15:51:22,112 - DEBUG - Moving North Track to home position
2025-11-11 15:51:22,112 - INFO -     vial_index           vial_name         location  location_index  vial_volume  capped cap_type vial_type    home_location  home_location_index
0            0  measurement_vial_0    main_8mL_rack               0          0.0    True     open      8_mL    main_8mL_rack                    0
1            1  measurement_vial_1    main_8mL_rack               1          0.0    True     open      8_mL    main_8mL_rack                    1
2            2  measurement_vial_2    main_8mL_rack               2          0.0    True     open      8_mL    main_8mL_rack                    2
3            3  measurement_vial_3    main_8mL_rack               3          0.0    True     open      8_mL    main_8mL_rack                    3
4            4  measurement_vial_4    main_8mL_rack               4          0.0    True     open      8_mL    main_8mL_rack                    4
5            5  measurement_vial_5    main_8mL_rack               5          0.0    True     open      8_mL    main_8mL_rack                    5
6            6  measurement_vial_6    main_8mL_rack               6          0.0    True     open      8_mL    main_8mL_rack                    6
7            7  measurement_vial_7    main_8mL_rack               7          0.0    True     open      8_mL    main_8mL_rack                    7
8            8  measurement_vial_8    main_8mL_rack               8          0.0    True     open      8_mL    main_8mL_rack                    8
9            9  measurement_vial_9    main_8mL_rack               9          0.0    True     open      8_mL    main_8mL_rack                    9
10          10       liquid_source   50mL_vial_rack               0          0.0    True     open     50_mL   50mL_vial_rack                    0
11          11     liquid_source_0  large_vial_rack               2         18.0    True     open     20_mL  large_vial_rack                    2
2025-11-11 15:51:22,135 - INFO - Visualizing vial racks...
2025-11-11 15:51:22,324 - DEBUG - Visualizing rack: Main Rack with filter: main_8mL_rack
2025-11-11 15:51:22,493 - DEBUG - Visualizing rack: Second Rack with filter: large_vial_rack
2025-11-11 15:51:28,285 - INFO - Moving vial measurement_vial_0 to clamp: 0
2025-11-11 15:51:28,285 - DEBUG - Grabbing vial 0 with index 0
2025-11-11 15:51:30,985 - DEBUG - Dropping off vial 0 at location clamp with index 0
2025-11-11 15:51:33,699 - DEBUG - Selected small_tip for volume 0.050 mL
