2026-01-19 15:56:48,799 - INFO - Initializing North Robot...
2026-01-19 15:56:48,799 - DEBUG - Loading robot configuration files...
2026-01-19 15:56:48,821 - DEBUG - Loaded vial positions configuration from robot_state/vial_positions.yaml
2026-01-19 15:56:48,822 - DEBUG - Loaded pipet tips configuration from robot_state/pipet_tips.yaml
2026-01-19 15:56:48,827 - DEBUG - Loaded pipet racks configuration from robot_state/pipet_racks.yaml
2026-01-19 15:56:48,829 - DEBUG - Loaded pump configuration from robot_state/syringe_pumps.yaml
2026-01-19 15:56:48,843 - DEBUG - Loaded robot hardware configuration from robot_state/robot_hardware.yaml
2026-01-19 15:56:48,844 - DEBUG - Loaded wellplate properties configuration from robot_state/wellplates.yaml
2026-01-19 15:56:48,844 - DEBUG - Loading robot state files...
2026-01-19 15:56:48,862 - DEBUG - Loaded vial data from ../utoronto_demo/status/surfactant_grid_vials_expanded.csv
2026-01-19 15:56:48,862 - DEBUG - Loaded robot status from robot_state/robot_status.yaml
2026-01-19 15:56:48,870 - DEBUG - Loaded wellplate positions from robot_state/wellplates.yaml
2026-01-19 15:56:48,870 - DEBUG - Robot status loaded successfully
2026-01-19 15:56:48,870 - INFO - Physical initialization of North Robot...
2026-01-19 15:56:48,872 - DEBUG - Loading pumps from YAML configuration...
2026-01-19 15:56:48,872 - DEBUG - Loaded pump 0: volume=1.0mL, speed=11, liquid=None
2026-01-19 15:56:48,872 - DEBUG - Loaded pump 1: volume=2.5mL, speed=15, liquid=water
2026-01-19 15:56:48,872 - INFO - Moving robot to home position
2026-01-19 15:56:48,872 - DEBUG - Initializing centrifuge controller...
2026-01-19 15:56:48,886 - DEBUG - Current reader status: <MagicMock name='mock.get_reader_status()' id='2131925678592'>
2026-01-19 15:56:48,926 - INFO - Initializing North Track...
2026-01-19 15:56:48,926 - DEBUG - Loading track status from file: robot_state/track_status.yaml
2026-01-19 15:56:48,926 - DEBUG - Getting track status from file: robot_state/track_status.yaml
2026-01-19 15:56:48,926 - DEBUG - Loaded track status from robot_state/track_status.yaml
2026-01-19 15:56:48,926 - DEBUG - Loading track positions from: robot_state/track_positions.yaml
2026-01-19 15:56:48,935 - DEBUG - Loaded track positions configuration from robot_state/track_positions.yaml
2026-01-19 15:56:48,935 - DEBUG - Loading robot hardware configuration from: robot_state/robot_hardware.yaml
2026-01-19 15:56:48,939 - DEBUG - Loaded robot hardware configuration from robot_state/robot_hardware.yaml
2026-01-19 15:56:48,941 - DEBUG - Loaded wellplate properties configuration from robot_state/wellplates.yaml
2026-01-19 15:56:48,941 - DEBUG - Moving North Track to home position
2026-01-19 15:56:48,941 - INFO - ================================================================================
2026-01-19 15:56:48,941 - INFO - ADAPTIVE SURFACTANT GRID SCREENING WORKFLOW
2026-01-19 15:56:48,941 - INFO - ================================================================================
2026-01-19 15:56:48,941 - INFO - Surfactants: SDS + DTAB
2026-01-19 15:56:48,941 - INFO - Mode: SIMULATION
2026-01-19 15:56:48,941 - INFO - 
2026-01-19 15:56:48,941 - INFO - Initial water volume: 0.00 mL
2026-01-19 15:56:48,941 - INFO - Step 1: Initializing Lash_E coordinator...
2026-01-19 15:56:48,941 - INFO -   Mode: Simulation
2026-01-19 15:56:48,941 - INFO -   Validating robot and track status...
2026-01-19 15:56:48,941 - INFO -     vial_index        vial_name       location  location_index  vial_volume  capped cap_type vial_type  home_location  home_location_index
0            0        SDS_stock  main_8mL_rack               0         8.00    True     open      8_mL  main_8mL_rack                    0
1            1       DTAB_stock  main_8mL_rack               1         8.00    True     open      8_mL  main_8mL_rack                    1
2            2      pyrene_DMSO  main_8mL_rack               2         5.28    True     open      8_mL  main_8mL_rack                    2
3            3            water  main_8mL_rack               3         0.00    True     open      8_mL  main_8mL_rack                    3
4            4          water_2  main_8mL_rack               4         0.00    True     open      8_mL  main_8mL_rack                    4
5            5            HEPES  main_8mL_rack               5         8.00    True     open      8_mL  main_8mL_rack                    5
6            6   SDS_dilution_0  main_8mL_rack               6         0.00    True     open      8_mL  main_8mL_rack                    6
7            7   SDS_dilution_1  main_8mL_rack               7         0.00    True     open      8_mL  main_8mL_rack                    7
8            8   SDS_dilution_2  main_8mL_rack               8         0.00    True     open      8_mL  main_8mL_rack                    8
9            9   SDS_dilution_3  main_8mL_rack               9         0.00    True     open      8_mL  main_8mL_rack                    9
10          10   SDS_dilution_4  main_8mL_rack              10         0.00    True     open      8_mL  main_8mL_rack                   10
11          11   SDS_dilution_5  main_8mL_rack              11         0.00    True     open      8_mL  main_8mL_rack                   11
12          12  DTAB_dilution_0  main_8mL_rack              12         0.00    True     open      8_mL  main_8mL_rack                   12
13          13  DTAB_dilution_1  main_8mL_rack              13         0.00    True     open      8_mL  main_8mL_rack                   13
14          14  DTAB_dilution_2  main_8mL_rack              14         0.00    True     open      8_mL  main_8mL_rack                   14
15          15  DTAB_dilution_3  main_8mL_rack              15         0.00    True     open      8_mL  main_8mL_rack                   15
16          16  DTAB_dilution_4  main_8mL_rack              16         0.00    True     open      8_mL  main_8mL_rack                   16
17          17  DTAB_dilution_5  main_8mL_rack              17         0.00    True     open      8_mL  main_8mL_rack                   17
2026-01-19 15:56:48,973 - INFO - Visualizing vial racks...
2026-01-19 15:56:49,011 - DEBUG - Matplotlib backend: tkagg
2026-01-19 15:56:49,149 - DEBUG - Visualizing rack: Main Rack with filter: main_8mL_rack
2026-01-19 15:56:49,271 - DEBUG - Visualizing rack: Second Rack with filter: large_vial_rack
2026-01-19 15:56:50,274 - DEBUG - Vial visualization displayed successfully
2026-01-19 15:56:50,275 - INFO - --Wellplate status-- 
 Wellplate type: 96 WELL PLATE 
 Number in source: 1 
 Number in waste: 0 
 Active wellplate position: None
2026-01-19 15:56:50,275 - INFO - Visualizing wellplate status...
2026-01-19 15:56:50,275 - DEBUG - Matplotlib backend: tkagg
2026-01-19 15:56:51,484 - DEBUG - Wellplate visualization displayed successfully
2026-01-19 15:56:51,484 - INFO -   Ensuring water vials are full before workflow...
2026-01-19 15:56:51,485 - INFO -     Warning: Could not fill water vial 'water': 'current_volume_ml'
