2025-11-12 15:44:35,011 - INFO - Initializing North Robot...
2025-11-12 15:44:35,011 - DEBUG - Loading robot configuration files...
2025-11-12 15:44:35,027 - DEBUG - Loaded vial positions configuration from robot_state/vial_positions.yaml
2025-11-12 15:44:35,029 - DEBUG - Loaded pipet tips configuration from robot_state/pipet_tips.yaml
2025-11-12 15:44:35,029 - DEBUG - Loaded pipet racks configuration from robot_state/pipet_racks.yaml
2025-11-12 15:44:35,029 - DEBUG - Loaded pump configuration from robot_state/syringe_pumps.yaml
2025-11-12 15:44:35,029 - DEBUG - Loaded robot hardware configuration from robot_state/robot_hardware.yaml
2025-11-12 15:44:35,042 - DEBUG - Loaded wellplate properties configuration from robot_state/wellplates.yaml
2025-11-12 15:44:35,042 - DEBUG - Loading robot state files...
2025-11-12 15:44:35,042 - DEBUG - Loaded vial data from status/calibration_vials_overnight.csv
2025-11-12 15:44:35,042 - DEBUG - Loaded robot status from robot_state/robot_status.yaml
2025-11-12 15:44:35,058 - DEBUG - Loaded wellplate positions from robot_state/wellplates.yaml
2025-11-12 15:44:35,058 - DEBUG - Robot status loaded successfully
2025-11-12 15:44:35,058 - DEBUG - Loading pumps from YAML configuration...
2025-11-12 15:44:35,176 - DEBUG - Loaded pump 0: volume=1.0mL, speed=11, liquid=None
2025-11-12 15:44:35,290 - DEBUG - Loaded pump 1: volume=2.5mL, speed=15, liquid=water
2025-11-12 15:44:35,290 - DEBUG - Physical initialization of North Robot...
2025-11-12 15:44:35,599 - INFO - Moving robot to home position
2025-11-12 15:44:37,239 - INFO - Initializing North Track...
2025-11-12 15:44:37,239 - DEBUG - Loading track status from file: robot_state/track_status.yaml
2025-11-12 15:44:37,239 - DEBUG - Getting track status from file: robot_state/track_status.yaml
2025-11-12 15:44:37,239 - DEBUG - Loaded track status from robot_state/track_status.yaml
2025-11-12 15:44:37,239 - DEBUG - Loading track positions from: robot_state/track_positions.yaml
2025-11-12 15:44:37,246 - DEBUG - Loaded track positions configuration from robot_state/track_positions.yaml
2025-11-12 15:44:37,246 - DEBUG - Loading robot hardware configuration from: robot_state/robot_hardware.yaml
2025-11-12 15:44:37,249 - DEBUG - Loaded robot hardware configuration from robot_state/robot_hardware.yaml
2025-11-12 15:44:37,252 - DEBUG - Loaded wellplate properties configuration from robot_state/wellplates.yaml
2025-11-12 15:44:37,342 - DEBUG - Moving North Track to home position
2025-11-12 15:44:37,342 - INFO -    vial_index           vial_name        location  location_index  vial_volume  capped cap_type  vial_type   home_location  home_location_index
0           0     liquid_source_0   main_8mL_rack              43          3.2    True     open       8_mL   main_8mL_rack                   43
1           1  measurement_vial_0   main_8mL_rack              44          2.8    True     open       8_mL   main_8mL_rack                   44
2           2             waste_0  50mL_vial_rack               0          0.0    True     open      50_mL  50mL_vial_rack                    0
3           3         reservoir_0       reservoir               0         50.0   False    False  reservoir       reservoir                    0
2025-11-12 15:44:37,360 - INFO - Visualizing vial racks...
2025-11-12 15:44:37,504 - DEBUG - Visualizing rack: Main Rack with filter: main_8mL_rack
2025-11-12 15:44:37,656 - DEBUG - Visualizing rack: Second Rack with filter: large_vial_rack
2025-11-12 15:44:39,777 - INFO - Moving vial measurement_vial_0 to clamp: 0
2025-11-12 15:44:39,778 - DEBUG - Grabbing vial 1 with index 1
2025-11-12 15:44:41,850 - DEBUG - Dropping off vial 1 at location clamp with index 0
2025-11-12 15:44:45,570 - DEBUG - Selected large_tip for volume 0.800 mL
2025-11-12 15:45:17,792 - INFO - [vial-mgmt] manage_vials called: mode=swap cfg_keys=['source_vial', 'measurement_vial', 'waste_vial', 'reservoir_index', 'min_source_ml', 'refill_target_ml', 'max_measurement_ml']
2025-11-12 15:45:17,795 - INFO - [swap] Pre-swap volumes: source(liquid_source_0)=3.20mL, measurement(measurement_vial_0)=2.80mL, min_threshold=2.5mL
2025-11-12 15:45:17,795 - INFO - [vial-mgmt] Using current source vial: liquid_source_0
2025-11-12 15:45:17,797 - INFO - [vial-mgmt] manage_vials called: mode=swap cfg_keys=['source_vial', 'measurement_vial', 'waste_vial', 'reservoir_index', 'min_source_ml', 'refill_target_ml', 'max_measurement_ml']
2025-11-12 15:45:17,797 - INFO - [swap] Pre-swap volumes: source(liquid_source_0)=3.20mL, measurement(measurement_vial_0)=2.80mL, min_threshold=2.5mL
2025-11-12 15:45:17,797 - INFO - [vial-mgmt] Using current source vial: liquid_source_0
2025-11-12 15:45:17,797 - INFO - [vial-mgmt] manage_vials called: mode=swap cfg_keys=['source_vial', 'measurement_vial', 'waste_vial', 'reservoir_index', 'min_source_ml', 'refill_target_ml', 'max_measurement_ml']
2025-11-12 15:45:17,797 - INFO - [swap] Pre-swap volumes: source(liquid_source_0)=3.20mL, measurement(measurement_vial_0)=2.80mL, min_threshold=2.5mL
2025-11-12 15:45:17,802 - DEBUG - Selected large_tip for volume 0.870 mL
2025-11-12 15:45:17,802 - INFO - Getting large_tip (pipet number 6) from rack: large_tip_rack_1
2025-11-12 15:45:23,225 - INFO - Pipetting from vial liquid_source_0, amount: 0.8 mL
2025-11-12 15:45:23,225 - INFO - Additional volume from calibration, amount: 0.02 mL
2025-11-12 15:45:23,228 - DEBUG - Adjusting pump 0 speed to 5
2025-11-12 15:45:27,316 - DEBUG - Aspirating 0.820 mL then waiting 0.5 s
2025-11-12 15:45:30,162 - DEBUG - Aspirating 0.050 mL then waiting 0 s
2025-11-12 15:45:30,553 - INFO - Pipetting into vial measurement_vial_0, amount: 0.8 mL
2025-11-12 15:45:32,019 - DEBUG - Adjusting pump 0 speed to 7
2025-11-12 15:45:35,809 - DEBUG - Dispensing 0.870 mL then waiting 0.5 s
2025-11-12 15:45:38,873 - DEBUG - Blowing out 0.100 mL
2025-11-12 15:45:42,407 - INFO - [vial-mgmt] manage_vials called: mode=swap cfg_keys=['source_vial', 'measurement_vial', 'waste_vial', 'reservoir_index', 'min_source_ml', 'refill_target_ml', 'max_measurement_ml']
2025-11-12 15:45:42,407 - INFO - [swap] Pre-swap volumes: source(liquid_source_0)=2.40mL, measurement(measurement_vial_0)=3.60mL, min_threshold=2.5mL
2025-11-12 15:45:42,422 - INFO - Removing pipet
2025-11-12 15:45:45,709 - INFO - Returning vial measurement_vial_0 to home location: main_8mL_rack index 44
2025-11-12 15:45:45,709 - INFO - Moving vial measurement_vial_0 to main_8mL_rack: 44
2025-11-12 15:45:45,709 - DEBUG - Grabbing vial 1 with index 1
2025-11-12 15:45:48,097 - DEBUG - Dropping off vial 1 at location main_8mL_rack with index 44
2025-11-12 15:45:51,778 - INFO - Moving vial liquid_source_0 to clamp: 0
2025-11-12 15:45:51,778 - DEBUG - Grabbing vial 0 with index 0
2025-11-12 15:45:54,014 - DEBUG - Dropping off vial 0 at location clamp with index 0
2025-11-12 15:45:57,751 - INFO - [swap] Swapped roles: source->measurement_vial_0 measurement->liquid_source_0
2025-11-12 15:45:57,751 - INFO - [vial-mgmt] Using current source vial: measurement_vial_0
2025-11-12 15:45:57,754 - INFO - [vial-mgmt] manage_vials called: mode=swap cfg_keys=['source_vial', 'measurement_vial', 'waste_vial', 'reservoir_index', 'min_source_ml', 'refill_target_ml', 'max_measurement_ml']
2025-11-12 15:45:57,755 - INFO - [swap] Pre-swap volumes: source(measurement_vial_0)=3.60mL, measurement(liquid_source_0)=2.40mL, min_threshold=2.5mL
2025-11-12 15:45:57,756 - DEBUG - Selected large_tip for volume 0.870 mL
2025-11-12 15:45:57,756 - INFO - Getting large_tip (pipet number 7) from rack: large_tip_rack_1
2025-11-12 15:46:03,181 - INFO - Pipetting from vial measurement_vial_0, amount: 0.8 mL
2025-11-12 15:46:03,181 - INFO - Additional volume from calibration, amount: 0.02 mL
2025-11-12 15:46:03,182 - DEBUG - Adjusting pump 0 speed to 5
2025-11-12 15:46:07,144 - DEBUG - Aspirating 0.820 mL then waiting 0.5 s
2025-11-12 15:46:09,927 - DEBUG - Aspirating 0.050 mL then waiting 0 s
2025-11-12 15:46:10,320 - INFO - Pipetting into vial liquid_source_0, amount: 0.8 mL
2025-11-12 15:46:12,611 - DEBUG - Adjusting pump 0 speed to 7
2025-11-12 15:46:16,292 - DEBUG - Dispensing 0.870 mL then waiting 0.5 s
2025-11-12 15:46:19,375 - DEBUG - Blowing out 0.100 mL
2025-11-12 15:46:24,210 - INFO - [vial-mgmt] manage_vials called: mode=swap cfg_keys=['source_vial', 'measurement_vial', 'waste_vial', 'reservoir_index', 'min_source_ml', 'refill_target_ml', 'max_measurement_ml']
2025-11-12 15:46:24,216 - INFO - [swap] Pre-swap volumes: source(measurement_vial_0)=2.80mL, measurement(liquid_source_0)=3.20mL, min_threshold=2.5mL
2025-11-12 15:46:24,217 - INFO - [vial-mgmt] Using current source vial: measurement_vial_0
2025-11-12 15:46:24,219 - INFO - [vial-mgmt] manage_vials called: mode=swap cfg_keys=['source_vial', 'measurement_vial', 'waste_vial', 'reservoir_index', 'min_source_ml', 'refill_target_ml', 'max_measurement_ml']
2025-11-12 15:46:24,221 - INFO - [swap] Pre-swap volumes: source(measurement_vial_0)=2.80mL, measurement(liquid_source_0)=3.20mL, min_threshold=2.5mL
2025-11-12 15:46:24,222 - DEBUG - Selected large_tip for volume 0.870 mL
2025-11-12 15:46:24,223 - INFO - Pipetting from vial measurement_vial_0, amount: 0.8 mL
2025-11-12 15:46:24,223 - INFO - Additional volume from calibration, amount: 0.02 mL
2025-11-12 15:46:24,224 - DEBUG - Adjusting pump 0 speed to 5
2025-11-12 15:46:28,145 - DEBUG - Aspirating 0.820 mL then waiting 0.5 s
2025-11-12 15:46:30,944 - DEBUG - Aspirating 0.050 mL then waiting 0 s
2025-11-12 15:46:31,300 - INFO - Pipetting into vial measurement_vial_0, amount: 0.8 mL
2025-11-12 15:46:31,300 - DEBUG - Adjusting pump 0 speed to 7
2025-11-12 15:46:33,471 - DEBUG - Dispensing 0.870 mL then waiting 0.5 s
2025-11-12 15:46:36,568 - DEBUG - Blowing out 0.100 mL
