2026-01-27 16:23:32,664 - INFO - Initializing North Robot...
2026-01-27 16:23:32,664 - DEBUG - Loading robot configuration files...
2026-01-27 16:23:32,673 - DEBUG - Loaded vial positions configuration from robot_state/vial_positions.yaml
2026-01-27 16:23:32,675 - DEBUG - Loaded pipet tips configuration from robot_state/pipet_tips.yaml
2026-01-27 16:23:32,679 - DEBUG - Loaded pipet racks configuration from robot_state/pipet_racks.yaml
2026-01-27 16:23:32,681 - DEBUG - Loaded pump configuration from robot_state/syringe_pumps.yaml
2026-01-27 16:23:32,685 - DEBUG - Loaded robot hardware configuration from robot_state/robot_hardware.yaml
2026-01-27 16:23:32,688 - DEBUG - Loaded wellplate properties configuration from robot_state/wellplates.yaml
2026-01-27 16:23:32,688 - DEBUG - Loading robot state files...
2026-01-27 16:23:32,688 - DEBUG - Loaded vial data from status/reservoir_calibration_vials.csv
2026-01-27 16:23:32,688 - DEBUG - Loaded robot status from robot_state/robot_status.yaml
2026-01-27 16:23:32,704 - DEBUG - Loaded wellplate positions from robot_state/wellplates.yaml
2026-01-27 16:23:32,704 - DEBUG - Robot status loaded successfully
2026-01-27 16:23:32,704 - INFO - Physical initialization of North Robot...
2026-01-27 16:23:36,253 - DEBUG - Loading pumps from YAML configuration...
2026-01-27 16:23:36,365 - DEBUG - Loaded pump 0: volume=1.0mL, speed=11, liquid=None
2026-01-27 16:23:36,485 - DEBUG - Loaded pump 1: volume=2.5mL, speed=15, liquid=water
2026-01-27 16:23:36,485 - WARNING - The robot reports having a vial in the gripper... Returning that vial home...
2026-01-27 16:23:36,485 - DEBUG - Dropping off vial 0 at location main_8mL_rack with index 0
2026-01-27 16:23:39,086 - INFO - Moving robot to home position
2026-01-27 16:23:42,724 - DEBUG - Initializing centrifuge controller...
2026-01-27 16:23:42,724 - INFO - Initializing North Track...
2026-01-27 16:23:42,725 - DEBUG - Loading track status from file: robot_state/track_status.yaml
2026-01-27 16:23:42,725 - DEBUG - Getting track status from file: robot_state/track_status.yaml
2026-01-27 16:23:42,725 - DEBUG - Loaded track status from robot_state/track_status.yaml
2026-01-27 16:23:42,725 - DEBUG - Loading track positions from: robot_state/track_positions.yaml
2026-01-27 16:23:42,725 - DEBUG - Loaded track positions configuration from robot_state/track_positions.yaml
2026-01-27 16:23:42,725 - DEBUG - Loading robot hardware configuration from: robot_state/robot_hardware.yaml
2026-01-27 16:23:42,725 - DEBUG - Loaded robot hardware configuration from robot_state/robot_hardware.yaml
2026-01-27 16:23:42,725 - DEBUG - Loaded wellplate properties configuration from robot_state/wellplates.yaml
2026-01-27 16:23:42,811 - DEBUG - Moving North Track to home position
2026-01-27 16:23:42,811 - INFO -     vial_index            vial_name       location  location_index  vial_volume  capped cap_type vial_type  home_location  home_location_index
0            0   measurement_vial_0  main_8mL_rack               0          1.0    True     open      8_mL  main_8mL_rack                    0
1            1   measurement_vial_1  main_8mL_rack               1          0.0    True     open      8_mL  main_8mL_rack                    1
2            2   measurement_vial_2  main_8mL_rack               2          0.0    True     open      8_mL  main_8mL_rack                    2
3            3   measurement_vial_3  main_8mL_rack               3          0.0    True     open      8_mL  main_8mL_rack                    3
4            4   measurement_vial_4  main_8mL_rack               4          0.0    True     open      8_mL  main_8mL_rack                    4
5            5   measurement_vial_5  main_8mL_rack               5          0.0    True     open      8_mL  main_8mL_rack                    5
6            6   measurement_vial_6  main_8mL_rack               6          0.0    True     open      8_mL  main_8mL_rack                    6
7            7   measurement_vial_7  main_8mL_rack               7          0.0    True     open      8_mL  main_8mL_rack                    7
8            8   measurement_vial_8  main_8mL_rack               8          0.0    True     open      8_mL  main_8mL_rack                    8
9            9   measurement_vial_9  main_8mL_rack               9          0.0    True     open      8_mL  main_8mL_rack                    9
10          10  measurement_vial_10  main_8mL_rack              10          0.0    True     open      8_mL  main_8mL_rack                   10
11          11  measurement_vial_11  main_8mL_rack              11          0.0    True     open      8_mL  main_8mL_rack                   11
12          12  measurement_vial_12  main_8mL_rack              12          0.0    True     open      8_mL  main_8mL_rack                   12
13          13  measurement_vial_13  main_8mL_rack              13          0.0    True     open      8_mL  main_8mL_rack                   13
14          14  measurement_vial_14  main_8mL_rack              14          0.0    True     open      8_mL  main_8mL_rack                   14
15          15  measurement_vial_15  main_8mL_rack              15          0.0    True     open      8_mL  main_8mL_rack                   15
2026-01-27 16:23:42,829 - INFO - Visualizing vial racks...
2026-01-27 16:23:42,857 - DEBUG - Matplotlib backend: tkagg
2026-01-27 16:23:42,972 - DEBUG - Visualizing rack: Main Rack with filter: main_8mL_rack
2026-01-27 16:23:43,105 - DEBUG - Visualizing rack: Second Rack with filter: large_vial_rack
2026-01-27 16:23:45,142 - DEBUG - Vial visualization displayed successfully
2026-01-27 16:23:46,376 - INFO - Moving vial measurement_vial_0 to clamp: 0
2026-01-27 16:23:46,377 - DEBUG - Grabbing vial 0 with index 0
2026-01-27 16:23:48,957 - DEBUG - Dropping off vial 0 at location clamp with index 0
2026-01-27 16:23:51,656 - INFO - Priming reservoir 1 line into vial 0: 0.500 mL
2026-01-27 16:23:51,656 - INFO - Dispensing into vial 0 from reservoir 1: 0.500 mL
2026-01-27 16:23:51,656 - DEBUG - Reservoir parameters: aspirate_speed=11, dispense_speed=11, overaspirate=0.000 mL
2026-01-27 16:23:51,656 - INFO - Moving robot to home position
2026-01-27 16:23:57,071 - INFO - DISPENSING DEBUG: simulate=False, volume=0.500mL, overaspirate=0.000mL
2026-01-27 16:23:57,071 - INFO - DISPENSING DEBUG: total_vol=0.500mL, num_dispenses=1, dispense_vol=0.500mL, actual_dispense=0.500mL
2026-01-27 16:23:57,071 - DEBUG - Dispensing 0.500 mL (with 0.000 mL overaspirate) 1 times
2026-01-27 16:23:57,071 - INFO - DISPENSING LOOP 1/1: simulate=False
2026-01-27 16:23:57,632 - INFO - ASPIRATING: 0.500mL from reservoir 1
2026-01-27 16:23:59,272 - INFO - DISPENSING: 0.500mL into vial 0
2026-01-27 16:24:03,435 - INFO - Returning vial measurement_vial_0 to home location: main_8mL_rack index 0
2026-01-27 16:24:03,435 - INFO - Moving vial measurement_vial_0 to main_8mL_rack: 0
2026-01-27 16:24:03,435 - DEBUG - Grabbing vial 0 with index 0
2026-01-27 16:24:06,030 - DEBUG - Dropping off vial 0 at location main_8mL_rack with index 0
2026-01-27 16:24:08,749 - DEBUG - Applied reservoir user param aspirate_speed=13
2026-01-27 16:24:08,749 - DEBUG - Applied reservoir user param aspirate_wait_time=2.6
2026-01-27 16:24:08,749 - DEBUG - Applied reservoir user param dispense_speed=14
2026-01-27 16:24:08,749 - DEBUG - Applied reservoir user param dispense_wait_time=4.060972034931183
2026-01-27 16:24:08,749 - DEBUG - Applied reservoir user param overaspirate_vol=0.006500000000000001
2026-01-27 16:24:08,749 - DEBUG - Applied reservoir user param valve_switch_delay=0.1
2026-01-27 16:24:08,749 - INFO - Dispensing into vial 0 from reservoir 1: 0.250 mL
2026-01-27 16:24:08,749 - DEBUG - Reservoir parameters: aspirate_speed=13, dispense_speed=14, overaspirate=0.007 mL
2026-01-27 16:24:08,750 - INFO - Moving vial measurement_vial_0 to clamp: 0
2026-01-27 16:24:08,752 - DEBUG - Grabbing vial 0 with index 0
2026-01-27 16:24:09,037 - DEBUG - Dropping off vial 0 at location clamp with index 0
2026-01-27 16:24:11,721 - INFO - Moving robot to home position
2026-01-27 16:24:17,252 - INFO - Starting continuous mass monitoring for reservoir dispensing
2026-01-27 16:24:17,446 - DEBUG - Mass: 1.0000g at 0.194s (baseline_pre) steady=10.0369
2026-01-27 16:24:17,843 - DEBUG - Mass: 1.0000g at 0.591s (baseline_pre) steady=10.0369
2026-01-27 16:24:18,244 - DEBUG - Mass: 1.0000g at 0.992s (baseline_pre) steady=10.0369
2026-01-27 16:24:18,645 - DEBUG - Mass: 1.0000g at 1.393s (baseline_pre) steady=10.0369
2026-01-27 16:24:19,045 - DEBUG - Mass: 1.0000g at 1.793s (baseline_pre) steady=10.0369
2026-01-27 16:24:19,263 - INFO - DISPENSING DEBUG: simulate=False, volume=0.250mL, overaspirate=0.007mL
2026-01-27 16:24:19,263 - INFO - DISPENSING DEBUG: total_vol=0.257mL, num_dispenses=1, dispense_vol=0.257mL, actual_dispense=0.250mL
2026-01-27 16:24:19,263 - DEBUG - Dispensing 0.250 mL (with 0.007 mL overaspirate) 1 times
2026-01-27 16:24:19,264 - INFO - DISPENSING LOOP 1/1: simulate=False
2026-01-27 16:24:19,451 - DEBUG - Mass: 1.0000g at 2.200s (dispensing) steady=10.0369
2026-01-27 16:24:19,842 - DEBUG - Mass: 0.0000g at 2.590s (dispensing) steady=10.0477
2026-01-27 16:24:20,244 - DEBUG - Mass: 0.0000g at 2.992s (dispensing) steady=10.0383
2026-01-27 16:24:20,309 - INFO - ASPIRATING: 0.257mL from reservoir 1
2026-01-27 16:24:20,632 - DEBUG - Mass: 0.0000g at 3.380s (dispensing) steady=10.0396
2026-01-27 16:24:21,037 - DEBUG - Mass: 0.0000g at 3.786s (dispensing) steady=10.0416
2026-01-27 16:24:21,444 - DEBUG - Mass: 0.0000g at 4.192s (dispensing) steady=10.0384
2026-01-27 16:24:21,844 - DEBUG - Mass: 0.0000g at 4.592s (dispensing) steady=10.0373
2026-01-27 16:24:22,242 - DEBUG - Mass: 0.0000g at 4.990s (dispensing) steady=10.0364
2026-01-27 16:24:22,640 - DEBUG - Mass: 0.0000g at 5.389s (dispensing) steady=10.0369
2026-01-27 16:24:23,032 - DEBUG - Mass: 0.0000g at 5.780s (dispensing) steady=10.0364
2026-01-27 16:24:23,444 - DEBUG - Mass: 0.0000g at 6.192s (dispensing) steady=10.0374
2026-01-27 16:24:23,839 - DEBUG - Mass: 0.0000g at 6.587s (dispensing) steady=10.0366
2026-01-27 16:24:24,232 - DEBUG - Mass: 0.0000g at 6.980s (dispensing) steady=10.048
2026-01-27 16:24:24,525 - INFO - DISPENSING: 0.250mL into vial 0
2026-01-27 16:24:24,634 - DEBUG - Mass: 0.0000g at 7.382s (dispensing) steady=10.0387
2026-01-27 16:24:25,040 - DEBUG - Mass: 0.0000g at 7.788s (dispensing) steady=10.0748
2026-01-27 16:24:25,431 - DEBUG - Mass: 0.0000g at 8.179s (dispensing) steady=10.2009
2026-01-27 16:24:25,831 - DEBUG - Mass: 0.0000g at 8.579s (dispensing) steady=10.2808
2026-01-27 16:24:26,244 - DEBUG - Mass: 0.0000g at 8.993s (dispensing) steady=10.2851
2026-01-27 16:24:26,644 - DEBUG - Mass: 0.0000g at 9.392s (dispensing) steady=10.2854
2026-01-27 16:24:27,046 - DEBUG - Mass: 1.0000g at 9.794s (dispensing) steady=10.2856
2026-01-27 16:24:27,446 - DEBUG - Mass: 1.0000g at 10.194s (dispensing) steady=10.2856
2026-01-27 16:24:27,837 - DEBUG - Mass: 1.0000g at 10.585s (dispensing) steady=10.2856
2026-01-27 16:24:28,247 - DEBUG - Mass: 1.0000g at 10.995s (dispensing) steady=10.2856
2026-01-27 16:24:28,641 - DEBUG - Mass: 1.0000g at 11.389s (dispensing) steady=10.2856
2026-01-27 16:24:29,046 - DEBUG - Mass: 1.0000g at 11.794s (dispensing) steady=10.2856
2026-01-27 16:24:29,447 - DEBUG - Mass: 1.0000g at 12.195s (dispensing) steady=10.2856
2026-01-27 16:24:29,838 - DEBUG - Mass: 1.0000g at 12.586s (dispensing) steady=10.2856
2026-01-27 16:24:30,258 - DEBUG - Mass: 1.0000g at 13.006s (dispensing) steady=10.2856
2026-01-27 16:24:30,632 - DEBUG - Mass: 1.0000g at 13.380s (dispensing) steady=10.2856
2026-01-27 16:24:30,647 - INFO - Reservoir dispensing took 11.384s, collecting post-dispense baseline
2026-01-27 16:24:31,046 - DEBUG - Mass: 1.0000g at 13.794s (baseline_post) steady=10.2856
2026-01-27 16:24:31,445 - DEBUG - Mass: 1.0000g at 14.193s (baseline_post) steady=10.2856
2026-01-27 16:24:31,830 - DEBUG - Mass: 1.0000g at 14.579s (baseline_post) steady=10.2856
2026-01-27 16:24:32,246 - DEBUG - Mass: 1.0000g at 14.994s (baseline_post) steady=10.2856
2026-01-27 16:24:32,636 - DEBUG - Mass: 1.0000g at 15.384s (baseline_post) steady=10.2856
2026-01-27 16:24:32,857 - INFO - Stopped continuous mass monitoring. Collected 39 data points
2026-01-27 16:24:35,909 - INFO - Reservoir dispensing - Pre: TIME-BASED, Post: TIME-BASED, Mass difference: 0.000000g
2026-01-27 16:24:35,909 - INFO - Saved 39 reservoir mass measurements to output\mass_measurements\experiment_log2026-01-27_16-23-32\reservoir_mass_data_0_res1_20260127_162435.csv
2026-01-27 16:24:35,909 - INFO - Returning vial measurement_vial_0 to home location: main_8mL_rack index 0
2026-01-27 16:24:35,909 - INFO - Moving vial measurement_vial_0 to main_8mL_rack: 0
2026-01-27 16:24:35,909 - DEBUG - Grabbing vial 0 with index 0
2026-01-27 16:24:38,496 - DEBUG - Dropping off vial 0 at location main_8mL_rack with index 0
2026-01-27 16:24:41,223 - DEBUG - Applied reservoir user param aspirate_speed=18
2026-01-27 16:24:41,223 - DEBUG - Applied reservoir user param aspirate_wait_time=0.30000000000000004
2026-01-27 16:24:41,223 - DEBUG - Applied reservoir user param dispense_speed=12
2026-01-27 16:24:41,223 - DEBUG - Applied reservoir user param dispense_wait_time=1.0652976064011455
2026-01-27 16:24:41,223 - DEBUG - Applied reservoir user param overaspirate_vol=0.0033
2026-01-27 16:24:41,223 - DEBUG - Applied reservoir user param valve_switch_delay=0.1
2026-01-27 16:24:41,223 - INFO - Dispensing into vial 0 from reservoir 1: 0.250 mL
2026-01-27 16:24:41,223 - DEBUG - Reservoir parameters: aspirate_speed=18, dispense_speed=12, overaspirate=0.003 mL
2026-01-27 16:24:41,224 - INFO - Moving vial measurement_vial_0 to clamp: 0
2026-01-27 16:24:41,224 - DEBUG - Grabbing vial 0 with index 0
2026-01-27 16:24:41,492 - DEBUG - Dropping off vial 0 at location clamp with index 0
2026-01-27 16:24:44,205 - INFO - Moving robot to home position
2026-01-27 16:24:52,649 - INFO - Starting continuous mass monitoring for reservoir dispensing
2026-01-27 16:24:52,845 - DEBUG - Mass: 1.0000g at 0.196s (baseline_pre) steady=10.2865
2026-01-27 16:24:53,247 - DEBUG - Mass: 1.0000g at 0.598s (baseline_pre) steady=10.2865
2026-01-27 16:24:53,646 - DEBUG - Mass: 1.0000g at 0.997s (baseline_pre) steady=10.2865
2026-01-27 16:24:54,045 - DEBUG - Mass: 1.0000g at 1.396s (baseline_pre) steady=10.2865
2026-01-27 16:24:54,446 - DEBUG - Mass: 1.0000g at 1.797s (baseline_pre) steady=10.2865
2026-01-27 16:24:54,660 - INFO - DISPENSING DEBUG: simulate=False, volume=0.250mL, overaspirate=0.003mL
2026-01-27 16:24:54,660 - INFO - DISPENSING DEBUG: total_vol=0.253mL, num_dispenses=1, dispense_vol=0.253mL, actual_dispense=0.250mL
2026-01-27 16:24:54,660 - DEBUG - Dispensing 0.250 mL (with 0.003 mL overaspirate) 1 times
2026-01-27 16:24:54,660 - INFO - DISPENSING LOOP 1/1: simulate=False
2026-01-27 16:24:54,847 - DEBUG - Mass: 1.0000g at 2.197s (dispensing) steady=10.2865
2026-01-27 16:24:55,244 - DEBUG - Mass: 0.0000g at 2.595s (dispensing) steady=10.2964
2026-01-27 16:24:55,632 - DEBUG - Mass: 0.0000g at 2.983s (dispensing) steady=10.2872
2026-01-27 16:24:55,712 - INFO - ASPIRATING: 0.253mL from reservoir 1
2026-01-27 16:24:56,045 - DEBUG - Mass: 0.0000g at 3.396s (dispensing) steady=10.2882
2026-01-27 16:24:56,445 - DEBUG - Mass: 0.0000g at 3.796s (dispensing) steady=10.2902
2026-01-27 16:24:56,844 - DEBUG - Mass: 0.0000g at 4.195s (dispensing) steady=10.2903
2026-01-27 16:24:57,243 - DEBUG - Mass: 0.0000g at 4.594s (dispensing) steady=10.2901
2026-01-27 16:24:57,645 - DEBUG - Mass: 0.0000g at 4.996s (dispensing) steady=10.2899
2026-01-27 16:24:58,044 - DEBUG - Mass: 0.0000g at 5.394s (dispensing) steady=10.29
2026-01-27 16:24:58,442 - DEBUG - Mass: 0.0000g at 5.793s (dispensing) steady=10.2896
2026-01-27 16:24:58,833 - DEBUG - Mass: 0.0000g at 6.184s (dispensing) steady=10.2902
2026-01-27 16:24:59,246 - DEBUG - Mass: 1.0000g at 6.597s (dispensing) steady=10.2901
2026-01-27 16:24:59,643 - DEBUG - Mass: 0.0000g at 6.994s (dispensing) steady=10.2869
2026-01-27 16:25:00,041 - DEBUG - Mass: 0.0000g at 7.392s (dispensing) steady=10.2963
2026-01-27 16:25:00,443 - DEBUG - Mass: 0.0000g at 7.794s (dispensing) steady=10.2877
2026-01-27 16:25:00,513 - INFO - DISPENSING: 0.250mL into vial 0
2026-01-27 16:25:00,845 - DEBUG - Mass: 0.0000g at 8.196s (dispensing) steady=10.3121
2026-01-27 16:25:01,234 - DEBUG - Mass: 0.0000g at 8.585s (dispensing) steady=10.5206
2026-01-27 16:25:01,644 - DEBUG - Mass: 0.0000g at 8.995s (dispensing) steady=10.5359
2026-01-27 16:25:02,044 - DEBUG - Mass: 0.0000g at 9.395s (dispensing) steady=10.536
2026-01-27 16:25:02,444 - DEBUG - Mass: 0.0000g at 9.795s (dispensing) steady=10.5361
2026-01-27 16:25:02,845 - DEBUG - Mass: 0.0000g at 10.196s (dispensing) steady=10.5363
2026-01-27 16:25:03,243 - DEBUG - Mass: 1.0000g at 10.594s (dispensing) steady=10.536200000000001
2026-01-27 16:25:03,383 - INFO - Reservoir dispensing took 8.723s, collecting post-dispense baseline
2026-01-27 16:25:03,634 - DEBUG - Mass: 1.0000g at 10.985s (baseline_post) steady=10.536200000000001
2026-01-27 16:25:04,045 - DEBUG - Mass: 1.0000g at 11.396s (baseline_post) steady=10.536200000000001
2026-01-27 16:25:04,438 - DEBUG - Mass: 1.0000g at 11.789s (baseline_post) steady=10.536200000000001
2026-01-27 16:25:04,844 - DEBUG - Mass: 1.0000g at 12.195s (baseline_post) steady=10.536200000000001
2026-01-27 16:25:05,233 - DEBUG - Mass: 1.0000g at 12.584s (baseline_post) steady=10.536200000000001
2026-01-27 16:25:05,449 - INFO - Stopped continuous mass monitoring. Collected 32 data points
2026-01-27 16:25:08,696 - INFO - Reservoir dispensing - Pre: TIME-BASED, Post: TIME-BASED, Mass difference: 0.000000g
2026-01-27 16:25:08,696 - INFO - Saved 32 reservoir mass measurements to output\mass_measurements\experiment_log2026-01-27_16-23-32\reservoir_mass_data_0_res1_20260127_162508.csv
2026-01-27 16:25:08,703 - INFO - Returning vial measurement_vial_0 to home location: main_8mL_rack index 0
2026-01-27 16:25:08,704 - INFO - Moving vial measurement_vial_0 to main_8mL_rack: 0
2026-01-27 16:25:08,705 - DEBUG - Grabbing vial 0 with index 0
2026-01-27 16:25:11,288 - DEBUG - Dropping off vial 0 at location main_8mL_rack with index 0
2026-01-27 16:25:13,994 - DEBUG - Applied reservoir user param aspirate_speed=11
2026-01-27 16:25:13,994 - DEBUG - Applied reservoir user param aspirate_wait_time=3.9000000000000004
2026-01-27 16:25:13,994 - DEBUG - Applied reservoir user param dispense_speed=18
2026-01-27 16:25:13,994 - DEBUG - Applied reservoir user param dispense_wait_time=1.5263185696676373
2026-01-27 16:25:13,994 - DEBUG - Applied reservoir user param overaspirate_vol=0.0005
2026-01-27 16:25:13,994 - DEBUG - Applied reservoir user param valve_switch_delay=0.1
2026-01-27 16:25:13,994 - INFO - Dispensing into vial 0 from reservoir 1: 0.250 mL
2026-01-27 16:25:13,994 - DEBUG - Reservoir parameters: aspirate_speed=11, dispense_speed=18, overaspirate=0.001 mL
2026-01-27 16:25:13,996 - INFO - Moving vial measurement_vial_0 to clamp: 0
2026-01-27 16:25:13,996 - DEBUG - Grabbing vial 0 with index 0
2026-01-27 16:25:14,273 - DEBUG - Dropping off vial 0 at location clamp with index 0
2026-01-27 16:25:16,958 - INFO - Moving robot to home position
2026-01-27 16:25:22,640 - INFO - Starting continuous mass monitoring for reservoir dispensing
2026-01-27 16:25:22,831 - DEBUG - Mass: 1.0000g at 0.191s (baseline_pre) steady=10.536200000000001
2026-01-27 16:25:23,245 - DEBUG - Mass: 1.0000g at 0.605s (baseline_pre) steady=10.536200000000001
2026-01-27 16:25:23,646 - DEBUG - Mass: 1.0000g at 1.006s (baseline_pre) steady=10.536200000000001
2026-01-27 16:25:24,046 - DEBUG - Mass: 1.0000g at 1.406s (baseline_pre) steady=10.536200000000001
2026-01-27 16:25:24,446 - DEBUG - Mass: 1.0000g at 1.806s (baseline_pre) steady=10.536200000000001
2026-01-27 16:25:24,643 - INFO - DISPENSING DEBUG: simulate=False, volume=0.250mL, overaspirate=0.001mL
2026-01-27 16:25:24,643 - INFO - DISPENSING DEBUG: total_vol=0.251mL, num_dispenses=1, dispense_vol=0.251mL, actual_dispense=0.250mL
2026-01-27 16:25:24,643 - DEBUG - Dispensing 0.250 mL (with 0.001 mL overaspirate) 1 times
2026-01-27 16:25:24,643 - INFO - DISPENSING LOOP 1/1: simulate=False
2026-01-27 16:25:24,840 - DEBUG - Mass: 1.0000g at 2.200s (dispensing) steady=10.536200000000001
2026-01-27 16:25:25,243 - DEBUG - Mass: 0.0000g at 2.603s (dispensing) steady=10.5406
2026-01-27 16:25:25,322 - INFO - ASPIRATING: 0.251mL from reservoir 1
2026-01-27 16:25:25,632 - DEBUG - Mass: 0.0000g at 2.992s (dispensing) steady=10.5393
2026-01-27 16:25:26,035 - DEBUG - Mass: 0.0000g at 3.395s (dispensing) steady=10.5402
2026-01-27 16:25:26,437 - DEBUG - Mass: 0.0000g at 3.797s (dispensing) steady=10.5356
2026-01-27 16:25:26,845 - DEBUG - Mass: 0.0000g at 4.205s (dispensing) steady=10.5359
2026-01-27 16:25:27,245 - DEBUG - Mass: 0.0000g at 4.605s (dispensing) steady=10.5347
2026-01-27 16:25:27,635 - DEBUG - Mass: 0.0000g at 4.995s (dispensing) steady=10.5363
2026-01-27 16:25:28,045 - DEBUG - Mass: 0.0000g at 5.405s (dispensing) steady=10.5354
2026-01-27 16:25:28,433 - DEBUG - Mass: 0.0000g at 5.793s (dispensing) steady=10.536
2026-01-27 16:25:28,845 - DEBUG - Mass: 0.0000g at 6.205s (dispensing) steady=10.5355
2026-01-27 16:25:29,231 - DEBUG - Mass: 0.0000g at 6.591s (dispensing) steady=10.5357
2026-01-27 16:25:29,645 - DEBUG - Mass: 0.0000g at 7.005s (dispensing) steady=10.5354
2026-01-27 16:25:30,047 - DEBUG - Mass: 1.0000g at 7.407s (dispensing) steady=10.5359
2026-01-27 16:25:30,445 - DEBUG - Mass: 0.0000g at 7.805s (dispensing) steady=10.5456
2026-01-27 16:25:30,845 - DEBUG - Mass: 0.0000g at 8.205s (dispensing) steady=10.5378
2026-01-27 16:25:30,921 - INFO - DISPENSING: 0.250mL into vial 0
2026-01-27 16:25:31,232 - DEBUG - Mass: 0.0000g at 8.592s (dispensing) steady=10.5373
2026-01-27 16:25:31,645 - DEBUG - Mass: 0.0000g at 9.005s (dispensing) steady=10.5571
2026-01-27 16:25:32,045 - DEBUG - Mass: 0.0000g at 9.405s (dispensing) steady=10.5831
2026-01-27 16:25:32,439 - DEBUG - Mass: 0.0000g at 9.799s (dispensing) steady=10.6157
2026-01-27 16:25:32,838 - DEBUG - Mass: 0.0000g at 10.198s (dispensing) steady=10.6504
2026-01-27 16:25:33,245 - DEBUG - Mass: 0.0000g at 10.605s (dispensing) steady=10.6791
2026-01-27 16:25:33,645 - DEBUG - Mass: 0.0000g at 11.005s (dispensing) steady=10.7057
2026-01-27 16:25:34,045 - DEBUG - Mass: 0.0000g at 11.405s (dispensing) steady=10.7463
2026-01-27 16:25:34,439 - DEBUG - Mass: 0.0000g at 11.799s (dispensing) steady=10.7743
2026-01-27 16:25:34,845 - DEBUG - Mass: 0.0000g at 12.205s (dispensing) steady=10.7771
2026-01-27 16:25:35,230 - DEBUG - Mass: 0.0000g at 12.590s (dispensing) steady=10.7782
2026-01-27 16:25:35,644 - DEBUG - Mass: 0.0000g at 13.004s (dispensing) steady=10.7777
2026-01-27 16:25:36,038 - DEBUG - Mass: 0.0000g at 13.398s (dispensing) steady=10.7785
2026-01-27 16:25:36,434 - DEBUG - Mass: 0.0000g at 13.794s (dispensing) steady=10.7778
2026-01-27 16:25:36,800 - INFO - Reservoir dispensing took 12.156s, collecting post-dispense baseline
2026-01-27 16:25:36,841 - DEBUG - Mass: 0.0000g at 14.201s (baseline_post) steady=10.7774
2026-01-27 16:25:37,234 - DEBUG - Mass: 0.0000g at 14.594s (baseline_post) steady=10.7783
2026-01-27 16:25:37,645 - DEBUG - Mass: 0.0000g at 15.005s (baseline_post) steady=10.7777
2026-01-27 16:25:38,044 - DEBUG - Mass: 0.0000g at 15.404s (baseline_post) steady=10.7782
2026-01-27 16:25:38,447 - DEBUG - Mass: 1.0000g at 15.807s (baseline_post) steady=10.778
2026-01-27 16:25:38,843 - DEBUG - Mass: 1.0000g at 16.203s (baseline_post) steady=10.778
2026-01-27 16:25:39,050 - INFO - Stopped continuous mass monitoring. Collected 41 data points
2026-01-27 16:25:42,180 - INFO - Reservoir dispensing - Pre: TIME-BASED, Post: TIME-BASED, Mass difference: -0.666667g
2026-01-27 16:25:42,193 - INFO - Saved 41 reservoir mass measurements to output\mass_measurements\experiment_log2026-01-27_16-23-32\reservoir_mass_data_0_res1_20260127_162542.csv
2026-01-27 16:25:42,201 - INFO - Returning vial measurement_vial_0 to home location: main_8mL_rack index 0
2026-01-27 16:25:42,207 - INFO - Moving vial measurement_vial_0 to main_8mL_rack: 0
2026-01-27 16:25:42,210 - DEBUG - Grabbing vial 0 with index 0
