2025-10-21 15:10:42,162 - INFO - Initializing North Robot...
2025-10-21 15:10:42,162 - DEBUG - Loading robot configuration files...
2025-10-21 15:10:42,182 - DEBUG - Loaded vial positions configuration from robot_state/vial_positions.yaml
2025-10-21 15:10:42,183 - DEBUG - Loaded pipet tips configuration from robot_state/pipet_tips.yaml
2025-10-21 15:10:42,184 - DEBUG - Loaded pipet racks configuration from robot_state/pipet_racks.yaml
2025-10-21 15:10:42,190 - DEBUG - Loaded pump configuration from robot_state/syringe_pumps.yaml
2025-10-21 15:10:42,190 - DEBUG - Loaded robot hardware configuration from robot_state/robot_hardware.yaml
2025-10-21 15:10:42,190 - DEBUG - Loaded wellplate properties configuration from robot_state/wellplates.yaml
2025-10-21 15:10:42,190 - DEBUG - Loading robot state files...
2025-10-21 15:10:42,190 - DEBUG - Loaded vial data from ../utoronto_demo/status/sample_capped_vials.csv
2025-10-21 15:10:42,190 - DEBUG - Loaded robot status from robot_state/robot_status.yaml
2025-10-21 15:10:42,190 - DEBUG - Loaded wellplate positions from robot_state/wellplates.yaml
2025-10-21 15:10:42,190 - DEBUG - Robot status loaded successfully
2025-10-21 15:10:42,190 - DEBUG - Loading pumps from YAML configuration...
2025-10-21 15:10:42,305 - DEBUG - Loaded pump 0: volume=1.0mL, speed=11, liquid=None
2025-10-21 15:10:42,414 - DEBUG - Loaded pump 1: volume=2.5mL, speed=15, liquid=water
2025-10-21 15:10:42,414 - DEBUG - Physical initialization of North Robot...
2025-10-21 15:10:42,739 - INFO - Moving robot to home position
2025-10-21 15:10:48,593 - DEBUG - Current reader status: 0
2025-10-21 15:10:48,593 - INFO - Cytation5 is connected and ready
2025-10-21 15:10:48,594 - INFO - Initializing North Track...
2025-10-21 15:10:48,594 - DEBUG - Loading track status from file: robot_state/track_status.yaml
2025-10-21 15:10:48,594 - DEBUG - Getting track status from file: robot_state/track_status.yaml
2025-10-21 15:10:48,595 - DEBUG - Loaded track status from robot_state/track_status.yaml
2025-10-21 15:10:48,595 - DEBUG - Loading track positions from: robot_state/track_positions.yaml
2025-10-21 15:10:48,611 - DEBUG - Loaded track positions configuration from robot_state/track_positions.yaml
2025-10-21 15:10:48,612 - DEBUG - Loading robot hardware configuration from: robot_state/robot_hardware.yaml
2025-10-21 15:10:48,614 - DEBUG - Loaded robot hardware configuration from robot_state/robot_hardware.yaml
2025-10-21 15:10:48,615 - DEBUG - Loaded wellplate properties configuration from robot_state/wellplates.yaml
2025-10-21 15:10:51,609 - DEBUG - Moving North Track to home position
2025-10-21 15:10:51,609 - INFO - Grabbing wellplate from location: pipetting_area
2025-10-21 15:10:51,609 - DEBUG - No waypoint locations provided, skipping path movement
2025-10-21 15:10:56,056 - DEBUG - Opening gripper
2025-10-21 15:10:58,567 - DEBUG - Closing gripper
2025-10-21 15:11:00,898 - INFO - Releasing wellplate at location: lid_storage
2025-10-21 15:11:00,898 - DEBUG - No waypoint locations provided, skipping path movement
2025-10-21 15:11:02,961 - DEBUG - Opening gripper
