2025-10-07 12:25:10,769 - INFO - Initializing North Robot...
2025-10-07 12:25:10,770 - DEBUG - Loading robot configuration files...
2025-10-07 12:25:10,779 - DEBUG - Loaded vial positions configuration from robot_state/vial_positions.yaml
2025-10-07 12:25:10,781 - DEBUG - Loaded pipet tips configuration from robot_state/pipet_tips.yaml
2025-10-07 12:25:10,785 - DEBUG - Loaded pipet racks configuration from robot_state/pipet_racks.yaml
2025-10-07 12:25:10,785 - DEBUG - Loaded pump configuration from robot_state/syringe_pumps.yaml
2025-10-07 12:25:10,785 - DEBUG - Loaded robot hardware configuration from robot_state/robot_hardware.yaml
2025-10-07 12:25:10,785 - DEBUG - Loaded wellplate properties configuration from robot_state/wellplates.yaml
2025-10-07 12:25:10,785 - DEBUG - Loading robot state files...
2025-10-07 12:25:10,785 - DEBUG - Loaded vial data from status/calibration_vials_short.csv
2025-10-07 12:25:10,785 - DEBUG - Loaded robot status from robot_state/robot_status.yaml
2025-10-07 12:25:10,803 - DEBUG - Loaded wellplate positions from robot_state/wellplates.yaml
2025-10-07 12:25:10,803 - DEBUG - Robot status loaded successfully
2025-10-07 12:25:10,803 - DEBUG - Physical initialization of North Robot...
2025-10-07 12:25:11,123 - WARNING - The robot reports having a tip, removing the tip
2025-10-07 12:25:11,125 - INFO - Removing pipet
2025-10-07 12:25:14,519 - INFO - Moving robot to home position
2025-10-07 12:25:16,290 - DEBUG - Loading pumps from YAML configuration...
2025-10-07 12:25:16,402 - DEBUG - Loaded pump 0: volume=1.0mL, speed=11, liquid=None
2025-10-07 12:25:16,515 - DEBUG - Loaded pump 1: volume=2.5mL, speed=15, liquid=water
2025-10-07 12:25:16,722 - INFO - Initializing North Track...
2025-10-07 12:25:16,722 - DEBUG - Loading track status from file: robot_state/track_status.yaml
2025-10-07 12:25:16,722 - DEBUG - Getting track status from file: robot_state/track_status.yaml
2025-10-07 12:25:16,722 - DEBUG - Loaded track status from robot_state/track_status.yaml
2025-10-07 12:25:16,722 - DEBUG - Loading track positions from: robot_state/track_positions.yaml
2025-10-07 12:25:16,754 - DEBUG - Loaded track positions configuration from robot_state/track_positions.yaml
2025-10-07 12:25:16,754 - DEBUG - Loading robot hardware configuration from: robot_state/robot_hardware.yaml
2025-10-07 12:25:16,759 - DEBUG - Loaded robot hardware configuration from robot_state/robot_hardware.yaml
2025-10-07 12:25:16,759 - DEBUG - Loaded wellplate properties configuration from robot_state/wellplates.yaml
2025-10-07 12:25:16,774 - INFO -    vial_index           vial_name         location  location_index  vial_volume  capped cap_type vial_type    home_location  home_location_index
0           0  measurement_vial_0            clamp               0     0.539713    True     open      8_mL    main_8mL_rack                    0
1           1  measurement_vial_1    main_8mL_rack               1     0.000000    True     open      8_mL    main_8mL_rack                    1
2           2  measurement_vial_2    main_8mL_rack               2     0.000000    True     open      8_mL    main_8mL_rack                    2
3           3       liquid_source  large_vial_rack               2    19.460287    True     open     20_mL  large_vial_rack                    2
2025-10-07 12:25:16,788 - INFO - Visualizing vial racks...
2025-10-07 12:25:16,947 - DEBUG - Visualizing rack: Main Rack with filter: main_8mL_rack
2025-10-07 12:25:17,087 - DEBUG - Visualizing rack: Second Rack with filter: large_vial_rack
2025-10-07 12:25:21,371 - INFO - Vial measurement_vial_0 already at clamp index 0, no move needed
2025-10-07 12:25:21,608 - DEBUG - Selected small_tip for volume 0.050 mL
2025-10-07 12:25:21,698 - DEBUG - Selected small_tip for volume 0.060 mL
2025-10-07 12:25:21,698 - INFO - Getting small_tip (pipet number 5) from rack: small_tip_rack_1
2025-10-07 12:25:25,953 - INFO - Pipetting from vial liquid_source, amount: 0.06 mL
2025-10-07 12:25:25,955 - DEBUG - Adjusting pump 0 speed to 11
2025-10-07 12:25:28,990 - DEBUG - Aspirating 0.060 mL then waiting 22.48070776462555 s
2025-10-07 12:25:52,376 - DEBUG - Aspirating 0.036 mL then waiting 0 s
2025-10-07 12:25:52,776 - INFO - Pipetting into vial measurement_vial_0, amount: 0.06 mL
2025-10-07 12:25:55,767 - DEBUG - Adjusting pump 0 speed to 10
2025-10-07 12:25:59,246 - DEBUG - Dispensing 0.096 mL then waiting 5.529413223266602 s
2025-10-07 12:25:59,246 - WARNING - Dispense exceeded limit: Dispensing all liquid
2025-10-07 12:26:05,332 - DEBUG - Blowing out 0.050 mL
2025-10-07 12:26:13,778 - DEBUG - Selected small_tip for volume 0.055 mL
2025-10-07 12:26:13,779 - INFO - Pipetting from vial liquid_source, amount: 0.055 mL
2025-10-07 12:26:13,781 - DEBUG - Adjusting pump 0 speed to 34
2025-10-07 12:26:17,313 - DEBUG - Aspirating 0.055 mL then waiting 12.393135940656066 s
2025-10-07 12:26:42,647 - DEBUG - Aspirating 0.070 mL then waiting 0 s
2025-10-07 12:26:58,133 - INFO - Pipetting into vial measurement_vial_0, amount: 0.055 mL
2025-10-07 12:26:58,356 - DEBUG - Adjusting pump 0 speed to 23
2025-10-07 12:27:01,827 - DEBUG - Dispensing 0.125 mL then waiting 19.006759207695723 s
2025-10-07 12:27:01,827 - WARNING - Dispense exceeded limit: Dispensing all liquid
2025-10-07 12:27:26,332 - DEBUG - Blowing out 0.050 mL
2025-10-07 12:27:34,378 - DEBUG - Selected small_tip for volume 0.051 mL
2025-10-07 12:27:34,379 - INFO - Pipetting from vial liquid_source, amount: 0.051 mL
2025-10-07 12:27:34,381 - DEBUG - Adjusting pump 0 speed to 25
2025-10-07 12:27:37,929 - DEBUG - Aspirating 0.051 mL then waiting 28.394931005313993 s
2025-10-07 12:28:10,591 - DEBUG - Aspirating 0.021 mL then waiting 0 s
2025-10-07 12:28:12,111 - INFO - Pipetting into vial measurement_vial_0, amount: 0.051 mL
2025-10-07 12:28:15,166 - DEBUG - Adjusting pump 0 speed to 17
2025-10-07 12:28:18,632 - DEBUG - Dispensing 0.072 mL then waiting 12.44194284081459 s
2025-10-07 12:28:18,632 - WARNING - Dispense exceeded limit: Dispensing all liquid
2025-10-07 12:28:33,419 - DEBUG - Blowing out 0.050 mL
2025-10-07 12:28:38,991 - DEBUG - Selected small_tip for volume 0.055 mL
2025-10-07 12:28:38,992 - INFO - Pipetting from vial liquid_source, amount: 0.055 mL
2025-10-07 12:28:38,993 - DEBUG - Adjusting pump 0 speed to 16
2025-10-07 12:28:42,534 - DEBUG - Aspirating 0.055 mL then waiting 4.259606637060642 s
2025-10-07 12:28:48,180 - DEBUG - Aspirating 0.085 mL then waiting 0 s
2025-10-07 12:28:49,762 - INFO - Pipetting into vial measurement_vial_0, amount: 0.055 mL
2025-10-07 12:28:52,746 - DEBUG - Adjusting pump 0 speed to 30
2025-10-07 12:28:56,210 - DEBUG - Dispensing 0.140 mL then waiting 27.09417167119682 s
2025-10-07 12:29:35,485 - DEBUG - Blowing out 0.050 mL
2025-10-07 12:29:49,177 - DEBUG - Selected small_tip for volume 0.052 mL
2025-10-07 12:29:49,178 - INFO - Pipetting from vial liquid_source, amount: 0.052 mL
2025-10-07 12:29:49,179 - DEBUG - Adjusting pump 0 speed to 14
2025-10-07 12:29:52,690 - DEBUG - Aspirating 0.052 mL then waiting 8.865606626495719 s
2025-10-07 12:30:02,511 - DEBUG - Aspirating 0.010 mL then waiting 0 s
2025-10-07 12:30:02,845 - INFO - Pipetting into vial measurement_vial_0, amount: 0.052 mL
2025-10-07 12:30:02,959 - DEBUG - Adjusting pump 0 speed to 14
2025-10-07 12:30:06,286 - DEBUG - Dispensing 0.062 mL then waiting 25.507228514179587 s
2025-10-07 12:30:06,286 - WARNING - Dispense exceeded limit: Dispensing all liquid
2025-10-07 12:30:32,480 - DEBUG - Blowing out 0.050 mL
2025-10-07 12:30:42,865 - DEBUG - Selected small_tip for volume 0.050 mL
2025-10-07 12:30:42,867 - INFO - Pipetting from vial liquid_source, amount: 0.05 mL
2025-10-07 12:30:42,871 - DEBUG - Adjusting pump 0 speed to 9
2025-10-07 12:30:46,418 - DEBUG - Aspirating 0.050 mL then waiting 18.770006102219607 s
2025-10-07 12:31:06,016 - INFO - Pipetting into vial measurement_vial_0, amount: 0.05 mL
2025-10-07 12:31:06,153 - DEBUG - Adjusting pump 0 speed to 9
2025-10-07 12:31:09,484 - DEBUG - Dispensing 0.050 mL then waiting 11.048630964469885 s
2025-10-07 12:31:20,908 - DEBUG - Blowing out 0.050 mL
2025-10-07 12:31:30,989 - DEBUG - Selected small_tip for volume 0.050 mL
2025-10-07 12:31:30,989 - INFO - Pipetting from vial liquid_source, amount: 0.05 mL
2025-10-07 12:31:30,993 - DEBUG - Adjusting pump 0 speed to 5
2025-10-07 12:31:34,532 - DEBUG - Aspirating 0.050 mL then waiting 29.999999999982514 s
2025-10-07 12:32:05,243 - DEBUG - Aspirating 0.000 mL then waiting 0 s
2025-10-07 12:32:05,413 - INFO - Pipetting into vial measurement_vial_0, amount: 0.05 mL
2025-10-07 12:32:05,564 - DEBUG - Adjusting pump 0 speed to 5
2025-10-07 12:32:08,890 - DEBUG - Dispensing 0.050 mL then waiting 30.0 s
2025-10-07 12:32:39,225 - DEBUG - Blowing out 0.050 mL
2025-10-07 12:32:50,857 - DEBUG - Selected small_tip for volume 0.050 mL
2025-10-07 12:32:50,857 - INFO - Pipetting from vial liquid_source, amount: 0.05 mL
2025-10-07 12:32:50,861 - DEBUG - Adjusting pump 0 speed to 18
2025-10-07 12:32:54,429 - DEBUG - Aspirating 0.050 mL then waiting 12.020273350179204 s
2025-10-07 12:33:08,777 - DEBUG - Aspirating 0.000 mL then waiting 0 s
2025-10-07 12:33:08,950 - INFO - Pipetting into vial measurement_vial_0, amount: 0.05 mL
2025-10-07 12:33:09,161 - DEBUG - Adjusting pump 0 speed to 10
2025-10-07 12:33:12,631 - DEBUG - Dispensing 0.050 mL then waiting 10.214150376967876 s
2025-10-07 12:33:23,253 - DEBUG - Blowing out 0.050 mL
2025-10-07 12:33:34,537 - DEBUG - Selected small_tip for volume 0.050 mL
2025-10-07 12:33:34,537 - INFO - Pipetting from vial liquid_source, amount: 0.05 mL
2025-10-07 12:33:34,537 - DEBUG - Adjusting pump 0 speed to 5
2025-10-07 12:33:38,081 - DEBUG - Aspirating 0.050 mL then waiting 2.440009557462729 s
2025-10-07 12:33:41,279 - DEBUG - Aspirating 0.000 mL then waiting 0 s
2025-10-07 12:33:41,445 - INFO - Pipetting into vial measurement_vial_0, amount: 0.05 mL
2025-10-07 12:33:41,561 - DEBUG - Adjusting pump 0 speed to 12
2025-10-07 12:33:44,957 - DEBUG - Dispensing 0.050 mL then waiting 6.342687970195574 s
2025-10-07 12:33:51,735 - DEBUG - Blowing out 0.050 mL
2025-10-07 12:34:01,706 - DEBUG - Selected small_tip for volume 0.050 mL
2025-10-07 12:34:01,706 - INFO - Pipetting from vial liquid_source, amount: 0.05 mL
2025-10-07 12:34:01,706 - DEBUG - Adjusting pump 0 speed to 5
2025-10-07 12:34:05,224 - DEBUG - Aspirating 0.050 mL then waiting 8.862863816920968e-14 s
2025-10-07 12:34:05,977 - DEBUG - Aspirating 0.000 mL then waiting 0 s
2025-10-07 12:34:06,136 - INFO - Pipetting into vial measurement_vial_0, amount: 0.05 mL
2025-10-07 12:34:07,761 - DEBUG - Adjusting pump 0 speed to 25
2025-10-07 12:34:11,207 - DEBUG - Dispensing 0.050 mL then waiting 6.589739204174293e-14 s
2025-10-07 12:34:13,878 - DEBUG - Blowing out 0.050 mL
2025-10-07 12:34:29,084 - DEBUG - Selected small_tip for volume 0.050 mL
2025-10-07 12:34:29,084 - INFO - Pipetting from vial liquid_source, amount: 0.05 mL
2025-10-07 12:34:29,099 - DEBUG - Adjusting pump 0 speed to 5
2025-10-07 12:34:32,657 - DEBUG - Aspirating 0.050 mL then waiting 2.9236175038014283e-13 s
2025-10-07 12:34:34,335 - DEBUG - Aspirating 0.000 mL then waiting 0 s
2025-10-07 12:34:34,480 - INFO - Pipetting into vial measurement_vial_0, amount: 0.05 mL
2025-10-07 12:34:34,960 - DEBUG - Adjusting pump 0 speed to 5
2025-10-07 12:34:38,351 - DEBUG - Dispensing 0.050 mL then waiting 1.0518775344949747 s
2025-10-07 12:34:39,743 - DEBUG - Blowing out 0.050 mL
2025-10-07 12:34:54,529 - DEBUG - Selected small_tip for volume 0.050 mL
2025-10-07 12:34:54,529 - INFO - Pipetting from vial liquid_source, amount: 0.05 mL
2025-10-07 12:34:54,529 - DEBUG - Adjusting pump 0 speed to 5
2025-10-07 12:34:57,961 - DEBUG - Aspirating 0.050 mL then waiting 3.7094745491101496e-13 s
2025-10-07 12:34:58,649 - DEBUG - Aspirating 0.000 mL then waiting 0 s
2025-10-07 12:34:58,818 - INFO - Pipetting into vial measurement_vial_0, amount: 0.05 mL
2025-10-07 12:35:01,160 - DEBUG - Adjusting pump 0 speed to 5
2025-10-07 12:35:04,535 - DEBUG - Dispensing 0.050 mL then waiting 0.0 s
2025-10-07 12:35:04,838 - DEBUG - Blowing out 0.050 mL
2025-10-07 12:35:16,744 - DEBUG - Selected small_tip for volume 0.050 mL
2025-10-07 12:35:16,744 - INFO - Pipetting from vial liquid_source, amount: 0.05 mL
2025-10-07 12:35:16,744 - DEBUG - Adjusting pump 0 speed to 21
2025-10-07 12:35:20,272 - DEBUG - Aspirating 0.050 mL then waiting 0.0 s
2025-10-07 12:35:22,898 - DEBUG - Aspirating 0.000 mL then waiting 0 s
2025-10-07 12:35:23,065 - INFO - Pipetting into vial measurement_vial_0, amount: 0.05 mL
2025-10-07 12:35:24,557 - DEBUG - Adjusting pump 0 speed to 5
2025-10-07 12:35:28,033 - DEBUG - Dispensing 0.050 mL then waiting 20.9071653046783 s
2025-10-07 12:35:49,258 - DEBUG - Blowing out 0.050 mL
2025-10-07 12:36:01,957 - DEBUG - Selected small_tip for volume 0.060 mL
2025-10-07 12:36:01,959 - INFO - Pipetting from vial liquid_source, amount: 0.06 mL
2025-10-07 12:36:01,961 - DEBUG - Adjusting pump 0 speed to 5
2025-10-07 12:36:05,398 - DEBUG - Aspirating 0.060 mL then waiting 0.0 s
2025-10-07 12:36:06,117 - INFO - Pipetting into vial measurement_vial_0, amount: 0.06 mL
2025-10-07 12:36:07,753 - DEBUG - Adjusting pump 0 speed to 5
2025-10-07 12:36:11,124 - DEBUG - Dispensing 0.060 mL then waiting 0.0 s
2025-10-07 12:36:11,444 - DEBUG - Blowing out 0.050 mL
2025-10-07 12:36:23,475 - DEBUG - Selected small_tip for volume 0.052 mL
2025-10-07 12:36:23,476 - INFO - Pipetting from vial liquid_source, amount: 0.052 mL
2025-10-07 12:36:23,479 - DEBUG - Adjusting pump 0 speed to 25
2025-10-07 12:36:27,008 - DEBUG - Aspirating 0.052 mL then waiting 2.4406167135228225e-15 s
2025-10-07 12:36:30,447 - DEBUG - Aspirating 0.000 mL then waiting 0 s
2025-10-07 12:36:30,607 - INFO - Pipetting into vial measurement_vial_0, amount: 0.052 mL
2025-10-07 12:36:32,766 - DEBUG - Adjusting pump 0 speed to 19
2025-10-07 12:36:36,221 - DEBUG - Dispensing 0.052 mL then waiting 15.195653095140111 s
2025-10-07 12:36:53,308 - DEBUG - Blowing out 0.050 mL
2025-10-07 12:37:09,319 - DEBUG - Selected small_tip for volume 0.054 mL
2025-10-07 12:37:09,321 - INFO - Pipetting from vial liquid_source, amount: 0.054 mL
2025-10-07 12:37:09,323 - DEBUG - Adjusting pump 0 speed to 28
2025-10-07 12:37:12,867 - DEBUG - Aspirating 0.054 mL then waiting 18.305708200354292 s
2025-10-07 12:37:35,916 - INFO - Pipetting into vial measurement_vial_0, amount: 0.054 mL
2025-10-07 12:37:36,156 - DEBUG - Adjusting pump 0 speed to 5
2025-10-07 12:37:39,659 - DEBUG - Dispensing 0.054 mL then waiting 16.33255846667634 s
2025-10-07 12:37:56,325 - DEBUG - Blowing out 0.050 mL
2025-10-07 12:38:09,141 - DEBUG - Selected small_tip for volume 0.051 mL
2025-10-07 12:38:09,144 - INFO - Pipetting from vial liquid_source, amount: 0.051 mL
2025-10-07 12:38:09,147 - DEBUG - Adjusting pump 0 speed to 5
2025-10-07 12:38:12,561 - DEBUG - Aspirating 0.051 mL then waiting 2.8197626704344033e-14 s
2025-10-07 12:38:13,299 - INFO - Pipetting into vial measurement_vial_0, amount: 0.051 mL
2025-10-07 12:38:17,353 - DEBUG - Adjusting pump 0 speed to 5
2025-10-07 12:38:20,751 - DEBUG - Dispensing 0.051 mL then waiting 19.57801623457403 s
2025-10-07 12:38:40,649 - DEBUG - Blowing out 0.050 mL
2025-10-07 12:38:54,202 - DEBUG - Selected small_tip for volume 0.056 mL
2025-10-07 12:38:54,204 - INFO - Pipetting from vial liquid_source, amount: 0.056 mL
2025-10-07 12:38:54,205 - DEBUG - Adjusting pump 0 speed to 22
2025-10-07 12:38:57,729 - DEBUG - Aspirating 0.056 mL then waiting 7.774688345704371 s
2025-10-07 12:39:10,689 - DEBUG - Aspirating 0.000 mL then waiting 0 s
2025-10-07 12:39:10,848 - INFO - Pipetting into vial measurement_vial_0, amount: 0.056 mL
2025-10-07 12:39:10,948 - DEBUG - Adjusting pump 0 speed to 11
2025-10-07 12:39:14,416 - DEBUG - Dispensing 0.056 mL then waiting 21.200699550794013 s
2025-10-07 12:39:36,033 - DEBUG - Blowing out 0.050 mL
2025-10-07 12:39:49,922 - DEBUG - Selected small_tip for volume 0.053 mL
2025-10-07 12:39:49,922 - INFO - Pipetting from vial liquid_source, amount: 0.053 mL
2025-10-07 12:39:49,922 - DEBUG - Adjusting pump 0 speed to 34
2025-10-07 12:39:53,492 - DEBUG - Aspirating 0.053 mL then waiting 22.998508954809974 s
2025-10-07 12:40:28,778 - DEBUG - Aspirating 0.000 mL then waiting 0 s
2025-10-07 12:40:28,946 - INFO - Pipetting into vial measurement_vial_0, amount: 0.053 mL
2025-10-07 12:40:29,162 - DEBUG - Adjusting pump 0 speed to 5
2025-10-07 12:40:32,601 - DEBUG - Dispensing 0.053 mL then waiting 16.031850860349426 s
2025-10-07 12:40:48,964 - DEBUG - Blowing out 0.050 mL
2025-10-07 12:41:03,755 - DEBUG - Selected small_tip for volume 0.053 mL
2025-10-07 12:41:03,755 - INFO - Pipetting from vial liquid_source, amount: 0.053 mL
2025-10-07 12:41:03,755 - DEBUG - Adjusting pump 0 speed to 24
2025-10-07 12:41:07,324 - DEBUG - Aspirating 0.053 mL then waiting 6.84254957768124 s
2025-10-07 12:41:17,468 - DEBUG - Aspirating 0.006 mL then waiting 0 s
2025-10-07 12:41:18,234 - INFO - Pipetting into vial measurement_vial_0, amount: 0.053 mL
2025-10-07 12:41:21,371 - DEBUG - Adjusting pump 0 speed to 9
2025-10-07 12:41:24,858 - DEBUG - Dispensing 0.059 mL then waiting 9.560992401561412e-15 s
2025-10-07 12:41:24,858 - WARNING - Dispense exceeded limit: Dispensing all liquid
2025-10-07 12:41:25,297 - DEBUG - Blowing out 0.050 mL
2025-10-07 12:41:38,125 - DEBUG - Selected small_tip for volume 0.055 mL
2025-10-07 12:41:38,125 - INFO - Pipetting from vial liquid_source, amount: 0.055 mL
2025-10-07 12:41:38,125 - DEBUG - Adjusting pump 0 speed to 5
2025-10-07 12:41:41,669 - DEBUG - Aspirating 0.055 mL then waiting 7.074282973410235e-14 s
2025-10-07 12:41:42,453 - INFO - Pipetting into vial measurement_vial_0, amount: 0.055 mL
2025-10-07 12:41:44,356 - DEBUG - Adjusting pump 0 speed to 5
2025-10-07 12:41:47,731 - DEBUG - Dispensing 0.055 mL then waiting 0.0 s
2025-10-07 12:41:48,033 - DEBUG - Blowing out 0.050 mL
2025-10-07 12:42:00,195 - DEBUG - Selected small_tip for volume 0.053 mL
2025-10-07 12:42:00,197 - INFO - Pipetting from vial liquid_source, amount: 0.053 mL
2025-10-07 12:42:00,198 - DEBUG - Adjusting pump 0 speed to 33
2025-10-07 12:42:03,711 - DEBUG - Aspirating 0.053 mL then waiting 12.545180436883301 s
2025-10-07 12:42:25,832 - INFO - Pipetting into vial measurement_vial_0, amount: 0.053 mL
2025-10-07 12:42:25,956 - DEBUG - Adjusting pump 0 speed to 5
2025-10-07 12:42:29,399 - DEBUG - Dispensing 0.053 mL then waiting 3.6291499456344734e-16 s
2025-10-07 12:42:29,749 - DEBUG - Blowing out 0.050 mL
2025-10-07 12:42:41,985 - DEBUG - Selected small_tip for volume 0.054 mL
2025-10-07 12:42:41,985 - INFO - Pipetting from vial liquid_source, amount: 0.054 mL
2025-10-07 12:42:41,985 - DEBUG - Adjusting pump 0 speed to 35
2025-10-07 12:42:45,529 - DEBUG - Aspirating 0.054 mL then waiting 9.11185329205783 s
2025-10-07 12:43:13,418 - INFO - Pipetting into vial measurement_vial_0, amount: 0.054 mL
2025-10-07 12:43:13,562 - DEBUG - Adjusting pump 0 speed to 5
2025-10-07 12:43:17,017 - DEBUG - Dispensing 0.054 mL then waiting 0.0 s
2025-10-07 12:43:17,337 - DEBUG - Blowing out 0.050 mL
2025-10-07 12:43:29,447 - DEBUG - Selected small_tip for volume 0.060 mL
2025-10-07 12:43:29,447 - INFO - Pipetting from vial liquid_source, amount: 0.06 mL
2025-10-07 12:43:29,447 - DEBUG - Adjusting pump 0 speed to 5
2025-10-07 12:43:32,917 - DEBUG - Aspirating 0.060 mL then waiting 0.0 s
2025-10-07 12:43:33,588 - INFO - Pipetting into vial measurement_vial_0, amount: 0.06 mL
2025-10-07 12:43:36,362 - DEBUG - Adjusting pump 0 speed to 9
2025-10-07 12:43:39,843 - DEBUG - Dispensing 0.060 mL then waiting 0.0 s
2025-10-07 12:43:40,251 - DEBUG - Blowing out 0.050 mL
2025-10-07 12:43:54,209 - DEBUG - Selected small_tip for volume 0.055 mL
2025-10-07 12:43:54,209 - INFO - Pipetting from vial liquid_source, amount: 0.055 mL
2025-10-07 12:43:54,209 - DEBUG - Adjusting pump 0 speed to 5
2025-10-07 12:43:57,709 - DEBUG - Aspirating 0.055 mL then waiting 2.1190959073218714e-08 s
2025-10-07 12:43:58,461 - DEBUG - Aspirating 0.006 mL then waiting 0 s
2025-10-07 12:43:58,712 - INFO - Pipetting into vial measurement_vial_0, amount: 0.055 mL
2025-10-07 12:43:58,957 - DEBUG - Adjusting pump 0 speed to 5
2025-10-07 12:44:02,300 - DEBUG - Dispensing 0.060 mL then waiting 3.333149486690262e-08 s
2025-10-07 12:44:02,300 - WARNING - Dispense exceeded limit: Dispensing all liquid
2025-10-07 12:44:02,697 - DEBUG - Blowing out 0.050 mL
2025-10-07 12:44:06,779 - DEBUG - Selected small_tip for volume 0.055 mL
2025-10-07 12:44:06,781 - INFO - Pipetting from vial liquid_source, amount: 0.055 mL
2025-10-07 12:44:06,782 - DEBUG - Adjusting pump 0 speed to 5
2025-10-07 12:44:10,226 - DEBUG - Aspirating 0.055 mL then waiting 2.1190959073218714e-08 s
2025-10-07 12:44:10,952 - DEBUG - Aspirating 0.006 mL then waiting 0 s
2025-10-07 12:44:11,197 - INFO - Pipetting into vial measurement_vial_0, amount: 0.055 mL
2025-10-07 12:44:13,368 - DEBUG - Adjusting pump 0 speed to 5
2025-10-07 12:44:16,760 - DEBUG - Dispensing 0.060 mL then waiting 3.333149486690262e-08 s
2025-10-07 12:44:16,761 - WARNING - Dispense exceeded limit: Dispensing all liquid
2025-10-07 12:44:17,160 - DEBUG - Blowing out 0.050 mL
2025-10-07 12:44:20,355 - DEBUG - Selected small_tip for volume 0.055 mL
2025-10-07 12:44:20,355 - INFO - Pipetting from vial liquid_source, amount: 0.055 mL
2025-10-07 12:44:20,355 - DEBUG - Adjusting pump 0 speed to 5
2025-10-07 12:44:23,814 - DEBUG - Aspirating 0.055 mL then waiting 2.1190959073218714e-08 s
2025-10-07 12:44:24,565 - DEBUG - Aspirating 0.006 mL then waiting 0 s
2025-10-07 12:44:24,805 - INFO - Pipetting into vial measurement_vial_0, amount: 0.055 mL
2025-10-07 12:44:26,165 - DEBUG - Adjusting pump 0 speed to 5
2025-10-07 12:44:29,510 - DEBUG - Dispensing 0.060 mL then waiting 3.333149486690262e-08 s
2025-10-07 12:44:29,510 - WARNING - Dispense exceeded limit: Dispensing all liquid
2025-10-07 12:44:29,844 - DEBUG - Blowing out 0.050 mL
2025-10-07 12:44:32,963 - DEBUG - Selected small_tip for volume 0.055 mL
2025-10-07 12:44:32,963 - INFO - Pipetting from vial liquid_source, amount: 0.055 mL
2025-10-07 12:44:32,963 - DEBUG - Adjusting pump 0 speed to 5
2025-10-07 12:44:36,450 - DEBUG - Aspirating 0.055 mL then waiting 2.1190959073218714e-08 s
2025-10-07 12:44:37,218 - DEBUG - Aspirating 0.006 mL then waiting 0 s
2025-10-07 12:44:37,465 - INFO - Pipetting into vial measurement_vial_0, amount: 0.055 mL
2025-10-07 12:44:38,769 - DEBUG - Adjusting pump 0 speed to 5
2025-10-07 12:44:42,096 - DEBUG - Dispensing 0.060 mL then waiting 3.333149486690262e-08 s
2025-10-07 12:44:42,096 - WARNING - Dispense exceeded limit: Dispensing all liquid
2025-10-07 12:44:42,431 - DEBUG - Blowing out 0.050 mL
2025-10-07 12:44:45,766 - DEBUG - Selected small_tip for volume 0.055 mL
2025-10-07 12:44:45,766 - INFO - Pipetting from vial liquid_source, amount: 0.055 mL
2025-10-07 12:44:45,770 - DEBUG - Adjusting pump 0 speed to 5
2025-10-07 12:44:49,230 - DEBUG - Aspirating 0.055 mL then waiting 2.1190959073218714e-08 s
2025-10-07 12:44:49,982 - DEBUG - Aspirating 0.006 mL then waiting 0 s
2025-10-07 12:44:50,222 - INFO - Pipetting into vial measurement_vial_0, amount: 0.055 mL
2025-10-07 12:44:51,356 - DEBUG - Adjusting pump 0 speed to 5
2025-10-07 12:44:54,716 - DEBUG - Dispensing 0.060 mL then waiting 3.333149486690262e-08 s
2025-10-07 12:44:54,716 - WARNING - Dispense exceeded limit: Dispensing all liquid
2025-10-07 12:44:55,116 - DEBUG - Blowing out 0.050 mL
2025-10-07 12:44:58,587 - DEBUG - Selected small_tip for volume 0.055 mL
2025-10-07 12:44:58,593 - INFO - Pipetting from vial liquid_source, amount: 0.055 mL
2025-10-07 12:44:58,593 - DEBUG - Adjusting pump 0 speed to 5
2025-10-07 12:45:02,042 - DEBUG - Aspirating 0.055 mL then waiting 2.1190959073218714e-08 s
2025-10-07 12:45:02,759 - DEBUG - Aspirating 0.006 mL then waiting 0 s
2025-10-07 12:45:03,009 - INFO - Pipetting into vial measurement_vial_0, amount: 0.055 mL
2025-10-07 12:45:05,961 - DEBUG - Adjusting pump 0 speed to 5
2025-10-07 12:45:09,336 - DEBUG - Dispensing 0.060 mL then waiting 3.333149486690262e-08 s
2025-10-07 12:45:09,336 - WARNING - Dispense exceeded limit: Dispensing all liquid
2025-10-07 12:45:09,672 - DEBUG - Blowing out 0.050 mL
2025-10-07 12:45:12,974 - DEBUG - Selected small_tip for volume 0.025 mL
2025-10-07 12:45:12,981 - DEBUG - Selected small_tip for volume 0.030 mL
2025-10-07 12:45:12,983 - INFO - Pipetting from vial liquid_source, amount: 0.03 mL
2025-10-07 12:45:12,984 - DEBUG - Adjusting pump 0 speed to 5
2025-10-07 12:45:16,422 - DEBUG - Aspirating 0.030 mL then waiting 2.1190959073218714e-08 s
2025-10-07 12:45:17,110 - DEBUG - Aspirating 0.006 mL then waiting 0 s
2025-10-07 12:45:17,350 - INFO - Pipetting into vial measurement_vial_0, amount: 0.03 mL
2025-10-07 12:45:18,757 - DEBUG - Adjusting pump 0 speed to 5
2025-10-07 12:45:22,148 - DEBUG - Dispensing 0.035 mL then waiting 3.333149486690262e-08 s
2025-10-07 12:45:22,148 - WARNING - Dispense exceeded limit: Dispensing all liquid
2025-10-07 12:45:22,454 - DEBUG - Blowing out 0.050 mL
2025-10-07 12:45:26,371 - DEBUG - Selected small_tip for volume 0.030 mL
2025-10-07 12:45:26,371 - INFO - Pipetting from vial liquid_source, amount: 0.03 mL
2025-10-07 12:45:26,371 - DEBUG - Adjusting pump 0 speed to 5
2025-10-07 12:45:29,810 - DEBUG - Aspirating 0.030 mL then waiting 2.1190959073218714e-08 s
2025-10-07 12:45:30,498 - DEBUG - Aspirating 0.006 mL then waiting 0 s
2025-10-07 12:45:30,741 - INFO - Pipetting into vial measurement_vial_0, amount: 0.03 mL
2025-10-07 12:45:32,561 - DEBUG - Adjusting pump 0 speed to 5
2025-10-07 12:45:35,905 - DEBUG - Dispensing 0.035 mL then waiting 3.333149486690262e-08 s
2025-10-07 12:45:35,905 - WARNING - Dispense exceeded limit: Dispensing all liquid
2025-10-07 12:45:36,212 - DEBUG - Blowing out 0.050 mL
2025-10-07 12:45:39,762 - DEBUG - Selected small_tip for volume 0.030 mL
2025-10-07 12:45:39,762 - INFO - Pipetting from vial liquid_source, amount: 0.03 mL
2025-10-07 12:45:39,762 - DEBUG - Adjusting pump 0 speed to 5
2025-10-07 12:45:43,198 - DEBUG - Aspirating 0.030 mL then waiting 2.1190959073218714e-08 s
2025-10-07 12:45:43,886 - DEBUG - Aspirating 0.006 mL then waiting 0 s
2025-10-07 12:45:44,126 - INFO - Pipetting into vial measurement_vial_0, amount: 0.03 mL
2025-10-07 12:45:45,758 - DEBUG - Adjusting pump 0 speed to 5
2025-10-07 12:45:49,101 - DEBUG - Dispensing 0.035 mL then waiting 3.333149486690262e-08 s
2025-10-07 12:45:49,101 - WARNING - Dispense exceeded limit: Dispensing all liquid
2025-10-07 12:45:49,445 - DEBUG - Blowing out 0.050 mL
2025-10-07 12:45:53,563 - DEBUG - Selected small_tip for volume 0.030 mL
2025-10-07 12:45:53,563 - INFO - Pipetting from vial liquid_source, amount: 0.03 mL
2025-10-07 12:45:53,563 - DEBUG - Adjusting pump 0 speed to 5
2025-10-07 12:45:57,043 - DEBUG - Aspirating 0.030 mL then waiting 2.1190959073218714e-08 s
2025-10-07 12:45:57,721 - DEBUG - Aspirating 0.006 mL then waiting 0 s
2025-10-07 12:45:57,964 - INFO - Pipetting into vial measurement_vial_0, amount: 0.03 mL
2025-10-07 12:45:59,562 - DEBUG - Adjusting pump 0 speed to 5
2025-10-07 12:46:02,937 - DEBUG - Dispensing 0.035 mL then waiting 3.333149486690262e-08 s
2025-10-07 12:46:02,938 - WARNING - Dispense exceeded limit: Dispensing all liquid
2025-10-07 12:46:03,242 - DEBUG - Blowing out 0.050 mL
2025-10-07 12:46:07,367 - DEBUG - Selected small_tip for volume 0.030 mL
2025-10-07 12:46:07,367 - INFO - Pipetting from vial liquid_source, amount: 0.03 mL
2025-10-07 12:46:07,367 - DEBUG - Adjusting pump 0 speed to 5
2025-10-07 12:46:10,870 - DEBUG - Aspirating 0.030 mL then waiting 2.1190959073218714e-08 s
2025-10-07 12:46:11,558 - DEBUG - Aspirating 0.006 mL then waiting 0 s
2025-10-07 12:46:11,811 - INFO - Pipetting into vial measurement_vial_0, amount: 0.03 mL
2025-10-07 12:46:13,149 - DEBUG - Adjusting pump 0 speed to 5
2025-10-07 12:46:16,516 - DEBUG - Dispensing 0.035 mL then waiting 3.333149486690262e-08 s
2025-10-07 12:46:16,518 - WARNING - Dispense exceeded limit: Dispensing all liquid
2025-10-07 12:46:16,862 - DEBUG - Blowing out 0.050 mL
2025-10-07 12:46:19,785 - DEBUG - Selected small_tip for volume 0.010 mL
2025-10-07 12:46:19,793 - DEBUG - Selected small_tip for volume 0.015 mL
2025-10-07 12:46:19,794 - INFO - Pipetting from vial liquid_source, amount: 0.015 mL
2025-10-07 12:46:19,795 - DEBUG - Adjusting pump 0 speed to 5
2025-10-07 12:46:23,218 - DEBUG - Aspirating 0.015 mL then waiting 2.1190959073218714e-08 s
2025-10-07 12:46:23,906 - DEBUG - Aspirating 0.006 mL then waiting 0 s
2025-10-07 12:46:24,146 - INFO - Pipetting into vial measurement_vial_0, amount: 0.015 mL
2025-10-07 12:46:25,762 - DEBUG - Adjusting pump 0 speed to 5
2025-10-07 12:46:29,105 - DEBUG - Dispensing 0.020 mL then waiting 3.333149486690262e-08 s
2025-10-07 12:46:29,105 - WARNING - Dispense exceeded limit: Dispensing all liquid
2025-10-07 12:46:29,353 - DEBUG - Blowing out 0.050 mL
2025-10-07 12:46:34,168 - DEBUG - Selected small_tip for volume 0.015 mL
2025-10-07 12:46:34,168 - INFO - Pipetting from vial liquid_source, amount: 0.015 mL
2025-10-07 12:46:34,168 - DEBUG - Adjusting pump 0 speed to 5
2025-10-07 12:46:37,630 - DEBUG - Aspirating 0.015 mL then waiting 2.1190959073218714e-08 s
2025-10-07 12:46:38,315 - DEBUG - Aspirating 0.006 mL then waiting 0 s
2025-10-07 12:46:38,558 - INFO - Pipetting into vial measurement_vial_0, amount: 0.015 mL
2025-10-07 12:46:39,966 - DEBUG - Adjusting pump 0 speed to 5
2025-10-07 12:46:43,293 - DEBUG - Dispensing 0.020 mL then waiting 3.333149486690262e-08 s
2025-10-07 12:46:43,309 - WARNING - Dispense exceeded limit: Dispensing all liquid
2025-10-07 12:46:43,545 - DEBUG - Blowing out 0.050 mL
2025-10-07 12:46:47,570 - DEBUG - Selected small_tip for volume 0.015 mL
2025-10-07 12:46:47,570 - INFO - Pipetting from vial liquid_source, amount: 0.015 mL
2025-10-07 12:46:47,570 - DEBUG - Adjusting pump 0 speed to 5
2025-10-07 12:46:51,018 - DEBUG - Aspirating 0.015 mL then waiting 2.1190959073218714e-08 s
2025-10-07 12:46:51,683 - DEBUG - Aspirating 0.006 mL then waiting 0 s
2025-10-07 12:46:51,982 - INFO - Pipetting into vial measurement_vial_0, amount: 0.015 mL
2025-10-07 12:46:53,769 - DEBUG - Adjusting pump 0 speed to 5
2025-10-07 12:46:57,117 - DEBUG - Dispensing 0.020 mL then waiting 3.333149486690262e-08 s
2025-10-07 12:46:57,117 - WARNING - Dispense exceeded limit: Dispensing all liquid
2025-10-07 12:46:57,386 - DEBUG - Blowing out 0.050 mL
2025-10-07 12:47:01,970 - DEBUG - Selected small_tip for volume 0.015 mL
2025-10-07 12:47:01,970 - INFO - Pipetting from vial liquid_source, amount: 0.015 mL
2025-10-07 12:47:01,989 - DEBUG - Adjusting pump 0 speed to 5
2025-10-07 12:47:05,446 - DEBUG - Aspirating 0.015 mL then waiting 2.1190959073218714e-08 s
2025-10-07 12:47:06,134 - DEBUG - Aspirating 0.006 mL then waiting 0 s
2025-10-07 12:47:06,407 - INFO - Pipetting into vial measurement_vial_0, amount: 0.015 mL
2025-10-07 12:47:06,966 - DEBUG - Adjusting pump 0 speed to 5
2025-10-07 12:47:10,325 - DEBUG - Dispensing 0.020 mL then waiting 3.333149486690262e-08 s
2025-10-07 12:47:10,325 - WARNING - Dispense exceeded limit: Dispensing all liquid
2025-10-07 12:47:10,627 - DEBUG - Blowing out 0.050 mL
2025-10-07 12:47:15,180 - DEBUG - Selected small_tip for volume 0.015 mL
2025-10-07 12:47:15,180 - INFO - Pipetting from vial liquid_source, amount: 0.015 mL
2025-10-07 12:47:15,180 - DEBUG - Adjusting pump 0 speed to 5
2025-10-07 12:47:18,642 - DEBUG - Aspirating 0.015 mL then waiting 2.1190959073218714e-08 s
2025-10-07 12:47:19,330 - DEBUG - Aspirating 0.006 mL then waiting 0 s
2025-10-07 12:47:19,572 - INFO - Pipetting into vial measurement_vial_0, amount: 0.015 mL
2025-10-07 12:47:19,750 - DEBUG - Adjusting pump 0 speed to 5
2025-10-07 12:47:23,089 - DEBUG - Dispensing 0.020 mL then waiting 3.333149486690262e-08 s
2025-10-07 12:47:23,089 - WARNING - Dispense exceeded limit: Dispensing all liquid
2025-10-07 12:47:23,366 - DEBUG - Blowing out 0.050 mL
2025-10-07 12:47:25,377 - DEBUG - Selected small_tip for volume 0.010 mL
2025-10-07 12:47:25,378 - INFO - Pipetting from vial liquid_source, amount: 0.01 mL
2025-10-07 12:47:25,378 - DEBUG - Adjusting pump 0 speed to 5
2025-10-07 12:47:28,831 - DEBUG - Aspirating 0.010 mL then waiting 2.1190959073218714e-08 s
2025-10-07 12:47:29,519 - DEBUG - Aspirating 0.006 mL then waiting 0 s
2025-10-07 12:47:29,768 - INFO - Pipetting into vial measurement_vial_0, amount: 0.01 mL
2025-10-07 12:47:31,159 - DEBUG - Adjusting pump 0 speed to 5
2025-10-07 12:47:34,509 - DEBUG - Dispensing 0.016 mL then waiting 3.333149486690262e-08 s
2025-10-07 12:47:34,770 - DEBUG - Blowing out 0.050 mL
2025-10-07 12:47:40,787 - DEBUG - Selected small_tip for volume 0.012 mL
2025-10-07 12:47:40,789 - INFO - Pipetting from vial liquid_source, amount: 0.012 mL
2025-10-07 12:47:40,792 - DEBUG - Adjusting pump 0 speed to 5
2025-10-07 12:47:44,276 - DEBUG - Aspirating 0.012 mL then waiting 2.1190959073218714e-08 s
2025-10-07 12:47:44,938 - DEBUG - Aspirating 0.006 mL then waiting 0 s
2025-10-07 12:47:45,157 - INFO - Pipetting into vial measurement_vial_0, amount: 0.012 mL
2025-10-07 12:47:46,762 - DEBUG - Adjusting pump 0 speed to 5
2025-10-07 12:47:50,137 - DEBUG - Dispensing 0.017 mL then waiting 3.333149486690262e-08 s
2025-10-07 12:47:50,137 - WARNING - Dispense exceeded limit: Dispensing all liquid
2025-10-07 12:47:50,379 - DEBUG - Blowing out 0.050 mL
2025-10-07 12:47:53,987 - DEBUG - Selected small_tip for volume 0.011 mL
2025-10-07 12:47:53,989 - INFO - Pipetting from vial liquid_source, amount: 0.011 mL
2025-10-07 12:47:53,991 - DEBUG - Adjusting pump 0 speed to 5
2025-10-07 12:47:57,447 - DEBUG - Aspirating 0.011 mL then waiting 2.1190959073218714e-08 s
2025-10-07 12:47:58,119 - DEBUG - Aspirating 0.006 mL then waiting 0 s
2025-10-07 12:47:58,350 - INFO - Pipetting into vial measurement_vial_0, amount: 0.011 mL
2025-10-07 12:47:59,754 - DEBUG - Adjusting pump 0 speed to 5
2025-10-07 12:48:03,141 - DEBUG - Dispensing 0.017 mL then waiting 3.333149486690262e-08 s
2025-10-07 12:48:03,141 - WARNING - Dispense exceeded limit: Dispensing all liquid
2025-10-07 12:48:03,372 - DEBUG - Blowing out 0.050 mL
2025-10-07 12:48:08,000 - DEBUG - Selected small_tip for volume 0.011 mL
2025-10-07 12:48:08,002 - INFO - Pipetting from vial liquid_source, amount: 0.011 mL
2025-10-07 12:48:08,004 - DEBUG - Adjusting pump 0 speed to 5
2025-10-07 12:48:11,459 - DEBUG - Aspirating 0.011 mL then waiting 2.1190959073218714e-08 s
2025-10-07 12:48:12,115 - DEBUG - Aspirating 0.006 mL then waiting 0 s
2025-10-07 12:48:12,339 - INFO - Pipetting into vial measurement_vial_0, amount: 0.011 mL
2025-10-07 12:48:15,170 - DEBUG - Adjusting pump 0 speed to 5
2025-10-07 12:48:18,511 - DEBUG - Dispensing 0.017 mL then waiting 3.333149486690262e-08 s
2025-10-07 12:48:18,511 - WARNING - Dispense exceeded limit: Dispensing all liquid
2025-10-07 12:48:18,761 - DEBUG - Blowing out 0.050 mL
2025-10-07 12:48:25,421 - DEBUG - Selected small_tip for volume 0.011 mL
2025-10-07 12:48:25,423 - INFO - Pipetting from vial liquid_source, amount: 0.011 mL
2025-10-07 12:48:25,425 - DEBUG - Adjusting pump 0 speed to 5
2025-10-07 12:48:28,862 - DEBUG - Aspirating 0.011 mL then waiting 2.1190959073218714e-08 s
2025-10-07 12:48:29,454 - DEBUG - Aspirating 0.006 mL then waiting 0 s
2025-10-07 12:48:29,704 - INFO - Pipetting into vial measurement_vial_0, amount: 0.011 mL
2025-10-07 12:48:31,565 - DEBUG - Adjusting pump 0 speed to 5
2025-10-07 12:48:34,887 - DEBUG - Dispensing 0.016 mL then waiting 3.333149486690262e-08 s
2025-10-07 12:48:35,148 - DEBUG - Blowing out 0.050 mL
2025-10-07 12:48:44,192 - DEBUG - Selected small_tip for volume 0.011 mL
2025-10-07 12:48:44,193 - INFO - Pipetting from vial liquid_source, amount: 0.011 mL
2025-10-07 12:48:44,195 - DEBUG - Adjusting pump 0 speed to 5
2025-10-07 12:48:47,608 - DEBUG - Aspirating 0.011 mL then waiting 2.1190959073218714e-08 s
2025-10-07 12:48:48,260 - DEBUG - Aspirating 0.006 mL then waiting 0 s
2025-10-07 12:48:48,504 - INFO - Pipetting into vial measurement_vial_0, amount: 0.011 mL
2025-10-07 12:48:50,567 - DEBUG - Adjusting pump 0 speed to 5
2025-10-07 12:48:53,894 - DEBUG - Dispensing 0.017 mL then waiting 3.333149486690262e-08 s
2025-10-07 12:48:53,894 - WARNING - Dispense exceeded limit: Dispensing all liquid
2025-10-07 12:48:54,145 - DEBUG - Blowing out 0.050 mL
2025-10-07 12:49:05,489 - DEBUG - Selected small_tip for volume 0.012 mL
2025-10-07 12:49:05,489 - INFO - Pipetting from vial liquid_source, amount: 0.012 mL
2025-10-07 12:49:05,491 - DEBUG - Adjusting pump 0 speed to 5
2025-10-07 12:49:08,913 - DEBUG - Aspirating 0.012 mL then waiting 2.1190959073218714e-08 s
2025-10-07 12:49:09,618 - DEBUG - Aspirating 0.006 mL then waiting 0 s
2025-10-07 12:49:09,858 - INFO - Pipetting into vial measurement_vial_0, amount: 0.012 mL
2025-10-07 12:49:11,361 - DEBUG - Adjusting pump 0 speed to 5
2025-10-07 12:49:14,720 - DEBUG - Dispensing 0.017 mL then waiting 3.333149486690262e-08 s
2025-10-07 12:49:14,720 - WARNING - Dispense exceeded limit: Dispensing all liquid
2025-10-07 12:49:14,985 - DEBUG - Blowing out 0.050 mL
2025-10-07 12:49:25,400 - DEBUG - Selected small_tip for volume 0.011 mL
2025-10-07 12:49:25,402 - INFO - Pipetting from vial liquid_source, amount: 0.011 mL
2025-10-07 12:49:25,404 - DEBUG - Adjusting pump 0 speed to 5
2025-10-07 12:49:28,844 - DEBUG - Aspirating 0.011 mL then waiting 2.1190959073218714e-08 s
2025-10-07 12:49:29,532 - DEBUG - Aspirating 0.006 mL then waiting 0 s
2025-10-07 12:49:29,772 - INFO - Pipetting into vial measurement_vial_0, amount: 0.011 mL
2025-10-07 12:49:31,372 - DEBUG - Adjusting pump 0 speed to 5
2025-10-07 12:49:34,714 - DEBUG - Dispensing 0.017 mL then waiting 3.333149486690262e-08 s
2025-10-07 12:49:34,954 - DEBUG - Blowing out 0.050 mL
2025-10-07 12:49:45,997 - DEBUG - Selected small_tip for volume 0.012 mL
2025-10-07 12:49:46,001 - INFO - Pipetting from vial liquid_source, amount: 0.012 mL
2025-10-07 12:49:46,001 - DEBUG - Adjusting pump 0 speed to 5
2025-10-07 12:49:49,446 - DEBUG - Aspirating 0.012 mL then waiting 2.1190959073218714e-08 s
2025-10-07 12:49:50,134 - DEBUG - Aspirating 0.006 mL then waiting 0 s
2025-10-07 12:49:50,373 - INFO - Pipetting into vial measurement_vial_0, amount: 0.012 mL
2025-10-07 12:49:51,973 - DEBUG - Adjusting pump 0 speed to 5
2025-10-07 12:49:55,315 - DEBUG - Dispensing 0.017 mL then waiting 3.333149486690262e-08 s
2025-10-07 12:49:55,315 - WARNING - Dispense exceeded limit: Dispensing all liquid
2025-10-07 12:49:55,556 - DEBUG - Blowing out 0.050 mL
2025-10-07 12:50:05,617 - DEBUG - Selected small_tip for volume 0.012 mL
2025-10-07 12:50:05,617 - INFO - Pipetting from vial liquid_source, amount: 0.012 mL
2025-10-07 12:50:05,617 - DEBUG - Adjusting pump 0 speed to 5
2025-10-07 12:50:09,072 - DEBUG - Aspirating 0.012 mL then waiting 2.1190959073218714e-08 s
2025-10-07 12:50:09,760 - DEBUG - Aspirating 0.006 mL then waiting 0 s
2025-10-07 12:50:10,000 - INFO - Pipetting into vial measurement_vial_0, amount: 0.012 mL
2025-10-07 12:50:11,968 - DEBUG - Adjusting pump 0 speed to 5
2025-10-07 12:50:15,311 - DEBUG - Dispensing 0.018 mL then waiting 3.333149486690262e-08 s
2025-10-07 12:50:15,567 - DEBUG - Blowing out 0.050 mL
2025-10-07 12:50:26,640 - DEBUG - Selected small_tip for volume 0.012 mL
2025-10-07 12:50:26,640 - INFO - Pipetting from vial liquid_source, amount: 0.012 mL
2025-10-07 12:50:26,656 - DEBUG - Adjusting pump 0 speed to 5
2025-10-07 12:50:30,090 - DEBUG - Aspirating 0.012 mL then waiting 2.1190959073218714e-08 s
2025-10-07 12:50:30,778 - DEBUG - Aspirating 0.006 mL then waiting 0 s
2025-10-07 12:50:31,018 - INFO - Pipetting into vial measurement_vial_0, amount: 0.012 mL
2025-10-07 12:50:31,161 - DEBUG - Adjusting pump 0 speed to 5
2025-10-07 12:50:34,521 - DEBUG - Dispensing 0.018 mL then waiting 3.333149486690262e-08 s
2025-10-07 12:50:34,777 - DEBUG - Blowing out 0.050 mL
2025-10-07 12:50:46,432 - DEBUG - Selected small_tip for volume 0.012 mL
2025-10-07 12:50:46,432 - INFO - Pipetting from vial liquid_source, amount: 0.012 mL
2025-10-07 12:50:46,434 - DEBUG - Adjusting pump 0 speed to 5
2025-10-07 12:50:49,876 - DEBUG - Aspirating 0.012 mL then waiting 2.1190959073218714e-08 s
2025-10-07 12:50:50,564 - DEBUG - Aspirating 0.006 mL then waiting 0 s
2025-10-07 12:50:50,804 - INFO - Pipetting into vial measurement_vial_0, amount: 0.012 mL
2025-10-07 12:50:51,763 - DEBUG - Adjusting pump 0 speed to 5
2025-10-07 12:50:55,123 - DEBUG - Dispensing 0.017 mL then waiting 3.333149486690262e-08 s
2025-10-07 12:50:55,123 - WARNING - Dispense exceeded limit: Dispensing all liquid
2025-10-07 12:50:55,379 - DEBUG - Blowing out 0.050 mL
2025-10-07 12:51:05,356 - DEBUG - Selected small_tip for volume 0.012 mL
2025-10-07 12:51:05,356 - INFO - Pipetting from vial liquid_source, amount: 0.012 mL
2025-10-07 12:51:05,358 - DEBUG - Adjusting pump 0 speed to 5
2025-10-07 12:51:08,815 - DEBUG - Aspirating 0.012 mL then waiting 2.1190959073218714e-08 s
2025-10-07 12:51:09,503 - DEBUG - Aspirating 0.006 mL then waiting 0 s
2025-10-07 12:51:09,747 - INFO - Pipetting into vial measurement_vial_0, amount: 0.012 mL
2025-10-07 12:51:12,766 - DEBUG - Adjusting pump 0 speed to 5
2025-10-07 12:51:16,109 - DEBUG - Dispensing 0.018 mL then waiting 3.333149486690262e-08 s
2025-10-07 12:51:16,110 - WARNING - Dispense exceeded limit: Dispensing all liquid
2025-10-07 12:51:16,369 - DEBUG - Blowing out 0.050 mL
2025-10-07 12:51:28,714 - DEBUG - Selected small_tip for volume 0.012 mL
2025-10-07 12:51:28,716 - INFO - Pipetting from vial liquid_source, amount: 0.012 mL
2025-10-07 12:51:28,718 - DEBUG - Adjusting pump 0 speed to 5
2025-10-07 12:51:32,184 - DEBUG - Aspirating 0.012 mL then waiting 2.1190959073218714e-08 s
2025-10-07 12:51:32,872 - DEBUG - Aspirating 0.006 mL then waiting 0 s
2025-10-07 12:51:33,112 - INFO - Pipetting into vial measurement_vial_0, amount: 0.012 mL
2025-10-07 12:51:34,360 - DEBUG - Adjusting pump 0 speed to 5
2025-10-07 12:51:37,734 - DEBUG - Dispensing 0.017 mL then waiting 3.333149486690262e-08 s
2025-10-07 12:51:37,734 - WARNING - Dispense exceeded limit: Dispensing all liquid
2025-10-07 12:51:37,988 - DEBUG - Blowing out 0.050 mL
2025-10-07 12:51:48,181 - DEBUG - Selected small_tip for volume 0.012 mL
2025-10-07 12:51:48,181 - INFO - Pipetting from vial liquid_source, amount: 0.012 mL
2025-10-07 12:51:48,181 - DEBUG - Adjusting pump 0 speed to 5
2025-10-07 12:51:51,650 - DEBUG - Aspirating 0.012 mL then waiting 2.1190959073218714e-08 s
2025-10-07 12:51:52,338 - DEBUG - Aspirating 0.006 mL then waiting 0 s
2025-10-07 12:51:52,582 - INFO - Pipetting into vial measurement_vial_0, amount: 0.012 mL
2025-10-07 12:51:53,762 - DEBUG - Adjusting pump 0 speed to 5
2025-10-07 12:51:57,089 - DEBUG - Dispensing 0.017 mL then waiting 3.333149486690262e-08 s
2025-10-07 12:51:57,090 - WARNING - Dispense exceeded limit: Dispensing all liquid
2025-10-07 12:51:57,351 - DEBUG - Blowing out 0.050 mL
2025-10-07 12:52:06,130 - DEBUG - Selected small_tip for volume 0.012 mL
2025-10-07 12:52:06,130 - INFO - Pipetting from vial liquid_source, amount: 0.012 mL
2025-10-07 12:52:06,132 - DEBUG - Adjusting pump 0 speed to 5
2025-10-07 12:52:09,597 - DEBUG - Aspirating 0.012 mL then waiting 2.1190959073218714e-08 s
2025-10-07 12:52:10,269 - DEBUG - Aspirating 0.006 mL then waiting 0 s
2025-10-07 12:52:10,515 - INFO - Pipetting into vial measurement_vial_0, amount: 0.012 mL
2025-10-07 12:52:10,764 - DEBUG - Adjusting pump 0 speed to 5
2025-10-07 12:52:14,108 - DEBUG - Dispensing 0.017 mL then waiting 3.333149486690262e-08 s
2025-10-07 12:52:14,108 - WARNING - Dispense exceeded limit: Dispensing all liquid
2025-10-07 12:52:14,361 - DEBUG - Blowing out 0.050 mL
2025-10-07 12:52:26,867 - DEBUG - Selected small_tip for volume 0.012 mL
2025-10-07 12:52:26,882 - INFO - Pipetting from vial liquid_source, amount: 0.012 mL
2025-10-07 12:52:26,882 - DEBUG - Adjusting pump 0 speed to 5
2025-10-07 12:52:30,311 - DEBUG - Aspirating 0.012 mL then waiting 2.1190959073218714e-08 s
2025-10-07 12:52:30,983 - DEBUG - Aspirating 0.006 mL then waiting 0 s
2025-10-07 12:52:31,223 - INFO - Pipetting into vial measurement_vial_0, amount: 0.012 mL
2025-10-07 12:52:31,767 - DEBUG - Adjusting pump 0 speed to 5
2025-10-07 12:52:35,094 - DEBUG - Dispensing 0.017 mL then waiting 3.333149486690262e-08 s
2025-10-07 12:52:35,350 - DEBUG - Blowing out 0.050 mL
2025-10-07 12:52:46,076 - DEBUG - Selected small_tip for volume 0.012 mL
2025-10-07 12:52:46,078 - INFO - Pipetting from vial liquid_source, amount: 0.012 mL
2025-10-07 12:52:46,078 - DEBUG - Adjusting pump 0 speed to 5
2025-10-07 12:52:49,554 - DEBUG - Aspirating 0.012 mL then waiting 2.1190959073218714e-08 s
2025-10-07 12:52:50,241 - DEBUG - Aspirating 0.006 mL then waiting 0 s
2025-10-07 12:52:50,485 - INFO - Pipetting into vial measurement_vial_0, amount: 0.012 mL
2025-10-07 12:52:52,766 - DEBUG - Adjusting pump 0 speed to 5
2025-10-07 12:52:56,128 - DEBUG - Dispensing 0.017 mL then waiting 3.333149486690262e-08 s
2025-10-07 12:52:56,128 - WARNING - Dispense exceeded limit: Dispensing all liquid
2025-10-07 12:52:56,378 - DEBUG - Blowing out 0.050 mL
2025-10-07 12:53:09,420 - DEBUG - Selected small_tip for volume 0.012 mL
2025-10-07 12:53:09,420 - INFO - Pipetting from vial liquid_source, amount: 0.012 mL
2025-10-07 12:53:09,420 - DEBUG - Adjusting pump 0 speed to 5
2025-10-07 12:53:12,859 - DEBUG - Aspirating 0.012 mL then waiting 2.1190959073218714e-08 s
2025-10-07 12:53:13,546 - DEBUG - Aspirating 0.006 mL then waiting 0 s
2025-10-07 12:53:13,786 - INFO - Pipetting into vial measurement_vial_0, amount: 0.012 mL
2025-10-07 12:53:13,962 - DEBUG - Adjusting pump 0 speed to 5
2025-10-07 12:53:17,337 - DEBUG - Dispensing 0.017 mL then waiting 3.333149486690262e-08 s
2025-10-07 12:53:17,337 - WARNING - Dispense exceeded limit: Dispensing all liquid
2025-10-07 12:53:17,599 - DEBUG - Blowing out 0.050 mL
2025-10-07 12:53:27,770 - DEBUG - Selected small_tip for volume 0.012 mL
2025-10-07 12:53:27,770 - INFO - Pipetting from vial liquid_source, amount: 0.012 mL
2025-10-07 12:53:27,770 - DEBUG - Adjusting pump 0 speed to 5
2025-10-07 12:53:31,205 - DEBUG - Aspirating 0.012 mL then waiting 2.1190959073218714e-08 s
2025-10-07 12:53:31,893 - DEBUG - Aspirating 0.006 mL then waiting 0 s
2025-10-07 12:53:32,133 - INFO - Pipetting into vial measurement_vial_0, amount: 0.012 mL
2025-10-07 12:53:33,572 - DEBUG - Adjusting pump 0 speed to 5
2025-10-07 12:53:36,932 - DEBUG - Dispensing 0.017 mL then waiting 3.333149486690262e-08 s
2025-10-07 12:53:37,187 - DEBUG - Blowing out 0.050 mL
2025-10-07 12:53:48,499 - DEBUG - Selected small_tip for volume 0.012 mL
2025-10-07 12:53:48,499 - INFO - Pipetting from vial liquid_source, amount: 0.012 mL
2025-10-07 12:53:48,515 - DEBUG - Adjusting pump 0 speed to 5
2025-10-07 12:53:51,967 - DEBUG - Aspirating 0.012 mL then waiting 2.1190959073218714e-08 s
2025-10-07 12:53:52,639 - DEBUG - Aspirating 0.006 mL then waiting 0 s
2025-10-07 12:53:52,878 - INFO - Pipetting into vial measurement_vial_0, amount: 0.012 mL
2025-10-07 12:53:54,559 - DEBUG - Adjusting pump 0 speed to 5
2025-10-07 12:53:57,950 - DEBUG - Dispensing 0.017 mL then waiting 3.333149486690262e-08 s
2025-10-07 12:53:57,950 - WARNING - Dispense exceeded limit: Dispensing all liquid
2025-10-07 12:53:58,203 - DEBUG - Blowing out 0.050 mL
2025-10-07 12:54:07,355 - DEBUG - Selected small_tip for volume 0.012 mL
2025-10-07 12:54:07,357 - INFO - Pipetting from vial liquid_source, amount: 0.012 mL
2025-10-07 12:54:07,359 - DEBUG - Adjusting pump 0 speed to 5
2025-10-07 12:54:10,826 - DEBUG - Aspirating 0.012 mL then waiting 2.1190959073218714e-08 s
2025-10-07 12:54:11,530 - DEBUG - Aspirating 0.006 mL then waiting 0 s
2025-10-07 12:54:11,770 - INFO - Pipetting into vial measurement_vial_0, amount: 0.012 mL
2025-10-07 12:54:13,369 - DEBUG - Adjusting pump 0 speed to 5
2025-10-07 12:54:16,744 - DEBUG - Dispensing 0.017 mL then waiting 3.333149486690262e-08 s
2025-10-07 12:54:16,984 - DEBUG - Blowing out 0.050 mL
2025-10-07 12:54:26,976 - DEBUG - Selected small_tip for volume 0.012 mL
2025-10-07 12:54:26,978 - INFO - Pipetting from vial liquid_source, amount: 0.012 mL
2025-10-07 12:54:26,980 - DEBUG - Adjusting pump 0 speed to 5
2025-10-07 12:54:30,436 - DEBUG - Aspirating 0.012 mL then waiting 2.1190959073218714e-08 s
2025-10-07 12:54:31,108 - DEBUG - Aspirating 0.006 mL then waiting 0 s
2025-10-07 12:54:31,348 - INFO - Pipetting into vial measurement_vial_0, amount: 0.012 mL
2025-10-07 12:54:32,371 - DEBUG - Adjusting pump 0 speed to 5
2025-10-07 12:54:35,731 - DEBUG - Dispensing 0.017 mL then waiting 3.333149486690262e-08 s
2025-10-07 12:54:35,731 - WARNING - Dispense exceeded limit: Dispensing all liquid
2025-10-07 12:54:35,991 - DEBUG - Blowing out 0.050 mL
2025-10-07 12:54:50,247 - DEBUG - Selected small_tip for volume 0.012 mL
2025-10-07 12:54:50,247 - INFO - Pipetting from vial liquid_source, amount: 0.012 mL
2025-10-07 12:54:50,249 - DEBUG - Adjusting pump 0 speed to 5
2025-10-07 12:54:53,678 - DEBUG - Aspirating 0.012 mL then waiting 2.1190959073218714e-08 s
2025-10-07 12:54:54,365 - DEBUG - Aspirating 0.006 mL then waiting 0 s
2025-10-07 12:54:54,605 - INFO - Pipetting into vial measurement_vial_0, amount: 0.012 mL
2025-10-07 12:54:58,572 - DEBUG - Adjusting pump 0 speed to 5
2025-10-07 12:55:01,963 - DEBUG - Dispensing 0.017 mL then waiting 3.333149486690262e-08 s
2025-10-07 12:55:01,963 - WARNING - Dispense exceeded limit: Dispensing all liquid
2025-10-07 12:55:02,210 - DEBUG - Blowing out 0.050 mL
2025-10-07 12:55:13,998 - DEBUG - Selected small_tip for volume 0.012 mL
2025-10-07 12:55:14,000 - INFO - Pipetting from vial liquid_source, amount: 0.012 mL
2025-10-07 12:55:14,001 - DEBUG - Adjusting pump 0 speed to 5
2025-10-07 12:55:17,446 - DEBUG - Aspirating 0.012 mL then waiting 2.1190959073218714e-08 s
2025-10-07 12:55:18,134 - DEBUG - Aspirating 0.006 mL then waiting 0 s
2025-10-07 12:55:18,375 - INFO - Pipetting into vial measurement_vial_0, amount: 0.012 mL
2025-10-07 12:55:21,573 - DEBUG - Adjusting pump 0 speed to 5
2025-10-07 12:55:24,933 - DEBUG - Dispensing 0.017 mL then waiting 3.333149486690262e-08 s
2025-10-07 12:55:25,188 - DEBUG - Blowing out 0.050 mL
2025-10-07 12:55:38,294 - DEBUG - Selected small_tip for volume 0.012 mL
2025-10-07 12:55:38,296 - INFO - Pipetting from vial liquid_source, amount: 0.012 mL
2025-10-07 12:55:38,298 - DEBUG - Adjusting pump 0 speed to 5
2025-10-07 12:55:41,744 - DEBUG - Aspirating 0.012 mL then waiting 2.1190959073218714e-08 s
2025-10-07 12:55:42,432 - DEBUG - Aspirating 0.006 mL then waiting 0 s
2025-10-07 12:55:42,671 - INFO - Pipetting into vial measurement_vial_0, amount: 0.012 mL
2025-10-07 12:55:46,366 - DEBUG - Adjusting pump 0 speed to 5
2025-10-07 12:55:49,726 - DEBUG - Dispensing 0.017 mL then waiting 3.333149486690262e-08 s
2025-10-07 12:55:49,726 - WARNING - Dispense exceeded limit: Dispensing all liquid
2025-10-07 12:55:49,979 - DEBUG - Blowing out 0.050 mL
2025-10-07 12:56:01,729 - DEBUG - Selected small_tip for volume 0.012 mL
2025-10-07 12:56:01,729 - INFO - Pipetting from vial liquid_source, amount: 0.012 mL
2025-10-07 12:56:01,731 - DEBUG - Adjusting pump 0 speed to 5
2025-10-07 12:56:05,193 - DEBUG - Aspirating 0.012 mL then waiting 2.1190959073218714e-08 s
2025-10-07 12:56:05,881 - DEBUG - Aspirating 0.006 mL then waiting 0 s
2025-10-07 12:56:06,121 - INFO - Pipetting into vial measurement_vial_0, amount: 0.012 mL
2025-10-07 12:56:07,960 - DEBUG - Adjusting pump 0 speed to 5
2025-10-07 12:56:11,351 - DEBUG - Dispensing 0.017 mL then waiting 3.333149486690262e-08 s
2025-10-07 12:56:11,607 - DEBUG - Blowing out 0.050 mL
2025-10-07 12:56:23,493 - DEBUG - Selected small_tip for volume 0.012 mL
2025-10-07 12:56:23,495 - INFO - Pipetting from vial liquid_source, amount: 0.012 mL
2025-10-07 12:56:23,497 - DEBUG - Adjusting pump 0 speed to 5
2025-10-07 12:56:26,947 - DEBUG - Aspirating 0.012 mL then waiting 2.1190959073218714e-08 s
2025-10-07 12:56:27,618 - DEBUG - Aspirating 0.006 mL then waiting 0 s
2025-10-07 12:56:27,858 - INFO - Pipetting into vial measurement_vial_0, amount: 0.012 mL
2025-10-07 12:56:30,161 - DEBUG - Adjusting pump 0 speed to 5
2025-10-07 12:56:33,537 - DEBUG - Dispensing 0.017 mL then waiting 3.333149486690262e-08 s
2025-10-07 12:56:33,537 - WARNING - Dispense exceeded limit: Dispensing all liquid
2025-10-07 12:56:33,795 - DEBUG - Blowing out 0.050 mL
2025-10-07 12:56:44,675 - DEBUG - Selected small_tip for volume 0.012 mL
2025-10-07 12:56:44,675 - INFO - Pipetting from vial liquid_source, amount: 0.012 mL
2025-10-07 12:56:44,678 - DEBUG - Adjusting pump 0 speed to 5
2025-10-07 12:56:48,092 - DEBUG - Aspirating 0.012 mL then waiting 2.1190959073218714e-08 s
2025-10-07 12:56:48,780 - DEBUG - Aspirating 0.006 mL then waiting 0 s
2025-10-07 12:56:49,026 - INFO - Pipetting into vial measurement_vial_0, amount: 0.012 mL
2025-10-07 12:56:49,964 - DEBUG - Adjusting pump 0 speed to 5
2025-10-07 12:56:53,323 - DEBUG - Dispensing 0.017 mL then waiting 3.333149486690262e-08 s
2025-10-07 12:56:53,323 - WARNING - Dispense exceeded limit: Dispensing all liquid
2025-10-07 12:56:53,579 - DEBUG - Blowing out 0.050 mL
2025-10-07 12:57:04,703 - DEBUG - Selected small_tip for volume 0.012 mL
2025-10-07 12:57:04,705 - INFO - Pipetting from vial liquid_source, amount: 0.012 mL
2025-10-07 12:57:04,707 - DEBUG - Adjusting pump 0 speed to 5
2025-10-07 12:57:08,151 - DEBUG - Aspirating 0.012 mL then waiting 2.1190959073218714e-08 s
2025-10-07 12:57:08,838 - DEBUG - Aspirating 0.006 mL then waiting 0 s
2025-10-07 12:57:09,078 - INFO - Pipetting into vial measurement_vial_0, amount: 0.012 mL
2025-10-07 12:57:10,374 - DEBUG - Adjusting pump 0 speed to 5
2025-10-07 12:57:13,749 - DEBUG - Dispensing 0.017 mL then waiting 3.333149486690262e-08 s
2025-10-07 12:57:13,749 - WARNING - Dispense exceeded limit: Dispensing all liquid
2025-10-07 12:57:13,999 - DEBUG - Blowing out 0.050 mL
2025-10-07 12:57:26,764 - DEBUG - Selected small_tip for volume 0.011 mL
2025-10-07 12:57:26,764 - INFO - Pipetting from vial liquid_source, amount: 0.011 mL
2025-10-07 12:57:26,764 - DEBUG - Adjusting pump 0 speed to 5
2025-10-07 12:57:30,224 - DEBUG - Aspirating 0.011 mL then waiting 2.1190959073218714e-08 s
2025-10-07 12:57:30,912 - DEBUG - Aspirating 0.006 mL then waiting 0 s
2025-10-07 12:57:31,152 - INFO - Pipetting into vial measurement_vial_0, amount: 0.011 mL
2025-10-07 12:57:32,368 - DEBUG - Adjusting pump 0 speed to 5
2025-10-07 12:57:35,727 - DEBUG - Dispensing 0.017 mL then waiting 3.333149486690262e-08 s
2025-10-07 12:57:35,727 - WARNING - Dispense exceeded limit: Dispensing all liquid
2025-10-07 12:57:35,991 - DEBUG - Blowing out 0.050 mL
2025-10-07 12:57:46,436 - DEBUG - Selected small_tip for volume 0.012 mL
2025-10-07 12:57:46,436 - INFO - Pipetting from vial liquid_source, amount: 0.012 mL
2025-10-07 12:57:46,436 - DEBUG - Adjusting pump 0 speed to 5
2025-10-07 12:57:49,914 - DEBUG - Aspirating 0.012 mL then waiting 2.1190959073218714e-08 s
2025-10-07 12:57:50,586 - DEBUG - Aspirating 0.006 mL then waiting 0 s
2025-10-07 12:57:50,826 - INFO - Pipetting into vial measurement_vial_0, amount: 0.012 mL
2025-10-07 12:57:51,162 - DEBUG - Adjusting pump 0 speed to 5
2025-10-07 12:57:54,553 - DEBUG - Dispensing 0.017 mL then waiting 3.333149486690262e-08 s
2025-10-07 12:57:54,793 - DEBUG - Blowing out 0.050 mL
2025-10-07 12:58:05,491 - DEBUG - Selected small_tip for volume 0.012 mL
2025-10-07 12:58:05,493 - INFO - Pipetting from vial liquid_source, amount: 0.012 mL
2025-10-07 12:58:05,496 - DEBUG - Adjusting pump 0 speed to 5
2025-10-07 12:58:08,917 - DEBUG - Aspirating 0.012 mL then waiting 2.1190959073218714e-08 s
2025-10-07 12:58:09,588 - DEBUG - Aspirating 0.006 mL then waiting 0 s
2025-10-07 12:58:09,828 - INFO - Pipetting into vial measurement_vial_0, amount: 0.012 mL
2025-10-07 12:58:11,572 - DEBUG - Adjusting pump 0 speed to 5
2025-10-07 12:58:14,931 - DEBUG - Dispensing 0.017 mL then waiting 3.333149486690262e-08 s
2025-10-07 12:58:15,187 - DEBUG - Blowing out 0.050 mL
2025-10-07 12:58:26,517 - DEBUG - Selected small_tip for volume 0.012 mL
2025-10-07 12:58:26,519 - INFO - Pipetting from vial liquid_source, amount: 0.012 mL
2025-10-07 12:58:26,521 - DEBUG - Adjusting pump 0 speed to 5
2025-10-07 12:58:29,983 - DEBUG - Aspirating 0.012 mL then waiting 2.1190959073218714e-08 s
2025-10-07 12:58:30,654 - DEBUG - Aspirating 0.006 mL then waiting 0 s
2025-10-07 12:58:30,894 - INFO - Pipetting into vial measurement_vial_0, amount: 0.012 mL
2025-10-07 12:58:32,366 - DEBUG - Adjusting pump 0 speed to 5
2025-10-07 12:58:35,757 - DEBUG - Dispensing 0.017 mL then waiting 3.333149486690262e-08 s
2025-10-07 12:58:36,013 - DEBUG - Blowing out 0.050 mL
2025-10-07 12:58:47,617 - DEBUG - Selected small_tip for volume 0.012 mL
2025-10-07 12:58:47,618 - INFO - Pipetting from vial liquid_source, amount: 0.012 mL
2025-10-07 12:58:47,620 - DEBUG - Adjusting pump 0 speed to 5
2025-10-07 12:58:51,080 - DEBUG - Aspirating 0.012 mL then waiting 2.1190959073218714e-08 s
2025-10-07 12:58:51,768 - DEBUG - Aspirating 0.006 mL then waiting 0 s
2025-10-07 12:58:52,008 - INFO - Pipetting into vial measurement_vial_0, amount: 0.012 mL
2025-10-07 12:58:54,375 - DEBUG - Adjusting pump 0 speed to 5
2025-10-07 12:58:57,734 - DEBUG - Dispensing 0.017 mL then waiting 3.333149486690262e-08 s
2025-10-07 12:58:57,990 - DEBUG - Blowing out 0.050 mL
2025-10-07 12:59:07,927 - DEBUG - Selected small_tip for volume 0.012 mL
2025-10-07 12:59:07,929 - INFO - Pipetting from vial liquid_source, amount: 0.012 mL
2025-10-07 12:59:07,931 - DEBUG - Adjusting pump 0 speed to 5
2025-10-07 12:59:11,394 - DEBUG - Aspirating 0.012 mL then waiting 2.1190959073218714e-08 s
2025-10-07 12:59:12,082 - DEBUG - Aspirating 0.006 mL then waiting 0 s
2025-10-07 12:59:12,322 - INFO - Pipetting into vial measurement_vial_0, amount: 0.012 mL
2025-10-07 12:59:15,169 - DEBUG - Adjusting pump 0 speed to 5
2025-10-07 12:59:18,544 - DEBUG - Dispensing 0.017 mL then waiting 3.333149486690262e-08 s
2025-10-07 12:59:18,544 - WARNING - Dispense exceeded limit: Dispensing all liquid
2025-10-07 12:59:18,812 - DEBUG - Blowing out 0.050 mL
2025-10-07 12:59:28,808 - DEBUG - Selected small_tip for volume 0.012 mL
2025-10-07 12:59:28,810 - INFO - Pipetting from vial liquid_source, amount: 0.012 mL
2025-10-07 12:59:28,811 - DEBUG - Adjusting pump 0 speed to 5
2025-10-07 12:59:32,268 - DEBUG - Aspirating 0.012 mL then waiting 2.1190959073218714e-08 s
2025-10-07 12:59:32,956 - DEBUG - Aspirating 0.006 mL then waiting 0 s
2025-10-07 12:59:33,196 - INFO - Pipetting into vial measurement_vial_0, amount: 0.012 mL
2025-10-07 12:59:35,771 - DEBUG - Adjusting pump 0 speed to 5
2025-10-07 12:59:39,130 - DEBUG - Dispensing 0.017 mL then waiting 3.333149486690262e-08 s
2025-10-07 12:59:39,130 - WARNING - Dispense exceeded limit: Dispensing all liquid
2025-10-07 12:59:39,374 - DEBUG - Blowing out 0.050 mL
2025-10-07 12:59:51,279 - DEBUG - Selected small_tip for volume 0.011 mL
2025-10-07 12:59:51,281 - INFO - Pipetting from vial liquid_source, amount: 0.011 mL
2025-10-07 12:59:51,282 - DEBUG - Adjusting pump 0 speed to 5
2025-10-07 12:59:54,758 - DEBUG - Aspirating 0.011 mL then waiting 2.1190959073218714e-08 s
2025-10-07 12:59:55,462 - DEBUG - Aspirating 0.006 mL then waiting 0 s
2025-10-07 12:59:55,701 - INFO - Pipetting into vial measurement_vial_0, amount: 0.011 mL
2025-10-07 12:59:57,765 - DEBUG - Adjusting pump 0 speed to 5
2025-10-07 13:00:01,108 - DEBUG - Dispensing 0.017 mL then waiting 3.333149486690262e-08 s
2025-10-07 13:00:01,108 - WARNING - Dispense exceeded limit: Dispensing all liquid
2025-10-07 13:00:01,362 - DEBUG - Blowing out 0.050 mL
2025-10-07 13:00:12,260 - DEBUG - Selected small_tip for volume 0.012 mL
2025-10-07 13:00:12,260 - INFO - Pipetting from vial liquid_source, amount: 0.012 mL
2025-10-07 13:00:12,262 - DEBUG - Adjusting pump 0 speed to 5
2025-10-07 13:00:15,711 - DEBUG - Aspirating 0.012 mL then waiting 2.1190959073218714e-08 s
2025-10-07 13:00:16,399 - DEBUG - Aspirating 0.006 mL then waiting 0 s
2025-10-07 13:00:16,639 - INFO - Pipetting into vial measurement_vial_0, amount: 0.012 mL
2025-10-07 13:00:19,167 - DEBUG - Adjusting pump 0 speed to 5
2025-10-07 13:00:22,573 - DEBUG - Dispensing 0.017 mL then waiting 3.333149486690262e-08 s
2025-10-07 13:00:22,829 - DEBUG - Blowing out 0.050 mL
2025-10-07 13:00:33,584 - DEBUG - Selected small_tip for volume 0.012 mL
2025-10-07 13:00:33,586 - INFO - Pipetting from vial liquid_source, amount: 0.012 mL
2025-10-07 13:00:33,588 - DEBUG - Adjusting pump 0 speed to 5
2025-10-07 13:00:37,065 - DEBUG - Aspirating 0.012 mL then waiting 2.1190959073218714e-08 s
2025-10-07 13:00:37,769 - DEBUG - Aspirating 0.006 mL then waiting 0 s
2025-10-07 13:00:38,009 - INFO - Pipetting into vial measurement_vial_0, amount: 0.012 mL
2025-10-07 13:00:39,960 - DEBUG - Adjusting pump 0 speed to 5
2025-10-07 13:00:43,351 - DEBUG - Dispensing 0.017 mL then waiting 3.333149486690262e-08 s
2025-10-07 13:00:43,351 - WARNING - Dispense exceeded limit: Dispensing all liquid
2025-10-07 13:00:43,607 - DEBUG - Blowing out 0.050 mL
2025-10-07 13:00:55,194 - DEBUG - Selected small_tip for volume 0.012 mL
2025-10-07 13:00:55,209 - INFO - Pipetting from vial liquid_source, amount: 0.012 mL
2025-10-07 13:00:55,209 - DEBUG - Adjusting pump 0 speed to 5
2025-10-07 13:00:58,675 - DEBUG - Aspirating 0.012 mL then waiting 2.1190959073218714e-08 s
2025-10-07 13:00:59,346 - DEBUG - Aspirating 0.006 mL then waiting 0 s
2025-10-07 13:00:59,587 - INFO - Pipetting into vial measurement_vial_0, amount: 0.012 mL
2025-10-07 13:01:01,170 - DEBUG - Adjusting pump 0 speed to 5
2025-10-07 13:01:04,545 - DEBUG - Dispensing 0.017 mL then waiting 3.333149486690262e-08 s
2025-10-07 13:01:04,545 - WARNING - Dispense exceeded limit: Dispensing all liquid
2025-10-07 13:01:04,809 - DEBUG - Blowing out 0.050 mL
2025-10-07 13:01:16,934 - DEBUG - Selected small_tip for volume 0.012 mL
2025-10-07 13:01:16,936 - INFO - Pipetting from vial liquid_source, amount: 0.012 mL
2025-10-07 13:01:16,938 - DEBUG - Adjusting pump 0 speed to 5
2025-10-07 13:01:20,396 - DEBUG - Aspirating 0.012 mL then waiting 2.1190959073218714e-08 s
2025-10-07 13:01:21,084 - DEBUG - Aspirating 0.006 mL then waiting 0 s
2025-10-07 13:01:21,324 - INFO - Pipetting into vial measurement_vial_0, amount: 0.012 mL
2025-10-07 13:01:21,772 - DEBUG - Adjusting pump 0 speed to 5
2025-10-07 13:01:25,147 - DEBUG - Dispensing 0.017 mL then waiting 3.333149486690262e-08 s
2025-10-07 13:01:25,147 - WARNING - Dispense exceeded limit: Dispensing all liquid
2025-10-07 13:01:25,401 - DEBUG - Blowing out 0.050 mL
2025-10-07 13:01:37,348 - DEBUG - Selected small_tip for volume 0.012 mL
2025-10-07 13:01:37,350 - INFO - Pipetting from vial liquid_source, amount: 0.012 mL
2025-10-07 13:01:37,352 - DEBUG - Adjusting pump 0 speed to 5
2025-10-07 13:01:40,839 - DEBUG - Aspirating 0.012 mL then waiting 2.1190959073218714e-08 s
2025-10-07 13:01:41,526 - DEBUG - Aspirating 0.006 mL then waiting 0 s
2025-10-07 13:01:41,766 - INFO - Pipetting into vial measurement_vial_0, amount: 0.012 mL
2025-10-07 13:01:41,974 - DEBUG - Adjusting pump 0 speed to 5
2025-10-07 13:01:45,333 - DEBUG - Dispensing 0.017 mL then waiting 3.333149486690262e-08 s
2025-10-07 13:01:45,333 - WARNING - Dispense exceeded limit: Dispensing all liquid
2025-10-07 13:01:45,566 - DEBUG - Blowing out 0.050 mL
2025-10-07 13:01:56,017 - DEBUG - Selected small_tip for volume 0.012 mL
2025-10-07 13:01:56,017 - INFO - Pipetting from vial liquid_source, amount: 0.012 mL
2025-10-07 13:01:56,019 - DEBUG - Adjusting pump 0 speed to 5
2025-10-07 13:01:59,457 - DEBUG - Aspirating 0.012 mL then waiting 2.1190959073218714e-08 s
2025-10-07 13:02:00,129 - DEBUG - Aspirating 0.006 mL then waiting 0 s
2025-10-07 13:02:00,369 - INFO - Pipetting into vial measurement_vial_0, amount: 0.012 mL
2025-10-07 13:02:01,760 - DEBUG - Adjusting pump 0 speed to 5
2025-10-07 13:02:05,119 - DEBUG - Dispensing 0.017 mL then waiting 3.333149486690262e-08 s
2025-10-07 13:02:05,119 - WARNING - Dispense exceeded limit: Dispensing all liquid
2025-10-07 13:02:05,348 - DEBUG - Blowing out 0.050 mL
2025-10-07 13:02:16,534 - DEBUG - Selected small_tip for volume 0.012 mL
2025-10-07 13:02:16,538 - INFO - Pipetting from vial liquid_source, amount: 0.012 mL
2025-10-07 13:02:16,538 - DEBUG - Adjusting pump 0 speed to 5
2025-10-07 13:02:19,995 - DEBUG - Aspirating 0.012 mL then waiting 2.1190959073218714e-08 s
2025-10-07 13:02:20,667 - DEBUG - Aspirating 0.006 mL then waiting 0 s
2025-10-07 13:02:20,907 - INFO - Pipetting into vial measurement_vial_0, amount: 0.012 mL
2025-10-07 13:02:22,362 - DEBUG - Adjusting pump 0 speed to 5
2025-10-07 13:02:25,737 - DEBUG - Dispensing 0.017 mL then waiting 3.333149486690262e-08 s
2025-10-07 13:02:25,993 - DEBUG - Blowing out 0.050 mL
2025-10-07 13:02:37,995 - DEBUG - Selected small_tip for volume 0.012 mL
2025-10-07 13:02:37,995 - INFO - Pipetting from vial liquid_source, amount: 0.012 mL
2025-10-07 13:02:37,995 - DEBUG - Adjusting pump 0 speed to 5
2025-10-07 13:02:41,461 - DEBUG - Aspirating 0.012 mL then waiting 2.1190959073218714e-08 s
2025-10-07 13:02:42,149 - DEBUG - Aspirating 0.006 mL then waiting 0 s
2025-10-07 13:02:42,388 - INFO - Pipetting into vial measurement_vial_0, amount: 0.012 mL
2025-10-07 13:02:43,972 - DEBUG - Adjusting pump 0 speed to 5
2025-10-07 13:02:47,331 - DEBUG - Dispensing 0.017 mL then waiting 3.333149486690262e-08 s
2025-10-07 13:02:47,587 - DEBUG - Blowing out 0.050 mL
2025-10-07 13:02:58,501 - DEBUG - Selected small_tip for volume 0.012 mL
2025-10-07 13:02:58,501 - INFO - Pipetting from vial liquid_source, amount: 0.012 mL
2025-10-07 13:02:58,503 - DEBUG - Adjusting pump 0 speed to 5
2025-10-07 13:03:01,982 - DEBUG - Aspirating 0.012 mL then waiting 2.1190959073218714e-08 s
2025-10-07 13:03:02,686 - DEBUG - Aspirating 0.006 mL then waiting 0 s
2025-10-07 13:03:02,926 - INFO - Pipetting into vial measurement_vial_0, amount: 0.012 mL
2025-10-07 13:03:05,166 - DEBUG - Adjusting pump 0 speed to 5
2025-10-07 13:03:08,557 - DEBUG - Dispensing 0.017 mL then waiting 3.333149486690262e-08 s
2025-10-07 13:03:08,797 - DEBUG - Blowing out 0.050 mL
2025-10-07 13:03:21,119 - DEBUG - Selected small_tip for volume 0.011 mL
2025-10-07 13:03:21,119 - INFO - Pipetting from vial liquid_source, amount: 0.011 mL
2025-10-07 13:03:21,119 - DEBUG - Adjusting pump 0 speed to 5
2025-10-07 13:03:24,568 - DEBUG - Aspirating 0.011 mL then waiting 2.1190959073218714e-08 s
2025-10-07 13:03:25,271 - DEBUG - Aspirating 0.006 mL then waiting 0 s
2025-10-07 13:03:25,512 - INFO - Pipetting into vial measurement_vial_0, amount: 0.011 mL
2025-10-07 13:03:28,375 - DEBUG - Adjusting pump 0 speed to 5
2025-10-07 13:03:31,734 - DEBUG - Dispensing 0.017 mL then waiting 3.333149486690262e-08 s
2025-10-07 13:03:31,735 - WARNING - Dispense exceeded limit: Dispensing all liquid
2025-10-07 13:03:31,984 - DEBUG - Blowing out 0.050 mL
2025-10-07 13:03:42,638 - DEBUG - Selected small_tip for volume 0.011 mL
2025-10-07 13:03:42,638 - INFO - Pipetting from vial liquid_source, amount: 0.011 mL
2025-10-07 13:03:42,640 - DEBUG - Adjusting pump 0 speed to 5
2025-10-07 13:03:46,098 - DEBUG - Aspirating 0.011 mL then waiting 2.1190959073218714e-08 s
2025-10-07 13:03:46,785 - DEBUG - Aspirating 0.006 mL then waiting 0 s
2025-10-07 13:03:47,025 - INFO - Pipetting into vial measurement_vial_0, amount: 0.011 mL
2025-10-07 13:03:47,569 - DEBUG - Adjusting pump 0 speed to 5
2025-10-07 13:03:50,944 - DEBUG - Dispensing 0.017 mL then waiting 3.333149486690262e-08 s
2025-10-07 13:03:50,945 - WARNING - Dispense exceeded limit: Dispensing all liquid
2025-10-07 13:03:51,184 - DEBUG - Blowing out 0.050 mL
2025-10-07 13:04:03,258 - DEBUG - Selected small_tip for volume 0.012 mL
2025-10-07 13:04:03,260 - INFO - Pipetting from vial liquid_source, amount: 0.012 mL
2025-10-07 13:04:03,262 - DEBUG - Adjusting pump 0 speed to 5
2025-10-07 13:04:06,732 - DEBUG - Aspirating 0.012 mL then waiting 2.1190959073218714e-08 s
2025-10-07 13:04:07,419 - DEBUG - Aspirating 0.006 mL then waiting 0 s
2025-10-07 13:04:07,659 - INFO - Pipetting into vial measurement_vial_0, amount: 0.012 mL
2025-10-07 13:04:09,371 - DEBUG - Adjusting pump 0 speed to 5
2025-10-07 13:04:12,778 - DEBUG - Dispensing 0.017 mL then waiting 3.333149486690262e-08 s
2025-10-07 13:04:12,778 - WARNING - Dispense exceeded limit: Dispensing all liquid
2025-10-07 13:04:13,039 - DEBUG - Blowing out 0.050 mL
2025-10-07 13:04:24,665 - DEBUG - Selected small_tip for volume 0.011 mL
2025-10-07 13:04:24,667 - INFO - Pipetting from vial liquid_source, amount: 0.011 mL
2025-10-07 13:04:24,669 - DEBUG - Adjusting pump 0 speed to 5
2025-10-07 13:04:28,117 - DEBUG - Aspirating 0.011 mL then waiting 2.1190959073218714e-08 s
2025-10-07 13:04:28,805 - DEBUG - Aspirating 0.006 mL then waiting 0 s
2025-10-07 13:04:29,051 - INFO - Pipetting into vial measurement_vial_0, amount: 0.011 mL
2025-10-07 13:04:30,772 - DEBUG - Adjusting pump 0 speed to 5
2025-10-07 13:04:34,131 - DEBUG - Dispensing 0.017 mL then waiting 3.333149486690262e-08 s
2025-10-07 13:04:34,131 - WARNING - Dispense exceeded limit: Dispensing all liquid
2025-10-07 13:04:34,396 - DEBUG - Blowing out 0.050 mL
2025-10-07 13:04:38,578 - DEBUG - Selected small_tip for volume 0.100 mL
2025-10-07 13:04:38,581 - DEBUG - Selected small_tip for volume 0.200 mL
2025-10-07 13:04:38,582 - INFO - Removing pipet
2025-10-07 13:04:41,937 - INFO - Returning vial measurement_vial_0 to home location
2025-10-07 13:04:41,937 - INFO - Moving vial measurement_vial_0 to main_8mL_rack: 0
2025-10-07 13:04:41,937 - DEBUG - Grabbing vial 0 with index 0
2025-10-07 13:04:44,416 - DEBUG - Dropping off vial 0 at location main_8mL_rack with index 0
2025-10-07 13:04:47,176 - INFO - Moving robot to home position
2025-10-07 13:04:50,778 - INFO - Experiment completed with 76 total trials across 2 volumes
2025-10-07 13:04:50,778 - INFO - Results summary: 2/5 volumes completed successfully
