2026-06-15 10:19:23,071 - DEBUG - No workflow config provided - using default initialization
2026-06-15 10:19:23,071 - INFO - Launching status review GUI...
2026-06-15 10:19:23,299 - INFO - Detected workflow name: test_get_pipet
2026-06-15 10:19:23,504 - INFO - Config editor loaded for workflow: test_get_pipet
2026-06-15 10:19:27,446 - INFO - User selected: Run Workflow
2026-06-15 10:19:27,446 - INFO - Status review completed - proceeding with hardware initialization
2026-06-15 10:19:28,131 - INFO - Initializing North Robot...
2026-06-15 10:19:28,131 - DEBUG - Loading robot configuration files...
2026-06-15 10:19:28,157 - DEBUG - Loaded vial positions configuration from robot_state/vial_positions.yaml
2026-06-15 10:19:28,158 - DEBUG - Loaded pipet tips configuration from robot_state/pipet_tips.yaml
2026-06-15 10:19:28,164 - DEBUG - Loaded pipet racks configuration from robot_state/pipet_racks.yaml
2026-06-15 10:19:28,166 - DEBUG - Loaded pump configuration from robot_state/syringe_pumps.yaml
2026-06-15 10:19:28,170 - DEBUG - Loaded robot hardware configuration from robot_state/robot_hardware.yaml
2026-06-15 10:19:28,174 - DEBUG - Loaded wellplate properties configuration from robot_state/wellplates.yaml
2026-06-15 10:19:28,174 - DEBUG - Loading robot state files...
2026-06-15 10:19:28,179 - INFO - No vial file provided - operating without vial tracking
2026-06-15 10:19:28,179 - DEBUG - Loaded robot status from robot_state/robot_status.yaml
2026-06-15 10:19:28,179 - DEBUG - Loaded wellplate positions from robot_state/wellplates.yaml
2026-06-15 10:19:28,179 - DEBUG - Robot status loaded successfully
2026-06-15 10:19:28,179 - INFO - Physical initialization of North Robot...
2026-06-15 10:19:31,703 - DEBUG - Loading pumps from YAML configuration...
2026-06-15 10:19:31,809 - DEBUG - Loaded pump 0: volume=1.0mL, speed=11, liquid=None
2026-06-15 10:19:31,905 - DEBUG - Loaded pump 1: volume=2.5mL, speed=15, liquid=water
2026-06-15 10:19:31,905 - INFO - Moving robot to home position
2026-06-15 10:19:32,324 - DEBUG - Initializing centrifuge controller...
2026-06-15 10:19:32,324 - INFO - Initializing North Track...
2026-06-15 10:19:32,324 - DEBUG - Loading track status from file: robot_state/track_status.yaml
2026-06-15 10:19:32,324 - DEBUG - Getting track status from file: robot_state/track_status.yaml
2026-06-15 10:19:32,324 - DEBUG - Loaded track status from robot_state/track_status.yaml
2026-06-15 10:19:32,324 - DEBUG - Loading track positions from: robot_state/track_positions.yaml
2026-06-15 10:19:32,324 - DEBUG - Loaded track positions configuration from robot_state/track_positions.yaml
2026-06-15 10:19:32,324 - DEBUG - Loading robot hardware configuration from: robot_state/robot_hardware.yaml
2026-06-15 10:19:32,324 - DEBUG - Loaded robot hardware configuration from robot_state/robot_hardware.yaml
2026-06-15 10:19:32,339 - DEBUG - Loaded wellplate properties configuration from robot_state/wellplates.yaml
2026-06-15 10:19:32,409 - DEBUG - Moving North Track to home position
2026-06-15 10:19:32,409 - DEBUG - Detected origin position (0,0) - setting location to 'origin'
2026-06-15 10:19:32,409 - DEBUG - Updated gripper location to: origin at position {'x': 0, 'z': 0}
2026-06-15 10:19:32,409 - INFO - Getting small_tip (pipet number 8) from rack: small_tip_rack_1
2026-06-15 10:19:36,571 - INFO - Moving robot to home position
2026-06-15 10:19:38,633 - INFO - Removing pipet
2026-06-15 10:19:41,316 - INFO - Getting small_tip (pipet number 9) from rack: small_tip_rack_1
2026-06-15 10:19:44,101 - INFO - Moving robot to home position
2026-06-15 10:19:46,152 - INFO - Removing pipet
