2026-04-28 10:28:49,911 - DEBUG - No workflow config provided - using default initialization
2026-04-28 10:28:49,911 - INFO - Launching status review GUI...
2026-04-28 10:28:50,072 - INFO - Detected workflow name: glycerol_dispense_baseline
2026-04-28 10:28:50,119 - INFO - Config editor loaded for workflow: glycerol_dispense_baseline
2026-04-28 10:28:53,574 - INFO - User selected: Run Workflow
2026-04-28 10:28:53,574 - INFO - Status review completed - proceeding with hardware initialization
2026-04-28 10:28:54,179 - INFO - Initializing North Robot...
2026-04-28 10:28:54,179 - DEBUG - Loading robot configuration files...
2026-04-28 10:28:54,196 - DEBUG - Loaded vial positions configuration from robot_state/vial_positions.yaml
2026-04-28 10:28:54,198 - DEBUG - Loaded pipet tips configuration from robot_state/pipet_tips.yaml
2026-04-28 10:28:54,203 - DEBUG - Loaded pipet racks configuration from robot_state/pipet_racks.yaml
2026-04-28 10:28:54,205 - DEBUG - Loaded pump configuration from robot_state/syringe_pumps.yaml
2026-04-28 10:28:54,209 - DEBUG - Loaded robot hardware configuration from robot_state/robot_hardware.yaml
2026-04-28 10:28:54,212 - DEBUG - Loaded wellplate properties configuration from robot_state/wellplates.yaml
2026-04-28 10:28:54,212 - DEBUG - Loading robot state files...
2026-04-28 10:28:54,218 - DEBUG - Loaded vial data from status/calibration_vials.csv
2026-04-28 10:28:54,220 - DEBUG - Loaded robot status from robot_state/robot_status.yaml
2026-04-28 10:28:54,220 - DEBUG - Loaded wellplate positions from robot_state/wellplates.yaml
2026-04-28 10:28:54,220 - DEBUG - Robot status loaded successfully
2026-04-28 10:28:54,220 - INFO - Physical initialization of North Robot...
2026-04-28 10:28:57,727 - DEBUG - Loading pumps from YAML configuration...
2026-04-28 10:28:57,823 - DEBUG - Loaded pump 0: volume=1.0mL, speed=11, liquid=None
2026-04-28 10:28:57,926 - DEBUG - Loaded pump 1: volume=2.5mL, speed=15, liquid=water
2026-04-28 10:28:57,926 - INFO - Moving robot to home position
2026-04-28 10:29:01,053 - DEBUG - Initializing centrifuge controller...
2026-04-28 10:29:01,053 - INFO - Initializing North Track...
2026-04-28 10:29:01,053 - DEBUG - Loading track status from file: robot_state/track_status.yaml
2026-04-28 10:29:01,053 - DEBUG - Getting track status from file: robot_state/track_status.yaml
2026-04-28 10:29:01,056 - DEBUG - Loaded track status from robot_state/track_status.yaml
2026-04-28 10:29:01,056 - DEBUG - Loading track positions from: robot_state/track_positions.yaml
2026-04-28 10:29:01,064 - DEBUG - Loaded track positions configuration from robot_state/track_positions.yaml
2026-04-28 10:29:01,064 - DEBUG - Loading robot hardware configuration from: robot_state/robot_hardware.yaml
2026-04-28 10:29:01,067 - DEBUG - Loaded robot hardware configuration from robot_state/robot_hardware.yaml
2026-04-28 10:29:01,071 - DEBUG - Loaded wellplate properties configuration from robot_state/wellplates.yaml
2026-04-28 10:29:01,145 - DEBUG - Moving North Track to home position
2026-04-28 10:29:01,145 - DEBUG - Detected origin position (0,0) - setting location to 'origin'
2026-04-28 10:29:01,146 - DEBUG - Updated gripper location to: origin at position {'x': 0, 'z': 0}
2026-04-28 10:29:01,147 - INFO - Homing all robot components...
2026-04-28 10:29:01,147 - DEBUG - Homing carousel...
