2025-09-15 16:14:19,457 - INFO - Initializing North Robot...
2025-09-15 16:14:19,457 - DEBUG - Getting robot status from file: ../utoronto_demo/status/robot_status.yaml
2025-09-15 16:14:19,462 - DEBUG - Physical initialization of North Robot...
2025-09-15 16:14:19,463 - INFO - Moving robot to home position
2025-09-15 16:14:19,465 - DEBUG - Loading pumps...
2025-09-15 16:14:19,466 - INFO - Initializing North Track...
2025-09-15 16:14:19,468 - DEBUG - Loading track status from file: ../utoronto_demo/status/track_status.yaml
2025-09-15 16:14:19,468 - DEBUG - Getting track status from file: ../utoronto_demo/status/track_status.yaml
2025-09-15 16:14:19,470 - INFO -    vial_index           vial_name         location  location_index  vial_volume  capped cap_type vial_type    home_location  home_location_index
0           0  measurement_vial_0    main_8mL_rack               0     0.174387    True     open      8_mL    main_8mL_rack                    0
1           1  measurement_vial_1    main_8mL_rack               1     0.000000    True     open      8_mL    main_8mL_rack                    1
2           2  measurement_vial_2    main_8mL_rack               2     0.000000    True     open      8_mL    main_8mL_rack                    2
3           3       liquid_source  large_vial_rack               2    17.825613    True     open     20_mL  large_vial_rack                    2
2025-09-15 16:14:19,490 - INFO - Visualizing vial racks...
2025-09-15 16:14:19,641 - DEBUG - Visualizing rack: Main Rack with filter: main_8mL_rack
2025-09-15 16:14:19,749 - DEBUG - Visualizing rack: Second Rack with filter: large_vial_rack
2025-09-15 16:14:23,644 - INFO - Moving vial measurement_vial_0 to clamp: 0
2025-09-15 16:14:23,644 - DEBUG - Grabbing vial 0 with index 0
2025-09-15 16:14:23,644 - DEBUG - Saving robot status to file: ../utoronto_demo/status/robot_status.yaml
2025-09-15 16:14:23,644 - DEBUG - Dropping off vial 0 at location clamp with index 0
2025-09-15 16:14:23,644 - DEBUG - Saving robot status to file: ../utoronto_demo/status/robot_status.yaml
2025-09-15 16:14:23,644 - INFO - Liquid: 
2025-09-15 16:14:23,660 - INFO - Loading existing data from C:\Users\Imaging Controller\Desktop\Calibration_SDL_Output\autosave_calibration\with_overvolume\20250908_153346_glycerol_qEI\experiment_summary.csv
2025-09-15 16:14:23,898 - INFO - Loading existing data from C:\Users\Imaging Controller\Desktop\Calibration_SDL_Output\autosave_calibration\with_overvolume\20250909_134248_glycerol_qLogEI\experiment_summary.csv
2025-09-15 16:14:24,121 - INFO - Loading existing data from C:\Users\Imaging Controller\Desktop\Calibration_SDL_Output\autosave_calibration\with_overvolume\20250909_152721_glycerol_qNEHVI\experiment_summary.csv
