2025-10-21 14:42:41,703 - INFO - Initializing North Robot...
2025-10-21 14:42:41,703 - DEBUG - Loading robot configuration files...
2025-10-21 14:42:41,714 - DEBUG - Loaded vial positions configuration from robot_state/vial_positions.yaml
2025-10-21 14:42:41,715 - DEBUG - Loaded pipet tips configuration from robot_state/pipet_tips.yaml
2025-10-21 14:42:41,720 - DEBUG - Loaded pipet racks configuration from robot_state/pipet_racks.yaml
2025-10-21 14:42:41,723 - DEBUG - Loaded pump configuration from robot_state/syringe_pumps.yaml
2025-10-21 14:42:41,723 - DEBUG - Loaded robot hardware configuration from robot_state/robot_hardware.yaml
2025-10-21 14:42:41,729 - DEBUG - Loaded wellplate properties configuration from robot_state/wellplates.yaml
2025-10-21 14:42:41,729 - DEBUG - Loading robot state files...
2025-10-21 14:42:41,729 - DEBUG - Loaded vial data from ../utoronto_demo/status/sample_capped_vials.csv
2025-10-21 14:42:41,729 - DEBUG - Loaded robot status from robot_state/robot_status.yaml
2025-10-21 14:42:41,729 - DEBUG - Loaded wellplate positions from robot_state/wellplates.yaml
2025-10-21 14:42:41,729 - DEBUG - Robot status loaded successfully
2025-10-21 14:42:41,729 - DEBUG - Loading pumps from YAML configuration...
2025-10-21 14:42:41,846 - DEBUG - Loaded pump 0: volume=1.0mL, speed=11, liquid=None
2025-10-21 14:42:41,964 - DEBUG - Loaded pump 1: volume=2.5mL, speed=15, liquid=water
2025-10-21 14:42:41,964 - DEBUG - Physical initialization of North Robot...
2025-10-21 14:42:42,302 - INFO - Moving robot to home position
2025-10-21 14:42:48,158 - DEBUG - Current reader status: 0
2025-10-21 14:42:48,158 - INFO - Cytation5 is connected and ready
2025-10-21 14:42:48,158 - INFO - Initializing North Track...
2025-10-21 14:42:48,158 - DEBUG - Loading track status from file: robot_state/track_status.yaml
2025-10-21 14:42:48,159 - DEBUG - Getting track status from file: robot_state/track_status.yaml
2025-10-21 14:42:48,159 - DEBUG - Loaded track status from robot_state/track_status.yaml
2025-10-21 14:42:48,159 - DEBUG - Loading track positions from: robot_state/track_positions.yaml
2025-10-21 14:42:48,166 - DEBUG - Loaded track positions configuration from robot_state/track_positions.yaml
2025-10-21 14:42:48,166 - DEBUG - Loading robot hardware configuration from: robot_state/robot_hardware.yaml
2025-10-21 14:42:48,169 - DEBUG - Loaded robot hardware configuration from robot_state/robot_hardware.yaml
2025-10-21 14:42:48,171 - DEBUG - Loaded wellplate properties configuration from robot_state/wellplates.yaml
2025-10-21 14:42:52,640 - DEBUG - Moving North Track to home position
2025-10-21 14:42:52,640 - INFO - Grabbing wellplate from location: pipetting_area
2025-10-21 14:42:57,342 - DEBUG - Opening gripper
2025-10-21 14:43:00,198 - DEBUG - Closing gripper
2025-10-21 14:43:02,699 - INFO - Releasing wellplate at location: pipetting_area
2025-10-21 14:43:02,699 - DEBUG - No waypoint locations provided, skipping path movement
2025-10-21 14:43:03,532 - DEBUG - Opening gripper
