2026-01-07 12:37:31,265 - INFO - Initializing North Robot...
2026-01-07 12:37:31,266 - DEBUG - Loading robot configuration files...
2026-01-07 12:37:31,274 - DEBUG - Loaded vial positions configuration from robot_state/vial_positions.yaml
2026-01-07 12:37:31,275 - DEBUG - Loaded pipet tips configuration from robot_state/pipet_tips.yaml
2026-01-07 12:37:31,280 - DEBUG - Loaded pipet racks configuration from robot_state/pipet_racks.yaml
2026-01-07 12:37:31,283 - DEBUG - Loaded pump configuration from robot_state/syringe_pumps.yaml
2026-01-07 12:37:31,285 - DEBUG - Loaded robot hardware configuration from robot_state/robot_hardware.yaml
2026-01-07 12:37:31,285 - DEBUG - Loaded wellplate properties configuration from robot_state/wellplates.yaml
2026-01-07 12:37:31,285 - DEBUG - Loading robot state files...
2026-01-07 12:37:31,285 - DEBUG - Loaded vial data from ../utoronto_demo/status/sample_input_vials.csv
2026-01-07 12:37:31,285 - DEBUG - Loaded robot status from robot_state/robot_status.yaml
2026-01-07 12:37:31,297 - DEBUG - Loaded wellplate positions from robot_state/wellplates.yaml
2026-01-07 12:37:31,297 - DEBUG - Robot status loaded successfully
2026-01-07 12:37:31,297 - INFO - Physical initialization of North Robot...
2026-01-07 12:37:34,712 - DEBUG - Loading pumps from YAML configuration...
2026-01-07 12:37:34,830 - DEBUG - Loaded pump 0: volume=1.0mL, speed=11, liquid=None
2026-01-07 12:37:34,936 - DEBUG - Loaded pump 1: volume=2.5mL, speed=15, liquid=water
2026-01-07 12:37:34,936 - INFO - Moving robot to home position
2026-01-07 12:37:35,447 - DEBUG - Initializing centrifuge controller...
2026-01-07 12:37:40,675 - DEBUG - Current reader status: 0
2026-01-07 12:37:40,675 - INFO - Cytation5 is connected and ready
2026-01-07 12:37:40,675 - INFO - Initializing North Track...
2026-01-07 12:37:40,675 - DEBUG - Loading track status from file: robot_state/track_status.yaml
2026-01-07 12:37:40,675 - DEBUG - Getting track status from file: robot_state/track_status.yaml
2026-01-07 12:37:40,675 - DEBUG - Loaded track status from robot_state/track_status.yaml
2026-01-07 12:37:40,675 - DEBUG - Loading track positions from: robot_state/track_positions.yaml
2026-01-07 12:37:40,689 - DEBUG - Loaded track positions configuration from robot_state/track_positions.yaml
2026-01-07 12:37:40,689 - DEBUG - Loading robot hardware configuration from: robot_state/robot_hardware.yaml
2026-01-07 12:37:40,693 - DEBUG - Loaded robot hardware configuration from robot_state/robot_hardware.yaml
2026-01-07 12:37:40,696 - DEBUG - Loaded wellplate properties configuration from robot_state/wellplates.yaml
2026-01-07 12:37:43,473 - INFO - Releasing wellplate at location: pipetting_area
2026-01-07 12:37:47,843 - DEBUG - Opening gripper
2026-01-07 12:37:54,768 - DEBUG - Moving North Track to home position
2026-01-07 12:37:54,768 - INFO - Measuring wellplate 0 with protocols: C:\Protocols\Ilya_Measurement.prt
2026-01-07 12:37:54,768 - DEBUG - Using robot plate type 'quartz' -> Cytation plate type '96 QUARTZ LID'
2026-01-07 12:37:54,768 - INFO - Moving robot to home position
2026-01-07 12:37:55,088 - INFO - Moving wellplate 0 to Cytation
2026-01-07 12:37:55,088 - DEBUG - Using robot plate type 'quartz' -> Cytation plate type '96 QUARTZ LID' for CarrierIn
2026-01-07 12:37:56,183 - INFO - Grabbing wellplate from location: pipetting_area
2026-01-07 12:37:56,183 - DEBUG - No waypoint locations provided, skipping path movement
2026-01-07 12:37:59,726 - DEBUG - Opening gripper
2026-01-07 12:38:02,637 - DEBUG - Closing gripper
2026-01-07 12:38:09,206 - INFO - Releasing wellplate at location: cytation_tray
2026-01-07 12:38:09,206 - DEBUG - No waypoint locations provided, skipping path movement
2026-01-07 12:38:11,913 - DEBUG - Opening gripper
2026-01-07 12:38:17,871 - DEBUG - Experiment created successfully.
2026-01-07 12:38:17,871 - DEBUG - Experiment Protocol Type: Standard
2026-01-07 12:38:17,871 - DEBUG - Grouping wells for plate type: 96 QUARTZ LID
2026-01-07 12:38:17,871 - INFO - Running plate with wells: ['A1', 'A2', 'A3'] and protocol type: read
2026-01-07 12:38:20,287 - INFO - Read started. Waiting for completion...
2026-01-07 12:38:31,824 - INFO - Plate read completed successfully.
2026-01-07 12:38:31,824 - DEBUG - Extracting measurement parameters from plate procedure.
2026-01-07 12:38:31,834 - DEBUG - Measurement types: ['590']
2026-01-07 12:38:31,927 - INFO - Moving wellplate 0 back from Cytation
2026-01-07 12:38:31,927 - DEBUG - Using robot plate type 'quartz' -> Cytation plate type '96 QUARTZ LID' for CarrierIn
2026-01-07 12:38:34,130 - INFO - Grabbing wellplate from location: cytation_tray
2026-01-07 12:38:34,130 - DEBUG - No waypoint locations provided, skipping path movement
2026-01-07 12:38:34,254 - DEBUG - Opening gripper
2026-01-07 12:38:36,911 - DEBUG - Closing gripper
2026-01-07 12:38:43,321 - INFO - Releasing wellplate at location: pipetting_area
2026-01-07 12:38:43,321 - DEBUG - No waypoint locations provided, skipping path movement
2026-01-07 12:38:47,643 - DEBUG - Opening gripper
2026-01-07 12:38:54,594 - DEBUG - Moving North Track to home position
