2026-07-08 09:49:40,248 - DEBUG - No workflow config provided - using default initialization
2026-07-08 09:49:40,248 - INFO - Launching status review GUI...
2026-07-08 09:49:40,621 - INFO - Detected workflow name: enhanced_SP_arm_position_program_v1.1_xy_coordinate_system
2026-07-08 09:49:41,299 - INFO - Config editor loaded for workflow: enhanced_SP_arm_position_program_v1.1_xy_coordinate_system
2026-07-08 09:49:47,829 - INFO - User selected: Run Workflow
2026-07-08 09:49:47,838 - INFO - Status review completed - proceeding with hardware initialization
2026-07-08 09:49:48,208 - INFO - Initializing North Robot...
2026-07-08 09:49:48,209 - DEBUG - Loading robot configuration files...
2026-07-08 09:49:48,221 - DEBUG - Loaded vial positions configuration from robot_state/vial_positions.yaml
2026-07-08 09:49:48,221 - DEBUG - Loaded pipet tips configuration from robot_state/pipet_tips.yaml
2026-07-08 09:49:48,238 - DEBUG - Loaded pipet racks configuration from robot_state/pipet_racks.yaml
2026-07-08 09:49:48,238 - DEBUG - Loaded pump configuration from robot_state/syringe_pumps.yaml
2026-07-08 09:49:48,238 - DEBUG - Loaded robot hardware configuration from robot_state/robot_hardware.yaml
2026-07-08 09:49:48,238 - DEBUG - Loaded wellplate properties configuration from robot_state/wellplates.yaml
2026-07-08 09:49:48,238 - DEBUG - Loading robot state files...
2026-07-08 09:49:48,255 - DEBUG - Loaded vial data from status/surfactant_grid_vials_expanded.csv
2026-07-08 09:49:48,255 - DEBUG - Loaded robot status from robot_state/robot_status.yaml
2026-07-08 09:49:48,271 - DEBUG - Loaded wellplate positions from robot_state/wellplates.yaml
2026-07-08 09:49:48,271 - DEBUG - Robot status loaded successfully
2026-07-08 09:49:48,271 - INFO - Physical initialization of North Robot...
