2026-04-01 12:21:08,777 - DEBUG - No workflow config provided - using default initialization
2026-04-01 12:21:08,777 - INFO - Launching status review GUI...
2026-04-01 12:21:08,943 - INFO - Detected workflow name: enhanced_SP_arm_position_program_v1.1_xy_coordinate_system
2026-04-01 12:21:09,326 - INFO - Config editor loaded for workflow: enhanced_SP_arm_position_program_v1.1_xy_coordinate_system
2026-04-01 12:21:14,048 - INFO - User selected: Run Workflow
2026-04-01 12:21:14,061 - INFO - Status review completed - proceeding with hardware initialization
2026-04-01 12:21:14,383 - INFO - Initializing North Robot...
2026-04-01 12:21:14,383 - DEBUG - Loading robot configuration files...
2026-04-01 12:21:14,399 - DEBUG - Loaded vial positions configuration from robot_state/vial_positions.yaml
2026-04-01 12:21:14,420 - DEBUG - Loaded pipet tips configuration from robot_state/pipet_tips.yaml
2026-04-01 12:21:14,430 - DEBUG - Loaded pipet racks configuration from robot_state/pipet_racks.yaml
2026-04-01 12:21:14,430 - DEBUG - Loaded pump configuration from robot_state/syringe_pumps.yaml
2026-04-01 12:21:14,446 - DEBUG - Loaded robot hardware configuration from robot_state/robot_hardware.yaml
2026-04-01 12:21:14,461 - DEBUG - Loaded wellplate properties configuration from robot_state/wellplates.yaml
2026-04-01 12:21:14,461 - DEBUG - Loading robot state files...
2026-04-01 12:21:14,464 - DEBUG - Loaded vial data from status/surfactant_grid_vials_expanded.csv
2026-04-01 12:21:14,464 - DEBUG - Loaded robot status from robot_state/robot_status.yaml
2026-04-01 12:21:14,477 - DEBUG - Loaded wellplate positions from robot_state/wellplates.yaml
2026-04-01 12:21:14,477 - DEBUG - Robot status loaded successfully
2026-04-01 12:21:14,477 - INFO - Physical initialization of North Robot...
2026-04-01 12:21:17,959 - DEBUG - Loading pumps from YAML configuration...
2026-04-01 12:21:18,071 - DEBUG - Loaded pump 0: volume=1.0mL, speed=11, liquid=None
2026-04-01 12:21:18,183 - DEBUG - Loaded pump 1: volume=2.5mL, speed=15, liquid=water
2026-04-01 12:21:18,183 - INFO - Robot reports having a vial index for liquid but only 0.000 mL volume - skipping dispense
2026-04-01 12:21:18,183 - WARNING - The robot reports having a tip, removing the tip
2026-04-01 12:21:18,183 - INFO - Removing pipet
2026-04-01 12:21:21,740 - INFO - Moving robot to home position
2026-04-01 12:21:23,579 - DEBUG - Initializing centrifuge controller...
2026-04-01 12:21:25,219 - DEBUG - Current reader status: -2
2026-04-01 12:21:25,219 - ERROR - Cytation5 not connected... May need to restart
2026-04-01 12:21:33,116 - INFO - Initializing North Track...
2026-04-01 12:21:33,116 - DEBUG - Loading track status from file: robot_state/track_status.yaml
2026-04-01 12:21:33,116 - DEBUG - Getting track status from file: robot_state/track_status.yaml
2026-04-01 12:21:33,132 - DEBUG - Loaded track status from robot_state/track_status.yaml
2026-04-01 12:21:33,132 - DEBUG - Loading track positions from: robot_state/track_positions.yaml
2026-04-01 12:21:33,151 - DEBUG - Loaded track positions configuration from robot_state/track_positions.yaml
2026-04-01 12:21:33,151 - DEBUG - Loading robot hardware configuration from: robot_state/robot_hardware.yaml
2026-04-01 12:21:33,154 - DEBUG - Loaded robot hardware configuration from robot_state/robot_hardware.yaml
2026-04-01 12:21:33,159 - DEBUG - Loaded wellplate properties configuration from robot_state/wellplates.yaml
2026-04-01 12:21:33,231 - DEBUG - Moving North Track to home position
2026-04-01 12:21:33,231 - DEBUG - Detected origin position (0,0) - setting location to 'origin'
2026-04-01 12:21:33,232 - DEBUG - Updated gripper location to: origin at position {'x': 0, 'z': 0}
