2026-04-21 20:21:26,050 - INFO - Workflow config loaded: surfactant_grid_adaptive_concentrations
2026-04-21 20:21:26,051 - INFO - Config keys updated: 40 (SURFACTANT_A, SURFACTANT_B, WORKFLOW_TYPE, EXPERIMENT_TAG, SIMULATE, VALIDATE_LIQUIDS, MIN_CONC, FINAL_SUBSTOCK_VOLUME_ML, PAIRING_QUEUE, NUM_SUBSTOCKS, ITERATIVE_CONCENTRATIONS, GRADIENT_SUGGESTIONS_PER_ITERATION, OPTIMIZE_METRIC, RECOMMENDER_TYPE, ITERATIVE_MEASUREMENT_TOTAL, ADD_CMC_CONTROLS, CMC_CONTROL_POINTS, ADD_BUFFER, BUFFER_VOLUME_UL, BUFFER_OPTIONS, SELECTED_BUFFER, VALIDATION_ONLY, CREATE_WELLPLATE, MAX_WELLS, NUMBER_CONCENTRATIONS, N_REPLICATES, WELL_VOLUME_UL, PYRENE_VOLUME_UL, MINIMUM_PIPETTE_VOLUME, MIN_SUBSTOCK_VOLUME_UL, MEASUREMENT_INTERVAL, MIN_WELL_PIPETTE_VOLUME_UL, MAX_SURFACTANT_VOLUME_UL, KINETICS_SEQUENCE, SHAKE_WAIT_PROTOCOL, TURBIDITY_PROTOCOL_FILE, FLUORESCENCE_PROTOCOL_FILE, SHAKE_PROTOCOL, INPUT_VIAL_STATUS_FILE, SURFACTANT_LIBRARY)
2026-04-21 20:21:26,051 - INFO - SIMULATE mode: False
2026-04-21 20:21:26,051 - INFO - Launching status review GUI...
2026-04-21 20:21:26,205 - INFO - Detected workflow name: surfactant_grid_adaptive_concentrations
2026-04-21 20:21:26,616 - INFO - Config editor loaded for workflow: surfactant_grid_adaptive_concentrations
2026-04-21 20:21:29,709 - INFO - User selected: Run Workflow
2026-04-21 20:21:29,720 - INFO - Status review completed - proceeding with hardware initialization
2026-04-21 20:21:29,734 - DEBUG - Reloading config after status check to get updated values
2026-04-21 20:21:29,762 - INFO - Config Manager: Updated 40 workflow constants from surfactant_grid_adaptive_concentrations.yaml
2026-04-21 20:21:30,334 - INFO - Initializing North Robot...
2026-04-21 20:21:30,334 - DEBUG - Loading robot configuration files...
2026-04-21 20:21:30,348 - DEBUG - Loaded vial positions configuration from robot_state/vial_positions.yaml
2026-04-21 20:21:30,348 - DEBUG - Loaded pipet tips configuration from robot_state/pipet_tips.yaml
2026-04-21 20:21:30,348 - DEBUG - Loaded pipet racks configuration from robot_state/pipet_racks.yaml
2026-04-21 20:21:30,348 - DEBUG - Loaded pump configuration from robot_state/syringe_pumps.yaml
2026-04-21 20:21:30,360 - DEBUG - Loaded robot hardware configuration from robot_state/robot_hardware.yaml
2026-04-21 20:21:30,360 - DEBUG - Loaded wellplate properties configuration from robot_state/wellplates.yaml
2026-04-21 20:21:30,360 - DEBUG - Loading robot state files...
2026-04-21 20:21:30,360 - DEBUG - Loaded vial data from ../utoronto_demo/status/surfactant_grid_vials_expanded.csv
2026-04-21 20:21:30,360 - DEBUG - Loaded robot status from robot_state/robot_status.yaml
2026-04-21 20:21:30,378 - DEBUG - Loaded wellplate positions from robot_state/wellplates.yaml
2026-04-21 20:21:30,378 - DEBUG - Robot status loaded successfully
2026-04-21 20:21:30,378 - INFO - Physical initialization of North Robot...
2026-04-21 20:21:33,862 - DEBUG - Loading pumps from YAML configuration...
2026-04-21 20:21:33,957 - DEBUG - Loaded pump 0: volume=1.0mL, speed=11, liquid=None
2026-04-21 20:21:34,059 - DEBUG - Loaded pump 1: volume=2.5mL, speed=15, liquid=water
2026-04-21 20:21:34,059 - INFO - Moving robot to home position
2026-04-21 20:21:34,465 - DEBUG - Initializing centrifuge controller...
2026-04-21 20:21:35,220 - DEBUG - Current reader status: -2
2026-04-21 20:21:35,220 - ERROR - Cytation5 not connected... May need to restart
