2025-09-30 18:12:49,316 - INFO - Initializing North Robot...
2025-09-30 18:12:49,316 - DEBUG - Loading robot configuration files...
2025-09-30 18:12:49,326 - DEBUG - Loaded vial positions configuration from ../utoronto_demo/robot_state/vial_positions.yaml
2025-09-30 18:12:49,328 - DEBUG - Loaded pipet tips configuration from ../utoronto_demo/robot_state/pipet_tips.yaml
2025-09-30 18:12:49,332 - DEBUG - Loaded pipet racks configuration from ../utoronto_demo/robot_state/pipet_racks.yaml
2025-09-30 18:12:49,334 - DEBUG - Loaded pump configuration from ../utoronto_demo/robot_state/syringe_pumps.yaml
2025-09-30 18:12:49,338 - DEBUG - Loaded robot hardware configuration from ../utoronto_demo/robot_state/robot_hardware.yaml
2025-09-30 18:12:49,341 - DEBUG - Loaded wellplate properties configuration from ../utoronto_demo/robot_state/wellplates.yaml
2025-09-30 18:12:49,341 - DEBUG - Loading robot state files...
2025-09-30 18:12:49,346 - DEBUG - Loaded vial data from ../utoronto_demo/status/calibration_vials_short.csv
2025-09-30 18:12:49,346 - DEBUG - Loaded robot status from ../utoronto_demo/robot_state/robot_status.yaml
2025-09-30 18:12:49,356 - DEBUG - Loaded wellplate positions from ../utoronto_demo/robot_state/wellplates.yaml
2025-09-30 18:12:49,356 - DEBUG - Physical initialization of North Robot...
2025-09-30 18:12:49,676 - INFO - Moving robot to home position
2025-09-30 18:12:51,931 - DEBUG - Loading pumps from YAML configuration...
2025-09-30 18:12:52,039 - DEBUG - Loaded pump 0: volume=1.0mL, speed=11, liquid=None
2025-09-30 18:12:52,168 - DEBUG - Loaded pump 1: volume=2.5mL, speed=15, liquid=water
2025-09-30 18:12:52,394 - INFO - Initializing North Track...
2025-09-30 18:12:52,394 - DEBUG - Loading track status from file: ../utoronto_demo/robot_state/track_status.yaml
2025-09-30 18:12:52,394 - DEBUG - Getting track status from file: ../utoronto_demo/robot_state/track_status.yaml
2025-09-30 18:12:52,399 - DEBUG - Loaded track status from ../utoronto_demo/robot_state/track_status.yaml
2025-09-30 18:12:52,399 - DEBUG - Loading track positions from: ../utoronto_demo/robot_state/track_positions.yaml
2025-09-30 18:12:52,405 - DEBUG - Loaded track positions configuration from ../utoronto_demo/robot_state/track_positions.yaml
2025-09-30 18:12:52,405 - DEBUG - Loading robot hardware configuration from: ../utoronto_demo/robot_state/robot_hardware.yaml
2025-09-30 18:12:52,407 - DEBUG - Loaded robot hardware configuration from ../utoronto_demo/robot_state/robot_hardware.yaml
2025-09-30 18:12:52,411 - DEBUG - Loaded wellplate properties configuration from ../utoronto_demo/robot_state/wellplates.yaml
2025-09-30 18:12:52,414 - INFO -    vial_index           vial_name         location  location_index  vial_volume  capped cap_type vial_type    home_location  home_location_index
0           0  measurement_vial_0    main_8mL_rack               0     8.266934    True     open      8_mL    main_8mL_rack                    0
1           1  measurement_vial_1            clamp               0     0.241000    True     open      8_mL    main_8mL_rack                    1
2           2  measurement_vial_2    main_8mL_rack               2     0.000000    True     open      8_mL    main_8mL_rack                    2
3           3       liquid_source  large_vial_rack               2    11.257066    True     open     20_mL  large_vial_rack                    2
2025-09-30 18:12:52,429 - INFO - Visualizing vial racks...
2025-09-30 18:12:52,570 - DEBUG - Visualizing rack: Main Rack with filter: main_8mL_rack
2025-09-30 18:12:52,719 - DEBUG - Visualizing rack: Second Rack with filter: large_vial_rack
2025-09-30 18:12:58,142 - INFO - Moving vial measurement_vial_0 to clamp: 0
2025-09-30 18:12:58,142 - DEBUG - Grabbing vial 0 with index 0
2025-09-30 18:13:00,872 - DEBUG - Dropping off vial 0 at location clamp with index 0
2025-09-30 18:13:00,883 - WARNING - Cannot move vial to destination, destination full
2025-09-30 18:13:00,883 - ERROR - Cannot move vial to destination, destination full
