2025-09-15 13:27:10,614 - INFO - Initializing North Robot...
2025-09-15 13:27:10,614 - DEBUG - Getting robot status from file: ../utoronto_demo/status/robot_status.yaml
2025-09-15 13:27:10,614 - DEBUG - Physical initialization of North Robot...
2025-09-15 13:27:10,630 - INFO - Moving robot to home position
2025-09-15 13:27:10,633 - DEBUG - Loading pumps...
2025-09-15 13:27:10,635 - INFO - Initializing North Track...
2025-09-15 13:27:10,636 - DEBUG - Loading track status from file: ../utoronto_demo/status/track_status.yaml
2025-09-15 13:27:10,636 - DEBUG - Getting track status from file: ../utoronto_demo/status/track_status.yaml
2025-09-15 13:27:10,638 - INFO -    vial_index           vial_name         location  location_index  vial_volume  capped cap_type vial_type    home_location  home_location_index
0           0  measurement_vial_0    main_8mL_rack               0     7.038149    True     open      8_mL    main_8mL_rack                    0
1           1  measurement_vial_1    main_8mL_rack               1     7.159352    True     open      8_mL    main_8mL_rack                    1
2           2  measurement_vial_2    main_8mL_rack               2     2.446171    True     open      8_mL    main_8mL_rack                    2
3           3       liquid_source  large_vial_rack               2     3.356328    True     open     20_mL  large_vial_rack                    2
2025-09-15 13:27:10,655 - INFO - Visualizing vial racks...
2025-09-15 13:27:10,813 - DEBUG - Visualizing rack: Main Rack with filter: main_8mL_rack
2025-09-15 13:27:10,932 - DEBUG - Visualizing rack: Second Rack with filter: large_vial_rack
2025-09-15 13:27:13,835 - INFO - Moving vial measurement_vial_0 to clamp: 0
2025-09-15 13:27:13,835 - DEBUG - Grabbing vial 0 with index 0
2025-09-15 13:27:13,840 - DEBUG - Saving robot status to file: ../utoronto_demo/status/robot_status.yaml
2025-09-15 13:27:13,840 - DEBUG - Dropping off vial 0 at location clamp with index 0
2025-09-15 13:27:13,841 - DEBUG - Saving robot status to file: ../utoronto_demo/status/robot_status.yaml
2025-09-15 13:27:13,841 - INFO - Liquid: 
2025-09-15 13:27:13,845 - INFO - Loading existing data from C:\Users\Imaging Controller\Desktop\Calibration_SDL_Output\autosave_calibration\with_overvolume\20250908_153346_glycerol_qEI\experiment_summary.csv
2025-09-15 13:27:14,231 - INFO - Loading existing data from C:\Users\Imaging Controller\Desktop\Calibration_SDL_Output\autosave_calibration\with_overvolume\20250909_134248_glycerol_qLogEI\experiment_summary.csv
2025-09-15 13:27:14,516 - INFO - Loading existing data from C:\Users\Imaging Controller\Desktop\Calibration_SDL_Output\autosave_calibration\with_overvolume\20250909_152721_glycerol_qNEHVI\experiment_summary.csv
2025-09-15 13:27:35,378 - DEBUG - Removing pipet
2025-09-15 13:27:35,379 - DEBUG - Saving robot status to file: ../utoronto_demo/status/robot_status.yaml
2025-09-15 13:27:35,379 - INFO - Returning vial measurement_vial_0 to home location
2025-09-15 13:27:35,380 - INFO - Moving vial measurement_vial_0 to main_8mL_rack: 0
2025-09-15 13:27:35,380 - DEBUG - Grabbing vial 0 with index 0
2025-09-15 13:27:35,381 - DEBUG - Saving robot status to file: ../utoronto_demo/status/robot_status.yaml
2025-09-15 13:27:35,382 - DEBUG - Dropping off vial 0 at location main_8mL_rack with index 0
2025-09-15 13:27:35,382 - DEBUG - Saving robot status to file: ../utoronto_demo/status/robot_status.yaml
2025-09-15 13:27:35,382 - DEBUG - Saving robot status to file: ../utoronto_demo/status/robot_status.yaml
2025-09-15 13:27:35,382 - INFO - [info] Switching to new measurement vial: measurement_vial_1
2025-09-15 13:27:35,384 - INFO - Moving vial measurement_vial_1 to clamp: 0
2025-09-15 13:27:35,384 - DEBUG - Grabbing vial 1 with index 1
2025-09-15 13:27:35,385 - DEBUG - Saving robot status to file: ../utoronto_demo/status/robot_status.yaml
2025-09-15 13:27:35,385 - DEBUG - Dropping off vial 1 at location clamp with index 0
2025-09-15 13:27:35,386 - DEBUG - Saving robot status to file: ../utoronto_demo/status/robot_status.yaml
2025-09-15 13:27:35,387 - DEBUG - Getting pipet number: 0 from rack 1
2025-09-15 13:27:35,388 - DEBUG - Saving robot status to file: ../utoronto_demo/status/robot_status.yaml
2025-09-15 13:27:35,389 - INFO - Pipetting from vial liquid_source, amount: 0.058 mL
2025-09-15 13:27:35,391 - DEBUG - Adjusting pump 0 speed to 14
2025-09-15 13:27:35,391 - DEBUG - Aspirating 0.09175892466627136 mL then waiting 0 s
2025-09-15 13:27:35,392 - DEBUG - Aspirating 0.05812927125885927 mL then waiting 13.893631288812378 s
2025-09-15 13:27:35,392 - DEBUG - Aspirating 0.08863105899714512 mL then waiting 0 s
2025-09-15 13:27:35,392 - DEBUG - Saving robot status to file: ../utoronto_demo/status/robot_status.yaml
2025-09-15 13:27:35,393 - INFO - Pipetting into vial measurement_vial_1, amount: 0.058 mL
2025-09-15 13:27:35,394 - DEBUG - Adjusting pump 0 speed to 30
2025-09-15 13:27:35,394 - DEBUG - Dispensing 0.23851925492227574 mL then waiting 18.99830955902038 s
2025-09-15 13:27:35,395 - DEBUG - Saving robot status to file: ../utoronto_demo/status/robot_status.yaml
2025-09-15 13:27:35,395 - DEBUG - Removing pipet
2025-09-15 13:27:35,395 - DEBUG - Saving robot status to file: ../utoronto_demo/status/robot_status.yaml
2025-09-15 13:27:35,397 - DEBUG - Getting pipet number: 1 from rack 1
2025-09-15 13:27:35,397 - DEBUG - Saving robot status to file: ../utoronto_demo/status/robot_status.yaml
2025-09-15 13:27:35,398 - INFO - Pipetting from vial liquid_source, amount: 0.058 mL
2025-09-15 13:27:35,401 - DEBUG - Adjusting pump 0 speed to 14
2025-09-15 13:27:35,401 - DEBUG - Aspirating 0.09175892466627136 mL then waiting 0 s
2025-09-15 13:27:35,401 - DEBUG - Aspirating 0.05812927125885927 mL then waiting 13.893631288812378 s
2025-09-15 13:27:35,401 - DEBUG - Aspirating 0.08863105899714512 mL then waiting 0 s
2025-09-15 13:27:35,401 - DEBUG - Saving robot status to file: ../utoronto_demo/status/robot_status.yaml
2025-09-15 13:27:35,402 - INFO - Pipetting into vial measurement_vial_1, amount: 0.058 mL
2025-09-15 13:27:35,403 - DEBUG - Adjusting pump 0 speed to 30
2025-09-15 13:27:35,403 - DEBUG - Dispensing 0.23851925492227574 mL then waiting 18.99830955902038 s
2025-09-15 13:27:35,403 - DEBUG - Saving robot status to file: ../utoronto_demo/status/robot_status.yaml
2025-09-15 13:27:35,404 - DEBUG - Removing pipet
2025-09-15 13:27:35,404 - DEBUG - Saving robot status to file: ../utoronto_demo/status/robot_status.yaml
2025-09-15 13:27:35,405 - DEBUG - Getting pipet number: 2 from rack 1
2025-09-15 13:27:35,405 - DEBUG - Saving robot status to file: ../utoronto_demo/status/robot_status.yaml
2025-09-15 13:27:35,405 - INFO - Pipetting from vial liquid_source, amount: 0.058 mL
2025-09-15 13:27:35,405 - DEBUG - Adjusting pump 0 speed to 14
2025-09-15 13:27:35,405 - DEBUG - Aspirating 0.09175892466627136 mL then waiting 0 s
2025-09-15 13:27:35,405 - DEBUG - Aspirating 0.05812927125885927 mL then waiting 13.893631288812378 s
2025-09-15 13:27:35,405 - DEBUG - Aspirating 0.08863105899714512 mL then waiting 0 s
2025-09-15 13:27:35,405 - DEBUG - Saving robot status to file: ../utoronto_demo/status/robot_status.yaml
2025-09-15 13:27:35,405 - INFO - Pipetting into vial measurement_vial_1, amount: 0.058 mL
2025-09-15 13:27:35,410 - DEBUG - Adjusting pump 0 speed to 30
2025-09-15 13:27:35,410 - DEBUG - Dispensing 0.23851925492227574 mL then waiting 18.99830955902038 s
2025-09-15 13:27:35,410 - DEBUG - Saving robot status to file: ../utoronto_demo/status/robot_status.yaml
2025-09-15 13:27:35,411 - DEBUG - Removing pipet
2025-09-15 13:27:35,411 - DEBUG - Saving robot status to file: ../utoronto_demo/status/robot_status.yaml
2025-09-15 13:27:35,631 - DEBUG - Removing pipet
2025-09-15 13:27:35,631 - DEBUG - Saving robot status to file: ../utoronto_demo/status/robot_status.yaml
2025-09-15 13:27:35,631 - INFO - Returning vial measurement_vial_1 to home location
2025-09-15 13:27:35,646 - INFO - Moving vial measurement_vial_1 to main_8mL_rack: 1
2025-09-15 13:27:35,646 - DEBUG - Grabbing vial 1 with index 1
2025-09-15 13:27:35,659 - DEBUG - Saving robot status to file: ../utoronto_demo/status/robot_status.yaml
2025-09-15 13:27:35,659 - DEBUG - Dropping off vial 1 at location main_8mL_rack with index 1
2025-09-15 13:27:35,660 - DEBUG - Saving robot status to file: ../utoronto_demo/status/robot_status.yaml
2025-09-15 13:27:35,660 - DEBUG - Saving robot status to file: ../utoronto_demo/status/robot_status.yaml
2025-09-15 13:27:35,660 - INFO - Moving robot to home position
2025-09-15 13:27:35,660 - INFO -    deviation  variability         time  aspirate_speed  dispense_speed  ...  volume  trial_index  strategy    liquid               time_reported
0   1.026648     2.075812  1293.380598              14              30  ...    0.05           96  BAYESIAN  glycerol  2025-09-15T13:27:35.631143

[1 rows x 16 columns]
