2026-06-09 16:33:45,402 - DEBUG - No workflow config provided - using default initialization
2026-06-09 16:33:45,402 - INFO - GUI disabled - skipping status review, proceeding directly to hardware initialization
2026-06-09 16:33:45,402 - INFO - Initializing North Robot...
2026-06-09 16:33:45,402 - DEBUG - Loading robot configuration files...
2026-06-09 16:33:45,412 - DEBUG - Loaded vial positions configuration from robot_state/vial_positions.yaml
2026-06-09 16:33:45,413 - DEBUG - Loaded pipet tips configuration from robot_state/pipet_tips.yaml
2026-06-09 16:33:45,414 - DEBUG - Loaded pipet racks configuration from robot_state/pipet_racks.yaml
2026-06-09 16:33:45,414 - DEBUG - Loaded pump configuration from robot_state/syringe_pumps.yaml
2026-06-09 16:33:45,414 - DEBUG - Loaded robot hardware configuration from robot_state/robot_hardware.yaml
2026-06-09 16:33:45,422 - DEBUG - Loaded wellplate properties configuration from robot_state/wellplates.yaml
2026-06-09 16:33:45,422 - DEBUG - Loading robot state files...
2026-06-09 16:33:45,425 - DEBUG - Loaded vial data from status/ilya_input_vials.csv
2026-06-09 16:33:45,425 - DEBUG - Loaded robot status from robot_state/robot_status.yaml
2026-06-09 16:33:45,427 - DEBUG - Loaded wellplate positions from robot_state/wellplates.yaml
2026-06-09 16:33:45,427 - DEBUG - Robot status loaded successfully
2026-06-09 16:33:45,427 - INFO - Physical initialization of North Robot...
2026-06-09 16:33:45,429 - DEBUG - Loading pumps from YAML configuration...
2026-06-09 16:33:45,429 - DEBUG - Loaded pump 0: volume=1.0mL, speed=11, liquid=None
2026-06-09 16:33:45,429 - DEBUG - Loaded pump 1: volume=2.5mL, speed=15, liquid=water
2026-06-09 16:33:45,429 - INFO - Moving robot to home position
2026-06-09 16:33:45,429 - DEBUG - Initializing centrifuge controller...
2026-06-09 16:33:45,429 - INFO - Initializing North Track...
2026-06-09 16:33:45,429 - DEBUG - Loading track status from file: robot_state/track_status.yaml
2026-06-09 16:33:45,429 - DEBUG - Getting track status from file: robot_state/track_status.yaml
2026-06-09 16:33:45,429 - DEBUG - Loaded track status from robot_state/track_status.yaml
2026-06-09 16:33:45,429 - DEBUG - Loading track positions from: robot_state/track_positions.yaml
2026-06-09 16:33:45,429 - DEBUG - Loaded track positions configuration from robot_state/track_positions.yaml
2026-06-09 16:33:45,429 - DEBUG - Loading robot hardware configuration from: robot_state/robot_hardware.yaml
2026-06-09 16:33:45,429 - DEBUG - Loaded robot hardware configuration from robot_state/robot_hardware.yaml
2026-06-09 16:33:45,439 - DEBUG - Loaded wellplate properties configuration from robot_state/wellplates.yaml
2026-06-09 16:33:45,440 - DEBUG - Moving North Track to home position
2026-06-09 16:33:45,440 - DEBUG - Detected origin position (0,0) - setting location to 'origin'
2026-06-09 16:33:45,440 - DEBUG - Updated gripper location to: origin at position {'x': 0, 'z': 0}
2026-06-09 16:33:45,440 - DEBUG - Simulating robot component homing...
2026-06-09 16:33:45,443 - INFO - Moving vial glycerol to clamp: 0
2026-06-09 16:33:45,443 - DEBUG - Grabbing vial 4 with index 4
2026-06-09 16:33:45,445 - DEBUG - Dropping off vial 4 at location clamp with index 0
2026-06-09 16:33:45,447 - DEBUG - Applied dict param aspirate_speed=10
2026-06-09 16:33:45,447 - DEBUG - Applied dict param dispense_speed=10
2026-06-09 16:33:45,447 - DEBUG - Applied dict param aspirate_wait_time=0.0
2026-06-09 16:33:45,447 - DEBUG - Applied dict param dispense_wait_time=1.5
2026-06-09 16:33:45,447 - DEBUG - Applied dict param pre_asp_air_vol=0.0
2026-06-09 16:33:45,447 - DEBUG - Applied dict param retract_speed=5.0
2026-06-09 16:33:45,447 - DEBUG - Applied dict param blowout_vol=0.0
2026-06-09 16:33:45,447 - DEBUG - Applied dict param post_asp_air_vol=0.0
2026-06-09 16:33:45,447 - DEBUG - Applied dict param post_retract_wait_time=0.0
2026-06-09 16:33:45,447 - DEBUG - Applied dict param overaspirate_vol=0.004
2026-06-09 16:33:45,447 - DEBUG - Applied dict param asp_disp_cycles=0
2026-06-09 16:33:45,448 - DEBUG - Selected small_tip for volume 0.070 mL
2026-06-09 16:33:45,448 - INFO - Getting small_tip (pipet number 0) from rack: small_tip_rack_1
2026-06-09 16:33:45,448 - INFO - Pipetting from vial glycerol, amount: 0.070 mL
2026-06-09 16:33:45,448 - INFO - Additional volume from calibration, amount: 0.004 mL
2026-06-09 16:33:45,454 - DEBUG - Adjusting pump 0 speed to 10
2026-06-09 16:33:45,454 - DEBUG - Adjusting pump 0 speed to 10
2026-06-09 16:33:45,454 - DEBUG - Aspirating 0.074 mL then waiting 0.0 s
2026-06-09 16:33:45,454 - DEBUG - Applied dict param aspirate_speed=10
2026-06-09 16:33:45,454 - DEBUG - Applied dict param dispense_speed=10
2026-06-09 16:33:45,454 - DEBUG - Applied dict param aspirate_wait_time=0.0
2026-06-09 16:33:45,454 - DEBUG - Applied dict param dispense_wait_time=1.5
2026-06-09 16:33:45,454 - DEBUG - Applied dict param pre_asp_air_vol=0.0
2026-06-09 16:33:45,454 - DEBUG - Applied dict param retract_speed=5.0
2026-06-09 16:33:45,454 - DEBUG - Applied dict param blowout_vol=0.0
2026-06-09 16:33:45,454 - DEBUG - Applied dict param post_asp_air_vol=0.0
2026-06-09 16:33:45,454 - DEBUG - Applied dict param post_retract_wait_time=0.0
2026-06-09 16:33:45,455 - DEBUG - Applied dict param overaspirate_vol=0.004
2026-06-09 16:33:45,455 - DEBUG - Applied dict param asp_disp_cycles=0
2026-06-09 16:33:45,456 - INFO - Pipetting into vial glycerol, amount: 0.070 mL
2026-06-09 16:33:45,457 - INFO - Simulation mode - initial mass set to 0
2026-06-09 16:33:45,457 - DEBUG - Adjusting pump 0 speed to 10
2026-06-09 16:33:45,457 - DEBUG - Dispensing 0.074 mL then waiting 1.5 s
2026-06-09 16:33:45,459 - INFO - Simulation mode - final mass set to 0
2026-06-09 16:33:45,459 - INFO - Mass difference: 0.000000 g (target: 0.070 mL = ~0.070000 g for water)
2026-06-09 16:33:45,460 - DEBUG - Applied dict param aspirate_speed=10
2026-06-09 16:33:45,460 - DEBUG - Applied dict param dispense_speed=10
2026-06-09 16:33:45,460 - DEBUG - Applied dict param aspirate_wait_time=0.0
2026-06-09 16:33:45,460 - DEBUG - Applied dict param dispense_wait_time=1.5
2026-06-09 16:33:45,460 - DEBUG - Applied dict param pre_asp_air_vol=0.0
2026-06-09 16:33:45,460 - DEBUG - Applied dict param retract_speed=5.0
2026-06-09 16:33:45,461 - DEBUG - Applied dict param blowout_vol=0.0
2026-06-09 16:33:45,461 - DEBUG - Applied dict param post_asp_air_vol=0.0
2026-06-09 16:33:45,461 - DEBUG - Applied dict param post_retract_wait_time=0.0
2026-06-09 16:33:45,461 - DEBUG - Applied dict param overaspirate_vol=0.004
2026-06-09 16:33:45,461 - DEBUG - Applied dict param asp_disp_cycles=0
2026-06-09 16:33:45,461 - DEBUG - Selected small_tip for volume 0.070 mL
2026-06-09 16:33:45,463 - INFO - Pipetting from vial glycerol, amount: 0.070 mL
2026-06-09 16:33:45,463 - INFO - Additional volume from calibration, amount: 0.004 mL
2026-06-09 16:33:45,464 - DEBUG - Adjusting pump 0 speed to 10
2026-06-09 16:33:45,465 - DEBUG - Adjusting pump 0 speed to 10
2026-06-09 16:33:45,465 - DEBUG - Aspirating 0.074 mL then waiting 0.0 s
2026-06-09 16:33:45,465 - DEBUG - Applied dict param aspirate_speed=10
2026-06-09 16:33:45,465 - DEBUG - Applied dict param dispense_speed=10
2026-06-09 16:33:45,465 - DEBUG - Applied dict param aspirate_wait_time=0.0
2026-06-09 16:33:45,465 - DEBUG - Applied dict param dispense_wait_time=1.5
2026-06-09 16:33:45,465 - DEBUG - Applied dict param pre_asp_air_vol=0.0
2026-06-09 16:33:45,465 - DEBUG - Applied dict param retract_speed=5.0
2026-06-09 16:33:45,465 - DEBUG - Applied dict param blowout_vol=0.0
2026-06-09 16:33:45,465 - DEBUG - Applied dict param post_asp_air_vol=0.0
2026-06-09 16:33:45,465 - DEBUG - Applied dict param post_retract_wait_time=0.0
2026-06-09 16:33:45,465 - DEBUG - Applied dict param overaspirate_vol=0.004
2026-06-09 16:33:45,465 - DEBUG - Applied dict param asp_disp_cycles=0
2026-06-09 16:33:45,466 - INFO - Pipetting into vial glycerol, amount: 0.070 mL
2026-06-09 16:33:45,466 - INFO - Simulation mode - initial mass set to 0
2026-06-09 16:33:45,466 - DEBUG - Adjusting pump 0 speed to 10
2026-06-09 16:33:45,466 - DEBUG - Dispensing 0.074 mL then waiting 1.5 s
2026-06-09 16:33:45,466 - INFO - Simulation mode - final mass set to 0
2026-06-09 16:33:45,466 - INFO - Mass difference: 0.000000 g (target: 0.070 mL = ~0.070000 g for water)
2026-06-09 16:33:45,469 - DEBUG - Applied dict param aspirate_speed=10
2026-06-09 16:33:45,469 - DEBUG - Applied dict param dispense_speed=10
2026-06-09 16:33:45,469 - DEBUG - Applied dict param aspirate_wait_time=0.0
2026-06-09 16:33:45,469 - DEBUG - Applied dict param dispense_wait_time=1.5
2026-06-09 16:33:45,469 - DEBUG - Applied dict param pre_asp_air_vol=0.0
2026-06-09 16:33:45,469 - DEBUG - Applied dict param retract_speed=5.0
2026-06-09 16:33:45,469 - DEBUG - Applied dict param blowout_vol=0.0
2026-06-09 16:33:45,469 - DEBUG - Applied dict param post_asp_air_vol=0.0
2026-06-09 16:33:45,469 - DEBUG - Applied dict param post_retract_wait_time=0.0
2026-06-09 16:33:45,469 - DEBUG - Applied dict param overaspirate_vol=0.004
2026-06-09 16:33:45,469 - DEBUG - Applied dict param asp_disp_cycles=0
2026-06-09 16:33:45,470 - DEBUG - Selected small_tip for volume 0.070 mL
2026-06-09 16:33:45,472 - INFO - Pipetting from vial glycerol, amount: 0.070 mL
2026-06-09 16:33:45,472 - INFO - Additional volume from calibration, amount: 0.004 mL
2026-06-09 16:33:45,475 - DEBUG - Adjusting pump 0 speed to 10
2026-06-09 16:33:45,476 - DEBUG - Adjusting pump 0 speed to 10
2026-06-09 16:33:45,476 - DEBUG - Aspirating 0.074 mL then waiting 0.0 s
2026-06-09 16:33:45,477 - DEBUG - Applied dict param aspirate_speed=10
2026-06-09 16:33:45,477 - DEBUG - Applied dict param dispense_speed=10
2026-06-09 16:33:45,477 - DEBUG - Applied dict param aspirate_wait_time=0.0
2026-06-09 16:33:45,477 - DEBUG - Applied dict param dispense_wait_time=1.5
2026-06-09 16:33:45,477 - DEBUG - Applied dict param pre_asp_air_vol=0.0
2026-06-09 16:33:45,477 - DEBUG - Applied dict param retract_speed=5.0
2026-06-09 16:33:45,477 - DEBUG - Applied dict param blowout_vol=0.0
2026-06-09 16:33:45,477 - DEBUG - Applied dict param post_asp_air_vol=0.0
2026-06-09 16:33:45,477 - DEBUG - Applied dict param post_retract_wait_time=0.0
2026-06-09 16:33:45,477 - DEBUG - Applied dict param overaspirate_vol=0.004
2026-06-09 16:33:45,477 - DEBUG - Applied dict param asp_disp_cycles=0
2026-06-09 16:33:45,478 - INFO - Pipetting into vial glycerol, amount: 0.070 mL
2026-06-09 16:33:45,479 - INFO - Simulation mode - initial mass set to 0
2026-06-09 16:33:45,479 - DEBUG - Adjusting pump 0 speed to 10
2026-06-09 16:33:45,480 - DEBUG - Dispensing 0.074 mL then waiting 1.5 s
2026-06-09 16:33:45,480 - INFO - Simulation mode - final mass set to 0
2026-06-09 16:33:45,480 - INFO - Mass difference: 0.000000 g (target: 0.070 mL = ~0.070000 g for water)
2026-06-09 16:33:45,481 - DEBUG - Applied dict param aspirate_speed=10
2026-06-09 16:33:45,481 - DEBUG - Applied dict param dispense_speed=10
2026-06-09 16:33:45,481 - DEBUG - Applied dict param aspirate_wait_time=0.0
2026-06-09 16:33:45,481 - DEBUG - Applied dict param dispense_wait_time=1.5
2026-06-09 16:33:45,481 - DEBUG - Applied dict param pre_asp_air_vol=0.0
2026-06-09 16:33:45,481 - DEBUG - Applied dict param retract_speed=5.0
2026-06-09 16:33:45,481 - DEBUG - Applied dict param blowout_vol=0.0
2026-06-09 16:33:45,481 - DEBUG - Applied dict param post_asp_air_vol=0.0
2026-06-09 16:33:45,481 - DEBUG - Applied dict param post_retract_wait_time=0.0
2026-06-09 16:33:45,481 - DEBUG - Applied dict param overaspirate_vol=0.014477536346118734
2026-06-09 16:33:45,482 - DEBUG - Applied dict param asp_disp_cycles=0
2026-06-09 16:33:45,482 - DEBUG - Selected small_tip for volume 0.070 mL
2026-06-09 16:33:45,482 - INFO - Pipetting from vial glycerol, amount: 0.070 mL
2026-06-09 16:33:45,482 - INFO - Additional volume from calibration, amount: 0.014 mL
2026-06-09 16:33:45,482 - DEBUG - Adjusting pump 0 speed to 10
2026-06-09 16:33:45,482 - DEBUG - Adjusting pump 0 speed to 10
2026-06-09 16:33:45,482 - DEBUG - Aspirating 0.084 mL then waiting 0.0 s
2026-06-09 16:33:45,482 - DEBUG - Applied dict param aspirate_speed=10
2026-06-09 16:33:45,486 - DEBUG - Applied dict param dispense_speed=10
2026-06-09 16:33:45,486 - DEBUG - Applied dict param aspirate_wait_time=0.0
2026-06-09 16:33:45,486 - DEBUG - Applied dict param dispense_wait_time=1.5
2026-06-09 16:33:45,486 - DEBUG - Applied dict param pre_asp_air_vol=0.0
2026-06-09 16:33:45,486 - DEBUG - Applied dict param retract_speed=5.0
2026-06-09 16:33:45,486 - DEBUG - Applied dict param blowout_vol=0.0
2026-06-09 16:33:45,486 - DEBUG - Applied dict param post_asp_air_vol=0.0
2026-06-09 16:33:45,486 - DEBUG - Applied dict param post_retract_wait_time=0.0
2026-06-09 16:33:45,486 - DEBUG - Applied dict param overaspirate_vol=0.014477536346118734
2026-06-09 16:33:45,486 - DEBUG - Applied dict param asp_disp_cycles=0
2026-06-09 16:33:45,486 - INFO - Pipetting into vial glycerol, amount: 0.070 mL
2026-06-09 16:33:45,488 - INFO - Simulation mode - initial mass set to 0
2026-06-09 16:33:45,488 - DEBUG - Adjusting pump 0 speed to 10
2026-06-09 16:33:45,489 - DEBUG - Dispensing 0.084 mL then waiting 1.5 s
2026-06-09 16:33:45,489 - INFO - Simulation mode - final mass set to 0
2026-06-09 16:33:45,490 - INFO - Mass difference: 0.000000 g (target: 0.070 mL = ~0.070000 g for water)
2026-06-09 16:33:45,491 - DEBUG - Applied dict param aspirate_speed=10
2026-06-09 16:33:45,491 - DEBUG - Applied dict param dispense_speed=10
2026-06-09 16:33:45,491 - DEBUG - Applied dict param aspirate_wait_time=0.0
2026-06-09 16:33:45,491 - DEBUG - Applied dict param dispense_wait_time=1.5
2026-06-09 16:33:45,491 - DEBUG - Applied dict param pre_asp_air_vol=0.0
2026-06-09 16:33:45,491 - DEBUG - Applied dict param retract_speed=5.0
2026-06-09 16:33:45,491 - DEBUG - Applied dict param blowout_vol=0.0
2026-06-09 16:33:45,491 - DEBUG - Applied dict param post_asp_air_vol=0.0
2026-06-09 16:33:45,491 - DEBUG - Applied dict param post_retract_wait_time=0.0
2026-06-09 16:33:45,491 - DEBUG - Applied dict param overaspirate_vol=0.014477536346118734
2026-06-09 16:33:45,493 - DEBUG - Applied dict param asp_disp_cycles=0
2026-06-09 16:33:45,493 - DEBUG - Selected small_tip for volume 0.070 mL
2026-06-09 16:33:45,494 - INFO - Pipetting from vial glycerol, amount: 0.070 mL
2026-06-09 16:33:45,494 - INFO - Additional volume from calibration, amount: 0.014 mL
2026-06-09 16:33:45,498 - DEBUG - Adjusting pump 0 speed to 10
2026-06-09 16:33:45,498 - DEBUG - Adjusting pump 0 speed to 10
2026-06-09 16:33:45,498 - DEBUG - Aspirating 0.084 mL then waiting 0.0 s
2026-06-09 16:33:45,498 - DEBUG - Applied dict param aspirate_speed=10
2026-06-09 16:33:45,498 - DEBUG - Applied dict param dispense_speed=10
2026-06-09 16:33:45,498 - DEBUG - Applied dict param aspirate_wait_time=0.0
2026-06-09 16:33:45,498 - DEBUG - Applied dict param dispense_wait_time=1.5
2026-06-09 16:33:45,498 - DEBUG - Applied dict param pre_asp_air_vol=0.0
2026-06-09 16:33:45,498 - DEBUG - Applied dict param retract_speed=5.0
2026-06-09 16:33:45,498 - DEBUG - Applied dict param blowout_vol=0.0
2026-06-09 16:33:45,498 - DEBUG - Applied dict param post_asp_air_vol=0.0
2026-06-09 16:33:45,498 - DEBUG - Applied dict param post_retract_wait_time=0.0
2026-06-09 16:33:45,498 - DEBUG - Applied dict param overaspirate_vol=0.014477536346118734
2026-06-09 16:33:45,498 - DEBUG - Applied dict param asp_disp_cycles=0
2026-06-09 16:33:45,499 - INFO - Pipetting into vial glycerol, amount: 0.070 mL
2026-06-09 16:33:45,500 - INFO - Simulation mode - initial mass set to 0
2026-06-09 16:33:45,500 - DEBUG - Adjusting pump 0 speed to 10
2026-06-09 16:33:45,501 - DEBUG - Dispensing 0.084 mL then waiting 1.5 s
2026-06-09 16:33:45,501 - INFO - Simulation mode - final mass set to 0
2026-06-09 16:33:45,501 - INFO - Mass difference: 0.000000 g (target: 0.070 mL = ~0.070000 g for water)
2026-06-09 16:33:45,502 - DEBUG - Applied dict param aspirate_speed=10
2026-06-09 16:33:45,502 - DEBUG - Applied dict param dispense_speed=10
2026-06-09 16:33:45,502 - DEBUG - Applied dict param aspirate_wait_time=0.0
2026-06-09 16:33:45,502 - DEBUG - Applied dict param dispense_wait_time=1.5
2026-06-09 16:33:45,502 - DEBUG - Applied dict param pre_asp_air_vol=0.0
2026-06-09 16:33:45,502 - DEBUG - Applied dict param retract_speed=5.0
2026-06-09 16:33:45,502 - DEBUG - Applied dict param blowout_vol=0.0
2026-06-09 16:33:45,502 - DEBUG - Applied dict param post_asp_air_vol=0.0
2026-06-09 16:33:45,502 - DEBUG - Applied dict param post_retract_wait_time=0.0
2026-06-09 16:33:45,502 - DEBUG - Applied dict param overaspirate_vol=0.014477536346118734
2026-06-09 16:33:45,504 - DEBUG - Applied dict param asp_disp_cycles=0
2026-06-09 16:33:45,504 - DEBUG - Selected small_tip for volume 0.070 mL
2026-06-09 16:33:45,506 - INFO - Pipetting from vial glycerol, amount: 0.070 mL
2026-06-09 16:33:45,508 - INFO - Additional volume from calibration, amount: 0.014 mL
2026-06-09 16:33:45,510 - DEBUG - Adjusting pump 0 speed to 10
2026-06-09 16:33:45,510 - DEBUG - Adjusting pump 0 speed to 10
2026-06-09 16:33:45,510 - DEBUG - Aspirating 0.084 mL then waiting 0.0 s
2026-06-09 16:33:45,510 - DEBUG - Applied dict param aspirate_speed=10
2026-06-09 16:33:45,510 - DEBUG - Applied dict param dispense_speed=10
2026-06-09 16:33:45,510 - DEBUG - Applied dict param aspirate_wait_time=0.0
2026-06-09 16:33:45,510 - DEBUG - Applied dict param dispense_wait_time=1.5
2026-06-09 16:33:45,510 - DEBUG - Applied dict param pre_asp_air_vol=0.0
2026-06-09 16:33:45,510 - DEBUG - Applied dict param retract_speed=5.0
2026-06-09 16:33:45,510 - DEBUG - Applied dict param blowout_vol=0.0
2026-06-09 16:33:45,510 - DEBUG - Applied dict param post_asp_air_vol=0.0
2026-06-09 16:33:45,510 - DEBUG - Applied dict param post_retract_wait_time=0.0
2026-06-09 16:33:45,510 - DEBUG - Applied dict param overaspirate_vol=0.014477536346118734
2026-06-09 16:33:45,510 - DEBUG - Applied dict param asp_disp_cycles=0
2026-06-09 16:33:45,511 - INFO - Pipetting into vial glycerol, amount: 0.070 mL
2026-06-09 16:33:45,512 - INFO - Simulation mode - initial mass set to 0
2026-06-09 16:33:45,513 - DEBUG - Adjusting pump 0 speed to 10
2026-06-09 16:33:45,513 - DEBUG - Dispensing 0.084 mL then waiting 1.5 s
2026-06-09 16:33:45,513 - INFO - Simulation mode - final mass set to 0
2026-06-09 16:33:45,514 - INFO - Mass difference: 0.000000 g (target: 0.070 mL = ~0.070000 g for water)
2026-06-09 16:33:45,515 - DEBUG - Applied dict param aspirate_speed=10
2026-06-09 16:33:45,515 - DEBUG - Applied dict param dispense_speed=10
2026-06-09 16:33:45,515 - DEBUG - Applied dict param aspirate_wait_time=0.0
2026-06-09 16:33:45,515 - DEBUG - Applied dict param dispense_wait_time=1.5
2026-06-09 16:33:45,515 - DEBUG - Applied dict param pre_asp_air_vol=0.0
2026-06-09 16:33:45,515 - DEBUG - Applied dict param retract_speed=5.0
2026-06-09 16:33:45,515 - DEBUG - Applied dict param blowout_vol=0.0
2026-06-09 16:33:45,515 - DEBUG - Applied dict param post_asp_air_vol=0.0
2026-06-09 16:33:45,515 - DEBUG - Applied dict param post_retract_wait_time=0.0
2026-06-09 16:33:45,515 - DEBUG - Applied dict param overaspirate_vol=0.01476300808672291
2026-06-09 16:33:45,515 - DEBUG - Applied dict param asp_disp_cycles=0
2026-06-09 16:33:45,515 - DEBUG - Selected small_tip for volume 0.070 mL
2026-06-09 16:33:45,519 - INFO - Pipetting from vial glycerol, amount: 0.070 mL
2026-06-09 16:33:45,519 - INFO - Additional volume from calibration, amount: 0.015 mL
2026-06-09 16:33:45,520 - DEBUG - Adjusting pump 0 speed to 10
2026-06-09 16:33:45,521 - DEBUG - Adjusting pump 0 speed to 10
2026-06-09 16:33:45,521 - DEBUG - Aspirating 0.085 mL then waiting 0.0 s
2026-06-09 16:33:45,521 - DEBUG - Applied dict param aspirate_speed=10
2026-06-09 16:33:45,521 - DEBUG - Applied dict param dispense_speed=10
2026-06-09 16:33:45,521 - DEBUG - Applied dict param aspirate_wait_time=0.0
2026-06-09 16:33:45,521 - DEBUG - Applied dict param dispense_wait_time=1.5
2026-06-09 16:33:45,521 - DEBUG - Applied dict param pre_asp_air_vol=0.0
2026-06-09 16:33:45,521 - DEBUG - Applied dict param retract_speed=5.0
2026-06-09 16:33:45,521 - DEBUG - Applied dict param blowout_vol=0.0
2026-06-09 16:33:45,521 - DEBUG - Applied dict param post_asp_air_vol=0.0
2026-06-09 16:33:45,521 - DEBUG - Applied dict param post_retract_wait_time=0.0
2026-06-09 16:33:45,521 - DEBUG - Applied dict param overaspirate_vol=0.01476300808672291
2026-06-09 16:33:45,521 - DEBUG - Applied dict param asp_disp_cycles=0
2026-06-09 16:33:45,523 - INFO - Pipetting into vial glycerol, amount: 0.070 mL
2026-06-09 16:33:45,525 - INFO - Simulation mode - initial mass set to 0
2026-06-09 16:33:45,525 - DEBUG - Adjusting pump 0 speed to 10
2026-06-09 16:33:45,527 - DEBUG - Dispensing 0.085 mL then waiting 1.5 s
2026-06-09 16:33:45,527 - INFO - Simulation mode - final mass set to 0
2026-06-09 16:33:45,527 - INFO - Mass difference: 0.000000 g (target: 0.070 mL = ~0.070000 g for water)
2026-06-09 16:33:45,528 - DEBUG - Applied dict param aspirate_speed=10
2026-06-09 16:33:45,528 - DEBUG - Applied dict param dispense_speed=10
2026-06-09 16:33:45,528 - DEBUG - Applied dict param aspirate_wait_time=0.0
2026-06-09 16:33:45,529 - DEBUG - Applied dict param dispense_wait_time=1.5
2026-06-09 16:33:45,529 - DEBUG - Applied dict param pre_asp_air_vol=0.0
2026-06-09 16:33:45,529 - DEBUG - Applied dict param retract_speed=5.0
2026-06-09 16:33:45,529 - DEBUG - Applied dict param blowout_vol=0.0
2026-06-09 16:33:45,529 - DEBUG - Applied dict param post_asp_air_vol=0.0
2026-06-09 16:33:45,529 - DEBUG - Applied dict param post_retract_wait_time=0.0
2026-06-09 16:33:45,529 - DEBUG - Applied dict param overaspirate_vol=0.01476300808672291
2026-06-09 16:33:45,529 - DEBUG - Applied dict param asp_disp_cycles=0
2026-06-09 16:33:45,529 - DEBUG - Selected small_tip for volume 0.070 mL
2026-06-09 16:33:45,531 - INFO - Pipetting from vial glycerol, amount: 0.070 mL
2026-06-09 16:33:45,531 - INFO - Additional volume from calibration, amount: 0.015 mL
2026-06-09 16:33:45,533 - DEBUG - Adjusting pump 0 speed to 10
2026-06-09 16:33:45,533 - DEBUG - Adjusting pump 0 speed to 10
2026-06-09 16:33:45,533 - DEBUG - Aspirating 0.085 mL then waiting 0.0 s
2026-06-09 16:33:45,534 - DEBUG - Applied dict param aspirate_speed=10
2026-06-09 16:33:45,534 - DEBUG - Applied dict param dispense_speed=10
2026-06-09 16:33:45,534 - DEBUG - Applied dict param aspirate_wait_time=0.0
2026-06-09 16:33:45,534 - DEBUG - Applied dict param dispense_wait_time=1.5
2026-06-09 16:33:45,534 - DEBUG - Applied dict param pre_asp_air_vol=0.0
2026-06-09 16:33:45,534 - DEBUG - Applied dict param retract_speed=5.0
2026-06-09 16:33:45,534 - DEBUG - Applied dict param blowout_vol=0.0
2026-06-09 16:33:45,534 - DEBUG - Applied dict param post_asp_air_vol=0.0
2026-06-09 16:33:45,534 - DEBUG - Applied dict param post_retract_wait_time=0.0
2026-06-09 16:33:45,534 - DEBUG - Applied dict param overaspirate_vol=0.01476300808672291
2026-06-09 16:33:45,534 - DEBUG - Applied dict param asp_disp_cycles=0
2026-06-09 16:33:45,535 - INFO - Pipetting into vial glycerol, amount: 0.070 mL
2026-06-09 16:33:45,536 - INFO - Simulation mode - initial mass set to 0
2026-06-09 16:33:45,536 - DEBUG - Adjusting pump 0 speed to 10
2026-06-09 16:33:45,537 - DEBUG - Dispensing 0.085 mL then waiting 1.5 s
2026-06-09 16:33:45,537 - INFO - Simulation mode - final mass set to 0
2026-06-09 16:33:45,537 - INFO - Mass difference: 0.000000 g (target: 0.070 mL = ~0.070000 g for water)
2026-06-09 16:33:45,539 - DEBUG - Applied dict param aspirate_speed=10
2026-06-09 16:33:45,539 - DEBUG - Applied dict param dispense_speed=10
2026-06-09 16:33:45,539 - DEBUG - Applied dict param aspirate_wait_time=0.0
2026-06-09 16:33:45,539 - DEBUG - Applied dict param dispense_wait_time=1.5
2026-06-09 16:33:45,539 - DEBUG - Applied dict param pre_asp_air_vol=0.0
2026-06-09 16:33:45,539 - DEBUG - Applied dict param retract_speed=5.0
2026-06-09 16:33:45,539 - DEBUG - Applied dict param blowout_vol=0.0
2026-06-09 16:33:45,539 - DEBUG - Applied dict param post_asp_air_vol=0.0
2026-06-09 16:33:45,539 - DEBUG - Applied dict param post_retract_wait_time=0.0
2026-06-09 16:33:45,539 - DEBUG - Applied dict param overaspirate_vol=0.01476300808672291
2026-06-09 16:33:45,539 - DEBUG - Applied dict param asp_disp_cycles=0
2026-06-09 16:33:45,540 - DEBUG - Selected small_tip for volume 0.070 mL
2026-06-09 16:33:45,540 - INFO - Pipetting from vial glycerol, amount: 0.070 mL
2026-06-09 16:33:45,540 - INFO - Additional volume from calibration, amount: 0.015 mL
2026-06-09 16:33:45,545 - DEBUG - Adjusting pump 0 speed to 10
2026-06-09 16:33:45,545 - DEBUG - Adjusting pump 0 speed to 10
2026-06-09 16:33:45,545 - DEBUG - Aspirating 0.085 mL then waiting 0.0 s
2026-06-09 16:33:45,545 - DEBUG - Applied dict param aspirate_speed=10
2026-06-09 16:33:45,545 - DEBUG - Applied dict param dispense_speed=10
2026-06-09 16:33:45,545 - DEBUG - Applied dict param aspirate_wait_time=0.0
2026-06-09 16:33:45,545 - DEBUG - Applied dict param dispense_wait_time=1.5
2026-06-09 16:33:45,545 - DEBUG - Applied dict param pre_asp_air_vol=0.0
2026-06-09 16:33:45,545 - DEBUG - Applied dict param retract_speed=5.0
2026-06-09 16:33:45,545 - DEBUG - Applied dict param blowout_vol=0.0
2026-06-09 16:33:45,545 - DEBUG - Applied dict param post_asp_air_vol=0.0
2026-06-09 16:33:45,545 - DEBUG - Applied dict param post_retract_wait_time=0.0
2026-06-09 16:33:45,545 - DEBUG - Applied dict param overaspirate_vol=0.01476300808672291
2026-06-09 16:33:45,546 - DEBUG - Applied dict param asp_disp_cycles=0
2026-06-09 16:33:45,546 - INFO - Pipetting into vial glycerol, amount: 0.070 mL
2026-06-09 16:33:45,547 - INFO - Simulation mode - initial mass set to 0
2026-06-09 16:33:45,548 - DEBUG - Adjusting pump 0 speed to 10
2026-06-09 16:33:45,548 - DEBUG - Dispensing 0.085 mL then waiting 1.5 s
2026-06-09 16:33:45,548 - INFO - Simulation mode - final mass set to 0
2026-06-09 16:33:45,548 - INFO - Mass difference: 0.000000 g (target: 0.070 mL = ~0.070000 g for water)
2026-06-09 16:33:45,550 - DEBUG - Applied dict param aspirate_speed=10
2026-06-09 16:33:45,550 - DEBUG - Applied dict param dispense_speed=10
2026-06-09 16:33:45,550 - DEBUG - Applied dict param aspirate_wait_time=0.0
2026-06-09 16:33:45,550 - DEBUG - Applied dict param dispense_wait_time=1.5
2026-06-09 16:33:45,550 - DEBUG - Applied dict param pre_asp_air_vol=0.0
2026-06-09 16:33:45,550 - DEBUG - Applied dict param retract_speed=5.0
2026-06-09 16:33:45,550 - DEBUG - Applied dict param blowout_vol=0.0
2026-06-09 16:33:45,550 - DEBUG - Applied dict param post_asp_air_vol=0.0
2026-06-09 16:33:45,550 - DEBUG - Applied dict param post_retract_wait_time=0.0
2026-06-09 16:33:45,550 - DEBUG - Applied dict param overaspirate_vol=0.004
2026-06-09 16:33:45,550 - DEBUG - Applied dict param asp_disp_cycles=0
2026-06-09 16:33:45,552 - DEBUG - Selected small_tip for volume 0.100 mL
2026-06-09 16:33:45,554 - INFO - Pipetting from vial glycerol, amount: 0.100 mL
2026-06-09 16:33:45,554 - INFO - Additional volume from calibration, amount: 0.004 mL
2026-06-09 16:33:45,555 - DEBUG - Adjusting pump 0 speed to 10
2026-06-09 16:33:45,555 - DEBUG - Adjusting pump 0 speed to 10
2026-06-09 16:33:45,555 - DEBUG - Aspirating 0.104 mL then waiting 0.0 s
2026-06-09 16:33:45,556 - DEBUG - Applied dict param aspirate_speed=10
2026-06-09 16:33:45,556 - DEBUG - Applied dict param dispense_speed=10
2026-06-09 16:33:45,556 - DEBUG - Applied dict param aspirate_wait_time=0.0
2026-06-09 16:33:45,556 - DEBUG - Applied dict param dispense_wait_time=1.5
2026-06-09 16:33:45,556 - DEBUG - Applied dict param pre_asp_air_vol=0.0
2026-06-09 16:33:45,556 - DEBUG - Applied dict param retract_speed=5.0
2026-06-09 16:33:45,556 - DEBUG - Applied dict param blowout_vol=0.0
2026-06-09 16:33:45,556 - DEBUG - Applied dict param post_asp_air_vol=0.0
2026-06-09 16:33:45,556 - DEBUG - Applied dict param post_retract_wait_time=0.0
2026-06-09 16:33:45,556 - DEBUG - Applied dict param overaspirate_vol=0.004
2026-06-09 16:33:45,556 - DEBUG - Applied dict param asp_disp_cycles=0
2026-06-09 16:33:45,557 - INFO - Pipetting into vial glycerol, amount: 0.100 mL
2026-06-09 16:33:45,559 - INFO - Simulation mode - initial mass set to 0
2026-06-09 16:33:45,559 - DEBUG - Adjusting pump 0 speed to 10
2026-06-09 16:33:45,559 - DEBUG - Dispensing 0.104 mL then waiting 1.5 s
2026-06-09 16:33:45,559 - INFO - Simulation mode - final mass set to 0
2026-06-09 16:33:45,560 - INFO - Mass difference: 0.000000 g (target: 0.100 mL = ~0.100000 g for water)
2026-06-09 16:33:45,561 - DEBUG - Applied dict param aspirate_speed=10
2026-06-09 16:33:45,561 - DEBUG - Applied dict param dispense_speed=10
2026-06-09 16:33:45,561 - DEBUG - Applied dict param aspirate_wait_time=0.0
2026-06-09 16:33:45,561 - DEBUG - Applied dict param dispense_wait_time=1.5
2026-06-09 16:33:45,561 - DEBUG - Applied dict param pre_asp_air_vol=0.0
2026-06-09 16:33:45,561 - DEBUG - Applied dict param retract_speed=5.0
2026-06-09 16:33:45,561 - DEBUG - Applied dict param blowout_vol=0.0
2026-06-09 16:33:45,561 - DEBUG - Applied dict param post_asp_air_vol=0.0
2026-06-09 16:33:45,561 - DEBUG - Applied dict param post_retract_wait_time=0.0
2026-06-09 16:33:45,561 - DEBUG - Applied dict param overaspirate_vol=0.004
2026-06-09 16:33:45,561 - DEBUG - Applied dict param asp_disp_cycles=0
2026-06-09 16:33:45,562 - DEBUG - Selected small_tip for volume 0.100 mL
2026-06-09 16:33:45,564 - INFO - Pipetting from vial glycerol, amount: 0.100 mL
2026-06-09 16:33:45,564 - INFO - Additional volume from calibration, amount: 0.004 mL
2026-06-09 16:33:45,566 - DEBUG - Adjusting pump 0 speed to 10
2026-06-09 16:33:45,566 - DEBUG - Adjusting pump 0 speed to 10
2026-06-09 16:33:45,566 - DEBUG - Aspirating 0.104 mL then waiting 0.0 s
2026-06-09 16:33:45,566 - DEBUG - Applied dict param aspirate_speed=10
2026-06-09 16:33:45,566 - DEBUG - Applied dict param dispense_speed=10
2026-06-09 16:33:45,566 - DEBUG - Applied dict param aspirate_wait_time=0.0
2026-06-09 16:33:45,566 - DEBUG - Applied dict param dispense_wait_time=1.5
2026-06-09 16:33:45,566 - DEBUG - Applied dict param pre_asp_air_vol=0.0
2026-06-09 16:33:45,566 - DEBUG - Applied dict param retract_speed=5.0
2026-06-09 16:33:45,567 - DEBUG - Applied dict param blowout_vol=0.0
2026-06-09 16:33:45,567 - DEBUG - Applied dict param post_asp_air_vol=0.0
2026-06-09 16:33:45,567 - DEBUG - Applied dict param post_retract_wait_time=0.0
2026-06-09 16:33:45,567 - DEBUG - Applied dict param overaspirate_vol=0.004
2026-06-09 16:33:45,567 - DEBUG - Applied dict param asp_disp_cycles=0
2026-06-09 16:33:45,568 - INFO - Pipetting into vial glycerol, amount: 0.100 mL
2026-06-09 16:33:45,569 - INFO - Simulation mode - initial mass set to 0
2026-06-09 16:33:45,569 - DEBUG - Adjusting pump 0 speed to 10
2026-06-09 16:33:45,571 - DEBUG - Dispensing 0.104 mL then waiting 1.5 s
2026-06-09 16:33:45,571 - INFO - Simulation mode - final mass set to 0
2026-06-09 16:33:45,571 - INFO - Mass difference: 0.000000 g (target: 0.100 mL = ~0.100000 g for water)
2026-06-09 16:33:45,572 - DEBUG - Applied dict param aspirate_speed=10
2026-06-09 16:33:45,572 - DEBUG - Applied dict param dispense_speed=10
2026-06-09 16:33:45,572 - DEBUG - Applied dict param aspirate_wait_time=0.0
2026-06-09 16:33:45,572 - DEBUG - Applied dict param dispense_wait_time=1.5
2026-06-09 16:33:45,572 - DEBUG - Applied dict param pre_asp_air_vol=0.0
2026-06-09 16:33:45,572 - DEBUG - Applied dict param retract_speed=5.0
2026-06-09 16:33:45,572 - DEBUG - Applied dict param blowout_vol=0.0
2026-06-09 16:33:45,572 - DEBUG - Applied dict param post_asp_air_vol=0.0
2026-06-09 16:33:45,572 - DEBUG - Applied dict param post_retract_wait_time=0.0
2026-06-09 16:33:45,572 - DEBUG - Applied dict param overaspirate_vol=0.004
2026-06-09 16:33:45,572 - DEBUG - Applied dict param asp_disp_cycles=0
2026-06-09 16:33:45,574 - DEBUG - Selected small_tip for volume 0.100 mL
2026-06-09 16:33:45,574 - INFO - Pipetting from vial glycerol, amount: 0.100 mL
2026-06-09 16:33:45,574 - INFO - Additional volume from calibration, amount: 0.004 mL
2026-06-09 16:33:45,577 - DEBUG - Adjusting pump 0 speed to 10
2026-06-09 16:33:45,577 - DEBUG - Adjusting pump 0 speed to 10
2026-06-09 16:33:45,577 - DEBUG - Aspirating 0.104 mL then waiting 0.0 s
2026-06-09 16:33:45,578 - DEBUG - Applied dict param aspirate_speed=10
2026-06-09 16:33:45,578 - DEBUG - Applied dict param dispense_speed=10
2026-06-09 16:33:45,578 - DEBUG - Applied dict param aspirate_wait_time=0.0
2026-06-09 16:33:45,578 - DEBUG - Applied dict param dispense_wait_time=1.5
2026-06-09 16:33:45,578 - DEBUG - Applied dict param pre_asp_air_vol=0.0
2026-06-09 16:33:45,578 - DEBUG - Applied dict param retract_speed=5.0
2026-06-09 16:33:45,578 - DEBUG - Applied dict param blowout_vol=0.0
2026-06-09 16:33:45,578 - DEBUG - Applied dict param post_asp_air_vol=0.0
2026-06-09 16:33:45,578 - DEBUG - Applied dict param post_retract_wait_time=0.0
2026-06-09 16:33:45,578 - DEBUG - Applied dict param overaspirate_vol=0.004
2026-06-09 16:33:45,578 - DEBUG - Applied dict param asp_disp_cycles=0
2026-06-09 16:33:45,580 - INFO - Pipetting into vial glycerol, amount: 0.100 mL
2026-06-09 16:33:45,581 - INFO - Simulation mode - initial mass set to 0
2026-06-09 16:33:45,581 - DEBUG - Adjusting pump 0 speed to 10
2026-06-09 16:33:45,581 - DEBUG - Dispensing 0.104 mL then waiting 1.5 s
2026-06-09 16:33:45,581 - INFO - Simulation mode - final mass set to 0
2026-06-09 16:33:45,581 - INFO - Mass difference: 0.000000 g (target: 0.100 mL = ~0.100000 g for water)
2026-06-09 16:33:45,583 - DEBUG - Applied dict param aspirate_speed=10
2026-06-09 16:33:45,583 - DEBUG - Applied dict param dispense_speed=10
2026-06-09 16:33:45,583 - DEBUG - Applied dict param aspirate_wait_time=0.0
2026-06-09 16:33:45,583 - DEBUG - Applied dict param dispense_wait_time=1.5
2026-06-09 16:33:45,583 - DEBUG - Applied dict param pre_asp_air_vol=0.0
2026-06-09 16:33:45,583 - DEBUG - Applied dict param retract_speed=5.0
2026-06-09 16:33:45,583 - DEBUG - Applied dict param blowout_vol=0.0
2026-06-09 16:33:45,583 - DEBUG - Applied dict param post_asp_air_vol=0.0
2026-06-09 16:33:45,583 - DEBUG - Applied dict param post_retract_wait_time=0.0
2026-06-09 16:33:45,583 - DEBUG - Applied dict param overaspirate_vol=0.023074571354105202
2026-06-09 16:33:45,583 - DEBUG - Applied dict param asp_disp_cycles=0
2026-06-09 16:33:45,584 - DEBUG - Selected small_tip for volume 0.100 mL
2026-06-09 16:33:45,586 - INFO - Pipetting from vial glycerol, amount: 0.100 mL
2026-06-09 16:33:45,586 - INFO - Additional volume from calibration, amount: 0.023 mL
2026-06-09 16:33:45,587 - DEBUG - Adjusting pump 0 speed to 10
2026-06-09 16:33:45,587 - DEBUG - Adjusting pump 0 speed to 10
2026-06-09 16:33:45,587 - DEBUG - Aspirating 0.123 mL then waiting 0.0 s
2026-06-09 16:33:45,588 - DEBUG - Applied dict param aspirate_speed=10
2026-06-09 16:33:45,588 - DEBUG - Applied dict param dispense_speed=10
2026-06-09 16:33:45,588 - DEBUG - Applied dict param aspirate_wait_time=0.0
2026-06-09 16:33:45,588 - DEBUG - Applied dict param dispense_wait_time=1.5
2026-06-09 16:33:45,588 - DEBUG - Applied dict param pre_asp_air_vol=0.0
2026-06-09 16:33:45,588 - DEBUG - Applied dict param retract_speed=5.0
2026-06-09 16:33:45,588 - DEBUG - Applied dict param blowout_vol=0.0
2026-06-09 16:33:45,588 - DEBUG - Applied dict param post_asp_air_vol=0.0
2026-06-09 16:33:45,588 - DEBUG - Applied dict param post_retract_wait_time=0.0
2026-06-09 16:33:45,588 - DEBUG - Applied dict param overaspirate_vol=0.023074571354105202
2026-06-09 16:33:45,588 - DEBUG - Applied dict param asp_disp_cycles=0
2026-06-09 16:33:45,590 - INFO - Pipetting into vial glycerol, amount: 0.100 mL
2026-06-09 16:33:45,590 - INFO - Simulation mode - initial mass set to 0
2026-06-09 16:33:45,590 - DEBUG - Adjusting pump 0 speed to 10
2026-06-09 16:33:45,590 - DEBUG - Dispensing 0.123 mL then waiting 1.5 s
2026-06-09 16:33:45,590 - INFO - Simulation mode - final mass set to 0
2026-06-09 16:33:45,590 - INFO - Mass difference: 0.000000 g (target: 0.100 mL = ~0.100000 g for water)
2026-06-09 16:33:45,594 - DEBUG - Applied dict param aspirate_speed=10
2026-06-09 16:33:45,594 - DEBUG - Applied dict param dispense_speed=10
2026-06-09 16:33:45,594 - DEBUG - Applied dict param aspirate_wait_time=0.0
2026-06-09 16:33:45,594 - DEBUG - Applied dict param dispense_wait_time=1.5
2026-06-09 16:33:45,594 - DEBUG - Applied dict param pre_asp_air_vol=0.0
2026-06-09 16:33:45,594 - DEBUG - Applied dict param retract_speed=5.0
2026-06-09 16:33:45,594 - DEBUG - Applied dict param blowout_vol=0.0
2026-06-09 16:33:45,594 - DEBUG - Applied dict param post_asp_air_vol=0.0
2026-06-09 16:33:45,594 - DEBUG - Applied dict param post_retract_wait_time=0.0
2026-06-09 16:33:45,594 - DEBUG - Applied dict param overaspirate_vol=0.023074571354105202
2026-06-09 16:33:45,594 - DEBUG - Applied dict param asp_disp_cycles=0
2026-06-09 16:33:45,594 - DEBUG - Selected small_tip for volume 0.100 mL
2026-06-09 16:33:45,594 - INFO - Pipetting from vial glycerol, amount: 0.100 mL
2026-06-09 16:33:45,594 - INFO - Additional volume from calibration, amount: 0.023 mL
2026-06-09 16:33:45,599 - DEBUG - Adjusting pump 0 speed to 10
2026-06-09 16:33:45,599 - DEBUG - Adjusting pump 0 speed to 10
2026-06-09 16:33:45,599 - DEBUG - Aspirating 0.123 mL then waiting 0.0 s
2026-06-09 16:33:45,599 - DEBUG - Applied dict param aspirate_speed=10
2026-06-09 16:33:45,599 - DEBUG - Applied dict param dispense_speed=10
2026-06-09 16:33:45,599 - DEBUG - Applied dict param aspirate_wait_time=0.0
2026-06-09 16:33:45,599 - DEBUG - Applied dict param dispense_wait_time=1.5
2026-06-09 16:33:45,599 - DEBUG - Applied dict param pre_asp_air_vol=0.0
2026-06-09 16:33:45,599 - DEBUG - Applied dict param retract_speed=5.0
2026-06-09 16:33:45,599 - DEBUG - Applied dict param blowout_vol=0.0
2026-06-09 16:33:45,600 - DEBUG - Applied dict param post_asp_air_vol=0.0
2026-06-09 16:33:45,600 - DEBUG - Applied dict param post_retract_wait_time=0.0
2026-06-09 16:33:45,600 - DEBUG - Applied dict param overaspirate_vol=0.023074571354105202
2026-06-09 16:33:45,600 - DEBUG - Applied dict param asp_disp_cycles=0
2026-06-09 16:33:45,600 - INFO - Pipetting into vial glycerol, amount: 0.100 mL
2026-06-09 16:33:45,602 - INFO - Simulation mode - initial mass set to 0
2026-06-09 16:33:45,602 - DEBUG - Adjusting pump 0 speed to 10
2026-06-09 16:33:45,602 - DEBUG - Dispensing 0.123 mL then waiting 1.5 s
2026-06-09 16:33:45,602 - INFO - Simulation mode - final mass set to 0
2026-06-09 16:33:45,602 - INFO - Mass difference: 0.000000 g (target: 0.100 mL = ~0.100000 g for water)
2026-06-09 16:33:45,604 - DEBUG - Applied dict param aspirate_speed=10
2026-06-09 16:33:45,604 - DEBUG - Applied dict param dispense_speed=10
2026-06-09 16:33:45,604 - DEBUG - Applied dict param aspirate_wait_time=0.0
2026-06-09 16:33:45,604 - DEBUG - Applied dict param dispense_wait_time=1.5
2026-06-09 16:33:45,604 - DEBUG - Applied dict param pre_asp_air_vol=0.0
2026-06-09 16:33:45,604 - DEBUG - Applied dict param retract_speed=5.0
2026-06-09 16:33:45,604 - DEBUG - Applied dict param blowout_vol=0.0
2026-06-09 16:33:45,604 - DEBUG - Applied dict param post_asp_air_vol=0.0
2026-06-09 16:33:45,604 - DEBUG - Applied dict param post_retract_wait_time=0.0
2026-06-09 16:33:45,604 - DEBUG - Applied dict param overaspirate_vol=0.023074571354105202
2026-06-09 16:33:45,604 - DEBUG - Applied dict param asp_disp_cycles=0
2026-06-09 16:33:45,604 - DEBUG - Selected small_tip for volume 0.100 mL
2026-06-09 16:33:45,606 - INFO - Pipetting from vial glycerol, amount: 0.100 mL
2026-06-09 16:33:45,606 - INFO - Additional volume from calibration, amount: 0.023 mL
2026-06-09 16:33:45,607 - DEBUG - Adjusting pump 0 speed to 10
2026-06-09 16:33:45,607 - DEBUG - Adjusting pump 0 speed to 10
2026-06-09 16:33:45,607 - DEBUG - Aspirating 0.123 mL then waiting 0.0 s
2026-06-09 16:33:45,607 - DEBUG - Applied dict param aspirate_speed=10
2026-06-09 16:33:45,607 - DEBUG - Applied dict param dispense_speed=10
2026-06-09 16:33:45,607 - DEBUG - Applied dict param aspirate_wait_time=0.0
2026-06-09 16:33:45,607 - DEBUG - Applied dict param dispense_wait_time=1.5
2026-06-09 16:33:45,607 - DEBUG - Applied dict param pre_asp_air_vol=0.0
2026-06-09 16:33:45,607 - DEBUG - Applied dict param retract_speed=5.0
2026-06-09 16:33:45,607 - DEBUG - Applied dict param blowout_vol=0.0
2026-06-09 16:33:45,607 - DEBUG - Applied dict param post_asp_air_vol=0.0
2026-06-09 16:33:45,607 - DEBUG - Applied dict param post_retract_wait_time=0.0
2026-06-09 16:33:45,607 - DEBUG - Applied dict param overaspirate_vol=0.023074571354105202
2026-06-09 16:33:45,607 - DEBUG - Applied dict param asp_disp_cycles=0
2026-06-09 16:33:45,607 - INFO - Pipetting into vial glycerol, amount: 0.100 mL
2026-06-09 16:33:45,612 - INFO - Simulation mode - initial mass set to 0
2026-06-09 16:33:45,612 - DEBUG - Adjusting pump 0 speed to 10
2026-06-09 16:33:45,612 - DEBUG - Dispensing 0.123 mL then waiting 1.5 s
2026-06-09 16:33:45,612 - INFO - Simulation mode - final mass set to 0
2026-06-09 16:33:45,612 - INFO - Mass difference: 0.000000 g (target: 0.100 mL = ~0.100000 g for water)
2026-06-09 16:33:45,613 - DEBUG - Applied dict param aspirate_speed=10
2026-06-09 16:33:45,613 - DEBUG - Applied dict param dispense_speed=10
2026-06-09 16:33:45,613 - DEBUG - Applied dict param aspirate_wait_time=0.0
2026-06-09 16:33:45,613 - DEBUG - Applied dict param dispense_wait_time=1.5
2026-06-09 16:33:45,613 - DEBUG - Applied dict param pre_asp_air_vol=0.0
2026-06-09 16:33:45,613 - DEBUG - Applied dict param retract_speed=5.0
2026-06-09 16:33:45,613 - DEBUG - Applied dict param blowout_vol=0.0
2026-06-09 16:33:45,613 - DEBUG - Applied dict param post_asp_air_vol=0.0
2026-06-09 16:33:45,613 - DEBUG - Applied dict param post_retract_wait_time=0.0
2026-06-09 16:33:45,613 - DEBUG - Applied dict param overaspirate_vol=0.020205281032319975
2026-06-09 16:33:45,613 - DEBUG - Applied dict param asp_disp_cycles=0
2026-06-09 16:33:45,614 - DEBUG - Selected small_tip for volume 0.100 mL
2026-06-09 16:33:45,616 - INFO - Pipetting from vial glycerol, amount: 0.100 mL
2026-06-09 16:33:45,616 - INFO - Additional volume from calibration, amount: 0.020 mL
2026-06-09 16:33:45,617 - DEBUG - Adjusting pump 0 speed to 10
2026-06-09 16:33:45,617 - DEBUG - Adjusting pump 0 speed to 10
2026-06-09 16:33:45,617 - DEBUG - Aspirating 0.120 mL then waiting 0.0 s
2026-06-09 16:33:45,617 - DEBUG - Applied dict param aspirate_speed=10
2026-06-09 16:33:45,617 - DEBUG - Applied dict param dispense_speed=10
2026-06-09 16:33:45,617 - DEBUG - Applied dict param aspirate_wait_time=0.0
2026-06-09 16:33:45,617 - DEBUG - Applied dict param dispense_wait_time=1.5
2026-06-09 16:33:45,617 - DEBUG - Applied dict param pre_asp_air_vol=0.0
2026-06-09 16:33:45,617 - DEBUG - Applied dict param retract_speed=5.0
2026-06-09 16:33:45,617 - DEBUG - Applied dict param blowout_vol=0.0
2026-06-09 16:33:45,617 - DEBUG - Applied dict param post_asp_air_vol=0.0
2026-06-09 16:33:45,617 - DEBUG - Applied dict param post_retract_wait_time=0.0
2026-06-09 16:33:45,617 - DEBUG - Applied dict param overaspirate_vol=0.020205281032319975
2026-06-09 16:33:45,617 - DEBUG - Applied dict param asp_disp_cycles=0
2026-06-09 16:33:45,617 - INFO - Pipetting into vial glycerol, amount: 0.100 mL
2026-06-09 16:33:45,621 - INFO - Simulation mode - initial mass set to 0
2026-06-09 16:33:45,621 - DEBUG - Adjusting pump 0 speed to 10
2026-06-09 16:33:45,621 - DEBUG - Dispensing 0.120 mL then waiting 1.5 s
2026-06-09 16:33:45,622 - INFO - Simulation mode - final mass set to 0
2026-06-09 16:33:45,622 - INFO - Mass difference: 0.000000 g (target: 0.100 mL = ~0.100000 g for water)
2026-06-09 16:33:45,622 - DEBUG - Applied dict param aspirate_speed=10
2026-06-09 16:33:45,623 - DEBUG - Applied dict param dispense_speed=10
2026-06-09 16:33:45,623 - DEBUG - Applied dict param aspirate_wait_time=0.0
2026-06-09 16:33:45,623 - DEBUG - Applied dict param dispense_wait_time=1.5
2026-06-09 16:33:45,623 - DEBUG - Applied dict param pre_asp_air_vol=0.0
2026-06-09 16:33:45,623 - DEBUG - Applied dict param retract_speed=5.0
2026-06-09 16:33:45,623 - DEBUG - Applied dict param blowout_vol=0.0
2026-06-09 16:33:45,624 - DEBUG - Applied dict param post_asp_air_vol=0.0
2026-06-09 16:33:45,624 - DEBUG - Applied dict param post_retract_wait_time=0.0
2026-06-09 16:33:45,624 - DEBUG - Applied dict param overaspirate_vol=0.020205281032319975
2026-06-09 16:33:45,624 - DEBUG - Applied dict param asp_disp_cycles=0
2026-06-09 16:33:45,624 - DEBUG - Selected small_tip for volume 0.100 mL
2026-06-09 16:33:45,626 - INFO - Pipetting from vial glycerol, amount: 0.100 mL
2026-06-09 16:33:45,626 - INFO - Additional volume from calibration, amount: 0.020 mL
2026-06-09 16:33:45,628 - DEBUG - Adjusting pump 0 speed to 10
2026-06-09 16:33:45,628 - DEBUG - Adjusting pump 0 speed to 10
2026-06-09 16:33:45,628 - DEBUG - Aspirating 0.120 mL then waiting 0.0 s
2026-06-09 16:33:45,628 - DEBUG - Applied dict param aspirate_speed=10
2026-06-09 16:33:45,628 - DEBUG - Applied dict param dispense_speed=10
2026-06-09 16:33:45,628 - DEBUG - Applied dict param aspirate_wait_time=0.0
2026-06-09 16:33:45,628 - DEBUG - Applied dict param dispense_wait_time=1.5
2026-06-09 16:33:45,628 - DEBUG - Applied dict param pre_asp_air_vol=0.0
2026-06-09 16:33:45,628 - DEBUG - Applied dict param retract_speed=5.0
2026-06-09 16:33:45,628 - DEBUG - Applied dict param blowout_vol=0.0
2026-06-09 16:33:45,628 - DEBUG - Applied dict param post_asp_air_vol=0.0
2026-06-09 16:33:45,628 - DEBUG - Applied dict param post_retract_wait_time=0.0
2026-06-09 16:33:45,628 - DEBUG - Applied dict param overaspirate_vol=0.020205281032319975
2026-06-09 16:33:45,628 - DEBUG - Applied dict param asp_disp_cycles=0
2026-06-09 16:33:45,630 - INFO - Pipetting into vial glycerol, amount: 0.100 mL
2026-06-09 16:33:45,631 - INFO - Simulation mode - initial mass set to 0
2026-06-09 16:33:45,632 - DEBUG - Adjusting pump 0 speed to 10
2026-06-09 16:33:45,633 - DEBUG - Dispensing 0.120 mL then waiting 1.5 s
2026-06-09 16:33:45,633 - INFO - Simulation mode - final mass set to 0
2026-06-09 16:33:45,633 - INFO - Mass difference: 0.000000 g (target: 0.100 mL = ~0.100000 g for water)
2026-06-09 16:33:45,634 - DEBUG - Applied dict param aspirate_speed=10
2026-06-09 16:33:45,634 - DEBUG - Applied dict param dispense_speed=10
2026-06-09 16:33:45,634 - DEBUG - Applied dict param aspirate_wait_time=0.0
2026-06-09 16:33:45,634 - DEBUG - Applied dict param dispense_wait_time=1.5
2026-06-09 16:33:45,634 - DEBUG - Applied dict param pre_asp_air_vol=0.0
2026-06-09 16:33:45,634 - DEBUG - Applied dict param retract_speed=5.0
2026-06-09 16:33:45,634 - DEBUG - Applied dict param blowout_vol=0.0
2026-06-09 16:33:45,634 - DEBUG - Applied dict param post_asp_air_vol=0.0
2026-06-09 16:33:45,634 - DEBUG - Applied dict param post_retract_wait_time=0.0
2026-06-09 16:33:45,634 - DEBUG - Applied dict param overaspirate_vol=0.020205281032319975
2026-06-09 16:33:45,634 - DEBUG - Applied dict param asp_disp_cycles=0
2026-06-09 16:33:45,635 - DEBUG - Selected small_tip for volume 0.100 mL
2026-06-09 16:33:45,635 - INFO - Pipetting from vial glycerol, amount: 0.100 mL
2026-06-09 16:33:45,635 - INFO - Additional volume from calibration, amount: 0.020 mL
2026-06-09 16:33:45,635 - DEBUG - Adjusting pump 0 speed to 10
2026-06-09 16:33:45,635 - DEBUG - Adjusting pump 0 speed to 10
2026-06-09 16:33:45,635 - DEBUG - Aspirating 0.120 mL then waiting 0.0 s
2026-06-09 16:33:45,635 - DEBUG - Applied dict param aspirate_speed=10
2026-06-09 16:33:45,635 - DEBUG - Applied dict param dispense_speed=10
2026-06-09 16:33:45,639 - DEBUG - Applied dict param aspirate_wait_time=0.0
2026-06-09 16:33:45,639 - DEBUG - Applied dict param dispense_wait_time=1.5
2026-06-09 16:33:45,639 - DEBUG - Applied dict param pre_asp_air_vol=0.0
2026-06-09 16:33:45,639 - DEBUG - Applied dict param retract_speed=5.0
2026-06-09 16:33:45,639 - DEBUG - Applied dict param blowout_vol=0.0
2026-06-09 16:33:45,639 - DEBUG - Applied dict param post_asp_air_vol=0.0
2026-06-09 16:33:45,639 - DEBUG - Applied dict param post_retract_wait_time=0.0
2026-06-09 16:33:45,639 - DEBUG - Applied dict param overaspirate_vol=0.020205281032319975
2026-06-09 16:33:45,639 - DEBUG - Applied dict param asp_disp_cycles=0
2026-06-09 16:33:45,640 - INFO - Pipetting into vial glycerol, amount: 0.100 mL
2026-06-09 16:33:45,643 - INFO - Simulation mode - initial mass set to 0
2026-06-09 16:33:45,643 - DEBUG - Adjusting pump 0 speed to 10
2026-06-09 16:33:45,643 - DEBUG - Dispensing 0.120 mL then waiting 1.5 s
2026-06-09 16:33:45,644 - INFO - Simulation mode - final mass set to 0
2026-06-09 16:33:45,644 - INFO - Mass difference: 0.000000 g (target: 0.100 mL = ~0.100000 g for water)
2026-06-09 16:33:45,646 - DEBUG - Applied dict param aspirate_speed=10
2026-06-09 16:33:45,646 - DEBUG - Applied dict param dispense_speed=10
2026-06-09 16:33:45,646 - DEBUG - Applied dict param aspirate_wait_time=0.0
2026-06-09 16:33:45,646 - DEBUG - Applied dict param dispense_wait_time=1.5
2026-06-09 16:33:45,646 - DEBUG - Applied dict param pre_asp_air_vol=0.0
2026-06-09 16:33:45,646 - DEBUG - Applied dict param retract_speed=5.0
2026-06-09 16:33:45,646 - DEBUG - Applied dict param blowout_vol=0.0
2026-06-09 16:33:45,646 - DEBUG - Applied dict param post_asp_air_vol=0.0
2026-06-09 16:33:45,646 - DEBUG - Applied dict param post_retract_wait_time=0.0
2026-06-09 16:33:45,646 - DEBUG - Applied dict param overaspirate_vol=0.004
2026-06-09 16:33:45,646 - DEBUG - Applied dict param asp_disp_cycles=0
2026-06-09 16:33:45,647 - DEBUG - Selected small_tip for volume 0.150 mL
2026-06-09 16:33:45,647 - INFO - Pipetting from vial glycerol, amount: 0.150 mL
2026-06-09 16:33:45,647 - INFO - Additional volume from calibration, amount: 0.004 mL
2026-06-09 16:33:45,647 - DEBUG - Adjusting pump 0 speed to 10
2026-06-09 16:33:45,647 - DEBUG - Adjusting pump 0 speed to 10
2026-06-09 16:33:45,647 - DEBUG - Aspirating 0.154 mL then waiting 0.0 s
2026-06-09 16:33:45,647 - DEBUG - Applied dict param aspirate_speed=10
2026-06-09 16:33:45,647 - DEBUG - Applied dict param dispense_speed=10
2026-06-09 16:33:45,647 - DEBUG - Applied dict param aspirate_wait_time=0.0
2026-06-09 16:33:45,647 - DEBUG - Applied dict param dispense_wait_time=1.5
2026-06-09 16:33:45,647 - DEBUG - Applied dict param pre_asp_air_vol=0.0
2026-06-09 16:33:45,647 - DEBUG - Applied dict param retract_speed=5.0
2026-06-09 16:33:45,647 - DEBUG - Applied dict param blowout_vol=0.0
2026-06-09 16:33:45,647 - DEBUG - Applied dict param post_asp_air_vol=0.0
2026-06-09 16:33:45,647 - DEBUG - Applied dict param post_retract_wait_time=0.0
2026-06-09 16:33:45,647 - DEBUG - Applied dict param overaspirate_vol=0.004
2026-06-09 16:33:45,647 - DEBUG - Applied dict param asp_disp_cycles=0
2026-06-09 16:33:45,647 - INFO - Pipetting into vial glycerol, amount: 0.150 mL
2026-06-09 16:33:45,654 - INFO - Simulation mode - initial mass set to 0
2026-06-09 16:33:45,654 - DEBUG - Adjusting pump 0 speed to 10
2026-06-09 16:33:45,655 - DEBUG - Dispensing 0.154 mL then waiting 1.5 s
2026-06-09 16:33:45,655 - INFO - Simulation mode - final mass set to 0
2026-06-09 16:33:45,655 - INFO - Mass difference: 0.000000 g (target: 0.150 mL = ~0.150000 g for water)
2026-06-09 16:33:45,656 - DEBUG - Applied dict param aspirate_speed=10
2026-06-09 16:33:45,656 - DEBUG - Applied dict param dispense_speed=10
2026-06-09 16:33:45,656 - DEBUG - Applied dict param aspirate_wait_time=0.0
2026-06-09 16:33:45,656 - DEBUG - Applied dict param dispense_wait_time=1.5
2026-06-09 16:33:45,656 - DEBUG - Applied dict param pre_asp_air_vol=0.0
2026-06-09 16:33:45,656 - DEBUG - Applied dict param retract_speed=5.0
2026-06-09 16:33:45,656 - DEBUG - Applied dict param blowout_vol=0.0
2026-06-09 16:33:45,656 - DEBUG - Applied dict param post_asp_air_vol=0.0
2026-06-09 16:33:45,656 - DEBUG - Applied dict param post_retract_wait_time=0.0
2026-06-09 16:33:45,656 - DEBUG - Applied dict param overaspirate_vol=0.004
2026-06-09 16:33:45,656 - DEBUG - Applied dict param asp_disp_cycles=0
2026-06-09 16:33:45,657 - DEBUG - Selected small_tip for volume 0.150 mL
2026-06-09 16:33:45,659 - INFO - Pipetting from vial glycerol, amount: 0.150 mL
2026-06-09 16:33:45,659 - INFO - Additional volume from calibration, amount: 0.004 mL
2026-06-09 16:33:45,661 - DEBUG - Adjusting pump 0 speed to 10
2026-06-09 16:33:45,661 - DEBUG - Adjusting pump 0 speed to 10
2026-06-09 16:33:45,661 - DEBUG - Aspirating 0.154 mL then waiting 0.0 s
2026-06-09 16:33:45,662 - DEBUG - Applied dict param aspirate_speed=10
2026-06-09 16:33:45,662 - DEBUG - Applied dict param dispense_speed=10
2026-06-09 16:33:45,662 - DEBUG - Applied dict param aspirate_wait_time=0.0
2026-06-09 16:33:45,662 - DEBUG - Applied dict param dispense_wait_time=1.5
2026-06-09 16:33:45,662 - DEBUG - Applied dict param pre_asp_air_vol=0.0
2026-06-09 16:33:45,662 - DEBUG - Applied dict param retract_speed=5.0
2026-06-09 16:33:45,662 - DEBUG - Applied dict param blowout_vol=0.0
2026-06-09 16:33:45,662 - DEBUG - Applied dict param post_asp_air_vol=0.0
2026-06-09 16:33:45,662 - DEBUG - Applied dict param post_retract_wait_time=0.0
2026-06-09 16:33:45,662 - DEBUG - Applied dict param overaspirate_vol=0.004
2026-06-09 16:33:45,662 - DEBUG - Applied dict param asp_disp_cycles=0
2026-06-09 16:33:45,663 - INFO - Pipetting into vial glycerol, amount: 0.150 mL
2026-06-09 16:33:45,664 - INFO - Simulation mode - initial mass set to 0
2026-06-09 16:33:45,664 - DEBUG - Adjusting pump 0 speed to 10
2026-06-09 16:33:45,665 - DEBUG - Dispensing 0.154 mL then waiting 1.5 s
2026-06-09 16:33:45,665 - INFO - Simulation mode - final mass set to 0
2026-06-09 16:33:45,665 - INFO - Mass difference: 0.000000 g (target: 0.150 mL = ~0.150000 g for water)
2026-06-09 16:33:45,667 - DEBUG - Applied dict param aspirate_speed=10
2026-06-09 16:33:45,667 - DEBUG - Applied dict param dispense_speed=10
2026-06-09 16:33:45,667 - DEBUG - Applied dict param aspirate_wait_time=0.0
2026-06-09 16:33:45,667 - DEBUG - Applied dict param dispense_wait_time=1.5
2026-06-09 16:33:45,667 - DEBUG - Applied dict param pre_asp_air_vol=0.0
2026-06-09 16:33:45,667 - DEBUG - Applied dict param retract_speed=5.0
2026-06-09 16:33:45,667 - DEBUG - Applied dict param blowout_vol=0.0
2026-06-09 16:33:45,667 - DEBUG - Applied dict param post_asp_air_vol=0.0
2026-06-09 16:33:45,667 - DEBUG - Applied dict param post_retract_wait_time=0.0
2026-06-09 16:33:45,667 - DEBUG - Applied dict param overaspirate_vol=0.004
2026-06-09 16:33:45,667 - DEBUG - Applied dict param asp_disp_cycles=0
2026-06-09 16:33:45,668 - DEBUG - Selected small_tip for volume 0.150 mL
2026-06-09 16:33:45,670 - INFO - Pipetting from vial glycerol, amount: 0.150 mL
2026-06-09 16:33:45,670 - INFO - Additional volume from calibration, amount: 0.004 mL
2026-06-09 16:33:45,671 - DEBUG - Adjusting pump 0 speed to 10
2026-06-09 16:33:45,672 - DEBUG - Adjusting pump 0 speed to 10
2026-06-09 16:33:45,672 - DEBUG - Aspirating 0.154 mL then waiting 0.0 s
2026-06-09 16:33:45,672 - DEBUG - Applied dict param aspirate_speed=10
2026-06-09 16:33:45,672 - DEBUG - Applied dict param dispense_speed=10
2026-06-09 16:33:45,673 - DEBUG - Applied dict param aspirate_wait_time=0.0
2026-06-09 16:33:45,673 - DEBUG - Applied dict param dispense_wait_time=1.5
2026-06-09 16:33:45,673 - DEBUG - Applied dict param pre_asp_air_vol=0.0
2026-06-09 16:33:45,673 - DEBUG - Applied dict param retract_speed=5.0
2026-06-09 16:33:45,673 - DEBUG - Applied dict param blowout_vol=0.0
2026-06-09 16:33:45,673 - DEBUG - Applied dict param post_asp_air_vol=0.0
2026-06-09 16:33:45,673 - DEBUG - Applied dict param post_retract_wait_time=0.0
2026-06-09 16:33:45,673 - DEBUG - Applied dict param overaspirate_vol=0.004
2026-06-09 16:33:45,673 - DEBUG - Applied dict param asp_disp_cycles=0
2026-06-09 16:33:45,673 - INFO - Pipetting into vial glycerol, amount: 0.150 mL
2026-06-09 16:33:45,676 - INFO - Simulation mode - initial mass set to 0
2026-06-09 16:33:45,677 - DEBUG - Adjusting pump 0 speed to 10
2026-06-09 16:33:45,677 - DEBUG - Dispensing 0.154 mL then waiting 1.5 s
2026-06-09 16:33:45,677 - INFO - Simulation mode - final mass set to 0
2026-06-09 16:33:45,677 - INFO - Mass difference: 0.000000 g (target: 0.150 mL = ~0.150000 g for water)
2026-06-09 16:33:45,678 - DEBUG - Applied dict param aspirate_speed=10
2026-06-09 16:33:45,678 - DEBUG - Applied dict param dispense_speed=10
2026-06-09 16:33:45,678 - DEBUG - Applied dict param aspirate_wait_time=0.0
2026-06-09 16:33:45,678 - DEBUG - Applied dict param dispense_wait_time=1.5
2026-06-09 16:33:45,678 - DEBUG - Applied dict param pre_asp_air_vol=0.0
2026-06-09 16:33:45,678 - DEBUG - Applied dict param retract_speed=5.0
2026-06-09 16:33:45,678 - DEBUG - Applied dict param blowout_vol=0.0
2026-06-09 16:33:45,678 - DEBUG - Applied dict param post_asp_air_vol=0.0
2026-06-09 16:33:45,678 - DEBUG - Applied dict param post_retract_wait_time=0.0
2026-06-09 16:33:45,678 - DEBUG - Applied dict param overaspirate_vol=0.03193823276833688
2026-06-09 16:33:45,678 - DEBUG - Applied dict param asp_disp_cycles=0
2026-06-09 16:33:45,680 - DEBUG - Selected small_tip for volume 0.150 mL
2026-06-09 16:33:45,682 - INFO - Pipetting from vial glycerol, amount: 0.150 mL
2026-06-09 16:33:45,682 - INFO - Additional volume from calibration, amount: 0.032 mL
2026-06-09 16:33:45,684 - DEBUG - Adjusting pump 0 speed to 10
2026-06-09 16:33:45,684 - DEBUG - Adjusting pump 0 speed to 10
2026-06-09 16:33:45,685 - DEBUG - Aspirating 0.182 mL then waiting 0.0 s
2026-06-09 16:33:45,685 - DEBUG - Applied dict param aspirate_speed=10
2026-06-09 16:33:45,685 - DEBUG - Applied dict param dispense_speed=10
2026-06-09 16:33:45,685 - DEBUG - Applied dict param aspirate_wait_time=0.0
2026-06-09 16:33:45,685 - DEBUG - Applied dict param dispense_wait_time=1.5
2026-06-09 16:33:45,685 - DEBUG - Applied dict param pre_asp_air_vol=0.0
2026-06-09 16:33:45,685 - DEBUG - Applied dict param retract_speed=5.0
2026-06-09 16:33:45,685 - DEBUG - Applied dict param blowout_vol=0.0
2026-06-09 16:33:45,685 - DEBUG - Applied dict param post_asp_air_vol=0.0
2026-06-09 16:33:45,685 - DEBUG - Applied dict param post_retract_wait_time=0.0
2026-06-09 16:33:45,685 - DEBUG - Applied dict param overaspirate_vol=0.03193823276833688
2026-06-09 16:33:45,685 - DEBUG - Applied dict param asp_disp_cycles=0
2026-06-09 16:33:45,686 - INFO - Pipetting into vial glycerol, amount: 0.150 mL
2026-06-09 16:33:45,687 - INFO - Simulation mode - initial mass set to 0
2026-06-09 16:33:45,688 - DEBUG - Adjusting pump 0 speed to 10
2026-06-09 16:33:45,689 - DEBUG - Dispensing 0.182 mL then waiting 1.5 s
2026-06-09 16:33:45,689 - INFO - Simulation mode - final mass set to 0
2026-06-09 16:33:45,689 - INFO - Mass difference: 0.000000 g (target: 0.150 mL = ~0.150000 g for water)
2026-06-09 16:33:45,690 - DEBUG - Applied dict param aspirate_speed=10
2026-06-09 16:33:45,690 - DEBUG - Applied dict param dispense_speed=10
2026-06-09 16:33:45,690 - DEBUG - Applied dict param aspirate_wait_time=0.0
2026-06-09 16:33:45,690 - DEBUG - Applied dict param dispense_wait_time=1.5
2026-06-09 16:33:45,690 - DEBUG - Applied dict param pre_asp_air_vol=0.0
2026-06-09 16:33:45,690 - DEBUG - Applied dict param retract_speed=5.0
2026-06-09 16:33:45,690 - DEBUG - Applied dict param blowout_vol=0.0
2026-06-09 16:33:45,690 - DEBUG - Applied dict param post_asp_air_vol=0.0
2026-06-09 16:33:45,690 - DEBUG - Applied dict param post_retract_wait_time=0.0
2026-06-09 16:33:45,690 - DEBUG - Applied dict param overaspirate_vol=0.03193823276833688
2026-06-09 16:33:45,690 - DEBUG - Applied dict param asp_disp_cycles=0
2026-06-09 16:33:45,690 - DEBUG - Selected small_tip for volume 0.150 mL
2026-06-09 16:33:45,693 - INFO - Pipetting from vial glycerol, amount: 0.150 mL
2026-06-09 16:33:45,693 - INFO - Additional volume from calibration, amount: 0.032 mL
2026-06-09 16:33:45,696 - DEBUG - Adjusting pump 0 speed to 10
2026-06-09 16:33:45,696 - DEBUG - Adjusting pump 0 speed to 10
2026-06-09 16:33:45,696 - DEBUG - Aspirating 0.182 mL then waiting 0.0 s
2026-06-09 16:33:45,696 - DEBUG - Applied dict param aspirate_speed=10
2026-06-09 16:33:45,697 - DEBUG - Applied dict param dispense_speed=10
2026-06-09 16:33:45,697 - DEBUG - Applied dict param aspirate_wait_time=0.0
2026-06-09 16:33:45,697 - DEBUG - Applied dict param dispense_wait_time=1.5
2026-06-09 16:33:45,697 - DEBUG - Applied dict param pre_asp_air_vol=0.0
2026-06-09 16:33:45,697 - DEBUG - Applied dict param retract_speed=5.0
2026-06-09 16:33:45,697 - DEBUG - Applied dict param blowout_vol=0.0
2026-06-09 16:33:45,697 - DEBUG - Applied dict param post_asp_air_vol=0.0
2026-06-09 16:33:45,697 - DEBUG - Applied dict param post_retract_wait_time=0.0
2026-06-09 16:33:45,697 - DEBUG - Applied dict param overaspirate_vol=0.03193823276833688
2026-06-09 16:33:45,697 - DEBUG - Applied dict param asp_disp_cycles=0
2026-06-09 16:33:45,698 - INFO - Pipetting into vial glycerol, amount: 0.150 mL
2026-06-09 16:33:45,700 - INFO - Simulation mode - initial mass set to 0
2026-06-09 16:33:45,700 - DEBUG - Adjusting pump 0 speed to 10
2026-06-09 16:33:45,700 - DEBUG - Dispensing 0.182 mL then waiting 1.5 s
2026-06-09 16:33:45,700 - INFO - Simulation mode - final mass set to 0
2026-06-09 16:33:45,700 - INFO - Mass difference: 0.000000 g (target: 0.150 mL = ~0.150000 g for water)
2026-06-09 16:33:45,700 - DEBUG - Applied dict param aspirate_speed=10
2026-06-09 16:33:45,700 - DEBUG - Applied dict param dispense_speed=10
2026-06-09 16:33:45,700 - DEBUG - Applied dict param aspirate_wait_time=0.0
2026-06-09 16:33:45,700 - DEBUG - Applied dict param dispense_wait_time=1.5
2026-06-09 16:33:45,700 - DEBUG - Applied dict param pre_asp_air_vol=0.0
2026-06-09 16:33:45,700 - DEBUG - Applied dict param retract_speed=5.0
2026-06-09 16:33:45,700 - DEBUG - Applied dict param blowout_vol=0.0
2026-06-09 16:33:45,700 - DEBUG - Applied dict param post_asp_air_vol=0.0
2026-06-09 16:33:45,700 - DEBUG - Applied dict param post_retract_wait_time=0.0
2026-06-09 16:33:45,700 - DEBUG - Applied dict param overaspirate_vol=0.03193823276833688
2026-06-09 16:33:45,700 - DEBUG - Applied dict param asp_disp_cycles=0
2026-06-09 16:33:45,700 - DEBUG - Selected small_tip for volume 0.150 mL
2026-06-09 16:33:45,700 - INFO - Pipetting from vial glycerol, amount: 0.150 mL
2026-06-09 16:33:45,700 - INFO - Additional volume from calibration, amount: 0.032 mL
2026-06-09 16:33:45,707 - DEBUG - Adjusting pump 0 speed to 10
2026-06-09 16:33:45,707 - DEBUG - Adjusting pump 0 speed to 10
2026-06-09 16:33:45,707 - DEBUG - Aspirating 0.182 mL then waiting 0.0 s
2026-06-09 16:33:45,707 - DEBUG - Applied dict param aspirate_speed=10
2026-06-09 16:33:45,707 - DEBUG - Applied dict param dispense_speed=10
2026-06-09 16:33:45,707 - DEBUG - Applied dict param aspirate_wait_time=0.0
2026-06-09 16:33:45,707 - DEBUG - Applied dict param dispense_wait_time=1.5
2026-06-09 16:33:45,707 - DEBUG - Applied dict param pre_asp_air_vol=0.0
2026-06-09 16:33:45,707 - DEBUG - Applied dict param retract_speed=5.0
2026-06-09 16:33:45,707 - DEBUG - Applied dict param blowout_vol=0.0
2026-06-09 16:33:45,707 - DEBUG - Applied dict param post_asp_air_vol=0.0
2026-06-09 16:33:45,707 - DEBUG - Applied dict param post_retract_wait_time=0.0
2026-06-09 16:33:45,707 - DEBUG - Applied dict param overaspirate_vol=0.03193823276833688
2026-06-09 16:33:45,707 - DEBUG - Applied dict param asp_disp_cycles=0
2026-06-09 16:33:45,709 - INFO - Pipetting into vial glycerol, amount: 0.150 mL
2026-06-09 16:33:45,711 - INFO - Simulation mode - initial mass set to 0
2026-06-09 16:33:45,711 - DEBUG - Adjusting pump 0 speed to 10
2026-06-09 16:33:45,711 - DEBUG - Dispensing 0.182 mL then waiting 1.5 s
2026-06-09 16:33:45,711 - INFO - Simulation mode - final mass set to 0
2026-06-09 16:33:45,711 - INFO - Mass difference: 0.000000 g (target: 0.150 mL = ~0.150000 g for water)
2026-06-09 16:33:45,713 - DEBUG - Applied dict param aspirate_speed=10
2026-06-09 16:33:45,714 - DEBUG - Applied dict param dispense_speed=10
2026-06-09 16:33:45,714 - DEBUG - Applied dict param aspirate_wait_time=0.0
2026-06-09 16:33:45,714 - DEBUG - Applied dict param dispense_wait_time=1.5
2026-06-09 16:33:45,714 - DEBUG - Applied dict param pre_asp_air_vol=0.0
2026-06-09 16:33:45,714 - DEBUG - Applied dict param retract_speed=5.0
2026-06-09 16:33:45,714 - DEBUG - Applied dict param blowout_vol=0.0
2026-06-09 16:33:45,714 - DEBUG - Applied dict param post_asp_air_vol=0.0
2026-06-09 16:33:45,714 - DEBUG - Applied dict param post_retract_wait_time=0.0
2026-06-09 16:33:45,714 - DEBUG - Applied dict param overaspirate_vol=0.030360075857342367
2026-06-09 16:33:45,714 - DEBUG - Applied dict param asp_disp_cycles=0
2026-06-09 16:33:45,715 - DEBUG - Selected small_tip for volume 0.150 mL
2026-06-09 16:33:45,717 - INFO - Pipetting from vial glycerol, amount: 0.150 mL
2026-06-09 16:33:45,717 - INFO - Additional volume from calibration, amount: 0.030 mL
2026-06-09 16:33:45,719 - DEBUG - Adjusting pump 0 speed to 10
2026-06-09 16:33:45,719 - DEBUG - Adjusting pump 0 speed to 10
2026-06-09 16:33:45,719 - DEBUG - Aspirating 0.180 mL then waiting 0.0 s
2026-06-09 16:33:45,720 - DEBUG - Applied dict param aspirate_speed=10
2026-06-09 16:33:45,720 - DEBUG - Applied dict param dispense_speed=10
2026-06-09 16:33:45,720 - DEBUG - Applied dict param aspirate_wait_time=0.0
2026-06-09 16:33:45,720 - DEBUG - Applied dict param dispense_wait_time=1.5
2026-06-09 16:33:45,720 - DEBUG - Applied dict param pre_asp_air_vol=0.0
2026-06-09 16:33:45,720 - DEBUG - Applied dict param retract_speed=5.0
2026-06-09 16:33:45,720 - DEBUG - Applied dict param blowout_vol=0.0
2026-06-09 16:33:45,720 - DEBUG - Applied dict param post_asp_air_vol=0.0
2026-06-09 16:33:45,720 - DEBUG - Applied dict param post_retract_wait_time=0.0
2026-06-09 16:33:45,720 - DEBUG - Applied dict param overaspirate_vol=0.030360075857342367
2026-06-09 16:33:45,720 - DEBUG - Applied dict param asp_disp_cycles=0
2026-06-09 16:33:45,721 - INFO - Pipetting into vial glycerol, amount: 0.150 mL
2026-06-09 16:33:45,722 - INFO - Simulation mode - initial mass set to 0
2026-06-09 16:33:45,722 - DEBUG - Adjusting pump 0 speed to 10
2026-06-09 16:33:45,723 - DEBUG - Dispensing 0.180 mL then waiting 1.5 s
2026-06-09 16:33:45,723 - INFO - Simulation mode - final mass set to 0
2026-06-09 16:33:45,723 - INFO - Mass difference: 0.000000 g (target: 0.150 mL = ~0.150000 g for water)
2026-06-09 16:33:45,726 - DEBUG - Applied dict param aspirate_speed=10
2026-06-09 16:33:45,726 - DEBUG - Applied dict param dispense_speed=10
2026-06-09 16:33:45,726 - DEBUG - Applied dict param aspirate_wait_time=0.0
2026-06-09 16:33:45,726 - DEBUG - Applied dict param dispense_wait_time=1.5
2026-06-09 16:33:45,726 - DEBUG - Applied dict param pre_asp_air_vol=0.0
2026-06-09 16:33:45,726 - DEBUG - Applied dict param retract_speed=5.0
2026-06-09 16:33:45,726 - DEBUG - Applied dict param blowout_vol=0.0
2026-06-09 16:33:45,726 - DEBUG - Applied dict param post_asp_air_vol=0.0
2026-06-09 16:33:45,726 - DEBUG - Applied dict param post_retract_wait_time=0.0
2026-06-09 16:33:45,726 - DEBUG - Applied dict param overaspirate_vol=0.030360075857342367
2026-06-09 16:33:45,726 - DEBUG - Applied dict param asp_disp_cycles=0
2026-06-09 16:33:45,727 - DEBUG - Selected small_tip for volume 0.150 mL
2026-06-09 16:33:45,728 - INFO - Pipetting from vial glycerol, amount: 0.150 mL
2026-06-09 16:33:45,728 - INFO - Additional volume from calibration, amount: 0.030 mL
2026-06-09 16:33:45,730 - DEBUG - Adjusting pump 0 speed to 10
2026-06-09 16:33:45,730 - DEBUG - Adjusting pump 0 speed to 10
2026-06-09 16:33:45,730 - DEBUG - Aspirating 0.180 mL then waiting 0.0 s
2026-06-09 16:33:45,730 - DEBUG - Applied dict param aspirate_speed=10
2026-06-09 16:33:45,730 - DEBUG - Applied dict param dispense_speed=10
2026-06-09 16:33:45,730 - DEBUG - Applied dict param aspirate_wait_time=0.0
2026-06-09 16:33:45,730 - DEBUG - Applied dict param dispense_wait_time=1.5
2026-06-09 16:33:45,730 - DEBUG - Applied dict param pre_asp_air_vol=0.0
2026-06-09 16:33:45,730 - DEBUG - Applied dict param retract_speed=5.0
2026-06-09 16:33:45,730 - DEBUG - Applied dict param blowout_vol=0.0
2026-06-09 16:33:45,730 - DEBUG - Applied dict param post_asp_air_vol=0.0
2026-06-09 16:33:45,730 - DEBUG - Applied dict param post_retract_wait_time=0.0
2026-06-09 16:33:45,730 - DEBUG - Applied dict param overaspirate_vol=0.030360075857342367
2026-06-09 16:33:45,730 - DEBUG - Applied dict param asp_disp_cycles=0
2026-06-09 16:33:45,731 - INFO - Pipetting into vial glycerol, amount: 0.150 mL
2026-06-09 16:33:45,733 - INFO - Simulation mode - initial mass set to 0
2026-06-09 16:33:45,733 - DEBUG - Adjusting pump 0 speed to 10
2026-06-09 16:33:45,734 - DEBUG - Dispensing 0.180 mL then waiting 1.5 s
2026-06-09 16:33:45,734 - INFO - Simulation mode - final mass set to 0
2026-06-09 16:33:45,734 - INFO - Mass difference: 0.000000 g (target: 0.150 mL = ~0.150000 g for water)
2026-06-09 16:33:45,735 - DEBUG - Applied dict param aspirate_speed=10
2026-06-09 16:33:45,735 - DEBUG - Applied dict param dispense_speed=10
2026-06-09 16:33:45,735 - DEBUG - Applied dict param aspirate_wait_time=0.0
2026-06-09 16:33:45,735 - DEBUG - Applied dict param dispense_wait_time=1.5
2026-06-09 16:33:45,735 - DEBUG - Applied dict param pre_asp_air_vol=0.0
2026-06-09 16:33:45,735 - DEBUG - Applied dict param retract_speed=5.0
2026-06-09 16:33:45,735 - DEBUG - Applied dict param blowout_vol=0.0
2026-06-09 16:33:45,735 - DEBUG - Applied dict param post_asp_air_vol=0.0
2026-06-09 16:33:45,735 - DEBUG - Applied dict param post_retract_wait_time=0.0
2026-06-09 16:33:45,735 - DEBUG - Applied dict param overaspirate_vol=0.030360075857342367
2026-06-09 16:33:45,735 - DEBUG - Applied dict param asp_disp_cycles=0
2026-06-09 16:33:45,736 - DEBUG - Selected small_tip for volume 0.150 mL
2026-06-09 16:33:45,737 - INFO - Pipetting from vial glycerol, amount: 0.150 mL
2026-06-09 16:33:45,737 - INFO - Additional volume from calibration, amount: 0.030 mL
2026-06-09 16:33:45,739 - DEBUG - Adjusting pump 0 speed to 10
2026-06-09 16:33:45,740 - DEBUG - Adjusting pump 0 speed to 10
2026-06-09 16:33:45,740 - DEBUG - Aspirating 0.180 mL then waiting 0.0 s
2026-06-09 16:33:45,740 - DEBUG - Applied dict param aspirate_speed=10
2026-06-09 16:33:45,740 - DEBUG - Applied dict param dispense_speed=10
2026-06-09 16:33:45,740 - DEBUG - Applied dict param aspirate_wait_time=0.0
2026-06-09 16:33:45,740 - DEBUG - Applied dict param dispense_wait_time=1.5
2026-06-09 16:33:45,740 - DEBUG - Applied dict param pre_asp_air_vol=0.0
2026-06-09 16:33:45,740 - DEBUG - Applied dict param retract_speed=5.0
2026-06-09 16:33:45,740 - DEBUG - Applied dict param blowout_vol=0.0
2026-06-09 16:33:45,740 - DEBUG - Applied dict param post_asp_air_vol=0.0
2026-06-09 16:33:45,740 - DEBUG - Applied dict param post_retract_wait_time=0.0
2026-06-09 16:33:45,740 - DEBUG - Applied dict param overaspirate_vol=0.030360075857342367
2026-06-09 16:33:45,740 - DEBUG - Applied dict param asp_disp_cycles=0
2026-06-09 16:33:45,742 - INFO - Pipetting into vial glycerol, amount: 0.150 mL
2026-06-09 16:33:45,743 - INFO - Simulation mode - initial mass set to 0
2026-06-09 16:33:45,743 - DEBUG - Adjusting pump 0 speed to 10
2026-06-09 16:33:45,743 - DEBUG - Dispensing 0.180 mL then waiting 1.5 s
2026-06-09 16:33:45,743 - INFO - Simulation mode - final mass set to 0
2026-06-09 16:33:45,743 - INFO - Mass difference: 0.000000 g (target: 0.150 mL = ~0.150000 g for water)
2026-06-09 16:33:45,748 - INFO - Removing pipet
2026-06-09 16:33:45,751 - INFO - Returning vial glycerol to home location: main_8mL_rack index 40
2026-06-09 16:33:45,751 - INFO - Moving vial glycerol to main_8mL_rack: 40
2026-06-09 16:33:45,751 - DEBUG - Grabbing vial 4 with index 4
2026-06-09 16:33:45,753 - DEBUG - Dropping off vial 4 at location main_8mL_rack with index 40
2026-06-09 16:33:45,753 - INFO - Moving robot to home position
