2026-04-09 11:33:24,431 - DEBUG - No workflow config provided - using default initialization
2026-04-09 11:33:24,431 - INFO - Launching status review GUI...
2026-04-09 11:33:24,610 - INFO - Detected workflow name: test_get_pipet
2026-04-09 11:33:24,635 - INFO - Config editor loaded for workflow: test_get_pipet
2026-04-09 11:33:28,667 - INFO - User selected: Run Workflow
2026-04-09 11:33:28,667 - INFO - Status review completed - proceeding with hardware initialization
2026-04-09 11:33:29,260 - INFO - Initializing North Robot...
2026-04-09 11:33:29,260 - DEBUG - Loading robot configuration files...
2026-04-09 11:33:29,277 - DEBUG - Loaded vial positions configuration from robot_state/vial_positions.yaml
2026-04-09 11:33:29,278 - DEBUG - Loaded pipet tips configuration from robot_state/pipet_tips.yaml
2026-04-09 11:33:29,284 - DEBUG - Loaded pipet racks configuration from robot_state/pipet_racks.yaml
2026-04-09 11:33:29,284 - DEBUG - Loaded pump configuration from robot_state/syringe_pumps.yaml
2026-04-09 11:33:29,284 - DEBUG - Loaded robot hardware configuration from robot_state/robot_hardware.yaml
2026-04-09 11:33:29,284 - DEBUG - Loaded wellplate properties configuration from robot_state/wellplates.yaml
2026-04-09 11:33:29,284 - DEBUG - Loading robot state files...
2026-04-09 11:33:29,284 - INFO - No vial file provided - operating without vial tracking
2026-04-09 11:33:29,299 - DEBUG - Loaded robot status from robot_state/robot_status.yaml
2026-04-09 11:33:29,302 - DEBUG - Loaded wellplate positions from robot_state/wellplates.yaml
2026-04-09 11:33:29,302 - DEBUG - Robot status loaded successfully
2026-04-09 11:33:29,302 - INFO - Physical initialization of North Robot...
2026-04-09 11:33:32,760 - DEBUG - Loading pumps from YAML configuration...
2026-04-09 11:33:32,863 - DEBUG - Loaded pump 0: volume=1.0mL, speed=11, liquid=None
2026-04-09 11:33:32,967 - DEBUG - Loaded pump 1: volume=2.5mL, speed=15, liquid=water
2026-04-09 11:33:32,967 - INFO - Moving robot to home position
