2025-10-10 14:27:59,699 - INFO - Initializing North Robot...
2025-10-10 14:27:59,699 - DEBUG - Loading robot configuration files...
2025-10-10 14:27:59,711 - DEBUG - Loaded vial positions configuration from robot_state/vial_positions.yaml
2025-10-10 14:27:59,714 - DEBUG - Loaded pipet tips configuration from robot_state/pipet_tips.yaml
2025-10-10 14:27:59,719 - DEBUG - Loaded pipet racks configuration from robot_state/pipet_racks.yaml
2025-10-10 14:27:59,719 - DEBUG - Loaded pump configuration from robot_state/syringe_pumps.yaml
2025-10-10 14:27:59,719 - DEBUG - Loaded robot hardware configuration from robot_state/robot_hardware.yaml
2025-10-10 14:27:59,729 - DEBUG - Loaded wellplate properties configuration from robot_state/wellplates.yaml
2025-10-10 14:27:59,729 - DEBUG - Loading robot state files...
2025-10-10 14:27:59,729 - DEBUG - Loaded vial data from status/calibration_vials_short.csv
2025-10-10 14:27:59,744 - DEBUG - Loaded robot status from robot_state/robot_status.yaml
2025-10-10 14:27:59,745 - DEBUG - Loaded wellplate positions from robot_state/wellplates.yaml
2025-10-10 14:27:59,745 - DEBUG - Robot status loaded successfully
2025-10-10 14:27:59,745 - DEBUG - Loading pumps from YAML configuration...
2025-10-10 14:27:59,861 - DEBUG - Loaded pump 0: volume=1.0mL, speed=11, liquid=None
2025-10-10 14:27:59,978 - DEBUG - Loaded pump 1: volume=2.5mL, speed=15, liquid=water
2025-10-10 14:27:59,978 - DEBUG - Physical initialization of North Robot...
2025-10-10 14:28:00,285 - INFO - Moving robot to home position
2025-10-10 14:28:00,794 - INFO - Initializing North Track...
2025-10-10 14:28:00,794 - DEBUG - Loading track status from file: robot_state/track_status.yaml
2025-10-10 14:28:00,794 - DEBUG - Getting track status from file: robot_state/track_status.yaml
2025-10-10 14:28:00,794 - DEBUG - Loaded track status from robot_state/track_status.yaml
2025-10-10 14:28:00,794 - DEBUG - Loading track positions from: robot_state/track_positions.yaml
2025-10-10 14:28:00,794 - DEBUG - Loaded track positions configuration from robot_state/track_positions.yaml
2025-10-10 14:28:00,794 - DEBUG - Loading robot hardware configuration from: robot_state/robot_hardware.yaml
2025-10-10 14:28:00,809 - DEBUG - Loaded robot hardware configuration from robot_state/robot_hardware.yaml
2025-10-10 14:28:00,814 - DEBUG - Loaded wellplate properties configuration from robot_state/wellplates.yaml
2025-10-10 14:28:00,818 - INFO -     vial_index           vial_name         location  location_index  vial_volume  capped cap_type vial_type    home_location  home_location_index
0            0  measurement_vial_0    main_8mL_rack               0     0.000000    True     open      8_mL    main_8mL_rack                    0
1            1  measurement_vial_1    main_8mL_rack               1     0.000000    True     open      8_mL    main_8mL_rack                    1
2            2  measurement_vial_2    main_8mL_rack               2     0.000000    True     open      8_mL    main_8mL_rack                    2
3            3  measurement_vial_3    main_8mL_rack               3     0.000000    True     open      8_mL    main_8mL_rack                    3
4            4  measurement_vial_4    main_8mL_rack               4     0.000000    True     open      8_mL    main_8mL_rack                    4
5            5  measurement_vial_5    main_8mL_rack               5     0.000000    True     open      8_mL    main_8mL_rack                    5
6            6  measurement_vial_6    main_8mL_rack               6     0.000000    True     open      8_mL    main_8mL_rack                    6
7            7  measurement_vial_7    main_8mL_rack               7     0.000000    True     open      8_mL    main_8mL_rack                    7
8            8  measurement_vial_8    main_8mL_rack               8     0.000000    True     open      8_mL    main_8mL_rack                    8
9            9  measurement_vial_9    main_8mL_rack               9     0.000000    True     open      8_mL    main_8mL_rack                    9
10          10       liquid_source   50mL_vial_rack               0    50.000000    True     open     50_mL   50mL_vial_rack                    0
11          11     liquid_source_2  large_vial_rack               2    15.536435    True     open     20_mL  large_vial_rack                    2
2025-10-10 14:28:00,840 - INFO - Visualizing vial racks...
2025-10-10 14:28:00,979 - DEBUG - Visualizing rack: Main Rack with filter: main_8mL_rack
2025-10-10 14:28:01,129 - DEBUG - Visualizing rack: Second Rack with filter: large_vial_rack
2025-10-10 14:28:16,707 - INFO - Moving vial measurement_vial_0 to clamp: 0
2025-10-10 14:28:16,708 - DEBUG - Grabbing vial 0 with index 0
2025-10-10 14:28:19,379 - DEBUG - Dropping off vial 0 at location clamp with index 0
2025-10-10 14:28:22,521 - DEBUG - Selected large_tip for volume 0.300 mL
2025-10-10 14:28:22,611 - DEBUG - Selected large_tip for volume 0.310 mL
2025-10-10 14:28:22,611 - INFO - Getting large_tip (pipet number 0) from rack: large_tip_rack_1
2025-10-10 14:28:28,146 - INFO - Pipetting from vial liquid_source, amount: 0.31 mL
2025-10-10 14:28:28,147 - DEBUG - Adjusting pump 0 speed to 15
2025-10-10 14:28:31,098 - DEBUG - Aspirating 0.310 mL then waiting 9.366961568593979 s
2025-10-10 14:28:44,262 - DEBUG - Aspirating 0.036 mL then waiting 0 s
2025-10-10 14:28:44,893 - INFO - Pipetting into vial measurement_vial_0, amount: 0.31 mL
2025-10-10 14:28:47,669 - DEBUG - Adjusting pump 0 speed to 14
2025-10-10 14:28:50,003 - DEBUG - Dispensing 0.346 mL then waiting 2.303922176361084 s
2025-10-10 14:28:50,003 - WARNING - Dispense exceeded limit: Dispensing all liquid
2025-10-10 14:28:55,091 - DEBUG - Blowing out 0.153 mL
2025-10-10 14:28:55,091 - DEBUG - Adjusting pump 0 speed to 5
2025-10-10 14:28:59,104 - DEBUG - Selected large_tip for volume 0.305 mL
2025-10-10 14:28:59,105 - INFO - Pipetting from vial liquid_source, amount: 0.305 mL
2025-10-10 14:28:59,106 - DEBUG - Adjusting pump 0 speed to 35
2025-10-10 14:29:01,537 - DEBUG - Aspirating 0.305 mL then waiting 5.1638066419400275 s
2025-10-10 14:30:40,868 - DEBUG - Aspirating 0.070 mL then waiting 0 s
2025-10-10 14:31:03,983 - INFO - Pipetting into vial measurement_vial_0, amount: 0.305 mL
2025-10-10 14:31:05,869 - DEBUG - Adjusting pump 0 speed to 25
2025-10-10 14:31:08,172 - DEBUG - Dispensing 0.375 mL then waiting 7.919483003206551 s
2025-10-10 14:31:08,172 - WARNING - Dispense exceeded limit: Dispensing all liquid
2025-10-10 14:31:34,951 - DEBUG - Blowing out 0.018 mL
2025-10-10 14:31:34,951 - DEBUG - Adjusting pump 0 speed to 5
2025-10-10 14:31:38,085 - DEBUG - Selected large_tip for volume 0.301 mL
2025-10-10 14:31:38,087 - INFO - Pipetting from vial liquid_source, amount: 0.301 mL
2025-10-10 14:31:38,088 - DEBUG - Adjusting pump 0 speed to 26
2025-10-10 14:31:40,495 - DEBUG - Aspirating 0.301 mL then waiting 11.831221252214164 s
2025-10-10 14:32:10,746 - DEBUG - Aspirating 0.021 mL then waiting 0 s
2025-10-10 14:32:12,428 - INFO - Pipetting into vial measurement_vial_0, amount: 0.301 mL
2025-10-10 14:32:13,865 - DEBUG - Adjusting pump 0 speed to 20
2025-10-10 14:32:16,143 - DEBUG - Dispensing 0.322 mL then waiting 5.184142850339413 s
2025-10-10 14:32:16,143 - WARNING - Dispense exceeded limit: Dispensing all liquid
2025-10-10 14:32:32,900 - DEBUG - Blowing out 0.056 mL
2025-10-10 14:32:32,900 - DEBUG - Adjusting pump 0 speed to 5
2025-10-10 14:32:37,090 - DEBUG - Selected large_tip for volume 0.305 mL
2025-10-10 14:32:37,092 - INFO - Pipetting from vial liquid_source, amount: 0.305 mL
2025-10-10 14:32:37,093 - DEBUG - Adjusting pump 0 speed to 19
2025-10-10 14:32:39,552 - DEBUG - Aspirating 0.305 mL then waiting 1.7748360987752676 s
2025-10-10 14:32:52,274 - DEBUG - Aspirating 0.085 mL then waiting 0 s
2025-10-10 14:32:55,540 - INFO - Pipetting into vial measurement_vial_0, amount: 0.305 mL
2025-10-10 14:32:55,677 - DEBUG - Adjusting pump 0 speed to 31
2025-10-10 14:32:57,927 - DEBUG - Dispensing 0.390 mL then waiting 11.289238196332008 s
2025-10-10 14:33:48,388 - DEBUG - Blowing out 0.116 mL
2025-10-10 14:33:48,388 - DEBUG - Adjusting pump 0 speed to 5
2025-10-10 14:33:51,728 - DEBUG - Selected large_tip for volume 0.302 mL
2025-10-10 14:33:51,730 - INFO - Pipetting from vial liquid_source, amount: 0.302 mL
2025-10-10 14:33:51,732 - DEBUG - Adjusting pump 0 speed to 17
2025-10-10 14:33:54,153 - DEBUG - Aspirating 0.302 mL then waiting 3.694002761039883 s
2025-10-10 14:34:07,656 - DEBUG - Aspirating 0.010 mL then waiting 0 s
2025-10-10 14:34:08,292 - INFO - Pipetting into vial measurement_vial_0, amount: 0.302 mL
2025-10-10 14:34:10,071 - DEBUG - Adjusting pump 0 speed to 18
2025-10-10 14:34:12,299 - DEBUG - Dispensing 0.312 mL then waiting 10.628011880908161 s
2025-10-10 14:34:12,299 - WARNING - Dispense exceeded limit: Dispensing all liquid
2025-10-10 14:34:32,942 - DEBUG - Blowing out 0.179 mL
2025-10-10 14:34:32,942 - DEBUG - Adjusting pump 0 speed to 5
2025-10-10 14:34:45,011 - DEBUG - Selected large_tip for volume 0.303 mL
2025-10-10 14:34:45,011 - INFO - Pipetting from vial liquid_source, amount: 0.303 mL
2025-10-10 14:34:45,011 - DEBUG - Adjusting pump 0 speed to 17
2025-10-10 14:34:47,450 - DEBUG - Aspirating 0.303 mL then waiting 10.534622542010695 s
2025-10-10 14:35:08,003 - DEBUG - Aspirating 0.011 mL then waiting 0 s
2025-10-10 14:35:08,689 - INFO - Pipetting into vial measurement_vial_0, amount: 0.303 mL
2025-10-10 14:35:11,267 - DEBUG - Adjusting pump 0 speed to 16
2025-10-10 14:35:13,575 - DEBUG - Dispensing 0.313 mL then waiting 5.205374459784859 s
2025-10-10 14:35:13,575 - WARNING - Dispense exceeded limit: Dispensing all liquid
2025-10-10 14:35:23,694 - DEBUG - Blowing out 0.136 mL
2025-10-10 14:35:23,694 - DEBUG - Adjusting pump 0 speed to 5
2025-10-10 14:35:36,109 - DEBUG - Selected large_tip for volume 0.305 mL
2025-10-10 14:35:36,111 - INFO - Pipetting from vial liquid_source, amount: 0.305 mL
2025-10-10 14:35:36,113 - DEBUG - Adjusting pump 0 speed to 19
2025-10-10 14:35:38,557 - DEBUG - Aspirating 0.305 mL then waiting 1.8475001921736511 s
2025-10-10 14:35:54,052 - DEBUG - Aspirating 0.026 mL then waiting 0 s
2025-10-10 14:35:55,317 - INFO - Pipetting into vial measurement_vial_0, amount: 0.305 mL
2025-10-10 14:35:56,664 - DEBUG - Adjusting pump 0 speed to 10
2025-10-10 14:35:58,951 - DEBUG - Dispensing 0.331 mL then waiting 0.0 s
2025-10-10 14:35:58,951 - WARNING - Dispense exceeded limit: Dispensing all liquid
2025-10-10 14:36:00,356 - DEBUG - Blowing out 0.130 mL
2025-10-10 14:36:00,356 - DEBUG - Adjusting pump 0 speed to 5
2025-10-10 14:36:12,043 - DEBUG - Selected large_tip for volume 0.310 mL
2025-10-10 14:36:12,043 - INFO - Pipetting from vial liquid_source, amount: 0.31 mL
2025-10-10 14:36:12,043 - DEBUG - Adjusting pump 0 speed to 19
2025-10-10 14:36:14,515 - DEBUG - Aspirating 0.310 mL then waiting 2.4024305156154127e-16 s
2025-10-10 14:36:28,335 - DEBUG - Aspirating 0.014 mL then waiting 0 s
2025-10-10 14:36:29,198 - INFO - Pipetting into vial measurement_vial_0, amount: 0.31 mL
2025-10-10 14:36:30,669 - DEBUG - Adjusting pump 0 speed to 10
2025-10-10 14:36:32,953 - DEBUG - Dispensing 0.324 mL then waiting 0.0 s
2025-10-10 14:36:44,877 - DEBUG - Selected large_tip for volume 0.310 mL
2025-10-10 14:36:44,877 - INFO - Pipetting from vial liquid_source, amount: 0.31 mL
2025-10-10 14:36:44,877 - DEBUG - Adjusting pump 0 speed to 21
2025-10-10 14:36:47,353 - DEBUG - Aspirating 0.310 mL then waiting 1.3038268374677331e-14 s
2025-10-10 14:37:02,517 - DEBUG - Aspirating 0.000 mL then waiting 0 s
2025-10-10 14:37:02,676 - INFO - Pipetting into vial measurement_vial_0, amount: 0.31 mL
2025-10-10 14:37:02,868 - DEBUG - Adjusting pump 0 speed to 10
2025-10-10 14:37:05,103 - DEBUG - Dispensing 0.310 mL then waiting 1.6680109527880876e-14 s
2025-10-10 14:37:05,103 - WARNING - Dispense exceeded limit: Dispensing all liquid
2025-10-10 14:37:06,438 - DEBUG - Blowing out 0.200 mL
2025-10-10 14:37:06,438 - DEBUG - Adjusting pump 0 speed to 5
2025-10-10 14:37:18,551 - DEBUG - Selected large_tip for volume 0.310 mL
2025-10-10 14:37:18,551 - INFO - Pipetting from vial liquid_source, amount: 0.31 mL
2025-10-10 14:37:18,551 - DEBUG - Adjusting pump 0 speed to 21
2025-10-10 14:37:21,046 - DEBUG - Aspirating 0.310 mL then waiting 10.831762876917608 s
2025-10-10 14:37:44,328 - DEBUG - Aspirating 0.016 mL then waiting 0 s
2025-10-10 14:37:45,341 - INFO - Pipetting into vial measurement_vial_0, amount: 0.31 mL
2025-10-10 14:37:47,268 - DEBUG - Adjusting pump 0 speed to 10
2025-10-10 14:37:49,519 - DEBUG - Dispensing 0.326 mL then waiting 0.0 s
2025-10-10 14:37:50,928 - DEBUG - Blowing out 0.000 mL
2025-10-10 14:37:50,928 - DEBUG - Adjusting pump 0 speed to 5
2025-10-10 14:38:01,088 - DEBUG - Selected large_tip for volume 0.310 mL
2025-10-10 14:38:01,099 - INFO - Pipetting from vial liquid_source, amount: 0.31 mL
2025-10-10 14:38:01,102 - DEBUG - Adjusting pump 0 speed to 20
2025-10-10 14:38:03,586 - DEBUG - Aspirating 0.310 mL then waiting 8.128519130940091 s
2025-10-10 14:38:26,280 - DEBUG - Aspirating 0.032 mL then waiting 0 s
2025-10-10 14:38:27,785 - INFO - Pipetting into vial measurement_vial_0, amount: 0.31 mL
2025-10-10 14:38:30,075 - DEBUG - Adjusting pump 0 speed to 10
2025-10-10 14:38:32,342 - DEBUG - Dispensing 0.342 mL then waiting 12.499999999999924 s
2025-10-10 14:38:53,550 - DEBUG - Selected large_tip for volume 0.310 mL
2025-10-10 14:38:53,552 - INFO - Pipetting from vial liquid_source, amount: 0.31 mL
2025-10-10 14:38:53,554 - DEBUG - Adjusting pump 0 speed to 20
2025-10-10 14:38:56,035 - DEBUG - Aspirating 0.310 mL then waiting 0.0 s
2025-10-10 14:39:10,575 - DEBUG - Aspirating 0.010 mL then waiting 0 s
2025-10-10 14:39:11,303 - INFO - Pipetting into vial measurement_vial_0, amount: 0.31 mL
2025-10-10 14:39:13,273 - DEBUG - Adjusting pump 0 speed to 29
2025-10-10 14:39:15,565 - DEBUG - Dispensing 0.320 mL then waiting 9.20682482689426e-13 s
2025-10-10 14:39:15,565 - WARNING - Dispense exceeded limit: Dispensing all liquid
2025-10-10 14:39:39,705 - DEBUG - Blowing out 0.018 mL
2025-10-10 14:39:39,705 - DEBUG - Adjusting pump 0 speed to 5
2025-10-10 14:39:49,780 - DEBUG - Selected large_tip for volume 0.300 mL
2025-10-10 14:39:49,780 - INFO - Pipetting from vial liquid_source, amount: 0.3 mL
2025-10-10 14:39:49,780 - DEBUG - Adjusting pump 0 speed to 10
2025-10-10 14:39:52,224 - DEBUG - Aspirating 0.300 mL then waiting 2.2345450326553925e-10 s
2025-10-10 14:39:56,810 - DEBUG - Aspirating 0.000 mL then waiting 0 s
2025-10-10 14:39:56,974 - INFO - Pipetting into vial measurement_vial_0, amount: 0.3 mL
2025-10-10 14:39:57,265 - DEBUG - Adjusting pump 0 speed to 10
2025-10-10 14:39:59,437 - DEBUG - Dispensing 0.300 mL then waiting 6.890235035840523e-11 s
2025-10-10 14:40:00,784 - DEBUG - Blowing out 0.000 mL
2025-10-10 14:40:00,784 - DEBUG - Adjusting pump 0 speed to 5
2025-10-10 14:40:11,208 - DEBUG - Selected large_tip for volume 0.310 mL
2025-10-10 14:40:11,208 - INFO - Pipetting from vial liquid_source, amount: 0.31 mL
2025-10-10 14:40:11,208 - DEBUG - Adjusting pump 0 speed to 13
2025-10-10 14:40:13,669 - DEBUG - Aspirating 0.310 mL then waiting 7.258001712259447e-16 s
2025-10-10 14:40:19,079 - DEBUG - Aspirating 0.000 mL then waiting 0 s
2025-10-10 14:40:19,246 - INFO - Pipetting into vial measurement_vial_0, amount: 0.31 mL
2025-10-10 14:40:19,455 - DEBUG - Adjusting pump 0 speed to 10
2025-10-10 14:40:21,754 - DEBUG - Dispensing 0.310 mL then waiting 8.932925184319322e-16 s
2025-10-10 14:40:23,113 - DEBUG - Blowing out 0.000 mL
2025-10-10 14:40:23,113 - DEBUG - Adjusting pump 0 speed to 5
2025-10-10 14:40:33,911 - DEBUG - Selected large_tip for volume 0.310 mL
2025-10-10 14:40:33,911 - INFO - Pipetting from vial liquid_source, amount: 0.31 mL
2025-10-10 14:40:33,911 - DEBUG - Adjusting pump 0 speed to 10
2025-10-10 14:40:36,358 - DEBUG - Aspirating 0.310 mL then waiting 1.5639351772894203e-13 s
2025-10-10 14:40:41,124 - DEBUG - Aspirating 0.000 mL then waiting 0 s
2025-10-10 14:40:41,298 - INFO - Pipetting into vial measurement_vial_0, amount: 0.31 mL
2025-10-10 14:40:41,474 - DEBUG - Adjusting pump 0 speed to 10
2025-10-10 14:40:43,628 - DEBUG - Dispensing 0.310 mL then waiting 7.271181115140831e-13 s
2025-10-10 14:40:43,628 - WARNING - Dispense exceeded limit: Dispensing all liquid
2025-10-10 14:40:45,001 - DEBUG - Blowing out 0.200 mL
2025-10-10 14:40:45,001 - DEBUG - Adjusting pump 0 speed to 5
2025-10-10 14:40:57,985 - DEBUG - Selected large_tip for volume 0.310 mL
2025-10-10 14:40:57,985 - INFO - Pipetting from vial liquid_source, amount: 0.31 mL
2025-10-10 14:40:57,985 - DEBUG - Adjusting pump 0 speed to 10
2025-10-10 14:41:00,431 - DEBUG - Aspirating 0.310 mL then waiting 2.946627047202612e-07 s
2025-10-10 14:41:02,254 - DEBUG - Aspirating 0.000 mL then waiting 0 s
2025-10-10 14:41:02,419 - INFO - Pipetting into vial measurement_vial_0, amount: 0.31 mL
2025-10-10 14:41:03,274 - DEBUG - Adjusting pump 0 speed to 11
2025-10-10 14:41:05,559 - DEBUG - Dispensing 0.310 mL then waiting 2.2316309671642373e-06 s
2025-10-10 14:41:07,136 - DEBUG - Blowing out 0.000 mL
2025-10-10 14:41:07,136 - DEBUG - Adjusting pump 0 speed to 5
2025-10-10 14:41:21,049 - DEBUG - Selected large_tip for volume 0.308 mL
2025-10-10 14:41:21,049 - INFO - Pipetting from vial liquid_source, amount: 0.308 mL
2025-10-10 14:41:21,049 - DEBUG - Adjusting pump 0 speed to 10
2025-10-10 14:41:23,505 - DEBUG - Aspirating 0.308 mL then waiting 0.0 s
2025-10-10 14:41:28,229 - DEBUG - Aspirating 0.022 mL then waiting 0 s
2025-10-10 14:41:28,553 - INFO - Pipetting into vial measurement_vial_0, amount: 0.308 mL
2025-10-10 14:41:28,678 - DEBUG - Adjusting pump 0 speed to 33
2025-10-10 14:41:30,949 - DEBUG - Dispensing 0.330 mL then waiting 0.0 s
2025-10-10 14:42:31,113 - DEBUG - Selected large_tip for volume 0.310 mL
2025-10-10 14:42:31,115 - INFO - Pipetting from vial liquid_source, amount: 0.31 mL
2025-10-10 14:42:31,115 - DEBUG - Adjusting pump 0 speed to 10
2025-10-10 14:42:33,539 - DEBUG - Aspirating 0.310 mL then waiting 1.104219737458954e-05 s
2025-10-10 14:42:35,458 - DEBUG - Aspirating 0.000 mL then waiting 0 s
2025-10-10 14:42:35,618 - INFO - Pipetting into vial measurement_vial_0, amount: 0.31 mL
2025-10-10 14:42:35,874 - DEBUG - Adjusting pump 0 speed to 10
2025-10-10 14:42:38,009 - DEBUG - Dispensing 0.310 mL then waiting 4.205635795123119 s
2025-10-10 14:42:38,009 - WARNING - Dispense exceeded limit: Dispensing all liquid
2025-10-10 14:42:43,555 - DEBUG - Blowing out 0.000 mL
2025-10-10 14:42:43,555 - DEBUG - Adjusting pump 0 speed to 5
2025-10-10 14:42:56,234 - DEBUG - Selected large_tip for volume 0.310 mL
2025-10-10 14:42:56,234 - INFO - Pipetting from vial liquid_source, amount: 0.31 mL
2025-10-10 14:42:56,234 - DEBUG - Adjusting pump 0 speed to 10
2025-10-10 14:42:58,683 - DEBUG - Aspirating 0.310 mL then waiting 0.0 s
2025-10-10 14:43:00,435 - INFO - Pipetting into vial measurement_vial_0, amount: 0.31 mL
2025-10-10 14:43:02,068 - DEBUG - Adjusting pump 0 speed to 10
2025-10-10 14:43:04,266 - DEBUG - Dispensing 0.310 mL then waiting 0.0 s
2025-10-10 14:43:05,601 - DEBUG - Blowing out 0.000 mL
2025-10-10 14:43:05,601 - DEBUG - Adjusting pump 0 speed to 5
2025-10-10 14:43:19,197 - DEBUG - Selected large_tip for volume 0.309 mL
2025-10-10 14:43:19,197 - INFO - Pipetting from vial liquid_source, amount: 0.309 mL
2025-10-10 14:43:19,197 - DEBUG - Adjusting pump 0 speed to 10
2025-10-10 14:43:21,653 - DEBUG - Aspirating 0.309 mL then waiting 0.0 s
2025-10-10 14:43:26,483 - DEBUG - Aspirating 0.009 mL then waiting 0 s
2025-10-10 14:43:26,795 - INFO - Pipetting into vial measurement_vial_0, amount: 0.309 mL
2025-10-10 14:43:27,266 - DEBUG - Adjusting pump 0 speed to 10
2025-10-10 14:43:29,442 - DEBUG - Dispensing 0.317 mL then waiting 0.0 s
2025-10-10 14:43:29,442 - WARNING - Dispense exceeded limit: Dispensing all liquid
2025-10-10 14:43:44,923 - DEBUG - Selected large_tip for volume 0.310 mL
2025-10-10 14:43:44,927 - INFO - Pipetting from vial liquid_source, amount: 0.31 mL
2025-10-10 14:43:44,930 - DEBUG - Adjusting pump 0 speed to 10
2025-10-10 14:43:47,305 - DEBUG - Aspirating 0.310 mL then waiting 0.0 s
2025-10-10 14:43:52,192 - INFO - Pipetting into vial measurement_vial_0, amount: 0.31 mL
2025-10-10 14:43:52,476 - DEBUG - Adjusting pump 0 speed to 10
2025-10-10 14:43:54,667 - DEBUG - Dispensing 0.310 mL then waiting 0.0 s
2025-10-10 14:44:10,763 - DEBUG - Selected large_tip for volume 0.310 mL
2025-10-10 14:44:10,763 - INFO - Pipetting from vial liquid_source, amount: 0.31 mL
2025-10-10 14:44:10,763 - DEBUG - Adjusting pump 0 speed to 16
2025-10-10 14:44:13,222 - DEBUG - Aspirating 0.310 mL then waiting 0.0 s
2025-10-10 14:44:21,651 - INFO - Pipetting into vial measurement_vial_0, amount: 0.31 mL
2025-10-10 14:44:21,874 - DEBUG - Adjusting pump 0 speed to 10
2025-10-10 14:44:24,145 - DEBUG - Dispensing 0.310 mL then waiting 0.0 s
2025-10-10 14:44:25,512 - DEBUG - Blowing out 0.139 mL
2025-10-10 14:44:25,512 - DEBUG - Adjusting pump 0 speed to 5
2025-10-10 14:44:31,089 - DEBUG - Selected large_tip for volume 0.310 mL
2025-10-10 14:44:31,090 - INFO - Pipetting from vial liquid_source, amount: 0.31 mL
2025-10-10 14:44:31,092 - DEBUG - Adjusting pump 0 speed to 16
2025-10-10 14:44:33,600 - DEBUG - Aspirating 0.310 mL then waiting 0.0 s
2025-10-10 14:44:42,064 - INFO - Pipetting into vial measurement_vial_0, amount: 0.31 mL
2025-10-10 14:44:42,265 - DEBUG - Adjusting pump 0 speed to 10
2025-10-10 14:44:44,556 - DEBUG - Dispensing 0.310 mL then waiting 0.0 s
2025-10-10 14:44:45,939 - DEBUG - Blowing out 0.139 mL
2025-10-10 14:44:45,939 - DEBUG - Adjusting pump 0 speed to 5
2025-10-10 14:44:49,286 - INFO - Removing pipet
2025-10-10 14:44:52,671 - INFO - Returning vial measurement_vial_0 to home location: main_8mL_rack index 0
2025-10-10 14:44:52,671 - INFO - Moving vial measurement_vial_0 to main_8mL_rack: 0
2025-10-10 14:44:52,671 - DEBUG - Grabbing vial 0 with index 0
2025-10-10 14:44:55,128 - DEBUG - Dropping off vial 0 at location main_8mL_rack with index 0
2025-10-10 14:44:57,928 - INFO - [info] Switching to new measurement vial: measurement_vial_1
2025-10-10 14:44:57,936 - INFO - Moving vial measurement_vial_1 to clamp: 0
2025-10-10 14:44:57,936 - DEBUG - Grabbing vial 1 with index 1
2025-10-10 14:45:00,157 - DEBUG - Dropping off vial 1 at location clamp with index 0
2025-10-10 14:45:02,948 - DEBUG - Selected large_tip for volume 0.310 mL
2025-10-10 14:45:02,948 - INFO - Getting large_tip (pipet number 1) from rack: large_tip_rack_1
2025-10-10 14:45:08,487 - INFO - Pipetting from vial liquid_source, amount: 0.31 mL
2025-10-10 14:45:08,503 - DEBUG - Adjusting pump 0 speed to 16
2025-10-10 14:45:11,472 - DEBUG - Aspirating 0.310 mL then waiting 0.0 s
2025-10-10 14:45:20,017 - INFO - Pipetting into vial measurement_vial_1, amount: 0.31 mL
2025-10-10 14:45:21,073 - DEBUG - Adjusting pump 0 speed to 10
2025-10-10 14:45:23,313 - DEBUG - Dispensing 0.310 mL then waiting 0.0 s
2025-10-10 14:45:24,672 - DEBUG - Blowing out 0.139 mL
2025-10-10 14:45:24,672 - DEBUG - Adjusting pump 0 speed to 5
2025-10-10 14:45:39,258 - DEBUG - Selected large_tip for volume 0.304 mL
2025-10-10 14:45:39,258 - INFO - Pipetting from vial liquid_source, amount: 0.304 mL
2025-10-10 14:45:39,260 - DEBUG - Adjusting pump 0 speed to 10
2025-10-10 14:45:41,787 - DEBUG - Aspirating 0.304 mL then waiting 1.1793186402103884e-11 s
2025-10-10 14:45:46,778 - DEBUG - Aspirating 0.000 mL then waiting 0 s
2025-10-10 14:45:46,938 - INFO - Pipetting into vial measurement_vial_1, amount: 0.304 mL
2025-10-10 14:45:47,066 - DEBUG - Adjusting pump 0 speed to 10
2025-10-10 14:45:49,257 - DEBUG - Dispensing 0.304 mL then waiting 3.910985420141084 s
2025-10-10 14:45:54,535 - DEBUG - Blowing out 0.200 mL
2025-10-10 14:45:54,535 - DEBUG - Adjusting pump 0 speed to 5
2025-10-10 14:46:10,585 - DEBUG - Selected large_tip for volume 0.306 mL
2025-10-10 14:46:10,587 - INFO - Pipetting from vial liquid_source, amount: 0.306 mL
2025-10-10 14:46:10,589 - DEBUG - Adjusting pump 0 speed to 11
2025-10-10 14:46:13,025 - DEBUG - Aspirating 0.306 mL then waiting 3.522240810828202e-11 s
2025-10-10 14:46:15,122 - DEBUG - Aspirating 0.011 mL then waiting 0 s
2025-10-10 14:46:15,441 - INFO - Pipetting into vial measurement_vial_1, amount: 0.306 mL
2025-10-10 14:46:17,073 - DEBUG - Adjusting pump 0 speed to 11
2025-10-10 14:46:19,248 - DEBUG - Dispensing 0.317 mL then waiting 0.0 s
2025-10-10 14:46:20,768 - DEBUG - Blowing out 0.151 mL
2025-10-10 14:46:20,768 - DEBUG - Adjusting pump 0 speed to 5
2025-10-10 14:46:36,874 - DEBUG - Selected large_tip for volume 0.310 mL
2025-10-10 14:46:36,876 - INFO - Pipetting from vial liquid_source, amount: 0.31 mL
2025-10-10 14:46:36,878 - DEBUG - Adjusting pump 0 speed to 17
2025-10-10 14:46:39,355 - DEBUG - Aspirating 0.310 mL then waiting 4.504277032794429e-08 s
2025-10-10 14:46:49,432 - INFO - Pipetting into vial measurement_vial_1, amount: 0.31 mL
2025-10-10 14:46:50,679 - DEBUG - Adjusting pump 0 speed to 10
2025-10-10 14:46:52,999 - DEBUG - Dispensing 0.310 mL then waiting 6.419062187188234e-08 s
2025-10-10 14:46:54,374 - DEBUG - Blowing out 0.052 mL
2025-10-10 14:46:54,374 - DEBUG - Adjusting pump 0 speed to 5
2025-10-10 14:47:09,588 - DEBUG - Selected large_tip for volume 0.306 mL
2025-10-10 14:47:09,590 - INFO - Pipetting from vial liquid_source, amount: 0.306 mL
2025-10-10 14:47:09,592 - DEBUG - Adjusting pump 0 speed to 10
2025-10-10 14:47:12,046 - DEBUG - Aspirating 0.306 mL then waiting 0.0 s
2025-10-10 14:47:13,937 - DEBUG - Aspirating 0.009 mL then waiting 0 s
2025-10-10 14:47:14,182 - INFO - Pipetting into vial measurement_vial_1, amount: 0.306 mL
2025-10-10 14:47:16,880 - DEBUG - Adjusting pump 0 speed to 10
2025-10-10 14:47:19,071 - DEBUG - Dispensing 0.315 mL then waiting 0.0 s
2025-10-10 14:47:19,071 - WARNING - Dispense exceeded limit: Dispensing all liquid
2025-10-10 14:47:20,430 - DEBUG - Blowing out 0.150 mL
2025-10-10 14:47:20,430 - DEBUG - Adjusting pump 0 speed to 5
2025-10-10 14:47:37,020 - DEBUG - Selected large_tip for volume 0.310 mL
2025-10-10 14:47:37,020 - INFO - Pipetting from vial liquid_source, amount: 0.31 mL
2025-10-10 14:47:37,020 - DEBUG - Adjusting pump 0 speed to 18
2025-10-10 14:47:39,497 - DEBUG - Aspirating 0.310 mL then waiting 1.700408047441061 s
2025-10-10 14:47:55,154 - INFO - Pipetting into vial measurement_vial_1, amount: 0.31 mL
2025-10-10 14:47:55,261 - DEBUG - Adjusting pump 0 speed to 10
2025-10-10 14:47:57,556 - DEBUG - Dispensing 0.310 mL then waiting 0.07712708640710701 s
2025-10-10 14:47:58,973 - DEBUG - Blowing out 0.056 mL
2025-10-10 14:47:58,973 - DEBUG - Adjusting pump 0 speed to 5
2025-10-10 14:48:14,222 - DEBUG - Selected large_tip for volume 0.305 mL
2025-10-10 14:48:14,224 - INFO - Pipetting from vial liquid_source, amount: 0.305 mL
2025-10-10 14:48:14,226 - DEBUG - Adjusting pump 0 speed to 10
2025-10-10 14:48:16,702 - DEBUG - Aspirating 0.305 mL then waiting 2.133358537138342 s
2025-10-10 14:48:23,980 - DEBUG - Aspirating 0.027 mL then waiting 0 s
2025-10-10 14:48:24,300 - INFO - Pipetting into vial measurement_vial_1, amount: 0.305 mL
2025-10-10 14:48:26,076 - DEBUG - Adjusting pump 0 speed to 10
2025-10-10 14:48:28,283 - DEBUG - Dispensing 0.332 mL then waiting 4.139441207816297e-14 s
2025-10-10 14:48:28,283 - WARNING - Dispense exceeded limit: Dispensing all liquid
2025-10-10 14:48:29,771 - DEBUG - Blowing out 0.200 mL
2025-10-10 14:48:29,771 - DEBUG - Adjusting pump 0 speed to 5
2025-10-10 14:48:46,213 - DEBUG - Selected large_tip for volume 0.309 mL
2025-10-10 14:48:46,213 - INFO - Pipetting from vial liquid_source, amount: 0.309 mL
2025-10-10 14:48:46,228 - DEBUG - Adjusting pump 0 speed to 14
2025-10-10 14:48:48,693 - DEBUG - Aspirating 0.309 mL then waiting 0.9172447290667284 s
2025-10-10 14:48:52,580 - DEBUG - Aspirating 0.000 mL then waiting 0 s
2025-10-10 14:48:52,740 - INFO - Pipetting into vial measurement_vial_1, amount: 0.309 mL
2025-10-10 14:48:52,868 - DEBUG - Adjusting pump 0 speed to 10
2025-10-10 14:48:55,123 - DEBUG - Dispensing 0.309 mL then waiting 7.954019267807732e-12 s
2025-10-10 14:48:56,499 - DEBUG - Blowing out 0.165 mL
2025-10-10 14:48:56,499 - DEBUG - Adjusting pump 0 speed to 5
2025-10-10 14:49:11,239 - DEBUG - Selected large_tip for volume 0.308 mL
2025-10-10 14:49:11,239 - INFO - Pipetting from vial liquid_source, amount: 0.308 mL
2025-10-10 14:49:11,246 - DEBUG - Adjusting pump 0 speed to 10
2025-10-10 14:49:13,742 - DEBUG - Aspirating 0.308 mL then waiting 0.0 s
2025-10-10 14:49:18,987 - DEBUG - Aspirating 0.063 mL then waiting 0 s
2025-10-10 14:49:19,468 - INFO - Pipetting into vial measurement_vial_1, amount: 0.308 mL
2025-10-10 14:49:25,882 - DEBUG - Adjusting pump 0 speed to 10
2025-10-10 14:49:28,089 - DEBUG - Dispensing 0.372 mL then waiting 0.0 s
2025-10-10 14:49:29,689 - DEBUG - Blowing out 0.151 mL
2025-10-10 14:49:29,689 - DEBUG - Adjusting pump 0 speed to 5
2025-10-10 14:49:45,255 - DEBUG - Selected large_tip for volume 0.307 mL
2025-10-10 14:49:45,255 - INFO - Pipetting from vial liquid_source, amount: 0.307 mL
2025-10-10 14:49:45,258 - DEBUG - Adjusting pump 0 speed to 15
2025-10-10 14:49:47,731 - DEBUG - Aspirating 0.307 mL then waiting 1.1610004664416532e-08 s
2025-10-10 14:49:51,528 - INFO - Pipetting into vial measurement_vial_1, amount: 0.307 mL
2025-10-10 14:49:53,282 - DEBUG - Adjusting pump 0 speed to 11
2025-10-10 14:49:55,569 - DEBUG - Dispensing 0.307 mL then waiting 4.392393809974694e-09 s
2025-10-10 14:49:57,105 - DEBUG - Blowing out 0.200 mL
2025-10-10 14:49:57,105 - DEBUG - Adjusting pump 0 speed to 5
2025-10-10 14:50:01,697 - DEBUG - Selected large_tip for volume 0.307 mL
2025-10-10 14:50:01,699 - INFO - Pipetting from vial liquid_source, amount: 0.307 mL
2025-10-10 14:50:01,700 - DEBUG - Adjusting pump 0 speed to 15
2025-10-10 14:50:04,222 - DEBUG - Aspirating 0.307 mL then waiting 1.1610004664416532e-08 s
2025-10-10 14:50:07,997 - INFO - Pipetting into vial measurement_vial_1, amount: 0.307 mL
2025-10-10 14:50:10,269 - DEBUG - Adjusting pump 0 speed to 11
2025-10-10 14:50:12,540 - DEBUG - Dispensing 0.307 mL then waiting 4.392393809974694e-09 s
2025-10-10 14:50:14,076 - DEBUG - Blowing out 0.200 mL
2025-10-10 14:50:14,076 - DEBUG - Adjusting pump 0 speed to 5
2025-10-10 14:50:17,674 - DEBUG - Selected large_tip for volume 0.307 mL
2025-10-10 14:50:17,674 - INFO - Pipetting from vial liquid_source, amount: 0.307 mL
2025-10-10 14:50:17,690 - DEBUG - Adjusting pump 0 speed to 15
2025-10-10 14:50:20,154 - DEBUG - Aspirating 0.307 mL then waiting 1.1610004664416532e-08 s
2025-10-10 14:50:23,951 - INFO - Pipetting into vial measurement_vial_1, amount: 0.307 mL
2025-10-10 14:50:26,680 - DEBUG - Adjusting pump 0 speed to 11
2025-10-10 14:50:28,999 - DEBUG - Dispensing 0.307 mL then waiting 4.392393809974694e-09 s
2025-10-10 14:50:30,535 - DEBUG - Blowing out 0.200 mL
2025-10-10 14:50:30,535 - DEBUG - Adjusting pump 0 speed to 5
2025-10-10 14:50:33,879 - DEBUG - Selected large_tip for volume 0.307 mL
2025-10-10 14:50:33,879 - INFO - Pipetting from vial liquid_source, amount: 0.307 mL
2025-10-10 14:50:33,879 - DEBUG - Adjusting pump 0 speed to 15
2025-10-10 14:50:36,357 - DEBUG - Aspirating 0.307 mL then waiting 1.1610004664416532e-08 s
2025-10-10 14:50:40,154 - INFO - Pipetting into vial measurement_vial_1, amount: 0.307 mL
2025-10-10 14:50:42,867 - DEBUG - Adjusting pump 0 speed to 11
2025-10-10 14:50:45,202 - DEBUG - Dispensing 0.307 mL then waiting 4.392393809974694e-09 s
2025-10-10 14:50:46,732 - DEBUG - Blowing out 0.200 mL
2025-10-10 14:50:46,732 - DEBUG - Adjusting pump 0 speed to 5
2025-10-10 14:50:51,688 - DEBUG - Selected large_tip for volume 0.307 mL
2025-10-10 14:50:51,688 - INFO - Pipetting from vial liquid_source, amount: 0.307 mL
2025-10-10 14:50:51,688 - DEBUG - Adjusting pump 0 speed to 15
2025-10-10 14:50:54,208 - DEBUG - Aspirating 0.307 mL then waiting 1.1610004664416532e-08 s
2025-10-10 14:50:58,000 - INFO - Pipetting into vial measurement_vial_1, amount: 0.307 mL
2025-10-10 14:51:01,869 - DEBUG - Adjusting pump 0 speed to 11
2025-10-10 14:51:04,141 - DEBUG - Dispensing 0.307 mL then waiting 4.392393809974694e-09 s
2025-10-10 14:51:05,676 - DEBUG - Blowing out 0.200 mL
2025-10-10 14:51:05,676 - DEBUG - Adjusting pump 0 speed to 5
2025-10-10 14:51:22,585 - DEBUG - Selected large_tip for volume 0.309 mL
2025-10-10 14:51:22,587 - INFO - Pipetting from vial liquid_source, amount: 0.309 mL
2025-10-10 14:51:22,589 - DEBUG - Adjusting pump 0 speed to 10
2025-10-10 14:51:25,095 - DEBUG - Aspirating 0.309 mL then waiting 1.3460872421484253 s
2025-10-10 14:51:31,909 - DEBUG - Aspirating 0.003 mL then waiting 0 s
2025-10-10 14:51:32,148 - INFO - Pipetting into vial measurement_vial_1, amount: 0.309 mL
2025-10-10 14:51:33,268 - DEBUG - Adjusting pump 0 speed to 10
2025-10-10 14:51:35,475 - DEBUG - Dispensing 0.312 mL then waiting 2.6912884779017157 s
2025-10-10 14:51:39,538 - DEBUG - Blowing out 0.129 mL
2025-10-10 14:51:39,538 - DEBUG - Adjusting pump 0 speed to 5
2025-10-10 14:51:58,787 - DEBUG - Selected large_tip for volume 0.309 mL
2025-10-10 14:51:58,787 - INFO - Pipetting from vial liquid_source, amount: 0.309 mL
2025-10-10 14:51:58,787 - DEBUG - Adjusting pump 0 speed to 16
2025-10-10 14:52:01,292 - DEBUG - Aspirating 0.309 mL then waiting 2.7804303629068556e-12 s
2025-10-10 14:52:06,586 - DEBUG - Aspirating 0.000 mL then waiting 0 s
2025-10-10 14:52:06,746 - INFO - Pipetting into vial measurement_vial_1, amount: 0.309 mL
2025-10-10 14:52:09,881 - DEBUG - Adjusting pump 0 speed to 10
2025-10-10 14:52:12,200 - DEBUG - Dispensing 0.309 mL then waiting 1.876331118507825e-12 s
2025-10-10 14:52:13,576 - DEBUG - Blowing out 0.131 mL
2025-10-10 14:52:13,576 - DEBUG - Adjusting pump 0 speed to 5
2025-10-10 14:52:28,038 - DEBUG - Selected large_tip for volume 0.310 mL
2025-10-10 14:52:28,038 - INFO - Pipetting from vial liquid_source, amount: 0.31 mL
2025-10-10 14:52:28,038 - DEBUG - Adjusting pump 0 speed to 10
2025-10-10 14:52:30,547 - DEBUG - Aspirating 0.310 mL then waiting 2.5613371678786757e-12 s
2025-10-10 14:52:36,066 - DEBUG - Aspirating 0.000 mL then waiting 0 s
2025-10-10 14:52:36,232 - INFO - Pipetting into vial measurement_vial_1, amount: 0.31 mL
2025-10-10 14:52:36,481 - DEBUG - Adjusting pump 0 speed to 27
2025-10-10 14:52:38,785 - DEBUG - Dispensing 0.310 mL then waiting 2.140981338343223e-12 s
2025-10-10 14:52:57,580 - DEBUG - Blowing out 0.018 mL
2025-10-10 14:52:57,580 - DEBUG - Adjusting pump 0 speed to 5
2025-10-10 14:53:12,954 - DEBUG - Selected large_tip for volume 0.310 mL
2025-10-10 14:53:12,955 - INFO - Pipetting from vial liquid_source, amount: 0.31 mL
2025-10-10 14:53:12,957 - DEBUG - Adjusting pump 0 speed to 28
2025-10-10 14:53:15,479 - DEBUG - Aspirating 0.310 mL then waiting 1.7480282994475914e-14 s
2025-10-10 14:53:37,168 - DEBUG - Aspirating 0.000 mL then waiting 0 s
2025-10-10 14:53:37,328 - INFO - Pipetting into vial measurement_vial_1, amount: 0.31 mL
2025-10-10 14:53:39,471 - DEBUG - Adjusting pump 0 speed to 15
2025-10-10 14:53:41,791 - DEBUG - Dispensing 0.310 mL then waiting 1.3413039420594498e-14 s
2025-10-10 14:53:45,086 - DEBUG - Blowing out 0.200 mL
2025-10-10 14:53:45,086 - DEBUG - Adjusting pump 0 speed to 5
2025-10-10 14:54:00,285 - DEBUG - Selected large_tip for volume 0.304 mL
2025-10-10 14:54:00,285 - INFO - Pipetting from vial liquid_source, amount: 0.304 mL
2025-10-10 14:54:00,285 - DEBUG - Adjusting pump 0 speed to 10
2025-10-10 14:54:02,776 - DEBUG - Aspirating 0.304 mL then waiting 8.142176440145562 s
2025-10-10 14:54:12,715 - INFO - Pipetting into vial measurement_vial_1, amount: 0.304 mL
2025-10-10 14:54:15,476 - DEBUG - Adjusting pump 0 speed to 10
2025-10-10 14:54:17,684 - DEBUG - Dispensing 0.304 mL then waiting 0.0 s
2025-10-10 14:54:19,014 - DEBUG - Blowing out 0.127 mL
2025-10-10 14:54:19,014 - DEBUG - Adjusting pump 0 speed to 5
2025-10-10 14:54:32,552 - DEBUG - Selected large_tip for volume 0.310 mL
2025-10-10 14:54:32,554 - INFO - Pipetting from vial liquid_source, amount: 0.31 mL
2025-10-10 14:54:32,556 - DEBUG - Adjusting pump 0 speed to 14
2025-10-10 14:54:35,071 - DEBUG - Aspirating 0.310 mL then waiting 12.5 s
2025-10-10 14:54:54,281 - INFO - Pipetting into vial measurement_vial_1, amount: 0.31 mL
2025-10-10 14:54:54,473 - DEBUG - Adjusting pump 0 speed to 26
2025-10-10 14:54:56,792 - DEBUG - Dispensing 0.310 mL then waiting 0.0 s
2025-10-10 14:55:13,891 - DEBUG - Blowing out 0.070 mL
2025-10-10 14:55:13,891 - DEBUG - Adjusting pump 0 speed to 5
2025-10-10 14:55:27,658 - DEBUG - Selected large_tip for volume 0.310 mL
2025-10-10 14:55:27,658 - INFO - Pipetting from vial liquid_source, amount: 0.31 mL
2025-10-10 14:55:27,658 - DEBUG - Adjusting pump 0 speed to 10
2025-10-10 14:55:30,190 - DEBUG - Aspirating 0.310 mL then waiting 12.499999994169542 s
2025-10-10 14:55:48,311 - DEBUG - Aspirating 0.000 mL then waiting 0 s
2025-10-10 14:55:48,486 - INFO - Pipetting into vial measurement_vial_1, amount: 0.31 mL
2025-10-10 14:55:50,071 - DEBUG - Adjusting pump 0 speed to 29
2025-10-10 14:55:52,311 - DEBUG - Dispensing 0.310 mL then waiting 0.0 s
2025-10-10 14:56:15,691 - DEBUG - Blowing out 0.200 mL
2025-10-10 14:56:15,691 - DEBUG - Adjusting pump 0 speed to 5
2025-10-10 14:56:30,849 - DEBUG - Selected large_tip for volume 0.304 mL
2025-10-10 14:56:30,849 - INFO - Pipetting from vial liquid_source, amount: 0.304 mL
2025-10-10 14:56:30,849 - DEBUG - Adjusting pump 0 speed to 10
2025-10-10 14:56:33,340 - DEBUG - Aspirating 0.304 mL then waiting 3.6350128359568883 s
2025-10-10 14:56:38,907 - INFO - Pipetting into vial measurement_vial_1, amount: 0.304 mL
2025-10-10 14:56:39,082 - DEBUG - Adjusting pump 0 speed to 10
2025-10-10 14:56:41,274 - DEBUG - Dispensing 0.304 mL then waiting 0.7889773422755804 s
2025-10-10 14:56:43,433 - DEBUG - Blowing out 0.046 mL
2025-10-10 14:56:43,433 - DEBUG - Adjusting pump 0 speed to 5
2025-10-10 14:56:58,547 - DEBUG - Selected large_tip for volume 0.300 mL
2025-10-10 14:56:58,550 - INFO - Pipetting from vial liquid_source, amount: 0.3 mL
2025-10-10 14:56:58,550 - DEBUG - Adjusting pump 0 speed to 29
2025-10-10 14:57:01,044 - DEBUG - Aspirating 0.300 mL then waiting 0.0 s
2025-10-10 14:57:24,637 - DEBUG - Aspirating 0.095 mL then waiting 0 s
2025-10-10 14:57:32,443 - INFO - Pipetting into vial measurement_vial_1, amount: 0.3 mL
2025-10-10 14:57:33,883 - DEBUG - Adjusting pump 0 speed to 11
2025-10-10 14:57:36,202 - DEBUG - Dispensing 0.395 mL then waiting 0.0 s
2025-10-10 14:57:38,121 - DEBUG - Blowing out 0.200 mL
2025-10-10 14:57:38,121 - DEBUG - Adjusting pump 0 speed to 5
2025-10-10 14:57:51,602 - INFO - Removing pipet
2025-10-10 14:57:54,964 - INFO - Returning vial measurement_vial_1 to home location: main_8mL_rack index 1
2025-10-10 14:57:54,964 - INFO - Moving vial measurement_vial_1 to main_8mL_rack: 1
2025-10-10 14:57:54,964 - DEBUG - Grabbing vial 1 with index 1
2025-10-10 14:57:57,411 - DEBUG - Dropping off vial 1 at location main_8mL_rack with index 1
2025-10-10 14:58:00,214 - INFO - [info] Switching to new measurement vial: measurement_vial_2
2025-10-10 14:58:00,218 - INFO - Moving vial measurement_vial_2 to clamp: 0
2025-10-10 14:58:00,218 - DEBUG - Grabbing vial 2 with index 2
2025-10-10 14:58:02,418 - DEBUG - Dropping off vial 2 at location clamp with index 0
2025-10-10 14:58:05,281 - DEBUG - Selected large_tip for volume 0.310 mL
2025-10-10 14:58:05,281 - INFO - Getting large_tip (pipet number 2) from rack: large_tip_rack_1
2025-10-10 14:58:10,815 - INFO - Pipetting from vial liquid_source, amount: 0.31 mL
2025-10-10 14:58:10,815 - DEBUG - Adjusting pump 0 speed to 35
2025-10-10 14:58:13,823 - DEBUG - Aspirating 0.310 mL then waiting 12.5 s
2025-10-10 15:00:05,822 - DEBUG - Aspirating 0.000 mL then waiting 0 s
2025-10-10 15:00:05,988 - INFO - Pipetting into vial measurement_vial_2, amount: 0.31 mL
2025-10-10 15:00:06,269 - DEBUG - Adjusting pump 0 speed to 35
2025-10-10 15:00:08,445 - DEBUG - Dispensing 0.310 mL then waiting 0.0 s
2025-10-10 15:01:41,635 - DEBUG - Blowing out 0.000 mL
2025-10-10 15:01:41,635 - DEBUG - Adjusting pump 0 speed to 5
2025-10-10 15:01:57,287 - DEBUG - Selected large_tip for volume 0.310 mL
2025-10-10 15:01:57,288 - INFO - Pipetting from vial liquid_source, amount: 0.31 mL
2025-10-10 15:01:57,290 - DEBUG - Adjusting pump 0 speed to 17
2025-10-10 15:01:59,804 - DEBUG - Aspirating 0.310 mL then waiting 0.0 s
2025-10-10 15:02:09,897 - INFO - Pipetting into vial measurement_vial_2, amount: 0.31 mL
2025-10-10 15:02:11,479 - DEBUG - Adjusting pump 0 speed to 11
2025-10-10 15:02:13,720 - DEBUG - Dispensing 0.310 mL then waiting 0.0 s
2025-10-10 15:02:15,240 - DEBUG - Blowing out 0.200 mL
2025-10-10 15:02:15,240 - DEBUG - Adjusting pump 0 speed to 5
2025-10-10 15:02:30,911 - DEBUG - Selected large_tip for volume 0.300 mL
2025-10-10 15:02:30,911 - INFO - Pipetting from vial liquid_source, amount: 0.3 mL
2025-10-10 15:02:30,911 - DEBUG - Adjusting pump 0 speed to 23
2025-10-10 15:02:33,458 - DEBUG - Aspirating 0.300 mL then waiting 1.9487647985858868e-10 s
2025-10-10 15:02:47,198 - DEBUG - Aspirating 0.000 mL then waiting 0 s
2025-10-10 15:02:47,354 - INFO - Pipetting into vial measurement_vial_2, amount: 0.3 mL
2025-10-10 15:02:48,478 - DEBUG - Adjusting pump 0 speed to 12
2025-10-10 15:02:50,749 - DEBUG - Dispensing 0.300 mL then waiting 1.0651510879742476e-09 s
2025-10-10 15:02:52,444 - DEBUG - Blowing out 0.000 mL
2025-10-10 15:02:52,444 - DEBUG - Adjusting pump 0 speed to 5
2025-10-10 15:03:05,941 - DEBUG - Selected large_tip for volume 0.310 mL
2025-10-10 15:03:05,941 - INFO - Pipetting from vial liquid_source, amount: 0.31 mL
2025-10-10 15:03:05,941 - DEBUG - Adjusting pump 0 speed to 31
2025-10-10 15:03:08,472 - DEBUG - Aspirating 0.310 mL then waiting 0.0 s
2025-10-10 15:03:40,766 - INFO - Pipetting into vial measurement_vial_2, amount: 0.31 mL
2025-10-10 15:03:43,070 - DEBUG - Adjusting pump 0 speed to 10
2025-10-10 15:03:45,389 - DEBUG - Dispensing 0.310 mL then waiting 0.0 s
2025-10-10 15:03:59,469 - DEBUG - Selected large_tip for volume 0.300 mL
2025-10-10 15:03:59,471 - INFO - Pipetting from vial liquid_source, amount: 0.3 mL
2025-10-10 15:03:59,471 - DEBUG - Adjusting pump 0 speed to 14
2025-10-10 15:04:02,008 - DEBUG - Aspirating 0.300 mL then waiting 1.4184708611579964e-12 s
2025-10-10 15:04:08,918 - DEBUG - Aspirating 0.000 mL then waiting 0 s
2025-10-10 15:04:09,078 - INFO - Pipetting into vial measurement_vial_2, amount: 0.3 mL
2025-10-10 15:04:09,255 - DEBUG - Adjusting pump 0 speed to 10
2025-10-10 15:04:11,476 - DEBUG - Dispensing 0.300 mL then waiting 7.449339607951839e-13 s
2025-10-10 15:04:12,821 - DEBUG - Blowing out 0.200 mL
2025-10-10 15:04:12,821 - DEBUG - Adjusting pump 0 speed to 5
2025-10-10 15:04:29,204 - DEBUG - Selected large_tip for volume 0.300 mL
2025-10-10 15:04:29,204 - INFO - Pipetting from vial liquid_source, amount: 0.3 mL
2025-10-10 15:04:29,204 - DEBUG - Adjusting pump 0 speed to 12
2025-10-10 15:04:31,759 - DEBUG - Aspirating 0.300 mL then waiting 0.0 s
2025-10-10 15:04:33,934 - DEBUG - Aspirating 0.000 mL then waiting 0 s
2025-10-10 15:04:34,100 - INFO - Pipetting into vial measurement_vial_2, amount: 0.3 mL
2025-10-10 15:04:35,070 - DEBUG - Adjusting pump 0 speed to 12
2025-10-10 15:04:37,246 - DEBUG - Dispensing 0.300 mL then waiting 0.0 s
2025-10-10 15:04:54,004 - DEBUG - Selected large_tip for volume 0.300 mL
2025-10-10 15:04:54,004 - INFO - Pipetting from vial liquid_source, amount: 0.3 mL
2025-10-10 15:04:54,004 - DEBUG - Adjusting pump 0 speed to 12
2025-10-10 15:04:56,456 - DEBUG - Aspirating 0.300 mL then waiting 1.5436506447685397e-07 s
2025-10-10 15:04:58,664 - DEBUG - Aspirating 0.000 mL then waiting 0 s
2025-10-10 15:04:58,830 - INFO - Pipetting into vial measurement_vial_2, amount: 0.3 mL
2025-10-10 15:05:00,871 - DEBUG - Adjusting pump 0 speed to 11
2025-10-10 15:05:03,190 - DEBUG - Dispensing 0.300 mL then waiting 2.5962959614140164e-07 s
2025-10-10 15:05:04,646 - DEBUG - Blowing out 0.196 mL
2025-10-10 15:05:04,646 - DEBUG - Adjusting pump 0 speed to 5
2025-10-10 15:05:08,501 - DEBUG - Selected large_tip for volume 0.300 mL
2025-10-10 15:05:08,502 - INFO - Pipetting from vial liquid_source, amount: 0.3 mL
2025-10-10 15:05:08,504 - DEBUG - Adjusting pump 0 speed to 12
2025-10-10 15:05:11,044 - DEBUG - Aspirating 0.300 mL then waiting 1.5436506447685397e-07 s
2025-10-10 15:05:13,251 - DEBUG - Aspirating 0.000 mL then waiting 0 s
2025-10-10 15:05:13,411 - INFO - Pipetting into vial measurement_vial_2, amount: 0.3 mL
2025-10-10 15:05:15,075 - DEBUG - Adjusting pump 0 speed to 11
2025-10-10 15:05:17,362 - DEBUG - Dispensing 0.300 mL then waiting 2.5962959614140164e-07 s
2025-10-10 15:05:18,818 - DEBUG - Blowing out 0.196 mL
2025-10-10 15:05:18,818 - DEBUG - Adjusting pump 0 speed to 5
2025-10-10 15:05:23,280 - DEBUG - Selected large_tip for volume 0.300 mL
2025-10-10 15:05:23,280 - INFO - Pipetting from vial liquid_source, amount: 0.3 mL
2025-10-10 15:05:23,280 - DEBUG - Adjusting pump 0 speed to 12
2025-10-10 15:05:25,759 - DEBUG - Aspirating 0.300 mL then waiting 1.5436506447685397e-07 s
2025-10-10 15:05:27,951 - DEBUG - Aspirating 0.000 mL then waiting 0 s
2025-10-10 15:05:28,111 - INFO - Pipetting into vial measurement_vial_2, amount: 0.3 mL
2025-10-10 15:05:29,278 - DEBUG - Adjusting pump 0 speed to 11
2025-10-10 15:05:31,566 - DEBUG - Dispensing 0.300 mL then waiting 2.5962959614140164e-07 s
2025-10-10 15:05:33,021 - DEBUG - Blowing out 0.196 mL
2025-10-10 15:05:33,021 - DEBUG - Adjusting pump 0 speed to 5
2025-10-10 15:05:38,082 - DEBUG - Selected large_tip for volume 0.300 mL
2025-10-10 15:05:38,082 - INFO - Pipetting from vial liquid_source, amount: 0.3 mL
2025-10-10 15:05:38,082 - DEBUG - Adjusting pump 0 speed to 12
2025-10-10 15:05:40,587 - DEBUG - Aspirating 0.300 mL then waiting 1.5436506447685397e-07 s
2025-10-10 15:05:42,794 - DEBUG - Aspirating 0.000 mL then waiting 0 s
2025-10-10 15:05:42,954 - INFO - Pipetting into vial measurement_vial_2, amount: 0.3 mL
2025-10-10 15:05:46,681 - DEBUG - Adjusting pump 0 speed to 11
2025-10-10 15:05:48,968 - DEBUG - Dispensing 0.300 mL then waiting 2.5962959614140164e-07 s
2025-10-10 15:05:50,424 - DEBUG - Blowing out 0.196 mL
2025-10-10 15:05:50,424 - DEBUG - Adjusting pump 0 speed to 5
2025-10-10 15:05:56,070 - DEBUG - Selected large_tip for volume 0.300 mL
2025-10-10 15:05:56,070 - INFO - Pipetting from vial liquid_source, amount: 0.3 mL
2025-10-10 15:05:56,070 - DEBUG - Adjusting pump 0 speed to 12
2025-10-10 15:05:58,613 - DEBUG - Aspirating 0.300 mL then waiting 1.5436506447685397e-07 s
2025-10-10 15:06:00,788 - DEBUG - Aspirating 0.000 mL then waiting 0 s
2025-10-10 15:06:00,960 - INFO - Pipetting into vial measurement_vial_2, amount: 0.3 mL
2025-10-10 15:06:01,685 - DEBUG - Adjusting pump 0 speed to 11
2025-10-10 15:06:04,003 - DEBUG - Dispensing 0.300 mL then waiting 2.5962959614140164e-07 s
2025-10-10 15:06:05,460 - DEBUG - Blowing out 0.196 mL
2025-10-10 15:06:05,460 - DEBUG - Adjusting pump 0 speed to 5
2025-10-10 15:06:08,676 - DEBUG - Selected large_tip for volume 0.300 mL
2025-10-10 15:06:08,676 - INFO - Pipetting from vial liquid_source, amount: 0.3 mL
2025-10-10 15:06:08,676 - DEBUG - Adjusting pump 0 speed to 12
2025-10-10 15:06:11,186 - DEBUG - Aspirating 0.300 mL then waiting 1.5436506447685397e-07 s
2025-10-10 15:06:13,377 - DEBUG - Aspirating 0.000 mL then waiting 0 s
2025-10-10 15:06:13,537 - INFO - Pipetting into vial measurement_vial_2, amount: 0.3 mL
2025-10-10 15:06:15,681 - DEBUG - Adjusting pump 0 speed to 11
2025-10-10 15:06:17,984 - DEBUG - Dispensing 0.300 mL then waiting 2.5962959614140164e-07 s
2025-10-10 15:06:19,439 - DEBUG - Blowing out 0.196 mL
2025-10-10 15:06:19,439 - DEBUG - Adjusting pump 0 speed to 5
2025-10-10 15:06:36,072 - DEBUG - Selected large_tip for volume 0.306 mL
2025-10-10 15:06:36,072 - INFO - Pipetting from vial liquid_source, amount: 0.306 mL
2025-10-10 15:06:36,088 - DEBUG - Adjusting pump 0 speed to 10
2025-10-10 15:06:38,634 - DEBUG - Aspirating 0.306 mL then waiting 0.0 s
2025-10-10 15:06:44,638 - INFO - Pipetting into vial measurement_vial_2, amount: 0.306 mL
2025-10-10 15:06:44,871 - DEBUG - Adjusting pump 0 speed to 16
2025-10-10 15:06:47,143 - DEBUG - Dispensing 0.306 mL then waiting 0.0 s
2025-10-10 15:06:51,862 - DEBUG - Blowing out 0.200 mL
2025-10-10 15:06:51,862 - DEBUG - Adjusting pump 0 speed to 5
2025-10-10 15:06:55,302 - DEBUG - Selected large_tip for volume 0.306 mL
2025-10-10 15:06:55,303 - INFO - Pipetting from vial liquid_source, amount: 0.306 mL
2025-10-10 15:06:55,304 - DEBUG - Adjusting pump 0 speed to 10
2025-10-10 15:06:57,860 - DEBUG - Aspirating 0.306 mL then waiting 0.0 s
2025-10-10 15:07:03,896 - INFO - Pipetting into vial measurement_vial_2, amount: 0.306 mL
2025-10-10 15:07:04,067 - DEBUG - Adjusting pump 0 speed to 16
2025-10-10 15:07:06,369 - DEBUG - Dispensing 0.306 mL then waiting 0.0 s
2025-10-10 15:07:11,152 - DEBUG - Blowing out 0.200 mL
2025-10-10 15:07:11,152 - DEBUG - Adjusting pump 0 speed to 5
2025-10-10 15:07:14,079 - DEBUG - Selected large_tip for volume 0.306 mL
2025-10-10 15:07:14,079 - INFO - Pipetting from vial liquid_source, amount: 0.306 mL
2025-10-10 15:07:14,079 - DEBUG - Adjusting pump 0 speed to 10
2025-10-10 15:07:16,654 - DEBUG - Aspirating 0.306 mL then waiting 0.0 s
2025-10-10 15:07:22,732 - INFO - Pipetting into vial measurement_vial_2, amount: 0.306 mL
2025-10-10 15:07:22,875 - DEBUG - Adjusting pump 0 speed to 16
2025-10-10 15:07:25,195 - DEBUG - Dispensing 0.306 mL then waiting 0.0 s
2025-10-10 15:07:29,978 - DEBUG - Blowing out 0.200 mL
2025-10-10 15:07:29,978 - DEBUG - Adjusting pump 0 speed to 5
2025-10-10 15:07:35,085 - DEBUG - Selected large_tip for volume 0.306 mL
2025-10-10 15:07:35,085 - INFO - Pipetting from vial liquid_source, amount: 0.306 mL
2025-10-10 15:07:35,085 - DEBUG - Adjusting pump 0 speed to 10
2025-10-10 15:07:37,624 - DEBUG - Aspirating 0.306 mL then waiting 0.0 s
2025-10-10 15:07:43,734 - INFO - Pipetting into vial measurement_vial_2, amount: 0.306 mL
2025-10-10 15:07:43,877 - DEBUG - Adjusting pump 0 speed to 16
2025-10-10 15:07:46,165 - DEBUG - Dispensing 0.306 mL then waiting 0.0 s
2025-10-10 15:07:50,948 - DEBUG - Blowing out 0.200 mL
2025-10-10 15:07:50,948 - DEBUG - Adjusting pump 0 speed to 5
2025-10-10 15:07:54,890 - DEBUG - Selected large_tip for volume 0.306 mL
2025-10-10 15:07:54,890 - INFO - Pipetting from vial liquid_source, amount: 0.306 mL
2025-10-10 15:07:54,890 - DEBUG - Adjusting pump 0 speed to 10
2025-10-10 15:07:57,442 - DEBUG - Aspirating 0.306 mL then waiting 0.0 s
2025-10-10 15:08:03,590 - INFO - Pipetting into vial measurement_vial_2, amount: 0.306 mL
2025-10-10 15:08:04,260 - DEBUG - Adjusting pump 0 speed to 16
2025-10-10 15:08:06,575 - DEBUG - Dispensing 0.306 mL then waiting 0.0 s
2025-10-10 15:08:11,358 - DEBUG - Blowing out 0.200 mL
2025-10-10 15:08:11,358 - DEBUG - Adjusting pump 0 speed to 5
2025-10-10 15:08:17,484 - DEBUG - Selected large_tip for volume 0.306 mL
2025-10-10 15:08:17,484 - INFO - Pipetting from vial liquid_source, amount: 0.306 mL
2025-10-10 15:08:17,484 - DEBUG - Adjusting pump 0 speed to 10
2025-10-10 15:08:20,011 - DEBUG - Aspirating 0.306 mL then waiting 0.0 s
2025-10-10 15:08:26,138 - INFO - Pipetting into vial measurement_vial_2, amount: 0.306 mL
2025-10-10 15:08:27,273 - DEBUG - Adjusting pump 0 speed to 16
2025-10-10 15:08:29,593 - DEBUG - Dispensing 0.306 mL then waiting 0.0 s
2025-10-10 15:08:34,311 - DEBUG - Blowing out 0.200 mL
2025-10-10 15:08:34,311 - DEBUG - Adjusting pump 0 speed to 5
2025-10-10 15:08:38,693 - DEBUG - Selected large_tip for volume 0.500 mL
2025-10-10 15:08:38,699 - DEBUG - Selected large_tip for volume 0.506 mL
2025-10-10 15:08:38,700 - INFO - Pipetting from vial liquid_source, amount: 0.506 mL
2025-10-10 15:08:38,702 - DEBUG - Adjusting pump 0 speed to 10
2025-10-10 15:08:41,253 - DEBUG - Aspirating 0.506 mL then waiting 0.0 s
2025-10-10 15:08:48,259 - INFO - Pipetting into vial measurement_vial_2, amount: 0.506 mL
2025-10-10 15:08:51,682 - DEBUG - Adjusting pump 0 speed to 16
2025-10-10 15:08:54,002 - DEBUG - Dispensing 0.506 mL then waiting 0.0 s
2025-10-10 15:09:01,758 - DEBUG - Blowing out 0.200 mL
2025-10-10 15:09:01,758 - DEBUG - Adjusting pump 0 speed to 5
2025-10-10 15:09:05,899 - DEBUG - Selected large_tip for volume 0.502 mL
2025-10-10 15:09:05,901 - INFO - Pipetting from vial liquid_source, amount: 0.502 mL
2025-10-10 15:09:05,903 - DEBUG - Adjusting pump 0 speed to 10
2025-10-10 15:09:08,445 - DEBUG - Aspirating 0.502 mL then waiting 0.0 s
2025-10-10 15:09:15,467 - INFO - Pipetting into vial measurement_vial_2, amount: 0.502 mL
2025-10-10 15:09:16,475 - DEBUG - Adjusting pump 0 speed to 16
2025-10-10 15:09:18,746 - DEBUG - Dispensing 0.502 mL then waiting 0.0 s
2025-10-10 15:09:26,424 - DEBUG - Blowing out 0.040 mL
2025-10-10 15:09:26,424 - DEBUG - Adjusting pump 0 speed to 5
2025-10-10 15:09:29,690 - DEBUG - Selected large_tip for volume 0.502 mL
2025-10-10 15:09:29,691 - INFO - Pipetting from vial liquid_source, amount: 0.502 mL
2025-10-10 15:09:29,692 - DEBUG - Adjusting pump 0 speed to 10
2025-10-10 15:09:32,230 - DEBUG - Aspirating 0.502 mL then waiting 0.0 s
2025-10-10 15:09:39,303 - INFO - Pipetting into vial measurement_vial_2, amount: 0.502 mL
2025-10-10 15:09:39,474 - DEBUG - Adjusting pump 0 speed to 16
2025-10-10 15:09:41,715 - DEBUG - Dispensing 0.502 mL then waiting 0.0 s
2025-10-10 15:09:49,425 - DEBUG - Blowing out 0.040 mL
2025-10-10 15:09:49,425 - DEBUG - Adjusting pump 0 speed to 5
2025-10-10 15:09:52,506 - DEBUG - Selected large_tip for volume 0.509 mL
2025-10-10 15:09:52,507 - INFO - Pipetting from vial liquid_source, amount: 0.509 mL
2025-10-10 15:09:52,510 - DEBUG - Adjusting pump 0 speed to 10
2025-10-10 15:09:55,072 - DEBUG - Aspirating 0.509 mL then waiting 0.0 s
2025-10-10 15:10:02,253 - INFO - Pipetting into vial measurement_vial_2, amount: 0.509 mL
2025-10-10 15:10:03,269 - DEBUG - Adjusting pump 0 speed to 16
2025-10-10 15:10:05,532 - DEBUG - Dispensing 0.509 mL then waiting 0.0 s
2025-10-10 15:10:13,354 - DEBUG - Blowing out 0.189 mL
2025-10-10 15:10:13,354 - DEBUG - Adjusting pump 0 speed to 5
2025-10-10 15:10:17,297 - INFO - Removing pipet
2025-10-10 15:10:20,618 - INFO - Returning vial measurement_vial_2 to home location: main_8mL_rack index 2
2025-10-10 15:10:20,620 - INFO - Moving vial measurement_vial_2 to main_8mL_rack: 2
2025-10-10 15:10:20,620 - DEBUG - Grabbing vial 2 with index 2
2025-10-10 15:10:23,109 - DEBUG - Dropping off vial 2 at location main_8mL_rack with index 2
2025-10-10 15:10:25,910 - INFO - [info] Switching to new measurement vial: measurement_vial_3
2025-10-10 15:10:25,910 - INFO - Moving vial measurement_vial_3 to clamp: 0
2025-10-10 15:10:25,910 - DEBUG - Grabbing vial 3 with index 3
2025-10-10 15:10:28,167 - DEBUG - Dropping off vial 3 at location clamp with index 0
2025-10-10 15:10:31,001 - DEBUG - Selected large_tip for volume 0.505 mL
2025-10-10 15:10:31,001 - INFO - Getting large_tip (pipet number 3) from rack: large_tip_rack_1
2025-10-10 15:10:36,490 - INFO - Pipetting from vial liquid_source, amount: 0.505 mL
2025-10-10 15:10:36,492 - DEBUG - Adjusting pump 0 speed to 10
2025-10-10 15:10:39,554 - DEBUG - Aspirating 0.505 mL then waiting 0.0 s
2025-10-10 15:10:46,784 - INFO - Pipetting into vial measurement_vial_3, amount: 0.505 mL
2025-10-10 15:10:47,072 - DEBUG - Adjusting pump 0 speed to 16
2025-10-10 15:10:49,375 - DEBUG - Dispensing 0.505 mL then waiting 0.0 s
2025-10-10 15:10:57,133 - DEBUG - Blowing out 0.130 mL
2025-10-10 15:10:57,133 - DEBUG - Adjusting pump 0 speed to 5
2025-10-10 15:11:01,700 - DEBUG - Selected large_tip for volume 0.507 mL
2025-10-10 15:11:01,701 - INFO - Pipetting from vial liquid_source, amount: 0.507 mL
2025-10-10 15:11:01,703 - DEBUG - Adjusting pump 0 speed to 10
2025-10-10 15:11:04,283 - DEBUG - Aspirating 0.507 mL then waiting 0.0 s
2025-10-10 15:11:11,532 - INFO - Pipetting into vial measurement_vial_3, amount: 0.507 mL
2025-10-10 15:11:11,685 - DEBUG - Adjusting pump 0 speed to 16
2025-10-10 15:11:14,008 - DEBUG - Dispensing 0.507 mL then waiting 0.0 s
2025-10-10 15:11:21,782 - DEBUG - Blowing out 0.081 mL
2025-10-10 15:11:21,782 - DEBUG - Adjusting pump 0 speed to 5
2025-10-10 15:11:25,712 - DEBUG - Selected large_tip for volume 0.504 mL
2025-10-10 15:11:25,714 - INFO - Pipetting from vial liquid_source, amount: 0.504 mL
2025-10-10 15:11:25,716 - DEBUG - Adjusting pump 0 speed to 10
2025-10-10 15:11:28,292 - DEBUG - Aspirating 0.504 mL then waiting 0.0 s
2025-10-10 15:11:35,573 - INFO - Pipetting into vial measurement_vial_3, amount: 0.504 mL
2025-10-10 15:11:36,273 - DEBUG - Adjusting pump 0 speed to 16
2025-10-10 15:11:38,529 - DEBUG - Dispensing 0.504 mL then waiting 0.0 s
2025-10-10 15:11:46,286 - DEBUG - Blowing out 0.058 mL
2025-10-10 15:11:46,286 - DEBUG - Adjusting pump 0 speed to 5
2025-10-10 15:11:59,314 - DEBUG - Selected large_tip for volume 0.501 mL
2025-10-10 15:11:59,314 - INFO - Pipetting from vial liquid_source, amount: 0.501 mL
2025-10-10 15:11:59,314 - DEBUG - Adjusting pump 0 speed to 10
2025-10-10 15:12:01,834 - DEBUG - Aspirating 0.501 mL then waiting 0.0 s
2025-10-10 15:12:09,192 - INFO - Pipetting into vial measurement_vial_3, amount: 0.501 mL
2025-10-10 15:12:09,479 - DEBUG - Adjusting pump 0 speed to 16
2025-10-10 15:12:11,749 - DEBUG - Dispensing 0.501 mL then waiting 0.0 s
2025-10-10 15:12:19,461 - DEBUG - Blowing out 0.001 mL
2025-10-10 15:12:19,461 - DEBUG - Adjusting pump 0 speed to 5
2025-10-10 15:12:31,842 - DEBUG - Selected large_tip for volume 0.510 mL
2025-10-10 15:12:31,844 - INFO - Pipetting from vial liquid_source, amount: 0.51 mL
2025-10-10 15:12:31,845 - DEBUG - Adjusting pump 0 speed to 10
2025-10-10 15:12:34,384 - DEBUG - Aspirating 0.510 mL then waiting 0.0 s
2025-10-10 15:12:41,777 - INFO - Pipetting into vial measurement_vial_3, amount: 0.51 mL
2025-10-10 15:12:43,677 - DEBUG - Adjusting pump 0 speed to 16
2025-10-10 15:12:45,980 - DEBUG - Dispensing 0.510 mL then waiting 0.0 s
2025-10-10 15:12:53,818 - DEBUG - Blowing out 0.200 mL
2025-10-10 15:12:53,818 - DEBUG - Adjusting pump 0 speed to 5
2025-10-10 15:12:57,289 - DEBUG - Selected large_tip for volume 0.510 mL
2025-10-10 15:12:57,291 - INFO - Pipetting from vial liquid_source, amount: 0.51 mL
2025-10-10 15:12:57,293 - DEBUG - Adjusting pump 0 speed to 10
2025-10-10 15:12:59,879 - DEBUG - Aspirating 0.510 mL then waiting 0.0 s
2025-10-10 15:13:07,366 - INFO - Pipetting into vial measurement_vial_3, amount: 0.51 mL
2025-10-10 15:13:08,870 - DEBUG - Adjusting pump 0 speed to 16
2025-10-10 15:13:11,173 - DEBUG - Dispensing 0.510 mL then waiting 0.0 s
2025-10-10 15:13:19,010 - DEBUG - Blowing out 0.200 mL
2025-10-10 15:13:19,010 - DEBUG - Adjusting pump 0 speed to 5
2025-10-10 15:13:23,073 - DEBUG - Selected large_tip for volume 0.510 mL
2025-10-10 15:13:23,073 - INFO - Pipetting from vial liquid_source, amount: 0.51 mL
2025-10-10 15:13:23,073 - DEBUG - Adjusting pump 0 speed to 10
2025-10-10 15:13:25,632 - DEBUG - Aspirating 0.510 mL then waiting 0.0 s
2025-10-10 15:13:33,150 - INFO - Pipetting into vial measurement_vial_3, amount: 0.51 mL
2025-10-10 15:13:34,078 - DEBUG - Adjusting pump 0 speed to 16
2025-10-10 15:13:36,381 - DEBUG - Dispensing 0.510 mL then waiting 0.0 s
2025-10-10 15:13:44,179 - DEBUG - Blowing out 0.200 mL
2025-10-10 15:13:44,179 - DEBUG - Adjusting pump 0 speed to 5
2025-10-10 15:14:00,073 - DEBUG - Selected large_tip for volume 0.506 mL
2025-10-10 15:14:00,075 - INFO - Pipetting from vial liquid_source, amount: 0.506 mL
2025-10-10 15:14:00,077 - DEBUG - Adjusting pump 0 speed to 10
2025-10-10 15:14:02,630 - DEBUG - Aspirating 0.506 mL then waiting 0.0 s
2025-10-10 15:14:10,203 - INFO - Pipetting into vial measurement_vial_3, amount: 0.506 mL
2025-10-10 15:14:10,664 - DEBUG - Adjusting pump 0 speed to 16
2025-10-10 15:14:12,915 - DEBUG - Dispensing 0.506 mL then waiting 0.0 s
2025-10-10 15:14:20,673 - DEBUG - Blowing out 0.200 mL
2025-10-10 15:14:20,673 - DEBUG - Adjusting pump 0 speed to 5
2025-10-10 15:14:32,915 - DEBUG - Selected large_tip for volume 0.510 mL
2025-10-10 15:14:32,915 - INFO - Pipetting from vial liquid_source, amount: 0.51 mL
2025-10-10 15:14:32,915 - DEBUG - Adjusting pump 0 speed to 10
2025-10-10 15:14:35,484 - DEBUG - Aspirating 0.510 mL then waiting 0.0 s
2025-10-10 15:14:43,120 - INFO - Pipetting into vial measurement_vial_3, amount: 0.51 mL
2025-10-10 15:14:43,868 - DEBUG - Adjusting pump 0 speed to 16
2025-10-10 15:14:46,121 - DEBUG - Dispensing 0.510 mL then waiting 0.0 s
2025-10-10 15:14:53,959 - DEBUG - Blowing out 0.033 mL
2025-10-10 15:14:53,959 - DEBUG - Adjusting pump 0 speed to 5
2025-10-10 15:15:05,681 - DEBUG - Selected large_tip for volume 0.500 mL
2025-10-10 15:15:05,681 - INFO - Pipetting from vial liquid_source, amount: 0.5 mL
2025-10-10 15:15:05,687 - DEBUG - Adjusting pump 0 speed to 10
2025-10-10 15:15:08,258 - DEBUG - Aspirating 0.500 mL then waiting 0.0 s
2025-10-10 15:15:15,936 - INFO - Pipetting into vial measurement_vial_3, amount: 0.5 mL
2025-10-10 15:15:16,080 - DEBUG - Adjusting pump 0 speed to 16
2025-10-10 15:15:18,383 - DEBUG - Dispensing 0.500 mL then waiting 0.0 s
2025-10-10 15:15:26,061 - DEBUG - Blowing out 0.033 mL
2025-10-10 15:15:26,061 - DEBUG - Adjusting pump 0 speed to 5
2025-10-10 15:15:40,155 - DEBUG - Selected large_tip for volume 0.509 mL
2025-10-10 15:15:40,157 - INFO - Pipetting from vial liquid_source, amount: 0.509 mL
2025-10-10 15:15:40,159 - DEBUG - Adjusting pump 0 speed to 10
2025-10-10 15:15:42,728 - DEBUG - Aspirating 0.509 mL then waiting 0.0 s
2025-10-10 15:15:50,438 - INFO - Pipetting into vial measurement_vial_3, amount: 0.509 mL
2025-10-10 15:15:50,678 - DEBUG - Adjusting pump 0 speed to 16
2025-10-10 15:15:53,013 - DEBUG - Dispensing 0.509 mL then waiting 0.0 s
2025-10-10 15:16:00,835 - DEBUG - Blowing out 0.042 mL
2025-10-10 15:16:00,835 - DEBUG - Adjusting pump 0 speed to 5
2025-10-10 15:16:13,711 - DEBUG - Selected large_tip for volume 0.510 mL
2025-10-10 15:16:13,711 - INFO - Pipetting from vial liquid_source, amount: 0.51 mL
2025-10-10 15:16:13,713 - DEBUG - Adjusting pump 0 speed to 10
2025-10-10 15:16:16,270 - DEBUG - Aspirating 0.510 mL then waiting 0.0 s
2025-10-10 15:16:24,050 - INFO - Pipetting into vial measurement_vial_3, amount: 0.51 mL
2025-10-10 15:16:25,275 - DEBUG - Adjusting pump 0 speed to 16
2025-10-10 15:16:27,563 - DEBUG - Dispensing 0.510 mL then waiting 0.0 s
2025-10-10 15:16:35,401 - DEBUG - Blowing out 0.195 mL
2025-10-10 15:16:35,401 - DEBUG - Adjusting pump 0 speed to 5
2025-10-10 15:16:51,935 - DEBUG - Selected large_tip for volume 0.509 mL
2025-10-10 15:16:51,935 - INFO - Pipetting from vial liquid_source, amount: 0.509 mL
2025-10-10 15:16:51,935 - DEBUG - Adjusting pump 0 speed to 10
2025-10-10 15:16:54,516 - DEBUG - Aspirating 0.509 mL then waiting 0.0 s
2025-10-10 15:17:02,318 - INFO - Pipetting into vial measurement_vial_3, amount: 0.509 mL
2025-10-10 15:17:04,079 - DEBUG - Adjusting pump 0 speed to 16
2025-10-10 15:17:06,368 - DEBUG - Dispensing 0.509 mL then waiting 0.0 s
2025-10-10 15:17:14,158 - DEBUG - Blowing out 0.184 mL
2025-10-10 15:17:14,158 - DEBUG - Adjusting pump 0 speed to 5
2025-10-10 15:17:27,199 - DEBUG - Selected large_tip for volume 0.500 mL
2025-10-10 15:17:27,199 - INFO - Pipetting from vial liquid_source, amount: 0.5 mL
2025-10-10 15:17:27,200 - DEBUG - Adjusting pump 0 speed to 10
2025-10-10 15:17:29,785 - DEBUG - Aspirating 0.500 mL then waiting 0.0 s
2025-10-10 15:17:37,671 - INFO - Pipetting into vial measurement_vial_3, amount: 0.5 mL
2025-10-10 15:17:37,878 - DEBUG - Adjusting pump 0 speed to 16
2025-10-10 15:17:40,150 - DEBUG - Dispensing 0.500 mL then waiting 0.0 s
2025-10-10 15:17:47,811 - DEBUG - Blowing out 0.186 mL
2025-10-10 15:17:47,811 - DEBUG - Adjusting pump 0 speed to 5
2025-10-10 15:18:01,867 - INFO - Removing pipet
2025-10-10 15:18:05,252 - INFO - Returning vial measurement_vial_3 to home location: main_8mL_rack index 3
2025-10-10 15:18:05,252 - INFO - Moving vial measurement_vial_3 to main_8mL_rack: 3
2025-10-10 15:18:05,252 - DEBUG - Grabbing vial 3 with index 3
2025-10-10 15:18:07,726 - DEBUG - Dropping off vial 3 at location main_8mL_rack with index 3
2025-10-10 15:18:10,541 - INFO - [info] Switching to new measurement vial: measurement_vial_4
2025-10-10 15:18:10,541 - INFO - Moving vial measurement_vial_4 to clamp: 0
2025-10-10 15:18:10,541 - DEBUG - Grabbing vial 4 with index 4
2025-10-10 15:18:12,780 - DEBUG - Dropping off vial 4 at location clamp with index 0
2025-10-10 15:18:15,633 - DEBUG - Selected large_tip for volume 0.509 mL
2025-10-10 15:18:15,633 - INFO - Getting large_tip (pipet number 4) from rack: large_tip_rack_1
2025-10-10 15:18:21,119 - INFO - Pipetting from vial liquid_source, amount: 0.509 mL
2025-10-10 15:18:21,119 - DEBUG - Adjusting pump 0 speed to 10
2025-10-10 15:18:24,168 - DEBUG - Aspirating 0.509 mL then waiting 0.0 s
2025-10-10 15:18:32,108 - INFO - Pipetting into vial measurement_vial_4, amount: 0.509 mL
2025-10-10 15:18:32,278 - DEBUG - Adjusting pump 0 speed to 16
2025-10-10 15:18:34,598 - DEBUG - Dispensing 0.509 mL then waiting 0.0 s
2025-10-10 15:18:42,451 - DEBUG - Blowing out 0.038 mL
2025-10-10 15:18:42,451 - DEBUG - Adjusting pump 0 speed to 5
2025-10-10 15:18:56,516 - DEBUG - Selected large_tip for volume 0.509 mL
2025-10-10 15:18:56,516 - INFO - Pipetting from vial liquid_source, amount: 0.509 mL
2025-10-10 15:18:56,516 - DEBUG - Adjusting pump 0 speed to 10
2025-10-10 15:18:59,055 - DEBUG - Aspirating 0.509 mL then waiting 0.0 s
2025-10-10 15:19:07,004 - INFO - Pipetting into vial measurement_vial_4, amount: 0.509 mL
2025-10-10 15:19:07,276 - DEBUG - Adjusting pump 0 speed to 16
2025-10-10 15:19:09,579 - DEBUG - Dispensing 0.509 mL then waiting 0.0 s
2025-10-10 15:19:17,401 - DEBUG - Blowing out 0.192 mL
2025-10-10 15:19:17,401 - DEBUG - Adjusting pump 0 speed to 5
2025-10-10 15:19:30,230 - DEBUG - Selected large_tip for volume 0.509 mL
2025-10-10 15:19:30,230 - INFO - Pipetting from vial liquid_source, amount: 0.509 mL
2025-10-10 15:19:30,230 - DEBUG - Adjusting pump 0 speed to 10
2025-10-10 15:19:32,820 - DEBUG - Aspirating 0.509 mL then waiting 0.0 s
2025-10-10 15:19:40,866 - INFO - Pipetting into vial measurement_vial_4, amount: 0.509 mL
2025-10-10 15:19:41,073 - DEBUG - Adjusting pump 0 speed to 16
2025-10-10 15:19:43,345 - DEBUG - Dispensing 0.509 mL then waiting 0.0 s
2025-10-10 15:19:51,183 - DEBUG - Blowing out 0.181 mL
2025-10-10 15:19:51,183 - DEBUG - Adjusting pump 0 speed to 5
2025-10-10 15:20:04,233 - DEBUG - Selected large_tip for volume 0.508 mL
2025-10-10 15:20:04,233 - INFO - Pipetting from vial liquid_source, amount: 0.508 mL
2025-10-10 15:20:04,236 - DEBUG - Adjusting pump 0 speed to 10
2025-10-10 15:20:06,842 - DEBUG - Aspirating 0.508 mL then waiting 0.0 s
2025-10-10 15:20:14,926 - INFO - Pipetting into vial measurement_vial_4, amount: 0.508 mL
2025-10-10 15:20:15,079 - DEBUG - Adjusting pump 0 speed to 16
2025-10-10 15:20:17,351 - DEBUG - Dispensing 0.508 mL then waiting 0.0 s
2025-10-10 15:20:25,173 - DEBUG - Blowing out 0.046 mL
2025-10-10 15:20:25,173 - DEBUG - Adjusting pump 0 speed to 5
2025-10-10 15:20:36,157 - DEBUG - Selected large_tip for volume 0.510 mL
2025-10-10 15:20:36,159 - INFO - Pipetting from vial liquid_source, amount: 0.51 mL
2025-10-10 15:20:36,159 - DEBUG - Adjusting pump 0 speed to 10
2025-10-10 15:20:38,769 - DEBUG - Aspirating 0.510 mL then waiting 0.0 s
2025-10-10 15:20:46,910 - INFO - Pipetting into vial measurement_vial_4, amount: 0.51 mL
2025-10-10 15:20:47,086 - DEBUG - Adjusting pump 0 speed to 16
2025-10-10 15:20:49,405 - DEBUG - Dispensing 0.510 mL then waiting 0.0 s
2025-10-10 15:20:57,259 - DEBUG - Blowing out 0.028 mL
2025-10-10 15:20:57,259 - DEBUG - Adjusting pump 0 speed to 5
2025-10-10 15:21:09,823 - DEBUG - Selected large_tip for volume 0.508 mL
2025-10-10 15:21:09,823 - INFO - Pipetting from vial liquid_source, amount: 0.508 mL
2025-10-10 15:21:09,827 - DEBUG - Adjusting pump 0 speed to 10
2025-10-10 15:21:12,382 - DEBUG - Aspirating 0.508 mL then waiting 0.0 s
2025-10-10 15:21:20,532 - INFO - Pipetting into vial measurement_vial_4, amount: 0.508 mL
2025-10-10 15:21:21,284 - DEBUG - Adjusting pump 0 speed to 16
2025-10-10 15:21:23,603 - DEBUG - Dispensing 0.508 mL then waiting 0.0 s
2025-10-10 15:21:31,361 - DEBUG - Blowing out 0.039 mL
2025-10-10 15:21:31,361 - DEBUG - Adjusting pump 0 speed to 5
2025-10-10 15:21:42,668 - DEBUG - Selected large_tip for volume 0.502 mL
2025-10-10 15:21:42,668 - INFO - Pipetting from vial liquid_source, amount: 0.502 mL
2025-10-10 15:21:42,673 - DEBUG - Adjusting pump 0 speed to 10
2025-10-10 15:21:45,260 - DEBUG - Aspirating 0.502 mL then waiting 0.0 s
2025-10-10 15:21:53,482 - INFO - Pipetting into vial measurement_vial_4, amount: 0.502 mL
2025-10-10 15:21:53,674 - DEBUG - Adjusting pump 0 speed to 16
2025-10-10 15:21:55,945 - DEBUG - Dispensing 0.502 mL then waiting 0.0 s
2025-10-10 15:22:03,687 - DEBUG - Blowing out 0.043 mL
2025-10-10 15:22:03,687 - DEBUG - Adjusting pump 0 speed to 5
2025-10-10 15:22:18,836 - DEBUG - Selected large_tip for volume 0.501 mL
2025-10-10 15:22:18,839 - INFO - Pipetting from vial liquid_source, amount: 0.501 mL
2025-10-10 15:22:18,841 - DEBUG - Adjusting pump 0 speed to 10
2025-10-10 15:22:21,442 - DEBUG - Aspirating 0.501 mL then waiting 0.0 s
2025-10-10 15:22:29,711 - INFO - Pipetting into vial measurement_vial_4, amount: 0.501 mL
2025-10-10 15:22:31,275 - DEBUG - Adjusting pump 0 speed to 16
2025-10-10 15:22:33,550 - DEBUG - Dispensing 0.501 mL then waiting 0.0 s
2025-10-10 15:22:41,228 - DEBUG - Blowing out 0.036 mL
2025-10-10 15:22:41,228 - DEBUG - Adjusting pump 0 speed to 5
2025-10-10 15:22:53,872 - DEBUG - Selected large_tip for volume 0.508 mL
2025-10-10 15:22:53,872 - INFO - Pipetting from vial liquid_source, amount: 0.508 mL
2025-10-10 15:22:53,876 - DEBUG - Adjusting pump 0 speed to 10
2025-10-10 15:22:56,504 - DEBUG - Aspirating 0.508 mL then waiting 0.0 s
2025-10-10 15:23:04,841 - INFO - Pipetting into vial measurement_vial_4, amount: 0.508 mL
2025-10-10 15:23:05,076 - DEBUG - Adjusting pump 0 speed to 16
2025-10-10 15:23:07,348 - DEBUG - Dispensing 0.508 mL then waiting 0.0 s
2025-10-10 15:23:15,127 - DEBUG - Blowing out 0.177 mL
2025-10-10 15:23:15,127 - DEBUG - Adjusting pump 0 speed to 5
2025-10-10 15:23:19,904 - DEBUG - Selected large_tip for volume 1.000 mL
2025-10-10 15:23:19,906 - INFO - Removing pipet
2025-10-10 15:23:23,286 - INFO - Returning vial measurement_vial_4 to home location: main_8mL_rack index 4
2025-10-10 15:23:23,287 - INFO - Moving vial measurement_vial_4 to main_8mL_rack: 4
2025-10-10 15:23:23,288 - DEBUG - Grabbing vial 4 with index 4
2025-10-10 15:23:25,759 - DEBUG - Dropping off vial 4 at location main_8mL_rack with index 4
2025-10-10 15:23:28,628 - INFO - Moving robot to home position
2025-10-10 15:23:32,241 - INFO - Experiment completed with 71 total trials across 1 volumes
2025-10-10 15:23:32,241 - INFO - Results summary: 1/3 volumes completed successfully
