2025-10-30 15:37:06,182 - INFO - Initializing North Robot...
2025-10-30 15:37:06,182 - DEBUG - Loading robot configuration files...
2025-10-30 15:37:06,194 - DEBUG - Loaded vial positions configuration from robot_state/vial_positions.yaml
2025-10-30 15:37:06,198 - DEBUG - Loaded pipet tips configuration from robot_state/pipet_tips.yaml
2025-10-30 15:37:06,199 - DEBUG - Loaded pipet racks configuration from robot_state/pipet_racks.yaml
2025-10-30 15:37:06,199 - DEBUG - Loaded pump configuration from robot_state/syringe_pumps.yaml
2025-10-30 15:37:06,199 - DEBUG - Loaded robot hardware configuration from robot_state/robot_hardware.yaml
2025-10-30 15:37:06,199 - DEBUG - Loaded wellplate properties configuration from robot_state/wellplates.yaml
2025-10-30 15:37:06,199 - DEBUG - Loading robot state files...
2025-10-30 15:37:06,214 - DEBUG - Loaded vial data from status/calibration_vials_short.csv
2025-10-30 15:37:06,215 - DEBUG - Loaded robot status from robot_state/robot_status.yaml
2025-10-30 15:37:06,218 - DEBUG - Loaded wellplate positions from robot_state/wellplates.yaml
2025-10-30 15:37:06,218 - DEBUG - Robot status loaded successfully
2025-10-30 15:37:06,219 - DEBUG - Loading pumps from YAML configuration...
2025-10-30 15:37:07,180 - DEBUG - Loaded pump 0: volume=1.0mL, speed=11, liquid=None
2025-10-30 15:37:08,129 - DEBUG - Loaded pump 1: volume=2.5mL, speed=15, liquid=water
2025-10-30 15:37:08,129 - DEBUG - Physical initialization of North Robot...
2025-10-30 15:37:08,451 - INFO - Moving robot to home position
2025-10-30 15:37:08,641 - WARNING - Physical cleanup failed (attempt 1/2): Main: HOME REQUIRED: Home the robot or aux axis before moving
2025-10-30 15:37:08,641 - INFO - Homing robot components before pump initialization...
2025-10-30 15:37:08,641 - INFO - Homing all robot components...
2025-10-30 15:37:08,641 - DEBUG - Homing carousel...
2025-10-30 15:37:16,326 - DEBUG - Homing robot axes...
2025-10-30 15:37:36,470 - DEBUG - Homing pump 0...
2025-10-30 15:37:38,157 - DEBUG - Homing pump 1...
2025-10-30 15:37:39,802 - DEBUG - Homing track axes...
2025-10-30 15:37:39,802 - DEBUG - Homing track axis z_axis (axis 6)...
2025-10-30 15:37:43,385 - DEBUG - Homing track axis x_axis (axis 7)...
2025-10-30 15:37:47,432 - INFO - All robot components homed successfully
2025-10-30 15:37:47,432 - INFO - Moving robot to home position
2025-10-30 15:37:48,050 - INFO - Initializing North Track...
2025-10-30 15:37:48,050 - DEBUG - Loading track status from file: robot_state/track_status.yaml
2025-10-30 15:37:48,050 - DEBUG - Getting track status from file: robot_state/track_status.yaml
2025-10-30 15:37:48,087 - DEBUG - Loaded track status from robot_state/track_status.yaml
2025-10-30 15:37:48,087 - DEBUG - Loading track positions from: robot_state/track_positions.yaml
2025-10-30 15:37:48,107 - DEBUG - Loaded track positions configuration from robot_state/track_positions.yaml
2025-10-30 15:37:48,107 - DEBUG - Loading robot hardware configuration from: robot_state/robot_hardware.yaml
2025-10-30 15:37:48,115 - DEBUG - Loaded robot hardware configuration from robot_state/robot_hardware.yaml
2025-10-30 15:37:48,122 - DEBUG - Loaded wellplate properties configuration from robot_state/wellplates.yaml
2025-10-30 15:37:48,231 - DEBUG - Moving North Track to home position
2025-10-30 15:37:48,239 - INFO -     vial_index           vial_name         location  location_index  vial_volume  capped cap_type vial_type    home_location  home_location_index
0            0  measurement_vial_0    main_8mL_rack               0          0.5    True     open      8_mL    main_8mL_rack                    0
1            1  measurement_vial_1    main_8mL_rack               1          0.0    True     open      8_mL    main_8mL_rack                    1
2            2  measurement_vial_2    main_8mL_rack               2          0.0    True     open      8_mL    main_8mL_rack                    2
3            3  measurement_vial_3    main_8mL_rack               3          0.0    True     open      8_mL    main_8mL_rack                    3
4            4  measurement_vial_4    main_8mL_rack               4          0.0    True     open      8_mL    main_8mL_rack                    4
5            5  measurement_vial_5    main_8mL_rack               5          0.0    True     open      8_mL    main_8mL_rack                    5
6            6  measurement_vial_6    main_8mL_rack               6          0.0    True     open      8_mL    main_8mL_rack                    6
7            7  measurement_vial_7    main_8mL_rack               7          0.0    True     open      8_mL    main_8mL_rack                    7
8            8  measurement_vial_8    main_8mL_rack               8          0.0    True     open      8_mL    main_8mL_rack                    8
9            9  measurement_vial_9    main_8mL_rack               9          0.0    True     open      8_mL    main_8mL_rack                    9
10          10       liquid_source   50mL_vial_rack               0          0.0    True     open     50_mL   50mL_vial_rack                    0
11          11     liquid_source_0  large_vial_rack               2         18.0    True     open     20_mL  large_vial_rack                    2
2025-10-30 15:37:48,265 - INFO - Visualizing vial racks...
2025-10-30 15:37:48,456 - DEBUG - Visualizing rack: Main Rack with filter: main_8mL_rack
2025-10-30 15:37:48,598 - DEBUG - Visualizing rack: Second Rack with filter: large_vial_rack
2025-10-30 15:39:43,517 - INFO - Moving vial measurement_vial_0 to clamp: 0
2025-10-30 15:39:43,517 - DEBUG - Grabbing vial 0 with index 0
2025-10-30 15:39:46,278 - DEBUG - Dropping off vial 0 at location clamp with index 0
2025-10-30 15:39:49,015 - DEBUG - Selected small_tip for volume 0.050 mL
2025-10-30 15:39:49,064 - DEBUG - Selected small_tip for volume 0.057 mL
2025-10-30 15:39:49,064 - INFO - Getting small_tip (pipet number 0) from rack: small_tip_rack_1
2025-10-30 15:39:54,244 - INFO - Pipetting from vial liquid_source_0, amount: 0.057 mL
2025-10-30 15:39:54,244 - DEBUG - Adjusting pump 0 speed to 15
2025-10-30 15:39:57,491 - DEBUG - Aspirating 0.057 mL then waiting 22.48070776462555 s
