2025-10-21 14:11:30,485 - INFO - Initializing North Robot...
2025-10-21 14:11:30,485 - DEBUG - Loading robot configuration files...
2025-10-21 14:11:30,495 - DEBUG - Loaded vial positions configuration from robot_state/vial_positions.yaml
2025-10-21 14:11:30,496 - DEBUG - Loaded pipet tips configuration from robot_state/pipet_tips.yaml
2025-10-21 14:11:30,501 - DEBUG - Loaded pipet racks configuration from robot_state/pipet_racks.yaml
2025-10-21 14:11:30,502 - DEBUG - Loaded pump configuration from robot_state/syringe_pumps.yaml
2025-10-21 14:11:30,506 - DEBUG - Loaded robot hardware configuration from robot_state/robot_hardware.yaml
2025-10-21 14:11:30,509 - DEBUG - Loaded wellplate properties configuration from robot_state/wellplates.yaml
2025-10-21 14:11:30,509 - DEBUG - Loading robot state files...
2025-10-21 14:11:30,512 - DEBUG - Loaded vial data from ../utoronto_demo/status/sample_capped_vials.csv
2025-10-21 14:11:30,513 - DEBUG - Loaded robot status from robot_state/robot_status.yaml
2025-10-21 14:11:30,513 - DEBUG - Loaded wellplate positions from robot_state/wellplates.yaml
2025-10-21 14:11:30,513 - DEBUG - Robot status loaded successfully
2025-10-21 14:11:30,513 - DEBUG - Loading pumps from YAML configuration...
2025-10-21 14:11:30,640 - DEBUG - Loaded pump 0: volume=1.0mL, speed=11, liquid=None
2025-10-21 14:11:30,767 - DEBUG - Loaded pump 1: volume=2.5mL, speed=15, liquid=water
2025-10-21 14:11:30,767 - DEBUG - Physical initialization of North Robot...
2025-10-21 14:11:31,088 - INFO - Moving robot to home position
2025-10-21 14:11:36,996 - DEBUG - Current reader status: 0
2025-10-21 14:11:36,996 - INFO - Cytation5 is connected and ready
2025-10-21 14:11:36,996 - INFO - Initializing North Track...
2025-10-21 14:11:36,997 - DEBUG - Loading track status from file: robot_state/track_status.yaml
2025-10-21 14:11:36,997 - DEBUG - Getting track status from file: robot_state/track_status.yaml
2025-10-21 14:11:36,999 - DEBUG - Loaded track status from robot_state/track_status.yaml
2025-10-21 14:11:36,999 - DEBUG - Loading track positions from: robot_state/track_positions.yaml
2025-10-21 14:11:37,015 - DEBUG - Loaded track positions configuration from robot_state/track_positions.yaml
2025-10-21 14:11:37,015 - DEBUG - Loading robot hardware configuration from: robot_state/robot_hardware.yaml
2025-10-21 14:11:37,026 - DEBUG - Loaded robot hardware configuration from robot_state/robot_hardware.yaml
2025-10-21 14:11:37,030 - DEBUG - Loaded wellplate properties configuration from robot_state/wellplates.yaml
2025-10-21 14:11:41,771 - DEBUG - Moving North Track to home position
2025-10-21 14:11:42,000 - INFO - Grabbing wellplate from location: source_stack
2025-10-21 14:11:42,000 - DEBUG - No waypoint locations provided, skipping path movement
2025-10-21 14:11:42,149 - DEBUG - Opening gripper
2025-10-21 14:11:48,490 - DEBUG - Closing gripper
2025-10-21 14:11:52,375 - INFO - Releasing wellplate at location: pipetting_area
