2026-04-20 14:54:50,644 - DEBUG - No workflow config provided - using default initialization
2026-04-20 14:54:50,644 - INFO - Launching status review GUI...
2026-04-20 14:54:50,838 - INFO - Detected workflow name: capdecap
2026-04-20 14:54:51,464 - INFO - Config editor loaded for workflow: capdecap
2026-04-20 14:54:55,964 - INFO - User selected: Run Workflow
2026-04-20 14:54:55,964 - INFO - Status review completed - proceeding with hardware initialization
2026-04-20 14:54:56,616 - INFO - Initializing North Robot...
2026-04-20 14:54:56,616 - DEBUG - Loading robot configuration files...
2026-04-20 14:54:56,624 - DEBUG - Loaded vial positions configuration from robot_state/vial_positions.yaml
2026-04-20 14:54:56,636 - DEBUG - Loaded pipet tips configuration from robot_state/pipet_tips.yaml
2026-04-20 14:54:56,641 - DEBUG - Loaded pipet racks configuration from robot_state/pipet_racks.yaml
2026-04-20 14:54:56,645 - DEBUG - Loaded pump configuration from robot_state/syringe_pumps.yaml
2026-04-20 14:54:56,647 - DEBUG - Loaded robot hardware configuration from robot_state/robot_hardware.yaml
2026-04-20 14:54:56,651 - DEBUG - Loaded wellplate properties configuration from robot_state/wellplates.yaml
2026-04-20 14:54:56,651 - DEBUG - Loading robot state files...
2026-04-20 14:54:56,661 - DEBUG - Loaded vial data from ../utoronto_demo/status/sample_input_vials.csv
2026-04-20 14:54:56,661 - DEBUG - Loaded robot status from robot_state/robot_status.yaml
2026-04-20 14:54:56,667 - DEBUG - Loaded wellplate positions from robot_state/wellplates.yaml
2026-04-20 14:54:56,667 - DEBUG - Robot status loaded successfully
2026-04-20 14:54:56,667 - INFO - Physical initialization of North Robot...
2026-04-20 14:55:00,149 - DEBUG - Loading pumps from YAML configuration...
2026-04-20 14:55:00,258 - DEBUG - Loaded pump 0: volume=1.0mL, speed=11, liquid=None
2026-04-20 14:55:00,357 - DEBUG - Loaded pump 1: volume=2.5mL, speed=15, liquid=water
2026-04-20 14:55:00,357 - INFO - Moving robot to home position
2026-04-20 14:55:00,767 - DEBUG - Initializing centrifuge controller...
2026-04-20 14:55:07,030 - DEBUG - Current reader status: 0
2026-04-20 14:55:07,030 - INFO - Cytation5 is connected and ready
2026-04-20 14:55:07,030 - INFO - Initializing North Track...
2026-04-20 14:55:07,030 - DEBUG - Loading track status from file: robot_state/track_status.yaml
2026-04-20 14:55:07,030 - DEBUG - Getting track status from file: robot_state/track_status.yaml
2026-04-20 14:55:07,030 - DEBUG - Loaded track status from robot_state/track_status.yaml
2026-04-20 14:55:07,030 - DEBUG - Loading track positions from: robot_state/track_positions.yaml
2026-04-20 14:55:07,047 - DEBUG - Loaded track positions configuration from robot_state/track_positions.yaml
2026-04-20 14:55:07,047 - DEBUG - Loading robot hardware configuration from: robot_state/robot_hardware.yaml
2026-04-20 14:55:07,047 - DEBUG - Loaded robot hardware configuration from robot_state/robot_hardware.yaml
2026-04-20 14:55:07,047 - DEBUG - Loaded wellplate properties configuration from robot_state/wellplates.yaml
2026-04-20 14:55:07,130 - DEBUG - Moving North Track to home position
2026-04-20 14:55:07,130 - DEBUG - Detected origin position (0,0) - setting location to 'origin'
2026-04-20 14:55:07,130 - DEBUG - Updated gripper location to: origin at position {'x': 0, 'z': 0}
2026-04-20 14:55:07,134 - INFO - Moving vial water to clamp: 0
2026-04-20 14:55:07,134 - DEBUG - Grabbing vial 0 with index 0
2026-04-20 14:55:09,732 - DEBUG - Dropping off vial 0 at location clamp with index 0
2026-04-20 14:55:12,450 - DEBUG - Removing cap from clamped vial
2026-04-20 14:55:16,452 - INFO - Moving robot to home position
2026-04-20 14:55:19,822 - DEBUG - Recapping clamped vial
2026-04-20 14:55:26,223 - INFO - Moving robot to home position
2026-04-20 14:55:29,642 - INFO - Vial water already at clamp index 0, no move needed
2026-04-20 14:55:29,642 - DEBUG - Removing cap from clamped vial
2026-04-20 14:55:35,945 - INFO - Moving robot to home position
2026-04-20 14:55:39,317 - DEBUG - Recapping clamped vial
2026-04-20 14:55:45,882 - INFO - Moving robot to home position
2026-04-20 14:55:49,297 - INFO - Vial water already at clamp index 0, no move needed
2026-04-20 14:55:49,298 - DEBUG - Removing cap from clamped vial
2026-04-20 14:55:55,604 - INFO - Moving robot to home position
2026-04-20 14:55:58,989 - DEBUG - Recapping clamped vial
2026-04-20 14:56:05,431 - INFO - Moving robot to home position
2026-04-20 14:56:08,843 - INFO - Returning vial water to home location: main_8mL_rack index 0
2026-04-20 14:56:08,843 - INFO - Moving vial water to main_8mL_rack: 0
2026-04-20 14:56:08,843 - DEBUG - Grabbing vial 0 with index 0
2026-04-20 14:56:11,417 - DEBUG - Dropping off vial 0 at location main_8mL_rack with index 0
2026-04-20 14:56:14,112 - INFO - Moving robot to home position
