2026-03-31 16:35:04,750 - DEBUG - No workflow config provided - using default initialization
2026-03-31 16:35:04,750 - INFO - Launching status review GUI...
2026-03-31 16:35:05,075 - INFO - Detected workflow name: debug_grid_spacing
2026-03-31 16:35:06,467 - INFO - Config editor loaded for workflow: debug_grid_spacing
2026-03-31 16:35:09,946 - INFO - User selected: Run Workflow
2026-03-31 16:35:09,946 - INFO - Status review completed - proceeding with hardware initialization
2026-03-31 16:35:10,588 - INFO - Initializing North Robot...
2026-03-31 16:35:10,588 - DEBUG - Loading robot configuration files...
2026-03-31 16:35:10,610 - DEBUG - Loaded vial positions configuration from robot_state/vial_positions.yaml
2026-03-31 16:35:10,611 - DEBUG - Loaded pipet tips configuration from robot_state/pipet_tips.yaml
2026-03-31 16:35:10,611 - DEBUG - Loaded pipet racks configuration from robot_state/pipet_racks.yaml
2026-03-31 16:35:10,611 - DEBUG - Loaded pump configuration from robot_state/syringe_pumps.yaml
2026-03-31 16:35:10,611 - DEBUG - Loaded robot hardware configuration from robot_state/robot_hardware.yaml
2026-03-31 16:35:10,624 - DEBUG - Loaded wellplate properties configuration from robot_state/wellplates.yaml
2026-03-31 16:35:10,624 - DEBUG - Loading robot state files...
2026-03-31 16:35:10,644 - DEBUG - Loaded vial data from status/experiment_vials.csv
2026-03-31 16:35:10,645 - DEBUG - Loaded robot status from robot_state/robot_status.yaml
2026-03-31 16:35:10,649 - DEBUG - Loaded wellplate positions from robot_state/wellplates.yaml
2026-03-31 16:35:10,649 - DEBUG - Robot status loaded successfully
2026-03-31 16:35:10,649 - INFO - Physical initialization of North Robot...
2026-03-31 16:35:14,146 - DEBUG - Loading pumps from YAML configuration...
2026-03-31 16:35:14,242 - DEBUG - Loaded pump 0: volume=1.0mL, speed=11, liquid=None
2026-03-31 16:35:14,342 - DEBUG - Loaded pump 1: volume=2.5mL, speed=15, liquid=water
2026-03-31 16:35:14,342 - WARNING - The robot reports having a tip, removing the tip
2026-03-31 16:35:14,342 - INFO - Removing pipet
2026-03-31 16:35:17,494 - INFO - Moving robot to home position
2026-03-31 16:35:19,335 - DEBUG - Initializing centrifuge controller...
2026-03-31 16:35:24,933 - DEBUG - Current reader status: 0
2026-03-31 16:35:24,933 - INFO - Cytation5 is connected and ready
2026-03-31 16:35:24,933 - INFO - Initializing North Track...
2026-03-31 16:35:24,933 - DEBUG - Loading track status from file: robot_state/track_status.yaml
2026-03-31 16:35:24,933 - DEBUG - Getting track status from file: robot_state/track_status.yaml
2026-03-31 16:35:24,935 - DEBUG - Loaded track status from robot_state/track_status.yaml
2026-03-31 16:35:24,935 - DEBUG - Loading track positions from: robot_state/track_positions.yaml
2026-03-31 16:35:24,943 - DEBUG - Loaded track positions configuration from robot_state/track_positions.yaml
2026-03-31 16:35:24,943 - DEBUG - Loading robot hardware configuration from: robot_state/robot_hardware.yaml
2026-03-31 16:35:24,943 - DEBUG - Loaded robot hardware configuration from robot_state/robot_hardware.yaml
2026-03-31 16:35:24,950 - DEBUG - Loaded wellplate properties configuration from robot_state/wellplates.yaml
2026-03-31 16:35:25,019 - DEBUG - Moving North Track to home position
2026-03-31 16:35:25,019 - DEBUG - Detected origin position (0,0) - setting location to 'origin'
2026-03-31 16:35:25,019 - DEBUG - Updated gripper location to: origin at position {'x': 0, 'z': 0}
