2025-09-16 17:23:31,311 - INFO - Initializing North Robot...
2025-09-16 17:23:31,313 - DEBUG - Getting robot status from file: ../utoronto_demo/status/robot_status.yaml
2025-09-16 17:23:31,318 - DEBUG - Physical initialization of North Robot...
2025-09-16 17:23:31,318 - WARNING - The robot reports having a tip, removing the tip
2025-09-16 17:23:31,319 - DEBUG - Removing pipet
2025-09-16 17:23:31,321 - DEBUG - Saving robot status to file: ../utoronto_demo/status/robot_status.yaml
2025-09-16 17:23:31,321 - INFO - Moving robot to home position
2025-09-16 17:23:31,332 - DEBUG - Loading pumps...
2025-09-16 17:23:31,334 - INFO - Initializing North Track...
2025-09-16 17:23:31,334 - DEBUG - Loading track status from file: ../utoronto_demo/status/track_status.yaml
2025-09-16 17:23:31,334 - DEBUG - Getting track status from file: ../utoronto_demo/status/track_status.yaml
2025-09-16 17:23:31,336 - INFO - Dispensing 1.5 mL from Sample_A to Sample_B
2025-09-16 17:23:31,342 - INFO - Volume too high for single dispense, splitting into 1 dispenses of 0.75 mL each
2025-09-16 17:23:31,345 - DEBUG - Moving source vial to clamp to uncap
2025-09-16 17:23:31,346 - INFO - Vial 0 already at clamp index 0, no move needed
2025-09-16 17:23:31,346 - DEBUG - Removing cap from clamped vial
2025-09-16 17:23:31,352 - DEBUG - Saving robot status to file: ../utoronto_demo/status/robot_status.yaml
2025-09-16 17:23:31,354 - DEBUG - Getting pipet number: 0 from rack 0
2025-09-16 17:23:31,355 - DEBUG - Saving robot status to file: ../utoronto_demo/status/robot_status.yaml
2025-09-16 17:23:31,356 - INFO - Pipetting from vial Sample_A, amount: 0.75 mL
2025-09-16 17:23:31,359 - DEBUG - Adjusting pump 0 speed to 11
2025-09-16 17:23:31,359 - DEBUG - Aspirating 0.75 mL then waiting 1 s
2025-09-16 17:23:31,360 - DEBUG - Saving robot status to file: ../utoronto_demo/status/robot_status.yaml
2025-09-16 17:23:31,362 - INFO - Pipetting into vial Sample_B, amount: 0.75 mL
2025-09-16 17:23:31,364 - DEBUG - Adjusting pump 0 speed to 11
2025-09-16 17:23:31,364 - DEBUG - Dispensing 0.75 mL then waiting 0 s
2025-09-16 17:23:31,365 - DEBUG - Saving robot status to file: ../utoronto_demo/status/robot_status.yaml
2025-09-16 17:23:31,365 - DEBUG - Recapping clamped vial
2025-09-16 17:23:31,368 - DEBUG - Saving robot status to file: ../utoronto_demo/status/robot_status.yaml
2025-09-16 17:23:31,368 - INFO - Returning vial 0 to home location
2025-09-16 17:23:31,370 - INFO - Moving vial Sample_A to main_8mL_rack: 0
2025-09-16 17:23:31,370 - DEBUG - Grabbing vial 0 with index 0
2025-09-16 17:23:31,372 - DEBUG - Saving robot status to file: ../utoronto_demo/status/robot_status.yaml
2025-09-16 17:23:31,372 - DEBUG - Dropping off vial 0 at location main_8mL_rack with index 0
2025-09-16 17:23:31,372 - DEBUG - Saving robot status to file: ../utoronto_demo/status/robot_status.yaml
2025-09-16 17:23:31,372 - DEBUG - Saving robot status to file: ../utoronto_demo/status/robot_status.yaml
