2025-10-07 14:59:23,256 - INFO - Initializing North Robot...
2025-10-07 14:59:23,256 - DEBUG - Loading robot configuration files...
2025-10-07 14:59:23,266 - DEBUG - Loaded vial positions configuration from robot_state/vial_positions.yaml
2025-10-07 14:59:23,267 - DEBUG - Loaded pipet tips configuration from robot_state/pipet_tips.yaml
2025-10-07 14:59:23,269 - DEBUG - Loaded pipet racks configuration from robot_state/pipet_racks.yaml
2025-10-07 14:59:23,269 - DEBUG - Loaded pump configuration from robot_state/syringe_pumps.yaml
2025-10-07 14:59:23,269 - DEBUG - Loaded robot hardware configuration from robot_state/robot_hardware.yaml
2025-10-07 14:59:23,280 - DEBUG - Loaded wellplate properties configuration from robot_state/wellplates.yaml
2025-10-07 14:59:23,280 - DEBUG - Loading robot state files...
2025-10-07 14:59:23,280 - DEBUG - Loaded vial data from ../utoronto_demo/status/degradation_vial_status.csv
2025-10-07 14:59:23,280 - DEBUG - Loaded robot status from robot_state/robot_status.yaml
2025-10-07 14:59:23,280 - DEBUG - Loaded wellplate positions from robot_state/wellplates.yaml
2025-10-07 14:59:23,280 - DEBUG - Robot status loaded successfully
2025-10-07 14:59:23,280 - DEBUG - Physical initialization of North Robot...
2025-10-07 14:59:23,280 - INFO - Moving robot to home position
2025-10-07 14:59:23,280 - DEBUG - Loading pumps from YAML configuration...
2025-10-07 14:59:23,280 - DEBUG - Loaded pump 0: volume=1.0mL, speed=11, liquid=None
2025-10-07 14:59:23,280 - DEBUG - Loaded pump 1: volume=2.5mL, speed=15, liquid=water
2025-10-07 14:59:23,280 - DEBUG - Current reader status: <MagicMock name='mock.get_reader_status()' id='2660164421904'>
2025-10-07 14:59:23,280 - INFO - Initializing North Track...
2025-10-07 14:59:23,280 - DEBUG - Loading track status from file: robot_state/track_status.yaml
2025-10-07 14:59:23,280 - DEBUG - Getting track status from file: robot_state/track_status.yaml
2025-10-07 14:59:23,293 - DEBUG - Loaded track status from robot_state/track_status.yaml
2025-10-07 14:59:23,293 - DEBUG - Loading track positions from: robot_state/track_positions.yaml
2025-10-07 14:59:23,299 - DEBUG - Loaded track positions configuration from robot_state/track_positions.yaml
2025-10-07 14:59:23,299 - DEBUG - Loading robot hardware configuration from: robot_state/robot_hardware.yaml
2025-10-07 14:59:23,299 - DEBUG - Loaded robot hardware configuration from robot_state/robot_hardware.yaml
2025-10-07 14:59:23,299 - DEBUG - Loaded wellplate properties configuration from robot_state/wellplates.yaml
2025-10-07 14:59:23,299 - INFO -    vial_index      vial_name        location  location_index vial_volume capped cap_type      vial_type  home_location  home_location_index  concentration
0           0  polymer_stock   main_8mL_rack               5           4   TRUE    close           8_mL  main_8mL_rack                    5             10
1           1         2MeTHF   main_8mL_rack              25           5   TRUE    close           8_mL  main_8mL_rack                   25              0
2           2          Water   main_8mL_rack              26           8   TRUE    close           8_mL  main_8mL_rack                   26              0
3           3         6M HCl   main_8mL_rack               0           4   TRUE    close           8_mL  main_8mL_rack                    0              0
4           4       sample_1   main_8mL_rack               1           0   TRUE    close           8_mL  main_8mL_rack                    1              0
5           5       sample_2   main_8mL_rack               2           0   TRUE    close           8_mL  main_8mL_rack                    2              1
6           6       sample_3   main_8mL_rack               3           0   TRUE    close           8_mL  main_8mL_rack                    3              2
7           7       sample_4   main_8mL_rack               4           0   TRUE    close           8_mL  main_8mL_rack                    4              3
8           8        acetone  main_8mL_rack5              24        TRUE  close     8_mL  main_8mL_rack              5                   24              0
2025-10-07 14:59:23,314 - INFO - Visualizing vial racks...
2025-10-07 14:59:23,480 - DEBUG - Visualizing rack: Main Rack with filter: main_8mL_rack
