2026-06-15 10:17:36,625 - DEBUG - No workflow config provided - using default initialization
2026-06-15 10:17:36,625 - INFO - Launching status review GUI...
2026-06-15 10:17:36,969 - INFO - Detected workflow name: enhanced_SP_arm_position_program_v1.1_xy_coordinate_system
2026-06-15 10:17:37,822 - INFO - Config editor loaded for workflow: enhanced_SP_arm_position_program_v1.1_xy_coordinate_system
2026-06-15 10:17:56,322 - INFO - User selected: Run Workflow
2026-06-15 10:17:56,338 - INFO - Status review completed - proceeding with hardware initialization
2026-06-15 10:17:56,709 - INFO - Initializing North Robot...
2026-06-15 10:17:56,710 - DEBUG - Loading robot configuration files...
2026-06-15 10:17:56,729 - DEBUG - Loaded vial positions configuration from robot_state/vial_positions.yaml
2026-06-15 10:17:56,731 - DEBUG - Loaded pipet tips configuration from robot_state/pipet_tips.yaml
2026-06-15 10:17:56,736 - DEBUG - Loaded pipet racks configuration from robot_state/pipet_racks.yaml
2026-06-15 10:17:56,739 - DEBUG - Loaded pump configuration from robot_state/syringe_pumps.yaml
2026-06-15 10:17:56,742 - DEBUG - Loaded robot hardware configuration from robot_state/robot_hardware.yaml
2026-06-15 10:17:56,747 - DEBUG - Loaded wellplate properties configuration from robot_state/wellplates.yaml
2026-06-15 10:17:56,747 - DEBUG - Loading robot state files...
2026-06-15 10:17:56,765 - DEBUG - Loaded vial data from status/surfactant_grid_vials_expanded.csv
2026-06-15 10:17:56,766 - DEBUG - Loaded robot status from robot_state/robot_status.yaml
2026-06-15 10:17:56,770 - DEBUG - Loaded wellplate positions from robot_state/wellplates.yaml
2026-06-15 10:17:56,770 - DEBUG - Robot status loaded successfully
2026-06-15 10:17:56,770 - INFO - Physical initialization of North Robot...
2026-06-15 10:18:00,256 - DEBUG - Loading pumps from YAML configuration...
2026-06-15 10:18:00,363 - DEBUG - Loaded pump 0: volume=1.0mL, speed=11, liquid=None
2026-06-15 10:18:00,459 - DEBUG - Loaded pump 1: volume=2.5mL, speed=15, liquid=water
2026-06-15 10:18:00,459 - INFO - Moving robot to home position
2026-06-15 10:18:02,364 - DEBUG - Initializing centrifuge controller...
2026-06-15 10:18:08,920 - DEBUG - Current reader status: 0
2026-06-15 10:18:08,920 - INFO - Cytation5 is connected and ready
2026-06-15 10:18:08,920 - INFO - Initializing North Track...
2026-06-15 10:18:08,921 - DEBUG - Loading track status from file: robot_state/track_status.yaml
2026-06-15 10:18:08,921 - DEBUG - Getting track status from file: robot_state/track_status.yaml
2026-06-15 10:18:08,923 - DEBUG - Loaded track status from robot_state/track_status.yaml
2026-06-15 10:18:08,923 - DEBUG - Loading track positions from: robot_state/track_positions.yaml
2026-06-15 10:18:08,924 - DEBUG - Loaded track positions configuration from robot_state/track_positions.yaml
2026-06-15 10:18:08,924 - DEBUG - Loading robot hardware configuration from: robot_state/robot_hardware.yaml
2026-06-15 10:18:08,924 - DEBUG - Loaded robot hardware configuration from robot_state/robot_hardware.yaml
2026-06-15 10:18:08,937 - DEBUG - Loaded wellplate properties configuration from robot_state/wellplates.yaml
2026-06-15 10:18:09,009 - DEBUG - Moving North Track to home position
2026-06-15 10:18:09,009 - DEBUG - Detected origin position (0,0) - setting location to 'origin'
2026-06-15 10:18:09,010 - DEBUG - Updated gripper location to: origin at position {'x': 0, 'z': 0}
