2026-04-17 19:01:57,858 - INFO - Workflow config loaded: surfactant_grid_adaptive_concentrations
2026-04-17 19:01:57,859 - INFO - Config keys updated: 40 (SURFACTANT_A, SURFACTANT_B, WORKFLOW_TYPE, EXPERIMENT_TAG, SIMULATE, VALIDATE_LIQUIDS, MIN_CONC, FINAL_SUBSTOCK_VOLUME_ML, PAIRING_QUEUE, NUM_SUBSTOCKS, ITERATIVE_CONCENTRATIONS, GRADIENT_SUGGESTIONS_PER_ITERATION, OPTIMIZE_METRIC, RECOMMENDER_TYPE, ITERATIVE_MEASUREMENT_TOTAL, ADD_CMC_CONTROLS, CMC_CONTROL_POINTS, ADD_BUFFER, BUFFER_VOLUME_UL, BUFFER_OPTIONS, SELECTED_BUFFER, VALIDATION_ONLY, CREATE_WELLPLATE, MAX_WELLS, NUMBER_CONCENTRATIONS, N_REPLICATES, WELL_VOLUME_UL, PYRENE_VOLUME_UL, MINIMUM_PIPETTE_VOLUME, MIN_SUBSTOCK_VOLUME_UL, MEASUREMENT_INTERVAL, MIN_WELL_PIPETTE_VOLUME_UL, MAX_SURFACTANT_VOLUME_UL, KINETICS_SEQUENCE, SHAKE_WAIT_PROTOCOL, TURBIDITY_PROTOCOL_FILE, FLUORESCENCE_PROTOCOL_FILE, SHAKE_PROTOCOL, INPUT_VIAL_STATUS_FILE, SURFACTANT_LIBRARY)
2026-04-17 19:01:57,859 - INFO - SIMULATE mode: True
2026-04-17 19:01:57,859 - INFO - Launching status review GUI...
2026-04-17 19:01:58,182 - INFO - Detected workflow name: surfactant_grid_adaptive_concentrations
2026-04-17 19:01:58,677 - INFO - Config editor loaded for workflow: surfactant_grid_adaptive_concentrations
2026-04-17 19:06:17,989 - INFO - User selected: Run Workflow
2026-04-17 19:06:17,989 - INFO - Status review completed - proceeding with hardware initialization
2026-04-17 19:06:18,016 - DEBUG - Reloading config after status check to get updated values
2026-04-17 19:06:18,059 - INFO - Config Manager: Updated 40 workflow constants from surfactant_grid_adaptive_concentrations.yaml
2026-04-17 19:06:18,059 - INFO - SIMULATE flag updated: True -> False
2026-04-17 19:06:18,060 - DEBUG - No components needed simulate flag update
2026-04-17 19:06:18,757 - INFO - Initializing North Robot...
2026-04-17 19:06:18,757 - DEBUG - Loading robot configuration files...
2026-04-17 19:06:18,780 - DEBUG - Loaded vial positions configuration from robot_state/vial_positions.yaml
2026-04-17 19:06:18,780 - DEBUG - Loaded pipet tips configuration from robot_state/pipet_tips.yaml
2026-04-17 19:06:18,780 - DEBUG - Loaded pipet racks configuration from robot_state/pipet_racks.yaml
2026-04-17 19:06:18,791 - DEBUG - Loaded pump configuration from robot_state/syringe_pumps.yaml
2026-04-17 19:06:18,796 - DEBUG - Loaded robot hardware configuration from robot_state/robot_hardware.yaml
2026-04-17 19:06:18,802 - DEBUG - Loaded wellplate properties configuration from robot_state/wellplates.yaml
2026-04-17 19:06:18,802 - DEBUG - Loading robot state files...
2026-04-17 19:06:18,824 - DEBUG - Loaded vial data from ../utoronto_demo/status/surfactant_grid_vials_expanded.csv
2026-04-17 19:06:18,824 - DEBUG - Loaded robot status from robot_state/robot_status.yaml
2026-04-17 19:06:18,824 - DEBUG - Loaded wellplate positions from robot_state/wellplates.yaml
2026-04-17 19:06:18,824 - DEBUG - Robot status loaded successfully
2026-04-17 19:06:18,824 - INFO - Physical initialization of North Robot...
2026-04-17 19:06:22,292 - DEBUG - Loading pumps from YAML configuration...
2026-04-17 19:06:22,390 - DEBUG - Loaded pump 0: volume=1.0mL, speed=11, liquid=None
2026-04-17 19:06:22,502 - DEBUG - Loaded pump 1: volume=2.5mL, speed=15, liquid=water
2026-04-17 19:06:22,502 - INFO - Moving robot to home position
2026-04-17 19:06:22,923 - DEBUG - Initializing centrifuge controller...
2026-04-17 19:06:30,048 - DEBUG - Current reader status: 0
2026-04-17 19:06:30,048 - INFO - Cytation5 is connected and ready
2026-04-17 19:06:30,049 - INFO - Initializing North Track...
2026-04-17 19:06:30,049 - DEBUG - Loading track status from file: robot_state/track_status.yaml
2026-04-17 19:06:30,049 - DEBUG - Getting track status from file: robot_state/track_status.yaml
2026-04-17 19:06:30,057 - DEBUG - Loaded track status from robot_state/track_status.yaml
2026-04-17 19:06:30,057 - DEBUG - Loading track positions from: robot_state/track_positions.yaml
2026-04-17 19:06:30,065 - DEBUG - Loaded track positions configuration from robot_state/track_positions.yaml
2026-04-17 19:06:30,065 - DEBUG - Loading robot hardware configuration from: robot_state/robot_hardware.yaml
2026-04-17 19:06:30,068 - DEBUG - Loaded robot hardware configuration from robot_state/robot_hardware.yaml
2026-04-17 19:06:30,071 - DEBUG - Loaded wellplate properties configuration from robot_state/wellplates.yaml
2026-04-17 19:06:30,132 - DEBUG - Moving North Track to home position
2026-04-17 19:06:30,132 - DEBUG - Detected origin position (0,0) - setting location to 'origin'
2026-04-17 19:06:30,145 - DEBUG - Updated gripper location to: origin at position {'x': 0, 'z': 0}
2026-04-17 19:06:30,162 - INFO -     Filling water vial 'water': 0.00mL -> 8.00mL (adding 8.00mL)
2026-04-17 19:06:30,162 - INFO - Dispensing into vial 35 from reservoir 1: 8.000 mL
2026-04-17 19:06:30,162 - DEBUG - Reservoir parameters: aspirate_speed=11, dispense_speed=11, overaspirate=0.000 mL
2026-04-17 19:06:30,164 - INFO - Moving vial water to clamp: 0
2026-04-17 19:06:30,165 - DEBUG - Grabbing vial 35 with index 35
2026-04-17 19:06:32,728 - DEBUG - Dropping off vial 35 at location clamp with index 0
2026-04-17 19:06:35,468 - INFO - Moving robot to home position
