2026-04-21 19:03:14,724 - DEBUG - No workflow config provided - using default initialization
2026-04-21 19:03:14,724 - INFO - GUI disabled - skipping status review, proceeding directly to hardware initialization
2026-04-21 19:03:15,128 - INFO - Initializing North Robot...
2026-04-21 19:03:15,128 - DEBUG - Loading robot configuration files...
2026-04-21 19:03:15,145 - DEBUG - Loaded vial positions configuration from robot_state/vial_positions.yaml
2026-04-21 19:03:15,146 - DEBUG - Loaded pipet tips configuration from robot_state/pipet_tips.yaml
2026-04-21 19:03:15,151 - DEBUG - Loaded pipet racks configuration from robot_state/pipet_racks.yaml
2026-04-21 19:03:15,153 - DEBUG - Loaded pump configuration from robot_state/syringe_pumps.yaml
2026-04-21 19:03:15,156 - DEBUG - Loaded robot hardware configuration from robot_state/robot_hardware.yaml
2026-04-21 19:03:15,160 - DEBUG - Loaded wellplate properties configuration from robot_state/wellplates.yaml
2026-04-21 19:03:15,160 - DEBUG - Loading robot state files...
2026-04-21 19:03:15,162 - DEBUG - Loaded vial data from status/calibration_vials_short.csv
2026-04-21 19:03:15,172 - DEBUG - Loaded robot status from robot_state/robot_status.yaml
2026-04-21 19:03:15,176 - DEBUG - Loaded wellplate positions from robot_state/wellplates.yaml
2026-04-21 19:03:15,176 - DEBUG - Robot status loaded successfully
2026-04-21 19:03:15,176 - INFO - Physical initialization of North Robot...
2026-04-21 19:03:18,652 - DEBUG - Loading pumps from YAML configuration...
2026-04-21 19:03:18,762 - DEBUG - Loaded pump 0: volume=1.0mL, speed=11, liquid=None
2026-04-21 19:03:18,871 - DEBUG - Loaded pump 1: volume=2.5mL, speed=15, liquid=water
2026-04-21 19:03:18,871 - WARNING - The robot reports having a tip, removing the tip
2026-04-21 19:03:18,871 - INFO - Removing pipet
2026-04-21 19:03:21,817 - INFO - Moving robot to home position
2026-04-21 19:03:23,673 - DEBUG - Initializing centrifuge controller...
2026-04-21 19:03:23,673 - INFO - Initializing North Track...
2026-04-21 19:03:23,673 - DEBUG - Loading track status from file: robot_state/track_status.yaml
2026-04-21 19:03:23,673 - DEBUG - Getting track status from file: robot_state/track_status.yaml
2026-04-21 19:03:23,675 - DEBUG - Loaded track status from robot_state/track_status.yaml
2026-04-21 19:03:23,675 - DEBUG - Loading track positions from: robot_state/track_positions.yaml
2026-04-21 19:03:23,682 - DEBUG - Loaded track positions configuration from robot_state/track_positions.yaml
2026-04-21 19:03:23,682 - DEBUG - Loading robot hardware configuration from: robot_state/robot_hardware.yaml
2026-04-21 19:03:23,685 - DEBUG - Loaded robot hardware configuration from robot_state/robot_hardware.yaml
2026-04-21 19:03:23,689 - DEBUG - Loaded wellplate properties configuration from robot_state/wellplates.yaml
2026-04-21 19:03:23,759 - DEBUG - Moving North Track to home position
2026-04-21 19:03:23,759 - DEBUG - Detected origin position (0,0) - setting location to 'origin'
2026-04-21 19:03:23,760 - DEBUG - Updated gripper location to: origin at position {'x': 0, 'z': 0}
2026-04-21 19:03:23,762 - INFO - Moving vial PVA_DMSO to clamp: 0
2026-04-21 19:03:23,762 - DEBUG - Grabbing vial 3 with index 3
2026-04-21 19:03:25,835 - DEBUG - Dropping off vial 3 at location clamp with index 0
2026-04-21 19:03:38,979 - INFO - Vial PVA_DMSO already at clamp index 0, no move needed
2026-04-21 19:03:39,150 - DEBUG - Applied dict param aspirate_speed=22
2026-04-21 19:03:39,150 - DEBUG - Applied dict param dispense_speed=9
2026-04-21 19:03:39,150 - DEBUG - Applied dict param aspirate_wait_time=1.6
2026-04-21 19:03:39,150 - DEBUG - Applied dict param dispense_wait_time=3.6
2026-04-21 19:03:39,150 - DEBUG - Applied dict param pre_asp_air_vol=0.0
2026-04-21 19:03:39,150 - DEBUG - Applied dict param retract_speed=5.0
2026-04-21 19:03:39,150 - DEBUG - Applied dict param blowout_vol=0.179
2026-04-21 19:03:39,151 - DEBUG - Applied dict param post_asp_air_vol=0.0
2026-04-21 19:03:39,151 - DEBUG - Applied dict param post_retract_wait_time=0.0
2026-04-21 19:03:39,151 - DEBUG - Applied dict param overaspirate_vol=0.0046
2026-04-21 19:03:39,151 - DEBUG - Applied dict param asp_disp_cycles=0
2026-04-21 19:03:39,152 - DEBUG - Selected small_tip for volume 0.050 mL
2026-04-21 19:03:39,153 - INFO - Getting small_tip (pipet number 16) from rack: small_tip_rack_1
2026-04-21 19:03:44,314 - INFO - Pipetting from vial PVA_DMSO, amount: 0.050 mL
2026-04-21 19:03:44,314 - INFO - Additional volume from calibration, amount: 0.005 mL
2026-04-21 19:03:44,315 - DEBUG - Adjusting pump 0 speed to 10
2026-04-21 19:03:46,755 - DEBUG - Adjusting pump 0 speed to 22
2026-04-21 19:03:47,790 - DEBUG - Aspirating 0.055 mL then waiting 1.6 s
2026-04-21 19:03:52,736 - DEBUG - Applied dict param aspirate_speed=22
2026-04-21 19:03:52,736 - DEBUG - Applied dict param dispense_speed=9
2026-04-21 19:03:52,736 - DEBUG - Applied dict param aspirate_wait_time=1.6
2026-04-21 19:03:52,736 - DEBUG - Applied dict param dispense_wait_time=3.6
2026-04-21 19:03:52,736 - DEBUG - Applied dict param pre_asp_air_vol=0.0
2026-04-21 19:03:52,736 - DEBUG - Applied dict param retract_speed=5.0
2026-04-21 19:03:52,736 - DEBUG - Applied dict param blowout_vol=0.179
2026-04-21 19:03:52,736 - DEBUG - Applied dict param post_asp_air_vol=0.0
2026-04-21 19:03:52,736 - DEBUG - Applied dict param post_retract_wait_time=0.0
2026-04-21 19:03:52,736 - DEBUG - Applied dict param overaspirate_vol=0.0046
2026-04-21 19:03:52,736 - DEBUG - Applied dict param asp_disp_cycles=0
2026-04-21 19:03:52,738 - INFO - Pipetting into vial PVA_DMSO, amount: 0.050 mL
2026-04-21 19:03:52,738 - DEBUG - Adjusting pump 0 speed to 9
2026-04-21 19:03:54,599 - INFO - Short wait time (1.0s), allowing scale to settle after robot positioning...
2026-04-21 19:03:55,607 - INFO - Started continuous mass monitoring with pre-dispense baseline
2026-04-21 19:03:55,748 - DEBUG - Mass: 15.2670g at 0.000s (baseline_pre) steady=False
2026-04-21 19:03:56,150 - DEBUG - Mass: 15.2667g at 0.347s (baseline_pre) steady=True
2026-04-21 19:03:56,551 - DEBUG - Mass: 15.2667g at 0.754s (baseline_pre) steady=True
2026-04-21 19:03:56,951 - DEBUG - Mass: 15.2667g at 1.159s (baseline_pre) steady=True
2026-04-21 19:03:57,350 - DEBUG - Mass: 15.2667g at 1.550s (baseline_pre) steady=True
2026-04-21 19:03:57,614 - DEBUG - Dispensing 0.055 mL then waiting 3.6 s
2026-04-21 19:03:57,750 - DEBUG - Mass: 15.2667g at 1.960s (baseline_pre) steady=True
2026-04-21 19:03:58,149 - DEBUG - Mass: 15.2770g at 2.357s (dispensing) steady=False
2026-04-21 19:03:58,214 - DEBUG - Blowing out 0.179 mL
2026-04-21 19:03:58,214 - DEBUG - Adjusting pump 0 speed to 5
2026-04-21 19:03:58,549 - DEBUG - Mass: 15.3108g at 2.751s (dispensing) steady=False
2026-04-21 19:03:58,949 - DEBUG - Mass: 15.3248g at 3.144s (dispensing) steady=False
2026-04-21 19:03:59,349 - DEBUG - Mass: 15.3249g at 3.548s (dispensing) steady=False
2026-04-21 19:03:59,420 - DEBUG - Adjusting pump 0 speed to 9
2026-04-21 19:03:59,749 - DEBUG - Mass: 15.3233g at 3.955s (dispensing) steady=False
2026-04-21 19:04:00,149 - DEBUG - Mass: 15.3255g at 4.347s (dispensing) steady=False
2026-04-21 19:04:00,549 - DEBUG - Mass: 15.3290g at 4.759s (dispensing) steady=False
2026-04-21 19:04:00,949 - DEBUG - Mass: 15.3250g at 5.148s (dispensing) steady=False
2026-04-21 19:04:01,349 - DEBUG - Mass: 15.3227g at 5.558s (dispensing) steady=False
2026-04-21 19:04:01,749 - DEBUG - Mass: 15.3225g at 5.950s (dispensing) steady=False
2026-04-21 19:04:02,148 - DEBUG - Mass: 15.3229g at 6.357s (dispensing) steady=False
2026-04-21 19:04:02,549 - DEBUG - Mass: 15.3230g at 6.749s (dispensing) steady=False
2026-04-21 19:04:02,951 - DEBUG - Mass: 15.3229g at 7.159s (dispensing) steady=True
2026-04-21 19:04:03,350 - DEBUG - Mass: 15.3229g at 7.549s (dispensing) steady=True
2026-04-21 19:04:03,750 - DEBUG - Mass: 15.3229g at 7.957s (dispensing) steady=True
2026-04-21 19:04:04,151 - DEBUG - Mass: 15.3229g at 8.348s (dispensing) steady=True
2026-04-21 19:04:04,298 - INFO - Dispensing took 6.684s, collecting post-dispense baseline
2026-04-21 19:04:04,551 - DEBUG - Mass: 15.3229g at 8.755s (baseline_post) steady=True
2026-04-21 19:04:04,950 - DEBUG - Mass: 15.3229g at 9.151s (baseline_post) steady=True
2026-04-21 19:04:05,351 - DEBUG - Mass: 15.3229g at 9.545s (baseline_post) steady=True
2026-04-21 19:04:05,750 - DEBUG - Mass: 15.3229g at 9.952s (baseline_post) steady=True
2026-04-21 19:04:06,150 - DEBUG - Mass: 15.3229g at 10.358s (baseline_post) steady=True
2026-04-21 19:04:06,358 - INFO - Stopped continuous mass monitoring. Collected 27 data points
2026-04-21 19:04:06,361 - INFO - Pre-baseline: 5 stable readings, avg=15.266700g
2026-04-21 19:04:06,363 - INFO - Post-baseline: 5 stable readings, avg=15.322900g
2026-04-21 19:04:06,363 - INFO - INDEPENDENT BASELINE calculation:
2026-04-21 19:04:06,363 - INFO - Pre: STABLE, Post: STABLE, Mass difference: 0.056200g
2026-04-21 19:04:06,364 - INFO - Reading summary: 6 pre-readings (5 stable), 5 post-readings (5 stable)
2026-04-21 19:04:06,364 - INFO - Baseline variability: pre_std=0.000122g, post_std=0.000000g
2026-04-21 19:04:06,364 - INFO - Target: 0.050 mL = ~0.050000 g for water
2026-04-21 19:04:06,367 - INFO - Saved 27 mass measurements to output\mass_measurements\experiment_log2026-04-21_19-03-14\mass_data_PVA_DMSO_20260421_190406.csv
2026-04-21 19:04:07,054 - INFO - Saved dispense mass vs time plot to output\mass_measurements\experiment_log2026-04-21_19-03-14\mass_plot_PVA_DMSO_20260421_190406.png
2026-04-21 19:04:07,055 - INFO - Removing pipet
2026-04-21 19:04:10,369 - INFO - Vial PVA_DMSO already at clamp index 0, no move needed
2026-04-21 19:04:12,356 - INFO - Vial PVA_DMSO already at clamp index 0, no move needed
2026-04-21 19:04:12,550 - DEBUG - Applied dict param aspirate_speed=22
2026-04-21 19:04:12,550 - DEBUG - Applied dict param dispense_speed=9
2026-04-21 19:04:12,550 - DEBUG - Applied dict param aspirate_wait_time=1.6
2026-04-21 19:04:12,550 - DEBUG - Applied dict param dispense_wait_time=3.6
2026-04-21 19:04:12,550 - DEBUG - Applied dict param pre_asp_air_vol=0.0
2026-04-21 19:04:12,550 - DEBUG - Applied dict param retract_speed=5.0
2026-04-21 19:04:12,550 - DEBUG - Applied dict param blowout_vol=0.179
2026-04-21 19:04:12,550 - DEBUG - Applied dict param post_asp_air_vol=0.0
2026-04-21 19:04:12,550 - DEBUG - Applied dict param post_retract_wait_time=0.0
2026-04-21 19:04:12,550 - DEBUG - Applied dict param overaspirate_vol=0.0046
2026-04-21 19:04:12,550 - DEBUG - Applied dict param asp_disp_cycles=0
2026-04-21 19:04:12,551 - DEBUG - Selected small_tip for volume 0.050 mL
2026-04-21 19:04:12,552 - INFO - Getting small_tip (pipet number 17) from rack: small_tip_rack_1
2026-04-21 19:04:15,448 - INFO - Pipetting from vial PVA_DMSO, amount: 0.050 mL
2026-04-21 19:04:15,448 - INFO - Additional volume from calibration, amount: 0.005 mL
2026-04-21 19:04:15,449 - DEBUG - Adjusting pump 0 speed to 10
2026-04-21 19:04:17,880 - DEBUG - Adjusting pump 0 speed to 22
2026-04-21 19:04:18,925 - DEBUG - Aspirating 0.055 mL then waiting 1.6 s
2026-04-21 19:04:23,918 - DEBUG - Applied dict param aspirate_speed=22
2026-04-21 19:04:23,918 - DEBUG - Applied dict param dispense_speed=9
2026-04-21 19:04:23,918 - DEBUG - Applied dict param aspirate_wait_time=1.6
2026-04-21 19:04:23,918 - DEBUG - Applied dict param dispense_wait_time=3.6
2026-04-21 19:04:23,918 - DEBUG - Applied dict param pre_asp_air_vol=0.0
2026-04-21 19:04:23,918 - DEBUG - Applied dict param retract_speed=5.0
2026-04-21 19:04:23,918 - DEBUG - Applied dict param blowout_vol=0.179
2026-04-21 19:04:23,918 - DEBUG - Applied dict param post_asp_air_vol=0.0
2026-04-21 19:04:23,918 - DEBUG - Applied dict param post_retract_wait_time=0.0
2026-04-21 19:04:23,918 - DEBUG - Applied dict param overaspirate_vol=0.0046
2026-04-21 19:04:23,918 - DEBUG - Applied dict param asp_disp_cycles=0
2026-04-21 19:04:23,920 - INFO - Pipetting into vial PVA_DMSO, amount: 0.050 mL
2026-04-21 19:04:23,921 - DEBUG - Adjusting pump 0 speed to 9
2026-04-21 19:04:25,781 - INFO - Short wait time (1.0s), allowing scale to settle after robot positioning...
2026-04-21 19:04:26,788 - INFO - Started continuous mass monitoring with pre-dispense baseline
2026-04-21 19:04:26,949 - DEBUG - Mass: 15.2679g at 0.000s (baseline_pre) steady=False
2026-04-21 19:04:27,351 - DEBUG - Mass: 15.2679g at 0.362s (baseline_pre) steady=True
2026-04-21 19:04:27,751 - DEBUG - Mass: 15.2679g at 0.773s (baseline_pre) steady=True
2026-04-21 19:04:28,150 - DEBUG - Mass: 15.2679g at 1.166s (baseline_pre) steady=True
2026-04-21 19:04:28,551 - DEBUG - Mass: 15.2679g at 1.570s (baseline_pre) steady=True
2026-04-21 19:04:28,797 - DEBUG - Dispensing 0.055 mL then waiting 3.6 s
2026-04-21 19:04:28,951 - DEBUG - Mass: 15.2679g at 1.978s (baseline_pre) steady=True
2026-04-21 19:04:29,349 - DEBUG - Mass: 15.2830g at 2.367s (dispensing) steady=False
2026-04-21 19:04:29,425 - DEBUG - Blowing out 0.179 mL
2026-04-21 19:04:29,425 - DEBUG - Adjusting pump 0 speed to 5
2026-04-21 19:04:29,749 - DEBUG - Mass: 15.3150g at 2.777s (dispensing) steady=False
2026-04-21 19:04:30,149 - DEBUG - Mass: 15.3268g at 3.168s (dispensing) steady=False
2026-04-21 19:04:30,549 - DEBUG - Mass: 15.3263g at 3.561s (dispensing) steady=False
2026-04-21 19:04:30,616 - DEBUG - Adjusting pump 0 speed to 9
2026-04-21 19:04:30,949 - DEBUG - Mass: 15.3241g at 3.970s (dispensing) steady=False
2026-04-21 19:04:31,348 - DEBUG - Mass: 15.3267g at 4.362s (dispensing) steady=False
2026-04-21 19:04:31,750 - DEBUG - Mass: 15.3298g at 4.768s (dispensing) steady=False
2026-04-21 19:04:32,149 - DEBUG - Mass: 15.3265g at 5.176s (dispensing) steady=False
2026-04-21 19:04:32,549 - DEBUG - Mass: 15.3250g at 5.565s (dispensing) steady=False
2026-04-21 19:04:32,949 - DEBUG - Mass: 15.3250g at 5.974s (dispensing) steady=False
2026-04-21 19:04:33,349 - DEBUG - Mass: 15.3251g at 6.365s (dispensing) steady=False
2026-04-21 19:04:33,749 - DEBUG - Mass: 15.3252g at 6.771s (dispensing) steady=False
2026-04-21 19:04:34,151 - DEBUG - Mass: 15.3252g at 7.162s (dispensing) steady=True
2026-04-21 19:04:34,550 - DEBUG - Mass: 15.3252g at 7.572s (dispensing) steady=True
2026-04-21 19:04:34,950 - DEBUG - Mass: 15.3252g at 7.966s (dispensing) steady=True
2026-04-21 19:04:35,351 - DEBUG - Mass: 15.3252g at 8.378s (dispensing) steady=True
2026-04-21 19:04:35,494 - INFO - Dispensing took 6.697s, collecting post-dispense baseline
2026-04-21 19:04:35,750 - DEBUG - Mass: 15.3252g at 8.769s (baseline_post) steady=True
2026-04-21 19:04:36,150 - DEBUG - Mass: 15.3252g at 9.177s (baseline_post) steady=True
2026-04-21 19:04:36,551 - DEBUG - Mass: 15.3252g at 9.566s (baseline_post) steady=True
2026-04-21 19:04:36,951 - DEBUG - Mass: 15.3252g at 9.977s (baseline_post) steady=True
2026-04-21 19:04:37,350 - DEBUG - Mass: 15.3252g at 10.372s (baseline_post) steady=True
2026-04-21 19:04:37,554 - INFO - Stopped continuous mass monitoring. Collected 27 data points
2026-04-21 19:04:37,557 - INFO - Pre-baseline: 5 stable readings, avg=15.267900g
2026-04-21 19:04:37,557 - INFO - Post-baseline: 5 stable readings, avg=15.325200g
2026-04-21 19:04:37,558 - INFO - INDEPENDENT BASELINE calculation:
2026-04-21 19:04:37,558 - INFO - Pre: STABLE, Post: STABLE, Mass difference: 0.057300g
2026-04-21 19:04:37,559 - INFO - Reading summary: 6 pre-readings (5 stable), 5 post-readings (5 stable)
2026-04-21 19:04:37,559 - INFO - Baseline variability: pre_std=0.000000g, post_std=0.000000g
2026-04-21 19:04:37,559 - INFO - Target: 0.050 mL = ~0.050000 g for water
2026-04-21 19:04:37,561 - INFO - Saved 27 mass measurements to output\mass_measurements\experiment_log2026-04-21_19-03-14\mass_data_PVA_DMSO_20260421_190437.csv
2026-04-21 19:04:38,009 - INFO - Saved dispense mass vs time plot to output\mass_measurements\experiment_log2026-04-21_19-03-14\mass_plot_PVA_DMSO_20260421_190437.png
2026-04-21 19:04:38,009 - INFO - Removing pipet
2026-04-21 19:04:41,319 - INFO - Vial PVA_DMSO already at clamp index 0, no move needed
2026-04-21 19:04:53,204 - INFO - Vial PVA_DMSO already at clamp index 0, no move needed
2026-04-21 19:04:53,351 - DEBUG - Applied dict param aspirate_speed=21
2026-04-21 19:04:53,351 - DEBUG - Applied dict param dispense_speed=19
2026-04-21 19:04:53,351 - DEBUG - Applied dict param aspirate_wait_time=2.5
2026-04-21 19:04:53,351 - DEBUG - Applied dict param dispense_wait_time=1.4000000000000001
2026-04-21 19:04:53,351 - DEBUG - Applied dict param pre_asp_air_vol=0.0
2026-04-21 19:04:53,351 - DEBUG - Applied dict param retract_speed=5.0
2026-04-21 19:04:53,351 - DEBUG - Applied dict param blowout_vol=0.182
2026-04-21 19:04:53,351 - DEBUG - Applied dict param post_asp_air_vol=0.0
2026-04-21 19:04:53,351 - DEBUG - Applied dict param post_retract_wait_time=0.0
2026-04-21 19:04:53,352 - DEBUG - Applied dict param overaspirate_vol=0.0
2026-04-21 19:04:53,352 - DEBUG - Applied dict param asp_disp_cycles=0
2026-04-21 19:04:53,353 - DEBUG - Selected small_tip for volume 0.050 mL
2026-04-21 19:04:53,354 - INFO - Getting small_tip (pipet number 18) from rack: small_tip_rack_1
2026-04-21 19:04:56,233 - INFO - Pipetting from vial PVA_DMSO, amount: 0.050 mL
2026-04-21 19:04:56,234 - INFO - Additional volume from calibration, amount: 0.000 mL
2026-04-21 19:04:56,235 - DEBUG - Adjusting pump 0 speed to 10
2026-04-21 19:04:58,618 - DEBUG - Adjusting pump 0 speed to 21
2026-04-21 19:04:59,645 - DEBUG - Aspirating 0.050 mL then waiting 2.5 s
2026-04-21 19:05:05,198 - DEBUG - Applied dict param aspirate_speed=21
2026-04-21 19:05:05,198 - DEBUG - Applied dict param dispense_speed=19
2026-04-21 19:05:05,198 - DEBUG - Applied dict param aspirate_wait_time=2.5
2026-04-21 19:05:05,199 - DEBUG - Applied dict param dispense_wait_time=1.4000000000000001
2026-04-21 19:05:05,199 - DEBUG - Applied dict param pre_asp_air_vol=0.0
2026-04-21 19:05:05,199 - DEBUG - Applied dict param retract_speed=5.0
2026-04-21 19:05:05,199 - DEBUG - Applied dict param blowout_vol=0.182
2026-04-21 19:05:05,199 - DEBUG - Applied dict param post_asp_air_vol=0.0
2026-04-21 19:05:05,199 - DEBUG - Applied dict param post_retract_wait_time=0.0
2026-04-21 19:05:05,199 - DEBUG - Applied dict param overaspirate_vol=0.0
2026-04-21 19:05:05,199 - DEBUG - Applied dict param asp_disp_cycles=0
2026-04-21 19:05:05,200 - INFO - Pipetting into vial PVA_DMSO, amount: 0.050 mL
2026-04-21 19:05:05,201 - DEBUG - Adjusting pump 0 speed to 19
2026-04-21 19:05:07,057 - INFO - Short wait time (1.0s), allowing scale to settle after robot positioning...
2026-04-21 19:05:08,065 - INFO - Started continuous mass monitoring with pre-dispense baseline
2026-04-21 19:05:08,349 - DEBUG - Mass: 15.2727g at 0.000s (baseline_pre) steady=False
2026-04-21 19:05:08,748 - DEBUG - Mass: 15.2728g at 0.487s (baseline_pre) steady=False
2026-04-21 19:05:09,149 - DEBUG - Mass: 15.2727g at 0.892s (baseline_pre) steady=False
2026-04-21 19:05:09,551 - DEBUG - Mass: 15.2728g at 1.286s (baseline_pre) steady=True
2026-04-21 19:05:09,950 - DEBUG - Mass: 15.2728g at 1.693s (baseline_pre) steady=True
2026-04-21 19:05:10,074 - DEBUG - Dispensing 0.050 mL then waiting 1.4000000000000001 s
2026-04-21 19:05:10,350 - DEBUG - Mass: 15.2728g at 2.087s (dispensing) steady=True
2026-04-21 19:05:10,749 - DEBUG - Mass: 15.2778g at 2.494s (dispensing) steady=False
2026-04-21 19:05:11,149 - DEBUG - Mass: 15.2911g at 2.891s (dispensing) steady=False
2026-04-21 19:05:11,549 - DEBUG - Mass: 15.3035g at 3.297s (dispensing) steady=False
2026-04-21 19:05:11,949 - DEBUG - Mass: 15.3168g at 3.686s (dispensing) steady=False
2026-04-21 19:05:12,019 - DEBUG - Blowing out 0.182 mL
2026-04-21 19:05:12,019 - DEBUG - Adjusting pump 0 speed to 5
2026-04-21 19:05:12,349 - DEBUG - Mass: 15.3254g at 4.095s (dispensing) steady=False
2026-04-21 19:05:12,750 - DEBUG - Mass: 15.3312g at 4.485s (dispensing) steady=False
2026-04-21 19:05:13,149 - DEBUG - Mass: 15.3311g at 4.892s (dispensing) steady=False
2026-04-21 19:05:13,223 - DEBUG - Adjusting pump 0 speed to 19
2026-04-21 19:05:13,549 - DEBUG - Mass: 15.3274g at 5.300s (dispensing) steady=False
2026-04-21 19:05:13,949 - DEBUG - Mass: 15.3306g at 5.691s (dispensing) steady=False
2026-04-21 19:05:14,349 - DEBUG - Mass: 15.3307g at 6.099s (dispensing) steady=False
2026-04-21 19:05:14,749 - DEBUG - Mass: 15.3322g at 6.491s (dispensing) steady=False
2026-04-21 19:05:15,150 - DEBUG - Mass: 15.3328g at 6.884s (dispensing) steady=False
2026-04-21 19:05:15,549 - DEBUG - Mass: 15.3320g at 7.292s (dispensing) steady=False
2026-04-21 19:05:15,948 - DEBUG - Mass: 15.3322g at 7.685s (dispensing) steady=False
2026-04-21 19:05:16,350 - DEBUG - Mass: 15.3317g at 8.092s (dispensing) steady=False
2026-04-21 19:05:16,749 - DEBUG - Mass: 15.3317g at 8.486s (dispensing) steady=False
2026-04-21 19:05:17,150 - DEBUG - Mass: 15.3319g at 8.895s (dispensing) steady=True
2026-04-21 19:05:17,550 - DEBUG - Mass: 15.3319g at 9.288s (dispensing) steady=True
2026-04-21 19:05:17,950 - DEBUG - Mass: 15.3319g at 9.695s (dispensing) steady=True
2026-04-21 19:05:18,351 - DEBUG - Mass: 15.3319g at 10.090s (dispensing) steady=True
2026-04-21 19:05:18,750 - DEBUG - Mass: 15.3319g at 10.494s (dispensing) steady=True
2026-04-21 19:05:19,151 - DEBUG - Mass: 15.3319g at 10.887s (dispensing) steady=True
2026-04-21 19:05:19,551 - DEBUG - Mass: 15.3319g at 11.298s (dispensing) steady=True
2026-04-21 19:05:19,950 - DEBUG - Mass: 15.3319g at 11.690s (dispensing) steady=True
2026-04-21 19:05:20,349 - DEBUG - Mass: 15.3279g at 12.096s (dispensing) steady=False
2026-04-21 19:05:20,748 - DEBUG - Mass: 15.3276g at 12.490s (dispensing) steady=False
2026-04-21 19:05:21,150 - DEBUG - Mass: 15.3275g at 12.897s (dispensing) steady=False
2026-04-21 19:05:21,430 - INFO - Dispensing took 11.357s, collecting post-dispense baseline
2026-04-21 19:05:21,549 - DEBUG - Mass: 15.3276g at 13.287s (dispensing) steady=False
2026-04-21 19:05:21,951 - DEBUG - Mass: 15.3275g at 13.696s (baseline_post) steady=True
2026-04-21 19:05:22,351 - DEBUG - Mass: 15.3275g at 14.101s (baseline_post) steady=True
2026-04-21 19:05:22,750 - DEBUG - Mass: 15.3275g at 14.489s (baseline_post) steady=True
2026-04-21 19:05:23,150 - DEBUG - Mass: 15.3275g at 14.898s (baseline_post) steady=True
2026-04-21 19:05:23,550 - DEBUG - Mass: 15.3275g at 15.292s (baseline_post) steady=True
2026-04-21 19:05:23,751 - INFO - Stopped continuous mass monitoring. Collected 39 data points
2026-04-21 19:05:23,755 - INFO - Pre-baseline: 2 stable readings, avg=15.272800g
2026-04-21 19:05:23,755 - INFO - Post-baseline: 5 stable readings, avg=15.327500g
2026-04-21 19:05:23,755 - INFO - INDEPENDENT BASELINE calculation:
2026-04-21 19:05:23,755 - INFO - Pre: STABLE, Post: STABLE, Mass difference: 0.054700g
2026-04-21 19:05:23,757 - INFO - Reading summary: 5 pre-readings (2 stable), 5 post-readings (5 stable)
2026-04-21 19:05:23,757 - INFO - Baseline variability: pre_std=0.000055g, post_std=0.000000g
2026-04-21 19:05:23,757 - INFO - Target: 0.050 mL = ~0.050000 g for water
2026-04-21 19:05:23,760 - INFO - Saved 39 mass measurements to output\mass_measurements\experiment_log2026-04-21_19-03-14\mass_data_PVA_DMSO_20260421_190523.csv
2026-04-21 19:05:24,246 - INFO - Saved dispense mass vs time plot to output\mass_measurements\experiment_log2026-04-21_19-03-14\mass_plot_PVA_DMSO_20260421_190523.png
2026-04-21 19:05:24,246 - INFO - Removing pipet
2026-04-21 19:05:27,565 - INFO - Vial PVA_DMSO already at clamp index 0, no move needed
2026-04-21 19:05:28,556 - INFO - Vial PVA_DMSO already at clamp index 0, no move needed
2026-04-21 19:05:28,751 - DEBUG - Applied dict param aspirate_speed=21
2026-04-21 19:05:28,751 - DEBUG - Applied dict param dispense_speed=19
2026-04-21 19:05:28,751 - DEBUG - Applied dict param aspirate_wait_time=2.5
2026-04-21 19:05:28,751 - DEBUG - Applied dict param dispense_wait_time=1.4000000000000001
2026-04-21 19:05:28,751 - DEBUG - Applied dict param pre_asp_air_vol=0.0
2026-04-21 19:05:28,751 - DEBUG - Applied dict param retract_speed=5.0
2026-04-21 19:05:28,751 - DEBUG - Applied dict param blowout_vol=0.182
2026-04-21 19:05:28,751 - DEBUG - Applied dict param post_asp_air_vol=0.0
2026-04-21 19:05:28,751 - DEBUG - Applied dict param post_retract_wait_time=0.0
2026-04-21 19:05:28,751 - DEBUG - Applied dict param overaspirate_vol=0.0
2026-04-21 19:05:28,751 - DEBUG - Applied dict param asp_disp_cycles=0
2026-04-21 19:05:28,752 - DEBUG - Selected small_tip for volume 0.050 mL
2026-04-21 19:05:28,753 - INFO - Getting small_tip (pipet number 19) from rack: small_tip_rack_1
2026-04-21 19:05:31,620 - INFO - Pipetting from vial PVA_DMSO, amount: 0.050 mL
2026-04-21 19:05:31,620 - INFO - Additional volume from calibration, amount: 0.000 mL
2026-04-21 19:05:31,621 - DEBUG - Adjusting pump 0 speed to 10
2026-04-21 19:05:34,000 - DEBUG - Adjusting pump 0 speed to 21
2026-04-21 19:05:35,020 - DEBUG - Aspirating 0.050 mL then waiting 2.5 s
2026-04-21 19:05:40,558 - DEBUG - Applied dict param aspirate_speed=21
2026-04-21 19:05:40,559 - DEBUG - Applied dict param dispense_speed=19
2026-04-21 19:05:40,559 - DEBUG - Applied dict param aspirate_wait_time=2.5
2026-04-21 19:05:40,559 - DEBUG - Applied dict param dispense_wait_time=1.4000000000000001
2026-04-21 19:05:40,559 - DEBUG - Applied dict param pre_asp_air_vol=0.0
2026-04-21 19:05:40,559 - DEBUG - Applied dict param retract_speed=5.0
2026-04-21 19:05:40,559 - DEBUG - Applied dict param blowout_vol=0.182
2026-04-21 19:05:40,559 - DEBUG - Applied dict param post_asp_air_vol=0.0
2026-04-21 19:05:40,559 - DEBUG - Applied dict param post_retract_wait_time=0.0
2026-04-21 19:05:40,559 - DEBUG - Applied dict param overaspirate_vol=0.0
2026-04-21 19:05:40,559 - DEBUG - Applied dict param asp_disp_cycles=0
2026-04-21 19:05:40,560 - INFO - Pipetting into vial PVA_DMSO, amount: 0.050 mL
2026-04-21 19:05:40,561 - DEBUG - Adjusting pump 0 speed to 19
2026-04-21 19:05:42,409 - INFO - Short wait time (1.0s), allowing scale to settle after robot positioning...
2026-04-21 19:05:43,418 - INFO - Started continuous mass monitoring with pre-dispense baseline
2026-04-21 19:05:43,548 - DEBUG - Mass: 15.2825g at 0.000s (baseline_pre) steady=False
2026-04-21 19:05:43,948 - DEBUG - Mass: 15.2827g at 0.346s (baseline_pre) steady=False
2026-04-21 19:05:44,349 - DEBUG - Mass: 15.2822g at 0.739s (baseline_pre) steady=False
2026-04-21 19:05:44,749 - DEBUG - Mass: 15.2821g at 1.147s (baseline_pre) steady=False
2026-04-21 19:05:45,151 - DEBUG - Mass: 15.2823g at 1.541s (baseline_pre) steady=True
2026-04-21 19:05:45,432 - DEBUG - Dispensing 0.050 mL then waiting 1.4000000000000001 s
2026-04-21 19:05:45,550 - DEBUG - Mass: 15.2823g at 1.936s (baseline_pre) steady=True
2026-04-21 19:05:45,948 - DEBUG - Mass: 15.2855g at 2.341s (dispensing) steady=False
2026-04-21 19:05:46,348 - DEBUG - Mass: 15.2923g at 2.734s (dispensing) steady=False
2026-04-21 19:05:46,750 - DEBUG - Mass: 15.3033g at 3.141s (dispensing) steady=False
2026-04-21 19:05:47,149 - DEBUG - Mass: 15.3171g at 3.534s (dispensing) steady=False
2026-04-21 19:05:47,374 - DEBUG - Blowing out 0.182 mL
2026-04-21 19:05:47,374 - DEBUG - Adjusting pump 0 speed to 5
2026-04-21 19:05:47,548 - DEBUG - Mass: 15.3255g at 3.941s (dispensing) steady=False
2026-04-21 19:05:47,950 - DEBUG - Mass: 15.3399g at 4.334s (dispensing) steady=False
2026-04-21 19:05:48,349 - DEBUG - Mass: 15.3388g at 4.740s (dispensing) steady=False
2026-04-21 19:05:48,748 - DEBUG - Mass: 15.3376g at 5.132s (dispensing) steady=False
2026-04-21 19:05:48,816 - DEBUG - Adjusting pump 0 speed to 19
2026-04-21 19:05:49,150 - DEBUG - Mass: 15.3355g at 5.540s (dispensing) steady=False
2026-04-21 19:05:49,549 - DEBUG - Mass: 15.3387g at 5.934s (dispensing) steady=False
2026-04-21 19:05:49,948 - DEBUG - Mass: 15.3397g at 6.343s (dispensing) steady=False
2026-04-21 19:05:50,350 - DEBUG - Mass: 15.3402g at 6.737s (dispensing) steady=False
2026-04-21 19:05:50,748 - DEBUG - Mass: 15.3400g at 7.142s (dispensing) steady=False
2026-04-21 19:05:51,149 - DEBUG - Mass: 15.3399g at 7.547s (dispensing) steady=False
2026-04-21 19:05:51,548 - DEBUG - Mass: 15.3403g at 7.938s (dispensing) steady=False
2026-04-21 19:05:51,950 - DEBUG - Mass: 15.3403g at 8.333s (dispensing) steady=True
2026-04-21 19:05:52,351 - DEBUG - Mass: 15.3403g at 8.738s (dispensing) steady=True
2026-04-21 19:05:52,751 - DEBUG - Mass: 15.3403g at 9.144s (dispensing) steady=True
2026-04-21 19:05:53,150 - DEBUG - Mass: 15.3403g at 9.534s (dispensing) steady=True
2026-04-21 19:05:53,551 - DEBUG - Mass: 15.3404g at 9.940s (dispensing) steady=True
2026-04-21 19:05:53,951 - DEBUG - Mass: 15.3404g at 10.337s (dispensing) steady=True
2026-04-21 19:05:54,350 - DEBUG - Mass: 15.3404g at 10.744s (dispensing) steady=True
2026-04-21 19:05:54,751 - DEBUG - Mass: 15.3404g at 11.137s (dispensing) steady=True
2026-04-21 19:05:55,151 - DEBUG - Mass: 15.3404g at 11.546s (dispensing) steady=True
2026-04-21 19:05:55,551 - DEBUG - Mass: 15.3404g at 11.937s (dispensing) steady=True
2026-04-21 19:05:55,949 - DEBUG - Mass: 15.3369g at 12.344s (dispensing) steady=False
2026-04-21 19:05:56,349 - DEBUG - Mass: 15.3359g at 12.733s (dispensing) steady=False
2026-04-21 19:05:56,750 - DEBUG - Mass: 15.3359g at 13.139s (dispensing) steady=False
2026-04-21 19:05:57,025 - INFO - Dispensing took 11.594s, collecting post-dispense baseline
2026-04-21 19:05:57,149 - DEBUG - Mass: 15.3356g at 13.545s (dispensing) steady=False
2026-04-21 19:05:57,549 - DEBUG - Mass: 15.3363g at 13.938s (baseline_post) steady=False
2026-04-21 19:05:57,950 - DEBUG - Mass: 15.3358g at 14.346s (baseline_post) steady=False
2026-04-21 19:05:58,351 - DEBUG - Mass: 15.3356g at 14.737s (baseline_post) steady=True
2026-04-21 19:05:58,751 - DEBUG - Mass: 15.3356g at 15.147s (baseline_post) steady=True
2026-04-21 19:05:59,150 - DEBUG - Mass: 15.3356g at 15.540s (baseline_post) steady=True
2026-04-21 19:05:59,366 - INFO - Stopped continuous mass monitoring. Collected 40 data points
2026-04-21 19:05:59,369 - INFO - Pre-baseline: 2 stable readings, avg=15.282300g
2026-04-21 19:05:59,370 - INFO - Post-baseline: 3 stable readings, avg=15.335600g
2026-04-21 19:05:59,370 - INFO - INDEPENDENT BASELINE calculation:
2026-04-21 19:05:59,370 - INFO - Pre: STABLE, Post: STABLE, Mass difference: 0.053300g
2026-04-21 19:05:59,371 - INFO - Reading summary: 6 pre-readings (2 stable), 5 post-readings (3 stable)
2026-04-21 19:05:59,371 - INFO - Baseline variability: pre_std=0.000217g, post_std=0.000303g
2026-04-21 19:05:59,371 - INFO - Target: 0.050 mL = ~0.050000 g for water
2026-04-21 19:05:59,373 - INFO - Saved 40 mass measurements to output\mass_measurements\experiment_log2026-04-21_19-03-14\mass_data_PVA_DMSO_20260421_190559.csv
2026-04-21 19:05:59,838 - INFO - Saved dispense mass vs time plot to output\mass_measurements\experiment_log2026-04-21_19-03-14\mass_plot_PVA_DMSO_20260421_190559.png
2026-04-21 19:05:59,839 - INFO - Removing pipet
2026-04-21 19:06:03,163 - INFO - Vial PVA_DMSO already at clamp index 0, no move needed
2026-04-21 19:06:16,379 - INFO - Vial PVA_DMSO already at clamp index 0, no move needed
2026-04-21 19:06:16,550 - DEBUG - Applied dict param aspirate_speed=20
2026-04-21 19:06:16,551 - DEBUG - Applied dict param dispense_speed=13
2026-04-21 19:06:16,551 - DEBUG - Applied dict param aspirate_wait_time=4.7
2026-04-21 19:06:16,551 - DEBUG - Applied dict param dispense_wait_time=9.5
2026-04-21 19:06:16,551 - DEBUG - Applied dict param pre_asp_air_vol=0.0
2026-04-21 19:06:16,551 - DEBUG - Applied dict param retract_speed=5.0
2026-04-21 19:06:16,551 - DEBUG - Applied dict param blowout_vol=0.163
2026-04-21 19:06:16,551 - DEBUG - Applied dict param post_asp_air_vol=0.0
2026-04-21 19:06:16,551 - DEBUG - Applied dict param post_retract_wait_time=0.0
2026-04-21 19:06:16,551 - DEBUG - Applied dict param overaspirate_vol=0.0
2026-04-21 19:06:16,551 - DEBUG - Applied dict param asp_disp_cycles=0
2026-04-21 19:06:16,552 - DEBUG - Selected small_tip for volume 0.050 mL
2026-04-21 19:06:16,553 - INFO - Getting small_tip (pipet number 20) from rack: small_tip_rack_1
2026-04-21 19:06:19,407 - INFO - Pipetting from vial PVA_DMSO, amount: 0.050 mL
2026-04-21 19:06:19,407 - INFO - Additional volume from calibration, amount: 0.000 mL
2026-04-21 19:06:19,408 - DEBUG - Adjusting pump 0 speed to 10
2026-04-21 19:06:21,768 - DEBUG - Adjusting pump 0 speed to 20
2026-04-21 19:06:22,803 - DEBUG - Aspirating 0.050 mL then waiting 4.7 s
2026-04-21 19:06:30,421 - DEBUG - Applied dict param aspirate_speed=20
2026-04-21 19:06:30,421 - DEBUG - Applied dict param dispense_speed=13
2026-04-21 19:06:30,421 - DEBUG - Applied dict param aspirate_wait_time=4.7
2026-04-21 19:06:30,421 - DEBUG - Applied dict param dispense_wait_time=9.5
2026-04-21 19:06:30,421 - DEBUG - Applied dict param pre_asp_air_vol=0.0
2026-04-21 19:06:30,421 - DEBUG - Applied dict param retract_speed=5.0
2026-04-21 19:06:30,421 - DEBUG - Applied dict param blowout_vol=0.163
2026-04-21 19:06:30,421 - DEBUG - Applied dict param post_asp_air_vol=0.0
2026-04-21 19:06:30,421 - DEBUG - Applied dict param post_retract_wait_time=0.0
2026-04-21 19:06:30,421 - DEBUG - Applied dict param overaspirate_vol=0.0
2026-04-21 19:06:30,421 - DEBUG - Applied dict param asp_disp_cycles=0
2026-04-21 19:06:30,423 - INFO - Pipetting into vial PVA_DMSO, amount: 0.050 mL
2026-04-21 19:06:30,423 - DEBUG - Adjusting pump 0 speed to 13
2026-04-21 19:06:32,280 - INFO - Short wait time (1.0s), allowing scale to settle after robot positioning...
2026-04-21 19:06:33,283 - INFO - Started continuous mass monitoring with pre-dispense baseline
2026-04-21 19:06:33,550 - DEBUG - Mass: 15.2926g at 0.000s (baseline_pre) steady=False
2026-04-21 19:06:33,951 - DEBUG - Mass: 15.2928g at 0.478s (baseline_pre) steady=True
2026-04-21 19:06:34,349 - DEBUG - Mass: 15.2928g at 0.872s (baseline_pre) steady=True
2026-04-21 19:06:34,751 - DEBUG - Mass: 15.2928g at 1.284s (baseline_pre) steady=True
2026-04-21 19:06:35,141 - DEBUG - Mass: 15.2928g at 1.677s (baseline_pre) steady=True
2026-04-21 19:06:35,286 - DEBUG - Dispensing 0.050 mL then waiting 9.5 s
2026-04-21 19:06:35,550 - DEBUG - Mass: 15.2928g at 2.083s (dispensing) steady=True
2026-04-21 19:06:35,737 - DEBUG - Blowing out 0.163 mL
2026-04-21 19:06:35,737 - DEBUG - Adjusting pump 0 speed to 5
2026-04-21 19:06:35,948 - DEBUG - Mass: 15.3229g at 2.470s (dispensing) steady=False
2026-04-21 19:06:36,348 - DEBUG - Mass: 15.3467g at 2.869s (dispensing) steady=False
2026-04-21 19:06:36,749 - DEBUG - Mass: 15.3477g at 3.273s (dispensing) steady=False
2026-04-21 19:06:37,005 - DEBUG - Adjusting pump 0 speed to 13
2026-04-21 19:06:37,150 - DEBUG - Mass: 15.3463g at 3.675s (dispensing) steady=False
2026-04-21 19:06:37,541 - DEBUG - Mass: 15.3508g at 4.083s (dispensing) steady=False
2026-04-21 19:06:37,935 - DEBUG - Mass: 15.3477g at 4.472s (dispensing) steady=False
2026-04-21 19:06:38,350 - DEBUG - Mass: 15.3504g at 4.872s (dispensing) steady=False
2026-04-21 19:06:38,740 - DEBUG - Mass: 15.3512g at 5.275s (dispensing) steady=False
2026-04-21 19:06:39,141 - DEBUG - Mass: 15.3469g at 5.672s (dispensing) steady=False
2026-04-21 19:06:39,549 - DEBUG - Mass: 15.3457g at 6.071s (dispensing) steady=False
2026-04-21 19:06:39,947 - DEBUG - Mass: 15.3457g at 6.468s (dispensing) steady=False
2026-04-21 19:06:40,349 - DEBUG - Mass: 15.3457g at 6.875s (dispensing) steady=False
2026-04-21 19:06:40,748 - DEBUG - Mass: 15.3459g at 7.279s (dispensing) steady=False
2026-04-21 19:06:41,149 - DEBUG - Mass: 15.3456g at 7.671s (dispensing) steady=False
2026-04-21 19:06:41,551 - DEBUG - Mass: 15.3458g at 8.076s (dispensing) steady=True
2026-04-21 19:06:41,951 - DEBUG - Mass: 15.3458g at 8.470s (dispensing) steady=True
2026-04-21 19:06:42,351 - DEBUG - Mass: 15.3458g at 8.881s (dispensing) steady=True
2026-04-21 19:06:42,751 - DEBUG - Mass: 15.3458g at 9.272s (dispensing) steady=True
2026-04-21 19:06:43,151 - DEBUG - Mass: 15.3458g at 9.681s (dispensing) steady=True
2026-04-21 19:06:43,551 - DEBUG - Mass: 15.3458g at 10.073s (dispensing) steady=True
2026-04-21 19:06:43,951 - DEBUG - Mass: 15.3458g at 10.480s (dispensing) steady=True
2026-04-21 19:06:44,351 - DEBUG - Mass: 15.3458g at 10.872s (dispensing) steady=True
2026-04-21 19:06:44,751 - DEBUG - Mass: 15.3458g at 11.278s (dispensing) steady=True
2026-04-21 19:06:45,151 - DEBUG - Mass: 15.3458g at 11.669s (dispensing) steady=True
2026-04-21 19:06:45,551 - DEBUG - Mass: 15.3458g at 12.075s (dispensing) steady=True
2026-04-21 19:06:45,951 - DEBUG - Mass: 15.3458g at 12.469s (dispensing) steady=True
2026-04-21 19:06:46,352 - DEBUG - Mass: 15.3458g at 12.874s (dispensing) steady=True
2026-04-21 19:06:46,751 - DEBUG - Mass: 15.3458g at 13.284s (dispensing) steady=True
2026-04-21 19:06:47,151 - DEBUG - Mass: 15.3458g at 13.673s (dispensing) steady=True
2026-04-21 19:06:47,550 - DEBUG - Mass: 15.3458g at 14.079s (dispensing) steady=True
2026-04-21 19:06:47,951 - DEBUG - Mass: 15.3457g at 14.473s (dispensing) steady=True
2026-04-21 19:06:48,317 - INFO - Dispensing took 13.031s, collecting post-dispense baseline
2026-04-21 19:06:48,351 - DEBUG - Mass: 15.3457g at 14.881s (dispensing) steady=True
2026-04-21 19:06:48,751 - DEBUG - Mass: 15.3457g at 15.271s (baseline_post) steady=True
2026-04-21 19:06:49,151 - DEBUG - Mass: 15.3457g at 15.675s (baseline_post) steady=True
2026-04-21 19:06:49,551 - DEBUG - Mass: 15.3457g at 16.084s (baseline_post) steady=True
2026-04-21 19:06:49,951 - DEBUG - Mass: 15.3457g at 16.475s (baseline_post) steady=True
2026-04-21 19:06:50,351 - DEBUG - Mass: 15.3457g at 16.884s (baseline_post) steady=True
2026-04-21 19:06:50,558 - INFO - Stopped continuous mass monitoring. Collected 43 data points
2026-04-21 19:06:50,562 - INFO - Pre-baseline: 4 stable readings, avg=15.292800g
2026-04-21 19:06:50,562 - INFO - Post-baseline: 5 stable readings, avg=15.345700g
2026-04-21 19:06:50,562 - INFO - INDEPENDENT BASELINE calculation:
2026-04-21 19:06:50,562 - INFO - Pre: STABLE, Post: STABLE, Mass difference: 0.052900g
2026-04-21 19:06:50,563 - INFO - Reading summary: 5 pre-readings (4 stable), 5 post-readings (5 stable)
2026-04-21 19:06:50,563 - INFO - Baseline variability: pre_std=0.000089g, post_std=0.000000g
2026-04-21 19:06:50,563 - INFO - Target: 0.050 mL = ~0.050000 g for water
2026-04-21 19:06:50,565 - INFO - Saved 43 mass measurements to output\mass_measurements\experiment_log2026-04-21_19-03-14\mass_data_PVA_DMSO_20260421_190650.csv
2026-04-21 19:06:51,160 - INFO - Saved dispense mass vs time plot to output\mass_measurements\experiment_log2026-04-21_19-03-14\mass_plot_PVA_DMSO_20260421_190650.png
2026-04-21 19:06:51,161 - INFO - Removing pipet
2026-04-21 19:06:54,475 - INFO - Vial PVA_DMSO already at clamp index 0, no move needed
2026-04-21 19:06:55,957 - INFO - Vial PVA_DMSO already at clamp index 0, no move needed
2026-04-21 19:06:56,151 - DEBUG - Applied dict param aspirate_speed=20
2026-04-21 19:06:56,151 - DEBUG - Applied dict param dispense_speed=13
2026-04-21 19:06:56,151 - DEBUG - Applied dict param aspirate_wait_time=4.7
2026-04-21 19:06:56,151 - DEBUG - Applied dict param dispense_wait_time=9.5
2026-04-21 19:06:56,151 - DEBUG - Applied dict param pre_asp_air_vol=0.0
2026-04-21 19:06:56,151 - DEBUG - Applied dict param retract_speed=5.0
2026-04-21 19:06:56,151 - DEBUG - Applied dict param blowout_vol=0.163
2026-04-21 19:06:56,151 - DEBUG - Applied dict param post_asp_air_vol=0.0
2026-04-21 19:06:56,151 - DEBUG - Applied dict param post_retract_wait_time=0.0
2026-04-21 19:06:56,151 - DEBUG - Applied dict param overaspirate_vol=0.0
2026-04-21 19:06:56,151 - DEBUG - Applied dict param asp_disp_cycles=0
2026-04-21 19:06:56,152 - DEBUG - Selected small_tip for volume 0.050 mL
2026-04-21 19:06:56,153 - INFO - Getting small_tip (pipet number 21) from rack: small_tip_rack_1
2026-04-21 19:06:58,996 - INFO - Pipetting from vial PVA_DMSO, amount: 0.050 mL
2026-04-21 19:06:58,996 - INFO - Additional volume from calibration, amount: 0.000 mL
2026-04-21 19:06:58,999 - DEBUG - Adjusting pump 0 speed to 10
2026-04-21 19:07:01,357 - DEBUG - Adjusting pump 0 speed to 20
2026-04-21 19:07:02,387 - DEBUG - Aspirating 0.050 mL then waiting 4.7 s
2026-04-21 19:07:10,018 - DEBUG - Applied dict param aspirate_speed=20
2026-04-21 19:07:10,018 - DEBUG - Applied dict param dispense_speed=13
2026-04-21 19:07:10,018 - DEBUG - Applied dict param aspirate_wait_time=4.7
2026-04-21 19:07:10,018 - DEBUG - Applied dict param dispense_wait_time=9.5
2026-04-21 19:07:10,018 - DEBUG - Applied dict param pre_asp_air_vol=0.0
2026-04-21 19:07:10,018 - DEBUG - Applied dict param retract_speed=5.0
2026-04-21 19:07:10,018 - DEBUG - Applied dict param blowout_vol=0.163
2026-04-21 19:07:10,018 - DEBUG - Applied dict param post_asp_air_vol=0.0
2026-04-21 19:07:10,018 - DEBUG - Applied dict param post_retract_wait_time=0.0
2026-04-21 19:07:10,018 - DEBUG - Applied dict param overaspirate_vol=0.0
2026-04-21 19:07:10,018 - DEBUG - Applied dict param asp_disp_cycles=0
2026-04-21 19:07:10,019 - INFO - Pipetting into vial PVA_DMSO, amount: 0.050 mL
2026-04-21 19:07:10,021 - DEBUG - Adjusting pump 0 speed to 13
2026-04-21 19:07:11,856 - INFO - Short wait time (1.0s), allowing scale to settle after robot positioning...
2026-04-21 19:07:12,870 - INFO - Started continuous mass monitoring with pre-dispense baseline
2026-04-21 19:07:13,149 - DEBUG - Mass: 15.2915g at 0.000s (baseline_pre) steady=False
2026-04-21 19:07:13,550 - DEBUG - Mass: 15.2914g at 0.487s (baseline_pre) steady=False
2026-04-21 19:07:13,951 - DEBUG - Mass: 15.2914g at 0.895s (baseline_pre) steady=True
2026-04-21 19:07:14,352 - DEBUG - Mass: 15.2914g at 1.289s (baseline_pre) steady=True
2026-04-21 19:07:14,751 - DEBUG - Mass: 15.2914g at 1.697s (baseline_pre) steady=True
2026-04-21 19:07:14,879 - DEBUG - Dispensing 0.050 mL then waiting 9.5 s
2026-04-21 19:07:15,151 - DEBUG - Mass: 15.2914g at 2.088s (dispensing) steady=True
2026-04-21 19:07:15,381 - DEBUG - Blowing out 0.163 mL
2026-04-21 19:07:15,381 - DEBUG - Adjusting pump 0 speed to 5
2026-04-21 19:07:15,549 - DEBUG - Mass: 15.3197g at 2.496s (dispensing) steady=False
2026-04-21 19:07:15,949 - DEBUG - Mass: 15.3465g at 2.885s (dispensing) steady=False
2026-04-21 19:07:16,350 - DEBUG - Mass: 15.3462g at 3.280s (dispensing) steady=False
2026-04-21 19:07:16,573 - DEBUG - Adjusting pump 0 speed to 13
2026-04-21 19:07:16,749 - DEBUG - Mass: 15.3440g at 3.687s (dispensing) steady=False
2026-04-21 19:07:17,148 - DEBUG - Mass: 15.3485g at 4.094s (dispensing) steady=False
2026-04-21 19:07:17,550 - DEBUG - Mass: 15.3458g at 4.487s (dispensing) steady=False
2026-04-21 19:07:17,949 - DEBUG - Mass: 15.3490g at 4.895s (dispensing) steady=False
2026-04-21 19:07:18,349 - DEBUG - Mass: 15.3500g at 5.286s (dispensing) steady=False
2026-04-21 19:07:18,750 - DEBUG - Mass: 15.3453g at 5.693s (dispensing) steady=False
2026-04-21 19:07:19,150 - DEBUG - Mass: 15.3448g at 6.083s (dispensing) steady=False
2026-04-21 19:07:19,549 - DEBUG - Mass: 15.3447g at 6.491s (dispensing) steady=False
2026-04-21 19:07:19,951 - DEBUG - Mass: 15.3447g at 6.883s (dispensing) steady=True
2026-04-21 19:07:20,351 - DEBUG - Mass: 15.3447g at 7.292s (dispensing) steady=True
2026-04-21 19:07:20,752 - DEBUG - Mass: 15.3447g at 7.682s (dispensing) steady=True
2026-04-21 19:07:21,151 - DEBUG - Mass: 15.3447g at 8.094s (dispensing) steady=True
2026-04-21 19:07:21,551 - DEBUG - Mass: 15.3447g at 8.486s (dispensing) steady=True
2026-04-21 19:07:21,952 - DEBUG - Mass: 15.3447g at 8.894s (dispensing) steady=True
2026-04-21 19:07:22,351 - DEBUG - Mass: 15.3447g at 9.285s (dispensing) steady=True
2026-04-21 19:07:22,751 - DEBUG - Mass: 15.3447g at 9.689s (dispensing) steady=True
2026-04-21 19:07:23,152 - DEBUG - Mass: 15.3447g at 10.082s (dispensing) steady=True
2026-04-21 19:07:23,551 - DEBUG - Mass: 15.3447g at 10.486s (dispensing) steady=True
2026-04-21 19:07:23,951 - DEBUG - Mass: 15.3447g at 10.897s (dispensing) steady=True
2026-04-21 19:07:24,352 - DEBUG - Mass: 15.3447g at 11.288s (dispensing) steady=True
2026-04-21 19:07:24,751 - DEBUG - Mass: 15.3447g at 11.697s (dispensing) steady=True
2026-04-21 19:07:25,151 - DEBUG - Mass: 15.3447g at 12.088s (dispensing) steady=True
2026-04-21 19:07:25,551 - DEBUG - Mass: 15.3447g at 12.497s (dispensing) steady=True
2026-04-21 19:07:25,951 - DEBUG - Mass: 15.3447g at 12.885s (dispensing) steady=True
2026-04-21 19:07:26,351 - DEBUG - Mass: 15.3447g at 13.296s (dispensing) steady=True
2026-04-21 19:07:26,752 - DEBUG - Mass: 15.3447g at 13.691s (dispensing) steady=True
2026-04-21 19:07:27,151 - DEBUG - Mass: 15.3447g at 14.095s (dispensing) steady=True
2026-04-21 19:07:27,551 - DEBUG - Mass: 15.3447g at 14.487s (dispensing) steady=True
2026-04-21 19:07:27,922 - INFO - Dispensing took 13.043s, collecting post-dispense baseline
2026-04-21 19:07:27,950 - DEBUG - Mass: 15.3447g at 14.895s (dispensing) steady=True
2026-04-21 19:07:28,352 - DEBUG - Mass: 15.3446g at 15.287s (baseline_post) steady=True
2026-04-21 19:07:28,751 - DEBUG - Mass: 15.3446g at 15.694s (baseline_post) steady=True
2026-04-21 19:07:29,151 - DEBUG - Mass: 15.3446g at 16.086s (baseline_post) steady=True
2026-04-21 19:07:29,551 - DEBUG - Mass: 15.3446g at 16.497s (baseline_post) steady=True
2026-04-21 19:07:29,951 - DEBUG - Mass: 15.3446g at 16.889s (baseline_post) steady=True
2026-04-21 19:07:30,166 - INFO - Stopped continuous mass monitoring. Collected 43 data points
2026-04-21 19:07:30,170 - INFO - Pre-baseline: 3 stable readings, avg=15.291400g
2026-04-21 19:07:30,170 - INFO - Post-baseline: 5 stable readings, avg=15.344600g
2026-04-21 19:07:30,171 - INFO - INDEPENDENT BASELINE calculation:
2026-04-21 19:07:30,171 - INFO - Pre: STABLE, Post: STABLE, Mass difference: 0.053200g
2026-04-21 19:07:30,172 - INFO - Reading summary: 5 pre-readings (3 stable), 5 post-readings (5 stable)
2026-04-21 19:07:30,172 - INFO - Baseline variability: pre_std=0.000045g, post_std=0.000000g
2026-04-21 19:07:30,172 - INFO - Target: 0.050 mL = ~0.050000 g for water
2026-04-21 19:07:30,174 - INFO - Saved 43 mass measurements to output\mass_measurements\experiment_log2026-04-21_19-03-14\mass_data_PVA_DMSO_20260421_190730.csv
2026-04-21 19:07:30,643 - INFO - Saved dispense mass vs time plot to output\mass_measurements\experiment_log2026-04-21_19-03-14\mass_plot_PVA_DMSO_20260421_190730.png
2026-04-21 19:07:30,644 - INFO - Removing pipet
2026-04-21 19:07:33,951 - INFO - Vial PVA_DMSO already at clamp index 0, no move needed
2026-04-21 19:07:49,422 - INFO - Vial PVA_DMSO already at clamp index 0, no move needed
2026-04-21 19:07:49,551 - DEBUG - Applied dict param aspirate_speed=22
2026-04-21 19:07:49,552 - DEBUG - Applied dict param dispense_speed=30
2026-04-21 19:07:49,552 - DEBUG - Applied dict param aspirate_wait_time=0.0
2026-04-21 19:07:49,552 - DEBUG - Applied dict param dispense_wait_time=2.2
2026-04-21 19:07:49,552 - DEBUG - Applied dict param pre_asp_air_vol=0.0
2026-04-21 19:07:49,552 - DEBUG - Applied dict param retract_speed=5.0
2026-04-21 19:07:49,552 - DEBUG - Applied dict param blowout_vol=0.145
2026-04-21 19:07:49,552 - DEBUG - Applied dict param post_asp_air_vol=0.0
2026-04-21 19:07:49,552 - DEBUG - Applied dict param post_retract_wait_time=0.0
2026-04-21 19:07:49,552 - DEBUG - Applied dict param overaspirate_vol=0.015300000000000001
2026-04-21 19:07:49,552 - DEBUG - Applied dict param asp_disp_cycles=0
2026-04-21 19:07:49,553 - DEBUG - Selected small_tip for volume 0.050 mL
2026-04-21 19:07:49,554 - INFO - Getting small_tip (pipet number 22) from rack: small_tip_rack_1
2026-04-21 19:07:52,394 - INFO - Pipetting from vial PVA_DMSO, amount: 0.050 mL
2026-04-21 19:07:52,394 - INFO - Additional volume from calibration, amount: 0.015 mL
2026-04-21 19:07:52,396 - DEBUG - Adjusting pump 0 speed to 10
2026-04-21 19:07:54,729 - DEBUG - Adjusting pump 0 speed to 22
2026-04-21 19:07:55,772 - DEBUG - Aspirating 0.065 mL then waiting 0.0 s
2026-04-21 19:07:59,538 - DEBUG - Applied dict param aspirate_speed=22
2026-04-21 19:07:59,538 - DEBUG - Applied dict param dispense_speed=30
2026-04-21 19:07:59,538 - DEBUG - Applied dict param aspirate_wait_time=0.0
2026-04-21 19:07:59,538 - DEBUG - Applied dict param dispense_wait_time=2.2
2026-04-21 19:07:59,538 - DEBUG - Applied dict param pre_asp_air_vol=0.0
2026-04-21 19:07:59,538 - DEBUG - Applied dict param retract_speed=5.0
2026-04-21 19:07:59,538 - DEBUG - Applied dict param blowout_vol=0.145
2026-04-21 19:07:59,538 - DEBUG - Applied dict param post_asp_air_vol=0.0
2026-04-21 19:07:59,538 - DEBUG - Applied dict param post_retract_wait_time=0.0
2026-04-21 19:07:59,538 - DEBUG - Applied dict param overaspirate_vol=0.015300000000000001
2026-04-21 19:07:59,538 - DEBUG - Applied dict param asp_disp_cycles=0
2026-04-21 19:07:59,540 - INFO - Pipetting into vial PVA_DMSO, amount: 0.050 mL
2026-04-21 19:07:59,540 - DEBUG - Adjusting pump 0 speed to 30
2026-04-21 19:08:01,397 - INFO - Short wait time (1.0s), allowing scale to settle after robot positioning...
2026-04-21 19:08:02,405 - INFO - Started continuous mass monitoring with pre-dispense baseline
2026-04-21 19:08:02,549 - DEBUG - Mass: 15.2786g at 0.000s (baseline_pre) steady=False
2026-04-21 19:08:02,949 - DEBUG - Mass: 15.2787g at 0.347s (baseline_pre) steady=False
2026-04-21 19:08:03,352 - DEBUG - Mass: 15.2785g at 0.754s (baseline_pre) steady=True
2026-04-21 19:08:03,751 - DEBUG - Mass: 15.2785g at 1.148s (baseline_pre) steady=True
2026-04-21 19:08:04,151 - DEBUG - Mass: 15.2785g at 1.554s (baseline_pre) steady=True
2026-04-21 19:08:04,416 - DEBUG - Dispensing 0.065 mL then waiting 2.2 s
2026-04-21 19:08:04,552 - DEBUG - Mass: 15.2785g at 1.949s (baseline_pre) steady=True
2026-04-21 19:08:04,951 - DEBUG - Mass: 15.2785g at 2.355s (dispensing) steady=True
2026-04-21 19:08:05,349 - DEBUG - Mass: 15.2830g at 2.760s (dispensing) steady=False
2026-04-21 19:08:05,750 - DEBUG - Mass: 15.2877g at 3.152s (dispensing) steady=False
2026-04-21 19:08:06,150 - DEBUG - Mass: 15.2910g at 3.560s (dispensing) steady=False
2026-04-21 19:08:06,549 - DEBUG - Mass: 15.2980g at 3.954s (dispensing) steady=False
2026-04-21 19:08:06,950 - DEBUG - Mass: 15.2996g at 4.359s (dispensing) steady=False
2026-04-21 19:08:07,350 - DEBUG - Mass: 15.3072g at 4.755s (dispensing) steady=False
2026-04-21 19:08:07,749 - DEBUG - Mass: 15.3120g at 5.161s (dispensing) steady=False
2026-04-21 19:08:08,150 - DEBUG - Mass: 15.3161g at 5.558s (dispensing) steady=False
2026-04-21 19:08:08,550 - DEBUG - Mass: 15.3225g at 5.951s (dispensing) steady=False
2026-04-21 19:08:08,949 - DEBUG - Mass: 15.3248g at 6.359s (dispensing) steady=False
2026-04-21 19:08:09,350 - DEBUG - Mass: 15.3323g at 6.754s (dispensing) steady=False
2026-04-21 19:08:09,750 - DEBUG - Mass: 15.3332g at 7.148s (dispensing) steady=False
2026-04-21 19:08:10,149 - DEBUG - Mass: 15.3413g at 7.551s (dispensing) steady=False
2026-04-21 19:08:10,301 - DEBUG - Blowing out 0.145 mL
2026-04-21 19:08:10,301 - DEBUG - Adjusting pump 0 speed to 5
2026-04-21 19:08:10,550 - DEBUG - Mass: 15.3400g at 7.960s (dispensing) steady=False
2026-04-21 19:08:10,950 - DEBUG - Mass: 15.3569g at 8.355s (dispensing) steady=False
2026-04-21 19:08:11,349 - DEBUG - Mass: 15.3498g at 8.760s (dispensing) steady=False
2026-04-21 19:08:11,558 - DEBUG - Adjusting pump 0 speed to 30
2026-04-21 19:08:11,750 - DEBUG - Mass: 15.3478g at 9.153s (dispensing) steady=False
2026-04-21 19:08:12,150 - DEBUG - Mass: 15.3529g at 9.559s (dispensing) steady=False
2026-04-21 19:08:12,550 - DEBUG - Mass: 15.3501g at 9.948s (dispensing) steady=False
2026-04-21 19:08:12,950 - DEBUG - Mass: 15.3495g at 10.357s (dispensing) steady=False
2026-04-21 19:08:13,350 - DEBUG - Mass: 15.3493g at 10.749s (dispensing) steady=False
2026-04-21 19:08:13,749 - DEBUG - Mass: 15.3495g at 11.157s (dispensing) steady=False
2026-04-21 19:08:14,150 - DEBUG - Mass: 15.3493g at 11.547s (dispensing) steady=False
2026-04-21 19:08:14,550 - DEBUG - Mass: 15.3494g at 11.954s (dispensing) steady=False
2026-04-21 19:08:14,951 - DEBUG - Mass: 15.3497g at 12.360s (dispensing) steady=True
2026-04-21 19:08:15,351 - DEBUG - Mass: 15.3497g at 12.753s (dispensing) steady=True
2026-04-21 19:08:15,752 - DEBUG - Mass: 15.3497g at 13.160s (dispensing) steady=True
2026-04-21 19:08:16,149 - DEBUG - Mass: 15.3506g at 13.555s (dispensing) steady=False
2026-04-21 19:08:16,550 - DEBUG - Mass: 15.3510g at 13.946s (dispensing) steady=False
2026-04-21 19:08:16,950 - DEBUG - Mass: 15.3510g at 14.352s (dispensing) steady=False
2026-04-21 19:08:17,352 - DEBUG - Mass: 15.3510g at 14.759s (dispensing) steady=True
2026-04-21 19:08:17,751 - DEBUG - Mass: 15.3510g at 15.150s (dispensing) steady=True
2026-04-21 19:08:18,151 - DEBUG - Mass: 15.3510g at 15.559s (dispensing) steady=True
2026-04-21 19:08:18,552 - DEBUG - Mass: 15.3510g at 15.950s (dispensing) steady=True
2026-04-21 19:08:18,951 - DEBUG - Mass: 15.3510g at 16.358s (dispensing) steady=True
2026-04-21 19:08:19,351 - DEBUG - Mass: 15.3510g at 16.750s (dispensing) steady=True
2026-04-21 19:08:19,752 - DEBUG - Mass: 15.3510g at 17.158s (dispensing) steady=True
2026-04-21 19:08:20,151 - DEBUG - Mass: 15.3510g at 17.549s (dispensing) steady=True
2026-04-21 19:08:20,551 - DEBUG - Mass: 15.3510g at 17.957s (dispensing) steady=True
2026-04-21 19:08:20,952 - DEBUG - Mass: 15.3510g at 18.350s (dispensing) steady=True
2026-04-21 19:08:21,352 - DEBUG - Mass: 15.3510g at 18.759s (dispensing) steady=True
2026-04-21 19:08:21,751 - DEBUG - Mass: 15.3510g at 19.149s (dispensing) steady=True
2026-04-21 19:08:22,152 - DEBUG - Mass: 15.3510g at 19.558s (dispensing) steady=True
2026-04-21 19:08:22,552 - DEBUG - Mass: 15.3510g at 19.950s (dispensing) steady=True
2026-04-21 19:08:22,951 - DEBUG - Mass: 15.3510g at 20.358s (dispensing) steady=True
2026-04-21 19:08:23,352 - DEBUG - Mass: 15.3510g at 20.749s (dispensing) steady=True
2026-04-21 19:08:23,751 - DEBUG - Mass: 15.3510g at 21.154s (dispensing) steady=True
2026-04-21 19:08:24,151 - DEBUG - Mass: 15.3510g at 21.560s (dispensing) steady=True
2026-04-21 19:08:24,551 - DEBUG - Mass: 15.3510g at 21.952s (dispensing) steady=True
2026-04-21 19:08:24,952 - DEBUG - Mass: 15.3510g at 22.361s (dispensing) steady=True
2026-04-21 19:08:25,349 - DEBUG - Mass: 15.3459g at 22.752s (dispensing) steady=False
2026-04-21 19:08:25,750 - DEBUG - Mass: 15.3457g at 23.159s (dispensing) steady=False
2026-04-21 19:08:26,149 - DEBUG - Mass: 15.3457g at 23.552s (dispensing) steady=False
2026-04-21 19:08:26,549 - DEBUG - Mass: 15.3460g at 23.960s (dispensing) steady=False
2026-04-21 19:08:26,951 - DEBUG - Mass: 15.3458g at 24.354s (dispensing) steady=True
2026-04-21 19:08:26,978 - INFO - Dispensing took 22.562s, collecting post-dispense baseline
2026-04-21 19:08:27,352 - DEBUG - Mass: 15.3458g at 24.748s (baseline_post) steady=True
2026-04-21 19:08:27,752 - DEBUG - Mass: 15.3458g at 25.154s (baseline_post) steady=True
2026-04-21 19:08:28,151 - DEBUG - Mass: 15.3458g at 25.559s (baseline_post) steady=True
2026-04-21 19:08:28,552 - DEBUG - Mass: 15.3458g at 25.952s (baseline_post) steady=True
2026-04-21 19:08:28,952 - DEBUG - Mass: 15.3458g at 26.348s (baseline_post) steady=True
2026-04-21 19:08:29,160 - INFO - Stopped continuous mass monitoring. Collected 67 data points
2026-04-21 19:08:29,164 - INFO - Pre-baseline: 4 stable readings, avg=15.278500g
2026-04-21 19:08:29,164 - INFO - Post-baseline: 5 stable readings, avg=15.345800g
2026-04-21 19:08:29,165 - INFO - INDEPENDENT BASELINE calculation:
2026-04-21 19:08:29,165 - INFO - Pre: STABLE, Post: STABLE, Mass difference: 0.067300g
2026-04-21 19:08:29,166 - INFO - Reading summary: 6 pre-readings (4 stable), 5 post-readings (5 stable)
2026-04-21 19:08:29,167 - INFO - Baseline variability: pre_std=0.000084g, post_std=0.000000g
2026-04-21 19:08:29,167 - INFO - Target: 0.050 mL = ~0.050000 g for water
2026-04-21 19:08:29,169 - INFO - Saved 67 mass measurements to output\mass_measurements\experiment_log2026-04-21_19-03-14\mass_data_PVA_DMSO_20260421_190829.csv
2026-04-21 19:08:29,655 - INFO - Saved dispense mass vs time plot to output\mass_measurements\experiment_log2026-04-21_19-03-14\mass_plot_PVA_DMSO_20260421_190829.png
2026-04-21 19:08:29,656 - INFO - Removing pipet
2026-04-21 19:08:32,973 - INFO - Vial PVA_DMSO already at clamp index 0, no move needed
2026-04-21 19:08:33,756 - INFO - Vial PVA_DMSO already at clamp index 0, no move needed
2026-04-21 19:08:33,952 - DEBUG - Applied dict param aspirate_speed=22
2026-04-21 19:08:33,952 - DEBUG - Applied dict param dispense_speed=30
2026-04-21 19:08:33,952 - DEBUG - Applied dict param aspirate_wait_time=0.0
2026-04-21 19:08:33,952 - DEBUG - Applied dict param dispense_wait_time=2.2
2026-04-21 19:08:33,952 - DEBUG - Applied dict param pre_asp_air_vol=0.0
2026-04-21 19:08:33,952 - DEBUG - Applied dict param retract_speed=5.0
2026-04-21 19:08:33,952 - DEBUG - Applied dict param blowout_vol=0.145
2026-04-21 19:08:33,952 - DEBUG - Applied dict param post_asp_air_vol=0.0
2026-04-21 19:08:33,952 - DEBUG - Applied dict param post_retract_wait_time=0.0
2026-04-21 19:08:33,952 - DEBUG - Applied dict param overaspirate_vol=0.015300000000000001
2026-04-21 19:08:33,952 - DEBUG - Applied dict param asp_disp_cycles=0
2026-04-21 19:08:33,953 - DEBUG - Selected small_tip for volume 0.050 mL
2026-04-21 19:08:33,954 - INFO - Getting small_tip (pipet number 23) from rack: small_tip_rack_1
2026-04-21 19:08:36,771 - INFO - Pipetting from vial PVA_DMSO, amount: 0.050 mL
2026-04-21 19:08:36,771 - INFO - Additional volume from calibration, amount: 0.015 mL
2026-04-21 19:08:36,773 - DEBUG - Adjusting pump 0 speed to 10
2026-04-21 19:08:39,101 - DEBUG - Adjusting pump 0 speed to 22
2026-04-21 19:08:40,131 - DEBUG - Aspirating 0.065 mL then waiting 0.0 s
2026-04-21 19:08:43,885 - DEBUG - Applied dict param aspirate_speed=22
2026-04-21 19:08:43,885 - DEBUG - Applied dict param dispense_speed=30
2026-04-21 19:08:43,885 - DEBUG - Applied dict param aspirate_wait_time=0.0
2026-04-21 19:08:43,885 - DEBUG - Applied dict param dispense_wait_time=2.2
2026-04-21 19:08:43,885 - DEBUG - Applied dict param pre_asp_air_vol=0.0
2026-04-21 19:08:43,885 - DEBUG - Applied dict param retract_speed=5.0
2026-04-21 19:08:43,885 - DEBUG - Applied dict param blowout_vol=0.145
2026-04-21 19:08:43,885 - DEBUG - Applied dict param post_asp_air_vol=0.0
2026-04-21 19:08:43,885 - DEBUG - Applied dict param post_retract_wait_time=0.0
2026-04-21 19:08:43,885 - DEBUG - Applied dict param overaspirate_vol=0.015300000000000001
2026-04-21 19:08:43,885 - DEBUG - Applied dict param asp_disp_cycles=0
2026-04-21 19:08:43,887 - INFO - Pipetting into vial PVA_DMSO, amount: 0.050 mL
2026-04-21 19:08:43,887 - DEBUG - Adjusting pump 0 speed to 30
2026-04-21 19:08:45,757 - INFO - Short wait time (1.0s), allowing scale to settle after robot positioning...
2026-04-21 19:08:46,765 - INFO - Started continuous mass monitoring with pre-dispense baseline
2026-04-21 19:08:46,950 - DEBUG - Mass: 15.2871g at 0.000s (baseline_pre) steady=False
2026-04-21 19:08:47,349 - DEBUG - Mass: 15.2870g at 0.391s (baseline_pre) steady=False
2026-04-21 19:08:47,750 - DEBUG - Mass: 15.2865g at 0.799s (baseline_pre) steady=False
2026-04-21 19:08:48,152 - DEBUG - Mass: 15.2868g at 1.192s (baseline_pre) steady=True
2026-04-21 19:08:48,552 - DEBUG - Mass: 15.2868g at 1.588s (baseline_pre) steady=True
2026-04-21 19:08:48,771 - DEBUG - Dispensing 0.065 mL then waiting 2.2 s
2026-04-21 19:08:48,951 - DEBUG - Mass: 15.2868g at 1.991s (baseline_pre) steady=True
2026-04-21 19:08:49,352 - DEBUG - Mass: 15.2868g at 2.400s (dispensing) steady=True
2026-04-21 19:08:49,750 - DEBUG - Mass: 15.2913g at 2.791s (dispensing) steady=False
2026-04-21 19:08:50,150 - DEBUG - Mass: 15.2947g at 3.200s (dispensing) steady=False
2026-04-21 19:08:50,550 - DEBUG - Mass: 15.2989g at 3.592s (dispensing) steady=False
2026-04-21 19:08:50,950 - DEBUG - Mass: 15.3063g at 4.000s (dispensing) steady=False
2026-04-21 19:08:51,350 - DEBUG - Mass: 15.3076g at 4.392s (dispensing) steady=False
2026-04-21 19:08:51,750 - DEBUG - Mass: 15.3155g at 4.791s (dispensing) steady=False
2026-04-21 19:08:52,147 - DEBUG - Mass: 15.3195g at 5.191s (dispensing) steady=False
2026-04-21 19:08:52,548 - DEBUG - Mass: 15.3237g at 5.590s (dispensing) steady=False
2026-04-21 19:08:52,950 - DEBUG - Mass: 15.3305g at 5.990s (dispensing) steady=False
2026-04-21 19:08:53,350 - DEBUG - Mass: 15.3324g at 6.391s (dispensing) steady=False
2026-04-21 19:08:53,749 - DEBUG - Mass: 15.3401g at 6.790s (dispensing) steady=False
2026-04-21 19:08:54,150 - DEBUG - Mass: 15.3431g at 7.194s (dispensing) steady=False
2026-04-21 19:08:54,547 - DEBUG - Mass: 15.3482g at 7.590s (dispensing) steady=False
2026-04-21 19:08:54,674 - DEBUG - Blowing out 0.145 mL
2026-04-21 19:08:54,674 - DEBUG - Adjusting pump 0 speed to 5
2026-04-21 19:08:54,944 - DEBUG - Mass: 15.3504g at 7.989s (dispensing) steady=False
2026-04-21 19:08:55,350 - DEBUG - Mass: 15.3624g at 8.395s (dispensing) steady=False
2026-04-21 19:08:55,750 - DEBUG - Mass: 15.3568g at 8.790s (dispensing) steady=False
2026-04-21 19:08:55,944 - DEBUG - Adjusting pump 0 speed to 30
2026-04-21 19:08:56,140 - DEBUG - Mass: 15.3546g at 9.190s (dispensing) steady=False
2026-04-21 19:08:56,539 - DEBUG - Mass: 15.3602g at 9.598s (dispensing) steady=False
2026-04-21 19:08:56,950 - DEBUG - Mass: 15.3570g at 9.993s (dispensing) steady=False
2026-04-21 19:08:57,350 - DEBUG - Mass: 15.3562g at 10.401s (dispensing) steady=False
2026-04-21 19:08:57,750 - DEBUG - Mass: 15.3588g at 10.800s (dispensing) steady=False
2026-04-21 19:08:58,150 - DEBUG - Mass: 15.3590g at 11.194s (dispensing) steady=False
2026-04-21 19:08:58,550 - DEBUG - Mass: 15.3591g at 11.601s (dispensing) steady=False
2026-04-21 19:08:58,951 - DEBUG - Mass: 15.3589g at 11.993s (dispensing) steady=True
2026-04-21 19:08:59,352 - DEBUG - Mass: 15.3589g at 12.398s (dispensing) steady=True
2026-04-21 19:08:59,752 - DEBUG - Mass: 15.3589g at 12.788s (dispensing) steady=True
2026-04-21 19:09:00,151 - DEBUG - Mass: 15.3589g at 13.198s (dispensing) steady=True
2026-04-21 19:09:00,552 - DEBUG - Mass: 15.3589g at 13.593s (dispensing) steady=True
2026-04-21 19:09:00,951 - DEBUG - Mass: 15.3589g at 13.999s (dispensing) steady=True
2026-04-21 19:09:01,351 - DEBUG - Mass: 15.3589g at 14.389s (dispensing) steady=True
2026-04-21 19:09:01,752 - DEBUG - Mass: 15.3589g at 14.798s (dispensing) steady=True
2026-04-21 19:09:02,152 - DEBUG - Mass: 15.3589g at 15.188s (dispensing) steady=True
2026-04-21 19:09:02,551 - DEBUG - Mass: 15.3589g at 15.594s (dispensing) steady=True
2026-04-21 19:09:02,952 - DEBUG - Mass: 15.3589g at 15.999s (dispensing) steady=True
2026-04-21 19:09:03,352 - DEBUG - Mass: 15.3589g at 16.394s (dispensing) steady=True
2026-04-21 19:09:03,751 - DEBUG - Mass: 15.3589g at 16.800s (dispensing) steady=True
2026-04-21 19:09:04,152 - DEBUG - Mass: 15.3589g at 17.193s (dispensing) steady=True
2026-04-21 19:09:04,552 - DEBUG - Mass: 15.3588g at 17.600s (dispensing) steady=True
2026-04-21 19:09:04,951 - DEBUG - Mass: 15.3588g at 17.992s (dispensing) steady=True
2026-04-21 19:09:05,351 - DEBUG - Mass: 15.3588g at 18.397s (dispensing) steady=True
2026-04-21 19:09:05,752 - DEBUG - Mass: 15.3588g at 18.789s (dispensing) steady=True
2026-04-21 19:09:06,150 - DEBUG - Mass: 15.3576g at 19.195s (dispensing) steady=False
2026-04-21 19:09:06,549 - DEBUG - Mass: 15.3578g at 19.599s (dispensing) steady=False
2026-04-21 19:09:06,952 - DEBUG - Mass: 15.3577g at 19.991s (dispensing) steady=True
2026-04-21 19:09:07,351 - DEBUG - Mass: 15.3577g at 20.400s (dispensing) steady=True
2026-04-21 19:09:07,751 - DEBUG - Mass: 15.3577g at 20.791s (dispensing) steady=True
2026-04-21 19:09:08,152 - DEBUG - Mass: 15.3577g at 21.199s (dispensing) steady=True
2026-04-21 19:09:08,552 - DEBUG - Mass: 15.3577g at 21.594s (dispensing) steady=True
2026-04-21 19:09:08,951 - DEBUG - Mass: 15.3577g at 22.001s (dispensing) steady=True
2026-04-21 19:09:09,352 - DEBUG - Mass: 15.3577g at 22.394s (dispensing) steady=True
2026-04-21 19:09:09,750 - DEBUG - Mass: 15.3529g at 22.801s (dispensing) steady=False
2026-04-21 19:09:10,150 - DEBUG - Mass: 15.3524g at 23.196s (dispensing) steady=False
2026-04-21 19:09:10,550 - DEBUG - Mass: 15.3525g at 23.587s (dispensing) steady=False
2026-04-21 19:09:10,952 - DEBUG - Mass: 15.3525g at 23.995s (dispensing) steady=True
2026-04-21 19:09:11,351 - DEBUG - Mass: 15.3525g at 24.387s (dispensing) steady=True
2026-04-21 19:09:11,355 - INFO - Dispensing took 22.584s, collecting post-dispense baseline
2026-04-21 19:09:11,752 - DEBUG - Mass: 15.3525g at 24.795s (baseline_post) steady=True
2026-04-21 19:09:12,152 - DEBUG - Mass: 15.3525g at 25.188s (baseline_post) steady=True
2026-04-21 19:09:12,551 - DEBUG - Mass: 15.3525g at 25.596s (baseline_post) steady=True
2026-04-21 19:09:12,951 - DEBUG - Mass: 15.3525g at 26.001s (baseline_post) steady=True
2026-04-21 19:09:13,352 - DEBUG - Mass: 15.3525g at 26.394s (baseline_post) steady=True
2026-04-21 19:09:13,566 - INFO - Stopped continuous mass monitoring. Collected 67 data points
2026-04-21 19:09:13,569 - INFO - Pre-baseline: 3 stable readings, avg=15.286800g
2026-04-21 19:09:13,569 - INFO - Post-baseline: 5 stable readings, avg=15.352500g
2026-04-21 19:09:13,570 - INFO - INDEPENDENT BASELINE calculation:
2026-04-21 19:09:13,570 - INFO - Pre: STABLE, Post: STABLE, Mass difference: 0.065700g
2026-04-21 19:09:13,571 - INFO - Reading summary: 6 pre-readings (3 stable), 5 post-readings (5 stable)
2026-04-21 19:09:13,571 - INFO - Baseline variability: pre_std=0.000207g, post_std=0.000000g
2026-04-21 19:09:13,571 - INFO - Target: 0.050 mL = ~0.050000 g for water
2026-04-21 19:09:13,574 - INFO - Saved 67 mass measurements to output\mass_measurements\experiment_log2026-04-21_19-03-14\mass_data_PVA_DMSO_20260421_190913.csv
2026-04-21 19:09:14,042 - INFO - Saved dispense mass vs time plot to output\mass_measurements\experiment_log2026-04-21_19-03-14\mass_plot_PVA_DMSO_20260421_190913.png
2026-04-21 19:09:14,042 - INFO - Removing pipet
2026-04-21 19:09:17,350 - INFO - Vial PVA_DMSO already at clamp index 0, no move needed
2026-04-21 19:09:31,331 - INFO - Vial PVA_DMSO already at clamp index 0, no move needed
2026-04-21 19:09:31,552 - DEBUG - Applied dict param aspirate_speed=21
2026-04-21 19:09:31,552 - DEBUG - Applied dict param dispense_speed=2
2026-04-21 19:09:31,552 - DEBUG - Applied dict param aspirate_wait_time=0.0
2026-04-21 19:09:31,552 - DEBUG - Applied dict param dispense_wait_time=0.0
2026-04-21 19:09:31,552 - DEBUG - Applied dict param pre_asp_air_vol=0.0
2026-04-21 19:09:31,552 - DEBUG - Applied dict param retract_speed=5.0
2026-04-21 19:09:31,552 - DEBUG - Applied dict param blowout_vol=0.20500000000000002
2026-04-21 19:09:31,552 - DEBUG - Applied dict param post_asp_air_vol=0.0
2026-04-21 19:09:31,552 - DEBUG - Applied dict param post_retract_wait_time=0.0
2026-04-21 19:09:31,552 - DEBUG - Applied dict param overaspirate_vol=0.0014
2026-04-21 19:09:31,552 - DEBUG - Applied dict param asp_disp_cycles=0
2026-04-21 19:09:31,553 - DEBUG - Selected small_tip for volume 0.050 mL
2026-04-21 19:09:31,554 - INFO - Getting small_tip (pipet number 24) from rack: small_tip_rack_1
2026-04-21 19:09:34,347 - INFO - Pipetting from vial PVA_DMSO, amount: 0.050 mL
2026-04-21 19:09:34,347 - INFO - Additional volume from calibration, amount: 0.001 mL
2026-04-21 19:09:34,349 - DEBUG - Adjusting pump 0 speed to 10
2026-04-21 19:09:36,677 - DEBUG - Adjusting pump 0 speed to 21
2026-04-21 19:09:37,703 - DEBUG - Aspirating 0.051 mL then waiting 0.0 s
2026-04-21 19:09:40,802 - DEBUG - Applied dict param aspirate_speed=21
2026-04-21 19:09:40,802 - DEBUG - Applied dict param dispense_speed=2
2026-04-21 19:09:40,802 - DEBUG - Applied dict param aspirate_wait_time=0.0
2026-04-21 19:09:40,802 - DEBUG - Applied dict param dispense_wait_time=0.0
2026-04-21 19:09:40,802 - DEBUG - Applied dict param pre_asp_air_vol=0.0
2026-04-21 19:09:40,802 - DEBUG - Applied dict param retract_speed=5.0
2026-04-21 19:09:40,802 - DEBUG - Applied dict param blowout_vol=0.20500000000000002
2026-04-21 19:09:40,802 - DEBUG - Applied dict param post_asp_air_vol=0.0
2026-04-21 19:09:40,802 - DEBUG - Applied dict param post_retract_wait_time=0.0
2026-04-21 19:09:40,803 - DEBUG - Applied dict param overaspirate_vol=0.0014
2026-04-21 19:09:40,803 - DEBUG - Applied dict param asp_disp_cycles=0
2026-04-21 19:09:40,804 - INFO - Pipetting into vial PVA_DMSO, amount: 0.050 mL
2026-04-21 19:09:40,804 - DEBUG - Adjusting pump 0 speed to 2
2026-04-21 19:09:42,665 - INFO - Short wait time (1.0s), allowing scale to settle after robot positioning...
2026-04-21 19:09:43,676 - INFO - Started continuous mass monitoring with pre-dispense baseline
2026-04-21 19:09:43,950 - DEBUG - Mass: 15.3027g at 0.000s (baseline_pre) steady=False
2026-04-21 19:09:44,351 - DEBUG - Mass: 15.3029g at 0.487s (baseline_pre) steady=True
2026-04-21 19:09:44,751 - DEBUG - Mass: 15.3029g at 0.877s (baseline_pre) steady=True
2026-04-21 19:09:45,151 - DEBUG - Mass: 15.3029g at 1.281s (baseline_pre) steady=True
2026-04-21 19:09:45,552 - DEBUG - Mass: 15.3029g at 1.686s (baseline_pre) steady=True
2026-04-21 19:09:45,677 - DEBUG - Dispensing 0.051 mL then waiting 0.0 s
2026-04-21 19:09:45,952 - DEBUG - Mass: 15.3029g at 2.079s (dispensing) steady=True
2026-04-21 19:09:46,019 - DEBUG - Blowing out 0.205 mL
2026-04-21 19:09:46,019 - DEBUG - Adjusting pump 0 speed to 5
2026-04-21 19:09:46,350 - DEBUG - Mass: 15.3407g at 2.484s (dispensing) steady=False
2026-04-21 19:09:46,750 - DEBUG - Mass: 15.3548g at 2.876s (dispensing) steady=False
2026-04-21 19:09:47,150 - DEBUG - Mass: 15.3569g at 3.285s (dispensing) steady=False
2026-04-21 19:09:47,213 - DEBUG - Adjusting pump 0 speed to 2
2026-04-21 19:09:47,550 - DEBUG - Mass: 15.3535g at 3.679s (dispensing) steady=False
2026-04-21 19:09:47,950 - DEBUG - Mass: 15.3555g at 4.084s (dispensing) steady=False
2026-04-21 19:09:48,350 - DEBUG - Mass: 15.3566g at 4.478s (dispensing) steady=False
2026-04-21 19:09:48,421 - INFO - Dispensing took 2.744s, collecting post-dispense baseline
2026-04-21 19:09:48,750 - DEBUG - Mass: 15.3527g at 4.885s (baseline_post) steady=False
2026-04-21 19:09:49,150 - DEBUG - Mass: 15.3519g at 5.275s (baseline_post) steady=False
2026-04-21 19:09:49,550 - DEBUG - Mass: 15.3516g at 5.686s (baseline_post) steady=False
2026-04-21 19:09:49,951 - DEBUG - Mass: 15.3518g at 6.078s (baseline_post) steady=False
2026-04-21 19:09:50,351 - DEBUG - Mass: 15.3517g at 6.485s (baseline_post) steady=True
2026-04-21 19:09:50,555 - INFO - Stopped continuous mass monitoring. Collected 17 data points
2026-04-21 19:09:50,560 - INFO - Pre-baseline: 4 stable readings, avg=15.302900g
2026-04-21 19:09:50,560 - INFO - Post-baseline: 1 stable readings, avg=15.351700g
2026-04-21 19:09:50,560 - INFO - INDEPENDENT BASELINE calculation:
2026-04-21 19:09:50,561 - INFO - Pre: STABLE, Post: STABLE, Mass difference: 0.048800g
2026-04-21 19:09:50,562 - INFO - Reading summary: 5 pre-readings (4 stable), 5 post-readings (1 stable)
2026-04-21 19:09:50,562 - INFO - Baseline variability: pre_std=0.000089g, post_std=0.000439g
2026-04-21 19:09:50,562 - INFO - Target: 0.050 mL = ~0.050000 g for water
2026-04-21 19:09:50,564 - INFO - Saved 17 mass measurements to output\mass_measurements\experiment_log2026-04-21_19-03-14\mass_data_PVA_DMSO_20260421_190950.csv
2026-04-21 19:09:51,143 - INFO - Saved dispense mass vs time plot to output\mass_measurements\experiment_log2026-04-21_19-03-14\mass_plot_PVA_DMSO_20260421_190950.png
2026-04-21 19:09:51,144 - INFO - Removing pipet
2026-04-21 19:09:54,448 - INFO - Vial PVA_DMSO already at clamp index 0, no move needed
2026-04-21 19:09:56,356 - INFO - Vial PVA_DMSO already at clamp index 0, no move needed
2026-04-21 19:09:56,552 - DEBUG - Applied dict param aspirate_speed=21
2026-04-21 19:09:56,552 - DEBUG - Applied dict param dispense_speed=2
2026-04-21 19:09:56,552 - DEBUG - Applied dict param aspirate_wait_time=0.0
2026-04-21 19:09:56,552 - DEBUG - Applied dict param dispense_wait_time=0.0
2026-04-21 19:09:56,552 - DEBUG - Applied dict param pre_asp_air_vol=0.0
2026-04-21 19:09:56,552 - DEBUG - Applied dict param retract_speed=5.0
2026-04-21 19:09:56,552 - DEBUG - Applied dict param blowout_vol=0.20500000000000002
2026-04-21 19:09:56,552 - DEBUG - Applied dict param post_asp_air_vol=0.0
2026-04-21 19:09:56,552 - DEBUG - Applied dict param post_retract_wait_time=0.0
2026-04-21 19:09:56,552 - DEBUG - Applied dict param overaspirate_vol=0.0014
2026-04-21 19:09:56,552 - DEBUG - Applied dict param asp_disp_cycles=0
2026-04-21 19:09:56,553 - DEBUG - Selected small_tip for volume 0.050 mL
2026-04-21 19:09:56,554 - INFO - Getting small_tip (pipet number 25) from rack: small_tip_rack_1
2026-04-21 19:09:59,342 - INFO - Pipetting from vial PVA_DMSO, amount: 0.050 mL
2026-04-21 19:09:59,343 - INFO - Additional volume from calibration, amount: 0.001 mL
2026-04-21 19:09:59,344 - DEBUG - Adjusting pump 0 speed to 10
2026-04-21 19:10:01,660 - DEBUG - Adjusting pump 0 speed to 21
2026-04-21 19:10:02,690 - DEBUG - Aspirating 0.051 mL then waiting 0.0 s
2026-04-21 19:10:05,773 - DEBUG - Applied dict param aspirate_speed=21
2026-04-21 19:10:05,774 - DEBUG - Applied dict param dispense_speed=2
2026-04-21 19:10:05,774 - DEBUG - Applied dict param aspirate_wait_time=0.0
2026-04-21 19:10:05,774 - DEBUG - Applied dict param dispense_wait_time=0.0
2026-04-21 19:10:05,774 - DEBUG - Applied dict param pre_asp_air_vol=0.0
2026-04-21 19:10:05,774 - DEBUG - Applied dict param retract_speed=5.0
2026-04-21 19:10:05,774 - DEBUG - Applied dict param blowout_vol=0.20500000000000002
2026-04-21 19:10:05,774 - DEBUG - Applied dict param post_asp_air_vol=0.0
2026-04-21 19:10:05,774 - DEBUG - Applied dict param post_retract_wait_time=0.0
2026-04-21 19:10:05,774 - DEBUG - Applied dict param overaspirate_vol=0.0014
2026-04-21 19:10:05,774 - DEBUG - Applied dict param asp_disp_cycles=0
2026-04-21 19:10:05,775 - INFO - Pipetting into vial PVA_DMSO, amount: 0.050 mL
2026-04-21 19:10:05,777 - DEBUG - Adjusting pump 0 speed to 2
2026-04-21 19:10:07,644 - INFO - Short wait time (1.0s), allowing scale to settle after robot positioning...
2026-04-21 19:10:08,651 - INFO - Started continuous mass monitoring with pre-dispense baseline
2026-04-21 19:10:08,750 - DEBUG - Mass: 15.3087g at 0.000s (baseline_pre) steady=False
2026-04-21 19:10:09,149 - DEBUG - Mass: 15.3088g at 0.314s (baseline_pre) steady=False
2026-04-21 19:10:09,551 - DEBUG - Mass: 15.3091g at 0.704s (baseline_pre) steady=True
2026-04-21 19:10:09,952 - DEBUG - Mass: 15.3091g at 1.112s (baseline_pre) steady=True
2026-04-21 19:10:10,352 - DEBUG - Mass: 15.3091g at 1.505s (baseline_pre) steady=True
2026-04-21 19:10:10,660 - DEBUG - Dispensing 0.051 mL then waiting 0.0 s
2026-04-21 19:10:10,751 - DEBUG - Mass: 15.3091g at 1.902s (baseline_pre) steady=True
2026-04-21 19:10:11,150 - DEBUG - Mass: 15.3251g at 2.306s (dispensing) steady=False
2026-04-21 19:10:11,226 - DEBUG - Blowing out 0.205 mL
2026-04-21 19:10:11,226 - DEBUG - Adjusting pump 0 speed to 5
2026-04-21 19:10:11,551 - DEBUG - Mass: 15.3527g at 2.715s (dispensing) steady=False
2026-04-21 19:10:11,950 - DEBUG - Mass: 15.3625g at 3.107s (dispensing) steady=False
2026-04-21 19:10:12,350 - DEBUG - Mass: 15.3625g at 3.513s (dispensing) steady=False
2026-04-21 19:10:12,416 - DEBUG - Adjusting pump 0 speed to 2
2026-04-21 19:10:12,751 - DEBUG - Mass: 15.3602g at 3.905s (dispensing) steady=False
2026-04-21 19:10:13,150 - DEBUG - Mass: 15.3619g at 4.314s (dispensing) steady=False
2026-04-21 19:10:13,550 - DEBUG - Mass: 15.3628g at 4.703s (dispensing) steady=False
2026-04-21 19:10:13,623 - INFO - Dispensing took 2.963s, collecting post-dispense baseline
2026-04-21 19:10:13,950 - DEBUG - Mass: 15.3591g at 5.113s (baseline_post) steady=False
2026-04-21 19:10:14,350 - DEBUG - Mass: 15.3584g at 5.503s (baseline_post) steady=False
2026-04-21 19:10:14,750 - DEBUG - Mass: 15.3583g at 5.906s (baseline_post) steady=False
2026-04-21 19:10:15,152 - DEBUG - Mass: 15.3583g at 6.304s (baseline_post) steady=True
2026-04-21 19:10:15,551 - DEBUG - Mass: 15.3583g at 6.714s (baseline_post) steady=True
2026-04-21 19:10:15,756 - INFO - Stopped continuous mass monitoring. Collected 18 data points
2026-04-21 19:10:15,759 - INFO - Pre-baseline: 4 stable readings, avg=15.309100g
2026-04-21 19:10:15,760 - INFO - Post-baseline: 2 stable readings, avg=15.358300g
2026-04-21 19:10:15,760 - INFO - INDEPENDENT BASELINE calculation:
2026-04-21 19:10:15,760 - INFO - Pre: STABLE, Post: STABLE, Mass difference: 0.049200g
2026-04-21 19:10:15,761 - INFO - Reading summary: 6 pre-readings (4 stable), 5 post-readings (2 stable)
2026-04-21 19:10:15,761 - INFO - Baseline variability: pre_std=0.000183g, post_std=0.000349g
2026-04-21 19:10:15,761 - INFO - Target: 0.050 mL = ~0.050000 g for water
2026-04-21 19:10:15,764 - INFO - Saved 18 mass measurements to output\mass_measurements\experiment_log2026-04-21_19-03-14\mass_data_PVA_DMSO_20260421_191015.csv
2026-04-21 19:10:16,214 - INFO - Saved dispense mass vs time plot to output\mass_measurements\experiment_log2026-04-21_19-03-14\mass_plot_PVA_DMSO_20260421_191015.png
2026-04-21 19:10:16,215 - INFO - Removing pipet
2026-04-21 19:10:19,534 - INFO - Vial PVA_DMSO already at clamp index 0, no move needed
2026-04-21 19:10:32,820 - INFO - Vial PVA_DMSO already at clamp index 0, no move needed
2026-04-21 19:10:32,952 - DEBUG - Applied dict param aspirate_speed=21
2026-04-21 19:10:32,952 - DEBUG - Applied dict param dispense_speed=14
2026-04-21 19:10:32,952 - DEBUG - Applied dict param aspirate_wait_time=2.2
2026-04-21 19:10:32,952 - DEBUG - Applied dict param dispense_wait_time=1.3
2026-04-21 19:10:32,952 - DEBUG - Applied dict param pre_asp_air_vol=0.0
2026-04-21 19:10:32,952 - DEBUG - Applied dict param retract_speed=5.0
2026-04-21 19:10:32,952 - DEBUG - Applied dict param blowout_vol=0.17300000000000001
2026-04-21 19:10:32,953 - DEBUG - Applied dict param post_asp_air_vol=0.0
2026-04-21 19:10:32,953 - DEBUG - Applied dict param post_retract_wait_time=0.0
2026-04-21 19:10:32,953 - DEBUG - Applied dict param overaspirate_vol=0.0045000000000000005
2026-04-21 19:10:32,953 - DEBUG - Applied dict param asp_disp_cycles=0
2026-04-21 19:10:32,954 - DEBUG - Selected small_tip for volume 0.050 mL
2026-04-21 19:10:32,954 - INFO - Getting small_tip (pipet number 26) from rack: small_tip_rack_1
2026-04-21 19:10:35,710 - INFO - Pipetting from vial PVA_DMSO, amount: 0.050 mL
2026-04-21 19:10:35,710 - INFO - Additional volume from calibration, amount: 0.005 mL
2026-04-21 19:10:35,712 - DEBUG - Adjusting pump 0 speed to 10
2026-04-21 19:10:38,029 - DEBUG - Adjusting pump 0 speed to 21
2026-04-21 19:10:39,055 - DEBUG - Aspirating 0.055 mL then waiting 2.2 s
2026-04-21 19:10:44,497 - DEBUG - Applied dict param aspirate_speed=21
2026-04-21 19:10:44,497 - DEBUG - Applied dict param dispense_speed=14
2026-04-21 19:10:44,497 - DEBUG - Applied dict param aspirate_wait_time=2.2
2026-04-21 19:10:44,497 - DEBUG - Applied dict param dispense_wait_time=1.3
2026-04-21 19:10:44,497 - DEBUG - Applied dict param pre_asp_air_vol=0.0
2026-04-21 19:10:44,497 - DEBUG - Applied dict param retract_speed=5.0
2026-04-21 19:10:44,497 - DEBUG - Applied dict param blowout_vol=0.17300000000000001
2026-04-21 19:10:44,497 - DEBUG - Applied dict param post_asp_air_vol=0.0
2026-04-21 19:10:44,497 - DEBUG - Applied dict param post_retract_wait_time=0.0
2026-04-21 19:10:44,497 - DEBUG - Applied dict param overaspirate_vol=0.0045000000000000005
2026-04-21 19:10:44,497 - DEBUG - Applied dict param asp_disp_cycles=0
2026-04-21 19:10:44,498 - INFO - Pipetting into vial PVA_DMSO, amount: 0.050 mL
2026-04-21 19:10:44,500 - DEBUG - Adjusting pump 0 speed to 14
2026-04-21 19:10:46,352 - INFO - Short wait time (1.0s), allowing scale to settle after robot positioning...
2026-04-21 19:10:47,355 - INFO - Started continuous mass monitoring with pre-dispense baseline
2026-04-21 19:10:47,550 - DEBUG - Mass: 15.2994g at 0.000s (baseline_pre) steady=False
2026-04-21 19:10:47,952 - DEBUG - Mass: 15.2994g at 0.407s (baseline_pre) steady=True
2026-04-21 19:10:48,352 - DEBUG - Mass: 15.2994g at 0.799s (baseline_pre) steady=True
2026-04-21 19:10:48,751 - DEBUG - Mass: 15.2994g at 1.207s (baseline_pre) steady=True
2026-04-21 19:10:49,152 - DEBUG - Mass: 15.2994g at 1.599s (baseline_pre) steady=True
2026-04-21 19:10:49,361 - DEBUG - Dispensing 0.055 mL then waiting 1.3 s
2026-04-21 19:10:49,552 - DEBUG - Mass: 15.2994g at 2.006s (dispensing) steady=True
2026-04-21 19:10:49,951 - DEBUG - Mass: 15.3186g at 2.398s (dispensing) steady=False
2026-04-21 19:10:50,019 - DEBUG - Blowing out 0.173 mL
2026-04-21 19:10:50,019 - DEBUG - Adjusting pump 0 speed to 5
2026-04-21 19:10:50,350 - DEBUG - Mass: 15.3469g at 2.804s (dispensing) steady=False
2026-04-21 19:10:50,750 - DEBUG - Mass: 15.3572g at 3.197s (dispensing) steady=False
2026-04-21 19:10:51,150 - DEBUG - Mass: 15.3573g at 3.605s (dispensing) steady=False
2026-04-21 19:10:51,227 - DEBUG - Adjusting pump 0 speed to 14
2026-04-21 19:10:51,550 - DEBUG - Mass: 15.3558g at 3.997s (dispensing) steady=False
2026-04-21 19:10:51,950 - DEBUG - Mass: 15.3581g at 4.403s (dispensing) steady=False
2026-04-21 19:10:52,351 - DEBUG - Mass: 15.3594g at 4.796s (dispensing) steady=False
2026-04-21 19:10:52,750 - DEBUG - Mass: 15.3600g at 5.205s (dispensing) steady=False
2026-04-21 19:10:53,150 - DEBUG - Mass: 15.3602g at 5.600s (dispensing) steady=False
2026-04-21 19:10:53,550 - DEBUG - Mass: 15.3560g at 6.004s (dispensing) steady=False
2026-04-21 19:10:53,949 - DEBUG - Mass: 15.3549g at 6.409s (dispensing) steady=False
2026-04-21 19:10:54,350 - DEBUG - Mass: 15.3543g at 6.800s (dispensing) steady=False
2026-04-21 19:10:54,532 - INFO - Dispensing took 5.171s, collecting post-dispense baseline
2026-04-21 19:10:54,751 - DEBUG - Mass: 15.3549g at 7.207s (baseline_post) steady=False
2026-04-21 19:10:55,150 - DEBUG - Mass: 15.3552g at 7.600s (baseline_post) steady=False
2026-04-21 19:10:55,552 - DEBUG - Mass: 15.3554g at 8.003s (baseline_post) steady=True
2026-04-21 19:10:55,952 - DEBUG - Mass: 15.3554g at 8.400s (baseline_post) steady=True
2026-04-21 19:10:56,352 - DEBUG - Mass: 15.3554g at 8.805s (baseline_post) steady=True
2026-04-21 19:10:56,555 - INFO - Stopped continuous mass monitoring. Collected 23 data points
2026-04-21 19:10:56,560 - INFO - Pre-baseline: 4 stable readings, avg=15.299400g
2026-04-21 19:10:56,560 - INFO - Post-baseline: 3 stable readings, avg=15.355400g
2026-04-21 19:10:56,560 - INFO - INDEPENDENT BASELINE calculation:
2026-04-21 19:10:56,561 - INFO - Pre: STABLE, Post: STABLE, Mass difference: 0.056000g
2026-04-21 19:10:56,562 - INFO - Reading summary: 5 pre-readings (4 stable), 5 post-readings (3 stable)
2026-04-21 19:10:56,562 - INFO - Baseline variability: pre_std=0.000000g, post_std=0.000219g
2026-04-21 19:10:56,562 - INFO - Target: 0.050 mL = ~0.050000 g for water
2026-04-21 19:10:56,564 - INFO - Saved 23 mass measurements to output\mass_measurements\experiment_log2026-04-21_19-03-14\mass_data_PVA_DMSO_20260421_191056.csv
2026-04-21 19:10:57,015 - INFO - Saved dispense mass vs time plot to output\mass_measurements\experiment_log2026-04-21_19-03-14\mass_plot_PVA_DMSO_20260421_191056.png
2026-04-21 19:10:57,016 - INFO - Removing pipet
2026-04-21 19:11:00,327 - INFO - Vial PVA_DMSO already at clamp index 0, no move needed
2026-04-21 19:11:03,957 - INFO - Vial PVA_DMSO already at clamp index 0, no move needed
2026-04-21 19:11:04,152 - DEBUG - Applied dict param aspirate_speed=21
2026-04-21 19:11:04,152 - DEBUG - Applied dict param dispense_speed=14
2026-04-21 19:11:04,152 - DEBUG - Applied dict param aspirate_wait_time=2.2
2026-04-21 19:11:04,152 - DEBUG - Applied dict param dispense_wait_time=1.3
2026-04-21 19:11:04,152 - DEBUG - Applied dict param pre_asp_air_vol=0.0
2026-04-21 19:11:04,152 - DEBUG - Applied dict param retract_speed=5.0
2026-04-21 19:11:04,152 - DEBUG - Applied dict param blowout_vol=0.17300000000000001
2026-04-21 19:11:04,152 - DEBUG - Applied dict param post_asp_air_vol=0.0
2026-04-21 19:11:04,152 - DEBUG - Applied dict param post_retract_wait_time=0.0
2026-04-21 19:11:04,152 - DEBUG - Applied dict param overaspirate_vol=0.0045000000000000005
2026-04-21 19:11:04,152 - DEBUG - Applied dict param asp_disp_cycles=0
2026-04-21 19:11:04,153 - DEBUG - Selected small_tip for volume 0.050 mL
2026-04-21 19:11:04,154 - INFO - Getting small_tip (pipet number 27) from rack: small_tip_rack_1
2026-04-21 19:11:06,890 - INFO - Pipetting from vial PVA_DMSO, amount: 0.050 mL
2026-04-21 19:11:06,890 - INFO - Additional volume from calibration, amount: 0.005 mL
2026-04-21 19:11:06,893 - DEBUG - Adjusting pump 0 speed to 10
2026-04-21 19:11:09,217 - DEBUG - Adjusting pump 0 speed to 21
2026-04-21 19:11:10,234 - DEBUG - Aspirating 0.055 mL then waiting 2.2 s
2026-04-21 19:11:15,623 - DEBUG - Applied dict param aspirate_speed=21
2026-04-21 19:11:15,623 - DEBUG - Applied dict param dispense_speed=14
2026-04-21 19:11:15,623 - DEBUG - Applied dict param aspirate_wait_time=2.2
2026-04-21 19:11:15,623 - DEBUG - Applied dict param dispense_wait_time=1.3
2026-04-21 19:11:15,623 - DEBUG - Applied dict param pre_asp_air_vol=0.0
2026-04-21 19:11:15,623 - DEBUG - Applied dict param retract_speed=5.0
2026-04-21 19:11:15,623 - DEBUG - Applied dict param blowout_vol=0.17300000000000001
2026-04-21 19:11:15,623 - DEBUG - Applied dict param post_asp_air_vol=0.0
2026-04-21 19:11:15,623 - DEBUG - Applied dict param post_retract_wait_time=0.0
2026-04-21 19:11:15,623 - DEBUG - Applied dict param overaspirate_vol=0.0045000000000000005
2026-04-21 19:11:15,623 - DEBUG - Applied dict param asp_disp_cycles=0
2026-04-21 19:11:15,624 - INFO - Pipetting into vial PVA_DMSO, amount: 0.050 mL
2026-04-21 19:11:15,625 - DEBUG - Adjusting pump 0 speed to 14
2026-04-21 19:11:17,472 - INFO - Short wait time (1.0s), allowing scale to settle after robot positioning...
2026-04-21 19:11:18,483 - INFO - Started continuous mass monitoring with pre-dispense baseline
2026-04-21 19:11:18,752 - DEBUG - Mass: 15.3068g at 0.000s (baseline_pre) steady=True
2026-04-21 19:11:19,152 - DEBUG - Mass: 15.3068g at 0.472s (baseline_pre) steady=True
2026-04-21 19:11:19,552 - DEBUG - Mass: 15.3067g at 0.879s (baseline_pre) steady=True
2026-04-21 19:11:19,952 - DEBUG - Mass: 15.3067g at 1.272s (baseline_pre) steady=True
2026-04-21 19:11:20,352 - DEBUG - Mass: 15.3067g at 1.678s (baseline_pre) steady=True
2026-04-21 19:11:20,492 - DEBUG - Dispensing 0.055 mL then waiting 1.3 s
2026-04-21 19:11:20,751 - DEBUG - Mass: 15.3067g at 2.071s (dispensing) steady=True
2026-04-21 19:11:21,150 - DEBUG - Mass: 15.3297g at 2.480s (dispensing) steady=False
2026-04-21 19:11:21,227 - DEBUG - Blowing out 0.173 mL
2026-04-21 19:11:21,227 - DEBUG - Adjusting pump 0 speed to 5
2026-04-21 19:11:21,551 - DEBUG - Mass: 15.3544g at 2.870s (dispensing) steady=False
2026-04-21 19:11:21,950 - DEBUG - Mass: 15.3639g at 3.278s (dispensing) steady=False
2026-04-21 19:11:22,350 - DEBUG - Mass: 15.3625g at 3.670s (dispensing) steady=False
2026-04-21 19:11:22,417 - DEBUG - Adjusting pump 0 speed to 14
2026-04-21 19:11:22,751 - DEBUG - Mass: 15.3624g at 4.075s (dispensing) steady=False
2026-04-21 19:11:23,150 - DEBUG - Mass: 15.3626g at 4.469s (dispensing) steady=False
2026-04-21 19:11:23,550 - DEBUG - Mass: 15.3653g at 4.874s (dispensing) steady=False
2026-04-21 19:11:23,951 - DEBUG - Mass: 15.3663g at 5.282s (dispensing) steady=False
2026-04-21 19:11:24,351 - DEBUG - Mass: 15.3662g at 5.674s (dispensing) steady=False
2026-04-21 19:11:24,750 - DEBUG - Mass: 15.3612g at 6.082s (dispensing) steady=False
2026-04-21 19:11:25,150 - DEBUG - Mass: 15.3607g at 6.471s (dispensing) steady=False
2026-04-21 19:11:25,551 - DEBUG - Mass: 15.3601g at 6.869s (dispensing) steady=False
2026-04-21 19:11:25,726 - INFO - Dispensing took 5.235s, collecting post-dispense baseline
2026-04-21 19:11:25,952 - DEBUG - Mass: 15.3605g at 7.274s (baseline_post) steady=True
2026-04-21 19:11:26,352 - DEBUG - Mass: 15.3605g at 7.681s (baseline_post) steady=True
2026-04-21 19:11:26,751 - DEBUG - Mass: 15.3605g at 8.084s (baseline_post) steady=True
2026-04-21 19:11:27,152 - DEBUG - Mass: 15.3605g at 8.478s (baseline_post) steady=True
2026-04-21 19:11:27,551 - DEBUG - Mass: 15.3605g at 8.870s (baseline_post) steady=True
2026-04-21 19:11:27,758 - INFO - Stopped continuous mass monitoring. Collected 23 data points
2026-04-21 19:11:27,762 - INFO - Pre-baseline: 5 stable readings, avg=15.306740g
2026-04-21 19:11:27,762 - INFO - Post-baseline: 5 stable readings, avg=15.360500g
2026-04-21 19:11:27,762 - INFO - INDEPENDENT BASELINE calculation:
2026-04-21 19:11:27,762 - INFO - Pre: STABLE, Post: STABLE, Mass difference: 0.053760g
2026-04-21 19:11:27,763 - INFO - Reading summary: 5 pre-readings (5 stable), 5 post-readings (5 stable)
2026-04-21 19:11:27,763 - INFO - Baseline variability: pre_std=0.000055g, post_std=0.000000g
2026-04-21 19:11:27,763 - INFO - Target: 0.050 mL = ~0.050000 g for water
2026-04-21 19:11:27,765 - INFO - Saved 23 mass measurements to output\mass_measurements\experiment_log2026-04-21_19-03-14\mass_data_PVA_DMSO_20260421_191127.csv
2026-04-21 19:11:28,204 - INFO - Saved dispense mass vs time plot to output\mass_measurements\experiment_log2026-04-21_19-03-14\mass_plot_PVA_DMSO_20260421_191127.png
2026-04-21 19:11:28,204 - INFO - Removing pipet
2026-04-21 19:11:31,516 - INFO - Vial PVA_DMSO already at clamp index 0, no move needed
2026-04-21 19:11:33,978 - INFO - Removing pipet
2026-04-21 19:11:35,239 - INFO - Returning vial PVA_DMSO to home location: main_8mL_rack index 39
2026-04-21 19:11:35,241 - INFO - Moving vial PVA_DMSO to main_8mL_rack: 39
2026-04-21 19:11:35,241 - DEBUG - Grabbing vial 3 with index 3
2026-04-21 19:11:37,546 - DEBUG - Dropping off vial 3 at location main_8mL_rack with index 39
2026-04-21 19:11:41,051 - INFO - Moving robot to home position
