2026-02-03 13:21:22,604 - INFO - Initializing North Robot...
2026-02-03 13:21:22,604 - DEBUG - Loading robot configuration files...
2026-02-03 13:21:22,619 - DEBUG - Loaded vial positions configuration from robot_state/vial_positions.yaml
2026-02-03 13:21:22,619 - DEBUG - Loaded pipet tips configuration from robot_state/pipet_tips.yaml
2026-02-03 13:21:22,619 - DEBUG - Loaded pipet racks configuration from robot_state/pipet_racks.yaml
2026-02-03 13:21:22,633 - DEBUG - Loaded pump configuration from robot_state/syringe_pumps.yaml
2026-02-03 13:21:22,636 - DEBUG - Loaded robot hardware configuration from robot_state/robot_hardware.yaml
2026-02-03 13:21:22,640 - DEBUG - Loaded wellplate properties configuration from robot_state/wellplates.yaml
2026-02-03 13:21:22,640 - DEBUG - Loading robot state files...
2026-02-03 13:21:22,643 - DEBUG - Loaded vial data from ../utoronto_demo/status/sample_input_vials.csv
2026-02-03 13:21:22,645 - DEBUG - Loaded robot status from robot_state/robot_status.yaml
2026-02-03 13:21:22,649 - DEBUG - Loaded wellplate positions from robot_state/wellplates.yaml
2026-02-03 13:21:22,649 - DEBUG - Robot status loaded successfully
2026-02-03 13:21:22,649 - INFO - Physical initialization of North Robot...
2026-02-03 13:21:26,194 - DEBUG - Loading pumps from YAML configuration...
2026-02-03 13:21:26,291 - DEBUG - Loaded pump 0: volume=1.0mL, speed=11, liquid=None
2026-02-03 13:21:26,402 - DEBUG - Loaded pump 1: volume=2.5mL, speed=15, liquid=water
2026-02-03 13:21:26,402 - INFO - Moving robot to home position
2026-02-03 13:21:26,808 - DEBUG - Initializing centrifuge controller...
2026-02-03 13:21:26,808 - INFO - Initializing North Track...
2026-02-03 13:21:26,808 - DEBUG - Loading track status from file: robot_state/track_status.yaml
2026-02-03 13:21:26,808 - DEBUG - Getting track status from file: robot_state/track_status.yaml
2026-02-03 13:21:26,808 - DEBUG - Loaded track status from robot_state/track_status.yaml
2026-02-03 13:21:26,808 - DEBUG - Loading track positions from: robot_state/track_positions.yaml
2026-02-03 13:21:26,808 - DEBUG - Loaded track positions configuration from robot_state/track_positions.yaml
2026-02-03 13:21:26,808 - DEBUG - Loading robot hardware configuration from: robot_state/robot_hardware.yaml
2026-02-03 13:21:26,808 - DEBUG - Loaded robot hardware configuration from robot_state/robot_hardware.yaml
2026-02-03 13:21:26,808 - DEBUG - Loaded wellplate properties configuration from robot_state/wellplates.yaml
2026-02-03 13:21:26,884 - DEBUG - Moving North Track to home position
2026-02-03 13:21:26,900 - INFO - Moving vial target_vial to clamp: 0
2026-02-03 13:21:26,900 - DEBUG - Grabbing vial 2 with index 2
2026-02-03 13:21:29,495 - DEBUG - Dropping off vial 2 at location clamp with index 0
2026-02-03 13:21:36,802 - INFO - Dispensing 0.100 mL from target_vial to target_vial
2026-02-03 13:21:36,802 - DEBUG - Applied object param asp_disp_cycles=0
2026-02-03 13:21:36,802 - DEBUG - Applied object param aspirate_speed=10
2026-02-03 13:21:36,802 - DEBUG - Applied object param aspirate_wait_time=0.0
2026-02-03 13:21:36,802 - DEBUG - Applied object param blowout_vol=0.0
2026-02-03 13:21:36,802 - DEBUG - Applied object param dispense_speed=10
2026-02-03 13:21:36,802 - DEBUG - Applied object param dispense_wait_time=0.0
2026-02-03 13:21:36,802 - DEBUG - Applied object param overaspirate_vol=0.0
2026-02-03 13:21:36,802 - DEBUG - Applied object param post_asp_air_vol=0.0
2026-02-03 13:21:36,802 - DEBUG - Applied object param post_retract_wait_time=0.0
2026-02-03 13:21:36,802 - DEBUG - Applied object param pre_asp_air_vol=0.0
2026-02-03 13:21:36,802 - DEBUG - Applied object param retract_speed=10
2026-02-03 13:21:36,802 - DEBUG - Selected small_tip for volume 0.100 mL
2026-02-03 13:21:36,802 - INFO - Getting small_tip (pipet number 45) from rack: small_tip_rack_1
2026-02-03 13:21:41,922 - INFO - Pipetting from vial target_vial, amount: 0.100 mL
2026-02-03 13:21:41,922 - INFO - Additional volume from calibration, amount: 0.000 mL
2026-02-03 13:21:41,922 - DEBUG - Adjusting pump 0 speed to 10
2026-02-03 13:21:46,882 - DEBUG - Adjusting pump 0 speed to 10
2026-02-03 13:21:47,942 - DEBUG - Aspirating 0.100 mL then waiting 0.0 s
2026-02-03 13:21:57,125 - DEBUG - Applied object param asp_disp_cycles=0
2026-02-03 13:21:57,125 - DEBUG - Applied object param aspirate_speed=10
2026-02-03 13:21:57,125 - DEBUG - Applied object param aspirate_wait_time=0.0
2026-02-03 13:21:57,125 - DEBUG - Applied object param blowout_vol=0.0
2026-02-03 13:21:57,125 - DEBUG - Applied object param dispense_speed=10
2026-02-03 13:21:57,125 - DEBUG - Applied object param dispense_wait_time=0.0
2026-02-03 13:21:57,125 - DEBUG - Applied object param overaspirate_vol=0.0
2026-02-03 13:21:57,125 - DEBUG - Applied object param post_asp_air_vol=0.0
2026-02-03 13:21:57,125 - DEBUG - Applied object param post_retract_wait_time=0.0
2026-02-03 13:21:57,125 - DEBUG - Applied object param pre_asp_air_vol=0.0
2026-02-03 13:21:57,125 - DEBUG - Applied object param retract_speed=10
2026-02-03 13:21:57,125 - INFO - Pipetting into vial target_vial, amount: 0.100 mL
2026-02-03 13:21:57,125 - DEBUG - Adjusting pump 0 speed to 10
2026-02-03 13:21:58,847 - DEBUG - Dispensing 0.100 mL then waiting 0.0 s
2026-02-03 13:21:59,433 - INFO - Dispensing 0.100 mL from target_vial to target_vial
2026-02-03 13:21:59,433 - DEBUG - Applied object param asp_disp_cycles=0
2026-02-03 13:21:59,433 - DEBUG - Applied object param aspirate_speed=10
2026-02-03 13:21:59,433 - DEBUG - Applied object param aspirate_wait_time=0.0
2026-02-03 13:21:59,433 - DEBUG - Applied object param blowout_vol=0.0
2026-02-03 13:21:59,433 - DEBUG - Applied object param dispense_speed=10
2026-02-03 13:21:59,433 - DEBUG - Applied object param dispense_wait_time=0.0
2026-02-03 13:21:59,433 - DEBUG - Applied object param overaspirate_vol=0.0
2026-02-03 13:21:59,433 - DEBUG - Applied object param post_asp_air_vol=0.0
2026-02-03 13:21:59,433 - DEBUG - Applied object param post_retract_wait_time=0.0
2026-02-03 13:21:59,433 - DEBUG - Applied object param pre_asp_air_vol=0.0
2026-02-03 13:21:59,433 - DEBUG - Applied object param retract_speed=10
2026-02-03 13:21:59,433 - DEBUG - Selected small_tip for volume 0.100 mL
2026-02-03 13:21:59,433 - INFO - Pipetting from vial target_vial, amount: 0.100 mL
2026-02-03 13:21:59,433 - INFO - Additional volume from calibration, amount: 0.000 mL
2026-02-03 13:21:59,433 - DEBUG - Adjusting pump 0 speed to 10
2026-02-03 13:22:02,133 - DEBUG - Adjusting pump 0 speed to 10
2026-02-03 13:22:03,181 - DEBUG - Aspirating 0.100 mL then waiting 0.0 s
2026-02-03 13:22:06,391 - DEBUG - Applied object param asp_disp_cycles=0
2026-02-03 13:22:06,391 - DEBUG - Applied object param aspirate_speed=10
2026-02-03 13:22:06,391 - DEBUG - Applied object param aspirate_wait_time=0.0
2026-02-03 13:22:06,391 - DEBUG - Applied object param blowout_vol=0.0
2026-02-03 13:22:06,391 - DEBUG - Applied object param dispense_speed=10
2026-02-03 13:22:06,391 - DEBUG - Applied object param dispense_wait_time=0.0
2026-02-03 13:22:06,391 - DEBUG - Applied object param overaspirate_vol=0.0
2026-02-03 13:22:06,391 - DEBUG - Applied object param post_asp_air_vol=0.0
2026-02-03 13:22:06,391 - DEBUG - Applied object param post_retract_wait_time=0.0
2026-02-03 13:22:06,391 - DEBUG - Applied object param pre_asp_air_vol=0.0
2026-02-03 13:22:06,391 - DEBUG - Applied object param retract_speed=10
2026-02-03 13:22:06,391 - INFO - Pipetting into vial target_vial, amount: 0.100 mL
2026-02-03 13:22:06,391 - DEBUG - Adjusting pump 0 speed to 10
2026-02-03 13:22:08,102 - DEBUG - Dispensing 0.100 mL then waiting 0.0 s
2026-02-03 13:22:08,671 - INFO - Dispensing 0.100 mL from target_vial to target_vial
2026-02-03 13:22:08,671 - DEBUG - Applied object param asp_disp_cycles=0
2026-02-03 13:22:08,671 - DEBUG - Applied object param aspirate_speed=10
2026-02-03 13:22:08,671 - DEBUG - Applied object param aspirate_wait_time=0.0
2026-02-03 13:22:08,671 - DEBUG - Applied object param blowout_vol=0.0
2026-02-03 13:22:08,671 - DEBUG - Applied object param dispense_speed=10
2026-02-03 13:22:08,671 - DEBUG - Applied object param dispense_wait_time=0.0
2026-02-03 13:22:08,671 - DEBUG - Applied object param overaspirate_vol=0.0
2026-02-03 13:22:08,671 - DEBUG - Applied object param post_asp_air_vol=0.0
2026-02-03 13:22:08,671 - DEBUG - Applied object param post_retract_wait_time=0.0
2026-02-03 13:22:08,671 - DEBUG - Applied object param pre_asp_air_vol=0.0
2026-02-03 13:22:08,671 - DEBUG - Applied object param retract_speed=10
2026-02-03 13:22:08,671 - DEBUG - Selected small_tip for volume 0.100 mL
2026-02-03 13:22:08,671 - INFO - Pipetting from vial target_vial, amount: 0.100 mL
2026-02-03 13:22:08,671 - INFO - Additional volume from calibration, amount: 0.000 mL
2026-02-03 13:22:08,671 - DEBUG - Adjusting pump 0 speed to 10
2026-02-03 13:22:09,637 - DEBUG - Adjusting pump 0 speed to 10
2026-02-03 13:22:10,705 - DEBUG - Aspirating 0.100 mL then waiting 0.0 s
2026-02-03 13:22:14,455 - DEBUG - Applied object param asp_disp_cycles=0
2026-02-03 13:22:14,455 - DEBUG - Applied object param aspirate_speed=10
2026-02-03 13:22:14,455 - DEBUG - Applied object param aspirate_wait_time=0.0
2026-02-03 13:22:14,455 - DEBUG - Applied object param blowout_vol=0.0
2026-02-03 13:22:14,455 - DEBUG - Applied object param dispense_speed=10
2026-02-03 13:22:14,455 - DEBUG - Applied object param dispense_wait_time=0.0
2026-02-03 13:22:14,455 - DEBUG - Applied object param overaspirate_vol=0.0
2026-02-03 13:22:14,455 - DEBUG - Applied object param post_asp_air_vol=0.0
2026-02-03 13:22:14,455 - DEBUG - Applied object param post_retract_wait_time=0.0
2026-02-03 13:22:14,455 - DEBUG - Applied object param pre_asp_air_vol=0.0
2026-02-03 13:22:14,455 - DEBUG - Applied object param retract_speed=10
2026-02-03 13:22:14,455 - INFO - Pipetting into vial target_vial, amount: 0.100 mL
2026-02-03 13:22:14,455 - DEBUG - Adjusting pump 0 speed to 10
2026-02-03 13:22:16,153 - DEBUG - Dispensing 0.100 mL then waiting 0.0 s
2026-02-03 13:22:16,732 - INFO - Returning vial target_vial to home location: main_8mL_rack index 0
2026-02-03 13:22:16,732 - INFO - Moving vial target_vial to main_8mL_rack: 0
2026-02-03 13:22:16,732 - DEBUG - Grabbing vial 2 with index 2
2026-02-03 13:22:18,508 - DEBUG - Dropping off vial 2 at location main_8mL_rack with index 0
2026-02-03 13:22:21,206 - INFO - Moving robot to home position
