2026-04-09 10:05:11,347 - DEBUG - No workflow config provided - using default initialization
2026-04-09 10:05:11,348 - INFO - Launching status review GUI...
2026-04-09 10:05:11,535 - INFO - Detected workflow name: test_get_pipet
2026-04-09 10:05:11,557 - INFO - Config editor loaded for workflow: test_get_pipet
2026-04-09 10:05:16,200 - INFO - User selected: Run Workflow
2026-04-09 10:05:16,211 - INFO - Status review completed - proceeding with hardware initialization
2026-04-09 10:05:16,789 - INFO - Initializing North Robot...
2026-04-09 10:05:16,789 - DEBUG - Loading robot configuration files...
2026-04-09 10:05:16,814 - DEBUG - Loaded vial positions configuration from robot_state/vial_positions.yaml
2026-04-09 10:05:16,816 - DEBUG - Loaded pipet tips configuration from robot_state/pipet_tips.yaml
2026-04-09 10:05:16,819 - DEBUG - Loaded pipet racks configuration from robot_state/pipet_racks.yaml
2026-04-09 10:05:16,822 - DEBUG - Loaded pump configuration from robot_state/syringe_pumps.yaml
2026-04-09 10:05:16,826 - DEBUG - Loaded robot hardware configuration from robot_state/robot_hardware.yaml
2026-04-09 10:05:16,831 - DEBUG - Loaded wellplate properties configuration from robot_state/wellplates.yaml
2026-04-09 10:05:16,831 - DEBUG - Loading robot state files...
2026-04-09 10:05:16,832 - INFO - No vial file provided - operating without vial tracking
2026-04-09 10:05:16,832 - DEBUG - Loaded robot status from robot_state/robot_status.yaml
2026-04-09 10:05:16,841 - DEBUG - Loaded wellplate positions from robot_state/wellplates.yaml
2026-04-09 10:05:16,841 - DEBUG - Robot status loaded successfully
2026-04-09 10:05:16,841 - INFO - Physical initialization of North Robot...
2026-04-09 10:05:20,341 - DEBUG - Loading pumps from YAML configuration...
2026-04-09 10:05:20,437 - DEBUG - Loaded pump 0: volume=1.0mL, speed=11, liquid=None
2026-04-09 10:05:20,539 - DEBUG - Loaded pump 1: volume=2.5mL, speed=15, liquid=water
2026-04-09 10:05:20,539 - WARNING - The robot reports having a tip, removing the tip
2026-04-09 10:05:20,539 - INFO - Removing pipet
2026-04-09 10:05:22,753 - INFO - Moving robot to home position
2026-04-09 10:05:24,601 - DEBUG - Initializing centrifuge controller...
2026-04-09 10:05:24,601 - INFO - Initializing North Track...
2026-04-09 10:05:24,602 - DEBUG - Loading track status from file: robot_state/track_status.yaml
2026-04-09 10:05:24,602 - DEBUG - Getting track status from file: robot_state/track_status.yaml
2026-04-09 10:05:24,602 - DEBUG - Loaded track status from robot_state/track_status.yaml
2026-04-09 10:05:24,602 - DEBUG - Loading track positions from: robot_state/track_positions.yaml
2026-04-09 10:05:24,602 - DEBUG - Loaded track positions configuration from robot_state/track_positions.yaml
2026-04-09 10:05:24,602 - DEBUG - Loading robot hardware configuration from: robot_state/robot_hardware.yaml
2026-04-09 10:05:24,602 - DEBUG - Loaded robot hardware configuration from robot_state/robot_hardware.yaml
2026-04-09 10:05:24,602 - DEBUG - Loaded wellplate properties configuration from robot_state/wellplates.yaml
2026-04-09 10:05:24,689 - DEBUG - Moving North Track to home position
2026-04-09 10:05:24,689 - DEBUG - Detected origin position (0,0) - setting location to 'origin'
2026-04-09 10:05:24,689 - DEBUG - Updated gripper location to: origin at position {'x': 0, 'z': 0}
2026-04-09 10:05:24,689 - INFO - Getting large_tip (pipet number 0) from rack: large_tip_rack_1
2026-04-09 10:05:29,628 - INFO - Moving robot to home position
2026-04-09 10:05:32,068 - INFO - Removing pipet
2026-04-09 10:05:34,799 - INFO - Getting large_tip (pipet number 1) from rack: large_tip_rack_1
2026-04-09 10:05:38,397 - INFO - Moving robot to home position
2026-04-09 10:05:40,819 - INFO - Removing pipet
2026-04-09 10:05:43,573 - INFO - Getting large_tip (pipet number 2) from rack: large_tip_rack_1
2026-04-09 10:05:47,148 - INFO - Moving robot to home position
2026-04-09 10:05:49,556 - INFO - Removing pipet
2026-04-09 10:05:52,292 - INFO - Getting large_tip (pipet number 3) from rack: large_tip_rack_1
2026-04-09 10:05:55,872 - INFO - Moving robot to home position
2026-04-09 10:05:58,274 - INFO - Removing pipet
2026-04-09 10:06:01,006 - INFO - Getting large_tip (pipet number 4) from rack: large_tip_rack_1
2026-04-09 10:06:04,577 - INFO - Moving robot to home position
2026-04-09 10:06:06,972 - INFO - Removing pipet
2026-04-09 10:06:09,698 - INFO - Getting large_tip (pipet number 5) from rack: large_tip_rack_1
2026-04-09 10:06:13,245 - INFO - Moving robot to home position
2026-04-09 10:06:15,602 - INFO - Removing pipet
2026-04-09 10:06:18,334 - INFO - Getting large_tip (pipet number 6) from rack: large_tip_rack_1
2026-04-09 10:06:21,856 - INFO - Moving robot to home position
2026-04-09 10:06:24,224 - INFO - Removing pipet
2026-04-09 10:06:26,949 - INFO - Getting large_tip (pipet number 7) from rack: large_tip_rack_1
2026-04-09 10:06:30,483 - INFO - Moving robot to home position
2026-04-09 10:06:32,819 - INFO - Removing pipet
2026-04-09 10:06:35,579 - INFO - Getting large_tip (pipet number 8) from rack: large_tip_rack_1
2026-04-09 10:06:39,083 - INFO - Moving robot to home position
2026-04-09 10:06:41,415 - INFO - Removing pipet
2026-04-09 10:06:44,136 - INFO - Getting large_tip (pipet number 9) from rack: large_tip_rack_1
2026-04-09 10:06:47,644 - INFO - Moving robot to home position
2026-04-09 10:06:49,934 - INFO - Removing pipet
2026-04-09 10:06:52,666 - INFO - Getting large_tip (pipet number 10) from rack: large_tip_rack_1
2026-04-09 10:06:56,134 - INFO - Moving robot to home position
2026-04-09 10:06:58,424 - INFO - Removing pipet
2026-04-09 10:07:01,170 - INFO - Getting large_tip (pipet number 11) from rack: large_tip_rack_1
2026-04-09 10:07:04,632 - INFO - Moving robot to home position
2026-04-09 10:07:06,897 - INFO - Removing pipet
2026-04-09 10:07:09,628 - INFO - Getting large_tip (pipet number 12) from rack: large_tip_rack_1
2026-04-09 10:07:13,072 - INFO - Moving robot to home position
2026-04-09 10:07:15,323 - INFO - Removing pipet
2026-04-09 10:07:18,056 - INFO - Getting large_tip (pipet number 13) from rack: large_tip_rack_1
2026-04-09 10:07:21,463 - INFO - Moving robot to home position
2026-04-09 10:07:23,694 - INFO - Removing pipet
2026-04-09 10:07:26,443 - INFO - Getting large_tip (pipet number 14) from rack: large_tip_rack_1
2026-04-09 10:07:29,821 - INFO - Moving robot to home position
2026-04-09 10:07:32,024 - INFO - Removing pipet
2026-04-09 10:07:34,761 - INFO - Getting large_tip (pipet number 15) from rack: large_tip_rack_1
2026-04-09 10:07:38,131 - INFO - Moving robot to home position
2026-04-09 10:07:40,312 - INFO - Removing pipet
2026-04-09 10:07:43,056 - INFO - Getting large_tip (pipet number 16) from rack: large_tip_rack_1
2026-04-09 10:07:46,664 - INFO - Moving robot to home position
2026-04-09 10:07:49,081 - INFO - Removing pipet
2026-04-09 10:07:51,794 - INFO - Getting large_tip (pipet number 17) from rack: large_tip_rack_1
2026-04-09 10:07:55,396 - INFO - Moving robot to home position
2026-04-09 10:07:57,795 - INFO - Removing pipet
2026-04-09 10:08:00,537 - INFO - Getting large_tip (pipet number 18) from rack: large_tip_rack_1
2026-04-09 10:08:04,104 - INFO - Moving robot to home position
2026-04-09 10:08:06,504 - INFO - Removing pipet
2026-04-09 10:08:09,246 - INFO - Getting large_tip (pipet number 19) from rack: large_tip_rack_1
2026-04-09 10:08:12,795 - INFO - Moving robot to home position
2026-04-09 10:08:15,168 - INFO - Removing pipet
2026-04-09 10:08:17,906 - INFO - Getting large_tip (pipet number 20) from rack: large_tip_rack_1
2026-04-09 10:08:21,462 - INFO - Moving robot to home position
2026-04-09 10:08:23,829 - INFO - Removing pipet
2026-04-09 10:08:26,555 - INFO - Getting large_tip (pipet number 21) from rack: large_tip_rack_1
2026-04-09 10:08:30,082 - INFO - Moving robot to home position
2026-04-09 10:08:32,435 - INFO - Removing pipet
2026-04-09 10:08:35,186 - INFO - Getting large_tip (pipet number 22) from rack: large_tip_rack_1
2026-04-09 10:08:38,688 - INFO - Moving robot to home position
2026-04-09 10:08:41,026 - INFO - Removing pipet
2026-04-09 10:08:43,755 - INFO - Getting large_tip (pipet number 23) from rack: large_tip_rack_1
2026-04-09 10:08:47,264 - INFO - Moving robot to home position
2026-04-09 10:08:49,587 - INFO - Removing pipet
2026-04-09 10:08:52,321 - INFO - Getting large_tip (pipet number 24) from rack: large_tip_rack_1
2026-04-09 10:08:55,812 - INFO - Moving robot to home position
2026-04-09 10:08:58,131 - INFO - Removing pipet
2026-04-09 10:09:00,865 - INFO - Getting large_tip (pipet number 25) from rack: large_tip_rack_1
2026-04-09 10:09:04,332 - INFO - Moving robot to home position
2026-04-09 10:09:06,623 - INFO - Removing pipet
2026-04-09 10:09:09,372 - INFO - Getting large_tip (pipet number 26) from rack: large_tip_rack_1
2026-04-09 10:09:12,822 - INFO - Moving robot to home position
2026-04-09 10:09:15,087 - INFO - Removing pipet
2026-04-09 10:09:17,820 - INFO - Getting large_tip (pipet number 27) from rack: large_tip_rack_1
2026-04-09 10:09:21,260 - INFO - Moving robot to home position
2026-04-09 10:09:23,520 - INFO - Removing pipet
2026-04-09 10:09:26,265 - INFO - Getting large_tip (pipet number 28) from rack: large_tip_rack_1
2026-04-09 10:09:29,670 - INFO - Moving robot to home position
2026-04-09 10:09:31,913 - INFO - Removing pipet
2026-04-09 10:09:34,648 - INFO - Getting large_tip (pipet number 29) from rack: large_tip_rack_1
2026-04-09 10:09:38,033 - INFO - Moving robot to home position
2026-04-09 10:09:40,270 - INFO - Removing pipet
2026-04-09 10:09:43,005 - INFO - Getting large_tip (pipet number 30) from rack: large_tip_rack_1
2026-04-09 10:09:46,378 - INFO - Moving robot to home position
2026-04-09 10:09:48,574 - INFO - Removing pipet
2026-04-09 10:09:51,296 - INFO - Getting large_tip (pipet number 31) from rack: large_tip_rack_1
2026-04-09 10:09:54,643 - INFO - Moving robot to home position
2026-04-09 10:09:56,816 - INFO - Removing pipet
2026-04-09 10:09:59,540 - INFO - Getting large_tip (pipet number 32) from rack: large_tip_rack_1
2026-04-09 10:10:03,113 - INFO - Moving robot to home position
2026-04-09 10:10:05,489 - INFO - Removing pipet
2026-04-09 10:10:08,224 - INFO - Getting large_tip (pipet number 33) from rack: large_tip_rack_1
2026-04-09 10:10:11,777 - INFO - Moving robot to home position
2026-04-09 10:10:14,163 - INFO - Removing pipet
2026-04-09 10:10:16,892 - INFO - Getting large_tip (pipet number 34) from rack: large_tip_rack_1
2026-04-09 10:10:20,433 - INFO - Moving robot to home position
2026-04-09 10:10:22,811 - INFO - Removing pipet
2026-04-09 10:10:25,536 - INFO - Getting large_tip (pipet number 35) from rack: large_tip_rack_1
2026-04-09 10:10:29,063 - INFO - Moving robot to home position
2026-04-09 10:10:31,441 - INFO - Removing pipet
2026-04-09 10:10:34,185 - INFO - Getting large_tip (pipet number 36) from rack: large_tip_rack_1
2026-04-09 10:10:37,707 - INFO - Moving robot to home position
2026-04-09 10:10:40,051 - INFO - Removing pipet
2026-04-09 10:10:42,788 - INFO - Getting large_tip (pipet number 37) from rack: large_tip_rack_1
2026-04-09 10:10:46,299 - INFO - Moving robot to home position
2026-04-09 10:10:48,606 - INFO - Removing pipet
2026-04-09 10:10:51,340 - INFO - Getting large_tip (pipet number 38) from rack: large_tip_rack_1
2026-04-09 10:10:54,822 - INFO - Moving robot to home position
2026-04-09 10:10:57,150 - INFO - Removing pipet
2026-04-09 10:10:59,893 - INFO - Getting large_tip (pipet number 39) from rack: large_tip_rack_1
2026-04-09 10:11:03,387 - INFO - Moving robot to home position
2026-04-09 10:11:05,684 - INFO - Removing pipet
2026-04-09 10:11:08,413 - INFO - Getting large_tip (pipet number 40) from rack: large_tip_rack_1
2026-04-09 10:11:11,887 - INFO - Moving robot to home position
2026-04-09 10:11:14,182 - INFO - Removing pipet
2026-04-09 10:11:16,903 - INFO - Getting large_tip (pipet number 41) from rack: large_tip_rack_1
2026-04-09 10:11:20,383 - INFO - Moving robot to home position
2026-04-09 10:11:22,653 - INFO - Removing pipet
2026-04-09 10:11:25,403 - INFO - Getting large_tip (pipet number 42) from rack: large_tip_rack_1
2026-04-09 10:11:28,855 - INFO - Moving robot to home position
2026-04-09 10:11:31,110 - INFO - Removing pipet
2026-04-09 10:11:33,838 - INFO - Getting large_tip (pipet number 43) from rack: large_tip_rack_1
2026-04-09 10:11:37,266 - INFO - Moving robot to home position
2026-04-09 10:11:39,510 - INFO - Removing pipet
2026-04-09 10:11:42,230 - INFO - Getting large_tip (pipet number 44) from rack: large_tip_rack_1
2026-04-09 10:11:45,638 - INFO - Moving robot to home position
2026-04-09 10:11:47,859 - INFO - Removing pipet
2026-04-09 10:11:50,574 - INFO - Getting large_tip (pipet number 45) from rack: large_tip_rack_1
2026-04-09 10:11:53,974 - INFO - Moving robot to home position
2026-04-09 10:11:56,173 - INFO - Removing pipet
2026-04-09 10:11:58,887 - INFO - Getting large_tip (pipet number 46) from rack: large_tip_rack_1
2026-04-09 10:12:02,263 - INFO - Moving robot to home position
2026-04-09 10:12:04,433 - INFO - Removing pipet
2026-04-09 10:12:07,161 - INFO - Getting large_tip (pipet number 47) from rack: large_tip_rack_1
2026-04-09 10:12:10,505 - INFO - Moving robot to home position
2026-04-09 10:12:12,669 - INFO - Removing pipet
