2025-10-20 10:35:04,225 - INFO - Initializing North Robot...
2025-10-20 10:35:04,225 - DEBUG - Loading robot configuration files...
2025-10-20 10:35:04,265 - DEBUG - Loaded vial positions configuration from robot_state/vial_positions.yaml
2025-10-20 10:35:04,283 - DEBUG - Loaded pipet tips configuration from robot_state/pipet_tips.yaml
2025-10-20 10:35:04,290 - DEBUG - Loaded pipet racks configuration from robot_state/pipet_racks.yaml
2025-10-20 10:35:04,313 - DEBUG - Loaded pump configuration from robot_state/syringe_pumps.yaml
2025-10-20 10:35:04,323 - DEBUG - Loaded robot hardware configuration from robot_state/robot_hardware.yaml
2025-10-20 10:35:04,340 - DEBUG - Loaded wellplate properties configuration from robot_state/wellplates.yaml
2025-10-20 10:35:04,340 - DEBUG - Loading robot state files...
2025-10-20 10:35:04,378 - DEBUG - Loaded vial data from status/calibration_vials_short.csv
2025-10-20 10:35:04,393 - DEBUG - Loaded robot status from robot_state/robot_status.yaml
2025-10-20 10:35:04,393 - DEBUG - Loaded wellplate positions from robot_state/wellplates.yaml
2025-10-20 10:35:04,393 - DEBUG - Robot status loaded successfully
2025-10-20 10:35:04,393 - DEBUG - Loading pumps from YAML configuration...
2025-10-20 10:35:04,393 - DEBUG - Loaded pump 0: volume=1.0mL, speed=11, liquid=None
2025-10-20 10:35:04,393 - DEBUG - Loaded pump 1: volume=2.5mL, speed=15, liquid=water
2025-10-20 10:35:04,393 - DEBUG - Physical initialization of North Robot...
2025-10-20 10:35:04,393 - INFO - Moving robot to home position
2025-10-20 10:35:04,401 - INFO - Initializing North Track...
2025-10-20 10:35:04,401 - DEBUG - Loading track status from file: robot_state/track_status.yaml
2025-10-20 10:35:04,401 - DEBUG - Getting track status from file: robot_state/track_status.yaml
2025-10-20 10:35:04,406 - DEBUG - Loaded track status from robot_state/track_status.yaml
2025-10-20 10:35:04,406 - DEBUG - Loading track positions from: robot_state/track_positions.yaml
2025-10-20 10:35:04,418 - DEBUG - Loaded track positions configuration from robot_state/track_positions.yaml
2025-10-20 10:35:04,418 - DEBUG - Loading robot hardware configuration from: robot_state/robot_hardware.yaml
2025-10-20 10:35:04,426 - DEBUG - Loaded robot hardware configuration from robot_state/robot_hardware.yaml
2025-10-20 10:35:04,426 - DEBUG - Loaded wellplate properties configuration from robot_state/wellplates.yaml
2025-10-20 10:35:04,426 - DEBUG - Moving North Track to home position
2025-10-20 10:35:04,434 - INFO -     vial_index           vial_name         location  location_index  vial_volume  capped cap_type vial_type    home_location  home_location_index
0            0  measurement_vial_0    main_8mL_rack               0     7.047348    True     open      8_mL    main_8mL_rack                    0
1            1  measurement_vial_1    main_8mL_rack               1     7.120276    True     open      8_mL    main_8mL_rack                    1
2            2  measurement_vial_2    main_8mL_rack               2     7.074795    True     open      8_mL    main_8mL_rack                    2
3            3  measurement_vial_3    main_8mL_rack               3     7.109268    True     open      8_mL    main_8mL_rack                    3
4            4  measurement_vial_4    main_8mL_rack               4     7.111734    True     open      8_mL    main_8mL_rack                    4
5            5  measurement_vial_5    main_8mL_rack               5     7.079070    True     open      8_mL    main_8mL_rack                    5
6            6  measurement_vial_6    main_8mL_rack               6     4.043972    True     open      8_mL    main_8mL_rack                    6
7            7  measurement_vial_7    main_8mL_rack               7     0.000000    True     open      8_mL    main_8mL_rack                    7
8            8  measurement_vial_8    main_8mL_rack               8     0.000000    True     open      8_mL    main_8mL_rack                    8
9            9  measurement_vial_9    main_8mL_rack               9     0.000000    True     open      8_mL    main_8mL_rack                    9
10          10       liquid_source   50mL_vial_rack               0     3.413538    True     open     50_mL   50mL_vial_rack                    0
11          11     liquid_source_2  large_vial_rack               2    20.000000    True     open     20_mL  large_vial_rack                    2
2025-10-20 10:35:04,457 - INFO - Visualizing vial racks...
2025-10-20 10:35:05,547 - DEBUG - Visualizing rack: Main Rack with filter: main_8mL_rack
2025-10-20 10:35:05,686 - DEBUG - Visualizing rack: Second Rack with filter: large_vial_rack
2025-10-20 10:35:07,334 - INFO - Moving vial measurement_vial_0 to clamp: 0
2025-10-20 10:35:07,337 - DEBUG - Grabbing vial 0 with index 0
2025-10-20 10:35:07,341 - DEBUG - Dropping off vial 0 at location clamp with index 0
2025-10-20 10:35:07,354 - DEBUG - Selected small_tip for volume 0.100 mL
2025-10-20 10:35:07,555 - INFO - Removing pipet
2025-10-20 10:35:07,559 - INFO - Returning vial measurement_vial_0 to home location: main_8mL_rack index 0
2025-10-20 10:35:07,559 - INFO - Moving vial measurement_vial_0 to main_8mL_rack: 0
2025-10-20 10:35:07,562 - DEBUG - Grabbing vial 0 with index 0
2025-10-20 10:35:07,564 - DEBUG - Dropping off vial 0 at location main_8mL_rack with index 0
2025-10-20 10:35:07,565 - INFO - [info] Switching to new measurement vial: measurement_vial_1
2025-10-20 10:35:07,566 - INFO - Moving vial measurement_vial_1 to clamp: 0
2025-10-20 10:35:07,566 - DEBUG - Grabbing vial 1 with index 1
2025-10-20 10:35:07,566 - DEBUG - Dropping off vial 1 at location clamp with index 0
2025-10-20 10:35:07,795 - INFO - Removing pipet
2025-10-20 10:35:07,795 - INFO - Returning vial measurement_vial_1 to home location: main_8mL_rack index 1
2025-10-20 10:35:07,795 - INFO - Moving vial measurement_vial_1 to main_8mL_rack: 1
2025-10-20 10:35:07,795 - DEBUG - Grabbing vial 1 with index 1
2025-10-20 10:35:07,795 - DEBUG - Dropping off vial 1 at location main_8mL_rack with index 1
2025-10-20 10:35:07,795 - INFO - [info] Switching to new measurement vial: measurement_vial_2
2025-10-20 10:35:07,803 - INFO - Moving vial measurement_vial_2 to clamp: 0
2025-10-20 10:35:07,803 - DEBUG - Grabbing vial 2 with index 2
2025-10-20 10:35:07,803 - DEBUG - Dropping off vial 2 at location clamp with index 0
2025-10-20 10:35:08,017 - INFO - Removing pipet
2025-10-20 10:35:08,017 - INFO - Returning vial measurement_vial_2 to home location: main_8mL_rack index 2
2025-10-20 10:35:08,023 - INFO - Moving vial measurement_vial_2 to main_8mL_rack: 2
2025-10-20 10:35:08,023 - DEBUG - Grabbing vial 2 with index 2
2025-10-20 10:35:08,023 - DEBUG - Dropping off vial 2 at location main_8mL_rack with index 2
2025-10-20 10:35:08,023 - INFO - [info] Switching to new measurement vial: measurement_vial_3
2025-10-20 10:35:08,023 - INFO - Moving vial measurement_vial_3 to clamp: 0
2025-10-20 10:35:08,023 - DEBUG - Grabbing vial 3 with index 3
2025-10-20 10:35:08,031 - DEBUG - Dropping off vial 3 at location clamp with index 0
2025-10-20 10:35:08,246 - INFO - Removing pipet
2025-10-20 10:35:08,246 - INFO - Returning vial measurement_vial_3 to home location: main_8mL_rack index 3
2025-10-20 10:35:08,250 - INFO - Moving vial measurement_vial_3 to main_8mL_rack: 3
2025-10-20 10:35:08,250 - DEBUG - Grabbing vial 3 with index 3
2025-10-20 10:35:08,252 - DEBUG - Dropping off vial 3 at location main_8mL_rack with index 3
2025-10-20 10:35:08,252 - INFO - [info] Switching to new measurement vial: measurement_vial_4
2025-10-20 10:35:08,252 - INFO - Moving vial measurement_vial_4 to clamp: 0
2025-10-20 10:35:08,252 - DEBUG - Grabbing vial 4 with index 4
2025-10-20 10:35:08,256 - DEBUG - Dropping off vial 4 at location clamp with index 0
2025-10-20 10:35:08,476 - INFO - Removing pipet
2025-10-20 10:35:08,476 - INFO - Returning vial measurement_vial_4 to home location: main_8mL_rack index 4
2025-10-20 10:35:08,481 - INFO - Moving vial measurement_vial_4 to main_8mL_rack: 4
2025-10-20 10:35:08,481 - DEBUG - Grabbing vial 4 with index 4
2025-10-20 10:35:08,483 - DEBUG - Dropping off vial 4 at location main_8mL_rack with index 4
2025-10-20 10:35:08,483 - INFO - [info] Switching to new measurement vial: measurement_vial_5
2025-10-20 10:35:08,483 - INFO - Moving vial measurement_vial_5 to clamp: 0
2025-10-20 10:35:08,483 - DEBUG - Grabbing vial 5 with index 5
2025-10-20 10:35:08,489 - DEBUG - Dropping off vial 5 at location clamp with index 0
2025-10-20 10:35:08,711 - INFO - Removing pipet
2025-10-20 10:35:08,713 - INFO - Returning vial measurement_vial_5 to home location: main_8mL_rack index 5
2025-10-20 10:35:08,713 - INFO - Moving vial measurement_vial_5 to main_8mL_rack: 5
2025-10-20 10:35:08,713 - DEBUG - Grabbing vial 5 with index 5
2025-10-20 10:35:08,713 - DEBUG - Dropping off vial 5 at location main_8mL_rack with index 5
2025-10-20 10:35:08,718 - INFO - [info] Switching to new measurement vial: measurement_vial_6
2025-10-20 10:35:08,718 - INFO - Moving vial measurement_vial_6 to clamp: 0
2025-10-20 10:35:08,718 - DEBUG - Grabbing vial 6 with index 6
2025-10-20 10:35:08,718 - DEBUG - Dropping off vial 6 at location clamp with index 0
2025-10-20 10:35:12,101 - DEBUG - Selected small_tip for volume 0.050 mL
2025-10-20 10:35:12,937 - DEBUG - Selected small_tip for volume 0.010 mL
2025-10-20 10:35:13,793 - INFO - Removing pipet
2025-10-20 10:35:13,797 - INFO - Returning vial measurement_vial_6 to home location: main_8mL_rack index 6
2025-10-20 10:35:13,797 - INFO - Moving vial measurement_vial_6 to main_8mL_rack: 6
2025-10-20 10:35:13,797 - DEBUG - Grabbing vial 6 with index 6
2025-10-20 10:35:13,800 - DEBUG - Dropping off vial 6 at location main_8mL_rack with index 6
2025-10-20 10:35:13,800 - INFO - Moving robot to home position
