2026-02-25 11:10:03,030 - DEBUG - No workflow config provided - using default initialization
2026-02-25 11:10:03,030 - INFO - Launching status review GUI...
2026-02-25 11:10:03,030 - INFO - Detected workflow name: test_biotek_measure_wellplate
2026-02-25 11:10:03,030 - ERROR - Error launching status GUI: 'VialManagerMainWindow' object has no attribute 'save_button'
2026-02-25 11:10:03,260 - INFO - Initializing North Robot...
2026-02-25 11:10:03,260 - DEBUG - Loading robot configuration files...
2026-02-25 11:10:03,260 - DEBUG - Loaded vial positions configuration from robot_state/vial_positions.yaml
2026-02-25 11:10:03,260 - DEBUG - Loaded pipet tips configuration from robot_state/pipet_tips.yaml
2026-02-25 11:10:03,260 - DEBUG - Loaded pipet racks configuration from robot_state/pipet_racks.yaml
2026-02-25 11:10:03,277 - DEBUG - Loaded pump configuration from robot_state/syringe_pumps.yaml
2026-02-25 11:10:03,280 - DEBUG - Loaded robot hardware configuration from robot_state/robot_hardware.yaml
2026-02-25 11:10:03,283 - DEBUG - Loaded wellplate properties configuration from robot_state/wellplates.yaml
2026-02-25 11:10:03,283 - DEBUG - Loading robot state files...
2026-02-25 11:10:03,283 - INFO - No vial file provided - operating without vial tracking
2026-02-25 11:10:03,283 - DEBUG - Loaded robot status from robot_state/robot_status.yaml
2026-02-25 11:10:03,283 - DEBUG - Loaded wellplate positions from robot_state/wellplates.yaml
2026-02-25 11:10:03,283 - DEBUG - Robot status loaded successfully
2026-02-25 11:10:03,283 - INFO - Physical initialization of North Robot...
2026-02-25 11:10:06,909 - DEBUG - Loading pumps from YAML configuration...
2026-02-25 11:10:07,021 - DEBUG - Loaded pump 0: volume=1.0mL, speed=11, liquid=None
2026-02-25 11:10:07,133 - DEBUG - Loaded pump 1: volume=2.5mL, speed=15, liquid=water
2026-02-25 11:10:07,133 - INFO - Moving robot to home position
2026-02-25 11:10:07,553 - DEBUG - Initializing centrifuge controller...
2026-02-25 11:10:12,795 - DEBUG - Current reader status: 0
2026-02-25 11:10:12,795 - INFO - Cytation5 is connected and ready
2026-02-25 11:10:12,795 - INFO - Initializing North Track...
2026-02-25 11:10:12,795 - DEBUG - Loading track status from file: robot_state/track_status.yaml
2026-02-25 11:10:12,795 - DEBUG - Getting track status from file: robot_state/track_status.yaml
2026-02-25 11:10:12,801 - DEBUG - Loaded track status from robot_state/track_status.yaml
2026-02-25 11:10:12,801 - DEBUG - Loading track positions from: robot_state/track_positions.yaml
2026-02-25 11:10:12,802 - DEBUG - Loaded track positions configuration from robot_state/track_positions.yaml
2026-02-25 11:10:12,802 - DEBUG - Loading robot hardware configuration from: robot_state/robot_hardware.yaml
2026-02-25 11:10:12,802 - DEBUG - Loaded robot hardware configuration from robot_state/robot_hardware.yaml
2026-02-25 11:10:12,802 - DEBUG - Loaded wellplate properties configuration from robot_state/wellplates.yaml
2026-02-25 11:10:12,888 - DEBUG - Moving North Track to home position
2026-02-25 11:10:12,888 - DEBUG - Detected origin position (0,0) - setting location to 'origin'
2026-02-25 11:10:12,888 - DEBUG - Updated gripper location to: origin at position {'x': 0, 'z': 0}
2026-02-25 11:10:12,888 - INFO - Measuring wellplate 0 with protocols: None
2026-02-25 11:10:12,888 - DEBUG - Using robot plate type '96 WELL PLATE' -> Cytation plate type '96 WELL PLATE'
2026-02-25 11:10:12,888 - INFO - Moving robot to home position
2026-02-25 11:10:13,094 - INFO - Moving wellplate 0 to Cytation
2026-02-25 11:10:13,094 - DEBUG - Using robot plate type '96 WELL PLATE' -> Cytation plate type '96 WELL PLATE' for CarrierIn
2026-02-25 11:10:14,190 - DEBUG - Updated gripper location to: cytation_safe_area at position {'x': 47775, 'z': 0}
2026-02-25 11:10:14,190 - INFO - Grabbing wellplate from location: pipetting_area
2026-02-25 11:10:14,190 - DEBUG - No waypoint locations provided, skipping path movement
2026-02-25 11:10:17,687 - DEBUG - Opening gripper
2026-02-25 11:10:20,527 - DEBUG - Closing gripper
2026-02-25 11:10:22,989 - DEBUG - Updated gripper location to: pipetting_area at position {'x': 131825, 'z': 75000}
2026-02-25 11:10:24,812 - DEBUG - Updated gripper location to: cytation_safe_area at position {'x': 47775, 'z': 75000}
2026-02-25 11:10:26,918 - INFO - Releasing wellplate at location: cytation_tray
2026-02-25 11:10:26,918 - DEBUG - No waypoint locations provided, skipping path movement
2026-02-25 11:10:29,601 - DEBUG - Opening gripper
2026-02-25 11:10:31,878 - DEBUG - Updated gripper location to: cytation_tray at position {'x': 68400, 'z': 0}
2026-02-25 11:10:34,289 - INFO - Moving wellplate 0 back from Cytation
2026-02-25 11:10:34,289 - DEBUG - Using robot plate type '96 WELL PLATE' -> Cytation plate type '96 WELL PLATE' for CarrierIn
2026-02-25 11:10:36,497 - INFO - Grabbing wellplate from location: cytation_tray
2026-02-25 11:10:36,497 - DEBUG - No waypoint locations provided, skipping path movement
2026-02-25 11:10:36,569 - DEBUG - Opening gripper
2026-02-25 11:10:39,149 - DEBUG - Closing gripper
2026-02-25 11:10:41,488 - DEBUG - Updated gripper location to: cytation_tray at position {'x': 68400, 'z': 0}
2026-02-25 11:10:42,057 - DEBUG - Updated gripper location to: cytation_safe_area at position {'x': 47775, 'z': 0}
2026-02-25 11:10:44,476 - INFO - Releasing wellplate at location: pipetting_area
2026-02-25 11:10:44,476 - DEBUG - No waypoint locations provided, skipping path movement
2026-02-25 11:10:48,740 - DEBUG - Opening gripper
2026-02-25 11:10:51,195 - DEBUG - Updated gripper location to: pipetting_area at position {'x': 131825, 'z': 75000}
2026-02-25 11:10:55,638 - DEBUG - Moving North Track to home position
2026-02-25 11:10:55,638 - DEBUG - Detected origin position (0,0) - setting location to 'origin'
2026-02-25 11:10:55,640 - DEBUG - Updated gripper location to: origin at position {'x': 0, 'z': 0}
