2025-09-30 16:35:59,133 - INFO - Initializing North Robot...
2025-09-30 16:35:59,135 - DEBUG - Loading robot configuration files...
2025-09-30 16:35:59,142 - DEBUG - Loaded vial positions configuration from ../utoronto_demo/robot_state/vial_positions.yaml
2025-09-30 16:35:59,144 - DEBUG - Loaded pipet tips configuration from ../utoronto_demo/robot_state/pipet_tips.yaml
2025-09-30 16:35:59,148 - DEBUG - Loaded pipet racks configuration from ../utoronto_demo/robot_state/pipet_racks.yaml
2025-09-30 16:35:59,150 - DEBUG - Loaded pump configuration from ../utoronto_demo/robot_state/syringe_pumps.yaml
2025-09-30 16:35:59,154 - DEBUG - Loaded robot hardware configuration from ../utoronto_demo/robot_state/robot_hardware.yaml
2025-09-30 16:35:59,158 - DEBUG - Loaded wellplate properties configuration from ../utoronto_demo/robot_state/wellplates.yaml
2025-09-30 16:35:59,158 - DEBUG - Loading robot state files...
2025-09-30 16:35:59,160 - DEBUG - Loaded vial data from ../utoronto_demo/status/calibration_vials_short.csv
2025-09-30 16:35:59,162 - DEBUG - Loaded robot status from ../utoronto_demo/robot_state/robot_status.yaml
2025-09-30 16:35:59,164 - DEBUG - Loaded wellplate positions from ../utoronto_demo/robot_state/wellplates.yaml
2025-09-30 16:35:59,164 - DEBUG - Physical initialization of North Robot...
2025-09-30 16:35:59,486 - WARNING - The robot reports having a tip, removing the tip
2025-09-30 16:35:59,486 - INFO - Removing pipet
2025-09-30 16:36:02,009 - INFO - Moving robot to home position
2025-09-30 16:36:03,796 - DEBUG - Loading pumps from YAML configuration...
2025-09-30 16:36:03,892 - DEBUG - Loaded pump 0: volume=1.0mL, speed=11, liquid=None
2025-09-30 16:36:04,005 - DEBUG - Loaded pump 1: volume=2.5mL, speed=15, liquid=water
2025-09-30 16:36:04,207 - INFO - Initializing North Track...
2025-09-30 16:36:04,208 - DEBUG - Loading track status from file: ../utoronto_demo/robot_state/track_status.yaml
2025-09-30 16:36:04,208 - DEBUG - Getting track status from file: ../utoronto_demo/robot_state/track_status.yaml
2025-09-30 16:36:04,209 - DEBUG - Loaded track status from ../utoronto_demo/robot_state/track_status.yaml
2025-09-30 16:36:04,210 - DEBUG - Loading track positions from: ../utoronto_demo/robot_state/track_positions.yaml
2025-09-30 16:36:04,217 - DEBUG - Loaded track positions configuration from ../utoronto_demo/robot_state/track_positions.yaml
2025-09-30 16:36:04,217 - DEBUG - Loading robot hardware configuration from: ../utoronto_demo/robot_state/robot_hardware.yaml
2025-09-30 16:36:04,220 - DEBUG - Loaded robot hardware configuration from ../utoronto_demo/robot_state/robot_hardware.yaml
2025-09-30 16:36:04,224 - DEBUG - Loaded wellplate properties configuration from ../utoronto_demo/robot_state/wellplates.yaml
2025-09-30 16:36:04,228 - INFO -    vial_index           vial_name         location  location_index  vial_volume  capped cap_type vial_type    home_location  home_location_index
0           0  measurement_vial_0            clamp               0     6.242795    True     open      8_mL    main_8mL_rack                    0
1           1  measurement_vial_1    main_8mL_rack               1     0.000000    True     open      8_mL    main_8mL_rack                    1
2           2  measurement_vial_2    main_8mL_rack               2     0.000000    True     open      8_mL    main_8mL_rack                    2
3           3       liquid_source  large_vial_rack               2    13.577205    True     open     20_mL  large_vial_rack                    2
2025-09-30 16:36:04,241 - INFO - Visualizing vial racks...
2025-09-30 16:36:04,383 - DEBUG - Visualizing rack: Main Rack with filter: main_8mL_rack
2025-09-30 16:36:04,554 - DEBUG - Visualizing rack: Second Rack with filter: large_vial_rack
2025-09-30 16:36:07,480 - INFO - Vial measurement_vial_0 already at clamp index 0, no move needed
2025-09-30 16:36:07,483 - DEBUG - Selected small_tip for volume 0.075 mL
2025-09-30 16:36:07,483 - INFO - Getting small_tip (pipet number 3) from rack: small_tip_rack_1
2025-09-30 16:36:11,828 - INFO - Pipetting from vial liquid_source, amount: 0.075 mL
2025-09-30 16:36:11,828 - DEBUG - Adjusting pump 0 speed to 23.0
2025-09-30 16:36:12,469 - INFO - Removing pipet
2025-09-30 16:36:14,642 - INFO - Returning vial measurement_vial_0 to home location
2025-09-30 16:36:14,642 - INFO - Moving vial measurement_vial_0 to main_8mL_rack: 0
2025-09-30 16:36:14,642 - DEBUG - Grabbing vial 0 with index 0
2025-09-30 16:36:17,150 - DEBUG - Dropping off vial 0 at location main_8mL_rack with index 0
2025-09-30 16:36:19,885 - INFO - Moving robot to home position
