2026-06-03 10:12:19,438 - DEBUG - No workflow config provided - using default initialization
2026-06-03 10:12:19,438 - INFO - Launching status review GUI...
2026-06-03 10:12:19,624 - INFO - Detected workflow name: Heating positioning
2026-06-03 10:12:20,010 - INFO - Config editor loaded for workflow: Heating positioning
2026-06-03 10:12:27,090 - INFO - User selected: Run Workflow
2026-06-03 10:12:27,101 - INFO - Status review completed - proceeding with hardware initialization
2026-06-03 10:12:27,816 - INFO - Initializing North Robot...
2026-06-03 10:12:27,818 - DEBUG - Loading robot configuration files...
2026-06-03 10:12:27,834 - DEBUG - Loaded vial positions configuration from robot_state/vial_positions.yaml
2026-06-03 10:12:27,836 - DEBUG - Loaded pipet tips configuration from robot_state/pipet_tips.yaml
2026-06-03 10:12:27,842 - DEBUG - Loaded pipet racks configuration from robot_state/pipet_racks.yaml
2026-06-03 10:12:27,844 - DEBUG - Loaded pump configuration from robot_state/syringe_pumps.yaml
2026-06-03 10:12:27,847 - DEBUG - Loaded robot hardware configuration from robot_state/robot_hardware.yaml
2026-06-03 10:12:27,852 - DEBUG - Loaded wellplate properties configuration from robot_state/wellplates.yaml
2026-06-03 10:12:27,852 - DEBUG - Loading robot state files...
2026-06-03 10:12:27,880 - DEBUG - Loaded vial data from status/heating_mantle_vials.csv
2026-06-03 10:12:27,883 - DEBUG - Loaded robot status from robot_state/robot_status.yaml
2026-06-03 10:12:27,886 - DEBUG - Loaded wellplate positions from robot_state/wellplates.yaml
2026-06-03 10:12:27,886 - DEBUG - Robot status loaded successfully
2026-06-03 10:12:27,887 - INFO - Physical initialization of North Robot...
2026-06-03 10:12:31,343 - DEBUG - Loading pumps from YAML configuration...
2026-06-03 10:12:33,444 - WARNING - Physical cleanup failed (attempt 1/2): Main: HOME REQUIRED: Home the axis before moving
2026-06-03 10:12:33,444 - INFO - Homing robot components before pump initialization...
2026-06-03 10:12:33,444 - INFO - Homing all robot components...
2026-06-03 10:12:33,445 - DEBUG - Homing carousel...
2026-06-03 10:12:41,286 - DEBUG - Homing robot axes...
2026-06-03 10:13:35,375 - DEBUG - Homing pump 0...
2026-06-03 10:13:37,028 - DEBUG - Homing pump 1...
2026-06-03 10:13:38,727 - DEBUG - Homing track axes...
2026-06-03 10:13:38,727 - DEBUG - Homing track axis z_axis (axis 6)...
2026-06-03 10:13:42,272 - DEBUG - Homing track axis x_axis (axis 7)...
2026-06-03 10:13:46,333 - INFO - All robot components homed successfully
2026-06-03 10:13:46,333 - DEBUG - Loading pumps from YAML configuration...
2026-06-03 10:13:46,432 - DEBUG - Loaded pump 0: volume=1.0mL, speed=11, liquid=None
2026-06-03 10:13:46,533 - DEBUG - Loaded pump 1: volume=2.5mL, speed=15, liquid=water
2026-06-03 10:13:46,533 - INFO - Moving robot to home position
2026-06-03 10:13:47,017 - DEBUG - Initializing centrifuge controller...
2026-06-03 10:13:47,017 - INFO - Initializing North Track...
2026-06-03 10:13:47,017 - DEBUG - Loading track status from file: robot_state/track_status.yaml
2026-06-03 10:13:47,017 - DEBUG - Getting track status from file: robot_state/track_status.yaml
2026-06-03 10:13:47,019 - DEBUG - Loaded track status from robot_state/track_status.yaml
2026-06-03 10:13:47,019 - DEBUG - Loading track positions from: robot_state/track_positions.yaml
2026-06-03 10:13:47,026 - DEBUG - Loaded track positions configuration from robot_state/track_positions.yaml
2026-06-03 10:13:47,026 - DEBUG - Loading robot hardware configuration from: robot_state/robot_hardware.yaml
2026-06-03 10:13:47,029 - DEBUG - Loaded robot hardware configuration from robot_state/robot_hardware.yaml
2026-06-03 10:13:47,033 - DEBUG - Loaded wellplate properties configuration from robot_state/wellplates.yaml
2026-06-03 10:13:47,108 - DEBUG - Moving North Track to home position
2026-06-03 10:13:47,108 - DEBUG - Detected origin position (0,0) - setting location to 'origin'
2026-06-03 10:13:47,109 - DEBUG - Updated gripper location to: origin at position {'x': 0, 'z': 0}
2026-06-03 10:13:47,112 - INFO - Step 1: Moving all vials to heater positions.
2026-06-03 10:13:47,112 - INFO - Moving V3 to heater position 11
2026-06-03 10:13:47,122 - INFO - Moving vial V3 to heater: 11
2026-06-03 10:13:47,123 - DEBUG - Grabbing vial 7 with index 7
2026-06-03 10:13:47,829 - ERROR - Invalid location heater[46]: list index out of range
