2026-03-30 11:27:37,746 - DEBUG - No workflow config provided - using default initialization
2026-03-30 11:27:37,746 - INFO - Launching status review GUI...
2026-03-30 11:27:37,895 - INFO - Detected workflow name: test_move_location
2026-03-30 11:27:37,924 - INFO - Config editor loaded for workflow: test_move_location
2026-03-30 11:27:42,332 - INFO - User selected: Run Workflow
2026-03-30 11:27:42,332 - INFO - Status review completed - proceeding with hardware initialization
2026-03-30 11:27:42,927 - INFO - Initializing North Robot...
2026-03-30 11:27:42,927 - DEBUG - Loading robot configuration files...
2026-03-30 11:27:42,933 - DEBUG - Loaded vial positions configuration from robot_state/vial_positions.yaml
2026-03-30 11:27:42,933 - DEBUG - Loaded pipet tips configuration from robot_state/pipet_tips.yaml
2026-03-30 11:27:42,933 - DEBUG - Loaded pipet racks configuration from robot_state/pipet_racks.yaml
2026-03-30 11:27:42,950 - DEBUG - Loaded pump configuration from robot_state/syringe_pumps.yaml
2026-03-30 11:27:42,953 - DEBUG - Loaded robot hardware configuration from robot_state/robot_hardware.yaml
2026-03-30 11:27:42,954 - DEBUG - Loaded wellplate properties configuration from robot_state/wellplates.yaml
2026-03-30 11:27:42,954 - DEBUG - Loading robot state files...
2026-03-30 11:27:42,960 - INFO - No vial file provided - operating without vial tracking
2026-03-30 11:27:42,960 - DEBUG - Loaded robot status from robot_state/robot_status.yaml
2026-03-30 11:27:42,966 - DEBUG - Loaded wellplate positions from robot_state/wellplates.yaml
2026-03-30 11:27:42,966 - DEBUG - Robot status loaded successfully
2026-03-30 11:27:42,966 - INFO - Physical initialization of North Robot...
2026-03-30 11:27:46,468 - DEBUG - Loading pumps from YAML configuration...
2026-03-30 11:27:46,568 - DEBUG - Loaded pump 0: volume=1.0mL, speed=11, liquid=None
2026-03-30 11:27:46,668 - DEBUG - Loaded pump 1: volume=2.5mL, speed=15, liquid=water
2026-03-30 11:27:46,668 - INFO - Moving robot to home position
2026-03-30 11:27:47,151 - DEBUG - Initializing centrifuge controller...
2026-03-30 11:27:47,151 - INFO - Initializing North Track...
2026-03-30 11:27:47,151 - DEBUG - Loading track status from file: robot_state/track_status.yaml
2026-03-30 11:27:47,151 - DEBUG - Getting track status from file: robot_state/track_status.yaml
2026-03-30 11:27:47,151 - DEBUG - Loaded track status from robot_state/track_status.yaml
2026-03-30 11:27:47,151 - DEBUG - Loading track positions from: robot_state/track_positions.yaml
2026-03-30 11:27:47,151 - DEBUG - Loaded track positions configuration from robot_state/track_positions.yaml
2026-03-30 11:27:47,151 - DEBUG - Loading robot hardware configuration from: robot_state/robot_hardware.yaml
2026-03-30 11:27:47,151 - DEBUG - Loaded robot hardware configuration from robot_state/robot_hardware.yaml
2026-03-30 11:27:47,151 - DEBUG - Loaded wellplate properties configuration from robot_state/wellplates.yaml
2026-03-30 11:27:47,235 - DEBUG - Moving North Track to home position
2026-03-30 11:27:47,235 - DEBUG - Detected origin position (0,0) - setting location to 'origin'
2026-03-30 11:27:47,235 - DEBUG - Updated gripper location to: origin at position {'x': 0, 'z': 0}
