2026-01-22 18:28:28,709 - INFO - Initializing North Robot...
2026-01-22 18:28:28,710 - DEBUG - Loading robot configuration files...
2026-01-22 18:28:28,717 - DEBUG - Loaded vial positions configuration from robot_state/vial_positions.yaml
2026-01-22 18:28:28,720 - DEBUG - Loaded pipet tips configuration from robot_state/pipet_tips.yaml
2026-01-22 18:28:28,724 - DEBUG - Loaded pipet racks configuration from robot_state/pipet_racks.yaml
2026-01-22 18:28:28,725 - DEBUG - Loaded pump configuration from robot_state/syringe_pumps.yaml
2026-01-22 18:28:28,725 - DEBUG - Loaded robot hardware configuration from robot_state/robot_hardware.yaml
2026-01-22 18:28:28,725 - DEBUG - Loaded wellplate properties configuration from robot_state/wellplates.yaml
2026-01-22 18:28:28,725 - DEBUG - Loading robot state files...
2026-01-22 18:28:28,740 - DEBUG - Loaded vial data from status/calibration_vials_short.csv
2026-01-22 18:28:28,740 - DEBUG - Loaded robot status from robot_state/robot_status.yaml
2026-01-22 18:28:28,740 - DEBUG - Loaded wellplate positions from robot_state/wellplates.yaml
2026-01-22 18:28:28,740 - DEBUG - Robot status loaded successfully
2026-01-22 18:28:28,740 - INFO - Physical initialization of North Robot...
2026-01-22 18:28:32,242 - DEBUG - Loading pumps from YAML configuration...
2026-01-22 18:28:32,340 - DEBUG - Loaded pump 0: volume=1.0mL, speed=11, liquid=None
2026-01-22 18:28:32,439 - DEBUG - Loaded pump 1: volume=2.5mL, speed=15, liquid=water
2026-01-22 18:28:32,439 - INFO - Moving robot to home position
2026-01-22 18:28:32,846 - DEBUG - Initializing centrifuge controller...
2026-01-22 18:28:32,846 - INFO - Initializing North Track...
2026-01-22 18:28:32,846 - DEBUG - Loading track status from file: robot_state/track_status.yaml
2026-01-22 18:28:32,846 - DEBUG - Getting track status from file: robot_state/track_status.yaml
2026-01-22 18:28:32,847 - DEBUG - Loaded track status from robot_state/track_status.yaml
2026-01-22 18:28:32,847 - DEBUG - Loading track positions from: robot_state/track_positions.yaml
2026-01-22 18:28:32,853 - DEBUG - Loaded track positions configuration from robot_state/track_positions.yaml
2026-01-22 18:28:32,853 - DEBUG - Loading robot hardware configuration from: robot_state/robot_hardware.yaml
2026-01-22 18:28:32,856 - DEBUG - Loaded robot hardware configuration from robot_state/robot_hardware.yaml
2026-01-22 18:28:32,859 - DEBUG - Loaded wellplate properties configuration from robot_state/wellplates.yaml
2026-01-22 18:28:32,932 - DEBUG - Moving North Track to home position
2026-01-22 18:28:32,934 - INFO -    vial_index           vial_name         location  location_index  vial_volume  capped cap_type vial_type    home_location  home_location_index
0           0  measurement_vial_0    main_8mL_rack              44        0.300    True     open      8_mL    main_8mL_rack                   44
1           1     liquid_source_0    main_8mL_rack              43        6.700    True     open      8_mL    main_8mL_rack                   43
2           2  measurement_vial_2    main_8mL_rack               2        0.000    True     open      8_mL    main_8mL_rack                    2
3           3  measurement_vial_3    main_8mL_rack               3        0.000    True     open      8_mL    main_8mL_rack                    3
4           4  measurement_vial_4    main_8mL_rack               4        0.000    True     open      8_mL    main_8mL_rack                    4
5           5     liquid_source_2  large_vial_rack               2        2.785   False     open     20_mL  large_vial_rack                    2
6           6     liquid_source_1  large_vial_rack               0        8.000   False     open     20_mL  large_vial_rack                    0
2026-01-22 18:28:32,950 - INFO - Visualizing vial racks...
2026-01-22 18:28:32,974 - DEBUG - Matplotlib backend: tkagg
2026-01-22 18:28:33,099 - DEBUG - Visualizing rack: Main Rack with filter: main_8mL_rack
2026-01-22 18:28:33,230 - DEBUG - Visualizing rack: Second Rack with filter: large_vial_rack
2026-01-22 18:28:34,662 - DEBUG - Vial visualization displayed successfully
2026-01-22 18:28:35,642 - INFO - Moving vial measurement_vial_0 to clamp: 0
2026-01-22 18:28:35,644 - DEBUG - Grabbing vial 0 with index 0
2026-01-22 18:28:37,587 - DEBUG - Dropping off vial 0 at location clamp with index 0
2026-01-22 18:28:41,247 - DEBUG - Applied dict param aspirate_speed=26
2026-01-22 18:28:41,247 - DEBUG - Applied dict param dispense_speed=27
2026-01-22 18:28:41,247 - DEBUG - Applied dict param aspirate_wait_time=16.3
2026-01-22 18:28:41,247 - DEBUG - Applied dict param dispense_wait_time=1.5
2026-01-22 18:28:41,247 - DEBUG - Applied dict param pre_asp_air_vol=0.106
2026-01-22 18:28:41,248 - DEBUG - Applied dict param retract_speed=5.0
2026-01-22 18:28:41,248 - DEBUG - Applied dict param blowout_vol=0.193
2026-01-22 18:28:41,248 - DEBUG - Applied dict param post_asp_air_vol=0.0
2026-01-22 18:28:41,248 - DEBUG - Applied dict param post_retract_wait_time=0.0
2026-01-22 18:28:41,248 - DEBUG - Applied dict param overaspirate_vol=0.006200000000000001
2026-01-22 18:28:41,249 - DEBUG - Selected small_tip for volume 0.056 mL
2026-01-22 18:28:41,249 - INFO - Getting small_tip (pipet number 0) from rack: small_tip_rack_1
2026-01-22 18:28:46,371 - INFO - Pipetting from vial liquid_source_0, amount: 0.050 mL
2026-01-22 18:28:46,373 - INFO - Additional volume from calibration, amount: 0.006 mL
2026-01-22 18:28:46,373 - DEBUG - Adjusting pump 0 speed to 10
2026-01-22 18:28:50,008 - DEBUG - Aspirating 0.106 mL then waiting 0 s
2026-01-22 18:28:50,650 - DEBUG - Adjusting pump 0 speed to 26
2026-01-22 18:28:51,050 - DEBUG - Aspirating 0.056 mL then waiting 16.3 s
2026-01-22 18:29:11,718 - DEBUG - Applied dict param aspirate_speed=26
2026-01-22 18:29:11,718 - DEBUG - Applied dict param dispense_speed=27
2026-01-22 18:29:11,718 - DEBUG - Applied dict param aspirate_wait_time=16.3
2026-01-22 18:29:11,718 - DEBUG - Applied dict param dispense_wait_time=1.5
2026-01-22 18:29:11,718 - DEBUG - Applied dict param pre_asp_air_vol=0.106
2026-01-22 18:29:11,718 - DEBUG - Applied dict param retract_speed=5.0
2026-01-22 18:29:11,718 - DEBUG - Applied dict param blowout_vol=0.193
2026-01-22 18:29:11,718 - DEBUG - Applied dict param post_asp_air_vol=0.0
2026-01-22 18:29:11,718 - DEBUG - Applied dict param post_retract_wait_time=0.0
2026-01-22 18:29:11,718 - DEBUG - Applied dict param overaspirate_vol=0.006200000000000001
2026-01-22 18:29:11,720 - INFO - Pipetting into vial measurement_vial_0, amount: 0.050 mL
2026-01-22 18:29:11,859 - INFO - Initial mass reading: 9.334700 g
2026-01-22 18:29:11,859 - DEBUG - Adjusting pump 0 speed to 27
2026-01-22 18:29:15,813 - INFO - Short wait time (1.0s), allowing scale to settle after robot positioning...
2026-01-22 18:29:16,825 - INFO - Started continuous mass monitoring with pre-dispense baseline
2026-01-22 18:29:17,057 - DEBUG - Mass: 9.3334g at 0.000s (baseline_pre) steady=False
2026-01-22 18:29:17,459 - DEBUG - Mass: 9.3334g at 0.439s (baseline_pre) steady=True
2026-01-22 18:29:17,853 - DEBUG - Mass: 9.3334g at 0.837s (baseline_pre) steady=True
2026-01-22 18:29:18,260 - DEBUG - Mass: 9.3334g at 1.235s (baseline_pre) steady=True
2026-01-22 18:29:18,654 - DEBUG - Mass: 9.3334g at 1.635s (baseline_pre) steady=True
2026-01-22 18:29:18,827 - DEBUG - Dispensing 0.162 mL then waiting 1.5 s
2026-01-22 18:29:19,052 - DEBUG - Mass: 9.3334g at 2.050s (dispensing) steady=True
2026-01-22 18:29:19,458 - DEBUG - Mass: 9.3377g at 2.450s (dispensing) steady=False
2026-01-22 18:29:19,858 - DEBUG - Mass: 9.3376g at 2.833s (dispensing) steady=False
2026-01-22 18:29:20,257 - DEBUG - Mass: 9.3381g at 3.233s (dispensing) steady=False
2026-01-22 18:29:20,649 - DEBUG - Mass: 9.3379g at 3.648s (dispensing) steady=True
2026-01-22 18:29:21,049 - DEBUG - Mass: 9.3379g at 4.048s (dispensing) steady=True
2026-01-22 18:29:21,449 - DEBUG - Mass: 9.3379g at 4.447s (dispensing) steady=True
2026-01-22 18:29:21,860 - DEBUG - Mass: 9.3379g at 4.847s (dispensing) steady=True
2026-01-22 18:29:22,255 - DEBUG - Mass: 9.3379g at 5.246s (dispensing) steady=True
2026-01-22 18:29:22,659 - DEBUG - Mass: 9.3379g at 5.646s (dispensing) steady=True
2026-01-22 18:29:23,046 - DEBUG - Mass: 9.3379g at 6.045s (dispensing) steady=True
2026-01-22 18:29:23,458 - DEBUG - Mass: 9.3379g at 6.442s (dispensing) steady=True
2026-01-22 18:29:23,858 - DEBUG - Mass: 9.3379g at 6.841s (dispensing) steady=True
2026-01-22 18:29:24,259 - DEBUG - Mass: 9.3379g at 7.240s (dispensing) steady=True
2026-01-22 18:29:24,659 - DEBUG - Mass: 9.3379g at 7.639s (dispensing) steady=True
2026-01-22 18:29:25,055 - DEBUG - Mass: 9.3379g at 8.039s (dispensing) steady=True
2026-01-22 18:29:25,455 - DEBUG - Mass: 9.3379g at 8.437s (dispensing) steady=True
2026-01-22 18:29:25,859 - DEBUG - Mass: 9.3379g at 8.839s (dispensing) steady=True
2026-01-22 18:29:26,256 - DEBUG - Mass: 9.3379g at 9.239s (dispensing) steady=True
2026-01-22 18:29:26,656 - DEBUG - Mass: 9.3379g at 9.638s (dispensing) steady=True
2026-01-22 18:29:27,060 - DEBUG - Mass: 9.3379g at 10.037s (dispensing) steady=True
2026-01-22 18:29:27,454 - DEBUG - Mass: 9.3379g at 10.437s (dispensing) steady=True
2026-01-22 18:29:27,854 - DEBUG - Mass: 9.3379g at 10.837s (dispensing) steady=True
2026-01-22 18:29:28,259 - DEBUG - Mass: 9.3379g at 11.237s (dispensing) steady=True
2026-01-22 18:29:28,659 - DEBUG - Mass: 9.3379g at 11.637s (dispensing) steady=True
2026-01-22 18:29:28,734 - DEBUG - Blowing out 0.193 mL
2026-01-22 18:29:29,058 - DEBUG - Mass: 9.3346g at 12.036s (dispensing) steady=False
2026-01-22 18:29:29,453 - DEBUG - Mass: 9.3371g at 12.436s (dispensing) steady=False
2026-01-22 18:29:29,858 - DEBUG - Mass: 9.3377g at 12.835s (dispensing) steady=False
2026-01-22 18:29:30,258 - DEBUG - Mass: 9.3381g at 13.249s (dispensing) steady=False
2026-01-22 18:29:30,658 - DEBUG - Mass: 9.3380g at 13.648s (dispensing) steady=False
2026-01-22 18:29:31,049 - DEBUG - Mass: 9.3382g at 14.048s (dispensing) steady=False
2026-01-22 18:29:31,459 - DEBUG - Mass: 9.3380g at 14.447s (dispensing) steady=True
2026-01-22 18:29:31,854 - DEBUG - Mass: 9.3380g at 14.847s (dispensing) steady=True
2026-01-22 18:29:32,247 - DEBUG - Mass: 9.3380g at 15.246s (dispensing) steady=True
2026-01-22 18:29:32,658 - DEBUG - Mass: 9.3380g at 15.644s (dispensing) steady=True
2026-01-22 18:29:33,056 - DEBUG - Mass: 9.3380g at 16.044s (dispensing) steady=True
2026-01-22 18:29:33,447 - DEBUG - Mass: 9.3380g at 16.444s (dispensing) steady=True
2026-01-22 18:29:33,847 - DEBUG - Mass: 9.3380g at 16.844s (dispensing) steady=True
2026-01-22 18:29:34,259 - DEBUG - Mass: 9.3380g at 17.242s (dispensing) steady=True
2026-01-22 18:29:34,659 - DEBUG - Mass: 9.3380g at 17.642s (dispensing) steady=True
2026-01-22 18:29:35,059 - DEBUG - Mass: 9.3380g at 18.042s (dispensing) steady=True
2026-01-22 18:29:35,459 - DEBUG - Mass: 9.3380g at 18.442s (dispensing) steady=True
2026-01-22 18:29:35,859 - DEBUG - Mass: 9.3380g at 18.841s (dispensing) steady=True
2026-01-22 18:29:36,256 - DEBUG - Mass: 9.3380g at 19.240s (dispensing) steady=True
2026-01-22 18:29:36,656 - DEBUG - Mass: 9.3380g at 19.639s (dispensing) steady=True
2026-01-22 18:29:37,056 - DEBUG - Mass: 9.3380g at 20.039s (dispensing) steady=True
2026-01-22 18:29:37,455 - DEBUG - Mass: 9.3380g at 20.438s (dispensing) steady=True
2026-01-22 18:29:37,854 - DEBUG - Mass: 9.3380g at 20.837s (dispensing) steady=True
2026-01-22 18:29:38,254 - DEBUG - Mass: 9.3380g at 21.237s (dispensing) steady=True
2026-01-22 18:29:38,653 - DEBUG - Mass: 9.3380g at 21.636s (dispensing) steady=True
2026-01-22 18:29:39,052 - DEBUG - Mass: 9.3380g at 22.035s (dispensing) steady=True
2026-01-22 18:29:39,452 - DEBUG - Mass: 9.3380g at 22.434s (dispensing) steady=True
2026-01-22 18:29:39,859 - DEBUG - Mass: 9.3380g at 22.850s (dispensing) steady=True
2026-01-22 18:29:40,259 - DEBUG - Mass: 9.3380g at 23.250s (dispensing) steady=True
2026-01-22 18:29:40,659 - DEBUG - Mass: 9.3380g at 23.649s (dispensing) steady=True
2026-01-22 18:29:41,050 - DEBUG - Mass: 9.3380g at 24.049s (dispensing) steady=True
2026-01-22 18:29:41,458 - DEBUG - Mass: 9.3380g at 24.448s (dispensing) steady=True
2026-01-22 18:29:41,857 - DEBUG - Mass: 9.3401g at 24.848s (dispensing) steady=False
2026-01-22 18:29:42,258 - DEBUG - Mass: 9.3384g at 25.248s (dispensing) steady=False
2026-01-22 18:29:42,651 - DEBUG - Mass: 9.3375g at 25.648s (dispensing) steady=False
2026-01-22 18:29:43,058 - DEBUG - Mass: 9.3385g at 26.047s (dispensing) steady=False
2026-01-22 18:29:43,457 - DEBUG - Mass: 9.3377g at 26.447s (dispensing) steady=False
2026-01-22 18:29:43,848 - DEBUG - Mass: 9.3380g at 26.847s (dispensing) steady=True
2026-01-22 18:29:44,255 - DEBUG - Mass: 9.3380g at 27.247s (dispensing) steady=True
2026-01-22 18:29:44,650 - DEBUG - Mass: 9.3380g at 27.646s (dispensing) steady=True
2026-01-22 18:29:45,051 - DEBUG - Mass: 9.3380g at 28.045s (dispensing) steady=True
2026-01-22 18:29:45,446 - DEBUG - Mass: 9.3380g at 28.445s (dispensing) steady=True
2026-01-22 18:29:45,844 - DEBUG - Mass: 9.3380g at 28.843s (dispensing) steady=True
2026-01-22 18:29:46,259 - DEBUG - Mass: 9.3380g at 29.243s (dispensing) steady=True
2026-01-22 18:29:46,659 - DEBUG - Mass: 9.3380g at 29.640s (dispensing) steady=True
2026-01-22 18:29:47,057 - DEBUG - Mass: 9.3380g at 30.040s (dispensing) steady=True
2026-01-22 18:29:47,458 - DEBUG - Mass: 9.3380g at 30.440s (dispensing) steady=True
2026-01-22 18:29:47,859 - DEBUG - Mass: 9.3380g at 30.839s (dispensing) steady=True
2026-01-22 18:29:48,259 - DEBUG - Mass: 9.3380g at 31.239s (dispensing) steady=True
2026-01-22 18:29:48,660 - DEBUG - Mass: 9.3380g at 31.638s (dispensing) steady=True
2026-01-22 18:29:49,059 - DEBUG - Mass: 9.3380g at 32.038s (dispensing) steady=True
2026-01-22 18:29:49,459 - DEBUG - Mass: 9.3380g at 32.436s (dispensing) steady=True
2026-01-22 18:29:49,858 - DEBUG - Mass: 9.3380g at 32.835s (dispensing) steady=True
2026-01-22 18:29:50,257 - DEBUG - Mass: 9.3380g at 33.247s (dispensing) steady=True
2026-01-22 18:29:50,659 - DEBUG - Mass: 9.3380g at 33.642s (dispensing) steady=True
2026-01-22 18:29:51,059 - DEBUG - Mass: 9.3380g at 34.040s (dispensing) steady=True
2026-01-22 18:29:51,458 - DEBUG - Mass: 9.3380g at 34.441s (dispensing) steady=True
2026-01-22 18:29:51,860 - DEBUG - Mass: 9.3380g at 34.840s (dispensing) steady=True
2026-01-22 18:29:52,259 - DEBUG - Mass: 9.3380g at 35.240s (dispensing) steady=True
2026-01-22 18:29:52,659 - DEBUG - Mass: 9.3380g at 35.640s (dispensing) steady=True
2026-01-22 18:29:53,059 - DEBUG - Mass: 9.3380g at 36.039s (dispensing) steady=True
2026-01-22 18:29:53,458 - DEBUG - Mass: 9.3380g at 36.439s (dispensing) steady=True
2026-01-22 18:29:53,853 - DEBUG - Mass: 9.3343g at 36.837s (dispensing) steady=False
2026-01-22 18:29:54,253 - DEBUG - Mass: 9.3335g at 37.236s (dispensing) steady=False
2026-01-22 18:29:54,653 - DEBUG - Mass: 9.3331g at 37.636s (dispensing) steady=False
2026-01-22 18:29:54,781 - INFO - Dispensing took 35.954s, collecting post-dispense baseline
2026-01-22 18:29:55,046 - DEBUG - Mass: 9.3336g at 38.039s (baseline_post) steady=False
2026-01-22 18:29:55,457 - DEBUG - Mass: 9.3329g at 38.442s (baseline_post) steady=False
2026-01-22 18:29:55,856 - DEBUG - Mass: 9.3330g at 38.839s (baseline_post) steady=False
2026-01-22 18:29:56,254 - DEBUG - Mass: 9.3330g at 39.237s (baseline_post) steady=True
2026-01-22 18:29:56,659 - DEBUG - Mass: 9.3330g at 39.637s (baseline_post) steady=True
2026-01-22 18:29:56,862 - INFO - Stopped continuous mass monitoring. Collected 100 data points
2026-01-22 18:29:56,862 - INFO - Pre-baseline: 4 stable readings, avg=9.333400g
2026-01-22 18:29:56,862 - INFO - Post-baseline: 2 stable readings, avg=9.333000g
2026-01-22 18:29:56,862 - INFO - INDEPENDENT BASELINE calculation:
2026-01-22 18:29:56,862 - INFO - Pre: STABLE, Post: STABLE, Mass difference: -0.000400g
2026-01-22 18:29:56,862 - INFO - Reading summary: 5 pre-readings (4 stable), 5 post-readings (2 stable)
2026-01-22 18:29:56,862 - INFO - Baseline variability: pre_std=0.000000g, post_std=0.000283g
2026-01-22 18:29:56,862 - INFO - Target: 0.050 mL = ~0.050000 g for water
2026-01-22 18:29:56,862 - INFO - Saved 100 mass measurements to output\mass_measurements\experiment_log2026-01-22_18-28-28\mass_data_measurement_vial_0_20260122_182956.csv
2026-01-22 18:29:57,417 - INFO - Saved mass vs time plot to output\mass_measurements\experiment_log2026-01-22_18-28-28\mass_plot_measurement_vial_0_20260122_182956.png
2026-01-22 18:29:57,421 - INFO - Removing pipet
2026-01-22 18:30:00,717 - INFO - Returning vial measurement_vial_0 to home location: main_8mL_rack index 44
2026-01-22 18:30:00,717 - INFO - Moving vial measurement_vial_0 to main_8mL_rack: 44
2026-01-22 18:30:00,717 - DEBUG - Grabbing vial 0 with index 0
2026-01-22 18:30:03,073 - DEBUG - Dropping off vial 0 at location main_8mL_rack with index 44
2026-01-22 18:30:06,714 - INFO - Moving robot to home position
