2025-11-27 16:56:27,772 - INFO - Initializing North Robot...
2025-11-27 16:56:27,772 - DEBUG - Loading robot configuration files...
2025-11-27 16:56:27,794 - DEBUG - Loaded vial positions configuration from robot_state/vial_positions.yaml
2025-11-27 16:56:27,794 - DEBUG - Loaded pipet tips configuration from robot_state/pipet_tips.yaml
2025-11-27 16:56:27,798 - DEBUG - Loaded pipet racks configuration from robot_state/pipet_racks.yaml
2025-11-27 16:56:27,802 - DEBUG - Loaded pump configuration from robot_state/syringe_pumps.yaml
2025-11-27 16:56:27,804 - DEBUG - Loaded robot hardware configuration from robot_state/robot_hardware.yaml
2025-11-27 16:56:27,809 - DEBUG - Loaded wellplate properties configuration from robot_state/wellplates.yaml
2025-11-27 16:56:27,809 - DEBUG - Loading robot state files...
2025-11-27 16:56:27,813 - DEBUG - Loaded vial data from status/calibration_vials_overnight.csv
2025-11-27 16:56:27,813 - DEBUG - Loaded robot status from robot_state/robot_status.yaml
2025-11-27 16:56:27,813 - DEBUG - Loaded wellplate positions from robot_state/wellplates.yaml
2025-11-27 16:56:27,813 - DEBUG - Robot status loaded successfully
2025-11-27 16:56:27,813 - DEBUG - Loading pumps from YAML configuration...
2025-11-27 16:56:27,915 - DEBUG - Loaded pump 0: volume=1.0mL, speed=11, liquid=None
2025-11-27 16:56:28,029 - DEBUG - Loaded pump 1: volume=2.5mL, speed=15, liquid=water
2025-11-27 16:56:28,029 - DEBUG - Physical initialization of North Robot...
2025-11-27 16:56:28,345 - INFO - Moving robot to home position
2025-11-27 16:56:28,846 - INFO - Initializing North Track...
2025-11-27 16:56:28,846 - DEBUG - Loading track status from file: robot_state/track_status.yaml
2025-11-27 16:56:28,846 - DEBUG - Getting track status from file: robot_state/track_status.yaml
2025-11-27 16:56:28,847 - DEBUG - Loaded track status from robot_state/track_status.yaml
2025-11-27 16:56:28,847 - DEBUG - Loading track positions from: robot_state/track_positions.yaml
2025-11-27 16:56:28,853 - DEBUG - Loaded track positions configuration from robot_state/track_positions.yaml
2025-11-27 16:56:28,853 - DEBUG - Loading robot hardware configuration from: robot_state/robot_hardware.yaml
2025-11-27 16:56:28,856 - DEBUG - Loaded robot hardware configuration from robot_state/robot_hardware.yaml
2025-11-27 16:56:28,859 - DEBUG - Loaded wellplate properties configuration from robot_state/wellplates.yaml
2025-11-27 16:56:28,948 - DEBUG - Moving North Track to home position
2025-11-27 16:56:28,950 - INFO -    vial_index           vial_name       location  location_index  vial_volume  capped cap_type vial_type  home_location  home_location_index
0           0     liquid_source_0  main_8mL_rack              43          7.0    True     open      8_mL  main_8mL_rack                   43
1           1  measurement_vial_0  main_8mL_rack              44          0.0    True     open      8_mL  main_8mL_rack                   44
2025-11-27 16:56:28,964 - INFO - Visualizing vial racks...
2025-11-27 16:56:29,114 - DEBUG - Visualizing rack: Main Rack with filter: main_8mL_rack
2025-11-27 16:56:29,227 - DEBUG - Visualizing rack: Second Rack with filter: large_vial_rack
