2025-09-23 11:24:13,285 - INFO - Initializing North Robot...
2025-09-23 11:24:13,285 - DEBUG - Loading robot configuration files...
2025-09-23 11:24:13,296 - DEBUG - Loaded vial positions configuration from ../utoronto_demo/robot_state/vial_positions.yaml
2025-09-23 11:24:13,297 - DEBUG - Loaded pipet tips configuration from ../utoronto_demo/robot_state/pipet_tips.yaml
2025-09-23 11:24:13,301 - DEBUG - Loaded pipet racks configuration from ../utoronto_demo/robot_state/pipet_racks.yaml
2025-09-23 11:24:13,301 - DEBUG - Loaded pump configuration from ../utoronto_demo/robot_state/syringe_pumps.yaml
2025-09-23 11:24:13,308 - DEBUG - Loaded robot hardware configuration from ../utoronto_demo/robot_state/robot_hardware.yaml
2025-09-23 11:24:13,310 - DEBUG - Loaded wellplate properties configuration from ../utoronto_demo/robot_state/wellplates.yaml
2025-09-23 11:24:13,310 - DEBUG - Loading robot state files...
2025-09-23 11:24:13,310 - DEBUG - Loaded vial data from ../utoronto_demo/status/sample_capped_vials.csv
2025-09-23 11:24:13,310 - DEBUG - Loaded robot status from ../utoronto_demo/robot_state/robot_status.yaml
2025-09-23 11:24:13,310 - DEBUG - Loaded wellplate positions from ../utoronto_demo/robot_state/wellplates.yaml
2025-09-23 11:24:13,310 - DEBUG - Loading pumps from YAML configuration...
2025-09-23 11:24:14,256 - DEBUG - Loaded pump 0: volume=1.0mL, speed=11, liquid=None
2025-09-23 11:24:15,211 - DEBUG - Loaded pump 1: volume=2.5mL, speed=15, liquid=water
2025-09-23 11:24:15,211 - DEBUG - Physical initialization of North Robot...
2025-09-23 11:24:15,528 - INFO - Moving robot to home position
2025-09-23 11:24:15,694 - WARNING - Detected homing-related error during initialization: Main: HOME REQUIRED: Home the robot or aux axis before moving
2025-09-23 11:24:15,694 - INFO - Attempting to home all robot components...
2025-09-23 11:24:15,694 - INFO - Homing all robot components...
2025-09-23 11:24:15,694 - DEBUG - Homing carousel...
2025-09-23 11:24:23,427 - DEBUG - Homing robot axes...
2025-09-23 11:24:46,172 - DEBUG - Homing pump 0...
2025-09-23 11:24:47,882 - DEBUG - Homing pump 1...
2025-09-23 11:24:49,561 - DEBUG - Homing track axes...
2025-09-23 11:24:49,561 - WARNING - No track axes configuration found, skipping track axis homing
2025-09-23 11:24:49,561 - INFO - All robot components homed successfully
2025-09-23 11:24:49,561 - INFO - Homing completed, retrying physical cleanup...
2025-09-23 11:24:49,561 - INFO - Moving robot to home position
2025-09-23 11:24:50,180 - INFO - Initializing North Track...
2025-09-23 11:24:50,180 - DEBUG - Loading track status from file: ../utoronto_demo/robot_state/track_status.yaml
2025-09-23 11:24:50,180 - DEBUG - Getting track status from file: ../utoronto_demo/robot_state/track_status.yaml
2025-09-23 11:24:50,180 - DEBUG - Loaded track status from ../utoronto_demo/robot_state/track_status.yaml
2025-09-23 11:24:50,180 - DEBUG - Loading track positions from: ../utoronto_demo/robot_state/track_positions.yaml
2025-09-23 11:24:50,180 - DEBUG - Loaded track positions configuration from ../utoronto_demo/robot_state/track_positions.yaml
2025-09-23 11:24:50,180 - DEBUG - Loading robot hardware configuration from: ../utoronto_demo/robot_state/robot_hardware.yaml
2025-09-23 11:24:50,180 - DEBUG - Loaded robot hardware configuration from ../utoronto_demo/robot_state/robot_hardware.yaml
2025-09-23 11:24:50,197 - DEBUG - Loaded wellplate properties configuration from ../utoronto_demo/robot_state/wellplates.yaml
2025-09-23 11:24:50,200 - INFO -    vial_index vial_name       location  location_index  vial_volume  capped cap_type vial_type  home_location  home_location_index
0           0  Sample_A  main_8mL_rack               0          8.0    True   closed      8_mL  main_8mL_rack                    0
1           1  Sample_B  main_8mL_rack               1          0.0    True   closed      8_mL  main_8mL_rack                    1
2025-09-23 11:24:50,216 - INFO - Visualizing vial racks...
2025-09-23 11:24:50,330 - DEBUG - Visualizing rack: Main Rack with filter: main_8mL_rack
2025-09-23 11:24:50,445 - DEBUG - Visualizing rack: Second Rack with filter: large_vial_rack
2025-09-23 11:24:56,015 - INFO - Dispensing 1.200 mL from Sample_A to Sample_B
2025-09-23 11:24:56,015 - INFO - Volume too high for single transfer, splitting into 2 transfers of 0.6 mL each
2025-09-23 11:24:56,029 - DEBUG - Moving source vial to clamp to uncap
2025-09-23 11:24:56,037 - INFO - Moving vial Sample_A to clamp: 0
2025-09-23 11:24:56,037 - DEBUG - Grabbing vial 0 with index 0
2025-09-23 11:24:58,762 - DEBUG - Dropping off vial 0 at location clamp with index 0
