2025-10-20 18:29:52,112 - INFO - Initializing North Robot...
2025-10-20 18:29:52,112 - DEBUG - Loading robot configuration files...
2025-10-20 18:29:52,117 - DEBUG - Loaded vial positions configuration from robot_state/vial_positions.yaml
2025-10-20 18:29:52,117 - DEBUG - Loaded pipet tips configuration from robot_state/pipet_tips.yaml
2025-10-20 18:29:52,126 - DEBUG - Loaded pipet racks configuration from robot_state/pipet_racks.yaml
2025-10-20 18:29:52,128 - DEBUG - Loaded pump configuration from robot_state/syringe_pumps.yaml
2025-10-20 18:29:52,141 - DEBUG - Loaded robot hardware configuration from robot_state/robot_hardware.yaml
2025-10-20 18:29:52,145 - DEBUG - Loaded wellplate properties configuration from robot_state/wellplates.yaml
2025-10-20 18:29:52,145 - DEBUG - Loading robot state files...
2025-10-20 18:29:52,149 - DEBUG - Loaded vial data from status/calibration_vials_overnight.csv
2025-10-20 18:29:52,150 - DEBUG - Loaded robot status from robot_state/robot_status.yaml
2025-10-20 18:29:52,153 - DEBUG - Loaded wellplate positions from robot_state/wellplates.yaml
2025-10-20 18:29:52,153 - DEBUG - Robot status loaded successfully
2025-10-20 18:29:52,153 - DEBUG - Loading pumps from YAML configuration...
2025-10-20 18:29:52,154 - DEBUG - Loaded pump 0: volume=1.0mL, speed=11, liquid=None
2025-10-20 18:29:52,154 - DEBUG - Loaded pump 1: volume=2.5mL, speed=15, liquid=water
2025-10-20 18:29:52,154 - DEBUG - Physical initialization of North Robot...
2025-10-20 18:29:52,155 - INFO - Moving robot to home position
2025-10-20 18:29:52,156 - INFO - Initializing North Track...
2025-10-20 18:29:52,156 - DEBUG - Loading track status from file: robot_state/track_status.yaml
2025-10-20 18:29:52,156 - DEBUG - Getting track status from file: robot_state/track_status.yaml
2025-10-20 18:29:52,158 - DEBUG - Loaded track status from robot_state/track_status.yaml
2025-10-20 18:29:52,158 - DEBUG - Loading track positions from: robot_state/track_positions.yaml
2025-10-20 18:29:52,158 - DEBUG - Loaded track positions configuration from robot_state/track_positions.yaml
2025-10-20 18:29:52,158 - DEBUG - Loading robot hardware configuration from: robot_state/robot_hardware.yaml
2025-10-20 18:29:52,165 - DEBUG - Loaded robot hardware configuration from robot_state/robot_hardware.yaml
2025-10-20 18:29:52,168 - DEBUG - Loaded wellplate properties configuration from robot_state/wellplates.yaml
2025-10-20 18:29:52,169 - DEBUG - Moving North Track to home position
2025-10-20 18:29:52,169 - INFO - Creating new Lash_E controller
2025-10-20 18:29:52,172 - INFO -    vial_index           vial_name        location  location_index  vial_volume  capped cap_type  vial_type   home_location  home_location_index
0           0     liquid_source_0   main_8mL_rack              43            8    True     open       8_mL   main_8mL_rack                   43
1           1  measurement_vial_0   main_8mL_rack              44            0    True     open       8_mL   main_8mL_rack                   44
2           2             waste_0  50mL_vial_rack               0            0    True     open      50_mL  50mL_vial_rack                    0
3           3         reservoir_0       reservoir               0           50   False    False  reservoir       reservoir                    0
2025-10-20 18:29:52,188 - INFO - Visualizing vial racks...
2025-10-20 18:29:52,373 - DEBUG - Visualizing rack: Main Rack with filter: main_8mL_rack
2025-10-20 18:29:52,470 - DEBUG - Visualizing rack: Second Rack with filter: large_vial_rack
2025-10-20 18:29:54,009 - INFO - Moving vial measurement_vial_0 to clamp: 0
2025-10-20 18:29:54,009 - DEBUG - Grabbing vial 1 with index 1
2025-10-20 18:29:54,013 - DEBUG - Dropping off vial 1 at location clamp with index 0
2025-10-20 18:29:54,021 - INFO - Vial management mode: maintain
2025-10-20 18:29:54,022 - INFO - Starting calibration experiment - liquid: water, volumes: [0.05, 0.025, 0.1]
2025-10-20 18:29:54,023 - INFO - Configuration: seed=7, simulate=True
2025-10-20 18:29:54,028 - INFO - VOLUME 50uL: First volume - time optimization ENABLED (max: 30.0s)
2025-10-20 18:29:54,028 - DEBUG - Selected small_tip for volume 0.050 mL
