2025-11-05 17:38:07,228 - INFO - Initializing North Robot...
2025-11-05 17:38:07,228 - DEBUG - Loading robot configuration files...
2025-11-05 17:38:07,232 - DEBUG - Loaded vial positions configuration from robot_state/vial_positions.yaml
2025-11-05 17:38:07,232 - DEBUG - Loaded pipet tips configuration from robot_state/pipet_tips.yaml
2025-11-05 17:38:07,232 - DEBUG - Loaded pipet racks configuration from robot_state/pipet_racks.yaml
2025-11-05 17:38:07,232 - DEBUG - Loaded pump configuration from robot_state/syringe_pumps.yaml
2025-11-05 17:38:07,249 - DEBUG - Loaded robot hardware configuration from robot_state/robot_hardware.yaml
2025-11-05 17:38:07,253 - DEBUG - Loaded wellplate properties configuration from robot_state/wellplates.yaml
2025-11-05 17:38:07,253 - DEBUG - Loading robot state files...
2025-11-05 17:38:07,263 - DEBUG - Loaded vial data from status/calibration_vials_short.csv
2025-11-05 17:38:07,263 - DEBUG - Loaded robot status from robot_state/robot_status.yaml
2025-11-05 17:38:07,263 - DEBUG - Loaded wellplate positions from robot_state/wellplates.yaml
2025-11-05 17:38:07,263 - DEBUG - Robot status loaded successfully
2025-11-05 17:38:07,263 - DEBUG - Loading pumps from YAML configuration...
2025-11-05 17:38:07,384 - DEBUG - Loaded pump 0: volume=1.0mL, speed=11, liquid=None
2025-11-05 17:38:07,493 - DEBUG - Loaded pump 1: volume=2.5mL, speed=15, liquid=water
2025-11-05 17:38:07,493 - DEBUG - Physical initialization of North Robot...
2025-11-05 17:38:07,800 - INFO - Moving robot to home position
2025-11-05 17:38:08,296 - INFO - Initializing North Track...
2025-11-05 17:38:08,296 - DEBUG - Loading track status from file: robot_state/track_status.yaml
2025-11-05 17:38:08,296 - DEBUG - Getting track status from file: robot_state/track_status.yaml
2025-11-05 17:38:08,299 - DEBUG - Loaded track status from robot_state/track_status.yaml
2025-11-05 17:38:08,299 - DEBUG - Loading track positions from: robot_state/track_positions.yaml
2025-11-05 17:38:08,314 - DEBUG - Loaded track positions configuration from robot_state/track_positions.yaml
2025-11-05 17:38:08,314 - DEBUG - Loading robot hardware configuration from: robot_state/robot_hardware.yaml
2025-11-05 17:38:08,316 - DEBUG - Loaded robot hardware configuration from robot_state/robot_hardware.yaml
2025-11-05 17:38:08,316 - DEBUG - Loaded wellplate properties configuration from robot_state/wellplates.yaml
2025-11-05 17:38:08,411 - DEBUG - Moving North Track to home position
2025-11-05 17:38:08,411 - INFO -     vial_index           vial_name         location  location_index  vial_volume  capped cap_type vial_type    home_location  home_location_index
0            0  measurement_vial_0    main_8mL_rack               0        0.000    True     open      8_mL    main_8mL_rack                    0
1            1  measurement_vial_1    main_8mL_rack               1        0.000    True     open      8_mL    main_8mL_rack                    1
2            2  measurement_vial_2    main_8mL_rack               2        0.000    True     open      8_mL    main_8mL_rack                    2
3            3  measurement_vial_3    main_8mL_rack               3        0.000    True     open      8_mL    main_8mL_rack                    3
4            4  measurement_vial_4    main_8mL_rack               4        0.000    True     open      8_mL    main_8mL_rack                    4
5            5  measurement_vial_5    main_8mL_rack               5        0.000    True     open      8_mL    main_8mL_rack                    5
6            6  measurement_vial_6    main_8mL_rack               6        0.000    True     open      8_mL    main_8mL_rack                    6
7            7  measurement_vial_7    main_8mL_rack               7        0.000    True     open      8_mL    main_8mL_rack                    7
8            8  measurement_vial_8    main_8mL_rack               8        0.000    True     open      8_mL    main_8mL_rack                    8
9            9  measurement_vial_9    main_8mL_rack               9        0.000    True     open      8_mL    main_8mL_rack                    9
10          10       liquid_source   50mL_vial_rack               0        0.000    True     open     50_mL   50mL_vial_rack                    0
11          11     liquid_source_0  large_vial_rack               2       15.125    True     open     20_mL  large_vial_rack                    2
2025-11-05 17:38:08,435 - INFO - Visualizing vial racks...
2025-11-05 17:38:08,584 - DEBUG - Visualizing rack: Main Rack with filter: main_8mL_rack
2025-11-05 17:38:08,723 - DEBUG - Visualizing rack: Second Rack with filter: large_vial_rack
2025-11-05 17:38:43,336 - INFO - Moving vial measurement_vial_0 to clamp: 0
2025-11-05 17:38:43,338 - DEBUG - Grabbing vial 0 with index 0
2025-11-05 17:38:46,061 - DEBUG - Dropping off vial 0 at location clamp with index 0
2025-11-05 17:38:48,792 - DEBUG - Selected small_tip for volume 0.050 mL
2025-11-05 17:38:48,851 - DEBUG - Selected small_tip for volume 0.104 mL
2025-11-05 17:38:48,851 - INFO - Getting small_tip (pipet number 36) from rack: small_tip_rack_2
2025-11-05 17:38:53,569 - INFO - Pipetting from vial liquid_source_0, amount: 0.05 mL
2025-11-05 17:38:53,569 - INFO - Additional volume from calibration, amount: 0.004 mL
2025-11-05 17:38:53,578 - DEBUG - Adjusting pump 0 speed to 15
2025-11-05 17:38:56,094 - DEBUG - Aspirating 0.054 mL then waiting 0 s
2025-11-05 17:38:57,313 - DEBUG - Aspirating 0.050 mL then waiting 0 s
2025-11-05 17:38:58,063 - INFO - Pipetting into vial measurement_vial_0, amount: 0.05 mL
2025-11-05 17:39:01,136 - DEBUG - Adjusting pump 0 speed to 14
2025-11-05 17:39:04,653 - DEBUG - Dispensing 0.104 mL then waiting 0 s
2025-11-05 17:39:05,623 - DEBUG - Blowing out 0.037 mL
2025-11-05 17:39:09,939 - DEBUG - Selected small_tip for volume 0.104 mL
2025-11-05 17:39:09,939 - INFO - Pipetting from vial liquid_source_0, amount: 0.05 mL
2025-11-05 17:39:09,939 - INFO - Additional volume from calibration, amount: 0.004 mL
2025-11-05 17:39:09,939 - DEBUG - Adjusting pump 0 speed to 15
2025-11-05 17:39:13,517 - DEBUG - Aspirating 0.054 mL then waiting 0 s
2025-11-05 17:39:14,716 - DEBUG - Aspirating 0.050 mL then waiting 0 s
2025-11-05 17:39:15,436 - INFO - Pipetting into vial measurement_vial_0, amount: 0.05 mL
2025-11-05 17:39:18,347 - DEBUG - Adjusting pump 0 speed to 14
2025-11-05 17:39:21,818 - DEBUG - Dispensing 0.104 mL then waiting 0 s
2025-11-05 17:39:22,777 - DEBUG - Blowing out 0.037 mL
2025-11-05 17:39:26,545 - DEBUG - Selected small_tip for volume 0.104 mL
2025-11-05 17:39:26,545 - INFO - Pipetting from vial liquid_source_0, amount: 0.05 mL
2025-11-05 17:39:26,545 - INFO - Additional volume from calibration, amount: 0.004 mL
2025-11-05 17:39:26,545 - DEBUG - Adjusting pump 0 speed to 15
2025-11-05 17:39:30,120 - DEBUG - Aspirating 0.054 mL then waiting 0 s
2025-11-05 17:39:31,352 - DEBUG - Aspirating 0.050 mL then waiting 0 s
2025-11-05 17:39:32,135 - INFO - Pipetting into vial measurement_vial_0, amount: 0.05 mL
2025-11-05 17:39:34,934 - DEBUG - Adjusting pump 0 speed to 14
2025-11-05 17:39:38,390 - DEBUG - Dispensing 0.104 mL then waiting 0 s
2025-11-05 17:39:39,364 - DEBUG - Blowing out 0.037 mL
2025-11-05 17:39:43,572 - DEBUG - Selected small_tip for volume 0.101 mL
2025-11-05 17:39:43,573 - INFO - Pipetting from vial liquid_source_0, amount: 0.05 mL
2025-11-05 17:39:43,574 - INFO - Additional volume from calibration, amount: 0.001 mL
2025-11-05 17:39:43,576 - DEBUG - Adjusting pump 0 speed to 29
2025-11-05 17:39:47,156 - DEBUG - Aspirating 0.051 mL then waiting 0 s
2025-11-05 17:39:52,816 - DEBUG - Aspirating 0.050 mL then waiting 0 s
2025-11-05 17:39:57,249 - INFO - Pipetting into vial measurement_vial_0, amount: 0.05 mL
2025-11-05 17:40:00,329 - DEBUG - Adjusting pump 0 speed to 32
2025-11-05 17:40:03,774 - DEBUG - Dispensing 0.101 mL then waiting 0 s
2025-11-05 17:40:16,108 - DEBUG - Blowing out 0.161 mL
2025-11-05 17:40:56,731 - DEBUG - Selected small_tip for volume 0.101 mL
2025-11-05 17:40:56,731 - INFO - Pipetting from vial liquid_source_0, amount: 0.05 mL
2025-11-05 17:40:56,731 - INFO - Additional volume from calibration, amount: 0.001 mL
2025-11-05 17:40:56,731 - DEBUG - Adjusting pump 0 speed to 29
2025-11-05 17:41:00,289 - DEBUG - Aspirating 0.051 mL then waiting 0 s
2025-11-05 17:41:05,964 - DEBUG - Aspirating 0.050 mL then waiting 0 s
2025-11-05 17:41:10,412 - INFO - Pipetting into vial measurement_vial_0, amount: 0.05 mL
2025-11-05 17:41:10,539 - DEBUG - Adjusting pump 0 speed to 32
2025-11-05 17:41:14,049 - DEBUG - Dispensing 0.101 mL then waiting 0 s
2025-11-05 17:41:26,356 - DEBUG - Blowing out 0.161 mL
2025-11-05 17:42:07,156 - DEBUG - Selected small_tip for volume 0.101 mL
2025-11-05 17:42:07,156 - INFO - Pipetting from vial liquid_source_0, amount: 0.05 mL
2025-11-05 17:42:07,156 - INFO - Additional volume from calibration, amount: 0.001 mL
2025-11-05 17:42:07,179 - DEBUG - Adjusting pump 0 speed to 29
2025-11-05 17:42:10,763 - DEBUG - Aspirating 0.051 mL then waiting 0 s
2025-11-05 17:42:16,425 - DEBUG - Aspirating 0.050 mL then waiting 0 s
2025-11-05 17:42:20,866 - INFO - Pipetting into vial measurement_vial_0, amount: 0.05 mL
2025-11-05 17:42:21,141 - DEBUG - Adjusting pump 0 speed to 32
2025-11-05 17:42:24,614 - DEBUG - Dispensing 0.101 mL then waiting 0 s
2025-11-05 17:42:36,899 - DEBUG - Blowing out 0.161 mL
2025-11-05 17:43:17,796 - DEBUG - Selected small_tip for volume 0.102 mL
2025-11-05 17:43:17,805 - INFO - Pipetting from vial liquid_source_0, amount: 0.05 mL
2025-11-05 17:43:17,805 - INFO - Additional volume from calibration, amount: 0.002 mL
2025-11-05 17:43:17,810 - DEBUG - Adjusting pump 0 speed to 32
2025-11-05 17:43:21,270 - DEBUG - Aspirating 0.052 mL then waiting 0 s
2025-11-05 17:43:28,884 - DEBUG - Aspirating 0.050 mL then waiting 0 s
2025-11-05 17:43:35,872 - INFO - Pipetting into vial measurement_vial_0, amount: 0.05 mL
2025-11-05 17:43:36,146 - DEBUG - Adjusting pump 0 speed to 20
2025-11-05 17:43:39,617 - DEBUG - Dispensing 0.102 mL then waiting 0 s
2025-11-05 17:43:43,397 - DEBUG - Blowing out 0.075 mL
2025-11-05 17:43:50,170 - DEBUG - Selected small_tip for volume 0.107 mL
2025-11-05 17:43:50,172 - INFO - Pipetting from vial liquid_source_0, amount: 0.05 mL
2025-11-05 17:43:50,172 - INFO - Additional volume from calibration, amount: 0.007 mL
2025-11-05 17:43:50,174 - DEBUG - Adjusting pump 0 speed to 18
2025-11-05 17:43:53,756 - DEBUG - Aspirating 0.057 mL then waiting 0 s
2025-11-05 17:43:56,572 - DEBUG - Aspirating 0.050 mL then waiting 0 s
2025-11-05 17:43:58,563 - INFO - Pipetting into vial measurement_vial_0, amount: 0.05 mL
2025-11-05 17:43:58,745 - DEBUG - Adjusting pump 0 speed to 25
2025-11-05 17:44:02,250 - DEBUG - Dispensing 0.107 mL then waiting 0 s
2025-11-05 17:44:07,809 - DEBUG - Blowing out 0.149 mL
2025-11-05 17:44:24,346 - DEBUG - Selected small_tip for volume 0.107 mL
2025-11-05 17:44:24,364 - INFO - Pipetting from vial liquid_source_0, amount: 0.05 mL
2025-11-05 17:44:24,364 - INFO - Additional volume from calibration, amount: 0.007 mL
2025-11-05 17:44:24,372 - DEBUG - Adjusting pump 0 speed to 18
2025-11-05 17:44:27,987 - DEBUG - Aspirating 0.057 mL then waiting 0 s
2025-11-05 17:44:30,834 - DEBUG - Aspirating 0.050 mL then waiting 0 s
2025-11-05 17:44:32,785 - INFO - Pipetting into vial measurement_vial_0, amount: 0.05 mL
2025-11-05 17:44:33,745 - DEBUG - Adjusting pump 0 speed to 25
2025-11-05 17:44:37,232 - DEBUG - Dispensing 0.107 mL then waiting 0 s
2025-11-05 17:44:42,729 - DEBUG - Blowing out 0.149 mL
2025-11-05 17:45:00,540 - DEBUG - Selected small_tip for volume 0.107 mL
2025-11-05 17:45:00,560 - INFO - Pipetting from vial liquid_source_0, amount: 0.05 mL
2025-11-05 17:45:00,560 - INFO - Additional volume from calibration, amount: 0.007 mL
2025-11-05 17:45:00,569 - DEBUG - Adjusting pump 0 speed to 18
2025-11-05 17:45:04,152 - DEBUG - Aspirating 0.057 mL then waiting 0 s
2025-11-05 17:45:06,999 - DEBUG - Aspirating 0.050 mL then waiting 0 s
2025-11-05 17:45:08,964 - INFO - Pipetting into vial measurement_vial_0, amount: 0.05 mL
2025-11-05 17:45:09,138 - DEBUG - Adjusting pump 0 speed to 25
2025-11-05 17:45:12,596 - DEBUG - Dispensing 0.107 mL then waiting 0 s
2025-11-05 17:45:18,142 - DEBUG - Blowing out 0.149 mL
2025-11-05 17:45:34,576 - DEBUG - Selected small_tip for volume 0.106 mL
2025-11-05 17:45:34,577 - INFO - Pipetting from vial liquid_source_0, amount: 0.05 mL
2025-11-05 17:45:34,578 - INFO - Additional volume from calibration, amount: 0.006 mL
2025-11-05 17:45:34,579 - DEBUG - Adjusting pump 0 speed to 20
2025-11-05 17:45:38,140 - DEBUG - Aspirating 0.056 mL then waiting 0 s
2025-11-05 17:45:43,757 - DEBUG - Aspirating 0.050 mL then waiting 0 s
2025-11-05 17:45:45,907 - INFO - Pipetting into vial measurement_vial_0, amount: 0.05 mL
2025-11-05 17:45:47,541 - DEBUG - Adjusting pump 0 speed to 17
2025-11-05 17:45:50,971 - DEBUG - Dispensing 0.106 mL then waiting 0 s
2025-11-05 17:45:54,362 - DEBUG - Blowing out 0.114 mL
2025-11-05 17:46:03,543 - DEBUG - Selected small_tip for volume 0.106 mL
2025-11-05 17:46:03,543 - INFO - Pipetting from vial liquid_source_0, amount: 0.05 mL
2025-11-05 17:46:03,543 - INFO - Additional volume from calibration, amount: 0.006 mL
2025-11-05 17:46:03,543 - DEBUG - Adjusting pump 0 speed to 20
2025-11-05 17:46:07,141 - DEBUG - Aspirating 0.056 mL then waiting 0 s
2025-11-05 17:46:12,707 - DEBUG - Aspirating 0.050 mL then waiting 0 s
2025-11-05 17:46:14,883 - INFO - Pipetting into vial measurement_vial_0, amount: 0.05 mL
2025-11-05 17:46:17,132 - DEBUG - Adjusting pump 0 speed to 17
2025-11-05 17:46:20,603 - DEBUG - Dispensing 0.106 mL then waiting 0 s
2025-11-05 17:46:23,963 - DEBUG - Blowing out 0.114 mL
2025-11-05 17:46:32,339 - DEBUG - Selected small_tip for volume 0.106 mL
2025-11-05 17:46:32,341 - INFO - Pipetting from vial liquid_source_0, amount: 0.05 mL
2025-11-05 17:46:32,341 - INFO - Additional volume from calibration, amount: 0.006 mL
2025-11-05 17:46:32,344 - DEBUG - Adjusting pump 0 speed to 20
2025-11-05 17:46:35,950 - DEBUG - Aspirating 0.056 mL then waiting 0 s
2025-11-05 17:46:41,595 - DEBUG - Aspirating 0.050 mL then waiting 0 s
2025-11-05 17:46:43,799 - INFO - Pipetting into vial measurement_vial_0, amount: 0.05 mL
2025-11-05 17:46:44,737 - DEBUG - Adjusting pump 0 speed to 17
2025-11-05 17:46:48,202 - DEBUG - Dispensing 0.106 mL then waiting 0 s
2025-11-05 17:46:51,513 - DEBUG - Blowing out 0.114 mL
2025-11-05 17:47:08,720 - DEBUG - Selected small_tip for volume 0.106 mL
2025-11-05 17:47:08,732 - INFO - Pipetting from vial liquid_source_0, amount: 0.05 mL
2025-11-05 17:47:08,732 - INFO - Additional volume from calibration, amount: 0.006 mL
2025-11-05 17:47:08,732 - DEBUG - Adjusting pump 0 speed to 12
2025-11-05 17:47:12,339 - DEBUG - Aspirating 0.056 mL then waiting 0 s
2025-11-05 17:47:13,490 - DEBUG - Aspirating 0.050 mL then waiting 0 s
2025-11-05 17:47:13,984 - INFO - Pipetting into vial measurement_vial_0, amount: 0.05 mL
2025-11-05 17:47:15,128 - DEBUG - Adjusting pump 0 speed to 15
2025-11-05 17:47:18,577 - DEBUG - Dispensing 0.106 mL then waiting 0 s
2025-11-05 17:47:19,818 - DEBUG - Blowing out 0.050 mL
2025-11-05 17:47:23,944 - DEBUG - Selected small_tip for volume 0.106 mL
2025-11-05 17:47:23,944 - INFO - Pipetting from vial liquid_source_0, amount: 0.05 mL
2025-11-05 17:47:23,944 - INFO - Additional volume from calibration, amount: 0.006 mL
2025-11-05 17:47:23,944 - DEBUG - Adjusting pump 0 speed to 12
2025-11-05 17:47:27,549 - DEBUG - Aspirating 0.056 mL then waiting 0 s
2025-11-05 17:47:28,782 - DEBUG - Aspirating 0.050 mL then waiting 0 s
2025-11-05 17:47:29,286 - INFO - Pipetting into vial measurement_vial_0, amount: 0.05 mL
2025-11-05 17:47:30,739 - DEBUG - Adjusting pump 0 speed to 15
2025-11-05 17:47:34,205 - DEBUG - Dispensing 0.106 mL then waiting 0 s
2025-11-05 17:47:35,468 - DEBUG - Blowing out 0.050 mL
2025-11-05 17:47:40,939 - DEBUG - Selected small_tip for volume 0.106 mL
2025-11-05 17:47:40,939 - INFO - Pipetting from vial liquid_source_0, amount: 0.05 mL
2025-11-05 17:47:40,939 - INFO - Additional volume from calibration, amount: 0.006 mL
2025-11-05 17:47:40,939 - DEBUG - Adjusting pump 0 speed to 12
2025-11-05 17:47:44,554 - DEBUG - Aspirating 0.056 mL then waiting 0 s
2025-11-05 17:47:45,674 - DEBUG - Aspirating 0.050 mL then waiting 0 s
2025-11-05 17:47:46,170 - INFO - Pipetting into vial measurement_vial_0, amount: 0.05 mL
2025-11-05 17:47:48,336 - DEBUG - Adjusting pump 0 speed to 15
2025-11-05 17:47:51,784 - DEBUG - Dispensing 0.106 mL then waiting 0 s
2025-11-05 17:47:53,040 - DEBUG - Blowing out 0.050 mL
2025-11-05 17:48:06,391 - DEBUG - Selected small_tip for volume 0.108 mL
2025-11-05 17:48:06,398 - INFO - Pipetting from vial liquid_source_0, amount: 0.05 mL
2025-11-05 17:48:06,398 - INFO - Additional volume from calibration, amount: 0.008 mL
2025-11-05 17:48:06,398 - DEBUG - Adjusting pump 0 speed to 13
2025-11-05 17:48:10,003 - DEBUG - Aspirating 0.058 mL then waiting 0 s
2025-11-05 17:48:10,945 - DEBUG - Aspirating 0.050 mL then waiting 0 s
2025-11-05 17:48:11,536 - INFO - Pipetting into vial measurement_vial_0, amount: 0.05 mL
2025-11-05 17:48:12,737 - DEBUG - Adjusting pump 0 speed to 10
2025-11-05 17:48:16,161 - DEBUG - Dispensing 0.108 mL then waiting 0 s
2025-11-05 17:48:16,794 - DEBUG - Blowing out 0.080 mL
2025-11-05 17:48:19,743 - DEBUG - Selected small_tip for volume 0.108 mL
2025-11-05 17:48:19,743 - INFO - Pipetting from vial liquid_source_0, amount: 0.05 mL
2025-11-05 17:48:19,743 - INFO - Additional volume from calibration, amount: 0.008 mL
2025-11-05 17:48:19,754 - DEBUG - Adjusting pump 0 speed to 13
2025-11-05 17:48:23,325 - DEBUG - Aspirating 0.058 mL then waiting 0 s
2025-11-05 17:48:24,225 - DEBUG - Aspirating 0.050 mL then waiting 0 s
2025-11-05 17:48:24,761 - INFO - Pipetting into vial measurement_vial_0, amount: 0.05 mL
2025-11-05 17:48:27,550 - DEBUG - Adjusting pump 0 speed to 10
2025-11-05 17:48:31,037 - DEBUG - Dispensing 0.108 mL then waiting 0 s
2025-11-05 17:48:31,617 - DEBUG - Blowing out 0.080 mL
2025-11-05 17:48:34,942 - DEBUG - Selected small_tip for volume 0.108 mL
2025-11-05 17:48:34,942 - INFO - Pipetting from vial liquid_source_0, amount: 0.05 mL
2025-11-05 17:48:34,942 - INFO - Additional volume from calibration, amount: 0.008 mL
2025-11-05 17:48:34,942 - DEBUG - Adjusting pump 0 speed to 13
2025-11-05 17:48:38,507 - DEBUG - Aspirating 0.058 mL then waiting 0 s
2025-11-05 17:48:39,450 - DEBUG - Aspirating 0.050 mL then waiting 0 s
2025-11-05 17:48:39,956 - INFO - Pipetting into vial measurement_vial_0, amount: 0.05 mL
2025-11-05 17:48:43,327 - DEBUG - Adjusting pump 0 speed to 10
2025-11-05 17:48:46,784 - DEBUG - Dispensing 0.108 mL then waiting 0 s
2025-11-05 17:48:47,384 - DEBUG - Blowing out 0.080 mL
2025-11-05 17:49:02,382 - DEBUG - Selected small_tip for volume 0.109 mL
2025-11-05 17:49:02,382 - INFO - Pipetting from vial liquid_source_0, amount: 0.05 mL
2025-11-05 17:49:02,382 - INFO - Additional volume from calibration, amount: 0.009 mL
2025-11-05 17:49:02,382 - DEBUG - Adjusting pump 0 speed to 15
2025-11-05 17:49:05,987 - DEBUG - Aspirating 0.059 mL then waiting 0 s
2025-11-05 17:49:07,407 - DEBUG - Aspirating 0.050 mL then waiting 0 s
2025-11-05 17:49:08,133 - INFO - Pipetting into vial measurement_vial_0, amount: 0.05 mL
2025-11-05 17:49:10,332 - DEBUG - Adjusting pump 0 speed to 30
2025-11-05 17:49:13,792 - DEBUG - Dispensing 0.109 mL then waiting 0 s
2025-11-05 17:49:23,342 - DEBUG - Blowing out 0.060 mL
2025-11-05 17:49:45,839 - DEBUG - Selected small_tip for volume 0.107 mL
2025-11-05 17:49:45,839 - INFO - Pipetting from vial liquid_source_0, amount: 0.05 mL
2025-11-05 17:49:45,839 - INFO - Additional volume from calibration, amount: 0.007 mL
2025-11-05 17:49:45,844 - DEBUG - Adjusting pump 0 speed to 11
2025-11-05 17:49:49,382 - DEBUG - Aspirating 0.057 mL then waiting 0 s
2025-11-05 17:49:50,534 - DEBUG - Aspirating 0.050 mL then waiting 0 s
2025-11-05 17:49:51,004 - INFO - Pipetting into vial measurement_vial_0, amount: 0.05 mL
2025-11-05 17:49:52,729 - DEBUG - Adjusting pump 0 speed to 10
2025-11-05 17:49:56,181 - DEBUG - Dispensing 0.107 mL then waiting 0 s
2025-11-05 17:49:56,800 - DEBUG - Blowing out 0.031 mL
2025-11-05 17:50:00,144 - DEBUG - Selected small_tip for volume 0.107 mL
2025-11-05 17:50:00,144 - INFO - Pipetting from vial liquid_source_0, amount: 0.05 mL
2025-11-05 17:50:00,144 - INFO - Additional volume from calibration, amount: 0.007 mL
2025-11-05 17:50:00,144 - DEBUG - Adjusting pump 0 speed to 11
2025-11-05 17:50:03,737 - DEBUG - Aspirating 0.057 mL then waiting 0 s
2025-11-05 17:50:04,856 - DEBUG - Aspirating 0.050 mL then waiting 0 s
2025-11-05 17:50:05,294 - INFO - Pipetting into vial measurement_vial_0, amount: 0.05 mL
2025-11-05 17:50:06,541 - DEBUG - Adjusting pump 0 speed to 10
2025-11-05 17:50:09,983 - DEBUG - Dispensing 0.107 mL then waiting 0 s
2025-11-05 17:50:10,527 - DEBUG - Blowing out 0.031 mL
2025-11-05 17:50:14,751 - DEBUG - Selected small_tip for volume 0.107 mL
2025-11-05 17:50:14,751 - INFO - Pipetting from vial liquid_source_0, amount: 0.05 mL
2025-11-05 17:50:14,751 - INFO - Additional volume from calibration, amount: 0.007 mL
2025-11-05 17:50:14,751 - DEBUG - Adjusting pump 0 speed to 11
2025-11-05 17:50:18,349 - DEBUG - Aspirating 0.057 mL then waiting 0 s
2025-11-05 17:50:19,470 - DEBUG - Aspirating 0.050 mL then waiting 0 s
2025-11-05 17:50:19,916 - INFO - Pipetting into vial measurement_vial_0, amount: 0.05 mL
2025-11-05 17:50:21,540 - DEBUG - Adjusting pump 0 speed to 10
2025-11-05 17:50:24,972 - DEBUG - Dispensing 0.107 mL then waiting 0 s
2025-11-05 17:50:25,539 - DEBUG - Blowing out 0.031 mL
2025-11-05 17:50:40,427 - DEBUG - Selected small_tip for volume 0.107 mL
2025-11-05 17:50:40,427 - INFO - Pipetting from vial liquid_source_0, amount: 0.05 mL
2025-11-05 17:50:40,427 - INFO - Additional volume from calibration, amount: 0.007 mL
2025-11-05 17:50:40,427 - DEBUG - Adjusting pump 0 speed to 14
2025-11-05 17:50:44,003 - DEBUG - Aspirating 0.057 mL then waiting 0 s
2025-11-05 17:50:45,286 - DEBUG - Aspirating 0.050 mL then waiting 0 s
2025-11-05 17:50:45,902 - INFO - Pipetting into vial measurement_vial_0, amount: 0.05 mL
2025-11-05 17:50:48,150 - DEBUG - Adjusting pump 0 speed to 16
2025-11-05 17:50:51,603 - DEBUG - Dispensing 0.107 mL then waiting 0 s
2025-11-05 17:50:53,371 - DEBUG - Blowing out 0.148 mL
2025-11-05 17:51:10,784 - DEBUG - Selected small_tip for volume 0.109 mL
2025-11-05 17:51:10,786 - INFO - Pipetting from vial liquid_source_0, amount: 0.05 mL
2025-11-05 17:51:10,786 - INFO - Additional volume from calibration, amount: 0.009 mL
2025-11-05 17:51:10,789 - DEBUG - Adjusting pump 0 speed to 13
2025-11-05 17:51:14,320 - DEBUG - Aspirating 0.059 mL then waiting 0 s
2025-11-05 17:51:15,308 - DEBUG - Aspirating 0.050 mL then waiting 0 s
2025-11-05 17:51:15,883 - INFO - Pipetting into vial measurement_vial_0, amount: 0.05 mL
2025-11-05 17:51:17,539 - DEBUG - Adjusting pump 0 speed to 12
2025-11-05 17:51:20,979 - DEBUG - Dispensing 0.109 mL then waiting 0 s
2025-11-05 17:51:21,709 - DEBUG - Blowing out 0.048 mL
2025-11-05 17:51:37,877 - DEBUG - Selected small_tip for volume 0.105 mL
2025-11-05 17:51:37,877 - INFO - Pipetting from vial liquid_source_0, amount: 0.05 mL
2025-11-05 17:51:37,877 - INFO - Additional volume from calibration, amount: 0.005 mL
2025-11-05 17:51:37,880 - DEBUG - Adjusting pump 0 speed to 11
2025-11-05 17:51:41,424 - DEBUG - Aspirating 0.055 mL then waiting 0 s
2025-11-05 17:51:42,415 - DEBUG - Aspirating 0.050 mL then waiting 0 s
2025-11-05 17:51:42,867 - INFO - Pipetting into vial measurement_vial_0, amount: 0.05 mL
2025-11-05 17:51:44,949 - DEBUG - Adjusting pump 0 speed to 13
2025-11-05 17:51:48,403 - DEBUG - Dispensing 0.105 mL then waiting 0 s
2025-11-05 17:51:49,183 - DEBUG - Blowing out 0.038 mL
2025-11-05 17:51:52,551 - DEBUG - Selected small_tip for volume 0.105 mL
2025-11-05 17:51:52,553 - INFO - Pipetting from vial liquid_source_0, amount: 0.05 mL
2025-11-05 17:51:52,553 - INFO - Additional volume from calibration, amount: 0.005 mL
2025-11-05 17:51:52,553 - DEBUG - Adjusting pump 0 speed to 11
2025-11-05 17:51:56,150 - DEBUG - Aspirating 0.055 mL then waiting 0 s
2025-11-05 17:51:57,170 - DEBUG - Aspirating 0.050 mL then waiting 0 s
2025-11-05 17:51:57,658 - INFO - Pipetting into vial measurement_vial_0, amount: 0.05 mL
2025-11-05 17:51:58,933 - DEBUG - Adjusting pump 0 speed to 13
2025-11-05 17:52:02,353 - DEBUG - Dispensing 0.105 mL then waiting 0 s
2025-11-05 17:52:03,134 - DEBUG - Blowing out 0.038 mL
2025-11-05 17:52:06,757 - DEBUG - Selected small_tip for volume 0.105 mL
2025-11-05 17:52:06,759 - INFO - Pipetting from vial liquid_source_0, amount: 0.05 mL
2025-11-05 17:52:06,759 - INFO - Additional volume from calibration, amount: 0.005 mL
2025-11-05 17:52:06,761 - DEBUG - Adjusting pump 0 speed to 11
2025-11-05 17:52:10,334 - DEBUG - Aspirating 0.055 mL then waiting 0 s
2025-11-05 17:52:11,363 - DEBUG - Aspirating 0.050 mL then waiting 0 s
2025-11-05 17:52:11,837 - INFO - Pipetting into vial measurement_vial_0, amount: 0.05 mL
2025-11-05 17:52:14,343 - DEBUG - Adjusting pump 0 speed to 13
2025-11-05 17:52:17,807 - DEBUG - Dispensing 0.105 mL then waiting 0 s
2025-11-05 17:52:18,668 - DEBUG - Blowing out 0.038 mL
2025-11-05 17:52:38,154 - DEBUG - Selected small_tip for volume 0.105 mL
2025-11-05 17:52:38,154 - INFO - Pipetting from vial liquid_source_0, amount: 0.05 mL
2025-11-05 17:52:38,154 - INFO - Additional volume from calibration, amount: 0.005 mL
2025-11-05 17:52:38,154 - DEBUG - Adjusting pump 0 speed to 14
2025-11-05 17:52:41,686 - DEBUG - Aspirating 0.055 mL then waiting 0 s
2025-11-05 17:52:43,141 - DEBUG - Aspirating 0.050 mL then waiting 0 s
2025-11-05 17:52:43,765 - INFO - Pipetting into vial measurement_vial_0, amount: 0.05 mL
2025-11-05 17:52:47,746 - DEBUG - Adjusting pump 0 speed to 11
2025-11-05 17:52:51,217 - DEBUG - Dispensing 0.105 mL then waiting 0 s
2025-11-05 17:52:51,806 - DEBUG - Blowing out 0.048 mL
2025-11-05 17:52:58,744 - DEBUG - Selected small_tip for volume 0.105 mL
2025-11-05 17:52:58,744 - INFO - Pipetting from vial liquid_source_0, amount: 0.05 mL
2025-11-05 17:52:58,744 - INFO - Additional volume from calibration, amount: 0.005 mL
2025-11-05 17:52:58,767 - DEBUG - Adjusting pump 0 speed to 14
2025-11-05 17:53:02,349 - DEBUG - Aspirating 0.055 mL then waiting 0 s
2025-11-05 17:53:03,759 - DEBUG - Aspirating 0.050 mL then waiting 0 s
2025-11-05 17:53:04,354 - INFO - Pipetting into vial measurement_vial_0, amount: 0.05 mL
2025-11-05 17:53:05,950 - DEBUG - Adjusting pump 0 speed to 11
2025-11-05 17:53:09,405 - DEBUG - Dispensing 0.105 mL then waiting 0 s
2025-11-05 17:53:10,001 - DEBUG - Blowing out 0.048 mL
2025-11-05 17:53:13,552 - DEBUG - Selected small_tip for volume 0.105 mL
2025-11-05 17:53:13,556 - INFO - Pipetting from vial liquid_source_0, amount: 0.05 mL
2025-11-05 17:53:13,556 - INFO - Additional volume from calibration, amount: 0.005 mL
2025-11-05 17:53:13,559 - DEBUG - Adjusting pump 0 speed to 14
2025-11-05 17:53:17,179 - DEBUG - Aspirating 0.055 mL then waiting 0 s
2025-11-05 17:53:18,575 - DEBUG - Aspirating 0.050 mL then waiting 0 s
2025-11-05 17:53:19,229 - INFO - Pipetting into vial measurement_vial_0, amount: 0.05 mL
2025-11-05 17:53:21,142 - DEBUG - Adjusting pump 0 speed to 11
2025-11-05 17:53:24,602 - DEBUG - Dispensing 0.105 mL then waiting 0 s
2025-11-05 17:53:25,210 - DEBUG - Blowing out 0.048 mL
2025-11-05 17:53:40,980 - DEBUG - Selected small_tip for volume 0.107 mL
2025-11-05 17:53:40,980 - INFO - Pipetting from vial liquid_source_0, amount: 0.05 mL
2025-11-05 17:53:40,980 - INFO - Additional volume from calibration, amount: 0.007 mL
2025-11-05 17:53:40,980 - DEBUG - Adjusting pump 0 speed to 11
2025-11-05 17:53:44,468 - DEBUG - Aspirating 0.057 mL then waiting 0 s
2025-11-05 17:53:45,386 - DEBUG - Aspirating 0.050 mL then waiting 0 s
2025-11-05 17:53:45,837 - INFO - Pipetting into vial measurement_vial_0, amount: 0.05 mL
2025-11-05 17:53:46,948 - DEBUG - Adjusting pump 0 speed to 12
2025-11-05 17:53:50,427 - DEBUG - Dispensing 0.107 mL then waiting 0 s
2025-11-05 17:53:51,154 - DEBUG - Blowing out 0.089 mL
2025-11-05 17:53:55,351 - DEBUG - Selected small_tip for volume 0.107 mL
2025-11-05 17:53:55,351 - INFO - Pipetting from vial liquid_source_0, amount: 0.05 mL
2025-11-05 17:53:55,351 - INFO - Additional volume from calibration, amount: 0.007 mL
2025-11-05 17:53:55,351 - DEBUG - Adjusting pump 0 speed to 11
2025-11-05 17:53:58,927 - DEBUG - Aspirating 0.057 mL then waiting 0 s
2025-11-05 17:53:59,856 - DEBUG - Aspirating 0.050 mL then waiting 0 s
2025-11-05 17:54:00,305 - INFO - Pipetting into vial measurement_vial_0, amount: 0.05 mL
2025-11-05 17:54:03,146 - DEBUG - Adjusting pump 0 speed to 12
2025-11-05 17:54:06,606 - DEBUG - Dispensing 0.107 mL then waiting 0 s
2025-11-05 17:54:07,358 - DEBUG - Blowing out 0.089 mL
2025-11-05 17:54:11,149 - DEBUG - Selected small_tip for volume 0.107 mL
2025-11-05 17:54:11,149 - INFO - Pipetting from vial liquid_source_0, amount: 0.05 mL
2025-11-05 17:54:11,149 - INFO - Additional volume from calibration, amount: 0.007 mL
2025-11-05 17:54:11,149 - DEBUG - Adjusting pump 0 speed to 11
2025-11-05 17:54:14,682 - DEBUG - Aspirating 0.057 mL then waiting 0 s
2025-11-05 17:54:15,612 - DEBUG - Aspirating 0.050 mL then waiting 0 s
2025-11-05 17:54:16,094 - INFO - Pipetting into vial measurement_vial_0, amount: 0.05 mL
2025-11-05 17:54:17,547 - DEBUG - Adjusting pump 0 speed to 12
2025-11-05 17:54:21,010 - DEBUG - Dispensing 0.107 mL then waiting 0 s
2025-11-05 17:54:21,705 - DEBUG - Blowing out 0.089 mL
2025-11-05 17:54:38,833 - DEBUG - Selected small_tip for volume 0.108 mL
2025-11-05 17:54:38,833 - INFO - Pipetting from vial liquid_source_0, amount: 0.05 mL
2025-11-05 17:54:38,833 - INFO - Additional volume from calibration, amount: 0.008 mL
2025-11-05 17:54:38,849 - DEBUG - Adjusting pump 0 speed to 10
2025-11-05 17:54:42,404 - DEBUG - Aspirating 0.058 mL then waiting 0 s
2025-11-05 17:54:43,234 - DEBUG - Aspirating 0.050 mL then waiting 0 s
2025-11-05 17:54:43,679 - INFO - Pipetting into vial measurement_vial_0, amount: 0.05 mL
2025-11-05 17:54:44,727 - DEBUG - Adjusting pump 0 speed to 10
2025-11-05 17:54:48,075 - DEBUG - Dispensing 0.108 mL then waiting 0 s
2025-11-05 17:54:48,690 - DEBUG - Blowing out 0.095 mL
2025-11-05 17:54:52,948 - DEBUG - Selected small_tip for volume 0.108 mL
2025-11-05 17:54:52,948 - INFO - Pipetting from vial liquid_source_0, amount: 0.05 mL
2025-11-05 17:54:52,948 - INFO - Additional volume from calibration, amount: 0.008 mL
2025-11-05 17:54:52,948 - DEBUG - Adjusting pump 0 speed to 10
2025-11-05 17:54:56,444 - DEBUG - Aspirating 0.058 mL then waiting 0 s
2025-11-05 17:54:57,277 - DEBUG - Aspirating 0.050 mL then waiting 0 s
2025-11-05 17:54:57,718 - INFO - Pipetting into vial measurement_vial_0, amount: 0.05 mL
2025-11-05 17:54:59,738 - DEBUG - Adjusting pump 0 speed to 10
2025-11-05 17:55:03,134 - DEBUG - Dispensing 0.108 mL then waiting 0 s
2025-11-05 17:55:03,758 - DEBUG - Blowing out 0.095 mL
2025-11-05 17:55:09,149 - DEBUG - Selected small_tip for volume 0.108 mL
2025-11-05 17:55:09,149 - INFO - Pipetting from vial liquid_source_0, amount: 0.05 mL
2025-11-05 17:55:09,149 - INFO - Additional volume from calibration, amount: 0.008 mL
2025-11-05 17:55:09,149 - DEBUG - Adjusting pump 0 speed to 10
2025-11-05 17:55:12,671 - DEBUG - Aspirating 0.058 mL then waiting 0 s
2025-11-05 17:55:13,484 - DEBUG - Aspirating 0.050 mL then waiting 0 s
2025-11-05 17:55:13,887 - INFO - Pipetting into vial measurement_vial_0, amount: 0.05 mL
2025-11-05 17:55:16,346 - DEBUG - Adjusting pump 0 speed to 10
2025-11-05 17:55:19,725 - DEBUG - Dispensing 0.108 mL then waiting 0 s
2025-11-05 17:55:20,312 - DEBUG - Blowing out 0.095 mL
2025-11-05 17:55:34,905 - DEBUG - Selected small_tip for volume 0.105 mL
2025-11-05 17:55:34,905 - INFO - Pipetting from vial liquid_source_0, amount: 0.05 mL
2025-11-05 17:55:34,905 - INFO - Additional volume from calibration, amount: 0.005 mL
2025-11-05 17:55:34,905 - DEBUG - Adjusting pump 0 speed to 22
2025-11-05 17:55:38,468 - DEBUG - Aspirating 0.055 mL then waiting 0 s
2025-11-05 17:55:41,570 - DEBUG - Aspirating 0.050 mL then waiting 0 s
2025-11-05 17:55:43,994 - INFO - Pipetting into vial measurement_vial_0, amount: 0.05 mL
2025-11-05 17:55:44,134 - DEBUG - Adjusting pump 0 speed to 13
2025-11-05 17:55:47,581 - DEBUG - Dispensing 0.105 mL then waiting 0 s
2025-11-05 17:55:48,394 - DEBUG - Blowing out 0.037 mL
2025-11-05 17:56:10,019 - DEBUG - Selected small_tip for volume 0.107 mL
2025-11-05 17:56:10,019 - INFO - Pipetting from vial liquid_source_0, amount: 0.05 mL
2025-11-05 17:56:10,019 - INFO - Additional volume from calibration, amount: 0.007 mL
2025-11-05 17:56:10,019 - DEBUG - Adjusting pump 0 speed to 20
2025-11-05 17:56:13,593 - DEBUG - Aspirating 0.057 mL then waiting 0 s
2025-11-05 17:56:16,714 - DEBUG - Aspirating 0.050 mL then waiting 0 s
2025-11-05 17:56:18,897 - INFO - Pipetting into vial measurement_vial_0, amount: 0.05 mL
2025-11-05 17:56:19,135 - DEBUG - Adjusting pump 0 speed to 16
2025-11-05 17:56:22,584 - DEBUG - Dispensing 0.107 mL then waiting 0 s
2025-11-05 17:56:24,371 - DEBUG - Blowing out 0.140 mL
2025-11-05 17:56:29,958 - DEBUG - Selected small_tip for volume 0.107 mL
2025-11-05 17:56:29,959 - INFO - Pipetting from vial liquid_source_0, amount: 0.05 mL
2025-11-05 17:56:29,959 - INFO - Additional volume from calibration, amount: 0.007 mL
2025-11-05 17:56:29,960 - DEBUG - Adjusting pump 0 speed to 20
2025-11-05 17:56:33,616 - DEBUG - Aspirating 0.057 mL then waiting 0 s
2025-11-05 17:56:36,738 - DEBUG - Aspirating 0.050 mL then waiting 0 s
2025-11-05 17:56:38,935 - INFO - Pipetting into vial measurement_vial_0, amount: 0.05 mL
2025-11-05 17:56:39,139 - DEBUG - Adjusting pump 0 speed to 16
2025-11-05 17:56:42,605 - DEBUG - Dispensing 0.107 mL then waiting 0 s
2025-11-05 17:56:44,393 - DEBUG - Blowing out 0.140 mL
2025-11-05 17:56:51,947 - DEBUG - Selected small_tip for volume 0.107 mL
2025-11-05 17:56:51,947 - INFO - Pipetting from vial liquid_source_0, amount: 0.05 mL
2025-11-05 17:56:51,947 - INFO - Additional volume from calibration, amount: 0.007 mL
2025-11-05 17:56:51,947 - DEBUG - Adjusting pump 0 speed to 20
2025-11-05 17:56:55,530 - DEBUG - Aspirating 0.057 mL then waiting 0 s
2025-11-05 17:56:58,620 - DEBUG - Aspirating 0.050 mL then waiting 0 s
2025-11-05 17:57:00,791 - INFO - Pipetting into vial measurement_vial_0, amount: 0.05 mL
2025-11-05 17:57:00,941 - DEBUG - Adjusting pump 0 speed to 16
2025-11-05 17:57:04,419 - DEBUG - Dispensing 0.107 mL then waiting 0 s
2025-11-05 17:57:06,239 - DEBUG - Blowing out 0.140 mL
2025-11-05 17:57:27,053 - DEBUG - Selected small_tip for volume 0.107 mL
2025-11-05 17:57:27,053 - INFO - Pipetting from vial liquid_source_0, amount: 0.05 mL
2025-11-05 17:57:27,053 - INFO - Additional volume from calibration, amount: 0.007 mL
2025-11-05 17:57:27,053 - DEBUG - Adjusting pump 0 speed to 13
2025-11-05 17:57:30,629 - DEBUG - Aspirating 0.057 mL then waiting 0 s
2025-11-05 17:57:31,541 - DEBUG - Aspirating 0.050 mL then waiting 0 s
2025-11-05 17:57:32,046 - INFO - Pipetting into vial measurement_vial_0, amount: 0.05 mL
2025-11-05 17:57:33,349 - DEBUG - Adjusting pump 0 speed to 10
2025-11-05 17:57:36,847 - DEBUG - Dispensing 0.107 mL then waiting 0 s
2025-11-05 17:57:37,412 - DEBUG - Blowing out 0.090 mL
2025-11-05 17:57:42,146 - DEBUG - Selected small_tip for volume 0.107 mL
2025-11-05 17:57:42,146 - INFO - Pipetting from vial liquid_source_0, amount: 0.05 mL
2025-11-05 17:57:42,146 - INFO - Additional volume from calibration, amount: 0.007 mL
2025-11-05 17:57:42,146 - DEBUG - Adjusting pump 0 speed to 13
2025-11-05 17:57:45,712 - DEBUG - Aspirating 0.057 mL then waiting 0 s
2025-11-05 17:57:46,629 - DEBUG - Aspirating 0.050 mL then waiting 0 s
2025-11-05 17:57:47,133 - INFO - Pipetting into vial measurement_vial_0, amount: 0.05 mL
2025-11-05 17:57:50,534 - DEBUG - Adjusting pump 0 speed to 10
2025-11-05 17:57:53,970 - DEBUG - Dispensing 0.107 mL then waiting 0 s
2025-11-05 17:57:54,555 - DEBUG - Blowing out 0.090 mL
2025-11-05 17:57:57,956 - DEBUG - Selected small_tip for volume 0.107 mL
2025-11-05 17:57:57,956 - INFO - Pipetting from vial liquid_source_0, amount: 0.05 mL
2025-11-05 17:57:57,956 - INFO - Additional volume from calibration, amount: 0.007 mL
2025-11-05 17:57:57,956 - DEBUG - Adjusting pump 0 speed to 13
2025-11-05 17:58:01,533 - DEBUG - Aspirating 0.057 mL then waiting 0 s
2025-11-05 17:58:02,476 - DEBUG - Aspirating 0.050 mL then waiting 0 s
2025-11-05 17:58:03,028 - INFO - Pipetting into vial measurement_vial_0, amount: 0.05 mL
2025-11-05 17:58:04,747 - DEBUG - Adjusting pump 0 speed to 10
2025-11-05 17:58:08,202 - DEBUG - Dispensing 0.107 mL then waiting 0 s
2025-11-05 17:58:08,758 - DEBUG - Blowing out 0.090 mL
2025-11-05 17:58:12,156 - DEBUG - Selected small_tip for volume 0.081 mL
2025-11-05 17:58:12,157 - INFO - Pipetting from vial liquid_source_0, amount: 0.025 mL
2025-11-05 17:58:12,157 - INFO - Additional volume from calibration, amount: 0.006 mL
2025-11-05 17:58:12,159 - DEBUG - Adjusting pump 0 speed to 12
2025-11-05 17:58:15,752 - DEBUG - Aspirating 0.031 mL then waiting 0 s
2025-11-05 17:58:16,856 - DEBUG - Aspirating 0.050 mL then waiting 0 s
2025-11-05 17:58:17,355 - INFO - Pipetting into vial measurement_vial_0, amount: 0.025 mL
2025-11-05 17:58:19,751 - DEBUG - Adjusting pump 0 speed to 15
2025-11-05 17:58:23,251 - DEBUG - Dispensing 0.081 mL then waiting 0 s
2025-11-05 17:58:24,205 - DEBUG - Blowing out 0.050 mL
2025-11-05 17:58:28,542 - DEBUG - Selected small_tip for volume 0.156 mL
2025-11-05 17:58:28,558 - INFO - Pipetting from vial liquid_source_0, amount: 0.1 mL
2025-11-05 17:58:28,558 - INFO - Additional volume from calibration, amount: 0.006 mL
2025-11-05 17:58:28,558 - DEBUG - Adjusting pump 0 speed to 12
2025-11-05 17:58:32,140 - DEBUG - Aspirating 0.106 mL then waiting 0 s
2025-11-05 17:58:33,590 - DEBUG - Aspirating 0.050 mL then waiting 0 s
2025-11-05 17:58:34,063 - INFO - Pipetting into vial measurement_vial_0, amount: 0.1 mL
2025-11-05 17:58:36,331 - DEBUG - Adjusting pump 0 speed to 15
2025-11-05 17:58:39,764 - DEBUG - Dispensing 0.156 mL then waiting 0 s
2025-11-05 17:58:41,489 - DEBUG - Blowing out 0.050 mL
2025-11-05 17:58:46,170 - DEBUG - Selected small_tip for volume 0.084 mL
2025-11-05 17:58:46,171 - INFO - Pipetting from vial liquid_source_0, amount: 0.025 mL
2025-11-05 17:58:46,171 - INFO - Additional volume from calibration, amount: 0.009 mL
2025-11-05 17:58:46,184 - DEBUG - Adjusting pump 0 speed to 12
2025-11-05 17:58:49,774 - DEBUG - Aspirating 0.034 mL then waiting 0 s
2025-11-05 17:58:50,862 - DEBUG - Aspirating 0.050 mL then waiting 0 s
2025-11-05 17:58:51,349 - INFO - Pipetting into vial measurement_vial_0, amount: 0.025 mL
2025-11-05 17:58:52,749 - DEBUG - Adjusting pump 0 speed to 15
2025-11-05 17:58:56,232 - DEBUG - Dispensing 0.084 mL then waiting 0 s
2025-11-05 17:58:57,259 - DEBUG - Blowing out 0.050 mL
2025-11-05 17:59:01,953 - DEBUG - Selected small_tip for volume 0.084 mL
2025-11-05 17:59:01,953 - INFO - Pipetting from vial liquid_source_0, amount: 0.025 mL
2025-11-05 17:59:01,953 - INFO - Additional volume from calibration, amount: 0.009 mL
2025-11-05 17:59:01,953 - DEBUG - Adjusting pump 0 speed to 12
2025-11-05 17:59:05,536 - DEBUG - Aspirating 0.034 mL then waiting 0 s
2025-11-05 17:59:06,638 - DEBUG - Aspirating 0.050 mL then waiting 0 s
2025-11-05 17:59:07,159 - INFO - Pipetting into vial measurement_vial_0, amount: 0.025 mL
2025-11-05 17:59:08,941 - DEBUG - Adjusting pump 0 speed to 15
2025-11-05 17:59:12,413 - DEBUG - Dispensing 0.084 mL then waiting 0 s
2025-11-05 17:59:13,449 - DEBUG - Blowing out 0.050 mL
2025-11-05 17:59:18,952 - DEBUG - Selected small_tip for volume 0.084 mL
2025-11-05 17:59:18,952 - INFO - Pipetting from vial liquid_source_0, amount: 0.025 mL
2025-11-05 17:59:18,952 - INFO - Additional volume from calibration, amount: 0.009 mL
2025-11-05 17:59:18,952 - DEBUG - Adjusting pump 0 speed to 12
2025-11-05 17:59:22,581 - DEBUG - Aspirating 0.034 mL then waiting 0 s
2025-11-05 17:59:23,714 - DEBUG - Aspirating 0.050 mL then waiting 0 s
2025-11-05 17:59:24,221 - INFO - Pipetting into vial measurement_vial_0, amount: 0.025 mL
2025-11-05 17:59:25,338 - DEBUG - Adjusting pump 0 speed to 15
2025-11-05 17:59:28,809 - DEBUG - Dispensing 0.084 mL then waiting 0 s
2025-11-05 17:59:29,876 - DEBUG - Blowing out 0.050 mL
