2026-04-26 14:17:57,468 - DEBUG - No workflow config provided - using default initialization
2026-04-26 14:17:57,468 - INFO - GUI disabled - skipping status review, proceeding directly to hardware initialization
2026-04-26 14:17:58,067 - INFO - Initializing North Robot...
2026-04-26 14:17:58,067 - DEBUG - Loading robot configuration files...
2026-04-26 14:17:58,095 - DEBUG - Loaded vial positions configuration from robot_state/vial_positions.yaml
2026-04-26 14:17:58,095 - DEBUG - Loaded pipet tips configuration from robot_state/pipet_tips.yaml
2026-04-26 14:17:58,117 - DEBUG - Loaded pipet racks configuration from robot_state/pipet_racks.yaml
2026-04-26 14:17:58,126 - DEBUG - Loaded pump configuration from robot_state/syringe_pumps.yaml
2026-04-26 14:17:58,127 - DEBUG - Loaded robot hardware configuration from robot_state/robot_hardware.yaml
2026-04-26 14:17:58,146 - DEBUG - Loaded wellplate properties configuration from robot_state/wellplates.yaml
2026-04-26 14:17:58,146 - DEBUG - Loading robot state files...
2026-04-26 14:17:58,151 - DEBUG - Loaded vial data from status/calibration_vials_short.csv
2026-04-26 14:17:58,158 - DEBUG - Loaded robot status from robot_state/robot_status.yaml
2026-04-26 14:17:58,158 - DEBUG - Loaded wellplate positions from robot_state/wellplates.yaml
2026-04-26 14:17:58,158 - DEBUG - Robot status loaded successfully
2026-04-26 14:17:58,158 - INFO - Physical initialization of North Robot...
2026-04-26 14:18:01,566 - DEBUG - Loading pumps from YAML configuration...
2026-04-26 14:18:01,678 - DEBUG - Loaded pump 0: volume=1.0mL, speed=11, liquid=None
2026-04-26 14:18:01,800 - DEBUG - Loaded pump 1: volume=2.5mL, speed=15, liquid=water
2026-04-26 14:18:01,800 - INFO - Moving robot to home position
2026-04-26 14:18:02,226 - DEBUG - Initializing centrifuge controller...
2026-04-26 14:18:02,226 - INFO - Initializing North Track...
2026-04-26 14:18:02,226 - DEBUG - Loading track status from file: robot_state/track_status.yaml
2026-04-26 14:18:02,226 - DEBUG - Getting track status from file: robot_state/track_status.yaml
2026-04-26 14:18:02,226 - DEBUG - Loaded track status from robot_state/track_status.yaml
2026-04-26 14:18:02,226 - DEBUG - Loading track positions from: robot_state/track_positions.yaml
2026-04-26 14:18:02,247 - DEBUG - Loaded track positions configuration from robot_state/track_positions.yaml
2026-04-26 14:18:02,247 - DEBUG - Loading robot hardware configuration from: robot_state/robot_hardware.yaml
2026-04-26 14:18:02,251 - DEBUG - Loaded robot hardware configuration from robot_state/robot_hardware.yaml
2026-04-26 14:18:02,253 - DEBUG - Loaded wellplate properties configuration from robot_state/wellplates.yaml
2026-04-26 14:18:02,329 - DEBUG - Moving North Track to home position
2026-04-26 14:18:02,329 - DEBUG - Detected origin position (0,0) - setting location to 'origin'
2026-04-26 14:18:02,330 - DEBUG - Updated gripper location to: origin at position {'x': 0, 'z': 0}
2026-04-26 14:18:02,348 - INFO - Moving vial PVA_DMSO_800 to clamp: 0
2026-04-26 14:18:02,348 - DEBUG - Grabbing vial 0 with index 0
2026-04-26 14:18:04,944 - DEBUG - Dropping off vial 0 at location clamp with index 0
2026-04-26 14:18:07,663 - DEBUG - Vial move required for pipetting
2026-04-26 14:18:07,664 - INFO - Moving vial PVA_DMSO_800 to safe pipetting location
2026-04-26 14:18:07,665 - INFO - Vial 0 already at clamp index 0, no move needed
2026-04-26 14:18:07,665 - DEBUG - Removing cap from clamped vial
2026-04-26 14:18:41,319 - INFO - Removing pipet
2026-04-26 14:18:43,943 - INFO - Returning vial PVA_DMSO_800 to home location: main_8mL_rack index 0
2026-04-26 14:18:43,943 - DEBUG - Recapping clamped vial
2026-04-26 14:18:48,974 - INFO - Moving vial PVA_DMSO_800 to main_8mL_rack: 0
2026-04-26 14:18:48,974 - DEBUG - Grabbing vial 0 with index 0
2026-04-26 14:18:49,253 - DEBUG - Dropping off vial 0 at location main_8mL_rack with index 0
2026-04-26 14:18:51,970 - INFO - Moving robot to home position
