2025-10-24 11:07:48,605 - INFO - Initializing North Robot...
2025-10-24 11:07:48,605 - DEBUG - Loading robot configuration files...
2025-10-24 11:07:48,620 - DEBUG - Loaded vial positions configuration from robot_state/vial_positions.yaml
2025-10-24 11:07:48,622 - DEBUG - Loaded pipet tips configuration from robot_state/pipet_tips.yaml
2025-10-24 11:07:48,626 - DEBUG - Loaded pipet racks configuration from robot_state/pipet_racks.yaml
2025-10-24 11:07:48,628 - DEBUG - Loaded pump configuration from robot_state/syringe_pumps.yaml
2025-10-24 11:07:48,628 - DEBUG - Loaded robot hardware configuration from robot_state/robot_hardware.yaml
2025-10-24 11:07:48,637 - DEBUG - Loaded wellplate properties configuration from robot_state/wellplates.yaml
2025-10-24 11:07:48,637 - DEBUG - Loading robot state files...
2025-10-24 11:07:48,656 - DEBUG - Loaded vial data from status/calibration_vials_short.csv
2025-10-24 11:07:48,656 - DEBUG - Loaded robot status from robot_state/robot_status.yaml
2025-10-24 11:07:48,656 - DEBUG - Loaded wellplate positions from robot_state/wellplates.yaml
2025-10-24 11:07:48,656 - DEBUG - Robot status loaded successfully
2025-10-24 11:07:48,656 - DEBUG - Loading pumps from YAML configuration...
2025-10-24 11:07:48,656 - DEBUG - Loaded pump 0: volume=1.0mL, speed=11, liquid=None
2025-10-24 11:07:48,656 - DEBUG - Loaded pump 1: volume=2.5mL, speed=15, liquid=water
2025-10-24 11:07:48,656 - DEBUG - Physical initialization of North Robot...
2025-10-24 11:07:48,670 - INFO - Moving robot to home position
2025-10-24 11:07:48,672 - INFO - Initializing North Track...
2025-10-24 11:07:48,672 - DEBUG - Loading track status from file: robot_state/track_status.yaml
2025-10-24 11:07:48,672 - DEBUG - Getting track status from file: robot_state/track_status.yaml
2025-10-24 11:07:48,673 - DEBUG - Loaded track status from robot_state/track_status.yaml
2025-10-24 11:07:48,673 - DEBUG - Loading track positions from: robot_state/track_positions.yaml
2025-10-24 11:07:48,679 - DEBUG - Loaded track positions configuration from robot_state/track_positions.yaml
2025-10-24 11:07:48,680 - DEBUG - Loading robot hardware configuration from: robot_state/robot_hardware.yaml
2025-10-24 11:07:48,682 - DEBUG - Loaded robot hardware configuration from robot_state/robot_hardware.yaml
2025-10-24 11:07:48,685 - DEBUG - Loaded wellplate properties configuration from robot_state/wellplates.yaml
2025-10-24 11:07:48,686 - DEBUG - Moving North Track to home position
2025-10-24 11:07:48,687 - INFO - Creating new Lash_E controller
2025-10-24 11:07:48,689 - INFO -     vial_index           vial_name         location  location_index  vial_volume  capped cap_type vial_type    home_location  home_location_index
0            0  measurement_vial_0            clamp               0     2.930850    True     open      8_mL    main_8mL_rack                    0
1            1  measurement_vial_1    main_8mL_rack               1     1.639729    True     open      8_mL    main_8mL_rack                    1
2            2  measurement_vial_2    main_8mL_rack               2     0.000000    True     open      8_mL    main_8mL_rack                    2
3            3  measurement_vial_3    main_8mL_rack               3     0.000000    True     open      8_mL    main_8mL_rack                    3
4            4  measurement_vial_4    main_8mL_rack               4     0.000000    True     open      8_mL    main_8mL_rack                    4
5            5  measurement_vial_5    main_8mL_rack               5     0.000000    True     open      8_mL    main_8mL_rack                    5
6            6  measurement_vial_6    main_8mL_rack               6     0.000000    True     open      8_mL    main_8mL_rack                    6
7            7  measurement_vial_7    main_8mL_rack               7     0.000000    True     open      8_mL    main_8mL_rack                    7
8            8  measurement_vial_8    main_8mL_rack               8     0.000000    True     open      8_mL    main_8mL_rack                    8
9            9  measurement_vial_9    main_8mL_rack               9     0.000000    True     open      8_mL    main_8mL_rack                    9
10          10       liquid_source   50mL_vial_rack               0     3.413538    True     open     50_mL   50mL_vial_rack                    0
11          11     liquid_source_0  large_vial_rack               2     7.674007    True     open     20_mL  large_vial_rack                    2
2025-10-24 11:07:48,707 - INFO - Visualizing vial racks...
2025-10-24 11:07:48,899 - DEBUG - Visualizing rack: Main Rack with filter: main_8mL_rack
2025-10-24 11:07:49,044 - DEBUG - Visualizing rack: Second Rack with filter: large_vial_rack
2025-10-24 11:07:58,864 - INFO - Vial measurement_vial_0 already at clamp index 0, no move needed
2025-10-24 11:07:58,865 - INFO - Vial management mode: legacy
2025-10-24 11:07:58,865 - INFO - Starting calibration experiment - liquid: glycerol, volumes: [0.1, 0.05, 0.025]
2025-10-24 11:07:58,865 - INFO - Configuration: seed=7, simulate=True
2025-10-24 11:07:58,869 - INFO - Dynamic cutoffs disabled: no historical data available
2025-10-24 11:07:58,873 - INFO - VOLUME 100uL: Accuracy-only calibration (no time constraints)
2025-10-24 11:07:58,873 - DEBUG - Selected small_tip for volume 0.100 mL
2025-10-24 11:07:59,226 - DEBUG - Selected small_tip for volume 0.110 mL
2025-10-24 11:07:59,226 - INFO - Getting small_tip (pipet number 38) from rack: small_tip_rack_1
2025-10-24 11:07:59,226 - INFO - Pipetting from vial liquid_source_0, amount: 0.11 mL
2025-10-24 11:07:59,226 - DEBUG - Adjusting pump 0 speed to 15
2025-10-24 11:07:59,226 - DEBUG - Aspirating 0.110 mL then waiting 22.48070776462555 s
2025-10-24 11:07:59,226 - DEBUG - Aspirating 0.036 mL then waiting 0 s
2025-10-24 11:07:59,226 - INFO - Pipetting into vial measurement_vial_0, amount: 0.11 mL
2025-10-24 11:07:59,226 - DEBUG - Adjusting pump 0 speed to 14
2025-10-24 11:07:59,237 - DEBUG - Dispensing 0.146 mL then waiting 5.529413223266602 s
2025-10-24 11:07:59,238 - DEBUG - Blowing out 0.153 mL
2025-10-24 11:07:59,238 - DEBUG - Adjusting pump 0 speed to 5
2025-10-24 11:07:59,239 - INFO - Removing pipet
2025-10-24 11:07:59,461 - DEBUG - Selected small_tip for volume 0.105 mL
2025-10-24 11:07:59,461 - INFO - Getting small_tip (pipet number 39) from rack: small_tip_rack_1
2025-10-24 11:07:59,474 - INFO - Pipetting from vial liquid_source_0, amount: 0.105 mL
2025-10-24 11:07:59,483 - DEBUG - Adjusting pump 0 speed to 35
2025-10-24 11:07:59,484 - DEBUG - Aspirating 0.105 mL then waiting 12.393135940656066 s
2025-10-24 11:07:59,485 - DEBUG - Aspirating 0.070 mL then waiting 0 s
2025-10-24 11:07:59,490 - INFO - Pipetting into vial measurement_vial_0, amount: 0.105 mL
2025-10-24 11:07:59,496 - DEBUG - Adjusting pump 0 speed to 25
2025-10-24 11:07:59,500 - DEBUG - Dispensing 0.175 mL then waiting 19.006759207695723 s
2025-10-24 11:07:59,501 - DEBUG - Blowing out 0.018 mL
2025-10-24 11:07:59,501 - DEBUG - Adjusting pump 0 speed to 5
2025-10-24 11:07:59,502 - INFO - Removing pipet
2025-10-24 11:07:59,757 - DEBUG - Selected small_tip for volume 0.101 mL
2025-10-24 11:07:59,758 - INFO - Getting small_tip (pipet number 40) from rack: small_tip_rack_1
2025-10-24 11:07:59,759 - INFO - Pipetting from vial liquid_source_0, amount: 0.101 mL
2025-10-24 11:07:59,761 - DEBUG - Adjusting pump 0 speed to 26
2025-10-24 11:07:59,761 - DEBUG - Aspirating 0.101 mL then waiting 28.394931005313993 s
2025-10-24 11:07:59,761 - DEBUG - Aspirating 0.021 mL then waiting 0 s
2025-10-24 11:07:59,762 - INFO - Pipetting into vial measurement_vial_0, amount: 0.101 mL
2025-10-24 11:07:59,763 - DEBUG - Adjusting pump 0 speed to 20
2025-10-24 11:07:59,764 - DEBUG - Dispensing 0.122 mL then waiting 12.44194284081459 s
2025-10-24 11:07:59,764 - DEBUG - Blowing out 0.056 mL
2025-10-24 11:07:59,764 - DEBUG - Adjusting pump 0 speed to 5
2025-10-24 11:07:59,764 - INFO - Removing pipet
2025-10-24 11:07:59,978 - DEBUG - Selected small_tip for volume 0.105 mL
2025-10-24 11:07:59,978 - INFO - Getting small_tip (pipet number 41) from rack: small_tip_rack_1
2025-10-24 11:07:59,979 - INFO - Pipetting from vial liquid_source_0, amount: 0.105 mL
2025-10-24 11:07:59,982 - DEBUG - Adjusting pump 0 speed to 19
2025-10-24 11:07:59,982 - DEBUG - Aspirating 0.105 mL then waiting 4.259606637060642 s
2025-10-24 11:07:59,982 - DEBUG - Aspirating 0.085 mL then waiting 0 s
2025-10-24 11:07:59,984 - INFO - Pipetting into vial measurement_vial_0, amount: 0.105 mL
2025-10-24 11:07:59,985 - DEBUG - Adjusting pump 0 speed to 31
2025-10-24 11:07:59,985 - DEBUG - Dispensing 0.190 mL then waiting 27.09417167119682 s
2025-10-24 11:07:59,986 - DEBUG - Blowing out 0.116 mL
2025-10-24 11:07:59,986 - DEBUG - Adjusting pump 0 speed to 5
2025-10-24 11:07:59,986 - INFO - Removing pipet
2025-10-24 11:08:00,208 - DEBUG - Selected small_tip for volume 0.102 mL
2025-10-24 11:08:00,208 - INFO - Getting small_tip (pipet number 42) from rack: small_tip_rack_1
2025-10-24 11:08:00,208 - INFO - Pipetting from vial liquid_source_0, amount: 0.102 mL
2025-10-24 11:08:00,208 - DEBUG - Adjusting pump 0 speed to 17
2025-10-24 11:08:00,208 - DEBUG - Aspirating 0.102 mL then waiting 8.865606626495719 s
2025-10-24 11:08:00,208 - DEBUG - Aspirating 0.010 mL then waiting 0 s
2025-10-24 11:08:00,208 - INFO - Pipetting into vial measurement_vial_0, amount: 0.102 mL
2025-10-24 11:08:00,217 - DEBUG - Adjusting pump 0 speed to 18
2025-10-24 11:08:00,217 - DEBUG - Dispensing 0.112 mL then waiting 25.507228514179587 s
2025-10-24 11:08:00,217 - DEBUG - Blowing out 0.179 mL
2025-10-24 11:08:00,218 - DEBUG - Adjusting pump 0 speed to 5
2025-10-24 11:08:00,218 - INFO - Removing pipet
2025-10-24 11:08:00,442 - DEBUG - Selected small_tip for volume 0.055 mL
2025-10-24 11:08:00,442 - INFO - Getting small_tip (pipet number 43) from rack: small_tip_rack_1
2025-10-24 11:08:00,444 - INFO - Pipetting from vial liquid_source_0, amount: 0.055 mL
2025-10-24 11:08:00,446 - DEBUG - Adjusting pump 0 speed to 19
2025-10-24 11:08:00,446 - DEBUG - Aspirating 0.055 mL then waiting 4.259606637060642 s
2025-10-24 11:08:00,446 - DEBUG - Aspirating 0.085 mL then waiting 0 s
2025-10-24 11:08:00,447 - INFO - Pipetting into vial measurement_vial_0, amount: 0.055 mL
2025-10-24 11:08:00,448 - DEBUG - Adjusting pump 0 speed to 31
2025-10-24 11:08:00,448 - DEBUG - Dispensing 0.140 mL then waiting 27.09417167119682 s
2025-10-24 11:08:00,449 - DEBUG - Blowing out 0.116 mL
2025-10-24 11:08:00,449 - DEBUG - Adjusting pump 0 speed to 5
2025-10-24 11:08:00,449 - INFO - Removing pipet
2025-10-24 11:08:00,667 - DEBUG - Selected small_tip for volume 0.030 mL
2025-10-24 11:08:00,668 - INFO - Getting small_tip (pipet number 44) from rack: small_tip_rack_1
2025-10-24 11:08:00,674 - INFO - Pipetting from vial liquid_source_0, amount: 0.03 mL
2025-10-24 11:08:00,682 - DEBUG - Adjusting pump 0 speed to 19
2025-10-24 11:08:00,682 - DEBUG - Aspirating 0.030 mL then waiting 4.259606637060642 s
2025-10-24 11:08:00,684 - DEBUG - Aspirating 0.085 mL then waiting 0 s
2025-10-24 11:08:00,690 - INFO - Pipetting into vial measurement_vial_0, amount: 0.03 mL
2025-10-24 11:08:00,694 - DEBUG - Adjusting pump 0 speed to 31
2025-10-24 11:08:00,696 - DEBUG - Dispensing 0.115 mL then waiting 27.09417167119682 s
2025-10-24 11:08:00,696 - DEBUG - Blowing out 0.116 mL
2025-10-24 11:08:00,696 - DEBUG - Adjusting pump 0 speed to 5
2025-10-24 11:08:00,698 - INFO - Removing pipet
2025-10-24 11:08:01,481 - DEBUG - Selected small_tip for volume 0.107 mL
2025-10-24 11:08:01,481 - INFO - Getting small_tip (pipet number 45) from rack: small_tip_rack_1
2025-10-24 11:08:01,487 - INFO - Pipetting from vial liquid_source_0, amount: 0.107 mL
2025-10-24 11:08:01,493 - DEBUG - Adjusting pump 0 speed to 23
2025-10-24 11:08:01,493 - DEBUG - Aspirating 0.107 mL then waiting 18.480767849832773 s
2025-10-24 11:08:01,494 - DEBUG - Aspirating 0.097 mL then waiting 0 s
2025-10-24 11:08:01,499 - INFO - Pipetting into vial measurement_vial_0, amount: 0.107 mL
2025-10-24 11:08:01,503 - DEBUG - Adjusting pump 0 speed to 34
2025-10-24 11:08:01,506 - DEBUG - Dispensing 0.204 mL then waiting 9.92737378925085 s
2025-10-24 11:08:01,506 - DEBUG - Blowing out 0.042 mL
2025-10-24 11:08:01,506 - DEBUG - Adjusting pump 0 speed to 5
2025-10-24 11:08:01,507 - INFO - Removing pipet
